<?xml version="1.0" encoding="utf-8"?><testsuites name="pytest tests"><testsuite name="pytest" errors="0" failures="1" skipped="0" tests="1" time="6.818" timestamp="2025-12-18T06:51:49.208100-05:00" hostname="paul-X870-AORUS-ELITE-WIFI7"><testcase classname="tests.build.test_hamilton_phase0.TestDriverFactory" name="test_driver_node_dependencies" time="0.087"><failure message="Failed: scip missing dependency on modules">@staticmethod
    def test_driver_node_dependencies() -&gt; None:
        """Verify DAG has correct dependency structure via function signatures."""
        runtime = build_driver()
        clear_support_module_cache()
        support_module = build_support_module(
            options=SupportGenerationOptions(
                include_target_stubs=True,
                include_dataset_nodes=False,
                include_loader_nodes=False,
                include_artifact_nodes=False,
            )
        )
    
        all_vars = runtime.dr.list_available_variables()
        var_by_name = {v.name: v for v in all_vars}
    
        if "t__modules" not in var_by_name:
            pytest.fail("t__modules not found in driver")
        if "t__scip" not in var_by_name:
            pytest.fail("t__scip not found in driver")
        if "t__goids" not in var_by_name:
            pytest.fail("t__goids not found in driver")
    
        modules_sig = inspect.signature(cast("Any", support_module.t__modules))
        modules_params = [p for p in modules_sig.parameters if p.startswith("t__")]
        if modules_params:
            pytest.fail(f"modules should have no target dependencies, got: {modules_params}")
    
        scip_sig = inspect.signature(cast("Any", support_module.t__scip))
        scip_params = list(scip_sig.parameters.keys())
        if "t__modules" not in scip_params:
&gt;           pytest.fail("scip missing dependency on modules")
E           Failed: scip missing dependency on modules

tests/build/test_hamilton_phase0.py:171: Failed</failure></testcase></testsuite></testsuites>