<?xml version="1.0" encoding="utf-8"?><testsuites name="pytest tests"><testsuite name="pytest" errors="0" failures="0" skipped="0" tests="32" time="14.902" timestamp="2025-12-17T21:56:55.833032-05:00" hostname="paul-X870-AORUS-ELITE-WIFI7"><testcase classname="tests.build.hamilton.test_coverage_targets" name="test_execution_result_failure" time="0.001" /><testcase classname="tests.build.hamilton.test_metrics_targets" name="test_execution_result_failure" time="0.001" /><testcase classname="tests.build.hamilton.test_coverage_targets" name="test_execution_result_success" time="0.002" /><testcase classname="tests.build.hamilton.test_coverage_targets" name="test_behavioral_coverage_materialize_failure" time="0.007" /><testcase classname="tests.build.hamilton.test_graph_targets" name="test_graph_validation_result_fatal_failure" time="0.001" /><testcase classname="tests.build.hamilton.test_metrics_targets" name="test_execution_result_success" time="0.001" /><testcase classname="tests.build.hamilton.test_metrics_targets" name="test_subsystem_graph_metrics_materialize_success" time="0.010" /><testcase classname="tests.build.hamilton.test_metrics_targets" name="test_symbol_graph_metrics_materialize_success" time="0.004" /><testcase classname="tests.build.hamilton.test_graph_targets" name="test_graph_metrics_materialize_success" time="0.009" /><testcase classname="tests.build.hamilton.test_metrics_targets" name="test_subsystem_agreement_materialize_success" time="0.008" /><testcase classname="tests.build.hamilton.test_graph_targets" name="test_symbol_uses_result_success" time="0.001" /><testcase classname="tests.build.hamilton.test_graph_targets" name="test_execution_result_success" time="0.001" /><testcase classname="tests.build.hamilton.test_graph_targets" name="test_symbol_uses_materialize_success" time="0.010" /><testcase classname="tests.build.hamilton.test_graph_targets" name="test_graph_validation_result_success" time="0.001" /><testcase classname="tests.build.hamilton.test_graph_targets" name="test_goids_materialize_success" time="0.010" /><testcase classname="tests.build.hamilton.test_graph_targets" name="test_goid_extract_result_success" time="0.001" /><testcase classname="tests.build.hamilton.test_coverage_targets" name="test_coverage_test_edges_materialize_failure" time="0.008" /><testcase classname="tests.build.hamilton.test_coverage_targets" name="test_coverage_test_edges_materialize_success" time="0.009" /><testcase classname="tests.build.hamilton.test_graph_targets" name="test_execution_result_failure" time="0.001" /><testcase classname="tests.build.hamilton.test_coverage_targets" name="test_behavioral_coverage_materialize_success" time="0.014" /><testcase classname="tests.build.hamilton.test_graph_targets" name="test_goids_materialize_failure" time="0.009" /><testcase classname="tests.build.hamilton.test_tag_guardrails" name="test_validate_graph_has_no_errors" time="0.121" /><testcase classname="tests.build.hamilton.test_graph_targets" name="test_goid_extract_result_failure" time="0.001" /><testcase classname="tests.build.hamilton.test_metrics_targets" name="test_subsystem_agreement_materialize_failure" time="0.008" /><testcase classname="tests.build.hamilton.test_graph_targets" name="test_graph_validation_materialize_failure" time="0.004" /><testcase classname="tests.build.hamilton.test_metrics_targets" name="test_symbol_graph_metrics_materialize_failure" time="0.009" /><testcase classname="tests.build.hamilton.test_graph_targets" name="test_symbol_uses_result_failure" time="0.001" /><testcase classname="tests.build.hamilton.test_graph_targets" name="test_graph_validation_materialize_success" time="0.011" /><testcase classname="tests.build.hamilton.test_graph_targets" name="test_graph_metrics_materialize_failure" time="0.008" /><testcase classname="tests.build.hamilton.test_metrics_targets" name="test_subsystem_graph_metrics_materialize_failure" time="0.008" /><testcase classname="tests.build.hamilton.test_graph_targets" name="test_graph_validation_result_with_errors" time="0.001" /><testcase classname="tests.build.hamilton.test_graph_targets" name="test_symbol_uses_materialize_failure" time="0.012" /></testsuite></testsuites>