<?xml version="1.0" encoding="utf-8"?><testsuites name="pytest tests"><testsuite name="pytest" errors="13" failures="52" skipped="0" tests="327" time="456.070" timestamp="2025-12-29T22:18:50.101356-05:00" hostname="MacBookPro"><testcase classname="tests.storage.datasets.test_arrow_store_stats" name="test_write_dataset_from_reader_populates_stats" time="26.559" /><testcase classname="tests.storage.manifests.test_manifest_io" name="test_manifest_hash_validation" time="27.077" /><testcase classname="tests.storage.repositories.test_dataflow" name="test_list_edges_filtered_by_both" time="47.476" /><testcase classname="tests.storage.repositories.test_functions" name="test_resolve_function_goid_returns_none_when_no_identifiers" time="20.963" /><testcase classname="tests.storage.repositories.test_dataflow" name="test_list_nodes_returns_nodes" time="47.670" /><testcase classname="tests.storage.repositories.test_dataflow" name="test_list_edges_filtered_by_src" time="47.781" /><testcase classname="tests.storage.repositories.test_functions" name="test_resolve_function_goid_passthrough" time="48.238" /><testcase classname="tests.storage.repositories.test_functions" name="test_get_function_summary_by_goid_returns_none_when_not_found" time="37.797"><failure message="_duckdb.BinderException: Binder Error: Referenced column &quot;function_goid_h128&quot; not found in FROM clause!&#10;Candidate bindings: &quot;NULL&quot;">fresh_gateway = DuckDBGateway(config=StorageConfig(db_path=PosixPath(':memory:'), read_only=False, apply_schema=True, ensure_views=Tru...ject at 0x130a855f0&gt;), schemas=&lt;codeintel.storage.tracking.schema_catalog.SchemaCatalogTracking object at 0x12e635e50&gt;)

    def test_get_function_summary_by_goid_returns_none_when_not_found(
        fresh_gateway: StorageGateway,
    ) -&gt; None:
        """Verify get_function_summary_by_goid returns None when no match."""
        repo = FunctionRepository(
            gateway=fresh_gateway,
            repo="test/repo",
            commit="abc123",
        )
    
&gt;       result = repo.get_function_summary_by_goid(99999)
                 ^^^^^^^^^^^^^^^^^^^^^^^^^^^^^^^^^^^^^^^^

tests/storage/repositories/test_functions.py:74: 
_ _ _ _ _ _ _ _ _ _ _ _ _ _ _ _ _ _ _ _ _ _ _ _ _ _ _ _ _ 

self = FunctionRepository(gateway=DuckDBGateway(config=StorageConfig(db_path=PosixPath(':memory:'), read_only=False, apply_sc...intel.storage.tracking.schema_catalog.SchemaCatalogTracking object at 0x12e635e50&gt;), repo='test/repo', commit='abc123')
goid_h128 = 99999

    def get_function_summary_by_goid(self, goid_h128: int) -&gt; RowDict | None:
        """
        Fetch a function summary row by GOID.
    
        Parameters
        ----------
        goid_h128
            Function GOID to look up.
    
        Returns
        -------
        RowDict | None
            Summary row when found, otherwise ``None``.
        """
        relation = self._relation("docs.v_function_summary")
&gt;       relation = relation.filter(self._predicate_eq("function_goid_h128", goid_h128)).limit(1)
                   ^^^^^^^^^^^^^^^^^^^^^^^^^^^^^^^^^^^^^^^^^^^^^^^^^^^^^^^^^^^^^^^^^^^^
E       _duckdb.BinderException: Binder Error: Referenced column "function_goid_h128" not found in FROM clause!
E       Candidate bindings: "NULL"

src/codeintel/storage/repositories/functions.py:131: BinderException</failure></testcase><testcase classname="tests.storage.repositories.test_dataflow" name="test_list_nodes_includes_expected_columns" time="48.683" /><testcase classname="tests.storage.repositories.test_dataflow" name="test_list_edges_returns_edges" time="48.778" /><testcase classname="tests.storage.repositories.test_dataflow" name="test_list_edges_filtered_by_dst" time="49.104" /><testcase classname="tests.storage.repositories.test_dataflow" name="test_list_edges_returns_empty_when_no_match" time="49.222" /><testcase classname="tests.storage.repositories.test_functions" name="test_list_function_summaries_for_file_returns_empty_when_no_match" time="34.447"><failure message="_duckdb.BinderException: Binder Error: Referenced column &quot;rel_path&quot; not found in FROM clause!&#10;Candidate bindings: &quot;NULL&quot;">fresh_gateway = DuckDBGateway(config=StorageConfig(db_path=PosixPath(':memory:'), read_only=False, apply_schema=True, ensure_views=Tru...ject at 0x12f35cbf0&gt;), schemas=&lt;codeintel.storage.tracking.schema_catalog.SchemaCatalogTracking object at 0x12e7835c0&gt;)

    def test_list_function_summaries_for_file_returns_empty_when_no_match(
        fresh_gateway: StorageGateway,
    ) -&gt; None:
        """Verify list_function_summaries_for_file returns empty list when no match."""
        repo = FunctionRepository(
            gateway=fresh_gateway,
            repo="test/repo",
            commit="abc123",
        )
    
&gt;       result = repo.list_function_summaries_for_file("nonexistent.py")
                 ^^^^^^^^^^^^^^^^^^^^^^^^^^^^^^^^^^^^^^^^^^^^^^^^^^^^^^^

tests/storage/repositories/test_functions.py:89: 
_ _ _ _ _ _ _ _ _ _ _ _ _ _ _ _ _ _ _ _ _ _ _ _ _ _ _ _ _ 

self = FunctionRepository(gateway=DuckDBGateway(config=StorageConfig(db_path=PosixPath(':memory:'), read_only=False, apply_sc...intel.storage.tracking.schema_catalog.SchemaCatalogTracking object at 0x12e7835c0&gt;), repo='test/repo', commit='abc123')
rel_path = 'nonexistent.py'

    def list_function_summaries_for_file(self, rel_path: str) -&gt; list[RowDict]:
        """
        List function summaries for a specific file.
    
        Parameters
        ----------
        rel_path
            Relative file path.
    
        Returns
        -------
        list[RowDict]
            Function summary rows ordered by qualname.
        """
        relation = self._relation("docs.v_function_summary")
&gt;       relation = relation.filter(self._predicate_eq("rel_path", rel_path))
                   ^^^^^^^^^^^^^^^^^^^^^^^^^^^^^^^^^^^^^^^^^^^^^^^^^^^^^^^^^
E       _duckdb.BinderException: Binder Error: Referenced column "rel_path" not found in FROM clause!
E       Candidate bindings: "NULL"

src/codeintel/storage/repositories/functions.py:150: BinderException</failure></testcase><testcase classname="tests.storage.repositories.test_functions" name="test_get_function_profile_returns_row" time="20.037"><failure message="AssertionError: Expected function profile row to exist.">metrics_ctx = TestContext(snapshot=SnapshotRef(repo='demo/repo', commit='deadbeef', repo_root=PosixPath('/private/var/folders/70/h2n...deintel_logs.duckdb')), seeds_applied={'function_types', 'metrics', 'core'}, extra={}, coverage_file=None, runner=None)

    def test_get_function_profile_returns_row(metrics_ctx: TestContext) -&gt; None:
        """Verify get_function_profile returns row when found."""
        warehouse = Warehouse(metrics_ctx.gateway)
        warehouse.materialize_mappings(
            "analytics.function_profile",
            [
                function_profile_row(
                    goid=Decimal(1),
                    qualname="test_fn",
                    rel_path="test.py",
                    repo=metrics_ctx.repo,
                    commit=metrics_ctx.commit,
                    doc_short="Test function",
                )
            ],
        )
    
        repo = FunctionRepository(
            gateway=metrics_ctx.gateway,
            repo=metrics_ctx.repo,
            commit=metrics_ctx.commit,
        )
    
        result = repo.get_function_profile(1)
    
&gt;       expect_is_not_none(result, message="Expected function profile row to exist.")

tests/storage/repositories/test_functions.py:270: 
_ _ _ _ _ _ _ _ _ _ _ _ _ _ _ _ _ _ _ _ _ _ _ _ _ _ _ _ _ 

value = None

    def expect_is_not_none[T](
        value: T | None, *, label: str | None = None, message: str | None = None
    ) -&gt; T:
        """Raise AssertionError when value is None and return the unwrapped value.
    
        Returns
        -------
        T
            The provided ``value`` when it is not ``None``.
    
        Raises
        ------
        AssertionError
            If ``value`` is ``None``.
        """
        if value is None:
            failure_message = message or f"{_prefix(label)}unexpected None value"
&gt;           raise AssertionError(failure_message)
E           AssertionError: Expected function profile row to exist.

tests/_helpers/assertions/expectation_assertions.py:263: AssertionError</failure></testcase><testcase classname="tests.storage.repositories.test_functions" name="test_list_high_risk_functions_with_tested_only_filter" time="19.790"><failure message="AssertionError: tested_only should include tested functions">metrics_ctx = TestContext(snapshot=SnapshotRef(repo='demo/repo', commit='deadbeef', repo_root=PosixPath('/private/var/folders/70/h2n...deintel_logs.duckdb')), seeds_applied={'metrics', 'core', 'function_types'}, extra={}, coverage_file=None, runner=None)

    def test_list_high_risk_functions_with_tested_only_filter(
        metrics_ctx: TestContext,
    ) -&gt; None:
        """Verify list_high_risk_functions applies tested_only filter."""
        untested_goid = 999_001
        insert_rows(
            metrics_ctx.gateway,
            [
                function_metrics_row(
                    goid=untested_goid,
                    rel_path="test.py",
                    qualname="untested_fn",
                    snapshot=(metrics_ctx.repo, metrics_ctx.commit),
                    metrics={"complexity_bucket": "high", "cyclomatic_complexity": 5},
                )
            ],
        )
        warehouse = Warehouse(metrics_ctx.gateway)
        warehouse.materialize_mappings(
            table_key="analytics.function_profile",
            rows=[
                function_profile_row(
                    goid=Decimal(untested_goid),
                    repo=metrics_ctx.repo,
                    commit=metrics_ctx.commit,
                    rel_path="test.py",
                    qualname="untested_fn",
                    tested=False,
                    risk_score=9.0,
                    risk_level="high",
                ),
                function_profile_row(
                    goid=Decimal(untested_goid + 1),
                    repo=metrics_ctx.repo,
                    commit=metrics_ctx.commit,
                    rel_path="test.py",
                    qualname="tested_fn",
                    tested=True,
                    risk_score=5.0,
                    risk_level="medium",
                ),
            ],
        )
    
        repo = FunctionRepository(
            gateway=metrics_ctx.gateway,
            repo=metrics_ctx.repo,
            commit=metrics_ctx.commit,
        )
    
        tested_only_result = repo.list_high_risk_functions(min_risk=0.0, limit=10, tested_only=True)
        all_result = repo.list_high_risk_functions(min_risk=0.0, limit=10, tested_only=False)
    
&gt;       expect_true(
            any(bool(row.get("tested")) for row in tested_only_result),
            message="tested_only should include tested functions",
        )

tests/storage/repositories/test_functions.py:214: 
_ _ _ _ _ _ _ _ _ _ _ _ _ _ _ _ _ _ _ _ _ _ _ _ _ _ _ _ _ 

condition = False

    def expect_true(condition: object, *, message: str | None = None) -&gt; None:
        """Raise AssertionError when a boolean condition is not satisfied.
    
        Parameters
        ----------
        condition
            Value that must evaluate to True.
        message
            Optional override for the assertion message.
    
        Raises
        ------
        AssertionError
            If the condition evaluates to False.
        """
        if not condition:
&gt;           raise AssertionError(message or "Expected condition to be True.")
E           AssertionError: tested_only should include tested functions

tests/_helpers/assertions/expectation_assertions.py:41: AssertionError</failure></testcase><testcase classname="tests.storage.repositories.test_functions" name="test_list_function_goids_returns_empty_when_no_data" time="34.719"><failure message="_duckdb.BinderException: Binder Error: Referenced column &quot;function_goid_h128&quot; not found in FROM clause!&#10;Candidate bindings: &quot;NULL&quot;">fresh_gateway = DuckDBGateway(config=StorageConfig(db_path=PosixPath(':memory:'), read_only=False, apply_schema=True, ensure_views=Tru...ject at 0x12f5fe7f0&gt;), schemas=&lt;codeintel.storage.tracking.schema_catalog.SchemaCatalogTracking object at 0x12e1d3360&gt;)

    def test_list_function_goids_returns_empty_when_no_data(
        fresh_gateway: StorageGateway,
    ) -&gt; None:
        """Verify list_function_goids returns empty list when no functions."""
        repo = FunctionRepository(
            gateway=fresh_gateway,
            repo="test/repo",
            commit="abc123",
        )
    
&gt;       result = repo.list_function_goids()
                 ^^^^^^^^^^^^^^^^^^^^^^^^^^

tests/storage/repositories/test_functions.py:300: 
_ _ _ _ _ _ _ _ _ _ _ _ _ _ _ _ _ _ _ _ _ _ _ _ _ _ _ _ _ 

self = FunctionRepository(gateway=DuckDBGateway(config=StorageConfig(db_path=PosixPath(':memory:'), read_only=False, apply_sc...intel.storage.tracking.schema_catalog.SchemaCatalogTracking object at 0x12e1d3360&gt;), repo='test/repo', commit='abc123')

    def list_function_goids(self) -&gt; list[int]:
        """
        Return all function GOIDs for the repo/commit.
    
        Returns
        -------
        list[int]
            Function GOIDs present in the snapshot.
        """
&gt;       relation = self._relation("docs.v_function_summary").select("function_goid_h128")
                   ^^^^^^^^^^^^^^^^^^^^^^^^^^^^^^^^^^^^^^^^^^^^^^^^^^^^^^^^^^^^^^^^^^^^^^
E       _duckdb.BinderException: Binder Error: Referenced column "function_goid_h128" not found in FROM clause!
E       Candidate bindings: "NULL"

src/codeintel/storage/repositories/functions.py:275: BinderException</failure></testcase><testcase classname="tests.storage.repositories.test_functions" name="test_get_function_architecture_returns_none_when_not_found" time="34.673"><failure message="_duckdb.BinderException: Binder Error: Referenced column &quot;function_goid_h128&quot; not found in FROM clause!&#10;Candidate bindings: &quot;NULL&quot;">fresh_gateway = DuckDBGateway(config=StorageConfig(db_path=PosixPath(':memory:'), read_only=False, apply_schema=True, ensure_views=Tru...ject at 0x171e60fb0&gt;), schemas=&lt;codeintel.storage.tracking.schema_catalog.SchemaCatalogTracking object at 0x16bfdb6f0&gt;)

    def test_get_function_architecture_returns_none_when_not_found(
        fresh_gateway: StorageGateway,
    ) -&gt; None:
        """Verify get_function_architecture returns None when no match."""
        repo = FunctionRepository(
            gateway=fresh_gateway,
            repo="test/repo",
            commit="abc123",
        )
    
&gt;       result = repo.get_function_architecture(99999)
                 ^^^^^^^^^^^^^^^^^^^^^^^^^^^^^^^^^^^^^

tests/storage/repositories/test_functions.py:285: 
_ _ _ _ _ _ _ _ _ _ _ _ _ _ _ _ _ _ _ _ _ _ _ _ _ _ _ _ _ 

self = FunctionRepository(gateway=DuckDBGateway(config=StorageConfig(db_path=PosixPath(':memory:'), read_only=False, apply_sc...intel.storage.tracking.schema_catalog.SchemaCatalogTracking object at 0x16bfdb6f0&gt;), repo='test/repo', commit='abc123')
goid_h128 = 99999

    def get_function_architecture(self, goid_h128: int) -&gt; RowDict | None:
        """
        Fetch function architecture metrics by GOID.
    
        Parameters
        ----------
        goid_h128
            Function GOID to look up.
    
        Returns
        -------
        RowDict | None
            Architecture row when present.
        """
        relation = self._relation("docs.v_function_architecture")
&gt;       relation = relation.filter(self._predicate_eq("function_goid_h128", goid_h128)).limit(1)
                   ^^^^^^^^^^^^^^^^^^^^^^^^^^^^^^^^^^^^^^^^^^^^^^^^^^^^^^^^^^^^^^^^^^^^
E       _duckdb.BinderException: Binder Error: Referenced column "function_goid_h128" not found in FROM clause!
E       Candidate bindings: "NULL"

src/codeintel/storage/repositories/functions.py:262: BinderException</failure></testcase><testcase classname="tests.storage.repositories.test_functions" name="test_list_high_risk_functions_returns_empty_when_no_match" time="20.004" /><testcase classname="tests.storage.repositories.test_functions" name="test_get_function_profile_returns_none_when_not_found" time="19.839" /><testcase classname="tests.storage.repositories.test_functions" name="test_list_function_validation_filters_by_goid" time="20.331"><failure message="AssertionError: expected 2, got 0">metrics_ctx = TestContext(snapshot=SnapshotRef(repo='demo/repo', commit='deadbeef', repo_root=PosixPath('/private/var/folders/70/h2n...deintel_logs.duckdb')), seeds_applied={'metrics', 'core', 'function_types'}, extra={}, coverage_file=None, runner=None)

    def test_list_function_validation_filters_by_goid(metrics_ctx: TestContext) -&gt; None:
        """Verify list_function_validation filters by GOID and orders by newest first."""
        rows = [
            FunctionValidationRow(
                repo=metrics_ctx.repo,
                commit=metrics_ctx.commit,
                function_goid_h128=VALIDATION_GOID_ALPHA,
                rel_path="src/alpha.py",
                qualname="alpha",
                issue="parse_failed",
                detail="old",
                created_at=datetime(2024, 1, 1, tzinfo=UTC),
            ),
            FunctionValidationRow(
                repo=metrics_ctx.repo,
                commit=metrics_ctx.commit,
                function_goid_h128=VALIDATION_GOID_ALPHA,
                rel_path="src/alpha.py",
                qualname="alpha",
                issue="span_not_found",
                detail="new",
                created_at=datetime(2024, 1, 2, tzinfo=UTC),
            ),
            FunctionValidationRow(
                repo=metrics_ctx.repo,
                commit=metrics_ctx.commit,
                function_goid_h128=VALIDATION_GOID_BETA,
                rel_path="src/beta.py",
                qualname="beta",
                issue="unknown_function",
                detail="other",
                created_at=datetime(2024, 1, 3, tzinfo=UTC),
            ),
        ]
        insert_rows(metrics_ctx.gateway, rows)
    
        repo = FunctionRepository(
            gateway=metrics_ctx.gateway,
            repo=metrics_ctx.repo,
            commit=metrics_ctx.commit,
        )
    
        results = repo.list_function_validation(goid_h128=VALIDATION_GOID_ALPHA)
    
&gt;       expect_equal(len(results), 2)

tests/storage/repositories/test_functions.py:138: 
_ _ _ _ _ _ _ _ _ _ _ _ _ _ _ _ _ _ _ _ _ _ _ _ _ _ _ _ _ 

actual = 0, expected = 2

    def expect_equal(actual: object, expected: object, *, label: str | None = None) -&gt; None:
        """Raise AssertionError when two values differ.
    
        Parameters
        ----------
        actual
            Observed value.
        expected
            Expected value to compare against.
        label
            Optional label prefix for the failure message.
    
        Raises
        ------
        AssertionError
            If the values are not equal.
        """
        if actual != expected:
            failure_message = f"{_prefix(label)}expected {expected!r}, got {actual!r}"
&gt;           raise AssertionError(failure_message)
E           AssertionError: expected 2, got 0

tests/_helpers/assertions/expectation_assertions.py:75: AssertionError</failure></testcase><testcase classname="tests.storage.repositories.test_functions" name="test_function_repository_with_docs_export" time="21.705"><failure message="AssertionError: unexpected None value">docs_export_gateway = ProvisionedGateway(repo='demo/repo', commit='deadbeef', repo_root=PosixPath('/private/var/folders/70/h2nd1qjs1zngp8z6t...ng object at 0x12c9e0510&gt;), runner=&lt;codeintel.ingestion.engine.infrastructure.runner.ToolRunner object at 0x12ce6ed50&gt;)

    def test_function_repository_with_docs_export(
        docs_export_gateway: TestContext,
    ) -&gt; None:
        """Verify FunctionRepository works with full docs export gateway."""
        repo = FunctionRepository(
            gateway=docs_export_gateway.gateway,
            repo=docs_export_gateway.repo,
            commit=docs_export_gateway.commit,
        )
    
&gt;       goid = expect_is_not_none(repo.resolve_function_goid(urn="urn:foo"))
               ^^^^^^^^^^^^^^^^^^^^^^^^^^^^^^^^^^^^^^^^^^^^^^^^^^^^^^^^^^^^^

tests/storage/repositories/test_functions.py:315: 
_ _ _ _ _ _ _ _ _ _ _ _ _ _ _ _ _ _ _ _ _ _ _ _ _ _ _ _ _ 

value = None

    def expect_is_not_none[T](
        value: T | None, *, label: str | None = None, message: str | None = None
    ) -&gt; T:
        """Raise AssertionError when value is None and return the unwrapped value.
    
        Returns
        -------
        T
            The provided ``value`` when it is not ``None``.
    
        Raises
        ------
        AssertionError
            If ``value`` is ``None``.
        """
        if value is None:
            failure_message = message or f"{_prefix(label)}unexpected None value"
&gt;           raise AssertionError(failure_message)
E           AssertionError: unexpected None value

tests/_helpers/assertions/expectation_assertions.py:263: AssertionError</failure></testcase><testcase classname="tests.storage.repositories.test_modules" name="test_list_modules_returns_sorted_list" time="18.973" /><testcase classname="tests.storage.repositories.test_modules" name="test_list_modules_returns_empty_for_no_data" time="18.272" /><testcase classname="tests.storage.repositories.test_repositories" name="test_missing_docs_view_returns_empty_and_warns" time="17.025"><failure message="codeintel.storage.validation.columnar.TableValidationError: Validation failed for docs.v_function_summary: Missing columns: function_goid_h128, urn, repo, commit, rel_path, language, kind, qualname, loc, logical_loc, cyclomatic_complexity, complexity_bucket, param_count, positional_params, keyword_only_params, has_varargs, has_varkw, is_async, is_generator, return_count, yield_count, raise_count, typedness_bucket, typedness_source, hotspot_score, file_typed_ratio, static_error_count, has_static_errors, executable_lines, covered_lines, coverage_ratio, tested, test_count, failing_test_count, last_test_status, risk_score, risk_level, tags, owners, created_at; Unexpected columns: NULL">caplog = &lt;_pytest.logging.LogCaptureFixture object at 0x12c04b230&gt;

    def test_missing_docs_view_returns_empty_and_warns(
        caplog: pytest.LogCaptureFixture,
    ) -&gt; None:
        """Missing docs views should yield empty results with a warning."""
        gateway = GatewayFactory().without_schema().without_views().relaxed().open()
        try:
            repo = DatasetReadRepository(gateway, repo="demo/repo", commit="deadbeef")
            with caplog.at_level(logging.WARNING):
&gt;               rows = repo.read_dataset_rows("docs.v_function_summary", limit=5, offset=0)
                       ^^^^^^^^^^^^^^^^^^^^^^^^^^^^^^^^^^^^^^^^^^^^^^^^^^^^^^^^^^^^^^^^^^^^

tests/storage/repositories/test_repositories.py:314: 
_ _ _ _ _ _ _ _ _ _ _ _ _ _ _ _ _ _ _ _ _ _ _ _ _ _ _ _ _ 
src/codeintel/storage/repositories/datasets.py:85: in read_dataset_rows
    return self._relation_to_dicts(relation, table_key)
           ^^^^^^^^^^^^^^^^^^^^^^^^^^^^^^^^^^^^^^^^^^^^
src/codeintel/storage/repositories/base.py:148: in _relation_to_dicts
    reader = self._relation_to_reader(relation, table_key=table_key)
             ^^^^^^^^^^^^^^^^^^^^^^^^^^^^^^^^^^^^^^^^^^^^^^^^^^^^^^^
src/codeintel/storage/repositories/base.py:232: in _relation_to_reader
    return validate_record_batch_reader(table_key, reader, table_schema=table_schema)
           ^^^^^^^^^^^^^^^^^^^^^^^^^^^^^^^^^^^^^^^^^^^^^^^^^^^^^^^^^^^^^^^^^^^^^^^^^^
src/codeintel/storage/validation/columnar.py:369: in validate_record_batch_reader
    _handle_errors(table_key, errors, mode)
_ _ _ _ _ _ _ _ _ _ _ _ _ _ _ _ _ _ _ _ _ _ _ _ _ _ _ _ _ 

table_key = 'docs.v_function_summary'
errors = ['Missing columns: function_goid_h128, urn, repo, commit, rel_path, language, kind, qualname, loc, logical_loc, cyclom...t, failing_test_count, last_test_status, risk_score, risk_level, tags, owners, created_at', 'Unexpected columns: NULL']
mode = 'strict'

    def _handle_errors(table_key: str, errors: list[str], mode: ValidationMode) -&gt; None:
        if not errors or mode == "skip":
            return
        if mode == "warn":
            for error in errors:
                LOG.warning("Validation warning for %s: %s", table_key, error)
            return
&gt;       raise TableValidationError(table_key, errors)
E       codeintel.storage.validation.columnar.TableValidationError: Validation failed for docs.v_function_summary: Missing columns: function_goid_h128, urn, repo, commit, rel_path, language, kind, qualname, loc, logical_loc, cyclomatic_complexity, complexity_bucket, param_count, positional_params, keyword_only_params, has_varargs, has_varkw, is_async, is_generator, return_count, yield_count, raise_count, typedness_bucket, typedness_source, hotspot_score, file_typed_ratio, static_error_count, has_static_errors, executable_lines, covered_lines, coverage_ratio, tested, test_count, failing_test_count, last_test_status, risk_score, risk_level, tags, owners, created_at; Unexpected columns: NULL

src/codeintel/storage/validation/columnar.py:291: TableValidationError</failure></testcase><testcase classname="tests.storage.repositories.test_modules" name="test_get_module_profile_returns_none_when_not_found" time="19.097" /><testcase classname="tests.storage.repositories.test_modules" name="test_get_file_hints_returns_empty_when_not_found" time="34.796"><failure message="_duckdb.BinderException: Binder Error: Referenced column &quot;rel_path&quot; not found in FROM clause!&#10;Candidate bindings: &quot;NULL&quot;">test_ctx = TestContext(snapshot=SnapshotRef(repo='demo/repo', commit='deadbeef', repo_root=PosixPath('/private/var/folders/70/h2n...le_hints_returns_em0/build/db/codeintel_logs.duckdb')), seeds_applied=set(), extra={}, coverage_file=None, runner=None)

    def test_get_file_hints_returns_empty_when_not_found(
        test_ctx: TestContext,
    ) -&gt; None:
        """Verify get_file_hints returns empty list when no hints found."""
        repo = _repo(test_ctx)
    
&gt;       result = repo.get_file_hints("nonexistent.py")
                 ^^^^^^^^^^^^^^^^^^^^^^^^^^^^^^^^^^^^^

tests/storage/repositories/test_modules.py:127: 
_ _ _ _ _ _ _ _ _ _ _ _ _ _ _ _ _ _ _ _ _ _ _ _ _ _ _ _ _ 

self = ModuleRepository(gateway=DuckDBGateway(config=StorageConfig(db_path=PosixPath(':memory:'), read_only=False, apply_sche...tel.storage.tracking.schema_catalog.SchemaCatalogTracking object at 0x12a7d1220&gt;), repo='demo/repo', commit='deadbeef')
rel_path = 'nonexistent.py'

    def get_file_hints(self, rel_path: str) -&gt; list[RowDict]:
        """
        Return IDE hints for a given file path.
    
        Parameters
        ----------
        rel_path
            Relative file path.
    
        Returns
        -------
        list[RowDict]
            Hint rows for the requested file.
        """
        relation = self._relation("docs.v_ide_hints")
&gt;       relation = relation.filter(self._predicate_eq("rel_path", rel_path))
                   ^^^^^^^^^^^^^^^^^^^^^^^^^^^^^^^^^^^^^^^^^^^^^^^^^^^^^^^^^
E       _duckdb.BinderException: Binder Error: Referenced column "rel_path" not found in FROM clause!
E       Candidate bindings: "NULL"

src/codeintel/storage/repositories/modules.py:118: BinderException</failure></testcase><testcase classname="tests.storage.repositories.test_modules" name="test_get_file_summary_returns_none_when_not_found" time="35.136"><failure message="_duckdb.BinderException: Binder Error: Referenced column &quot;rel_path&quot; not found in FROM clause!&#10;Candidate bindings: &quot;NULL&quot;">test_ctx = TestContext(snapshot=SnapshotRef(repo='demo/repo', commit='deadbeef', repo_root=PosixPath('/private/var/folders/70/h2n...le_summary_returns_0/build/db/codeintel_logs.duckdb')), seeds_applied=set(), extra={}, coverage_file=None, runner=None)

    def test_get_file_summary_returns_none_when_not_found(
        test_ctx: TestContext,
    ) -&gt; None:
        """Verify get_file_summary returns None when file not found."""
        repo = _repo(test_ctx)
    
&gt;       result = repo.get_file_summary("nonexistent.py")
                 ^^^^^^^^^^^^^^^^^^^^^^^^^^^^^^^^^^^^^^^

tests/storage/repositories/test_modules.py:83: 
_ _ _ _ _ _ _ _ _ _ _ _ _ _ _ _ _ _ _ _ _ _ _ _ _ _ _ _ _ 

self = ModuleRepository(gateway=DuckDBGateway(config=StorageConfig(db_path=PosixPath(':memory:'), read_only=False, apply_sche...tel.storage.tracking.schema_catalog.SchemaCatalogTracking object at 0x12c9e1810&gt;), repo='demo/repo', commit='deadbeef')
rel_path = 'nonexistent.py'

    def get_file_summary(self, rel_path: str) -&gt; RowDict | None:
        """
        Return file summary row for a relative path.
    
        Parameters
        ----------
        rel_path
            Relative file path.
    
        Returns
        -------
        RowDict | None
            File summary row when present.
        """
        relation = self._relation("docs.v_file_summary")
&gt;       relation = relation.filter(self._predicate_eq("rel_path", rel_path)).limit(1)
                   ^^^^^^^^^^^^^^^^^^^^^^^^^^^^^^^^^^^^^^^^^^^^^^^^^^^^^^^^^
E       _duckdb.BinderException: Binder Error: Referenced column "rel_path" not found in FROM clause!
E       Candidate bindings: "NULL"

src/codeintel/storage/repositories/modules.py:46: BinderException</failure></testcase><testcase classname="tests.storage.repositories.test_repositories" name="test_function_repository_reads" time="20.165"><failure message="AssertionError: resolve_function_goid should return goid">docs_export_gateway = ProvisionedGateway(repo='demo/repo', commit='deadbeef', repo_root=PosixPath('/private/var/folders/70/h2nd1qjs1zngp8z6t...ng object at 0x12f734b00&gt;), runner=&lt;codeintel.ingestion.engine.infrastructure.runner.ToolRunner object at 0x12c0991d0&gt;)

    def test_function_repository_reads(docs_export_gateway: TestContext) -&gt; None:
        """Function repository should resolve GOIDs and surface summaries."""
        functions, _, tests_repo, graphs, _, datasets = _repos(docs_export_gateway)
    
&gt;       goid = _require_function_goid(functions)
               ^^^^^^^^^^^^^^^^^^^^^^^^^^^^^^^^^

tests/storage/repositories/test_repositories.py:182: 
_ _ _ _ _ _ _ _ _ _ _ _ _ _ _ _ _ _ _ _ _ _ _ _ _ _ _ _ _ 

functions = FunctionRepository(gateway=DuckDBGateway(config=StorageConfig(db_path=PosixPath(':memory:'), read_only=False, apply_sc...tel.storage.tracking.schema_catalog.SchemaCatalogTracking object at 0x12f734b00&gt;), repo='demo/repo', commit='deadbeef')

    def _require_function_goid(functions: FunctionRepository) -&gt; int:
        goid = functions.resolve_function_goid(urn="urn:foo")
        if goid is None:
            message = "resolve_function_goid should return goid"
&gt;           raise AssertionError(message)
E           AssertionError: resolve_function_goid should return goid

tests/storage/repositories/test_repositories.py:116: AssertionError</failure></testcase><testcase classname="tests.storage.repositories.test_repositories" name="test_module_repository_reads" time="36.780"><failure message="_duckdb.BinderException: Binder Error: Referenced column &quot;rel_path&quot; not found in FROM clause!&#10;Candidate bindings: &quot;NULL&quot;">docs_export_gateway = ProvisionedGateway(repo='demo/repo', commit='deadbeef', repo_root=PosixPath('/private/var/folders/70/h2nd1qjs1zngp8z6t...ng object at 0x131ef4b00&gt;), runner=&lt;codeintel.ingestion.engine.infrastructure.runner.ToolRunner object at 0x12f3e91d0&gt;)

    def test_module_repository_reads(docs_export_gateway: TestContext) -&gt; None:
        """
        Module repository should surface file metadata and IDE hints.
    
        Raises
        ------
        AssertionError
            If expected summary rows are missing.
        """
        _, modules, _, _, _, _ = _repos(docs_export_gateway)
    
&gt;       summary = modules.get_file_summary("foo.py")
                  ^^^^^^^^^^^^^^^^^^^^^^^^^^^^^^^^^^

tests/storage/repositories/test_repositories.py:200: 
_ _ _ _ _ _ _ _ _ _ _ _ _ _ _ _ _ _ _ _ _ _ _ _ _ _ _ _ _ 

self = ModuleRepository(gateway=DuckDBGateway(config=StorageConfig(db_path=PosixPath(':memory:'), read_only=False, apply_sche...tel.storage.tracking.schema_catalog.SchemaCatalogTracking object at 0x131ef4b00&gt;), repo='demo/repo', commit='deadbeef')
rel_path = 'foo.py'

    def get_file_summary(self, rel_path: str) -&gt; RowDict | None:
        """
        Return file summary row for a relative path.
    
        Parameters
        ----------
        rel_path
            Relative file path.
    
        Returns
        -------
        RowDict | None
            File summary row when present.
        """
        relation = self._relation("docs.v_file_summary")
&gt;       relation = relation.filter(self._predicate_eq("rel_path", rel_path)).limit(1)
                   ^^^^^^^^^^^^^^^^^^^^^^^^^^^^^^^^^^^^^^^^^^^^^^^^^^^^^^^^^
E       _duckdb.BinderException: Binder Error: Referenced column "rel_path" not found in FROM clause!
E       Candidate bindings: "NULL"

src/codeintel/storage/repositories/modules.py:46: BinderException</failure></testcase><testcase classname="tests.storage.repositories.test_modules" name="test_get_module_architecture_returns_none_when_not_found" time="36.797"><failure message="_duckdb.BinderException: Binder Error: Referenced column &quot;module&quot; not found in FROM clause!&#10;Candidate bindings: &quot;NULL&quot;">test_ctx = TestContext(snapshot=SnapshotRef(repo='demo/repo', commit='deadbeef', repo_root=PosixPath('/private/var/folders/70/h2n...dule_architecture_r0/build/db/codeintel_logs.duckdb')), seeds_applied=set(), extra={}, coverage_file=None, runner=None)

    def test_get_module_architecture_returns_none_when_not_found(
        test_ctx: TestContext,
    ) -&gt; None:
        """Verify get_module_architecture returns None when module not found."""
        repo = _repo(test_ctx)
    
&gt;       result = repo.get_module_architecture("nonexistent_module")
                 ^^^^^^^^^^^^^^^^^^^^^^^^^^^^^^^^^^^^^^^^^^^^^^^^^^

tests/storage/repositories/test_modules.py:94: 
_ _ _ _ _ _ _ _ _ _ _ _ _ _ _ _ _ _ _ _ _ _ _ _ _ _ _ _ _ 

self = ModuleRepository(gateway=DuckDBGateway(config=StorageConfig(db_path=PosixPath(':memory:'), read_only=False, apply_sche...tel.storage.tracking.schema_catalog.SchemaCatalogTracking object at 0x130d988a0&gt;), repo='demo/repo', commit='deadbeef')
module = 'nonexistent_module'

    def get_module_architecture(self, module: str) -&gt; RowDict | None:
        """
        Return module architecture row.
    
        Parameters
        ----------
        module
            Module name to look up.
    
        Returns
        -------
        RowDict | None
            Module architecture when found.
        """
        relation = self._relation("docs.v_module_architecture")
&gt;       relation = relation.filter(self._predicate_eq("module", module)).limit(1)
                   ^^^^^^^^^^^^^^^^^^^^^^^^^^^^^^^^^^^^^^^^^^^^^^^^^^^^^
E       _duckdb.BinderException: Binder Error: Referenced column "module" not found in FROM clause!
E       Candidate bindings: "NULL"

src/codeintel/storage/repositories/modules.py:64: BinderException</failure></testcase><testcase classname="tests.storage.repositories.test_modules" name="test_get_file_profile_returns_none_when_not_found" time="19.985" /><testcase classname="tests.storage.repositories.test_repositories" name="test_subsystem_repository_reads" time="37.567"><failure message="_duckdb.BinderException: Binder Error: Referenced column &quot;module_count&quot; not found in FROM clause!&#10;Candidate bindings: &quot;NULL&quot;">subsystem_repo_ctx = TestContext(snapshot=SnapshotRef(repo='demo/repo', commit='deadbeef', repo_root=PosixPath('/private/var/folders/70/h2n...db/codeintel_logs.duckdb')), seeds_applied={'subsystems_analytics', 'core'}, extra={}, coverage_file=None, runner=None)

    def test_subsystem_repository_reads(subsystem_repo_ctx: TestContext) -&gt; None:
        """Subsystem repository should return seeded subsystem summaries and memberships."""
        subsystems = SubsystemRepository(
            subsystem_repo_ctx.gateway,
            subsystem_repo_ctx.repo,
            subsystem_repo_ctx.commit,
        )
    
&gt;       summaries = subsystems.list_subsystems(limit=5)
                    ^^^^^^^^^^^^^^^^^^^^^^^^^^^^^^^^^^^

tests/storage/repositories/test_repositories.py:222: 
_ _ _ _ _ _ _ _ _ _ _ _ _ _ _ _ _ _ _ _ _ _ _ _ _ _ _ _ _ 

self = SubsystemRepository(gateway=DuckDBGateway(config=StorageConfig(db_path=PosixPath(':memory:'), read_only=False, apply_s...tel.storage.tracking.schema_catalog.SchemaCatalogTracking object at 0x16c690b00&gt;), repo='demo/repo', commit='deadbeef')

    def list_subsystems(
        self,
        *,
        limit: int,
        role: str | None = None,
        query: str | None = None,
    ) -&gt; list[RowDict]:
        """
        List subsystem summaries with optional role and search filters.
    
        Parameters
        ----------
        limit
            Maximum number of results.
        role
            Optional role filter.
        query
            Optional search query for name/description.
    
        Returns
        -------
        list[RowDict]
            Subsystem summary rows ordered by module count.
        """
        relation = self._relation("docs.v_subsystem_summary")
    
        if role:
            modules = self._relation("analytics.subsystem_modules")
            role_subsystems = (
                modules.filter(self._predicate_eq("role", role)).select("subsystem_id").distinct()
            )
            relation = relation.join(role_subsystems, "subsystem_id")
    
        if query:
            escaped_query = query.replace("'", "''")
            pattern = f"%{escaped_query}%"
            predicate = SQLExpression(f"name ILIKE '{pattern}' OR description ILIKE '{pattern}'")
            relation = relation.filter(predicate)
    
&gt;       relation = relation.order("module_count DESC, subsystem_id").limit(limit)
                   ^^^^^^^^^^^^^^^^^^^^^^^^^^^^^^^^^^^^^^^^^^^^^^^^^
E       _duckdb.BinderException: Binder Error: Referenced column "module_count" not found in FROM clause!
E       Candidate bindings: "NULL"

src/codeintel/storage/repositories/subsystems.py:59: BinderException</failure></testcase><testcase classname="tests.storage.repositories.test_repositories" name="test_data_model_accessors" time="38.068"><failure message="_duckdb.BinderException: Binder Error: Referenced column &quot;repo&quot; not found in FROM clause!&#10;Candidate bindings: &quot;NULL&quot;">docs_export_gateway = ProvisionedGateway(repo='demo/repo', commit='deadbeef', repo_root=PosixPath('/private/var/folders/70/h2nd1qjs1zngp8z6t...ng object at 0x12de6d220&gt;), runner=&lt;codeintel.ingestion.engine.infrastructure.runner.ToolRunner object at 0x12e637ed0&gt;)

    def test_data_model_accessors(docs_export_gateway: TestContext) -&gt; None:
        """Data model accessors should surface normalized rows directly."""
        ctx = docs_export_gateway
        gateway = ctx.gateway
        warehouse = Warehouse(gateway)
        repo = ctx.repo
        commit = ctx.commit
        now = datetime.now().astimezone()
    
        model_row = data_model_row(
            DataModelSeed(
                model_id="ModelA",
                model_name="ModelA",
                module="pkg.foo",
                rel_path="foo.py",
                model_kind="dataclass",
                repo=repo,
                commit=commit,
                doc_short="short",
                doc_long="long",
                created_at=now,
            )
        )
        field_row = data_model_field_row(
            DataModelFieldSeed(
                model_id="ModelA",
                field_name="field_a",
                field_type="int",
                required=True,
                has_default=False,
                repo=repo,
                commit=commit,
                source="source",
                rel_path="foo.py",
                lineno=1,
                created_at=now,
            )
        )
        relationship_row = data_model_relationship_row(
            DataModelRelationshipSeed(
                source_model_id="ModelA",
                target_model_id="ModelB",
                target_module=None,
                target_model_name=None,
                field_name="field_a",
                relationship_kind="association",
                multiplicity=None,
                repo=repo,
                commit=commit,
                rel_path="foo.py",
                lineno=1,
                created_at=now,
            )
        )
    
        warehouse.materialize_mappings(
            "analytics.data_models", [_as_mapping(model_row, "analytics.data_models")]
        )
        warehouse.materialize_mappings(
            "analytics.data_model_fields", [_as_mapping(field_row, "analytics.data_model_fields")]
        )
        warehouse.materialize_mappings(
            "analytics.data_model_relationships",
            [_as_mapping(relationship_row, "analytics.data_model_relationships")],
        )
    
&gt;       normalized = DataModelsRepository(gateway, repo, commit).list_models_normalized()
                     ^^^^^^^^^^^^^^^^^^^^^^^^^^^^^^^^^^^^^^^^^^^^^^^^^^^^^^^^^^^^^^^^^^^^

tests/storage/repositories/test_repositories.py:298: 
_ _ _ _ _ _ _ _ _ _ _ _ _ _ _ _ _ _ _ _ _ _ _ _ _ _ _ _ _ 

self = DataModelsRepository(gateway=DuckDBGateway(config=StorageConfig(db_path=PosixPath(':memory:'), read_only=False, apply_...tel.storage.tracking.schema_catalog.SchemaCatalogTracking object at 0x12de6d220&gt;), repo='demo/repo', commit='deadbeef')

    def list_models_normalized(
        self,
        *,
        model_ids: Sequence[str] | None = None,
    ) -&gt; list[NormalizedDataModel]:
        """List normalized data models with decoded fields and relationships.
    
        Parameters
        ----------
        model_ids
            Optional filter restricting results to these model ids.
    
        Returns
        -------
        list[NormalizedDataModel]
            Fully decoded models with embedded field and relationship details.
        """
        if model_ids is not None and not model_ids:
            return []
        allowed = set(model_ids) if model_ids else None
        relation = self._relation("docs.v_data_models_normalized")
        if allowed is not None:
            literals = ", ".join(f"'{_sql_escape(model_id)}'" for model_id in allowed)
            relation = relation.filter(SQLExpression(f"model_id IN ({literals})"))
    
&gt;       relation = relation.select(
            "repo",
            "commit",
            "model_id",
            "goid_h128",
            "model_name",
            "module",
            "rel_path",
            "model_kind",
            "base_classes_json",
            "fields",
            "relationships",
            "doc_short",
            "doc_long",
            "created_at",
        )
E       _duckdb.BinderException: Binder Error: Referenced column "repo" not found in FROM clause!
E       Candidate bindings: "NULL"

src/codeintel/storage/repositories/data_models.py:388: BinderException</failure></testcase><testcase classname="tests.storage.repositories.test_subsystems" name="test_list_subsystems_returns_rows" time="37.951"><failure message="_duckdb.BinderException: Binder Error: Referenced column &quot;module_count&quot; not found in FROM clause!&#10;Candidate bindings: &quot;NULL&quot;">subsystem_ctx = TestContext(snapshot=SnapshotRef(repo='demo/repo', commit='deadbeef', repo_root=PosixPath('/private/var/folders/70/h2n...db/codeintel_logs.duckdb')), seeds_applied={'core', 'subsystems_analytics'}, extra={}, coverage_file=None, runner=None)

    def test_list_subsystems_returns_rows(
        subsystem_ctx: TestContext,
    ) -&gt; None:
        """Verify list_subsystems returns subsystem rows."""
        repo = subsystem_ctx.repo
        commit = subsystem_ctx.commit
    
        repository = SubsystemRepository(gateway=subsystem_ctx.gateway, repo=repo, commit=commit)
&gt;       result = repository.list_subsystems(limit=10)
                 ^^^^^^^^^^^^^^^^^^^^^^^^^^^^^^^^^^^^

tests/storage/repositories/test_subsystems.py:46: 
_ _ _ _ _ _ _ _ _ _ _ _ _ _ _ _ _ _ _ _ _ _ _ _ _ _ _ _ _ 

self = SubsystemRepository(gateway=DuckDBGateway(config=StorageConfig(db_path=PosixPath(':memory:'), read_only=False, apply_s...tel.storage.tracking.schema_catalog.SchemaCatalogTracking object at 0x12c59e9f0&gt;), repo='demo/repo', commit='deadbeef')

    def list_subsystems(
        self,
        *,
        limit: int,
        role: str | None = None,
        query: str | None = None,
    ) -&gt; list[RowDict]:
        """
        List subsystem summaries with optional role and search filters.
    
        Parameters
        ----------
        limit
            Maximum number of results.
        role
            Optional role filter.
        query
            Optional search query for name/description.
    
        Returns
        -------
        list[RowDict]
            Subsystem summary rows ordered by module count.
        """
        relation = self._relation("docs.v_subsystem_summary")
    
        if role:
            modules = self._relation("analytics.subsystem_modules")
            role_subsystems = (
                modules.filter(self._predicate_eq("role", role)).select("subsystem_id").distinct()
            )
            relation = relation.join(role_subsystems, "subsystem_id")
    
        if query:
            escaped_query = query.replace("'", "''")
            pattern = f"%{escaped_query}%"
            predicate = SQLExpression(f"name ILIKE '{pattern}' OR description ILIKE '{pattern}'")
            relation = relation.filter(predicate)
    
&gt;       relation = relation.order("module_count DESC, subsystem_id").limit(limit)
                   ^^^^^^^^^^^^^^^^^^^^^^^^^^^^^^^^^^^^^^^^^^^^^^^^^
E       _duckdb.BinderException: Binder Error: Referenced column "module_count" not found in FROM clause!
E       Candidate bindings: "NULL"

src/codeintel/storage/repositories/subsystems.py:59: BinderException</failure></testcase><testcase classname="tests.storage.repositories.test_subsystems" name="test_list_subsystems_respects_limit" time="37.638"><failure message="_duckdb.BinderException: Binder Error: Referenced column &quot;module_count&quot; not found in FROM clause!&#10;Candidate bindings: &quot;NULL&quot;">subsystem_ctx = TestContext(snapshot=SnapshotRef(repo='demo/repo', commit='deadbeef', repo_root=PosixPath('/private/var/folders/70/h2n...db/codeintel_logs.duckdb')), seeds_applied={'core', 'subsystems_analytics'}, extra={}, coverage_file=None, runner=None)

    def test_list_subsystems_respects_limit(
        subsystem_ctx: TestContext,
    ) -&gt; None:
        """Verify list_subsystems respects the limit parameter."""
        repo = subsystem_ctx.repo
        commit = subsystem_ctx.commit
    
        repository = SubsystemRepository(gateway=subsystem_ctx.gateway, repo=repo, commit=commit)
&gt;       result = repository.list_subsystems(limit=1)
                 ^^^^^^^^^^^^^^^^^^^^^^^^^^^^^^^^^^^

tests/storage/repositories/test_subsystems.py:59: 
_ _ _ _ _ _ _ _ _ _ _ _ _ _ _ _ _ _ _ _ _ _ _ _ _ _ _ _ _ 

self = SubsystemRepository(gateway=DuckDBGateway(config=StorageConfig(db_path=PosixPath(':memory:'), read_only=False, apply_s...tel.storage.tracking.schema_catalog.SchemaCatalogTracking object at 0x12a47c050&gt;), repo='demo/repo', commit='deadbeef')

    def list_subsystems(
        self,
        *,
        limit: int,
        role: str | None = None,
        query: str | None = None,
    ) -&gt; list[RowDict]:
        """
        List subsystem summaries with optional role and search filters.
    
        Parameters
        ----------
        limit
            Maximum number of results.
        role
            Optional role filter.
        query
            Optional search query for name/description.
    
        Returns
        -------
        list[RowDict]
            Subsystem summary rows ordered by module count.
        """
        relation = self._relation("docs.v_subsystem_summary")
    
        if role:
            modules = self._relation("analytics.subsystem_modules")
            role_subsystems = (
                modules.filter(self._predicate_eq("role", role)).select("subsystem_id").distinct()
            )
            relation = relation.join(role_subsystems, "subsystem_id")
    
        if query:
            escaped_query = query.replace("'", "''")
            pattern = f"%{escaped_query}%"
            predicate = SQLExpression(f"name ILIKE '{pattern}' OR description ILIKE '{pattern}'")
            relation = relation.filter(predicate)
    
&gt;       relation = relation.order("module_count DESC, subsystem_id").limit(limit)
                   ^^^^^^^^^^^^^^^^^^^^^^^^^^^^^^^^^^^^^^^^^^^^^^^^^
E       _duckdb.BinderException: Binder Error: Referenced column "module_count" not found in FROM clause!
E       Candidate bindings: "NULL"

src/codeintel/storage/repositories/subsystems.py:59: BinderException</failure></testcase><testcase classname="tests.storage.repositories.test_subsystems" name="test_list_subsystems_for_module_returns_rows" time="36.176"><failure message="_duckdb.BinderException: Binder Error: Referenced column &quot;module&quot; not found in FROM clause!&#10;Candidate bindings: &quot;NULL&quot;">subsystem_ctx = TestContext(snapshot=SnapshotRef(repo='demo/repo', commit='deadbeef', repo_root=PosixPath('/private/var/folders/70/h2n...db/codeintel_logs.duckdb')), seeds_applied={'subsystems_analytics', 'core'}, extra={}, coverage_file=None, runner=None)

    def test_list_subsystems_for_module_returns_rows(
        subsystem_ctx: TestContext,
    ) -&gt; None:
        """Verify list_subsystems_for_module returns subsystem rows."""
        repo = subsystem_ctx.repo
        commit = subsystem_ctx.commit
    
        repository = SubsystemRepository(gateway=subsystem_ctx.gateway, repo=repo, commit=commit)
&gt;       result = repository.list_subsystems_for_module("pkg.mod")
                 ^^^^^^^^^^^^^^^^^^^^^^^^^^^^^^^^^^^^^^^^^^^^^^^^

tests/storage/repositories/test_subsystems.py:167: 
_ _ _ _ _ _ _ _ _ _ _ _ _ _ _ _ _ _ _ _ _ _ _ _ _ _ _ _ _ 

self = SubsystemRepository(gateway=DuckDBGateway(config=StorageConfig(db_path=PosixPath(':memory:'), read_only=False, apply_s...tel.storage.tracking.schema_catalog.SchemaCatalogTracking object at 0x12e41e9c0&gt;), repo='demo/repo', commit='deadbeef')
module = 'pkg.mod'

    def list_subsystems_for_module(self, module: str) -&gt; list[RowDict]:
        """
        Return subsystem memberships for a module.
    
        Parameters
        ----------
        module
            The module name.
    
        Returns
        -------
        list[RowDict]
            Subsystem membership rows for the module.
        """
        relation = self._relation("docs.v_module_with_subsystem")
&gt;       relation = relation.filter(self._predicate_eq("module", module))
                   ^^^^^^^^^^^^^^^^^^^^^^^^^^^^^^^^^^^^^^^^^^^^^^^^^^^^^
E       _duckdb.BinderException: Binder Error: Referenced column "module" not found in FROM clause!
E       Candidate bindings: "NULL"

src/codeintel/storage/repositories/subsystems.py:153: BinderException</failure></testcase><testcase classname="tests.storage.repositories.test_subsystems" name="test_search_subsystems_is_alias_for_list" time="36.521"><failure message="_duckdb.BinderException: Binder Error: Referenced column &quot;module_count&quot; not found in FROM clause!&#10;Candidate bindings: &quot;NULL&quot;">subsystem_ctx = TestContext(snapshot=SnapshotRef(repo='demo/repo', commit='deadbeef', repo_root=PosixPath('/private/var/folders/70/h2n...db/codeintel_logs.duckdb')), seeds_applied={'core', 'subsystems_analytics'}, extra={}, coverage_file=None, runner=None)

    def test_search_subsystems_is_alias_for_list(
        subsystem_ctx: TestContext,
    ) -&gt; None:
        """Verify search_subsystems is alias for list_subsystems."""
        repo = subsystem_ctx.repo
        commit = subsystem_ctx.commit
    
        repository = SubsystemRepository(gateway=subsystem_ctx.gateway, repo=repo, commit=commit)
&gt;       list_result = repository.list_subsystems(limit=10)
                      ^^^^^^^^^^^^^^^^^^^^^^^^^^^^^^^^^^^^

tests/storage/repositories/test_subsystems.py:127: 
_ _ _ _ _ _ _ _ _ _ _ _ _ _ _ _ _ _ _ _ _ _ _ _ _ _ _ _ _ 

self = SubsystemRepository(gateway=DuckDBGateway(config=StorageConfig(db_path=PosixPath(':memory:'), read_only=False, apply_s...tel.storage.tracking.schema_catalog.SchemaCatalogTracking object at 0x12c2779b0&gt;), repo='demo/repo', commit='deadbeef')

    def list_subsystems(
        self,
        *,
        limit: int,
        role: str | None = None,
        query: str | None = None,
    ) -&gt; list[RowDict]:
        """
        List subsystem summaries with optional role and search filters.
    
        Parameters
        ----------
        limit
            Maximum number of results.
        role
            Optional role filter.
        query
            Optional search query for name/description.
    
        Returns
        -------
        list[RowDict]
            Subsystem summary rows ordered by module count.
        """
        relation = self._relation("docs.v_subsystem_summary")
    
        if role:
            modules = self._relation("analytics.subsystem_modules")
            role_subsystems = (
                modules.filter(self._predicate_eq("role", role)).select("subsystem_id").distinct()
            )
            relation = relation.join(role_subsystems, "subsystem_id")
    
        if query:
            escaped_query = query.replace("'", "''")
            pattern = f"%{escaped_query}%"
            predicate = SQLExpression(f"name ILIKE '{pattern}' OR description ILIKE '{pattern}'")
            relation = relation.filter(predicate)
    
&gt;       relation = relation.order("module_count DESC, subsystem_id").limit(limit)
                   ^^^^^^^^^^^^^^^^^^^^^^^^^^^^^^^^^^^^^^^^^^^^^^^^^
E       _duckdb.BinderException: Binder Error: Referenced column "module_count" not found in FROM clause!
E       Candidate bindings: "NULL"

src/codeintel/storage/repositories/subsystems.py:59: BinderException</failure></testcase><testcase classname="tests.storage.repositories.test_subsystems" name="test_list_subsystems_searches_by_query" time="36.991"><failure message="_duckdb.BinderException: Binder Error: Referenced column &quot;name&quot; not found in FROM clause!&#10;Candidate bindings: &quot;NULL&quot;">subsystem_ctx = TestContext(snapshot=SnapshotRef(repo='demo/repo', commit='deadbeef', repo_root=PosixPath('/private/var/folders/70/h2n...db/codeintel_logs.duckdb')), seeds_applied={'core', 'subsystems_analytics'}, extra={}, coverage_file=None, runner=None)

    def test_list_subsystems_searches_by_query(
        subsystem_ctx: TestContext,
    ) -&gt; None:
        """Verify list_subsystems filters by search query."""
        repo = subsystem_ctx.repo
        commit = subsystem_ctx.commit
    
        repository = SubsystemRepository(gateway=subsystem_ctx.gateway, repo=repo, commit=commit)
    
&gt;       result_with_query = repository.list_subsystems(limit=10, query="api")
                            ^^^^^^^^^^^^^^^^^^^^^^^^^^^^^^^^^^^^^^^^^^^^^^^^^

tests/storage/repositories/test_subsystems.py:87: 
_ _ _ _ _ _ _ _ _ _ _ _ _ _ _ _ _ _ _ _ _ _ _ _ _ _ _ _ _ 

self = SubsystemRepository(gateway=DuckDBGateway(config=StorageConfig(db_path=PosixPath(':memory:'), read_only=False, apply_s...tel.storage.tracking.schema_catalog.SchemaCatalogTracking object at 0x128a17bf0&gt;), repo='demo/repo', commit='deadbeef')

    def list_subsystems(
        self,
        *,
        limit: int,
        role: str | None = None,
        query: str | None = None,
    ) -&gt; list[RowDict]:
        """
        List subsystem summaries with optional role and search filters.
    
        Parameters
        ----------
        limit
            Maximum number of results.
        role
            Optional role filter.
        query
            Optional search query for name/description.
    
        Returns
        -------
        list[RowDict]
            Subsystem summary rows ordered by module count.
        """
        relation = self._relation("docs.v_subsystem_summary")
    
        if role:
            modules = self._relation("analytics.subsystem_modules")
            role_subsystems = (
                modules.filter(self._predicate_eq("role", role)).select("subsystem_id").distinct()
            )
            relation = relation.join(role_subsystems, "subsystem_id")
    
        if query:
            escaped_query = query.replace("'", "''")
            pattern = f"%{escaped_query}%"
            predicate = SQLExpression(f"name ILIKE '{pattern}' OR description ILIKE '{pattern}'")
&gt;           relation = relation.filter(predicate)
                       ^^^^^^^^^^^^^^^^^^^^^^^^^^
E           _duckdb.BinderException: Binder Error: Referenced column "name" not found in FROM clause!
E           Candidate bindings: "NULL"

src/codeintel/storage/repositories/subsystems.py:57: BinderException</failure></testcase><testcase classname="tests.storage.repositories.test_subsystems" name="test_get_subsystem_summary_returns_row" time="37.213"><failure message="_duckdb.BinderException: Binder Error: Referenced column &quot;subsystem_id&quot; not found in FROM clause!&#10;Candidate bindings: &quot;NULL&quot;">subsystem_ctx = TestContext(snapshot=SnapshotRef(repo='demo/repo', commit='deadbeef', repo_root=PosixPath('/private/var/folders/70/h2n...db/codeintel_logs.duckdb')), seeds_applied={'subsystems_analytics', 'core'}, extra={}, coverage_file=None, runner=None)

    def test_get_subsystem_summary_returns_row(
        subsystem_ctx: TestContext,
    ) -&gt; None:
        """Verify get_subsystem_summary returns subsystem row."""
        repo = subsystem_ctx.repo
        commit = subsystem_ctx.commit
    
        repository = SubsystemRepository(gateway=subsystem_ctx.gateway, repo=repo, commit=commit)
&gt;       result = repository.get_subsystem_summary("subsysdemo")
                 ^^^^^^^^^^^^^^^^^^^^^^^^^^^^^^^^^^^^^^^^^^^^^^

tests/storage/repositories/test_subsystems.py:100: 
_ _ _ _ _ _ _ _ _ _ _ _ _ _ _ _ _ _ _ _ _ _ _ _ _ _ _ _ _ 

self = SubsystemRepository(gateway=DuckDBGateway(config=StorageConfig(db_path=PosixPath(':memory:'), read_only=False, apply_s...tel.storage.tracking.schema_catalog.SchemaCatalogTracking object at 0x128248950&gt;), repo='demo/repo', commit='deadbeef')
subsystem_id = 'subsysdemo'

    def get_subsystem_summary(self, subsystem_id: str) -&gt; RowDict | None:
        """
        Return a single subsystem summary by identifier.
    
        Parameters
        ----------
        subsystem_id
            The subsystem identifier.
    
        Returns
        -------
        RowDict | None
            Subsystem summary row when present.
        """
        relation = self._relation("docs.v_subsystem_summary")
&gt;       relation = relation.filter(self._predicate_eq("subsystem_id", subsystem_id)).limit(1)
                   ^^^^^^^^^^^^^^^^^^^^^^^^^^^^^^^^^^^^^^^^^^^^^^^^^^^^^^^^^^^^^^^^^
E       _duckdb.BinderException: Binder Error: Referenced column "subsystem_id" not found in FROM clause!
E       Candidate bindings: "NULL"

src/codeintel/storage/repositories/subsystems.py:77: BinderException</failure></testcase><testcase classname="tests.storage.repositories.test_subsystems" name="test_list_subsystems_filters_by_role" time="37.018"><failure message="_duckdb.BinderException: Binder Error: Column &quot;subsystem_id&quot; does not exist on left side of join!">subsystem_ctx = TestContext(snapshot=SnapshotRef(repo='demo/repo', commit='deadbeef', repo_root=PosixPath('/private/var/folders/70/h2n...db/codeintel_logs.duckdb')), seeds_applied={'core', 'subsystems_analytics'}, extra={}, coverage_file=None, runner=None)

    def test_list_subsystems_filters_by_role(
        subsystem_ctx: TestContext,
    ) -&gt; None:
        """Verify list_subsystems filters by role when specified."""
        repo = subsystem_ctx.repo
        commit = subsystem_ctx.commit
    
        repository = SubsystemRepository(gateway=subsystem_ctx.gateway, repo=repo, commit=commit)
    
&gt;       result_with_role = repository.list_subsystems(limit=10, role="api")
                           ^^^^^^^^^^^^^^^^^^^^^^^^^^^^^^^^^^^^^^^^^^^^^^^^

tests/storage/repositories/test_subsystems.py:73: 
_ _ _ _ _ _ _ _ _ _ _ _ _ _ _ _ _ _ _ _ _ _ _ _ _ _ _ _ _ 

self = SubsystemRepository(gateway=DuckDBGateway(config=StorageConfig(db_path=PosixPath(':memory:'), read_only=False, apply_s...tel.storage.tracking.schema_catalog.SchemaCatalogTracking object at 0x12ccea9f0&gt;), repo='demo/repo', commit='deadbeef')

    def list_subsystems(
        self,
        *,
        limit: int,
        role: str | None = None,
        query: str | None = None,
    ) -&gt; list[RowDict]:
        """
        List subsystem summaries with optional role and search filters.
    
        Parameters
        ----------
        limit
            Maximum number of results.
        role
            Optional role filter.
        query
            Optional search query for name/description.
    
        Returns
        -------
        list[RowDict]
            Subsystem summary rows ordered by module count.
        """
        relation = self._relation("docs.v_subsystem_summary")
    
        if role:
            modules = self._relation("analytics.subsystem_modules")
            role_subsystems = (
                modules.filter(self._predicate_eq("role", role)).select("subsystem_id").distinct()
            )
&gt;           relation = relation.join(role_subsystems, "subsystem_id")
                       ^^^^^^^^^^^^^^^^^^^^^^^^^^^^^^^^^^^^^^^^^^^^^^
E           _duckdb.BinderException: Binder Error: Column "subsystem_id" does not exist on left side of join!

src/codeintel/storage/repositories/subsystems.py:51: BinderException</failure></testcase><testcase classname="tests.storage.repositories.test_subsystems" name="test_get_subsystem_summary_returns_none_for_missing" time="34.693"><failure message="_duckdb.BinderException: Binder Error: Referenced column &quot;subsystem_id&quot; not found in FROM clause!&#10;Candidate bindings: &quot;NULL&quot;">subsystem_ctx = TestContext(snapshot=SnapshotRef(repo='demo/repo', commit='deadbeef', repo_root=PosixPath('/private/var/folders/70/h2n...db/codeintel_logs.duckdb')), seeds_applied={'core', 'subsystems_analytics'}, extra={}, coverage_file=None, runner=None)

    def test_get_subsystem_summary_returns_none_for_missing(
        subsystem_ctx: TestContext,
    ) -&gt; None:
        """Verify get_subsystem_summary returns None for missing subsystem."""
        repo = subsystem_ctx.repo
        commit = subsystem_ctx.commit
    
        repository = SubsystemRepository(gateway=subsystem_ctx.gateway, repo=repo, commit=commit)
&gt;       result = repository.get_subsystem_summary("nonexistent_subsystem")
                 ^^^^^^^^^^^^^^^^^^^^^^^^^^^^^^^^^^^^^^^^^^^^^^^^^^^^^^^^^

tests/storage/repositories/test_subsystems.py:114: 
_ _ _ _ _ _ _ _ _ _ _ _ _ _ _ _ _ _ _ _ _ _ _ _ _ _ _ _ _ 

self = SubsystemRepository(gateway=DuckDBGateway(config=StorageConfig(db_path=PosixPath(':memory:'), read_only=False, apply_s...tel.storage.tracking.schema_catalog.SchemaCatalogTracking object at 0x12c82b9b0&gt;), repo='demo/repo', commit='deadbeef')
subsystem_id = 'nonexistent_subsystem'

    def get_subsystem_summary(self, subsystem_id: str) -&gt; RowDict | None:
        """
        Return a single subsystem summary by identifier.
    
        Parameters
        ----------
        subsystem_id
            The subsystem identifier.
    
        Returns
        -------
        RowDict | None
            Subsystem summary row when present.
        """
        relation = self._relation("docs.v_subsystem_summary")
&gt;       relation = relation.filter(self._predicate_eq("subsystem_id", subsystem_id)).limit(1)
                   ^^^^^^^^^^^^^^^^^^^^^^^^^^^^^^^^^^^^^^^^^^^^^^^^^^^^^^^^^^^^^^^^^
E       _duckdb.BinderException: Binder Error: Referenced column "subsystem_id" not found in FROM clause!
E       Candidate bindings: "NULL"

src/codeintel/storage/repositories/subsystems.py:77: BinderException</failure></testcase><testcase classname="tests.storage.repositories.test_subsystems" name="test_list_subsystem_modules_returns_rows" time="32.616"><failure message="_duckdb.BinderException: Binder Error: Referenced column &quot;subsystem_id&quot; not found in FROM clause!&#10;Candidate bindings: &quot;NULL&quot;">subsystem_ctx = TestContext(snapshot=SnapshotRef(repo='demo/repo', commit='deadbeef', repo_root=PosixPath('/private/var/folders/70/h2n...db/codeintel_logs.duckdb')), seeds_applied={'core', 'subsystems_analytics'}, extra={}, coverage_file=None, runner=None)

    def test_list_subsystem_modules_returns_rows(
        subsystem_ctx: TestContext,
    ) -&gt; None:
        """Verify list_subsystem_modules returns module rows."""
        repo = subsystem_ctx.repo
        commit = subsystem_ctx.commit
    
        repository = SubsystemRepository(gateway=subsystem_ctx.gateway, repo=repo, commit=commit)
&gt;       result = repository.list_subsystem_modules("subsysdemo")
                 ^^^^^^^^^^^^^^^^^^^^^^^^^^^^^^^^^^^^^^^^^^^^^^^

tests/storage/repositories/test_subsystems.py:141: 
_ _ _ _ _ _ _ _ _ _ _ _ _ _ _ _ _ _ _ _ _ _ _ _ _ _ _ _ _ 

self = SubsystemRepository(gateway=DuckDBGateway(config=StorageConfig(db_path=PosixPath(':memory:'), read_only=False, apply_s...tel.storage.tracking.schema_catalog.SchemaCatalogTracking object at 0x12c3783b0&gt;), repo='demo/repo', commit='deadbeef')
subsystem_id = 'subsysdemo'

    def list_subsystem_modules(self, subsystem_id: str) -&gt; list[RowDict]:
        """
        Return module memberships for a subsystem.
    
        Parameters
        ----------
        subsystem_id
            The subsystem identifier.
    
        Returns
        -------
        list[RowDict]
            Module membership rows ordered by module.
        """
        relation = self._relation("docs.v_module_with_subsystem")
&gt;       relation = relation.filter(self._predicate_eq("subsystem_id", subsystem_id))
                   ^^^^^^^^^^^^^^^^^^^^^^^^^^^^^^^^^^^^^^^^^^^^^^^^^^^^^^^^^^^^^^^^^
E       _duckdb.BinderException: Binder Error: Referenced column "subsystem_id" not found in FROM clause!
E       Candidate bindings: "NULL"

src/codeintel/storage/repositories/subsystems.py:122: BinderException</failure></testcase><testcase classname="tests.storage.repositories.test_subsystems" name="test_list_subsystem_memberships_returns_rows" time="19.105" /><testcase classname="tests.storage.test_bulk_insert_normalization" name="test_bulk_insert_normalizes_numpy_scalars" time="5.599" /><testcase classname="tests.storage.test_arrow_type_compat" name="test_decimal_scale_zero_accepts_integer_and_float" time="0.005" /><testcase classname="tests.storage.test_arrow_type_compat" name="test_decimal_scale_allows_float_when_nonzero" time="0.002" /><testcase classname="tests.storage.test_arrow_type_compat" name="test_dictionary_encoded_string_is_compatible" time="0.006" /><testcase classname="tests.storage.test_data_models" name="test_data_model_row_stores_all_fields" time="0.001" /><testcase classname="tests.storage.test_data_models" name="test_data_model_field_row_is_frozen" time="0.001" /><testcase classname="tests.storage.test_data_models" name="test_data_model_field_row_stores_all_fields" time="0.002" /><testcase classname="tests.storage.test_data_models" name="test_data_model_relationship_row_is_frozen" time="0.001" /><testcase classname="tests.storage.test_data_models" name="test_data_model_relationship_row_stores_all_fields" time="0.001" /><testcase classname="tests.storage.test_data_models" name="test_normalized_data_model_is_frozen" time="0.001" /><testcase classname="tests.storage.test_data_models" name="test_normalized_data_model_stores_nested_data" time="0.001" /><testcase classname="tests.storage.repositories.test_subsystems" name="test_list_subsystem_profiles_returns_rows" time="32.777"><failure message="_duckdb.BinderException: Binder Error: Referenced column &quot;module_count&quot; not found in FROM clause!&#10;Candidate bindings: &quot;NULL&quot;">subsystem_ctx = TestContext(snapshot=SnapshotRef(repo='demo/repo', commit='deadbeef', repo_root=PosixPath('/private/var/folders/70/h2n...db/codeintel_logs.duckdb')), seeds_applied={'core', 'subsystems_analytics'}, extra={}, coverage_file=None, runner=None)

    def test_list_subsystem_profiles_returns_rows(
        subsystem_ctx: TestContext,
    ) -&gt; None:
        """Verify list_subsystem_profiles returns profile rows."""
        repo = subsystem_ctx.repo
        commit = subsystem_ctx.commit
    
        repository = SubsystemRepository(gateway=subsystem_ctx.gateway, repo=repo, commit=commit)
&gt;       result = repository.list_subsystem_profiles(limit=10)
                 ^^^^^^^^^^^^^^^^^^^^^^^^^^^^^^^^^^^^^^^^^^^^

tests/storage/repositories/test_subsystems.py:180: 
_ _ _ _ _ _ _ _ _ _ _ _ _ _ _ _ _ _ _ _ _ _ _ _ _ _ _ _ _ 

self = SubsystemRepository(gateway=DuckDBGateway(config=StorageConfig(db_path=PosixPath(':memory:'), read_only=False, apply_s...tel.storage.tracking.schema_catalog.SchemaCatalogTracking object at 0x13005dae0&gt;), repo='demo/repo', commit='deadbeef')

    def list_subsystem_profiles(self, *, limit: int) -&gt; list[RowDict]:
        """
        Return subsystem profile rows from docs views.
    
        Parameters
        ----------
        limit
            Maximum number of results.
    
        Returns
        -------
        list[RowDict]
            Profile rows ordered by module count then subsystem_id.
        """
        cache_table = "analytics.subsystem_profile_cache"
        if self._has_cache(cache_table):
            relation = self._relation(cache_table)
            relation = relation.order("module_count DESC, subsystem_id").limit(limit)
            return self._relation_to_dicts(relation, cache_table)
    
        relation = self._relation("docs.v_subsystem_profile")
&gt;       relation = relation.order("module_count DESC, subsystem_id").limit(limit)
                   ^^^^^^^^^^^^^^^^^^^^^^^^^^^^^^^^^^^^^^^^^^^^^^^^^
E       _duckdb.BinderException: Binder Error: Referenced column "module_count" not found in FROM clause!
E       Candidate bindings: "NULL"

src/codeintel/storage/repositories/subsystems.py:194: BinderException</failure></testcase><testcase classname="tests.storage.repositories.test_subsystems" name="test_list_subsystem_coverage_returns_rows" time="33.569"><failure message="_duckdb.BinderException: Binder Error: Referenced column &quot;test_count&quot; not found in FROM clause!&#10;Candidate bindings: &quot;NULL&quot;">subsystem_ctx = TestContext(snapshot=SnapshotRef(repo='demo/repo', commit='deadbeef', repo_root=PosixPath('/private/var/folders/70/h2n...db/codeintel_logs.duckdb')), seeds_applied={'core', 'subsystems_analytics'}, extra={}, coverage_file=None, runner=None)

    def test_list_subsystem_coverage_returns_rows(
        subsystem_ctx: TestContext,
    ) -&gt; None:
        """Verify list_subsystem_coverage returns coverage rows."""
        repo = subsystem_ctx.repo
        commit = subsystem_ctx.commit
    
        repository = SubsystemRepository(gateway=subsystem_ctx.gateway, repo=repo, commit=commit)
&gt;       result = repository.list_subsystem_coverage(limit=10)
                 ^^^^^^^^^^^^^^^^^^^^^^^^^^^^^^^^^^^^^^^^^^^^

tests/storage/repositories/test_subsystems.py:193: 
_ _ _ _ _ _ _ _ _ _ _ _ _ _ _ _ _ _ _ _ _ _ _ _ _ _ _ _ _ 

self = SubsystemRepository(gateway=DuckDBGateway(config=StorageConfig(db_path=PosixPath(':memory:'), read_only=False, apply_s...tel.storage.tracking.schema_catalog.SchemaCatalogTracking object at 0x12d0f5480&gt;), repo='demo/repo', commit='deadbeef')

    def list_subsystem_coverage(self, *, limit: int) -&gt; list[RowDict]:
        """
        Return subsystem coverage rollups from docs views.
    
        Parameters
        ----------
        limit
            Maximum number of results.
    
        Returns
        -------
        list[RowDict]
            Coverage rows ordered by test count then subsystem_id.
        """
        cache_table = "analytics.subsystem_coverage_cache"
        if self._has_cache(cache_table):
            relation = self._relation(cache_table)
            relation = relation.order("test_count DESC NULLS LAST, subsystem_id").limit(limit)
            return self._relation_to_dicts(relation, cache_table)
    
        relation = self._relation("docs.v_subsystem_coverage")
&gt;       relation = relation.order("test_count DESC NULLS LAST, subsystem_id").limit(limit)
                   ^^^^^^^^^^^^^^^^^^^^^^^^^^^^^^^^^^^^^^^^^^^^^^^^^^^^^^^^^^
E       _duckdb.BinderException: Binder Error: Referenced column "test_count" not found in FROM clause!
E       Candidate bindings: "NULL"

src/codeintel/storage/repositories/subsystems.py:218: BinderException</failure></testcase><testcase classname="tests.storage.test_arrow_type_compat" name="test_nested_types_are_compatible" time="0.013" /><testcase classname="tests.storage.test_compiled_select" name="test_sqlglot_tools_extracts_table_keys_and_fingerprint" time="0.007" /><testcase classname="tests.storage.repositories.test_subsystems" name="test_list_subsystem_profiles_uses_cache_when_present" time="17.468"><failure message="AssertionError: Expected condition to be True.">subsystem_ctx = TestContext(snapshot=SnapshotRef(repo='demo/repo', commit='deadbeef', repo_root=PosixPath('/private/var/folders/70/h2n...db/codeintel_logs.duckdb')), seeds_applied={'subsystems_analytics', 'core'}, extra={}, coverage_file=None, runner=None)

    def test_list_subsystem_profiles_uses_cache_when_present(
        subsystem_ctx: TestContext,
    ) -&gt; None:
        """Verify list_subsystem_profiles uses cache table when available."""
        repo = subsystem_ctx.repo
        commit = subsystem_ctx.commit
    
        warehouse = Warehouse(subsystem_ctx.gateway)
        warehouse.materialize_mappings(
            "analytics.subsystem_profile_cache",
            [
                {
                    "repo": repo,
                    "commit": commit,
                    "subsystem_id": "cached_sub",
                    "name": "Cached Subsystem",
                    "description": None,
                    "module_count": 5,
                    "modules_json": None,
                    "entrypoints_json": None,
                    "internal_edge_count": None,
                    "external_edge_count": None,
                    "fan_in": None,
                    "fan_out": None,
                    "function_count": None,
                    "avg_risk_score": None,
                    "max_risk_score": None,
                    "high_risk_function_count": None,
                    "risk_level": None,
                    "import_in_degree": None,
                    "import_out_degree": None,
                    "import_pagerank": None,
                    "import_betweenness": None,
                    "import_closeness": None,
                    "import_layer": None,
                    "created_at": datetime.now(tz=UTC),
                }
            ],
        )
    
        repository = SubsystemRepository(gateway=subsystem_ctx.gateway, repo=repo, commit=commit)
        result = repository.list_subsystem_profiles(limit=10)
    
        has_cached = any(row.get("subsystem_id") == "cached_sub" for row in result)
&gt;       expect_true(has_cached)

tests/storage/repositories/test_subsystems.py:242: 
_ _ _ _ _ _ _ _ _ _ _ _ _ _ _ _ _ _ _ _ _ _ _ _ _ _ _ _ _ 

condition = False

    def expect_true(condition: object, *, message: str | None = None) -&gt; None:
        """Raise AssertionError when a boolean condition is not satisfied.
    
        Parameters
        ----------
        condition
            Value that must evaluate to True.
        message
            Optional override for the assertion message.
    
        Raises
        ------
        AssertionError
            If the condition evaluates to False.
        """
        if not condition:
&gt;           raise AssertionError(message or "Expected condition to be True.")
E           AssertionError: Expected condition to be True.

tests/_helpers/assertions/expectation_assertions.py:41: AssertionError</failure></testcase><testcase classname="tests.storage.test_conformance" name="test_conformance_issue_stores_dataset_and_message" time="0.002" /><testcase classname="tests.storage.repositories.test_subsystems" name="test_list_subsystem_coverage_uses_cache_when_present" time="17.482"><failure message="AssertionError: Expected condition to be True.">subsystem_ctx = TestContext(snapshot=SnapshotRef(repo='demo/repo', commit='deadbeef', repo_root=PosixPath('/private/var/folders/70/h2n...db/codeintel_logs.duckdb')), seeds_applied={'core', 'subsystems_analytics'}, extra={}, coverage_file=None, runner=None)

    def test_list_subsystem_coverage_uses_cache_when_present(
        subsystem_ctx: TestContext,
    ) -&gt; None:
        """Verify list_subsystem_coverage uses cache table when available."""
        repo = subsystem_ctx.repo
        commit = subsystem_ctx.commit
    
        warehouse = Warehouse(subsystem_ctx.gateway)
        warehouse.materialize_mappings(
            "analytics.subsystem_coverage_cache",
            [
                {
                    "repo": repo,
                    "commit": commit,
                    "subsystem_id": "cached_cov",
                    "name": "Cached Coverage",
                    "description": None,
                    "module_count": None,
                    "test_count": 3,
                    "passed_test_count": None,
                    "failed_test_count": None,
                    "skipped_test_count": None,
                    "xfail_test_count": None,
                    "flaky_test_count": None,
                    "total_functions_covered": None,
                    "avg_functions_covered": None,
                    "max_functions_covered": None,
                    "min_functions_covered": None,
                    "function_count": None,
                    "risk_level": None,
                    "avg_risk_score": None,
                    "max_risk_score": None,
                    "function_coverage_ratio": None,
                    "function_gap_ratio": None,
                    "functions_tested": None,
                    "functions_untested": None,
                    "statement_gap_count": None,
                    "statement_coverage_ratio": None,
                    "statement_gap_ratio": None,
                    "created_at": datetime.now(tz=UTC),
                }
            ],
        )
    
        repository = SubsystemRepository(gateway=subsystem_ctx.gateway, repo=repo, commit=commit)
        result = repository.list_subsystem_coverage(limit=10)
    
        has_cached = any(row.get("subsystem_id") == "cached_cov" for row in result)
[...]
                    end_line=10,
                    created_at=now,
                ),
                CallGraphNodeRow(
                    goid_h128=EXPECTED_GOID_CALLER,
                    language="python",
                    kind="function",
                    arity=0,
                    is_public=True,
                    rel_path="caller.py",
                ),
            ],
        )
    
        for i in range(5):
            callee_goid = EXPECTED_GOID_CALLEE + i
            insert_rows(
                fresh_gateway,
                [
                    GoidRow(
                        goid_h128=callee_goid,
                        urn=f"urn:test:callee{i}",
                        repo=repo_slug,
                        commit=commit,
                        rel_path=f"callee{i}.py",
                        kind="function",
                        qualname=f"mod.callee{i}",
                        start_line=1,
                        end_line=10,
                        created_at=now,
                    ),
                    CallGraphNodeRow(
                        goid_h128=callee_goid,
                        language="python",
                        kind="function",
                        arity=i + 1,
                        is_public=True,
                        rel_path=f"callee{i}.py",
                    ),
                    CallGraphEdgeRow(
                        repo=repo_slug,
                        commit=commit,
                        caller_goid_h128=EXPECTED_GOID_CALLER,
                        callee_goid_h128=callee_goid,
                        callsite_path="caller.py",
                        callsite_line=5 + i,
                        callsite_col=10,
                        language="python",
                        kind="direct",
                        resolved_via=f"callee{i}",
                        confidence=1.0,
                        evidence={},
                    ),
                ],
            )
    
        graph_repo = GraphRepository(
            gateway=fresh_gateway,
            repo=repo_slug,
            commit=commit,
        )
&gt;       result = graph_repo.get_outgoing_callgraph_neighbors(
            EXPECTED_GOID_CALLER, limit=EXPECTED_COUNT_2
        )

tests/storage/test_graphs_repository.py:315: 
_ _ _ _ _ _ _ _ _ _ _ _ _ _ _ _ _ _ _ _ _
src/codeintel/storage/repositories/graphs.py:42: in get_outgoing_callgraph_neighbors
    relation = self._apply_predicates(relation, predicates)
               ^^^^^^^^^^^^^^^^^^^^^^^^^^^^^^^^^^^^^^^^^^^^
_ _ _ _ _ _ _ _ _ _ _ _ _ _ _ _ _ _ _ _ _

relation = ┌────────┐
│  NULL  │
│ int32  │
├────────┤
│ 0 rows │
└────────┘

predicates = [(caller_goid_h128 = 1001), (caller_repo = 'test/repo'), (caller_commit = 'abc123')]

    @staticmethod
    def _apply_predicates(
        relation: DuckDBRelation,
        predicates: Sequence[Expression],
    ) -&gt; DuckDBRelation:
        combined = _combine_predicates(predicates)
        if combined is None:
            return relation
&gt;       return relation.filter(combined)
               ^^^^^^^^^^^^^^^^^^^^^^^^^
E       _duckdb.BinderException: Binder Error: Referenced column "caller_goid_h128" not found in FROM clause!
E       Candidate bindings: "NULL"

src/codeintel/storage/repositories/base.py:258: BinderException</failure></testcase><testcase classname="tests.storage.test_insert_helpers" name="test_insert_rows_normalizes_mapping" time="19.763" /><testcase classname="tests.storage.test_run_registry.TestStartAndCompleteStep" name="test_start_step_creates_running_record" time="20.003" /><testcase classname="tests.storage.test_query_results" name="test_coerce_optional_float_treats_nan_as_missing" time="0.001" /><testcase classname="tests.storage.test_run_tracking" name="test_pipeline_run_record_stores_fields" time="0.001" /><testcase classname="tests.storage.test_run_tracking" name="test_pipeline_step_record_stores_fields" time="0.001" /><testcase classname="tests.storage.test_run_tracking" name="test_step_completion_params_to_record" time="0.001" /><testcase classname="tests.storage.test_insert_helpers" name="test_insert_rows_raises_on_missing_column" time="19.794" /><testcase classname="tests.storage.test_run_registry_integration.TestGatewayRunsApi" name="test_start_and_fetch_run_with_gateway" time="20.378" /><testcase classname="tests.storage.test_run_registry.TestStartAndFetchRun" name="test_start_run_creates_record" time="22.291" /><testcase classname="tests.storage.test_run_registry.TestStartAndFetchRun" name="test_fetch_nonexistent_run" time="22.001" /><testcase classname="tests.storage.test_run_registry.TestCompleteRun" name="test_complete_run_updates_status" time="21.995" /><testcase classname="tests.storage.test_run_registry.TestRecordStep" name="test_record_step_creates_record" time="21.909" /><testcase classname="tests.storage.test_run_registry.TestRecordStep" name="test_record_step_replaces_existing" time="21.804" /><testcase classname="tests.storage.test_run_registry.TestStartAndCompleteStep" name="test_complete_step_updates_record" time="21.980" /><testcase classname="tests.storage.test_run_tracking" name="test_start_run_inserts_record" time="21.575" /><testcase classname="tests.storage.test_run_registry.TestMultipleSteps" name="test_run_with_multiple_steps" time="21.975" /><testcase classname="tests.storage.test_run_registry_integration.TestGatewayRunsApi" name="test_complete_run_with_gateway" time="21.257" /><testcase classname="tests.storage.test_run_registry_integration.TestGatewayRunsApi" name="test_record_steps_with_gateway" time="20.415" /><testcase classname="tests.storage.test_run_registry_integration.TestNewRunContextIntegration" name="test_new_run_context_for_ingest" time="20.447" /><testcase classname="tests.storage.test_run_registry_integration.TestNewRunContextIntegration" name="test_new_run_context_for_analytics" time="21.533" /><testcase classname="tests.storage.test_run_registry_integration.TestNewRunContextIntegration" name="test_new_run_context_for_graphs" time="21.382" /><testcase classname="tests.storage.test_run_registry.TestRecordStep" name="test_fetch_steps_empty" time="21.573" /><testcase classname="tests.storage.test_run_registry_integration.TestFullRunLifecycle" name="test_multi_engine_run_lifecycle" time="21.463" /><testcase classname="tests.storage.test_run_tracking" name="test_complete_run_updates_status" time="21.590" /><testcase classname="tests.storage.test_run_registry_integration.TestFullRunLifecycle" name="test_failed_run_lifecycle" time="21.908" /><testcase classname="tests.storage.test_run_tracking" name="test_complete_run_with_error_summary" time="21.239" /><testcase classname="tests.storage.test_run_tracking" name="test_fetch_run_returns_record" time="21.790" /><testcase classname="tests.storage.test_run_tracking" name="test_fetch_run_returns_none_for_missing" time="20.822" /><testcase classname="tests.storage.test_run_tracking" name="test_record_step_inserts_step" time="20.357" /><testcase classname="tests.storage.test_run_tracking" name="test_fetch_steps_returns_list" time="20.081" /><testcase classname="tests.storage.test_schema_helpers" name="test_json_schema_from_typeddict_round_trip" time="0.007" /><testcase classname="tests.storage.test_run_tracking" name="test_fetch_steps_orders_by_module_stage_name" time="19.821" /><testcase classname="tests.storage.test_schema_helpers" name="test_build_validator_accepts_mapping" time="0.001" /><testcase classname="tests.storage.test_run_tracking" name="test_start_step_returns_timestamp" time="19.862" /><testcase classname="tests.storage.test_schema_helpers" name="test_validate_row_with_schema_passes_valid_data" time="0.005" /><testcase classname="tests.storage.test_sql_compiler_upgrade_gates" name="test_compiler_upgrade_gate_create_table_executes" time="0.928" /><testcase classname="tests.storage.test_sqlglot_tools" name="test_parse_one_duckdb_parses_valid_sql" time="0.002" /><testcase classname="tests.storage.test_sqlglot_tools" name="test_parse_one_duckdb_raises_parse_error_on_invalid_sql" time="0.006" /><testcase classname="tests.storage.test_sqlglot_tools" name="test_extract_table_keys_is_cte_safe" time="0.004" /><testcase classname="tests.storage.test_sqlglot_tools" name="test_extract_table_keys_handles_nested_subqueries" time="0.001" /><testcase classname="tests.storage.test_sqlglot_tools" name="test_fingerprint_is_stable_for_equivalent_sql" time="0.007" /><testcase classname="tests.storage.test_sqlglot_tools" name="test_canonical_sql_is_stable_for_equivalent_sql" time="0.005" /><testcase classname="tests.storage.test_sqlglot_tools" name="test_extract_column_lineage_maps_output_columns" time="0.012" /><testcase classname="tests.storage.test_sqlglot_tools" name="test_summarize_sql_duckdb_emits_low_cardinality_select" time="0.003" /><testcase classname="tests.storage.test_sqlglot_tools" name="test_summarize_sql_duckdb_ignores_cte_aliases" time="0.002" /><testcase classname="tests.storage.test_sqlglot_tools" name="test_summarize_sql_duckdb_handles_insert_select" time="0.002" /><testcase classname="tests.storage.test_sqlglot_tools" name="test_summarize_sql_duckdb_hashes_suspicious_targets" time="0.003" /><testcase classname="tests.storage.test_sqlglot_tools" name="test_summarize_sql_duckdb_appends_ellipsis_for_target_cap" time="0.002" /><testcase classname="tests.storage.test_sqlglot_tools" name="test_summarize_sql_duckdb_appends_ellipsis_for_truncation" time="0.001" /><testcase classname="tests.storage.test_sqlglot_tools" name="test_summarize_sql_duckdb_includes_nested_subquery_operations" time="0.002" /><testcase classname="tests.storage.test_sqlglot_tools" name="test_summarize_sql_duckdb_handles_multi_statement" time="0.002" /><testcase classname="tests.storage.test_staging_lifecycle" name="test_registered_temp_relation_unregisters_on_success" time="0.001" /><testcase classname="tests.storage.test_staging_lifecycle" name="test_registered_temp_relation_unregisters_on_exception" time="0.002" /><testcase classname="tests.storage.test_storage_architecture_invariants" name="test_storage_has_no_build_imports" time="0.073" /><testcase classname="tests.storage.test_storage_architecture_invariants" name="test_storage_legacy_modules_removed" time="0.002" /><testcase classname="tests.storage.test_storage_architecture_invariants" name="test_ibis_gateway_has_no_sql_escape_hatch" time="0.001" /><testcase classname="tests.storage.test_storage_architecture_invariants" name="test_no_gateway_accessor_inserts_in_src" time="0.355" /><testcase classname="tests.storage.test_storage_architecture_invariants" name="test_no_dataset_name_schema_lookup_helpers" time="0.077" /><testcase classname="tests.storage.test_storage_architecture_invariants" name="test_view_materialization_is_centralized" time="0.018" /><testcase classname="tests.storage.test_run_tracking" name="test_complete_step_updates_step" time="19.196" /><testcase classname="tests.storage.test_schema_alignment" name="test_apply_and_validate_schema_alignment" time="19.561" /><testcase classname="tests.storage.test_run_tracking" name="test_record_step_with_none_row_counts" time="19.280" /><testcase classname="tests.storage.test_schema_roundtrip" name="test_symbol_use_round_trip" time="0.027" /><testcase classname="tests.storage.test_table_key_helpers" name="test_try_parse_table_key_returns_none_for_invalid" time="0.001" /><testcase classname="tests.storage.test_table_key_helpers" name="test_parse_table_key_raises_for_unqualified" time="0.001" /><testcase classname="tests.storage.test_validation_lenient" name="test_lenient_validation_ignores_missing_tables" time="0.844" /><testcase classname="tests.storage.test_schema_roundtrip" name="test_call_graph_edge_round_trip" time="0.020" /><testcase classname="tests.storage.test_schema_alignment" name="test_ensure_schemas_preserve_creates_tables_idempotently" time="21.409" /><testcase classname="tests.storage.test_view_schema_inference" name="test_derive_view_schema_from_sqlglot" time="0.006" /><testcase classname="tests.storage.test_schema_alignment" name="test_ensure_schemas_preserve_with_extra_ddl" time="20.493" /><testcase classname="tests.storage.test_schema_roundtrip" name="test_test_coverage_round_trip" time="0.035" /><testcase classname="tests.storage.test_schema_roundtrip" name="test_behavioral_coverage_round_trip" time="0.036" /><testcase classname="tests.storage.test_schema_alignment" name="test_create_schemas_creates_all_namespaces" time="19.227" /><testcase classname="tests.storage.test_schema_roundtrip_advanced_types" name="test_schema_roundtrip_supports_advanced_types" time="0.006" /><testcase classname="tests.storage.test_schema_alignment" name="test_assert_schema_alignment_detects_drift_nonstrict" time="20.763" /><testcase classname="tests.storage.test_search_index" name="test_search_documents_includes_function_metrics" time="21.838" /><testcase classname="tests.storage.test_snapshot_scoping" name="test_maybe_scope_by_repo_commit_is_noop_when_columns_missing" time="21.776" /><testcase classname="tests.storage.test_sql_compiler_upgrade_gates" name="test_compiler_upgrade_gate_create_table_sql_is_stable" time="0.012" /><testcase classname="tests.storage.test_schema_helpers" name="test_apply_all_schemas_creates_function_validation" time="21.672" /><testcase classname="tests.storage.test_table_key_helpers" name="test_try_parse_table_key_returns_none_for_unqualified" time="0.001" /><testcase classname="tests.storage.tracking.test_observation_codec" name="test_encode_column_stats_payload" time="0.001" /><testcase classname="tests.storage.tracking.test_observation_codec" name="test_encode_dataset_stats_payload" time="0.001" /><testcase classname="tests.storage.tracking.test_observation_codec" name="test_encode_derived_settings_payload" time="0.002" /><testcase classname="tests.storage.tracking.test_observation_codec" name="test_decode_column_stats_valid_payload" time="0.001" /><testcase classname="tests.storage.tracking.test_observation_codec" name="test_decode_column_stats_invalid_payload" time="0.001" /><testcase classname="tests.storage.tracking.test_observation_codec" name="test_decode_dataset_stats_invalid_payload" time="0.001" /><testcase classname="tests.storage.tracking.test_observation_codec" name="test_decode_derived_settings_valid_payload" time="0.001" /><testcase classname="tests.storage.tracking.test_observation_codec" name="test_decode_derived_settings_invalid_payload" time="0.001" /><testcase classname="tests.storage.tracking.test_observation_payloads" name="test_schema_observation_includes_parquet_stats" time="0.009" /><testcase classname="tests.storage.tracking.test_observation_payloads" name="test_schema_observation_column_stats_are_populated" time="0.002" /><testcase classname="tests.storage.test_subsystem_view_schema_drift" name="test_subsystem_docs_views_schema_stable" time="22.608" /><testcase classname="tests.storage.test_table_goldens" name="test_core_modules_table_matches_golden" time="2.223"><failure message="TypeError: to_string() got an unexpected keyword argument 'show_metadata'">tmp_path = PosixPath('/private/var/folders/70/h2nd1qjs1zngp8z6tt27_s9c0000gn/T/pytest-of-paulheyse/pytest-450/popen-gw2/test_core_modules_table_matche0')

    def test_core_modules_table_matches_golden(tmp_path: Path) -&gt; None:
        """Ensure core.modules output stays stable for demo snapshots."""
        snapshot = ServingSnapshotFactory(tmp_path, serve_dir=tmp_path).demo_snapshot(row_count=1)
        gateway = _open_snapshot_gateway(snapshot)
        try:
            golden_path = Path("tests/fixtures/goldens/tables/core_modules.arrow")
&gt;           assert_table_matches_golden(gateway, "core.modules", golden_path=golden_path)

tests/storage/test_table_goldens.py:36: 
_ _ _ _ _ _ _ _ _ _ _ _ _ _ _ _ _ _ _ _ _ _ _ _
tests/_helpers/goldens/table_goldens.py:105: in assert_table_matches_golden
    f"Expected:\n{_format_schema(expected_table.schema)}\n"
                  ^^^^^^^^^^^^^^^^^^^^^^^^^^^^^^^^^^^^^
tests/_helpers/goldens/table_goldens.py:141: in _format_schema
    base = schema.to_string(show_metadata=False) if hasattr(schema, "to_string") else str(schema)
           ^^^^^^^^^^^^^^^^^^^^^^^^^^^^^^^^^^^^^
_ _ _ _ _ _ _ _ _ _ _ _ _ _ _ _ _ _ _ _ _ _ _ _

&gt;   ???
E   TypeError: to_string() got an unexpected keyword argument 'show_metadata'

pyarrow/types.pxi:3569: TypeError</failure></testcase><testcase classname="tests.storage.tracking.test_build_tracking.TestOutputManifestOperations" name="test_save_and_load_manifest" time="21.639" /><testcase classname="tests.storage.test_warehouse_materialization_equivalence" name="test_warehouse_materialize_variants_write_equivalent_rows" time="22.552" /><testcase classname="tests.storage.tracking.test_build_tracking.TestOutputManifestOperations" name="test_upsert_manifest" time="20.775" /><testcase classname="tests.storage.tracking.test_build_tracking.TestOutputManifestOperations" name="test_delete_manifests" time="21.994" /><testcase classname="tests.storage.tracking.test_build_tracking.TestBuildRunOperations" name="test_start_and_fetch_run" time="19.976" /><testcase classname="tests.storage.test_schema_roundtrip" name="test_generate_export_schemas_writes_files" time="21.071" /><testcase classname="tests.storage.test_snapshot_scoping" name="test_maybe_scope_by_repo_commit_adds_filter_when_columns_exist" time="20.150" /><testcase classname="tests.storage.tracking.test_build_tracking.TestBuildRunOperations" name="test_list_runs" time="20.276" /><testcase classname="tests.storage.tracking.test_schema_catalog" name="test_schema_manifest_roundtrip_from_metadata" time="19.870" /><testcase classname="tests.storage.tracking.test_build_tracking.TestOutputManifestOperations" name="test_load_nonexistent_manifest" time="19.992" /><testcase classname="tests.storage.tracking.test_schema_catalog" name="test_override_registry_refresh_populates_registry" time="20.361" /><testcase classname="tests.storage.test_warehouse_transaction_rollback" name="test_materialize_rows_replace_rolls_back_on_write_failure" time="20.614" /><testcase classname="tests.storage.tracking.test_build_tracking.TestOutputManifestOperations" name="test_list_manifests" time="20.571" /><testcase classname="tests.storage.tracking.test_build_tracking.TestScipRunTracking" name="test_record_scip_run_persists_row" time="20.562" /><testcase classname="tests.storage.views.test_pr86_no_ibis_view_registry" name="test_ibis_view_registry_module_removed" time="0.015" /><testcase classname="tests.storage.tracking.test_build_tracking.TestBuildRunOperations" name="test_fetch_nonexistent_run" time="19.887" /><testcase classname="tests.storage.views.test_pr86_no_ibis_view_registry" name="test_view_builders_discoverable_via_tags" time="0.036" /><testcase classname="tests.storage.tracking.test_build_tracking.TestBuildRunOperations" name="test_complete_run_succeeded" time="19.987" /><testcase classname="tests.storage.tracking.test_build_tracking.TestBuildRunOperations" name="test_complete_run_failed" time="19.574" /><testcase classname="tests.storage.tracking.test_build_tracking.TestBuildRunOperations" name="test_list_runs_with_limit" time="19.563" /><testcase classname="tests.storage.tracking.test_schema_catalog" name="test_schema_index_prefill_avoids_inference" time="18.835" /><testcase classname="tests.storage.tracking.test_schema_catalog" name="test_override_registry_pin_restores_prior_version" time="17.646" /><testcase classname="tests.storage.tracking.test_schema_catalog" name="test_schema_versions_persist_arrow_contract_payload" time="17.271" /><testcase classname="tests.storage.tracking.test_schema_catalog" name="test_registry_health_snapshot_reflects_latest_manifest" time="17.406" /><testcase classname="tests.storage.tracking.test_schema_catalog" name="test_schema_versions_backfill_renderer_cache" time="17.215" /></testsuite></testsuites>