<?xml version="1.0" encoding="utf-8"?><testsuites name="pytest tests"><testsuite name="pytest" errors="0" failures="0" skipped="0" tests="20" time="16.656" timestamp="2025-12-14T00:42:30.447927-05:00" hostname="paul-X870-AORUS-ELITE-WIFI7"><testcase classname="tests.graphs.test_validation" name="test_call_graph_check_empty_graph" time="0.002" /><testcase classname="tests.graphs.test_validation" name="test_call_graph_check_with_scc" time="0.003" /><testcase classname="tests.graphs.test_validation" name="test_import_cycle_check_detects_large_cycles" time="0.002" /><testcase classname="tests.graphs.test_validation" name="test_import_hub_check_detects_hubs" time="0.003" /><testcase classname="tests.graphs.test_validation" name="test_import_upward_check_ignores_downward" time="0.002" /><testcase classname="tests.graphs.test_validation" name="test_symbol_graph_check_detects_hubs" time="0.002" /><testcase classname="tests.graphs.test_validation" name="test_call_graph_check_with_hub_nodes" time="0.003" /><testcase classname="tests.graphs.test_validation" name="test_config_key_check_detects_broad_usage" time="0.002" /><testcase classname="tests.graphs.test_validation" name="test_config_key_check_empty_graph" time="0.001" /><testcase classname="tests.graphs.test_validation" name="test_import_upward_check_detects_layer_violations" time="0.002" /><testcase classname="tests.graphs.test_validation" name="test_import_cycle_check_detects_cross_package_cycles" time="0.002" /><testcase classname="tests.graphs.test_validation" name="test_import_bridge_check_detects_bridges" time="0.003" /><testcase classname="tests.graphs.test_validation" name="test_symbol_graph_check_empty_graph" time="0.002" /><testcase classname="tests.graphs.test_validation" name="test_import_graph_check_combines_checks" time="0.004" /><testcase classname="tests.graphs.test_validation" name="test_call_graph_check_with_isolated_nodes" time="0.003" /><testcase classname="tests.graphs.test_validation" name="test_run_graph_validations_snapshot_mismatch_raises" time="2.815" /><testcase classname="tests.graphs.test_validation" name="test_run_graph_validations_emits_warnings" time="2.965" /><testcase classname="tests.graphs.test_validation" name="test_run_graph_validations_caps_findings" time="2.976" /><testcase classname="tests.graphs.test_validation" name="test_run_graph_validations_hard_fail_on_error" time="3.094" /><testcase classname="tests.graphs.test_graph_validation_catalog" name="test_graph_validation_orphan_uses_catalog_map" time="3.203" /></testsuite></testsuites>