<?xml version="1.0" encoding="utf-8"?><testsuites name="pytest tests"><testsuite name="pytest" errors="0" failures="0" skipped="0" tests="43" time="13.895" timestamp="2025-12-11T06:00:05.709913-05:00" hostname="paul-X870-AORUS-ELITE-WIFI7"><testcase classname="tests.config.test_datasets_constraints" name="test_extract_constraints_inferred_from" time="0.002" /><testcase classname="tests.config.test_datasets_constraints" name="test_constraint_table_level" time="0.001" /><testcase classname="tests.config.test_datasets_introspection" name="test_to_dict" time="0.002" /><testcase classname="tests.config.test_datasets_introspection" name="test_summary_with_table_level_constraints" time="0.003" /><testcase classname="tests.config.test_datasets_constraints" name="test_constraint_is_frozen" time="0.001" /><testcase classname="tests.config.test_datasets_row_migration" name="test_migration_status_incompatible" time="0.001" /><testcase classname="tests.config.test_datasets_row_migration" name="test_migration_status_compatible" time="0.001" /><testcase classname="tests.config.test_datasets_constraints" name="test_constraint_set_table_level" time="0.001" /><testcase classname="tests.build.test_context_schema_aware" name="test_write_validated_table_missing_schema_key_error" time="0.109" /><testcase classname="tests.config.test_datasets_introspection" name="test_introspect_registered_dataset" time="0.116" /><testcase classname="tests.config.test_datasets_constraints" name="test_constraint_set_by_kind" time="0.001" /><testcase classname="tests.build.test_context_schema_aware" name="test_write_validated_table_integration" time="0.109" /><testcase classname="tests.config.test_datasets_introspection" name="test_introspection_creation" time="0.003" /><testcase classname="tests.config.test_datasets_row_migration" name="test_migration_status_missing_schema" time="0.002" /><testcase classname="tests.config.test_datasets_constraints" name="test_constraint_set_add" time="0.001" /><testcase classname="tests.config.test_datasets_row_migration" name="test_schema_get_row_model_uses_precomputed" time="0.002" /><testcase classname="tests.config.test_datasets_introspection" name="test_introspect_unregistered_dataset" time="0.122" /><testcase classname="tests.config.test_datasets_constraints" name="test_constraint_set_empty" time="0.001" /><testcase classname="tests.config.test_datasets_row_migration" name="test_schema_get_row_model_generates_typed_dict" time="0.002" /><testcase classname="tests.config.test_datasets_row_migration" name="test_migration_result_not_ready_missing" time="0.001" /><testcase classname="tests.config.test_datasets_constraints" name="test_constraint_creation_full" time="0.001" /><testcase classname="tests.config.test_datasets_row_migration" name="test_validate_unregistered_dataset" time="0.112" /><testcase classname="tests.config.test_datasets_row_migration" name="test_validate_all_returns_result" time="0.116" /><testcase classname="tests.config.test_datasets_introspection" name="test_introspection_extracts_constraints" time="0.121" /><testcase classname="tests.config.test_datasets_constraints" name="test_extract_table_level_checks" time="0.002" /><testcase classname="tests.config.test_datasets_constraints" name="test_extract_empty_schema" time="0.001" /><testcase classname="tests.config.test_datasets_constraints" name="test_extract_range_constraints_non_negative" time="0.003" /><testcase classname="tests.config.test_datasets_row_migration" name="test_validate_all_statuses_match_counts" time="0.125" /><testcase classname="tests.config.test_datasets_constraints" name="test_constraint_set_column_names" time="0.001" /><testcase classname="tests.config.test_datasets_row_migration" name="test_migration_result_ready" time="0.001" /><testcase classname="tests.config.test_datasets_constraints" name="test_constraint_set_for_column" time="0.001" /><testcase classname="tests.config.test_datasets_row_migration" name="test_schema_get_row_model_cached" time="0.002" /><testcase classname="tests.config.test_datasets_constraints" name="test_constraint_kind_all_members" time="0.001" /><testcase classname="tests.config.test_datasets_row_migration" name="test_get_row_model_unregistered" time="0.155" /><testcase classname="tests.config.test_datasets_constraints" name="test_extract_type_constraints" time="0.003" /><testcase classname="tests.config.test_datasets_constraints" name="test_extract_nullability_constraints" time="0.003" /><testcase classname="tests.config.test_datasets_row_migration" name="test_migration_result_not_ready_incompatible" time="0.001" /><testcase classname="tests.config.test_datasets_constraints" name="test_constraint_creation_minimal" time="0.001" /><testcase classname="tests.config.test_datasets_row_migration" name="test_validate_registered_dataset" time="0.113" /><testcase classname="tests.config.test_datasets_constraints" name="test_constraint_kind_values" time="0.001" /><testcase classname="tests.config.test_datasets_row_migration" name="test_get_row_model_registered" time="0.131" /><testcase classname="tests.config.test_datasets_introspection" name="test_summary_for_llm" time="0.002" /><testcase classname="tests.config.test_datasets_introspection" name="test_summary_for_llm_empty_metadata" time="0.002" /></testsuite></testsuites>