<?xml version="1.0" encoding="utf-8"?><testsuites name="pytest tests"><testsuite name="pytest" errors="0" failures="1" skipped="0" tests="10" time="11.674" timestamp="2025-12-10T11:32:51.067287-05:00" hostname="paul-X870-AORUS-ELITE-WIFI7"><testcase classname="tests.cli.unit.test_operation_handlers" name="test_build_operations_have_required_group" time="0.002" /><testcase classname="tests.cli.unit.test_operation_handlers" name="test_build_status_no_params" time="0.003" /><testcase classname="tests.cli.unit.test_operation_handlers" name="test_op_call_with_unknown_operation" time="0.003" /><testcase classname="tests.cli.unit.test_operation_handlers" name="test_registry_lookup_nonexistent" time="0.002" /><testcase classname="tests.cli.unit.test_operation_handlers" name="test_op_list_returns_operations" time="0.003" /><testcase classname="tests.cli.unit.test_operation_handlers" name="test_registry_has_operations" time="0.002" /><testcase classname="tests.cli.unit.test_operation_handlers" name="test_dataset_list_returns_datasets" time="0.003"><failure message="codeintel.cli.resolution.errors.ResolutionError: No codeintel.yaml found. Provide --repo and --commit explicitly. Missing: repo, commit">tests/cli/unit/test_operation_handlers.py:81: in test_dataset_list_returns_datasets
    result = op_harness.execute("dataset.list")
             ^^^^^^^^^^^^^^^^^^^^^^^^^^^^^^^^^^
tests/cli/_harness/__init__.py:517: in execute
    result = execute_operation(spec, params)
             ^^^^^^^^^^^^^^^^^^^^^^^^^^^^^^^
src/codeintel/cli/execution/registry.py:427: in execute_operation
    return spec.handler(ctx)
           ^^^^^^^^^^^^^^^^^
src/codeintel/cli/handlers/ops.py:375: in dataset_list_handler
    project_runtime = resolved_to_project_runtime(ctx.runtime)
                                                  ^^^^^^^^^^^
src/codeintel/cli/handlers/context.py:529: in runtime
    self._runtime = self._resolve_runtime()
                    ^^^^^^^^^^^^^^^^^^^^^^^
src/codeintel/cli/handlers/context.py:693: in _resolve_runtime
    return RuntimeResolver.resolve(exec_ctx)
           ^^^^^^^^^^^^^^^^^^^^^^^^^^^^^^^^^
src/codeintel/cli/resolution/runtime.py:110: in resolve
    return _resolve_from_params(ctx)
           ^^^^^^^^^^^^^^^^^^^^^^^^^
src/codeintel/cli/resolution/runtime.py:163: in _resolve_from_params
    repo, commit = _extract_required_params(ctx)
                   ^^^^^^^^^^^^^^^^^^^^^^^^^^^^^
src/codeintel/cli/resolution/runtime.py:241: in _extract_required_params
    raise ResolutionError(_MSG_MISSING_PARAMS, missing_params=missing)
E   codeintel.cli.resolution.errors.ResolutionError: No codeintel.yaml found. Provide --repo and --commit explicitly. Missing: repo, commit</failure></testcase><testcase classname="tests.cli.unit.test_operation_handlers" name="test_storage_status_returns_info" time="0.002" /><testcase classname="tests.cli.unit.test_operation_handlers" name="test_build_status_returns_structured_result" time="0.003" /><testcase classname="tests.cli.unit.test_operation_handlers" name="test_operations_have_required_fields" time="0.004" /></testsuite></testsuites>