<?xml version="1.0" encoding="utf-8"?><testsuites name="pytest tests"><testsuite name="pytest" errors="0" failures="0" skipped="0" tests="14" time="24.900" timestamp="2025-12-11T09:53:06.703372-05:00" hostname="paul-X870-AORUS-ELITE-WIFI7"><testcase classname="tests.cli.handlers.test_ide" name="test_ide_hints_result_to_dict" time="0.002" /><testcase classname="tests.graphs.test_validation" name="test_run_graph_validations_emits_warnings" time="4.853" /><testcase classname="tests.cli.handlers.test_ide" name="test_ide_hints_handler_returns_ok_when_hints_found" time="6.495" /><testcase classname="tests.cli.handlers.test_ide" name="test_ide_hints_handler_raises_when_rel_path_empty" time="5.227" /><testcase classname="tests.cli.handlers.test_ide" name="test_ide_hints_handler_returns_fail_when_no_hints" time="6.647" /><testcase classname="tests.cli.handlers.test_ide" name="test_ide_hints_handler_raises_when_rel_path_missing" time="5.390" /><testcase classname="tests.cli.handlers.test_subsystem" name="test_subsystem_show_handler_returns_ok_when_found" time="10.561" /><testcase classname="tests.cli.handlers.test_subsystem" name="test_subsystem_list_handler_returns_ok_with_subsystems" time="10.662" /><testcase classname="tests.cli.handlers.test_subsystem" name="test_subsystem_list_handler_passes_filter_params" time="10.746" /><testcase classname="tests.cli.handlers.test_subsystem" name="test_subsystem_coverage_handler_returns_ok" time="10.769" /><testcase classname="tests.cli.handlers.test_subsystem" name="test_subsystem_show_handler_raises_when_id_missing" time="10.722" /><testcase classname="tests.cli.handlers.test_subsystem" name="test_subsystem_profiles_handler_returns_ok" time="10.769" /><testcase classname="tests.cli.handlers.test_subsystem" name="test_subsystem_module_memberships_handler_returns_ok" time="10.820" /><testcase classname="tests.cli.handlers.test_subsystem" name="test_subsystem_show_handler_returns_fail_when_not_found" time="10.788" /></testsuite></testsuites>