<?xml version="1.0" encoding="utf-8"?><testsuites name="pytest tests"><testsuite name="pytest" errors="0" failures="10" skipped="0" tests="18" time="5.738" timestamp="2025-11-29T21:35:26.345537-05:00" hostname="paul-X870-AORUS-ELITE-WIFI7"><testcase classname="tests.analytics.test_graph_plugin_policy_runtime" name="test_runtime_emits_run_id_and_telemetry_hooks" time="1.109"><failure message="Failed: Telemetry start should capture run_id; Telemetry finish should be recorded; Telemetry metrics should include scope">def test_runtime_emits_run_id_and_telemetry_hooks() -&gt; None:
        """Runtime should propagate run_id and invoke telemetry hooks."""
        plugin_name = "telemetry_plugin"
    
        def _noop(_ctx: object) -&gt; None:
            return None
    
        class _Telemetry(GraphRuntimeTelemetry):
            def __init__(self) -&gt; None:
                self.starts: list[tuple[str, str, GraphRunScope]] = []
                self.finishes: list[GraphPluginRunRecord] = []
                self.metrics: list[GraphPluginRunRecord] = []
                self.scopes: list[GraphRunScope] = []
    
            def start_plugin(
                self,
                plugin: GraphMetricPlugin,
                run_id: str,
                ctx: GraphMetricExecutionContext,
            ) -&gt; str:
                self.starts.append((plugin.name, run_id, ctx.scope))
                return "span"
    
            def finish_plugin(self, span: object, record: GraphPluginRunRecord) -&gt; None:
                _ = span
                self.finishes.append(record)
    
            def record_metrics(self, record: GraphPluginRunRecord, scope: GraphRunScope) -&gt; None:
                self.metrics.append(record)
                self.scopes.append(scope)
    
        register_graph_metric_plugin(
            GraphMetricPlugin(
                name=plugin_name,
                description="telemetry",
                stage="core",
                enabled_by_default=False,
                run=_noop,
            )
        )
        service, cfg = _make_service()
        scope = GraphRunScope(paths=("a.py",))
        telemetry = _Telemetry()
        service.telemetry = telemetry
        try:
            report = service.run_plugins(
                (plugin_name,),
                cfg=GraphMetricsStepConfig(snapshot=cfg.snapshot, scope=scope),
                run_options=GraphPluginRunOptions(scope=scope),
            )
        finally:
            unregister_graph_metric_plugin(plugin_name)
        if not report.records:
            pytest.fail("Expected telemetry plugin to produce record")
        record = report.records[0]
        if not record.policy_fail_fast:
            pytest.fail("Policy fail_fast should be reflected on plugin record")
&gt;       _assert_telemetry_expectations(
            record=record,
            report_run_id=report.run_id,
            telemetry=telemetry,
            scope=scope,
        )

tests/analytics/test_graph_plugin_policy_runtime.py:435: 
_ _ _ _ _ _ _ _ _ _ _ _ _ _ _ _ _ _ _ _ _ _ _ _ _ _ _ _ _ _ _ _ _ _ _ _ _ _ _ _ 

record = GraphPluginRunRecord(name='telemetry_plugin', stage='graph', severity='fatal', status='succeeded', attempts=1, timeout...ipped_reason=None, row_counts=None, contracts=(), requires_isolation=False, isolation_kind=None, policy_fail_fast=True)
report_run_id = '461bc1eb40454f4cb121d7630a201672'
telemetry = &lt;tests.analytics.test_graph_plugin_policy_runtime.test_runtime_emits_run_id_and_telemetry_hooks.&lt;locals&gt;._Telemetry object at 0x7ae6d0f14ec0&gt;
scope = GraphRunScope(paths=('a.py',), modules=(), time_window=None)

    def _assert_telemetry_expectations(
        record: GraphPluginRunRecord,
        report_run_id: str,
        telemetry: _TelemetryRecorder,
        scope: GraphRunScope,
    ) -&gt; None:
        """Validate telemetry hooks captured expected metadata."""
        failures: list[str] = []
        if record.run_id != report_run_id:
            failures.append("Run ID should propagate to report and record")
        if not telemetry.starts or telemetry.starts[0][1] != record.run_id:
            failures.append("Telemetry start should capture run_id")
        if not telemetry.finishes:
            failures.append("Telemetry finish should be recorded")
        if not telemetry.metrics or telemetry.scopes[0] != scope:
            failures.append("Telemetry metrics should include scope")
        if failures:
&gt;           pytest.fail("; ".join(failures))
E           Failed: Telemetry start should capture run_id; Telemetry finish should be recorded; Telemetry metrics should include scope

tests/analytics/test_graph_plugin_policy_runtime.py:146: Failed</failure></testcase><testcase classname="tests.analytics.test_graph_plugin_policy_runtime" name="test_contract_failure_marks_plugin_failed_and_continues" time="1.226"><failure message="Failed: Contract failure should mark plugin status as failed">def test_contract_failure_marks_plugin_failed_and_continues() -&gt; None:
        """Contract failures should mark plugin failed but not halt when soft."""
    
        def _noop(_ctx: object) -&gt; None:
            return None
    
        def _contract_fail(_ctx: object) -&gt; PluginContractResult:
            return PluginContractResult(name="c1", status="failed", message="bad")
    
        ran_second: list[int] = []
    
        def _second(_ctx: object) -&gt; None:
            ran_second.append(1)
    
        first_name = "contract_fail_plugin"
        second_name = "after_contract_fail"
        register_graph_metric_plugin(
            GraphMetricPlugin(
                name=first_name,
                description="contract fail",
                stage="core",
                enabled_by_default=False,
                run=_noop,
                contract_checkers=(_contract_fail,),
                severity="soft_fail",
            )
        )
        register_graph_metric_plugin(
            GraphMetricPlugin(
                name=second_name,
                description="runs after contract failure",
                stage="core",
                enabled_by_default=False,
                run=_second,
            )
        )
        service, cfg = _make_service()
        try:
            report = service.run_plugins((first_name, second_name), cfg=cfg)
        finally:
            unregister_graph_metric_plugin(first_name)
            unregister_graph_metric_plugin(second_name)
        first, second = report.records
        if first.status != "failed":
&gt;           pytest.fail("Contract failure should mark plugin status as failed")
E           Failed: Contract failure should mark plugin status as failed

tests/analytics/test_graph_plugin_policy_runtime.py:289: Failed</failure></testcase><testcase classname="tests.analytics.test_graph_plugin_policy_runtime" name="test_timeout_marks_partial_and_continues" time="1.321"><failure message="Failed: Timeout should mark plugin as failed">def test_timeout_marks_partial_and_continues() -&gt; None:
        """Timeouts should mark partial failure but allow downstream plugins."""
    
        def _slow(_ctx: object) -&gt; None:
            time.sleep(0.1)
    
        ran_second: list[int] = []
    
        def _fast(_ctx: object) -&gt; None:
            ran_second.append(1)
    
        slow_name = "timeout_plugin"
        fast_name = "next_plugin"
        register_graph_metric_plugin(
            GraphMetricPlugin(
                name=slow_name,
                description="times out",
                stage="core",
                enabled_by_default=False,
                run=_slow,
                severity="soft_fail",
            )
        )
        register_graph_metric_plugin(
            GraphMetricPlugin(
                name=fast_name,
                description="runs after timeout",
                stage="core",
                enabled_by_default=False,
                run=_fast,
            )
        )
        service, cfg = _make_service()
        cfg = GraphMetricsStepConfig(
            snapshot=cfg.snapshot,
            plugin_policy=GraphPluginPolicy(
                timeouts_ms={slow_name: TIMEOUT_MS},
            ),
        )
        try:
            report = service.run_plugins((slow_name, fast_name), cfg=cfg)
        finally:
            unregister_graph_metric_plugin(slow_name)
            unregister_graph_metric_plugin(fast_name)
        first, second = report.records
        if first.status != "failed":
&gt;           pytest.fail("Timeout should mark plugin as failed")
E           Failed: Timeout should mark plugin as failed

tests/analytics/test_graph_plugin_policy_runtime.py:234: Failed</failure></testcase><testcase classname="tests.analytics.test_graph_plugin_policy_runtime" name="test_soft_fail_severity_continues" time="1.181" /><testcase classname="tests.analytics.test_graph_plugin_policy_runtime" name="test_retry_policy_allows_retries" time="1.145" /><testcase classname="tests.analytics.test_graph_plugin_policy_runtime" name="test_contract_failure_respects_fatal_fail_fast" time="1.203"><failure message="Failed: DID NOT RAISE &lt;class 'codeintel.analytics.graphs.runtime.execution.PluginFatalError'&gt;">def test_contract_failure_respects_fatal_fail_fast() -&gt; None:
        """Fatal severity with fail-fast should raise on contract failure."""
    
        def _noop(_ctx: object) -&gt; None:
            return None
    
        def _contract_fail(_ctx: object) -&gt; PluginContractResult:
            return PluginContractResult(name="c1", status="failed", message="bad")
    
        plugin_name = "fatal_contract_plugin"
        register_graph_metric_plugin(
            GraphMetricPlugin(
                name=plugin_name,
                description="fatal contract",
                stage="core",
                enabled_by_default=False,
                run=_noop,
                contract_checkers=(_contract_fail,),
                severity="fatal",
            )
        )
        service, cfg = _make_service()
        try:
&gt;           with pytest.raises(PluginFatalError):
                 ^^^^^^^^^^^^^^^^^^^^^^^^^^^^^^^
E           Failed: DID NOT RAISE &lt;class 'codeintel.analytics.graphs.runtime.execution.PluginFatalError'&gt;

tests/analytics/test_graph_plugin_policy_runtime.py:323: Failed</failure></testcase><testcase classname="tests.analytics.test_graph_plugin_policy_runtime" name="test_isolated_plugin_executes_in_subprocess" time="1.219"><failure message="Failed: Isolation flag should be recorded on the run record">tmp_path = PosixPath('/tmp/pytest-of-paul/pytest-312/popen-gw6/test_isolated_plugin_executes_0')

    def test_isolated_plugin_executes_in_subprocess(tmp_path: Path) -&gt; None:
        """Plugins marked for isolation should execute via worker."""
        plugin_name = "isolated_plugin"
        output_file = tmp_path / "iso.txt"
    
        def _isolated(ctx: object) -&gt; None:
            if not isinstance(ctx, GraphMetricExecutionContext):
                message = "context not provided"
                raise TypeError(message)
            path = Path(ctx.options["path"])  # type: ignore[index]
            path.write_text(ctx.repo, encoding="utf-8")
    
        register_graph_metric_plugin(
            GraphMetricPlugin(
                name=plugin_name,
                description="isolated",
                stage="core",
                enabled_by_default=False,
                run=_isolated,
                requires_isolation=True,
            )
        )
        service, cfg = _make_service()
        try:
            report = service.run_plugins(
                (plugin_name,),
                cfg=cfg,
                run_options=GraphPluginRunOptions(
                    plugin_options={plugin_name: {"path": str(output_file)}}
                ),
            )
        finally:
            unregister_graph_metric_plugin(plugin_name)
        if report.records[0].status != "succeeded":
            pytest.fail("Isolated plugin should succeed")
        if not report.records[0].requires_isolation:
&gt;           pytest.fail("Isolation flag should be recorded on the run record")
E           Failed: Isolation flag should be recorded on the run record

tests/analytics/test_graph_plugin_policy_runtime.py:371: Failed</failure></testcase><testcase classname="tests.analytics.test_plugin_scope_isolation" name="test_scope_required_without_scope_skips" time="1.066" /><testcase classname="tests.analytics.test_plugin_scope_isolation" name="test_planner_rejects_cycles" time="1.104" /><testcase classname="tests.analytics.test_plugin_scope_isolation" name="test_dry_run_skips_execution" time="1.124" /><testcase classname="tests.analytics.test_plugin_contracts_behavior" name="test_contract_soft_failure_marks_record_failed" time="1.130"><failure message="Failed: Soft contract failure should mark record failed with contract_failed error">plugin_harness = &lt;tests.analytics.conftest.PluginTestHarness object at 0x72aab02427b0&gt;

    def test_contract_soft_failure_marks_record_failed(plugin_harness: PluginTestHarness) -&gt; None:
        """Soft contract failure should mark record failed without raising fatal error."""
    
        def _run(_ctx: GraphMetricExecutionContext) -&gt; GraphPluginResult:
            return _no_op_result()
    
        def _soft_contract(_ctx: object) -&gt; PluginContractResult:
            return PluginContractResult(name="contract", status="soft_failed")
    
        plugin = GraphMetricPlugin(
            name="contract_soft_fail",
            description="soft contract",
            stage="core",
            enabled_by_default=False,
            run=_run,
            contract_checkers=(_soft_contract,),
        )
        plugin_harness.register(plugin)
        report = plugin_harness.service.run_plugins((plugin.name,), cfg=plugin_harness.cfg)
        record = report.records[0]
        if record.status != "failed" or record.error != "contract_failed":
            message = "Soft contract failure should mark record failed with contract_failed error"
&gt;           pytest.fail(message)
E           Failed: Soft contract failure should mark record failed with contract_failed error

tests/analytics/test_plugin_contracts_behavior.py:46: Failed</failure></testcase><testcase classname="tests.analytics.test_plugin_scope_isolation" name="test_isolation_worker_returns_row_counts_and_contracts" time="1.163"><failure message="Failed: Isolation metadata should be preserved">plugin_harness = &lt;tests.analytics.conftest.PluginTestHarness object at 0x7068a6c6e7b0&gt;
tmp_path = PosixPath('/tmp/pytest-of-paul/pytest-312/popen-gw14/test_isolation_worker_returns_0')

    def test_isolation_worker_returns_row_counts_and_contracts(
        plugin_harness: PluginTestHarness, tmp_path: Path
    ) -&gt; None:
        """Isolation worker should return row counts and contracts with run_id preserved."""
    
        def _contract(_ctx: GraphMetricExecutionContext) -&gt; PluginContractResult:
            return PluginContractResult(name="iso_contract", status="passed")
    
        plugin = replace(
            make_isolation_plugin(name="iso_worker_plugin"),
            contract_checkers=(_contract,),
        )
        plugin_harness.register(plugin)
        report = plugin_harness.service.run_plugins(
            (plugin.name,),
            cfg=plugin_harness.cfg,
            run_options=GraphPluginRunOptions(manifest_path=tmp_path / "iso-worker.json"),
        )
        record = report.records[0]
        if record.requires_isolation is not True or record.isolation_kind != "process":
            message = "Isolation metadata should be preserved"
&gt;           pytest.fail(message)
E           Failed: Isolation metadata should be preserved

tests/analytics/test_plugin_scope_isolation.py:199: Failed</failure></testcase><testcase classname="tests.analytics.test_plugin_contracts_behavior" name="test_idempotency_respects_row_count_changes" time="1.197" /><testcase classname="tests.analytics.test_plugin_scope_isolation" name="test_scope_propagates_to_plugin_and_report" time="1.222" /><testcase classname="tests.analytics.test_plugin_contracts_behavior" name="test_contract_fatal_failure_marks_failed" time="1.226"><failure message="Failed: Fatal contract failure should mark record failed when fail_fast is False">plugin_harness = &lt;tests.analytics.conftest.PluginTestHarness object at 0x77fc079327b0&gt;

    def test_contract_fatal_failure_marks_failed(plugin_harness: PluginTestHarness) -&gt; None:
        """Fatal contract failure should mark the record failed when fail_fast is disabled."""
    
        def _run(_ctx: GraphMetricExecutionContext) -&gt; GraphPluginResult:
            return _no_op_result()
    
        def _fatal_contract(_ctx: object) -&gt; PluginContractResult:
            return PluginContractResult(name="contract", status="failed")
    
        plugin = GraphMetricPlugin(
            name="contract_fatal_fail",
            description="fatal contract",
            stage="core",
            enabled_by_default=False,
            run=_run,
            contract_checkers=(_fatal_contract,),
        )
        plugin_harness.register(plugin)
        cfg = GraphMetricsStepConfig(
            snapshot=plugin_harness.cfg.snapshot,
            plugin_policy=GraphPluginPolicy(fail_fast=False),
        )
        report = plugin_harness.service.run_plugins((plugin.name,), cfg=cfg)
        record = report.records[0]
        if record.status != "failed" or record.error != "contract_failed":
            message = "Fatal contract failure should mark record failed when fail_fast is False"
&gt;           pytest.fail(message)
E           Failed: Fatal contract failure should mark record failed when fail_fast is False

tests/analytics/test_plugin_contracts_behavior.py:75: Failed</failure></testcase><testcase classname="tests.analytics.test_plugin_scope_isolation" name="test_isolation_flag_in_run_record" time="1.229"><failure message="Failed: Run record should reflect isolation requirement">plugin_harness = &lt;tests.analytics.conftest.PluginTestHarness object at 0x76a3274927b0&gt;
tmp_path = PosixPath('/tmp/pytest-of-paul/pytest-312/popen-gw12/test_isolation_flag_in_run_rec0')

    def test_isolation_flag_in_run_record(plugin_harness: PluginTestHarness, tmp_path: Path) -&gt; None:
        """Isolation metadata should be reflected in run records."""
    
        def isolated_plugin(_ctx: GraphMetricExecutionContext) -&gt; GraphPluginResult:
            return _simple_result()
    
        plugin = GraphMetricPlugin(
            name="harness_isolated_plugin",
            description="isolation demo",
            stage="core",
            enabled_by_default=False,
            run=isolated_plugin,
            requires_isolation=True,
            isolation_kind="process",
        )
        plugin_harness.register(plugin)
        report = plugin_harness.service.run_plugins(
            (plugin.name,),
            cfg=plugin_harness.cfg,
            run_options=GraphPluginRunOptions(manifest_path=tmp_path / "isolation.json"),
        )
        record = report.records[0]
        if record.requires_isolation is not True:
            message = "Run record should reflect isolation requirement"
&gt;           pytest.fail(message)
E           Failed: Run record should reflect isolation requirement

tests/analytics/test_plugin_scope_isolation.py:158: Failed</failure></testcase><testcase classname="tests.analytics.test_manifest_fields" name="test_manifest_includes_run_id_scope_and_isolation" time="0.569"><failure message="Failed: Manifest record should reflect isolation requirement">plugin_harness = &lt;tests.analytics.conftest.PluginTestHarness object at 0x75214cd1e510&gt;
tmp_path = PosixPath('/tmp/pytest-of-paul/pytest-312/popen-gw1/test_manifest_includes_run_id_0')

    def test_manifest_includes_run_id_scope_and_isolation(
        plugin_harness: PluginTestHarness, tmp_path: Path
    ) -&gt; None:
        """Manifest should capture run_id, scope, isolation flags, row_counts, and contracts."""
        plugin = make_isolation_plugin(name="manifest_iso_plugin")
        plugin = type(plugin)(**{**plugin.__dict__, "contract_checkers": (_contract_pass,)})
        plugin_harness.register(plugin)
        scope = GraphRunScope(
            paths=("src/demo.py",),
            modules=("pkg.demo",),
            time_window=(datetime.now(tz=UTC), datetime.now(tz=UTC) + timedelta(hours=1)),
        )
        manifest_path = tmp_path / "manifest-iso.json"
        report = plugin_harness.service.run_plugins(
            (plugin.name,),
            cfg=plugin_harness.cfg,
            run_options=GraphPluginRunOptions(scope=scope, manifest_path=manifest_path),
        )
        payload = json.loads(manifest_path.read_text(encoding="utf-8"))
        run_id = payload.get("run_id")
        if not run_id or not isinstance(run_id, str):
            message = "Manifest should include top-level run_id"
            pytest.fail(message)
        scope_payload = payload.get("scope")
        if scope_payload is None or scope_payload.get("paths") != list(scope.paths):
            message = "Manifest should include scope paths"
            pytest.fail(message)
        record = payload["records"][0]
        meta = record.get("meta", {})
        if meta.get("requires_isolation") is not True:
            message = "Manifest record should reflect isolation requirement"
&gt;           pytest.fail(message)
E           Failed: Manifest record should reflect isolation requirement

tests/analytics/test_manifest_fields.py:48: Failed</failure></testcase><testcase classname="tests.analytics.test_plugin_scope_isolation" name="test_planner_requires_providers" time="0.574" /></testsuite></testsuites>