<?xml version="1.0" encoding="utf-8"?><testsuites name="pytest tests"><testsuite name="pytest" errors="0" failures="2" skipped="0" tests="2" time="6.205" timestamp="2025-12-09T00:58:22.240872-05:00" hostname="paul-X870-AORUS-ELITE-WIFI7"><testcase classname="tests.cli.test_graph_cli_policies" name="test_cli_validation_mode_enforces_strict_policy" time="0.020"><failure message="AssertionError: 'Failed to compute plan; showing available plugins' not found in ''">capsys = &lt;_pytest.capture.CaptureFixture object at 0x7745950d5940&gt;

    def test_cli_validation_mode_enforces_strict_policy(capsys: pytest.CaptureFixture[str]) -&gt; None:
        """Validation mode should enforce strict selection/dependency and avoid stubs."""
        options = GraphPluginsOptions(
            mode=PlanMode.PLAN,
            names=("nonexistent_plugin",),
            enable=None,
            disable=(),
            selection_policy=SelectionPolicy.LENIENT,
            dependency_policy=DependencyPolicy.SKIP,
            validation_mode=True,
            output_format=OutputFormat.TEXT,
        )
    
        graph_plugins_handler(options)
        captured = capsys.readouterr().out
&gt;       expect_in("Failed to compute plan; showing available plugins", captured)

tests/cli/test_graph_cli_policies.py:111: 
_ _ _ _ _ _ _ _ _ _ _ _ _ _ _ _ _ _ _ _ _ _ _ _ _ _ _ _ _ _ _ _ _ _ _ _ _ _ _ _ 

value = 'Failed to compute plan; showing available plugins', container = ''

    def expect_in(value: object, container: Iterable[object], *, label: str | None = None) -&gt; None:
        """Raise AssertionError when a value is not present in a container.
    
        Parameters
        ----------
        value
            Item expected to be present.
        container
            Container to inspect for membership.
        label
            Optional label prefix for the failure message.
    
        Raises
        ------
        AssertionError
            If the value is missing from the container.
        """
        if value in container:
            return
        failure_message = f"{_prefix(label)}{value!r} not found in {container!r}"
&gt;       raise AssertionError(failure_message)
E       AssertionError: 'Failed to compute plan; showing available plugins' not found in ''

tests/_helpers/assertions/expectation_assertions.py:106: AssertionError</failure></testcase><testcase classname="tests.cli.test_graph_cli_policies" name="test_cli_strict_selection_falls_back_on_unknown_plugin" time="0.020"><failure message="AssertionError: 'Failed to compute plan; showing available plugins' not found in '- repo_scan [goid]\n    Stub plugin for dependency resolution\n- ast_extract [goid]\n    Stub plugin for dependency resolution\n- scip_ingest [goid]\n    Stub plugin for dependency resolution\n- goid_builder [goid]\n    Stub plugin for dependency resolution\n'">capsys = &lt;_pytest.capture.CaptureFixture object at 0x7f5d33025940&gt;

    def test_cli_strict_selection_falls_back_on_unknown_plugin(
        capsys: pytest.CaptureFixture[str],
    ) -&gt; None:
        """Strict selection should fail planning and trigger fallback output."""
        options = GraphPluginsOptions(
            mode=PlanMode.PLAN,
            names=("nonexistent_plugin",),
            enable=None,
            disable=(),
            selection_policy=SelectionPolicy.STRICT,
            dependency_policy=DependencyPolicy.STRICT,
            validation_mode=False,
            output_format=OutputFormat.TEXT,
        )
    
        graph_plugins_handler(options)
        captured = capsys.readouterr().out
&gt;       expect_in("Failed to compute plan; showing available plugins", captured)

tests/cli/test_graph_cli_policies.py:66: 
_ _ _ _ _ _ _ _ _ _ _ _ _ _ _ _ _ _ _ _ _ _ _ _ _ _ _ _ _ _ _ _ _ _ _ _ _ _ _ _ 

value = 'Failed to compute plan; showing available plugins'
container = '- repo_scan [goid]\n    Stub plugin for dependency resolution\n- ast_extract [goid]\n    Stub plugin for dependency r... [goid]\n    Stub plugin for dependency resolution\n- goid_builder [goid]\n    Stub plugin for dependency resolution\n'

    def expect_in(value: object, container: Iterable[object], *, label: str | None = None) -&gt; None:
        """Raise AssertionError when a value is not present in a container.
    
        Parameters
        ----------
        value
            Item expected to be present.
        container
            Container to inspect for membership.
        label
            Optional label prefix for the failure message.
    
        Raises
        ------
        AssertionError
            If the value is missing from the container.
        """
        if value in container:
            return
        failure_message = f"{_prefix(label)}{value!r} not found in {container!r}"
&gt;       raise AssertionError(failure_message)
E       AssertionError: 'Failed to compute plan; showing available plugins' not found in '- repo_scan [goid]\n    Stub plugin for dependency resolution\n- ast_extract [goid]\n    Stub plugin for dependency resolution\n- scip_ingest [goid]\n    Stub plugin for dependency resolution\n- goid_builder [goid]\n    Stub plugin for dependency resolution\n'

tests/_helpers/assertions/expectation_assertions.py:106: AssertionError</failure></testcase></testsuite></testsuites>