<?xml version="1.0" encoding="utf-8"?><testsuites name="pytest tests"><testsuite name="pytest" errors="0" failures="0" skipped="76" tests="4445" time="204.988" timestamp="2025-12-06T01:42:16.129816-05:00" hostname="paul-X870-AORUS-ELITE-WIFI7"><testcase classname="tests.analytics.adapters.test_dependencies_adapter" name="test_dependency_call_row_goid_is_decimal" time="0.001" /><testcase classname="tests.analytics.compute.test_dependencies_classification" name="test_classify_single_mode_match" time="0.001" /><testcase classname="tests.analytics.compute.test_dependencies_classification" name="test_sqlalchemy_insert_is_write" time="0.001" /><testcase classname="tests.analytics.compute.test_graphs_centrality" name="test_pagerank_values_are_floats" time="0.060" /><testcase classname="tests.analytics.adapters.test_functions_adapter" name="test_function_goid_from_row_null_end_line" time="0.001" /><testcase classname="tests.analytics.compute.test_functions_signatures" name="test_extract_call_decorator" time="0.001" /><testcase classname="tests.analytics.adapters.test_base_adapters" name="test_create_delete_scope" time="0.002" /><testcase classname="tests.analytics.compute.test_dependencies_detection.TestDependencyModePattern" name="test_multiple_match_conditions" time="0.001" /><testcase classname="tests.analytics.adapters.test_dependencies_adapter" name="test_dependency_call_row_modes_is_list" time="0.000" /><testcase classname="tests.analytics.compute.test_profiles" name="test_realistic_codebase_features" time="0.001" /><testcase classname="tests.analytics.compute.test_semantic_roles" name="test_classify_returns_signals" time="0.001" /><testcase classname="tests.analytics.compute.test_functions_signatures" name="test_extract_positional_or_keyword_param" time="0.000" /><testcase classname="tests.analytics.adapters.test_functions_adapter" name="test_function_goid_from_row_normalizes_path" time="0.000" /><testcase classname="tests.analytics.compute.test_dependencies_classification" name="test_classify_multiple_modes_match" time="0.000" /><testcase classname="tests.analytics.compute.test_dependencies_classification" name="test_classify_no_match_returns_unknown" time="0.000" /><testcase classname="tests.analytics.compute.test_graphs_statistics" name="test_degree_values_empty_graph" time="0.002" /><testcase classname="tests.analytics.compute.test_graphs_statistics" name="test_degree_values_only" time="0.000" /><testcase classname="tests.analytics.compute.test_dependencies_detection.TestClassifyModes" name="test_matches_single_mode" time="0.000" /><testcase classname="tests.analytics.compute.test_dependencies_detection.TestClassifyModes" name="test_returns_unknown_for_no_match" time="0.000" /><testcase classname="tests.analytics.compute.test_graphs_conversions.TestNormalizeDecimalId" name="test_decodes_bytes[123-123]" time="0.002" /><testcase classname="tests.analytics.compute.test_graphs_conversions.TestNormalizeDecimalId" name="test_decodes_bytes[456-456]" time="0.001" /><testcase classname="tests.analytics.compute.test_semantic_roles" name="test_context_name_property" time="0.000" /><testcase classname="tests.analytics.compute.test_semantic_roles" name="test_context_name_simple" time="0.000" /><testcase classname="tests.analytics.adapters.test_functions_adapter" name="test_function_goid_is_frozen" time="0.001" /><testcase classname="tests.analytics.subsystems.test_affinity" name="test_seed_labels_from_tags_none_first_tag_skipped" time="0.001" /><testcase classname="tests.analytics.subsystems.test_affinity" name="test_label_propagation_nx_preserves_seeds" time="0.001" /><testcase classname="tests.analytics.subsystems.test_affinity" name="test_label_propagation_nx_propagates_to_neighbors" time="0.000" /><testcase classname="tests.analytics.test_entrypoint_detectors" name="test_entrypoint_candidate_kinds[websocket]" time="0.002" /><testcase classname="tests.analytics.test_entrypoint_detectors" name="test_entrypoint_candidate_frameworks[fastapi]" time="0.001" /><testcase classname="tests.analytics.compute.test_dependencies_classification" name="test_classify_by_target_substring" time="0.000" /><testcase classname="tests.analytics.compute.test_dependencies_classification" name="test_classify_multiple_patterns_accumulate" time="0.000" /><testcase classname="tests.analytics.compute.test_dependencies_classification" name="test_classify_returns_first_matched_pattern" time="0.000" /><testcase classname="tests.analytics.compute.test_dependencies_classification" name="test_classify_deduplicated_modes" time="0.000" /><testcase classname="tests.analytics.compute.test_dependencies_detection.TestClassifyModes" name="test_deduplicates_modes" time="0.000" /><testcase classname="tests.analytics.compute.test_dependencies_detection.TestClassifyModes" name="test_multiple_modes_sorted" time="0.000" /><testcase classname="tests.analytics.compute.test_graphs_conversions.TestNormalizeDecimalId" name="test_decodes_bytes[0-0]" time="0.001" /><testcase classname="tests.analytics.compute.test_graphs_conversions.TestNormalizeDecimalId" name="test_decodes_bytearray[input_val0-123]" time="0.001" /><testcase classname="tests.analytics.compute.test_graphs_conversions.TestNormalizeDecimalId" name="test_decodes_bytearray[input_val1-789]" time="0.001" /><testcase classname="tests.analytics.compute.test_graphs_conversions.TestNormalizeDecimalId" name="test_returns_none_for_invalid_bytes" time="0.000" /><testcase classname="tests.analytics.compute.test_semantic_roles" name="test_context_rel_path_lower" time="0.000" /><testcase classname="tests.analytics.compute.test_semantic_roles" name="test_context_module_lower" time="0.000" /><testcase classname="tests.analytics.compute.test_semantic_roles" name="test_context_module_lower_none" time="0.000" /><testcase classname="tests.analytics.compute.test_semantic_roles" name="test_context_tag_strings" time="0.000" /><testcase classname="tests.analytics.adapters.test_base_adapters" name="test_delete_scope_defaults" time="0.000" /><testcase classname="tests.analytics.adapters.test_base_adapters" name="test_delete_scope_with_columns" time="0.000" /><testcase classname="tests.analytics.adapters.test_base_adapters" name="test_delete_scope_is_frozen" time="0.001" /><testcase classname="tests.analytics.test_entrypoint_detectors" name="test_entrypoint_candidate_frameworks[flask]" time="0.001" /><testcase classname="tests.analytics.test_entrypoint_detectors" name="test_entrypoint_candidate_frameworks[click]" time="0.000" /><testcase classname="tests.analytics.test_entrypoint_detectors" name="test_entrypoint_candidate_frameworks[typer]" time="0.001" /><testcase classname="tests.analytics.compute.test_dependencies_classification" name="test_severity_score_known_levels[critical-4.0]" time="0.001" /><testcase classname="tests.analytics.compute.test_dependencies_classification" name="test_severity_score_known_levels[high-3.0]" time="0.001" /><testcase classname="tests.analytics.compute.test_dependencies_classification" name="test_severity_score_known_levels[medium-2.0]" time="0.001" /><testcase classname="tests.analytics.compute.test_dependencies_detection.TestBuildAliasMap" name="test_simple_import" time="0.000" /><testcase classname="tests.analytics.compute.test_dependencies_detection.TestBuildAliasMap" name="test_aliased_import" time="0.000" /><testcase classname="tests.analytics.compute.test_dependencies_detection.TestBuildAliasMap" name="test_from_import" time="0.000" /><testcase classname="tests.analytics.compute.test_dependencies_detection.TestBuildAliasMap" name="test_from_import_with_alias" time="0.000" /><testcase classname="tests.analytics.compute.test_dependencies_detection.TestBuildAliasMap" name="test_dotted_import" time="0.000" /><testcase classname="tests.analytics.compute.test_graphs_conversions.TestNormalizeDecimalId" name="test_returns_none_for_non_numeric_bytes" time="0.000" /><testcase classname="tests.analytics.compute.test_graphs_conversions.TestNormalizeDecimalId" name="test_converts_string[123-123]" time="0.001" /><testcase classname="tests.analytics.compute.test_graphs_statistics" name="test_statistics_consistency" time="0.002" /><testcase classname="tests.analytics.compute.test_graphs_statistics" name="test_degree_functions_match_statistics" time="0.001" /><testcase classname="tests.analytics.compute.test_graphs_statistics" name="test_various_graph_sizes" time="0.001" /><testcase classname="tests.analytics.compute.test_profiles" name="test_aggregates_default_values" time="0.000" /><testcase classname="tests.analytics.compute.test_profiles" name="test_aggregates_custom_values" time="0.000" /><testcase classname="tests.analytics.compute.test_profiles" name="test_metric_create" time="0.000" /><testcase classname="tests.analytics.compute.test_profiles" name="test_aggregate_empty_metrics" time="0.000" /><testcase classname="tests.analytics.compute.test_profiles" name="test_aggregate_single_function" time="0.000" /><testcase classname="tests.analytics.compute.test_profiles" name="test_aggregate_multiple_functions" time="0.000" /><testcase classname="tests.analytics.compute.test_dependencies_classification" name="test_sqlalchemy_delete_is_critical" time="0.000" /><testcase classname="tests.analytics.compute.test_dependencies_classification" name="test_redis_get_by_prefix" time="0.000" /><testcase classname="tests.analytics.compute.test_dependencies_classification" name="test_redis_flushall_is_admin" time="0.000" /><testcase classname="tests.analytics.compute.test_dependencies_classification" name="test_risk_assessment_write_operations" time="0.000" /><testcase classname="tests.analytics.compute.test_dependencies_classification" name="test_risk_assessment_frequent_reads" time="0.000" /><testcase classname="tests.analytics.compute.test_dependencies_detection.TestSeverityScore" name="test_known_severities[critical-4.0]" time="0.001" /><testcase classname="tests.analytics.compute.test_dependencies_detection.TestSeverityScore" name="test_known_severities[high-3.0]" time="0.000" /><testcase classname="tests.analytics.compute.test_dependencies_detection.TestSeverityScore" name="test_known_severities[medium-2.0]" time="0.000" /><testcase classname="tests.analytics.compute.test_dependencies_detection.TestSeverityScore" name="test_known_severities[low-1.0]" time="0.000" /><testcase classname="tests.analytics.compute.test_dependencies_detection.TestSeverityScore" name="test_known_severities[info-0.5]" time="0.001" /><testcase classname="tests.analytics.compute.test_dependencies_detection.TestSeverityScore" name="test_returns_none_for_none" time="0.000" /><testcase classname="tests.analytics.compute.test_dependencies_detection.TestSeverityScore" name="test_returns_none_for_unknown" time="0.000" /><testcase classname="tests.analytics.compute.test_dependencies_detection.TestSeverityScore" name="test_severity_scores_constant" time="0.000" /><testcase classname="tests.analytics.compute.test_dependencies_detection.TestRiskScore" name="test_computes_product[high-3.0-9.0]" time="0.001" /><testcase classname="tests.analytics.ports.test_ports_exports.TestPortsModuleStructure" name="test_modules_importable[codeintel.analytics.ports.catalog]" time="0.002" /><testcase classname="tests.analytics.ports.test_ports_exports.TestPortsModuleStructure" name="test_modules_importable[codeintel.analytics.ports.graphs]" time="0.001" /><testcase classname="tests.analytics.ports.test_ports_exports.TestPortsModuleStructure" name="test_modules_importable[codeintel.analytics.ports.storage]" time="0.001" /><testcase classname="tests.analytics.profiles.test_utils.TestOptionalStr" name="test_returns_string_for_string_input" time="0.001" /><testcase classname="tests.analytics.profiles.test_utils.TestOptionalStr" name="test_returns_string_for_int_input" time="0.000" /><testcase classname="tests.analytics.profiles.test_utils.TestOptionalStr" name="test_returns_string_for_float_input" time="0.000" /><testcase classname="tests.analytics.profiles.test_utils.TestOptionalStr" name="test_returns_none_for_none_input" time="0.000" /><testcase classname="tests.analytics.profiles.test_utils.TestOptionalStr" name="test_returns_string_for_bool_true_input" time="0.000" /><testcase classname="tests.analytics.profiles.test_utils.TestOptionalStr" name="test_returns_string_for_bool_false_input" time="0.000" /><testcase classname="tests.analytics.profiles.test_utils.TestOptionalInt" name="test_returns_int_for_int_input" time="0.000" /><testcase classname="tests.analytics.profiles.test_utils.TestOptionalInt" name="test_returns_int_for_float_input" time="0.000" /><testcase classname="tests.analytics.profiles.test_utils.TestOptionalInt" name="test_returns_int_for_string_number" time="0.000" /><testcase classname="tests.analytics.profiles.test_utils.TestOptionalInt" name="test_returns_int_for_string_with_whitespace" time="0.000" /><testcase classname="tests.analytics.profiles.test_utils.TestOptionalInt" name="test_returns_none_for_empty_string" time="0.000" /><testcase classname="tests.analytics.compute.test_dependencies_detection.TestBuildAliasMap" name="test_multiple_imports" time="0.000" /><testcase classname="tests.analytics.compute.test_dependencies_detection.TestBuildAliasMap" name="test_empty_source" time="0.000" /><testcase classname="tests.analytics.compute.test_dependencies_detection.TestDependencyCallVisitor" name="test_detects_simple_call" time="0.001" /><testcase classname="tests.analytics.compute.test_dependencies_detection.TestDependencyCallVisitor" name="test_detects_multiple_calls" time="0.001" /><testcase classname="tests.analytics.compute.test_dependencies_detection.TestDependencyCallVisitor" name="test_ignores_non_dependency_calls" time="0.001" /><testcase classname="tests.analytics.compute.test_dependencies_detection.TestDependencyCallVisitor" name="test_ignores_unknown_libraries" time="0.000" /><testcase classname="tests.analytics.compute.test_dependencies_detection.TestDependencyCallVisitor" name="test_captures_snippet" time="0.001" /><testcase classname="tests.analytics.compute.test_functions_signatures" name="test_extract_positional_only_param" time="0.001" /><testcase classname="tests.analytics.compute.test_functions_signatures" name="test_extract_var_positional_param" time="0.000" /><testcase classname="tests.analytics.compute.test_functions_signatures" name="test_extract_var_keyword_param" time="0.000" /><testcase classname="tests.analytics.compute.test_functions_signatures" name="test_extract_keyword_only_param" time="0.001" /><testcase classname="tests.analytics.compute.test_functions_signatures" name="test_extract_complex_signature_all_kinds" time="0.001" /><testcase classname="tests.analytics.compute.test_functions_signatures" name="test_extract_no_defaults" time="0.000" /><testcase classname="tests.analytics.test_ast_metrics" name="test_file_churn_line_counts[0-0]" time="0.002" /><testcase classname="tests.analytics.test_ast_metrics" name="test_file_churn_line_counts[100-0]" time="0.001" /><testcase classname="tests.analytics.test_ast_metrics" name="test_file_churn_line_counts[0-100]" time="0.001" /><testcase classname="tests.analytics.test_ast_metrics" name="test_file_churn_line_counts[50-50]" time="0.001" /><testcase classname="tests.analytics.test_ast_metrics" name="test_file_churn_line_counts[1000-500]" time="0.001" /><testcase classname="tests.analytics.compute.test_graphs_conversions.TestNormalizeDecimalId" name="test_converts_string[456-456]" time="0.001" /><testcase classname="tests.analytics.compute.test_graphs_conversions.TestNormalizeDecimalId" name="test_converts_float_via_string" time="0.000" /><testcase classname="tests.analytics.compute.test_graphs_conversions.TestNormalizeDecimalId" name="test_returns_none_for_unconvertible" time="0.000" /><testcase classname="tests.analytics.compute.test_graphs_conversions.TestNormalizeNodeId" name="test_returns_none_for_none" time="0.000" /><testcase classname="tests.analytics.compute.test_graphs_conversions.TestNormalizeNodeId" name="test_converts_decimal_to_int[input_val0-123]" time="0.001" /><testcase classname="tests.analytics.compute.test_graphs_conversions.TestNormalizeNodeId" name="test_converts_decimal_to_int[input_val1-999999999999]" time="0.001" /><testcase classname="tests.analytics.compute.test_graphs_conversions.TestNormalizeNodeId" name="test_converts_numeric_types[123-123]" time="0.001" /><testcase classname="tests.analytics.compute.test_graphs_conversions.TestNormalizeNodeId" name="test_converts_numeric_types[456.0-456]" time="0.001" /><testcase classname="tests.analytics.compute.test_graphs_conversions.TestNormalizeNodeId" name="test_converts_numeric_types[0.0-0]" time="0.001" /><testcase classname="tests.analytics.compute.test_profiles" name="test_aggregate_typedness_counts" time="0.000" /><testcase classname="tests.analytics.compute.test_profiles" name="test_aggregate_complexity_buckets" time="0.000" /><testcase classname="tests.analytics.compute.test_profiles" name="test_aggregate_average_typedness" time="0.000" /><testcase classname="tests.analytics.compute.test_profiles" name="test_aggregate_realistic_codebase" time="0.000" /><testcase classname="tests.analytics.compute.test_profiles" name="test_stats_empty_aggregates" time="0.000" /><testcase classname="tests.analytics.compute.test_profiles" name="test_stats_all_typed" time="0.000" /><testcase classname="tests.analytics.compute.test_profiles" name="test_stats_mixed_typedness" time="0.000" /><testcase classname="tests.analytics.compute.test_profiles" name="test_stats_avg_loc" time="0.000" /><testcase classname="tests.analytics.compute.test_profiles" name="test_stats_all_present" time="0.000" /><testcase classname="tests.analytics.compute.test_profiles" name="test_features_create" time="0.000" /><testcase classname="tests.analytics.compute.test_profiles" name="test_features_is_frozen" time="0.000" /><testcase classname="tests.analytics.compute.test_profiles" name="test_extract_small_simple_typed" time="0.000" /><testcase classname="tests.analytics.compute.test_profiles" name="test_extract_large_complex_untyped" time="0.000" /><testcase classname="tests.analytics.functions.test_function_effects" name="test_effect_analysis_randomness_effect" time="0.001" /><testcase classname="tests.analytics.test_entrypoint_detectors" name="test_entrypoint_candidate_frameworks[celery]" time="0.001" /><testcase classname="tests.analytics.test_entrypoint_detectors" name="test_entrypoint_candidate_frameworks[django]" time="0.001" /><testcase classname="tests.analytics.test_entrypoint_detectors" name="test_entrypoint_candidate_frameworks[airflow]" time="0.001" /><testcase classname="tests.analytics.test_entrypoint_detectors" name="test_entrypoint_candidate_frameworks[None]" time="0.000" /><testcase classname="tests.analytics.test_entrypoint_evidence" name="test_detect_entrypoints_emits_snippet_evidence" time="0.001" /><testcase classname="tests.analytics.test_evidence" name="test_evidence_collector_deduplicates_and_truncates" time="0.000" /><testcase classname="tests.analytics.test_evidence" name="test_validate_evidence_samples_rejects_invalid_payloads" time="0.001" /><testcase classname="tests.analytics.compute.test_dependencies_classification" name="test_severity_score_known_levels[low-1.0]" time="0.001" /><testcase classname="tests.analytics.compute.test_dependencies_classification" name="test_severity_score_known_levels[info-0.5]" time="0.001" /><testcase classname="tests.analytics.compute.test_dependencies_classification" name="test_severity_score_unknown_returns_none" time="0.000" /><testcase classname="tests.analytics.compute.test_dependencies_classification" name="test_severity_score_none_returns_none" time="0.000" /><testcase classname="tests.analytics.compute.test_dependencies_classification" name="test_severity_scores_constant" time="0.000" /><testcase classname="tests.analytics.compute.test_dependencies_classification" name="test_risk_score_calculation[high-3.0-9.0]" time="0.001" /><testcase classname="tests.analytics.compute.test_dependencies_classification" name="test_risk_score_calculation[critical-2.0-8.0]" time="0.001" /><testcase classname="tests.analytics.compute.test_dependencies_classification" name="test_risk_score_calculation[medium-1.5-3.0]" time="0.001" /><testcase classname="tests.analytics.compute.test_dependencies_classification" name="test_risk_score_calculation[low-4.0-4.0]" time="0.001" /><testcase classname="tests.analytics.compute.test_dependencies_classification" name="test_risk_score_calculation[info-2.0-1.0]" time="0.001" /><testcase classname="tests.analytics.compute.test_dependencies_classification" name="test_risk_score_none_severity" time="0.000" /><testcase classname="tests.analytics.compute.test_dependencies_classification" name="test_risk_score_none_criticality" time="0.000" /><testcase classname="tests.analytics.compute.test_dependencies_classification" name="test_risk_score_unknown_severity" time="0.000" /><testcase classname="tests.analytics.compute.test_dependencies_classification" name="test_risk_score_zero_criticality" time="0.000" /><testcase classname="tests.analytics.compute.test_dependencies_classification" name="test_risk_level_admin_mode_is_high" time="0.000" /><testcase classname="tests.analytics.profiles.test_utils.TestOptionalBool" name="test_returns_bool_for_bool_true" time="0.001" /><testcase classname="tests.analytics.profiles.test_utils.TestOptionalBool" name="test_returns_bool_for_bool_false" time="0.000" /><testcase classname="tests.analytics.profiles.test_utils.TestOptionalBool" name="test_returns_bool_for_int_nonzero" time="0.000" /><testcase classname="tests.analytics.profiles.test_utils.TestOptionalBool" name="test_returns_bool_for_int_zero" time="0.000" /><testcase classname="tests.analytics.profiles.test_utils.TestOptionalBool" name="test_returns_bool_for_float_nonzero" time="0.000" /><testcase classname="tests.analytics.profiles.test_utils.TestOptionalBool" name="test_returns_bool_for_float_zero" time="0.000" /><testcase classname="tests.analytics.profiles.test_utils.TestOptionalBool" name="test_returns_true_for_truthy_strings[true]" time="0.001" /><testcase classname="tests.analytics.profiles.test_utils.TestOptionalBool" name="test_returns_true_for_truthy_strings[True]" time="0.001" /><testcase classname="tests.analytics.profiles.test_utils.TestOptionalBool" name="test_returns_true_for_truthy_strings[TRUE]" time="0.001" /><testcase classname="tests.analytics.profiles.test_utils.TestOptionalBool" name="test_returns_true_for_truthy_strings[1]" time="0.001" /><testcase classname="tests.analytics.profiles.test_utils.TestOptionalBool" name="test_returns_true_for_truthy_strings[yes]" time="0.001" /><testcase classname="tests.analytics.profiles.test_utils.TestOptionalBool" name="test_returns_true_for_truthy_strings[YES]" time="0.001" /><testcase classname="tests.analytics.profiles.test_utils.TestOptionalBool" name="test_returns_false_for_falsy_strings[false]" time="0.001" /><testcase classname="tests.analytics.profiles.test_utils.TestOptionalBool" name="test_returns_false_for_falsy_strings[False]" time="0.001" /><testcase classname="tests.analytics.profiles.test_utils.TestOptionalBool" name="test_returns_false_for_falsy_strings[FALSE]" time="0.001" /><testcase classname="tests.analytics.adapters.test_dependencies_adapter" name="test_dependency_call_row_is_frozen" time="0.000" /><testcase classname="tests.analytics.compute.test_profiles" name="test_extract_medium_moderate_partial" time="0.000" /><testcase classname="tests.analytics.compute.test_profiles" name="test_quality_score_bounds" time="0.000" /><testcase classname="tests.analytics.compute.test_profiles" name="test_quality_score_weights" time="0.000" /><testcase classname="tests.analytics.adapters.test_dependencies_adapter" name="test_dependency_aggregate_row_creation" time="0.000" /><testcase classname="tests.analytics.adapters.test_dependencies_adapter" name="test_dependency_aggregate_row_optional_fields" time="0.000" /><testcase classname="tests.analytics.adapters.test_dependencies_adapter" name="test_dependency_aggregate_row_numeric_fields" time="0.000" /><testcase classname="tests.analytics.adapters.test_dependencies_adapter" name="test_dependency_aggregate_row_list_fields" time="0.000" /><testcase classname="tests.analytics.adapters.test_dependencies_adapter" name="test_dependency_aggregate_row_is_frozen" time="0.000" /><testcase classname="tests.analytics.compute.test_graphs_conversions.TestNormalizeNodeId" name="test_converts_digit_strings[123-123]" time="0.001" /><testcase classname="tests.analytics.compute.test_graphs_conversions.TestNormalizeNodeId" name="test_converts_digit_strings[456-456]" time="0.000" /><testcase classname="tests.analytics.compute.test_graphs_conversions.TestNormalizeNodeId" name="test_converts_digit_strings[0-0]" time="0.000" /><testcase classname="tests.analytics.compute.test_graphs_conversions.TestNormalizeNodeId" name="test_preserves_non_digit_strings[func_name-func_name]" time="0.000" /><testcase classname="tests.analytics.compute.test_graphs_conversions.TestNormalizeNodeId" name="test_preserves_non_digit_strings[module.function-module.function]" time="0.000" /><testcase classname="tests.analytics.compute.test_graphs_conversions.TestNormalizeNodeId" name="test_preserves_non_digit_strings[123abc-123abc]" time="0.000" /><testcase classname="tests.analytics.compute.test_graphs_conversions.TestNormalizeNodeId" name="test_raises_on_float_infinity" time="0.001" /><testcase classname="tests.analytics.compute.test_graphs_conversions.TestSafeFloat" name="test_returns_none_for_none" time="0.000" /><testcase classname="tests.analytics.compute.test_graphs_conversions.TestSafeFloat" name="test_passes_through_floats[1.5-1.5]" time="0.001" /><testcase classname="tests.analytics.compute.test_graphs_conversions.TestSafeFloat" name="test_passes_through_floats[0.0-0.0]" time="0.001" /><testcase classname="tests.analytics.compute.test_graphs_conversions.TestSafeFloat" name="test_passes_through_floats[-3.14--3.14]" time="0.001" /><testcase classname="tests.analytics.compute.test_profiles" name="test_threshold_constants" time="0.000" /><testcase classname="tests.analytics.compute.test_profiles" name="test_size_boundary_small_medium" time="0.000" /><testcase classname="tests.analytics.compute.test_profiles" name="test_size_boundary_medium_large" time="0.000" /><testcase classname="tests.analytics.compute.test_profiles" name="test_complexity_boundary" time="0.000" /><testcase classname="tests.analytics.compute.test_profiles" name="test_typedness_boundary" time="0.000" /><testcase classname="tests.analytics.compute.test_profiles" name="test_complexity_normalization" time="0.000" /><testcase classname="tests.analytics.resources.test_resource_registry" name="test_resource_registry_require_by_name" time="0.001" /><testcase classname="tests.analytics.compute.test_dependencies_detection.TestGroupCallsByLibrary" name="test_groups_by_library" time="0.000" /><testcase classname="tests.analytics.compute.test_dependencies_detection.TestGroupCallsByLibrary" name="test_empty_list" time="0.000" /><testcase classname="tests.analytics.compute.test_dependencies_detection.TestGroupCallsByLibrary" name="test_single_library" time="0.000" /><testcase classname="tests.analytics.compute.test_dependencies_detection.TestBuildAliasMaps" name="test_builds_maps_for_multiple_files" time="0.002" /><testcase classname="tests.analytics.compute.test_dependencies_detection.TestBuildAliasMaps" name="test_handles_missing_files" time="0.001" /><testcase classname="tests.analytics.compute.test_dependencies_detection.TestBuildAliasMaps" name="test_handles_syntax_errors" time="0.001" /><testcase classname="tests.analytics.compute.test_dependencies_detection.TestBuildAliasMaps" name="test_empty_module_map" time="0.001" /><testcase classname="tests.analytics.compute.test_dependencies_detection.TestDependencyCallDataclass" name="test_required_fields" time="0.000" /><testcase classname="tests.analytics.compute.test_dependencies_detection.TestDependencyCallDataclass" name="test_optional_fields_defaults" time="0.000" /><testcase classname="tests.analytics.compute.test_dependencies_detection.TestDependencyCallDataclass" name="test_all_fields" time="0.000" /><testcase classname="tests.analytics.compute.test_dependencies_detection.TestDependencyCallDataclass" name="test_frozen_dataclass" time="0.000" /><testcase classname="tests.analytics.compute.test_functions_complexity.TestComplexityMetrics" name="test_creates_metrics" time="0.000" /><testcase classname="tests.analytics.compute.test_functions_complexity.TestComplexityMetrics" name="test_metrics_is_frozen" time="0.000" /><testcase classname="tests.analytics.compute.test_functions_complexity.TestComputeComplexityBasic" name="test_simple_function" time="0.000" /><testcase classname="tests.analytics.compute.test_functions_complexity.TestComputeComplexityBasic" name="test_function_with_if" time="0.000" /><testcase classname="tests.analytics.compute.test_functions_complexity.TestComputeComplexityBasic" name="test_function_with_nested_if" time="0.000" /><testcase classname="tests.analytics.resources.test_resource_registry" name="test_resource_registry_require_or_none" time="0.000" /><testcase classname="tests.analytics.resources.test_resource_registry" name="test_resource_registry_require_or_none_not_found" time="0.000" /><testcase classname="tests.analytics.resources.test_resource_registry" name="test_resource_registry_require_or_none_not_loaded" time="0.000" /><testcase classname="tests.analytics.resources.test_resource_registry" name="test_resource_registry_invalidate_specific" time="0.000" /><testcase classname="tests.analytics.resources.test_resource_registry" name="test_resource_registry_invalidate_all" time="0.000" /><testcase classname="tests.analytics.resources.test_resource_registry" name="test_resource_registry_invalidate_not_registered" time="0.000" /><testcase classname="tests.analytics.resources.test_resource_registry" name="test_resource_registry_clear" time="0.000" /><testcase classname="tests.analytics.resources.test_resource_registry" name="test_resource_registry_registered_types" time="0.000" /><testcase classname="tests.analytics.resources.test_resource_registry" name="test_resource_not_found_error" time="0.000" /><testcase classname="tests.analytics.resources.test_resource_registry" name="test_resource_not_loaded_error" time="0.000" /><testcase classname="tests.analytics.resources.test_resource_registry" name="test_resource_not_loaded_error_no_reason" time="0.000" /><testcase classname="tests.analytics.resources.test_resource_registry" name="test_resource_error_hierarchy" time="0.000" /><testcase classname="tests.analytics.resources.test_resource_registry" name="test_mock_provider_protocol_compliance" time="0.000" /><testcase classname="tests.analytics.resources.test_resource_registry" name="test_resource_registry_multiple_registrations" time="0.000" /><testcase classname="tests.analytics.subsystems.test_affinity" name="test_parse_tags_none" time="0.001" /><testcase classname="tests.analytics.subsystems.test_affinity" name="test_parse_tags_json_list" time="0.000" /><testcase classname="tests.analytics.subsystems.test_affinity" name="test_parse_tags_json_single_value" time="0.000" /><testcase classname="tests.analytics.subsystems.test_affinity" name="test_parse_tags_plain_string" time="0.000" /><testcase classname="tests.analytics.subsystems.test_affinity" name="test_parse_tags_list" time="0.000" /><testcase classname="tests.analytics.subsystems.test_affinity" name="test_parse_tags_other_type" time="0.000" /><testcase classname="tests.analytics.subsystems.test_affinity" name="test_parse_tags_mixed_list" time="0.001" /><testcase classname="tests.analytics.subsystems.test_affinity" name="test_add_graph_weight_new_edge" time="0.001" /><testcase classname="tests.analytics.subsystems.test_affinity" name="test_add_graph_weight_accumulates" time="0.000" /><testcase classname="tests.analytics.compute.test_semantic_roles" name="test_accumulator_bump_single" time="0.000" /><testcase classname="tests.analytics.compute.test_semantic_roles" name="test_accumulator_bump_accumulates" time="0.000" /><testcase classname="tests.analytics.compute.test_semantic_roles" name="test_accumulator_bump_with_framework" time="0.000" /><testcase classname="tests.analytics.compute.test_semantic_roles" name="test_accumulator_framework_first_wins" time="0.000" /><testcase classname="tests.analytics.compute.test_semantic_roles" name="test_accumulator_finalize_empty" time="0.000" /><testcase classname="tests.analytics.compute.test_semantic_roles" name="test_accumulator_finalize_below_threshold" time="0.000" /><testcase classname="tests.analytics.compute.test_semantic_roles" name="test_accumulator_finalize_above_threshold" time="0.000" /><testcase classname="tests.analytics.compute.test_semantic_roles" name="test_accumulator_finalize_picks_highest" time="0.000" /><testcase classname="tests.analytics.compute.test_dependencies_detection.TestRiskScore" name="test_computes_product[medium-2.0-4.0]" time="0.001" /><testcase classname="tests.analytics.compute.test_dependencies_detection.TestRiskScore" name="test_computes_product[low-1.0-1.0]" time="0.001" /><testcase classname="tests.analytics.compute.test_dependencies_detection.TestRiskScore" name="test_computes_product[critical-5.0-20.0]" time="0.001" /><testcase classname="tests.analytics.compute.test_dependencies_detection.TestRiskScore" name="test_returns_none_for_none_severity" time="0.000" /><testcase classname="tests.analytics.compute.test_dependencies_detection.TestRiskScore" name="test_returns_none_for_none_criticality" time="0.000" /><testcase classname="tests.analytics.compute.test_dependencies_detection.TestRiskScore" name="test_returns_none_for_unknown_severity" time="0.000" /><testcase classname="tests.analytics.compute.test_dependencies_detection.TestRiskLevel" name="test_risk_levels[modes0-1-high]" time="0.001" /><testcase classname="tests.analytics.compute.test_dependencies_detection.TestRiskLevel" name="test_risk_levels[modes1-1-high]" time="0.001" /><testcase classname="tests.analytics.compute.test_dependencies_detection.TestRiskLevel" name="test_risk_levels[modes2-5-high]" time="0.001" /><testcase classname="tests.analytics.compute.test_dependencies_detection.TestRiskLevel" name="test_risk_levels[modes3-10-medium]" time="0.001" /><testcase classname="tests.analytics.compute.test_dependencies_detection.TestRiskLevel" name="test_risk_levels[modes4-15-medium]" time="0.001" /><testcase classname="tests.analytics.compute.test_dependencies_detection.TestRiskLevel" name="test_risk_levels[modes5-1-low]" time="0.001" /><testcase classname="tests.analytics.compute.test_dependencies_detection.TestRiskLevel" name="test_risk_levels[modes6-5-low]" time="0.001" /><testcase classname="tests.analytics.compute.test_dependencies_detection.TestRiskLevel" name="test_write_takes_precedence" time="0.000" /><testcase classname="tests.analytics.compute.test_dependencies_detection.TestRiskLevel" name="test_empty_modes_low" time="0.000" /><testcase classname="tests.analytics.compute.test_dependencies_detection.TestDependencyModePattern" name="test_matches_exact_method" time="0.000" /><testcase classname="tests.analytics.compute.test_dependencies_detection.TestDependencyModePattern" name="test_matches_method_prefix" time="0.001" /><testcase classname="tests.analytics.compute.test_dependencies_detection.TestDependencyModePattern" name="test_matches_target_substring" time="0.001" /><testcase classname="tests.analytics.test_graph_metric_filters" name="test_build_filters_safe_when_repos_empty" time="1.867" /><testcase classname="tests.analytics.compute.test_functions_complexity.TestComputeComplexityControlFlow" name="test_while_loop_adds_complexity" time="0.002" /><testcase classname="tests.analytics.subsystems.test_affinity" name="test_label_propagation_nx_selects_heaviest_neighbor" time="0.000" /><testcase classname="tests.analytics.subsystems.test_affinity" name="test_label_propagation_nx_isolated_nodes_keep_fallback" time="0.000" /><testcase classname="tests.analytics.subsystems.test_affinity" name="test_reassign_small_clusters_no_change_when_all_large" time="0.000" /><testcase classname="tests.analytics.subsystems.test_affinity" name="test_reassign_small_clusters_min_size_one_no_change" time="0.000" /><testcase classname="tests.analytics.subsystems.test_affinity" name="test_reassign_small_clusters_reassigns_small" time="0.000" /><testcase classname="tests.analytics.subsystems.test_affinity" name="test_best_neighbor_label_no_neighbors" time="0.000" /><testcase classname="tests.analytics.subsystems.test_affinity" name="test_best_neighbor_label_selects_allowed" time="0.000" /><testcase classname="tests.analytics.subsystems.test_affinity" name="test_best_neighbor_label_selects_heaviest" time="0.000" /><testcase classname="tests.analytics.subsystems.test_affinity" name="test_cluster_sizes_map_empty" time="0.000" /><testcase classname="tests.analytics.subsystems.test_affinity" name="test_cluster_sizes_map_counts_clusters" time="0.000" /><testcase classname="tests.analytics.test_analytics_dataset_contracts" name="test_function_metrics_insertion_is_idempotent" time="1.927" /><testcase classname="tests.analytics.compute.test_functions_signatures" name="test_extract_with_default" time="0.000" /><testcase classname="tests.analytics.compute.test_functions_signatures" name="test_extract_mixed_defaults" time="0.001" /><testcase classname="tests.analytics.compute.test_functions_signatures" name="test_extract_keyword_only_default" time="0.001" /><testcase classname="tests.analytics.compute.test_functions_signatures" name="test_extract_default_qualname" time="0.000" /><testcase classname="tests.analytics.compute.test_functions_signatures" name="test_extract_custom_qualname" time="0.000" /><testcase classname="tests.analytics.compute.test_functions_signatures" name="test_extract_simple_annotation" time="0.000" /><testcase classname="tests.analytics.compute.test_functions_signatures" name="test_extract_complex_annotation" time="0.000" /><testcase classname="tests.analytics.compute.test_functions_signatures" name="test_extract_no_annotation" time="0.000" /><testcase classname="tests.analytics.compute.test_functions_signatures" name="test_realistic_api_handler" time="0.000" /><testcase classname="tests.analytics.compute.test_functions_signatures" name="test_realistic_test_function" time="0.001" /><testcase classname="tests.analytics.compute.test_functions_signatures" name="test_realistic_cli_command" time="0.001" /><testcase classname="tests.analytics.compute.test_graphs_centrality" name="test_metrics_create_all_fields" time="0.000" /><testcase classname="tests.analytics.compute.test_graphs_centrality" name="test_metrics_is_frozen" time="0.001" /><testcase classname="tests.analytics.compute.test_graphs_centrality" name="test_pagerank_empty_graph" time="0.001" /><testcase classname="tests.analytics.compute.test_graphs_centrality" name="test_pagerank_single_node" time="0.055" /><testcase classname="tests.analytics.compute.test_semantic_roles" name="test_classify_other" time="0.000" /><testcase classname="tests.analytics.compute.test_semantic_roles" name="test_modules_classify_empty" time="0.000" /><testcase classname="tests.analytics.compute.test_semantic_roles" name="test_modules_classify_from_tags" time="0.000" /><testcase classname="tests.analytics.compute.test_semantic_roles" name="test_modules_classify_from_functions" time="0.000" /><testcase classname="tests.analytics.compute.test_semantic_roles" name="test_modules_classify_ignores_other" time="0.000" /><testcase classname="tests.analytics.compute.test_semantic_roles" name="test_modules_classify_below_threshold" time="0.000" /><testcase classname="tests.analytics.compute.test_semantic_roles" name="test_modules_classify_multiple" time="0.000" /><testcase classname="tests.analytics.compute.test_semantic_roles" name="test_decorator_names_empty" time="0.000" /><testcase classname="tests.analytics.compute.test_semantic_roles" name="test_decorator_names_simple" time="0.000" /><testcase classname="tests.analytics.compute.test_semantic_roles" name="test_decorator_names_attribute" time="0.000" /><testcase classname="tests.analytics.compute.test_semantic_roles" name="test_decorator_names_call" time="0.000" /><testcase classname="tests.analytics.compute.test_semantic_roles" name="test_decorator_names_multiple" time="0.000" /><testcase classname="tests.analytics.compute.test_semantic_roles" name="test_constants_role_threshold_positive" time="0.000" /><testcase classname="tests.analytics.compute.test_semantic_roles" name="test_constants_service_fan_thresholds_positive" time="0.000" /><testcase classname="tests.analytics.compute.test_dependencies_classification" name="test_risk_level_write_mode_is_high" time="0.000" /><testcase classname="tests.analytics.compute.test_dependencies_classification" name="test_risk_level_mixed_modes_with_write_is_high" time="0.000" /><testcase classname="tests.analytics.compute.test_dependencies_classification" name="test_risk_level_many_callsites_is_medium" time="0.000" /><testcase classname="tests.analytics.compute.test_dependencies_classification" name="test_risk_level_above_threshold_is_medium" time="0.000" /><testcase classname="tests.analytics.compute.test_dependencies_classification" name="test_risk_level_few_callsites_is_low" time="0.000" /><testcase classname="tests.analytics.compute.test_dependencies_classification" name="test_risk_level_empty_modes_is_low" time="0.000" /><testcase classname="tests.analytics.compute.test_dependencies_classification" name="test_callsite_threshold_constant" time="0.000" /><testcase classname="tests.analytics.compute.test_dependencies_classification" name="test_requests_http_get" time="0.000" /><testcase classname="tests.analytics.compute.test_graphs_conversions.TestSafeFloat" name="test_converts_decimal[input_val0-1.5]" time="0.001" /><testcase classname="tests.analytics.compute.test_graphs_conversions.TestSafeFloat" name="test_converts_decimal[input_val1-0.0]" time="0.001" /><testcase classname="tests.analytics.compute.test_graphs_conversions.TestSafeFloat" name="test_converts_decimal[input_val2--3.14]" time="0.001" /><testcase classname="tests.analytics.compute.test_graphs_conversions.TestSafeFloat" name="test_converts_string[1.5-1.5]" time="0.001" /><testcase classname="tests.analytics.compute.test_graphs_conversions.TestSafeFloat" name="test_converts_string[0.0-0.0]" time="0.001" /><testcase classname="tests.analytics.profiles.test_utils.TestOptionalInt" name="test_returns_none_for_whitespace_only_string" time="0.000" /><testcase classname="tests.analytics.profiles.test_utils.TestOptionalInt" name="test_returns_none_for_invalid_string" time="0.000" /><testcase classname="tests.analytics.profiles.test_utils.TestOptionalInt" name="test_returns_none_for_none_input" time="0.000" /><testcase classname="tests.analytics.profiles.test_utils.TestOptionalInt" name="test_returns_int_for_bool_true" time="0.000" /><testcase classname="tests.analytics.profiles.test_utils.TestOptionalInt" name="test_returns_int_for_bool_false" time="0.000" /><testcase classname="tests.analytics.profiles.test_utils.TestIntOrDefault" name="test_returns_int_for_int_input" time="0.000" /><testcase classname="tests.analytics.profiles.test_utils.TestIntOrDefault" name="test_returns_default_for_none" time="0.000" /><testcase classname="tests.analytics.profiles.test_utils.TestIntOrDefault" name="test_returns_custom_default_for_none" time="0.000" /><testcase classname="tests.analytics.profiles.test_utils.TestIntOrDefault" name="test_returns_default_for_invalid_string" time="0.000" /><testcase classname="tests.analytics.compute.test_graphs_conversions.TestSafeFloat" name="test_returns_none_for_invalid" time="0.001" /><testcase classname="tests.analytics.compute.test_graphs_conversions.TestLogEmptyGraph" name="test_logs_for_empty_graph" time="0.002" /><testcase classname="tests.analytics.compute.test_graphs_conversions.TestLogEmptyGraph" name="test_no_log_for_nonempty_graph" time="0.001" /><testcase classname="tests.analytics.compute.test_graphs_conversions.TestLogEmptyGraph" name="test_works_with_digraph" time="0.001" /><testcase classname="tests.analytics.compute.test_graphs_conversions.TestLogProjectionSkipped" name="test_logs_warning" time="0.001" /><testcase classname="tests.analytics.compute.test_graphs_conversions.TestLogProjectionSkipped" name="test_logs_with_different_reasons" time="0.001" /><testcase classname="tests.analytics.compute.test_graphs_conversions.TestIntegrationScenarios" name="test_roundtrip_decimal_normalization" time="0.000" /><testcase classname="tests.analytics.compute.test_graphs_conversions.TestIntegrationScenarios" name="test_graph_node_id_normalization" time="0.001" /><testcase classname="tests.analytics.compute.test_graphs_conversions.TestIntegrationScenarios" name="test_safe_float_for_metrics" time="0.001" /><testcase classname="tests.analytics.compute.test_graphs_statistics" name="test_statistics_create_all_fields" time="0.000" /><testcase classname="tests.analytics.compute.test_graphs_statistics" name="test_statistics_is_frozen" time="0.001" /><testcase classname="tests.analytics.compute.test_graphs_statistics" name="test_stats_empty_graph" time="0.001" /><testcase classname="tests.analytics.compute.test_graphs_statistics" name="test_stats_single_node" time="0.002" /><testcase classname="tests.analytics.compute.test_graphs_statistics" name="test_stats_simple_dag_is_dag" time="0.001" /><testcase classname="tests.analytics.compute.test_graphs_statistics" name="test_stats_cycle_is_not_dag" time="0.001" /><testcase classname="tests.analytics.compute.test_graphs_statistics" name="test_stats_node_and_edge_counts" time="0.001" /><testcase classname="tests.analytics.compute.test_graphs_statistics" name="test_stats_density_calculation" time="0.001" /><testcase classname="tests.analytics.compute.test_graphs_statistics" name="test_stats_average_degrees" time="0.001" /><testcase classname="tests.analytics.compute.test_functions_complexity.TestComputeComplexityControlFlow" name="test_try_except_adds_complexity" time="0.000" /><testcase classname="tests.analytics.subsystems.test_affinity" name="test_add_graph_weight_ignores_self_loop" time="0.000" /><testcase classname="tests.analytics.subsystems.test_affinity" name="test_add_graph_weight_ignores_zero_weight" time="0.000" /><testcase classname="tests.analytics.subsystems.test_affinity" name="test_add_graph_weight_ignores_negative_weight" time="0.000" /><testcase classname="tests.analytics.subsystems.test_affinity" name="test_graph_to_adjacency_empty" time="0.000" /><testcase classname="tests.analytics.subsystems.test_affinity" name="test_graph_to_adjacency_single_edge" time="0.000" /><testcase classname="tests.analytics.subsystems.test_affinity" name="test_graph_to_adjacency_multiple_edges" time="0.000" /><testcase classname="tests.analytics.subsystems.test_affinity" name="test_graph_to_adjacency_default_weight" time="0.000" /><testcase classname="tests.analytics.subsystems.test_affinity" name="test_seed_labels_from_tags_empty" time="0.000" /><testcase classname="tests.analytics.subsystems.test_affinity" name="test_seed_labels_from_tags_basic" time="0.000" /><testcase classname="tests.analytics.compute.test_semantic_roles" name="test_constants_helper_loc_threshold_positive" time="0.000" /><testcase classname="tests.analytics.compute.test_functions_complexity.TestComputeComplexityControlFlow" name="test_and_or_add_complexity" time="0.000" /><testcase classname="tests.analytics.profiles.test_utils.TestIntOrDefault" name="test_returns_int_for_valid_string" time="0.000" /><testcase classname="tests.analytics.profiles.test_utils.TestOptionalFloat" name="test_returns_float_for_float_input" time="0.000" /><testcase classname="tests.analytics.profiles.test_utils.TestOptionalFloat" name="test_returns_float_for_int_input" time="0.000" /><testcase classname="tests.analytics.profiles.test_utils.TestOptionalFloat" name="test_returns_float_for_string_number" time="0.000" /><testcase classname="tests.analytics.profiles.test_utils.TestOptionalFloat" name="test_returns_float_for_string_with_whitespace" time="0.000" /><testcase classname="tests.analytics.profiles.test_utils.TestOptionalFloat" name="test_returns_none_for_empty_string" time="0.000" /><testcase classname="tests.analytics.profiles.test_utils.TestOptionalFloat" name="test_returns_none_for_whitespace_only_string" time="0.000" /><testcase classname="tests.analytics.profiles.test_utils.TestOptionalFloat" name="test_returns_none_for_invalid_string" time="0.000" /><testcase classname="tests.analytics.compute.test_graphs_centrality" name="test_betweenness_empty_graph" time="0.001" /><testcase classname="tests.analytics.compute.test_graphs_centrality" name="test_betweenness_single_node_zero" time="0.001" /><testcase classname="tests.analytics.compute.test_graphs_centrality" name="test_betweenness_chain_middle_nodes_high" time="0.001" /><testcase classname="tests.analytics.compute.test_graphs_centrality" name="test_betweenness_star_hub_high" time="0.001" /><testcase classname="tests.analytics.functions.test_function_effects" name="test_effect_analysis_global_modification" time="0.000" /><testcase classname="tests.analytics.functions.test_function_effects" name="test_effect_analysis_closure_modification" time="0.000" /><testcase classname="tests.analytics.functions.test_function_effects" name="test_effect_analysis_thread_spawn" time="0.000" /><testcase classname="tests.analytics.functions.test_function_effects" name="test_effect_analysis_multiple_effects" time="0.000" /><testcase classname="tests.analytics.functions.test_function_effects" name="test_effect_analysis_immutable" time="0.000" /><testcase classname="tests.analytics.functions.test_function_effects" name="test_effect_analysis_evidence_structure" time="0.000" /><testcase classname="tests.analytics.functions.test_function_effects" name="test_function_effects_inputs_defaults" time="0.000" /><testcase classname="tests.analytics.functions.test_function_effects" name="test_function_effects_inputs_with_ast_map" time="0.000" /><testcase classname="tests.analytics.functions.test_function_effects" name="test_function_effects_inputs_immutable" time="0.000" /><testcase classname="tests.analytics.compute.test_functions_complexity.TestComputeComplexityNesting" name="test_flat_function_depth_zero" time="0.000" /><testcase classname="tests.analytics.compute.test_functions_complexity.TestComputeComplexityNesting" name="test_single_if_depth_one" time="0.000" /><testcase classname="tests.analytics.compute.test_functions_complexity.TestComputeComplexityNesting" name="test_nested_depth" time="0.000" /><testcase classname="tests.analytics.compute.test_functions_complexity.TestComputeComplexityCounts" name="test_return_count" time="0.000" /><testcase classname="tests.analytics.compute.test_functions_complexity.TestComputeComplexityCounts" name="test_yield_count" time="0.000" /><testcase classname="tests.analytics.compute.test_functions_complexity.TestComputeComplexityCounts" name="test_raise_count" time="0.001" /><testcase classname="tests.analytics.compute.test_functions_complexity.TestComputeComplexityAttributes" name="test_has_docstring" time="0.000" /><testcase classname="tests.analytics.compute.test_functions_complexity.TestComputeComplexityAttributes" name="test_no_docstring" time="0.000" /><testcase classname="tests.analytics.compute.test_functions_complexity.TestComputeComplexityAttributes" name="test_async_function" time="0.000" /><testcase classname="tests.analytics.compute.test_functions_complexity.TestComputeComplexityAttributes" name="test_decorator_count" time="0.000" /><testcase classname="tests.analytics.compute.test_functions_complexity.TestComplexityBuckets" name="test_low_complexity_bucket" time="0.000" /><testcase classname="tests.analytics.compute.test_functions_complexity.TestComplexityBuckets" name="test_medium_complexity_bucket" time="0.001" /><testcase classname="tests.analytics.compute.test_functions_complexity.TestComplexityBuckets" name="test_complexity_thresholds_defined" time="0.000" /><testcase classname="tests.analytics.compute.test_functions_signatures" name="test_parameter_create_with_all_fields" time="0.001" /><testcase classname="tests.analytics.compute.test_functions_signatures" name="test_parameter_no_annotation" time="0.000" /><testcase classname="tests.analytics.compute.test_functions_signatures" name="test_parameter_is_frozen" time="0.001" /><testcase classname="tests.analytics.compute.test_functions_signatures" name="test_signature_create_with_all_fields" time="0.000" /><testcase classname="tests.analytics.compute.test_functions_signatures" name="test_signature_is_frozen" time="0.000" /><testcase classname="tests.analytics.compute.test_functions_signatures" name="test_extract_simple_function" time="0.001" /><testcase classname="tests.analytics.profiles.test_utils.TestOptionalBool" name="test_returns_false_for_falsy_strings[0]" time="0.001" /><testcase classname="tests.analytics.profiles.test_utils.TestOptionalBool" name="test_returns_false_for_falsy_strings[no]" time="0.001" /><testcase classname="tests.analytics.profiles.test_utils.TestOptionalBool" name="test_returns_false_for_falsy_strings[NO]" time="0.001" /><testcase classname="tests.analytics.profiles.test_utils.TestOptionalBool" name="test_returns_true_for_string_with_whitespace" time="0.000" /><testcase classname="tests.analytics.profiles.test_utils.TestOptionalBool" name="test_returns_none_for_empty_string" time="0.000" /><testcase classname="tests.analytics.profiles.test_utils.TestOptionalBool" name="test_returns_none_for_invalid_string" time="0.000" /><testcase classname="tests.analytics.profiles.test_utils.TestOptionalBool" name="test_returns_none_for_none_input" time="0.000" /><testcase classname="tests.analytics.profiles.test_utils.TestModuleTableConstants" name="test_catalog_module_table_value" time="0.000" /><testcase classname="tests.analytics.profiles.test_utils.TestModuleTableConstants" name="test_default_module_table_value" time="0.000" /><testcase classname="tests.analytics.resources.test_provider_factory" name="test_provider_factory_options_defaults" time="0.001" /><testcase classname="tests.analytics.resources.test_provider_factory" name="test_provider_factory_options_custom" time="0.000" /><testcase classname="tests.analytics.testing.coverage.test_edges.TestBuildEdgesForFile" name="test_uses_unknown_status_for_unmapped_test" time="0.003" /><testcase classname="tests.analytics.compute.test_semantic_roles" name="test_accumulator_finalize_caps_confidence" time="0.000" /><testcase classname="tests.analytics.compute.test_semantic_roles" name="test_classify_test_function" time="0.001" /><testcase classname="tests.analytics.compute.test_semantic_roles" name="test_classify_test_prefix" time="0.000" /><testcase classname="tests.analytics.compute.test_semantic_roles" name="test_classify_pytest_fixture" time="0.000" /><testcase classname="tests.analytics.compute.test_semantic_roles" name="test_classify_api_handler" time="0.000" /><testcase classname="tests.analytics.compute.test_semantic_roles" name="test_classify_flask_route" time="0.000" /><testcase classname="tests.analytics.compute.test_semantic_roles" name="test_classify_cli_click" time="0.000" /><testcase classname="tests.analytics.compute.test_semantic_roles" name="test_classify_cli_typer" time="0.000" /><testcase classname="tests.analytics.compute.test_semantic_roles" name="test_classify_cli_path" time="0.000" /><testcase classname="tests.analytics.compute.test_semantic_roles" name="test_classify_repository" time="0.000" /><testcase classname="tests.analytics.compute.test_semantic_roles" name="test_classify_service" time="0.000" /><testcase classname="tests.analytics.compute.test_semantic_roles" name="test_classify_validator" time="0.000" /><testcase classname="tests.analytics.compute.test_semantic_roles" name="test_classify_validator_by_name[validate]" time="0.001" /><testcase classname="tests.analytics.compute.test_semantic_roles" name="test_classify_validator_by_name[check]" time="0.001" /><testcase classname="tests.analytics.compute.test_semantic_roles" name="test_classify_validator_by_name[ensure]" time="0.001" /><testcase classname="tests.analytics.compute.test_semantic_roles" name="test_classify_validator_by_name[assert]" time="0.001" /><testcase classname="tests.analytics.compute.test_semantic_roles" name="test_classify_config_loader" time="0.000" /><testcase classname="tests.analytics.core.test_plugin_registration" name="test_all_plugins_have_names" time="0.001" /><testcase classname="tests.analytics.core.test_plugin_registration" name="test_expected_plugins_are_present" time="0.000" /><testcase classname="tests.analytics.core.test_plugin_registration" name="test_no_duplicate_plugin_names" time="0.000" /><testcase classname="tests.analytics.core.test_plugin_registration" name="test_plugins_have_valid_metadata" time="0.000" /><testcase classname="tests.analytics.core.test_plugin_registration" name="test_plugins_are_target_plugins" time="0.000" /><testcase classname="tests.analytics.core.test_plugin_registration" name="test_specific_plugins_present[functions.metrics]" time="0.001" /><testcase classname="tests.analytics.core.test_plugin_registration" name="test_specific_plugins_present[functions.ast_features]" time="0.001" /><testcase classname="tests.analytics.core.test_plugin_registration" name="test_specific_plugins_present[coverage.functions]" time="0.001" /><testcase classname="tests.analytics.core.test_plugin_registration" name="test_specific_plugins_present[tests.profile]" time="0.001" /><testcase classname="tests.analytics.profiles.test_utils.TestOptionalFloat" name="test_returns_none_for_none_input" time="0.000" /><testcase classname="tests.analytics.profiles.test_utils.TestOptionalFloat" name="test_returns_float_for_bool_true" time="0.000" /><testcase classname="tests.analytics.compute.test_graphs_statistics" name="test_stats_multiple_components" time="0.001" /><testcase classname="tests.analytics.compute.test_graphs_statistics" name="test_stats_strongly_connected_graph" time="0.001" /><testcase classname="tests.analytics.compute.test_graphs_statistics" name="test_stats_realistic_call_graph" time="0.001" /><testcase classname="tests.analytics.compute.test_graphs_statistics" name="test_in_degrees_empty_graph" time="0.000" /><testcase classname="tests.analytics.compute.test_graphs_statistics" name="test_in_degrees_simple_chain" time="0.000" /><testcase classname="tests.analytics.compute.test_graphs_statistics" name="test_in_degrees_star_graph" time="0.000" /><testcase classname="tests.analytics.compute.test_graphs_statistics" name="test_out_degrees_empty_graph" time="0.000" /><testcase classname="tests.analytics.compute.test_graphs_statistics" name="test_out_degrees_simple_chain" time="0.000" /><testcase classname="tests.analytics.compute.test_graphs_statistics" name="test_out_degrees_star_graph" time="0.000" /><testcase classname="tests.analytics.compute.test_graphs_statistics" name="test_degrees_empty_graph" time="0.000" /><testcase classname="tests.analytics.compute.test_graphs_statistics" name="test_degrees_simple_path" time="0.001" /><testcase classname="tests.analytics.compute.test_functions_signatures" name="test_extract_typed_function" time="0.000" /><testcase classname="tests.analytics.compute.test_functions_signatures" name="test_extract_async_function" time="0.000" /><testcase classname="tests.analytics.compute.test_functions_signatures" name="test_extract_no_params" time="0.000" /><testcase classname="tests.analytics.compute.test_functions_signatures" name="test_extract_no_docstring" time="0.000" /><testcase classname="tests.analytics.compute.test_functions_signatures" name="test_extract_non_function_node" time="0.000" /><testcase classname="tests.analytics.compute.test_functions_signatures" name="test_extract_method_with_self" time="0.000" /><testcase classname="tests.analytics.compute.test_graphs_centrality" name="test_betweenness_cycle_equal" time="0.000" /><testcase classname="tests.analytics.compute.test_graphs_centrality" name="test_betweenness_normalized" time="0.001" /><testcase classname="tests.analytics.compute.test_graphs_centrality" name="test_betweenness_unnormalized" time="0.001" /><testcase classname="tests.analytics.compute.test_graphs_centrality" name="test_betweenness_sampled_with_k" time="0.001" /><testcase classname="tests.analytics.compute.test_graphs_centrality" name="test_betweenness_disconnected_components" time="0.001" /><testcase classname="tests.analytics.compute.test_graphs_centrality" name="test_betweenness_realistic_call_graph" time="0.001" /><testcase classname="tests.analytics.compute.test_graphs_centrality" name="test_betweenness_keys_match_nodes" time="0.001" /><testcase classname="tests.analytics.compute.test_graphs_centrality" name="test_betweenness_values_are_floats" time="0.000" /><testcase classname="tests.analytics.compute.test_graphs_centrality" name="test_both_metrics_same_nodes" time="0.002" /><testcase classname="tests.analytics.test_semantic_roles_signals" name="test_pytest_fixture_vs_test_role" time="0.002" /><testcase classname="tests.analytics.test_semantic_roles_signals" name="test_service_tag_and_graph_signal" time="0.001" /><testcase classname="tests.analytics.test_span_resolver" name="test_build_span_index_skips_missing_goids" time="0.001" /><testcase classname="tests.analytics.test_span_resolver" name="test_resolve_span_success" time="0.001" /><testcase classname="tests.analytics.test_span_resolver" name="test_resolve_span_missing" time="0.001" /><testcase classname="tests.analytics.test_subsystem_cache_benchmark" name="test_refresh_and_benchmark_returns_timings" time="1.848" /><testcase classname="tests.analytics.functions.test_function_contracts" name="test_condition_context_creation" time="0.001" /><testcase classname="tests.analytics.functions.test_function_contracts" name="test_condition_context_immutable" time="0.001" /><testcase classname="tests.analytics.functions.test_function_contracts" name="test_condition_context_with_none_line" time="0.001" /><testcase classname="tests.analytics.compute.test_semantic_roles" name="test_classify_helper" time="0.000" /><testcase classname="tests.analytics.compute.test_graphs_statistics" name="test_degrees_triangle" time="0.000" /><testcase classname="tests.analytics.compute.test_graphs_statistics" name="test_in_degree_values_empty_graph" time="0.000" /><testcase classname="tests.analytics.compute.test_graphs_statistics" name="test_in_degree_values_only" time="0.000" /><testcase classname="tests.analytics.compute.test_graphs_statistics" name="test_out_degree_values_empty_graph" time="0.000" /><testcase classname="tests.analytics.functions.test_function_effects" name="test_effect_analysis_direct_effectful_all_false" time="0.000" /><testcase classname="tests.analytics.functions.test_function_effects" name="test_effect_analysis_direct_effectful_any_true" time="0.000" /><testcase classname="tests.analytics.functions.test_function_effects" name="test_effect_analysis_no_io_no_db" time="0.000" /><testcase classname="tests.analytics.functions.test_function_effects" name="test_effect_analysis_io_no_db" time="0.000" /><testcase classname="tests.analytics.compute.test_functions_signatures" name="test_extract_classmethod" time="0.000" /><testcase classname="tests.analytics.compute.test_functions_signatures" name="test_extract_staticmethod" time="0.000" /><testcase classname="tests.analytics.compute.test_functions_signatures" name="test_extract_property" time="0.000" /><testcase classname="tests.analytics.compute.test_functions_signatures" name="test_extract_simple_decorator" time="0.000" /><testcase classname="tests.analytics.compute.test_functions_signatures" name="test_extract_multiple_decorators" time="0.000" /><testcase classname="tests.analytics.compute.test_graphs_centrality" name="test_metrics_identify_different_importance" time="0.001" /><testcase classname="tests.analytics.compute.test_graphs_centrality" name="test_dense_graph_metrics" time="0.001" /><testcase classname="tests.analytics.functions.test_function_effects" name="test_effect_analysis_no_io_db" time="0.000" /><testcase classname="tests.analytics.functions.test_function_effects" name="test_effect_analysis_io_and_db" time="0.000" /><testcase classname="tests.analytics.graphs.test_contracts" name="test_plugin_contract_result_passed" time="0.001" /><testcase classname="tests.analytics.graphs.test_contracts" name="test_plugin_contract_result_failed" time="0.000" /><testcase classname="tests.analytics.graphs.test_contracts" name="test_plugin_contract_result_soft_failed" time="0.000" /><testcase classname="tests.analytics.graphs.test_contracts" name="test_plugin_contract_result_immutable" time="0.000" /><testcase classname="tests.analytics.graphs.test_contracts" name="test_snapshot_key_creation" time="0.000" /><testcase classname="tests.analytics.graphs.test_contracts" name="test_snapshot_key_immutable" time="0.000" /><testcase classname="tests.analytics.graphs.test_contracts" name="test_not_null_fraction_spec_creation" time="0.001" /><testcase classname="tests.analytics.graphs.test_contracts" name="test_not_null_fraction_spec_default_name" time="0.000" /><testcase classname="tests.analytics.graphs.test_contracts" name="test_safe_table_queries_contains_expected_tables" time="0.000" /><testcase classname="tests.analytics.graphs.test_contracts" name="test_safe_table_columns_contains_expected_tables" time="0.000" /><testcase classname="tests.analytics.graphs.test_contracts" name="test_safe_table_columns_has_expected_columns" time="0.000" /><testcase classname="tests.analytics.testing.profiles.test_builder.TestInferBehaviorTags" name="test_infers_filesystem_interaction_from_io_flags" time="0.002" /><testcase classname="tests.architecture.test_export_macro_paths" name="test_exporters_avoid_direct_table_reads" time="0.001" /><testcase classname="tests.architecture.test_graph_engine_entrypoints" name="test_build_graph_engine_entrypoints_are_restricted" time="0.030" /><testcase classname="tests.analytics.testing.profiles.test_builder.TestInferBehaviorTags" name="test_infers_process_interaction_from_io_flags" time="0.000" /><testcase classname="tests.analytics.testing.profiles.test_builder.TestInferBehaviorTags" name="test_infers_io_heavy_from_io_bound_property" time="0.000" /><testcase classname="tests.analytics.testing.profiles.test_builder.TestInferBehaviorTags" name="test_infers_error_paths_from_pytest_raises" time="0.000" /><testcase classname="tests.analytics.testing.profiles.test_builder.TestInferBehaviorTags" name="test_infers_concurrency_from_ast_info" time="0.000" /><testcase classname="tests.analytics.testing.profiles.test_builder.TestInferBehaviorTags" name="test_infers_edge_cases_from_boundary_asserts" time="0.000" /><testcase classname="tests.analytics.testing.profiles.test_builder.TestInferBehaviorTags" name="test_combines_tags_from_multiple_sources" time="0.000" /><testcase classname="tests.analytics.testing.profiles.test_builder.TestInferBehaviorTags" name="test_returns_sorted_tags" time="0.000" /><testcase classname="tests.analytics.compute.test_graphs_centrality" name="test_pagerank_simple_chain" time="0.002" /><testcase classname="tests.analytics.compute.test_graphs_centrality" name="test_pagerank_cycle_equal" time="0.001" /><testcase classname="tests.analytics.compute.test_graphs_centrality" name="test_pagerank_star_hub_low" time="0.001" /><testcase classname="tests.analytics.compute.test_graphs_centrality" name="test_pagerank_reverse_star_hub_high" time="0.002" /><testcase classname="tests.analytics.compute.test_graphs_centrality" name="test_pagerank_realistic_call_graph" time="0.002" /><testcase classname="tests.analytics.compute.test_graphs_centrality" name="test_pagerank_custom_alpha" time="0.003" /><testcase classname="tests.analytics.compute.test_graphs_conversions.TestToDecimalId" name="test_converts_integers[None-None]" time="0.001" /><testcase classname="tests.analytics.compute.test_graphs_conversions.TestToDecimalId" name="test_converts_integers[123-expected1]" time="0.000" /><testcase classname="tests.analytics.compute.test_graphs_conversions.TestToDecimalId" name="test_converts_integers[456-expected2]" time="0.001" /><testcase classname="tests.analytics.compute.test_graphs_conversions.TestToDecimalId" name="test_converts_integers[0-expected3]" time="0.001" /><testcase classname="tests.analytics.compute.test_graphs_conversions.TestToDecimalId" name="test_converts_integers[-1-expected4]" time="0.001" /><testcase classname="tests.analytics.compute.test_graphs_conversions.TestToDecimalId" name="test_converts_string_integers[123-expected0]" time="0.001" /><testcase classname="tests.analytics.compute.test_graphs_conversions.TestToDecimalId" name="test_converts_string_integers[456-expected1]" time="0.000" /><testcase classname="tests.analytics.compute.test_graphs_centrality" name="test_pagerank_custom_max_iter" time="0.001" /><testcase classname="tests.analytics.compute.test_graphs_conversions.TestToDecimalId" name="test_converts_string_integers[0-expected2]" time="0.000" /><testcase classname="tests.analytics.compute.test_graphs_conversions.TestToDecimalId" name="test_converts_decimal_input" time="0.000" /><testcase classname="tests.analytics.compute.test_graphs_conversions.TestToDecimalId" name="test_handles_large_integers" time="0.000" /><testcase classname="tests.analytics.compute.test_graphs_conversions.TestNormalizeDecimalId" name="test_returns_none_for_none" time="0.000" /><testcase classname="tests.analytics.compute.test_graphs_conversions.TestNormalizeDecimalId" name="test_passes_through_integers[123-123]" time="0.000" /><testcase classname="tests.analytics.compute.test_graphs_conversions.TestNormalizeDecimalId" name="test_passes_through_integers[0-0]" time="0.000" /><testcase classname="tests.analytics.compute.test_graphs_conversions.TestNormalizeDecimalId" name="test_passes_through_integers[-1--1]" time="0.001" /><testcase classname="tests.analytics.compute.test_graphs_conversions.TestNormalizeDecimalId" name="test_converts_decimal_to_int[input_val0-123]" time="0.001" /><testcase classname="tests.analytics.compute.test_graphs_centrality" name="test_pagerank_custom_tolerance" time="0.002" /><testcase classname="tests.analytics.compute.test_graphs_conversions.TestNormalizeDecimalId" name="test_converts_decimal_to_int[input_val1-0]" time="0.000" /><testcase classname="tests.analytics.compute.test_graphs_conversions.TestNormalizeDecimalId" name="test_converts_decimal_to_int[input_val2--456]" time="0.001" /><testcase classname="tests.analytics.compute.test_graphs_centrality" name="test_pagerank_disconnected_components" time="0.002" /><testcase classname="tests.analytics.compute.test_graphs_centrality" name="test_pagerank_sums_to_one" time="0.001" /><testcase classname="tests.analytics.compute.test_dependencies_classification" name="test_sqlalchemy_select_query" time="0.001" /><testcase classname="tests.analytics.compute.test_functions_complexity.TestComputeComplexityControlFlow" name="test_for_loop_adds_complexity" time="0.001" /><testcase classname="tests.architecture.test_nx_views_boundary" name="test_nx_views_only_used_in_graphs_layer" time="0.011" /><testcase classname="tests.cli.test_op_dynamic_cli" name="test_classify_param_role_categorizes_correctly[subsystem_id-selector]" time="0.001" /><testcase classname="tests.cli.test_typer_cli" name="test_op_list_shows_operations" time="0.036" /><testcase classname="tests.cli.test_op_dynamic_cli" name="test_classify_param_role_categorizes_correctly[limit-filter]" time="0.001" /><testcase classname="tests.cli.test_op_dynamic_cli" name="test_classify_param_role_categorizes_correctly[offset-filter]" time="0.001" /><testcase classname="tests.analytics.compute.test_profiles" name="test_aggregate_then_extract" time="0.001" /><testcase classname="tests.cli.test_op_dynamic_cli" name="test_classify_param_role_categorizes_correctly[tested_only-filter]" time="0.001" /><testcase classname="tests.analytics.compute.test_dependencies_detection.TestDependencyModePattern" name="test_no_match_with_none_method" time="0.001" /><testcase classname="tests.config.test_composite_schemas" name="test_get_source_for_column_shared" time="0.001" /><testcase classname="tests.cli.test_op_dynamic_cli" name="test_classify_param_role_categorizes_correctly[min_risk-filter]" time="0.001" /><testcase classname="tests.config.test_composite_schemas" name="test_get_source_for_column_unique" time="0.000" /><testcase classname="tests.cli.test_op_dynamic_cli" name="test_classify_param_role_categorizes_correctly[max_depth-filter]" time="0.001" /><testcase classname="tests.config.test_dataset_contract_snapshot" name="test_dataset_contracts_by_table_key_count_snapshot" time="0.001" /><testcase classname="tests.config.test_composite_schemas" name="test_get_source_for_column_additional" time="0.001" /><testcase classname="tests.config.test_dataset_contract_snapshot" name="test_table_schemas_count_snapshot" time="0.000" /><testcase classname="tests.cli.test_op_dynamic_cli" name="test_classify_param_role_categorizes_correctly[kind-filter]" time="0.001" /><testcase classname="tests.config.test_dataset_contract_snapshot" name="test_row_bindings_count_snapshot" time="0.000" /><testcase classname="tests.cli.test_op_dynamic_cli" name="test_classify_param_role_categorizes_correctly[scope-advanced]" time="0.001" /><testcase classname="tests.config.test_composite_schemas" name="test_get_source_for_column_mapped" time="0.000" /><testcase classname="tests.config.test_dataset_contract_snapshot" name="test_all_tables_have_schemas" time="0.000" /><testcase classname="tests.config.test_dataset_contract_snapshot" name="test_row_bindings_have_table_schemas" time="0.000" /><testcase classname="tests.cli.test_op_dynamic_cli" name="test_classify_param_role_categorizes_correctly[graph_scope-advanced]" time="0.001" /><testcase classname="tests.config.test_composite_schemas" name="test_source_column_names_includes_shared" time="0.000" /><testcase classname="tests.config.test_composite_schemas" name="test_source_column_names_excludes_excluded" time="0.000" /><testcase classname="tests.config.test_composite_schemas" name="test_source_column_names_applies_mappings" time="0.000" /><testcase classname="tests.config.test_datasets_contracts" name="test_get_table_schemas_returns_dict" time="0.000" /><testcase classname="tests.cli.test_op_dynamic_cli" name="test_classify_param_role_categorizes_correctly[radius-advanced]" time="0.001" /><testcase classname="tests.config.test_datasets_contracts" name="test_get_table_schemas_contains_expected_keys" time="0.000" /><testcase classname="tests.cli.test_op_dynamic_cli" name="test_classify_param_role_categorizes_correctly[max_nodes-advanced]" time="0.001" /><testcase classname="tests.architecture.test_query_layer_boundaries" name="test_adapters_do_not_embed_sql" time="0.002" /><testcase classname="tests.cli.test_build_cli.TestBuildStatusHelp" name="test_status_help_shows_description" time="0.074" /><testcase classname="tests.config.test_composite_schemas" name="test_composite_has_sources[function_profile]" time="0.001" /><testcase classname="tests.config.test_composite_schemas" name="test_composite_has_sources[file_profile]" time="0.000" /><testcase classname="tests.analytics.profiles.test_utils.TestOptionalFloat" name="test_returns_float_for_bool_false" time="0.001" /><testcase classname="tests.cli.test_op_dynamic_cli" name="test_classify_param_role_categorizes_correctly[some_unknown_param-filter]" time="0.000" /><testcase classname="tests.config.test_datasets_contracts" name="test_get_table_schemas_values_are_table_schema" time="0.001" /><testcase classname="tests.config.test_datasets_contracts" name="test_get_composite_schemas_returns_dict" time="0.000" /><testcase classname="tests.cli.test_op_dynamic_cli" name="test_classify_param_role_with_graph_operation_context" time="0.000" /><testcase classname="tests.config.test_datasets_contracts" name="test_get_dataset_contracts_returns_dict" time="0.000" /><testcase classname="tests.config.test_datasets_contracts" name="test_get_dataset_contracts_by_table_key_returns_dict" time="0.000" /><testcase classname="tests.config.test_datasets_dataflow" name="test_build_contract_dataflow_graph_returns_tuple" time="0.001" /><testcase classname="tests.config.test_datasets_dataflow" name="test_build_contract_dataflow_graph_nodes_are_unique" time="0.001" /><testcase classname="tests.config.test_composite_schemas" name="test_composite_has_sources[module_profile]" time="0.000" /><testcase classname="tests.config.test_composite_schemas" name="test_composite_has_sources[test_profile]" time="0.000" /><testcase classname="tests.config.test_composite_schemas" name="test_composite_has_shared_fragments[function_profile]" time="0.000" /><testcase classname="tests.cli.test_op_dynamic_cli" name="test_get_operations_with_cli_support_returns_list" time="0.000" /><testcase classname="tests.cli.test_op_dynamic_cli" name="test_get_backend_signature_for_known_operation" time="0.000" /><testcase classname="tests.cli.test_op_dynamic_cli" name="test_build_operation_cli_metadata_for_function_summary" time="0.001" /><testcase classname="tests.config.test_composite_schemas" name="test_composite_has_shared_fragments[file_profile]" time="0.000" /><testcase classname="tests.config.test_composite_schemas" name="test_composite_has_shared_fragments[module_profile]" time="0.000" /><testcase classname="tests.cli.test_op_dynamic_cli" name="test_op_help_shows_core_commands" time="0.000" /><testcase classname="tests.config.test_datasets_contracts" name="test_dataset_contract_counts_match" time="0.000" /><testcase classname="tests.config.test_datasets_contracts" name="test_row_binding_dataclass" time="0.000" /><testcase classname="tests.config.test_datasets_contracts" name="test_dataset_contract_capabilities" time="0.000" /><testcase classname="tests.config.test_datasets_dataflow" name="test_build_contract_dataflow_graph_edges_are_unique" time="0.000" /><testcase classname="tests.config.test_datasets_dataflow" name="test_dataflow_graph_contains_expected_tables" time="0.000" /><testcase classname="tests.config.test_datasets_contracts" name="test_dataset_contract_column_names" time="0.000" /><testcase classname="tests.cli.test_op_dynamic_cli" name="test_operation_metadata_available" time="0.001" /><testcase classname="tests.config.test_datasets_primitives" name="test_column_creation" time="0.000" /><testcase classname="tests.config.test_composite_schemas" name="test_composite_has_shared_fragments[test_profile]" time="0.000" /><testcase classname="tests.config.test_composite_schemas" name="test_all_profiles_have_composite_schemas" time="0.000" /><testcase classname="tests.config.test_datasets_contracts" name="test_dataset_contract_has_row_binding" time="0.000" /><testcase classname="tests.config.test_datasets_primitives" name="test_column_defaults" time="0.000" /><testcase classname="tests.config.test_composite_schemas" name="test_profile_contracts_have_composition" time="0.000" /><testcase classname="tests.cli.test_op_dynamic_cli" name="test_operation_validation_rejects_unknown" time="0.000" /><testcase classname="tests.config.test_datasets_primitives" name="test_index_creation" time="0.000" /><testcase classname="tests.config.test_datasets_contracts" name="test_dataset_contract_without_row_binding_raises" time="0.001" /><testcase classname="tests.config.test_composite_s
[...]
.dots]" time="0.001" /><testcase classname="tests.storage.test_sql_primitives" name="test_safe_table_creates_with_valid_name" time="0.000" /><testcase classname="tests.storage.test_sql_primitives" name="test_safe_table_creates_with_simple_name" time="0.000" /><testcase classname="tests.storage.test_sql_primitives" name="test_safe_table_raises_on_invalid_name" time="0.000" /><testcase classname="tests.storage.test_sql_primitives" name="test_safe_table_raises_on_empty_name" time="0.000" /><testcase classname="tests.storage.test_sql_primitives" name="test_safe_table_is_frozen" time="0.005" /><testcase classname="tests.storage.test_sql_primitives" name="test_safe_column_creates_with_valid_name" time="0.000" /><testcase classname="tests.storage.test_sql_primitives" name="test_safe_column_accepts_various_valid_names[id]" time="0.000" /><testcase classname="tests.storage.test_sql_primitives" name="test_safe_column_accepts_various_valid_names[repo]" time="0.001" /><testcase classname="tests.storage.test_sql_primitives" name="test_safe_column_accepts_various_valid_names[commit]" time="0.000" /><testcase classname="tests.storage.test_sql_primitives" name="test_safe_column_accepts_various_valid_names[created_at]" time="0.000" /><testcase classname="tests.storage.test_sql_primitives" name="test_safe_column_accepts_various_valid_names[goid_h128]" time="0.000" /><testcase classname="tests.storage.test_sql_primitives" name="test_safe_column_accepts_various_valid_names[_private]" time="0.000" /><testcase classname="tests.storage.test_sql_primitives" name="test_safe_column_accepts_various_valid_names[CamelCase]" time="0.000" /><testcase classname="tests.storage.test_sql_primitives" name="test_safe_column_rejects_names_with_dots" time="0.000" /><testcase classname="tests.storage.test_sql_primitives" name="test_safe_column_rejects_invalid_names" time="0.000" /><testcase classname="tests.storage.test_sql_primitives" name="test_safe_column_is_frozen" time="0.000" /><testcase classname="tests.storage.test_sql_primitives" name="test_query_builder_count_without_where" time="0.001" /><testcase classname="tests.storage.test_sql_primitives" name="test_query_builder_count_with_where" time="0.001" /><testcase classname="tests.storage.test_sql_primitives" name="test_query_builder_count_with_safe_table" time="0.000" /><testcase classname="tests.storage.test_gateway_accessors" name="test_analytics_tables_insert_typedness" time="6.401" /><testcase classname="tests.analytics.adapters.test_entrypoints_adapter" name="test_entrypoint_tests_adapter_persist_verifies_data" time="6.433" /><testcase classname="tests.analytics.adapters.test_functions_adapter" name="test_function_goid_from_row" time="0.001" /><testcase classname="tests.storage.test_sql_primitives" name="test_query_builder_count_null_with_safe_column" time="0.001" /><testcase classname="tests.storage.test_sql_primitives" name="test_query_builder_delete_with_single_condition" time="0.000" /><testcase classname="tests.storage.test_sql_primitives" name="test_query_builder_delete_with_multiple_conditions" time="0.000" /><testcase classname="tests.storage.test_sql_primitives" name="test_query_builder_delete_with_safe_table" time="0.000" /><testcase classname="tests.storage.test_sql_primitives" name="test_query_builder_delete_in_basic" time="0.000" /><testcase classname="tests.storage.test_sql_primitives" name="test_query_builder_delete_in_single_value" time="0.000" /><testcase classname="tests.storage.test_sql_primitives" name="test_query_builder_delete_in_with_safe_column" time="0.000" /><testcase classname="tests.storage.test_sql_primitives" name="test_query_builder_select_all_basic" time="0.000" /><testcase classname="tests.storage.test_sql_primitives" name="test_query_builder_select_all_with_safe_table" time="0.000" /><testcase classname="tests.storage.test_metadata_bootstrap" name="test_load_macro_registry" time="6.431" /><testcase classname="tests.storage.test_metadata_bootstrap" name="test_dataset_rows_only_entries_returns_list" time="0.000" /><testcase classname="tests.storage.test_sql_primitives" name="test_query_builder_insert_single_column" time="0.000" /><testcase classname="tests.storage.test_sql_primitives" name="test_query_builder_insert_with_safe_columns" time="0.000" /><testcase classname="tests.storage.test_sql_primitives" name="test_query_builder_delete_repo_commit_basic" time="0.000" /><testcase classname="tests.storage.test_sql_primitives" name="test_query_builder_delete_repo_commit_with_safe_table" time="0.000" /><testcase classname="tests.storage.test_sql_primitives" name="test_build_delete_query_returns_query_when_has_scope" time="0.000" /><testcase classname="tests.storage.test_sql_primitives" name="test_build_delete_query_returns_none_when_no_scope" time="0.000" /><testcase classname="tests.storage.test_sql_primitives" name="test_prepared_statements_creates_with_required_field" time="0.000" /><testcase classname="tests.storage.test_sql_primitives" name="test_prepared_statements_creates_with_all_fields" time="0.000" /><testcase classname="tests.storage.test_sql_primitives" name="test_prepared_statements_is_frozen" time="0.000" /><testcase classname="tests.storage.test_sql_primitives" name="test_render_sql_joins_parts_with_spaces" time="0.001" /><testcase classname="tests.storage.test_sql_primitives" name="test_render_sql_filters_empty_parts" time="0.000" /><testcase classname="tests.storage.test_sql_primitives" name="test_render_sql_handles_single_part" time="0.000" /><testcase classname="tests.storage.test_sql_primitives" name="test_render_sql_handles_empty_list" time="0.000" /><testcase classname="tests.storage.test_sql_primitives" name="test_quote_identifier_quotes_simple" time="0.000" /><testcase classname="tests.storage.test_sql_primitives" name="test_quote_identifier_quotes_underscore_prefix" time="0.000" /><testcase classname="tests.storage.test_sql_primitives" name="test_quote_identifier_rejects_unsafe[]" time="0.001" /><testcase classname="tests.storage.test_sql_primitives" name="test_quote_identifier_rejects_unsafe[1foo]" time="0.001" /><testcase classname="tests.storage.test_sql_primitives" name="test_quote_identifier_rejects_unsafe[foo-bar]" time="0.001" /><testcase classname="tests.storage.test_sql_primitives" name="test_quote_identifier_rejects_unsafe[foo;drop]" time="0.001" /><testcase classname="tests.storage.test_sql_primitives" name="test_quote_identifier_rejects_unsafe[foo bar]" time="0.001" /><testcase classname="tests.storage.test_sql_primitives" name="test_quote_identifier_rejects_unsafe[foo.bar]" time="0.000" /><testcase classname="tests.storage.test_sql_primitives" name="test_quote_table_key_quotes_schema_and_table" time="0.000" /><testcase classname="tests.storage.test_sql_primitives" name="test_quote_table_key_rejects_invalid[]" time="0.001" /><testcase classname="tests.storage.test_sql_primitives" name="test_quote_table_key_rejects_invalid[table_only]" time="0.001" /><testcase classname="tests.storage.test_sql_primitives" name="test_quote_table_key_rejects_invalid[a..b]" time="0.000" /><testcase classname="tests.storage.test_sql_primitives" name="test_quote_table_key_rejects_invalid[.table]" time="0.000" /><testcase classname="tests.storage.test_sql_primitives" name="test_quote_table_key_rejects_invalid[schema.]" time="0.001" /><testcase classname="tests.storage.test_sql_primitives" name="test_quote_table_key_rejects_invalid[a.b.c]" time="0.001" /><testcase classname="tests.storage.test_sql_primitives" name="test_macro_select_sql_builds_select" time="0.000" /><testcase classname="tests.storage.test_sql_primitives" name="test_macro_select_sql_preserves_placeholders" time="0.000" /><testcase classname="tests.storage.test_sql_primitives" name="test_macro_select_sql_rejects_unqualified" time="0.001" /><testcase classname="tests.storage.test_sql_primitives" name="test_safe_macro_call_generates_sql_and_preserves_args" time="0.000" /><testcase classname="tests.storage.test_sql_primitives" name="test_safe_macro_call_validates_against_allowlist" time="0.000" /><testcase classname="tests.storage.test_sql_primitives" name="test_safe_macro_call_rejects_non_allowlisted" time="0.001" /><testcase classname="tests.storage.test_sql_primitives" name="test_safe_macro_call_allows_any_without_allowlist" time="0.000" /><testcase classname="tests.storage.test_sql_primitives" name="test_build_insert_sql_builds_basic" time="0.000" /><testcase classname="tests.storage.test_sql_primitives" name="test_build_insert_sql_single_column" time="0.000" /><testcase classname="tests.storage.test_sql_primitives" name="test_build_insert_sql_identifier_already_quoted" time="0.000" /><testcase classname="tests.analytics.adapters.test_profiles_adapter" name="test_module_profile_adapter_table_name" time="6.438" /><testcase classname="tests.storage.test_ingest_prepared_dynamic" name="test_dynamic_prepared_statements_match_registry" time="6.432" /><testcase classname="tests.storage.test_metadata_bootstrap" name="test_ingest_macro_coverage_returns_present_and_missing" time="6.451" /><testcase classname="tests.storage.test_metadata_bootstrap" name="test_validate_dataset_schema_registry_detects_drift" time="6.467" /><testcase classname="tests.storage.test_module_index" name="test_load_module_map_filters_by_language" time="6.512" /><testcase classname="tests.storage.test_module_index" name="test_load_module_map_returns_empty_on_no_match" time="6.530" /><testcase classname="tests.storage.test_run_registry_integration.TestNewRunContextIntegration" name="test_new_run_context_for_analytics" time="0.001" /><testcase classname="tests.storage.test_run_registry_integration.TestGatewayRunsApi" name="test_record_steps_with_gateway" time="0.713" /><testcase classname="tests.storage.test_normalized_macros" name="test_normalized_macro_latency_smoke[analytics.function_metrics]" time="6.502" /><testcase classname="tests.storage.test_metadata_bootstrap" name="test_validate_macro_registry_with_missing_entry" time="6.525" /><testcase classname="tests.storage.test_gateway_accessors" name="test_gateway_docs_accessor_is_docs_views" time="6.495" /><testcase classname="tests.storage.test_module_index" name="test_load_module_map_normalizes_path_with_leading_slash" time="6.507" /><testcase classname="tests.storage.test_run_tracking" name="test_pipeline_step_record_stores_fields" time="0.000" /><testcase classname="tests.storage.test_run_registry_integration.TestNewRunContextIntegration" name="test_new_run_context_for_graphs" time="0.001" /><testcase classname="tests.storage.test_run_tracking" name="test_start_run_inserts_record" time="6.411" /><testcase classname="tests.storage.test_run_tracking" name="test_complete_run_with_error_summary" time="6.428" /><testcase classname="tests.storage.test_run_tracking" name="test_fetch_run_returns_none_for_missing" time="6.394" /><testcase classname="tests.storage.test_run_registry_integration.TestFullRunLifecycle" name="test_multi_engine_run_lifecycle" time="0.657" /><testcase classname="tests.storage.test_normalized_macros" name="test_normalized_macros_execute" time="6.489" /><testcase classname="tests.storage.test_normalized_macros" name="test_render_macro_valid_table_key" time="0.000" /><testcase classname="tests.test_pipeline_smoke" name="test_build_export_smoke" time="0.001"><skipped type="pytest.xfail" message="Build smoke test currently fails in function_effects catalog integration" /></testcase><testcase classname="tests.test_testing_contract" name="test_testing_charter_forbidden_patterns" time="0.057" /><testcase classname="tests.storage.test_run_tracking" name="test_fetch_steps_returns_list" time="6.447" /><testcase classname="tests.test_tests_analytics_unit" name="test_backfill_test_goids_updates_catalog" time="1.661" /><testcase classname="tests.storage.test_gateway_accessors" name="test_relations_support_filtering" time="6.454" /><testcase classname="tests.storage.test_graphs_repository" name="test_graph_repository_inherits_base_repository" time="6.429" /><testcase classname="tests.storage.test_graphs_repository" name="test_get_incoming_callgraph_neighbors_with_data" time="6.538" /><testcase classname="tests.storage.test_graphs_repository" name="test_get_outgoing_callgraph_neighbors_respects_limit" time="6.711" /><testcase classname="tests.storage.test_graphs_repository" name="test_get_incoming_callgraph_neighbors_returns_empty_list" time="6.543" /><testcase classname="tests.storage.test_normalized_macros" name="test_normalized_macros_defined" time="6.536" /><testcase classname="tests.storage.test_normalized_macros" name="test_dataset_rows_only_tables_parse" time="6.522" /><testcase classname="tests.test_tests_analytics_unit" name="test_edges_for_file_uses_test_meta" time="0.001" /><testcase classname="tests.storage.test_schema_helpers" name="test_apply_all_schemas_creates_function_validation" time="6.473" /><testcase classname="tests.storage.test_schema_roundtrip" name="test_call_graph_edge_round_trip" time="0.489" /><testcase classname="tests.storage.test_gateway_accessors" name="test_gateway_execute_with_params" time="6.480" /><testcase classname="tests.storage.test_schema_roundtrip" name="test_test_coverage_round_trip" time="0.501" /><testcase classname="tests.storage.test_normalized_macros" name="test_normalized_macro_schema_validation" time="6.504" /><testcase classname="tests.storage.test_sql_builder" name="test_quote_identifier_validates_simple_names" time="0.001" /><testcase classname="tests.storage.test_normalized_macros" name="test_macro_schemas_match_table_definitions" time="6.446" /><testcase classname="tests.storage.test_sql_builder" name="test_quote_identifier_rejects_invalid[]" time="0.001" /><testcase classname="tests.storage.test_schema_roundtrip" name="test_generate_export_schemas_writes_files" time="8.599" /><testcase classname="tests.storage.test_sql_primitives" name="test_query_builder_count_executes_on_real_db" time="6.409" /><testcase classname="tests.storage.test_sql_primitives" name="test_query_builder_count_null_basic" time="0.001" /><testcase classname="tests.storage.test_normalized_macros" name="test_normalized_macro_latency_smoke[graph.call_graph_edges]" time="6.474" /><testcase classname="tests.storage.test_sql_primitives" name="test_query_builder_count_null_with_where" time="0.001" /><testcase classname="tests.storage.test_sql_primitives" name="test_query_builder_select_all_executes_on_real_db" time="6.459" /><testcase classname="tests.storage.test_sql_primitives" name="test_query_builder_insert_basic" time="0.001" /><testcase classname="tests.storage.test_sql_primitives" name="test_build_insert_sql_executes_on_real_db" time="6.453" /><testcase classname="tests.analytics.adapters.test_profiles_adapter" name="test_module_profile_adapter_load_raises" time="6.399" /><testcase classname="tests.storage.test_metadata_bootstrap" name="test_validate_dataset_schema_registry_success" time="6.443" /><testcase classname="tests.storage.test_metadata_bootstrap" name="test_validate_normalized_macro_schemas_success" time="6.453" /><testcase classname="tests.storage.test_sql_builder" name="test_quote_identifier_rejects_invalid[foo-bar]" time="0.001" /><testcase classname="tests.storage.test_subsystem_view_schema_drift" name="test_subsystem_docs_views_schema_stable" time="6.570" /><testcase classname="tests.storage.test_module_index" name="test_load_module_map_uses_custom_logger" time="6.569" /><testcase classname="tests.storage.test_sql_primitives" name="test_delete_removes_rows" time="6.569" /><testcase classname="tests.storage.tracking.test_build_tracking.TestBuildRunOperations" name="test_start_and_fetch_run" time="6.580" /><testcase classname="tests.storage.tracking.test_build_tracking.TestOutputManifestOperations" name="test_delete_manifests" time="6.597" /><testcase classname="tests.storage.test_module_index" name="test_load_module_map_handles_multiple_modules_same_path" time="6.604" /><testcase classname="tests.storage.test_run_tracking" name="test_complete_run_updates_status" time="6.450" /><testcase classname="tests.storage.test_run_tracking" name="test_fetch_run_returns_record" time="6.435" /><testcase classname="tests.storage.test_run_tracking" name="test_record_step_inserts_step" time="6.387" /><testcase classname="tests.storage.tracking.test_build_tracking.TestOutputManifestOperations" name="test_list_manifests" time="6.384" /><testcase classname="tests.test_core_dependency_hygiene" name="test_core_imports_are_stdlib_only" time="0.001" /><testcase classname="tests.test_layering_serving_imports" name="test_no_serving_imports_in_middle_packages" time="0.937" /><testcase classname="tests.storage.test_run_tracking" name="test_fetch_steps_orders_by_module_stage_name" time="6.393" /><testcase classname="tests.storage.test_run_tracking" name="test_start_step_returns_timestamp" time="6.417" /><testcase classname="tests.storage.test_run_tracking" name="test_complete_step_updates_step" time="6.422" /><testcase classname="tests.storage.test_run_tracking" name="test_record_step_with_none_row_counts" time="6.352" /><testcase classname="tests.storage.test_schema_alignment" name="test_ensure_schemas_preserve_creates_tables_idempotently" time="6.350" /><testcase classname="tests.storage.test_schema_alignment" name="test_apply_and_validate_schema_alignment" time="6.484" /><testcase classname="tests.storage.test_schema_alignment" name="test_assert_schema_alignment_detects_drift_nonstrict" time="6.452" /><testcase classname="tests.storage.test_schema_alignment" name="test_create_schemas_creates_all_namespaces" time="6.350" /><testcase classname="tests.storage.test_schema_alignment" name="test_ensure_schemas_preserve_with_extra_ddl" time="6.338" /><testcase classname="tests.storage.test_sql_primitives" name="test_count_after_insert" time="6.296" /><testcase classname="tests.analytics.adapters.test_profiles_adapter" name="test_module_profile_adapter_persist_empty" time="6.255" /><testcase classname="tests.storage.test_sql_primitives" name="test_delete_in_removes_specific_rows" time="6.298" /><testcase classname="tests.storage.test_sql_primitives" name="test_select_all_returns_data" time="6.278" /><testcase classname="tests.storage.tracking.test_build_tracking.TestOutputManifestOperations" name="test_save_and_load_manifest" time="6.290" /><testcase classname="tests.storage.tracking.test_build_tracking.TestOutputManifestOperations" name="test_load_nonexistent_manifest" time="6.288" /><testcase classname="tests.storage.tracking.test_build_tracking.TestOutputManifestOperations" name="test_upsert_manifest" time="6.286" /><testcase classname="tests.storage.tracking.test_build_tracking.TestBuildRunOperations" name="test_fetch_nonexistent_run" time="6.266" /><testcase classname="tests.storage.tracking.test_build_tracking.TestBuildRunOperations" name="test_complete_run_succeeded" time="6.292" /><testcase classname="tests.storage.tracking.test_build_tracking.TestBuildRunOperations" name="test_complete_run_failed" time="6.289" /><testcase classname="tests.test_tests_analytics_unit" name="test_compute_test_coverage_edges_with_real_coverage" time="5.304" /><testcase classname="tests.storage.tracking.test_build_tracking.TestBuildRunOperations" name="test_list_runs" time="6.249" /><testcase classname="tests.test_tests_analytics_unit" name="test_compute_test_coverage_edges_respects_injected_loader" time="5.271" /><testcase classname="tests.storage.tracking.test_build_tracking.TestBuildRunOperations" name="test_list_runs_with_limit" time="6.273" /><testcase classname="tests.analytics.adapters.test_profiles_adapter" name="test_module_profile_adapter_persist_single_row" time="4.376" /><testcase classname="tests.analytics.adapters.test_profiles_adapter" name="test_module_profile_adapter_persist_multiple_rows" time="3.824" /><testcase classname="tests.analytics.adapters.test_semantic_roles_adapter" name="test_functions_adapter_table_name" time="3.934" /></testsuite></testsuites>