<?xml version="1.0" encoding="utf-8"?><testsuites name="pytest tests"><testsuite name="pytest" errors="0" failures="0" skipped="3" tests="134" time="14.152" timestamp="2025-12-16T00:29:36.942301-05:00" hostname="paul-X870-AORUS-ELITE-WIFI7"><testcase classname="tests.build.hamilton.native.analytics.test_parity.TestModuleDiscovery" name="test_analytics_modules_discovered" time="0.002" /><testcase classname="tests.build.hamilton.native.analytics.test_parity.TestModuleDiscovery" name="test_all_module_paths_importable" time="0.002" /><testcase classname="tests.build.hamilton.native.analytics.test_parity.TestTargetPresence" name="test_required_target_exists[t__test_graph_metrics]" time="0.002" /><testcase classname="tests.build.hamilton.native.analytics.test_parity.TestTargetPresence" name="test_required_target_exists[t__external_deps]" time="0.002" /><testcase classname="tests.build.hamilton.native.analytics.test_parity.TestModuleDiscovery" name="test_analytics_domain_exists" time="0.002" /><testcase classname="tests.build.hamilton.native.analytics.test_parity.TestTargetPresence" name="test_required_target_exists[t__function_contracts]" time="0.002" /><testcase classname="tests.build.hamilton.native.analytics.test_parity.TestTargetPresence" name="test_required_target_exists[t__subsystem_graph_metrics]" time="0.002" /><testcase classname="tests.build.hamilton.native.analytics.test_parity.TestTargetPresence" name="test_required_target_exists[t__test_profile]" time="0.002" /><testcase classname="tests.build.hamilton.native.analytics.test_parity.TestTargetPresence" name="test_required_target_exists[t__function_effects]" time="0.002" /><testcase classname="tests.build.hamilton.native.analytics.test_parity.TestTargetPresence" name="test_required_target_exists[t__history_timeseries]" time="0.002" /><testcase classname="tests.build.hamilton.native.analytics.test_parity.TestTargetPresence" name="test_required_target_exists[t__symbol_graph_metrics]" time="0.002" /><testcase classname="tests.build.hamilton.native.analytics.test_parity.TestTargetPresence" name="test_required_target_exists[t__hotspots]" time="0.003" /><testcase classname="tests.build.hamilton.native.analytics.test_parity.TestTargetPresence" name="test_required_target_exists[t__function_ast_features]" time="0.003" /><testcase classname="tests.build.hamilton.native.analytics.test_parity.TestTargetPresence" name="test_required_target_exists[t__data_models]" time="0.002" /><testcase classname="tests.build.hamilton.native.analytics.test_parity.TestTargetPresence" name="test_required_target_exists[t__subsystem_agreement]" time="0.002" /><testcase classname="tests.build.hamilton.native.analytics.test_parity.TestModuleStructure" name="test_compute_nodes_follow_pattern" time="0.002" /><testcase classname="tests.build.hamilton.native.analytics.test_parity.TestTargetPresence" name="test_required_target_exists[t__coverage_test_edges]" time="0.002" /><testcase classname="tests.build.hamilton.native.analytics.test_parity.TestTargetPresence" name="test_required_target_exists[t__config_data_flow]" time="0.002" /><testcase classname="tests.build.hamilton.native.analytics.test_parity.TestResultTypes" name="test_result_types_are_dataclasses" time="0.001" /><testcase classname="tests.build.hamilton.native.analytics.test_parity.TestTargetPresence" name="test_required_target_exists[t__risk_factors]" time="0.002" /><testcase classname="tests.build.hamilton.native.analytics.test_parity.TestTargetPresence" name="test_required_target_exists[t__behavioral_coverage]" time="0.002" /><testcase classname="tests.build.hamilton.native.analytics.test_parity.TestModuleStructure" name="test_modules_have_all_attribute" time="0.002" /><testcase classname="tests.build.hamilton.native.analytics.test_parity.TestTargetPresence" name="test_required_target_exists[t__coverage_functions]" time="0.003" /><testcase classname="tests.build.hamilton.native.analytics.test_parity.TestModuleStructure" name="test_modules_export_materialize_node" time="0.002" /><testcase classname="tests.build.hamilton.native.analytics.test_parity.TestResultTypes" name="test_result_types_have_success_field" time="0.002" /><testcase classname="tests.build.hamilton.native.analytics.test_parity.TestTargetPresence" name="test_required_target_exists[t__semantic_roles]" time="0.002" /><testcase classname="tests.build.hamilton.native.analytics.test_parity.TestTargetPresence" name="test_required_target_exists[t__cfg_dfg_metrics]" time="0.002" /><testcase classname="tests.build.hamilton.native.analytics.test_parity.TestTargetPresence" name="test_required_target_exists[t__subsystems]" time="0.002" /><testcase classname="tests.build.hamilton.native.analytics.test_parity.TestTargetPresence" name="test_required_target_exists[t__function_history]" time="0.003" /><testcase classname="tests.build.hamilton.native.analytics.test_parity.TestTargetPresence" name="test_required_target_exists[t__profiles]" time="0.002" /><testcase classname="tests.build.hamilton.native.analytics.test_parity.TestTargetPresence" name="test_required_target_exists[t__function_metrics]" time="0.002" /><testcase classname="tests.build.hamilton.native.analytics.test_parity.TestTargetPresence" name="test_required_target_exists[t__entrypoints]" time="0.002" /><testcase classname="tests.build.hamilton.native.graphs.test_parity.TestGraphsModuleLoader" name="test_get_graphs_target_names" time="0.001" /><testcase classname="tests.build.hamilton.native.export.test_parity.TestResultTypes" name="test_result_types_have_required_fields" time="0.000" /><testcase classname="tests.build.hamilton.native.export.test_parity.TestDomainDisjointness" name="test_no_overlap_with_graphs_domain" time="0.001" /><testcase classname="tests.build.hamilton.native.graphs.test_parity.TestGraphsModuleStructure" name="test_goids_module_has_result_types" time="0.001" /><testcase classname="tests.build.hamilton.native.export.test_parity.TestModuleDiscovery" name="test_all_module_paths_importable" time="0.001" /><testcase classname="tests.build.hamilton.native.analytics.test_parity.TestRegistrations" name="test_no_analytics_targets_use_plugins" time="0.000" /><testcase classname="tests.build.hamilton.native.export.test_parity.TestModuleDiscovery" name="test_export_domain_exists" time="0.001" /><testcase classname="tests.build.hamilton.native.export.test_parity.TestRegistrations" name="test_no_export_targets_use_plugins" time="0.001" /><testcase classname="tests.build.hamilton.native.export.test_parity.TestModuleStructure" name="test_compute_nodes_follow_pattern" time="0.001" /><testcase classname="tests.build.hamilton.native.export.test_parity.TestModuleDiscovery" name="test_export_modules_discovered" time="0.000" /><testcase classname="tests.build.hamilton.native.graphs.test_parity.TestGraphsModuleStructure" name="test_call_graph_module_has_result_types" time="0.000" /><testcase classname="tests.build.hamilton.native.graphs.test_parity.TestGraphsModuleLoader" name="test_list_graphs_paths_filters_correctly" time="0.001" /><testcase classname="tests.build.hamilton.native.graphs.test_parity.TestGraphsModuleStructure" name="test_goids_module_has_functions" time="0.000" /><testcase classname="tests.build.hamilton.native.graphs.test_parity.TestGraphsModuleStructure" name="test_symbol_uses_module_has_functions" time="0.001" /><testcase classname="tests.build.hamilton.native.graphs.test_parity.TestGraphsModuleStructure" name="test_call_graph_module_has_functions" time="0.000" /><testcase classname="tests.build.hamilton.native.graphs.test_parity.TestGraphsNativeDriver" name="test_graphs_targets_have_nodes" time="0.004" /><testcase classname="tests.build.hamilton.native.export.test_parity.TestModuleStructure" name="test_modules_have_all_attribute" time="0.001" /><testcase classname="tests.build.hamilton.native.analytics.test_parity.TestDomainDisjointness" name="test_no_overlap_with_ingestion_domain" time="0.000" /><testcase classname="tests.build.hamilton.native.graphs.test_parity.TestGraphsNativeDriver" name="test_build_driver_graphs_native" time="0.004" /><testcase classname="tests.build.hamilton.native.graphs.test_parity.TestGraphsModuleLoader" name="test_list_graphs_modules" time="0.001" /><testcase classname="tests.build.hamilton.native.export.test_parity.TestDomainDisjointness" name="test_no_overlap_with_analytics_domain" time="0.000" /><testcase classname="tests.build.hamilton.native.graphs.test_parity.TestGraphsModuleStructure" name="test_cfg_dfg_module_has_functions" time="0.001" /><testcase classname="tests.build.hamilton.native.export.test_parity.TestDomainDisjointness" name="test_no_overlap_with_ingestion_domain" time="0.001" /><testcase classname="tests.build.hamilton.native.graphs.test_parity.TestGraphsDomainParity" name="test_graphs_target_exists_in_native[call_graph_views]" time="0.004" /><testcase classname="tests.build.hamilton.native.graphs.test_parity.TestGraphsDomainParity" name="test_graphs_native_disjoint_from_ingestion" time="0.007" /><testcase classname="tests.build.hamilton.native.export.test_parity.TestRegistrations" name="test_export_targets_use_native_modules" time="0.001" /><testcase classname="tests.build.hamilton.native.ingestion.test_parity.TestIngestionModuleLoader" name="test_list_ingestion_modules" time="0.000" /><testcase classname="tests.build.hamilton.native.analytics.test_parity.TestRegistrations" name="test_analytics_targets_use_native_modules" time="0.000" /><testcase classname="tests.build.hamilton.native.export.test_parity.TestTargetPresence" name="test_required_target_exists[t__export_parquet]" time="0.001" /><testcase classname="tests.build.hamilton.native.ingestion.test_parity.TestIngestionModuleLoader" name="test_get_ingestion_target_names" time="0.001" /><testcase classname="tests.build.hamilton.native.export.test_parity.TestResultTypes" name="test_result_types_are_dataclasses" time="0.001" /><testcase classname="tests.build.hamilton.native.graphs.test_parity.TestGraphsResultTypes" name="test_dfg_extract_result" time="0.000" /><testcase classname="tests.build.hamilton.native.export.test_parity.TestModuleStructure" name="test_modules_export_materialize_node" time="0.001" /><testcase classname="tests.build.hamilton.native.graphs.test_parity.TestGraphsModuleStructure" name="test_graph_validation_module_has_functions" time="0.001" /><testcase classname="tests.build.hamilton.native.graphs.test_parity.TestGraphsResultTypes" name="test_graph_validation_result" time="0.000" /><testcase classname="tests.build.hamilton.native.graphs.test_parity.TestGraphsResultTypes" name="test_import_graph_extract_result" time="0.000" /><testcase classname="tests.build.hamilton.native.ingestion.test_parity.TestIngestionResultTypes" name="test_module_scan_result" time="0.000" /><testcase classname="tests.build.hamilton.native.ingestion.test_parity.TestIngestionDomainParity" name="test_ingestion_target_exists_in_native[modules]" time="0.004" /><testcase classname="tests.build.hamilton.native.graphs.test_parity.TestGraphsResultTypes" name="test_cfg_extract_result" time="0.000" /><testcase classname="tests.build.hamilton.native.ingestion.test_parity.TestIngestionModuleStructure" name="test_ast_module_has_functions" time="0.000" /><testcase classname="tests.build.hamilton.native.graphs.test_parity.TestGraphsDomainParity" name="test_graphs_target_exists_in_native[call_graph]" time="0.004" /><testcase classname="tests.build.hamilton.native.ingestion.test_parity.TestIngestionResultTypes" name="test_cst_extract_result" time="0.000" /><testcase classname="tests.build.hamilton.native.ingestion.test_parity.TestIngestionDomainParity" name="test_ingestion_target_exists_in_native[scip]" time="0.004" /><testcase classname="tests.build.hamilton.native.ingestion.test_parity.TestIngestionNativeDriver" name="test_ingestion_targets_have_nodes" time="0.004" /><testcase classname="tests.build.hamilton.native.graphs.test_parity.TestGraphsModuleStructure" name="test_import_graph_module_has_functions" time="0.001" /><testcase classname="tests.build.hamilton.native.graphs.test_parity.TestGraphsModuleExports" name="test_graphs_init_exports" time="0.000" /><testcase classname="tests.build.hamilton.native.export.test_parity.TestTargetPresence" name="test_required_target_exists[t__export_jsonl]" time="0.001" /><testcase classname="tests.build.hamilton.native.graphs.test_parity.TestGraphsResultTypes" name="test_goid_extract_result" time="0.000" /><testcase classname="tests.build.hamilton.native.test_parity.TestNativeDriverMode" name="test_build_driver_native_mode_loads_modules" time="0.008" /><testcase classname="tests.build.hamilton.native.ingestion.test_parity.TestIngestionModuleStructure" name="test_modules_module_has_result_types" time="0.001" /><testcase classname="tests.build.hamilton.native.graphs.test_parity.TestGraphsModuleStructure" name="test_graph_metrics_module_has_functions" time="0.001" /><testcase classname="tests.build.hamilton.native.graphs.test_parity.TestGraphsResultTypes" name="test_graph_metrics_compute_result" time="0.000" /><testcase classname="tests.build.hamilton.native.ingestion.test_parity.TestIngestionModuleLoader" name="test_list_ingestion_paths_filters_correctly" time="0.000" /><testcase classname="tests.build.hamilton.native.test_parity.TestNativeTargetParity" name="test_native_target_has_node[coverage_functions]" time="0.008" /><testcase classname="tests.build.hamilton.native.graphs.test_parity.TestGraphsResultTypes" name="test_symbol_uses_extract_result" time="0.001" /><testcase classname="tests.build.hamilton.native.ingestion.test_parity.TestIngestionNativeDriver" name="test_build_driver_ingestion_native" time="0.004" /><testcase classname="tests.build.hamilton.native.ingestion.test_parity.TestIngestionModuleStructure" name="test_coverage_module_has_functions" time="0.000" /><testcase classname="tests.build.hamilton.native.ingestion.test_parity.TestIngestionModuleStructure" name="test_cst_module_has_functions" time="0.001" /><testcase classname="tests.build.hamilton.native.ingestion.test_parity.TestIngestionModuleStructure" name="test_docstrings_module_has_functions" time="0.001" /><testcase classname="tests.build.hamilton.native.graphs.test_parity.TestGraphsModuleStructure" name="test_call_graph_views_module_has_functions" time="0.000" /><testcase classname="tests.build.hamilton.native.graphs.test_parity.TestGraphsDomainParity" name="test_graphs_target_exists_in_native[goids]" time="0.004" /><testcase classname="tests.build.hamilton.native.test_parity.TestNativeDriverMode" name="test_build_driver_generated_mode_still_works" time="0.028" /><testcase classname="tests.build.hamilton.native.ingestion.test_parity.TestIngestionModuleStructure" name="test_config_module_has_functions" time="0.001" /><testcase classname="tests.build.hamilton.native.test_parity.TestNativeTargetParity" name="test_native_target_has_node[subsystems]" time="0.008" /><testcase classname="tests.build.hamilton.native.test_parity.TestNativeModuleLoader" name="test_validate_module_detects_target_nodes" time="0.001" /><testcase classname="tests.build.hamilton.native.graphs.test_parity.TestGraphsResultTypes" name="test_call_graph_extract_result" time="0.001" /><testcase classname="tests.build.hamilton.native.ingestion.test_parity.TestIngestionResultTypes" name="test_coverage_ingest_result" time="0.001" /><testcase classname="tests.build.hamilton.native.test_parity.TestNativeModuleLoader" name="test_get_target_names_returns_targets" time="0.001" /><testcase classname="tests.build.hamilton.native.test_parity.TestNativeModuleLoader" name="test_list_domains_returns_known_domains" time="0.000" /><testcase classname="tests.build.hamilton.native.test_parity.TestNativeTargetParity" name="test_native_target_has_node[risk_factors]" time="0.008" /><testcase classname="tests.build.hamilton.native.ingestion.test_parity.TestIngestionResultTypes" name="test_config_ingest_result" time="0.001" /><testcase classname="tests.build.hamilton.native.test_parity.TestNativeModuleLoader" name="test_discover_modules_loads_modules" time="0.000" /><testcase classname="tests.build.hamilton.native.ingestion.test_parity.TestIngestionDomainParity" name="test_ingestion_target_exists_in_native[typing]" time="0.004" /><testcase classname="tests.build.hamilton.native.ingestion.test_parity.TestIngestionResultTypes" name="test_docstrings_extract_result" time="0.000" /><testcase classname="tests.build.hamilton.native.ingestion.test_parity.TestIngestionModuleStructure" name="test_tests_module_has_functions" time="0.001" /><testcase classname="tests.build.hamilton.native.test_skip_logic.TestSkipCheckRequest" name="test_skip_check_request_frozen" time="0.000" /><testcase classname="tests.build.hamilton.native.analytics.test_parity.TestDomainDisjointness" name="test_no_overlap_with_graphs_domain" time="0.000" /><testcase classname="tests.build.hamilton.native.graphs.test_parity.TestGraphsDomainParity" name="test_graphs_target_exists_in_native[import_graph]" time="0.004" /><testcase classname="tests.build.hamilton.native.ingestion.test_parity.TestIngestionDomainParity" name="test_ingestion_native_disjoint_from_analytics" time="0.016" /><testcase classname="tests.build.hamilton.native.ingestion.test_parity.TestIngestionModuleStructure" name="test_modules_module_has_functions" time="0.001" /><testcase classname="tests.build.hamilton.native.test_parity.TestNativeTargetParity" name="test_native_mode_domains_restrict_targets" time="0.011" /><testcase classname="tests.build.hamilton.native.ingestion.test_parity.TestIngestionModuleExports" name="test_ingestion_init_exports" time="0.001" /><testcase classname="tests.build.hamilton.native.test_parity.TestNativeTargetParity" name="test_native_target_has_node[hotspots]" time="0.010" /><testcase classname="tests.build.hamilton.native.test_parity.TestNativeModuleLoader" name="test_list_module_paths_filters_by_domain" time="0.000" /><testcase classname="tests.build.hamilton.native.test_skip_logic.TestSkipCheckRequest" name="test_skip_check_with_manifest_index" time="0.000" /><testcase classname="tests.build.hamilton.native.test_parity.TestNativeModuleLoader" name="test_list_module_paths_returns_non_empty" time="0.000" /><testcase classname="tests.build.hamilton.native.test_skip_logic.TestSkipCheckRequest" name="test_skip_check_no_manifest_returns_false" time="0.001" /><testcase classname="tests.build.hamilton.native.test_skip_logic.TestTargetRunRecord" name="test_target_run_record_skipped" time="0.000" /><testcase classname="tests.build.hamilton.native.test_parity.TestNativeModuleLoader" name="test_load_for_driver_returns_tuple" time="0.001" /><testcase classname="tests.build.hamilton.native.test_parity.TestNativeDriverMode" name="test_build_driver_native_mode_has_target_nodes" time="0.011" /><testcase classname="tests.build.hamilton.native.test_parity.TestNativeDriverMode" name="test_build_driver_auto_mode_still_works" time="0.038" /><testcase classname="tests.build.hamilton.native.test_skip_logic.TestSkipLogicIntegration" name="test_manifest_persistence_enables_skip" time="0.001"><skipped type="pytest.skip" message="Requires full integration test infrastructure">/home/paul/CodeIntel/tests/build/hamilton/native/test_skip_logic.py:233: Requires full integration test infrastructure</skipped></testcase><testcase classname="tests.build.hamilton.native.test_skip_logic.TestTargetRunRecord" name="test_target_run_record_success" time="0.001" /><testcase classname="tests.build.hamilton.native.test_skip_logic.TestSkipLogicIntegration" name="test_input_change_triggers_recompute" time="0.001"><skipped type="pytest.skip" message="Requires full integration test infrastructure">/home/paul/CodeIntel/tests/build/hamilton/native/test_skip_logic.py:255: Requires full integration test infrastructure</skipped></testcase><testcase classname="tests.build.hamilton.native.test_parity.TestNativeTargetParity" name="test_native_target_has_node[cfg_dfg]" time="0.010" /><testcase classname="tests.build.hamilton.native.test_skip_logic.TestNativeTargetExecutorSkipLogic" name="test_executor_skip_returns_correct_status" time="0.000" /><testcase classname="tests.build.hamilton.native.ingestion.test_parity.TestIngestionResultTypes" name="test_ast_extract_result" time="0.001" /><testcase classname="tests.build.hamilton.native.test_skip_logic.TestNativeTargetExecutorSkipLogic" name="test_executor_fail_returns_correct_status" time="0.001" /><testcase classname="tests.build.hamilton.native.test_skip_logic.TestTargetRunRecord" name="test_target_run_record_failed" time="0.001" /><testcase classname="tests.build.hamilton.native.ingestion.test_parity.TestIngestionResultTypes" name="test_tests_ingest_result" time="0.001" /><testcase classname="tests.build.hamilton.native.test_skip_logic.TestSkipLogicIntegration" name="test_force_overrides_skip" time="0.002"><skipped type="pytest.skip" message="Requires full integration test infrastructure">/home/paul/CodeIntel/tests/build/hamilton/native/test_skip_logic.py:244: Requires full integration test infrastructure</skipped></testcase><testcase classname="tests.build.hamilton.native.test_skip_logic.TestNativeTargetExecutorSkipLogic" name="test_executor_execute_returns_correct_status" time="0.001" /></testsuite></testsuites>