<?xml version="1.0" encoding="utf-8"?><testsuites name="pytest tests"><testsuite name="pytest" errors="5" failures="3" skipped="0" tests="103" time="21.029" timestamp="2025-12-13T18:49:22.129490-05:00" hostname="paul-X870-AORUS-ELITE-WIFI7"><testcase classname="tests.ingestion.plugins.test_config_plugin" name="test_execute_only_invalid_configs_fails[asyncio]" time="3.519" /><testcase classname="tests.ingestion.plugins.test_coverage_plugin" name="test_execute_ingests_coverage_with_fake_collector[asyncio]" time="8.413" /><testcase classname="tests.ingestion.plugins.test_scip_metadata.TestScipIngestMetadata" name="test_metadata_is_scope_aware" time="0.001" /><testcase classname="tests.ingestion.plugins.test_scip_metadata.TestScipIngestMetadata" name="test_metadata_capabilities" time="0.001" /><testcase classname="tests.ingestion.plugins.test_scip_metadata.TestScipIngestPluginOptionsIntegration" name="test_default_options_without_resolver" time="0.001" /><testcase classname="tests.ingestion.plugins.test_scip_metadata.TestScipIngestMetadata" name="test_metadata_domain" time="0.001" /><testcase classname="tests.ingestion.plugins.test_scip_metadata.TestScipIngestPluginOptionsIntegration" name="test_dynamic_overrides" time="0.001" /><testcase classname="tests.ingestion.plugins.test_docstrings_plugin" name="test_execute_logs_step_errors[asyncio]" time="3.803" /><testcase classname="tests.ingestion.plugins.test_scip_metadata.TestScipIngestPluginMetadataProperty" name="test_core_metadata_property" time="0.001" /><testcase classname="tests.ingestion.test_ast_utils" name="test_ignores_nodes_without_lineno" time="0.001" /><testcase classname="tests.ingestion.plugins.test_coverage_plugin" name="test_execute_fails_when_collector_raises[asyncio]" time="8.035" /><testcase classname="tests.ingestion.test_ast_utils" name="test_indexes_requested_kinds[case_kinds2-mixed defs]" time="0.001" /><testcase classname="tests.ingestion.test_ast_utils" name="test_indexes_requested_kinds[case_kinds0-function defs]" time="0.001" /><testcase classname="tests.ingestion.plugins.test_typing_plugin" name="test_typing_plugin_runs_step_and_returns_counts[asyncio]" time="8.486" /><testcase classname="tests.ingestion.plugins.test_config_plugin" name="test_execute_with_no_config_files_returns_empty_result[asyncio]" time="4.203" /><testcase classname="tests.ingestion.test_ast_utils" name="test_empty_tree_returns_empty_index" time="0.000" /><testcase classname="tests.ingestion.plugins.test_scip_metadata.TestScipIngestPluginOptionsIntegration" name="test_options_with_fast_profile" time="0.000" /><testcase classname="tests.ingestion.test_ast_utils" name="test_lookup_cases[none_end_line_uses_start-&lt;lambda&gt;-none_end]" time="0.001" /><testcase classname="tests.ingestion.plugins.test_scip_metadata.TestScipIngestMetadata" name="test_metadata_kind_and_stage" time="0.000" /><testcase classname="tests.ingestion.test_ast_utils" name="test_parses_valid_file" time="0.004" /><testcase classname="tests.ingestion.plugins.test_scip_metadata.TestScipIngestPluginMetadataProperty" name="test_metadata_property_returns_plugin_metadata" time="0.001" /><testcase classname="tests.ingestion.test_ast_utils" name="test_returns_none_for_missing_file" time="0.001" /><testcase classname="tests.ingestion.test_ast_utils" name="test_lookup_cases[exact_span_match-&lt;lambda&gt;-exact]" time="0.001" /><testcase classname="tests.ingestion.test_ast_utils" name="test_duration_is_non_negative" time="0.001" /><testcase classname="tests.ingestion.test_ast_utils" name="test_timed_parse_returns_none_for_missing_file" time="0.001" /><testcase classname="tests.ingestion.plugins.test_scip_metadata.TestScipIngestMetadata" name="test_metadata_resource_hints" time="0.000" /><testcase classname="tests.ingestion.test_ast_utils" name="test_handles_unicode_content" time="0.002" /><testcase classname="tests.ingestion.plugins.test_scip_plugin" name="test_execute_ingests_symbols_and_occurrences[asyncio]" time="7.430" /><testcase classname="tests.ingestion.plugins.test_tests_plugin" name="test_execute_ingests_test_results_and_summary[asyncio]" time="6.350" /><testcase classname="tests.ingestion.plugins.test_scip_metadata.TestScipIngestMetadata" name="test_metadata_tables" time="0.000" /><testcase classname="tests.ingestion.test_ast_utils" name="test_lookup_cases[enclosing_span_match-&lt;lambda&gt;-enclosing]" time="0.001" /><testcase classname="tests.ingestion.test_ast_utils" name="test_indexes_requested_kinds[case_kinds1-class defs]" time="0.001" /><testcase classname="tests.ingestion.test_ast_utils" name="test_multiline_function_span" time="0.001" /><testcase classname="tests.ingestion.plugins.test_tests_plugin" name="test_execute_fails_on_malformed_report[asyncio]" time="6.162" /><testcase classname="tests.ingestion.test_ast_utils" name="test_returns_source_lines" time="0.001" /><testcase classname="tests.ingestion.test_ast_utils" name="test_timed_parse_returns_none_on_parse_failure" time="0.001" /><testcase classname="tests.ingestion.test_db_queries" name="test_query_error_attributes" time="0.000" /><testcase classname="tests.ingestion.plugins.test_scip_plugin" name="test_paths_to_modules_creates_records" time="0.001" /><testcase classname="tests.ingestion.test_ast_utils" name="test_parses_empty_file" time="0.001" /><testcase classname="tests.ingestion.test_ast_utils" name="test_parse_and_index_workflow" time="0.004" /><testcase classname="tests.ingestion.test_ast_utils" name="test_smallest_enclosing_span_preferred" time="0.000" /><testcase classname="tests.ingestion.test_ast_utils" name="test_lookup_cases[no_match_returns_none-&lt;lambda&gt;-missing]" time="0.001" /><testcase classname="tests.ingestion.test_ast_utils" name="test_returns_none_for_binary_file" time="0.001" /><testcase classname="tests.ingestion.test_ast_utils" name="test_returns_none_for_syntax_error" time="0.001" /><testcase classname="tests.ingestion.test_db_queries" name="test_table_not_found_error" time="0.000" /><testcase classname="tests.ingestion.test_db_queries" name="test_column_not_found_error" time="0.002" /><testcase classname="tests.ingestion.test_ast_utils" name="test_returns_lines_tree_and_duration" time="0.001" /><testcase classname="tests.ingestion.test_db_queries" name="test_duckdb_query_errors_is_tuple" time="0.000" /><testcase classname="tests.ingestion.test_ast_utils" name="test_ast_visitor_records_decorator_span" time="0.001" /><testcase classname="tests.ingestion.plugins.test_repo_scan_plugin" name="test_execute_populates_modules_and_repo_map[asyncio]" time="3.248" /><testcase classname="tests.ingestion.plugins.test_docstrings_plugin" name="test_docstrings_wiring_scenarios[asyncio-resources]" time="3.265" /><testcase classname="tests.ingestion.plugins.test_ast_extract_plugin" name="test_ast_extract_wiring_scenarios[asyncio-resources]" time="3.532" /><testcase classname="tests.ingestion.plugins.test_coverage_plugin" name="test_paths_to_modules_builds_metadata" time="0.001" /><testcase classname="tests.ingestion.plugins.test_repo_scan_plugin" name="test_row_counts_ignore_absent_tables_without_errors[asyncio]" time="3.720"><failure message="ibis.common.exceptions.TableNotFound: absent_table">.venv/lib/python3.13/site-packages/ibis/backends/duckdb/__init__.py:317: in get_schema
    result = self.con.sql(query)
             ^^^^^^^^^^^^^^^^^^^
E   _duckdb.CatalogException: Catalog Error: Table with name absent_table does not exist!
E   Did you mean "ast_metrics"?

During handling of the above exception, another exception occurred:
tests/ingestion/plugins/test_repo_scan_plugin.py:199: in test_row_counts_ignore_absent_tables_without_errors
    result = await plugin.execute(ctx)
             ^^^^^^^^^^^^^^^^^^^^^^^^^
src/codeintel/build/plugins/ingestion/repo_scan.py:127: in execute
    row_counts = compute_row_counts(ctx)
                 ^^^^^^^^^^^^^^^^^^^^^^^
src/codeintel/build/plugins/_helpers.py:75: in compute_row_counts
    table = ctx.gateway.ibis.table(table_key)
            ^^^^^^^^^^^^^^^^^^^^^^^^^^^^^^^^^
src/codeintel/storage/ibis_adapter.py:219: in table
    return self.con.table(name, database=database)
           ^^^^^^^^^^^^^^^^^^^^^^^^^^^^^^^^^^^^^^^
.venv/lib/python3.13/site-packages/ibis/backends/duckdb/__init__.py:275: in table
    table_schema = self.get_schema(name, catalog=catalog, database=database)
                   ^^^^^^^^^^^^^^^^^^^^^^^^^^^^^^^^^^^^^^^^^^^^^^^^^^^^^^^^^
.venv/lib/python3.13/site-packages/ibis/backends/duckdb/__init__.py:319: in get_schema
    raise exc.TableNotFound(table_name)
E   ibis.common.exceptions.TableNotFound: absent_table</failure></testcase><testcase classname="tests.ingestion.plugins.test_import_hygiene" name="test_plugin_tests_avoid_cross_test_imports" time="0.002" /><testcase classname="tests.ingestion.plugins.test_coverage_plugin" name="test_module_path_resolution_scenarios[gateway_failure]" time="3.980" /><testcase classname="tests.ingestion.plugins.test_coverage_plugin" name="test_execute_skips_when_no_coverage_file[asyncio]" time="4.266" /><testcase classname="tests.ingestion.plugins.test_config_plugin" name="test_execute_ingests_valid_configs_and_logs_invalid[asyncio]" time="2.740" /><testcase classname="tests.ingestion.plugins.test_cst_extract_plugin" name="test_cst_extract_wiring_scenarios[asyncio-gateway_failure]" time="4.363" /><testcase classname="tests.ingestion.plugins.test_cst_extract_plugin" name="test_cst_extract_custom_result[asyncio]" time="2.897" /><testcase classname="tests.ingestion.plugins.test_docstrings_plugin" name="test_docstrings_wiring_scenarios[asyncio-gateway_failure]" time="4.659" /><testcase classname="tests.ingestion.plugins.test_tests_plugin" name="test_module_path_resolution_scenarios[gateway_failure]" time="5.825" /><testcase classname="tests.ingestion.plugins.test_tests_plugin" name="test_resolve_report_file_prefers_build_dir" time="4.338" /><testcase classname="tests.ingestion.plugins.test_tests_plugin" name="test_module_path_resolution_scenarios[resources]" time="5.864" /><testcase classname="tests.ingestion.test_db_queries" name="test_safe_table_exists_invalid_or_missing[nonexistent.table_xyz]" time="6.033" /><testcase classname="tests.ingestion.plugins.test_typing_plugin" name="test_typing_plugin_skips_without_type_checker[asyncio]" time="3.126" /><testcase classname="tests.ingestion.test_db_queries" name="test_safe_count_invalid_or_missing_table[nonexistent.table_xyz]" time="6.269" /><testcase classname="tests.ingestion.plugins.test_tests_plugin" name="test_execute_handles_missing_report[asyncio]" time="3.192" /><testcase classname="tests.ingestion.plugins.test_repo_scan_plugin" name="test_compute_row_counts_handles_missing_table[asyncio]" time="3.379"><failure message="ibis.common.exceptions.TableNotFound: missing_table">.venv/lib/python3.13/site-packages/ibis/backends/duckdb/__init__.py:317: in get_schema
    result = self.con.sql(query)
             ^^^^^^^^^^^^^^^^^^^
E   _duckdb.CatalogException: Catalog Error: Table with name missing_table does not exist!
E   Did you mean "file_state"?

During handling of the above exception, another exception occurred:
tests/ingestion/plugins/test_repo_scan_plugin.py:150: in test_compute_row_counts_handles_missing_table
    result = await plugin.execute(ctx)
             ^^^^^^^^^^^^^^^^^^^^^^^^^
src/codeintel/build/plugins/ingestion/repo_scan.py:127: in execute
    row_counts = compute_row_counts(ctx)
                 ^^^^^^^^^^^^^^^^^^^^^^^
src/codeintel/build/plugins/_helpers.py:75: in compute_row_counts
    table = ctx.gateway.ibis.table(table_key)
            ^^^^^^^^^^^^^^^^^^^^^^^^^^^^^^^^^
src/codeintel/storage/ibis_adapter.py:219: in table
    return self.con.table(name, database=database)
           ^^^^^^^^^^^^^^^^^^^^^^^^^^^^^^^^^^^^^^^
.venv/lib/python3.13/site-packages/ibis/backends/duckdb/__init__.py:275: in table
    table_schema = self.get_schema(name, catalog=catalog, database=database)
                   ^^^^^^^^^^^^^^^^^^^^^^^^^^^^^^^^^^^^^^^^^^^^^^^^^^^^^^^^^
.venv/lib/python3.13/site-packages/ibis/backends/duckdb/__init__.py:319: in get_schema
    raise exc.TableNotFound(table_name)
E   ibis.common.exceptions.TableNotFound: missing_table</failure></testcase><testcase classname="tests.ingestion.plugins.test_cst_extract_plugin" name="test_cst_extract_wiring_scenarios[asyncio-resources]" time="6.577" /><testcase classname="tests.ingestion.test_db_queries" name="test_safe_get_columns_existing_table" time="3.130" /><testcase classname="tests.ingestion.plugins.test_ast_extract_plugin" name="test_ast_extract_wiring_scenarios[asyncio-db_fallback]" time="3.254" /><testcase classname="tests.ingestion.test_db_queries" name="test_safe_count_returns_correct_count" time="6.834"><error message="failed on setup with &quot;TypeError: BuildToolAdapter.__init__() got an unexpected keyword argument 'test_reporter'&quot;">tests/ingestion/conftest.py:65: in ingestion_ctx_bundle
    bundle = build_ingestion_context_bundle(tmp_root)
             ^^^^^^^^^^^^^^^^^^^^^^^^^^^^^^^^^^^^^^^^
tests/_helpers/ingestion.py:387: in build_ingestion_context_bundle
    storage, discovery, change_detection, tools = build_ingestion_adapters(ctx)
                                                  ^^^^^^^^^^^^^^^^^^^^^^^^^^^^^
tests/_helpers/ingestion.py:281: in build_ingestion_adapters
    tools = BuildToolAdapter(
E   TypeError: BuildToolAdapter.__init__() got an unexpected keyword argument 'test_reporter'</error></testcase><testcase classname="tests.ingestion.test_change_tracker" name="test_incremental_ingest_ops_reparse_changed_modules" time="7.007"><error message="failed on setup with &quot;TypeError: BuildToolAdapter.__init__() got an unexpected keyword argument 'test_reporter'&quot;">tests/ingestion/conftest.py:65: in ingestion_ctx_bundle
    bundle = build_ingestion_context_bundle(tmp_root)
             ^^^^^^^^^^^^^^^^^^^^^^^^^^^^^^^^^^^^^^^^
tests/_helpers/ingestion.py:387: in build_ingestion_context_bundle
    storage, discovery, change_detection, tools = build_ingestion_adapters(ctx)
                                                  ^^^^^^^^^^^^^^^^^^^^^^^^^^^^^
tests/_helpers/ingestion.py:281: in build_ingestion_adapters
    tools = BuildToolAdapter(
E   TypeError: BuildToolAdapter.__init__() got an unexpected keyword argument 'test_reporter'</error></testcase><testcase classname="tests.ingestion.test_db_queries" name="test_safe_count_invalid_or_missing_table[]" time="7.375" /><testcase classname="tests.ingestion.plugins.test_scip_plugin" name="test_execute_fails_when_indexer_returns_error[asyncio]" time="2.753" /><testcase classname="tests.ingestion.test_change_tracker" name="test_view_for_dataset_modes[incremental]" time="7.325"><error message="failed on setup with &quot;TypeError: BuildToolAdapter.__init__() got an unexpected keyword argument 'test_reporter'&quot;">tests/ingestion/test_change_tracker.py:64: in scan_setup
    setup = make_scan_setup(
tests/_helpers/ingestion.py:608: in make_scan_setup
    scan_step, storage, discovery = create_scan_step(gateway, repo_root, tmp_path)
                                    ^^^^^^^^^^^^^^^^^^^^^^^^^^^^^^^^^^^^^^^^^^^^^^
tests/_helpers/ingestion.py:575: in create_scan_step
    storage, discovery, change_detection, _ = build_ingestion_adapters(ctx)
                                              ^^^^^^^^^^^^^^^^^^^^^^^^^^^^^
tests/_helpers/ingestion.py:281: in build_ingestion_adapters
    tools = BuildToolAdapter(
E   TypeError: BuildToolAdapter.__init__() got an unexpected keyword argument 'test_reporter'</error></testcase><testcase classname="tests.ingestion.plugins.test_docstrings_plugin" name="test_gateway_errors_log_warning[asyncio]" time="2.881"><failure message="AssertionError: Expected log record matching level='WARNING' containing='gateway error' but found none">tests/ingestion/plugins/test_docstrings_plugin.py:106: in test_gateway_errors_log_warning
    assert_logged(caplog.records, level="WARNING", containing="gateway error")
tests/_helpers/assertions/logging_assertions.py:44: in assert_logged
    raise AssertionError(error_message)
E   AssertionError: Expected log record matching level='WARNING' containing='gateway error' but found none</failure></testcase><testcase classname="tests.ingestion.plugins.test_coverage_plugin" name="test_module_path_resolution_scenarios[resources]" time="7.777" /><testcase classname="tests.ingestion.plugins.test_ast_extract_plugin" name="test_ast_extract_wiring_scenarios[asyncio-gateway_failure]" time="7.781" /><testcase classname="tests.ingestion.plugins.test_ast_extract_plugin" name="test_execute_custom_result[asyncio]" time="2.678" /><testcase classname="tests.ingestion.test_db_queries" name="test_safe_count_invalid_or_missing_table[no-dot-separator]" time="7.834" /><testcase classname="tests.ingestion.plugins.test_coverage_plugin" name="test_resolve_coverage_file_prefers_repo_dot_coverage" time="2.768" /><testcase classname="tests.ingestion.plugins.test_scip_plugin" name="test_module_path_resolution_scenarios[resources]" time="8.121" /><testcase classname="tests.ingestion.plugins.test_coverage_plugin" name="test_execute_fails_when_collector_missing[asyncio]" time="2.576" /><testcase classname="tests.ingestion.plugins.test_typing_plugin" name="test_typing_plugin_reports_failure[asyncio]" time="2.845" /><testcase classname="tests.ingestion.plugins.test_tests_plugin" name="test_module_path_resolution_scenarios[db_fallback]" time="2.755" /><testcase classname="tests.ingestion.test_db_queries" name="test_safe_count_existing_table" time="8.671" /><testcase classname="tests.ingestion.test_db_queries" name="test_safe_count_sql_injection_protection" time="2.614" /><testcase classname="tests.ingestion.plugins.test_scip_plugin" name="test_module_path_resolution_scenarios[gateway_failure]" time="9.010" /><testcase classname="tests.ingestion.plugins.test_scip_plugin" name="test_execute_raises_when_indexer_missing[asyncio]" time="3.926" /><testcase classname="tests.ingestion.plugins.test_docstrings_plugin" name="test_docstrings_wiring_scenarios[asyncio-db_fallback]" time="5.813" /><testcase classname="tests.ingestion.test_change_tracker" name="test_view_for_dataset_modes[filter_incremental]" time="8.943"><error message="failed on setup with &quot;TypeError: BuildToolAdapter.__init__() got an unexpected keyword argument 'test_reporter'&quot;">tests/ingestion/test_change_tracker.py:64: in scan_setup
    setup = make_scan_setup(
tests/_helpers/ingestion.py:608: in make_scan_setup
    scan_step, storage, discovery = create_scan_step(gateway, repo_root, tmp_path)
                                    ^^^^^^^^^^^^^^^^^^^^^^^^^^^^^^^^^^^^^^^^^^^^^^
tests/_helpers/ingestion.py:575: in create_scan_step
    storage, discovery, change_detection, _ = build_ingestion_adapters(ctx)
                                              ^^^^^^^^^^^^^^^^^^^^^^^^^^^^^
tests/_helpers/ingestion.py:281: in build_ingestion_adapters
    tools = BuildToolAdapter(
E   TypeError: BuildToolAdapter.__init__() got an unexpected keyword argument 'test_reporter'</error></testcase><testcase classname="tests.ingestion.test_db_queries" name="test_safe_get_columns_nonexistent_or_invalid[nonexistent.table_xyz]" time="2.477" /><testcase classname="tests.ingestion.test_db_queries" name="test_safe_get_columns_nonexistent_or_invalid[invalid-key]" time="2.843" /><testcase classname="tests.ingestion.test_db_queries" name="test_safe_count_with_scope_nonexistent_table" time="3.827" /><testcase classname="tests.ingestion.plugins.test_cst_extract_plugin" name="test_cst_extract_wiring_scenarios[asyncio-db_fallback]" time="3.799" /><testcase classname="tests.ingestion.test_db_queries" name="test_safe_table_exists_sql_injection_protection" time="2.521" /><testcase classname="tests.ingestion.test_db_queries" name="test_safe_count_with_scope_no_matches" time="3.124" /><testcase classname="tests.ingestion.plugins.test_scip_plugin" name="test_module_path_resolution_scenarios[db_fallback]" time="2.621" /><testcase classname="tests.ingestion.plugins.test_coverage_plugin" name="test_module_path_resolution_scenarios[db_fallback]" time="3.225" /><testcase classname="tests.ingestion.test_db_queries" name="test_safe_count_with_scope_filters_by_snapshot" time="2.919"><error message="failed on setup with &quot;TypeError: BuildToolAdapter.__init__() got an unexpected keyword argument 'test_reporter'&quot;">tests/ingestion/conftest.py:65: in ingestion_ctx_bundle
    bundle = build_ingestion_context_bundle(tmp_root)
             ^^^^^^^^^^^^^^^^^^^^^^^^^^^^^^^^^^^^^^^^
tests/_helpers/ingestion.py:387: in build_ingestion_context_bundle
    storage, discovery, change_detection, tools = build_ingestion_adapters(ctx)
                                                  ^^^^^^^^^^^^^^^^^^^^^^^^^^^^^
tests/_helpers/ingestion.py:281: in build_ingestion_adapters
    tools = BuildToolAdapter(
E   TypeError: BuildToolAdapter.__init__() got an unexpected keyword argument 'test_reporter'</error></testcase><testcase classname="tests.ingestion.test_db_queries" name="test_safe_count_with_unicode" time="2.867" /></testsuite></testsuites>