<?xml version="1.0" encoding="utf-8"?><testsuites name="pytest tests"><testsuite name="pytest" errors="0" failures="0" skipped="0" tests="290" time="41.428" timestamp="2025-12-03T08:04:28.821899-05:00" hostname="paul-X870-AORUS-ELITE-WIFI7"><testcase classname="tests.storage.repositories.test_base" name="test_paginated_rows_count_property" time="0.001" /><testcase classname="tests.storage.test_conformance" name="test_conformance_report_not_ok_when_issues_exist" time="0.001" /><testcase classname="tests.storage.test_catalog_describe" name="test_describe_dataset_warns_on_missing_schema" time="0.001" /><testcase classname="tests.storage.test_conformance" name="test_conformance_issue_allows_none_dataset" time="0.001" /><testcase classname="tests.storage.test_conformance" name="test_conformance_with_sample_rows_enabled" time="0.650" /><testcase classname="tests.storage.test_conformance" name="test_conformance_validates_schema_rows" time="0.646" /><testcase classname="tests.storage.test_conformance" name="test_conformance_issue_stores_dataset_and_message" time="0.001" /><testcase classname="tests.storage.test_conformance" name="test_conformance_passes_with_empty_db" time="0.627" /><testcase classname="tests.storage.test_conformance" name="test_conformance_report_ok_when_no_issues" time="0.001" /><testcase classname="tests.storage.test_data_models" name="test_data_model_row_is_frozen" time="0.001" /><testcase classname="tests.storage.test_data_models" name="test_data_model_field_row_is_frozen" time="0.000" /><testcase classname="tests.storage.test_dataflow_graph" name="test_composite_edges_align_with_composite_schemas" time="0.001" /><testcase classname="tests.storage.test_dataflow_graph" name="test_metadata_dataflow_tables_populated" time="1.288" /><testcase classname="tests.storage.test_data_models" name="test_data_model_relationship_row_is_frozen" time="0.000" /><testcase classname="tests.storage.test_conformance" name="test_conformance_reports_json_schema_errors" time="0.882" /><testcase classname="tests.storage.test_conformance" name="test_conformance_skips_missing_schema_files" time="0.821" /><testcase classname="tests.storage.test_dataflow_graph" name="test_alias_docs_views_have_nodes" time="0.001" /><testcase classname="tests.storage.test_dataset_catalog" name="test_catalog_generation_writes_files" time="0.002" /><testcase classname="tests.storage.test_dataset_scaffold" name="test_scaffold_respects_dry_run" time="0.001" /><testcase classname="tests.storage.test_dataset_scaffold" name="test_scaffold_blocks_overwrite_without_flag" time="0.001" /><testcase classname="tests.storage.test_dataset_scaffold" name="test_scaffold_view_defaults_skip_exports" time="0.001" /><testcase classname="tests.storage.test_dataset_scaffold" name="test_scaffold_emits_bootstrap_snippet_when_requested" time="0.001" /><testcase classname="tests.storage.test_dataset_scaffold" name="test_scaffold_registry_conflict_blocks_creation" time="0.001" /><testcase classname="tests.storage.test_datasets" name="test_dataset_registry_all_datasets_returns_tuple" time="0.000" /><testcase classname="tests.storage.test_datasets" name="test_dataset_registry_datasets_with_json_schema" time="0.000" /><testcase classname="tests.storage.test_datasets" name="test_dataset_registry_dataset_dependencies" time="0.000" /><testcase classname="tests.storage.test_datasets" name="test_dataset_registry_docs_dataset_names" time="0.000" /><testcase classname="tests.storage.test_datasets" name="test_dataset_registry_resolve_table_key_returns_qualified" time="0.000" /><testcase classname="tests.storage.test_datasets" name="test_dataset_registry_resolve_table_key_raises_on_unknown" time="0.000" /><testcase classname="tests.storage.test_datasets" name="test_dataset_for_name_returns_contract" time="0.000" /><testcase classname="tests.storage.test_datasets" name="test_dataset_for_name_raises_on_unknown" time="0.000" /><testcase classname="tests.storage.test_datasets" name="test_dataset_for_table_returns_contract" time="0.000" /><testcase classname="tests.storage.test_datasets" name="test_dataset_for_table_raises_on_unknown" time="0.001" /><testcase classname="tests.storage.test_datasets" name="test_describe_dataset_returns_serializable_dict" time="0.000" /><testcase classname="tests.storage.test_datasets" name="test_list_dataset_specs_returns_list" time="0.000" /><testcase classname="tests.storage.test_datasets" name="test_build_dataset_dependency_graph_returns_mapping" time="0.000" /><testcase classname="tests.storage.test_dataset_catalog" name="test_catalog_missing_db_strict_fails" time="0.001" /><testcase classname="tests.storage.test_dataset_scaffold" name="test_scaffold_writes_artifacts" time="0.001" /><testcase classname="tests.storage.test_datasets_contract" name="test_require_row_binding_behavior" time="0.000" /><testcase classname="tests.storage.test_datasets_contract" name="test_describe_dataset_shape" time="0.000" /><testcase classname="tests.storage.test_datasets_contract" name="test_json_schema_datasets_have_row_bindings" time="0.616" /><testcase classname="tests.storage.test_dataset_catalog" name="test_catalog_sampling_strict_raises" time="0.039" /><testcase classname="tests.storage.test_dataset_catalog" name="test_catalog_missing_db_writes_empty" time="0.001" /><testcase classname="tests.storage.repositories.test_base" name="test_fetch_all_dicts_returns_list" time="6.575" /><testcase classname="tests.storage.repositories.test_modules" name="test_get_file_profile_returns_none_when_not_found" time="6.631" /><testcase classname="tests.storage.repositories.test_modules" name="test_get_module_architecture_returns_none_when_not_found" time="6.654" /><testcase classname="tests.storage.repositories.test_functions" name="test_get_function_summary_by_goid_returns_none_when_not_found" time="6.661" /><testcase classname="tests.storage.repositories.test_subsystems" name="test_list_subsystem_memberships_returns_rows" time="6.688" /><testcase classname="tests.storage.repositories.test_base" name="test_fetch_one_dict_returns_mapping" time="6.676" /><testcase classname="tests.storage.repositories.test_dataflow" name="test_list_edges_filtered_by_both" time="6.684" /><testcase classname="tests.storage.repositories.test_functions" name="test_get_function_architecture_returns_none_when_not_found" time="6.706" /><testcase classname="tests.storage.repositories.test_dataflow" name="test_list_edges_filtered_by_src" time="6.734" /><testcase classname="tests.storage.repositories.test_functions" name="test_resolve_function_goid_passthrough" time="6.732" /><testcase classname="tests.storage.repositories.test_base" name="test_fetch_paginated_detects_truncation" time="6.748" /><testcase classname="tests.storage.repositories.test_dataflow" name="test_list_nodes_includes_expected_columns" time="6.760" /><testcase classname="tests.storage.repositories.test_base" name="test_base_repository_stores_attributes" time="6.760" /><testcase classname="tests.storage.test_data_models" name="test_fetch_relationships_returns_list" time="6.754" /><testcase classname="tests.storage.repositories.test_functions" name="test_list_high_risk_functions_returns_empty_when_no_match" time="6.779" /><testcase classname="tests.storage.repositories.test_functions" name="test_get_function_profile_returns_none_when_not_found" time="6.783" /><testcase classname="tests.storage.repositories.test_modules" name="test_list_modules_returns_empty_for_no_data" time="6.779" /><testcase classname="tests.storage.repositories.test_base" name="test_row_exists_returns_true_when_match" time="6.789" /><testcase classname="tests.storage.repositories.test_base" name="test_base_repository_con_property" time="6.779" /><testcase classname="tests.storage.repositories.test_subsystems" name="test_get_subsystem_summary_returns_row" time="6.826" /><testcase classname="tests.storage.test_dataflow_graph" name="test_contract_dataflow_includes_all_datasets" time="0.001" /><testcase classname="tests.storage.repositories.test_subsystems" name="test_search_subsystems_is_alias_for_list" time="6.909" /><testcase classname="tests.storage.test_data_models" name="test_fetch_models_returns_list" time="6.265" /><testcase classname="tests.storage.test_dataset_catalog" name="test_catalog_handles_missing_samples" time="0.001" /><testcase classname="tests.storage.test_dataset_catalog" name="test_catalog_sampling_gracefully_falls_back" time="0.038" /><testcase classname="tests.storage.test_docs_views_as_datasets" name="test_docs_view_readable_via_dataset_rows" time="0.629" /><testcase classname="tests.storage.repositories.test_subsystems" name="test_list_subsystems_filters_by_role" time="7.105" /><testcase classname="tests.storage.repositories.test_subsystems" name="test_list_subsystem_profiles_uses_cache_when_present" time="7.146" /><testcase classname="tests.storage.repositories.test_subsystems" name="test_list_subsystem_profiles_returns_rows" time="7.144" /><testcase classname="tests.storage.repositories.test_subsystems" name="test_list_subsystems_returns_rows" time="7.191" /><testcase classname="tests.storage.test_datasets" name="test_load_dataset_registry_from_db" time="6.063" /><testcase classname="tests.storage.test_datasets_contract" name="test_json_schema_ids_attached_to_datasets" time="0.774" /><testcase classname="tests.storage.test_docs_views_as_datasets" name="test_docs_views_expose_capabilities" time="0.536" /><testcase classname="tests.storage.repositories.test_functions" name="test_function_repository_with_docs_export" time="7.879" /><testcase classname="tests.storage.test_db_helpers" name="test_row_counts_for_tables_filters_by_repo_commit" time="6.390" /><testcase classname="tests.storage.repositories.test_repositories" name="test_function_repository_reads" time="7.963" /><testcase classname="tests.storage.repositories.test_repositories" name="test_subsystem_repository_reads" time="7.995" /><testcase classname="tests.storage.test_file_module_test_behavioral_columns" name="test_module_profile_tuple_length_matches_columns" time="0.000" /><testcase classname="tests.storage.test_ingest_macros" name="test_ensure_ingest_macros_registers_all_macros" time="0.042" /><testcase classname="tests.storage.test_ingest_macros" name="test_ensure_ingest_macros_is_idempotent" time="0.054" /><testcase classname="tests.storage.test_file_module_test_behavioral_columns" name="test_file_profile_tuple_length_matches_columns" time="0.000" /><testcase classname="tests.storage.test_ingest_macros" name="test_clear_macro_cache_for_connection_with_connection" time="0.064" /><testcase classname="tests.storage.test_ingest_macros" name="test_list_ingest_macros_returns_set" time="0.047" /><testcase classname="tests.storage.test_ingest_macros" name="test_clear_macro_cache_for_connection_with_int_key" time="0.041" /><testcase classname="tests.storage.test_ingest_macros" name="test_assert_ingest_macros_present_succeeds_when_macros_exist" time="0.039" /><testcase classname="tests.storage.test_ingest_macros" name="test_assert_ingest_macros_present_registers_missing_macros" time="0.040" /><testcase classname="tests.storage.test_db_helpers" name="test_row_counts_for_tables_returns_dict" time="6.264" /><testcase classname="tests.storage.test_ingest_macros" name="test_registered_macros_handles_prefixed_function_names" time="0.016" /><testcase classname="tests.storage.test_ingest_macros_autoload" name="test_ingest_macros_registered_on_gateway" time="1.085" /><testcase classname="tests.storage.test_ingest_macros" name="test_macros_contain_ingest_prefix" time="0.000" /><testcase classname="tests.storage.test_ingest_macros_cache" name="test_ingest_macros_recover_if_missing_while_cached" time="1.126" /><testcase classname="tests.storage.test_ingest_macros_cache" name="test_ingest_macros_re_register_on_cache_hit_after_close" time="2.193" /><testcase classname="tests.storage.test_ingest_macros_end_to_end" name="test_architecture_seed_helper_has_macros[True]" time="6.396" /><testcase classname="tests.storage.test_ingest_macros_end_to_end" name="test_provision_helper_has_macros" time="6.115" /><testcase classname="tests.storage.repositories.test_base" name="test_fetch_all_dicts_returns_empty_list_when_no_match" time="6.211" /><testcase classname="tests.storage.repositories.test_modules" name="test_get_file_hints_returns_empty_when_not_found" time="6.366" /><testcase classname="tests.storage.repositories.test_modules" name="test_get_module_profile_returns_none_when_not_found" time="6.338" /><testcase classname="tests.storage.repositories.test_dataflow" name="test_list_edges_returns_empty_when_no_match" time="6.329" /><testcase classname="tests.storage.test_db_helpers" name="test_safe_row_counts_tolerates_none_connection" time="0.001" /><testcase classname="tests.storage.repositories.test_functions" name="test_list_function_goids_returns_empty_when_no_data" time="6.327" /><testcase classname="tests.storage.repositories.test_base" name="test_fetch_one_dict_returns_none_when_empty" time="6.367" /><testcase classname="tests.storage.repositories.test_functions" name="test_list_function_summaries_for_file_returns_empty_when_no_match" time="6.383" /><testcase classname="tests.storage.test_docs_view_indexes" name="test_test_profile_has_primary_subsystem_index" time="0.083" /><testcase classname="tests.storage.test_docs_view_profiling" name="test_docs_views_is_defined" time="0.000" /><testcase classname="tests.storage.repositories.test_dataflow" name="test_list_edges_filtered_by_dst" time="6.420" /><testcase classname="tests.storage.repositories.test_functions" name="test_resolve_function_goid_returns_none_when_no_identifiers" time="6.411" /><testcase classname="tests.storage.test_docs_view_profiling" name="test_docs_views_contains_expected_views" time="0.000" /><testcase classname="tests.storage.test_docs_view_profiling" name="test_main_is_callable" time="0.000" /><testcase classname="tests.storage.repositories.test_dataflow" name="test_list_nodes_returns_nodes" time="6.452" /><testcase classname="tests.storage.repositories.test_base" name="test_fetch_paginated_no_truncation_when_under_limit" time="6.452" /><testcase classname="tests.storage.repositories.test_functions" name="test_list_high_risk_functions_with_tested_only_filter" time="6.436" /><testcase classname="tests.storage.test_docs_view_profiling" name="test_explain_analyze_returns_plan_text" time="6.439" /><testcase classname="tests.storage.repositories.test_modules" name="test_get_file_summary_returns_none_when_not_found" time="6.437" /><testcase classname="tests.storage.repositories.test_dataflow" name="test_list_edges_returns_edges" time="6.463" /><testcase classname="tests.storage.repositories.test_base" name="test_row_exists_returns_false_when_no_match" time="6.427" /><testcase classname="tests.storage.test_data_models" name="test_fetch_models_filters_by_repo_commit" time="6.435" /><testcase classname="tests.storage.repositories.test_functions" name="test_get_function_profile_returns_row" time="6.452" /><testcase classname="tests.storage.test_docs_view_profiling" name="test_write_text_creates_file" time="0.001" /><testcase classname="tests.storage.test_docs_view_profiling" name="test_run_profile_raises_on_missing_db" time="0.001" /><testcase classname="tests.storage.test_docs_view_profiling" name="test_run_profile_creates_artifacts" time="3.712" /><testcase classname="tests.storage.test_docs_view_profiling" name="test_main_with_valid_db_returns_success" time="3.706" /><testcase classname="tests.storage.test_docs_view_profiling" name="test_run_profile_analyze_mode_creates_artifacts" time="3.700" /><testcase classname="tests.storage.test_docs_view_profiling" name="test_write_text_creates_nested_directories" time="0.001" /><testcase classname="tests.storage.test_docs_view_profiling" name="test_main_with_missing_db_calls_parser_error" time="0.002" /><testcase classname="tests.storage.repositories.test_subsystems" name="test_list_subsystems_for_module_returns_rows" time="6.719" /><testcase classname="tests.storage.test_docs_view_indexes" name="test_subsystems_has_repo_commit_index" time="0.070" /><testcase classname="tests.storage.test_normalized_macros" name="test_render_macro_unknown_table_key_raises" time="0.001" /><testcase classname="tests.storage.test_normalized_macros" name="test_render_macro_with_custom_limit" time="0.000" /><testcase classname="tests.storage.test_normalized_macros" name="test_render_macro_includes_date_cast" time="0.000" /><testcase classname="tests.storage.test_normalized_macros" name="test_render_macro_includes_goid_cast" time="0.000" /><testcase classname="tests.storage.test_normalized_macros" name="test_main_outputs_ddl" time="0.001" /><testcase classname="tests.storage.test_normalized_macros" name="test_main_with_multiple_tables" time="0.001" /><testcase classname="tests.storage.repositories.test_subsystems" name="test_get_subsystem_summary_returns_none_for_missing" time="6.816" /><testcase classname="tests.storage.test_docs_view_profiling" name="test_main_with_analyze_flag" time="3.662" /><testcase classname="tests.storage.repositories.test_subsystems" name="test_list_subsystem_modules_returns_rows" time="6.811" /><testcase classname="tests.storage.repositories.test_subsystems" name="test_list_subsystem_coverage_uses_cache_when_present" time="6.619" /><testcase classname="tests.storage.repositories.test_subsystems" name="test_list_subsystems_searches_by_query" time="6.660" /><testcase classname="tests.storage.test_docs_views_as_datasets" name="test_docs_views_registered_in_metadata" time="0.449" /><testcase classname="tests.storage.repositories.test_subsystems" name="test_list_subsystem_coverage_returns_rows" time="6.635" /><testcase classname="tests.storage.repositories.test_subsystems" name="test_list_subsystems_respects_limit" time="6.612" /><testcase classname="tests.storage.repositories.test_modules" name="test_list_modules_returns_sorted_list" time="6.074" /><testcase classname="tests.storage.test_file_module_test_behavioral_columns" name="test_test_profile_tuple_length_matches_columns" time="0.001" /><testcase classname="tests.storage.test_db_helpers" name="test_row_counts_for_tables_returns_none_on_missing_table" time="6.092" /><testcase classname="tests.storage.test_function_profile_rows" name="test_function_profile_tuple_length_matches_columns" time="0.001" /><testcase classname="tests.storage.test_db_helpers" name="test_row_counts_for_tables_handles_special_chars_in_repo" time="6.178" /><testcase classname="tests.storage.test_ingest_macros_end_to_end" name="test_architecture_seed_helper_has_macros[False]" time="5.595" /><testcase classname="tests.storage.repositories.test_repositories" name="test_module_repository_reads" time="7.212" /><testcase classname="tests.storage.test_file_module_test_behavioral_columns" name="test_behavioral_coverage_tuple_length_matches_columns" time="0.001" /><testcase classname="tests.storage.repositories.test_repositories" name="test_data_model_repository_reads" time="7.247" /><testcase classname="tests.storage.test_ingest_macros_provision_helper" name="test_provision_helper_registers_macros" time="5.818" /><testcase classname="tests.storage.test_ingest_macros_seed_helper" name="test_seed_helper_registers_ingest_macros" time="6.091" /><testcase classname="tests.storage.test_db_helpers" name="test_row_counts_for_tables_handles_empty_tables" time="5.971" /><testcase classname="tests.storage.test_db_helpers" name="test_safe_row_counts_returns_counts_with_valid_connection" time="6.009" /><testcase classname="tests.storage.test_ingest_prepared_dynamic" name="test_ingest_macros_registered" time="6.228" /><testcase classname="tests.storage.test_macro_registry" name="test_macro_registry_hashes" time="5.984" /><testcase classname="tests.storage.test_db_helpers" name="test_safe_row_counts_returns_none_on_table_error" time="5.999" /><testcase classname="tests.storage.test_db_helpers" name="test_safe_row_counts_accepts_iterable_tables" time="6.024" /><testcase classname="tests.storage.test_metadata_bootstrap" name="test_metadata_bootstrap_populates_catalog" time="0.692" /><testcase classname="tests.storage.test_macro_performance" name="test_normalized_macro_latency_smoke[analytics.function_metrics]" time="5.983" /><testcase classname="tests.storage.test_metadata_bootstrap" name="test_dataflow_metadata_populated" time="1.000" /><testcase classname="tests.storage.test_metadata_bootstrap" name="test_validate_macro_registry_success" time="5.987" /><testcase classname="tests.storage.test_metadata_bootstrap" name="test_load_macro_registry" time="6.013" /><testcase classname="tests.storage.test_metadata_bootstrap" name="test_dataset_rows_only_entries_returns_list" time="0.000" /><testcase classname="tests.storage.test_data_models" name="test_fetch_fields_returns_list" time="5.967" /><testcase classname="tests.storage.test_metadata_bootstrap" name="test_ingest_macro_coverage_returns_present_and_missing" time="6.002" /><testcase classname="tests.storage.test_docs_view_profiling" name="test_explain_returns_plan_text" time="5.996" /><testcase classname="tests.storage.test_metadata_bootstrap" name="test_validate_normalized_macro_schemas_success" time="6.014" /><testcase classname="tests.storage.test_normalized_macros" name="test_normalized_macros_execute" time="6.028" /><testcase classname="tests.storage.test_module_index" name="test_load_module_map_uses_custom_logger" time="6.027" /><testcase classname="tests.storage.test_normalized_macros" name="test_render_macro_valid_table_key" time="0.001" /><testcase classname="tests.storage.test_normalized_macros_helper" name="test_normalized_macros_defined" time="5.898" /><testcase classname="tests.storage.test_normalized_macros_helper" name="test_normalized_macros_match_expected_sets" time="0.000" /><testcase classname="tests.storage.test_export_macro_strict" name="test_require_macros_allows_macro_backed_tables" time="5.810" /><testcase classname="tests.storage.test_export_macro_invocation" name="test_export_calls_macro_sentinel" time="5.831" /><testcase classname="tests.storage.test_export_macro_parity" name="test_macro_parity_exports_seeded_rows" time="5.817" /><testcase classname="tests.storage.test_export_macro_strict" name="test_require_macros_rejects_dataset_rows_only" time="5.817" /><testcase classname="tests.storage.test_registry_contracts" name="test_build_registry_contracts_maps_all_tables" time="5.931" /><testcase classname="tests.storage.test_registry_contracts" name="test_render_create_table_produces_valid_ddl" time="5.791" /><testcase classname="tests.storage.test_normalized_macros_helper" name="test_dataset_rows_only_tables_parse" time="5.815" /><testcase classname="tests.storage.test_registry_contracts" name="test_column_def_is_namedtuple" time="0.000" /><testcase classname="tests.storage.test_sql_builder" name="test_validate_identifier_accepts_simple_name" time="0.000" /><testcase classname="tests.storage.test_sql_builder" name="test_validate_identifier_accepts_schema_qualified" time="0.000" /><testcase classname="tests.storage.test_sql_builder" name="test_validate_identifier_raises_on_empty" time="0.000" /><testcase classname="tests.storage.test_sql_builder" name="test_validate_identifier_raises_on_too_long" time="0.000" /><testcase classname="tests.storage.test_sql_builder" name="test_validate_identifier_raises_on_invalid_chars" time="0.000" /><testcase classname="tests.storage.test_sql_builder" name="test_safe_table_stores_valid_name" time="0.000" /><testcase classname="tests.storage.test_sql_builder" name="test_safe_table_raises_on_invalid_name" time="0.000" /><testcase classname="tests.storage.test_sql_builder" name="test_safe_table_is_frozen" time="0.000" /><testcase classname="tests.storage.test_sql_builder" name="test_safe_column_stores_valid_name" time="0.000" /><testcase classname="tests.storage.test_sql_builder" name="test_safe_column_raises_on_dots" time="0.000" /><testcase classname="tests.storage.test_sql_builder" name="test_safe_column_raises_on_invalid_name" time="0.000" /><testcase classname="tests.storage.test_sql_builder" name="test_render_sql_joins_parts" time="0.000" /><testcase classname="tests.storage.test_sql_builder" name="test_render_sql_filters_empty_strings" time="0.000" /><testcase classname="tests.storage.test_sql_builder" name="test_count_builds_basic_query" time="0.000" /><testcase classname="tests.storage.test_sql_builder" name="test_count_with_where_clause" time="0.000" /><testcase classname="tests.storage.test_sql_builder" name="test_count_accepts_safe_table" time="0.000" /><testcase classname="tests.storage.test_sql_builder" name="test_count_where_null_builds_correct_query" time="0.000" /><testcase classname="tests.storage.test_sql_builder" name="test_count_where_null_with_additional_where" time="0.000" /><testcase classname="tests.storage.test_sql_builder" name="test_delete_builds_parameterized_query" time="0.000" /><testcase classname="tests.storage.test_sql_builder" name="test_delete_in_builds_in_clause" time="0.000" /><testcase classname="tests.storage.test_sql_builder" name="test_select_all_builds_query" time="0.000" /><testcase classname="tests.storage.test_sql_builder" name="test_select_all_validates_table" time="0.000" /><testcase classname="tests.storage.test_sql_builder" name="test_insert_builds_placeholder_query" time="0.000" /><testcase classname="tests.storage.test_sql_builder" name="test_insert_accepts_safe_columns" time="0.000" /><testcase classname="tests.storage.test_sql_builder" name="test_delete_repo_commit_builds_scoped_query" time="0.000" /><testcase classname="tests.storage.test_sql_builder" name="test_build_delete_query_with_scope" time="0.000" /><testcase classname="tests.storage.test_sql_builder" name="test_build_delete_query_without_scope" time="0.000" /><testcase classname="tests.storage.test_sql_builder" name="test_error_stores_identifier_and_reason" time="0.000" /><testcase classname="tests.storage.test_sql_builder" name="test_error_message_includes_details" time="0.000" /><testcase classname="tests.storage.test_sql_builder" name="test_sql_builder_error_is_base_exception" time="0.000" /><testcase classname="tests.storage.test_sql_helpers" name="test_quote_identifier_validates_simple_names" time="0.000" /><testcase classname="tests.storage.test_sql_helpers" name="test_quote_identifier_rejects_invalid[]" time="0.001" /><testcase classname="tests.storage.test_sql_helpers" name="test_quote_identifier_rejects_invalid[1foo]" time="0.001" /><testcase classname="tests.storage.test_sql_helpers" name="test_quote_identifier_rejects_invalid[foo-bar]" time="0.000" /><testcase classname="tests.storage.test_sql_helpers" name="test_quote_identifier_rejects_invalid[foo;drop]" time="0.000" /><testcase classname="tests.storage.test_sql_helpers" name="test_quote_identifier_rejects_invalid[foo bar]" time="0.000" /><testcase classname="tests.storage.test_sql_helpers" name="test_quote_table_key_validates_schema_and_table" time="0.000" /><testcase classname="tests.storage.test_sql_helpers" name="test_quote_table_key_rejects_bad_keys[]" time="0.000" /><testcase classname="tests.storage.test_sql_helpers" name="test_quote_table_key_rejects_bad_keys[notable]" time="0.000" /><testcase classname="tests.storage.test_sql_helpers" name="test_quote_table_key_rejects_bad_keys[foo..bar]" time="0.000" /><testcase classname="tests.storage.test_sql_helpers" name="test_safe_macro_call_validates_allowlist" time="0.000" /><testcase classname="tests.storage.test_subsystem_docs_views" name="test_subsystem_profile_columns" time="0.086" /><testcase classname="tests.storage.test_subsystem_docs_views" name="test_subsystem_coverage_columns" time="0.085" /><testcase classname="tests.storage.test_subsystem_docs_views" name="test_subsystem_profile_view_prefers_cache" time="0.088" /><testcase classname="tests.storage.test_subsystem_docs_views" name="test_subsystem_coverage_view_prefers_cache" time="0.090" /><testcase classname="tests.storage.test_subsystem_view_schema_drift" name="test_subsystem_docs_views_schema_stable" time="0.095" /><testcase classname="tests.storage.test_views_scoping" name="test_call_graph_view_scopes_edges_to_repo_commit" time="1.791" /><testcase classname="tests.storage.test_registry_helpers" name="test_dataset_registry_all_datasets_property" time="5.835" /><testcase classname="tests.storage.test_gateway_helpers" name="test_insert_helpers_write_expected_rows" time="6.213" /><testcase classname="tests.storage.test_module_index" name="test_load_module_map_returns_empty_on_no_match" time="5.693" /><testcase classname="tests.storage.test_module_index" name="test_load_module_map_filters_by_language" time="5.697" /><testcase classname="tests.storage.test_metadata_dataset_rows_macro" name="test_dataset_rows_macro_handles_registry_datasets" time="5.732" /><testcase classname="tests.storage.test_normalized_macros_helper" name="test_normalized_macro_schema_validation" time="5.815" /><testcase classname="tests.storage.test_registry_helpers" name="test_dataset_registry_frozen" time="0.000" /><testcase classname="tests.storage.test_ingest_perf" name="test_ingest_macro_perf_reasonable" time="5.924" /><testcase classname="tests.storage.test_run_tracking" name="test_pipeline_run_record_stores_fields" time="0.001" /><testcase classname="tests.storage.test_ingest_prepared_dynamic" name="test_dynamic_prepared_statements_match_registry" time="5.772" /><testcase classname="tests.storage.test_macro_schemas" name="test_macro_schemas_match_table_definitions" time="5.775" /><testcase classname="tests.storage.test_run_tracking" name="test_pipeline_step_record_stores_fields" time="0.001" /><testcase classname="tests.storage.test_run_tracking" name="test_step_completion_params_to_record" time="0.001" /><testcase classname="tests.storage.test_metadata_bootstrap" name="test_load_dataset_schema_registry" time="5.804" /><testcase classname="tests.storage.test_run_tracking" name="test_fetch_run_returns_none_for_missing" time="5.829" /><testcase classname="tests.storage.test_metadata_bootstrap" name="test_validate_macro_registry_with_missing_entry" time="5.863" /><testcase classname="tests.storage.test_module_index" name="test_load_module_map_handles_multiple_modules_same_path" time="5.855" /><testcase classname="tests.storage.test_metadata_bootstrap" name="test_validate_dataset_schema_registry_success" time="5.849" /><testcase classname="tests.storage.test_metadata_bootstrap" name="test_validate_dataset_schema_registry_detects_drift" time="5.870" /><testcase classname="tests.storage.test_module_index" name="test_load_module_map_returns_normalized_paths" time="5.868" /><testcase classname="tests.storage.test_macro_performance" name="test_normalized_macro_latency_smoke[graph.call_graph_edges]" time="5.875" /><testcase classname="tests.storage.test_module_index" name="test_load_module_map_normalizes_path_with_leading_slash" time="5.874" /><testcase classname="tests.storage.test_schema_alignment" name="test_ensure_schemas_preserve_creates_tables_idempotently" time="5.918" /><testcase classname="tests.storage.test_schema_alignment" name="test_assert_schema_alignment_detects_drift_nonstrict" time="6.066" /><testcase classname="tests.storage.test_registry_contracts" name="test_fetch_table_columns_returns_column_defs" time="5.857" /><testcase classname="tests.storage.test_registry_contracts" name="test_list_registry_tables_returns_ordered_keys" time="5.883" /><testcase classname="tests.storage.test_registry_contracts" name="test_fetch_table_columns_preserves_ordinal_position" time="5.889" /><testcase classname="tests.storage.test_schema_generation_validator" name="test_build_validator_accepts_mapping" time="0.001" /><testcase classname="tests.storage.test_registry_contracts" name="test_fetch_table_columns_raises_on_invalid_key" time="5.885" /><testcase classname="tests.storage.test_schema_generation" name="test_json_schema_from_typeddict_round_trip" time="0.001" /><testcase classname="tests.storage.test_schema_generation_validator" name="test_validate_row_with_schema_passes_valid_data" time="0.001" /><testcase classname="tests.storage.test_run_tracking" name="test_start_run_inserts_record" time="5.856" /><testcase classname="tests.storage.test_schema_roundtrip" name="test_call_graph_edge_round_trip" time="0.238" /><testcase classname="tests.storage.test_registry_contracts" name="test_render_create_table_includes_all_columns" time="5.859" /><testcase classname="tests.storage.test_registry_contracts" name="test_build_registry_contracts_with_subset" time="5.836" /><testcase classname="tests.storage.test_schema_roundtrip" name="test_symbol_use_round_trip" time="0.210" /><testcase classname="tests.storage.test_schema_roundtrip" name="test_test_coverage_round_trip" time="0.182" /><testcase classname="tests.storage.test_registry_contracts" name="test_render_create_table_raises_on_invalid_key" time="5.820" /><testcase classname="tests.storage.test_schema_roundtrip" name="test_behavioral_coverage_round_trip" time="0.264" /><testcase classname="tests.storage.test_run_tracking" name="test_complete_run_updates_status" time="5.827" /><testcase classname="tests.storage.test_schema_roundtrip" name="test_generate_export_schemas_writes_files" time="0.428" /><testcase classname="tests.storage.test_registry_helpers" name="test_dataset_registry_table_for_name_returns_key" time="5.903" /><testcase classname="tests.storage.test_registry_helpers" name="test_dataset_registry_table_for_name_raises_on_unknown" time="5.922" /><testcase classname="tests.storage.test_registry_helpers" name="test_build_dataset_registry_excludes_views_when_requested" time="5.970" /><testcase classname="tests.storage.test_registry_helpers" name="test_build_dataset_registry_includes_meta" time="6.094" /><testcase classname="tests.storage.test_registry_helpers" name="test_build_dataset_registry_includes_parquet_mapping" time="6.051" /><testcase classname="tests.storage.test_registry_helpers" name="test_build_dataset_registry_includes_jsonl_mapping" time="6.092" /><testcase classname="tests.storage.test_registry_helpers" name="test_describe_all_datasets_returns_serializable_list" time="5.995" /><testcase classname="tests.storage.test_run_tracking" name="test_complete_run_with_error_summary" time="6.094" /><testcase classname="tests.storage.test_run_tracking" name="test_record_step_inserts_step" time="6.146" /><testcase classname="tests.storage.test_run_tracking" name="test_fetch_run_returns_record" time="6.182" /><testcase classname="tests.storage.test_run_tracking" name="test_fetch_steps_orders_by_module_stage_name" time="6.228" /><testcase classname="tests.storage.test_run_tracking" name="test_fetch_steps_returns_list" time="6.275" /><testcase classname="tests.storage.test_run_tracking" name="test_complete_step_updates_step" time="6.227" /><testcase classname="tests.storage.test_run_tracking" name="test_start_step_returns_timestamp" time="6.267" /><testcase classname="tests.storage.test_schema_alignment" name="test_apply_and_validate_schema_alignment" time="6.383" /><testcase classname="tests.storage.test_run_tracking" name="test_record_step_with_none_row_counts" time="6.274" /><testcase classname="tests.storage.test_schema_alignment" name="test_ensure_schemas_preserve_with_extra_ddl" time="6.239" /><testcase classname="tests.storage.test_schema_alignment" name="test_create_schemas_creates_all_namespaces" time="6.168" /><testcase classname="tests.storage.test_schema_function_validation" name="test_apply_all_schemas_creates_function_validation" time="6.156" /></testsuite></testsuites>