<?xml version="1.0" encoding="utf-8"?><testsuites name="pytest tests"><testsuite name="pytest" errors="0" failures="1" skipped="0" tests="355" time="19.566" timestamp="2025-12-12T11:13:45.357675-05:00" hostname="paul-X870-AORUS-ELITE-WIFI7"><testcase classname="tests.build.test_hamilton_phase0.TestMetadataBridge" name="test_from_target_extracts_description" time="0.001" /><testcase classname="tests.build.test_context_contracts_errors" name="test_build_error_collection_formats_and_filters" time="0.001" /><testcase classname="tests.build.test_errors" name="test_error_collection_empty_summary" time="0.001" /><testcase classname="tests.build.test_config_parameters" name="test_load_build_config_merges_module_and_target" time="0.003" /><testcase classname="tests.build.test_context_contracts_errors" name="test_write_table_missing_schema_raises" time="0.003" /><testcase classname="tests.build.test_errors" name="test_tool_not_available_hint_fallback" time="0.001" /><testcase classname="tests.build.test_hamilton_phase0.TestDriverFactory" name="test_target_to_node_name_maps_correctly" time="0.001" /><testcase classname="tests.build.test_contracts_parameters_state" name="test_target_parameters_access_and_merge" time="0.001" /><testcase classname="tests.build.test_executor.TestBuildExecutorIntegration" name="test_plan_generator_to_executor" time="0.002" /><testcase classname="tests.build.test_hamilton_phase0.TestMetadataBridge" name="test_from_target_extracts_name" time="0.001" /><testcase classname="tests.build.test_hamilton_phase0.TestNamingConventions" name="test_node_to_target_roundtrip" time="0.001" /><testcase classname="tests.build.test_context_contracts_errors" name="test_gateway_property_requires_resource" time="0.002" /><testcase classname="tests.build.test_executor.TestBuildExecutorDryRun" name="test_dry_run_records_tracking" time="0.002" /><testcase classname="tests.build.test_context_contracts_errors" name="test_write_table_validation_and_recording" time="0.002" /><testcase classname="tests.build.test_executor.TestBuildExecutorEmptyPlan" name="test_execute_empty_plan" time="0.002" /><testcase classname="tests.build.test_context_schema_aware" name="test_write_validated_table_integration" time="0.067" /><testcase classname="tests.build.test_executor.TestStageExecutionResult" name="test_success_false_with_error" time="0.001" /><testcase classname="tests.build.test_executor.TestStageExecutionResult" name="test_success_true" time="0.001" /><testcase classname="tests.build.test_contracts_parameters_state" name="test_state_validator_missing_and_computed" time="0.001" /><testcase classname="tests.build.test_errors" name="test_plugin_execution_error_chains_actionable_hint" time="0.001" /><testcase classname="tests.build.test_executor.TestBuildExecutorRunId" name="test_run_id_format" time="0.003" /><testcase classname="tests.build.test_contracts_parameters_state" name="test_database_state_helpers" time="0.001" /><testcase classname="tests.build.test_errors" name="test_column_count_mismatch_hint" time="0.001" /><testcase classname="tests.build.test_errors" name="test_missing_dependency_error_hint" time="0.001" /><testcase classname="tests.build.test_executor.TestBuildResult" name="test_success_true" time="0.001" /><testcase classname="tests.build.test_executor.TestBuildResult" name="test_to_dict" time="0.001" /><testcase classname="tests.build.test_config_parameters" name="test_target_parameters_errors" time="0.001" /><testcase classname="tests.build.test_hamilton_phase0.TestDriverFactory" name="test_build_driver_returns_runtime" time="0.003" /><testcase classname="tests.build.test_config_parameters" name="test_build_config_get_nested_with_defaults" time="0.001" /><testcase classname="tests.build.test_hamilton_phase0.TestNamingConventions" name="test_to_node_name[slash_path]" time="0.002" /><testcase classname="tests.build.test_hamilton_phase0.TestNamingConventions" name="test_to_node_name[dotted_name]" time="0.002" /><testcase classname="tests.build.test_hamilton_phase0.TestNamingConventions" name="test_target_node_helper" time="0.001" /><testcase classname="tests.build.test_context_schema_aware" name="test_write_validated_table_missing_schema_key_error" time="0.067" /><testcase classname="tests.build.test_executor.TestStageExecutionResult" name="test_create_result" time="0.000" /><testcase classname="tests.build.test_errors" name="test_target_not_found_suggestions" time="0.000" /><testcase classname="tests.build.test_hamilton_phase0.TestDriverFactory" name="test_driver_node_dependencies" time="0.004" /><testcase classname="tests.build.test_hamilton_phase0.TestTargetNodeTags" name="test_nodes_have_target_tags" time="0.003" /><testcase classname="tests.build.test_contracts_parameters_state" name="test_target_parameters_empty_singleton" time="0.001" /><testcase classname="tests.build.test_hamilton_phase0.TestMetadataBridge" name="test_from_target_extracts_domain" time="0.000" /><testcase classname="tests.build.test_hamilton_phase0.TestNamingConventions" name="test_to_node_name[simple_name]" time="0.001" /><testcase classname="tests.build.test_hamilton_phase1.TestDatasetRef" name="test_dataset_ref_creation" time="0.000" /><testcase classname="tests.build.test_hamilton_phase1.TestDatasetRef" name="test_dataset_ref_schema_name_extraction" time="0.000" /><testcase classname="tests.build.test_context_contracts_errors" name="test_contract_validation_reports_duplicates" time="0.000" /><testcase classname="tests.build.test_hamilton_phase1.TestDatasetRef" name="test_dataset_ref_frozen" time="0.000" /><testcase classname="tests.build.test_hamilton_phase1.TestRefsFromTargetResult" name="test_creates_refs_for_all_tables" time="0.000" /><testcase classname="tests.build.test_hamilton_phase1.TestTargetRunRecordDatasets" name="test_datasets_field_exists" time="0.000" /><testcase classname="tests.build.test_hamilton_phase1.TestTargetRunRecordDatasets" name="test_get_dataset_returns_matching_ref" time="0.000" /><testcase classname="tests.build.test_hamilton_phase0.TestNamingConventions" name="test_node_to_target_non_target_returns_none" time="0.000" /><testcase classname="tests.build.test_hamilton_phase1.TestNodeFactory" name="test_build_target_module_creates_module" time="0.002" /><testcase classname="tests.build.test_hamilton_phase1.TestNodeFactory" name="test_get_generated_module_caches" time="0.001" /><testcase classname="tests.build.test_executor.TestBuildResult" name="test_create_result" time="0.001" /><testcase classname="tests.build.test_executor.TestStageExecutionResult" name="test_success_false_with_failed" time="0.000" /><testcase classname="tests.build.test_errors" name="test_build_error_collection_operations" time="0.001" /><testcase classname="tests.build.test_executor.TestBuildExecutorIntegration" name="test_with_real_registry" time="0.001" /><testcase classname="tests.build.test_hamilton_phase1.TestDriverWithGeneratedNodes" name="test_generated_driver_has_nodes" time="0.003"><failure message="Failed: No target nodes found. Module attrs: ['t__ast', 't__behavioral_coverage', 't__call_graph', 't__cfg', 't__cfg_dfg_metrics', 't__config_data_flow', 't__config_ingest', 't__coverage_functions', 't__coverage_ingest', 't__coverage_test_edges', 't__cst', 't__data_model_usage', 't__data_models', 't__dfg', 't__docstrings', 't__entrypoints', 't__export_jsonl', 't__export_parquet', 't__external_deps', 't__function_ast_features', 't__function_contracts', 't__function_effects', 't__function_history', 't__function_metrics', 't__goids', 't__graph_metrics', 't__graph_validation', 't__history_timeseries', 't__hotspots', 't__import_graph', 't__modules', 't__profiles', 't__risk_factors', 't__scip', 't__semantic_roles', 't__subsystem_agreement', 't__subsystem_graph_metrics', 't__subsystems', 't__symbol_graph_metrics', 't__symbol_uses', 't__test_graph_metrics', 't__test_profile', 't__tests_ingest', 't__typing']">@staticmethod
    def test_generated_driver_has_nodes() -&gt; None:
        """Verify generated driver has expected nodes."""
        clear_generated_module_cache()
        runtime = build_driver(use_generated=True)
        all_nodes = list(runtime.dr.list_available_variables())
        node_names = [n.name for n in all_nodes]
        # Check if we have any target nodes at all
        target_nodes = [n for n in node_names if n.startswith("t__")]
        if not target_nodes:
            # If no target nodes, check the generated module directly
            generated_mod = get_generated_module()
            mod_attrs = [a for a in dir(generated_mod) if a.startswith("t__")]
&gt;           pytest.fail(f"No target nodes found. Module attrs: {mod_attrs}")
E           Failed: No target nodes found. Module attrs: ['t__ast', 't__behavioral_coverage', 't__call_graph', 't__cfg', 't__cfg_dfg_metrics', 't__config_data_flow', 't__config_ingest', 't__coverage_functions', 't__coverage_ingest', 't__coverage_test_edges', 't__cst', 't__data_model_usage', 't__data_models', 't__dfg', 't__docstrings', 't__entrypoints', 't__export_jsonl', 't__export_parquet', 't__external_deps', 't__function_ast_features', 't__function_contracts', 't__function_effects', 't__function_history', 't__function_metrics', 't__goids', 't__graph_metrics', 't__graph_validation', 't__history_timeseries', 't__hotspots', 't__import_graph', 't__modules', 't__profiles', 't__risk_factors', 't__scip', 't__semantic_roles', 't__subsystem_agreement', 't__subsystem_graph_metrics', 't__subsystems', 't__symbol_graph_metrics', 't__symbol_uses', 't__test_graph_metrics', 't__test_profile', 't__tests_ingest', 't__typing']

tests/build/test_hamilton_phase1.py:311: Failed</failure></testcase><testcase classname="tests.build.test_hamilton_phase1.TestNodeFactory" name="test_build_target_module_has_target_to_node" time="0.001" /><testcase classname="tests.build.test_hashing_plan_targets" name="test_build_plan_summary_and_formatting" time="0.001" /><testcase classname="tests.build.test_contracts_parameters_state" name="test_state_validator_stale_and_blocked_propagation" time="0.001" /><testcase classname="tests.build.test_hashing_plan_targets" name="test_operations_resolve_missing_mapping" time="0.000" /><testcase classname="tests.build.test_hashing_plan_targets" name="test_target_graph_validation_and_topology" time="0.001" /><testcase classname="tests.build.test_hamilton_phase1.TestDatasetRef" name="test_dataset_ref_unqualified_table" time="0.001" /><testcase classname="tests.build.test_hamilton_phase1.TestDatasetRef" name="test_dataset_ref_with_row_count" time="0.002" /><testcase classname="tests.build.test_operations" name="test_operation_targets_empty" time="0.000" /><testcase classname="tests.build.test_hamilton_phase1.TestRefsFromTargetResult" name="test_includes_source_target" time="0.000" /><testcase classname="tests.build.test_hamilton_phase1.TestRefsToTuple" name="test_converts_to_tuple" time="0.000" /><testcase classname="tests.build.test_hamilton_phase0.TestPhase0NodeRegistry" name="test_all_phase0_targets_mapped" time="0.001" /><testcase classname="tests.build.test_hamilton_phase1.TestNodeFactory" name="test_clear_generated_module_cache_works" time="0.002" /><testcase classname="tests.build.test_context_contracts_errors" name="test_write_table_legacy_tables_skip_schema" time="0.001" /><testcase classname="tests.build.test_hamilton_phase1.TestPanderaContractIntegration" name="test_get_pandera_schema_import" time="0.000" /><testcase classname="tests.build.test_hamilton_phase1.TestPanderaContractIntegration" name="test_with_contract_decorator_import" time="0.000" /><testcase classname="tests.build.test_executor.TestBuildExecutorDryRun" name="test_execute_dry_run" time="0.001" /><testcase classname="tests.build.test_hashing_plan_targets" name="test_compute_input_hash_differentiates_dependency_hashes" time="0.001" /><testcase classname="tests.build.test_hashing_plan_targets" name="test_compute_options_hash_json_and_fallback" time="0.000" /><testcase classname="tests.build.test_executor.TestBuildExecutorRunId" name="test_run_ids_unique" time="0.001" /><testcase classname="tests.build.test_errors" name="test_dependency_unavailable_hint" time="0.000" /><testcase classname="tests.build.test_errors" name="test_schema_not_found_messages" time="0.000" /><testcase classname="tests.build.test_errors" name="test_target_timeout_hint" time="0.000" /><testcase classname="tests.build.test_operations" name="test_get_targets_for_graph_call_neighborhood" time="0.001" /><testcase classname="tests.build.test_operations" name="test_get_targets_for_function_summary" time="0.001" /><testcase classname="tests.build.test_operations" name="test_operation_targets_frozen" time="0.000" /><testcase classname="tests.build.test_executor.TestBuildResult" name="test_success_false" time="0.000" /><testcase classname="tests.build.test_operations" name="test_importgraph_maps_to_import_graph" time="0.000" /><testcase classname="tests.build.test_config_parameters" name="test_target_parameters_success_and_merge" time="0.000" /><testcase classname="tests.build.test_hamilton_phase1.TestDatasetNodeNaming" name="test_dataset_node_names_are_consistent" time="0.001" /><testcase classname="tests.build.test_hamilton_phase1.TestTargetRunRecordDatasets" name="test_get_dataset_returns_none_for_missing" time="0.000" /><testcase classname="tests.build.test_plan.TestBuildPlan" name="test_total_steps" time="0.000" /><testcase classname="tests.build.test_context_contracts_errors" name="test_artifact_path_resolution" time="0.001" /><testcase classname="tests.build.test_operations" name="test_get_all_operation_targets_includes_known_operations" time="0.001" /><testcase classname="tests.build.test_hamilton_phase0.TestNamingConventions" name="test_to_node_name[analytics_target]" time="0.000" /><testcase classname="tests.build.test_plan.TestFormatDuration" name="test_format_seconds" time="0.000" /><testcase classname="tests.build.test_hamilton_phase1.TestDatasetRef" name="test_dataset_ref_table_name_extraction" time="0.000" /><testcase classname="tests.build.test_plan.TestPlanStage" name="test_stage_to_dict" time="0.000" /><testcase classname="tests.build.test_hamilton_phase1.TestDriverWithGeneratedNodes" name="test_build_driver_with_generated_flag" time="0.002" /><testcase classname="tests.build.test_hamilton_phase0.TestNamingConventions" name="test_to_node_name[hyphenated_name]" time="0.001" /><testcase classname="tests.build.test_plan.TestPlanStep" name="test_step_to_dict_none_duration" time="0.000" /><testcase classname="tests.build.test_hamilton_phase1.TestPanderaContractIntegration" name="test_contract_status_for_table" time="0.065" /><testcase classname="tests.build.test_hamilton_phase1.TestIbisIOConfig" name="test_ibis_io_config_creation" time="0.000" /><testcase classname="tests.build.test_plan.TestFormatSummary" name="test_format_summary_with_skipped" time="0.000" /><testcase classname="tests.build.test_hashing_plan_targets" name="test_operations_targets_dataclass_repr" time="0.001" /><testcase classname="tests.build.test_hamilton_phase0.TestDAGVisualization" name="test_driver_can_list_final_vars" time="0.002" /><testcase classname="tests.build.test_hamilton_phase0.TestDAGVisualization" name="test_driver_can_display_graph" time="0.013" /><testcase classname="tests.build.test_operations" name="test_table_to_target_mapping_exists" time="0.000" /><testcase classname="tests.build.test_operations" name="test_get_targets_caching" time="0.000" /><testcase classname="tests.build.test_hamilton_phase0.TestDriverFactory" name="test_driver_has_expected_nodes" time="0.000" /><testcase classname="tests.build.test_plan.TestPlanStage" name="test_stage_duration_none_if_any_unknown" time="0.000" /><testcase classname="tests.build.test_plan.TestPlanGenerator" name="test_preserves_skipped_and_blocked" time="0.001" /><testcase classname="tests.build.test_operations" name="test_get_targets_for_import_boundary" time="0.000" /><testcase classname="tests.build.test_plan.TestFormatSummary" name="test_format_summary_with_duration" time="0.001" /><testcase classname="tests.build.test_context_contracts_errors" name="test_write_table_column_mismatch_raises" time="0.001" /><testcase classname="tests.build.test_plan.TestFormatDuration" name="test_format_none" time="0.000" /><testcase classname="tests.build.test_hamilton_phase1.TestDatasetRef" name="test_dataset_ref_with_metadata" time="0.000" /><testcase classname="tests.build.test_plan.TestPlanGeneratorIntegration" name="test_full_chain_plan" time="0.001" /><testcase classname="tests.build.test_hashing_plan_targets" name="test_build_run_record_to_dict_handles_none_fields" time="0.000" /><testcase classname="tests.build.test_plan.TestPlanGenerator" name="test_step_gets_target_metadata" time="0.000" /><testcase classname="tests.build.test_hamilton_phase1.TestRefsFromTargetResult" name="test_includes_row_counts" time="0.001" /><testcase classname="tests.build.test_plan.TestBuildPlan" name="test_plan_duration_none_if_any_unknown" time="0.000" /><testcase classname="tests.build.test_hamilton_phase0.TestMetadataBridge" name="test_canonical_plugin_meta_frozen" time="0.001" /><testcase classname="tests.build.test_plan.TestPlanStep" name="test_step_is_frozen" time="0.000" /><testcase classname="tests.build.test_hashing_plan_targets" name="test_plan_generator_warns_on_missing_reason" time="0.002" /><testcase classname="tests.build.test_plan.TestPlanGenerator" name="test_stages_in_module_order" time="0.000" /><testcase classname="tests.build.test_hashing_plan_targets" name="test_target_table_keys_and_execution_duration" time="0.001" /><testcase classname="tests.build.test_plan.TestBuildPlan" name="test_is_empty_false" time="0.000" /><testcase classname="tests.build.test_executor.TestBuildExecutorInit" name="test_init" time="0.001" /><testcase classname="tests.build.test_operations" name="test_resolve_targets_for_operation_with_datasets" time="0.000" /><testcase classname="tests.build.test_plan.TestPlanGenerator" name="test_generate_single_target" time="0.001" /><testcase classname="tests.build.test_hamilton_phase0.TestPhase0NodeRegistry" name="test_node_names_are_valid_identifiers" time="0.001" /><testcase classname="tests.build.test_plan.TestFormatSummary" name="test_format_summary_multi_stage" time="0.000" /><testcase classname="tests.build.test_config_parameters" name="test_load_build_config_missing_or_invalid_returns_empty" time="0.001" /><testcase classname="tests.build.test_operations" name="test_operation_with_multiple_graph_requirements" time="0.001" /><testcase classname="tests.build.test_operations" name="test_operation_targets_with_data" time="0.000" /><testcase classname="tests.build.test_plan.TestBuildPlan" name="test_plan_to_dict_round_trip" time="0.000" /><testcase classname="tests.build.test_plan.TestBuildPlan" name="test_create_plan" time="0.000" /><testcase classname="tests.build.test_plan.TestPlanStep" name="test_create_step" time="0.000" /><testcase classname="tests.build.test_plan.TestBuildPlan" name="test_plan_duration_sums_stages" time="0.000" /><testcase classname="tests.build.test_hamilton_phase1.TestDatasetNodeNaming" name="test_dataset_and_target_nodes_distinct" time="0.000" /><testcase classname="tests.build.test_operations" name="test_resolve_targets_for_operation_with_graphs" time="0.000" /><testcase classname="tests.build.test_operations" name="test_get_all_operation_targets_values_are_operation_targets" time="0.000" /><testcase classname="tests.build.test_plan.TestPlanStage" name="test_create_stage" time="0.000" /><testcase classname="tests.build.test_plan.TestFormatSummary" name="test_format_summary_with_blocked" time="0.000" /><testcase classname="tests.build.test_operations" name="test_get_targets_for_unknown_operation" time="0.000" /><testcase classname="tests.build.test_hamilton_phase1.TestNodeFactory" name="test_build_target_module_respects_exclude" time="0.002" /><testcase classname="tests.build.test_operations" name="test_callgraph_maps_to_call_graph" time="0.000" /><testcase classname="tests.build.test_hamilton_phase0.TestTargetNodeTags" name="test_nodes_have_domain_tags" time="0.002" /><testcase classname="tests.build.test_operations" name="test_required_targets_is_union_of_graph_and_data" time="0.000" /><testcase classname="tests.build.test_hamilton_phase0.TestNamingConventions" name="test_dataset_node_helper" time="0.001" /><testcase classname="tests.build.test_plan.TestPlanStage" name="test_step_count" time="0.000" /><testcase classname="tests.build.test_plan.TestPlanStage" name="test_empty_stage_duration" time="0.000" /><testcase classname="tests.build.test_plan.TestPlanGenerator" name="test_preserves_requested_targets" time="0.001" /><testcase classname="tests.build.test_plugin_registry_plugins" name="test_register_and_get_plugin" time="0.001" /><testcase classname="tests.build.test_plan.TestPlanGenerator" name="test_step_gets_reason_from_resolution" time="0.000" /><testcase classname="tests.build.test_plan.TestBuildPlan" name="test_is_empty_true" time="0.000" /><testcase classname="tests.build.test_plan.TestPlanGeneratorIntegration" name="test_with_real_registry" time="0.000" /><testcase classname="tests.build.test_plan.TestFormatDuration" name="test_format_milliseconds" time="0.000" /><testcase classname="tests.build.test_plan.TestPlanGenerator" name="test_generate_empty_resolution" time="0.001" /><testcase classname="tests.build.test_plan.TestPlanStep" name="test_step_to_dict" time="0.000" /><testcase classname="tests.build.test_contracts_parameters_state" name="test_output_contract_accessors_and_validation" time="0.001" /><testcase classname="tests.build.test_plan.TestBuildPlan" name="test_plan_to_dict" time="0.000" /><testcase classname="tests.build.test_plan.TestFormatSummary" name="test_format_summary_basic" time="0.000" /><testcase classname="tests.build.test_plugin_registry_plugins" name="test_register_plugin_decorator" time="0.000" /><testcase classname="tests.build.test_plan.TestPlanGenerator" name="test_generate_multi_module" time="0.001" /><testcase classname="tests.build.test_plan.TestFormatSummary" name="test_format_summary_empty_plan" time="0.000" /><testcase classname="tests.build.test_operations" name="test_get_all_operation_targets_returns_dict" time="0.001" /><testcase classname="tests.build.test_plan.TestPlanGenerator" name="test_empty_modules_skipped" time="0.001" /><testcase classname="tests.build.test_plugin_registry_plugins" name="test_missing_plugin_error_lists_available" time="0.001" /><testcase classname="tests.build.test_operations" name="test_get_targets_for_dataset_list" time="0.000" /><testcase classname="tests.build.test_plugin_registry_plugins" name="test_duplicate_registration_logs_warning" time="0.001" /><testcase classname="tests.build.test_plugin_registry_plugins" name="test_get_all_plugins_returns_copy" time="0.001" /><testcase classname="tests.build.test_operations" name="test_operation_id_preserved_on_unknown" time="0.001" /><testcase classname="tests.build.test_plugin_registry_plugins" name="test_lazy_registration_handles_attribute_error" time="0.001" /><testcase classname="tests.build.test_plugin_registry_plugins" name="test_all_plugins_is_copy" time="0.000" /><testcase classname="tests.build.test_plugin_registry_plugins" name="test_lazy_registration_handles_import_error" time="0.001" /><testcase classname="tests.build.test_plugin_registry_plugins" name="test_get_plugin_missing" time="0.000" /><testcase classname="tests.build.test_plan.TestPlanStage" name="test_stage_duration_sums_steps" time="0.000" /><testcase classname="tests.build.test_plan.TestPlanGeneratorIntegration" name="test_summary_format_integration" time="0.001" /><testcase classname="tests.build.test_providers" name="test_subprocess_runner_timeout[asyncio]" time="0.002" /><testcase classname="tests.build.test_providers" name="test_subprocess_runner_unexpected_error[asyncio]" time="0.003" /><testcase classname="tests.build.test_providers" name="test_scip_indexer_index_success[asyncio]" time="0.003" /><testcase classname="tests.build.test_providers" name="test_scip_indexer_index_failure[asyncio]" time="0.003" /><testcase classname="tests.build.test_providers" name="test_scip_parse_success[asyncio]" time="0.004" /><testcase classname="tests.build.test_providers" name="test_type_checker_handles_parse_failure[asyncio]" time="0.002" /><testcase classname="tests.build.test_providers" name="test_type_checker_parses_diagnostics[asyncio]" time="0.002" /><testcase classname="tests.build.test_providers" name="test_subprocess_runner_missing_binary[asyncio]" time="0.002" /><testcase classname="tests.build.test_providers" name="test_subprocess_runner_success[asyncio]" time="0.003" /><testcase classname="tests.build.test_providers" name="test_test_reporter_collects_results[asyncio]" time="0.004" /><testcase classname="tests.build.test_providers" name="test_coverage_collector_parses_json[asyncio]" time="0.003" /><testcase classname="tests.build.test_providers" name="test_coverage_collector_missing_file[asyncio]" time="0.003" /><testcase classname="tests.build.test_providers" name="test_git_history_log_parses_output[asyncio]" time="0.002" /><testcase classname="tests.build.test_providers" name="test_git_history_log_failure[asyncio]" time="0.003" /><testcase classname="tests.build.test_readiness" name="test_action_needed_run" time="0.000" /><testcase classname="tests.build.test_providers" name="test_scip_parse_handles_failure[asyncio]" time="0.003" /><testcase classname="tests.build.test_readiness" name="test_dependency_status_blocked" time="0.000" /><testcase classname="tests.build.test_readiness" name="test_target_readiness_ready" time="0.000" /><testcase classname="tests.build.test_readiness" name="test_target_readiness_blocked" time="0.000" /><testcase classname="tests.build.test_readiness" name="test_dependency_status_satisfied" time="0.000" /><testcase classname="tests.build.test_providers" name="test_subprocess_runner_is_available" time="0.001" /><testcase classname="tests.build.test_providers" name="test_scip_parse_handles_invalid_json[asyncio]" time="0.003" /><testcase classname="tests.build.test_providers" name="test_git_history_blame_parses_output[asyncio]" time="0.002" /><testcase classname="tests.build.test_readiness" name="test_action_needed_run_first" time="0.000" /><testcase classname="tests.build.test_readiness" name="test_target_readiness_runnable" time="0.001" /><testcase classname="tests.build.test_providers" name="test_test_reporter_missing_file[asyncio]" time="0.003" /><testcase classname="tests.build.test_readiness" name="test_dependent_target_is_blocked" time="0.001" /><testcase classname="tests.build.test_readiness" name="test_deep_dependency_chain" time="0.001" /><testcase classname="tests.build.test_readiness" name="test_action_needed_none" time="0.000" /><testcase classname="tests.build.test_readiness" name="test_root_target_can_run" time="0.001" /><testcase classname="tests.build.test_readiness" name="test_ready_target_properties" time="0.000" /><testcase classname="tests.build.test_readiness" name="test_fresh_database_summary" time="0.001" /><testcase classname="tests.build.test_readiness" name="test_computed_target_blocks_dependent_due_to_hash_mismatch" time="0.001" /><testcase classname="tests.build.test_readiness" name="test_getitem" time="0.000" /><testcase classname="tests.build.test_readiness" name="test_targets_for_module" time="0.001" /><testcase classname="tests.build.test_readiness" name="test_contains" time="0.001" /><testcase classname="tests.build.test_readiness" name="test_runnable_targets" time="0.001" /><testcase classname="tests.build.test_readiness" name="test_format_summary" time="0.001" /><testcase classname="tests.build.test_readiness" name="test_time_estimation_for_runnable" time="0.001" /><testcase classname="tests.build.test_readiness" name="test_iteration" time="0.001" /><testcase classname="tests.build.test_readiness" name="test_empty_graph" time="0.000" /><testcase classname="tests.build.test_readiness" name="test_blocked_targets" time="0.001" /><testcase classname="tests.build.test_readiness" name="test_blocker_info_for_bottleneck" time="0.000" /><testcase classname="tests.build.test_readiness" name="test_all_readiness" time="0.001" /><testcase classname="tests.build.test_readiness_registry_resources_resolver" name="test_registry_build_target_graph_validation_error" time="0.000" /><testcase classname="tests.build.test_readiness_registry_resources_resolver" name="test_readiness_runnable_when_never_computed" time="0.009" /><testcase classname="tests.build.test_readiness_registry_resources_resolver" name="test_registry_derives_schemas_and_detects_duplicates" time="0.001" /><testcase classname="tests.build.test_readiness" name="test_target_with_default_duration" time="0.001" /><testcase classname="tests.build.test_readiness" name="test_ready_targets" time="0.001" /><testcase classname="tests.build.test_readiness" name="test_blocker_info_structure" time="0.000" /><testcase classname="tests.build.test_readiness_registry_resources_resolver" name="test_database_readiness_bottlenecks_and_summary" time="0.007" /><testcase classname="tests.build.test_readiness" name="test_action_kind_blocked_external" time="0.000" /><testcase classname="tests.build.test_readiness_registry_resources_resolver" name="test_resolver_cycle_detection_raises" time="0.001" /><testcase classname="tests.build.test_readiness_registry_resources_resolver" name="test_resolver_unknown_goal_raises_keyerror" time="0.001" /><testcase classname="tests.build.test_registry.TestTargetRegistry" name="test_profiles_target_has_dependencies" time="0.000" /><testcase classname="tests.build.test_readiness" name="test_all_self_status_values" time="0.000" /><testcase classname="tests.build.test_readiness_registry_resources_resolver" name="test_readiness_blocked_dependency_reports_chain" time="0.009" /><testcase classname="tests.build.test_readiness" name="test_single_target_no_deps" time="0.000" /><testcase classname="tests.build.test_readiness" name="test_action_kind_run" time="0.001" /><testcase classname="tests.build.test_registry.TestTargetRegistry" name="test_all_targets_not_empty" time="0.000" /><testcase classname="tests.build.test_readiness" name="test_action_kind_none" time="0.001" /><testcase classname="tests.build.test_readiness_registry_resources_resolver" name="test_target_readiness_current_is_ready" time="0.016" /><testcase classname="tests.build.test_readiness_registry_resources_resolver" name="test_registry_get_target_by_table" time="0.001" /><testcase classname="tests.build.test_registry.TestTargetRegistry" name="test_build_target_graph_succeeds" time="0.001" /><testcase classname="tests.build.test_readiness" name="test_action_kind_run_first" time="0.001" /><testcase classname="tests.build.test_registry.TestTargetRegistry" name="test_get_target_graph_is_cached" time="0.000" /><testcase classname="tests.build.test_resolver.TestResolutionReason" name="test_create_resolution_reason" time="0.000" /><testcase classname="tests.build.test_resolver.TestResolutionResult" name="test_is_empty_false" time="0.000" /><testcase classname="tests.build.test_registry.TestTargetRegistry" name="test_all_targets_have_tables" time="0.000" /><testcase classname="tests.build.test_readiness" name="test_bottlenecks" time="0.001" /><testcase classname="tests.build.test_registry.TestTargetRegistry" name="test_modules_target_has_no_dependencies" time="0.000" /><testcase classname="tests.build.test_registry" name="test_key_targets_are_registered[goids]" time="0.000" /><testcase classname="tests.build.test_registry" name="test_key_targets_are_registered[call_graph]" time="0.001" /><testcase classname="tests.build.test_registry.TestTargetRegistry" name="test_all_targets_have_valid_modules" time="0.000" /><testcase classname="tests.build.test_registry" name="test_key_targets_are_registered[scip]" time="0.000" /><testcase classname="tests.build.test_readiness_registry_resources_resolver" name="test_target_resources_and_execution_helpers" time="0.001" /><testcase classname="tests.build.test_resolver.TestResolutionResult" name="test_total_skipped" time="0.000" /><testcase classname="tests.build.test_resolver.TestBasicResolution" name="test_resolve_invalid_goal_raises" time="0.001" /><testcase classname="tests.build.test_resolver.TestBlockedTargets" name="test_truly_blocked_external" time="0.001" /><testcase classname="tests.build.test_resolver.TestResolutionResult" name="test_total_work" time="0.000" /><testcase classname="tests.build.test_resolver.TestResolutionResult" name="test_is_empty_true" time="0.000" /><testcase classname="tests.build.test_resolver.TestResolutionResult" name="test_get_reason_raises_key_error" time="0.001" /><testcase classname="tests.build.test_resolver.TestBasicResolution" name="test_resolve_empty_goals" time="0.001" /><testcase classname="tests.build.test_resolver.TestBasicResolution" name="test_resolve_multiple_invalid_goals" time="0.001" /><testcase classname="tests.build.test_registry.TestTargetsByModule" name="test_module_distribution_reasonable" time="0.000" /><testcase classname="tests.build.test_registry.TestTargetsByModule" name="test_graphs_targets_exist" time="0.000" /><testcase classname="tests.build.test_resolver.TestCascadeInvalidation" name="test_cascade_from_stale_root" time="0.001" /><testcase classname="tests.build.test_resolver.TestResolutionReason" name="test_resolution_reason_is_frozen" time="0.001" /><testcase classname="tests.build.test_registry.TestTargetRegistry" name="test_topological_order_includes_all_deps" time="0.000" /><testcase classname="tests.build.test_resolver.TestResolutionResult" name="test_create_result" time="0.000" /><testcase classname="tests.build.test_resolver.TestBlockedTargets" name="test_blocked_becomes_computable" time="0.001" /><testcase classname="tests.build.test_resolver.TestResolveAll" name="test_resolve_all_ingestion_filter" time="0.001" /><testcase classname="tests.build.test_resolver.TestResolutionResult" name="test_get_reason" time="0.000" /><testcase classname="tests.build.test_resolver.TestBasicResolution" name="test_resolve_all_computed" time="0.001" /><testcase classname="tests.build.test_resolver.TestCascadeInvalidation" name="test_cascade_from_stale_middle" time="0.001" /><testcase classname="tests.build.test_registry" name="test_key_targets_are_registered[profiles]" time="0.000" /><testcase classname="tests.build.test_resolver.TestBasicResolution" name="test_resolve_single_root_missing" time="0.001" /><testcase classname="tests.build.test_resolver.TestCascadeInvalidation" name="test_partial_cascade_only_affected_subtree" time="0.001" /><testcase classname="tests.build.test_registry.TestTargetRegistry" name="test_no_cycles_in_registry" time="0.001" /><testcase classname="tests.build.test_resolver.TestResolveAll" name="test_resolve_all_no_filter" time="0.001" /><testcase classname="tests.build.test_resolver.TestWithRealRegistry" name="test_resolve_with_real_registry" time="0.001" /><testcase classname="tests.build.test_registry.TestTargetRegistry" name="test_target_names_are_unique" time="0.000" /><testcase classname="tests.build.test_resolver_additional" name="test_resolve_cascade_and_stale[computed-stale-computed-expected_kinds1-2]" time="0.001" /><testcase classname="tests.build.test_resolver.TestForceRecompute" name="test_force_unknown_target_ignored" time="0.001" /><testcase classname="tests.build.test_registry.TestTargetsByModule" name="test_analytics_targets_exist" time="0.001" /><testcase classname="tests.build.test_resolver_additional" name="test_force_recompute_filters_irrelevant_targets" time="0.001" /><testcase classname="tests.build.test_resolver_additional" name="test_resolve_cascade_and_stale[missing-computed-computed-expected_kinds0-3]" time="0.001" /><testcase classname="tests.build.test_resolver.TestForceRecompute" name="test_force_causes_cascade" time="0.001" /><testcase classname="tests.build.test_resolver_additional" name="test_dependency_reason_when_blocking_will_compute" time="0.001" /><testcase classname="tests.build.test_registry" name="test_key_targets_are_registered[ast]" time="0.001" /><testcase classname="tests.build.test_resolver.TestReasonTracking" name="test_reasons_for_forced" time="0.001" /><testcase classname="tests.build.test_resolver_additional" name="test_resolve_handles_blocked_dependencies" time="0.001" /><testcase classname="tests.build.test_resolver.TestReasonTracking" name="test_reasons_for_stale" time="0.001" /><testcase classname="tests.build.test_resolver.TestResolveAll" name="test_resolve_all_analytics_filter" time="0.001" /><testcase classname="tests.build.test_registry" name="test_key_targets_are_registered[modules]" time="0.001" /><testcase classname="tests.build.test_resolver.TestCascadeInvalidation" name="test_no_cascade_when_root_current" time="0.001" /><testcase classname="tests.build.test_registry.TestTargetRegistry" name="test_ingestion_targets_come_before_graphs" time="0.000" /><testcase classname="tests.build.test_state.TestStalenessReason" name="test_create_staleness_reason" time="0.000" /><testcase classname="tests.build.test_registry.TestTargetsByModule" name="test_ingestion_targets_exist" time="0.000" /><testcase classname="tests.build.test_state.TestTargetState" name="test_create_stale_state" time="0.001" /><testcase classname="tests.build.test_resolver_additional" name="test_resolve_all_filters_by_module" time="0.000" /><testcase classname="tests.build.test_resolver_additional" name="test_get_reason_missing_key" time="0.001" /><testcase classname="tests.build.test_state.TestStalenessReason" name="test_staleness_reason_is_frozen" time="0.000" /><testcase classname="tests.build.test_resolver.TestTopologicalOrder" name="test_parallel_branches_both_included" time="0.001" /><testcase classname="tests.build.test_resolver.TestBasicResolution" name="test_resolve_single_with_deps_all_missing" time="0.001" /><testcase classname="tests.build.test_state.TestTargetState" name="test_create_computed_state" time="0.000" /><testcase classname="tests.build.test_registry" name="test_key_targets_are_registered[function_metrics]" time="0.000" /><testcase classname="tests.build.test_resolver.TestReasonTracking" name="test_reasons_include_goal_annotation" time="0.001" /><testcase classname="tests.build.test_resolver.TestReasonTracking" name="test_reasons_for_current" time="0.001" /><testcase classname="tests.build.test_state.TestDatabaseState" name="test_blocked_targets_query" time="0.000" /><testcase classname="tests.build.test_resolver.TestForceRecompute" name="test_force_single_target" time="0.001" /><testcase classname="tests.build.test_resolver.TestCascadeInvalidation" name="test_cascade_with_multiple_goals" time="0.001" /><testcase classname="tests.build.test_state.TestDatabaseState" name="test_missing_targets_query" time="0.001" /><testcase classname="tests.build.test_resolver.TestReasonTracking" name="test_reasons_for_missing" time="0.001" /><testcase classname="tests.build.test_state.TestDatabaseState" name="test_get_nonexistent_target_raises" time="0.001" /><testcase classname="tests.build.test_state.TestDatabaseState" name="test_stale_targets_query" time="0.001" /><testcase classname="tests.build.test_state.TestTargetState" name="test_create_missing_state" time="0.000" /><testcase classname="tests.build.test_state.TestDatabaseState" name="test_get_existing_target" time="0.000" /><testcase classname="tests.build.test_state.TestDatabaseState" name="test_computed_targets_query" time="0.000" /><testcase classname="tests.build.test_resolver.TestTopologicalOrder" name="test_to_compute_in_topological_order" time="0.001" /><testcase classname="tests.build.test_resolver.TestWithRealRegistry" name="test_real_registry_all_targets_resolvable" time="0.002" /><testcase classname="tests.build.test_resolver.TestReasonTracking" name="test_reasons_for_cascade" time="0.001" /><testcase classname="tests.build.test_resolver.TestForceRecompute" name="test_force_irrelevant_target_ignored" time="0.002" /><testcase classname="tests.build.test_state.TestDatabaseState" name="test_is_target_current" time="0.001" /><testcase classname="tests.build.test_state.TestTargetState" name="test_create_blocked_state" time="0.001" /><testcase classname="tests.build.test_state.TestDatabaseState" name="test_create_database_state" time="0.000" /><testcase classname="tests.build.test_targets.TestOutputTarget" name="test_target_is_frozen" time="0.001" /><testcase classname="tests.build.test_targets.TestOutputTarget" name="test_create_target_with_required_fields" time="0.001" /><testcase classname="tests.build.test_targets.TestTargetGraph" name="test_get_target" time="0.001" /><testcase classname="tests.build.test_targets.TestTargetGraph" name="test_register_duplicate_raises" time="0.001" /><testcase classname="tests.build.test_targets.TestTargetGraph" name="test_dependencies_of" time="0.000" /><testcase classname="tests.build.test_targets.TestTargetGraph" name="test_register_target" time="0.001" /><testcase classname="tests.build.test_targets.TestTargetGraph" name="test_dependents_of" time="0.003" /><testcase classname="tests.build.test_targets.TestTargetGraph" name="test_validate_valid_graph" time="0.001" /><testcase classname="tests.build.test_targets.TestTargetGraph" name="test_transitive_deps" time="0.003" /><testcase classname="tests.build.test_targets.TestTargetGraph" name="test_iterate_over_graph" time="0.003" /><testcase classname="tests.build.test_targets.TestTargetGraph" name="test_topological_order_simple" time="0.001" /><testcase classname="tests.build.test_state.TestStateValidatorInit" name="test_invalid_graph_raises" time="3.516" /><testcase classname="tests.build.test_targets.TestOutputTarget" name="test_create_target_with_all_fields" time="0.001" /><testcase classname="tests.build.test_state.TestValidateStaleTargets" name="test_staleness_reason_includes_both_hashes" time="3.627" /><testcase classname="tests.build.test_state.TestValidateTarget" name="test_validate_nonexistent_target_raises" time="3.631" /><testcase classname="tests.build.test_state.TestStateValidatorInit" name="test_create_validator" time="3.655" /><testcase classname="tests.build.test_state.TestValidateTarget" name="test_validate_single_target" time="3.746" /><testcase classname="tests.build.test_targets.TestTargetGraph" name="test_topological_order_multiple_roots" time="0.000" /><testcase classname="tests.build.test_state.TestWithRealRegistry" name="test_real_registry_target_count" time="3.754" /><testcase classname="tests.build.test_state.TestValidateComputedTargets" name="test_single_computed_target" time="3.813" /><testcase classname="tests.build.test_targets.TestTargetGraph" name="test_topological_order_cycle_raises" time="0.001" /><testcase classname="tests.build.test_state.TestValidateComputedTargets" name="test_chain_of_computed_targets" time="3.842" /><testcase classname="tests.build.test_state.TestEdgeCases" name="test_empty_graph" time="3.856" /><testcase classname="tests.build.test_state.TestValidateBlockedTargets" name="test_cascade_blocking" time="3.871" /><testcase classname="tests.build.test_targets.TestTargetGraph" name="test_targets_for_module" time="0.001" /><testcase classname="tests.build.test_state.TestValidateBlockedTargets" name="test_blocked_by_stale_dependency" time="3.880" /><testcase classname="tests.build.test_targets.TestTargetGraph" name="test_get_nonexistent_raises" time="0.001" /><testcase classname="tests.build.test_state.TestValidateEmptyDatabase" name="test_all_targets_missing" time="3.909" /><testcase classname="tests.build.test_state.TestValidateBlockedTargets" name="test_blocked_by_missing_dependency" time="3.942" /><testcase classname="tests.build.test_state.TestEdgeCases" name="test_manifest_for_unknown_target_logged" time="3.951" /><testcase classname="tests.build.test_targets.TestTargetGraph" name="test_all_targets" time="0.001" /><testcase classname="tests.build.test_state.TestWithRealRegistry" name="test_validate_with_real_registry" time="4.006" /><testcase classname="tests.build.test_state.TestValidateBlockedTargets" name="test_multiple_blocking_dependencies" time="4.135" /><testcase classname="tests.build.test_state.TestValidateStaleTargets" name="test_stale_due_to_input_hash_mismatch" time="4.270" /><testcase classname="tests.build.test_targets.TestTargetGraph" name="test_validate_missing_dependency" time="0.001" /></testsuite></testsuites>