<?xml version="1.0" encoding="utf-8"?><testsuites name="pytest tests"><testsuite name="pytest" errors="0" failures="0" skipped="0" tests="31" time="78.877" timestamp="2025-12-10T15:39:22.816343-05:00" hostname="paul-X870-AORUS-ELITE-WIFI7"><testcase classname="tests.storage.repositories.test_functions" name="test_resolve_function_goid_passthrough" time="4.311" /><testcase classname="tests.storage.repositories.test_functions" name="test_resolve_function_goid_returns_none_when_no_identifiers" time="4.225" /><testcase classname="tests.storage.repositories.test_functions" name="test_get_function_summary_by_goid_returns_none_when_not_found" time="4.144" /><testcase classname="tests.storage.repositories.test_functions" name="test_list_function_summaries_for_file_returns_empty_when_no_match" time="4.133" /><testcase classname="tests.storage.repositories.test_functions" name="test_list_high_risk_functions_returns_empty_when_no_match" time="4.167" /><testcase classname="tests.storage.repositories.test_functions" name="test_list_high_risk_functions_with_tested_only_filter" time="0.929" /><testcase classname="tests.storage.repositories.test_functions" name="test_get_function_profile_returns_none_when_not_found" time="4.281" /><testcase classname="tests.storage.repositories.test_functions" name="test_get_function_profile_returns_row" time="0.910" /><testcase classname="tests.storage.repositories.test_functions" name="test_get_function_architecture_returns_none_when_not_found" time="4.190" /><testcase classname="tests.storage.repositories.test_functions" name="test_list_function_goids_returns_empty_when_no_data" time="4.254" /><testcase classname="tests.storage.repositories.test_functions" name="test_function_repository_with_docs_export" time="4.809" /><testcase classname="tests.storage.repositories.test_repositories" name="test_function_repository_reads" time="6.762" /><testcase classname="tests.storage.repositories.test_repositories" name="test_module_repository_reads" time="5.619" /><testcase classname="tests.storage.repositories.test_repositories" name="test_subsystem_repository_reads" time="0.965" /><testcase classname="tests.storage.repositories.test_repositories" name="test_data_model_accessors" time="5.350" /><testcase classname="tests.storage.repositories.test_subsystems" name="test_list_subsystems_returns_rows" time="0.915" /><testcase classname="tests.storage.repositories.test_subsystems" name="test_list_subsystems_respects_limit" time="0.921" /><testcase classname="tests.storage.repositories.test_subsystems" name="test_list_subsystems_filters_by_role" time="0.984" /><testcase classname="tests.storage.repositories.test_subsystems" name="test_list_subsystems_searches_by_query" time="0.961" /><testcase classname="tests.storage.repositories.test_subsystems" name="test_get_subsystem_summary_returns_row" time="0.970" /><testcase classname="tests.storage.repositories.test_subsystems" name="test_get_subsystem_summary_returns_none_for_missing" time="0.949" /><testcase classname="tests.storage.repositories.test_subsystems" name="test_search_subsystems_is_alias_for_list" time="0.912" /><testcase classname="tests.storage.repositories.test_subsystems" name="test_list_subsystem_modules_returns_rows" time="0.930" /><testcase classname="tests.storage.repositories.test_subsystems" name="test_list_subsystem_memberships_returns_rows" time="0.969" /><testcase classname="tests.storage.repositories.test_subsystems" name="test_list_subsystems_for_module_returns_rows" time="0.940" /><testcase classname="tests.storage.repositories.test_subsystems" name="test_list_subsystem_profiles_returns_rows" time="0.963" /><testcase classname="tests.storage.repositories.test_subsystems" name="test_list_subsystem_coverage_returns_rows" time="0.925" /><testcase classname="tests.storage.repositories.test_subsystems" name="test_list_subsystem_profiles_uses_cache_when_present" time="0.935" /><testcase classname="tests.storage.repositories.test_subsystems" name="test_list_subsystem_coverage_uses_cache_when_present" time="0.966" /><testcase classname="tests.docs_export.test_export_validation_models" name="test_data_model_field_schema_validates_fixture" time="0.002" /><testcase classname="tests.docs_export.test_export_validation_models" name="test_data_model_relationship_schema_validates_fixture" time="0.002" /></testsuite></testsuites>