<?xml version="1.0" encoding="utf-8"?><testsuites name="pytest tests"><testsuite name="pytest" errors="0" failures="0" skipped="0" tests="3" time="9.031" timestamp="2025-12-08T10:17:33.328687-05:00" hostname="paul-X870-AORUS-ELITE-WIFI7"><testcase classname="tests.graphs.test_planner_dependency_policy" name="test_strict_policy_raises_on_missing_dependency" time="0.012" /><testcase classname="tests.graphs.test_planner_dependency_policy" name="test_skip_policy_records_skipped_dependencies" time="0.012" /><testcase classname="tests.graphs.test_planner_dependency_policy" name="test_default_plan_includes_ingest_stubs" time="0.012" /></testsuite></testsuites>