<?xml version="1.0" encoding="utf-8"?><testsuites name="pytest tests"><testsuite name="pytest" errors="0" failures="2" skipped="0" tests="57" time="15.525" timestamp="2025-12-08T16:15:09.342363-05:00" hostname="paul-X870-AORUS-ELITE-WIFI7"><testcase classname="tests.analytics.resources.test_provider_factory" name="test_provider_factory_options_custom" time="0.001" /><testcase classname="tests.analytics.test_graph_runtime_cache" name="test_disk_cache_round_trip" time="4.124" /><testcase classname="tests.analytics.test_graph_runtime_cache" name="test_disk_cache_mismatch_falls_back_to_loader" time="2.310" /><testcase classname="tests.analytics.resources.test_provider_factory" name="test_provider_factory_options_defaults" time="0.001" /><testcase classname="tests.analytics.resources.test_provider_factory" name="test_function_catalog_service_module_lookup" time="0.002" /><testcase classname="tests.graphs.test_mock_runtime_scenarios.TestCustomGraphShapes" name="test_diamond_graph_topology" time="0.003" /><testcase classname="tests.analytics.graphs.test_graph_metrics_integration" name="test_graph_metrics_end_to_end" time="2.524"><failure message="KeyError: 'pkg.util'">tmp_path = PosixPath('/tmp/pytest-of-paul/pytest-14/popen-gw29/test_graph_metrics_end_to_end0')

    def test_graph_metrics_end_to_end(tmp_path: Path) -&gt; None:
        """Build graphs and compute analytics metrics end-to-end."""
&gt;       sample = _build_graph_sample(tmp_path)
                 ^^^^^^^^^^^^^^^^^^^^^^^^^^^^^

tests/analytics/graphs/test_graph_metrics_integration.py:234: 
_ _ _ _ _ _ _ _ _ _ _ _ _ _ _ _ _ _ _ _ _ _ _ _ _ _ _ _ _ _ _ _ _ _ _ _ _ _ _ _ 
tests/analytics/graphs/test_graph_metrics_integration.py:121: in _build_graph_sample
    ast_by_goid = build_ast_map(paths, goids, snapshot.repo_root, target_names=target_names)
                  ^^^^^^^^^^^^^^^^^^^^^^^^^^^^^^^^^^^^^^^^^^^^^^^^^^^^^^^^^^^^^^^^^^^^^^^^^^
_ _ _ _ _ _ _ _ _ _ _ _ _ _ _ _ _ _ _ _ _ _ _ _ _ _ _ _ _ _ _ _ _ _ _ _ _ _ _ _ 

paths = {'pkg.mod_a': PosixPath('/tmp/pytest-of-paul/pytest-14/popen-gw29/test_graph_metrics_end_to_end0/repo/pkg/mod_a.py'), ...y'), 'pkg.util': PosixPath('/tmp/pytest-of-paul/pytest-14/popen-gw29/test_graph_metrics_end_to_end0/repo/pkg/util.py')}
goids = {'func_a': 1001, 'func_b': 1002, 'func_c': 1003}
repo_root = PosixPath('/tmp/pytest-of-paul/pytest-14/popen-gw29/test_graph_metrics_end_to_end0/repo')

    def build_ast_map(
        paths: Mapping[str, Path],
        goids: Mapping[str, int],
        repo_root: Path,
        *,
        target_names: Mapping[str, str | Sequence[str]] | None = None,
    ) -&gt; dict[int, FunctionAst]:
        """
        Build FunctionAst mapping for known targets.
    
        Parameters
        ----------
        paths
            Mapping of module names to file paths.
        goids
            GOID mapping keyed by target name.
        repo_root
            Repository root for computing relative paths.
        target_names
            Optional override for target names per module.
    
        Returns
        -------
        dict[int, FunctionAst]
            Mapping of GOID to parsed function/class AST metadata.
    
        Raises
        ------
        ValueError
            If a requested target cannot be found in the provided source or GOID mapping.
        """
        ast_by_goid: dict[int, FunctionAst] = {}
        target_lookup = target_names or {
            "pkg.api": "api_handler",
            "pkg.service": "process",
            "pkg.utils": "calc",
            "pkg.mod_a": "func_a",
            "pkg.mod_b": "func_b",
            "pkg.mod_c": "func_c",
            "pkg.util": ("helper", "util_func", "func_b"),
        }
        for module, path in paths.items():
            source = path.read_text(encoding="utf-8")
            tree = ast.parse(source)
&gt;           targets_raw = target_lookup[module]
                          ^^^^^^^^^^^^^^^^^^^^^
E           KeyError: 'pkg.util'

tests/_helpers/graphs.py:206: KeyError</failure></testcase><testcase classname="tests.analytics.resources.test_provider_factory" name="test_create_registry_default" time="2.121" /><testcase classname="tests.analytics.resources.test_provider_factory" name="test_create_registry_all_providers" time="2.136" /><testcase classname="tests.graphs.test_mock_runtime_scenarios.TestGraphProviderWithMockRuntime" name="test_provider_loads_import_graph_from_mock" time="0.001" /><testcase classname="tests.graphs.test_mock_runtime_scenarios.TestCustomGraphShapes" name="test_cyclic_graph_topology" time="0.001" /><testcase classname="tests.analytics.resources.test_provider_factory" name="test_create_registry_with_module_map" time="2.240" /><testcase classname="tests.graphs.test_mock_runtime_scenarios.TestCustomGraphShapes" name="test_star_graph_topology" time="0.002" /><testcase classname="tests.analytics.functions.test_function_effects_runtime" name="test_compute_function_effects_with_transitive_and_missing" time="1.546" /><testcase classname="tests.analytics.resources.test_provider_factory" name="test_provider_factory_with_options" time="2.339" /><testcase classname="tests.graphs.test_mock_runtime_scenarios.TestGraphProviderWithMockRuntime" name="test_provider_loads_call_graph_from_mock" time="0.002" /><testcase classname="tests.analytics.resources.test_provider_factory" name="test_provider_factory_init" time="2.355" /><testcase classname="tests.analytics.resources.test_provider_factory" name="test_make_graph_provider_with_options" time="2.372" /><testcase classname="tests.analytics.test_feature_flags_behavior" name="test_community_detection_cap_skips_when_exceeded" time="0.086" /><testcase classname="tests.graphs.test_mock_runtime_scenarios.TestMockRuntimeFactories" name="test_create_mock_runtime_with_import_graph_defaults" time="0.001" /><testcase classname="tests.analytics.resources.test_provider_factory" name="test_create_registry_no_catalog" time="2.402" /><testcase classname="tests.analytics.resources.test_provider_factory" name="test_make_catalog_provider_caches" time="2.403" /><testcase classname="tests.graphs.test_mock_runtime_scenarios.TestGraphProviderWithMockRuntime" name="test_provider_empty_mock_returns_none_graphs" time="0.001" /><testcase classname="tests.graphs.test_mock_runtime_scenarios.TestMixedGraphTypes" name="test_cfg_graph_structure" time="0.002" /><testcase classname="tests.analytics.resources.test_provider_factory" name="test_make_ast_provider" time="2.508" /><testcase classname="tests.graphs.test_mock_runtime_scenarios.TestEnsureMethods" name="test_ensure_call_graph_returns_graph" time="0.002" /><testcase classname="tests.analytics.resources.test_provider_factory" name="test_make_ast_provider_uses_factory_option" time="2.527" /><testcase classname="tests.graphs.test_mock_runtime_scenarios.TestEnsureMethods" name="test_ensure_returns_none_when_not_set" time="0.001" /><testcase classname="tests.analytics.resources.test_provider_factory" name="test_make_graph_provider" time="2.546" /><testcase classname="tests.graphs.test_mock_runtime_scenarios.TestGraphResourceCaching" name="test_invalidation_clears_cache" time="0.002" /><testcase classname="tests.analytics.resources.test_provider_factory" name="test_make_module_map_provider_with_language" time="2.583" /><testcase classname="tests.analytics.resources.test_provider_factory" name="test_make_catalog_provider" time="2.680" /><testcase classname="tests.graphs.test_mock_runtime_scenarios.TestMixedGraphTypes" name="test_directed_and_undirected_together" time="0.003" /><testcase classname="tests.analytics.resources.test_provider_factory" name="test_make_features_provider_with_max_functions" time="2.733" /><testcase classname="tests.analytics.resources.test_provider_factory" name="test_make_catalog_provider_with_catalog" time="2.789" /><testcase classname="tests.graphs.test_mock_runtime_scenarios.TestGraphResourceCaching" name="test_resources_cached_on_get" time="0.003" /><testcase classname="tests.analytics.resources.test_provider_factory" name="test_make_module_map_provider" time="2.862" /><testcase classname="tests.analytics.resources.test_provider_factory" name="test_make_graph_provider_with_backend" time="2.869" /><testcase classname="tests.graphs.test_mock_runtime_scenarios.TestMockRuntimeFactories" name="test_create_mock_runtime_all_graphs_coverage" time="0.003" /><testcase classname="tests.analytics.resources.test_provider_factory" name="test_create_registry_no_graphs" time="2.896" /><testcase classname="tests.graphs.test_mock_runtime_scenarios.TestGraphProviderWithMockRuntime" name="test_provider_loads_all_graphs_from_mock" time="0.003" /><testcase classname="tests.analytics.resources.test_provider_factory" name="test_make_graph_provider_with_runtime" time="2.943" /><testcase classname="tests.graphs.test_mock_runtime_scenarios.TestMockRuntimeFactories" name="test_create_mock_runtime_with_call_graph_custom" time="0.001" /><testcase classname="tests.analytics.resources.test_provider_factory" name="test_make_graph_provider_caches" time="2.969" /><testcase classname="tests.analytics.resources.test_provider_factory" name="test_create_registry_with_asts" time="2.978" /><testcase classname="tests.graphs.test_mock_runtime_scenarios.TestMockRuntimeFactories" name="test_create_mock_runtime_with_call_graph_defaults" time="0.002" /><testcase classname="tests.graphs.test_mock_runtime_scenarios.TestGraphProviderWithMockRuntime" name="test_provider_backend_from_mock" time="0.001" /><testcase classname="tests.analytics.resources.test_provider_factory" name="test_make_ast_provider_with_max_functions" time="3.025" /><testcase classname="tests.graphs.test_mock_runtime_scenarios.TestEnsureMethods" name="test_ensure_import_graph_returns_graph" time="0.002" /><testcase classname="tests.analytics.resources.test_provider_factory" name="test_clear_cache" time="3.046" /><testcase classname="tests.analytics.resources.test_provider_factory" name="test_make_features_provider" time="3.092" /><testcase classname="tests.analytics.resources.test_provider_factory" name="test_make_module_map_provider_uses_factory_option" time="3.178" /><testcase classname="tests.analytics.resources.test_provider_factory" name="test_create_registry_with_features" time="3.188" /><testcase classname="tests.graphs.test_mock_runtime_scenarios.TestCustomGraphShapes" name="test_chain_graph_topology" time="0.002" /><testcase classname="tests.analytics.graphs.test_graph_metrics_integration" name="test_contracts_and_catalog" time="0.886"><failure message="KeyError: 'pkg.util'">tmp_path = PosixPath('/tmp/pytest-of-paul/pytest-14/popen-gw9/test_contracts_and_catalog0')

    def test_contracts_and_catalog(tmp_path: Path) -&gt; None:
        """Validate dataset contracts and plugin catalog rendering."""
&gt;       sample = _build_graph_sample(tmp_path)
                 ^^^^^^^^^^^^^^^^^^^^^^^^^^^^^

tests/analytics/graphs/test_graph_metrics_integration.py:361: 
_ _ _ _ _ _ _ _ _ _ _ _ _ _ _ _ _ _ _ _ _ _ _ _ _ _ _ _ _ _ _ _ _ _ _ _ _ _ _ _ 
tests/analytics/graphs/test_graph_metrics_integration.py:121: in _build_graph_sample
    ast_by_goid = build_ast_map(paths, goids, snapshot.repo_root, target_names=target_names)
                  ^^^^^^^^^^^^^^^^^^^^^^^^^^^^^^^^^^^^^^^^^^^^^^^^^^^^^^^^^^^^^^^^^^^^^^^^^^
_ _ _ _ _ _ _ _ _ _ _ _ _ _ _ _ _ _ _ _ _ _ _ _ _ _ _ _ _ _ _ _ _ _ _ _ _ _ _ _ 

paths = {'pkg.mod_a': PosixPath('/tmp/pytest-of-paul/pytest-14/popen-gw9/test_contracts_and_catalog0/repo/pkg/mod_a.py'), 'pkg..._c.py'), 'pkg.util': PosixPath('/tmp/pytest-of-paul/pytest-14/popen-gw9/test_contracts_and_catalog0/repo/pkg/util.py')}
goids = {'func_a': 1001, 'func_b': 1002, 'func_c': 1003}
repo_root = PosixPath('/tmp/pytest-of-paul/pytest-14/popen-gw9/test_contracts_and_catalog0/repo')

    def build_ast_map(
        paths: Mapping[str, Path],
        goids: Mapping[str, int],
        repo_root: Path,
        *,
        target_names: Mapping[str, str | Sequence[str]] | None = None,
    ) -&gt; dict[int, FunctionAst]:
        """
        Build FunctionAst mapping for known targets.
    
        Parameters
        ----------
        paths
            Mapping of module names to file paths.
        goids
            GOID mapping keyed by target name.
        repo_root
            Repository root for computing relative paths.
        target_names
            Optional override for target names per module.
    
        Returns
        -------
        dict[int, FunctionAst]
            Mapping of GOID to parsed function/class AST metadata.
    
        Raises
        ------
        ValueError
            If a requested target cannot be found in the provided source or GOID mapping.
        """
        ast_by_goid: dict[int, FunctionAst] = {}
        target_lookup = target_names or {
            "pkg.api": "api_handler",
            "pkg.service": "process",
            "pkg.utils": "calc",
            "pkg.mod_a": "func_a",
            "pkg.mod_b": "func_b",
            "pkg.mod_c": "func_c",
            "pkg.util": ("helper", "util_func", "func_b"),
        }
        for module, path in paths.items():
            source = path.read_text(encoding="utf-8")
            tree = ast.parse(source)
&gt;           targets_raw = target_lookup[module]
                          ^^^^^^^^^^^^^^^^^^^^^
E           KeyError: 'pkg.util'

tests/_helpers/graphs.py:206: KeyError</failure></testcase><testcase classname="tests.analytics.test_feature_flags_behavior" name="test_eager_hydration_respects_feature_override" time="7.000" /><testcase classname="tests.analytics.test_feature_flags_behavior" name="test_eager_hydration_off_defers_graph_loads" time="7.082" /></testsuite></testsuites>