<?xml version="1.0" encoding="utf-8"?><testsuites name="pytest tests"><testsuite name="pytest" errors="0" failures="1" skipped="0" tests="263" time="17.923" timestamp="2025-12-15T02:02:34.271406-05:00" hostname="paul-X870-AORUS-ELITE-WIFI7"><testcase classname="tests.config.test_composite_schemas" name="test_get_source_for_column_unique" time="0.001" /><testcase classname="tests.config.test_composite_schemas" name="test_get_source_for_column_mapped" time="0.001" /><testcase classname="tests.config.test_composite_schemas" name="test_composite_has_sources[function_profile]" time="0.002" /><testcase classname="tests.config.test_composite_schemas" name="test_source_column_names_excludes_excluded" time="0.002" /><testcase classname="tests.config.test_composite_schemas" name="test_profile_contracts_have_composition" time="0.001" /><testcase classname="tests.config.test_composite_schemas" name="test_get_source_for_column_additional" time="0.001" /><testcase classname="tests.config.test_composite_schemas" name="test_non_profile_contracts_no_composition" time="0.001" /><testcase classname="tests.config.test_composite_schemas" name="test_composite_has_shared_fragments[module_profile]" time="0.001" /><testcase classname="tests.config.test_composite_schemas" name="test_composite_has_sources[test_profile]" time="0.002" /><testcase classname="tests.config.test_composite_schemas" name="test_composite_schema_validation_passes[file_profile]" time="0.001" /><testcase classname="tests.config.test_composite_schemas" name="test_composite_schema_sources_exist[module_profile]" time="0.001" /><testcase classname="tests.config.test_composite_schemas" name="test_composite_has_sources[module_profile]" time="0.001" /><testcase classname="tests.config.test_composite_schemas" name="test_composite_schema_sources_exist[test_profile]" time="0.002" /><testcase classname="tests.config.test_composite_schemas" name="test_source_column_names_applies_mappings" time="0.001" /><testcase classname="tests.config.test_composite_schemas" name="test_composite_has_sources[file_profile]" time="0.001" /><testcase classname="tests.config.test_composite_schemas" name="test_composite_schema_sources_exist[function_profile]" time="0.002" /><testcase classname="tests.config.test_composite_schemas" name="test_composite_has_shared_fragments[test_profile]" time="0.001" /><testcase classname="tests.config.test_composite_schemas" name="test_composite_schema_sources_exist[file_profile]" time="0.002" /><testcase classname="tests.config.test_composite_schemas" name="test_source_column_names_includes_shared" time="0.001" /><testcase classname="tests.config.test_composite_schemas" name="test_composition_matches_composite_schemas" time="0.002" /><testcase classname="tests.config.test_composite_schemas" name="test_composite_schema_profile_exists[function_profile]" time="0.002" /><testcase classname="tests.config.test_composite_schemas" name="test_all_profiles_have_composite_schemas" time="0.001" /><testcase classname="tests.config.test_composite_schemas" name="test_composite_schema_validation_passes[module_profile]" time="0.001" /><testcase classname="tests.config.test_composite_schemas" name="test_composite_schema_profile_exists[file_profile]" time="0.002" /><testcase classname="tests.config.test_dataset_contract" name="test_all_tables_have_contracts" time="0.002" /><testcase classname="tests.config.test_composite_schemas" name="test_composite_has_shared_fragments[function_profile]" time="0.001" /><testcase classname="tests.config.test_composite_schemas" name="test_composite_schema_profile_exists[test_profile]" time="0.001" /><testcase classname="tests.config.test_composite_schemas" name="test_composite_schema_validation_passes[function_profile]" time="0.002" /><testcase classname="tests.config.test_composite_schemas" name="test_composite_schema_profile_exists[module_profile]" time="0.002" /><testcase classname="tests.config.test_composite_schemas" name="test_composite_has_shared_fragments[file_profile]" time="0.002" /><testcase classname="tests.config.test_composite_schemas" name="test_get_source_for_column_shared" time="0.001" /><testcase classname="tests.config.test_composite_schemas" name="test_composite_schema_validation_passes[test_profile]" time="0.002"><failure message="Failed: CompositeSchema validation failed for analytics.test_profile:&#10;  - Missing columns from sources: ['behavior_tags', 'degree', 'degree_centrality', 'heuristic_version', 'llm_model', 'llm_run_id', 'parametrized', 'proj_betweenness', 'proj_clustering', 'proj_degree', 'proj_weight', 'risk_weighted_degree', 'tag_source', 'weighted_degree']">profile_key = 'analytics.test_profile'

    @pytest.mark.parametrize(
        "profile_key",
        list(get_composite_schemas().keys()),
        ids=lambda k: k.split(".")[-1],
    )
    def test_composite_schema_validation_passes(profile_key: str) -&gt; None:
        """Verify CompositeSchema validation passes for each profile.
    
        All source columns should either:
        - Be present in the profile schema
        - Be explicitly listed in excluded_columns (with a comment explaining why)
        - Be remapped via column_mappings
        """
        table_schemas = _TABLE_SCHEMAS
        composite = get_composite_schemas()[profile_key]
        profile_schema = table_schemas[profile_key]
    
        errors = composite.validate_against_profile(profile_schema, table_schemas)
    
&gt;       _require(
            condition=not errors,
            message=(
                f"CompositeSchema validation failed for {profile_key}:\n"
                + "\n".join(f"  - {e}" for e in errors)
            ),
        )

tests/config/test_composite_schemas.py:80: 
_ _ _ _ _ _ _ _ _ _ _ _ _ _ _ _ _ _ _ _ _ _ _ _ _ _ _ _ _ _ _ _ _ _ _ _ _ _ _ _ 

    def _require(*, condition: bool, message: str) -&gt; None:
        """Fail test if condition is not met (avoid S101)."""
        if not condition:
&gt;           pytest.fail(message)
E           Failed: CompositeSchema validation failed for analytics.test_profile:
E             - Missing columns from sources: ['behavior_tags', 'degree', 'degree_centrality', 'heuristic_version', 'llm_model', 'llm_run_id', 'parametrized', 'proj_betweenness', 'proj_clustering', 'proj_degree', 'proj_weight', 'risk_weighted_degree', 'tag_source', 'weighted_degree']

tests/config/test_composite_schemas.py:25: Failed</failure></testcase><testcase classname="tests.config.test_datasets_constraints" name="test_constraint_set_for_column" time="0.000" /><testcase classname="tests.config.test_datasets_constraints" name="test_extract_empty_schema" time="0.001" /><testcase classname="tests.config.test_datasets_constraints" name="test_extract_table_level_checks" time="0.001" /><testcase classname="tests.config.test_dataset_contract" name="test_row_models_column_constants_match_contracts" time="0.001" /><testcase classname="tests.config.test_dataset_contract_snapshot" name="test_all_tables_have_schemas" time="0.001" /><testcase classname="tests.config.test_dataset_contract" name="test_contract_derived_columns_match_schemas" time="0.001" /><testcase classname="tests.config.test_datasets_constraints" name="test_constraint_set_empty" time="0.000" /><testcase classname="tests.config.test_datasets_contracts" name="test_get_table_schemas_contains_expected_keys" time="0.000" /><testcase classname="tests.config.test_dataset_contract_snapshot" name="test_row_bindings_count_snapshot" time="0.003" /><testcase classname="tests.config.test_datasets_contracts" name="test_get_table_schemas_returns_dict" time="0.001" /><testcase classname="tests.config.test_datasets_constraints" name="test_constraint_set_column_names" time="0.000" /><testcase classname="tests.config.test_dataset_contract" name="test_delete_sql_covers_repo_commit_tables" time="0.001" /><testcase classname="tests.config.test_datasets_constraints" name="test_constraint_kind_values" time="0.001" /><testcase classname="tests.config.test_datasets_constraints" name="test_constraint_creation_minimal" time="0.000" /><testcase classname="tests.config.test_datasets_constraints" name="test_constraint_table_level" time="0.000" /><testcase classname="tests.config.test_dataset_contract" name="test_column_names_method" time="0.001" /><testcase classname="tests.config.test_dataset_contract_snapshot" name="test_dataset_contracts_by_table_key_count_snapshot" time="0.001" /><testcase classname="tests.config.test_datasets_constraints" name="test_constraint_creation_full" time="0.000" /><testcase classname="tests.config.test_datasets_constraints" name="test_extract_nullability_constraints" time="0.002" /><testcase classname="tests.config.test_datasets_constraints" name="test_constraint_set_table_level" time="0.001" /><testcase classname="tests.config.test_dataset_contract" name="test_capabilities_shape" time="0.001" /><testcase classname="tests.config.test_datasets_constraints" name="test_constraint_set_add" time="0.000" /><testcase classname="tests.config.test_datasets_constraints" name="test_constraint_kind_all_members" time="0.000" /><testcase classname="tests.config.test_dataset_contract" name="test_json_schema_map_matches_contracts" time="0.001" /><testcase classname="tests.config.test_dataset_contract_snapshot" name="test_dataset_contracts_count_snapshot" time="0.001" /><testcase classname="tests.config.test_datasets_constraints" name="test_extract_range_constraints_non_negative" time="0.001" /><testcase classname="tests.config.test_datasets_contracts" name="test_dataset_contract_deprecation_fields_exist" time="0.000" /><testcase classname="tests.config.test_datasets_constraints" name="test_constraint_set_by_kind" time="0.000" /><testcase classname="tests.config.test_datasets_constraints" name="test_extract_type_constraints" time="0.001" /><testcase classname="tests.config.test_datasets_constraints" name="test_extract_constraints_inferred_from" time="0.001" /><testcase classname="tests.config.test_datasets_constraints" name="test_constraint_is_frozen" time="0.000" /><testcase classname="tests.config.test_dataset_contract_snapshot" name="test_table_schemas_count_snapshot" time="0.000" /><testcase classname="tests.config.test_datasets_dataflow" name="test_iter_dataset_nodes_returns_iterator" time="0.001" /><testcase classname="tests.config.test_datasets_dataflow" name="test_iter_dependency_edges_returns_iterator" time="0.001" /><testcase classname="tests.config.test_datasets_dataflow" name="test_dataflow_edge_creation" time="0.000" /><testcase classname="tests.config.test_datasets_contracts" name="test_dataset_contract_has_row_binding" time="0.003" /><testcase classname="tests.config.test_datasets_contracts" name="test_dataset_contract_capabilities" time="0.001" /><testcase classname="tests.config.test_datasets_contracts" name="test_row_binding_dataclass" time="0.000" /><testcase classname="tests.config.test_datasets_contracts" name="test_dataset_contract_without_row_binding_raises" time="0.000" /><testcase classname="tests.config.test_datasets_dataflow" name="test_node_kind_literal" time="0.000" /><testcase classname="tests.config.test_datasets_dataflow" name="test_iter_composite_edges_returns_iterator" time="0.000" /><testcase classname="tests.config.test_datasets_dataflow" name="test_dataflow_graph_contains_expected_tables" time="0.002" /><testcase classname="tests.config.test_datasets_dataflow" name="test_edge_type_literal" time="0.000" /><testcase classname="tests.config.test_datasets_dependency_inference" name="test_dependency_node_creation" time="0.000" /><testcase classname="tests.config.test_datasets_dependency_inference" name="test_dependency_node_is_leaf" time="0.000" /><testcase classname="tests.config.test_datasets_dataflow" name="test_build_contract_dataflow_graph_edges_are_unique" time="0.001" /><testcase classname="tests.config.test_datasets_contracts" name="test_get_table_schemas_values_are_table_schema" time="0.001" /><testcase classname="tests.config.test_datasets_contracts" name="test_dataset_contract_column_names" time="0.001" /><testcase classname="tests.config.test_datasets_contracts" name="test_get_dataset_contracts_returns_dict" time="0.001" /><testcase classname="tests.config.test_datasets_dataflow" name="test_build_contract_dataflow_graph_returns_tuple" time="0.001" /><testcase classname="tests.config.test_datasets_contracts" name="test_get_dataset_contracts_by_table_key_returns_dict" time="0.001" /><testcase classname="tests.config.test_datasets_dataflow" name="test_dataflow_node_defaults" time="0.000" /><testcase classname="tests.config.test_datasets_dependency_inference" name="test_dependency_graph_table_count" time="0.000" /><testcase classname="tests.config.test_dataset_contract_snapshot" name="test_row_bindings_have_table_schemas" time="0.003" /><testcase classname="tests.config.test_datasets_contracts" name="test_dataset_contract_deprecation_defaults" time="0.000" /><testcase classname="tests.config.test_datasets_contracts" name="test_get_composite_schemas_returns_dict" time="0.000" /><testcase classname="tests.config.test_datasets_dataflow" name="test_dataflow_node_creation" time="0.000" /><testcase classname="tests.config.test_datasets_dataflow" name="test_build_contract_dataflow_graph_nodes_are_unique" time="0.001" /><testcase classname="tests.config.test_datasets_dependency_inference" name="test_dependency_graph_get" time="0.000" /><testcase classname="tests.config.test_datasets_dependency_inference" name="test_build_dependency_graph_has_nodes" time="0.118" /><testcase classname="tests.config.test_datasets_dependency_inference" name="test_dependency_graph_get_missing" time="0.000" /><testcase classname="tests.config.test_datasets_export" name="test_export_all_constraints_json_has_meta" time="0.127" /><testcase classname="tests.config.test_datasets_dependency_inference" name="test_dependency_graph_creation" time="0.000" /><testcase classname="tests.config.test_datasets_dependency_inference" name="test_infer_upstream_dependencies_unknown_table" time="0.000" /><testcase classname="tests.config.test_datasets_dependency_inference" name="test_dependency_graph_topological_order" time="0.000" /><testcase classname="tests.config.test_datasets_dependency_inference" name="test_infer_downstream_consumers_returns_list" time="0.001" /><testcase classname="tests.config.test_datasets_dependency_inference" name="test_get_transitive_consumers_returns_list" time="0.001" /><testcase classname="tests.config.test_datasets_export" name="test_export_dataset_catalog_json_returns_dict" time="0.131" /><testcase classname="tests.config.test_datasets_dependency_inference" name="test_get_transitive_consumers_include_self" time="0.001" /><testcase classname="tests.config.test_datasets_dependency_inference" name="test_dependency_graph_leaf_tables" time="0.000" /><testcase classname="tests.config.test_datasets_dependency_inference" name="test_get_transitive_dependencies_returns_list" time="0.000" /><testcase classname="tests.config.test_datasets_contracts" name="test_dataset_contract_counts_match" time="0.001" /><testcase classname="tests.config.test_datasets_dependency_inference" name="test_get_transitive_dependencies_include_self" time="0.001" /><testcase classname="tests.config.test_datasets_dependency_inference" name="test_build_dependency_graph_returns_graph" time="0.117" /><testcase classname="tests.config.test_datasets_dependency_inference" name="test_infer_upstream_dependencies_returns_list" time="0.000" /><testcase classname="tests.config.test_datasets_export" name="test_export_all_constraints_json_has_datasets" time="0.123" /><testcase classname="tests.config.test_datasets_dependency_inference" name="test_dependency_graph_root_tables" time="0.000" /><testcase classname="tests.config.test_datasets_export" name="test_export_dataset_catalog_json_has_datasets" time="0.131" /><testcase classname="tests.config.test_datasets_dependency_inference" name="test_infer_downstream_consumers_unknown_table" time="0.001" /><testcase classname="tests.config.test_datasets_dependency_inference" name="test_dependency_node_has_upstream" time="0.000" /><testcase classname="tests.config.test_datasets_dependency_inference" name="test_dependency_node_is_root" time="0.000" /><testcase classname="tests.config.test_datasets_export" name="test_export_to_file_graph" time="0.132" /><testcase classname="tests.config.test_datasets_export" name="test_get_constraint_summary_returns_dict" time="0.127" /><testcase classname="tests.config.test_datasets_export" name="test_export_dependency_graph_json_has_meta" time="0.122" /><testcase classname="tests.config.test_datasets_export" name="test_export_dependency_graph_json_has_edges" time="0.124" /><testcase classname="tests.config.test_datasets_introspection" name="test_introspect_unregistered_dataset" time="0.117" /><testcase classname="tests.config.test_datasets_export" name="test_export_to_file_creates_directories" time="0.129" /><testcase classname="tests.config.test_datasets_export" name="test_export_dependency_graph_json_has_topological_order" time="0.122" /><testcase classname="tests.config.test_datasets_export" name="test_export_all_constraints_json_structure" time="0.126" /><testcase classname="tests.config.test_datasets_introspection" name="test_introspection_extracts_constraints" time="0.121" /><testcase classname="tests.config.test_datasets_export" name="test_export_to_file_catalog" time="0.132" /><testcase classname="tests.config.test_datasets_introspection" name="test_summary_for_llm_empty_metadata" time="0.001" /><testcase classname="tests.config.test_datasets_introspection" name="test_introspect_registered_dataset" time="0.117" /><testcase classname="tests.config.test_datasets_export" name="test_export_dependency_graph_json_node_structure" time="0.120" /><testcase classname="tests.config.test_datasets_export" name="test_export_dependency_graph_json_returns_dict" time="0.122" /><testcase classname="tests.config.test_datasets_export" name="test_get_constraint_summary_has_by_kind" time="0.128" /><testcase classname="tests.config.test_datasets_lineage" name="test_column_lineage_creation" time="0.000" /><testcase classname="tests.config.test_datasets_export" name="test_get_constraint_summary_by_kind_has_all_kinds" time="0.130" /><testcase classname="tests.config.test_datasets_introspection" name="test_introspection_creation" time="0.001" /><testcase classname="tests.config.test_datasets_lineage" name="test_column_lineage_is_nullable_none" time="0.000" /><testcase classname="tests.config.test_datasets_export" name="test_export_to_file_invalid_type" time="0.001" /><testcase classname="tests.config.test_datasets_export" name="test_export_dataset_catalog_json_structure" time="0.131" /><testcase classname="tests.config.test_datasets_export" name="test_export_to_file_constraints" time="0.129" /><testcase classname="tests.config.test_datasets_export" name="test_get_constraint_summary_has_total_datasets" time="0.127" /><testcase classname="tests.config.test_datasets_plugin_constraints" name="test_plugin_table_relation_creation" time="0.000" /><testcase classname="tests.config.test_datasets_dependency_inference" name="test_dependency_node_has_downstream" time="0.000" /><testcase classname="tests.config.test_datasets_export" name="test_export_all_constraints_json_returns_dict" time="0.128" /><testcase classname="tests.config.test_datasets_plugin_constraints" name="test_plugin_table_relation_is_producer" time="0.000" /><testcase classname="tests.config.test_datasets_export" name="test_export_dataset_catalog_json_has_meta" time="0.137" /><testcase classname="tests.config.test_datasets_plugin_constraints" name="test_extract_constraints_from_plugins_empty_for_unknown" time="0.001" /><testcase classname="tests.config.test_datasets_plugin_constraints" name="test_get_table_plugin_relations_returns_list" time="0.001" /><testcase classname="tests.config.test_datasets_plugin_constraints" name="test_get_consumer_plugins_unknown_table" time="0.001" /><testcase classname="tests.config.test_datasets_plugin_constraints" name="test_merge_constraint_sets_empty_raises" time="0.001" /><testcase classname="tests.config.test_datasets_export" name="test_export_dependency_graph_json_has_nodes" time="0.118" /><testcase classname="tests.config.test_datasets_plugin_constraints" name="test_merge_constraint_sets_single" time="0.001" /><testcase classname="tests.config.test_datasets_plugin_constraints" name="test_merge_constraint_sets_different_keys_raises" time="0.000" /><testcase classname="tests.config.test_datasets_plugin_constraints" name="test_merge_constraint_sets_multiple" time="0.001" /><testcase classname="tests.config.test_datasets_primitives" name="test_column_creation" time="0.001" /><testcase classname="tests.config.test_datasets_primitives" name="test_index_creation" time="0.000" /><testcase classname="tests.config.test_datasets_primitives" name="test_table_schema_fq_name" time="0.001" /><testcase classname="tests.config.test_datasets_primitives" name="test_index_defaults" time="0.000" /><testcase classname="tests.config.test_datasets_primitives" name="test_table_schema_with_indexes_and_primary_key" time="0.000" /><testcase classname="tests.config.test_datasets_primitives" name="test_table_schema_column_names" time="0.001" /><testcase classname="tests.config.test_datasets_primitives" name="test_column_fragments_exist" time="0.000" /><testcase classname="tests.config.test_datasets_primitives" name="test_composite_schema_get_source_for_column" time="0.001" /><testcase classname="tests.config.test_datasets_row_factory" name="test_typeddict_simple_schema" time="0.002" /><testcase classname="tests.config.test_datasets_primitives" name="test_composite_schema_source_column_names" time="0.001" /><testcase classname="tests.config.test_datasets_row_factory" name="test_typeddict_nullable_columns_become_optional" time="0.004" /><testcase classname="tests.config.test_datasets_row_factory" name="test_typeddict_various_dtypes" time="0.002" /><testcase classname="tests.config.test_datasets_row_factory" name="test_typeddict_nullable_as_optional_false" time="0.002" /><testcase classname="tests.config.test_datasets_row_factory" name="test_typeddict_column_order_preserved" time="0.002" /><testcase classname="tests.config.test_datasets_row_factory" name="test_serializer_simple" time="0.001" /><testcase classname="tests.config.test_datasets_row_factory" name="test_serializer_handles_none_values" time="0.001" /><testcase classname="tests.config.test_datasets_row_factory" name="test_serializer_column_order_matches_schema" time="0.001" /><testcase classname="tests.config.test_datasets_row_factory" name="test_dtype_mapping_pandas_types[dtype0-int]" time="0.002" /><testcase classname="tests.config.test_datasets_row_factory" name="test_serializer_missing_key_raises_error" time="0.001" /><testcase classname="tests.config.test_datasets_row_factory" name="test_dtype_mapping_pandas_types[dtype1-float]" time="0.004" /><testcase classname="tests.config.test_datasets_row_migration" name="test_migration_status_missing_schema" time="0.000" /><testcase classname="tests.config.test_datasets_row_factory" name="test_dtype_mapping_pandas_types[dtype2-bool]" time="0.002" /><testcase classname="tests.config.test_datasets_row_migration" name="test_migration_status_incompatible" time="0.000" /><testcase classname="tests.config.test_datasets_row_factory" name="test_dtype_mapping_pandas_types[dtype3-str]" time="0.002" /><testcase classname="tests.config.test_datasets_row_migration" name="test_migration_result_not_ready_incompatible" time="0.000" /><testcase classname="tests.config.test_datasets_row_migration" name="test_migration_status_compatible" time="0.001" /><testcase classname="tests.config.test_datasets_row_migration" name="test_get_row_model_unregistered" time="0.146" /><testcase classname="tests.config.test_datasets_row_migration" name="test_migration_result_ready" time="0.003" /><testcase classname="tests.config.test_datasets_row_migration" name="test_schema_get_row_model_uses_precomputed" time="0.001" /><testcase classname="tests.config.test_datasets_row_migration" name="test_get_row_model_registered" time="0.153" /><testcase classname="tests.config.test_datasets_row_migration" name="test_validate_registered_dataset" time="0.124" /><testcase classname="tests.config.test_datasets_row_migration" name="test_migration_result_not_ready_missing" time="0.000" /><testcase classname="tests.config.test_datasets_row_migration" name="test_schema_get_row_model_cached" time="0.003" /><testcase classname="tests.config.test_datasets_row_migration" name="test_schema_get_row_model_generates_typed_dict" time="0.001" /><testcase classname="tests.config.test_datasets_schema" name="test_metadata_with_values" time="0.001" /><testcase classname="tests.config.test_datasets_schema" name="test_metadata_default_values" time="0.001" /><testcase classname="tests.config.test_datasets_schema" name="test_metadata_immutable" time="0.001" /><testcase classname="tests.config.test_datasets_schema" name="test_schema_column_names" time="0.001" /><testcase classname="tests.config.test_datasets_schema" name="test_schema_create_minimal" time="0.001" /><testcase classname="tests.config.test_datasets_schema" name="test_schema_has_composition_false" time="0.001" /><testcase classname="tests.config.test_datasets_schema" name="test_schema_validate_valid_dataframe" time="0.143" /><testcase classname="tests.config.test_datasets_schema" name="test_schema_table_key_property" time="0.001" /><testcase classname="tests.config.test_datasets_schema" name="test_schema_validate_invalid_dataframe" time="0.109" /><testcase classname="tests.config.test_datasets_introspection" name="test_summary_for_llm" time="0.002" /><testcase classname="tests.config.test_datasets_introspection" name="test_to_dict" time="0.001" /><testcase classname="tests.config.test_datasets_schema" name="test_schema_get_row_model_uses_provided_model" time="0.001" /><testcase classname="tests.config.test_datasets_schema" name="test_schema_immutable" time="0.001" /><testcase classname="tests.config.test_datasets_lineage" name="test_trace_table_lineage_registered_table" time="0.005" /><testcase classname="tests.config.test_datasets_schema_builder" name="test_build_copies_metadata_from_contract" time="0.001" /><testcase classname="tests.config.test_datasets_plugin_constraints" name="test_get_producer_plugins_returns_list" time="0.000" /><testcase classname="tests.config.test_datasets_lineage" name="test_column_lineage_summary" time="0.000" /><testcase classname="tests.config.test_datasets_schema_builder" name="test_build_includes_row_model_from_binding" time="0.001" /><testcase classname="tests.config.test_datasets_lineage" name="test_table_lineage_get_column" time="0.000" /><testcase classname="tests.config.test_datasets_lineage" name="test_get_all_columns_with_constraint_invalid_kind" time="0.000" /><testcase classname="tests.config.test_datasets_lineage" name="test_table_lineage_get_column_missing" time="0.000" /><testcase classname="tests.config.test_datasets_lineage" name="test_trace_column_lineage_missing_table" time="0.000" /><testcase classname="tests.config.test_datasets_introspection" name="test_summary_with_table_level_constraints" time="0.001" /><testcase classname="tests.config.test_datasets_lineage" name="test_column_lineage_is_nullable_true" time="0.000" /><testcase classname="tests.config.test_datasets_lineage" name="test_trace_column_lineage_registered_table" time="0.001" /><testcase classname="tests.config.test_datasets_lineage" name="test_column_lineage_is_nullable_false" time="0.001" /><testcase classname="tests.config.test_datasets_schema_builder" name="test_build_includes_ddl_schema_if_available" time="0.000" /><testcase classname="tests.config.test_datasets_schema_registry" name="test_registry_len_returns_int" time="0.002" /><testcase classname="tests.config.test_datasets_plugin_constraints" name="test_get_producer_plugins_unknown_table" time="0.000" /><testcase classname="tests.config.test_datasets_schema_builder" name="test_build_creates_dataset_schema" time="0.001" /><testcase classname="tests.config.test_datasets_lineage" name="test_column_lineage_with_constraints" time="0.000" /><testcase classname="tests.config.test_datasets_schema_registry" name="test_registry_require_raises_for_unknown_key" time="0.002" /><testcase classname="tests.config.test_datasets_schema_registry" name="test_registry_keys_returns_list" time="0.002" /><testcase classname="tests.config.test_datasets_schema_registry" name="test_registry_all_returns_dict" time="0.002" /><testcase classname="tests.config.test_datasets_schema_builder" name="test_build_all_schema_names_match_keys" time="0.002" /><testcase classname="tests.config.test_datasets_lineage" name="test_trace_column_lineage_missing_column" time="0.000" /><testcase classname="tests.config.test_datasets_schema_builder" name="test_build_all_schemas_have_valid_structure" time="0.003" /><testcase classname="tests.config.test_datasets_schema_builder" name="test_build_all_returns_dict_of_schemas" time="0.002" /><testcase classname="tests.config.test_datasets_plugin_constraints" name="test_get_consumer_plugins_returns_list" time="0.000" /><testcase classname="tests.config.test_datasets_lineage" name="test_table_lineage_creation" time="0.000" /><testcase classname="tests.config.test_datasets_schema_builder" name="test_build_all_keys_are_table_keys" time="0.002" /><testcase classname="tests.config.test_datasets_schema_registry" name="test_registry_contains_check" time="0.002" /><testcase classname="tests.config.test_datasets_schema_builder" name="test_build_includes_composition_if_available" time="0.000" /><testcase classname="tests.config.test_datasets_schema_builder" name="test_build_all_includes_known_datasets" time="0.002" /><testcase classname="tests.config.test_datasets_schema_registry" name="test_producers_of_returns_list" time="0.000" /><testcase classname="tests.config.test_datasets_lineage" name="test_trace_table_lineage_missing_table" time="0.000" /><testcase classname="tests.config.test_datasets_schema_registry" name="test_global_registry_keys_are_table_keys" time="0.000" /><testcase classname="tests.config.test_datasets_plugin_constraints" name="test_extract_constraints_from_plugins_constraint_kinds" time="0.001" /><testcase classname="tests.config.test_datasets_schema_registry" name="test_global_registry_initializes_from_contracts" time="0.000" /><testcase classname="tests.config.test_models_targets" name="test_default_targets_normalizes_empty" time="0.001" /><testcase classname="tests.config.test_datasets_schema_registry" name="test_get_schema_returns_schema_or_none" time="0.000" /><testcase classname="tests.config.test_datasets_schema_registry" name="test_global_registry_known_dataset_is_available" time="0.000" /><testcase classname="tests.config.test_datasets_plugin_constraints" name="test_plugin_table_relation_immutability" time="0.001" /><testcase classname="tests.config.test_datasets_schema_builder" name="test_build_all_only_includes_valid_schemas" time="0.002" /><testcase classname="tests.config.test_datasets_lineage" name="test_get_all_columns_with_constraint_returns_list" time="0.009" /><testcase classname="tests.config.test_datasets_schema_registry" name="test_registry_get_returns_none_for_unknown_key" time="0.002" /><testcase classname="tests.config.test_datasets_primitives" name="test_column_defaults" time="0.000" /><testcase classname="tests.config.test_datasets_schema_registry" name="test_global_registry_consistency" time="0.000" /><testcase classname="tests.config.test_datasets_plugin_constraints" name="test_extract_constraints_from_plugins_returns_constraintset" time="0.000" /><testcase classname="tests.config.test_datasets_plugin_constraints" name="test_plugin_table_relation_is_consumer" time="0.001" /><testcase classname="tests.config.test_datasets_lineage" name="test_table_lineage_with_columns" time="0.000" /><testcase classname="tests.config.test_models_targets" name="test_default_targets_preserves_inputs" time="0.001" /><testcase classname="tests.config.test_datasets_schema_registry" name="test_consumers_of_returns_list" time="0.000" /><testcase classname="tests.config.test_graph_feature_flags" name="test_graph_runtime_options_resolve_eager_flag" time="0.001" /><testcase classname="tests.config.test_graph_feature_flags" name="test_graph_feature_flags_validate_limit" time="0.001" /><testcase classname="tests.config.test_serving_graph_features" name="test_serving_config_from_env_graph_features" time="0.002" /><testcase classname="tests.config.test_datasets_lineage" name="test_get_all_columns_with_constraint_tuple_format" time="0.014" /><testcase classname="tests.config.test_serving_graph_features" name="test_serving_config_validates_graph_features" time="0.002" /><testcase classname="tests.config.test_serving_models_paths" name="test_normalize_optional_path_resolves_strings" time="0.001" /><testcase classname="tests.config.test_datasets_schema_registry" name="test_get_schema_returns_none_for_unknown" time="0.001" /><testcase classname="tests.config.test_subsystems_config" name="test_options_are_applied_and_typed" time="0.001" /><testcase classname="tests.config.test_serving_models_paths" name="test_serving_config_normalizes_db_path_when_provided" time="0.004" /><testcase classname="tests.config.test_serving_models_paths" name="test_serving_config_defaults_db_path_when_missing" time="0.001" /><testcase classname="tests.config.test_serving_models_paths" name="test_normalize_optional_path_handles_none" time="0.000" /><testcase classname="tests.config.test_datasets_row_migration" name="test_validate_all_statuses_match_counts" time="0.002" /><testcase classname="tests.config.test_datasets_schema" name="test_schema_get_row_model_generates_typeddict" time="0.001" /><testcase classname="tests.config.test_datasets_row_migration" name="test_validate_unregistered_dataset" time="0.002" /><testcase classname="tests.config.test_datasets_row_migration" name="test_validate_all_returns_result" time="0.004" /><testcase classname="tests.config.test_datasets_schema" name="test_schema_json_schema_produces_valid_output" time="0.001" /><testcase classname="tests.config.test_ingestion_schema_registry" name="test_ingestion_sql_tables_match_schema" time="3.360" /></testsuite></testsuites>