<?xml version="1.0" encoding="utf-8"?><testsuites name="pytest tests"><testsuite name="pytest" errors="0" failures="0" skipped="0" tests="49" time="9.436" timestamp="2025-12-04T20:46:01.197392-05:00" hostname="paul-X870-AORUS-ELITE-WIFI7"><testcase classname="tests.core.plugins.test_base_executor" name="test_base_execution_policy_custom_values" time="0.001" /><testcase classname="tests.core.runtime.test_telemetry" name="test_plugin_span_elapsed_consistency" time="0.012" /><testcase classname="tests.core.plugins.test_base_executor" name="test_base_execution_policy_default_values" time="0.001" /><testcase classname="tests.core.plugins.test_base_executor" name="test_base_execution_policy_to_retry_policy" time="0.002" /><testcase classname="tests.core.plugins.test_base_executor" name="test_graphs_executor_uses_base_infrastructure" time="0.001" /><testcase classname="tests.core.runtime.test_telemetry" name="test_plugin_span_elapsed_s" time="0.052" /><testcase classname="tests.core.plugins.test_base_executor" name="test_analytics_executor_uses_base_infrastructure" time="0.002" /><testcase classname="tests.core.runtime.test_telemetry" name="test_telemetry_config_custom" time="0.001" /><testcase classname="tests.core.runtime.test_telemetry" name="test_plugin_span_with_attributes" time="0.001" /><testcase classname="tests.core.runtime.test_telemetry" name="test_runtime_telemetry_initialization" time="0.001" /><testcase classname="tests.core.runtime.test_telemetry" name="test_default_duration_buckets_range" time="0.001" /><testcase classname="tests.core.plugins.test_base_executor" name="test_base_execution_report_status_failed_with_failures" time="0.001" /><testcase classname="tests.core.runtime.test_telemetry" name="test_default_duration_buckets" time="0.001" /><testcase classname="tests.core.plugins.test_base_executor" name="test_base_execution_report_status_partial" time="0.001" /><testcase classname="tests.core.runtime.test_telemetry" name="test_prometheus_available_is_bool" time="0.001" /><testcase classname="tests.core.plugins.test_base_executor" name="test_base_execution_report_status_succeeded" time="0.001" /><testcase classname="tests.core.runtime.test_telemetry" name="test_telemetry_config_defaults" time="0.001" /><testcase classname="tests.core.runtime.test_telemetry" name="test_runtime_telemetry_with_config" time="0.001" /><testcase classname="tests.core.plugins.test_base_executor" name="test_base_execution_report_success_count" time="0.001" /><testcase classname="tests.core.runtime.test_telemetry" name="test_runtime_telemetry_end_span_returns_duration" time="0.024" /><testcase classname="tests.core.runtime.test_telemetry" name="test_telemetry_config_is_frozen" time="0.001" /><testcase classname="tests.core.plugins.test_base_executor" name="test_base_executor_context_effective_run_id_from_run_context" time="0.003" /><testcase classname="tests.core.runtime.test_telemetry" name="test_runtime_telemetry_end_span_success" time="0.012" /><testcase classname="tests.core.runtime.test_telemetry" name="test_plugin_span_attributes_default_empty" time="0.001" /><testcase classname="tests.core.runtime.test_telemetry" name="test_plugin_span_elapsed_ns" time="0.012" /><testcase classname="tests.core.runtime.test_telemetry" name="test_plugin_span_construction" time="0.002" /><testcase classname="tests.core.plugins.test_base_executor" name="test_base_execution_policy_to_retry_policy_no_retries" time="0.001" /><testcase classname="tests.core.runtime.test_telemetry" name="test_runtime_telemetry_start_span_with_attributes" time="0.001" /><testcase classname="tests.core.plugins.test_base_executor" name="test_telemetry_span_lifecycle" time="0.003" /><testcase classname="tests.core.runtime.test_telemetry" name="test_multiple_spans" time="0.012" /><testcase classname="tests.core.runtime.test_telemetry" name="test_plugin_span_elapsed_ms" time="0.011" /><testcase classname="tests.core.plugins.test_base_executor" name="test_base_execution_report_status_failed" time="0.001" /><testcase classname="tests.core.runtime.test_telemetry" name="test_otel_available_is_bool" time="0.001" /><testcase classname="tests.core.runtime.test_telemetry" name="test_telemetry_works_without_otel" time="0.001" /><testcase classname="tests.core.plugins.test_base_executor" name="test_base_executor_context_effective_run_id_empty_when_no_context" time="0.003" /><testcase classname="tests.core.runtime.test_telemetry" name="test_runtime_telemetry_end_span_failure" time="0.001" /><testcase classname="tests.core.runtime.test_telemetry" name="test_telemetry_disabled_tracing" time="0.001" /><testcase classname="tests.core.runtime.test_telemetry" name="test_runtime_telemetry_config_properties" time="0.001" /><testcase classname="tests.core.runtime.test_telemetry" name="test_default_duration_buckets_sorted" time="0.001" /><testcase classname="tests.core.plugins.test_base_executor" name="test_plugin_scratch_consume_missing_returns_default" time="0.001" /><testcase classname="tests.core.runtime.test_telemetry" name="test_get_runtime_telemetry_is_singleton" time="0.001" /><testcase classname="tests.core.plugins.test_base_executor" name="test_telemetry_record_run_metrics" time="0.001" /><testcase classname="tests.core.runtime.test_telemetry" name="test_runtime_telemetry_record_run_metrics" time="0.001" /><testcase classname="tests.core.plugins.test_base_executor" name="test_plugin_scratch_cleanup_runs_callbacks" time="0.001" /><testcase classname="tests.core.runtime.test_telemetry" name="test_telemetry_disabled_metrics" time="0.001" /><testcase classname="tests.core.plugins.test_base_executor" name="test_plugin_scratch_declare_and_consume" time="0.002" /><testcase classname="tests.core.runtime.test_telemetry" name="test_get_runtime_telemetry_returns_instance" time="0.001" /><testcase classname="tests.core.runtime.test_telemetry" name="test_full_span_lifecycle" time="0.011" /><testcase classname="tests.core.runtime.test_telemetry" name="test_runtime_telemetry_start_span" time="0.001" /></testsuite></testsuites>