<?xml version="1.0" encoding="utf-8"?><testsuites name="pytest tests"><testsuite name="pytest" errors="0" failures="0" skipped="71" tests="807" time="87.864" timestamp="2025-12-09T03:23:32.872642-05:00" hostname="paul-X870-AORUS-ELITE-WIFI7"><testcase classname="tests.serving.http.test_routes_health" name="test_build_health_router_returns_router" time="0.002" /><testcase classname="tests.serving.http.test_routes_fastapi" name="test_load_api_config_local_db_path_not_found" time="0.003" /><testcase classname="tests.serving.http.test_routes_fastapi" name="test_build_backend_resource_raises_error_on_failure" time="0.003" /><testcase classname="tests.serving.backend.test_datasets_queries" name="test_build_registry_and_limits_with_exclude" time="0.001" /><testcase classname="tests.serving.backend.test_datasets_queries" name="test_build_registry_and_limits_applies_config" time="0.000" /><testcase classname="tests.serving.backend.test_datasets_queries" name="test_describe_dataset_with_valid_contract" time="0.001" /><testcase classname="tests.serving.backend.test_datasets_queries" name="test_describe_dataset_without_contract" time="0.004" /><testcase classname="tests.serving.backend.test_datasets_queries" name="test_describe_dataset_includes_column_preview" time="0.000" /><testcase classname="tests.serving.mcp.test_mcp_architecture_tools" name="test_graph_plugin_plan_with_names" time="0.013" /><testcase classname="tests.serving.http.test_routes_fastapi" name="test_load_api_config_local_db_path_is_directory" time="0.002" /><testcase classname="tests.serving.http.test_routes_fastapi" name="test_load_api_config_remote_api_success" time="0.001" /><testcase classname="tests.serving.http.test_routes_fastapi" name="test_load_api_config_local_db_success" time="0.001" /><testcase classname="tests.serving.mcp.test_mcp_architecture_tools" name="test_graph_plugin_plan_auto_includes_dependencies" time="0.001" /><testcase classname="tests.serving.http.test_routes_fastapi" name="test_problem_response_returns_json_response" time="0.001" /><testcase classname="tests.serving.mcp.test_mcp_architecture_tools" name="test_graph_plugin_plan_disable_dependency_errors" time="0.001" /><testcase classname="tests.serving.mcp.test_mcp_architecture_tools" name="test_graph_plugin_plan_disable_dependency_override" time="0.001" /><testcase classname="tests.serving.http.test_routes_fastapi" name="test_problem_response_defaults_status_500" time="0.001" /><testcase classname="tests.serving.mcp.test_mcp_architecture_tools" name="test_backend_get_file_hints_via_tools" time="2.352" /><testcase classname="tests.serving.mcp.test_mcp_architecture_tools" name="test_register_architecture_tools_success" time="2.379" /><testcase classname="tests.serving.http.test_routes_functions" name="test_high_risk_functions_with_limit" time="2.442" /><testcase classname="tests.serving.http.test_routes_meta" name="test_meta_datasets_returns_list" time="2.447" /><testcase classname="tests.serving.mcp.test_mcp_architecture_tools" name="test_backend_list_subsystems_via_tools" time="2.392" /><testcase classname="tests.serving.http.test_routes_fastapi" name="test_build_backend_resource_with_gateway" time="3.275" /><testcase classname="tests.serving.http.test_routes_fastapi" name="test_exception_handler_problem_error" time="2.464" /><testcase classname="tests.serving.http.test_routes_datasets" name="test_datasets_list_endpoint" time="2.473" /><testcase classname="tests.serving.http.test_routes_health" name="test_health_endpoint_returns_status_ok" time="2.466" /><testcase classname="tests.serving.http.test_routes_meta" name="test_meta_debug_prereqs_unknown_operation" time="2.478" /><testcase classname="tests.serving.mcp.test_mcp_backend_comprehensive" name="test_duckdb_backend_creation" time="2.402" /><testcase classname="tests.serving.mcp.test_mcp_architecture_tools" name="test_backend_get_module_subsystems_via_tools" time="2.639" /><testcase classname="tests.serving.mcp.test_mcp_architecture_tools" name="test_backend_list_subsystems_with_limit" time="2.652" /><testcase classname="tests.serving.mcp.test_mcp_architecture_tools" name="test_register_architecture_tools_with_config" time="2.666" /><testcase classname="tests.serving.http.test_routes_meta" name="test_meta_datasets_includes_limit_info" time="2.720" /><testcase classname="tests.serving.mcp.test_mcp_backend_comprehensive" name="test_duckdb_backend_with_custom_limits" time="2.699" /><testcase classname="tests.serving.http.test_routes_functions" name="test_high_risk_functions_with_tested_only" time="2.821" /><testcase classname="tests.serving.http.test_routes_health" name="test_health_endpoint_includes_limits" time="2.814" /><testcase classname="tests.serving.http.test_routes_datasets" name="test_datasets_specs_endpoint" time="2.839" /><testcase classname="tests.serving.http.test_routes_meta" name="test_meta_debug_prereqs_valid_operation" time="2.831" /><testcase classname="tests.serving.http.test_routes_fastapi" name="test_exception_handler_validation_error" time="2.859" /><testcase classname="tests.serving.http.test_routes_fastapi" name="test_create_app_with_provisioned_gateway" time="2.579" /><testcase classname="tests.serving.mcp.test_mcp_architecture_tools" name="test_backend_list_subsystems_with_role" time="2.224" /><testcase classname="tests.serving.http.test_routes_meta" name="test_meta_operations_returns_list" time="2.232" /><testcase classname="tests.serving.mcp.test_mcp_backend_comprehensive" name="test_duckdb_backend_get_callgraph_neighbors" time="2.227"><skipped type="pytest.skip" message="No goids available in test data">/home/paul/CodeIntel/tests/serving/mcp/test_mcp_backend_comprehensive.py:525: No goids available in test data</skipped></testcase><testcase classname="tests.serving.http.test_routes_health" name="test_health_endpoint_read_only_false" time="2.231" /><testcase classname="tests.serving.http.test_routes_functions" name="test_function_summary_missing_params" time="2.249" /><testcase classname="tests.serving.http.test_routes_datasets" name="test_dataset_rows_not_found" time="2.226" /><testcase classname="tests.serving.http.test_routes_fastapi" name="test_register_routes_includes_all_routers" time="2.210" /><testcase classname="tests.serving.http.test_routes_functions" name="test_router_options_default" time="0.000" /><testcase classname="tests.serving.http.test_routes_functions" name="test_router_options_with_auto_pipeline" time="0.000" /><testcase classname="tests.serving.backend.test_function_backend" name="test_get_import_boundary_with_max_edges" time="7.984" /><testcase classname="tests.serving.backend.test_dataset_backend" name="test_dataset_schema_unknown_dataset" time="8.096" /><testcase classname="tests.serving.backend.test_function_backend" name="test_get_callgraph_neighborhood_truncates" time="8.105" /><testcase classname="tests.serving.http.test_routes_fastapi" name="test_create_app_correlation_id_from_header" time="2.268" /><testcase classname="tests.serving.backend.test_datasets_queries" name="test_validate_dataset_registry_success" time="8.888" /><testcase classname="tests.serving.backend.test_profile_backend" name="test_get_file_profile_success" time="8.230" /><testcase classname="tests.serving.backend.test_function_backend" name="test_get_import_boundary_truncates_during_in_edges" time="8.247" /><testcase classname="tests.serving.backend.test_function_backend" name="test_get_tests_for_function_by_urn_not_found" time="8.286" /><testcase classname="tests.serving.backend.test_function_backend" name="test_list_high_risk_functions_tested_only" time="8.314" /><testcase classname="tests.serving.backend.test_dataset_backend" name="test_dataset_specs_validation_profile_normalized" time="8.362" /><testcase classname="tests.serving.backend.test_datasets_queries" name="test_validate_dataset_registry_raises_on_issues" time="9.058" /><testcase classname="tests.serving.backend.test_profile_backend" name="test_get_module_architecture_success" time="8.397" /><testcase classname="tests.serving.http.test_routes_subsystems" name="test_subsystem_profiles_with_limit" time="8.401" /><testcase classname="tests.serving.backend.test_dataset_backend" name="test_read_dataset_rows_with_offset" time="8.411" /><testcase classname="tests.serving.backend.test_dataset_backend" name="test_list_datasets_returns_descriptors" time="8.415" /><testcase classname="tests.serving.mcp.test_mcp_backend_comprehensive" name="test_duckdb_backend_list_subsystems_with_role_filter" time="8.396" /><testcase classname="tests.serving.backend.test_function_backend" name="test_get_callgraph_neighbors_with_scope" time="8.436" /><testcase classname="tests.serving.mcp.test_mcp_architecture_tools" name="test_backend_get_subsystem_modules_via_tools" time="8.448" /><testcase classname="tests.serving.http.test_routes_subsystems" name="test_module_subsystems_endpoint" time="8.504" /><testcase classname="tests.serving.backend.test_function_backend" name="test_backend_graphs_property" time="8.434" /><testcase classname="tests.serving.backend.test_datasets_queries" name="test_docs_views_is_populated" time="0.000" /><testcase classname="tests.serving.backend.test_datasets_queries" name="test_build_dataset_registry_includes_docs_views" time="0.001" /><testcase classname="tests.serving.backend.test_datasets_queries" name="test_build_dataset_registry_excludes_docs_views" time="0.001" /><testcase classname="tests.serving.backend.test_datasets_queries" name="test_build_dataset_registry_sorted_by_table_key" time="0.000" /><testcase classname="tests.serving.backend.test_datasets_queries" name="test_build_registry_and_limits_returns_tuple" time="0.001" /><testcase classname="tests.serving.backend.test_function_backend" name="test_get_tests_for_function_by_goid" time="8.453" /><testcase classname="tests.serving.backend.test_datasets_queries" name="test_build_dataset_registry_tables_are_fully_qualified" time="0.001" /><testcase classname="tests.serving.backend.test_datasets_queries" name="test_describe_dataset_many_columns" time="0.000" /><testcase classname="tests.serving.backend.test_datasets_queries" name="test_build_registry_and_limits_with_default_config" time="0.001" /><testcase classname="tests.serving.mcp.test_mcp_architecture_tools" name="test_backend_search_subsystems_via_tools" time="2.215" /><testcase classname="tests.serving.mcp.test_mcp_backend_comprehensive" name="test_duckdb_backend_get_callgraph_neighbors_direction_in" time="2.268"><skipped type="pytest.skip" message="No goids available in test data">/home/paul/CodeIntel/tests/serving/mcp/test_mcp_backend_comprehensive.py:564: No goids available in test data</skipped></testcase><testcase classname="tests.serving.http.test_routes_meta" name="test_meta_operations_includes_http_details" time="2.312" /><testcase classname="tests.serving.http.test_routes_health" name="test_health_endpoint_database_connectivity_verified" time="2.326" /><testcase classname="tests.serving.http.test_routes_functions" name="test_app_with_auto_pipeline_options" time="2.337" /><testcase classname="tests.serving.http.test_routes_datasets" name="test_dataset_schema_not_found" time="2.360" /><testcase classname="tests.serving.http.test_routes_meta" name="test_build_meta_router_returns_router" time="0.004" /><testcase classname="tests.serving.http.test_routes_fastapi" name="test_create_app_with_auto_pipeline_option" time="2.384" /><testcase classname="tests.serving.mcp.test_mcp_architecture_tools" name="test_register_architecture_tools_different_backends" time="10.173" /><testcase classname="tests.serving.http.test_routes_fastapi" name="test_create_app_correlation_id_generated_when_missing" time="2.357" /><testcase classname="tests.serving.mcp.test_mcp_backend_comprehensive" name="test_duckdb_backend_with_service" time="2.346" /><testcase classname="tests.serving.mcp.test_mcp_architecture_tools" name="test_backend_search_subsystems_with_limit" time="2.235" /><testcase classname="tests.serving.mcp.test_mcp_backend_comprehensive" name="test_duckdb_backend_get_callgraph_neighborhood" time="2.171"><skipped type="pytest.skip" message="No goids available in test data">/home/paul/CodeIntel/tests/serving/mcp/test_mcp_backend_comprehensive.py:603: No goids available in test data</skipped></testcase><testcase classname="tests.serving.http.test_routes_meta" name="test_meta_dataflow_returns_graph" time="2.270" /><testcase classname="tests.serving.mcp.test_mcp_backend_comprehensive" name="test_serving_config_remote_api_missing_url_raises" time="2.277" /><testcase classname="tests.serving.mcp.test_mcp_backend_comprehensive" name="test_dataset_backend_normalization_variants" time="2.827" /><testcase classname="tests.serving.mcp.test_mcp_backend_comprehensive" name="test_duckdb_backend_get_file_profile" time="2.291" /><testcase classname="tests.serving.http.test_routes_functions" name="test_high_risk_functions_endpoint" time="2.336" /><testcase classname="tests.serving.http.test_routes_datasets" name="test_dataset_rows_with_limit" time="2.379" /><testcase classname="tests.serving.mcp.test_mcp_architecture_tools" name="test_backend_get_function_architecture_via_tools" time="7.681" /><testcase classname="tests.serving.mcp.test_mcp_architecture_tools" name="test_register_architecture_tools_duckdb_backend" time="2.517" /><testcase classname="tests.serving.mcp.test_mcp_architecture_tools" name="test_register_architecture_tools_with_architecture_gateway" time="7.743" /><testcase classname="tests.serving.http.test_routes_subsystems" name="test_list_subsystems_endpoint" time="8.020" /><testcase classname="tests.serving.http.test_routes_fastapi" name="test_create_app_x_correlation_id_header" time="2.804" /><testcase classname="tests.serving.mcp.test_mcp_backend_comprehensive" name="test_http_backend_problem_detail_response" time="0.003" /><testcase classname="tests.serving.mcp.test_mcp_backend_comprehensive" name="test_http_backend_async_close_when_owned" time="0.001" /><testcase classname="tests.serving.mcp.test_mcp_backend_comprehensive" name="test_http_backend_service_override_normalization" time="0.001" /><testcase classname="tests.serving.mcp.test_mcp_backend_comprehensive" name="test_duckdb_backend_list_datasets" time="2.642" /><testcase classname="tests.serving.mcp.test_mcp_architecture_tools" name="test_backend_search_subsystems_with_role" time="2.642" /><testcase classname="tests.serving.mcp.test_mcp_dataset_tools" name="test_dataset_tools_serialize_unicode_payloads" time="0.952" /><testcase classname="tests.serving.mcp.test_mcp_backend_comprehensive" name="test_duckdb_backend_get_tests_for_function" time="2.627"><skipped type="pytest.skip" message="No goids available in test data">/home/paul/CodeIntel/tests/serving/mcp/test_mcp_backend_comprehensive.py:643: No goids available in test data</skipped></testcase><testcase classname="tests.serving.http.test_routes_meta" name="test_meta_dataflow_nodes_have_expected_fields" time="2.647" /><testcase classname="tests.serving.mcp.test_mcp_backend_comprehensive" name="test_duckdb_backend_get_module_profile" time="2.636" /><testcase classname="tests.serving.http.test_routes_functions" name="test_high_risk_functions_with_min_risk" time="2.766" /><testcase classname="tests.serving.mcp.test_mcp_backend_comprehensive" name="test_dataset_backend_rows_error_translated_to_mcp" time="2.341" /><testcase classname="tests.serving.http.test_routes_datasets" name="test_dataset_rows_with_offset" time="2.768" /><testcase classname="tests.serving.mcp.test_mcp_function_tools" name="test_function_tool_categories_contains_files" time="0.001" /><testcase classname="tests.serving.mcp.test_mcp_function_tools" name="test_function_tool_categories_contains_function" time="0.000" /><testcase classname="tests.serving.mcp.test_mcp_function_tools" name="test_iter_operations_yields_function_operations" time="0.001" /><testcase classname="tests.serving.mcp.test_mcp_function_tools" name="test_function_operations_have_tool_name" time="0.000" /><testcase classname="tests.serving.mcp.test_mcp_function_tools" name="test_function_operations_have_backend_method" time="0.000" /><testcase classname="tests.serving.mcp.test_mcp_function_tools" name="test_function_operations_have_output_model" time="0.000" /><testcase classname="tests.serving.mcp.test_mcp_architecture_tools" name="test_register_architecture_tools_service_with_repo_info" time="2.521" /><testcase classname="tests.serving.mcp.test_mcp_architecture_tools" name="test_register_architecture_tools_without_config" time="2.449" /><testcase classname="tests.serving.mcp.test_mcp_dataset_tools" name="test_dataset_tools_log_problem_detail" time="0.889" /><testcase classname="tests.serving.mcp.test_mcp_dataset_tools" name="test_register_dataset_tools_success" time="2.306" /><testcase classname="tests.serving.backend.test_function_backend" name="test_get_import_boundary_no_graph_engine" time="7.904" /><testcase classname="tests.serving.backend.test_dataset_backend" name="test_dataset_schema_includes_table_key" time="8.033" /><testcase classname="tests.serving.backend.test_function_backend" name="test_get_function_summary_not_found_returns_message" time="8.081" /><testcase classname="tests.serving.mcp.test_mcp_backend_comprehensive" name="test_duckdb_backend_dataset_specs" time="2.270" /><testcase classname="tests.serving.mcp.test_mcp_dataset_tools" name="test_iter_operations_yields_dataset_operations" time="0.001" /><testcase classname="tests.serving.mcp.test_mcp_dataset_tools" name="test_dataset_operations_have_required_fields" time="0.000" /><testcase classname="tests.serving.backend.test_profile_backend" name="test_get_file_summary_not_found" time="8.158" /><testcase classname="tests.serving.backend.test_function_backend" name="test_get_import_boundary_edge_without_weight" time="8.213" /><testcase classname="tests.serving.backend.test_function_backend" name="test_get_callgraph_neighbors_outgoing" time="8.173" /><testcase classname="tests.serving.backend.test_function_backend" name="test_get_tests_for_function_empty_tests_adds_message" time="8.271" /><testcase classname="tests.serving.http.test_routes_subsystems" name="test_subsystem_coverage_endpoint" time="8.204" /><testcase classname="tests.serving.mcp.test_mcp_backend_comprehensive" name="test_duckdb_backend_summarize_subsystem" time="8.308"><skipped type="pytest.skip" message="No subsystems available in test data">/home/paul/CodeIntel/tests/serving/mcp/test_mcp_backend_comprehensive.py:1075: No subsystems available in test data</skipped></testcase><testcase classname="tests.serving.backend.test_dataset_backend" name="test_read_dataset_rows_unknown_dataset" time="8.273" /><testcase classname="tests.serving.backend.test_dataset_backend" name="test_list_datasets_has_name_and_table" time="8.285" /><testcase classname="tests.serving.backend.test_function_backend" name="test_backend_with_custom_limits" time="8.295" /><testcase classname="tests.serving.backend.test_function_backend" name="test_get_function_summary_by_rel_path_and_qualname" time="8.317" /><testcase classname="tests.serving.backend.test_profile_backend" name="test_get_module_architecture_not_found" time="8.389" /><testcase classname="tests.serving.http.test_routes_subsystems" name="test_module_subsystems_missing_module" time="8.334" /><testcase classname="tests.serving.mcp.test_mcp_backend_comprehensive" name="test_duckdb_backend_list_subsystems_with_query_filter" time="8.374" /><testcase classname="tests.serving.mcp.test_mcp_architecture_tools" name="test_backend_summarize_subsystem_via_tools" time="8.359" /><testcase classname="tests.serving.backend.test_function_backend" name="test_get_tests_for_function_with_limit" time="8.362" /><testcase classname="tests.serving.mcp.test_mcp_backend_comprehensive" name="test_duckdb_backend_get_file_summary" time="2.391" /><testcase classname="tests.serving.mcp.test_mcp_dataset_tools" name="test_backend_read_dataset_rows_with_offset" time="2.305" /><testcase classname="tests.serving.mcp.test_mcp_backend_comprehensive" name="test_duckdb_backend_get_function_architecture" time="2.253"><skipped type="pytest.skip" message="No goids available in test data">/home/paul/CodeIntel/tests/serving/mcp/test_mcp_backend_comprehensive.py:859: No goids available in test data</skipped></testcase><testcase classname="tests.serving.backend.test_function_backend" name="test_get_function_summary_requires_identifier" time="8.033" /><testcase classname="tests.serving.mcp.test_mcp_dataset_tools" name="test_local_query_service_as_backend" time="2.243" /><testcase classname="tests.serving.mcp.test_mcp_backend_comprehensive" name="test_dataset_backend_problem_error_translated" time="2.552" /><testcase classname="tests.serving.mcp.test_mcp_function_tools" name="test_backend_list_high_risk_functions" time="2.305" /><testcase classname="tests.serving.mcp.test_mcp_architecture_tools" name="test_register_architecture_tools_with_local_query_service" time="2.276" /><testcase classname="tests.serving.mcp.test_mcp_architecture_tools" name="test_register_architecture_tools_local_db_config" time="2.304" /><testcase classname="tests.serving.mcp.test_mcp_dataset_tools" name="test_register_dataset_tools_with_service" time="2.431" /><testcase classname="tests.serving.mcp.test_mcp_backend_comprehensive" name="test_duckdb_backend_list_high_risk_functions" time="2.413" /><testcase classname="tests.serving.mcp.test_mcp_dataset_tools" name="test_backend_list_datasets" time="2.376" /><testcase classname="tests.serving.mcp.test_mcp_backend_comprehensive" name="test_callgraph_neighbors_direction_incoming" time="2.413"><skipped type="pytest.skip" message="No goids available in test data">/home/paul/CodeIntel/tests/serving/mcp/test_mcp_backend_comprehensive.py:1113: No goids available in test data</skipped></testcase><testcase classname="tests.serving.mcp.test_mcp_backend_comprehensive" name="test_duckdb_backend_get_function_profile" time="2.410"><skipped type="pytest.skip" message="No goids available in test data">/home/paul/CodeIntel/tests/serving/mcp/test_mcp_backend_comprehensive.py:730: No goids available in test data</skipped></testcase><testcase classname="tests.serving.mcp.test_mcp_dataset_tools" name="test_backend_dataset_schema" time="2.409" /><testcase classname="tests.serving.mcp.test_mcp_backend_comprehensive" name="test_duckdb_backend_get_module_architecture" time="2.403" /><testcase classname="tests.serving.mcp.test_mcp_function_tools" name="test_register_function_tools_success" time="2.458" /><testcase classname="tests.serving.mcp.test_mcp_function_tools" name="test_backend_get_function_summary" time="2.449"><skipped type="pytest.skip" message="No functions available">/home/paul/CodeIntel/tests/serving/mcp/test_mcp_function_tools.py:280: No functions available</skipped></testcase><testcase classname="tests.serving.mcp.test_mcp_architecture_tools" name="test_register_architecture_tools_remote_api_config" time="2.439" /><testcase classname="tests.serving.mcp.test_mcp_architecture_tools" name="test_register_architecture_tools_different_servers" time="2.457" /><testcase classname="tests.serving.mcp.test_mcp_dataset_tools" name="test_register_dataset_tools_with_config" time="2.358" /><testcase classname="tests.serving.mcp.test_mcp_architecture_tools" name="test_backend_get_function_architecture_not_found" time="7.949" /><testcase classname="tests.serving.mcp.test_mcp_dataset_tools" name="test_backend_dataset_specs" time="2.352" /><testcase classname="tests.serving.mcp.test_mcp_backend_comprehensive" name="test_duckdb_backend_list_high_risk_functions_with_tested_only" time="2.380" /><testcase classname="tests.serving.http.test_routes_subsystems" name="test_list_subsystems_with_limit" time="8.151" /><testcase classname="tests.serving.mcp.test_mcp_backend_comprehensive" name="test_callgraph_neighbors_direction_outgoing" time="2.499"><skipped type="pytest.skip" message="No goids available in test data">/home/paul/CodeIntel/tests/serving/mcp/test_mcp_backend_comprehensive.py:1142: No goids available in test data</skipped></testcase><testcase classname="tests.serving.mcp.test_mcp_function_tools" name="test_backend_get_callgraph_neighbors_incoming" time="2.514"><skipped type="pytest.skip" message="No functions available">/home/paul/CodeIntel/tests/serving/mcp/test_mcp_function_tools.py:599: No functions available</skipped></testcase><testcase classname="tests.serving.mcp.test_mcp_dataset_tools" name="test_backend_read_dataset_rows_nonexistent_dataset" time="2.480" /><testcase classname="tests.serving.mcp.test_mcp_function_tools" name="test_register_function_tools_with_service" time="2.558" /><testcase classname="tests.serving.mcp.test_mcp_function_tools" name="test_backend_get_callgraph_neighbors" time="2.542"><skipped type="pytest.skip" message="No functions available">/home/paul/CodeIntel/tests/serving/mcp/test_mcp_function_tools.py:307: No functions available</skipped></testcase><testcase classname="tests.serving.mcp.test_mcp_backend_comprehensive" name="test_duckdb_backend_identifier_validation" time="2.509" /><testcase classname="tests.serving.mcp.test_mcp_meta_tools" name="test_invalid_payloads_return_problem_detail_and_log_warning" time="2.495" /><testcase classname="tests.serving.mcp.test_mcp_architecture_tools" name="test_register_architecture_tools_custom_limits" time="2.576" /><testcase classname="tests.serving.mcp.test_mcp_profile_tools" name="test_get_operation_profiles_file" time="0.001" /><testcase classname="tests.serving.mcp.test_mcp_profile_tools" name="test_get_operation_profiles_module" time="0.000" /><testcase classname="tests.serving.mcp.test_mcp_profile_tools" name="test_profile_operations_have_backend_method" time="0.000" /><testcase classname="tests.serving.mcp.test_mcp_dataset_tools" name="test_register_dataset_tools_on_multiple_servers" time="2.602" /><testcase classname="tests.serving.mcp.test_mcp_dataset_tools" name="test_backend_read_dataset_rows" time="2.524" /><testcase classname="tests.serving.backend.test_function_backend" name="test_get_function_profile_not_found" time="7.975" /><testcase classname="tests.serving.mcp.test_mcp_backend_comprehensive" name="test_duckdb_backend_get_function_summary_missing_identifier" time="2.352" /><testcase classname="tests.serving.backend.test_dataset_backend" name="test_backend_datasets_property" time="7.919" /><testcase classname="tests.serving.mcp.test_mcp_function_tools" name="test_backend_get_callgraph_neighbors_outgoing" time="2.315"><skipped type="pytest.skip" message="No functions available">/home/paul/CodeIntel/tests/serving/mcp/test_mcp_function_tools.py:628: No functions available</skipped></testcase><testcase classname="tests.serving.backend.test_function_backend" name="test_get_function_summary_by_urn" time="7.945" /><testcase classname="tests.serving.mcp.test_mcp_dataset_tools" name="test_backend_with_custom_limits" time="2.276" /><testcase classname="tests.serving.backend.test_profile_backend" name="test_get_file_summary_success" time="7.953" /><testcase classname="tests.serving.backend.test_function_backend" name="test_get_function_profile_found" time="7.949" /><testcase classname="tests.serving.mcp.test_mcp_function_tools" name="test_register_function_tools_with_config" time="2.154" /><testcase classname="tests.serving.mcp.test_mcp_backend_comprehensive" name="test_duckdb_backend_domain_conversions" time="2.165"><skipped type="pytest.skip" message="Required seed data missing">/home/paul/CodeIntel/tests/serving/mcp/test_mcp_backend_comprehensive.py:1673: Required seed data missing</skipped></testcase><testcase classname="tests.serving.backend.test_function_backend" name="test_get_callgraph_neighbors_incoming" time="8.097" /><testcase classname="tests.serving.mcp.test_mcp_backend_comprehensive" name="test_http_backend_health_and_request_success" time="0.001" /><testcase classname="tests.serving.mcp.test_mcp_function_tools" name="test_backend_get_callgraph_neighborhood" time="2.180"><skipped type="pytest.skip" message="No functions available">/home/paul/CodeIntel/tests/serving/mcp/test_mcp_function_tools.py:336: No functions available</skipped></testcase><testcase classname="tests.serving.mcp.test_mcp_backend_comprehensive" name="test_http_backend_retry_and_circuit_breaker" time="0.002" /><testcase classname="tests.serving.mcp.test_mcp_server" name="test_create_mcp_server_local_db_requires_gateway" time="0.001" /><testcase classname="tests.serving.backend.test_function_backend" name="test_get_callgraph_neighborhood_with_edge_data" time="8.075" /><testcase classname="tests.serving.http.test_routes_subsystems" name="test_subsystem_coverage_with_limit" time="8.072" /><testcase classname="tests.serving.mcp.test_mcp_profile_tools" name="test_register_profile_tools_success" time="2.208" /><testcase classname="tests.serving.http.test_routes_subsystems" name="test_router_with_auto_pipeline" time="0.000"><skipped type="pytest.skip" message="auto_pipeline mode not fully configured for subsystem routes">/home/paul/CodeIntel/tests/serving/http/test_routes_subsystems.py:468: auto_pipeline mode not fully configured for subsystem routes</skipped></testcase><testcase classname="tests.serving.http.test_routes_subsystems" name="test_router_options_default" time="0.001" /><testcase classname="tests.serving.http.test_routes_subsystems" name="test_router_options_with_auto_pipeline" time="0.000" /><testcase classname="tests.serving.mcp.test_models_capabilities" name="test_from_domain_decodes_bytes_keys_and_values" time="0.001" /><testcase classname="tests.serving.mcp.test_models_capabilities" name="test_from_domain_rejects_unsupported_value_types" time="0.000" /><testcase classname="tests.serving.mcp.test_mcp_profile_tools" name="test_backend_get_function_profile" time="2.214"><skipped type="pytest.skip" message="No functions available">/home/paul/CodeIntel/tests/serving/mcp/test_mcp_profile_tools.py:240: No functions available</skipped></testcase><testcase classname="tests.serving.backend.test_dataset_backend" name="test_read_dataset_rows_invalid_offset" time="8.129" /><testcase classname="tests.serving.backend.test_dataset_backend" name="test_dataset_specs_returns_sorted_list" time="8.182" /><testcase classname="tests.serving.backend.test_function_backend" name="test_get_function_summary_rel_path_without_qualname_raises" time="8.178" /><testcase classname="tests.serving.backend.test_profile_backend" name="test_get_file_hints_returns_result" time="8.159" /><testcase classname="tests.serving.mcp.test_mcp_backend_comprehensive" name="test_duckdb_backend_search_subsystems" time="8.196" /><testcase classname="tests.serving.backend.test_profile_backend" name="test_backend_con_property" time="8.259" /><testcase classname="tests.serving.mcp.test_mcp_architecture_tools" name="test_architecture_tools_emit_problem_detail_and_logs" time="8.199" /><testcase classname="tests.serving.backend.test_function_backend" name="test_get_callgraph_neighborhood_node_not_in_graph" time="8.196" /><testcase classname="tests.serving.http.test_routes_subsystems" name="test_subsystem_detail_endpoint" time="8.219" /><testcase classname="tests.serving.mcp.test_mcp_architecture_tools" name="test_graph_plugin_plan_basic" time="0.001" /><testcase classname="tests.serving.mcp.test_mcp_architecture_tools" name="test_graph_plugin_plan_with_enable" time="0.001" /><testcase classname="tests.serving.mcp.test_mcp_architecture_tools" name="test_graph_plugin_plan_with_disable" time="0.001" /><testcase classname="tests.serving.backend.test_function_backend" name="test_get_function_summary_found" time="8.082" /><testcase classname="tests.serving.mcp.test_mcp_profile_tools" name="test_backend_get_function_profile_not_found" time="2.190" /><testcase classname="tests.serving.mcp.test_mcp_function_tools" name="test_backend_with_custom_limits" time="2.251" /><testcase classname="tests.serving.mcp.test_mcp_backend_comprehensive" name="test_duckdb_backend_get_tests_for_function_missing_identifier" time="2.490" /><testcase classname="tests.serving.mcp.test_mcp_function_tools" name="test_high_risk_functions_response_structure" time="2.489" /><testcase classname="tests.serving.mcp.test_mcp_dataset_tools" name="test_backend_list_datasets_returns_descriptors" time="2.467" /><testcase classname="tests.serving.mcp.test_mcp_function_tools" name="test_register_function_tools_on_multiple_servers" time="2.611" /><testcase classname="tests.serving.mcp.test_mcp_function_tools" name="test_function_tool_categories_contains_functions" time="0.000" /><testcase classname="tests.serving.mcp.test_mcp_function_tools" name="test_function_tool_categories_contains_graph" time="0.000" /><testcase classname="tests.serving.mcp.test_mcp_server" name="test_create_mcp_server_returns_server_and_close" time="3.454" /><testcase classname="tests.serving.mcp.test_mcp_function_tools" name="test_backend_get_function_summary_not_found" time="2.582" /><testcase classname="tests.serving.services.test_functions_delegates" name="test_get_function_summary_returns_domain_result" time="2.521"><skipped type="pytest.skip" message="No goids available in test data">/home/paul/CodeIntel/tests/serving/services/test_functions_delegates.py:95: No goids available in test data</skipped></testcase><testcase classname="tests.serving.mcp.test_mcp_profile_tools" name="test_profile_tools_return_problem_detail_on_missing_function" time="2.581" /><testcase classname="tests.serving.mcp.test_mcp_profile_tools" name="test_backend_get_file_profile" time="2.611"><skipped type="pytest.skip" message="No functions available">/home/paul/CodeIntel/tests/serving/mcp/test_mcp_profile_tools.py:267: No functions available</skipped></testcase><testcase classname="tests.serving.mcp.test_mcp_backend_comprehensive" name="test_duckdb_backend_get_module_subsystems" time="8.060" /><testcase classname="tests.serving.mcp.test_mcp_backend_comprehensive" name="test_duckdb_backend_service_attribute" time="2.655" /><testcase classname="tests.serving.services.test_functions_delegates" name="test_list_high_risk_functions_returns_domain_result" time="2.677" /><testcase classname="tests.serving.mcp.test_mcp_profile_tools" name="test_backend_get_file_profile_not_found" time="2.740" /><testcase classname="tests.serving.mcp.test_mcp_backend_comprehensive" name="test_duckdb_backend_get_import_boundary" time="2.802" /><testcase classname="tests.serving.mcp.test_mcp_function_tools" name="test_register_function_tools_preserves_backend_state" time="2.562" /><testcase classname="tests.serving.mcp.test_mcp_architecture_tools" name="test_backend_get_module_architecture_via_tools" time="8.253" /><testcase classname="tests.serving.mcp.test_mcp_backend_comprehensive" name="test_duckdb_backend_get_callgraph_neighbors_invalid_direction" time="2.647" /><testcase classname="tests.serving.mcp.test_mcp_backend_comprehensive" name="test_duckdb_backend_list_subsystems" time="8.201" /><testcase classname="tests.serving.mcp.test_mcp_function_tools" name="test_function_summary_response_structure" time="2.654"><skipped type="pytest.skip" message="No functions available">/home/paul/CodeIntel/tests/serving/mcp/test_mcp_function_tools.py:682: No functions available</skipped></testcase><testcase classname="tests.serving.mcp.test_mcp_dataset_tools" name="test_backend_dataset_specs_returns_pydantic_models" time="2.633" /><testcase classname="tests.serving.http.test_routes_subsystems" name="test_list_subsystems_with_role_filter" time="8.215" /><testcase classname="tests.serving.services.test_functions_delegates" name="test_get_import_boundary_with_max_edges" time="2.645"><skipped type="pytest.skip" message="No subsystems available in test data">/home/paul/CodeIntel/tests/serving/services/test_functions_delegates.py:391: No subsystems available in test data</skipped></testcase><testcase classname="tests.serving.mcp.test_mcp_function_tools" name="test_backend_get_callgraph_neighbors_not_found" time="2.668" /><testcase classname="tests.serving.services.test_functions_delegates" name="test_function_delegates_normalize_payloads_and_scope" time="1.147" /><testcase classname="tests.serving.services.test_functions_delegates" name="test_get_function_summary_with_urn" time="2.605"><skipped type="pytest.skip" message="No URNs available in test data">/home/paul/CodeIntel/tests/serving/services/test_functions_delegates.py:117: No URNs available in test data</skipped></testcase><testcase classname="tests.serving.mcp.test_mcp_profile_tools" name="test_register_profile_tools_with_service" time="2.551" /><testcase classname="tests.serving.mcp.test_mcp_profile_tools" name="test_backend_get_module_profile" time="2.633"><skipped type="pytest.skip" message="No functions available">/home/paul/CodeIntel/tests/serving/mcp/test_mcp_profile_tools.py:294: No functions available</skipped></testcase><testcase classname="tests.serving.mcp.test_mcp_backend_comprehensive" name="test_duckdb_backend_limits_attribute" time="2.676" /><testcase classname="tests.serving.services.test_functions_delegates" name="test_list_high_risk_functions_with_tested_only" time="2.743" /><testcase classname="tests.serving.mcp.test_mcp_profile_tools" name="test_backend_get_module_profile_not_found" time="2.677" /><testcase classname="tests.serving.mcp.test_mcp_server" name="test_create_mcp_server_with_custom_backend_factory" time="2.645" /><testcase classname="tests.serving.mcp.test_mcp_backend_comprehensive" name="test_duckdb_backend_read_dataset_rows" time="2.739" /><testcase classname="tests.serving.services.test_functions_delegates" name="test_http_function_mixin_clamp_short_circuits" time="0.001" /><testcase classname="tests.serving.services.test_functions_delegates" name="test_http_function_mixin_normalization_and_retry_metrics" time="0.001" /><testcase classname="tests.serving.mcp.test_mcp_function_tools" name="test_local_query_service_as_backend" time="2.719" /><testcase classname="tests.serving.mcp.test_mcp_function_tools" name="test_function_tools_serialize_unicode_summary" time="1.059" /><testcase classname="tests.serving.services.test_functions_delegates" name="test_get_callgraph_neighbors_direction_outgoing" time="2.732"><skipped type="pytest.skip" message="No goids available in test data">/home/paul/CodeIntel/tests/serving/services/test_functions_delegates.py:256: No goids available in test data</skipped></testcase><testcase classname="tests.serving.mcp.test_mcp_profile_tools" name="test_function_profile_response_structure" time="2.727"><skipped type="pytest.skip" message="No functions available">/home/paul/CodeIntel/tests/serving/mcp/test_mcp_profile_tools.py:486: No functions available</skipped></testcase><testcase classname="tests.serving.mcp.test_mcp_meta_tools" name="test_meta_tools_list_payloads_with_unicode" time="2.702" /><testcase classname="tests.serving.mcp.test_mcp_dataset_tools" name="test_register_dataset_tools_preserves_backend_state" time="2.766" /><testcase classname="tests.serving.backend.test_function_backend" name="test_get_function_architecture_not_found" time="8.252" /><testcase classname="tests.serving.mcp.test_mcp_function_tools" name="test_function_tools_log_problem_detail" time="1.065" /><testcase classname="tests.serving.backend.test_dataset_backend" name="test_backend_gateway_property" time="8.215" /><testcase classname="tests.serving.backend.test_function_backend" name="test_list_high_risk_functions_basic" time="8.245" /><testcase classname="tests.serving.services.test_functions_delegates" name="test_get_file_summary_returns_domain_result" time="2.740" /><testcase classname="tests.serving.services.test_functions_delegates" name="test_get_function_summary_with_rel_path_qualname" time="2.644"><skipped type="pytest.skip" message="No function metrics available">/home/paul/CodeIntel/tests/serving/services/test_functions_delegates.py:139: No function metrics available</skipped></testcase><testcase classname="tests.serving.backend.test_profile_backend" name="test_get_file_summary_with_scope" time="8.202" /><testcase classname="tests.serving.mcp.test_mcp_profile_tools" name="test_register_profile_tools_with_config" time="2.666" /><testcase classname="tests.serving.backend.test_function_backend" name="test_get_function_architecture_found" time="8.239" /><testcase classname="tests.serving.services.test_profiles_delegates" name="test_get_file_profile_not_found" time="2.639" /><testcase classname="tests.serving.backend.test_function_backend" name="test_get_callgraph_neighbors_both" time="8.277" /><testcase classname="tests.serving.backend.test_function_backend" name="test_get_callgraph_neighborhood_edge_without_data" time="8.266" /><testcase classname="tests.serving.mcp.test_mcp_backend_comprehensive" name="test_duckdb_backend_get_function_summary" time="2.644"><skipped type="pytest.skip" message="No goids available in test data">/home/paul/CodeIntel/tests/serving/mcp/test_mcp_backend_comprehensive.py:482: No goids available in test data</skipped></testcase><testcase classname="tests.serving.services.test_functions_delegates" name="test_list_high_risk_functions_with_limit" time="2.701" /><testcase classname="tests.serving.backend.test_dataset_backend" name="test_read_dataset_rows_with_custom_limits" time="8.394" /><testcase classname="tests.serving.backend.test_dataset_backend" name="test_dataset_specs_includes_schema_columns" time="8.373" /><testcase classname="tests.serving.backend.test_profile_backend" name="test_backend_modules_property" time="8.292" /><testcase classname="tests.serving.mcp.test_mcp_server" name="test_create_mcp_server_with_custom_tools_registration" time="3.489" /><testcase classname="tests.serving.backend.test_profile_backend" name="test_get_file_hints_empty_result" time="8.423" /><testcase classname="tests.serving.backend.test_function_backend" name="test_get_function_summary_qualname_without_rel_path_raises" time="8.448" /><testcase classname="tests.serving.mcp.test_mcp_profile_tools" name="test_backend_with_custom_limits" time="2.722" /><testcase classname="tests.serving.http.test_routes_subsystems" name="test_subsystem_detail_with_module_limit" time="8.366" /><testcase classname="tests.serving.backend.test_function_backend" name="test_get_callgraph_neighborhood_with_radius" time="8.428" /><testcase classname="tests.serving.mcp.test_mcp_backend_comprehensive" name="test_duckdb_backend_read_dataset_rows_nonexistent" time="2.678" /><testcase classname="tests.serving.services.test_profiles_delegates" name="test_get_function_profile_returns_domain_result" time="2.717"><skipped type="pytest.skip" message="No function profiles available in test data">/home/paul/CodeIntel/tests/serving/services/test_profiles_delegates.py:71: No function profiles available in test data</skipped></testcase><testcase classname="tests.serving.services.test_functions_delegates" name="test_get_tests_for_function_returns_domain_result" time="2.627"><skipped type="pytest.skip" message="No goids available in test data">/home/paul/CodeIntel/tests/serving/services/test_functions_delegates.py:278: No goids available in test data</skipped></testcase><testcase classname="tests.serving.services.test_services_datasets" name="test_read_dataset_rows_with_offset" time="2.744" /><testcase classname="tests.serving.mcp.test_mcp_profile_tools" name="test_file_profile_response_structure" time="2.746"><skipped type="pytest.skip" message="No functions available">/home/paul/CodeIntel/tests/serving/mcp/test_mcp_profile_tools.py:516: No functions available</skipped></testcase><testcase classname="tests.serving.mcp.test_mcp_meta_tools" name="test_explain_tools_return_edges_and_nodes" time="2.736" /><testcase classname="tests.serving.services.test_services_datasets" name="test_local_query_service_dataset_schema" time="2.660" /><testcase classname="tests.serving.mcp.test_mcp_profile_tools" name="test_register_profile_tools_on_multiple_servers" time="2.640" /><testcase classname="tests.serving.mcp.test_mcp_profile_tools" name="test_get_operation_profiles_function" time="0.001" /><testcase classname="tests.serving.services.test_functions_delegates" name="test_get_function_summary_not_found" time="2.751" /><testcase classname="tests.serving.services.test_profiles_delegates" name="test_get_module_profile_returns_domain_result" time="2.685"><skipped type="pytest.skip" message="No module profiles available in test data">/home/paul/CodeIntel/tests/serving/services/test_profiles_delegates.py:155: No module profiles available in test data</skipped></testcase><testcase classname="tests.serving.mcp.test_mcp_backend_comprehensive" name="test_duckdb_backend_get_file_hints" time="8.315" /><testcase classname="tests.serving.services.test_services_datasets" name="test_read_dataset_rows_with_zero_limit" time="2.969" /><testcase classname="tests.serving.services.test_services_datasets" name="test_local_dataset_mixin_with_explicit_tables" time="2.762" /><testcase classname="tests.serving.services.test_functions_delegates" name="test_get_callgraph_neighbors_returns_domain_result" time="2.773"><skipped type="pytest.skip" message="No goids available in test data">/home/paul/CodeIntel/tests/serving/services/test_functions_delegates.py:212: No goids available in test data</skipped></testcase><testcase classname="tests.serving.mcp.test_mcp_profile_tools" name="test_register_profile_tools_preserves_backend_state" time="2.797" /><testcase classname="tests.serving.mcp.test_mcp_backend_comprehensive" name="test_duckdb_backend_dataset_schema" time="2.865" /><testcase classname="tests.serving.services.test_profiles_delegates" name="test_get_function_profile_not_found" time="2.795" /><testcase classname="tests.serving.mcp.test_mcp_server" name="test_create_mcp_server_close_callback_callable" time="2.925" /><testcase classname="tests.serving.mcp.test_mcp_architecture_tools" name="test_backend_get_module_architecture_not_found" time="8.468" /><testcase classname="tests.serving.services.test_functions_delegates" name="test_get_tests_for_function_with_urn" time="2.855"><skipped type="pytest.skip" message="No URNs available in test data">/home/paul/CodeIntel/tests/serving/services/test_functions_delegates.py:300: No URNs available in test data</skipped></testcase><testcase classname="tests.serving.mcp.test_mcp_profile_tools" name="test_module_profile_response_structure" time="2.724"><skipped type="pytest.skip" message="No functions available">/home/paul/CodeIntel/tests/serving/mcp/test_mcp_profile_tools.py:546: No functions available</skipped></testcase><testcase classname="tests.serving.mcp.test_mcp_meta_tools" name="test_unknown_ids_return_problem_detail_and_log_warning" time="2.777" /><testcase classname="tests.serving.services.test_services_datasets" name="test_read_dataset_rows_with_limit_and_offset" time="2.846" /><testcase classname="tests.serving.services.test_services_datasets" name="test_local_query_service_read_dataset_rows_nonexistent" time="2.731" /><testcase classname="tests.serving.services.test_services_functions" name="test_get_function_summary_no_params_returns_error" time="2.940" /><testcase classname="tests.serving.services.test_functions_delegates" name="test_get_callgraph_neighbors_with_limit" time="2.925"><skipped type="pytest.skip" message="No goids available in test data">/home/paul/CodeIntel/tests/serving/services/test_functions_delegates.py:457: No goids available in test data</skipped></testcase><testcase classname="tests.serving.http.test_routes_subsystems" name="test_list_subsystems_with_query_filter" time="8.589" /><testcase classname="tests.serving.services.test_profiles_delegates" name="test_get_module_profile_not_found" time="2.959" /><testcase classname="tests.serving.services.test_services_datasets" name="test_dataset_descriptors_have_name" time="2.841" /><testcase classname="tests.serving.services.test_services_datasets" name="test_read_dataset_rows_with_large_offset" time="2.941" /><testcase classname="tests.serving.services.test_functions_delegates" name="test_get_callgraph_neighbors_direction_incoming" time="2.862"><skipped type="pytest.skip" message="No goids available in test data">/home/paul/CodeIntel/tests/serving/services/test_functions_delegates.py:234: No goids available in test data</skipped></testcase><testcase classname="tests.serving.mcp.test_mcp_profile_tools" name="test_local_query_service_as_backend" time="2.746" /><testcase classname="tests.serving.mcp.test_mcp_backend_comprehensive" name="test_duckdb_backend_dataset_schema_nonexistent" time="2.850" /><testcase classname="tests.serving.services.test_profiles_delegates" name="test_get_file_profile_returns_domain_result" time="2.814" /><testcase classname="tests.serving.mcp.test_mcp_server" name="test_create_mcp_server_default_tools_registered" time="4.025" /><testcase classname="tests.serving.services.test_functions_delegates" name="test_get_callgraph_neighborhood_returns_domain_result" time="2.966"><skipped type="pytest.skip" message="No goids available in test data">/home/paul/CodeIntel/tests/serving/services/test_functions_delegates.py:322: No goids available in test data</skipped></testcase><testcase classname="tests.serving.mcp.test_mcp_registry" name="test_register_tools_with_backend" time="3.031" /><testcase classname="tests.serving.services.test_profiles_delegates" name="test_get_module_architecture_not_found" time="3.072" /><testcase classname="tests.serving.services.test_services_datasets" name="test_dataset_specs_structure" time="3.007" /><testcase classname="tests.serving.services.test_services_datasets" name="test_read_dataset_rows_nonexistent_dataset" time="3.015" /><testcase classname="tests.serving.backend.test_function_backend" name="test_backend_con_property" time="8.472" /><testcase classname="tests.serving.services.test_services_datasets" name="test_local_query_service_dataset_schema_nonexistent" time="2.847" /><testcase classname="tests.serving.backend.test_dataset_backend" name="test_backend_con_property" time="8.590" /><testcase classname="tests.serving.backend.test_function_backend" name="test_list_high_risk_functions_with_min_risk" time="8.555" /><testcase classname="tests.serving.backend.test_profile_backend" name="test_get_module_profile_not_found" time="8.512" /><testcase classname="tests.serving.services.test_functions_delegates" name="test_get_tests_for_function_with_limit" time="2.940"><skipped type="pytest.skip" message="No goids available in test data">/home/paul/CodeIntel/tests/serving/services/test_functions_delegates.py:480: No goids available in test data</skipped></testcase><testcase classname="tests.serving.backend.test_function_backend" name="test_list_high_risk_functions_normalizes_rows" time="8.486" /><testcase classname="tests.serving.services.test_services_functions" name="test_list_high_risk_functions_default" time="3.133" /><testcase classname="tests.serving.services.test_profiles_delegates" name="test_get_function_architecture_returns_domain_result" time="2.886"><skipped type="pytest.skip" message="No function architecture data available">/home/paul/CodeIntel/tests/serving/services/test_profiles_delegates.py:197: No function architecture data available</skipped></testcase><testcase classname="tests.serving.services.test_services_datasets" name="test_dataset_schema_nonexistent_dataset" time="3.042" /><testcase classname="tests.serving.backend.test_function_backend" name="test_get_callgraph_neighbors_with_limit" time="8.724" /><testcase classname="tests.serving.backend.test_function_backend" name="test_get_callgraph_neighborhood_multiple_nodes_truncated" time="8.684" /><testcase classname="tests.serving.services.test_services_datasets" name="test_dataset_descriptors_have_table" time="2.914" /><testcase classname="tests.serving.services.test_services_functions" name="test_get_callgraph_neighborhood_radius_one" time="2.907"><skipped type="pytest.skip" message="No goids available in test data">/home/paul/CodeIntel/tests/serving/services/test_services_functions.py:448: No goids available in test data</skipped></testcase><testcase classname="tests.serving.services.test_services_datasets" name="test_read_dataset_rows_with_negative_limit" time="2.988" /><testcase classname="tests.serving.services.test_services_functions" name="test_get_import_boundary_nonexistent_subsystem" time="3.000" /><testcase classname="tests.serving.backend.test_profile_backend" name="test_backend_subsystems_property" time="8.613" /><testcase classname="tests.serving.backend.test_dataset_backend" name="test_dataset_schema_includes_columns" time="8.695" /><testcase classname="tests.serving.backend.test_subsystem_backend" name="test_list_subsystems_respects_backend_limits" time="8.556" /><testcase classname="tests.serving.backend.test_dataset_backend" name="test_dataset_specs_includes_capabilities" time="8.716" /><testcase classname="tests.serving.backend.test_function_backend" name="test_get_function_summary_with_scope_parameter" time="8.667" /><testcase classname="tests.serving.backend.test_function_backend" name="test_get_import_boundary_subsystem_not_found" time="8.611" /><testcase classname="tests.serving.http.test_routes_subsystems" name="test_subsystem_detail_nonexistent" time="8.701" /><testcase classname="tests.serving.mcp.test_mcp_backend_comprehensive" name="test_build_backend_resource_local_db_mode" time="3.849" /><testcase classname="tests.serving.services.test_services_functions" name="test_get_file_summary_nonexistent_file" time="2.990" /><testcase classname="tests.serving.services.test_functions_delegates" name="test_get_callgraph_neighborhood_with_max_nodes" time="2.975"><skipped type="pytest.skip" message="No goids available in test data">/home/paul/CodeIntel/tests/serving/services/test_functions_delegates.py:344: No goids available in test data</skipped></testcase><testcase classname="tests.serving.services.test_services_datasets" name="test_list_datasets_returns_list" time="2.912" /><testcase classname="tests.serving.mcp.test_mcp_registry" name="test_register_tools_with_service" time="2.888" /><testcase classname="tests.serving.services.test_services_datasets" name="test_read_dataset_rows_returns_domain_model" time="2.873" /><testcase classname="tests.serving.services.test_services_datasets" name="test_dataset_schema_with_valid_dataset" time="3.039" /><testcase classname="tests.serving.services.test_services_datasets" name="test_dataset_rows_response_structure" time="2.841" /><testcase classname="tests.serving.services.test_functions_delegates" name="test_get_import_boundary_nonexistent_subsystem" time="2.891" /><testcase classname="tests.serving.services.test_services_functions" name="test_local_query_service_get_callgraph_neighborhood" time="2.972"><skipped type="pytest.skip" message="No goids available in test data">/home/paul/CodeIntel/tests/serving/services/test_services_functions.py:833: No goids available in test data</skipped></testcase><testcase classname="tests.serving.services.test_profiles_delegates" name="test_get_function_architecture_not_found" time="2.946" /><testcase classname="tests.serving.services.test_services_functions" name="test_list_high_risk_functions_with_low_min_risk" time="2.984" /><testcase classname="tests.serving.services.test_services_datasets" name="test_dataset_specs_returns_list" time="2.972" /><testcase classname="tests.serving.mcp.test_mcp_backend_comprehensive" name="test_duckdb_backend_get_subsystem_modules" time="8.570"><skipped type="pytest.skip" message="No subsystems available in test data">/home/paul/CodeIntel/tests/serving/mcp/test_mcp_backend_comprehensive.py:1032: No subsystems available in test data</skipped></testcase><testcase classname="tests.serving.services.test_services_datasets" name="test_dataset_descriptors_have_docs_view_flag" time="2.770" /><testcase classname="tests.serving.services.test_services_functions" name="test_get_callgraph_neighborhood_radius_two" time="3.025"><skipped type="pytest.skip" message="No goids available in test data">/home/paul/CodeIntel/tests/serving/services/test_services_functions.py:477: No goids available in test data</skipped></testcase><testcase classname="tests.serving.services.test_services_datasets" name="test_read_dataset_rows_with_negative_offset" time="2.950" /><testcase classname="tests.serving.services.test_services_functions" name="test_get_tests_for_function_with_goid_h128" time="2.966"><skipped type="pytest.skip" message="No goids available in test data">/home/paul/CodeIntel/tests/serving/services/test_services_functions.py:617: No goids available in test data</skipped></testcase><testcase classname="tests.serving.services.test_services_functions" name="test_get_file_summary_missing_param" time="2.959" /><testcase classname="tests.serving.services.test_services_functions" name="test_callgraph_neighborhood_missing_goid_h128" time="3.055" /><testcase classname="tests.serving.services.test_functions_delegates" name="test_get_import_boundary_returns_domain_result" time="3.024"><skipped type="pytest.skip" message="No subsystems available in test data">/home/paul/CodeIntel/tests/serving/services/test_functions_delegates.py:369: No subsystems available in test data</skipped></testcase><testcase classname="tests.serving.test_auto_pipeline" name="test_auto_pipeline_enabled_with_truthy_values[yes]" time="0.001" /><testcase classname="tests.serving.test_auto_pipeline" name="test_auto_pipeline_enabled_with_truthy_values[Yes]" time="0.001" /><testcase classname="tests.serving.test_auto_pipeline" name="test_auto_pipeline_enabled_with_truthy_values[YES]" time="0.001" /><testcase classname="tests.serving.test_auto_pipeline" name="test_auto_pipeline_enabled_with_truthy_values[on]" time="0.001" /><testcase classname="tests.serving.services.test_services_datasets" name="test_list_datasets_contains_expected_fields" time="3.039" /><testcase classname="tests.serving.services.test_services_datasets" name="test_dataset_schema_returns_domain_model" time="3.023" /><testcase classname="tests.serving.mcp.test_mcp_registry" name="test_register_tools_with_config" time="3.052" /><testcase classname="tests.serving.test_auto_pipeline" name="test_auto_pipeline_enabled_with_truthy_values[On]" time="0.001" /><testcase classname="tests.serving.test_auto_pipeline" name="test_auto_pipeline_enabled_with_truthy_values[ON]" time="0.001" /><testcase classname="tests.serving.test_auto_pipeline" name="test_auto_pipeline_disabled_with_falsy_values[0]" time="0.001" /><testcase classname="tests.serving.test_auto_pipeline" name="test_should_run_auto_pipeline_returns_false_without_gateway" time="0.002" /><testcase classname="tests.serving.services.test_services_datasets" name="test_dataset_schema_response_structure" time="3.055" /><testcase classname="tests.serving.services.test_services_datasets" name="test_dataset_schema_with_sample_limit" time="3.077" /><testcase classname="tests.serving.test_auto_pipeline" name="test_auto_pipeline_disabled_with_falsy_values[false]" time="0.001" /><testcase classname="tests.serving.test_auto_pipeline" name="test_auto_pipeline_disabled_with_falsy_values[False]" time="0.001" /><testcase classname="tests.serving.test_auto_pipeline" name="test_auto_pipeline_disabled_with_falsy_values[no]" time="0.002" /><testcase classname="tests.serving.test_auto_pipeline" name="test_auto_pipeline_disabled_with_falsy_values[No]" time="0.001" /><testcase classname="tests.serving.test_auto_pipeline" name="test_auto_pipeline_disabled_with_falsy_values[off]" time="0.001" /><testcase classname="tests.serving.test_auto_pipeline" name="test_auto_pipeline_disabled_with_falsy_values[Off]" time="0.003" /><testcase classname="tests.serving.test_auto_pipeline" name="test_ensure_prereqs_for_http_skips_without_gateway" time="0.001" /><testcase classname="tests.serving.test_auto_pipeline" name="test_ensure_prereqs_for_mcp_skips_without_gateway" time="0.001" /><testcase classname="tests.serving.test_auto_pipeline" name="test_build_paths_with_default_repo_root_uses_cwd" time="0.001" /><testcase classname="tests.serving.test_auto_pipeline" name="test_build_paths_with_none_db_path" time="0.002" /><testcase classname="tests.serving.test_auto_pipeline" name="test_build_paths_result_has_required_attributes" time="0.001" /><testcase classname="tests.serving.services.test_services_profiles" name="test_local_query_service_get_function_profile" time="2.985"><skipped type="pytest.skip" message="No goids available in test data">/home/paul/CodeIntel/tests/serving/services/test_services_profiles.py:487: No goids available in test data</skipped></testcase><testcase classname="tests.serving.services.test_services_functions" name="test_local_query_service_get_file_summary" time="3.075" /><testcase classname="tests.serving.services.test_profiles_delegates" name="test_get_module_architecture_returns_domain_result" time="3.016"><skipped type="pytest.skip" message="No module architecture data available">/home/paul/CodeIntel/tests/serving/services/test_profiles_delegates.py:240: No module architecture data available</skipped></testcase><testcase classname="tests.serving.test_auto_pipeline" name="test_auto_pipeline_disabled_with_falsy_values[]" time="0.001" /><testcase classname="tests.serving.test_auto_pipeline" name="test_auto_pipeline_disabled_with_falsy_values[  ]" time="0.001" /><testcase classname="tests.serving.services.test_services_functions" name="test_list_high_risk_functions_with_high_min_risk" time="3.036" /><testcase classname="tests.serving.test_auto_pipeline" name="test_build_paths_with_defaults" time="0.002" /><testcase classname="tests.serving.services.test_services_datasets" name="test_local_query_service_list_datasets" time="3.263" /><testcase classname="tests.serving.services.test_services_functions" name="test_list_high_risk_functions_with_limit" time="3.265" /><testcase classname="tests.serving.services.test_services_datasets" name="test_dataset_descriptors_have_read_only_flag" time="3.256" /><testcase classname="tests.serving.test_auto_pipeline" name="test_build_paths_with_default_repo_root" time="0.001" /><testcase classname="tests.serving.services.test_services_functions" name="test_get_callgraph_neighborhood_with_max_nodes" time="3.099"><skipped type="pytest.skip" message="No goids available in test data">/home/paul/CodeIntel/tests/serving/services/test_services_functions.py:503: No goids available in test data</skipped></testcase><testcase classname="tests.serving.services.test_services_functions" name="test_get_tests_for_function_with_limit" time="3.052"><skipped type="pytest.skip" message="No goids available in test data">/home/paul/CodeIntel/tests/serving/services/test_services_functions.py:645: No goids available in test data</skipped></testcase><testcase classname="tests.serving.services.test_services_datasets" name="test_local_dataset_mixin_uses_query_gateway" time="3.109" /><testcase classname="tests.serving.test_auto_pipeline" name="test_has_successful_prereq_run_returns_false_for_other_kinds" time="1.925" /><testcase classname="tests.serving.services.test_services_functions" name="test_local_query_service_get_function_summary" time="2.977"><skipped type="pytest.skip" message="No goids available in test data">/home/paul/CodeIntel/tests/serving/services/test_services_functions.py:766: No goids available in test data</skipped></testcase><testcase classname="tests.serving.test_auto_pipeline" name="test_should_run_auto_pipeline_returns_true_with_valid_config" time="2.061" /><testcase classname="tests.serving.test_auto_pipeline" name="test_ensure_prereqs_for_mcp_skips_for_non_local_mode" time="1.946" /><testcase classname="tests.serving.test_auto_pipeline" name="test_has_successful_prereq_run_returns_false_for_running_status" time="1.968" /><testcase classname="tests.serving.test_auto_pipeline" name="test_should_run_auto_pipeline_empty_reason_when_enabled" time="2.092" /><testcase classname="tests.serving.backend.test_function_backend" name="test_backend_functions_property" time="8.758" /><testcase classname="tests.serving.services.test_services_functions" name="test_import_boundary_missing_subsystem_id" time="3.382" /><testcase classname="tests.serving.services.test_services_functions" name="test_http_transport_records_errors_and_retries" time="0.002" /><testcase classname="tests.serving.services.test_services_functions" name="test_base_function_queries_executes_and_records_dataset" time="1.496" /><testcase classname="tests.serving.backend.test_dataset_backend" name="test_dataset_schema_columns_have_properties" time="8.732" /><testcase classname="tests.serving.services.test_services_functions" name="test_get_function_summary_with_goid_h128" time="3.221"><skipped type="pytest.skip" message="No goids available in test data">/home/paul/CodeIntel/tests/serving/services/test_services_functions.py:158: No goids available in test data</skipped></testcase><testcase classname="tests.serving.backend.test_function_backend" name="test_list_high_risk_functions_with_limit" time="8.695" /><testcase classname="tests.serving.services.test_services_datasets" name="test_list_datasets_not_empty" time="3.363" /><testcase classname="tests.serving.backend.test_function_backend" name="test_list_high_risk_functions_with_scope" time="8.569" /><testcase classname="tests.serving.test_auto_pipeline" name="test_has_successful_prereq_run_returns_true_when_matching_run_exists" time="2.047" /><testcase classname="tests.serving.backend.test_profile_backend" name="test_get_module_profile_success" time="8.851" /><testcase classname="tests.serving.test_auto_pipeline" name="test_has_successful_prereq_run_returns_false_when_commit_mismatch" time="2.204" /><testcase classname="tests.serving.services.test_services_profiles" name="test_local_query_service_get_file_profile" time="3.261" /><testcase classname="tests.serving.backend.test_function_backend" name="test_get_import_boundary_with_incoming_edges" time="8.795" /><testcase classname="tests.serving.services.test_services_functions" name="test_local_query_service_get_tests_for_function" time="3.294"><skipped type="pytest.skip" message="No goids available in test data">/home/paul/CodeIntel/tests/serving/services/test_services_functions.py:887: No goids available in test data</skipped></testcase><testcase classname="tests.serving.backend.test_function_backend" name="test_get_tests_for_function_not_found" time="8.985" /><testcase classname="tests.serving.test_auto_pipeline" name="test_ensure_prereqs_for_mcp_skips_when_disabled" time="2.100" /><testcase classname="tests.serving.backend.test_profile_backend" name="test_get_file_profile_not_found" time="8.726" /><testcase classname="tests.serving.services.test_services_functions" name="test_list_high_risk_functions_tested_only_true" time="3.458" /><testcase classname="tests.serving.test_auto_pipeline" name="test_should_run_auto_pipeline_returns_false_for_remote_mode" time="2.413" /><testcase classname="tests.serving.services.test_services_subsystems" name="test_subsystem_delegate_normalization_variants" time="1.448" /><testcase classname="tests.serving.test_auto_pipeline" name="test_ensure_prereqs_for_http_skips_when_disabled" time="2.202" /><testcase classname="tests.serving.backend.test_subsystem_backend" name="test_get_module_subsystems_returns_memberships" time="8.912" /><testcase classname="tests.serving.backend.test_dataset_backend" name="test_dataset_schema_includes_samples" time="9.004" /><testcase classname="tests.serving.test_auto_pipeline" name="test_has_successful_prereq_run_returns_false_for_repo_mismatch" time="2.190" /><testcase classname="tests.serving.backend.test_function_backend" name="test_get_tests_for_function_by_urn_found" time="8.922" /><testcase classname="tests.serving.backend.test_dataset_backend" name="test_read_dataset_rows_success" time="9.025" /><testcase classname="tests.serving.services.test_services_functions" name="test_base_subsystem_queries_executes_and_records_dataset" time="1.908" /><testcase classname="tests.serving.backend.test_function_backend" name="test_get_import_boundary_basic" time="9.044" /><testcase classname="tests.serving.http.test_routes_subsystems" name="test_subsystem_profiles_endpoint" time="9.077" /><testcase classname="tests.serving.services.test_services_functions" name="test_get_import_boundary_with_subsystem_id" time="3.349"><skipped type="pytest.skip" message="No subsystem assignments available in test data">/home/paul/CodeIntel/tests/serving/services/test_services_functions.py:539: No subsystem assignments available in test data</skipped></testcase><testcase classname="tests.serving.test_auto_pipeline" name="test_auto_pipeline_enabled_with_truthy_values[1]" time="0.003" /><testcase classname="tests.serving.test_auto_pipeline" name="test_auto_pipeline_enabled_with_truthy_values[true]" time="0.001" /><testcase classname="tests.serving.test_auto_pipeline" name="test_auto_pipeline_enabled_with_truthy_values[True]" time="0.005" /><testcase classname="tests.serving.test_auto_pipeline" name="test_auto_pipeline_enabled_with_truthy_values[TRUE]" time="0.001" /><testcase classname="tests.serving.services.test_services_functions" name="test_get_callgraph_neighbors_direction_both" time="3.616"><skipped type="pytest.skip" message="No goids available in test data">/home/paul/CodeIntel/tests/serving/services/test_services_functions.py:337: No goids available in test data</skipped></testcase><testcase classname="tests.serving.services.test_services_datasets" name="test_local_query_service_dataset_specs" time="3.752" /><testcase classname="tests.serving.services.test_services_functions" name="test_get_tests_for_function_no_params_returns_error" time="3.721" /><testcase classname="tests.serving.test_auto_pipeline" name="test_wrap_tool_preserves_function_metadata" time="2.272" /><testcase classname="tests.serving.test_auto_pipeline" name="test_has_successful_prereq_run_returns_false_when_no_runs" time="2.079" /><testcase classname="tests.serving.services.test_services_functions" name="test_local_query_service_list_high_risk_functions" time="3.643" /><testcase classname="tests.serving.services.test_services_subsystems" name="test_http_subsystem_mixin_clamp_and_problem_fallback" time="0.001" /><testcase classname="tests.serving.services.test_services_subsystems" name="test_http_subsystem_mixin_normalization_paths" time="0.001" /><testcase classname="tests.serving.services.test_services_functions" name="test_local_transport_records_context_and_dataset" time="1.900" /><testcase classname="tests.serving.test_auto_pipeline" name="test_has_successful_prereq_run_multiple_runs_finds_matching" time="1.960" /><testcase classname="tests.serving.test_auto_pipeline" name="test_wrap_tool_logs_debug_message" time="2.425" /><testcase classname="tests.serving.test_auto_pipeline" name="test_has_successful_prereq_run_returns_false_when_status_not_succeeded" time="2.861" /><testcase classname="tests.serving.test_auto_pipeline" name="test_wrap_tool_returns_original_result" time="2.652" /><testcase classname="tests.serving.test_auto_pipeline" name="test_operation_prereqs_satisfied_falls_back_to_run_check" time="2.167" /><testcase classname="tests.serving.services.test_services_datasets" name="test_read_dataset_rows_with_valid_dataset" time="3.809" /><testcase classname="tests.serving.services.test_services_profiles" name="test_get_function_profile_with_goid_h128" time="4.154"><skipped type="pytest.skip" message="No goids available in test data">/home/paul/CodeIntel/tests/serving/services/test_services_profiles.py:144: No goids available in test data</skipped></testcase><testcase classname="tests.serving.test_auto_pipeline" name="test_ensure_prereqs_for_http_skips_for_non_local_mode" time="2.913" /><testcase classname="tests.serving.services.test_services_functions" name="test_get_function_summary_with_rel_path_and_qualname" time="4.199" /><testcase classname="tests.serving.services.test_services_profiles" name="test_get_module_profile_missing_module" time="4.150" /><testcase classname="tests.serving.test_auto_pipeline" name="test_should_run_auto_pipeline_returns_false_when_disabled" time="3.103" /><testcase classname="tests.serving.test_auto_pipeline" name="test_ensure_prereqs_for_http_skips_with_op_prereqs_run" time="1.912" /><testcase classname="tests.serving.services.test_services_profiles" name="test_get_file_profile_with_rel_path" time="4.482" /><testcase classname="tests.serving.services.test_services_profiles" name="test_function_architecture_response_structure" time="3.652"><skipped type="pytest.skip" message="No goids available in test data">/home/paul/CodeIntel/tests/serving/services/test_services_profiles.py:712: No goids available in test data</skipped></testcase><testcase classname="tests.serving.services.test_services_profiles" name="test_local_query_service_get_module_architecture" time="4.588" /><testcase classname="tests.serving.services.test_services_profiles" name="test_get_function_architecture_invalid_goid_h128" time="4.561" /><testcase classname="tests.serving.test_auto_pipeline" name="test_wrap_tool_passes_kwargs_to_original" time="2.917" /><testcase classname="tests.serving.test_bootstrap" name="test_dataset_registry_options_defaults" time="0.000" /><testcase classname="tests.serving.test_bootstrap" name="test_dataset_registry_options_custom" time="0.000" /><testcase classname="tests.serving.test_bootstrap" name="test_build_service_from_config_remote_api_missing_request" time="0.001" /><testcase classname="tests.serving.services.test_subsystems_delegates" name="test_list_subsystems_with_limit" time="3.725" /><testcase classname="tests.serving.services.test_subsystems_delegates" name="test_get_module_subsystems_not_found" time="3.825" /><testcase classname="tests.serving.test_bootstrap" name="test_service_observability_directly" time="0.001" /><testcase classname="tests.serving.test_bootstrap" name="test_service_observability_disabled" time="0.002" /><testcase classname="tests.serving.test_auto_pipeline" name="test_should_run_auto_pipeline_returns_correct_gateway_reference" time="1.887" /><testcase classname="tests.serving.services.test_services_profiles" name="test_local_query_service_get_module_profile" time="4.565" /><testcase classname="tests.serving.services.test_services_functions" name="test_high_risk_functions_with_all_params" time="4.567" /><testcase classname="tests.serving.services.test_services_functions" name="test_get_callgraph_neighbors_direction_in" time="3.889"><skipped type="pytest.skip" message="No goids available in test data">/home/paul/CodeIntel/tests/serving/services/test_services_functions.py:365: No goids available in test data</skipped></testcase><testcase classname="tests.serving.services.test_subsystems_delegates" name="test_get_subsystem_modules_with_limit" time="4.186"><skipped type="pytest.skip" message="No subsystems available in test data">/home/paul/CodeIntel/tests/serving/services/test_subsystems_delegates.py:221: No subsystems available in test data</skipped></testcase><testcase classname="tests.serving.services.test_services_datasets" name="test_local_query_service_read_dataset_rows" time="3.934" /><testcase classname="tests.serving.test_auto_pipeline" name="test_has_successful_prereq_run_returns_true_for_op_prereqs_kind" time="2.406" /><testcase classname="tests.serving.test_auto_pipeline" name="test_ensure_prereqs_for_mcp_skips_when_prior_run_exists" time="2.510" /><testcase classname="tests.serving.services.test_subsystems_delegates" name="test_search_subsystems_with_role" time="4.657" /><testcase classname="tests.serving.test_auto_pipeline" name="test_wrap_tool_executes_with_auto_pipeline_disabled" time="2.313" /><testcase classname="tests.serving.test_auto_pipeline" name="test_dataset_has_rows_for_snapshot_returns_true_when_data_present" time="2.008" /><testcase classname="tests.serving.services.test_services_functions" name="test_get_import_boundary_with_max_edges" time="4.530"><skipped type="pytest.skip" message="No subsystem assignments available in test data">/home/paul/CodeIntel/tests/serving/services/test_services_functions.py:568: No subsystem assignments available in test data</skipped></testcase><testcase classname="tests.serving.services.test_subsystems_delegates" name="test_list_subsystem_profiles_with_limit" time="4.652" /><testcase classname="tests.serving.services.test_services_functions" name="test_local_query_service_get_callgraph_neighbors" time="3.924"><skipped type="pytest.skip" message="No goids available in test data">/home/paul/CodeIntel/tests/serving/services/test_services_functions.py:808: No goids available in test data</skipped></testcase><testcase classname="tests.serving.test_bootstrap" name="test_bootstrap_options_defaults" time="0.002" /><testcase classname="tests.serving.test_bootstrap" name="test_bootstrap_options_custom" time="0.001" /><testcase classname="tests.serving.test_context" name="test_request_context_with_snapshot_and_graph_scope" time="0.001" /><testcase classname="tests.serving.test_context" name="test_context_isolation_across_threads" time="0.017" /><testcase classname="tests.serving.test_auto_pipeline" name="test_ensure_prereqs_for_mcp_does_not_skip_for_failed_run" time="2.109" /><testcase classname="tests.serving.test_context" name="test_context_not_visible_in_other_thread" time="0.003" /><testcase classname="tests.serving.test_context" name="test_context_propagation_in_async_task" time="0.002" /><testcase classname="tests.serving.test_context" name="test_context_isolation_across_async_tasks" time="0.012" /><testcase classname="tests.serving.test_context" name="test_nested_context_stacking" time="0.001" /><testcase classname="tests.serving.test_context" name="test_context_manager_pattern" time="0.001" /><testcase classname="tests.serving.test_context" name="test_all_transport_types" time="0.001" /><testcase classname="tests.serving.test_dataset_specs" name="test_dataset_specs_include_contract_fields" time="2.500" /><testcase classname="tests.serving.test_auto_pipeline" name="test_ensure_prereqs_for_http_does_not_skip_for_failed_run" time="2.410" /><testcase classname="tests.serving.test_auto_pipeline" name="test_build_prereq_debug_info_returns_complete_info" time="2.869" /><testcase classname="tests.serving.services.test_services_functions" name="test_get_file_summary_with_rel_path" time="4.818" /><testcase classname="tests.serving.test_bootstrap" name="test_service_build_options_defaults" time="0.001" /><testcase classname="tests.serving.test_bootstrap" name="test_service_build_options_with_observability" time="0.002" /><testcase classname="tests.serving.test_datasets_backend" name="test_build_dataset_registry_excludes_docs_views_when_requested" time="0.001" /><testcase classname="tests.serving.test_datasets_backend" name="test_build_dataset_registry_values_are_table_keys" time="0.001" /><testcase classname="tests.serving.test_datasets_backend" name="test_build_dataset_registry_is_deterministic" time="0.000" /><testcase classname="tests.serving.test_datasets_backend" name="test_build_dataset_registry_sorted_by_table_key" time="0.001" /><testcase classname="tests.serving.test_datasets_backend" name="test_build_dataset_registry_exclude_reduces_count" time="0.001" /><testcase classname="tests.serving.test_datasets_backend" name="test_build_dataset_registry_contains_all_non_view_datasets" time="0.001" /><testcase classname="tests.serving.test_datasets_backend" name="test_build_registry_and_limits_returns_tuple" time="0.001" /><testcase classname="tests.serving.test_datasets_backend" name="test_build_registry_and_limits_uses_config_values" time="0.001" /><testcase classname="tests.serving.test_datasets_backend" name="test_build_registry_and_limits_respects_include_docs_views" time="0.001" /><testcase classname="tests.serving.test_datasets_backend" name="test_build_registry_and_limits_registry_matches_standalone" time="0.001" /><testcase classname="tes
[...]
name="test_wrap_serializes_mcp_error_to_problem_detail_payload" time="0.002" /><testcase classname="tests.serving.test_query_service_scope" name="test_local_query_service_parses_graph_scope" time="2.832" /><testcase classname="tests.serving.services.test_services_profiles" name="test_function_profile_response_structure" time="3.780"><skipped type="pytest.skip" message="No goids available in test data">/home/paul/CodeIntel/tests/serving/services/test_services_profiles.py:625: No goids available in test data</skipped></testcase><testcase classname="tests.serving.test_auto_pipeline" name="test_ensure_prereqs_for_mcp_skips_with_op_prereqs_run" time="2.647" /><testcase classname="tests.serving.services.test_services_profiles" name="test_get_module_profile_nonexistent_module" time="4.418" /><testcase classname="tests.serving.test_auto_pipeline" name="test_dataset_has_rows_for_snapshot_returns_false_when_empty" time="2.428" /><testcase classname="tests.serving.test_context" name="test_request_context_default_is_none" time="0.005" /><testcase classname="tests.serving.test_context" name="test_set_and_get_request_context" time="0.005" /><testcase classname="tests.serving.test_registry" name="test_iter_registry_operations_includes_datasets_rows" time="0.001" /><testcase classname="tests.serving.test_registry" name="test_iter_registry_operations_patched_datasets_match_contracts" time="0.001" /><testcase classname="tests.serving.test_registry" name="test_get_registry_operation_found" time="0.001" /><testcase classname="tests.serving.test_registry" name="test_get_registry_operation_not_found" time="0.003" /><testcase classname="tests.serving.test_registry" name="test_get_registry_operation_datasets_rows" time="0.001" /><testcase classname="tests.serving.test_registry" name="test_iter_operation_nodes_returns_list" time="0.002" /><testcase classname="tests.serving.test_registry" name="test_iter_operation_nodes_all_dataflow_nodes" time="0.001" /><testcase classname="tests.serving.test_registry" name="test_iter_operation_nodes_have_operation_kind" time="0.001" /><testcase classname="tests.serving.services.test_services_profiles" name="test_get_file_profile_missing_rel_path" time="4.189" /><testcase classname="tests.serving.test_registry" name="test_iter_operation_nodes_have_serving_family" time="0.002" /><testcase classname="tests.serving.test_auto_pipeline" name="test_ensure_prereqs_for_mcp_does_not_skip_for_different_commit" time="2.313" /><testcase classname="tests.serving.test_registry" name="test_iter_operation_nodes_match_operations" time="0.001" /><testcase classname="tests.serving.test_registry" name="test_iter_graph_nodes_returns_list" time="0.001" /><testcase classname="tests.serving.test_registry" name="test_iter_graph_nodes_all_dataflow_nodes" time="0.000" /><testcase classname="tests.serving.test_registry" name="test_iter_graph_nodes_have_graph_kind" time="0.001" /><testcase classname="tests.serving.test_registry" name="test_iter_graph_nodes_have_graph_prefix_ids" time="0.001" /><testcase classname="tests.serving.test_registry" name="test_iter_graph_nodes_derive_from_operations" time="0.001" /><testcase classname="tests.serving.test_registry" name="test_iter_operation_dataset_edges_returns_list" time="0.002" /><testcase classname="tests.serving.test_registry" name="test_iter_operation_dataset_edges_all_dataflow_edges" time="0.001" /><testcase classname="tests.serving.test_registry" name="test_iter_operation_dataset_edges_have_valid_types" time="0.001" /><testcase classname="tests.serving.test_registry" name="test_iter_operation_graph_edges_returns_list" time="0.001" /><testcase classname="tests.serving.test_registry" name="test_iter_operation_graph_edges_all_dataflow_edges" time="0.001" /><testcase classname="tests.serving.test_registry" name="test_iter_operation_graph_edges_have_depends_on_type" time="0.002" /><testcase classname="tests.serving.test_registry" name="test_iter_operation_graph_edges_src_are_graph_nodes" time="0.001" /><testcase classname="tests.serving.test_registry" name="test_iter_operation_graph_edges_dst_are_operations" time="0.005" /><testcase classname="tests.serving.test_auto_pipeline" name="test_wrap_tool_with_local_db_mode_disabled" time="2.559" /><testcase classname="tests.serving.test_registry" name="test_build_serving_dataflow_graph_returns_tuple" time="0.004" /><testcase classname="tests.serving.test_registry" name="test_build_serving_dataflow_graph_nodes_list" time="0.002" /><testcase classname="tests.serving.test_registry" name="test_build_serving_dataflow_graph_edges_list" time="0.002" /><testcase classname="tests.serving.test_context" name="test_reset_request_context_restores_previous" time="0.001" /><testcase classname="tests.serving.test_registry" name="test_build_serving_dataflow_graph_includes_operations" time="0.002" /><testcase classname="tests.serving.test_registry" name="test_build_serving_dataflow_graph_edges_deduplicated" time="0.001" /><testcase classname="tests.serving.test_context" name="test_request_context_with_optional_fields" time="0.001" /><testcase classname="tests.serving.test_registry" name="test_build_serving_dataflow_graph_nodes_deduplicated" time="0.003" /><testcase classname="tests.serving.test_registry" name="test_build_serving_dataflow_graph_includes_datasets" time="0.002" /><testcase classname="tests.serving.test_registry" name="test_dataset_meta_optional_fields" time="0.003" /><testcase classname="tests.serving.test_registry" name="test_dataset_meta_construction" time="0.002" /><testcase classname="tests.serving.test_registry" name="test_dataset_meta_with_all_optional_fields" time="0.002" /><testcase classname="tests.serving.test_registry" name="test_dataset_meta_is_frozen" time="0.006" /><testcase classname="tests.serving.test_types" name="test_has_model_dump_protocol_with_response_meta" time="0.001" /><testcase classname="tests.serving.test_types" name="test_has_model_dump_protocol_structural_check" time="0.006" /><testcase classname="tests.serving.test_types" name="test_has_model_dump_protocol_with_dataset_rows" time="0.003" /><testcase classname="tests.serving.test_types" name="test_has_model_validate_runtime_checkable" time="0.001" /><testcase classname="tests.serving.test_types" name="test_has_model_validate_protocol_with_pydantic" time="0.005" /><testcase classname="tests.serving.test_types" name="test_has_close_protocol_runtime_checkable" time="0.001" /><testcase classname="tests.serving.services.test_services_profiles" name="test_module_architecture_response_structure" time="4.372" /><testcase classname="tests.serving.test_types" name="test_response_meta_like_protocol" time="0.001" /><testcase classname="tests.serving.test_types" name="test_has_close_protocol_with_context_manager" time="0.001" /><testcase classname="tests.serving.test_types" name="test_service_result_protocol" time="0.001" /><testcase classname="tests.serving.test_types" name="test_function_repository_protocol_structural" time="0.003" /><testcase classname="tests.serving.test_types" name="test_repository_protocol_structural" time="0.002" /><testcase classname="tests.serving.test_types" name="test_module_repository_protocol_structural" time="0.002" /><testcase classname="tests.serving.test_types" name="test_subsystem_repository_protocol_structural" time="0.001" /><testcase classname="tests.serving.test_types" name="test_query_service_protocol_structural" time="0.002" /><testcase classname="tests.serving.test_types" name="test_query_backend_protocol_structural" time="0.001" /><testcase classname="tests.serving.test_types" name="test_storage_gateway_protocol_structural" time="0.004" /><testcase classname="tests.serving.test_types" name="test_graph_engine_protocol_structural" time="0.000" /><testcase classname="tests.serving.test_types" name="test_json_payload_type_alias_dict" time="0.001" /><testcase classname="tests.serving.test_types" name="test_row_dict_type_alias" time="0.004" /><testcase classname="tests.serving.test_types" name="test_json_payload_type_alias_list" time="0.005" /><testcase classname="tests.serving.test_types" name="test_backend_factory_type_alias" time="0.002" /><testcase classname="tests.serving.test_types" name="test_service_factory_type_alias" time="0.002" /><testcase classname="tests.serving.test_view_utils" name="test_normalize_entrypoints_payload_from_json_string" time="0.003" /><testcase classname="tests.serving.test_view_utils" name="test_normalize_entrypoints_payload_from_mixed_dicts" time="0.003" /><testcase classname="tests.serving.test_view_utils" name="test_normalize_entrypoints_payload_from_single_dict" time="0.001" /><testcase classname="tests.serving.test_view_utils" name="test_normalize_entrypoints_row_updates_mapping_in_place" time="0.001" /><testcase classname="tests.serving.test_view_utils" name="test_normalize_entrypoints_row_handles_none" time="0.001" /><testcase classname="tests.serving.test_datasets_backend" name="test_docs_views_contains_only_views" time="0.001" /><testcase classname="tests.serving.test_bootstrap" name="test_build_service_from_config_local_db_with_observability" time="5.369" /><testcase classname="tests.serving.services.test_services_subsystems" name="test_get_subsystem_modules" time="8.114" /><testcase classname="tests.serving.test_auto_pipeline" name="test_build_prereq_debug_info_includes_run_summaries" time="2.506" /><testcase classname="tests.serving.services.test_services_profiles" name="test_get_module_architecture_with_module" time="4.381" /><testcase classname="tests.serving.test_auto_pipeline" name="test_get_required_table_keys_for_unknown_operation_returns_empty" time="3.062" /><testcase classname="tests.serving.test_datasets_backend" name="test_build_dataset_registry_returns_dict" time="0.001" /><testcase classname="tests.serving.test_datasets_backend" name="test_build_dataset_registry_includes_docs_views_by_default" time="0.001" /><testcase classname="tests.serving.test_bootstrap" name="test_build_service_stack_returns_stack" time="4.098" /><testcase classname="tests.serving.test_auto_pipeline" name="test_full_flow_with_multiple_tool_calls" time="2.386" /><testcase classname="tests.serving.test_datasets_backend" name="test_validate_dataset_registry_with_minimal_gateway" time="3.512" /><testcase classname="tests.serving.services.test_subsystems_delegates" name="test_get_file_hints_returns_domain_result" time="4.337" /><testcase classname="tests.serving.services.test_subsystems_delegates" name="test_list_subsystems_with_role_filter" time="4.407" /><testcase classname="tests.serving.services.test_services_functions" name="test_callgraph_neighbors_missing_goid_h128" time="4.209" /><testcase classname="tests.serving.services.test_services_profiles" name="test_local_query_service_get_function_architecture" time="4.375"><skipped type="pytest.skip" message="No goids available in test data">/home/paul/CodeIntel/tests/serving/services/test_services_profiles.py:567: No goids available in test data</skipped></testcase><testcase classname="tests.serving.services.test_subsystems_delegates" name="test_get_subsystem_modules_not_found" time="3.996" /><testcase classname="tests.serving.test_datasets_backend" name="test_validate_dataset_registry_uses_gateway_datasets" time="2.324" /><testcase classname="tests.serving.test_auto_pipeline" name="test_wrapped_tool_executes_after_prereq_check_with_existing_run" time="3.092" /><testcase classname="tests.serving.test_datasets_backend" name="test_docs_views_values_are_table_keys" time="0.003" /><testcase classname="tests.serving.test_datasets_backend" name="test_docs_views_is_non_empty_if_views_exist" time="0.001" /><testcase classname="tests.serving.services.test_services_functions" name="test_get_callgraph_neighbors_direction_out" time="4.271"><skipped type="pytest.skip" message="No goids available in test data">/home/paul/CodeIntel/tests/serving/services/test_services_functions.py:391: No goids available in test data</skipped></testcase><testcase classname="tests.serving.test_backend_resource_runtime" name="test_backend_resource_reuses_pooled_runtime" time="5.170" /><testcase classname="tests.serving.services.test_subsystems_delegates" name="test_list_subsystem_coverage_returns_domain_result" time="3.748" /><testcase classname="tests.serving.services.test_subsystems_delegates" name="test_summarize_subsystem_returns_domain_result" time="4.114"><skipped type="pytest.skip" message="No subsystems available in test data">/home/paul/CodeIntel/tests/serving/services/test_subsystems_delegates.py:299: No subsystems available in test data</skipped></testcase><testcase classname="tests.serving.test_bootstrap" name="test_build_service_from_config_remote_api_returns_http_service" time="0.001" /><testcase classname="tests.serving.test_datasets_backend" name="test_validate_dataset_registry_error_contains_details" time="2.755" /><testcase classname="tests.serving.test_auto_pipeline" name="test_get_required_table_keys_for_operation_returns_frozenset" time="1.992" /><testcase classname="tests.serving.test_registry" name="test_iter_registry_operations_all_have_ids" time="0.001" /><testcase classname="tests.serving.test_auto_pipeline" name="test_ensure_prereqs_for_http_skips_when_prior_run_exists" time="2.341" /><testcase classname="tests.serving.test_registry" name="test_iter_operation_dataset_edges_dst_are_operations" time="0.001" /><testcase classname="tests.serving.test_auto_pipeline" name="test_has_required_data_for_operation_returns_false_when_missing" time="2.087" /><testcase classname="tests.serving.test_registry" name="test_iter_registry_operations_returns_list" time="0.004" /><testcase classname="tests.serving.test_auto_pipeline" name="test_wrapped_tool_logs_when_prereqs_skipped" time="2.152" /><testcase classname="tests.serving.test_datasets_backend" name="test_validate_dataset_registry_only_raises_valueerror" time="3.009" /><testcase classname="tests.serving.services.test_services_profiles" name="test_file_profile_response_structure" time="3.415" /><testcase classname="tests.serving.services.test_services_profiles" name="test_get_function_profile_invalid_goid_h128" time="3.783" /><testcase classname="tests.serving.test_observability" name="test_service_observability_record_rounds_duration" time="0.001" /><testcase classname="tests.serving.services.test_services_profiles" name="test_get_function_architecture_with_goid_h128" time="3.563"><skipped type="pytest.skip" message="No goids available in test data">/home/paul/CodeIntel/tests/serving/services/test_services_profiles.py:349: No goids available in test data</skipped></testcase><testcase classname="tests.serving.services.test_services_profiles" name="test_get_file_profile_nonexistent_file" time="3.695" /><testcase classname="tests.serving.services.test_services_profiles" name="test_get_module_architecture_missing_module" time="3.346" /><testcase classname="tests.serving.services.test_subsystems_delegates" name="test_list_subsystems_with_query" time="3.122" /><testcase classname="tests.serving.test_bootstrap" name="test_build_service_stack_with_options" time="3.425" /><testcase classname="tests.serving.services.test_subsystems_delegates" name="test_get_file_hints_not_found" time="3.291" /><testcase classname="tests.serving.test_bootstrap" name="test_build_local_query_service_with_validation" time="3.169" /><testcase classname="tests.serving.test_bootstrap" name="test_build_service_stack_close_calls_cleanup" time="3.282" /><testcase classname="tests.serving.services.test_subsystems_delegates" name="test_search_subsystems_returns_domain_result" time="3.368" /><testcase classname="tests.serving.services.test_services_functions" name="test_get_callgraph_neighbors_with_limit" time="3.117"><skipped type="pytest.skip" message="No goids available in test data">/home/paul/CodeIntel/tests/serving/services/test_services_functions.py:417: No goids available in test data</skipped></testcase><testcase classname="tests.serving.services.test_subsystems_delegates" name="test_list_subsystem_coverage_with_limit" time="3.063" /><testcase classname="tests.serving.test_auto_pipeline" name="test_auto_pipeline_disabled_by_default" time="0.001" /><testcase classname="tests.serving.test_auto_pipeline" name="test_operation_prereqs_satisfied_uses_data_check_when_datasets_declared" time="1.833"><skipped type="pytest.skip" message="function.summary doesn't have required_datasets">/home/paul/CodeIntel/tests/serving/test_auto_pipeline.py:1574: function.summary doesn't have required_datasets</skipped></testcase><testcase classname="tests.serving.test_bootstrap" name="test_build_backend_context_basic" time="7.984" /><testcase classname="tests.serving.test_bootstrap" name="test_build_service_from_config_local_db_returns_local_service" time="3.711" /><testcase classname="tests.serving.services.test_subsystems_delegates" name="test_summarize_subsystem_with_limit" time="3.057"><skipped type="pytest.skip" message="No subsystems available in test data">/home/paul/CodeIntel/tests/serving/services/test_subsystems_delegates.py:321: No subsystems available in test data</skipped></testcase><testcase classname="tests.serving.test_backend_resource_runtime" name="test_backend_resource_reuse_across_builds" time="4.279" /><testcase classname="tests.serving.test_bootstrap" name="test_build_repositories_returns_duckdb_repositories" time="8.286" /><testcase classname="tests.serving.test_bootstrap" name="test_build_http_query_service_basic" time="0.001" /><testcase classname="tests.serving.services.test_services_profiles" name="test_module_profile_response_structure" time="2.566" /><testcase classname="tests.serving.services.test_services_profiles" name="test_get_function_architecture_missing_goid_h128" time="2.482" /><testcase classname="tests.serving.services.test_services_profiles" name="test_get_module_profile_with_module" time="2.471" /><testcase classname="tests.serving.services.test_subsystems_delegates" name="test_get_module_subsystems_returns_domain_result" time="2.334"><skipped type="pytest.skip" message="No subsystem modules available in test data">/home/paul/CodeIntel/tests/serving/services/test_subsystems_delegates.py:127: No subsystem modules available in test data</skipped></testcase><testcase classname="tests.serving.services.test_services_profiles" name="test_get_module_architecture_nonexistent_module" time="2.391" /><testcase classname="tests.serving.services.test_subsystems_delegates" name="test_get_subsystem_modules_returns_domain_result" time="2.298"><skipped type="pytest.skip" message="No subsystems available in test data">/home/paul/CodeIntel/tests/serving/services/test_subsystems_delegates.py:199: No subsystems available in test data</skipped></testcase><testcase classname="tests.serving.test_bootstrap" name="test_build_query_service_basic" time="2.237" /><testcase classname="tests.serving.test_bootstrap" name="test_service_stack_close_method" time="2.273" /><testcase classname="tests.serving.services.test_subsystems_delegates" name="test_search_subsystems_with_query" time="2.237" /><testcase classname="tests.serving.services.test_subsystems_delegates" name="test_list_subsystem_profiles_returns_domain_result" time="2.142" /><testcase classname="tests.serving.services.test_services_subsystems" name="test_list_subsystems_returns_data" time="8.165" /><testcase classname="tests.serving.services.test_services_subsystems" name="test_get_module_subsystems" time="8.037" /><testcase classname="tests.serving.test_bootstrap" name="test_build_backend_context_with_custom_limits" time="6.628" /><testcase classname="tests.serving.services.test_services_subsystems" name="test_list_subsystems_with_limit" time="6.798" /><testcase classname="tests.serving.services.test_services_subsystems" name="test_subsystem_coverage_endpoint" time="6.737" /><testcase classname="tests.serving.services.test_services_subsystems" name="test_subsystem_profiles_endpoint" time="4.487" /></testsuite></testsuites>