<?xml version="1.0" encoding="utf-8"?><testsuites name="pytest tests"><testsuite name="pytest" errors="3" failures="3" skipped="3" tests="308" time="32.854" timestamp="2025-11-26T14:25:21.939226-05:00" hostname="paul-X870-AORUS-ELITE-WIFI7"><testcase classname="tests.analytics.test_ast_utils" name="test_safe_unparse_survives_invalid_nodes" time="0.001" /><testcase classname="tests.analytics.test_semantic_roles_signals" name="test_flask_role_detected" time="0.001" /><testcase classname="tests.analytics.test_graph_metrics_calculations" name="test_graph_metrics_ready_gateway_smoke" time="0.288" /><testcase classname="tests.analytics.test_domain_api_exports" name="test_graphs_api_exports_expected_symbols" time="0.001" /><testcase classname="tests.analytics.test_evidence" name="test_evidence_collector_deduplicates_and_truncates" time="0.001" /><testcase classname="tests.analytics.test_graph_service_unit" name="test_global_graph_stats_triangle" time="0.004" /><testcase classname="tests.analytics.test_cli_parser" name="test_function_parser_invalid_exits" time="0.005" /><testcase classname="tests._helpers.test_helpers_roundtrip" name="test_symbol_and_config_metrics_builder_round_trip" time="1.978" /><testcase classname="tests.analytics.test_graph_service_unit" name="test_neighbor_stats_with_weights" time="0.002" /><testcase classname="tests.analytics.test_ast_utils" name="test_snippet_from_lines_includes_range" time="0.000" /><testcase classname="tests.analytics.test_history_timeseries" name="test_history_timeseries_aggregates_functions" time="4.999" /><testcase classname="tests.analytics.test_domain_api_exports" name="test_history_api_exports_expected_symbols" time="0.000" /><testcase classname="tests._helpers.test_helpers_roundtrip" name="test_provisioned_gateway_round_trip" time="0.227" /><testcase classname="tests.analytics.test_evidence" name="test_validate_evidence_samples_rejects_invalid_payloads" time="0.001" /><testcase classname="tests.analytics.test_semantic_roles_signals" name="test_typer_cli_detected" time="0.000" /><testcase classname="tests.analytics.test_semantic_roles_signals" name="test_pytest_fixture_vs_test_role" time="0.001" /><testcase classname="tests.analytics.test_graph_service_unit" name="test_component_metadata_cycles_and_layers" time="0.002" /><testcase classname="tests.analytics.test_entrypoint_evidence" name="test_detect_entrypoints_emits_snippet_evidence" time="0.001" /><testcase classname="tests.analytics.test_span_resolver" name="test_build_span_index_skips_missing_goids" time="0.002" /><testcase classname="tests.analytics.test_span_resolver" name="test_resolve_span_success" time="0.001" /><testcase classname="tests.analytics.test_span_resolver" name="test_resolve_span_missing" time="0.001" /><testcase classname="tests.analytics.test_graph_service_unit" name="test_projection_metrics_basic" time="0.002" /><testcase classname="tests.analytics.test_graph_service_unit" name="test_bipartite_degrees_weight_and_centrality" time="0.001" /><testcase classname="tests.analytics.test_graph_service_unit" name="test_bounded_simple_path_count_caps_results" time="0.001" /><testcase classname="tests.analytics.test_cli_parser" name="test_function_parser_default_none" time="0.002" /><testcase classname="tests.analytics.test_dependencies_config_values" name="test_load_config_keys_filters_repo" time="1.958" /><testcase classname="tests.analytics.test_semantic_roles_signals" name="test_service_tag_and_graph_signal" time="0.000" /><testcase classname="tests.analytics.test_entrypoints_and_dependencies" name="test_entrypoints_and_dependencies_round_trip" time="2.227" /><testcase classname="tests.analytics.test_graph_service_unit" name="test_structural_metrics_triangle_and_core" time="0.052" /><testcase classname="tests.analytics.test_graph_stats_smoke" name="test_graph_stats_records_counts_for_basic_graphs" time="0.210" /><testcase classname="tests._helpers.test_helpers_roundtrip" name="test_file_backed_gateway_creates_db" time="1.923" /><testcase classname="tests.analytics.test_graph_stats_validation" name="test_graph_views_exist" time="0.242" /><testcase classname="tests.analytics.test_graph_metrics_smoke" name="test_compute_graph_metrics_with_small_graph" time="0.194" /><testcase classname="tests.analytics.test_graph_service_unit" name="test_centrality_directed_weighted_and_seeded" time="0.001" /><testcase classname="tests.analytics.test_graph_service_unit" name="test_centrality_undirected_empty_returns_zeroes" time="0.001" /><testcase classname="tests.analytics.test_function_history" name="test_function_history_populates_rows" time="1.986" /><testcase classname="tests.analytics.test_subsystems" name="test_subsystems_cluster_and_risk_aggregation" time="2.037" /><testcase classname="tests.analytics.test_functions_validation" name="test_records_validation_when_parse_fails" time="1.981" /><testcase classname="tests.analytics.test_catalog_provider_usage" name="test_graph_metrics_uses_catalog_for_symbol_modules" time="2.033" /><testcase classname="tests.analytics.test_symbol_config_metrics" name="test_symbol_and_config_metrics_populate_and_views_create" time="2.244" /><testcase classname="tests.analytics.test_catalog_provider_usage" name="test_symbol_uses_respects_catalog_module_map" time="1.977" /><testcase classname="tests.analytics.test_domain_api_exports" name="test_functions_api_exports_expected_symbols" time="0.000" /><testcase classname="tests._helpers.test_helpers_roundtrip" name="test_file_backed_gateway_releases_handles" time="1.924" /><testcase classname="tests.config.test_ingestion_schema_registry" name="test_ingestion_sql_tables_match_schema[analytics.config_data_flow]" time="1.951" /><testcase classname="tests.cli.test_nx_backend" name="test_maybe_enable_nx_gpu_raises_when_strict" time="0.003" /><testcase classname="tests.config.test_ingestion_schema_registry" name="test_ingestion_sql_tables_match_schema[analytics.config_projection_module_edges]" time="1.933" /><testcase classname="tests.analytics.test_graph_stats_validation" name="test_graph_stats_include_symbol_and_config_graphs" time="1.994" /><testcase classname="tests._helpers.test_helpers_roundtrip" name="test_builder_inserts_round_trip" time="1.940" /><testcase classname="tests.analytics.test_test_profiles" name="test_ast_index_detects_io_and_asserts" time="0.001" /><testcase classname="tests.architecture.test_analytics_exports" name="test_domain_exports[codeintel.analytics.functions-expected0]" time="0.001" /><testcase classname="tests.architecture.test_analytics_exports" name="test_domain_exports[codeintel.analytics.graphs-expected1]" time="0.000" /><testcase classname="tests.architecture.test_analytics_exports" name="test_domain_exports[codeintel.analytics.history-expected2]" time="0.001" /><testcase classname="tests.architecture.test_analytics_exports" name="test_domain_exports[codeintel.analytics.parsing-expected3]" time="0.000" /><testcase classname="tests.config.test_ingestion_schema_registry" name="test_ingestion_sql_tables_match_schema[analytics.dfg_block_metrics]" time="1.922" /><testcase classname="tests.config.test_ingestion_schema_registry" name="test_ingestion_sql_tables_match_schema[analytics.data_model_fields]" time="1.937" /><testcase classname="tests.analytics.test_catalog_provider_usage" name="test_symbol_uses_falls_back_to_modules_when_catalog_partial" time="1.942" /><testcase classname="tests.analytics.test_functions_validation" name="test_span_not_found_is_recorded" time="1.951" /><testcase classname="tests._helpers.test_helpers_roundtrip" name="test_strict_schema_flag_enforces_views" time="0.229" /><testcase classname="tests.analytics.test_function_history" name="test_function_history_respects_min_threshold" time="1.964" /><testcase classname="tests.cli.test_docs_export_cli" name="test_cmd_docs_export_invokes_validator_before_exports" time="0.001" /><testcase classname="tests.cli.test_history_timeseries_cli" name="test_history_timeseries_cli_happy_path" time="5.136" /><testcase classname="tests.config.test_ingestion_schema_registry" name="test_ingestion_sql_tables_match_schema[analytics.config_graph_metrics_keys]" time="1.937" /><testcase classname="tests.analytics.test_graph_metrics_calculations" name="test_compute_function_graph_metrics_counts_and_cycles" time="0.271" /><testcase classname="tests.analytics.test_catalog_provider_usage" name="test_profiles_use_catalog_module_map_when_modules_table_empty" time="1.983" /><testcase classname="tests.architecture.test_analytics_graph_boundary" name="test_analytics_modules_do_not_import_nx_views" time="0.002" /><testcase classname="tests.config.test_ingestion_schema_registry" name="test_ingestion_sql_tables_match_schema[analytics.behavioral_coverage]" time="1.930" /><testcase classname="tests.architecture.test_analytics_imports" name="test_external_imports_use_domain_apis" time="0.006" /><testcase classname="tests.architecture.test_duckdb_boundaries" name="test_duckdb_usage_is_localized" time="0.004" /><testcase classname="tests.architecture.test_nx_views_boundary" name="test_nx_views_only_used_in_graphs_layer" time="0.003" /><testcase classname="tests.architecture.test_query_layer_boundaries" name="test_adapters_do_not_embed_sql" time="0.001" /><testcase classname="tests.config.test_ingestion_schema_registry" name="test_ingestion_sql_tables_match_schema[analytics.config_values]" time="1.927" /><testcase classname="tests._helpers.test_helpers_roundtrip" name="test_docs_export_ready_has_non_nulls" time="0.274" /><testcase classname="tests.analytics.test_graph_stats_validation" name="test_subsystem_agreement_summary_aggregates" time="2.109" /><testcase classname="tests.config.test_ingestion_schema_registry" name="test_ingestion_sql_tables_match_schema[analytics.external_dependencies]" time="1.922" /><testcase classname="tests.analytics.test_symbol_config_metrics" name="test_subsystem_agreement_exposed_in_views" time="2.114" /><testcase classname="tests.analytics.test_graph_metrics_calculations" name="test_compute_module_graph_metrics_with_symbol_coupling" time="0.213" /><testcase classname="tests.config.test_ingestion_schema_registry" name="test_ingestion_sql_tables_match_schema[analytics.dfg_function_metrics]" time="1.917" /><testcase classname="tests.analytics.test_test_profiles" name="test_flakiness_score_caps_at_one" time="0.000" /><testcase classname="tests.analytics.test_test_profiles" name="test_behavior_tags_include_ast_and_io_hints" time="0.000" /><testcase classname="tests.analytics.test_test_profiles" name="test_importance_score_includes_subsystem_risk" time="0.000" /><testcase classname="tests.analytics.test_model_config_heuristics" name="test_data_models_and_usage_and_config_flow" time="0.246" /><testcase classname="tests._helpers.test_helpers_roundtrip" name="test_strict_fixtures_expose_views" time="5.132" /><testcase classname="tests.analytics.test_ast_utils" name="test_call_name_resolves_attribute_chain" time="0.001" /><testcase classname="tests.analytics.test_ast_utils" name="test_resolve_call_target_uses_alias_map" time="0.000" /><testcase classname="tests.analytics.test_ast_utils" name="test_literal_value_coercions" time="0.000" /><testcase classname="tests.analytics.test_profiles" name="test_profile_builders_aggregate_expected_fields" time="0.256" /><testcase classname="tests.analytics.test_semantic_roles_signals" name="test_fastapi_role_detected" time="0.000" /><testcase classname="tests.config.test_ingestion_schema_registry" name="test_ingestion_sql_tables_match_schema[analytics.data_model_relationships]" time="1.916" /><testcase classname="tests.config.test_ingestion_schema_registry" name="test_ingestion_sql_tables_match_schema[analytics.config_graph_metrics_modules]" time="1.918" /><testcase classname="tests.config.test_ingestion_schema_registry" name="test_ingestion_sql_tables_match_schema[analytics.function_effects]" time="1.913" /><testcase classname="tests.config.test_ingestion_schema_registry" name="test_ingestion_sql_tables_match_schema[analytics.cfg_block_metrics]" time="1.913" /><testcase classname="tests.analytics.test_cfg_dfg_metrics_ext" name="test_cfg_metrics_ext_populates_loop_and_unreachable_counts" time="2.022" /><testcase classname="tests.config.test_ingestion_schema_registry" name="test_ingestion_sql_tables_match_schema[analytics.coverage_functions]" time="1.917" /><testcase classname="tests._helpers.test_helpers_roundtrip" name="test_loose_gateway_allows_schema_drift" time="1.918" /><testcase classname="tests.config.test_ingestion_schema_registry" name="test_ingestion_sql_tables_match_schema[analytics.external_dependency_calls]" time="1.966" /><testcase classname="tests.config.test_ingestion_schema_registry" name="test_ingestion_sql_tables_match_schema[analytics.dfg_function_metrics_ext]" time="1.962" /><testcase classname="tests.analytics.test_graph_stats_validation" name="test_validation_flags_large_symbol_community_and_config_hubs" time="2.008" /><testcase classname="tests.config.test_ingestion_schema_registry" name="test_ingestion_sql_tables_match_schema[analytics.function_types]" time="1.962" /><testcase classname="tests.config.test_ingestion_schema_registry" name="test_ingestion_sql_tables_match_schema[analytics.subsystem_modules]" time="1.964" /><testcase classname="tests.config.test_ingestion_schema_registry" name="test_ingestion_sql_tables_match_schema[analytics.history_timeseries]" time="1.965" /><testcase classname="tests.config.test_ingestion_schema_registry" name="test_ingestion_sql_tables_match_schema[analytics.tags_index]" time="1.933" /><testcase classname="tests.config.test_ingestion_schema_registry" name="test_ingestion_sql_tables_match_schema[analytics.test_graph_metrics_tests]" time="1.959" /><testcase classname="tests.config.test_ingestion_schema_registry" name="test_ingestion_sql_tables_match_schema[analytics.data_model_usage]" time="1.968" /><testcase classname="tests.config.test_ingestion_schema_registry" name="test_ingestion_sql_tables_match_schema[analytics.config_projection_key_edges]" time="1.972" /><testcase classname="tests.config.test_ingestion_schema_registry" name="test_ingestion_sql_tables_match_schema[analytics.function_history]" time="1.967" /><testcase classname="tests.config.test_ingestion_schema_registry" name="test_ingestion_sql_tables_match_schema[analytics.cfg_function_metrics]" time="1.970" /><testcase classname="tests.config.test_ingestion_schema_registry" name="test_ingestion_sql_tables_match_schema[analytics.coverage_lines]" time="1.968" /><testcase classname="tests.analytics.test_cfg_dfg_metrics_ext" name="test_dfg_metrics_ext_counts_use_kinds_and_paths" time="2.024" /><testcase classname="tests.config.test_ingestion_schema_registry" name="test_ingestion_sql_tables_match_schema[analytics.graph_metrics_modules]" time="1.963" /><testcase classname="tests.config.test_ingestion_schema_registry" name="test_ingestion_sql_tables_match_schema[analytics.file_profile]" time="1.927" /><testcase classname="tests.config.test_ingestion_schema_registry" name="test_ingestion_sql_tables_match_schema[analytics.entrypoint_tests]" time="1.927" /><testcase classname="tests.config.test_ingestion_schema_registry" name="test_ingestion_sql_tables_match_schema[analytics.function_validation]" time="1.925" /><testcase classname="tests.config.test_ingestion_schema_registry" name="test_ingestion_sql_tables_match_schema[analytics.subsystems]" time="1.925" /><testcase classname="tests.config.test_ingestion_schema_registry" name="test_ingestion_sql_tables_match_schema[analytics.semantic_roles_modules]" time="1.933" /><testcase classname="tests.config.test_ingestion_schema_registry" name="test_ingestion_sql_tables_match_schema[analytics.hotspots]" time="1.933" /><testcase classname="tests.config.test_ingestion_schema_registry" name="test_ingestion_sql_tables_match_schema[analytics.test_catalog]" time="1.931" /><testcase classname="tests.cli.test_history_timeseries_cli" name="test_history_timeseries_cli_missing_snapshot" time="0.963" /><testcase classname="tests.config.test_ingestion_schema_registry" name="test_ingestion_sql_tables_match_schema[analytics.test_profile]" time="1.931" /><testcase classname="tests.config.test_ingestion_schema_registry" name="test_ingestion_sql_tables_match_schema[analytics.data_models]" time="1.927" /><testcase classname="tests.config.test_ingestion_schema_registry" name="test_ingestion_sql_tables_match_schema[analytics.function_metrics]" time="1.919" /><testcase classname="tests.config.test_ingestion_schema_registry" name="test_ingestion_sql_tables_match_schema[core.ast_nodes]" time="1.930" /><testcase classname="tests.config.test_ingestion_schema_registry" name="test_ingestion_sql_tables_match_schema[analytics.cfg_function_metrics_ext]" time="1.922" /><testcase classname="tests.config.test_ingestion_schema_registry" name="test_ingestion_sql_tables_match_schema[core.goid_crosswalk]" time="1.917" /><testcase classname="tests.config.test_ingestion_schema_registry" name="test_ingestion_sql_tables_match_schema[analytics.graph_metrics_modules_ext]" time="1.923" /><testcase classname="tests.config.test_ingestion_schema_registry" name="test_ingestion_sql_tables_match_schema[analytics.function_contracts]" time="1.918" /><testcase classname="tests.config.test_ingestion_schema_registry" name="test_ingestion_sql_tables_match_schema[graph.call_graph_edges]" time="1.920" /><testcase classname="tests.config.test_subsystems_config" name="test_invalid_overrides_raise[overrides0-integer]" time="0.001" /><testcase classname="tests.config.test_subsystems_config" name="test_invalid_overrides_raise[overrides1-integer]" time="0.000" /><testcase classname="tests.config.test_subsystems_config" name="test_invalid_overrides_raise[overrides2-numeric]" time="0.000" /><testcase classname="tests.cli.test_nx_backend" name="test_maybe_enable_nx_gpu_noop_when_disabled" time="0.000" /><testcase classname="tests.cli.test_nx_backend" name="test_maybe_enable_nx_gpu_soft_fallback" time="0.001" /><testcase classname="tests.config.test_ingestion_schema_registry" name="test_ingestion_sql_tables_match_schema[analytics.entrypoints]" time="1.918" /><testcase classname="tests.docs_export.test_export_edge_columns" name="test_call_graph_edges_export_includes_repo_commit" time="0.232" /><testcase classname="tests.config.test_ingestion_schema_registry" name="test_ingestion_sql_tables_match_schema[analytics.goid_risk_factors]" time="1.922" /><testcase classname="tests.config.test_ingestion_schema_registry" name="test_ingestion_sql_tables_match_schema[analytics.symbol_graph_metrics_functions]" time="1.917" /><testcase classname="tests.config.test_ingestion_schema_registry" name="test_ingestion_sql_tables_match_schema[analytics.static_diagnostics]" time="1.918" /><testcase classname="tests.config.test_ingestion_schema_registry" name="test_ingestion_sql_tables_match_schema[analytics.module_profile]" time="1.915" /><testcase classname="tests.docs_export.test_export_smoke" name="test_export_validation_passes_on_minimal_data" time="0.721" /><testcase classname="tests.docs_export.test_export_smoke" name="test_export_helpers_resolve_dataset_names" time="0.740" /><testcase classname="tests.docs_export.test_export_edge_columns" name="test_import_graph_edges_export_includes_repo_commit" time="0.223" /><testcase classname="tests.docs_export.test_export_parity" name="test_export_mappings_cover_required_tables" time="0.000" /><testcase classname="tests.docs_export.test_validate_exports" name="test_docs_export_views_exist" time="1.896" /><testcase classname="tests.config.test_ingestion_schema_registry" name="test_ingestion_sql_tables_match_schema[analytics.test_coverage_edges]" time="1.907" /><testcase classname="tests.docs_export.test_export_smoke" name="test_export_subset_by_dataset_name" time="1.033" /><testcase classname="tests.docs_export.test_export_smoke" name="test_export_validation_runs_against_registry" time="0.275" /><testcase classname="tests.docs_export.test_export_validation_flag" name="test_docs_export_validation_flag_triggers_schema_check" time="4.390" /><testcase classname="tests.config.test_ingestion_schema_registry" name="test_ingestion_sql_tables_match_schema[analytics.typedness]" time="1.903" /><testcase classname="tests.config.test_ingestion_schema_registry" name="test_ingestion_sql_tables_match_schema[graph.cfg_edges]" time="1.909" /><testcase classname="tests.config.test_ingestion_schema_registry" name="test_ingestion_sql_tables_match_schema[analytics.function_profile]" time="1.908" /><testcase classname="tests.config.test_ingestion_schema_registry" name="test_ingestion_sql_tables_match_schema[core.cst_nodes]" time="1.911" /><testcase classname="tests.config.test_ingestion_schema_registry" name="test_ingestion_sql_tables_match_schema[graph.import_modules]" time="1.910" /><testcase classname="tests.config.test_ingestion_schema_registry" name="test_ingestion_sql_tables_match_schema[core.goids]" time="1.903" /><testcase classname="tests.config.test_ingestion_schema_registry" name="test_ingestion_sql_tables_match_schema[analytics.graph_stats]" time="1.913" /><testcase classname="tests.config.test_ingestion_schema_registry" name="test_ingestion_sql_tables_match_schema[graph.call_graph_nodes]" time="1.904" /><testcase classname="tests.docs_export.test_export_smoke" name="test_export_subset_validates_dataset_names" time="0.639" /><testcase classname="tests.config.test_ingestion_schema_registry" name="test_ingestion_sql_tables_match_schema[analytics.graph_metrics_functions]" time="1.910" /><testcase classname="tests.config.test_ingestion_schema_registry" name="test_ingestion_sql_tables_match_schema[analytics.symbol_graph_metrics_modules]" time="1.917" /><testcase classname="tests.config.test_ingestion_schema_registry" name="test_ingestion_sql_tables_match_schema[analytics.subsystem_agreement]" time="1.912" /><testcase classname="tests.docs_export.test_export_validation_models" name="test_data_model_field_schema_validates_fixture" time="0.002" /><testcase classname="tests.docs_export.test_export_validation_models" name="test_data_model_relationship_schema_validates_fixture" time="0.001" /><testcase classname="tests.config.test_ingestion_schema_registry" name="test_ingestion_sql_tables_match_schema[analytics.semantic_roles_functions]" time="1.917" /><testcase classname="tests.graphs.test_callgraph_resolution" name="test_resolve_via_scip_uses_crosswalk_mapping" time="0.001" /><testcase classname="tests.graphs.test_callgraph_resolution" name="test_dedupe_includes_repo_commit_scope" time="0.000" /><testcase classname="tests.graphs.test_import_resolver" name="test_collect_import_edges_deep_relative_and_multi_targets" time="0.002" /><testcase classname="tests.graphs.test_import_resolver" name="test_collect_aliases_handles_from_import_aliases_and_packages" time="0.001" /><testcase classname="tests.docs_export.test_validate_exports" name="test_export_raises_on_validation_failure" time="3.272" /><testcase classname="tests.config.test_ingestion_schema_registry" name="test_ingestion_sql_tables_match_schema[analytics.test_graph_metrics_functions]" time="1.910" /><testcase classname="tests.docs_export.test_validate_exports" name="test_export_logs_problem_detail_on_validation_failure" time="3.298" /><testcase classname="tests.config.test_ingestion_schema_registry" name="test_ingestion_sql_tables_match_schema[core.ast_metrics]" time="1.909" /><testcase classname="tests.graphs.test_callgraph_resolution" name="test_resolve_callee_import_alias_global_attr_chain" time="0.001" /><testcase classname="tests.graphs.test_callgraph_resolution" name="test_resolve_callee_unresolved_returns_none" time="0.000" /><testcase classname="tests.config.test_ingestion_schema_registry" name="test_ingestion_sql_tables_match_schema[graph.dfg_edges]" time="1.904" /><testcase classname="tests.config.test_ingestion_schema_registry" name="test_ingestion_sql_tables_match_schema[core.docstrings]" time="1.912" /><testcase classname="tests.config.test_ingestion_schema_registry" name="test_ingestion_sql_tables_match_schema[graph.symbol_use_edges]" time="1.913" /><testcase classname="tests.config.test_subsystems_config" name="test_overrides_are_applied_and_typed" time="0.000" /><testcase classname="tests.ingestion.test_no_ad_hoc_changes" name="test_no_ad_hoc_change_detection[path1]" time="0.001" /><testcase classname="tests.ingestion.test_no_ad_hoc_changes" name="test_no_ad_hoc_change_detection[path2]" time="0.001" /><testcase classname="tests.ingestion.test_py_ast_extract" name="test_ast_visitor_records_decorator_span" time="0.001" /><testcase classname="tests.ingestion.test_runner_plumbing" name="test_repo_scan_honors_scan_profile" time="0.191" /><testcase classname="tests.config.test_ingestion_schema_registry" name="test_ingestion_sql_tables_match_schema[core.modules]" time="1.919" /><testcase classname="tests.config.test_ingestion_schema_registry" name="test_ingestion_sql_tables_match_schema[analytics.graph_validation]" time="1.919" /><testcase classname="tests.graphs.test_engine_factory" name="test_build_graph_engine_uses_backend_flags" time="0.547" /><testcase classname="tests.config.test_ingestion_schema_registry" name="test_ingestion_sql_tables_match_schema[graph.cfg_blocks]" time="1.916" /><testcase classname="tests.graphs.test_engine_nx" name="test_engine_matches_nx_views_for_core_graphs" time="0.204" /><testcase classname="tests.ingestion.test_runner_plumbing" name="test_coverage_ingest_uses_runner" time="0.001"><failure message="FileNotFoundError: [Errno 2] No such file or directory: '/tmp/pytest-of-paul/pytest-32/popen-gw15/test_coverage_ingest_uses_runn0/repo/__init__.py'">tmp_path = PosixPath('/tmp/pytest-of-paul/pytest-32/popen-gw15/test_coverage_ingest_uses_runn0')

    def test_coverage_ingest_uses_runner(tmp_path: Path) -&gt; None:
        """Verify coverage ingestion prefers the shared runner path."""
&gt;       context = build_tooling_context(tmp_path)
                  ^^^^^^^^^^^^^^^^^^^^^^^^^^^^^^^

tests/ingestion/test_runner_plumbing.py:55: 
_ _ _ _ _ _ _ _ _ _ _ _ _ _ _ _ _ _ _ _ _ _ _ _ _ _ _ _ _ _ _ _ _ _ _ _ _ _ _ _ _ _ _ _ _ _ _ _ _ _ _ _ _ _ _ _ _ _ _ _ _ _ _ _ _ _ _ _ _ _ _ _ _ _ _ _ _ _ _ _ _ _ _ _ _ _ _ _ _ _ _ _ _ _ _ _ 
tests/_helpers/tooling.py:99: in build_tooling_context
    driver_path = _write_tooling_repo(repo_root)
                  ^^^^^^^^^^^^^^^^^^^^^^^^^^^^^^
tests/_helpers/tooling.py:27: in _write_tooling_repo
    (repo_root / "__init__.py").write_text(
../.local/share/uv/python/cpython-3.13.9-linux-x86_64-gnu/lib/python3.13/pathlib/_local.py:555: in write_text
    return PathBase.write_text(self, data, encoding, errors, newline)
           ^^^^^^^^^^^^^^^^^^^^^^^^^^^^^^^^^^^^^^^^^^^^^^^^^^^^^^^^^^
../.local/share/uv/python/cpython-3.13.9-linux-x86_64-gnu/lib/python3.13/pathlib/_abc.py:651: in write_text
    with self.open(mode='w', encoding=encoding, errors=errors, newline=newline) as f:
         ^^^^^^^^^^^^^^^^^^^^^^^^^^^^^^^^^^^^^^^^^^^^^^^^^^^^^^^^^^^^^^^^^^^^^^
_ _ _ _ _ _ _ _ _ _ _ _ _ _ _ _ _ _ _ _ _ _ _ _ _ _ _ _ _ _ _ _ _ _ _ _ _ _ _ _ _ _ _ _ _ _ _ _ _ _ _ _ _ _ _ _ _ _ _ _ _ _ _ _ _ _ _ _ _ _ _ _ _ _ _ _ _ _ _ _ _ _ _ _ _ _ _ _ _ _ _ _ _ _ _ _ 

self = PosixPath('/tmp/pytest-of-paul/pytest-32/popen-gw15/test_coverage_ingest_uses_runn0/repo/__init__.py'), mode = 'w', buffering = -1, encoding = 'utf8', errors = None, newline = None

    def open(self, mode='r', buffering=-1, encoding=None,
             errors=None, newline=None):
        """
        Open the file pointed to by this path and return a file object, as
        the built-in open() function does.
        """
        if "b" not in mode:
            encoding = io.text_encoding(encoding)
&gt;       return io.open(self, mode, buffering, encoding, errors, newline)
               ^^^^^^^^^^^^^^^^^^^^^^^^^^^^^^^^^^^^^^^^^^^^^^^^^^^^^^^^^
E       FileNotFoundError: [Errno 2] No such file or directory: '/tmp/pytest-of-paul/pytest-32/popen-gw15/test_coverage_ingest_uses_runn0/repo/__init__.py'

../.local/share/uv/python/cpython-3.13.9-linux-x86_64-gnu/lib/python3.13/pathlib/_local.py:537: FileNotFoundError</failure></testcase><testcase classname="tests.ingestion.test_scip_ingest" name="test_ingest_scip_produces_artifacts" time="0.986"><skipped type="pytest.skip" message="SCIP ingestion not successful in test environment: Tool scip-python failed (code=127)&#10;Args: ('index', '/tmp/pytest-of-paul/pytest-32/popen-gw15/test_ingest_scip_produces_arti0/repo', '--output', '/tmp/pytest-of-paul/pytest-32/popen-gw15/test_ingest_scip_produces_arti0/repo/build/scip/index.scip')&#10;stderr: /usr/bin/env: 'node': No such file or directory">/home/paul/CodeIntel/tests/ingestion/test_scip_ingest.py:56: SCIP ingestion not successful in test environment: Tool scip-python failed (code=127)
Args: ('index', '/tmp/pytest-of-paul/pytest-32/popen-gw15/test_ingest_scip_produces_arti0/repo', '--output', '/tmp/pytest-of-paul/pytest-32/popen-gw15/test_ingest_scip_produces_arti0/repo/build/scip/index.scip')
stderr: /usr/bin/env: 'node': No such file or directory</skipped></testcase><testcase classname="tests.config.test_ingestion_schema_registry" name="test_ingestion_sql_tables_match_schema[analytics.graph_metrics_functions_ext]" time="1.917" /><testcase classname="tests.docs_export.test_function_validation_export" name="test_function_validation_export" time="2.889" /><testcase classname="tests.graphs.test_function_index" name="test_lookup_falls_back_to_enclosing_and_same_line" time="0.001" /><testcase classname="tests.graphs.test_goid_builder_decorators" name="test_goid_start_line_includes_decorator_span" time="0.001" /><testcase classname="tests.ingestion.test_scip_ingest_ops" name="test_scip_module_filter_limits_to_src_python_files" time="0.008" /><testcase classname="tests.graphs.test_function_index" name="test_lookup_prefers_exact_span_and_qualname" time="0.001" /><testcase classname="tests.ingestion.test_tool_runner" name="test_tool_runner_missing_binary" time="0.002" /><testcase classname="tests.config.test_ingestion_schema_registry" name="test_ingestion_sql_tables_match_schema[analytics.subsystem_graph_metrics]" time="1.926" /><testcase classname="tests.ingestion.test_subprocess_policy" name="test_no_direct_subprocess_usage_outside_tooling" time="0.008" /><testcase classname="tests.ingestion.test_tool_runner" name="test_tool_runner_unknown_tool" time="0.001" /><testcase classname="tests.graphs.test_import_resolver" name="test_collect_aliases_import_and_from_import" time="0.002" /><testcase classname="tests.docs_export.test_graph_validation_export" name="test_graph_validation_export" time="3.148" /><testcase classname="tests.graphs.test_import_resolver" name="test_collect_import_edges_relative_resolution" time="0.001" /><testcase classname="tests.ingestion.test_tool_service" name="test_tool_service_pyrefly_parses_errors" time="0.001"><error message="failed on setup with &quot;FileNotFoundError: [Errno 2] No such file or directory: '/tmp/pytest-of-paul/pytest-32/popen-gw4/test_tool_service_pyrefly_pars0/repo/__init__.py'&quot;">tmp_path = PosixPath('/tmp/pytest-of-paul/pytest-32/popen-gw4/test_tool_service_pyrefly_pars0')

    @pytest.fixture
    def tooling_outputs(tmp_path: Path) -&gt; ToolingOutputs:
        """
        Run the real tooling stack against a minimal repo.
    
        Returns
        -------
        ToolingOutputs
            Diagnostics and coverage reports produced by the tooling services.
        """
&gt;       context = build_tooling_context(tmp_path)
                  ^^^^^^^^^^^^^^^^^^^^^^^^^^^^^^^

tests/ingestion/test_tool_service.py:22: 
_ _ _ _ _ _ _ _ _ _ _ _ _ _ _ _ _ _ _ _ _ _ _ _ _ _ _ _ _ _ _ _ _ _ _ _ _ _ _ _ _ _ _ _ _ _ _ _ _ _ _ _ _ _ _ _ _ _ _ _ _ _ _ _ _ _ _ _ _ _ _ _ _ _ _ _ _ _ _ _ _ _ _ _ _ _ _ _ _ _ _ _ _ _ _ _ 
tests/_helpers/tooling.py:99: in build_tooling_context
    driver_path = _write_tooling_repo(repo_root)
                  ^^^^^^^^^^^^^^^^^^^^^^^^^^^^^^
tests/_helpers/tooling.py:27: in _write_tooling_repo
    (repo_root / "__init__.py").write_text(
../.local/share/uv/python/cpython-3.13.9-linux-x86_64-gnu/lib/python3.13/pathlib/_local.py:555: in write_text
    return PathBase.write_text(self, data, encoding, errors, newline)
           ^^^^^^^^^^^^^^^^^^^^^^^^^^^^^^^^^^^^^^^^^^^^^^^^^^^^^^^^^^
../.local/share/uv/python/cpython-3.13.9-linux-x86_64-gnu/lib/python3.13/pathlib/_abc.py:651: in write_text
    with self.open(mode='w', encoding=encoding, errors=errors, newline=newline) as f:
         ^^^^^^^^^^^^^^^^^^^^^^^^^^^^^^^^^^^^^^^^^^^^^^^^^^^^^^^^^^^^^^^^^^^^^^
_ _ _ _ _ _ _ _ _ _ _ _ _ _ _ _ _ _ _ _ _ _ _ _ _ _ _ _ _ _ _ _ _ _ _ _ _ _ _ _ _ _ _ _ _ _ _ _ _ _ _ _ _ _ _ _ _ _ _ _ _ _ _ _ _ _ _ _ _ _ _ _ _ _ _ _ _ _ _ _ _ _ _ _ _ _ _ _ _ _ _ _ _ _ _ _ 

self = PosixPath('/tmp/pytest-of-paul/pytest-32/popen-gw4/test_tool_service_pyrefly_pars0/repo/__init__.py'), mode = 'w', buffering = -1, encoding = 'utf8', errors = None, newline = None

    def open(self, mode='r', buffering=-1, encoding=None,
             errors=None, newline=None):
        """
        Open the file pointed to by this path and return a file object, as
        the built-in open() function does.
        """
        if "b" not in mode:
            encoding = io.text_encoding(encoding)
&gt;       return io.open(self, mode, buffering, encoding, errors, newline)
               ^^^^^^^^^^^^^^^^^^^^^^^^^^^^^^^^^^^^^^^^^^^^^^^^^^^^^^^^^
E       FileNotFoundError: [Errno 2] No such file or directory: '/tmp/pytest-of-paul/pytest-32/popen-gw4/test_tool_service_pyrefly_pars0/repo/__init__.py'

../.local/share/uv/python/cpython-3.13.9-linux-x86_64-gnu/lib/python3.13/pathlib/_local.py:537: FileNotFoundError</error></testcase><testcase classname="tests.ingestion.test_tool_service" name="test_tool_service_pyright_parses_errors" time="0.001"><error message="failed on setup with &quot;FileNotFoundError: [Errno 2] No such file or directory: '/tmp/pytest-of-paul/pytest-32/popen-gw0/test_tool_service_pyright_pars0/repo/__init__.py'&quot;">tmp_path = PosixPath('/tmp/pytest-of-paul/pytest-32/popen-gw0/test_tool_service_pyright_pars0')

    @pytest.fixture
    def tooling_outputs(tmp_path: Path) -&gt; ToolingOutputs:
        """
        Run the real tooling stack against a minimal repo.
    
        Returns
        -------
        ToolingOutputs
            Diagnostics and coverage reports produced by the tooling services.
        """
&gt;       context = build_tooling_context(tmp_path)
                  ^^^^^^^^^^^^^^^^^^^^^^^^^^^^^^^

tests/ingestion/test_tool_service.py:22: 
_ _ _ _ _ _ _ _ _ _ _ _ _ _ _ _ _ _ _ _ _ _ _ _ _ _ _ _ _ _ _ _ _ _ _ _ _ _ _ _ _ _ _ _ _ _ _ _ _ _ _ _ _ _ _ _ _ _ _ _ _ _ _ _ _ _ _ _ _ _ _ _ _ _ _ _ _ _ _ _ _ _ _ _ _ _ _ _ _ _ _ _ _ _ _ _ 
tests/_helpers/tooling.py:99: in build_tooling_context
    driver_path = _write_tooling_repo(repo_root)
                  ^^^^^^^^^^^^^^^^^^^^^^^^^^^^^^
tests/_helpers/tooling.py:27: in _write_tooling_repo
    (repo_root / "__init__.py").write_text(
../.local/share/uv/python/cpython-3.13.9-linux-x86_64-gnu/lib/python3.13/pathlib/_local.py:555: in write_text
    return PathBase.write_text(self, data, encoding, errors, newline)
           ^^^^^^^^^^^^^^^^^^^^^^^^^^^^^^^^^^^^^^^^^^^^^^^^^^^^^^^^^^
../.local/share/uv/python/cpython-3.13.9-linux-x86_64-gnu/lib/python3.13/pathlib/_abc.py:651: in write_text
    with self.open(mode='w', encoding=encoding, errors=errors, newline=newline) as f:
         ^^^^^^^^^^^^^^^^^^^^^^^^^^^^^^^^^^^^^^^^^^^^^^^^^^^^^^^^^^^^^^^^^^^^^^
_ _ _ _ _ _ _ _ _ _ _ _ _ _ _ _ _ _ _ _ _ _ _ _ _ _ _ _ _ _ _ _ _ _ _ _ _ _ _ _ _ _ _ _ _ _ _ _ _ _ _ _ _ _ _ _ _ _ _ _ _ _ _ _ _ _ _ _ _ _ _ _ _ _ _ _ _ _ _ _ _ _ _ _ _ _ _ _ _ _ _ _ _ _ _ _ 

self = PosixPath('/tmp/pytest-of-paul/pytest-32/popen-gw0/test_tool_service_pyright_pars0/repo/__init__.py'), mode = 'w', buffering = -1, encoding = 'utf8', errors = None, newline = None

    def open(self, mode='r', buffering=-1, encoding=None,
             errors=None, newline=None):
        """
        Open the file pointed to by this path and return a file object, as
        the built-in open() function does.
        """
        if "b" not in mode:
            encoding = io.text_encoding(encoding)
&gt;       return io.open(self, mode, buffering, encoding, errors, newline)
               ^^^^^^^^^^^^^^^^^^^^^^^^^^^^^^^^^^^^^^^^^^^^^^^^^^^^^^^^^
E       FileNotFoundError: [Errno 2] No such file or directory: '/tmp/pytest-of-paul/pytest-32/popen-gw0/test_tool_service_pyright_pars0/repo/__init__.py'

../.local/share/uv/python/cpython-3.13.9-linux-x86_64-gnu/lib/python3.13/pathlib/_local.py:537: FileNotFoundError</error></testcase><testcase classname="tests.lint.test_no_legacy_data_model_json" name="test_no_legacy_json_usage_outside_whitelist" time="0.008" /><testcase classname="tests.ingestion.test_tool_service" name="test_tool_service_coverage_reports" time="0.001"><error message="failed on setup with &quot;FileNotFoundError: [Errno 2] No such file or directory: '/tmp/pytest-of-paul/pytest-32/popen-gw4/test_tool_service_coverage_rep0/repo/__init__.py'&quot;">tmp_path = PosixPath('/tmp/pytest-of-paul/pytest-32/popen-gw4/test_tool_service_coverage_rep0')

    @pytest.fixture
    def tooling_outputs(tmp_path: Path) -&gt; ToolingOutputs:
        """
        Run the real tooling stack against a minimal repo.
    
        Returns
        -------
        ToolingOutputs
            Diagnostics and coverage reports produced by the tooling services.
        """
&gt;       context = build_tooling_context(tmp_path)
                  ^^^^^^^^^^^^^^^^^^^^^^^^^^^^^^^

tests/ingestion/test_tool_service.py:22: 
_ _ _ _ _ _ _ _ _ _ _ _ _ _ _ _ _ _ _ _ _ _ _ _ _ _ _ _ _ _ _ _ _ _ _ _ _ _ _ _ _ _ _ _ _ _ _ _ _ _ _ _ _ _ _ _ _ _ _ _ _ _ _ _ _ _ _ _ _ _ _ _ _ _ _ _ _ _ _ _ _ _ _ _ _ _ _ _ _ _ _ _ _ _ _ _ 
tests/_helpers/tooling.py:99: in build_tooling_context
    driver_path = _write_tooling_repo(repo_root)
                  ^^^^^^^^^^^^^^^^^^^^^^^^^^^^^^
tests/_helpers/tooling.py:27: in _write_tooling_repo
    (repo_root / "__init__.py").write_text(
../.local/share/uv/python/cpython-3.13.9-linux-x86_64-gnu/lib/python3.13/pathlib/_local.py:555: in write_text
    return PathBase.write_text(self, data, encoding, errors, newline)
           ^^^^^^^^^^^^^^^^^^^^^^^^^^^^^^^^^^^^^^^^^^^^^^^^^^^^^^^^^^
../.local/share/uv/python/cpython-3.13.9-linux-x86_64-gnu/lib/python3.13/pathlib/_abc.py:651: in write_text
    with self.open(mode='w', encoding=encoding, errors=errors, newline=newline) as f:
         ^^^^^^^^^^^^^^^^^^^^^^^^^^^^^^^^^^^^^^^^^^^^^^^^^^^^^^^^^^^^^^^^^^^^^^
_ _ _ _ _ _ _ _ _ _ _ _ _ _ _ _ _ _ _ _ _ _ _ _ _ _ _ _ _ _ _ _ _ _ _ _ _ _ _ _ _ _ _ _ _ _ _ _ _ _ _ _ _ _ _ _ _ _ _ _ _ _ _ _ _ _ _ _ _ _ _ _ _ _ _ _ _ _ _ _ _ _ _ _ _ _ _ _ _ _ _ _ _ _ _ _ 

self = PosixPath('/tmp/pytest-of-paul/pytest-32/popen-gw4/test_tool_service_coverage_rep0/repo/__init__.py'), mode = 'w', buffering = -1, encoding = 'utf8', errors = None, newline = None

    def open(self, mode='r', buffering=-1, encoding=None,
             errors=None, newline=None):
        """
        Open the file pointed to by this path and return a file object, as
        the built-in open() function does.
        """
        if "b" not in mode:
            encoding = io.text_encoding(encoding)
&gt;       return io.open(self, mode, buffering, encoding, errors, newline)
               ^^^^^^^^^^^^^^^^^^^^^^^^^^^^^^^^^^^^^^^^^^^^^^^^^^^^^^^^^
E       FileNotFoundError: [Errno 2] No such file or directory: '/tmp/pytest-of-paul/pytest-32/popen-gw4/test_tool_service_coverage_rep0/repo/__init__.py'

../.local/share/uv/python/cpython-3.13.9-linux-x86_64-gnu/lib/python3.13/pathlib/_local.py:537: FileNotFoundError</error></testcase><testcase classname="tests.graphs.test_span_consistency_integration" name="test_span_alignment_across_components" time="2.068"><failure message="ModuleNotFoundError: No module named 'pkg.a'">tmp_path = PosixPath('/tmp/pytest-of-paul/pytest-32/popen-gw6/test_span_alignment_across_com0')
fresh_gateway = _DuckDBGateway(config=StorageConfig(db_path=PosixPath('/tmp/pytest-of-paul/pytest-32/popen-gw6/test_span_alignment_acr...ction object at 0x7740b82081f0&gt;), analytics=AnalyticsTables(con=&lt;_duckdb.DuckDBPyConnection object at 0x7740b82081f0&gt;))

    def test_span_alignment_across_components(tmp_path: Path, fresh_gateway: StorageGateway) -&gt; None:
        """
        Ensure call graph, CFG/DFG, and test coverage edges agree on function GOIDs.
    
        Raises
        ------
        AssertionError
            If any component produces mismatched GOIDs for the same function spans.
        """
        repo_root = tmp_path / "repo"
        caller_start, caller_end = _write_repo(repo_root)
    
        gateway = fresh_gateway
        con = gateway.con
    
        # Seed modules for module mapping.
        con.executemany(
            """
            INSERT INTO core.modules (module, path, repo, commit, language, tags, owners)
            VALUES (?, ?, ?, ?, 'python', '[]', '[]')
            """,
            [
                ("pkg.a", "pkg/a.py", REPO, COMMIT),
                ("pkg.b", "pkg/b.py", REPO, COMMIT),
            ],
        )
    
        # Seed GOIDs for caller; callee coverage is intentionally ignored for alignment.
        now = datetime.now(UTC)
        con.execute(
            """
            INSERT INTO core.goids (
                goid_h128, urn, repo, commit, rel_path, language, kind, qualname, start_line, end_line, created_at
            ) VALUES (?, ?, ?, ?, ?, ?, ?, ?, ?, ?, ?)
            """,
            (
                200,
                "urn:pkg.b.caller",
                REPO,
                COMMIT,
                "pkg/b.py",
                "python",
                "function",
                "pkg.b.caller",
                caller_start,
                caller_end,
                now,
            ),
        )
    
        # Minimal test_catalog row to supply status.
        con.execute(
            """
            INSERT INTO analytics.test_catalog (test_id, rel_path, qualname, repo, commit, status)
            VALUES ('tests/test_sample.py::test_caller', 'pkg/b.py', 'pkg.b.caller', ?, ?, 'passed')
            """,
            [REPO, COMMIT],
        )
    
        builder = ConfigBuilder.from_snapshot(repo=REPO, commit=COMMIT, repo_root=repo_root)
    
        # Build call graph and CFG using shared spans.
        build_call_graph(gateway, builder.call_graph())
        build_cfg_and_dfg(gateway, builder.cfg_builder())
        # Symbol uses from SCIP JSON.
        scip_json = builder.paths.scip_dir / "index.scip.json"
        scip_json.parent.mkdir(parents=True, exist_ok=True)
        scip_json.write_text(
            (
                """
                [
                  {
                    "relative_path": "pkg/a.py",
                    "occurrences": [
                      { "symbol": "sym#def", "symbol_roles": 1 }
                    ]
                  },
                  {
                    "relative_path": "pkg/b.py",
                    "occurrences": [
                      { "symbol": "sym#def", "symbol_roles": 2 }
                    ]
                  }
                ]
                """
            ).strip(),
            encoding="utf8",
        )
        build_symbol_use_edges(
            gateway,
            builder.symbol_uses(scip_json_path=scip_json),
        )
    
&gt;       coverage_artifact = generate_coverage_for_function(
            repo_root=repo_root,
            module_import="pkg.b",
            function_name="caller",
            test_id="tests/test_sample.py::test_caller",
        )

tests/graphs/test_span_consistency_integration.py:127: 
_ _ _ _ _ _ _ _ _ _ _ _ _ _ _ _ _ _ _ _ _ _ _ _ _ _ _ _ _ _ _ _ _ _ _ _ _ _ _ _ _ _ _ _ _ _ _ _ _ _ _ _ _ _ _ _ _ _ _ _ _ _ _ _ _ _ _ _ _ _ _ _ _ _ _ _ _ _ _ _ _ _ _ _ _ _ _ _ _ _ _ _ _ _ _ _ 
tests/_helpers/tooling.py:300: in generate_coverage_for_function
    module = _load_module(module_import, module_path)
             ^^^^^^^^^^^^^^^^^^^^^^^^^^^^^^^^^^^^^^^^
tests/_helpers/tooling.py:241: in _load_module
    spec.loader.exec_module(module)
&lt;frozen importlib._bootstrap_external&gt;:1027: in exec_module
    ???
&lt;frozen importlib._bootstrap&gt;:488: in _call_with_frames_removed
    ???
_ _ _ _ _ _ _ _ _ _ _ _ _ _ _ _ _ _ _ _ _ _ _ _ _ _ _ _ _ _ _ _ _ _ _ _ _ _ _ _ _ _ _ _ _ _ _ _ _ _ _ _ _ _ _ _ _ _ _ _ _ _ _ _ _ _ _ _ _ _ _ _ _ _ _ _ _ _ _ _ _ _ _ _ _ _ _ _ _ _ _ _ _ _ _ _ 

&gt;   from pkg.a import callee
E   ModuleNotFoundError: No module named 'pkg.a'

/tmp/pytest-of-paul/pytest-32/popen-gw6/test_span_alignment_across_com0/repo/pkg/b.py:1: ModuleNotFoundError</failure></testcase><testcase classname="tests.graphs.test_engine_factory" name="test_build_graph_engine_cpu_backend_leaves_env_clean" time="0.200" /><testcase classname="tests.graphs.test_symbol_uses_module_fallback" name="test_partial_catalog_map_falls_back_to_db" time="0.987" /><testcase classname="tests.docs_export.test_export_parity" name="test_export_mappings_registered_with_dataset_registry" time="2.973" /><testcase classname="tests.docs_export.test_export_runner" name="test_run_validated_exports_invokes_validator_before_exports" time="0.001" /><testcase classname="tests.ingestion.test_scip_ingest" name="test_ingest_scip_uses_injected_runner" time="0.992" /><testcase classname="tests.docs_export.test_export_smoke" name="test_export_all_writes_expected_files" time="1.206" /><testcase classname="tests.ingestion.test_change_tracker" name="test_view_for_dataset_incremental" time="1.974" /><testcase classname="tests.docs_export.test_validate_exports" name="test_validate_jsonl_happy_path" time="0.003" /><testcase classname="tests.docs_export.test_validate_exports" name="test_validate_jsonl_failure" time="0.002" /><testcase classname="tests.mcp.test_backend_adapter" name="test_validate_direction_accepts_expected" time="0.001" /><testcase classname="tests.mcp.test_backend_adapter" name="test_backend_delegates_after_validation" time="0.001" /><testcase classname="tests.graphs.test_callgraph_fallback" name="test_callgraph_falls_back_to_ast" time="0.003" /><testcase classname="tests.graphs.test_callgraph_resolution" name="test_resolve_callee_precedence_local_then_alias" time="0.001" /><testcase classname="tests.mcp.test_registry_limits_parity" name="test_limits_parity_between_local_and_remote_configs" time="0.001" /><testcase classname="tests.mcp.test_registry_limits_parity" name="test_registry_helper_matches_base_registry" time="0.000" /><testcase classname="tests.mcp.test_wiring_smoke" name="test_mcp_wiring_smoke" time="0.007" /><testcase classname="tests.orchestration.test_graph_engine_sharing" name="test_graph_engine_reused_with_backend_flags" time="0.531" /><testcase classname="tests.config.test_ingestion_schema_registry" name="test_ingestion_sql_tables_match_schema[graph.import_graph_edges]" time="1.959" /><testcase classname="tests.config.test_ingestion_schema_registry" name="test_ingestion_sql_tables_match_schema[core.file_state]" time="1.962" /><testcase classname="tests.ingestion.test_common_changes" name="test_compute_changes_tracks_add_modify_delete" time="0.202" /><testcase classname="tests.config.test_ingestion_schema_registry" name="test_ingestion_sql_tables_match_schema[core.repo_map]" time="1.957" /><testcase classname="tests.ingestion.test_runner_plumbing" name="test_typing_ingest_uses_shared_runner" time="0.001"><failure message="FileNotFoundError: [Errno 2] No such file or directory: '/tmp/pytest-of-paul/pytest-32/popen-gw10/test_typing_ingest_uses_shared0/repo/__init__.py'">tmp_path = PosixPath('/tmp/pytest-of-paul/pytest-32/popen-gw10/test_typing_ingest_uses_shared0')

    def test_typing_ingest_uses_shared_runner(tmp_path: Path) -&gt; None:
        """Ensure typing ingestion reuses the provided ToolRunner."""
&gt;       context = build_tooling_context(tmp_path)
                  ^^^^^^^^^^^^^^^^^^^^^^^^^^^^^^^

tests/ingestion/test_runner_plumbing.py:85: 
_ _ _ _ _ _ _ _ _ _ _ _ _ _ _ _ _ _ _ _ _ _ _ _ _ _ _ _ _ _ _ _ _ _ _ _ _ _ _ _ _ _ _ _ _ _ _ _ _ _ _ _ _ _ _ _ _ _ _ _ _ _ _ _ _ _ _ _ _ _ _ _ _ _ _ _ _ _ _ _ _ _ _ _ _ _ _ _ _ _ _ _ _ _ _ _ 
tests/_helpers/tooling.py:99: in build_tooling_context
    driver_path = _write_tooling_repo(repo_root)
                  ^^^^^^^^^^^^^^^^^^^^^^^^^^^^^^
tests/_helpers/tooling.py:27: in _write_tooling_repo
    (repo_root / "__init__.py").write_text(
../.local/share/uv/python/cpython-3.13.9-linux-x86_64-gnu/lib/python3.13/pathlib/_local.py:555: in write_text
    return PathBase.write_text(self, data, encoding, errors, newline)
           ^^^^^^^^^^^^^^^^^^^^^^^^^^^^^^^^^^^^^^^^^^^^^^^^^^^^^^^^^^
../.local/share/uv/python/cpython-3.13.9-linux-x86_64-gnu/lib/python3.13/pathlib/_abc.py:651: in write_text
    with self.open(mode='w', encoding=encoding, errors=errors, newline=newline) as f:
         ^^^^^^^^^^^^^^^^^^^^^^^^^^^^^^^^^^^^^^^^^^^^^^^^^^^^^^^^^^^^^^^^^^^^^^
_ _ _ _ _ _ _ _ _ _ _ _ _ _ _ _ _ _ _ _ _ _ _ _ _ _ _ _ _ _ _ _ _ _ _ _ _ _ _ _ _ _ _ _ _ _ _ _ _ _ _ _ _ _ _ _ _ _ _ _ _ _ _ _ _ _ _ _ _ _ _ _ _ _ _ _ _ _ _ _ _ _ _ _ _ _ _ _ _ _ _ _ _ _ _ _ 

self = PosixPath('/tmp/pytest-of-paul/pytest-32/popen-gw10/test_typing_ingest_uses_shared0/repo/__init__.py'), mode = 'w', buffering = -1, encoding = 'utf8', errors = None, newline = None

    def open(self, mode='r', buffering=-1, encoding=None,
             errors=None, newline=None):
        """
        Open the file pointed to by this path and return a file object, as
        the built-in open() function does.
        """
        if "b" not in mode:
            encoding = io.text_encoding(encoding)
&gt;       return io.open(self, mode, buffering, encoding, errors, newline)
               ^^^^^^^^^^^^^^^^^^^^^^^^^^^^^^^^^^^^^^^^^^^^^^^^^^^^^^^^^
E       FileNotFoundError: [Errno 2] No such file or directory: '/tmp/pytest-of-paul/pytest-32/popen-gw10/test_typing_ingest_uses_shared0/repo/__init__.py'

../.local/share/uv/python/cpython-3.13.9-linux-x86_64-gnu/lib/python3.13/pathlib/_local.py:537: FileNotFoundError</failure></testcase><testcase classname="tests.orchestration.test_graph_engine_sharing" name="test_runtime_reuse_with_graph_context" time="0.235" /><testcase classname="tests.graphs.test_symbol_uses_module_fallback" name="test_no_module_mapping_keeps_same_module_false" time="0.991" /><testcase classname="tests.ingestion.test_no_ad_hoc_changes" name="test_no_ad_hoc_change_detection[path0]" time="0.001" /><testcase classname="tests.orchestration.test_pipeline_catalog_entrypoint" name="test_pipeline_steps_use_function_catalog" time="1.318" /><testcase classname="tests.orchestration.test_history_timeseries_prefect" name="test_prefect_history_timeseries_step" time="4.160" /><testcase classname="tests.orchestration.test_graph_engine_sharing" name="test_engine_reuse_across_semantic_roles" time="0.206" /><testcase classname="tests.mcp.test_backend" name="test_get_function_summary" time="2.031" /><testcase classname="tests.mcp.test_backend" name="test_get_tests_for_function" time="2.024" /><testcase classname="tests.mcp.test_backend" name="test_callgraph_direction_validation" time="2.019" /><testcase classname="tests.graphs.test_callgraph_builder" name="test_callgraph_handles_aliases_and_relative_imports" time="0.221" /><testcase classname="tests.mcp.test_backend" name="test_dataset_rows_clamping" time="1.986" /><testcase classname="tests.graphs.test_graph_validation_catalog" name="test_graph_validation_orphan_uses_catalog_map" time="2.983" /><testcase classname="tests.orchestration.test_pipeline_catalog_reuse" name="test_steps_share_function_catalog" time="1.289" /><testcase classname="tests.ingestion.test_change_tracker" name="test_view_for_dataset_full_rebuild_when_changed_ratio_exceeds_policy" time="1.945" /><testcase classname="tests.mcp.test_backend_adapter" name="test_require_identifier_validation" time="0.001" /><testcase classname="tests.mcp.test_backend_dataset_adapter" name="test_read_dataset_rows_delegates" time="1.959" /><testcase classname="tests.mcp.test_duckdb_backend_engine" name="test_duckdb_backend_uses_injected_engine" time="0.193" /><testcase classname="tests.ingestion.test_change_tracker" name="test_view_for_dataset_respects_module_filter_and_deleted_paths" time="1.945" /><testcase classname="tests.mcp.test_backend" name="test_tests_for_function_not_found" time="1.991" /><testcase classname="tests.orchestration.test_graph_engine_sharing" name="test_graph_runtime_reuses_engine" time="0.191" /><testcase classname="tests.mcp.test_backend" name="test_function_validation_clamping" time="1.978" /><testcase classname="tests.mcp.test_backend" name="test_dataset_list_includes_function_validation" time="1.979" /><testcase classname="tests.orchestration.test_prefect_export_docs" name="test_t_export_docs_invokes_validator_before_export" time="1.768" /><testcase classname="tests.orchestration.test_prefect_flow_smoke" name="test_prefect_flow_imports" time="0.000" /><testcase classname="tests.server.test_fastapi_endpoints" name="test_import_boundary_limits" time="1.142" /><testcase classname="tests.mcp.test_backend" name="test_get_function_summary_invalid" time="1.978" /><testcase classname="tests.orchestration.test_risk_factors_catalog_fallback" name="test_risk_factors_uses_catalog_modules_when_core_modules_empty" time="1.003" /><testcase classname="tests.mcp.test_backend" name="test_read_dataset_rows_unknown" time="1.979" /><testcase classname="tests.mcp.test_backend" name="test_get_tests_for_function_invalid" time="1.981" /><testcase classname="tests.server.test_datasets_registry" name="test_function_validation_dataset_present" time="0.001" /><testcase classname="tests.services.test_errors" name="test_problem_defaults_and_to_dict" time="0.001" /><testcase classname="tests.services.test_errors" name="test_problem_error_taxonomy_subclasses" time="0.000" /><testcase classname="tests.services.test_errors" name="test_log_problem_emits_json" time="0.003" /><testcase classname="tests.services.test_factory_wiring" name="test_build_backend_resource_local" time="2.115" /><testcase classname="tests.server.test_dataset_registry_parity" name="test_dataset_registry_parity_across_factory_defaults" time="1.932" /><testcase classname="tests.server.test_fastapi" name="test_dataset_rows_unknown_dataset" time="1.198" /><testcase classname="tests.mcp.test_backend" name="test_read_function_validation_dataset" time="1.982" /><testcase classname="tests.server.test_fastapi" name="test_dataset_rows_success" time="1.202" /><testcase classname="tests.graphs.test_validation" name="test_run_graph_validations_emits_warnings" time="2.938" /><testcase classname="tests.server.test_fastapi_endpoints" name="test_fastapi_endpoints_smoke" time="1.261" /><testcase classname="tests.server.test_fastapi_endpoints" name="test_http_backend_against_fastapi" time="1.202" /><testcase classname="tests.server.test_wiring_smoke" name="test_fastapi_wiring_smoke" time="0.032" /><testcase classname="tests.services.test_query_service" name="test_http_high_risk_clamps_using_limits" time="0.001" /><testcase classname="tests.services.test_query_service" name="test_fastapi_delegates_to_query_service" time="0.027" /><testcase classname="tests.services.test_backend_limits" name="test_http_service_applies_backend_limits" time="0.000" /><testcase classname="tests.ingestion.test_change_tracker" name="test_view_for_dataset_full_rebuild_flag_forces_rebuild" time="1.935" /><testcase classname="tests.server.test_fastapi_endpoints" name="test_backend_registry_matches_gateway" time="1.172" /><testcase classname="tests.server.test_fastapi" name="test_function_summary_not_found" time="1.193" /><testcase classname="tests.server.test_fastapi" name="test_dataset_rows_limit_clamped" time="1.195" /><testcase classname="tests.services.test_query_service" name="test_local_read_dataset_rows_defaults_limit" time="0.000" /><testcase classname="tests.storage.test_views_scoping" name="test_call_graph_view_scopes_edges_to_repo_commit" time="0.272" /><testcase classname="tests.server.test_fastapi" name="test_tests_for_function_success" time="1.204" /><testcase classname="tests.services.test_query_service" name="test_local_read_dataset_rows_propagates_errors" time="0.001" /><testcase classname="tests.test_pipeline_smoke" name="test_pipeline_export_docs_smoke" time="0.001"><skipped type="pytest.xfail" message="Pipeline export_docs currently fails in function_effects catalog integration" /></testcase><testcase classname="tests.server.test_fastapi_endpoints" name="test_callgraph_neighborhood_limits" time="1.192" /><testcase classname="tests.test_testing_contract" name="test_testing_charter_forbidden_patterns" time="0.009" /><testcase classname="tests.test_tests_analytics_unit" name="test_edges_for_file_uses_test_meta" time="0.000" /><testcase classname="tests.test_tests_analytics_unit" name="test_compute_test_coverage_edges_with_real_coverage" time="0.248" /><testcase classname="tests.server.test_fastapi" name="test_tests_for_function_validation" time="1.197" /><testcase classname="tests.services.test_query_service" name="test_local_read_dataset_rows_records_observability" time="0.001" /><testcase classname="tests.orchestration.test_prefect_flow_smoke" name="test_cli_docs_export_with_validation" time="7.749" /><testcase classname="tests.server.test_fastapi_endpoints" name="test_health_reports_limits" time="1.188" /><testcase classname="tests.test_callgraph_alias_resolution" name="test_callgraph_resolves_import_alias" time="0.001" /><testcase classname="tests.services.test_query_service" name="test_http_read_dataset_rows_clamps_limit" time="0.001" /><testcase classname="tests.graphs.test_import_modules" name="test_import_modules_matches_condensation_layers" time="1.982" /><testcase classname="tests.test_tests_analytics_unit" name="test_compute_test_coverage_edges_respects_injected_loader" time="0.249" /><testcase classname="tests.services.test_backend_limits" name="test_clamp_limit_value_caps_and_reports" time="0.001" /><testcase classname="tests.server.test_dataset_registry_parity" name="test_backend_resource_limits_and_registry_align" time="2.113" /><testcase classname="tests.services.test_query_service" name="test_http_read_dataset_rows_invalid_offset" time="0.001" /><testcase classname="tests.services.test_query_service" name="test_local_query_service_reads_architecture_seed" time="1.617" /><testcase classname="tests.services.test_query_service" name="test_query_service_contract_local_vs_http" time="1.702" /><testcase classname="tests.services.test_errors" name="test_problem_allows_override_instance_and_type" time="0.001" /><testcase classname="tests.services.test_factory_wiring" name="test_build_backend_resource_remote" time="3.557" /><testcase classname="tests.services.test_query_service" name="test_mcp_tool_delegation" time="0.006"><skipped type="pytest.skip" message="FastMCP tools registry not available">/home/paul/CodeIntel/tests/services/test_query_service.py:501: FastMCP tools registry not available</skipped></testcase><testcase classname="tests.test_tests_analytics_unit" name="test_backfill_test_goids_updates_catalog" time="0.236" /><testcase classname="tests.server.test_fastapi" name="test_backend_registry_matches_gateway" time="1.176" /><testcase classname="tests.services.test_factory_wiring" name="test_build_backend_resource_gateway_path" time="2.531" /><testcase classname="tests.storage.test_schema_alignment" name="test_apply_and_validate_schema_alignment" time="2.109" /><testcase classname="tests.storage.test_gateway_helpers" name="test_insert_helpers_write_expected_rows" time="2.059" /><testcase classname="tests.orchestration.test_prefect_flow_smoke" name="test_prefect_flow_preflight_only" time="5.692" /><testcase classname="tests.storage.test_schema_function_validation" name="test_apply_all_schemas_creates_function_validation" time="1.816" /><testcase classname="tests.server.test_fastapi" name="test_function_summary_success" time="0.962" /></testsuite></testsuites>