<?xml version="1.0" encoding="utf-8"?><testsuites name="pytest tests"><testsuite name="pytest" errors="49" failures="31" skipped="27" tests="2911" time="716.426" timestamp="2025-12-25T08:55:02.364404-06:00" hostname="MacBookPro.lan"><testcase classname="tests.cli.test_build_cli.TestBuildStatusHelp" name="test_status_help_shows_description@cli_shared_flags" time="0.153" /><testcase classname="tests._helpers.test_graphs_ast_lookup" name="test_build_ast_map_raises_for_missing_target" time="0.009" /><testcase classname="tests._helpers.test_symbol_use_edges" name="test_make_symbol_use_edge_row_infers_same_flags" time="0.006" /><testcase classname="tests._helpers.test_schema_seeding" name="test_ensure_production_schemas_is_idempotent" time="1.536" /><testcase classname="tests._helpers.test_graphs_ast_lookup" name="test_build_ast_map_handles_functions_and_classes" time="0.007" /><testcase classname="tests.analytics.compute.test_entrypoints_detection" name="test_import_context_immutability" time="0.001" /><testcase classname="tests.analytics.compute.test_entrypoints_detection" name="test_detector_settings_defaults_and_disable" time="0.002" /><testcase classname="tests.analytics.compute.test_entrypoints_detection" name="test_entrypoint_candidate_kinds[cli_command]" time="0.003" /><testcase classname="tests.analytics.compute.test_entrypoints_detection" name="test_entrypoint_candidate_frameworks[click]" time="0.001" /><testcase classname="tests.analytics.compute.test_entrypoints_detection" name="test_entrypoint_candidate_frameworks[fastapi]" time="0.001" /><testcase classname="tests.analytics.compute.test_entrypoints_detection" name="test_entrypoint_candidate_frameworks[flask]" time="0.001" /><testcase classname="tests.analytics.compute.test_entrypoints_detection" name="test_entrypoint_candidate_frameworks[typer]" time="0.001" /><testcase classname="tests.analytics.compute.test_entrypoints_detection" name="test_entrypoint_candidate_frameworks[celery]" time="0.002" /><testcase classname="tests.analytics.compute.test_entrypoints_detection" name="test_entrypoint_candidate_frameworks[django]" time="0.004" /><testcase classname="tests.analytics.compute.test_entrypoints_detection" name="test_entrypoint_candidate_frameworks[None]" time="0.002" /><testcase classname="tests.analytics.compute.test_entrypoints_detection" name="test_entrypoint_candidate_frameworks[airflow]" time="0.001" /><testcase classname="tests.analytics.compute.test_entrypoints_detection" name="test_detect_entrypoints_basic_behaviors" time="0.001" /><testcase classname="tests.analytics.compute.test_entrypoints_detection" name="test_detects_fastapi_and_flask_routes" time="0.002" /><testcase classname="tests.analytics.compute.test_entrypoints_detection" name="test_detects_click_typer_and_generic_routes" time="0.005" /><testcase classname="tests.analytics.compute.test_entrypoints_detection" name="test_detect_entrypoints_emits_snippet_evidence" time="0.003" /><testcase classname="tests.analytics.compute.test_evidence_collection" name="test_evidence_sample_from_ast_and_to_dict" time="0.001" /><testcase classname="tests.analytics.compute.test_evidence_collection" name="test_evidence_collector_deduplicates_and_caps" time="0.001" /><testcase classname="tests.analytics.compute.test_evidence_collection" name="test_evidence_collector_add_from_ast_and_extend" time="0.001" /><testcase classname="tests.analytics.compute.test_evidence_collection" name="test_evidence_collector_caps_and_retains_details" time="0.001" /><testcase classname="tests.analytics.compute.test_evidence_collection" name="test_validate_evidence_samples_errors" time="0.001" /><testcase classname="tests.analytics.compute.test_graphs_centrality" name="test_metrics_create_all_fields" time="0.001" /><testcase classname="tests.analytics.compute.test_graphs_centrality" name="test_metrics_is_frozen" time="0.002" /><testcase classname="tests.analytics.compute.test_graphs_centrality" name="test_pagerank_empty_graph" time="0.002" /><testcase classname="tests.analytics.compute.test_graphs_centrality" name="test_pagerank_simple_chain" time="0.460" /><testcase classname="tests.analytics.compute.test_graphs_centrality" name="test_pagerank_single_node" time="0.457" /><testcase classname="tests.cli.test_build_cli.TestBuildStatusHelp" name="test_status_help_shows_options@cli_shared_flags" time="0.016"><failure message="AssertionError: output format option: '--output-format' not found in 'Usage: codeintel build status [ARGS]\n\nShow current state of build targets.\n\n╭─ Parameters ─────────────────────────────────────────────────────────────────╮\n│ MODULE --module -m  Filter status to a specific module (ingestion, graphs,   │\n│                     analytics, export). [env var:                            │\n│                     CODEINTEL_BUILD_STATUS_MODULE,                           │\n│                     CODEINTEL_BUILD_STATUS_MODULE] [default: (none)]         │\n│ FLAGS --flags       [env var: CODEINTEL_BUILD_STATUS_FLAGS] [default:        │\n│                     --flags]                                                 │\n╰──────────────────────────────────────────────────────────────────────────────╯\n'">@staticmethod
    def test_status_help_shows_options() -&gt; None:
        """Help text shows available options."""
        result = run_cli(["build", "status", "--help"])
    
        expect_equal(result.exit_code, 0, label="exit_code")
        expect_in("--module", result.stdout, label="module option")
&gt;       expect_in("--output-format", result.stdout, label="output format option")

tests/cli/test_build_cli.py:46: 
_ _ _ _ _ _ _ _ _ _ _ _ _ _ _ _ _ _ _ _ _ _ _ _ _ _ _ _ _ _ _ _ _ _ _ _ _

value = '--output-format'
container = 'Usage: codeintel build status [ARGS]\n\nShow current state of build targets.\n\n╭─ Parameters ───────────────────────...                                 │\n╰──────────────────────────────────────────────────────────────────────────────╯\n'

    def expect_in(value: object, container: Iterable[object], *, label: str | None = None) -&gt; None:
        """Raise AssertionError when a value is not present in a container.
    
        Parameters
        ----------
        value
            Item expected to be present.
        container
            Container to inspect for membership.
        label
            Optional label prefix for the failure message.
    
        Raises
        ------
        AssertionError
            If the value is missing from the container.
        """
        if value in container:
            return
        failure_message = f"{_prefix(label)}{value!r} not found in {container!r}"
&gt;       raise AssertionError(failure_message)
E       AssertionError: output format option: '--output-format' not found in 'Usage: codeintel build status [ARGS]\n\nShow current state of build targets.\n\n╭─ Parameters ─────────────────────────────────────────────────────────────────╮\n│ MODULE --module -m  Filter status to a specific module (ingestion, graphs,   │\n│                     analytics, export). [env var:                            │\n│                     CODEINTEL_BUILD_STATUS_MODULE,                           │\n│                     CODEINTEL_BUILD_STATUS_MODULE] [default: (none)]         │\n│ FLAGS --flags       [env var: CODEINTEL_BUILD_STATUS_FLAGS] [default:        │\n│                     --flags]                                                 │\n╰──────────────────────────────────────────────────────────────────────────────╯\n'

tests/_helpers/assertions/expectation_assertions.py:111: AssertionError</failure></testcase><testcase classname="tests.cli.test_build_cli.TestBuildStatusCommand" name="test_status_json_output_structure@cli_shared_flags" time="0.006" /><testcase classname="tests.cli.test_build_cli.TestBuildStatusCommand" name="test_status_invalid_module@cli_shared_flags" time="25.015" /><testcase classname="tests.analytics.compute.test_graphs_centrality" name="test_pagerank_cycle_equal" time="0.005" /><testcase classname="tests.analytics.compute.test_graphs_centrality" name="test_pagerank_star_hub_low" time="0.002" /><testcase classname="tests.analytics.compute.test_graphs_centrality" name="test_pagerank_reverse_star_hub_high" time="0.002" /><testcase classname="tests.analytics.compute.test_graphs_centrality" name="test_pagerank_realistic_call_graph" time="0.002" /><testcase classname="tests.analytics.compute.test_graphs_centrality" name="test_pagerank_custom_alpha" time="0.003" /><testcase classname="tests.analytics.compute.test_graphs_centrality" name="test_pagerank_custom_max_iter" time="0.002" /><testcase classname="tests.analytics.compute.test_graphs_centrality" name="test_pagerank_custom_tolerance" time="0.003" /><testcase classname="tests.analytics.compute.test_graphs_centrality" name="test_pagerank_disconnected_components" time="0.003" /><testcase classname="tests.analytics.compute.test_graphs_centrality" name="test_pagerank_sums_to_one" time="0.002" /><testcase classname="tests.analytics.compute.test_graphs_centrality" name="test_pagerank_keys_match_nodes" time="0.002" /><testcase classname="tests.analytics.compute.test_graphs_centrality" name="test_pagerank_values_are_floats" time="0.002" /><testcase classname="tests.analytics.compute.test_graphs_centrality" name="test_betweenness_empty_graph" time="0.001" /><testcase classname="tests.analytics.compute.test_graphs_centrality" name="test_betweenness_single_node_zero" time="0.001" /><testcase classname="tests.analytics.compute.test_graphs_centrality" name="test_betweenness_chain_middle_nodes_high" time="0.001" /><testcase classname="tests.analytics.compute.test_graphs_centrality" name="test_betweenness_star_hub_high" time="0.001" /><testcase classname="tests.analytics.compute.test_graphs_centrality" name="test_betweenness_normalized" time="0.001" /><testcase classname="tests.analytics.compute.test_graphs_centrality" name="test_betweenness_cycle_equal" time="0.001" /><testcase classname="tests.analytics.compute.test_graphs_centrality" name="test_betweenness_sampled_with_k" time="0.001" /><testcase classname="tests.analytics.compute.test_graphs_centrality" name="test_betweenness_unnormalized" time="0.001" /><testcase classname="tests.analytics.compute.test_graphs_centrality" name="test_betweenness_disconnected_components" time="0.001" /><testcase classname="tests.analytics.compute.test_graphs_centrality" name="test_betweenness_realistic_call_graph" time="0.001" /><testcase classname="tests.analytics.compute.test_graphs_centrality" name="test_betweenness_keys_match_nodes" time="0.001" /><testcase classname="tests.analytics.compute.test_graphs_centrality" name="test_betweenness_values_are_floats" time="0.001" /><testcase classname="tests.analytics.compute.test_graphs_centrality" name="test_both_metrics_same_nodes" time="0.002" /><testcase classname="tests.analytics.compute.test_graphs_centrality" name="test_metrics_identify_different_importance" time="0.002" /><testcase classname="tests.analytics.compute.test_graphs_centrality" name="test_dense_graph_metrics" time="0.001" /><testcase classname="tests.analytics.compute.test_graphs_centrality" name="test_centrality_directed_logs_eigen_warning" time="0.005" /><testcase classname="tests.analytics.compute.test_graphs_centrality" name="test_centrality_undirected_logs_structural_warning" time="0.009" /><testcase classname="tests.analytics.compute.test_graphs_centrality" name="test_centrality_undirected_logs_eigen_warning" time="0.009" /><testcase classname="tests.analytics.compute.test_graphs_conversions.TestNormalizeDecimalId" name="test_passes_through_integers[123-123]" time="0.001" /><testcase classname="tests.analytics.compute.test_graphs_conversions.TestNormalizeDecimalId" name="test_returns_none_for_none" time="0.001" /><testcase classname="tests.analytics.compute.test_graphs_conversions.TestNormalizeDecimalId" name="test_passes_through_integers[-1--1]" time="0.001" /><testcase classname="tests.analytics.compute.test_graphs_conversions.TestNormalizeDecimalId" name="test_passes_through_integers[0-0]" time="0.001" /><testcase classname="tests.analytics.compute.test_graphs_conversions.TestNormalizeDecimalId" name="test_converts_decimal_to_int[input_val1-0]" time="0.001" /><testcase classname="tests.analytics.compute.test_graphs_conversions.TestNormalizeDecimalId" name="test_converts_decimal_to_int[input_val0-123]" time="0.002" /><testcase classname="tests.analytics.compute.test_graphs_conversions.TestNormalizeDecimalId" name="test_converts_decimal_to_int[input_val2--456]" time="0.002" /><testcase classname="tests.analytics.compute.test_graphs_conversions.TestNormalizeDecimalId" name="test_converts_decimal_to_int[input_val3-999999999999999999]" time="0.002" /><testcase classname="tests.analytics.compute.test_graphs_conversions.TestNormalizeDecimalId" name="test_decodes_bytes[123-123]" time="0.002" /><testcase classname="tests.analytics.compute.test_graphs_conversions.TestNormalizeDecimalId" name="test_decodes_bytes[456-456]" time="0.002" /><testcase classname="tests.analytics.compute.test_graphs_conversions.TestNormalizeDecimalId" name="test_decodes_bytearray[input_val0-123]" time="0.001" /><testcase classname="tests.analytics.compute.test_graphs_conversions.TestNormalizeDecimalId" name="test_decodes_bytes[0-0]" time="0.002" /><testcase classname="tests.analytics.compute.test_graphs_conversions.TestNormalizeDecimalId" name="test_decodes_bytearray[input_val1-789]" time="0.001" /><testcase classname="tests.analytics.compute.test_graphs_conversions.TestNormalizeDecimalId" name="test_returns_none_for_invalid_bytes" time="0.001" /><testcase classname="tests.analytics.compute.test_graphs_conversions.TestNormalizeDecimalId" name="test_returns_none_for_non_numeric_bytes" time="0.001" /><testcase classname="tests.analytics.compute.test_graphs_conversions.TestNormalizeDecimalId" name="test_converts_string[123-123]" time="0.001" /><testcase classname="tests.analytics.compute.test_graphs_conversions.TestNormalizeDecimalId" name="test_converts_string[456-456]" time="0.001" /><testcase classname="tests.analytics.compute.test_graphs_conversions.TestNormalizeDecimalId" name="test_converts_float_via_string" time="0.001" /><testcase classname="tests.analytics.compute.test_graphs_conversions.TestNormalizeDecimalId" name="test_returns_none_for_unconvertible" time="0.001" /><testcase classname="tests.analytics.compute.test_graphs_conversions.TestSafeFloat" name="test_returns_none_for_none" time="0.001" /><testcase classname="tests.analytics.compute.test_graphs_conversions.TestSafeFloat" name="test_passes_through_floats[1.5-1.5]" time="0.001" /><testcase classname="tests.analytics.compute.test_graphs_conversions.TestSafeFloat" name="test_passes_through_floats[-3.14--3.14]" time="0.001" /><testcase classname="tests.analytics.compute.test_graphs_conversions.TestSafeFloat" name="test_passes_through_floats[0.0-0.0]" time="0.002" /><testcase classname="tests.analytics.compute.test_graphs_conversions.TestSafeFloat" name="test_converts_decimal[input_val1-0.0]" time="0.003" /><testcase classname="tests.analytics.compute.test_graphs_conversions.TestSafeFloat" name="test_converts_decimal[input_val0-1.5]" time="0.003" /><testcase classname="tests.analytics.compute.test_graphs_conversions.TestSafeFloat" name="test_converts_decimal[input_val2--3.14]" time="0.001" /><testcase classname="tests.analytics.compute.test_graphs_conversions.TestSafeFloat" name="test_converts_string[0.0-0.0]" time="0.003" /><testcase classname="tests.analytics.compute.test_graphs_conversions.TestSafeFloat" name="test_converts_string[1.5-1.5]" time="0.001" /><testcase classname="tests.analytics.compute.test_graphs_conversions.TestSafeFloat" name="test_returns_none_for_invalid" time="0.001" /><testcase classname="tests.analytics.compute.test_graphs_conversions.TestSafeFloat" name="test_converts_string[-3.14--3.14]" time="0.002" /><testcase classname="tests.analytics.compute.test_graphs_conversions.TestLogEmptyGraph" name="test_no_log_for_nonempty_graph" time="0.001" /><testcase classname="tests.analytics.compute.test_graphs_conversions.TestLogEmptyGraph" name="test_works_with_digraph" time="0.001" /><testcase classname="tests.analytics.compute.test_graphs_conversions.TestLogEmptyGraph" name="test_logs_for_empty_graph" time="0.003" /><testcase classname="tests.analytics.compute.test_graphs_conversions.TestLogProjectionSkipped" name="test_logs_with_different_reasons" time="0.004" /><testcase classname="tests.analytics.compute.test_graphs_conversions.TestLogProjectionSkipped" name="test_logs_info" time="0.002" /><testcase classname="tests.analytics.compute.test_graphs_conversions.TestIntegrationScenarios" name="test_graph_node_id_normalization" time="0.001" /><testcase classname="tests.analytics.compute.test_graphs_conversions.TestIntegrationScenarios" name="test_roundtrip_decimal_normalization" time="0.000" /><testcase classname="tests.analytics.compute.test_graphs_conversions.TestIntegrationScenarios" name="test_safe_float_for_metrics" time="0.001" /><testcase classname="tests.analytics.compute.test_graphs_statistics" name="test_statistics_create_all_fields" time="0.002" /><testcase classname="tests.analytics.compute.test_graphs_statistics" name="test_statistics_is_frozen" time="0.001" /><testcase classname="tests.analytics.compute.test_graphs_statistics" name="test_stats_empty_graph" time="0.001" /><testcase classname="tests.analytics.compute.test_graphs_statistics" name="test_stats_single_node" time="0.002" /><testcase classname="tests.analytics.compute.test_graphs_statistics" name="test_stats_simple_dag_is_dag" time="0.004" /><testcase classname="tests.analytics.compute.test_graphs_statistics" name="test_stats_cycle_is_not_dag" time="0.001" /><testcase classname="tests.analytics.compute.test_graphs_statistics" name="test_stats_node_and_edge_counts" time="0.001" /><testcase classname="tests.analytics.compute.test_graphs_statistics" name="test_stats_density_calculation" time="0.005" /><testcase classname="tests.analytics.compute.test_graphs_statistics" name="test_stats_average_degrees" time="0.004" /><testcase classname="tests.analytics.compute.test_graphs_statistics" name="test_stats_strongly_connected_graph" time="0.001" /><testcase classname="tests.analytics.compute.test_graphs_statistics" name="test_stats_multiple_components" time="0.002" /><testcase classname="tests.analytics.compute.test_graphs_statistics" name="test_stats_realistic_call_graph" time="0.001" /><testcase classname="tests.analytics.compute.test_graphs_statistics" name="test_in_degrees_simple_chain" time="0.001" /><testcase classname="tests.analytics.compute.test_graphs_statistics" name="test_in_degrees_empty_graph" time="0.001" /><testcase classname="tests.analytics.compute.test_graphs_statistics" name="test_in_degrees_star_graph" time="0.001" /><testcase classname="tests.analytics.compute.test_graphs_statistics" name="test_out_degrees_empty_graph" time="0.001" /><testcase classname="tests.analytics.compute.test_graphs_statistics" name="test_out_degrees_simple_chain" time="0.001" /><testcase classname="tests.analytics.compute.test_graphs_statistics" name="test_out_degrees_star_graph" time="0.001" /><testcase classname="tests.analytics.compute.test_graphs_statistics" name="test_degrees_empty_graph" time="0.000" /><testcase classname="tests.analytics.compute.test_graphs_statistics" name="test_degrees_simple_path" time="0.001" /><testcase classname="tests.analytics.compute.test_graphs_statistics" name="test_degrees_triangle" time="0.001" /><testcase classname="tests.analytics.compute.test_graphs_statistics" name="test_in_degree_values_empty_graph" time="0.001" /><testcase classname="tests.analytics.compute.test_graphs_statistics" name="test_in_degree_values_only" time="0.000" /><testcase classname="tests.analytics.compute.test_graphs_statistics" name="test_out_degree_values_empty_graph" time="0.001" /><testcase classname="tests.analytics.compute.test_graphs_statistics" name="test_out_degree_values_only" time="0.001" /><testcase classname="tests.analytics.compute.test_graphs_statistics" name="test_degree_values_empty_graph" time="0.000" /><testcase classname="tests.analytics.compute.test_graphs_statistics" name="test_degree_values_only" time="0.001" /><testcase classname="tests.analytics.compute.test_graphs_statistics" name="test_degree_functions_match_statistics" time="0.001" /><testcase classname="tests.analytics.compute.test_graphs_statistics" name="test_statistics_consistency" time="0.001" /><testcase classname="tests.analytics.compute.test_graphs_statistics" name="test_various_graph_sizes" time="0.002" /><testcase classname="tests.analytics.compute.test_graphs_wrappers" name="test_centrality_wrappers_and_neighbor_stats" time="0.013" /><testcase classname="tests.analytics.compute.test_graphs_wrappers" name="test_structural_metrics_and_paths" time="0.009" /><testcase classname="tests.analytics.compute.test_graphs_wrappers" name="test_cfg_helpers_and_metrics" time="0.005" /><testcase classname="tests.analytics.compute.test_graphs_wrappers" name="test_component_metadata_and_global_stats" time="0.004" /><testcase classname="tests.analytics.compute.test_graphs_wrappers" name="test_dfg_helpers_and_metrics" time="0.003" /><testcase classname="tests.analytics.compute.test_graphs_wrappers" name="test_projection_metrics_and_degrees" time="0.003" /><testcase classname="tests.analytics.compute.test_profiles" name="test_aggregates_default_values" time="0.001" /><testcase classname="tests.analytics.compute.test_profiles" name="test_metric_create" time="0.001" /><testcase classname="tests.analytics.compute.test_profiles" name="test_aggregates_custom_values" time="0.001" /><testcase classname="tests.analytics.compute.test_profiles" name="test_aggregate_empty_metrics" time="0.001" /><testcase classname="tests.analytics.compute.test_profiles" name="test_aggregate_single_function" time="0.001" /><testcase classname="tests.analytics.compute.test_profiles" name="test_aggregate_multiple_functions" time="0.001" /><testcase classname="tests.analytics.compute.test_profiles" name="test_aggregate_typedness_counts" time="0.001" /><testcase classname="tests.analytics.compute.test_profiles" name="test_aggregate_average_typedness" time="0.001" /><testcase classname="tests.analytics.compute.test_profiles" name="test_aggregate_complexity_buckets" time="0.001" /><testcase classname="tests.analytics.compute.test_profiles" name="test_aggregate_realistic_codebase" time="0.001" /><testcase classname="tests.analytics.compute.test_profiles" name="test_stats_empty_aggregates" time="0.001" /><testcase classname="tests.analytics.compute.test_profiles" name="test_stats_all_typed" time="0.001" /><testcase classname="tests.analytics.compute.test_profiles" name="test_stats_mixed_typedness" time="0.001" /><testcase classname="tests.analytics.compute.test_profiles" name="test_stats_avg_loc" time="0.001" /><testcase classname="tests.analytics.compute.test_profiles" name="test_stats_all_present" time="0.001" /><testcase classname="tests.analytics.compute.test_profiles" name="test_features_create" time="0.001" /><testcase classname="tests.analytics.compute.test_profiles" name="test_features_is_frozen" time="0.001" /><testcase classname="tests.analytics.compute.test_profiles" name="test_extract_small_simple_typed" time="0.001" /><testcase classname="tests.analytics.compute.test_profiles" name="test_extract_large_complex_untyped" time="0.000" /><testcase classname="tests.analytics.compute.test_profiles" name="test_extract_medium_moderate_partial" time="0.000" /><testcase classname="tests.analytics.compute.test_profiles" name="test_quality_score_bounds" time="0.001" /><testcase classname="tests.analytics.compute.test_profiles" name="test_quality_score_weights" time="0.001" /><testcase classname="tests.analytics.compute.test_profiles" name="test_threshold_constants" time="0.001" /><testcase classname="tests.analytics.compute.test_profiles" name="test_size_boundary_medium_large" time="0.000" /><testcase classname="tests.analytics.compute.test_profiles" name="test_size_boundary_small_medium" time="0.001" /><testcase classname="tests.analytics.compute.test_profiles" name="test_complexity_boundary" time="0.001" /><testcase classname="tests.analytics.compute.test_profiles" name="test_typedness_boundary" time="0.001" /><testcase classname="tests.analytics.compute.test_profiles" name="test_complexity_normalization" time="0.001" /><testcase classname="tests.analytics.compute.test_profiles" name="test_aggregate_then_extract" time="0.001" /><testcase classname="tests.analytics.compute.test_profiles" name="test_realistic_codebase_features" time="0.001" /><testcase classname="tests.analytics.compute.test_row_builders.TestMergeComponentMetadata" name="test_returns_computed_when_no_cache" time="0.001" /><testcase classname="tests.analytics.compute.test_row_builders.TestMergeComponentMetadata" name="test_overlays_cached_values" time="0.001" /><testcase classname="tests.analytics.compute.test_row_builders.TestBuildFunctionGraphMetricRows" name="test_builds_empty_list_for_no_nodes" time="0.001" /><testcase classname="tests.analytics.compute.test_row_builders.TestBuildFunctionGraphMetricRows" name="test_builds_rows_for_nodes" time="0.001" /><testcase classname="tests.analytics.compute.test_row_builders.TestBuildSubsystemGraphRows" name="test_builds_rows_for_subsystems" time="0.001" /><testcase classname="tests.analytics.compute.test_row_builders.TestRowBuildersImport" name="test_import_from_row_builders_package" time="0.001" /><testcase classname="tests.analytics.compute.test_row_builders.TestBuildSymbolRows" name="test_builds_module_rows" time="0.001" /><testcase classname="tests.analytics.compute.test_semantic_roles" name="test_context_name_simple" time="0.001" /><testcase classname="tests.analytics.compute.test_semantic_roles" name="test_context_name_property" time="0.001" /><testcase classname="tests.analytics.compute.test_semantic_roles" name="test_context_rel_path_lower" time="0.001" /><testcase classname="tests.analytics.compute.test_semantic_roles" name="test_context_module_lower" time="0.001" /><testcase classname="tests.analytics.compute.test_semantic_roles" name="test_context_tag_strings" time="0.001" /><testcase classname="tests.analytics.compute.test_semantic_roles" name="test_context_module_lower_none" time="0.001" /><testcase classname="tests.analytics.compute.test_semantic_roles" name="test_accumulator_bump_single" time="0.001" /><testcase classname="tests.analytics.compute.test_semantic_roles" name="test_accumulator_bump_accumulates" time="0.001" /><testcase classname="tests.analytics.compute.test_semantic_roles" name="test_accumulator_bump_with_framework" time="0.001" /><testcase classname="tests.analytics.compute.test_semantic_roles" name="test_accumulator_framework_first_wins" time="0.001" /><testcase classname="tests.analytics.compute.test_semantic_roles" name="test_accumulator_finalize_empty" time="0.001" /><testcase classname="tests.analytics.compute.test_semantic_roles" name="test_accumulator_finalize_below_threshold" time="0.001" /><testcase classname="tests.analytics.compute.test_semantic_roles" name="test_accumulator_finalize_above_threshold" time="0.000" /><testcase classname="tests.analytics.compute.test_semantic_roles" name="test_accumulator_finalize_picks_highest" time="0.000" /><testcase classname="tests.analytics.compute.test_semantic_roles" name="test_classify_test_function" time="0.001" /><testcase classname="tests.analytics.compute.test_semantic_roles" name="test_accumulator_finalize_caps_confidence" time="0.001" /><testcase classname="tests.analytics.compute.test_semantic_roles" name="test_classify_test_prefix" time="0.001" /><testcase classname="tests.analytics.compute.test_semantic_roles" name="test_classify_pytest_fixture" time="0.001" /><testcase classname="tests.analytics.compute.test_semantic_roles" name="test_classify_api_handler" time="0.001" /><testcase classname="tests.analytics.compute.test_semantic_roles" name="test_classify_flask_route" time="0.001" /><testcase classname="tests.analytics.compute.test_semantic_roles" name="test_classify_cli_typer" time="0.001" /><testcase classname="tests.analytics.compute.test_semantic_roles" name="test_classify_cli_click" time="0.002" /><testcase classname="tests.analytics.compute.test_semantic_roles" name="test_classify_repository" time="0.001" /><testcase classname="tests.analytics.compute.test_semantic_roles" name="test_classify_cli_path" time="0.001" /><testcase classname="tests.analytics.compute.test_semantic_roles" name="test_classify_service" time="0.001" /><testcase classname="tests.analytics.compute.test_semantic_roles" name="test_classify_validator" time="0.001" /><testcase classname="tests.analytics.compute.test_semantic_roles" name="test_classify_validator_by_name[validate]" time="0.001" /><testcase classname="tests.analytics.compute.test_semantic_roles" name="test_classify_validator_by_name[check]" time="0.001" /><testcase classname="tests.analytics.compute.test_semantic_roles" name="test_classify_validator_by_name[ensure]" time="0.001" /><testcase classname="tests.analytics.compute.test_semantic_roles" name="test_classify_validator_by_name[assert]" time="0.001" /><testcase classname="tests.analytics.compute.test_semantic_roles" name="test_classify_config_loader" time="0.001" /><testcase classname="tests.analytics.compute.test_semantic_roles" name="test_classify_helper" time="0.001" /><testcase classname="tests.analytics.compute.test_semantic_roles" name="test_classify_module_tags" time="0.001" /><testcase classname="tests.analytics.compute.test_semantic_roles" name="test_classify_returns_signals" time="0.001" /><testcase classname="tests.analytics.compute.test_semantic_roles" name="test_classify_other" time="0.001" /><testcase classname="tests.analytics.compute.test_semantic_roles" name="test_modules_classify_empty" time="0.001" /><testcase classname="tests.analytics.compute.test_semantic_roles" name="test_modules_classify_from_tags" time="0.001" /><testcase classname="tests.analytics.compute.test_semantic_roles" name="test_modules_classify_from_functions" time="0.001" /><testcase classname="tests.analytics.compute.test_semantic_roles" name="test_modules_classify_ignores_other" time="0.001" /><testcase classname="tests.analytics.compute.test_semantic_roles" name="test_modules_classify_below_threshold" time="0.001" /><testcase classname="tests.analytics.compute.test_semantic_roles" name="test_modules_classify_multiple" time="0.001" /><testcase classname="tests.analytics.compute.test_semantic_roles" name="test_decorator_names_empty" time="0.001" /><testcase classname="tests.analytics.compute.test_semantic_roles" name="test_decorator_names_simple" time="0.001" /><testcase classname="tests.analytics.compute.test_semantic_roles" name="test_decorator_names_attribute" time="0.001" /><testcase classname="tests.analytics.compute.test_semantic_roles" name="test_decorator_names_call" time="0.001" /><testcase classname="tests.analytics.compute.test_semantic_roles" name="test_decorator_names_multiple" time="0.001" /><testcase classname="tests.analytics.compute.test_semantic_roles" name="test_constants_role_threshold_positive" time="0.001" /><testcase classname="tests.analytics.compute.test_semantic_roles" name="test_constants_service_fan_thresholds_positive" time="0.001" /><testcase classname="tests.analytics.compute.test_semantic_roles" name="test_constants_helper_loc_threshold_positive" time="0.001" /><testcase classname="tests.analytics.functions.test_function_contracts" name="test_condition_context_creation" time="0.001" /><testcase classname="tests.analytics.functions.test_function_contracts" name="test_condition_context_immutable" time="0.001" /><testcase classname="tests.analytics.functions.test_function_contracts" name="test_condition_context_with_none_line" time="0.000" /><testcase classname="tests.analytics.compute.test_entrypoints_detection" name="test_entrypoint_candidate_core_metadata" time="0.001" /><testcase classname="tests._helpers.test_symbol_use_edges" name="test_insert_symbol_use_edges_coerces_five_field_rows" time="15.937" /><testcase classname="tests.analytics.compute.test_entrypoints_detection" name="test_entrypoint_candidate_optionals_and_schema" time="0.005" /><testcase classname="tests._helpers.test_symbol_use_edges" name="test_load_symbol_module_graph_smoke" time="16.178" /><testcase classname="tests.analytics.compute.test_entrypoints_detection" name="test_entrypoint_candidate_kinds[scheduled_job]" time="0.002" /><testcase classname="tests.analytics.functions.test_function_contracts" name="test_build_function_contracts_empty_catalog" time="15.298" /><testcase classname="tests._helpers.test_symbol_use_edges" name="test_insert_symbol_use_edges_respects_explicit_goids" time="16.269" /><testcase classname="tests.analytics.compute.test_entrypoints_detection" name="test_entrypoint_candidate_kinds[http_handler]" time="0.001" /><testcase classname="tests._helpers.test_symbol_use_edges" name="test_load_symbol_function_graph_smoke" time="16.303" /><testcase classname="tests._helpers.test_symbol_use_edges" name="test_insert_symbol_use_edges_invalid_shape_raises" time="16.314" /><testcase classname="tests.analytics.compute.test_entrypoints_detection" name="test_entrypoint_candidate_kinds[websocket]" time="0.002" /><testcase classname="tests.analytics.compute.test_entrypoints_detection" name="test_entrypoint_candidate_kinds[background_job]" time="0.002" /><testcase classname="tests.analytics.functions.test_function_contracts" name="test_build_function_contracts_with_simple_function" time="15.462" /><testcase classname="tests.analytics.compute.test_entrypoints_detection" name="test_detect_entrypoints_with_seeded_pack" time="16.486" /><testcase classname="tests.analytics.compute.test_entrypoints_detection" name="test_detects_celery_airflow_cron_and_django" time="0.002" /><testcase classname="tests.analytics.functions.test_function_contracts" name="test_build_function_contracts_with_isinstance_check" time="15.453" /><testcase classname="tests.cli.test_build_cli.TestBuildRunHelp" name="test_run_help_shows_description@cli_shared_flags" time="0.118" /><testcase classname="tests.cli.test_build_cli.TestBuildRunHelp" name="test_run_help_shows_options@cli_shared_flags" time="0.042"><failure message="AssertionError: output format option: '--output-format' not found in 'Usage: codeintel build run [ARGS]\n\nBuild targets with automatic dependency resolution.\n\n╭─ Parameters ─────────────────────────────────────────────────────────────────╮\n│ TARGETS --targets             Target names to build (e.g., function_metrics, │\n│   --empty-targets             call_graph). [env var:                         │\n│                               CODEINTEL_BUILD_RUN_TARGETS,                   │\n│                               CODEINTEL_BUILD_RUN_TARGETS] [default: (none)] │\n│ MODULE --module -m            Build all targets in a module (ingestion,      │\n│                               graphs, analytics, export). [env var:          │\n│                               CODEINTEL_BUILD_RUN_MODULE,                    │\n│                               CODEINTEL_BUILD_RUN_MODULE] [default: (none)]  │\n│ ALL --all -a                  Build all targets across all modules. [env     │\n│                               var: CODEINTEL_BUILD_RUN_ALL,                  │\n│                               CODEINTEL_BUILD_RUN_ALL] [default: false]      │\n│ DRY-RUN --dry-run -n          Show build plan without executing. [env var:   │\n│                               CODEINTEL_BUILD_RUN_DRY_RUN,                   │\n│                               CODEINTEL_BUILD_RUN_DRY_RUN] [default: false]  │\n│ FORCE --force --empty-force   Force recompute of specific targets            │\n│   -f                          (repeatable). [env var:                        │\n│                               CODEINTEL_BUILD_RUN_FORCE,                     │\n│                               CODEINTEL_BUILD_RUN_FORCE] [default: (none)]   │\n│ VALIDATE-OUTPUTS              Validate produced datasets against Pandera     │\n│   --validate-outputs          schemas after write. [env var:                 │\n│                               CODEINTEL_BUILD_RUN_VALIDATE_OUTPUTS,          │\n│                               CODEINTEL_BUILD_RUN_VALIDATE_OUTPUTS]          │\n│                               [default: false]                               │\n│ STRICT-CONTRACTS              Fail if target writes outside declared         │\n│   --strict-contracts          contract. [env var:                            │\n│                               CODEINTEL_BUILD_RUN_STRICT_CONTRACTS,          │\n│                               CODEINTEL_BUILD_RUN_STRICT_CONTRACTS]          │\n│                               [default: false]                               │\n│ PUBLISH-SERVING-SNAPSHOT      Publish an immutable serving snapshot (writes  │\n│   --publish-serving-snapshot  current.json and snapshot artifacts). [env     │\n│                               var:                                           │\n│                               CODEINTEL_BUILD_RUN_PUBLISH_SERVING_SNAPSHOT,  │\n│                               CODEINTEL_BUILD_RUN_PUBLISH_SERVING_SNAPSHOT]  │\n│                               [default: false]                               │\n│ PARALLEL-BACKEND              Parallel execution backend.                    │\n│   --parallel-backend                                                         │\n│                               Options: sequential (default, safest);         │\n│                               threadpool (multi-threaded with write lock);   │\n│                               auto (auto-select best backend).               │\n│                                                                              │\n│                               Example: --parallel-backend=threadpool         │\n│                               --max-workers=4. [env var:                     │\n│                               CODEINTEL_BUILD_RUN_PARALLEL_BACKEND,          │\n│                               CODEINTEL_BUILD_RUN_PARALLEL_BACKEND]          │\n│                               [default: sequential]                          │\n│ MAX-WORKERS --max-workers     Maximum parallel workers for threadpool        │\n│   --workers                   backend. [env var:                             │\n│                               CODEINTEL_BUILD_RUN_MAX_WORKERS,               │\n│                               CODEINTEL_BUILD_RUN_MAX_WORKERS] [default:     │\n│                               (none)]                                        │\n│ CACHE --cache --no-cache      Enable Hamilton on-disk caching for nodes      │\n│                               decorated with @cache. [env var:               │\n│                               CODEINTEL_BUILD_RUN_CACHE,                     │\n│                               CODEINTEL_BUILD_RUN_CACHE] [default: true]     │\n│ CACHE-DIR --cache-dir         Directory for Hamilton cache (default:         │\n│                               build/.hamilton_cache). [env var:              │\n│                               CODEINTEL_BUILD_RUN_CACHE_DIR,                 │\n│                               CODEINTEL_BUILD_RUN_CACHE_DIR] [default:       │\n│                               (none)]                                        │\n│ CLEAR-CACHE --clear-cache     Clear the Hamilton cache directory before      │\n│                               executing. [env var:                           │\n│                               CODEINTEL_BUILD_RUN_CLEAR_CACHE,               │\n│                               CODEINTEL_BUILD_RUN_CLEAR_CACHE] [default:     │\n│                               false]                                         │\n│ CACHE-REPORT --cache-report   Include a cache hit/miss report for nodes      │\n│                               decorated with @cache. [env var:               │\n│                               CODEINTEL_BUILD_RUN_CACHE_REPORT,              │\n│                               CODEINTEL_BUILD_RUN_CACHE_REPORT] [default:    │\n│                               false]                                         │\n│ PROGRESS --progress           Show progress bar during execution. [env var:  │\n│   --no-progress               CODEINTEL_BUILD_RUN_PROGRESS,                  │\n│                               CODEINTEL_BUILD_RUN_PROGRESS] [default: false] │\n│ FLAGS --flags                 [env var: CODEINTEL_BUILD_RUN_FLAGS] [default: │\n│                               --flags]                                       │\n╰──────────────────────────────────────────────────────────────────────────────╯\n'">@staticmethod
    def test_run_help_shows_options() -&gt; None:
        """Help text shows available options."""
        result = run_cli(["build", "run", "--help"])
    
        expect_equal(result.exit_code, 0, label="exit_code")
        expect_in("--module", result.stdout, label="module option")
        expect_in("--dry-run", result.stdout, label="dry-run option")
        expect_in("--force", result.stdout, label="force option")
&gt;       expect_in("--output-format", result.stdout, label="output format option")

tests/cli/test_build_cli.py:100: 
_ _ _ _ _ _ _ _ _ _ _ _ _ _ _ _ _ _ _ _ _ _ _ _ _ _ _ _ _ _ _ _ _ _ _ _ _

value = '--output-format'
container = 'Usage: codeintel build run [ARGS]\n\nBuild targets with automatic dependency resolution.\n\n╭─ Parameters ───────────...                                 │\n╰──────────────────────────────────────────────────────────────────────────────╯\n'

    def expect_in(value: object, container: Iterable[object], *, label: str | None = None) -&gt; None:
        """Raise AssertionError when a value is not present in a container.
    
        Parameters
        ----------
        value
            Item expected to be present.
        container
            Container to inspect for membership.
        label
            Optional label prefix for the failure message.
    
        Raises
        ------
        AssertionError
            If the value is missing from the container.
        """
        if value in container:
            return
        failure_message = f"{_prefix(label)}{value!r} not found in {container!r}"
&gt;       raise AssertionError(failure_message)
E       AssertionError: output format option: '--output-format' not found in 'Usage: codeintel build run [ARGS]\n\nBuild targets with automatic dependency resolution.\n\n╭─ Parameters ─────────────────────────────────────────────────────────────────╮\n│ TARGETS --targets             Target names to build (e.g., function_metrics, │\n│   --empty-targets             call_graph). [env var:                         │\n│                               CODEINTEL_BUILD_RUN_TARGETS,                   │\n│                               CODEINTEL_BUILD_RUN_TARGETS] [default: (none)] │\n│ MODULE --module -m            Build all targets in a module (ingestion,      │\n│                               graphs, analytics, export). [env var:          │\n│                               CODEINTEL_BUILD_RUN_MODULE,                    │\n│                               CODEINTEL_BUILD_RUN_MODULE] [default: (none)]  │\n│ ALL --all -a                  Build all targets across all modules. [env     │\n│                               var: CODEINTEL_BUILD_RUN_ALL,                  │\n│                               CODEINTEL_BUILD_RUN_ALL] [default: false]      │\n│ DRY-RUN --dry-run -n          Show build plan without executing. [env var:   │\n│                               CODEINTEL_BUILD_RUN_DRY_RUN,                   │\n│                               CODEINTEL_BUILD_RUN_DRY_RUN] [default: false]  │\n│ FORCE --force --empty-force   Force recompute of specific targets            │\n│   -f                          (repeatable). [env var:                        │\n│                               CODEINTEL_BUILD_RUN_FORCE,                     │\n│                               CODEINTEL_BUILD_RUN_FORCE] [default: (none)]   │\n│ VALIDATE-OUTPUTS              Validate produced datasets against Pandera     │\n│   --validate-outputs          schemas after write. [env var:                 │\n│                               CODEINTEL_BUILD_RUN_VALIDATE_OUTPUTS,          │\n│                               CODEINTEL_BUILD_RUN_VALIDATE_OUTPUTS]          │\n│                               [default: false]                               │\n│ STRICT-CONTRACTS              Fail if target writes outside declared         │\n│   --strict-contracts          contract. [env var:                            │\n│                               CODEINTEL_BUILD_RUN_STRICT_CONTRACTS,          │\n│                               CODEINTEL_BUILD_RUN_STRICT_CONTRACTS]          │\n│                               [default: false]                               │\n│ PUBLISH-SERVING-SNAPSHOT      Publish an immutable serving snapshot (writes  │\n│   --publish-serving-snapshot  current.json and snapshot artifacts). [env     │\n│                               var:                                           │\n│                               CODEINTEL_BUILD_RUN_PUBLISH_SERVING_SNAPSHOT,  │\n│                               CODEINTEL_BUILD_RUN_PUBLISH_SERVING_SNAPSHOT]  │\n│                               [default: false]                               │\n│ PARALLEL-BACKEND              Parallel execution backend.                    │\n│   --parallel-backend                                                         │\n│                               Options: sequential (default, safest);         │\n│                               threadpool (multi-threaded with write lock);   │\n│                               auto (auto-select best backend).               │\n│                                                                              │\n│                               Example: --parallel-backend=threadpool         │\n│                               --max-workers=4. [env var:                     │\n│                               CODEINTEL_BUILD_RUN_PARALLEL_BACKEND,          │\n│                               CODEINTEL_BUILD_RUN_PARALLEL_BACKEND]          │\n│                               [default: sequential]                          │\n│ MAX-WORKERS --max-workers     Maximum parallel workers for threadpool        │\n│   --workers                   backend. [env var:                             │\n│                               CODEINTEL_BUILD_RUN_MAX_WORKERS,               │\n│                               CODEINTEL_BUILD_RUN_MAX_WORKERS] [default:     │\n│                               (none)]                                        │\n│ CACHE --cache --no-cache      Enable Hamilton on-disk caching for nodes      │\n│                               decorated with @cache. [env var:               │\n│                               CODEINTEL_BUILD_RUN_CACHE,                     │\n│                               CODEINTEL_BUILD_RUN_CACHE] [default: true]     │\n│ CACHE-DIR --cache-dir         Directory for Hamilton cache (default:         │\n│                               build/.hamilton_cache). [env var:              │\n│                               CODEINTEL_BUILD_RUN_CACHE_DIR,                 │\n│                               CODEINTEL_BUILD_RUN_CACHE_DIR] [default:       │\n│                               (none)]                                        │\n│ CLEAR-CACHE --clear-cache     Clear the Hamilton cache directory before      │\n│                               executing. [env var:                           │\n│                               CODEINTEL_BUILD_RUN_CLEAR_CACHE,               │\n│                               CODEINTEL_BUILD_RUN_CLEAR_CACHE] [default:     │\n│                               false]                                         │\n│ CACHE-REPORT --cache-report   Include a cache hit/miss report for nodes      │\n│                               decorated with @cache. [env var:               │\n│                               CODEINTEL_BUILD_RUN_CACHE_REPORT,              │\n│                               CODEINTEL_BUILD_RUN_CACHE_REPORT] [default:    │\n│                               false]                                         │\n│ PROGRESS --progress           Show progress bar during execution. [env var:  │\n│   --no-progress               CODEINTEL_BUILD_RUN_PROGRESS,                  │\n│                               CODEINTEL_BUILD_RUN_PROGRESS] [default: false] │\n│ FLAGS --flags                 [env var: CODEINTEL_BUILD_RUN_FLAGS] [default: │\n│                               --flags]                                       │\n╰──────────────────────────────────────────────────────────────────────────────╯\n'

tests/_helpers/assertions/expectation_assertions.py:111: AssertionError</failure></testcase><testcase classname="tests.cli.test_build_cli.TestBuildRunValidation" name="test_run_no_targets_no_module_error@cli_shared_flags" time="0.018" /><testcase classname="tests.cli.test_build_cli.TestBuildRunValidation" name="test_run_invalid_module@cli_shared_flags" time="0.036" /><testcase classname="tests.cli.test_build_cli.TestBuildRunValidation" name="test_run_unknown_target@cli_shared_flags" time="0.032" /><testcase classname="tests.cli.test_build_cli.TestBuildRunValidation" name="test_run_conflicting_selection_flags@cli_shared_flags" time="0.028" /><testcase classname="tests.cli.test_build_cli.TestBuildAppStructure" name="test_build_help_shows_commands@cli_shared_flags" time="0.015" /><testcase classname="tests.cli.test_build_cli.TestBuildAppStructure" name="test_build_no_args_shows_help@cli_shared_flags" time="0.017" /><testcase classname="tests.cli.test_build_cli.TestModuleOption" name="test_valid_module_names[ingestion]@cli_shared_flags" time="24.384" /><testcase classname="tests.analytics.functions.test_function_contracts" name="test_build_function_contracts_multiple_functions" time="14.866" /><testcase classname="tests.analytics.functions.test_function_contracts" name="test_build_function_contracts_numeric_guards" time="14.562" /><testcase classname="tests.analytics.functions.test_function_contracts" name="test_build_function_contracts_with_assert_guard" time="14.705" /><testcase classname="tests.analytics.functions.test_function_contracts" name="test_build_function_contracts_table_exists" time="14.821" /><testcase classname="tests.analytics.functions.test_function_contracts" name="test_build_function_contracts_method_with_self" time="14.595" /><testcase classname="tests.analytics.functions.test_function_contracts" name="test_build_function_contracts_with_raise" time="14.753" /><testcase classname="tests.analytics.functions.test_function_contracts" name="test_build_function_contracts_keyword_only_params" time="14.939" /><testcase classname="tests.analytics.functions.test_function_contracts" name="test_build_function_contracts_complex_guards" time="15.019" /><testcase classname="tests.analytics.functions.test_function_contracts" name="test_build_function_contracts_with_len_guard" time="14.834" /><testcase classname="tests.analytics.functions.test_function_contracts" name="test_build_function_contracts_varargs" time="13.994" /><testcase classname="tests.analytics.functions.test_function_contracts" name="test_build_function_contracts_async_function" time="14.069" /><testcase classname="tests.analytics.functions.test_function_contracts" name="test_build_function_contracts_bool_predicate_name" time="13.952" /><testcase classname="tests.analytics.functions.test_function_contracts" name="test_build_function_contracts_classmethod_with_cls" time="14.034" /><testcase classname="tests.analytics.functions.test_function_contracts" name="test_build_function_contracts_nullable_return" time="14.229" /><testcase classname="tests.analytics.functions.test_function_contracts" name="test_build_function_contracts_typed_function" time="14.297" /><testcase classname="tests.analytics.functions.test_function_contracts" name="test_build_function_contracts_chained_exceptions" time="14.139" /><testcase classname="tests.analytics.functions.test_function_contracts" name="test_build_function_contracts_nested_conditions" time="14.165" /><testcase classname="tests.analytics.functions.test_function_contracts" name="test_build_function_contracts_idempotent" time="13.874" /><testcase classname="tests.cli.test_build_cli.TestModuleOption" name="test_valid_module_names[graphs]@cli_shared_flags" time="1.023" /><testcase classname="tests.cli.test_build_cli.TestModuleOption" name="test_valid_module_names[analytics]@cli_shared_flags" time="1.018" /><testcase classname="tests.cli.test_build_cli.TestDryRun" name="test_dry_run_flag_recognized@cli_shared_flags" time="0.060" /><testcase classname="tests.cli.test_build_cli.TestForceOption" name="test_force_flag_recognized@cli_shared_flags" time="0.051" /><testcase classname="tests.cli.test_build_cli.TestJsonOutput" name="test_json_flag_recognized_on_status@cli_shared_flags" time="0.018"><failure message="AssertionError: output-format option recognized: '--output-format' not found in 'Usage: codeintel build status [ARGS]\n\nShow current state of build targets.\n\n╭─ Parameters ─────────────────────────────────────────────────────────────────╮\n│ MODULE --module -m  Filter status to a specific module (ingestion, graphs,   │\n│                     analytics, export). [env var:                            │\n│                     CODEINTEL_BUILD_STATUS_MODULE,                           │\n│                     CODEINTEL_BUILD_STATUS_MODULE] [default: (none)]         │\n│ FLAGS --flags       [env var: CODEINTEL_BUILD_STATUS_FLAGS] [default:        │\n│                     --flags]                                                 │\n╰──────────────────────────────────────────────────────────────────────────────╯\n'">@staticmethod
    def test_json_flag_recognized_on_status() -&gt; None:
        """Output format option is recognized on status command."""
        result = run_cli(["build", "status", "--help"])
    
        expect_equal(result.exit_code, 0, label="exit_code")
&gt;       expect_in("--output-format", result.stdout, label="output-format option recognized")

tests/cli/test_build_cli.py:229: 
_ _ _ _ _ _ _ _ _ _ _ _ _ _ _ _ _ _ _ _ _ _ _ _ _ _ _ _ _ _ _ _ _ _ _ _ _

value = '--output-format'
container = 'Usage: codeintel build status [ARGS]\n\nShow current state of build targets.\n\n╭─ Parameters ───────────────────────...                                 │\n╰──────────────────────────────────────────────────────────────────────────────╯\n'

    def expect_in(value: object, container: Iterable[object], *, label: str | None = None) -&gt; None:
        """Raise AssertionError when a value is not present in a container.
    
        Parameters
        ----------
        value
            Item expected to be present.
        container
            Container to inspect for membership.
        label
            Optional label prefix for the failure message.
    
        Raises
        ------
        AssertionError
            If the value is missing from the container.
        """
        if value in container:
            return
        failure_message = f"{_prefix(label)}{value!r} not found in {container!r}"
&gt;       raise AssertionError(failure_message)
E       AssertionError: output-format option recognized: '--output-format' not found in 'Usage: codeintel build status [ARGS]\n\nShow current state of build targets.\n\n╭─ Parameters ─────────────────────────────────────────────────────────────────╮\n│ MODULE --module -m  Filter status to a specific module (ingestion, graphs,   │\n│                     analytics, export). [env var:                            │\n│                     CODEINTEL_BUILD_STATUS_MODULE,                           │\n│                     CODEINTEL_BUILD_STATUS_MODULE] [default: (none)]         │\n│ FLAGS --flags       [env var: CODEINTEL_BUILD_STATUS_FLAGS] [default:        │\n│                     --flags]                                                 │\n╰──────────────────────────────────────────────────────────────────────────────╯\n'

tests/_helpers/assertions/expectation_assertions.py:111: AssertionError</failure></testcase><testcase classname="tests.cli.test_build_cli.TestJsonOutput" name="test_json_flag_recognized_on_run@cli_shared_flags" time="0.046"><failure message="AssertionError: output-format option recognized: '--output-format' not found in 'Usage: codeintel build run [ARGS]\n\nBuild targets with automatic dependency resolution.\n\n╭─ Parameters ─────────────────────────────────────────────────────────────────╮\n│ TARGETS --targets             Target names to build (e.g., function_metrics, │\n│   --empty-targets             call_graph). [env var:                         │\n│                               CODEINTEL_BUILD_RUN_TARGETS,                   │\n│                               CODEINTEL_BUILD_RUN_TARGETS] [default: (none)] │\n│ MODULE --module -m            Build all targets in a module (ingestion,      │\n│                               graphs, analytics, export). [env var:          │\n│                               CODEINTEL_BUILD_RUN_MODULE,                    │\n│                               CODEINTEL_BUILD_RUN_MODULE] [default: (none)]  │\n│ ALL --all -a                  Build all targets across all modules. [env     │\n│                               var: CODEINTEL_BUILD_RUN_ALL,                  │\n│                               CODEINTEL_BUILD_RUN_ALL] [default: false]      │\n│ DRY-RUN --dry-run -n          Show build plan without executing. [env var:   │\n│                               CODEINTEL_BUILD_RUN_DRY_RUN,                   │\n│                               CODEINTEL_BUILD_RUN_DRY_RUN] [default: false]  │\n│ FORCE --force --empty-force   Force recompute of specific targets            │\n│   -f                          (repeatable). [env var:                        │\n│                               CODEINTEL_BUILD_RUN_FORCE,                     │\n│                               CODEINTEL_BUILD_RUN_FORCE] [default: (none)]   │\n│ VALIDATE-OUTPUTS              Validate produced datasets against Pandera     │\n│   --validate-outputs          schemas after write. [env var:                 │\n│                               CODEINTEL_BUILD_RUN_VALIDATE_OUTPUTS,          │\n│                               CODEINTEL_BUILD_RUN_VALIDATE_OUTPUTS]          │\n│                               [default: false]                               │\n│ STRICT-CONTRACTS              Fail if target writes outside declared         │\n│   --strict-contracts          contract. [env var:                            │\n│                               CODEINTEL_BUILD_RUN_STRICT_CONTRACTS,          │\n│                               CODEINTEL_BUILD_RUN_STRICT_CONTRACTS]          │\n│                               [default: false]                               │\n│ PUBLISH-SERVING-SNAPSHOT      Publish an immutable serving snapshot (writes  │\n│   --publish-serving-snapshot  current.json and snapshot artifacts). [env     │\n│                               var:                                           │\n│                               CODEINTEL_BUILD_RUN_PUBLISH_SERVING_SNAPSHOT,  │\n│                               CODEINTEL_BUILD_RUN_PUBLISH_SERVING_SNAPSHOT]  │\n│                               [default: false]                               │\n│ PARALLEL-BACKEND              Parallel execution backend.                    │\n│   --parallel-backend                                                         │\n│                               Options: sequential (default, safest);         │\n│                               threadpool (multi-threaded with write lock);   │\n│                               auto (auto-select best backend).               │\n│                                                                              │\n│                               Example: --parallel-backend=threadpool         │\n│                               --max-workers=4. [env var:                     │\n│                               CODEINTEL_BUILD_RUN_PARALLEL_BACKEND,          │\n│                               CODEINTEL_BUILD_RUN_PARALLEL_BACKEND]          │\n│                               [default: sequential]                          │\n│ MAX-WORKERS --max-workers     Maximum parallel workers for threadpool        │\n│   --workers                   backend. [env var:                             │\n│                               CODEINTEL_BUILD_RUN_MAX_WORKERS,               │\n│                               CODEINTEL_BUILD_RUN_MAX_WORKERS] [default:     │\n│                               (none)]                                        │\n│ CACHE --cache --no-cache      Enable Hamilton on-disk caching for nodes      │\n│                               decorated with @cache. [env var:               │\n│                               CODEINTEL_BUILD_RUN_CACHE,                     │\n│                               CODEINTEL_BUILD_RUN_CACHE] [default: true]     │\n│ CACHE-DIR --cache-dir         Directory for Hamilton cache (default:         │\n│                               build/.hamilton_cache). [env var:              │\n│                               CODEINTEL_BUILD_RUN_CACHE_DIR,                 │\n│                               CODEINTEL_BUILD_RUN_CACHE_DIR] [default:       │\n│                               (none)]                                        │\n│ CLEAR-CACHE --clear-cache     Clear the Hamilton cache directory before      │\n│                               executing. [env var:                           │\n│                               CODEINTEL_BUILD_RUN_CLEAR_CACHE,               │\n│                               CODEINTEL_BUILD_RUN_CLEAR_CACHE] [default:     │\n│                               false]                                         │\n│ CACHE-REPORT --cache-report   Include a cache hit/miss report for nodes      │\n│                               decorated with @cache. [env var:               │\n│                               CODEINTEL_BUILD_RUN_CACHE_REPORT,              │\n│                               CODEINTEL_BUILD_RUN_CACHE_REPORT] [default:    │\n│                               false]                                         │\n│ PROGRESS --progress           Show progress bar during execution. [env var:  │\n│   --no-progress               CODEINTEL_BUILD_RUN_PROGRESS,                  │\n│                               CODEINTEL_BUILD_RUN_PROGRESS] [default: false] │\n│ FLAGS --flags                 [env var: CODEINTEL_BUILD_RUN_FLAGS] [default: │\n│                               --flags]                                       │\n╰──────────────────────────────────────────────────────────────────────────────╯\n'">@staticmethod
    def test_json_flag_recognized_on_run() -&gt; None:
        """Output format option is recognized on run command."""
        result = run_cli(["build", "run", "--help"])
    
        expect_equal(result.exit_code, 0, label="exit_code")
&gt;       expect_in("--output-format", result.stdout, label="output-format option recognized")

tests/cli/test_build_cli.py:237: 
_ _ _ _ _ _ _ _ _ _ _ _ _ _ _ _ _ _ _ _ _ _ _ _ _ _ _ _ _ _ _ _ _ _ _ _ _

value = '--output-format'
container = 'Usage: codeintel build run [ARGS]\n\nBuild targets with automatic dependency resolution.\n\n╭─ Parameters ───────────...                                 │\n╰──────────────────────────────────────────────────────────────────────────────╯\n'

    def expect_in(value: object, container: Iterable[object], *, label: str | None = None) -&gt; None:
        """Raise AssertionError when a value is not present in a container.
    
        Parameters
        ----------
        value
            Item expected to be present.
        container
            Container to inspect for membership.
        label
            Optional label prefix for the failure message.
    
        Raises
        ------
        AssertionError
            If the value is missing from the container.
        """
        if value in container:
            return
        failure_message = f"{_prefix(label)}{value!r} not found in {container!r}"
&gt;       raise AssertionError(failure_message)
E       AssertionError: output-format option recognized: '--output-format' not found in 'Usage: codeintel build run [ARGS]\n\nBuild targets with automatic dependency resolution.\n\n╭─ Parameters ─────────────────────────────────────────────────────────────────╮\n│ TARGETS --targets             Target names to build (e.g., function_metrics, │\n│   --empty-targets             call_graph). [env var:                         │\n│                               CODEINTEL_BUILD_RUN_TARGETS,                   │\n│                               CODEINTEL_BUILD_RUN_TARGETS] [default: (none)] │\n│ MODULE --module -m            Build all targets in a module (ingestion,      │\n│                               graphs, analytics, export). [env var:          │\n│                               CODEINTEL_BUILD_RUN_MODULE,                    │\n│                               CODEINTEL_BUILD_RUN_MODULE] [default: (none)]  │\n│ ALL --all -a                  Build all targets across all modules. [env     │\n│                               var: CODEINTEL_BUILD_RUN_ALL,                  │\n│                               CODEINTEL_BUILD_RUN_ALL] [default: false]      │\n│ DRY-RUN --dry-run -n          Show build plan without executing. [env var:   │\n│                               CODEINTEL_BUILD_RUN_DRY_RUN,                   │\n│                               CODEINTEL_BUILD_RUN_DRY_RUN] [default: false]  │\n│ FORCE --force --empty-force   Force recompute of specific targets            │\n│   -f                          (repeatable). [env var:                        │\n│                               CODEINTEL_BUILD_RUN_FORCE,                     │\n│                               CODEINTEL_BUILD_RUN_FORCE] [default: (none)]   │\n│ VALIDATE-OUTPUTS              Validate produced datasets against Pandera     │\n│   --validate-outputs          schemas after write. [env var:                 │\n│                               CODEINTEL_BUILD_RUN_VALIDATE_OUTPUTS,          │\n│                               CODEINTEL_BUILD_RUN_VALIDATE_OUTPUTS]          │\n│                               [default: false]                               │\n│ STRICT-CONTRACTS              Fail if target writes outside declared         │\n│   --strict-contracts          contract. [env var:                            │\n│                               CODEINTEL_BUILD_RUN_STRICT_CONTRACTS,          │\n│                               CODEINTEL_BUILD_RUN_STRICT_CONTRACTS]          │\n│                               [default: false]                               │\n│ PUBLISH-SERVING-SNAPSHOT      Publish an immutable serving snapshot (writes  │\n│   --publish-serving-snapshot  current.json and snapshot artifacts). [env     │\n│                               var:                                           │\n│                               CODEINTEL_BUILD_RUN_PUBLISH_SERVING_SNAPSHOT,  │\n│                               CODEINTEL_BUILD_RUN_PUBLISH_SERVING_SNAPSHOT]  │\n│                               [default: false]                               │\n│ PARALLEL-BACKEND              Parallel execution backend.                    │\n│   --parallel-backend                                                         │\n│                               Options: sequential (default, safest);         │\n│                               threadpool (multi-threaded with write lock);   │\n│                               auto (auto-select best backend).               │\n│                                                                              │\n│                               Example: --parallel-backend=threadpool         │\n│                               --max-workers=4. [env var:                     │\n│                               CODEINTEL_BUILD_RUN_PARALLEL_BACKEND,          │\n│                               CODEINTEL_BUILD_RUN_PARALLEL_BACKEND]          │\n│                               [default: sequential]                          │\n│ MAX-WORKERS --max-workers     Maximum parallel workers for threadpool        │\n│   --workers                   backend. [env var:                             │\n│                               CODEINTEL_BUILD_RUN_MAX_WORKERS,               │\n│                               CODEINTEL_BUILD_RUN_MAX_WORKERS] [default:     │\n│                               (none)]                                        │\n│ CACHE --cache --no-cache      Enable Hamilton on-disk caching for nodes      │\n│                               decorated with @cache. [env var:               │\n│                               CODEINTEL_BUILD_RUN_CACHE,                     │\n│                               CODEINTEL_BUILD_RUN_CACHE] [default: true]     │\n│ CACHE-DIR --cache-dir         Directory for Hamilton cache (default:         │\n│                               build/.hamilton_cache). [env var:              │\n│                               CODEINTEL_BUILD_RUN_CACHE_DIR,                 │\n│                               CODEINTEL_BUILD_RUN_CACHE_DIR] [default:       │\n│                               (none)]                                        │\n│ CLEAR-CACHE --clear-cache     Clear the Hamilton cache directory before      │\n│                               executing. [env var:                           │\n│                               CODEINTEL_BUILD_RUN_CLEAR_CACHE,               │\n│                               CODEINTEL_BUILD_RUN_CLEAR_CACHE] [default:     │\n│                               false]                                         │\n│ CACHE-REPORT --cache-report   Include a cache hit/miss report for nodes      │\n│                               decorated with @cache. [env var:               │\n│                               CODEINTEL_BUILD_RUN_CACHE_REPORT,              │\n│                               CODEINTEL_BUILD_RUN_CACHE_REPORT] [default:    │\n│                               false]                                         │\n│ PROGRESS --progress           Show progress bar during execution. [env var:  │\n│   --no-progress               CODEINTEL_BUILD_RUN_PROGRESS,                  │\n│                               CODEINTEL_BUILD_RUN_PROGRESS] [default: false] │\n│ FLAGS --flags                 [env var: CODEINTEL_BUILD_RUN_FLAGS] [default: │\n│                               --flags]                                       │\n╰──────────────────────────────────────────────────────────────────────────────╯\n'

tests/_helpers/assertions/expectation_assertions.py:111: AssertionError</failure></testcase><testcase classname="tests.cli.test_build_command" name="test_build_run_success@cli_shared_flags" time="4.023"><error message="failed on setup with &quot;ValueError: Dataset contract validation failed:&#10;- Table column mismatch for schema_inference_errors: expected ['table_key', 'repo', 'commit', 'error', 'occurred_at', 'run_id'], found []&quot;">fixturedef = &lt;FixtureDef argname='cli_project_harness' scope='function' baseid='tests/cli'&gt;
request = &lt;SubRequest 'cli_project_harness' for &lt;Function test_build_run_success&gt;&gt;

    @pytest.hookimpl(wrapper=True)
    def pytest_fixture_setup(fixturedef: FixtureDef, request) -&gt; object | None:
        asyncio_mode = _get_asyncio_mode(request.config)
        if not _is_asyncio_fixture_function(fixturedef.func):
            if asyncio_mode == Mode.STRICT:
                # Ignore async fixtures without explicit asyncio mark in strict mode
                # This applies to pytest_trio fixtures, for example
                return (yield)
            if not _is_coroutine_or_asyncgen(fixturedef.func):
&gt;               return (yield)
                        ^^^^^

.venv/lib/python3.13/site-packages/pytest_asyncio/plugin.py:730: 
_ _ _ _ _ _ _ _ _ _ _ _ _ _ _ _ _ _ _ _ _ _ _ _ _ _ _ _ _ _ _ _ _ _ _ _ _
tests/cli/conftest.py:110: in cli_project_harness
    with cli_project_harness_ctx(tmp_path) as harness:
         ^^^^^^^^^^^^^^^^^^^^^^^^^^^^^^^^^
/opt/homebrew/Cellar/python@3.13/3.13.11/Frameworks/Python.framework/Versions/3.13/lib/python3.13/contextlib.py:141: in __enter__
    return next(self.gen)
           ^^^^^^^^^^^^^^
tests/_helpers/cli_project.py:153: in cli_project_harness
    ctx = create_cli_project(tmp_path, repo=repo, commit=commit)
          ^^^^^^^^^^^^^^^^^^^^^^^^^^^^^^^^^^^^^^^^^^^^^^^^^^^^^^
tests/_helpers/cli_project.py:82: in create_cli_project
    gateway = gateway_pkg.open_gateway(gateway_pkg.StorageConfig.for_ingest(db_path))
              ^^^^^^^^^^^^^^^^^^^^^^^^^^^^^^^^^^^^^^^^^^^^^^^^^^^^^^^^^^^^^^^^^^^^^^^
src/codeintel/storage/gateway/factory.py:115: in open_gateway
    validate_contract_or_raise(
src/codeintel/storage/validation/contract.py:119: in validate_contract_or_raise
    validate_contract_or_raise_core(
_ _ _ _ _ _ _ _ _ _ _ _ _ _ _ _ _ _ _ _ _ _ _ _ _ _ _ _ _ _ _ _ _ _ _ _ _

registry = DatasetRegistry(by_name={'behavioral_coverage': DatasetContract(table_key='analytics.behavioral_coverage', name='behav...quet', 'graph.import_graph_edges': 'import_graph_edges.parquet', 'graph.symbol_use_edges': 'symbol_use_edges.parquet'})

    def validate_contract_or_raise(
        registry: DatasetRegistryLike,
        *,
        contracts_by_table_key: Mapping[str, DatasetContract],
        contracts_by_name: Mapping[str, DatasetContract],
        include_views: bool = True,
        table_columns_lookup: TableColumnsLookup | None = None,
    ) -&gt; None:
        """Validate dataset contract and raise on any issues.
    
        Parameters
        ----------
        registry
            Dataset registry to validate.
        contracts_by_table_key
            Mapping of table key to DatasetContract.
        contracts_by_name
            Mapping of dataset name to DatasetContract.
        include_views
            Whether to include views in validation checks.
        table_columns_lookup
            Optional callable returning actual column order for a table key.
    
        Raises
        ------
        ValueError
            When any contract problems are detected.
        """
        issues = collect_contract_issues(
            registry,
            contracts_by_table_key=contracts_by_table_key,
            contracts_by_name=contracts_by_name,
            include_views=include_views,
            table_columns_lookup=table_columns_lookup,
        )
        if issues:
            message = "Dataset contract validation failed:\n" + "\n".join(f"- {i}" for i in issues)
&gt;           raise ValueError(message)
E           ValueError: Dataset contract validation failed:
E           - Table column mismatch for schema_inference_errors: expected ['table_key', 'repo', 'commit', 'error', 'occurred_at', 'run_id'], found []

src/codeintel/core/schemas/contract_validation.py:296: ValueError</error></testcase><testcase classname="tests.analytics.functions.test_function_contracts" name="test_build_function_contracts_complex_assertions" time="14.514" /><testcase classname="tests.analytics.functions.test_function_contracts_integration" name="test_compute_contracts_with_catalog_goid_iteration" time="14.913" /><testcase classname="tests.analytics.functions.test_function_contracts_integration" name="test_compute_contracts_with_type_annotations" time="14.713" /><testcase classname="tests.analytics.functions.test_function_contracts_integration" name="test_compute_contracts_with_bool_return_type" time="14.840" /><testcase classname="tests.analytics.functions.test_function_contracts_integration" name="test_compute_contracts_confidence_score" time="14.784" /><testcase classname="tests.analytics.functions.test_function_effects" name="test_effect_analysis_pure_function" time="0.001" /><testcase classname="tests.analytics.functions.test_function_effects" name="test_effect_analysis_closure_modification" time="0.001" /><testcase classname="tests.analytics.functions.test_function_effects" name="test_effect_analysis_thread_spawn" time="0.001" /><testcase classname="tests.analytics.functions.test_function_effects" name="test_effect_analysis_multiple_effects" time="0.005" /><testcase classname="tests.analytics.functions.test_function_effects" name="test_effect_analysis_immutable" time="0.001" /><testcase classname="tests.analytics.functions.test_function_effects" name="test_effect_analysis_evidence_structure" time="0.001" /><testcase classname="tests.analytics.functions.test_function_effects" name="test_function_effects_inputs_defaults" time="0.001" /><testcase classname="tests.analytics.functions.test_function_effects" name="test_function_effects_inputs_with_ast_map" time="0.001" /><testcase classname="tests.analytics.functions.test_function_effects" name="test_function_effects_inputs_immutable" time="0.001" /><testcase classname="tests.analytics.functions.test_function_effects" name="test_effect_analysis_direct_effectful_all_false" time="0.001" /><testcase classname="tests.analytics.functions.test_function_effects" name="test_effect_analysis_direct_effectful_any_true" time="0.001" /><testcase classname="tests.analytics.functions.test_function_effects" name="test_effect_analysis_no_io_no_db" time="0.001" /><testcase classname="tests.analytics.functions.test_function_effects" name="test_effect_analysis_io_no_db" time="0.000" /><testcase classname="tests.analytics.functions.test_function_effects" name="test_effect_analysis_io_effect" time="0.001" /><testcase classname="tests.analytics.functions.test_function_effects" name="test_effect_analysis_no_io_db" time="0.001" /><testcase classname="tests.analytics.functions.test_function_effects" name="test_effect_analysis_io_and_db" time="0.001" /><testcase classname="tests.analytics.functions.test_function_effects_runtime" name="test_build_function_effects_with_transitive_and_missing" time="15.204" /><testcase classname="tests.analytics.profiles.test_utils.TestOptionalStr" name="test_returns_string_for_int_input" time="0.001" /><testcase classname="tests.analytics.profiles.test_utils.TestOptionalStr" name="test_returns_string_for_float_input" time="0.001" /><testcase classname="tests.analytics.profiles.test_utils.TestOptionalStr" name="test_returns_none_for_none_input" time="0.001" /><testcase classname="tests.analytics.profiles.test_utils.TestOptionalStr" name="test_returns_string_for_bool_true_input" time="0.001" /><testcase classname="tests.analytics.profiles.test_utils.TestOptionalStr" name="test_returns_string_for_bool_false_input" time="0.001" /><testcase classname="tests.analytics.profiles.test_utils.TestOptionalInt" name="test_returns_int_for_int_input" time="0.001" /><testcase classname="tests.analytics.profiles.test_utils.TestOptionalInt" name="test_returns_int_for_float_input" time="0.000" /><testcase classname="tests.analytics.profiles.test_utils.TestOptionalInt" name="test_returns_int_for_string_number" time="0.001" /><testcase classname="tests.analytics.profiles.test_utils.TestOptionalInt" name="test_returns_int_for_string_with_whitespace" time="0.001" /><testcase classname="tests.analytics.profiles.test_utils.TestOptionalInt" name="test_returns_none_for_empty_string" time="0.002" /><testcase classname="tests.analytics.profiles.test_utils.TestOptionalInt" name="test_returns_none_for_whitespace_only_string" time="0.001" /><testcase classname="tests.analytics.profiles.test_utils.TestOptionalInt" name="test_returns_none_for_invalid_string" time="0.001" /><testcase classname="tests.analytics.profiles.test_utils.TestOptionalInt" name="test_returns_none_for_none_input" time="0.001" /><testcase classname="tests.analytics.profiles.test_utils.TestOptionalInt" name="test_returns_int_for_bool_true" time="0.001" /><testcase class
[...]
        """Ensure core.modules output stays stable for demo snapshots."""
        snapshot = ServingSnapshotFactory(tmp_path, serve_dir=tmp_path).demo_snapshot(row_count=1)
        gateway = _open_snapshot_gateway(snapshot)
        try:
            golden_path = Path("tests/fixtures/goldens/tables/core_modules.json")
&gt;           assert_table_matches_golden(gateway, "core.modules", golden_path=golden_path)

tests/storage/test_table_goldens.py:35: 
_ _ _ _ _ _ _ _ _ _ _ _ _ _ _ _ _ _ _ _ _ _ _ _ _ _ _ _ _ _ _ _ _ _ _ _ _

gateway = DuckDBGateway(config=StorageConfig(db_path=PosixPath('/private/var/folders/70/h2nd1qjs1zngp8z6tt27_s9c0000gn/T/pytest-...runs=PipelineRunTracking(con=&lt;codeintel.observability.duckdb_tracing._RedactingConnectionProxy object at 0x12ddab050&gt;))
table_key = 'core.modules'

    def assert_table_matches_golden(
        gateway: StorageGateway,
        table_key: str,
        *,
        golden_path: Path,
        update_mode: bool | None = None,
    ) -&gt; list[dict[str, object]]:
        """Assert a table dump matches a golden JSON file.
    
        Parameters
        ----------
        gateway
            Storage gateway to query.
        table_key
            Schema-qualified table key.
        golden_path
            Expected golden JSON file path.
        update_mode
            When True, overwrite golden files with current output.
    
        Returns
        -------
        list[dict[str, object]]
            Normalized rows used for the comparison.
    
        Raises
        ------
        AssertionError
            If the golden file is missing or differs from current output.
        """
        records = dump_table(gateway, table_key)
        actual = _format_json(records)
        should_update = update_mode if update_mode is not None else _update_enabled()
    
        if should_update:
            golden_path.parent.mkdir(parents=True, exist_ok=True)
            golden_path.write_text(actual, encoding="utf-8")
            return records
    
        if not golden_path.exists():
            message = (
                f"Golden file not found: {golden_path}\n"
                "Run with UPDATE_GOLDEN=1 to create it.\n"
                f"Actual output:\n{actual}"
            )
            raise AssertionError(message)
    
        expected = _format_json(json.loads(golden_path.read_text(encoding="utf-8")))
        if actual != expected:
            diff = _format_diff(expected, actual)
            message = f"Table output differs from golden: {golden_path}\nTable: {table_key}\n{diff}"
&gt;           raise AssertionError(message)
E           AssertionError: Table output differs from golden: tests/fixtures/goldens/tables/core_modules.json
E           Table: core.modules
E           --- expected
E           +++ actual
E           @@ -6,6 +6,7 @@
E                "owners": null,
E                "path": "pkg/mod.py",
E                "repo": "demo/repo",
E           +    "row_hash": null,
E                "tags": null
E              }
E            ]

tests/_helpers/goldens/table_goldens.py:108: AssertionError</failure></testcase><testcase classname="tests.storage.views.test_pr86_no_ibis_view_registry" name="test_ibis_view_registry_module_removed" time="0.001" /><testcase classname="tests.storage.views.test_pr86_no_ibis_view_registry" name="test_view_builders_discoverable_via_tags" time="0.019" /><testcase classname="tests.test_build_storage_architecture_invariants" name="test_no_direct_ibis_table_calls_outside_allowlist" time="0.237" /><testcase classname="tests.test_build_storage_architecture_invariants" name="test_no_build_policy_write_calls" time="0.034" /><testcase classname="tests.test_core_dependency_hygiene" name="test_core_imports_are_stdlib_only" time="0.002" /><testcase classname="tests.test_layering_serving_imports" name="test_no_serving_imports_in_middle_packages" time="2.414" /><testcase classname="tests.storage.test_run_tracking" name="test_record_step_inserts_step" time="14.349"><error message="failed on setup with &quot;ValueError: Dataset contract validation failed:&#10;- Table column mismatch for schema_inference_errors: expected ['table_key', 'repo', 'commit', 'error', 'occurred_at', 'run_id'], found []&quot;">fixturedef = &lt;FixtureDef argname='fresh_gateway' scope='function' baseid='tests'&gt;
request = &lt;SubRequest 'fresh_gateway' for &lt;Function test_record_step_inserts_step&gt;&gt;

    @pytest.hookimpl(wrapper=True)
    def pytest_fixture_setup(fixturedef: FixtureDef, request) -&gt; object | None:
        asyncio_mode = _get_asyncio_mode(request.config)
        if not _is_asyncio_fixture_function(fixturedef.func):
            if asyncio_mode == Mode.STRICT:
                # Ignore async fixtures without explicit asyncio mark in strict mode
                # This applies to pytest_trio fixtures, for example
                return (yield)
            if not _is_coroutine_or_asyncgen(fixturedef.func):
&gt;               return (yield)
                        ^^^^^

.venv/lib/python3.13/site-packages/pytest_asyncio/plugin.py:730: 
_ _ _ _ _ _ _ _ _ _ _ _ _ _ _ _ _ _ _ _ _ _ _ _ _ _ _ _ _ _ _ _ _ _ _ _ _
tests/conftest.py:156: in fresh_gateway
    gateway = GatewayFactory().open()
              ^^^^^^^^^^^^^^^^^^^^^^^
tests/_helpers/gateway.py:259: in open
    gateway = _open_memory_gateway(
src/codeintel/storage/gateway/factory.py:235: in open_memory_gateway
    return open_gateway(cfg)
           ^^^^^^^^^^^^^^^^^
src/codeintel/storage/gateway/factory.py:115: in open_gateway
    validate_contract_or_raise(
src/codeintel/storage/validation/contract.py:119: in validate_contract_or_raise
    validate_contract_or_raise_core(
_ _ _ _ _ _ _ _ _ _ _ _ _ _ _ _ _ _ _ _ _ _ _ _ _ _ _ _ _ _ _ _ _ _ _ _ _

registry = DatasetRegistry(by_name={'behavioral_coverage': DatasetContract(table_key='analytics.behavioral_coverage', name='behav...quet', 'graph.import_graph_edges': 'import_graph_edges.parquet', 'graph.symbol_use_edges': 'symbol_use_edges.parquet'})

    def validate_contract_or_raise(
        registry: DatasetRegistryLike,
        *,
        contracts_by_table_key: Mapping[str, DatasetContract],
        contracts_by_name: Mapping[str, DatasetContract],
        include_views: bool = True,
        table_columns_lookup: TableColumnsLookup | None = None,
    ) -&gt; None:
        """Validate dataset contract and raise on any issues.
    
        Parameters
        ----------
        registry
            Dataset registry to validate.
        contracts_by_table_key
            Mapping of table key to DatasetContract.
        contracts_by_name
            Mapping of dataset name to DatasetContract.
        include_views
            Whether to include views in validation checks.
        table_columns_lookup
            Optional callable returning actual column order for a table key.
    
        Raises
        ------
        ValueError
            When any contract problems are detected.
        """
        issues = collect_contract_issues(
            registry,
            contracts_by_table_key=contracts_by_table_key,
            contracts_by_name=contracts_by_name,
            include_views=include_views,
            table_columns_lookup=table_columns_lookup,
        )
        if issues:
            message = "Dataset contract validation failed:\n" + "\n".join(f"- {i}" for i in issues)
&gt;           raise ValueError(message)
E           ValueError: Dataset contract validation failed:
E           - Table column mismatch for schema_inference_errors: expected ['table_key', 'repo', 'commit', 'error', 'occurred_at', 'run_id'], found []

src/codeintel/core/schemas/contract_validation.py:296: ValueError</error></testcase><testcase classname="tests.storage.test_schema_helpers" name="test_validate_row_with_schema_passes_valid_data" time="0.005" /><testcase classname="tests.storage.test_schema_helpers" name="test_apply_all_schemas_creates_function_validation" time="14.823" /><testcase classname="tests.test_pipeline_smoke" name="test_build_export_smoke" time="0.005"><skipped type="pytest.xfail" message="Build smoke test currently fails in function_effects catalog integration" /></testcase><testcase classname="tests.storage.tracking.test_build_tracking.TestOutputManifestOperations" name="test_save_and_load_manifest" time="14.898" /><testcase classname="tests.storage.tracking.test_build_tracking.TestOutputManifestOperations" name="test_upsert_manifest" time="15.052" /><testcase classname="tests.test_tests_analytics_unit" name="test_build_test_coverage_edges_with_real_coverage" time="4.395" /><testcase classname="tests.storage.tracking.test_build_tracking.TestOutputManifestOperations" name="test_delete_manifests" time="15.035" /><testcase classname="tests.storage.tracking.test_build_tracking.TestBuildRunOperations" name="test_start_and_fetch_run" time="14.461" /><testcase classname="tests.storage.test_schema_roundtrip" name="test_generate_export_schemas_writes_files" time="15.878" /><testcase classname="tests.storage.tracking.test_build_tracking.TestBuildRunOperations" name="test_complete_run_succeeded" time="15.662" /><testcase classname="tests.storage.test_snapshot_scoping" name="test_maybe_scope_by_repo_commit_is_noop_when_columns_missing" time="15.472" /><testcase classname="tests.test_tests_analytics_unit" name="test_build_test_coverage_edges_respects_injected_loader" time="4.622" /><testcase classname="tests.storage.test_warehouse_materialization_equivalence" name="test_warehouse_materialize_variants_write_equivalent_rows" time="15.160"><error message="failed on setup with &quot;ValueError: Dataset contract validation failed:&#10;- Table column mismatch for schema_inference_errors: expected ['table_key', 'repo', 'commit', 'error', 'occurred_at', 'run_id'], found []&quot;">fixturedef = &lt;FixtureDef argname='fresh_gateway' scope='function' baseid='tests'&gt;
request = &lt;SubRequest 'fresh_gateway' for &lt;Function test_warehouse_materialize_variants_write_equivalent_rows&gt;&gt;

    @pytest.hookimpl(wrapper=True)
    def pytest_fixture_setup(fixturedef: FixtureDef, request) -&gt; object | None:
        asyncio_mode = _get_asyncio_mode(request.config)
        if not _is_asyncio_fixture_function(fixturedef.func):
            if asyncio_mode == Mode.STRICT:
                # Ignore async fixtures without explicit asyncio mark in strict mode
                # This applies to pytest_trio fixtures, for example
                return (yield)
            if not _is_coroutine_or_asyncgen(fixturedef.func):
&gt;               return (yield)
                        ^^^^^

.venv/lib/python3.13/site-packages/pytest_asyncio/plugin.py:730: 
_ _ _ _ _ _ _ _ _ _ _ _ _ _ _ _ _ _ _ _ _ _ _ _ _ _ _ _ _ _ _ _ _ _ _ _ _
tests/conftest.py:156: in fresh_gateway
    gateway = GatewayFactory().open()
              ^^^^^^^^^^^^^^^^^^^^^^^
tests/_helpers/gateway.py:259: in open
    gateway = _open_memory_gateway(
src/codeintel/storage/gateway/factory.py:235: in open_memory_gateway
    return open_gateway(cfg)
           ^^^^^^^^^^^^^^^^^
src/codeintel/storage/gateway/factory.py:115: in open_gateway
    validate_contract_or_raise(
src/codeintel/storage/validation/contract.py:119: in validate_contract_or_raise
    validate_contract_or_raise_core(
_ _ _ _ _ _ _ _ _ _ _ _ _ _ _ _ _ _ _ _ _ _ _ _ _ _ _ _ _ _ _ _ _ _ _ _ _

registry = DatasetRegistry(by_name={'behavioral_coverage': DatasetContract(table_key='analytics.behavioral_coverage', name='behav...quet', 'graph.import_graph_edges': 'import_graph_edges.parquet', 'graph.symbol_use_edges': 'symbol_use_edges.parquet'})

    def validate_contract_or_raise(
        registry: DatasetRegistryLike,
        *,
        contracts_by_table_key: Mapping[str, DatasetContract],
        contracts_by_name: Mapping[str, DatasetContract],
        include_views: bool = True,
        table_columns_lookup: TableColumnsLookup | None = None,
    ) -&gt; None:
        """Validate dataset contract and raise on any issues.
    
        Parameters
        ----------
        registry
            Dataset registry to validate.
        contracts_by_table_key
            Mapping of table key to DatasetContract.
        contracts_by_name
            Mapping of dataset name to DatasetContract.
        include_views
            Whether to include views in validation checks.
        table_columns_lookup
            Optional callable returning actual column order for a table key.
    
        Raises
        ------
        ValueError
            When any contract problems are detected.
        """
        issues = collect_contract_issues(
            registry,
            contracts_by_table_key=contracts_by_table_key,
            contracts_by_name=contracts_by_name,
            include_views=include_views,
            table_columns_lookup=table_columns_lookup,
        )
        if issues:
            message = "Dataset contract validation failed:\n" + "\n".join(f"- {i}" for i in issues)
&gt;           raise ValueError(message)
E           ValueError: Dataset contract validation failed:
E           - Table column mismatch for schema_inference_errors: expected ['table_key', 'repo', 'commit', 'error', 'occurred_at', 'run_id'], found []

src/codeintel/core/schemas/contract_validation.py:296: ValueError</error></testcase><testcase classname="tests.test_testing_contract" name="test_testing_charter_forbidden_patterns" time="0.260"><failure message="AssertionError: Testing charter violations detected:&#10;monkeypatch: /Users/paulheyse/CodeIntel/CodeIntel/tests/cli/test_cli_telemetry.py">def test_testing_charter_forbidden_patterns() -&gt; None:
        """
        Fail fast when tests use forbidden patching or path hacks.
    
        Enforces the charter: no monkeypatching/runtime patching, no sys.path edits,
        and no imports of underscore-prefixed production symbols from tests.
    
        Raises
        ------
        AssertionError
            If any forbidden pattern is detected in the test suite.
        """
        violations: list[str] = []
        for path in _iter_test_files():
            content = path.read_text(encoding="utf-8")
            for label, pattern in FORBIDDEN_PATTERNS.items():
                if pattern.search(content):
                    violations.append(f"{label}: {path}")
        if violations:
            message = "Testing charter violations detected:\n" + "\n".join(sorted(violations))
&gt;           raise AssertionError(message)
E           AssertionError: Testing charter violations detected:
E           monkeypatch: /Users/paulheyse/CodeIntel/CodeIntel/tests/cli/test_cli_telemetry.py

tests/test_testing_contract.py:61: AssertionError</failure></testcase><testcase classname="tests.test_tests_analytics_unit" name="test_backfill_test_goids_updates_catalog" time="3.998"><failure message="ValueError: Dataset contract validation failed:&#10;- Table column mismatch for schema_inference_errors: expected ['table_key', 'repo', 'commit', 'error', 'occurred_at', 'run_id'], found []">def test_backfill_test_goids_updates_catalog() -&gt; None:
        """Ensure test_catalog entries receive GOIDs and URNs when matched to GOIDs."""
        repo_root = Path(tempfile.mkdtemp())
&gt;       ctx = provision_graph_ready_repo(
            repo_root,
            repo="demo/repo",
            commit="deadbeef",
            options=ProvisionOptions(include_seed_goid=False, build_graph_metrics=True),
        )

tests/test_tests_analytics_unit.py:49: 
_ _ _ _ _ _ _ _ _ _ _ _ _ _ _ _ _ _ _ _ _ _ _ _ _ _ _ _ _ _ _ _ _ _ _ _ _
tests/_helpers/orchestration/provisioning.py:735: in provision_graph_ready_repo
    ctx = provision_ingested_repo(
tests/_helpers/orchestration/provisioning.py:560: in provision_ingested_repo
    return provision_hamilton_repo(
tests/_helpers/orchestration/provisioning.py:501: in provision_hamilton_repo
    ctx = create_test_context(repo_root.parent, options=env_opts, gateway_options=gateway_opts)
          ^^^^^^^^^^^^^^^^^^^^^^^^^^^^^^^^^^^^^^^^^^^^^^^^^^^^^^^^^^^^^^^^^^^^^^^^^^^^^^^^^^^^^
tests/_helpers/context.py:482: in create_test_context
    gateway = build_test_gateway(
tests/_helpers/context.py:574: in build_test_gateway
    gateway = factory.open()
              ^^^^^^^^^^^^^^
tests/_helpers/gateway.py:255: in open
    gateway = open_gateway(cfg)
              ^^^^^^^^^^^^^^^^^
src/codeintel/storage/gateway/factory.py:115: in open_gateway
    validate_contract_or_raise(
src/codeintel/storage/validation/contract.py:119: in validate_contract_or_raise
    validate_contract_or_raise_core(
_ _ _ _ _ _ _ _ _ _ _ _ _ _ _ _ _ _ _ _ _ _ _ _ _ _ _ _ _ _ _ _ _ _ _ _ _

registry = DatasetRegistry(by_name={'behavioral_coverage': DatasetContract(table_key='analytics.behavioral_coverage', name='behav...quet', 'graph.import_graph_edges': 'import_graph_edges.parquet', 'graph.symbol_use_edges': 'symbol_use_edges.parquet'})

    def validate_contract_or_raise(
        registry: DatasetRegistryLike,
        *,
        contracts_by_table_key: Mapping[str, DatasetContract],
        contracts_by_name: Mapping[str, DatasetContract],
        include_views: bool = True,
        table_columns_lookup: TableColumnsLookup | None = None,
    ) -&gt; None:
        """Validate dataset contract and raise on any issues.
    
        Parameters
        ----------
        registry
            Dataset registry to validate.
        contracts_by_table_key
            Mapping of table key to DatasetContract.
        contracts_by_name
            Mapping of dataset name to DatasetContract.
        include_views
            Whether to include views in validation checks.
        table_columns_lookup
            Optional callable returning actual column order for a table key.
    
        Raises
        ------
        ValueError
            When any contract problems are detected.
        """
        issues = collect_contract_issues(
            registry,
            contracts_by_table_key=contracts_by_table_key,
            contracts_by_name=contracts_by_name,
            include_views=include_views,
            table_columns_lookup=table_columns_lookup,
        )
        if issues:
            message = "Dataset contract validation failed:\n" + "\n".join(f"- {i}" for i in issues)
&gt;           raise ValueError(message)
E           ValueError: Dataset contract validation failed:
E           - Table column mismatch for schema_inference_errors: expected ['table_key', 'repo', 'commit', 'error', 'occurred_at', 'run_id'], found []

src/codeintel/core/schemas/contract_validation.py:296: ValueError</failure></testcase><testcase classname="tests.storage.test_warehouse_transaction_rollback" name="test_materialize_rows_replace_rolls_back_on_write_failure" time="15.296" /><testcase classname="tests.test_tests_analytics_unit" name="test_edges_for_file_uses_test_meta" time="0.009" /><testcase classname="tests.storage.tracking.test_build_tracking.TestOutputManifestOperations" name="test_load_nonexistent_manifest" time="14.377" /><testcase classname="tests.tools.test_tool_sandbox_integration" name="test_tool_runner_records_pytest_version[asyncio]" time="0.192" /><testcase classname="tests.storage.tracking.test_build_tracking.TestOutputManifestOperations" name="test_list_manifests" time="14.323" /><testcase classname="tests.storage.tracking.test_build_tracking.TestScipRunTracking" name="test_record_scip_run_persists_row" time="14.049" /><testcase classname="tests.storage.tracking.test_build_tracking.TestBuildRunOperations" name="test_fetch_nonexistent_run" time="14.122" /><testcase classname="tests.storage.tracking.test_build_tracking.TestBuildRunOperations" name="test_complete_run_failed" time="13.804" /><testcase classname="tests.storage.tracking.test_build_tracking.TestBuildRunOperations" name="test_list_runs" time="13.763" /><testcase classname="tests.storage.tracking.test_build_tracking.TestBuildRunOperations" name="test_list_runs_with_limit" time="14.192" /></testsuite></testsuites>