<?xml version="1.0" encoding="utf-8"?><testsuites name="pytest tests"><testsuite name="pytest" errors="0" failures="1" skipped="0" tests="324" time="24.015" timestamp="2025-12-13T20:04:03.836000-05:00" hostname="paul-X870-AORUS-ELITE-WIFI7"><testcase classname="tests.analytics.compute.test_graphs_centrality" name="test_pagerank_reverse_star_hub_high" time="0.063" /><testcase classname="tests.analytics.compute.test_entrypoints_detection" name="test_entrypoint_candidate_kinds[cli_command]" time="0.002" /><testcase classname="tests.analytics.compute.test_entrypoints_detection" name="test_detector_settings_defaults_and_disable" time="0.002" /><testcase classname="tests.analytics.compute.test_evidence_collection" name="test_evidence_collector_add_from_ast_and_extend" time="0.001" /><testcase classname="tests.analytics.compute.test_graphs_centrality" name="test_betweenness_values_are_floats" time="0.002" /><testcase classname="tests.analytics.compute.test_entrypoints_detection" name="test_detects_click_typer_and_generic_routes" time="0.003" /><testcase classname="tests.analytics.compute.test_graphs_centrality" name="test_betweenness_unnormalized" time="0.005" /><testcase classname="tests.analytics.compute.test_graphs_centrality" name="test_betweenness_single_node_zero" time="0.002" /><testcase classname="tests.analytics.compute.test_entrypoints_detection" name="test_entrypoint_candidate_frameworks[airflow]" time="0.002" /><testcase classname="tests.analytics.compute.test_entrypoints_detection" name="test_entrypoint_candidate_frameworks[None]" time="0.000" /><testcase classname="tests.analytics.compute.test_graphs_conversions.TestNormalizeDecimalId" name="test_returns_none_for_invalid_bytes" time="0.001" /><testcase classname="tests.analytics.compute.test_graphs_conversions.TestNormalizeDecimalId" name="test_returns_none_for_non_numeric_bytes" time="0.000" /><testcase classname="tests.analytics.compute.test_entrypoints_detection" name="test_entrypoint_candidate_frameworks[flask]" time="0.002" /><testcase classname="tests.analytics.compute.test_entrypoints_detection" name="test_entrypoint_candidate_frameworks[click]" time="0.000" /><testcase classname="tests.analytics.compute.test_evidence_collection" name="test_evidence_collector_caps_and_retains_details" time="0.000" /><testcase classname="tests.analytics.compute.test_evidence_collection" name="test_validate_evidence_samples_errors" time="0.001" /><testcase classname="tests.analytics.compute.test_entrypoints_detection" name="test_import_context_immutability" time="0.002" /><testcase classname="tests.analytics.compute.test_graphs_centrality" name="test_pagerank_disconnected_components" time="0.064" /><testcase classname="tests.analytics.compute.test_graphs_conversions.TestToDecimalId" name="test_converts_decimal_input" time="0.001" /><testcase classname="tests.analytics.compute.test_entrypoints_detection" name="test_detect_entrypoints_basic_behaviors" time="0.001" /><testcase classname="tests.analytics.compute.test_entrypoints_detection" name="test_detects_celery_airflow_cron_and_django" time="0.002" /><testcase classname="tests.analytics.compute.test_graphs_conversions.TestNormalizeNodeId" name="test_preserves_non_digit_strings[func_name-func_name]" time="0.002" /><testcase classname="tests.analytics.compute.test_graphs_conversions.TestNormalizeDecimalId" name="test_returns_none_for_unconvertible" time="0.001" /><testcase classname="tests.analytics.compute.test_graphs_conversions.TestNormalizeNodeId" name="test_returns_none_for_none" time="0.000" /><testcase classname="tests.analytics.compute.test_graphs_conversions.TestNormalizeNodeId" name="test_converts_decimal_to_int[input_val0-123]" time="0.001" /><testcase classname="tests.analytics.compute.test_graphs_conversions.TestNormalizeNodeId" name="test_converts_decimal_to_int[input_val1-999999999999]" time="0.001" /><testcase classname="tests.analytics.compute.test_graphs_centrality" name="test_pagerank_empty_graph" time="0.002" /><testcase classname="tests.analytics.compute.test_graphs_centrality" name="test_pagerank_single_node" time="0.064" /><testcase classname="tests.analytics.compute.test_graphs_conversions.TestIntegrationScenarios" name="test_roundtrip_decimal_normalization" time="0.001" /><testcase classname="tests.analytics.compute.test_graphs_centrality" name="test_centrality_undirected_logs_eigen_warning" time="0.068" /><testcase classname="tests.analytics.compute.test_graphs_conversions.TestLogEmptyGraph" name="test_logs_for_empty_graph" time="0.005" /><testcase classname="tests.analytics.compute.test_graphs_conversions.TestToDecimalId" name="test_converts_integers[0-expected3]" time="0.002" /><testcase classname="tests.analytics.compute.test_graphs_centrality" name="test_both_metrics_same_nodes" time="0.060" /><testcase classname="tests.analytics.compute.test_graphs_statistics" name="test_out_degrees_star_graph" time="0.002" /><testcase classname="tests.analytics.compute.test_graphs_statistics" name="test_degrees_empty_graph" time="0.001" /><testcase classname="tests.analytics.compute.test_graphs_statistics" name="test_degrees_simple_path" time="0.000" /><testcase classname="tests.analytics.compute.test_graphs_statistics" name="test_degrees_triangle" time="0.000" /><testcase classname="tests.analytics.compute.test_graphs_conversions.TestSafeFloat" name="test_converts_decimal[input_val2--3.14]" time="0.005" /><testcase classname="tests.analytics.compute.test_graphs_conversions.TestSafeFloat" name="test_converts_string[1.5-1.5]" time="0.001" /><testcase classname="tests.analytics.compute.test_graphs_statistics" name="test_stats_density_calculation" time="0.004" /><testcase classname="tests.analytics.compute.test_entrypoints_detection" name="test_detect_entrypoints_emits_snippet_evidence" time="0.001" /><testcase classname="tests.analytics.compute.test_evidence_collection" name="test_evidence_sample_from_ast_and_to_dict" time="0.000" /><testcase classname="tests.analytics.compute.test_graphs_conversions.TestNormalizeDecimalId" name="test_passes_through_integers[-1--1]" time="0.002" /><testcase classname="tests.analytics.compute.test_graphs_conversions.TestNormalizeDecimalId" name="test_converts_decimal_to_int[input_val0-123]" time="0.001" /><testcase classname="tests.analytics.compute.test_graphs_conversions.TestNormalizeDecimalId" name="test_converts_string[123-123]" time="0.001" /><testcase classname="tests.analytics.compute.test_graphs_conversions.TestNormalizeDecimalId" name="test_converts_string[456-456]" time="0.000" /><testcase classname="tests.analytics.compute.test_graphs_statistics" name="test_stats_empty_graph" time="0.004" /><testcase classname="tests.analytics.compute.test_graphs_statistics" name="test_stats_single_node" time="0.002" /><testcase classname="tests.analytics.compute.test_graphs_statistics" name="test_stats_simple_dag_is_dag" time="0.000" /><testcase classname="tests.analytics.compute.test_graphs_statistics" name="test_stats_cycle_is_not_dag" time="0.000" /><testcase classname="tests.analytics.compute.test_graphs_conversions.TestLogEmptyGraph" name="test_no_log_for_nonempty_graph" time="0.001" /><testcase classname="tests.analytics.compute.test_graphs_conversions.TestLogEmptyGraph" name="test_works_with_digraph" time="0.001" /><testcase classname="tests.analytics.compute.test_graphs_conversions.TestLogProjectionSkipped" name="test_logs_info" time="0.000" /><testcase classname="tests.analytics.compute.test_entrypoints_detection" name="test_entrypoint_candidate_kinds[background_job]" time="0.000" /><testcase classname="tests.analytics.compute.test_entrypoints_detection" name="test_entrypoint_candidate_kinds[scheduled_job]" time="0.001" /><testcase classname="tests.analytics.compute.test_entrypoints_detection" name="test_entrypoint_candidate_kinds[websocket]" time="0.000" /><testcase classname="tests.analytics.compute.test_graphs_conversions.TestSafeFloat" name="test_passes_through_floats[1.5-1.5]" time="0.005" /><testcase classname="tests.analytics.compute.test_graphs_conversions.TestSafeFloat" name="test_passes_through_floats[0.0-0.0]" time="0.001" /><testcase classname="tests.analytics.compute.test_graphs_conversions.TestSafeFloat" name="test_passes_through_floats[-3.14--3.14]" time="0.001" /><testcase classname="tests.analytics.compute.test_graphs_conversions.TestSafeFloat" name="test_converts_decimal[input_val0-1.5]" time="0.001" /><testcase classname="tests.analytics.compute.test_graphs_conversions.TestNormalizeNodeId" name="test_preserves_non_digit_strings[module.function-module.function]" time="0.001" /><testcase classname="tests.analytics.compute.test_graphs_conversions.TestNormalizeNodeId" name="test_preserves_non_digit_strings[123abc-123abc]" time="0.001" /><testcase classname="tests.analytics.compute.test_graphs_conversions.TestNormalizeNodeId" name="test_raises_on_float_infinity" time="0.000" /><testcase classname="tests.analytics.compute.test_graphs_centrality" name="test_betweenness_sampled_with_k" time="0.001" /><testcase classname="tests.analytics.compute.test_graphs_centrality" name="test_betweenness_disconnected_components" time="0.000" /><testcase classname="tests.analytics.compute.test_graphs_centrality" name="test_betweenness_realistic_call_graph" time="0.001" /><testcase classname="tests.analytics.compute.test_graphs_centrality" name="test_metrics_create_all_fields" time="0.000" /><testcase classname="tests.analytics.compute.test_graphs_conversions.TestNormalizeDecimalId" name="test_converts_decimal_to_int[input_val1-0]" time="0.001" /><testcase classname="tests.analytics.compute.test_graphs_conversions.TestNormalizeDecimalId" name="test_converts_decimal_to_int[input_val2--456]" time="0.000" /><testcase classname="tests.analytics.compute.test_graphs_conversions.TestIntegrationScenarios" name="test_graph_node_id_normalization" time="0.002" /><testcase classname="tests.analytics.compute.test_graphs_conversions.TestIntegrationScenarios" name="test_safe_float_for_metrics" time="0.001" /><testcase classname="tests.analytics.compute.test_graphs_statistics" name="test_statistics_create_all_fields" time="0.000" /><testcase classname="tests.analytics.compute.test_graphs_conversions.TestNormalizeNodeId" name="test_converts_numeric_types[456.0-456]" time="0.002" /><testcase classname="tests.analytics.compute.test_graphs_conversions.TestNormalizeNodeId" name="test_converts_numeric_types[0.0-0]" time="0.001" /><testcase classname="tests.analytics.compute.test_graphs_conversions.TestNormalizeNodeId" name="test_converts_digit_strings[123-123]" time="0.001" /><testcase classname="tests.analytics.compute.test_graphs_conversions.TestNormalizeNodeId" name="test_converts_digit_strings[456-456]" time="0.001" /><testcase classname="tests.analytics.compute.test_graphs_conversions.TestToDecimalId" name="test_handles_large_integers" time="0.005" /><testcase classname="tests.analytics.compute.test_graphs_conversions.TestNormalizeDecimalId" name="test_returns_none_for_none" time="0.000" /><testcase classname="tests.analytics.compute.test_graphs_conversions.TestNormalizeDecimalId" name="test_passes_through_integers[123-123]" time="0.001" /><testcase classname="tests.analytics.compute.test_graphs_conversions.TestSafeFloat" name="test_converts_string[0.0-0.0]" time="0.001" /><testcase classname="tests.analytics.compute.test_graphs_conversions.TestSafeFloat" name="test_converts_string[-3.14--3.14]" time="0.001" /><testcase classname="tests.analytics.compute.test_graphs_conversions.TestNormalizeDecimalId" name="test_decodes_bytes[123-123]" time="0.002" /><testcase classname="tests.analytics.compute.test_graphs_conversions.TestNormalizeDecimalId" name="test_decodes_bytes[456-456]" time="0.001" /><testcase classname="tests.analytics.compute.test_graphs_conversions.TestNormalizeDecimalId" name="test_decodes_bytes[0-0]" time="0.001" /><testcase classname="tests.analytics.compute.test_graphs_conversions.TestNormalizeDecimalId" name="test_decodes_bytearray[input_val0-123]" time="0.001" /><testcase classname="tests.analytics.compute.test_graphs_conversions.TestToDecimalId" name="test_converts_integers[-1-expected4]" time="0.001" /><testcase classname="tests.analytics.compute.test_graphs_conversions.TestToDecimalId" name="test_converts_string_integers[123-expected0]" time="0.001" /><testcase classname="tests.analytics.compute.test_graphs_conversions.TestToDecimalId" name="test_converts_string_integers[456-expected1]" time="0.001" /><testcase classname="tests.analytics.compute.test_graphs_statistics" name="test_stats_average_degrees" time="0.001" /><testcase classname="tests.analytics.compute.test_graphs_statistics" name="test_stats_multiple_components" time="0.000" /><testcase classname="tests.analytics.compute.test_graphs_statistics" name="test_stats_strongly_connected_graph" time="0.000" /><testcase classname="tests.analytics.compute.test_entrypoints_detection" name="test_entrypoint_candidate_core_metadata" time="0.000" /><testcase classname="tests.analytics.compute.test_entrypoints_detection" name="test_entrypoint_candidate_optionals_and_schema" time="0.000" /><testcase classname="tests.analytics.compute.test_entrypoints_detection" name="test_entrypoint_candidate_frameworks[typer]" time="0.000" /><testcase classname="tests.analytics.compute.test_entrypoints_detection" name="test_entrypoint_candidate_frameworks[celery]" time="0.000" /><testcase classname="tests.analytics.compute.test_graphs_statistics" name="test_in_degrees_empty_graph" time="0.004" /><testcase classname="tests.analytics.compute.test_graphs_statistics" name="test_in_degrees_simple_chain" time="0.000" /><testcase classname="tests.analytics.compute.test_graphs_statistics" name="test_in_degrees_star_graph" time="0.000" /><testcase classname="tests.analytics.compute.test_graphs_statistics" name="test_out_degrees_empty_graph" time="0.000" /><testcase classname="tests.analytics.compute.test_graphs_centrality" name="test_betweenness_chain_middle_nodes_high" time="0.001" /><testcase classname="tests.analytics.compute.test_entrypoints_detection" name="test_entrypoint_candidate_frameworks[django]" time="0.001" /><testcase classname="tests.analytics.compute.test_graphs_centrality" name="test_betweenness_star_hub_high" time="0.000" /><testcase classname="tests.analytics.compute.test_evidence_collection" name="test_evidence_collector_deduplicates_and_caps" time="0.001" /><testcase classname="tests.analytics.compute.test_graphs_statistics" name="test_degree_functions_match_statistics" time="0.002" /><testcase classname="tests.analytics.compute.test_graphs_conversions.TestNormalizeNodeId" name="test_converts_numeric_types[123-123]" time="0.001" /><testcase classname="tests.analytics.compute.test_graphs_centrality" name="test_metrics_is_frozen" time="0.001" /><testcase classname="tests.analytics.compute.test_graphs_statistics" name="test_in_degree_values_only" time="0.001" /><testcase classname="tests.analytics.compute.test_graphs_statistics" name="test_out_degree_values_empty_graph" time="0.000" /><testcase classname="tests.analytics.compute.test_graphs_statistics" name="test_out_degree_values_only" time="0.000" /><testcase classname="tests.analytics.compute.test_graphs_statistics" name="test_various_graph_sizes" time="0.001" /><testcase classname="tests.analytics.compute.test_graphs_statistics" name="test_in_degree_values_empty_graph" time="0.001" /><testcase classname="tests.analytics.compute.test_profiles" name="test_stats_mixed_typedness" time="0.000" /><testcase classname="tests.analytics.compute.test_graphs_centrality" name="test_betweenness_cycle_equal" time="0.000" /><testcase classname="tests.analytics.compute.test_profiles" name="test_metric_create" time="0.000" /><testcase classname="tests.analytics.compute.test_profiles" name="test_aggregate_empty_metrics" time="0.000" /><testcase classname="tests.analytics.compute.test_profiles" name="test_aggregate_single_function" time="0.000" /><testcase classname="tests.analytics.compute.test_profiles" name="test_aggregate_multiple_functions" time="0.000" /><testcase classname="tests.analytics.compute.test_profiles" name="test_stats_avg_loc" time="0.000" /><testcase classname="tests.analytics.compute.test_graphs_statistics" name="test_degree_values_empty_graph" time="0.001" /><testcase classname="tests.analytics.compute.test_graphs_statistics" name="test_degree_values_only" time="0.000" /><testcase classname="tests.analytics.compute.test_profiles" name="test_aggregate_complexity_buckets" time="0.000" /><testcase classname="tests.analytics.compute.test_profiles" name="test_aggregate_average_typedness" time="0.000" /><testcase classname="tests.analytics.compute.test_profiles" name="test_aggregate_realistic_codebase" time="0.000" /><testcase classname="tests.analytics.compute.test_profiles" name="test_stats_empty_aggregates" time="0.001" /><testcase classname="tests.analytics.compute.test_graphs_conversions.TestSafeFloat" name="test_returns_none_for_invalid" time="0.001" /><testcase classname="tests.analytics.compute.test_profiles" name="test_extract_small_simple_typed" time="0.000" /><testcase classname="tests.analytics.compute.test_profiles" name="test_extract_large_complex_untyped" time="0.000" /><testcase classname="tests.analytics.compute.test_profiles" name="test_extract_medium_moderate_partial" time="0.000" /><testcase classname="tests.analytics.compute.test_profiles" name="test_quality_score_bounds" time="0.000" /><testcase classname="tests.analytics.compute.test_graphs_conversions.TestNormalizeDecimalId" name="test_converts_float_via_string" time="0.001" /><testcase classname="tests.analytics.compute.test_profiles" name="test_stats_all_present" time="0.000" /><testcase classname="tests.analytics.compute.test_profiles" name="test_features_create" time="0.000" /><testcase classname="tests.analytics.compute.test_graphs_wrappers" name="test_centrality_wrappers_and_neighbor_stats" time="0.059" /><testcase classname="tests.analytics.compute.test_graphs_statistics" name="test_stats_node_and_edge_counts" time="0.001" /><testcase classname="tests.analytics.compute.test_profiles" name="test_complexity_normalization" time="0.000" /><testcase classname="tests.analytics.compute.test_profiles" name="test_aggregate_then_extract" time="0.000" /><testcase classname="tests.analytics.compute.test_profiles" name="test_realistic_codebase_features" time="0.000" /><testcase classname="tests.analytics.compute.test_graphs_conversions.TestSafeFloat" name="test_converts_decimal[input_val1-0.0]" time="0.001" /><testcase classname="tests.analytics.compute.test_graphs_conversions.TestSafeFloat" name="test_returns_none_for_none" time="0.001" /><testcase classname="tests.analytics.compute.test_entrypoints_detection" name="test_entrypoint_candidate_frameworks[fastapi]" time="0.001" /><testcase classname="tests.analytics.compute.test_semantic_roles" name="test_context_name_property" time="0.000" /><testcase classname="tests.analytics.compute.test_profiles" name="test_threshold_constants" time="0.000" /><testcase classname="tests.analytics.compute.test_profiles" name="test_size_boundary_small_medium" time="0.000" /><testcase classname="tests.analytics.compute.test_profiles" name="test_size_boundary_medium_large" time="0.000" /><testcase classname="tests.analytics.compute.test_profiles" name="test_complexity_boundary" time="0.000" /><testcase classname="tests.analytics.compute.test_semantic_roles" name="test_accumulator_finalize_empty" time="0.001" /><testcase classname="tests.analytics.compute.test_semantic_roles" name="test_context_tag_strings" time="0.000" /><testcase classname="tests.analytics.compute.test_semantic_roles" name="test_accumulator_bump_single" time="0.000" /><testcase classname="tests.analytics.compute.test_semantic_roles" name="test_context_name_simple" time="0.000" /><testcase classname="tests.analytics.compute.test_semantic_roles" name="test_context_rel_path_lower" time="0.000" /><testcase classname="tests.analytics.compute.test_row_builders.TestMergeComponentMetadata" name="test_returns_computed_when_no_cache" time="0.000" /><testcase classname="tests.analytics.compute.test_semantic_roles" name="test_context_module_lower" time="0.000" /><testcase classname="tests.analytics.compute.test_semantic_roles" name="test_accumulator_bump_accumulates" time="0.000" /><testcase classname="tests.analytics.compute.test_semantic_roles" name="test_accumulator_bump_with_framework" time="0.000" /><testcase classname="tests.analytics.compute.test_graphs_conversions.TestLogProjectionSkipped" name="test_logs_with_different_reasons" time="0.001" /><testcase classname="tests.analytics.compute.test_row_builders.TestBuildFunctionGraphMetricRows" name="test_builds_empty_list_for_no_nodes" time="0.001"><failure message="TypeError: FunctionGraphMetricInputs.__init__() got an unexpected keyword argument 'cfg'">tests/analytics/compute/test_row_builders.py:146: in test_builds_empty_list_for_no_nodes
    inputs = FunctionGraphMetricInputs(
E   TypeError: FunctionGraphMetricInputs.__init__() got an unexpected keyword argument 'cfg'</failure></testcase><testcase classname="tests.analytics.compute.test_graphs_centrality" name="test_betweenness_keys_match_nodes" time="0.001" /><testcase classname="tests.analytics.compute.test_semantic_roles" name="test_classify_test_function" time="0.001" /><testcase classname="tests.analytics.compute.test_semantic_roles" name="test_accumulator_finalize_below_threshold" time="0.000" /><testcase classname="tests.analytics.compute.test_semantic_roles" name="test_accumulator_finalize_above_threshold" time="0.000" /><testcase classname="tests.analytics.compute.test_semantic_roles" name="test_accumulator_finalize_picks_highest" time="0.000" /><testcase classname="tests.analytics.compute.test_graphs_conversions.TestNormalizeDecimalId" name="test_converts_decimal_to_int[input_val3-999999999999999999]" time="0.001" /><testcase classname="tests.analytics.compute.test_semantic_roles" name="test_classify_cli_click" time="0.001" /><testcase classname="tests.analytics.compute.test_semantic_roles" name="test_classify_test_prefix" time="0.000" /><testcase classname="tests.analytics.compute.test_semantic_roles" name="test_classify_pytest_fixture" time="0.000" /><testcase classname="tests.analytics.compute.test_semantic_roles" name="test_classify_api_handler" time="0.000" /><testcase classname="tests.analytics.compute.test_semantic_roles" name="test_classify_cli_typer" time="0.000" /><testcase classname="tests.analytics.compute.test_graphs_statistics" name="test_statistics_is_frozen" time="0.001" /><testcase classname="tests.analytics.compute.test_semantic_roles" name="test_classify_validator" time="0.001" /><testcase classname="tests.analytics.compute.test_semantic_roles" name="test_classify_validator_by_name[validate]" time="0.001" /><testcase classname="tests.analytics.compute.test_graphs_conversions.TestNormalizeDecimalId" name="test_passes_through_integers[0-0]" time="0.001" /><testcase classname="tests.analytics.compute.test_semantic_roles" name="test_modules_classify_empty" time="0.000" /><testcase classname="tests.analytics.compute.test_semantic_roles" name="test_classify_cli_path" time="0.000" /><testcase classname="tests.analytics.compute.test_semantic_roles" name="test_classify_repository" time="0.000" /><testcase classname="tests.analytics.compute.test_semantic_roles" name="test_modules_classify_from_tags" time="0.000" /><testcase classname="tests.analytics.compute.test_graphs_centrality" name="test_pagerank_realistic_call_graph" time="0.002" /><testcase classname="tests.analytics.compute.test_graphs_centrality" name="test_pagerank_custom_alpha" time="0.003" /><testcase classname="tests.analytics.compute.test_graphs_centrality" name="test_metrics_identify_different_importance" time="0.001" /><testcase classname="tests.analytics.compute.test_graphs_centrality" name="test_dense_graph_metrics" time="0.001" /><testcase classname="tests.analytics.compute.test_semantic_roles" name="test_classify_validator_by_name[check]" time="0.001" /><testcase classname="tests.analytics.compute.test_semantic_roles" name="test_classify_validator_by_name[ensure]" time="0.000" /><testcase classname="tests.analytics.compute.test_graphs_conversions.TestNormalizeDecimalId" name="test_decodes_bytearray[input_val1-789]" time="0.001" /><testcase classname="tests.analytics.compute.test_semantic_roles" name="test_modules_classify_multiple" time="0.001" /><testcase classname="tests.analytics.compute.test_semantic_roles" name="test_decorator_names_empty" time="0.000" /><testcase classname="tests.analytics.compute.test_graphs_conversions.TestNormalizeNodeId" name="test_converts_digit_strings[0-0]" time="0.001" /><testcase classname="tests.analytics.compute.test_semantic_roles" name="test_classify_config_loader" time="0.001" /><testcase classname="tests.analytics.compute.test_semantic_roles" name="test_classify_helper" time="0.000" /><testcase classname="tests.analytics.compute.test_semantic_roles" name="test_classify_module_tags" time="0.000" /><testcase classname="tests.analytics.compute.test_semantic_roles" name="test_classify_returns_signals" time="0.000" /><testcase classname="tests.analytics.compute.test_graphs_conversions.TestToDecimalId" name="test_converts_string_integers[0-expected2]" time="0.001" /><testcase classname="tests.analytics.compute.test_semantic_roles" name="test_decorator_names_multiple" time="0.000" /><testcase classname="tests.analytics.compute.test_semantic_roles" name="test_constants_role_threshold_positive" time="0.000" /><testcase classname="tests.analytics.compute.test_semantic_roles" name="test_modules_classify_from_functions" time="0.000" /><testcase classname="tests.analytics.compute.test_semantic_roles" name="test_modules_classify_ignores_other" time="0.000" /><testcase classname="tests.analytics.compute.test_semantic_roles" name="test_decorator_names_simple" time="0.000" /><testcase classname="tests.analytics.compute.test_semantic_roles" name="test_decorator_names_attribute" time="0.000" /><testcase classname="tests.analytics.compute.test_graphs_centrality" name="test_pagerank_simple_chain" time="0.002" /><testcase classname="tests.analytics.compute.test_graphs_centrality" name="test_pagerank_cycle_equal" time="0.001" /><testcase classname="tests.analytics.compute.test_graphs_centrality" name="test_pagerank_sums_to_one" time="0.001" /><testcase classname="tests.analytics.compute.test_graphs_centrality" name="test_pagerank_keys_match_nodes" time="0.002" /><testcase classname="tests.analytics.compute.test_graphs_centrality" name="test_pagerank_values_are_floats" time="0.002" /><testcase classname="tests.analytics.compute.test_graphs_centrality" name="test_centrality_undirected_logs_structural_warning" time="0.003" /><testcase classname="tests.analytics.compute.test_graphs_conversions.TestToDecimalId" name="test_converts_integers[None-None]" time="0.000" /><testcase classname="tests.analytics.compute.test_graphs_statistics" name="test_stats_realistic_call_graph" time="0.001" /><testcase classname="tests.analytics.dependencies.test_dependencies_core" name="test_dependency_calls_respect_feature_gates" time="3.541" /><testcase classname="tests.analytics.compute.test_graphs_centrality" name="test_pagerank_custom_max_iter" time="0.001" /><testcase classname="tests.analytics.compute.test_entrypoints_detection" name="test_entrypoint_candidate_kinds[http_handler]" time="0.001" /><testcase classname="tests.analytics.functions.test_function_contracts" name="test_condition_context_with_none_line" time="0.000" /><testcase classname="tests.analytics.compute.test_graphs_statistics" name="test_out_degrees_simple_chain" time="0.000" /><testcase classname="tests.analytics.compute.test_graphs_conversions.TestToDecimalId" name="test_converts_integers[123-expected1]" time="0.000" /><testcase classname="tests.analytics.compute.test_semantic_roles" name="test_constants_service_fan_thresholds_positive" time="0.000" /><testcase classname="tests.analytics.compute.test_semantic_roles" name="test_constants_helper_loc_threshold_positive" time="0.000" /><testcase classname="tests.analytics.compute.test_graphs_centrality" name="test_betweenness_normalized" time="0.001" /><testcase classname="tests.analytics.compute.test_profiles" name="test_aggregate_typedness_counts" time="0.001" /><testcase classname="tests.analytics.compute.test_graphs_statistics" name="test_statistics_consistency" time="0.002" /><testcase classname="tests.analytics.compute.test_profiles" name="test_stats_all_typed" time="0.001" /><testcase classname="tests.analytics.compute.test_profiles" name="test_quality_score_weights" time="0.001" /><testcase classname="tests.analytics.compute.test_profiles" name="test_features_is_frozen" time="0.001" /><testcase classname="tests.analytics.compute.test_profiles" name="test_typedness_boundary" time="0.001" /><testcase classname="tests.analytics.compute.test_semantic_roles" name="test_context_module_lower_none" time="0.001" /><testcase classname="tests.analytics.compute.test_row_builders.TestMergeComponentMetadata" name="test_overlays_cached_values" time="0.001" /><testcase classname="tests.analytics.functions.test_function_effects" name="test_effect_analysis_io_effect" time="0.001" /><testcase classname="tests.analytics.functions.test_function_effects" name="test_effect_analysis_db_effect" time="0.000" /><testcase classname="tests.analytics.compute.test_semantic_roles" name="test_accumulator_framework_first_wins" time="0.000" /><testcase classname="tests.analytics.functions.test_function_effects" name="test_effect_analysis_time_effect" time="0.000" /><testcase classname="tests.analytics.functions.test_function_effects" name="test_effect_analysis_global_modification" time="0.001" /><testcase classname="tests.analytics.functions.test_function_effects" name="test_effect_analysis_immutable" time="0.001" /><testcase classname="tests.analytics.functions.test_function_effects" name="test_effect_analysis_evidence_structure" time="0.000" /><testcase classname="tests.analytics.functions.test_function_effects" name="test_function_effects_inputs_immutable" time="0.001" /><testcase classname="tests.analytics.functions.test_function_effects" name="test_effect_analysis_direct_effectful_all_false" time="0.000" /><testcase classname="tests.analytics.compute.test_semantic_roles" name="test_classify_flask_route" time="0.001" /><testcase classname="tests.analytics.functions.test_function_effects" name="test_effect_analysis_closure_modification" time="0.000" /><testcase classname="tests.analytics.functions.test_function_effects" name="test_effect_analysis_thread_spawn" time="0.000" /><testcase classname="tests.analytics.functions.test_function_effects" name="test_effect_analysis_direct_effectful_any_true" time="0.000" /><testcase classname="tests.analytics.compute.test_semantic_roles" name="test_accumulator_finalize_caps_confidence" time="0.001" /><testcase classname="tests.analytics.functions.test_function_effects" name="test_effect_analysis_io_no_db" time="0.001" /><testcase classname="tests.analytics.functions.test_function_effects" name="test_effect_analysis_no_io_db" time="0.000" /><testcase classname="tests.analytics.functions.test_function_effects" name="test_effect_analysis_io_and_db" time="0.000" /><testcase classname="tests.analytics.compute.test_graphs_wrappers" name="test_structural_metrics_and_paths" time="0.005" /><testcase classname="tests.analytics.graphs.test_contracts" name="test_plugin_contract_result_passed" time="0.000" /><testcase classname="tests.analytics.graphs.test_contracts" name="test_plugin_contract_result_failed" time="0.000" /><testcase classname="tests.analytics.graphs.test_contracts" name="test_plugin_contract_result_soft_failed" time="0.000" /><testcase classname="tests.analytics.functions.test_function_effects" name="test_function_effects_inputs_defaults" time="0.000" /><testcase classname="tests.analytics.compute.test_graphs_wrappers" name="test_component_metadata_and_global_stats" time="0.002" /><testcase classname="tests.analytics.compute.test_semantic_roles" name="test_classify_service" time="0.001" /><testcase classname="tests.analytics.functions.test_function_effects" name="test_effect_analysis_multiple_effects" time="0.001" /><testcase classname="tests.analytics.graphs.test_contracts" name="test_plugin_contract_result_immutable" time="0.001" /><testcase classname="tests.analytics.compute.test_semantic_roles" name="test_decorator_names_call" time="0.002" /><testcase classname="tests.analytics.compute.test_graphs_centrality" name="test_pagerank_star_hub_low" time="0.001" /><testcase classname="tests.analytics.dependencies.test_dependencies_core" name="test_dependency_calls_and_aggregation" time="4.161" /><testcase classname="tests.analytics.compute.test_semantic_roles" name="test_classify_other" time="0.001" /><testcase classname="tests.analytics.compute.test_graphs_conversions.TestToDecimalId" name="test_converts_integers[456-expected2]" time="0.001" /><testcase classname="tests.analytics.compute.test_graphs_centrality" name="test_pagerank_custom_tolerance" time="0.006" /><testcase classname="tests.analytics.functions.test_function_effects" name="test_effect_analysis_randomness_effect" time="0.000" /><testcase classname="tests.analytics.functions.test_function_effects_runtime" name="test_compute_function_effects_with_transitive_and_missing" time="4.057" /><testcase classname="tests.analytics.compute.test_graphs_centrality" name="test_betweenness_empty_graph" time="0.001" /><testcase classname="tests.analytics.compute.test_semantic_roles" name="test_modules_classify_below_threshold" time="0.001" /><testcase classname="tests.analytics.compute.test_graphs_centrality" name="test_centrality_directed_logs_eigen_warning" time="0.004" /><testcase classname="tests.analytics.functions.test_function_effects" name="test_effect_analysis_no_io_no_db" time="0.000" /><testcase classname="tests.analytics.compute.test_semantic_roles" name="test_classify_validator_by_name[assert]" time="0.001" /><testcase classname="tests.analytics.functions.test_function_effects" name="test_function_effects_inputs_with_ast_map" time="0.001" /><testcase classname="tests.analytics.functions.test_function_contracts" name="test_compute_function_contracts_chained_exceptions" time="2.691" /><testcase classname="tests.analytics.functions.test_function_contracts" name="test_compute_function_contracts_empty_catalog" time="2.708" /><testcase classname="tests.analytics.functions.test_function_contracts" name="test_compute_function_contracts_with_isinstance_check" time="2.714" /><testcase classname="tests.analytics.functions.test_function_contracts" name="test_compute_function_contracts_classmethod_with_cls" time="2.714" /><testcase classname="tests.analytics.functions.test_function_contracts" name="test_compute_function_contracts_typed_function" time="2.809" /><testcase classname="tests.analytics.functions.test_function_contracts_integration" name="test_compute_contracts_with_docstring_data" time="3.233" /><testcase classname="tests.analytics.entrypoints.test_entrypoints_core" name="test_entrypoints_materialize_with_test_summary" time="4.980" /><testcase classname="tests.analytics.compute.test_entrypoints_detection" name="test_detect_entrypoints_with_seeded_pack" time="3.996" /><testcase classname="tests.analytics.compute.test_entrypoints_detection" name="test_detects_fastapi_and_flask_routes" time="0.001" /><testcase classname="tests.analytics.compute.test_graphs_wrappers" name="test_cfg_helpers_and_metrics" time="0.054" /><testcase classname="tests.analytics.compute.test_graphs_wrappers" name="test_dfg_helpers_and_metrics" time="0.003" /><testcase classname="tests.analytics.compute.test_graphs_wrappers" name="test_projection_metrics_and_degrees" time="0.002" /><testcase classname="tests.analytics.compute.test_profiles" name="test_aggregates_default_values" time="0.000" /><testcase classname="tests.analytics.compute.test_profiles" name="test_aggregates_custom_values" time="0.000" /><testcase classname="tests.analytics.compute.test_coverage_aggregation" name="test_load_coverage_data_missing_file" time="4.162" /><testcase classname="tests.analytics.compute.test_coverage_aggregation" name="test_different_repos_isolated" time="4.464" /><testcase classname="tests.analytics.compute.test_coverage_aggregation" name="test_function_with_executable_but_no_covered_lines" time="4.625" /><testcase classname="tests.analytics.functions.test_function_contracts" name="test_compute_function_contracts_with_simple_function" time="2.085" /><testcase classname="tests.analytics.functions.test_function_contracts" name="test_compute_function_contracts_complex_guards" time="2.098" /><testcase classname="tests.analytics.functions.test_function_contracts" name="test_compute_function_contracts_idempotent" time="2.088" /><testcase classname="tests.analytics.functions.test_function_contracts" name="test_compute_function_contracts_with_len_guard" time="2.087" /><testcase classname="tests.analytics.functions.test_function_contracts" name="test_compute_function_contracts_nullable_return" time="2.009" /><testcase classname="tests.analytics.functions.test_function_contracts_integration" name="test_compute_contracts_multiple_goids" time="5.197" /><testcase classname="tests.analytics.functions.test_function_contracts_integration" name="test_compute_contracts_with_predicate_name" time="5.196" /><testcase classname="tests.analytics.functions.test_function_contracts_integration" name="test_compute_contracts_with_type_annotations" time="2.151" /><testcase classname="tests.analytics.functions.test_function_contracts" name="test_compute_function_contracts_nested_conditions" time="1.775" /><testcase classname="tests.analytics.functions.test_function_contracts" name="test_compute_function_contracts_with_assert_guard" time="1.811" /><testcase classname="tests.analytics.functions.test_function_contracts" name="test_compute_function_contracts_multiple_functions" time="1.830" /><testcase classname="tests.analytics.functions.test_function_contracts" name="test_compute_function_contracts_numeric_guards" time="1.817" /><testcase classname="tests.analytics.functions.test_function_contracts" name="test_compute_function_contracts_complex_assertions" time="1.838" /><testcase classname="tests.analytics.compute.test_coverage_aggregation" name="test_empty_goids_produces_no_rows" time="3.250" /><testcase classname="tests.analytics.functions.test_function_contracts_integration" name="test_compute_contracts_with_guards_and_catalog" time="1.969" /><testcase classname="tests.analytics.compute.test_coverage_aggregation" name="test_function_with_null_end_line" time="3.290" /><testcase classname="tests.analytics.compute.test_coverage_aggregation" name="test_method_kind_included" time="3.272" /><testcase classname="tests.analytics.functions.test_function_contracts" name="test_compute_function_contracts_bool_predicate_name" time="1.797" /><testcase classname="tests.analytics.functions.test_function_contracts" name="test_compute_function_contracts_with_raise" time="1.813" /><testcase classname="tests.analytics.functions.test_function_contracts" name="test_compute_function_contracts_varargs" time="1.784" /><testcase classname="tests.analytics.functions.test_function_contracts" name="test_compute_function_contracts_async_function" time="1.799" /><testcase classname="tests.analytics.entrypoints.test_entrypoints_core" name="test_entrypoints_no_modules_skip_detection" time="3.838" /><testcase classname="tests.analytics.functions.test_function_contracts_integration" name="test_compute_contracts_with_catalog_goid_iteration" time="2.019" /><testcase classname="tests.analytics.functions.test_function_contracts_integration" name="test_compute_contracts_with_nullable_return" time="3.793" /><testcase classname="tests.analytics.functions.test_function_contracts_integration" name="test_compute_contracts_with_doc_return_none" time="3.795" /><testcase classname="tests.analytics.functions.test_function_effects" name="test_effect_analysis_creation" time="0.000" /><testcase classname="tests.analytics.functions.test_function_effects" name="test_effect_analysis_pure_function" time="0.000" /><testcase classname="tests.analytics.functions.test_function_contracts_integration" name="test_compute_contracts_with_bool_return_type" time="1.961" /><testcase classname="tests.analytics.functions.test_function_contracts" name="test_compute_function_contracts_method_with_self" time="1.731" /><testcase classname="tests.analytics.functions.test_function_contracts" name="test_compute_function_contracts_table_exists" time="1.733" /><testcase classname="tests.analytics.functions.test_function_contracts" name="test_compute_function_contracts_keyword_only_params" time="1.738" /><testcase classname="tests.analytics.compute.test_coverage_aggregation" name="test_single_function_fully_covered" time="3.091" /><testcase classname="tests.analytics.functions.test_function_contracts_integration" name="test_compute_contracts_with_missing_ast" time="1.935" /><testcase classname="tests.analytics.compute.test_coverage_aggregation" name="test_realistic_module_with_mixed_coverage" time="3.073" /><testcase classname="tests.analytics.compute.test_coverage_aggregation" name="test_class_kind_excluded" time="3.106" /><testcase classname="tests.analytics.functions.test_function_contracts_integration" name="test_compute_contracts_confidence_score" time="1.874" /><testcase classname="tests.analytics.functions.test_function_contracts" name="test_condition_context_creation" time="0.000" /><testcase classname="tests.analytics.functions.test_function_contracts" name="test_condition_context_immutable" time="0.000" /><testcase classname="tests.analytics.functions.test_function_contracts_integration" name="test_compute_contracts_with_isinstance_guard" time="3.449" /><testcase classname="tests.analytics.compute.test_coverage_aggregation" name="test_single_function_partially_covered" time="2.803" /><testcase classname="tests.analytics.compute.test_coverage_aggregation" name="test_compute_coverage_functions_smoke" time="2.809" /><testcase classname="tests.analytics.compute.test_coverage_aggregation" name="test_multiple_functions_same_file" time="2.805" /><testcase classname="tests.analytics.compute.test_data_model_usage" name="test_compute_data_model_usage_records_multiple_kinds" time="1.677" /><testcase classname="tests.analytics.functions.test_function_contracts_integration" name="test_compute_contracts_with_len_check" time="3.175" /><testcase classname="tests.analytics.compute.test_coverage_aggregation" name="test_function_no_coverage_data" time="2.655" /><testcase classname="tests.analytics.compute.test_coverage_aggregation" name="test_idempotent_rerun_deletes_old_rows" time="2.717" /></testsuite></testsuites>