<?xml version="1.0" encoding="utf-8"?><testsuites name="pytest tests"><testsuite name="pytest" errors="1" failures="0" skipped="0" tests="1" time="13.330" timestamp="2025-12-13T15:32:07.581913-05:00" hostname="paul-X870-AORUS-ELITE-WIFI7"><testcase classname="" name="tests.serving.services.test_services_functions" time="0.000"><error message="collection failure">ImportError while importing test module '/home/paul/CodeIntel/tests/serving/services/test_services_functions.py'.
Hint: make sure your test modules/packages have valid Python names.
Traceback:
../.local/share/uv/python/cpython-3.13.9-linux-x86_64-gnu/lib/python3.13/importlib/__init__.py:88: in import_module
    return _bootstrap._gcd_import(name[level:], package, level)
           ^^^^^^^^^^^^^^^^^^^^^^^^^^^^^^^^^^^^^^^^^^^^^^^^^^^^
tests/serving/services/test_services_functions.py:17: in &lt;module&gt;
    from codeintel.serving.services.base import BaseFunctionQueries, BaseSubsystemQueries
E   ModuleNotFoundError: No module named 'codeintel.serving.services.base'</error></testcase></testsuite></testsuites>