<?xml version="1.0" encoding="utf-8"?><testsuites name="pytest tests"><testsuite name="pytest" errors="141" failures="0" skipped="1" tests="142" time="32.401" timestamp="2025-12-24T05:34:23.001850-06:00" hostname="MacBookPro.lan"><testcase classname="tests.serving.test_semantic_http_routes" name="test_semantic_routes_support_correlation_id" time="0.009"><error message="failed on setup with &quot;RuntimeError: Missing tool binaries: scip='scip'&quot;">fixturedef = &lt;FixtureDef argname='require_tooling' scope='session' baseid='tests'&gt;
request = &lt;SubRequest 'require_tooling' for &lt;Function test_semantic_routes_support_correlation_id&gt;&gt;

    @pytest.hookimpl(wrapper=True)
    def pytest_fixture_setup(fixturedef: FixtureDef, request) -&gt; object | None:
        asyncio_mode = _get_asyncio_mode(request.config)
        if not _is_asyncio_fixture_function(fixturedef.func):
            if asyncio_mode == Mode.STRICT:
                # Ignore async fixtures without explicit asyncio mark in strict mode
                # This applies to pytest_trio fixtures, for example
                return (yield)
            if not _is_coroutine_or_asyncgen(fixturedef.func):
&gt;               return (yield)
                        ^^^^^

.venv/lib/python3.13/site-packages/pytest_asyncio/plugin.py:730: 
_ _ _ _ _ _ _ _ _ _ _ _ _ _ _ _ _ _ _ _ _ _ _ _ _ _ _ _ _ _ _ _ _ _ _ _ _ _ _ _ 
tests/conftest.py:246: in require_tooling
    _require_tooling()
_ _ _ _ _ _ _ _ _ _ _ _ _ _ _ _ _ _ _ _ _ _ _ _ _ _ _ _ _ _ _ _ _ _ _ _ _ _ _ _ 

tools_config = None

    def require_tooling(tools_config: ToolsConfig | None = None) -&gt; dict[ToolName, Path]:
        """Verify configured tool binaries exist and are executable.
    
        Parameters
        ----------
        tools_config
            Optional explicit ToolsConfig; defaults to ToolsConfig.default().
    
        Returns
        -------
        dict[ToolName, Path]
            Mapping of tool names to resolved executable paths.
    
        Raises
        ------
        RuntimeError
            If any required tool binary is missing or not executable.
        """
        config = tools_config or ToolsConfig.default()
        resolved: dict[ToolName, Path] = {}
        missing: list[str] = []
        for tool in ToolName:
            configured = config.resolve_path(tool)
            candidate = Path(configured)
            if candidate.is_file():
                resolved_path = candidate
            else:
                discovered = shutil.which(configured)
                resolved_path = Path(discovered) if discovered else None
            if resolved_path is None or not os.access(resolved_path, os.X_OK):
                missing.append(f"{tool.value}={configured!r}")
                continue
            resolved[tool] = resolved_path
        if missing:
            message = "Missing tool binaries: " + ", ".join(missing)
&gt;           raise RuntimeError(message)
E           RuntimeError: Missing tool binaries: scip='scip'

tests/_helpers/tooling_audit.py:89: RuntimeError</error></testcase><testcase classname="tests.serving.test_semantic_http_routes" name="test_semantic_routes_end_to_end" time="0.014"><error message="failed on setup with &quot;RuntimeError: Missing tool binaries: scip='scip'&quot;">fixturedef = &lt;FixtureDef argname='require_tooling' scope='session' baseid='tests'&gt;
request = &lt;SubRequest 'require_tooling' for &lt;Function test_semantic_routes_end_to_end&gt;&gt;

    @pytest.hookimpl(wrapper=True)
    def pytest_fixture_setup(fixturedef: FixtureDef, request) -&gt; object | None:
        asyncio_mode = _get_asyncio_mode(request.config)
        if not _is_asyncio_fixture_function(fixturedef.func):
            if asyncio_mode == Mode.STRICT:
                # Ignore async fixtures without explicit asyncio mark in strict mode
                # This applies to pytest_trio fixtures, for example
                return (yield)
            if not _is_coroutine_or_asyncgen(fixturedef.func):
&gt;               return (yield)
                        ^^^^^

.venv/lib/python3.13/site-packages/pytest_asyncio/plugin.py:730: 
_ _ _ _ _ _ _ _ _ _ _ _ _ _ _ _ _ _ _ _ _ _ _ _ _ _ _ _ _ _ _ _ _ _ _ _ _ _ _ _ 
tests/conftest.py:246: in require_tooling
    _require_tooling()
_ _ _ _ _ _ _ _ _ _ _ _ _ _ _ _ _ _ _ _ _ _ _ _ _ _ _ _ _ _ _ _ _ _ _ _ _ _ _ _ 

tools_config = None

    def require_tooling(tools_config: ToolsConfig | None = None) -&gt; dict[ToolName, Path]:
        """Verify configured tool binaries exist and are executable.
    
        Parameters
        ----------
        tools_config
            Optional explicit ToolsConfig; defaults to ToolsConfig.default().
    
        Returns
        -------
        dict[ToolName, Path]
            Mapping of tool names to resolved executable paths.
    
        Raises
        ------
        RuntimeError
            If any required tool binary is missing or not executable.
        """
        config = tools_config or ToolsConfig.default()
        resolved: dict[ToolName, Path] = {}
        missing: list[str] = []
        for tool in ToolName:
            configured = config.resolve_path(tool)
            candidate = Path(configured)
            if candidate.is_file():
                resolved_path = candidate
            else:
                discovered = shutil.which(configured)
                resolved_path = Path(discovered) if discovered else None
            if resolved_path is None or not os.access(resolved_path, os.X_OK):
                missing.append(f"{tool.value}={configured!r}")
                continue
            resolved[tool] = resolved_path
        if missing:
            message = "Missing tool binaries: " + ", ".join(missing)
&gt;           raise RuntimeError(message)
E           RuntimeError: Missing tool binaries: scip='scip'

tests/_helpers/tooling_audit.py:89: RuntimeError</error></testcase><testcase classname="tests.serving.test_semantic_mcp_tools" name="test_mcp_serving_meta_typed_response[asyncio]" time="0.008"><error message="failed on setup with &quot;RuntimeError: Missing tool binaries: scip='scip'&quot;">self = &lt;Coroutine test_mcp_serving_meta_typed_response[asyncio]&gt;

    def setup(self) -&gt; None:
        runner_fixture_id = f"_{self._loop_scope}_scoped_runner"
        if runner_fixture_id not in self.fixturenames:
            self.fixturenames.append(runner_fixture_id)
&gt;       return super().setup()
               ^^^^^^^^^^^^^^^

.venv/lib/python3.13/site-packages/pytest_asyncio/plugin.py:458: 
_ _ _ _ _ _ _ _ _ _ _ _ _ _ _ _ _ _ _ _ _ _ _ _ _ _ _ _ _ _ _ _ _ _ _ _ _ _ _ _ 
.venv/lib/python3.13/site-packages/pytest_asyncio/plugin.py:730: in pytest_fixture_setup
    return (yield)
            ^^^^^
tests/conftest.py:246: in require_tooling
    _require_tooling()
_ _ _ _ _ _ _ _ _ _ _ _ _ _ _ _ _ _ _ _ _ _ _ _ _ _ _ _ _ _ _ _ _ _ _ _ _ _ _ _ 

tools_config = None

    def require_tooling(tools_config: ToolsConfig | None = None) -&gt; dict[ToolName, Path]:
        """Verify configured tool binaries exist and are executable.
    
        Parameters
        ----------
        tools_config
            Optional explicit ToolsConfig; defaults to ToolsConfig.default().
    
        Returns
        -------
        dict[ToolName, Path]
            Mapping of tool names to resolved executable paths.
    
        Raises
        ------
        RuntimeError
            If any required tool binary is missing or not executable.
        """
        config = tools_config or ToolsConfig.default()
        resolved: dict[ToolName, Path] = {}
        missing: list[str] = []
        for tool in ToolName:
            configured = config.resolve_path(tool)
            candidate = Path(configured)
            if candidate.is_file():
                resolved_path = candidate
            else:
                discovered = shutil.which(configured)
                resolved_path = Path(discovered) if discovered else None
            if resolved_path is None or not os.access(resolved_path, os.X_OK):
                missing.append(f"{tool.value}={configured!r}")
                continue
            resolved[tool] = resolved_path
        if missing:
            message = "Missing tool binaries: " + ", ".join(missing)
&gt;           raise RuntimeError(message)
E           RuntimeError: Missing tool binaries: scip='scip'

tests/_helpers/tooling_audit.py:89: RuntimeError</error></testcase><testcase classname="tests.serving.test_semantic_mcp_tools" name="test_mcp_tool_annotations_present[asyncio]" time="0.009"><error message="failed on setup with &quot;RuntimeError: Missing tool binaries: scip='scip'&quot;">self = &lt;Coroutine test_mcp_tool_annotations_present[asyncio]&gt;

    def setup(self) -&gt; None:
        runner_fixture_id = f"_{self._loop_scope}_scoped_runner"
        if runner_fixture_id not in self.fixturenames:
            self.fixturenames.append(runner_fixture_id)
&gt;       return super().setup()
               ^^^^^^^^^^^^^^^

.venv/lib/python3.13/site-packages/pytest_asyncio/plugin.py:458: 
_ _ _ _ _ _ _ _ _ _ _ _ _ _ _ _ _ _ _ _ _ _ _ _ _ _ _ _ _ _ _ _ _ _ _ _ _ _ _ _ 
.venv/lib/python3.13/site-packages/pytest_asyncio/plugin.py:730: in pytest_fixture_setup
    return (yield)
            ^^^^^
tests/conftest.py:246: in require_tooling
    _require_tooling()
_ _ _ _ _ _ _ _ _ _ _ _ _ _ _ _ _ _ _ _ _ _ _ _ _ _ _ _ _ _ _ _ _ _ _ _ _ _ _ _ 

tools_config = None

    def require_tooling(tools_config: ToolsConfig | None = None) -&gt; dict[ToolName, Path]:
        """Verify configured tool binaries exist and are executable.
    
        Parameters
        ----------
        tools_config
            Optional explicit ToolsConfig; defaults to ToolsConfig.default().
    
        Returns
        -------
        dict[ToolName, Path]
            Mapping of tool names to resolved executable paths.
    
        Raises
        ------
        RuntimeError
            If any required tool binary is missing or not executable.
        """
        config = tools_config or ToolsConfig.default()
        resolved: dict[ToolName, Path] = {}
        missing: list[str] = []
        for tool in ToolName:
            configured = config.resolve_path(tool)
            candidate = Path(configured)
            if candidate.is_file():
                resolved_path = candidate
            else:
                discovered = shutil.which(configured)
                resolved_path = Path(discovered) if discovered else None
            if resolved_path is None or not os.access(resolved_path, os.X_OK):
                missing.append(f"{tool.value}={configured!r}")
                continue
            resolved[tool] = resolved_path
        if missing:
            message = "Missing tool binaries: " + ", ".join(missing)
&gt;           raise RuntimeError(message)
E           RuntimeError: Missing tool binaries: scip='scip'

tests/_helpers/tooling_audit.py:89: RuntimeError</error></testcase><testcase classname="tests.serving.test_semantic_http_routes" name="test_semantic_route_invalid_filter_returns_400" time="0.010"><error message="failed on setup with &quot;RuntimeError: Missing tool binaries: scip='scip'&quot;">fixturedef = &lt;FixtureDef argname='require_tooling' scope='session' baseid='tests'&gt;
request = &lt;SubRequest 'require_tooling' for &lt;Function test_semantic_route_invalid_filter_returns_400&gt;&gt;

    @pytest.hookimpl(wrapper=True)
    def pytest_fixture_setup(fixturedef: FixtureDef, request) -&gt; object | None:
        asyncio_mode = _get_asyncio_mode(request.config)
        if not _is_asyncio_fixture_function(fixturedef.func):
            if asyncio_mode == Mode.STRICT:
                # Ignore async fixtures without explicit asyncio mark in strict mode
                # This applies to pytest_trio fixtures, for example
                return (yield)
            if not _is_coroutine_or_asyncgen(fixturedef.func):
&gt;               return (yield)
                        ^^^^^

.venv/lib/python3.13/site-packages/pytest_asyncio/plugin.py:730: 
_ _ _ _ _ _ _ _ _ _ _ _ _ _ _ _ _ _ _ _ _ _ _ _ _ _ _ _ _ _ _ _ _ _ _ _ _ _ _ _ 
tests/conftest.py:246: in require_tooling
    _require_tooling()
_ _ _ _ _ _ _ _ _ _ _ _ _ _ _ _ _ _ _ _ _ _ _ _ _ _ _ _ _ _ _ _ _ _ _ _ _ _ _ _ 

tools_config = None

    def require_tooling(tools_config: ToolsConfig | None = None) -&gt; dict[ToolName, Path]:
        """Verify configured tool binaries exist and are executable.
    
        Parameters
        ----------
        tools_config
            Optional explicit ToolsConfig; defaults to ToolsConfig.default().
    
        Returns
        -------
        dict[ToolName, Path]
            Mapping of tool names to resolved executable paths.
    
        Raises
        ------
        RuntimeError
            If any required tool binary is missing or not executable.
        """
        config = tools_config or ToolsConfig.default()
        resolved: dict[ToolName, Path] = {}
        missing: list[str] = []
        for tool in ToolName:
            configured = config.resolve_path(tool)
            candidate = Path(configured)
            if candidate.is_file():
                resolved_path = candidate
            else:
                discovered = shutil.which(configured)
                resolved_path = Path(discovered) if discovered else None
            if resolved_path is None or not os.access(resolved_path, os.X_OK):
                missing.append(f"{tool.value}={configured!r}")
                continue
            resolved[tool] = resolved_path
        if missing:
            message = "Missing tool binaries: " + ", ".join(missing)
&gt;           raise RuntimeError(message)
E           RuntimeError: Missing tool binaries: scip='scip'

tests/_helpers/tooling_audit.py:89: RuntimeError</error></testcase><testcase classname="tests.serving.test_semantic_http_routes" name="test_semantic_routes_support_optional_api_key" time="0.010"><error message="failed on setup with &quot;RuntimeError: Missing tool binaries: scip='scip'&quot;">fixturedef = &lt;FixtureDef argname='require_tooling' scope='session' baseid='tests'&gt;
request = &lt;SubRequest 'require_tooling' for &lt;Function test_semantic_routes_support_optional_api_key&gt;&gt;

    @pytest.hookimpl(wrapper=True)
    def pytest_fixture_setup(fixturedef: FixtureDef, request) -&gt; object | None:
        asyncio_mode = _get_asyncio_mode(request.config)
        if not _is_asyncio_fixture_function(fixturedef.func):
            if asyncio_mode == Mode.STRICT:
                # Ignore async fixtures without explicit asyncio mark in strict mode
                # This applies to pytest_trio fixtures, for example
                return (yield)
            if not _is_coroutine_or_asyncgen(fixturedef.func):
&gt;               return (yield)
                        ^^^^^

.venv/lib/python3.13/site-packages/pytest_asyncio/plugin.py:730: 
_ _ _ _ _ _ _ _ _ _ _ _ _ _ _ _ _ _ _ _ _ _ _ _ _ _ _ _ _ _ _ _ _ _ _ _ _ _ _ _ 
tests/conftest.py:246: in require_tooling
    _require_tooling()
_ _ _ _ _ _ _ _ _ _ _ _ _ _ _ _ _ _ _ _ _ _ _ _ _ _ _ _ _ _ _ _ _ _ _ _ _ _ _ _ 

tools_config = None

    def require_tooling(tools_config: ToolsConfig | None = None) -&gt; dict[ToolName, Path]:
        """Verify configured tool binaries exist and are executable.
    
        Parameters
        ----------
        tools_config
            Optional explicit ToolsConfig; defaults to ToolsConfig.default().
    
        Returns
        -------
        dict[ToolName, Path]
            Mapping of tool names to resolved executable paths.
    
        Raises
        ------
        RuntimeError
            If any required tool binary is missing or not executable.
        """
        config = tools_config or ToolsConfig.default()
        resolved: dict[ToolName, Path] = {}
        missing: list[str] = []
        for tool in ToolName:
            configured = config.resolve_path(tool)
            candidate = Path(configured)
            if candidate.is_file():
                resolved_path = candidate
            else:
                discovered = shutil.which(configured)
                resolved_path = Path(discovered) if discovered else None
            if resolved_path is None or not os.access(resolved_path, os.X_OK):
                missing.append(f"{tool.value}={configured!r}")
                continue
            resolved[tool] = resolved_path
        if missing:
            message = "Missing tool binaries: " + ", ".join(missing)
&gt;           raise RuntimeError(message)
E           RuntimeError: Missing tool binaries: scip='scip'

tests/_helpers/tooling_audit.py:89: RuntimeError</error></testcase><testcase classname="tests.serving.test_semantic_mcp_tools" name="test_mcp_tools_catalog_describe_and_query[asyncio]" time="0.010"><error message="failed on setup with &quot;RuntimeError: Missing tool binaries: scip='scip'&quot;">self = &lt;Coroutine test_mcp_tools_catalog_describe_and_query[asyncio]&gt;

    def setup(self) -&gt; None:
        runner_fixture_id = f"_{self._loop_scope}_scoped_runner"
        if runner_fixture_id not in self.fixturenames:
            self.fixturenames.append(runner_fixture_id)
&gt;       return super().setup()
               ^^^^^^^^^^^^^^^

.venv/lib/python3.13/site-packages/pytest_asyncio/plugin.py:458: 
_ _ _ _ _ _ _ _ _ _ _ _ _ _ _ _ _ _ _ _ _ _ _ _ _ _ _ _ _ _ _ _ _ _ _ _ _ _ _ _ 
.venv/lib/python3.13/site-packages/pytest_asyncio/plugin.py:730: in pytest_fixture_setup
    return (yield)
            ^^^^^
tests/conftest.py:246: in require_tooling
    _require_tooling()
_ _ _ _ _ _ _ _ _ _ _ _ _ _ _ _ _ _ _ _ _ _ _ _ _ _ _ _ _ _ _ _ _ _ _ _ _ _ _ _ 

tools_config = None

    def require_tooling(tools_config: ToolsConfig | None = None) -&gt; dict[ToolName, Path]:
        """Verify configured tool binaries exist and are executable.
    
        Parameters
        ----------
        tools_config
            Optional explicit ToolsConfig; defaults to ToolsConfig.default().
    
        Returns
        -------
        dict[ToolName, Path]
            Mapping of tool names to resolved executable paths.
    
        Raises
        ------
        RuntimeError
            If any required tool binary is missing or not executable.
        """
        config = tools_config or ToolsConfig.default()
        resolved: dict[ToolName, Path] = {}
        missing: list[str] = []
        for tool in ToolName:
            configured = config.resolve_path(tool)
            candidate = Path(configured)
            if candidate.is_file():
                resolved_path = candidate
            else:
                discovered = shutil.which(configured)
                resolved_path = Path(discovered) if discovered else None
            if resolved_path is None or not os.access(resolved_path, os.X_OK):
                missing.append(f"{tool.value}={configured!r}")
                continue
            resolved[tool] = resolved_path
        if missing:
            message = "Missing tool binaries: " + ", ".join(missing)
&gt;           raise RuntimeError(message)
E           RuntimeError: Missing tool binaries: scip='scip'

tests/_helpers/tooling_audit.py:89: RuntimeError</error></testcase><testcase classname="tests.serving.test_semantic_mcp_tools" name="test_mcp_query_response_has_result_data[asyncio]" time="0.008"><error message="failed on setup with &quot;RuntimeError: Missing tool binaries: scip='scip'&quot;">self = &lt;Coroutine test_mcp_query_response_has_result_data[asyncio]&gt;

    def setup(self) -&gt; None:
        runner_fixture_id = f"_{self._loop_scope}_scoped_runner"
        if runner_fixture_id not in self.fixturenames:
            self.fixturenames.append(runner_fixture_id)
&gt;       return super().setup()
               ^^^^^^^^^^^^^^^

.venv/lib/python3.13/site-packages/pytest_asyncio/plugin.py:458: 
_ _ _ _ _ _ _ _ _ _ _ _ _ _ _ _ _ _ _ _ _ _ _ _ _ _ _ _ _ _ _ _ _ _ _ _ _ _ _ _ 
.venv/lib/python3.13/site-packages/pytest_asyncio/plugin.py:730: in pytest_fixture_setup
    return (yield)
            ^^^^^
tests/conftest.py:246: in require_tooling
    _require_tooling()
_ _ _ _ _ _ _ _ _ _ _ _ _ _ _ _ _ _ _ _ _ _ _ _ _ _ _ _ _ _ _ _ _ _ _ _ _ _ _ _ 

tools_config = None

    def require_tooling(tools_config: ToolsConfig | None = None) -&gt; dict[ToolName, Path]:
        """Verify configured tool binaries exist and are executable.
    
        Parameters
        ----------
        tools_config
            Optional explicit ToolsConfig; defaults to ToolsConfig.default().
    
        Returns
        -------
        dict[ToolName, Path]
            Mapping of tool names to resolved executable paths.
    
        Raises
        ------
        RuntimeError
            If any required tool binary is missing or not executable.
        """
        config = tools_config or ToolsConfig.default()
        resolved: dict[ToolName, Path] = {}
        missing: list[str] = []
        for tool in ToolName:
            configured = config.resolve_path(tool)
            candidate = Path(configured)
            if candidate.is_file():
                resolved_path = candidate
            else:
                discovered = shutil.which(configured)
                resolved_path = Path(discovered) if discovered else None
            if resolved_path is None or not os.access(resolved_path, os.X_OK):
                missing.append(f"{tool.value}={configured!r}")
                continue
            resolved[tool] = resolved_path
        if missing:
            message = "Missing tool binaries: " + ", ".join(missing)
&gt;           raise RuntimeError(message)
E           RuntimeError: Missing tool binaries: scip='scip'

tests/_helpers/tooling_audit.py:89: RuntimeError</error></testcase><testcase classname="tests.serving.test_semantic_mcp_tools" name="test_mcp_typed_response_structure[asyncio]" time="0.006"><error message="failed on setup with &quot;RuntimeError: Missing tool binaries: scip='scip'&quot;">self = &lt;Coroutine test_mcp_typed_response_structure[asyncio]&gt;

    def setup(self) -&gt; None:
        runner_fixture_id = f"_{self._loop_scope}_scoped_runner"
        if runner_fixture_id not in self.fixturenames:
            self.fixturenames.append(runner_fixture_id)
&gt;       return super().setup()
               ^^^^^^^^^^^^^^^

.venv/lib/python3.13/site-packages/pytest_asyncio/plugin.py:458: 
_ _ _ _ _ _ _ _ _ _ _ _ _ _ _ _ _ _ _ _ _ _ _ _ _ _ _ _ _ _ _ _ _ _ _ _ _ _ _ _ 
.venv/lib/python3.13/site-packages/pytest_asyncio/plugin.py:730: in pytest_fixture_setup
    return (yield)
            ^^^^^
tests/conftest.py:246: in require_tooling
    _require_tooling()
_ _ _ _ _ _ _ _ _ _ _ _ _ _ _ _ _ _ _ _ _ _ _ _ _ _ _ _ _ _ _ _ _ _ _ _ _ _ _ _ 

tools_config = None

    def require_tooling(tools_config: ToolsConfig | None = None) -&gt; dict[ToolName, Path]:
        """Verify configured tool binaries exist and are executable.
    
        Parameters
        ----------
        tools_config
            Optional explicit ToolsConfig; defaults to ToolsConfig.default().
    
        Returns
        -------
        dict[ToolName, Path]
            Mapping of tool names to resolved executable paths.
    
        Raises
        ------
        RuntimeError
            If any required tool binary is missing or not executable.
        """
        config = tools_config or ToolsConfig.default()
        resolved: dict[ToolName, Path] = {}
        missing: list[str] = []
        for tool in ToolName:
            configured = config.resolve_path(tool)
            candidate = Path(configured)
            if candidate.is_file():
                resolved_path = candidate
            else:
                discovered = shutil.which(configured)
                resolved_path = Path(discovered) if discovered else None
            if resolved_path is None or not os.access(resolved_path, os.X_OK):
                missing.append(f"{tool.value}={configured!r}")
                continue
            resolved[tool] = resolved_path
        if missing:
            message = "Missing tool binaries: " + ", ".join(missing)
&gt;           raise RuntimeError(message)
E           RuntimeError: Missing tool binaries: scip='scip'

tests/_helpers/tooling_audit.py:89: RuntimeError</error></testcase><testcase classname="tests.serving.test_semantic_mcp_tools" name="test_mcp_tool_error_handling[asyncio]" time="0.010"><error message="failed on setup with &quot;RuntimeError: Missing tool binaries: scip='scip'&quot;">self = &lt;Coroutine test_mcp_tool_error_handling[asyncio]&gt;

    def setup(self) -&gt; None:
        runner_fixture_id = f"_{self._loop_scope}_scoped_runner"
        if runner_fixture_id not in self.fixturenames:
            self.fixturenames.append(runner_fixture_id)
&gt;       return super().setup()
               ^^^^^^^^^^^^^^^

.venv/lib/python3.13/site-packages/pytest_asyncio/plugin.py:458: 
_ _ _ _ _ _ _ _ _ _ _ _ _ _ _ _ _ _ _ _ _ _ _ _ _ _ _ _ _ _ _ _ _ _ _ _ _ _ _ _ 
.venv/lib/python3.13/site-packages/pytest_asyncio/plugin.py:730: in pytest_fixture_setup
    return (yield)
            ^^^^^
tests/conftest.py:246: in require_tooling
    _require_tooling()
_ _ _ _ _ _ _ _ _ _ _ _ _ _ _ _ _ _ _ _ _ _ _ _ _ _ _ _ _ _ _ _ _ _ _ _ _ _ _ _ 

tools_config = None

    def require_tooling(tools_config: ToolsConfig | None = None) -&gt; dict[ToolName, Path]:
        """Verify configured tool binaries exist and are executable.
    
        Parameters
        ----------
        tools_config
            Optional explicit ToolsConfig; defaults to ToolsConfig.default().
    
        Returns
        -------
        dict[ToolName, Path]
            Mapping of tool names to resolved executable paths.
    
        Raises
        ------
        RuntimeError
            If any required tool binary is missing or not executable.
        """
        config = tools_config or ToolsConfig.default()
        resolved: dict[ToolName, Path] = {}
        missing: list[str] = []
        for tool in ToolName:
            configured = config.resolve_path(tool)
            candidate = Path(configured)
            if candidate.is_file():
                resolved_path = candidate
            else:
                discovered = shutil.which(configured)
                resolved_path = Path(discovered) if discovered else None
            if resolved_path is None or not os.access(resolved_path, os.X_OK):
                missing.append(f"{tool.value}={configured!r}")
                continue
            resolved[tool] = resolved_path
        if missing:
            message = "Missing tool binaries: " + ", ".join(missing)
&gt;           raise RuntimeError(message)
E           RuntimeError: Missing tool binaries: scip='scip'

tests/_helpers/tooling_audit.py:89: RuntimeError</error></testcase><testcase classname="tests.serving.mcp.test_resources" name="test_resource_store_creates_directory" time="0.001"><error message="failed on setup with &quot;RuntimeError: Missing tool binaries: scip='scip'&quot;">@pytest.fixture(scope="session", autouse=True)
    def require_tooling() -&gt; None:
        """Fail fast if required tool binaries are missing."""
&gt;       _require_tooling()

tests/conftest.py:246: 
_ _ _ _ _ _ _ _ _ _ _ _ _ _ _ _ _ _ _ _ _ _ _ _ _ _ _ _ _ _ _ _ _ _ _ _ _ _ _ _ 

tools_config = None

    def require_tooling(tools_config: ToolsConfig | None = None) -&gt; dict[ToolName, Path]:
        """Verify configured tool binaries exist and are executable.
    
        Parameters
        ----------
        tools_config
            Optional explicit ToolsConfig; defaults to ToolsConfig.default().
    
        Returns
        -------
        dict[ToolName, Path]
            Mapping of tool names to resolved executable paths.
    
        Raises
        ------
        RuntimeError
            If any required tool binary is missing or not executable.
        """
        config = tools_config or ToolsConfig.default()
        resolved: dict[ToolName, Path] = {}
        missing: list[str] = []
        for tool in ToolName:
            configured = config.resolve_path(tool)
            candidate = Path(configured)
            if candidate.is_file():
                resolved_path = candidate
            else:
                discovered = shutil.which(configured)
                resolved_path = Path(discovered) if discovered else None
            if resolved_path is None or not os.access(resolved_path, os.X_OK):
                missing.append(f"{tool.value}={configured!r}")
                continue
            resolved[tool] = resolved_path
        if missing:
            message = "Missing tool binaries: " + ", ".join(missing)
&gt;           raise RuntimeError(message)
E           RuntimeError: Missing tool binaries: scip='scip'

tests/_helpers/tooling_audit.py:89: RuntimeError</error></testcase><testcase classname="tests.serving.mcp.test_resources" name="test_resource_store_get_unknown_token" time="0.002"><error message="failed on setup with &quot;RuntimeError: Missing tool binaries: scip='scip'&quot;">@pytest.fixture(scope="session", autouse=True)
    def require_tooling() -&gt; None:
        """Fail fast if required tool binaries are missing."""
&gt;       _require_tooling()

tests/conftest.py:246: 
_ _ _ _ _ _ _ _ _ _ _ _ _ _ _ _ _ _ _ _ _ _ _ _ _ _ _ _ _ _ _ _ _ _ _ _ _ _ _ _ 

tools_config = None

    def require_tooling(tools_config: ToolsConfig | None = None) -&gt; dict[ToolName, Path]:
        """Verify configured tool binaries exist and are executable.
    
        Parameters
        ----------
        tools_config
            Optional explicit ToolsConfig; defaults to ToolsConfig.default().
    
        Returns
        -------
        dict[ToolName, Path]
            Mapping of tool names to resolved executable paths.
    
        Raises
        ------
        RuntimeError
            If any required tool binary is missing or not executable.
        """
        config = tools_config or ToolsConfig.default()
        resolved: dict[ToolName, Path] = {}
        missing: list[str] = []
        for tool in ToolName:
            configured = config.resolve_path(tool)
            candidate = Path(configured)
            if candidate.is_file():
                resolved_path = candidate
            else:
                discovered = shutil.which(configured)
                resolved_path = Path(discovered) if discovered else None
            if resolved_path is None or not os.access(resolved_path, os.X_OK):
                missing.append(f"{tool.value}={configured!r}")
                continue
            resolved[tool] = resolved_path
        if missing:
            message = "Missing tool binaries: " + ", ".join(missing)
&gt;           raise RuntimeError(message)
E           RuntimeError: Missing tool binaries: scip='scip'

tests/_helpers/tooling_audit.py:89: RuntimeError</error></testcase><testcase classname="tests.serving.mcp.test_resources" name="test_resource_store_put_and_get_jsonl" time="0.001"><error message="failed on setup with &quot;RuntimeError: Missing tool binaries: scip='scip'&quot;">@pytest.fixture(scope="session", autouse=True)
    def require_tooling() -&gt; None:
        """Fail fast if required tool binaries are missing."""
&gt;       _require_tooling()

tests/conftest.py:246: 
_ _ _ _ _ _ _ _ _ _ _ _ _ _ _ _ _ _ _ _ _ _ _ _ _ _ _ _ _ _ _ _ _ _ _ _ _ _ _ _ 

tools_config = None

    def require_tooling(tools_config: ToolsConfig | None = None) -&gt; dict[ToolName, Path]:
        """Verify configured tool binaries exist and are executable.
    
        Parameters
        ----------
        tools_config
            Optional explicit ToolsConfig; defaults to ToolsConfig.default().
    
        Returns
        -------
        dict[ToolName, Path]
            Mapping of tool names to resolved executable paths.
    
        Raises
        ------
        RuntimeError
            If any required tool binary is missing or not executable.
        """
        config = tools_config or ToolsConfig.default()
        resolved: dict[ToolName, Path] = {}
        missing: list[str] = []
        for tool in ToolName:
            configured = config.resolve_path(tool)
            candidate = Path(configured)
            if candidate.is_file():
                resolved_path = candidate
            else:
                discovered = shutil.which(configured)
                resolved_path = Path(discovered) if discovered else None
            if resolved_path is None or not os.access(resolved_path, os.X_OK):
                missing.append(f"{tool.value}={configured!r}")
                continue
            resolved[tool] = resolved_path
        if missing:
            message = "Missing tool binaries: " + ", ".join(missing)
&gt;           raise RuntimeError(message)
E           RuntimeError: Missing tool binaries: scip='scip'

tests/_helpers/tooling_audit.py:89: RuntimeError</error></testcase><testcase classname="tests.serving.mcp.test_resources" name="test_resource_store_jsonl_stream_encoding_is_utf8" time="0.001"><error message="failed on setup with &quot;RuntimeError: Missing tool binaries: scip='scip'&quot;">@pytest.fixture(scope="session", autouse=True)
    def require_tooling() -&gt; None:
        """Fail fast if required tool binaries are missing."""
&gt;       _require_tooling()

tests/conftest.py:246: 
_ _ _ _ _ _ _ _ _ _ _ _ _ _ _ _ _ _ _ _ _ _ _ _ _ _ _ _ _ _ _ _ _ _ _ _ _ _ _ _ 

tools_config = None

    def require_tooling(tools_config: ToolsConfig | None = None) -&gt; dict[ToolName, Path]:
        """Verify configured tool binaries exist and are executable.
    
        Parameters
        ----------
        tools_config
            Optional explicit ToolsConfig; defaults to ToolsConfig.default().
    
        Returns
        -------
        dict[ToolName, Path]
            Mapping of tool names to resolved executable paths.
    
        Raises
        ------
        RuntimeError
            If any required tool binary is missing or not executable.
        """
        config = tools_config or ToolsConfig.default()
        resolved: dict[ToolName, Path] = {}
        missing: list[str] = []
        for tool in ToolName:
            configured = config.resolve_path(tool)
            candidate = Path(configured)
            if candidate.is_file():
                resolved_path = candidate
            else:
                discovered = shutil.which(configured)
                resolved_path = Path(discovered) if discovered else None
            if resolved_path is None or not os.access(resolved_path, os.X_OK):
                missing.append(f"{tool.value}={configured!r}")
                continue
            resolved[tool] = resolved_path
        if missing:
            message = "Missing tool binaries: " + ", ".join(missing)
&gt;           raise RuntimeError(message)
E           RuntimeError: Missing tool binaries: scip='scip'

tests/_helpers/tooling_audit.py:89: RuntimeError</error></testcase><testcase classname="tests.serving.mcp.test_resources" name="test_resource_store_jsonl_encoding_is_utf8" time="0.003"><error message="failed on setup with &quot;RuntimeError: Missing tool binaries: scip='scip'&quot;">@pytest.fixture(scope="session", autouse=True)
    def require_tooling() -&gt; None:
        """Fail fast if required tool binaries are missing."""
&gt;       _require_tooling()

tests/conftest.py:246: 
_ _ _ _ _ _ _ _ _ _ _ _ _ _ _ _ _ _ _ _ _ _ _ _ _ _ _ _ _ _ _ _ _ _ _ _ _ _ _ _ 

tools_config = None

    def require_tooling(tools_config: ToolsConfig | None = None) -&gt; dict[ToolName, Path]:
        """Verify configured tool binaries exist and are executable.
    
        Parameters
        ----------
        tools_config
            Optional explicit ToolsConfig; defaults to ToolsConfig.default().
    
        Returns
        -------
        dict[ToolName, Path]
            Mapping of tool names to resolved executable paths.
    
        Raises
        ------
        RuntimeError
            If any required tool binary is missing or not executable.
        """
        config = tools_config or ToolsConfig.default()
        resolved: dict[ToolName, Path] = {}
        missing: list[str] = []
        for tool in ToolName:
            configured = config.resolve_path(tool)
            candidate = Path(configured)
            if candidate.is_file():
                resolved_path = candidate
            else:
                discovered = shutil.which(configured)
                resolved_path = Path(discovered) if discovered else None
            if resolved_path is None or not os.access(resolved_path, os.X_OK):
                missing.append(f"{tool.value}={configured!r}")
                continue
            resolved[tool] = resolved_path
        if missing:
            message = "Missing tool binaries: " + ", ".join(missing)
&gt;           raise RuntimeError(message)
E           RuntimeError: Missing tool binaries: scip='scip'

tests/_helpers/tooling_audit.py:89: RuntimeError</error></testcase><testcase classname="tests.serving.mcp.test_meta_sql_resources" name="test_mcp_meta_views_sql_rejects_unsafe_sql[asyncio]" time="0.001"><error message="failed on setup with &quot;RuntimeError: Missing tool binaries: scip='scip'&quot;">self = &lt;Coroutine test_mcp_meta_views_sql_rejects_unsafe_sql[asyncio]&gt;

    def setup(self) -&gt; None:
        runner_fixture_id = f"_{self._loop_scope}_scoped_runner"
        if runner_fixture_id not in self.fixturenames:
            self.fixturenames.append(runner_fixture_id)
&gt;       return super().setup()
               ^^^^^^^^^^^^^^^

.venv/lib/python3.13/site-packages/pytest_asyncio/plugin.py:458: 
_ _ _ _ _ _ _ _ _ _ _ _ _ _ _ _ _ _ _ _ _ _ _ _ _ _ _ _ _ _ _ _ _ _ _ _ _ _ _ _ 
tests/conftest.py:246: in require_tooling
    _require_tooling()
_ _ _ _ _ _ _ _ _ _ _ _ _ _ _ _ _ _ _ _ _ _ _ _ _ _ _ _ _ _ _ _ _ _ _ _ _ _ _ _ 

tools_config = None

    def require_tooling(tools_config: ToolsConfig | None = None) -&gt; dict[ToolName, Path]:
        """Verify configured tool binaries exist and are executable.
    
        Parameters
        ----------
        tools_config
            Optional explicit ToolsConfig; defaults to ToolsConfig.default().
    
        Returns
        -------
        dict[ToolName, Path]
            Mapping of tool names to resolved executable paths.
    
        Raises
        ------
        RuntimeError
            If any required tool binary is missing or not executable.
        """
        config = tools_config or ToolsConfig.default()
        resolved: dict[ToolName, Path] = {}
        missing: list[str] = []
        for tool in ToolName:
            configured = config.resolve_path(tool)
            candidate = Path(configured)
            if candidate.is_file():
                resolved_path = candidate
            else:
                discovered = shutil.which(configured)
                resolved_path = Path(discovered) if discovered else None
            if resolved_path is None or not os.access(resolved_path, os.X_OK):
                missing.append(f"{tool.value}={configured!r}")
                continue
            resolved[tool] = resolved_path
        if missing:
            message = "Missing tool binaries: " + ", ".join(missing)
&gt;           raise RuntimeError(message)
E           RuntimeError: Missing tool binaries: scip='scip'

tests/_helpers/tooling_audit.py:89: RuntimeError</error></testcase><testcase classname="tests.serving.mcp.test_resources" name="test_resource_store_get_meta" time="0.000"><error message="failed on setup with &quot;RuntimeError: Missing tool binaries: scip='scip'&quot;">@pytest.fixture(scope="session", autouse=True)
    def require_tooling() -&gt; None:
        """Fail fast if required tool binaries are missing."""
&gt;       _require_tooling()

tests/conftest.py:246: 
_ _ _ _ _ _ _ _ _ _ _ _ _ _ _ _ _ _ _ _ _ _ _ _ _ _ _ _ _ _ _ _ _ _ _ _ _ _ _ _ 

tools_config = None

    def require_tooling(tools_config: ToolsConfig | None = None) -&gt; dict[ToolName, Path]:
        """Verify configured tool binaries exist and are executable.
    
        Parameters
        ----------
        tools_config
            Optional explicit ToolsConfig; defaults to ToolsConfig.default().
    
        Returns
        -------
        dict[ToolName, Path]
            Mapping of tool names to resolved executable paths.
    
        Raises
        ------
        RuntimeError
            If any required tool binary is missing or not executable.
        """
        config = tools_config or ToolsConfig.default()
        resolved: dict[ToolName, Path] = {}
        missing: list[str] = []
        for tool in ToolName:
            configured = config.resolve_path(tool)
            candidate = Path(configured)
            if candidate.is_file():
                resolved_path = candidate
            else:
                discovered = shutil.which(configured)
                resolved_path = Path(discovered) if discovered else None
            if resolved_path is None or not os.access(resolved_path, os.X_OK):
                missing.append(f"{tool.value}={configured!r}")
                continue
            resolved[tool] = resolved_path
        if missing:
            message = "Missing tool binaries: " + ", ".join(missing)
&gt;           raise RuntimeError(message)
E           RuntimeError: Missing tool binaries: scip='scip'

tests/_helpers/tooling_audit.py:89: RuntimeError</error></testcase><testcase classname="tests.serving.mcp.test_resources" name="test_resource_store_put_and_get_json" time="0.001"><error message="failed on setup with &quot;RuntimeError: Missing tool binaries: scip='scip'&quot;">@pytest.fixture(scope="session", autouse=True)
    def require_tooling() -&gt; None:
        """Fail fast if required tool binaries are missing."""
&gt;       _require_tooling()

tests/conftest.py:246: 
_ _ _ _ _ _ _ _ _ _ _ _ _ _ _ _ _ _ _ _ _ _ _ _ _ _ _ _ _ _ _ _ _ _ _ _ _ _ _ _ 

tools_config = None

    def require_tooling(tools_config: ToolsConfig | None = None) -&gt; dict[ToolName, Path]:
        """Verify configured tool binaries exist and are executable.
    
        Parameters
        ----------
        tools_config
            Optional explicit ToolsConfig; defaults to ToolsConfig.default().
    
        Returns
        -------
        dict[ToolName, Path]
            Mapping of tool names to resolved executable paths.
    
        Raises
        ------
        RuntimeError
            If any required tool binary is missing or not executable.
        """
        config = tools_config or ToolsConfig.default()
        resolved: dict[ToolName, Path] = {}
        missing: list[str] = []
        for tool in ToolName:
            configured = config.resolve_path(tool)
            candidate = Path(configured)
            if candidate.is_file():
                resolved_path = candidate
            else:
                discovered = shutil.which(configured)
                resolved_path = Path(discovered) if discovered else None
            if resolved_path is None or not os.access(resolved_path, os.X_OK):
                missing.append(f"{tool.value}={configured!r}")
                continue
            resolved[tool] = resolved_path
        if missing:
            message = "Missing tool binaries: " + ", ".join(missing)
&gt;           raise RuntimeError(message)
E           RuntimeError: Missing tool binaries: scip='scip'

tests/_helpers/tooling_audit.py:89: RuntimeError</error></testcase><testcase classname="tests.serving.mcp.test_sampling" name="test_mcp_sampling_disabled_does_not_sample[asyncio]" time="0.001"><error message="failed on setup with &quot;RuntimeError: Missing tool binaries: scip='scip'&quot;">self = &lt;Coroutine test_mcp_sampling_disabled_does_not_sample[asyncio]&gt;

    def setup(self) -&gt; None:
        runner_fixture_id = f"_{self._loop_scope}_scoped_runner"
        if runner_fixture_id not in self.fixturenames:
            self.fixturenames.append(runner_fixture_id)
&gt;       return super().setup()
               ^^^^^^^^^^^^^^^

.venv/lib/python3.13/site-packages/pytest_asyncio/plugin.py:458: 
_ _ _ _ _ _ _ _ _ _ _ _ _ _ _ _ _ _ _ _ _ _ _ _ _ _ _ _ _ _ _ _ _ _ _ _ _ _ _ _ 
tests/conftest.py:246: in require_tooling
    _require_tooling()
_ _ _ _ _ _ _ _ _ _ _ _ _ _ _ _ _ _ _ _ _ _ _ _ _ _ _ _ _ _ _ _ _ _ _ _ _ _ _ _ 

tools_config = None

    def require_tooling(tools_config: ToolsConfig | None = None) -&gt; dict[ToolName, Path]:
        """Verify configured tool binaries exist and are executable.
    
        Parameters
        ----------
        tools_config
            Optional explicit ToolsConfig; defaults to ToolsConfig.default().
    
        Returns
        -------
        dict[ToolName, Path]
            Mapping of tool names to resolved executable paths.
    
        Raises
        ------
        RuntimeError
            If any required tool binary is missing or not executable.
        """
        config = tools_config or ToolsConfig.default()
        resolved: dict[ToolName, Path] = {}
        missing: list[str] = []
        for tool in ToolName:
            configured = config.resolve_path(tool)
            candidate = Path(configured)
            if candidate.is_file():
                resolved_path = candidate
            else:
                discovered = shutil.which(configured)
                resolved_path = Path(discovered) if discovered else None
            if resolved_path is None or not os.access(resolved_path, os.X_OK):
                missing.append(f"{tool.value}={configured!r}")
                continue
            resolved[tool] = resolved_path
        if missing:
            message = "Missing tool binaries: " + ", ".join(missing)
&gt;           raise RuntimeError(message)
E           RuntimeError: Missing tool binaries: scip='scip'

tests/_helpers/tooling_audit.py:89: RuntimeError</error></testcase><testcase classname="tests.serving.mcp.test_resources" name="test_resource_store_get_meta_not_found" time="0.000"><error message="failed on setup with &quot;RuntimeError: Missing tool binaries: scip='scip'&quot;">@pytest.fixture(scope="session", autouse=True)
    def require_tooling() -&gt; None:
        """Fail fast if required tool binaries are missing."""
&gt;       _require_tooling()

tests/conftest.py:246: 
_ _ _ _ _ _ _ _ _ _ _ _ _ _ _ _ _ _ _ _ _ _ _ _ _ _ _ _ _ _ _ _ _ _ _ _ _ _ _ _ 

tools_config = None

    def require_tooling(tools_config: ToolsConfig | None = None) -&gt; dict[ToolName, Path]:
        """Verify configured tool binaries exist and are executable.
    
        Parameters
        ----------
        tools_config
            Optional explicit ToolsConfig; defaults to ToolsConfig.default().
    
        Returns
        -------
        dict[ToolName, Path]
            Mapping of tool names to resolved executable paths.
    
        Raises
        ------
        RuntimeError
            If any required tool binary is missing or not executable.
        """
        config = tools_config or ToolsConfig.default()
        resolved: dict[ToolName, Path] = {}
        missing: list[str] = []
        for tool in ToolName:
            configured = config.resolve_path(tool)
            candidate = Path(configured)
            if candidate.is_file():
                resolved_path = candidate
            else:
                discovered = shutil.which(configured)
                resolved_path = Path(discovered) if discovered else None
            if resolved_path is None or not os.access(resolved_path, os.X_OK):
                missing.append(f"{tool.value}={configured!r}")
                continue
            resolved[tool] = resolved_path
        if missing:
            message = "Missing tool binaries: " + ", ".join(missing)
&gt;           raise RuntimeError(message)
E           RuntimeError: Missing tool binaries: scip='scip'

tests/_helpers/tooling_audit.py:89: RuntimeError</error></testcase><testcase classname="tests.serving.mcp.test_resources" name="test_stored_metadata_is_frozen" time="0.004"><error message="failed on setup with &quot;RuntimeError: Missing tool binaries: scip='scip'&quot;">@pytest.fixture(scope="session", autouse=True)
    def require_tooling() -&gt; None:
        """Fail fast if required tool binaries are missing."""
&gt;       _require_tooling()

tests/conftest.py:246: 
_ _ _ _ _ _ _ _ _ _ _ _ _ _ _ _ _ _ _ _ _ _ _ _ _ _ _ _ _ _ _ _ _ _ _ _ _ _ _ _ 

tools_config = None

    def require_tooling(tools_config: ToolsConfig | None = None) -&gt; dict[ToolName, Path]:
        """Verify configured tool binaries exist and are executable.
    
        Parameters
        ----------
        tools_config
            Optional explicit ToolsConfig; defaults to ToolsConfig.default().
    
        Returns
        -------
        dict[ToolName, Path]
            Mapping of tool names to resolved executable paths.
    
        Raises
        ------
        RuntimeError
            If any required tool binary is missing or not executable.
        """
        config = tools_config or ToolsConfig.default()
        resolved: dict[ToolName, Path] = {}
        missing: list[str] = []
        for tool in ToolName:
            configured = config.resolve_path(tool)
            candidate = Path(configured)
            if candidate.is_file():
                resolved_path = candidate
            else:
                discovered = shutil.which(configured)
                resolved_path = Path(discovered) if discovered else None
            if resolved_path is None or not os.access(resolved_path, os.X_OK):
                missing.append(f"{tool.value}={configured!r}")
                continue
            resolved[tool] = resolved_path
        if missing:
            message = "Missing tool binaries: " + ", ".join(missing)
&gt;           raise RuntimeError(message)
E           RuntimeError: Missing tool binaries: scip='scip'

tests/_helpers/tooling_audit.py:89: RuntimeError</error></testcase><testcase classname="tests.serving.mcp.test_resources" name="test_resource_store_get_preview" time="0.001"><error message="failed on setup with &quot;RuntimeError: Missing tool binaries: scip='scip'&quot;">@pytest.fixture(scope="session", autouse=True)
    def require_tooling() -&gt; None:
        """Fail fast if required tool binaries are missing."""
&gt;       _require_tooling()

tests/conftest.py:246: 
_ _ _ _ _ _ _ _ _ _ _ _ _ _ _ _ _ _ _ _ _ _ _ _ _ _ _ _ _ _ _ _ _ _ _ _ _ _ _ _ 

tools_config = None

    def require_tooling(tools_config: ToolsConfig | None = None) -&gt; dict[ToolName, Path]:
        """Verify configured tool binaries exist and are executable.
    
        Parameters
        ----------
        tools_config
            Optional explicit ToolsConfig; defaults to ToolsConfig.default().
    
        Returns
        -------
        dict[ToolName, Path]
            Mapping of tool names to resolved executable paths.
    
        Raises
        ------
        RuntimeError
            If any required tool binary is missing or not executable.
        """
        config = tools_config or ToolsConfig.default()
        resolved: dict[ToolName, Path] = {}
        missing: list[str] = []
        for tool in ToolName:
            configured = config.resolve_path(tool)
            candidate = Path(configured)
            if candidate.is_file():
                resolved_path = candidate
            else:
                discovered = shutil.which(configured)
                resolved_path = Path(discovered) if discovered else None
            if resolved_path is None or not os.access(resolved_path, os.X_OK):
                missing.append(f"{tool.value}={configured!r}")
                continue
            resolved[tool] = resolved_path
        if missing:
            message = "Missing tool binaries: " + ", ".join(missing)
&gt;           raise RuntimeError(message)
E           RuntimeError: Missing tool binaries: scip='scip'

tests/_helpers/tooling_audit.py:89: RuntimeError</error></testcase><testcase classname="tests.serving.mcp.test_sampling" name="test_mcp_sampling_opt_in_adds_summary[asyncio]" time="0.001"><error message="failed on setup with &quot;RuntimeError: Missing tool binaries: scip='scip'&quot;">self = &lt;Coroutine test_mcp_sampling_opt_in_adds_summary[asyncio]&gt;

    def setup(self) -&gt; None:
        runner_fixture_id = f"_{self._loop_scope}_scoped_runner"
        if runner_fixture_id not in self.fixturenames:
            self.fixturenames.append(runner_fixture_id)
&gt;       return super().setup()
               ^^^^^^^^^^^^^^^

.venv/lib/python3.13/site-packages/pytest_asyncio/plugin.py:458: 
_ _ _ _ _ _ _ _ _ _ _ _ _ _ _ _ _ _ _ _ _ _ _ _ _ _ _ _ _ _ _ _ _ _ _ _ _ _ _ _ 
tests/conftest.py:246: in require_tooling
    _require_tooling()
_ _ _ _ _ _ _ _ _ _ _ _ _ _ _ _ _ _ _ _ _ _ _ _ _ _ _ _ _ _ _ _ _ _ _ _ _ _ _ _ 

tools_config = None

    def require_tooling(tools_config: ToolsConfig | None = None) -&gt; dict[ToolName, Path]:
        """Verify configured tool binaries exist and are executable.
    
        Parameters
        ----------
        tools_config
            Optional explicit ToolsConfig; defaults to ToolsConfig.default().
    
        Returns
        -------
        dict[ToolName, Path]
            Mapping of tool names to resolved executable paths.
    
        Raises
        ------
        RuntimeError
            If any required tool binary is missing or not executable.
        """
        config = tools_config or ToolsConfig.default()
        resolved: dict[ToolName, Path] = {}
        missing: list[str] = []
        for tool in ToolName:
            configured = config.resolve_path(tool)
            candidate = Path(configured)
            if candidate.is_file():
                resolved_path = candidate
            else:
                discovered = shutil.which(configured)
                resolved_path = Path(discovered) if discovered else None
            if resolved_path is None or not os.access(resolved_path, os.X_OK):
                missing.append(f"{tool.value}={configured!r}")
                continue
            resolved[tool] = resolved_path
        if missing:
            message = "Missing tool binaries: " + ", ".join(missing)
&gt;           raise RuntimeError(message)
E           RuntimeError: Missing tool binaries: scip='scip'

tests/_helpers/tooling_audit.py:89: RuntimeError</error></testcase><testcase classname="tests.serving.mcp.test_meta_sql_resources" name="test_mcp_meta_views_sql_resources_round_trip[asyncio]" time="0.001"><error message="failed on setup with &quot;RuntimeError: Missing tool binaries: scip='scip'&quot;">self = &lt;Coroutine test_mcp_meta_views_sql_resources_round_trip[asyncio]&gt;

    def setup(self) -&gt; None:
        runner_fixture_id = f"_{self._loop_scope}_scoped_runner"
        if runner_fixture_id not in self.fixturenames:
            self.fixturenames.append(runner_fixture_id)
&gt;       return super().setup()
               ^^^^^^^^^^^^^^^

.venv/lib/python3.13/site-packages/pytest_asyncio/plugin.py:458: 
_ _ _ _ _ _ _ _ _ _ _ _ _ _ _ _ _ _ _ _ _ _ _ _ _ _ _ _ _ _ _ _ _ _ _ _ _ _ _ _ 
tests/conftest.py:246: in require_tooling
    _require_tooling()
_ _ _ _ _ _ _ _ _ _ _ _ _ _ _ _ _ _ _ _ _ _ _ _ _ _ _ _ _ _ _ _ _ _ _ _ _ _ _ _ 

tools_config = None

    def require_tooling(tools_config: ToolsConfig | None = None) -&gt; dict[ToolName, Path]:
        """Verify configured tool binaries exist and are executable.
    
        Parameters
        ----------
        tools_config
            Optional explicit ToolsConfig; defaults to ToolsConfig.default().
    
        Returns
        -------
        dict[ToolName, Path]
            Mapping of tool names to resolved executable paths.
    
        Raises
        ------
        RuntimeError
            If any required tool binary is missing or not executable.
        """
        config = tools_config or ToolsConfig.default()
        resolved: dict[ToolName, Path] = {}
        missing: list[str] = []
        for tool in ToolName:
            configured = config.resolve_path(tool)
            candidate = Path(configured)
            if candidate.is_file():
                resolved_path = candidate
            else:
                discovered = shutil.which(configured)
                resolved_path = Path(discovered) if discovered else None
            if resolved_path is None or not os.access(resolved_path, os.X_OK):
                missing.append(f"{tool.value}={configured!r}")
                continue
            resolved[tool] = resolved_path
        if missing:
            message = "Missing tool binaries: " + ", ".join(missing)
&gt;           raise RuntimeError(message)
E           RuntimeError: Missing tool binaries: scip='scip'

tests/_helpers/tooling_audit.py:89: RuntimeError</error></testcase><testcase classname="tests.serving.mcp.test_resources" name="test_resource_store_get_preview_small_dataset" time="0.001"><error message="failed on setup with &quot;RuntimeError: Missing tool binaries: scip='scip'&quot;">@pytest.fixture(scope="session", autouse=True)
    def require_tooling() -&gt; None:
        """Fail fast if required tool binaries are missing."""
&gt;       _require_tooling()

tests/conftest.py:246: 
_ _ _ _ _ _ _ _ _ _ _ _ _ _ _ _ _ _ _ _ _ _ _ _ _ _ _ _ _ _ _ _ _ _ _ _ _ _ _ _ 

tools_config = None

    def require_tooling(tools_config: ToolsConfig | None = None) -&gt; dict[ToolName, Path]:
        """Verify configured tool binaries exist and are executable.
    
        Parameters
        ----------
        tools_config
            Optional explicit ToolsConfig; defaults to ToolsConfig.default().
    
        Returns
        -------
        dict[ToolName, Path]
            Mapping of tool names to resolved executable paths.
    
        Raises
        ------
        RuntimeError
            If any required tool binary is missing or not executable.
        """
        config = tools_config or ToolsConfig.default()
        resolved: dict[ToolName, Path] = {}
        missing: list[str] = []
        for tool in ToolName:
            configured = config.resolve_path(tool)
            candidate = Path(configured)
            if candidate.is_file():
                resolved_path = candidate
            else:
                discovered = shutil.which(configured)
                resolved_path = Path(discovered) if discovered else None
            if resolved_path is None or not os.access(resolved_path, os.X_OK):
                missing.append(f"{tool.value}={configured!r}")
                continue
            resolved[tool] = resolved_path
        if missing:
            message = "Missing tool binaries: " + ", ".join(missing)
&gt;           raise RuntimeError(message)
E           RuntimeError: Missing tool binaries: scip='scip'

tests/_helpers/tooling_audit.py:89: RuntimeError</error></testcase><testcase classname="tests.serving.mcp.test_resources" name="test_mcp_semantic_export_returns_uri[asyncio]" time="0.000"><error message="failed on setup with &quot;RuntimeError: Missing tool binaries: scip='scip'&quot;">self = &lt;Coroutine test_mcp_semantic_export_returns_uri[asyncio]&gt;

    def setup(self) -&gt; None:
        runner_fixture_id = f"_{self._loop_scope}_scoped_runner"
        if runner_fixture_id not in self.fixturenames:
            self.fixturenames.append(runner_fixture_id)
&gt;       return super().setup()
               ^^^^^^^^^^^^^^^

.venv/lib/python3.13/site-packages/pytest_asyncio/plugin.py:458: 
_ _ _ _ _ _ _ _ _ _ _ _ _ _ _ _ _ _ _ _ _ _ _ _ _ _ _ _ _ _ _ _ _ _ _ _ _ _ _ _ 
tests/conftest.py:246: in require_tooling
    _require_tooling()
_ _ _ _ _ _ _ _ _ _ _ _ _ _ _ _ _ _ _ _ _ _ _ _ _ _ _ _ _ _ _ _ _ _ _ _ _ _ _ _ 

tools_config = None

    def require_tooling(tools_config: ToolsConfig | None = None) -&gt; dict[ToolName, Path]:
        """Verify configured tool binaries exist and are executable.
    
        Parameters
        ----------
        tools_config
            Optional explicit ToolsConfig; defaults to ToolsConfig.default().
    
        Returns
        -------
        dict[ToolName, Path]
            Mapping of tool names to resolved executable paths.
    
        Raises
        ------
        RuntimeError
            If any required tool binary is missing or not executable.
        """
        config = tools_config or ToolsConfig.default()
        resolved: dict[ToolName, Path] = {}
        missing: list[str] = []
        for tool in ToolName:
            configured = config.resolve_path(tool)
            candidate = Path(configured)
            if candidate.is_file():
                resolved_path = candidate
            else:
                discovered = shutil.which(configured)
                resolved_path = Path(discovered) if discovered else None
            if resolved_path is None or not os.access(resolved_path, os.X_OK):
                missing.append(f"{tool.value}={configured!r}")
                continue
            resolved[tool] = resolved_path
        if missing:
            message = "Missing tool binaries: " + ", ".join(missing)
&gt;           raise RuntimeError(message)
E           RuntimeError: Missing tool binaries: scip='scip'

tests/_helpers/tooling_audit.py:89: RuntimeError</error></testcase><testcase classname="tests.serving.mcp.test_resources" name="test_resource_store_put_with_metadata" time="0.007"><error message="failed on setup with &quot;RuntimeError: Missing tool binaries: scip='scip'&quot;">@pytest.fixture(scope="session", autouse=True)
    def require_tooling() -&gt; None:
        """Fail fast if required tool binaries are missing."""
&gt;       _require_tooling()

tests/conftest.py:246: 
_ _ _ _ _ _ _ _ _ _ _ _ _ _ _ _ _ _ _ _ _ _ _ _ _ _ _ _ _ _ _ _ _ _ _ _ _ _ _ _ 

tools_config = None

    def require_tooling(tools_config: ToolsConfig | None = None) -&gt; dict[ToolName, Path]:
        """Verify configured tool binaries exist and are executable.
    
        Parameters
        ----------
        tools_config
            Optional explicit ToolsConfig; defaults to ToolsConfig.default().
    
        Returns
        -------
        dict[ToolName, Path]
            Mapping of tool names to resolved executable paths.
    
        Raises
        ------
        RuntimeError
            If any required tool binary is missing or not executable.
        """
        config = tools_config or ToolsConfig.default()
        resolved: dict[ToolName, Path] = {}
        missing: list[str] = []
        for tool in ToolName:
            configured = config.resolve_path(tool)
            candidate = Path(configured)
            if candidate.is_file():
                resolved_path = candidate
            else:
                discovered = shutil.which(configured)
                resolved_path = Path(discovered) if discovered else None
            if resolved_path is None or not os.access(resolved_path, os.X_OK):
                missing.append(f"{tool.value}={configured!r}")
                continue
            resolved[tool] = resolved_path
        if missing:
            message = "Missing tool binaries: " + ", ".join(missing)
&gt;           raise RuntimeError(message)
E           RuntimeError: Missing tool binaries: scip='scip'

tests/_helpers/tooling_audit.py:89: RuntimeError</error></testcase><testcase classname="tests.serving.mcp.test_resources" name="test_mcp_semantic_export_with_filters[asyncio]" time="0.001"><error message="failed on setup with &quot;RuntimeError: Missing tool binaries: scip='scip'&quot;">self = &lt;Coroutine test_mcp_semantic_export_with_filters[asyncio]&gt;

    def setup(self) -&gt; None:
        runner_fixture_id = f"_{self._loop_scope}_scoped_runner"
        if runner_fixture_id not in self.fixturenames:
            self.fixturenames.append(runner_fixture_id)
&gt;       return super().setup()
               ^^^^^^^^^^^^^^^

.venv/lib/python3.13/site-packages/pytest_asyncio/plugin.py:458: 
_ _ _ _ _ _ _ _ _ _ _ _ _ _ _ _ _ _ _ _ _ _ _ _ _ _ _ _ _ _ _ _ _ _ _ _ _ _ _ _ 
tests/conftest.py:246: in require_tooling
    _require_tooling()
_ _ _ _ _ _ _ _ _ _ _ _ _ _ _ _ _ _ _ _ _ _ _ _ _ _ _ _ _ _ _ _ _ _ _ _ _ _ _ _ 

tools_config = None

    def require_tooling(tools_config: ToolsConfig | None = None) -&gt; dict[ToolName, Path]:
        """Verify configured tool binaries exist and are executable.
    
        Parameters
        ----------
        tools_config
            Optional explicit ToolsConfig; defaults to ToolsConfig.default().
    
        Returns
        -------
        dict[ToolName, Path]
            Mapping of tool names to resolved executable paths.
    
        Raises
        ------
        RuntimeError
            If any required tool binary is missing or not executable.
        """
        config = tools_config or ToolsConfig.default()
        resolved: dict[ToolName, Path] = {}
        missing: list[str] = []
        for tool in ToolName:
            configured = config.resolve_path(tool)
            candidate = Path(configured)
            if candidate.is_file():
                resolved_path = candidate
            else:
                discovered = shutil.which(configured)
                resolved_path = Path(discovered) if discovered else None
            if resolved_path is None or not os.access(resolved_path, os.X_OK):
                missing.append(f"{tool.value}={configured!r}")
                continue
            resolved[tool] = resolved_path
        if missing:
            message = "Missing tool binaries: " + ", ".join(missing)
&gt;           raise RuntimeError(message)
E           RuntimeError: Missing tool binaries: scip='scip'

tests/_helpers/tooling_audit.py:89: RuntimeError</error></testcase><testcase classname="tests.serving.mcp.test_resources" name="test_stored_artifact_is_frozen" time="0.001"><error message="failed on setup with &quot;RuntimeError: Missing tool binaries: scip='scip'&quot;">@pytest.fixture(scope="session", autouse=True)
    def require_tooling() -&gt; None:
        """Fail fast if required tool binaries are missing."""
&gt;       _require_tooling()

tests/conftest.py:246: 
_ _ _ _ _ _ _ _ _ _ _ _ _ _ _ _ _ _ _ _ _ _ _ _ _ _ _ _ _ _ _ _ _ _ _ _ _ _ _ _ 

tools_config = None

    def require_tooling(tools_config: ToolsConfig | None = None) -&gt; dict[ToolName, Path]:
        """Verify configured tool binaries exist and are executable.
    
        Parameters
        ----------
        tools_config
            Optional explicit ToolsConfig; defaults to ToolsConfig.default().
    
        Returns
        -------
        dict[ToolName, Path]
            Mapping of tool names to resolved executable paths.
    
        Raises
        ------
        RuntimeError
            If any required tool binary is missing or not executable.
        """
        config = tools_config or ToolsConfig.default()
        resolved: dict[ToolName, Path] = {}
        missing: list[str] = []
        for tool in ToolName:
            configured = config.resolve_path(tool)
            candidate = Path(configured)
            if candidate.is_file():
                resolved_path = candidate
            else:
                discovered = shutil.which(configured)
                resolved_path = Path(discovered) if discovered else None
            if resolved_path is None or not os.access(resolved_path, os.X_OK):
                missing.append(f"{tool.value}={configured!r}")
                continue
            resolved[tool] = resolved_path
        if missing:
            message = "Missing tool binaries: " + ", ".join(missing)
&gt;           raise RuntimeError(message)
E           RuntimeError: Missing tool binaries: scip='scip'

tests/_helpers/tooling_audit.py:89: RuntimeError</error></testcase><testcase classname="tests.serving.mcp.test_resources" name="test_mcp_semantic_export_error_invalid_view[asyncio]" time="0.001"><error message="failed on setup with &quot;RuntimeError: Missing tool binaries: scip='scip'&quot;">self = &lt;Coroutine test_mcp_semantic_export_error_invalid_view[asyncio]&gt;

    def setup(self) -&gt; None:
        runner_fixture_id = f"_{self._loop_scope}_scoped_runner"
        if runner_fixture_id not in self.fixturenames:
            self.fixturenames.append(runner_fixture_id)
&gt;       return super().setup()
               ^^^^^^^^^^^^^^^

.venv/lib/python3.13/site-packages/pytest_asyncio/plugin.py:458: 
_ _ _ _ _ _ _ _ _ _ _ _ _ _ _ _ _ _ _ _ _ _ _ _ _ _ _ _ _ _ _ _ _ _ _ _ _ _ _ _ 
tests/conftest.py:246: in require_tooling
    _require_tooling()
_ _ _ _ _ _ _ _ _ _ _ _ _ _ _ _ _ _ _ _ _ _ _ _ _ _ _ _ _ _ _ _ _ _ _ _ _ _ _ _ 

tools_config = None

    def require_tooling(tools_config: ToolsConfig | None = None) -&gt; dict[ToolName, Path]:
        """Verify configured tool binaries exist and are executable.
    
        Parameters
        ----------
        tools_config
            Optional explicit ToolsConfig; defaults to ToolsConfig.default().
    
        Returns
        -------
        dict[ToolName, Path]
            Mapping of tool names to resolved executable paths.
    
        Raises
        ------
        RuntimeError
            If any required tool binary is missing or not executable.
        """
        config = tools_config or ToolsConfig.default()
        resolved: dict[ToolName, Path] = {}
        missing: list[str] = []
        for tool in ToolName:
            configured = config.resolve_path(tool)
            candidate = Path(configured)
            if candidate.is_file():
                resolved_path = candidate
            else:
                discovered = shutil.which(configured)
                resolved_path = Path(discovered) if discovered else None
            if resolved_path is None or not os.access(resolved_path, os.X_OK):
                missing.append(f"{tool.value}={configured!r}")
                continue
            resolved[tool] = resolved_path
        if missing:
            message = "Missing tool binaries: " + ", ".join(missing)
&gt;           raise RuntimeError(message)
E           RuntimeError: Missing tool binaries: scip='scip'

tests/_helpers/tooling_audit.py:89: RuntimeError</error></testcase><testcase classname="tests.serving.mcp.test_resources" name="test_mcp_semantic_export_json_format[asyncio]" time="0.000"><error message="failed on setup with &quot;RuntimeError: Missing tool binaries: scip='scip'&quot;">self = &lt;Coroutine test_mcp_semantic_export_json_format[asyncio]&gt;

    def setup(self) -&gt; None:
        runner_fixture_id = f"_{self._loop_scope}_scoped_runner"
        if runner_fixture_id not in self.fixturenames:
            self.fixturenames.append(runner_fixture_id)
&gt;       return super().setup()
               ^^^^^^^^^^^^^^^

.venv/lib/python3.13/site-packages/pytest_asyncio/plugin.py:458: 
_ _ _ _ _ _ _ _ _ _ _ _ _ _ _ _ _ _ _ _ _ _ _ _ _ _ _ _ _ _ _ _ _ _ _ _ _ _ _ _ 
tests/conftest.py:246: in require_tooling
    _require_tooling()
_ _ _ _ _ _ _ _ _ _ _ _ _ _ _ _ _ _ _ _ _ _ _ _ _ _ _ _ _ _ _ _ _ _ _ _ _ _ _ _ 

tools_config = None

    def require_tooling(tools_config: ToolsConfig | None = None) -&gt; dict[ToolName, Path]:
        """Verify configured tool binaries exist and are executable.
    
        Parameters
        ----------
        tools_config
            Optional explicit ToolsConfig; defaults to ToolsConfig.default().
    
        Returns
        -------
        dict[ToolName, Path]
            Mapping of tool names to resolved executable paths.
    
        Raises
        ------
        RuntimeError
            If any required tool binary is missing or not executable.
        """
        config = tools_config or ToolsConfig.default()
        resolved: dict[ToolName, Path] = {}
        missing: list[str] = []
        for tool in ToolName:
            configured = config.resolve_path(tool)
            candidate = Path(configured)
            if candidate.is_file():
                resolved_path = candidate
            else:
                discovered = shutil.which(configured)
                resolved_path = Path(discovered) if discovered else None
            if resolved_path is None or not os.access(resolved_path, os.X_OK):
                missing.append(f"{tool.value}={configured!r}")
                continue
            resolved[tool] = resolved_path
        if missing:
            message = "Missing tool binaries: " + ", ".join(missing)
&gt;           raise RuntimeError(message)
E           RuntimeError: Missing tool binaries: scip='scip'

tests/_helpers/tooling_audit.py:89: RuntimeError</error></testcase><testcase classname="tests.serving.mcp.test_resources" name="test_mcp_resource_read_semantic_views[asyncio]" time="0.001"><error message="failed on setup with &quot;RuntimeError: Missing tool binaries: scip='scip'&quot;">self = &lt;Coroutine test_mcp_resource_read_semantic_views[asyncio]&gt;

    def setup(self) -&gt; None:
        runner_fixture_id = f"_{self._loop_scope}_scoped_runner"
        if runner_fixture_id not in self.fixturenames:
            self.fixturenames.append(runner_fixture_id)
&gt;       return super().setup()
               ^^^^^^^^^^^^^^^

.venv/lib/python3.13/site-packages/pytest_asyncio/plugin.py:458: 
_ _ _ _ _ _ _ _ _ _ _ _ _ _ _ _ _ _ _ _ _ _ _ _ _ _ _ _ _ _ _ _ _ _ _ _ _ _ _ _ 
tests/conftest.py:246: in require_tooling
    _require_tooling()
_ _ _ _ _ _ _ _ _ _ _ _ _ _ _ _ _ _ _ _ _ _ _ _ _ _ _ _ _ _ _ _ _ _ _ _ _ _ _ _ 

tools_config = None

    def require_tooling(tools_config: ToolsConfig | None = None) -&gt; dict[ToolName, Path]:
        """Verify configured tool binaries exist and are executable.
    
        Parameters
        ----------
        tools_config
            Optional explicit ToolsConfig; defaults to ToolsConfig.default().
    
        Returns
        -------
        dict[ToolName, Path]
            Mapping of tool names to resolved executable paths.
    
        Raises
        ------
        RuntimeError
            If any required tool binary is missing or not executable.
        """
        config = tools_config or ToolsConfig.default()
        resolved: dict[ToolName, Path] = {}
        missing: list[str] = []
        for tool in ToolName:
            configured = config.resolve_path(tool)
            candidate = Path(configured)
            if candidate.is_file():
                resolved_path = candidate
            else:
                discovered = shutil.which(configured)
                resolved_path = Path(discovered) if discovered else None
            if resolved_path is None or not os.access(resolved_path, os.X_OK):
                missing.append(f"{tool.value}={configured!r}")
                continue
            resolved[tool] = resolved_path
        if missing:
            message = "Missing tool binaries: " + ", ".join(missing)
&gt;           raise RuntimeError(message)
E           RuntimeError: Missing tool binaries: scip='scip'

tests/_helpers/tooling_audit.py:89: RuntimeError</error></testcase><testcase classname="tests.serving.mcp.test_resources" name="test_mcp_static_resources_available[asyncio]" time="0.000"><error message="failed on setup with &quot;RuntimeError: Missing tool binaries: scip='scip'&quot;">self = &lt;Coroutine test_mcp_static_resources_available[asyncio]&gt;

    def setup(self) -&gt; None:
        runner_fixture_id = f"_{self._loop_scope}_scoped_runner"
        if runner_fixture_id not in self.fixturenames:
            self.fixturenames.append(runner_fixture_id)
&gt;       return super().setup()
               ^^^^^^^^^^^^^^^

.venv/lib/python3.13/site-packages/pytest_asyncio/plugin.py:458: 
_ _ _ _ _ _ _ _ _ _ _ _ _ _ _ _ _ _ _ _ _ _ _ _ _ _ _ _ _ _ _ _ _ _ _ _ _ _ _ _ 
tests/conftest.py:246: in require_tooling
    _require_tooling()
_ _ _ _ _ _ _ _ _ _ _ _ _ _ _ _ _ _ _ _ _ _ _ _ _ _ _ _ _ _ _ _ _ _ _ _ _ _ _ _ 

tools_config = None

    def require_tooling(tools_config: ToolsConfig | None = None) -&gt; dict[ToolName, Path]:
        """Verify configured tool binaries exist and are executable.
    
        Parameters
        ----------
        tools_config
            Optional explicit ToolsConfig; defaults to ToolsConfig.default().
    
        Returns
        -------
        dict[ToolName, Path]
            Mapping of tool names to resolved executable paths.
    
        Raises
        ------
        RuntimeError
            If any required tool binary is missing or not executable.
        """
        config = tools_config or ToolsConfig.default()
        resolved: dict[ToolName, Path] = {}
        missing: list[str] = []
        for tool in ToolName:
            configured = config.resolve_path(tool)
            candidate = Path(configured)
            if candidate.is_file():
                resolved_path = candidate
            else:
                discovered = shutil.which(configured)
                resolved_path = Path(discovered) if discovered else None
            if resolved_path is None or not os.access(resolved_path, os.X_OK):
                missing.append(f"{tool.value}={configured!r}")
                continue
            resolved[tool] = resolved_path
        if missing:
            message = "Missing tool binaries: " + ", ".join(missing)
&gt;           raise RuntimeError(message)
E           RuntimeError: Missing tool binaries: scip='scip'

tests/_helpers/tooling_audit.py:89: RuntimeError</error></testcase><testcase classname="tests.serving.mcp.test_resources" name="test_mcp_resource_meta_resources[asyncio]" time="0.001"><error message="failed on setup with &quot;RuntimeError: Missing tool binaries: scip='scip'&quot;">self = &lt;Coroutine test_mcp_resource_meta_resources[asyncio]&gt;

    def setup(self) -&gt; None:
        runner_fixture_id = f"_{self._loop_scope}_scoped_runner"
        if runner_fixture_id not in self.fixturenames:
            self.fixturenames.append(runner_fixture_id)
&gt;       return super().setup()
               ^^^^^^^^^^^^^^^

.venv/lib/python3.13/site-packages/pytest_asyncio/plugin.py:458: 
_ _ _ _ _ _ _ _ _ _ _ _ _ _ _ _ _ _ _ _ _ _ _ _ _ _ _ _ _ _ _ _ _ _ _ _ _ _ _ _ 
tests/conftest.py:246: in require_tooling
    _require_tooling()
_ _ _ _ _ _ _ _ _ _ _ _ _ _ _ _ _ _ _ _ _ _ _ _ _ _ _ _ _ _ _ _ _ _ _ _ _ _ _ _ 

tools_config = None

    def require_tooling(tools_config: ToolsConfig | None = None) -&gt; dict[ToolName, Path]:
        """Verify configured tool binaries exist and are executable.
    
        Parameters
        ----------
        tools_config
            Optional explicit ToolsConfig; defaults to ToolsConfig.default().
    
        Returns
        -------
        dict[ToolName, Path]
            Mapping of tool names to resolved executable paths.
    
        Raises
        ------
        RuntimeError
            If any required tool binary is missing or not executable.
        """
        config = tools_config or ToolsConfig.default()
        resolved: dict[ToolName, Path] = {}
        missing: list[str] = []
        for tool in ToolName:
            configured = config.resolve_path(tool)
            candidate = Path(configured)
            if candidate.is_file():
                resolved_path = candidate
            else:
                discovered = shutil.which(configured)
                resolved_path = Path(discovered) if discovered else None
            if resolved_path is None or not os.access(resolved_path, os.X_OK):
                missing.append(f"{tool.value}={configured!r}")
                continue
            resolved[tool] = resolved_path
        if missing:
            message = "Missing tool binaries: " + ", ".join(missing)
&gt;           raise RuntimeError(message)
E           RuntimeError: Missing tool binaries: scip='scip'

[...]
    
        Returns
        -------
        dict[ToolName, Path]
            Mapping of tool names to resolved executable paths.
    
        Raises
        ------
        RuntimeError
            If any required tool binary is missing or not executable.
        """
        config = tools_config or ToolsConfig.default()
        resolved: dict[ToolName, Path] = {}
        missing: list[str] = []
        for tool in ToolName:
            configured = config.resolve_path(tool)
            candidate = Path(configured)
            if candidate.is_file():
                resolved_path = candidate
            else:
                discovered = shutil.which(configured)
                resolved_path = Path(discovered) if discovered else None
            if resolved_path is None or not os.access(resolved_path, os.X_OK):
                missing.append(f"{tool.value}={configured!r}")
                continue
            resolved[tool] = resolved_path
        if missing:
            message = "Missing tool binaries: " + ", ".join(missing)
&gt;           raise RuntimeError(message)
E           RuntimeError: Missing tool binaries: scip='scip'

tests/_helpers/tooling_audit.py:89: RuntimeError</error></testcase><testcase classname="tests.ingestion.test_tools" name="test_tool_service_run_pyright_execution_error" time="0.000"><error message="failed on setup with &quot;RuntimeError: Missing tool binaries: scip='scip'&quot;">@pytest.fixture(scope="session", autouse=True)
    def require_tooling() -&gt; None:
        """Fail fast if required tool binaries are missing."""
&gt;       _require_tooling()

tests/conftest.py:246: 
_ _ _ _ _ _ _ _ _ _ _ _ _ _ _ _ _ _ _ _ _ _ _ _ _ _ _ _ _ _ _ _ _ _ _ _ _ _ _ _ 

tools_config = None

    def require_tooling(tools_config: ToolsConfig | None = None) -&gt; dict[ToolName, Path]:
        """Verify configured tool binaries exist and are executable.
    
        Parameters
        ----------
        tools_config
            Optional explicit ToolsConfig; defaults to ToolsConfig.default().
    
        Returns
        -------
        dict[ToolName, Path]
            Mapping of tool names to resolved executable paths.
    
        Raises
        ------
        RuntimeError
            If any required tool binary is missing or not executable.
        """
        config = tools_config or ToolsConfig.default()
        resolved: dict[ToolName, Path] = {}
        missing: list[str] = []
        for tool in ToolName:
            configured = config.resolve_path(tool)
            candidate = Path(configured)
            if candidate.is_file():
                resolved_path = candidate
            else:
                discovered = shutil.which(configured)
                resolved_path = Path(discovered) if discovered else None
            if resolved_path is None or not os.access(resolved_path, os.X_OK):
                missing.append(f"{tool.value}={configured!r}")
                continue
            resolved[tool] = resolved_path
        if missing:
            message = "Missing tool binaries: " + ", ".join(missing)
&gt;           raise RuntimeError(message)
E           RuntimeError: Missing tool binaries: scip='scip'

tests/_helpers/tooling_audit.py:89: RuntimeError</error></testcase><testcase classname="tests.ingestion.test_tools" name="test_tool_service_run_pytest_report_creates_file" time="0.001"><error message="failed on setup with &quot;RuntimeError: Missing tool binaries: scip='scip'&quot;">@pytest.fixture(scope="session", autouse=True)
    def require_tooling() -&gt; None:
        """Fail fast if required tool binaries are missing."""
&gt;       _require_tooling()

tests/conftest.py:246: 
_ _ _ _ _ _ _ _ _ _ _ _ _ _ _ _ _ _ _ _ _ _ _ _ _ _ _ _ _ _ _ _ _ _ _ _ _ _ _ _ 

tools_config = None

    def require_tooling(tools_config: ToolsConfig | None = None) -&gt; dict[ToolName, Path]:
        """Verify configured tool binaries exist and are executable.
    
        Parameters
        ----------
        tools_config
            Optional explicit ToolsConfig; defaults to ToolsConfig.default().
    
        Returns
        -------
        dict[ToolName, Path]
            Mapping of tool names to resolved executable paths.
    
        Raises
        ------
        RuntimeError
            If any required tool binary is missing or not executable.
        """
        config = tools_config or ToolsConfig.default()
        resolved: dict[ToolName, Path] = {}
        missing: list[str] = []
        for tool in ToolName:
            configured = config.resolve_path(tool)
            candidate = Path(configured)
            if candidate.is_file():
                resolved_path = candidate
            else:
                discovered = shutil.which(configured)
                resolved_path = Path(discovered) if discovered else None
            if resolved_path is None or not os.access(resolved_path, os.X_OK):
                missing.append(f"{tool.value}={configured!r}")
                continue
            resolved[tool] = resolved_path
        if missing:
            message = "Missing tool binaries: " + ", ".join(missing)
&gt;           raise RuntimeError(message)
E           RuntimeError: Missing tool binaries: scip='scip'

tests/_helpers/tooling_audit.py:89: RuntimeError</error></testcase><testcase classname="tests.ingestion.test_tools" name="test_tool_service_run_coverage_report_failure_returns_empty" time="0.000"><error message="failed on setup with &quot;RuntimeError: Missing tool binaries: scip='scip'&quot;">@pytest.fixture(scope="session", autouse=True)
    def require_tooling() -&gt; None:
        """Fail fast if required tool binaries are missing."""
&gt;       _require_tooling()

tests/conftest.py:246: 
_ _ _ _ _ _ _ _ _ _ _ _ _ _ _ _ _ _ _ _ _ _ _ _ _ _ _ _ _ _ _ _ _ _ _ _ _ _ _ _ 

tools_config = None

    def require_tooling(tools_config: ToolsConfig | None = None) -&gt; dict[ToolName, Path]:
        """Verify configured tool binaries exist and are executable.
    
        Parameters
        ----------
        tools_config
            Optional explicit ToolsConfig; defaults to ToolsConfig.default().
    
        Returns
        -------
        dict[ToolName, Path]
            Mapping of tool names to resolved executable paths.
    
        Raises
        ------
        RuntimeError
            If any required tool binary is missing or not executable.
        """
        config = tools_config or ToolsConfig.default()
        resolved: dict[ToolName, Path] = {}
        missing: list[str] = []
        for tool in ToolName:
            configured = config.resolve_path(tool)
            candidate = Path(configured)
            if candidate.is_file():
                resolved_path = candidate
            else:
                discovered = shutil.which(configured)
                resolved_path = Path(discovered) if discovered else None
            if resolved_path is None or not os.access(resolved_path, os.X_OK):
                missing.append(f"{tool.value}={configured!r}")
                continue
            resolved[tool] = resolved_path
        if missing:
            message = "Missing tool binaries: " + ", ".join(missing)
&gt;           raise RuntimeError(message)
E           RuntimeError: Missing tool binaries: scip='scip'

tests/_helpers/tooling_audit.py:89: RuntimeError</error></testcase><testcase classname="tests.ingestion.test_tools" name="test_tool_service_run_scip_full_not_found_raises" time="0.001"><error message="failed on setup with &quot;RuntimeError: Missing tool binaries: scip='scip'&quot;">@pytest.fixture(scope="session", autouse=True)
    def require_tooling() -&gt; None:
        """Fail fast if required tool binaries are missing."""
&gt;       _require_tooling()

tests/conftest.py:246: 
_ _ _ _ _ _ _ _ _ _ _ _ _ _ _ _ _ _ _ _ _ _ _ _ _ _ _ _ _ _ _ _ _ _ _ _ _ _ _ _ 

tools_config = None

    def require_tooling(tools_config: ToolsConfig | None = None) -&gt; dict[ToolName, Path]:
        """Verify configured tool binaries exist and are executable.
    
        Parameters
        ----------
        tools_config
            Optional explicit ToolsConfig; defaults to ToolsConfig.default().
    
        Returns
        -------
        dict[ToolName, Path]
            Mapping of tool names to resolved executable paths.
    
        Raises
        ------
        RuntimeError
            If any required tool binary is missing or not executable.
        """
        config = tools_config or ToolsConfig.default()
        resolved: dict[ToolName, Path] = {}
        missing: list[str] = []
        for tool in ToolName:
            configured = config.resolve_path(tool)
            candidate = Path(configured)
            if candidate.is_file():
                resolved_path = candidate
            else:
                discovered = shutil.which(configured)
                resolved_path = Path(discovered) if discovered else None
            if resolved_path is None or not os.access(resolved_path, os.X_OK):
                missing.append(f"{tool.value}={configured!r}")
                continue
            resolved[tool] = resolved_path
        if missing:
            message = "Missing tool binaries: " + ", ".join(missing)
&gt;           raise RuntimeError(message)
E           RuntimeError: Missing tool binaries: scip='scip'

tests/_helpers/tooling_audit.py:89: RuntimeError</error></testcase><testcase classname="tests.ingestion.test_tools" name="test_tool_service_run_pyrefly_success" time="0.001"><error message="failed on setup with &quot;RuntimeError: Missing tool binaries: scip='scip'&quot;">@pytest.fixture(scope="session", autouse=True)
    def require_tooling() -&gt; None:
        """Fail fast if required tool binaries are missing."""
&gt;       _require_tooling()

tests/conftest.py:246: 
_ _ _ _ _ _ _ _ _ _ _ _ _ _ _ _ _ _ _ _ _ _ _ _ _ _ _ _ _ _ _ _ _ _ _ _ _ _ _ _ 

tools_config = None

    def require_tooling(tools_config: ToolsConfig | None = None) -&gt; dict[ToolName, Path]:
        """Verify configured tool binaries exist and are executable.
    
        Parameters
        ----------
        tools_config
            Optional explicit ToolsConfig; defaults to ToolsConfig.default().
    
        Returns
        -------
        dict[ToolName, Path]
            Mapping of tool names to resolved executable paths.
    
        Raises
        ------
        RuntimeError
            If any required tool binary is missing or not executable.
        """
        config = tools_config or ToolsConfig.default()
        resolved: dict[ToolName, Path] = {}
        missing: list[str] = []
        for tool in ToolName:
            configured = config.resolve_path(tool)
            candidate = Path(configured)
            if candidate.is_file():
                resolved_path = candidate
            else:
                discovered = shutil.which(configured)
                resolved_path = Path(discovered) if discovered else None
            if resolved_path is None or not os.access(resolved_path, os.X_OK):
                missing.append(f"{tool.value}={configured!r}")
                continue
            resolved[tool] = resolved_path
        if missing:
            message = "Missing tool binaries: " + ", ".join(missing)
&gt;           raise RuntimeError(message)
E           RuntimeError: Missing tool binaries: scip='scip'

tests/_helpers/tooling_audit.py:89: RuntimeError</error></testcase><testcase classname="tests.ingestion.test_tools" name="test_tool_service_run_scip_full_execution_error" time="0.000"><error message="failed on setup with &quot;RuntimeError: Missing tool binaries: scip='scip'&quot;">@pytest.fixture(scope="session", autouse=True)
    def require_tooling() -&gt; None:
        """Fail fast if required tool binaries are missing."""
&gt;       _require_tooling()

tests/conftest.py:246: 
_ _ _ _ _ _ _ _ _ _ _ _ _ _ _ _ _ _ _ _ _ _ _ _ _ _ _ _ _ _ _ _ _ _ _ _ _ _ _ _ 

tools_config = None

    def require_tooling(tools_config: ToolsConfig | None = None) -&gt; dict[ToolName, Path]:
        """Verify configured tool binaries exist and are executable.
    
        Parameters
        ----------
        tools_config
            Optional explicit ToolsConfig; defaults to ToolsConfig.default().
    
        Returns
        -------
        dict[ToolName, Path]
            Mapping of tool names to resolved executable paths.
    
        Raises
        ------
        RuntimeError
            If any required tool binary is missing or not executable.
        """
        config = tools_config or ToolsConfig.default()
        resolved: dict[ToolName, Path] = {}
        missing: list[str] = []
        for tool in ToolName:
            configured = config.resolve_path(tool)
            candidate = Path(configured)
            if candidate.is_file():
                resolved_path = candidate
            else:
                discovered = shutil.which(configured)
                resolved_path = Path(discovered) if discovered else None
            if resolved_path is None or not os.access(resolved_path, os.X_OK):
                missing.append(f"{tool.value}={configured!r}")
                continue
            resolved[tool] = resolved_path
        if missing:
            message = "Missing tool binaries: " + ", ".join(missing)
&gt;           raise RuntimeError(message)
E           RuntimeError: Missing tool binaries: scip='scip'

tests/_helpers/tooling_audit.py:89: RuntimeError</error></testcase><testcase classname="tests.ingestion.test_tools" name="test_tool_service_run_pyrefly_failure_returns_empty" time="0.001"><error message="failed on setup with &quot;RuntimeError: Missing tool binaries: scip='scip'&quot;">@pytest.fixture(scope="session", autouse=True)
    def require_tooling() -&gt; None:
        """Fail fast if required tool binaries are missing."""
&gt;       _require_tooling()

tests/conftest.py:246: 
_ _ _ _ _ _ _ _ _ _ _ _ _ _ _ _ _ _ _ _ _ _ _ _ _ _ _ _ _ _ _ _ _ _ _ _ _ _ _ _ 

tools_config = None

    def require_tooling(tools_config: ToolsConfig | None = None) -&gt; dict[ToolName, Path]:
        """Verify configured tool binaries exist and are executable.
    
        Parameters
        ----------
        tools_config
            Optional explicit ToolsConfig; defaults to ToolsConfig.default().
    
        Returns
        -------
        dict[ToolName, Path]
            Mapping of tool names to resolved executable paths.
    
        Raises
        ------
        RuntimeError
            If any required tool binary is missing or not executable.
        """
        config = tools_config or ToolsConfig.default()
        resolved: dict[ToolName, Path] = {}
        missing: list[str] = []
        for tool in ToolName:
            configured = config.resolve_path(tool)
            candidate = Path(configured)
            if candidate.is_file():
                resolved_path = candidate
            else:
                discovered = shutil.which(configured)
                resolved_path = Path(discovered) if discovered else None
            if resolved_path is None or not os.access(resolved_path, os.X_OK):
                missing.append(f"{tool.value}={configured!r}")
                continue
            resolved[tool] = resolved_path
        if missing:
            message = "Missing tool binaries: " + ", ".join(missing)
&gt;           raise RuntimeError(message)
E           RuntimeError: Missing tool binaries: scip='scip'

tests/_helpers/tooling_audit.py:89: RuntimeError</error></testcase><testcase classname="tests.tools.test_tool_sandbox_integration" name="test_tool_runner_records_pytest_version[asyncio]" time="0.002"><error message="failed on setup with &quot;RuntimeError: Missing tool binaries: scip='scip'&quot;">self = &lt;Coroutine test_tool_runner_records_pytest_version[asyncio]&gt;

    def setup(self) -&gt; None:
        runner_fixture_id = f"_{self._loop_scope}_scoped_runner"
        if runner_fixture_id not in self.fixturenames:
            self.fixturenames.append(runner_fixture_id)
&gt;       return super().setup()
               ^^^^^^^^^^^^^^^

.venv/lib/python3.13/site-packages/pytest_asyncio/plugin.py:458: 
_ _ _ _ _ _ _ _ _ _ _ _ _ _ _ _ _ _ _ _ _ _ _ _ _ _ _ _ _ _ _ _ _ _ _ _ _ _ _ _ 
tests/conftest.py:246: in require_tooling
    _require_tooling()
_ _ _ _ _ _ _ _ _ _ _ _ _ _ _ _ _ _ _ _ _ _ _ _ _ _ _ _ _ _ _ _ _ _ _ _ _ _ _ _ 

tools_config = None

    def require_tooling(tools_config: ToolsConfig | None = None) -&gt; dict[ToolName, Path]:
        """Verify configured tool binaries exist and are executable.
    
        Parameters
        ----------
        tools_config
            Optional explicit ToolsConfig; defaults to ToolsConfig.default().
    
        Returns
        -------
        dict[ToolName, Path]
            Mapping of tool names to resolved executable paths.
    
        Raises
        ------
        RuntimeError
            If any required tool binary is missing or not executable.
        """
        config = tools_config or ToolsConfig.default()
        resolved: dict[ToolName, Path] = {}
        missing: list[str] = []
        for tool in ToolName:
            configured = config.resolve_path(tool)
            candidate = Path(configured)
            if candidate.is_file():
                resolved_path = candidate
            else:
                discovered = shutil.which(configured)
                resolved_path = Path(discovered) if discovered else None
            if resolved_path is None or not os.access(resolved_path, os.X_OK):
                missing.append(f"{tool.value}={configured!r}")
                continue
            resolved[tool] = resolved_path
        if missing:
            message = "Missing tool binaries: " + ", ".join(missing)
&gt;           raise RuntimeError(message)
E           RuntimeError: Missing tool binaries: scip='scip'

tests/_helpers/tooling_audit.py:89: RuntimeError</error></testcase><testcase classname="tests.ingestion.test_tools" name="test_tool_service_run_pytest_report_execution_error" time="0.001"><error message="failed on setup with &quot;RuntimeError: Missing tool binaries: scip='scip'&quot;">@pytest.fixture(scope="session", autouse=True)
    def require_tooling() -&gt; None:
        """Fail fast if required tool binaries are missing."""
&gt;       _require_tooling()

tests/conftest.py:246: 
_ _ _ _ _ _ _ _ _ _ _ _ _ _ _ _ _ _ _ _ _ _ _ _ _ _ _ _ _ _ _ _ _ _ _ _ _ _ _ _ 

tools_config = None

    def require_tooling(tools_config: ToolsConfig | None = None) -&gt; dict[ToolName, Path]:
        """Verify configured tool binaries exist and are executable.
    
        Parameters
        ----------
        tools_config
            Optional explicit ToolsConfig; defaults to ToolsConfig.default().
    
        Returns
        -------
        dict[ToolName, Path]
            Mapping of tool names to resolved executable paths.
    
        Raises
        ------
        RuntimeError
            If any required tool binary is missing or not executable.
        """
        config = tools_config or ToolsConfig.default()
        resolved: dict[ToolName, Path] = {}
        missing: list[str] = []
        for tool in ToolName:
            configured = config.resolve_path(tool)
            candidate = Path(configured)
            if candidate.is_file():
                resolved_path = candidate
            else:
                discovered = shutil.which(configured)
                resolved_path = Path(discovered) if discovered else None
            if resolved_path is None or not os.access(resolved_path, os.X_OK):
                missing.append(f"{tool.value}={configured!r}")
                continue
            resolved[tool] = resolved_path
        if missing:
            message = "Missing tool binaries: " + ", ".join(missing)
&gt;           raise RuntimeError(message)
E           RuntimeError: Missing tool binaries: scip='scip'

tests/_helpers/tooling_audit.py:89: RuntimeError</error></testcase></testsuite></testsuites>