<?xml version="1.0" encoding="utf-8"?><testsuites name="pytest tests"><testsuite name="pytest" errors="0" failures="0" skipped="0" tests="263" time="1322.695" timestamp="2025-12-21T17:34:02.555666-06:00" hostname="MacBookPro.lan"><testcase classname="tests.cli.test_build_cli.TestBuildStatusHelp" name="test_status_help_shows_description@cli_shared_flags" time="0.117" /><testcase classname="tests.analytics.compute.test_entrypoints_detection" name="test_detector_settings_defaults_and_disable" time="0.004" /><testcase classname="tests._helpers.test_symbol_use_edges" name="test_make_symbol_use_edge_row_infers_same_flags" time="0.003" /><testcase classname="tests._helpers.test_graphs_ast_lookup" name="test_build_ast_map_raises_for_missing_target" time="0.005" /><testcase classname="tests._helpers.test_graphs_ast_lookup" name="test_build_ast_map_handles_functions_and_classes" time="0.007" /><testcase classname="tests.analytics.compute.test_entrypoints_detection" name="test_entrypoint_candidate_kinds[cli_command]" time="0.001" /><testcase classname="tests.analytics.compute.test_entrypoints_detection" name="test_entrypoint_candidate_frameworks[fastapi]" time="0.001" /><testcase classname="tests.analytics.compute.test_entrypoints_detection" name="test_entrypoint_candidate_core_metadata" time="0.001" /><testcase classname="tests.analytics.compute.test_entrypoints_detection" name="test_import_context_immutability" time="0.001" /><testcase classname="tests.analytics.compute.test_entrypoints_detection" name="test_entrypoint_candidate_frameworks[click]" time="0.001" /><testcase classname="tests.analytics.compute.test_entrypoints_detection" name="test_entrypoint_candidate_frameworks[flask]" time="0.001" /><testcase classname="tests.analytics.compute.test_entrypoints_detection" name="test_entrypoint_candidate_frameworks[typer]" time="0.001" /><testcase classname="tests.analytics.compute.test_entrypoints_detection" name="test_entrypoint_candidate_frameworks[celery]" time="0.001" /><testcase classname="tests.analytics.compute.test_entrypoints_detection" name="test_entrypoint_candidate_frameworks[airflow]" time="0.001" /><testcase classname="tests.analytics.compute.test_entrypoints_detection" name="test_entrypoint_candidate_frameworks[django]" time="0.002" /><testcase classname="tests.analytics.compute.test_entrypoints_detection" name="test_entrypoint_candidate_frameworks[None]" time="0.001" /><testcase classname="tests.analytics.compute.test_entrypoints_detection" name="test_detect_entrypoints_basic_behaviors" time="0.002" /><testcase classname="tests.analytics.compute.test_entrypoints_detection" name="test_detects_click_typer_and_generic_routes" time="0.003" /><testcase classname="tests.analytics.compute.test_entrypoints_detection" name="test_detects_fastapi_and_flask_routes" time="0.003" /><testcase classname="tests.analytics.compute.test_entrypoints_detection" name="test_detect_entrypoints_emits_snippet_evidence" time="0.001" /><testcase classname="tests.analytics.compute.test_evidence_collection" name="test_evidence_sample_from_ast_and_to_dict" time="0.001" /><testcase classname="tests.analytics.compute.test_evidence_collection" name="test_evidence_collector_deduplicates_and_caps" time="0.001" /><testcase classname="tests.analytics.compute.test_evidence_collection" name="test_validate_evidence_samples_errors" time="0.001" /><testcase classname="tests.analytics.compute.test_evidence_collection" name="test_evidence_collector_caps_and_retains_details" time="0.001" /><testcase classname="tests.analytics.compute.test_evidence_collection" name="test_evidence_collector_add_from_ast_and_extend" time="0.001" /><testcase classname="tests.analytics.compute.test_graphs_centrality" name="test_metrics_create_all_fields" time="0.002" /><testcase classname="tests.analytics.compute.test_graphs_centrality" name="test_metrics_is_frozen" time="0.001" /><testcase classname="tests.analytics.compute.test_graphs_centrality" name="test_pagerank_empty_graph" time="0.003" /><testcase classname="tests.analytics.compute.test_graphs_centrality" name="test_pagerank_simple_chain" time="0.193" /><testcase classname="tests.analytics.compute.test_graphs_centrality" name="test_pagerank_single_node" time="0.193" /><testcase classname="tests.analytics.compute.test_graphs_centrality" name="test_pagerank_cycle_equal" time="0.188" /><testcase classname="tests.cli.test_build_cli.TestBuildStatusHelp" name="test_status_help_shows_options@cli_shared_flags" time="0.019" /><testcase classname="tests.cli.test_build_cli.TestBuildStatusCommand" name="test_status_json_output_structure@cli_shared_flags" time="0.015" /><testcase classname="tests.cli.test_build_cli.TestBuildStatusCommand" name="test_status_invalid_module@cli_shared_flags" time="0.009" /><testcase classname="tests.cli.test_build_cli.TestBuildRunHelp" name="test_run_help_shows_description@cli_shared_flags" time="0.056" /><testcase classname="tests.cli.test_build_cli.TestBuildRunHelp" name="test_run_help_shows_options@cli_shared_flags" time="0.054" /><testcase classname="tests.analytics.compute.test_graphs_centrality" name="test_pagerank_realistic_call_graph" time="0.002" /><testcase classname="tests.analytics.compute.test_graphs_centrality" name="test_pagerank_star_hub_low" time="0.002" /><testcase classname="tests.analytics.compute.test_graphs_centrality" name="test_pagerank_reverse_star_hub_high" time="0.003" /><testcase classname="tests.analytics.compute.test_graphs_centrality" name="test_pagerank_custom_alpha" time="0.004" /><testcase classname="tests.analytics.compute.test_graphs_centrality" name="test_pagerank_custom_max_iter" time="0.002" /><testcase classname="tests.analytics.compute.test_graphs_centrality" name="test_pagerank_custom_tolerance" time="0.003" /><testcase classname="tests.analytics.compute.test_graphs_centrality" name="test_pagerank_disconnected_components" time="0.002" /><testcase classname="tests.analytics.compute.test_graphs_centrality" name="test_pagerank_sums_to_one" time="0.003" /><testcase classname="tests.analytics.compute.test_graphs_centrality" name="test_pagerank_values_are_floats" time="0.002" /><testcase classname="tests.cli.test_build_cli.TestBuildRunValidation" name="test_run_no_targets_no_module_error@cli_shared_flags" time="0.029" /><testcase classname="tests.analytics.compute.test_graphs_centrality" name="test_pagerank_keys_match_nodes" time="0.003" /><testcase classname="tests.analytics.compute.test_graphs_centrality" name="test_betweenness_chain_middle_nodes_high" time="0.001" /><testcase classname="tests.analytics.compute.test_graphs_centrality" name="test_betweenness_empty_graph" time="0.001" /><testcase classname="tests.analytics.compute.test_graphs_centrality" name="test_betweenness_star_hub_high" time="0.001" /><testcase classname="tests.analytics.compute.test_graphs_centrality" name="test_betweenness_cycle_equal" time="0.001" /><testcase classname="tests.analytics.compute.test_graphs_centrality" name="test_betweenness_unnormalized" time="0.001" /><testcase classname="tests.analytics.compute.test_graphs_centrality" name="test_betweenness_single_node_zero" time="0.003" /><testcase classname="tests.analytics.compute.test_graphs_centrality" name="test_betweenness_sampled_with_k" time="0.001" /><testcase classname="tests.analytics.compute.test_graphs_centrality" name="test_betweenness_normalized" time="0.001" /><testcase classname="tests.analytics.compute.test_graphs_centrality" name="test_betweenness_disconnected_components" time="0.001" /><testcase classname="tests.analytics.compute.test_graphs_centrality" name="test_betweenness_realistic_call_graph" time="0.001" /><testcase classname="tests.analytics.compute.test_graphs_centrality" name="test_betweenness_values_are_floats" time="0.001" /><testcase classname="tests.analytics.compute.test_graphs_centrality" name="test_both_metrics_same_nodes" time="0.002" /><testcase classname="tests.analytics.compute.test_graphs_centrality" name="test_betweenness_keys_match_nodes" time="0.001" /><testcase classname="tests.analytics.compute.test_graphs_centrality" name="test_centrality_directed_logs_eigen_warning" time="0.006" /><testcase classname="tests.analytics.compute.test_graphs_centrality" name="test_metrics_identify_different_importance" time="0.002" /><testcase classname="tests.cli.test_build_cli.TestBuildRunValidation" name="test_run_invalid_module@cli_shared_flags" time="0.022" /><testcase classname="tests.analytics.compute.test_graphs_centrality" name="test_dense_graph_metrics" time="0.001" /><testcase classname="tests.analytics.compute.test_graphs_centrality" name="test_centrality_undirected_logs_structural_warning" time="0.009" /><testcase classname="tests.analytics.compute.test_graphs_centrality" name="test_centrality_undirected_logs_eigen_warning" time="0.005" /><testcase classname="tests.analytics.compute.test_graphs_conversions.TestToDecimalId" name="test_converts_integers[None-None]" time="0.004" /><testcase classname="tests.analytics.compute.test_graphs_conversions.TestToDecimalId" name="test_converts_integers[456-expected2]" time="0.002" /><testcase classname="tests.analytics.compute.test_graphs_conversions.TestToDecimalId" name="test_converts_integers[123-expected1]" time="0.005" /><testcase classname="tests.analytics.compute.test_graphs_conversions.TestToDecimalId" name="test_converts_integers[0-expected3]" time="0.005" /><testcase classname="tests.analytics.compute.test_graphs_conversions.TestToDecimalId" name="test_converts_integers[-1-expected4]" time="0.005" /><testcase classname="tests.cli.test_build_cli.TestBuildRunValidation" name="test_run_unknown_target@cli_shared_flags" time="0.026" /><testcase classname="tests.analytics.compute.test_graphs_conversions.TestToDecimalId" name="test_converts_string_integers[0-expected2]" time="0.006" /><testcase classname="tests.analytics.compute.test_graphs_conversions.TestToDecimalId" name="test_converts_string_integers[123-expected0]" time="0.001" /><testcase classname="tests.analytics.compute.test_graphs_conversions.TestToDecimalId" name="test_converts_string_integers[456-expected1]" time="0.001" /><testcase classname="tests.analytics.compute.test_graphs_conversions.TestToDecimalId" name="test_converts_decimal_input" time="0.002" /><testcase classname="tests.analytics.compute.test_graphs_conversions.TestToDecimalId" name="test_handles_large_integers" time="0.002" /><testcase classname="tests.analytics.compute.test_graphs_conversions.TestNormalizeDecimalId" name="test_returns_none_for_none" time="0.001" /><testcase classname="tests.analytics.compute.test_graphs_conversions.TestNormalizeDecimalId" name="test_passes_through_integers[0-0]" time="0.001" /><testcase classname="tests.analytics.compute.test_graphs_conversions.TestNormalizeDecimalId" name="test_passes_through_integers[123-123]" time="0.002" /><testcase classname="tests.analytics.compute.test_graphs_conversions.TestNormalizeDecimalId" name="test_passes_through_integers[-1--1]" time="0.002" /><testcase classname="tests.analytics.compute.test_graphs_conversions.TestNormalizeDecimalId" name="test_converts_decimal_to_int[input_val2--456]" time="0.001" /><testcase classname="tests.cli.test_build_cli.TestBuildRunValidation" name="test_run_conflicting_selection_flags@cli_shared_flags" time="0.030" /><testcase classname="tests.analytics.compute.test_graphs_conversions.TestNormalizeDecimalId" name="test_converts_decimal_to_int[input_val3-999999999999999999]" time="0.001" /><testcase classname="tests.analytics.compute.test_graphs_conversions.TestNormalizeDecimalId" name="test_converts_decimal_to_int[input_val0-123]" time="0.001" /><testcase classname="tests.analytics.compute.test_graphs_conversions.TestNormalizeDecimalId" name="test_decodes_bytes[456-456]" time="0.001" /><testcase classname="tests.analytics.compute.test_graphs_conversions.TestNormalizeDecimalId" name="test_converts_decimal_to_int[input_val1-0]" time="0.001" /><testcase classname="tests.analytics.compute.test_graphs_conversions.TestNormalizeDecimalId" name="test_decodes_bytes[123-123]" time="0.001" /><testcase classname="tests.analytics.compute.test_graphs_conversions.TestNormalizeDecimalId" name="test_decodes_bytes[0-0]" time="0.001" /><testcase classname="tests.analytics.compute.test_graphs_conversions.TestNormalizeDecimalId" name="test_decodes_bytearray[input_val0-123]" time="0.001" /><testcase classname="tests.analytics.compute.test_graphs_conversions.TestNormalizeDecimalId" name="test_decodes_bytearray[input_val1-789]" time="0.001" /><testcase classname="tests.analytics.compute.test_graphs_conversions.TestNormalizeDecimalId" name="test_returns_none_for_invalid_bytes" time="0.002" /><testcase classname="tests.analytics.compute.test_graphs_conversions.TestNormalizeDecimalId" name="test_returns_none_for_non_numeric_bytes" time="0.001" /><testcase classname="tests.analytics.compute.test_graphs_conversions.TestNormalizeDecimalId" name="test_converts_string[123-123]" time="0.001" /><testcase classname="tests.analytics.compute.test_graphs_conversions.TestNormalizeDecimalId" name="test_converts_float_via_string" time="0.001" /><testcase classname="tests.analytics.compute.test_graphs_conversions.TestNormalizeDecimalId" name="test_returns_none_for_unconvertible" time="0.001" /><testcase classname="tests.analytics.compute.test_graphs_conversions.TestNormalizeDecimalId" name="test_converts_string[456-456]" time="0.001" /><testcase classname="tests.analytics.compute.test_graphs_conversions.TestNormalizeNodeId" name="test_returns_none_for_none" time="0.001" /><testcase classname="tests.analytics.compute.test_graphs_conversions.TestNormalizeNodeId" name="test_converts_decimal_to_int[input_val0-123]" time="0.001" /><testcase classname="tests.analytics.compute.test_graphs_conversions.TestNormalizeNodeId" name="test_converts_numeric_types[123-123]" time="0.001" /><testcase classname="tests.cli.test_build_cli.TestBuildAppStructure" name="test_build_help_shows_commands@cli_shared_flags" time="0.016" /><testcase classname="tests.analytics.compute.test_graphs_conversions.TestNormalizeNodeId" name="test_converts_decimal_to_int[input_val1-999999999999]" time="0.001" /><testcase classname="tests.analytics.compute.test_graphs_conversions.TestNormalizeNodeId" name="test_converts_numeric_types[456.0-456]" time="0.001" /><testcase classname="tests.analytics.compute.test_graphs_conversions.TestNormalizeNodeId" name="test_converts_numeric_types[0.0-0]" time="0.001" /><testcase classname="tests.analytics.compute.test_graphs_conversions.TestNormalizeNodeId" name="test_converts_digit_strings[123-123]" time="0.001" /><testcase classname="tests.analytics.compute.test_graphs_conversions.TestNormalizeNodeId" name="test_converts_digit_strings[0-0]" time="0.001" /><testcase classname="tests.analytics.compute.test_graphs_conversions.TestNormalizeNodeId" name="test_converts_digit_strings[456-456]" time="0.001" /><testcase classname="tests.analytics.compute.test_graphs_conversions.TestNormalizeNodeId" name="test_preserves_non_digit_strings[module.function-module.function]" time="0.001" /><testcase classname="tests.analytics.compute.test_graphs_conversions.TestNormalizeNodeId" name="test_preserves_non_digit_strings[func_name-func_name]" time="0.001" /><testcase classname="tests.analytics.compute.test_graphs_conversions.TestNormalizeNodeId" name="test_preserves_non_digit_strings[123abc-123abc]" time="0.001" /><testcase classname="tests.analytics.compute.test_graphs_conversions.TestSafeFloat" name="test_returns_none_for_none" time="0.001" /><testcase classname="tests.analytics.compute.test_graphs_conversions.TestSafeFloat" name="test_passes_through_floats[1.5-1.5]" time="0.001" /><testcase classname="tests.analytics.compute.test_graphs_conversions.TestNormalizeNodeId" name="test_raises_on_float_infinity" time="0.001" /><testcase classname="tests.analytics.compute.test_graphs_conversions.TestSafeFloat" name="test_passes_through_floats[0.0-0.0]" time="0.001" /><testcase classname="tests.cli.test_build_cli.TestBuildAppStructure" name="test_build_no_args_shows_help@cli_shared_flags" time="0.013" /><testcase classname="tests.analytics.compute.test_graphs_conversions.TestSafeFloat" name="test_converts_decimal[input_val0-1.5]" time="0.002" /><testcase classname="tests.analytics.compute.test_graphs_conversions.TestSafeFloat" name="test_passes_through_floats[-3.14--3.14]" time="0.001" /><testcase classname="tests.analytics.compute.test_graphs_conversions.TestSafeFloat" name="test_converts_decimal[input_val1-0.0]" time="0.003" /><testcase classname="tests.analytics.compute.test_graphs_conversions.TestSafeFloat" name="test_converts_decimal[input_val2--3.14]" time="0.001" /><testcase classname="tests.analytics.compute.test_graphs_conversions.TestSafeFloat" name="test_converts_string[1.5-1.5]" time="0.002" /><testcase classname="tests.analytics.compute.test_graphs_conversions.TestSafeFloat" name="test_converts_string[-3.14--3.14]" time="0.001" /><testcase classname="tests.analytics.compute.test_graphs_conversions.TestLogEmptyGraph" name="test_logs_for_empty_graph" time="0.002" /><testcase classname="tests.analytics.compute.test_graphs_conversions.TestSafeFloat" name="test_converts_string[0.0-0.0]" time="0.002" /><testcase classname="tests.analytics.compute.test_graphs_conversions.TestSafeFloat" name="test_returns_none_for_invalid" time="0.000" /><testcase classname="tests.cli.test_build_cli.TestModuleOption" name="test_valid_module_names[ingestion]@cli_shared_flags" time="0.022" /><testcase classname="tests.analytics.compute.test_graphs_conversions.TestLogEmptyGraph" name="test_no_log_for_nonempty_graph" time="0.002" /><testcase classname="tests.analytics.compute.test_graphs_conversions.TestLogProjectionSkipped" name="test_logs_info" time="0.002" /><testcase classname="tests.analytics.compute.test_graphs_conversions.TestLogEmptyGraph" name="test_works_with_digraph" time="0.001" /><testcase classname="tests.analytics.compute.test_graphs_conversions.TestLogProjectionSkipped" name="test_logs_with_different_reasons" time="0.002" /><testcase classname="tests.analytics.compute.test_graphs_conversions.TestIntegrationScenarios" name="test_roundtrip_decimal_normalization" time="0.000" /><testcase classname="tests.analytics.compute.test_graphs_conversions.TestIntegrationScenarios" name="test_graph_node_id_normalization" time="0.001" /><testcase classname="tests.analytics.compute.test_graphs_statistics" name="test_statistics_create_all_fields" time="0.001" /><testcase classname="tests.analytics.compute.test_graphs_conversions.TestIntegrationScenarios" name="test_safe_float_for_metrics" time="0.001" /><testcase classname="tests.analytics.compute.test_graphs_statistics" name="test_statistics_is_frozen" time="0.001" /><testcase classname="tests.analytics.compute.test_graphs_statistics" name="test_stats_empty_graph" time="0.002" /><testcase classname="tests.analytics.compute.test_graphs_statistics" name="test_stats_single_node" time="0.002" /><testcase classname="tests.analytics.compute.test_graphs_statistics" name="test_stats_simple_dag_is_dag" time="0.002" /><testcase classname="tests.analytics.compute.test_graphs_statistics" name="test_stats_cycle_is_not_dag" time="0.003" /><testcase classname="tests.analytics.compute.test_graphs_statistics" name="test_stats_density_calculation" time="0.001" /><testcase classname="tests.analytics.compute.test_graphs_statistics" name="test_stats_node_and_edge_counts" time="0.001" /><testcase classname="tests.analytics.compute.test_graphs_statistics" name="test_stats_multiple_components" time="0.001" /><testcase classname="tests.analytics.compute.test_graphs_statistics" name="test_stats_strongly_connected_graph" time="0.001" /><testcase classname="tests.analytics.compute.test_graphs_statistics" name="test_in_degrees_empty_graph" time="0.001" /><testcase classname="tests.analytics.compute.test_graphs_statistics" name="test_stats_realistic_call_graph" time="0.001" /><testcase classname="tests.cli.test_build_cli.TestModuleOption" name="test_valid_module_names[graphs]@cli_shared_flags" time="0.050" /><testcase classname="tests.analytics.compute.test_graphs_statistics" name="test_stats_average_degrees" time="0.002" /><testcase classname="tests.analytics.compute.test_graphs_statistics" name="test_out_degrees_empty_graph" time="0.001" /><testcase classname="tests.analytics.compute.test_graphs_statistics" name="test_in_degrees_simple_chain" time="0.001" /><testcase classname="tests.analytics.compute.test_graphs_statistics" name="test_out_degrees_simple_chain" time="0.001" /><testcase classname="tests.analytics.compute.test_graphs_statistics" name="test_in_degrees_star_graph" time="0.001" /><testcase classname="tests.analytics.compute.test_graphs_statistics" name="test_out_degrees_star_graph" time="0.000" /><testcase classname="tests.analytics.compute.test_graphs_statistics" name="test_degrees_simple_path" time="0.001" /><testcase classname="tests.analytics.compute.test_graphs_statistics" name="test_degrees_triangle" time="0.001" /><testcase classname="tests.analytics.compute.test_graphs_statistics" name="test_degrees_empty_graph" time="0.001" /><testcase classname="tests.analytics.compute.test_graphs_statistics" name="test_in_degree_values_empty_graph" time="0.001" /><testcase classname="tests.analytics.compute.test_graphs_statistics" name="test_out_degree_values_only" time="0.001" /><testcase classname="tests.analytics.compute.test_graphs_statistics" name="test_in_degree_values_only" time="0.001" /><testcase classname="tests.analytics.compute.test_graphs_statistics" name="test_out_degree_values_empty_graph" time="0.002" /><testcase classname="tests.analytics.compute.test_graphs_statistics" name="test_degree_values_only" time="0.001" /><testcase classname="tests.analytics.compute.test_graphs_statistics" name="test_degree_values_empty_graph" time="0.002" /><testcase classname="tests.analytics.compute.test_graphs_statistics" name="test_various_graph_sizes" time="0.001" /><testcase classname="tests.analytics.compute.test_graphs_statistics" name="test_statistics_consistency" time="0.001" /><testcase classname="tests.analytics.compute.test_graphs_wrappers" name="test_centrality_wrappers_and_neighbor_stats" time="0.008" /><testcase classname="tests.analytics.compute.test_graphs_wrappers" name="test_structural_metrics_and_paths" time="0.010" /><testcase classname="tests.analytics.compute.test_graphs_statistics" name="test_degree_functions_match_statistics" time="0.001" /><testcase classname="tests.analytics.compute.test_graphs_wrappers" name="test_dfg_helpers_and_metrics" time="0.004" /><testcase classname="tests.analytics.compute.test_graphs_wrappers" name="test_component_metadata_and_global_stats" time="0.004" /><testcase classname="tests.analytics.compute.test_graphs_wrappers" name="test_cfg_helpers_and_metrics" time="0.006" /><testcase classname="tests.analytics.compute.test_graphs_wrappers" name="test_projection_metrics_and_degrees" time="0.006" /><testcase classname="tests.analytics.compute.test_profiles" name="test_aggregates_default_values" time="0.000" /><testcase classname="tests.analytics.compute.test_profiles" name="test_aggregate_empty_metrics" time="0.001" /><testcase classname="tests.analytics.compute.test_profiles" name="test_aggregate_single_function" time="0.001" /><testcase classname="tests.analytics.compute.test_profiles" name="test_aggregates_custom_values" time="0.000" /><testcase classname="tests.analytics.compute.test_profiles" name="test_metric_create" time="0.001" /><testcase classname="tests.analytics.compute.test_profiles" name="test_aggregate_typedness_counts" time="0.001" /><testcase classname="tests.analytics.compute.test_profiles" name="test_aggregate_complexity_buckets" time="0.000" /><testcase classname="tests.analytics.compute.test_profiles" name="test_aggregate_average_typedness" time="0.001" /><testcase classname="tests.cli.test_build_cli.TestModuleOption" name="test_valid_module_names[analytics]@cli_shared_flags" time="0.032" /><testcase classname="tests.analytics.compute.test_profiles" name="test_aggregate_multiple_functions" time="0.001" /><testcase classname="tests.analytics.compute.test_profiles" name="test_aggregate_realistic_codebase" time="0.001" /><testcase classname="tests.analytics.compute.test_profiles" name="test_stats_empty_aggregates" time="0.000" /><testcase classname="tests.analytics.compute.test_profiles" name="test_stats_all_typed" time="0.001" /><testcase classname="tests.analytics.compute.test_profiles" name="test_stats_mixed_typedness" time="0.001" /><testcase classname="tests.analytics.compute.test_profiles" name="test_stats_avg_loc" time="0.001" /><testcase classname="tests.analytics.compute.test_profiles" name="test_stats_all_present" time="0.001" /><testcase classname="tests.analytics.compute.test_profiles" name="test_features_is_frozen" time="0.001" /><testcase classname="tests.analytics.compute.test_profiles" name="test_features_create" time="0.001" /><testcase classname="tests.analytics.compute.test_profiles" name="test_extract_small_simple_typed" time="0.001" /><testcase classname="tests.analytics.compute.test_profiles" name="test_extract_medium_moderate_partial" time="0.000" /><testcase classname="tests.analytics.compute.test_profiles" name="test_extract_large_complex_untyped" time="0.000" /><testcase classname="tests.analytics.compute.test_profiles" name="test_quality_score_weights" time="0.001" /><testcase classname="tests.analytics.compute.test_profiles" name="test_quality_score_bounds" time="0.002" /><testcase classname="tests.analytics.compute.test_profiles" name="test_threshold_constants" time="0.000" /><testcase classname="tests.analytics.compute.test_profiles" name="test_size_boundary_medium_large" time="0.001" /><testcase classname="tests.analytics.compute.test_profiles" name="test_typedness_boundary" time="0.001" /><testcase classname="tests.analytics.compute.test_profiles" name="test_complexity_boundary" time="0.008" /><testcase classname="tests.analytics.compute.test_profiles" name="test_aggregate_then_extract" time="0.005" /><testcase classname="tests.analytics.compute.test_profiles" name="test_size_boundary_small_medium" time="0.006" /><testcase classname="tests.analytics.compute.test_profiles" name="test_realistic_codebase_features" time="0.001" /><testcase classname="tests.analytics.compute.test_profiles" name="test_complexity_normalization" time="0.001" /><testcase classname="tests.analytics.compute.test_row_builders.TestMergeComponentMetadata" name="test_returns_computed_when_no_cache" time="0.001" /><testcase classname="tests.cli.test_build_cli.TestDryRun" name="test_dry_run_flag_recognized@cli_shared_flags" time="0.056" /><testcase classname="tests.analytics.compute.test_row_builders.TestMergeComponentMetadata" name="test_overlays_cached_values" time="0.001" /><testcase classname="tests.analytics.compute.test_row_builders.TestBuildFunctionGraphMetricRows" name="test_builds_empty_list_for_no_nodes" time="0.001" /><testcase classname="tests.analytics.compute.test_row_builders.TestBuildFunctionGraphMetricRows" name="test_builds_rows_for_nodes" time="0.001" /><testcase classname="tests.analytics.compute.test_row_builders.TestBuildSubsystemGraphRows" name="test_builds_rows_for_subsystems" time="0.001" /><testcase classname="tests.analytics.compute.test_row_builders.TestBuildSymbolRows" name="test_builds_module_rows" time="0.001" /><testcase classname="tests.analytics.compute.test_row_builders.TestRowBuildersImport" name="test_import_from_row_builders_package" time="0.001" /><testcase classname="tests.analytics.compute.test_semantic_roles" name="test_context_name_property" time="0.001" /><testcase classname="tests.analytics.compute.test_semantic_roles" name="test_context_name_simple" time="0.001" /><testcase classname="tests.analytics.compute.test_semantic_roles" name="test_context_rel_path_lower" time="0.001" /><testcase classname="tests.analytics.compute.test_semantic_roles" name="test_context_module_lower_none" time="0.000" /><testcase classname="tests.analytics.compute.test_semantic_roles" name="test_context_module_lower" time="0.001" /><testcase classname="tests.analytics.compute.test_semantic_roles" name="test_accumulator_bump_accumulates" time="0.001" /><testcase classname="tests.analytics.compute.test_semantic_roles" name="test_accumulator_bump_single" time="0.002" /><testcase classname="tests.analytics.compute.test_semantic_roles" name="test_context_tag_strings" time="0.001" /><testcase classname="tests.analytics.compute.test_semantic_roles" name="test_accumulator_bump_with_framework" time="0.000" /><testcase classname="tests.analytics.compute.test_semantic_roles" name="test_accumulator_finalize_empty" time="0.000" /><testcase classname="tests.analytics.compute.test_semantic_roles" name="test_accumulator_framework_first_wins" time="0.001" /><testcase classname="tests.analytics.compute.test_semantic_roles" name="test_accumulator_finalize_below_threshold" time="0.001" /><testcase classname="tests.analytics.compute.test_semantic_roles" name="test_accumulator_finalize_above_threshold" time="0.001" /><testcase classname="tests.analytics.compute.test_semantic_roles" name="test_classify_test_function" time="0.001" /><testcase classname="tests.analytics.compute.test_semantic_roles" name="test_accumulator_finalize_caps_confidence" time="0.001" /><testcase classname="tests.analytics.compute.test_semantic_roles" name="test_accumulator_finalize_picks_highest" time="0.001" /><testcase classname="tests.analytics.compute.test_semantic_roles" name="test_classify_test_prefix" time="0.001" /><testcase classname="tests.analytics.compute.test_semantic_roles" name="test_classify_pytest_fixture" time="0.001" /><testcase classname="tests.analytics.compute.test_semantic_roles" name="test_classify_flask_route" time="0.001" /><testcase classname="tests.analytics.compute.test_semantic_roles" name="test_classify_api_handler" time="0.001" /><testcase classname="tests.analytics.compute.test_semantic_roles" name="test_classify_cli_click" time="0.001" /><testcase classname="tests.analytics.compute.test_semantic_roles" name="test_classify_cli_typer" time="0.001" /><testcase classname="tests.analytics.compute.test_semantic_roles" name="test_classify_cli_path" time="0.001" /><testcase classname="tests.analytics.compute.test_semantic_roles" name="test_classify_service" time="0.001" /><testcase classname="tests.analytics.compute.test_semantic_roles" name="test_classify_validator" time="0.001" /><testcase classname="tests.analytics.compute.test_semantic_roles" name="test_classify_repository" time="0.001" /><testcase classname="tests.analytics.compute.test_semantic_roles" name="test_classify_validator_by_name[validate]" time="0.001" /><testcase classname="tests.analytics.compute.test_semantic_roles" name="test_classify_validator_by_name[check]" time="0.001" /><testcase classname="tests.analytics.compute.test_semantic_roles" name="test_classify_validator_by_name[ensure]" time="0.001" /><testcase classname="tests.analytics.compute.test_semantic_roles" name="test_classify_validator_by_name[assert]" time="0.001" /><testcase classname="tests.analytics.compute.test_semantic_roles" name="test_classify_config_loader" time="0.001" /><testcase classname="tests.analytics.compute.test_semantic_roles" name="test_classify_helper" time="0.001" /><testcase classname="tests.analytics.compute.test_semantic_roles" name="test_classify_module_tags" time="0.001" /><testcase classname="tests.analytics.compute.test_semantic_roles" name="test_classify_returns_signals" time="0.001" /><testcase classname="tests.analytics.compute.test_semantic_roles" name="test_classify_other" time="0.001" /><testcase classname="tests.analytics.compute.test_semantic_roles" name="test_modules_classify_empty" time="0.000" /><testcase classname="tests.analytics.compute.test_semantic_roles" name="test_modules_classify_from_tags" time="0.001" /><testcase classname="tests.analytics.compute.test_semantic_roles" name="test_modules_classify_from_functions" time="0.001" /><testcase classname="tests.analytics.compute.test_semantic_roles" name="test_modules_classify_ignores_other" time="0.001" /><testcase classname="tests.analytics.compute.test_semantic_roles" name="test_modules_classify_below_threshold" time="0.000" /><testcase classname="tests.analytics.compute.test_semantic_roles" name="test_decorator_names_empty" time="0.000" /><testcase classname="tests.analytics.compute.test_semantic_roles" name="test_modules_classify_multiple" time="0.001" /><testcase classname="tests.cli.test_build_cli.TestForceOption" name="test_force_flag_recognized@cli_shared_flags" time="0.061" /><testcase classname="tests.analytics.compute.test_semantic_roles" name="test_decorator_names_simple" time="0.001" /><testcase classname="tests.analytics.compute.test_semantic_roles" name="test_decorator_names_call" time="0.001" /><testcase classname="tests.analytics.compute.test_semantic_roles" name="test_decorator_names_attribute" time="0.001" /><testcase classname="tests.analytics.compute.test_semantic_roles" name="test_decorator_names_multiple" time="0.001" /><testcase classname="tests.analytics.compute.test_semantic_roles" name="test_constants_service_fan_thresholds_positive" time="0.001" /><testcase classname="tests.analytics.compute.test_semantic_roles" name="test_constants_role_threshold_positive" time="0.000" /><testcase classname="tests.analytics.functions.test_function_contracts" name="test_condition_context_creation" time="0.001" /><testcase classname="tests.analytics.compute.test_semantic_roles" name="test_constants_helper_loc_threshold_positive" time="0.001" /><testcase classname="tests.analytics.functions.test_function_contracts" name="test_condition_context_immutable" time="0.002" /><testcase classname="tests.analytics.functions.test_function_contracts" name="test_condition_context_with_none_line" time="0.001" /><testcase classname="tests.cli.test_build_cli.TestJsonOutput" name="test_json_flag_recognized_on_status@cli_shared_flags" time="0.047" /><testcase classname="tests.cli.test_build_cli.TestJsonOutput" name="test_json_flag_recognized_on_run@cli_shared_flags" time="0.046" /></testsuite></testsuites>