<?xml version="1.0" encoding="utf-8"?><testsuites name="pytest tests"><testsuite name="pytest" errors="0" failures="0" skipped="0" tests="3" time="6.679" timestamp="2025-12-13T18:03:25.128795-05:00" hostname="paul-X870-AORUS-ELITE-WIFI7"><testcase classname="tests.analytics.test_public_exports" name="test_history_module_exports" time="0.001" /><testcase classname="tests.analytics.test_public_exports" name="test_functions_module_exports" time="0.001" /><testcase classname="tests.analytics.test_public_exports" name="test_graphs_module_exports" time="0.001" /></testsuite></testsuites>