<?xml version="1.0" encoding="utf-8"?><testsuites name="pytest tests"><testsuite name="pytest" errors="0" failures="0" skipped="0" tests="11" time="15.117" timestamp="2025-12-04T16:59:22.280655-05:00" hostname="paul-X870-AORUS-ELITE-WIFI7"><testcase classname="tests.mcp.test_backend" name="test_dataset_list_includes_function_validation" time="6.432" /><testcase classname="tests.mcp.test_backend" name="test_read_dataset_rows_unknown" time="6.444" /><testcase classname="tests.mcp.test_backend" name="test_get_function_summary" time="6.453" /><testcase classname="tests.mcp.test_backend" name="test_get_tests_for_function" time="6.453" /><testcase classname="tests.mcp.test_backend" name="test_function_validation_clamping" time="6.464" /><testcase classname="tests.mcp.test_backend" name="test_dataset_rows_clamping" time="6.466" /><testcase classname="tests.mcp.test_backend" name="test_read_function_validation_dataset" time="6.475" /><testcase classname="tests.mcp.test_backend" name="test_get_function_summary_invalid" time="6.479" /><testcase classname="tests.mcp.test_backend" name="test_get_tests_for_function_invalid" time="6.480" /><testcase classname="tests.mcp.test_backend" name="test_tests_for_function_not_found" time="6.490" /><testcase classname="tests.mcp.test_backend" name="test_callgraph_direction_validation" time="6.493" /></testsuite></testsuites>