<?xml version="1.0" encoding="utf-8"?><testsuites name="pytest tests"><testsuite name="pytest" errors="1" failures="0" skipped="0" tests="1" time="16.655" timestamp="2025-12-10T22:54:12.136314-05:00" hostname="paul-X870-AORUS-ELITE-WIFI7"><testcase classname="tests.cli.test_storage_command" name="test_storage_validate_macros_success" time="4.404"><error message="failed on setup with &quot;ibis.common.exceptions.TableNotFound: analytics.goid_risk_factors&quot;">.venv/lib/python3.13/site-packages/ibis/backends/duckdb/__init__.py:317: in get_schema
    result = self.con.sql(query)
             ^^^^^^^^^^^^^^^^^^^
E   _duckdb.CatalogException: Catalog Error: Table with name analytics.goid_risk_factors does not exist!
E   Did you mean "pg_constraint"?

During handling of the above exception, another exception occurred:
tests/cli/conftest.py:60: in cli_project_ctx
    ctx = create_cli_project(tmp_path, repo="demo/repo", commit="deadbeef")
          ^^^^^^^^^^^^^^^^^^^^^^^^^^^^^^^^^^^^^^^^^^^^^^^^^^^^^^^^^^^^^^^^^
tests/_helpers/cli_project.py:73: in create_cli_project
    gateway = gateway_pkg.open_gateway(gateway_pkg.StorageConfig.for_ingest(db_path))
              ^^^^^^^^^^^^^^^^^^^^^^^^^^^^^^^^^^^^^^^^^^^^^^^^^^^^^^^^^^^^^^^^^^^^^^^
src/codeintel/storage/gateway/factory.py:58: in open_gateway
    create_all_ibis_views(gateway)
src/codeintel/storage/views/ibis_views.py:275: in create_all_ibis_views
    create_docs_function_summary_view(gateway)
src/codeintel/storage/views/ibis_views.py:123: in create_docs_function_summary_view
    rf: it.Table = con.table("analytics.goid_risk_factors")
                   ^^^^^^^^^^^^^^^^^^^^^^^^^^^^^^^^^^^^^^^^
.venv/lib/python3.13/site-packages/ibis/backends/duckdb/__init__.py:275: in table
    table_schema = self.get_schema(name, catalog=catalog, database=database)
                   ^^^^^^^^^^^^^^^^^^^^^^^^^^^^^^^^^^^^^^^^^^^^^^^^^^^^^^^^^
.venv/lib/python3.13/site-packages/ibis/backends/duckdb/__init__.py:319: in get_schema
    raise exc.TableNotFound(table_name)
E   ibis.common.exceptions.TableNotFound: analytics.goid_risk_factors</error></testcase></testsuite></testsuites>