<?xml version="1.0" encoding="utf-8"?><testsuites name="pytest tests"><testsuite name="pytest" errors="0" failures="8" skipped="1" tests="1361" time="83.374" timestamp="2025-12-12T20:44:20.175027-05:00" hostname="paul-X870-AORUS-ELITE-WIFI7"><testcase classname="tests.analytics.subsystems.test_affinity" name="test_seed_labels_from_tags_basic" time="0.001" /><testcase classname="tests.analytics.test_dependencies" name="test_severity_scores_constant" time="0.001" /><testcase classname="tests.architecture.test_ibis_only_queries" name="test_no_raw_sql_in_application_code" time="0.052" /><testcase classname="tests.analytics.compute.test_profiles" name="test_extract_large_complex_untyped" time="0.001" /><testcase classname="tests.analytics.adapters.test_functions_adapter" name="test_function_goid_from_row_null_end_line" time="0.001" /><testcase classname="tests.analytics.functions.test_function_contracts" name="test_condition_context_with_none_line" time="0.001" /><testcase classname="tests.analytics.adapters.test_functions_adapter" name="test_function_goid_from_row_normalizes_path" time="0.000" /><testcase classname="tests.analytics.test_graph_runtime" name="test_bipartite_degrees_weight_and_centrality" time="0.003" /><testcase classname="tests.analytics.adapters.test_dependencies_adapter" name="test_to_decimal_converts_int" time="0.001" /><testcase classname="tests.analytics.adapters.test_dependencies_adapter" name="test_to_decimal_handles_zero" time="0.000" /><testcase classname="tests.cli.execution.test_registry" name="test_registry_unregister_missing" time="0.002" /><testcase classname="tests.analytics.plugins.test_function_metrics_metadata.TestFunctionMetricsMetadata" name="test_metadata_tables" time="0.002" /><testcase classname="tests.analytics.plugins.test_function_metrics_metadata.TestFunctionMetricsPluginOptionsIntegration" name="test_default_options_without_resolver" time="0.000" /><testcase classname="tests._helpers.test_graphs_ast_lookup" name="test_build_ast_map_handles_functions_and_classes" time="0.003" /><testcase classname="tests.analytics.compute.test_graphs_conversions.TestToDecimalId" name="test_converts_integers[123-expected1]" time="0.002" /><testcase classname="tests.analytics.compute.test_graphs_conversions.TestToDecimalId" name="test_converts_integers[456-expected2]" time="0.001" /><testcase classname="tests.analytics.resources.test_resource_registry" name="test_resource_registry_get_by_name" time="0.001" /><testcase classname="tests.analytics.resources.test_resource_registry" name="test_resource_registry_get_by_name_custom" time="0.000" /><testcase classname="tests.analytics.resources.test_resource_registry" name="test_resource_registry_get_by_name_not_found" time="0.001" /><testcase classname="tests.analytics.test_tests_profiles_unit" name="test_importance_guardrails_and_monotonicity" time="0.001" /><testcase classname="tests.analytics.test_tests_profiles_unit" name="test_importance_and_flakiness_scoring" time="0.000" /><testcase classname="tests.analytics.test_tests_profiles_unit" name="test_build_test_profile_rows_round_trip" time="0.001" /><testcase classname="tests.cli.execution.test_registry" name="test_registry_clear" time="0.001" /><testcase classname="tests.analytics.compute.test_semantic_roles" name="test_classify_validator_by_name[validate]" time="0.002" /><testcase classname="tests.cli.handlers.test_docs" name="test_docs_validate_result_with_issues" time="0.002" /><testcase classname="tests.cli.handlers.test_docs" name="test_export_mode_values" time="0.001" /><testcase classname="tests.analytics.test_ast_metrics" name="test_file_churn_line_counts[100-0]" time="0.002" /><testcase classname="tests.analytics.test_ast_metrics" name="test_file_churn_line_counts[0-100]" time="0.001" /><testcase classname="tests.analytics.test_ast_metrics" name="test_file_churn_line_counts[50-50]" time="0.001" /><testcase classname="tests.analytics.test_ast_metrics" name="test_file_churn_line_counts[1000-500]" time="0.001" /><testcase classname="tests.analytics.functions.test_function_effects" name="test_effect_analysis_io_effect" time="0.001" /><testcase classname="tests.analytics.functions.test_function_effects" name="test_effect_analysis_db_effect" time="0.000" /><testcase classname="tests.analytics.functions.test_function_effects" name="test_effect_analysis_time_effect" time="0.000" /><testcase classname="tests.analytics.functions.test_function_effects" name="test_effect_analysis_randomness_effect" time="0.000" /><testcase classname="tests.analytics.functions.test_function_effects" name="test_effect_analysis_global_modification" time="0.000" /><testcase classname="tests.analytics.functions.test_function_effects" name="test_effect_analysis_closure_modification" time="0.000" /><testcase classname="tests.analytics.compute.test_graphs_conversions.TestNormalizeNodeId" name="test_preserves_non_digit_strings[module.function-module.function]" time="0.002" /><testcase classname="tests.analytics.compute.test_graphs_conversions.TestNormalizeNodeId" name="test_preserves_non_digit_strings[123abc-123abc]" time="0.001" /><testcase classname="tests.analytics.compute.test_graphs_conversions.TestNormalizeNodeId" name="test_raises_on_float_infinity" time="0.001" /><testcase classname="tests._helpers.test_graphs_ast_lookup" name="test_build_ast_map_raises_for_missing_target" time="0.001" /><testcase classname="tests.analytics.compute.test_graphs_statistics" name="test_out_degrees_simple_chain" time="0.002" /><testcase classname="tests.analytics.compute.test_graphs_statistics" name="test_out_degrees_star_graph" time="0.000" /><testcase classname="tests.analytics.compute.test_graphs_statistics" name="test_degrees_empty_graph" time="0.001" /><testcase classname="tests.analytics.compute.test_graphs_statistics" name="test_degrees_simple_path" time="0.000" /><testcase classname="tests.analytics.compute.test_graphs_statistics" name="test_degrees_triangle" time="0.000" /><testcase classname="tests.analytics.compute.test_graphs_statistics" name="test_in_degree_values_empty_graph" time="0.000" /><testcase classname="tests.analytics.compute.test_graphs_statistics" name="test_in_degree_values_only" time="0.000" /><testcase classname="tests.analytics.compute.test_graphs_statistics" name="test_out_degree_values_empty_graph" time="0.001" /><testcase classname="tests.analytics.plugins.test_function_metrics_metadata.TestFunctionMetricsPluginOptionsIntegration" name="test_options_with_profile_config" time="0.000" /><testcase classname="tests.analytics.plugins.test_function_metrics_metadata.TestFunctionMetricsPluginOptionsIntegration" name="test_dynamic_overrides" time="0.001" /><testcase classname="tests.analytics.plugins.test_function_metrics_metadata.TestFunctionMetricsPluginMetadataProperty" name="test_metadata_property_returns_plugin_metadata" time="0.000" /><testcase classname="tests.analytics.plugins.test_function_metrics_metadata.TestFunctionMetricsPluginMetadataProperty" name="test_core_metadata_property" time="0.000" /><testcase classname="tests.analytics.plugins.test_function_metrics_metadata.TestFunctionMetricsPluginResolverInjection" name="test_resolver_property_round_trip" time="0.000" /><testcase classname="tests.analytics.plugins.test_functions_effects_plugin" name="test_function_effects_plugin_detects_transitive_effects" time="3.239"><failure message="AttributeError: module 'ibis' has no attribute 'isnull'. . Did you mean: 'null'?">tmp_path = PosixPath('/tmp/pytest-of-paul/pytest-3/popen-gw11/test_function_effects_plugin_d0')

    def test_function_effects_plugin_detects_transitive_effects(
        tmp_path: Path,
    ) -&gt; None:
        """FunctionEffectsPlugin should mark direct and transitive side effects."""
        with plugin_harness_with_packs(tmp_path, CORE_PACK) as harness:
            _seed_effect_sources(harness.ctx.repo_root)
            catalog_provider = _make_catalog(harness.ctx.repo, harness.ctx.commit)
            ensure_catalog_with_goids(harness.ctx, catalog_provider)
    
            engine = build_graph_engine_double(
                harness.ctx.gateway,
                harness.ctx.snapshot,
                call_graph=_call_graph(),
            )
            runtime = GraphRuntime(
                options=GraphRuntimeOptions(snapshot=harness.ctx.snapshot),
                engine=engine,
            )
            resources = TargetResourceOverrides(catalog=catalog_provider, graph_runtime=runtime)
&gt;           result = harness.execute_plugin(FunctionEffectsPlugin(), resources=resources)
                     ^^^^^^^^^^^^^^^^^^^^^^^^^^^^^^^^^^^^^^^^^^^^^^^^^^^^^^^^^^^^^^^^^^^^

tests/analytics/plugins/test_functions_effects_plugin.py:105: 
_ _ _ _ _ _ _ _ _ _ _ _ _ _ _ _ _ _ _ _ _ _ _ _ _ _ _ _ _ _ _ _ _ _ _ _ _ _ _ _ 
tests/_helpers/harnesses/analytics.py:69: in execute_plugin
    return builder.execute_plugin(plugin, parameters=parameters, resources=resources)
           ^^^^^^^^^^^^^^^^^^^^^^^^^^^^^^^^^^^^^^^^^^^^^^^^^^^^^^^^^^^^^^^^^^^^^^^^^^
tests/_helpers/fakes/contexts.py:551: in execute_plugin
    return asyncio.run(
../.local/share/uv/python/cpython-3.13.9-linux-x86_64-gnu/lib/python3.13/asyncio/runners.py:195: in run
    return runner.run(main)
           ^^^^^^^^^^^^^^^^
../.local/share/uv/python/cpython-3.13.9-linux-x86_64-gnu/lib/python3.13/asyncio/runners.py:118: in run
    return self._loop.run_until_complete(task)
           ^^^^^^^^^^^^^^^^^^^^^^^^^^^^^^^^^^^
../.local/share/uv/python/cpython-3.13.9-linux-x86_64-gnu/lib/python3.13/asyncio/base_events.py:725: in run_until_complete
    return future.result()
           ^^^^^^^^^^^^^^^
tests/_helpers/fakes/contexts.py:523: in execute_plugin_async
    return await plugin.execute(ctx)
           ^^^^^^^^^^^^^^^^^^^^^^^^^
src/codeintel/analytics/plugins/functions/effects.py:109: in execute
    compute_function_effects(ctx.gateway, cfg, inputs=inputs)
src/codeintel/analytics/functions/__init__.py:114: in compute_function_effects
    return func(gateway, cfg, inputs=inputs)
           ^^^^^^^^^^^^^^^^^^^^^^^^^^^^^^^^^
src/codeintel/analytics/functions/function_effects.py:171: in compute_function_effects
    rows = _build_effect_rows(inputs=effect_inputs, now=datetime.now(tz=UTC))
           ^^^^^^^^^^^^^^^^^^^^^^^^^^^^^^^^^^^^^^^^^^^^^^^^^^^^^^^^^^^^^^^^^^
src/codeintel/analytics/functions/function_effects.py:222: in _build_effect_rows
    unresolved_calls = _unresolved_call_counts(inputs.gateway, inputs.cfg.repo, inputs.cfg.commit)
                       ^^^^^^^^^^^^^^^^^^^^^^^^^^^^^^^^^^^^^^^^^^^^^^^^^^^^^^^^^^^^^^^^^^^^^^^^^^^
src/codeintel/analytics/functions/function_effects.py:324: in _unresolved_call_counts
    ibis.isnull(edges.callee_goid_h128),
    ^^^^^^^^^^^
.venv/lib/python3.13/site-packages/ibis/__init__.py:142: in __getattr__
    return load_backend(name)
           ^^^^^^^^^^^^^^^^^^
_ _ _ _ _ _ _ _ _ _ _ _ _ _ _ _ _ _ _ _ _ _ _ _ _ _ _ _ _ _ _ _ _ _ _ _ _ _ _ _ 

name = 'isnull'

    def load_backend(name: str) -&gt; BaseBackend:
        """Load backends in a lazy way with `ibis.&lt;backend-name&gt;`.
    
        This also registers the backend options.
    
        Examples
        --------
        &gt;&gt;&gt; import ibis
        &gt;&gt;&gt; con = ibis.sqlite.connect(...)
    
        When accessing the `sqlite` attribute of the `ibis` module, this function
        is called, and a backend with the `sqlite` name is tried to load from
        the `ibis.backends` entrypoints. If successful, the `ibis.sqlite`
        attribute is "cached", so this function is only called the first time.
    
        """
    
        entry_points = {ep for ep in util.backend_entry_points() if ep.name == name}
    
        if not entry_points:
            msg = f"module 'ibis' has no attribute '{name}'. "
            if name in _KNOWN_BACKENDS:
                msg += f"""If you are trying to access the '{name}' backend,
                        try installing it first with `pip install 'ibis-framework[{name}]'`"""
&gt;           raise AttributeError(msg)
E           AttributeError: module 'ibis' has no attribute 'isnull'. . Did you mean: 'null'?

.venv/lib/python3.13/site-packages/ibis/__init__.py:66: AttributeError</failure></testcase><testcase classname="tests.analytics.compute.test_graphs_statistics" name="test_out_degree_values_only" time="0.000" /><testcase classname="tests.analytics.compute.test_graphs_statistics" name="test_degree_values_empty_graph" time="0.000" /><testcase classname="tests.analytics.compute.test_graphs_statistics" name="test_degree_values_only" time="0.000" /><testcase classname="tests.analytics.compute.test_graphs_statistics" name="test_statistics_consistency" time="0.002" /><testcase classname="tests.analytics.compute.test_graphs_statistics" name="test_degree_functions_match_statistics" time="0.001" /><testcase classname="tests.analytics.test_tests_profiles_unit" name="test_build_behavioral_coverage_rows_normalization" time="0.000" /><testcase classname="tests.analytics.adapters.test_dependencies_adapter" name="test_to_decimal_handles_large_int" time="0.000" /><testcase classname="tests.analytics.adapters.test_dependencies_adapter" name="test_dependency_call_row_from_payload_creation" time="0.000" /><testcase classname="tests.analytics.adapters.test_dependencies_adapter" name="test_dependency_call_row_from_payload_goid_is_decimal" time="0.000" /><testcase classname="tests.analytics.adapters.test_dependencies_adapter" name="test_dependency_call_row_from_payload_modes_is_list" time="0.000" /><testcase classname="tests.analytics.adapters.test_dependencies_adapter" name="test_dependency_call_row_from_payload_is_frozen" time="0.001" /><testcase classname="tests.analytics.adapters.test_dependencies_adapter" name="test_dependency_aggregate_row_from_payload_creation" time="0.000" /><testcase classname="tests.analytics.adapters.test_dependencies_adapter" name="test_dependency_aggregate_row_from_payload_optional_fields" time="0.000" /><testcase classname="tests.analytics.adapters.test_dependencies_adapter" name="test_dependency_aggregate_row_from_payload_numeric_fields" time="0.000" /><testcase classname="tests.analytics.adapters.test_dependencies_adapter" name="test_dependency_aggregate_row_from_payload_list_fields" time="0.000" /><testcase classname="tests.analytics.adapters.test_dependencies_adapter" name="test_dependency_aggregate_row_from_payload_is_frozen" time="0.000" /><testcase classname="tests.cli.resolution.test_params" name="test_runtime_params_minimal_factory_no_args" time="0.002" /><testcase classname="tests.cli.resolution.test_params" name="test_runtime_params_from_dict" time="0.001" /><testcase classname="tests.cli.resolution.test_params" name="test_runtime_params_to_dict" time="0.000" /><testcase classname="tests.cli.resolution.test_params" name="test_runtime_params_from_cyclopts" time="0.001" /><testcase classname="tests.cli.resolution.test_params" name="test_runtime_params_immutable" time="0.001" /><testcase classname="tests.cli.services.test_context" name="test_build_creates_context" time="0.002" /><testcase classname="tests.cli.services.test_context" name="test_with_params_sets_params" time="0.001" /><testcase classname="tests.cli.services.test_context" name="test_with_output_format" time="0.001" /><testcase classname="tests.cli.services.test_context" name="test_with_verbosity" time="0.001" /><testcase classname="tests.cli.services.test_context" name="test_with_operation_id" time="0.001" /><testcase classname="tests.analytics.resources.test_resource_registry" name="test_resource_registry_has_by_name" time="0.000" /><testcase classname="tests.analytics.resources.test_resource_registry" name="test_resource_registry_require" time="0.000" /><testcase classname="tests.analytics.resources.test_resource_registry" name="test_resource_registry_require_not_found" time="0.000" /><testcase classname="tests.analytics.resources.test_resource_registry" name="test_resource_registry_require_by_name" time="0.000" /><testcase classname="tests.analytics.resources.test_resource_registry" name="test_resource_registry_require_or_none" time="0.000" /><testcase classname="tests.analytics.resources.test_resource_registry" name="test_resource_registry_require_or_none_not_found" time="0.000" /><testcase classname="tests.analytics.resources.test_resource_registry" name="test_resource_registry_require_or_none_not_loaded" time="0.000" /><testcase classname="tests.analytics.resources.test_resource_registry" name="test_resource_registry_invalidate_specific" time="0.001" /><testcase classname="tests.analytics.compute.test_graphs_conversions.TestToDecimalId" name="test_converts_integers[0-expected3]" time="0.001" /><testcase classname="tests.analytics.compute.test_graphs_conversions.TestToDecimalId" name="test_converts_integers[-1-expected4]" time="0.001" /><testcase classname="tests.analytics.compute.test_graphs_conversions.TestToDecimalId" name="test_converts_string_integers[123-expected0]" time="0.001" /><testcase classname="tests.analytics.compute.test_graphs_conversions.TestToDecimalId" name="test_converts_string_integers[456-expected1]" time="0.001" /><testcase classname="tests.analytics.compute.test_graphs_conversions.TestToDecimalId" name="test_converts_string_integers[0-expected2]" time="0.001" /><testcase classname="tests.analytics.compute.test_graphs_conversions.TestToDecimalId" name="test_converts_decimal_input" time="0.000" /><testcase classname="tests.analytics.compute.test_graphs_conversions.TestToDecimalId" name="test_handles_large_integers" time="0.000" /><testcase classname="tests.analytics.compute.test_graphs_conversions.TestNormalizeDecimalId" name="test_returns_none_for_none" time="0.000" /><testcase classname="tests.analytics.compute.test_graphs_conversions.TestNormalizeDecimalId" name="test_passes_through_integers[123-123]" time="0.001" /><testcase classname="tests.analytics.compute.test_graphs_conversions.TestNormalizeDecimalId" name="test_passes_through_integers[0-0]" time="0.001" /><testcase classname="tests.analytics.compute.test_graphs_conversions.TestNormalizeDecimalId" name="test_passes_through_integers[-1--1]" time="0.001" /><testcase classname="tests.analytics.compute.test_graphs_conversions.TestNormalizeDecimalId" name="test_converts_decimal_to_int[input_val0-123]" time="0.001" /><testcase classname="tests.analytics.compute.test_graphs_conversions.TestNormalizeDecimalId" name="test_converts_decimal_to_int[input_val1-0]" time="0.001" /><testcase classname="tests.analytics.compute.test_graphs_conversions.TestNormalizeDecimalId" name="test_converts_decimal_to_int[input_val2--456]" time="0.001" /><testcase classname="tests.analytics.compute.test_graphs_conversions.TestNormalizeDecimalId" name="test_converts_decimal_to_int[input_val3-999999999999999999]" time="0.001" /><testcase classname="tests.analytics.compute.test_graphs_conversions.TestNormalizeDecimalId" name="test_decodes_bytes[123-123]" time="0.001" /><testcase classname="tests.analytics.compute.test_graphs_conversions.TestNormalizeDecimalId" name="test_decodes_bytes[456-456]" time="0.001" /><testcase classname="tests.analytics.compute.test_graphs_conversions.TestNormalizeDecimalId" name="test_decodes_bytes[0-0]" time="0.001" /><testcase classname="tests.analytics.compute.test_graphs_conversions.TestNormalizeDecimalId" name="test_decodes_bytearray[input_val0-123]" time="0.001" /><testcase classname="tests.analytics.adapters.test_functions_adapter" name="test_function_goid_is_frozen" time="0.001" /><testcase classname="tests.cli.contract.test_cli_result_contract" name="test_metadata_preserved" time="0.002" /><testcase classname="tests.cli.contract.test_cli_result_contract" name="test_to_dict_structure" time="0.001" /><testcase classname="tests.cli.contract.test_cli_result_contract" name="test_error_to_dict_structure" time="0.001" /><testcase classname="tests.cli.contract.test_cli_result_contract" name="test_ok_classmethod_creates_success" time="0.000" /><testcase classname="tests.cli.contract.test_cli_result_contract" name="test_fail_classmethod_creates_failure" time="0.001" /><testcase classname="tests.cli.contract.test_cli_result_contract" name="test_fail_with_warnings" time="0.000" /><testcase classname="tests.cli.contract.test_cli_result_contract" name="test_json_serialization_roundtrip" time="0.001" /><testcase classname="tests.cli.contract.test_cli_result_contract" name="test_dataclass_data_serialization" time="0.001" /><testcase classname="tests.cli.contract.test_cli_result_contract" name="test_problem_detail_required_fields" time="0.001" /><testcase classname="tests.cli.contract.test_cli_result_contract" name="test_problem_detail_optional_fields" time="0.000" /><testcase classname="tests.cli.contract.test_cli_result_contract" name="test_full_problem_detail" time="0.000" /><testcase classname="tests.cli.contract.test_cli_result_contract" name="test_to_dict_rfc9457_compliance" time="0.001" /><testcase classname="tests.cli.execution.test_bootstrap.TestBootstrapCli" name="test_returns_config" time="0.004" /><testcase classname="tests.cli.execution.test_bootstrap.TestBootstrapCli" name="test_loads_config_when_not_provided" time="0.002" /><testcase classname="tests.cli.execution.test_bootstrap.TestBootstrapCli" name="test_idempotent_second_call_returns_cached" time="0.003" /><testcase classname="tests.analytics.compute.test_profiles" name="test_extract_medium_moderate_partial" time="0.000" /><testcase classname="tests.analytics.compute.test_profiles" name="test_quality_score_bounds" time="0.000" /><testcase classname="tests.analytics.compute.test_profiles" name="test_quality_score_weights" time="0.000" /><testcase classname="tests.analytics.compute.test_profiles" name="test_threshold_constants" time="0.000" /><testcase classname="tests.analytics.compute.test_profiles" name="test_size_boundary_small_medium" time="0.000" /><testcase classname="tests.analytics.compute.test_profiles" name="test_size_boundary_medium_large" time="0.000" /><testcase classname="tests.analytics.compute.test_profiles" name="test_complexity_boundary" time="0.000" /><testcase classname="tests.analytics.compute.test_profiles" name="test_typedness_boundary" time="0.000" /><testcase classname="tests.analytics.compute.test_profiles" name="test_complexity_normalization" time="0.000" /><testcase classname="tests.analytics.compute.test_profiles" name="test_aggregate_then_extract" time="0.000" /><testcase classname="tests.analytics.compute.test_profiles" name="test_realistic_codebase_features" time="0.000" /><testcase classname="tests.analytics.compute.test_semantic_roles" name="test_context_name_property" time="0.000" /><testcase classname="tests.analytics.compute.test_semantic_roles" name="test_context_name_simple" time="0.000" /><testcase classname="tests.analytics.test_graph_runtime" name="test_bounded_simple_path_count_caps_results" time="0.002" /><testcase classname="tests.analytics.compute.test_graphs_conversions.TestSafeFloat" name="test_returns_none_for_none" time="0.000" /><testcase classname="tests.analytics.compute.test_graphs_conversions.TestSafeFloat" name="test_passes_through_floats[1.5-1.5]" time="0.001" /><testcase classname="tests.analytics.compute.test_graphs_conversions.TestSafeFloat" name="test_passes_through_floats[0.0-0.0]" time="0.001" /><testcase classname="tests.analytics.compute.test_graphs_conversions.TestSafeFloat" name="test_passes_through_floats[-3.14--3.14]" time="0.001" /><testcase classname="tests.analytics.compute.test_graphs_conversions.TestSafeFloat" name="test_converts_decimal[input_val0-1.5]" time="0.001" /><testcase classname="tests.analytics.compute.test_graphs_conversions.TestSafeFloat" name="test_converts_decimal[input_val1-0.0]" time="0.001" /><testcase classname="tests.analytics.compute.test_graphs_conversions.TestSafeFloat" name="test_converts_decimal[input_val2--3.14]" time="0.001" /><testcase classname="tests.analytics.compute.test_graphs_conversions.TestSafeFloat" name="test_converts_string[1.5-1.5]" time="0.001" /><testcase classname="tests.analytics.compute.test_graphs_conversions.TestSafeFloat" name="test_converts_string[0.0-0.0]" time="0.001" /><testcase classname="tests.analytics.compute.test_graphs_conversions.TestSafeFloat" name="test_converts_string[-3.14--3.14]" time="0.001" /><testcase classname="tests.analytics.compute.test_graphs_statistics" name="test_various_graph_sizes" time="0.001" /><testcase classname="tests.analytics.compute.test_graphs_wrappers" name="test_centrality_wrappers_and_neighbor_stats" time="0.076" /><testcase classname="tests.analytics.compute.test_evidence_collection" name="test_evidence_collector_add_from_ast_and_extend" time="0.002" /><testcase classname="tests.analytics.compute.test_evidence_collection" name="test_evidence_collector_caps_and_retains_details" time="0.000" /><testcase classname="tests.analytics.compute.test_evidence_collection" name="test_validate_evidence_samples_errors" time="0.001" /><testcase classname="tests.analytics.compute.test_graphs_centrality" name="test_metrics_create_all_fields" time="0.000" /><testcase classname="tests.analytics.compute.test_graphs_centrality" name="test_metrics_is_frozen" time="0.000" /><testcase classname="tests.analytics.compute.test_graphs_centrality" name="test_pagerank_empty_graph" time="0.001" /><testcase classname="tests.analytics.compute.test_graphs_centrality" name="test_pagerank_single_node" time="0.069" /><testcase classname="tests.analytics.compute.test_graphs_conversions.TestSafeFloat" name="test_returns_none_for_invalid" time="0.000" /><testcase classname="tests.analytics.compute.test_graphs_conversions.TestLogEmptyGraph" name="test_logs_for_empty_graph" time="0.002" /><testcase classname="tests.analytics.compute.test_graphs_conversions.TestLogEmptyGraph" name="test_no_log_for_nonempty_graph" time="0.001" /><testcase classname="tests.analytics.compute.test_graphs_conversions.TestLogEmptyGraph" name="test_works_with_digraph" time="0.001" /><testcase classname="tests.analytics.compute.test_graphs_conversions.TestLogProjectionSkipped" name="test_logs_info" time="0.001" /><testcase classname="tests.analytics.compute.test_graphs_conversions.TestLogProjectionSkipped" name="test_logs_with_different_reasons" time="0.001" /><testcase classname="tests.analytics.compute.test_graphs_conversions.TestIntegrationScenarios" name="test_roundtrip_decimal_normalization" time="0.001" /><testcase classname="tests.analytics.compute.test_graphs_conversions.TestIntegrationScenarios" name="test_graph_node_id_normalization" time="0.001" /><testcase classname="tests.analytics.compute.test_graphs_conversions.TestIntegrationScenarios" name="test_safe_float_for_metrics" time="0.001" /><testcase classname="tests.analytics.resources.test_resource_registry" name="test_resource_registry_invalidate_all" time="0.000" /><testcase classname="tests.analytics.resources.test_resource_registry" name="test_resource_registry_invalidate_not_registered" time="0.000" /><testcase classname="tests.analytics.resources.test_resource_registry" name="test_resource_registry_clear" time="0.000" /><testcase classname="tests.analytics.resources.test_resource_registry" name="test_resource_registry_registered_types" time="0.000" /><testcase classname="tests.analytics.resources.test_resource_registry" name="test_resource_not_found_error" time="0.000" /><testcase classname="tests.analytics.resources.test_resource_registry" name="test_resource_not_loaded_error" time="0.000" /><testcase classname="tests.analytics.resources.test_resource_registry" name="test_resource_not_loaded_error_no_reason" time="0.000" /><testcase classname="tests.analytics.resources.test_resource_registry" name="test_resource_error_hierarchy" time="0.000" /><testcase classname="tests.analytics.resources.test_resource_registry" name="test_mock_provider_protocol_compliance" time="0.000" /><testcase classname="tests.analytics.resources.test_resource_registry" name="test_resource_registry_multiple_registrations" time="0.000" /><testcase classname="tests.analytics.subsystems.test_affinity" name="test_parse_tags_none" time="0.001" /><testcase classname="tests.analytics.subsystems.test_affinity" name="test_parse_tags_json_list" time="0.000" /><testcase classname="tests.analytics.subsystems.test_affinity" name="test_parse_tags_json_single_value" time="0.000" /><testcase classname="tests.analytics.subsystems.test_affinity" name="test_parse_tags_plain_string" time="0.000" /><testcase classname="tests.analytics.subsystems.test_affinity" name="test_seed_labels_from_tags_empty_tags_skipped" time="0.000" /><testcase classname="tests.analytics.subsystems.test_affinity" name="test_seed_labels_from_tags_none_first_tag_skipped" time="0.000" /><testcase classname="tests.analytics.subsystems.test_affinity" name="test_label_propagation_nx_preserves_seeds" time="0.001" /><testcase classname="tests.analytics.subsystems.test_affinity" name="test_label_propagation_nx_propagates_to_neighbors" time="0.000" /><testcase classname="tests.analytics.subsystems.test_affinity" name="test_label_propagation_nx_selects_heaviest_neighbor" time="0.000" /><testcase classname="tests.analytics.subsystems.test_affinity" name="test_label_propagation_nx_isolated_nodes_keep_fallback" time="0.000" /><testcase classname="tests.analytics.subsystems.test_affinity" name="test_reassign_small_clusters_no_change_when_all_large" time="0.000" /><testcase classname="tests.analytics.subsystems.test_affinity" name="test_reassign_small_clusters_min_size_one_no_change" time="0.000" /><testcase classname="tests.analytics.compute.test_semantic_roles" name="test_classify_validator_by_name[check]" time="0.001" /><testcase classname="tests.analytics.compute.test_semantic_roles" name="test_classify_validator_by_name[ensure]" time="0.001" /><testcase classname="tests.analytics.compute.test_semantic_roles" name="test_classify_validator_by_name[assert]" time="0.001" /><testcase classname="tests.analytics.compute.test_semantic_roles" name="test_classify_config_loader" time="0.001" /><testcase classname="tests.analytics.compute.test_semantic_roles" name="test_classify_helper" time="0.001" /><testcase classname="tests.analytics.compute.test_semantic_roles" name="test_classify_module_tags" time="0.001" /><testcase classname="tests.analytics.compute.test_semantic_roles" name="test_classify_returns_signals" time="0.001" /><testcase classname="tests.analytics.compute.test_semantic_roles" name="test_classify_other" time="0.001" /><testcase classname="tests.analytics.compute.test_semantic_roles" name="test_modules_classify_empty" time="0.000" /><testcase classname="tests.analytics.compute.test_semantic_roles" name="test_modules_classify_from_tags" time="0.000" /><testcase classname="tests.analytics.compute.test_semantic_roles" name="test_modules_classify_from_functions" time="0.001" /><testcase classname="tests.analytics.compute.test_semantic_roles" name="test_modules_classify_ignores_other" time="0.000" /><testcase classname="tests.analytics.compute.test_semantic_roles" name="test_modules_classify_below_threshold" time="0.000" /><testcase classname="tests.analytics.compute.test_semantic_roles" name="test_modules_classify_multiple" time="0.000" /><testcase classname="tests.analytics.compute.test_semantic_roles" name="test_decorator_names_empty" time="0.000" /><testcase classname="tests.analytics.compute.test_semantic_roles" name="test_decorator_names_simple" time="0.001" /><testcase classname="tests.analytics.compute.test_semantic_roles" name="test_decorator_names_attribute" time="0.000" /><testcase classname="tests.analytics.compute.test_semantic_roles" name="test_decorator_names_call" time="0.001" /><testcase classname="tests.analytics.compute.test_semantic_roles" name="test_decorator_names_multiple" time="0.001" /><testcase classname="tests.analytics.compute.test_semantic_roles" name="test_constants_role_threshold_positive" time="0.000" /><testcase classname="tests.analytics.compute.test_semantic_roles" name="test_constants_service_fan_thresholds_positive" time="0.000" /><testcase classname="tests.cli.services.test_context" name="test_has_runtime_without_config" time="0.001" /><testcase classname="tests.cli.services.test_context" name="test_has_storage_without_config" time="0.001" /><testcase classname="tests.cli.services.test_context" name="test_has_serving_without_config" time="0.001" /><testcase classname="tests.cli.services.test_context" name="test_runtime_raises_without_config" time="0.001" /><testcase classname="tests.cli.services.test_context" name="test_storage_raises_without_config" time="0.001" /><testcase classname="tests.cli.services.test_context" name="test_serving_raises_without_config" time="0.001" /><testcase classname="tests.cli.services.test_context" name="test_with_storage_enables_runtime" time="0.002" /><testcase classname="tests.cli.services.test_jobs" name="test_default_uses_global_manager" time="0.001" /><testcase classname="tests.cli.services.test_jobs" name="test_with_custom_manager" time="0.001" /><testcase classname="tests.cli.services.test_jobs" name="test_with_store" time="0.001" /><testcase classname="tests.cli.services.test_jobs" name="test_list_jobs_delegates" time="0.002" /><testcase classname="tests.cli.services.test_jobs" name="test_get_status_delegates" time="0.002" /><testcase classname="tests.cli.services.test_jobs" name="test_get_output_delegates" time="0.001" /><testcase classname="tests.cli.services.test_jobs" name="test_submit_delegates" time="0.001" /><testcase classname="tests.cli.services.test_jobs" name="test_cancel_delegates" time="0.001" /><testcase classname="tests.cli.services.test_jobs" name="test_cleanup_delegates" time="0.001" /><testcase classname="tests.cli.services.test_jobs" name="test_full_job_lifecycle" time="0.001" /><testcase classname="tests.cli.services.test_params" name="test_get_str_returns_value" time="0.000" /><testcase classname="tests.cli.services.test_params" name="test_get_str_returns_default_when_missing" time="0.000" /><testcase classname="tests.cli.services.test_params" name="test_get_str_converts_non_string" time="0.000" /><testcase classname="tests.cli.services.test_params" name="test_get_str_returns_none_when_missing_no_default" time="0.000" /><testcase classname="tests.analytics.compute.test_graphs_conversions.TestNormalizeDecimalId" name="test_decodes_bytearray[input_val1-789]" time="0.001" /><testcase classname="tests.analytics.compute.test_graphs_conversions.TestNormalizeDecimalId" name="test_returns_none_for_invalid_bytes" time="0.000" /><testcase classname="tests.analytics.compute.test_graphs_conversions.TestNormalizeDecimalId" name="test_returns_none_for_non_numeric_bytes" time="0.000" /><testcase classname="tests.analytics.compute.test_graphs_conversions.TestNormalizeDecimalId" name="test_converts_string[123-123]" time="0.001" /><testcase classname="tests.analytics.compute.test_graphs_conversions.TestNormalizeDecimalId" name="test_converts_string[456-456]" time="0.001" /><testcase classname="tests.analytics.compute.test_graphs_conversions.TestNormalizeDecimalId" name="test_converts_float_via_string" time="0.000" /><testcase classname="tests.analytics.compute.test_graphs_conversions.TestNormalizeDecimalId" name="test_returns_none_for_unconvertible" time="0.000" /><testcase classname="tests.analytics.compute.test_graphs_conversions.TestNormalizeNodeId" name="test_returns_none_for_none" time="0.000" /><testcase classname="tests.analytics.compute.test_graphs_conversions.TestNormalizeNodeId" name="test_converts_decimal_to_int[input_val0-123]" time="0.001" /><testcase classname="tests.analytics.compute.test_graphs_conversions.TestNormalizeNodeId" name="test_converts_decimal_to_int[input_val1-999999999999]" time="0.001" /><testcase classname="tests.analytics.compute.test_graphs_conversions.TestNormalizeNodeId" name="test_converts_numeric_types[123-123]" time="0.001" /><testcase classname="tests.analytics.compute.test_graphs_conversions.TestNormalizeNodeId" name="test_converts_numeric_types[456.0-456]" time="0.001" /><testcase classname="tests.analytics.compute.test_graphs_conversions.TestNormalizeNodeId" name="test_converts_numeric_types[0.0-0]" time="0.001" /><testcase classname="tests.analytics.compute.test_graphs_conversions.TestNormalizeNodeId" name="test_converts_digit_strings[123-123]" time="0.001" /><testcase classname="tests.analytics.compute.test_graphs_conversions.TestNormalizeNodeId" name="test_converts_digit_strings[456-456]" time="0.001" /><testcase classname="tests.analytics.compute.test_graphs_conversions.TestNormalizeNodeId" name="test_converts_digit_strings[0-0]" time="0.001" /><testcase classname="tests.analytics.compute.test_semantic_roles" name="test_constants_helper_loc_threshold_positive" time="0.000" /><testcase classname="tests.analytics.core.test_plugin_registration" name="test_all_plugins_have_names" time="0.001" /><testcase classname="tests.architecture.test_ibis_only_queries" name="test_no_direct_execute_in_application_code" time="0.418" /><testcase classname="tests.analytics.subsystems.test_affinity" name="test_reassign_small_clusters_reassigns_small" time="0.000" /><testcase classname="tests.analytics.subsystems.test_affinity" name="test_best_neighbor_label_no_neighbors" time="0.000" /><testcase classname="tests.analytics.compute.test_graphs_statistics" name="test_statistics_create_all_fields" time="0.000" /><testcase classname="tests.analytics.compute.test_graphs_statistics" name="test_statistics_is_frozen" time="0.001" /><testcase classname="tests.analytics.compute.test_graphs_statistics" name="test_stats_empty_graph" time="0.001" /><testcase classname="tests.analytics.compute.test_graphs_statistics" name="test_stats_single_node" time="0.002" /><testcase classname="tests.analytics.compute.test_graphs_statistics" name="test_stats_simple_dag_is_dag" time="0.001" /><testcase classname="tests.analytics.compute.test_graphs_statistics" name="test_stats_cycle_is_not_dag" time="0.001" /><testcase classname="tests.analytics.compute.test_graphs_statistics" name="test_stats_node_and_edge_counts" time="0.001" /><testcase classname="tests.analytics.compute.test_graphs_statistics" name="test_stats_density_calculation" time="0.001" /><testcase classname="tests.analytics.compute.test_graphs_statistics" name="test_stats_average_degrees" time="0.001" /><testcase classname="tests.analytics.compute.test_graphs_statistics" name="test_stats_multiple_components" time="0.000" /><testcase classname="tests.analytics.compute.test_graphs_statistics" name="test_stats_strongly_connected_graph" time="0.000" /><testcase classname="tests.analytics.compute.test_graphs_statistics" name="test_stats_realistic_call_graph" time="0.001" /><testcase classname="tests.analytics.compute.test_graphs_statistics" name="test_in_degrees_empty_graph" time="0.000" /><testcase classname="tests.analytics.compute.test_graphs_statistics" name="test_in_degrees_simple_chain" time="0.000" /><testcase classname="tests.analytics.compute.test_graphs_statistics" name="test_in_degrees_star_graph" time="0.000" /><testcase classname="tests.analytics.subsystems.test_affinity" name="test_best_neighbor_label_selects_allowed" time="0.000" /><testcase classname="tests.analytics.subsystems.test_affinity" name="test_best_neighbor_label_selects_heaviest" time="0.000" /><testcase classname="tests.analytics.subsystems.test_affinity" name="test_cluster_sizes_map_empty" time="0.000" /><testcase classname="tests.analytics.subsystems.test_affinity" name="test_cluster_sizes_map_counts_clusters" time="0.000" /><testcase classname="tests.cli.commands.test_decorators" name="test_get_path_field_returns_none_for_none_value" time="0.002" /><testcase classname="tests.cli.commands.test_decorators" name="test_command_config_defaults" time="0.001" /><testcase classname="tests.cli.commands.test_decorators" name="test_command_config_is_frozen" time="0.001" /><testcase classname="tests.analytics.testing.profiles.test_builder.TestInferBehaviorTags" name="test_infers_tags_from_markers[markers5-network_interaction]" time="0.002" /><testcase classname="tests.analytics.testing.profiles.test_builder.TestInferBehaviorTags" name="test_infers_tags_from_markers[markers6-network_interaction]" time="0.001" /><testcase classname="tests.analytics.testing.profiles.test_builder.TestInferBehaviorTags" name="test_infers_tags_from_markers[markers7-db_interaction]" time="0.001" /><testcase classname="tests.analytics.testing.profiles.test_builder.TestInferBehaviorTags" name="test_infers_tags_from_markers[markers8-db_interaction]" time="0.001" /><testcase classname="tests.analytics.testing.profiles.test_builder.TestInferBehaviorTags" name="test_infers_network_interaction_from_io_flags" time="0.001" /><testcase classname="tests.analytics.testing.profiles.test_builder.TestInferBehaviorTags" name="test_infers_db_interaction_from_io_flags" time="0.000" /><testcase classname="tests.analytics.testing.profiles.test_builder.TestInferBehaviorTags" name="test_infers_filesystem_interaction_from_io_flags" time="0.000" /><testcase classname="tests.analytics.testing.profiles.test_builder.TestInferBehaviorTags" name="test_infers_process_interaction_from_io_flags" time="0.000" /><testcase classname="tests.analytics.testing.profiles.test_builder.TestInferBehaviorTags" name="test_infers_io_heavy_from_io_bound_property" time="0.000" /><testcase classname="tests.analytics.testing.profiles.test_builder.TestInferBehaviorTags" name="test_infers_error_paths_from_pytest_raises" time="0.000" /><testcase classname="tests.analytics.testing.profiles.test_builder.TestInferBehaviorTags" name="test_infers_concurrency_from_ast_info" time="0.000" /><testcase classname="tests.analytics.testing.profiles.test_builder.TestInferBehaviorTags" name="test_infers_edge_cases_from_boundary_asserts" time="0.000" /><testcase classname="tests.analytics.testing.profiles.test_builder.TestInferBehaviorTags" name="test_combines_tags_from_multiple_sources" time="0.000" /><testcase classname="tests.analytics.testing.profiles.test_builder.TestInferBehaviorTags" name="test_returns_sorted_tags" time="0.000" /><testcase classname="tests.analytics.functions.test_function_effects" name="test_effect_analysis_thread_spawn" time="0.000" /><testcase classname="tests.analytics.functions.test_function_effects" name="test_effect_analysis_multiple_effects" time="0.000" /><testcase classname="tests.cli.execution.test_registry" name="test_registry_contains" time="0.001" /><testcase classname="tests.cli.execution.test_registry" name="test_global_get_registry_returns_same_instance" time="0.001" /><testcase classname="tests.cli.execution.test_registry" name="test_global_reset_creates_new_instance" time="0.001" /><testcase classname="tests.cli.execution.test_registry" name="test_global_register_operation_uses_global" time="0.001" /><testcase classname="tests.cli.execution.test_registry" name="test_global_register_operation_returns_spec" time="0.000" /><testcase classname="tests.cli.execution.test_registry" name="test_filter_by_group" time="0.001" /><testcase classname="tests.cli.execution.test_registry" name="test_filter_by_nonexistent_group" time="0.001" /><testcase classname="tests.cli.execution.test_registry" name="test_include_hidden" time="0.001" /><testcase classname="tests.cli.commands.test_jobs.TestListJobs" name="test_list_all_jobs" time="0.001" /><testcase classname="tests.cli.commands.test_jobs.TestListJobs" name="test_list_filtered_by_status" time="0.001" /><testcase classname="tests.cli.commands.test_jobs.TestListJobs" name="test_list_with_limit" time="0.001" /><testcase classname="tests.cli.commands.test_jobs.TestGetJobStatus" name="test_get_existing_job" time="0.001" /><testcase classname="tests.cli.commands.test_jobs.TestGetJobStatus" name="test_get_nonexistent_job" time="0.001" /><testcase classname="tests.cli.commands.test_jobs.TestGetJobOutput" name="test_get_completed_job_output" time="0.001" /><testcase classname="tests.cli.commands.test_jobs.TestGetJobOutput" name="test_get_running_job_output" time="0.001" /><testcase classname="tests.cli.commands.test_jobs.TestGetJobOutput" name="test_get_nonexistent_job_output" time="0.001" /><testcase classname="tests.cli.commands.test_jobs.TestCancelJob" name="test_cancel_running_job" time="0.001" /><testcase classname="tests.cli.commands.test_jobs.TestCancelJob" name="test_cancel_completed_job" time="0.001" /><testcase classname="tests.cli.commands.test_jobs.TestCleanupJobs" name="test_cleanup_default_age" time="0.001" /><testcase classname="tests.cli.commands.test_jobs.TestCleanupJobs" name="test_cleanup_custom_age" time="0.001" /><testcase classname="tests.cli.commands.test_jobs.TestJobInfoSerialization" name="test_to_dict_omits_none" time="0.000" /><testcase classname="tests.cli.commands.test_jobs.TestJobInfoSerialization" name="test_to_dict_includes_values" time="0.000" /><testcase classname="tests.cli.config.test_config_integration" name="test_make_root_app_uses_config_service" time="0.001" /><testcase classname="tests.cli.config.test_config_integration" name="test_make_root_app_has_expected_properties" time="0.001" /><testcase classname="tests.cli.config.test_config_integration" name="test_env_overrides_file" time="0.003" /><testcase classname="tests.cli.config.test_config_integration" name="test_cli_overrides_env" time="0.001" /><testcase classname="tests.cli.config.test_config_integration" name="test_sources_tracking" time="0.002" /><testcase classname="tests.cli.config.test_config_integration" name="test_default_path_when_no_file" time="0.001" /><testcase classname="tests.cli.config.test_config_integration" name="test_env_override_path" time="0.001" /><testcase classname="tests.cli.config.test_config_integration" name="test_search_default_locations" time="0.001" /><testcase classname="tests.cli.config.test_service" name="test_config_service_load_defaults" time="0.001" /><testcase classname="tests.cli.config.test_service" name="test_config_service_load_with_overrides" time="0.001" /><testcase classname="tests.cli.config.test_service" name="test_config_service_with_overrides" time="0.001" /><testcase classname="tests.analytics.profiles.test_utils.TestIntOrDefault" name="test_returns_default_for_invalid_string" time="0.001" /><testcase classname="tests.analytics.profiles.test_utils.TestIntOrDefault" name="test_returns_int_for_valid_string" time="0.000" /><testcase classname="tests.analytics.compute.test_graphs_centrality" name="test_pagerank_simple_chain" time="0.002" /><testcase classname="tests.analytics.compute.test_graphs_centrality" name="test_pagerank_cycle_equal" time="0.001" /><testcase classname="tests.analytics.compute.test_graphs_centrality" name="test_pagerank_star_hub_low" time="0.001" /><testcase classname="tests.analytics.compute.test_graphs_centrality" name="test_pagerank_reverse_star_hub_high" time="0.002" /><testcase classname="tests.analytics.test_tests_profiles_unit" name="test_infer_behavior_tags_basic" time="0.000" /><testcase classname="tests.analytics.test_tests_profiles_unit" name="test_build_behavior_rows_mixed_sources" time="0.001"><failure message="AttributeError: module 'codeintel.analytics.testing.behavioral.tags' has no attribute 'ensure_schema'">def test_build_behavior_rows_mixed_sources() -&gt; None:
        """Behavior rows should preserve mixed heuristic/LLM metadata without legacy hooks."""
        fake_con = _FakeCon()
        gateway = cast("StorageGateway", SimpleNamespace(con=fake_con))
        _, beh_cfg = _snapshot_cfg()
    
        sample_tests = [
            TestRecord(
                test_id="t1",
                test_goid_h128=None,
                urn=None,
                rel_path="a.py",
                module=None,
                qualname="A::test",
                language="python",
                kind="function",
                status="passed",
                duration_ms=10.0,
                markers=["network"],
                flaky=False,
                start_line=1,
                end_line=5,
            ),
            TestRecord(
                test_id="t2",
                test_goid_h128=None,
                urn=None,
                rel_path="b.py",
                module=None,
                qualname="B::test",
                language="python",
                kind="function",
                status="failed",
                duration_ms=20.0,
                markers=["db", "io"],
                flaky=False,
                start_line=1,
                end_line=5,
            ),
        ]
    
        profile_ctx: Mapping[str, dict[str, object]] = {
            "t1": {"markers": ["network"], "functions_covered": [], "subsystems_covered": []},
            "t2": {"markers": ["db"], "functions_covered": [], "subsystems_covered": []},
        }
        ast_info = {"t1": TestAstInfo(), "t2": TestAstInfo(io_flags=IoFlags(uses_db=True))}
        ctx_seen: dict[str, object] = {}
    
        def _fake_build_behavior_row(
            test: TestRecord, ctx: behavioral_tags.BehavioralContext
        ) -&gt; tuple[object, ...]:
            ctx_seen.setdefault("llm_runner", getattr(ctx, "llm_runner", None))
            tag_source = "llm" if test.test_id == "t2" else "heuristic"
            llm_model = "gpt" if test.test_id == "t2" else None
            llm_run_id = "run-123" if test.test_id == "t2" else None
            tags = ["db"] if test.test_id == "t2" else ["network"]
            return (
                beh_cfg.repo,
                beh_cfg.commit,
                test.test_id,
                None,
                test.rel_path,
                test.qualname or test.test_id,
                tags,
                tag_source,
                beh_cfg.heuristic_version,
                llm_model,
                llm_run_id,
                getattr(ctx, "now", datetime.now(tz=UTC)),
            )
    
        def _fake_llm_runner(_request: BehavioralLLMRequest) -&gt; BehavioralLLMResult:
            return BehavioralLLMResult(tags=["db"])
    
        hooks = behavioral_tags.BehaviorRowHooks(
            load_tests=lambda _con, _cfg: sample_tests,
            build_ast=lambda _root, _tests, _patterns: ast_info,
            load_profile_ctx=lambda _con, _cfg: profile_ctx,
            row_builder=_fake_build_behavior_row,
        )
&gt;       with _override(behavioral_tags, "ensure_schema", lambda _con, _table: None):
             ^^^^^^^^^^^^^^^^^^^^^^^^^^^^^^^^^^^^^^^^^^^^^^^^^^^^^^^^^^^^^^^^^^^^^^

tests/analytics/test_tests_profiles_unit.py:489: 
_ _ _ _ _ _ _ _ _ _ _ _ _ _ _ _ _ _ _ _ _ _ _ _ _ _ _ _ _ _ _ _ _ _ _ _ _ _ _ _ 
../.local/share/uv/python/cpython-3.13.9-linux-x86_64-gnu/lib/python3.13/contextlib.py:141: in __enter__
    return next(self.gen)
           ^^^^^^^^^^^^^^
_ _ _ _ _ _ _ _ _ _ _ _ _ _ _ _ _ _ _ _ _ _ _ _ _ _ _ _ _ _ _ _ _ _ _ _ _ _ _ _ 

obj = &lt;module 'codeintel.analytics.testing.behavioral.tags' from '/home/paul/CodeIntel/src/codeintel/analytics/testing/behavioral/tags.py'&gt;
name = 'ensure_schema'
value = &lt;function test_build_behavior_rows_mixed_sources.&lt;locals&gt;.&lt;lambda&gt; at 0x779987d0f9c0&gt;

    @contextmanager
    def _override(obj: object, name: str, value: object) -&gt; Iterator[None]:
        """Context manager to temporarily override an attribute."""
&gt;       original = getattr(obj, name)
                   ^^^^^^^^^^^^^^^^^^
E       AttributeError: module 'codeintel.analytics.testing.behavioral.tags' has no attribute 'ensure_schema'

tests/analytics/test_tests_profiles_unit.py:67: AttributeError</failure></testcase><testcase classname="tests.analytics.subsystems.test_affinity" name="test_parse_tags_list" time="0.000" /><testcase classname="tests.analytics.subsystems.test_affinity" name="test_parse_tags_other_type" time="0.000" /><testcase classname="tests.analytics.subsystems.test_affinity" name="test_parse_tags_mixed_list" time="0.000" /><testcase classname="tests.analytics.subsystems.test_affinity" name="test_add_graph_weight_new_edge" time="0.001" /><testcase classname="tests.analytics.subsystems.test_affinity" name="test_add_graph_weight_accumulates" time="0.000" /><testcase classname="tests.analytics.subsystems.test_affinity" name="test_add_graph_weight_ignores_self_loop" time="0.000" /><testcase classname="tests.analytics.subsystems.test_affinity" name="test_add_graph_weight_ignores_zero_weight" time="0.000" /><testcase classname="tests.cli.execution.test_bootstrap.TestBootstrapCli" name="test_configures_logging_at_debug" time="0.001" /><testcase classname="tests.cli.execution.test_bootstrap.TestBootstrapCli" name="test_configures_logging_at_info" time="0.001" /><testcase classname="tests.analytics.compute.test_semantic_roles" name="test_context_rel_path_lower" time="0.000" /><testcase classname="tests.analytics.compute.test_semantic_roles" name="test_context_module_lower" time="0.000" /><testcase classname="tests.analytics.compute.test_semantic_roles" name="test_context_module_lower_none" time="0.000" /><testcase classname="tests.analytics.compute.test_semantic_roles" name="test_context_tag_strings" time="0.000" /><testcase classname="tests.analytics.compute.test_semantic_roles" name="test_accumulator_bump_single" time="0.000" /><testcase classname="tests.analytics.compute.test_semantic_roles" name="test_accumulator_bump_accumulates" time="0.000" /><testcase classname="tests.analytics.compute.test_semantic_roles" name="test_accumulator_bump_with_framework" time="0.000" /><testcase classname="tests.analytics.compute.test_semantic_roles" name="test_accumulator_framework_first_wins" time="0.000" /><testcase classname="tests.analytics.compute.test_semantic_roles" name="test_accumulator_finalize_empty" time="0.001" /><testcase classname="tests.analytics.compute.test_semantic_roles" name="test_accumulator_finalize_below_threshold" time="0.000" /><testcase classname="tests.analytics.compute.test_semantic_roles" name="test_accumulator_finalize_above_threshold" time="0.000" /><testcase classname="tests.analytics.compute.test_graphs_centrality" name="test_pagerank_realistic_call_graph" time="0.001" /><testcase classname="tests.analytics.compute.test_graphs_centrality" name="test_pagerank_custom_alpha" time="0.002" /><testcase classname="tests.cli.services.test_params" name="test_get_int_returns_int_value" time="0.000" /><testcase classname="tests.cli.services.test_params" name="test_get_int_parses_string" time="0.000" /><testcase classname="tests.cli.services.test_params" name="test_get_int_returns_default_for_invalid" time="0.000" /><testcase classname="tests.cli.services.test_params" name="test_get_int_returns_default_for_bool" time="0.000" /><testcase classname="tests.cli.services.test_params" name="test_get_bool_returns_bool_value" time="0.000" /><testcase classname="tests.cli.services.test_params" name="test_get_bool_parses_truthy_strings" time="0.000" /><testcase classname="tests.analytics.core.test_plugin_registration" name="test_expected_plugins_are_present" time="0.000" /><testcase classname="tests.analytics.core.test_plugin_registration" name="test_no_duplicate_plugin_names" time="0.000" /><testcase classname="tests.analytics.core.test_plugin_registration" name="test_plugins_have_valid_metadata" time="0.000" /><testcase classname="tests.analytics.core.test_plugin_registration" name="test_plugins_are_target_plugins" time="0.000" /><testcase classname="tests.analytics.core.test_plugin_registration" name="test_specific_plugins_present[function_metrics]" time="0.001" /><testcase classname="tests.analytics.core.test_plugin_registration" name="test_specific_plugins_present[function_ast_features]" time="0.000" /><testcase classname="tests.analytics.core.test_plugin_registration" name="test_specific_plugins_present[coverage_functions]" time="0.000" /><testcase classname="tests.analytics.core.test_plugin_registration" name="test_specific_plugins_present[test_profile]" time="0.000" /><testcase classname="tests.analytics.dependencies.test_dependencies_core" name="test_dependency_calls_and_aggregation" time="3.390" /><testcase classname="tests.analytics.compute.test_semantic_roles" name="test_accumulator_finalize_picks_highest" time="0.000" /><testcase classname="tests.analytics.compute.test_semantic_roles" name="test_accumulator_finalize_caps_confidence" time="0.000" /><testcase classname="tests.analytics.compute.test_semantic_roles" name="test_classify_test_function" time="0.001" /><testcase classname="tests.analytics.compute.test_semantic_roles" name="test_classify_test_prefix" time="0.000" /><testcase classname="tests.analytics.compute.test_semantic_roles" name="test_classify_pytest_fixture" time="0.000" /><testcase classname="tests.analytics.compute.test_semantic_roles" name="test_classify_api_handler" time="0.000" /><testcase classname="tests.analytics.compute.test_semantic_roles" name="test_classify_flask_route" time="0.000" /><testcase classname="tests.analytics.compute.test_semantic_roles" name="test_classify_cli_click" time="0.000" /><testcase classname="tests.analytics.compute.test_semantic_roles" name="test_classify_cli_typer" time="0.000" /><testcase classname="tests.analytics.compute.test_semantic_roles" name="test_classify_cli_path" time="0.000" /><testcase classname="tests.analytics.compute.test_semantic_roles" name="test_classify_repository" time="0.001" /><testcase classname="tests.analytics.compute.test_semantic_roles" name="test_classify_service" time="0.001" /><testcase classname="tests.cli.property.test_validators_property" name="test_max_length_constraint" time="0.002" /><testcase classname="tests.cli.property.test_validators_property" name="test_integers_validate_correctly" time="0.001" /><testcase classname="tests.cli.property.test_validators_property" name="test_min_value_constraint" time="0.001" /><testcase classname="tests.cli.property.test_validators_property" name="test_max_value_constraint" time="0.000" /><testcase classname="tests.cli.property.test_validators_property" name="test_unknown_keys_handled" time="0.024" /><testcase classname="tests.cli.property.test_validators_property" name="test_boolean_config_values[True]" time="0.018" /><testcase classname="tests.cli.property.test_validators_property" name="test_boolean_config_values[False]" time="0.013" /><testcase classname="tests.cli.property.test_validators_property" name="test_ok_result_is_valid" time="0.001" /><testcase classname="tests.cli.property.test_validators_property" name="test_fail_result_is_invalid" time="0.001" /><testcase classname="tests.cli.property.test_validators_property" name="test_empty_errors_means_valid" time="0.000" /><testcase classname="tests.cli.rendering.test_service" name="test_render_message_text" time="0.001" /><testcase classname="tests.cli.rendering.test_service" name="test_render_message_json" time="0.001" /><testcase classname="tests.cli.rendering.test_service" name="test_render_table_text" time="0.000" /><testcase classname="tests.cli.rendering.test_service" name="test_render_table_json" time="0.000" /><testcase classname="tests.cli.rendering.test_service" name="test_render_table_empty" time="0.000" /><testcase classname="tests.cli.rendering.test_service" name="test_render_error_text" time="0.000" /><testcase classname="tests.cli.rendering.test_service" name="test_render_error_json" time="0.000" /><testcase classname="tests.cli.rendering.test_service" name="test_render_result_success" time="0.000" /><testcase classname="tests.cli.rendering.test_service" name="test_render_result_failure" time="0.001" /><testcase classname="tests.cli.rendering.test_service" name="test_render_result_with_warnings" time="0.000" /><testcase classname="tests.cli.rendering.test_service" name="test_get_renderer_returns_unified_renderer" time="0.000" /><testcase classname="tests.cli.rendering.test_service" name="test_get_renderer_respects_json_format" time="0.001" /><testcase classname="tests.cli.rendering.test_service" name="test_get_renderer_respects_jsonl_format" time="0.000" /><testcase classname="tests.cli.rendering.test_service" name="test_get_renderer_respects_color_override" time="0.000" /><testcase classname="tests.cli.rendering.test_service" name="test_get_renderer_uses_custom_writer" time="0.000" /><testcase classname="tests.cli.rendering.test_service" name="test_get_renderer_uses_custom_err_writer" time="0.000" /><testcase classname="tests.cli.rendering.test_service" name="test_render_cli_result_success_returns_zero" time="0.000" /><testcase classname="tests.cli.rendering.test_service" name="test_render_cli_result_failure_returns_nonzero" time="0.000" /><testcase classname="tests.cli.execution.test_bootstrap.TestBootstrapCli" name="test_configures_logging_at_warning" time="0.001" /><testcase classname="tests.cli.execution.test_bootstrap.TestResetBootstrap" name="test_allows_reinitialize" time="0.002" /><testcase classname="tests.cli.execution.test_bootstrap.TestIsBootstrapped" name="test_false_before_bootstrap" time="0.000" /><testcase classname="tests.cli.execution.test_bootstrap.TestIsBootstrapped" name="test_true_after_bootstrap" time="0.002" /><testcase classname="tests.cli.execution.test_bootstrap.TestIsBootstrapped" name="test_false_after_reset" time="0.001" /><testcase classname="tests.cli.execution.test_registry" name="test_spec_creation_required_fields" time="0.001" /><testcase classname="tests.cli.execution.test_registry" name="test_spec_creation_with_defaults" time="0.001" /><testcase classname="tests.cli.execution.test_registry" name="test_spec_creation_with_all_fields" time="0.001" /><testcase classname="tests.cli.execution.test_registry" name="test_spec_immutability" time="0.001" /><testcase classname="tests.cli.execution.test_registry" name="test_registry_register_operation" time="0.001" /><testcase classname="tests.cli.execution.test_registry" name="test_registry_register_duplicate_raises" time="0.001" /><testcase classname="tests.cli.execution.test_registry" name="test_registry_get_existing" time="0.001" /><testcase classname="tests.cli.execution.test_registry" name="test_registry_get_missing_returns_none" time="0.000" /><testcase classname="tests.cli.execution.test_registry" name="test_registry_require_existing" time="0.001" /><testcase classname="tests.cli.execution.test_registry" name="test_registry_require_missing_raises" time="0.001" /><testcase classname="tests.cli.execution.test_registry" name="test_registry_list_operations_empty" time="0.001" /><testcase classname="tests.cli.execution.test_registry" name="test_registry_list_operations_sorted" time="0.001" /><testcase classname="tests.cli.execution.test_registry" name="test_registry_list_operations_by_group" time="0.001" /><testcase classname="tests.cli.execution.test_registry" name="test_registry_list_excludes_hidden" time="0.001" /><testcase classname="tests.cli.execution.test_registry" name="test_registry_list_groups" time="0.001" /><testcase classname="tests.analytics.compute.test_graphs_centrality" name="test_pagerank_custom_max_iter" time="0.001" /><testcase classname="tests.analytics.compute.test_graphs_centrality" name="test_pagerank_custom_tolerance" time="0.002" /><testcase classname="tests.analytics.compute.test_graphs_centrality" name="test_pagerank_disconnected_components" time="0.001" /><testcase classname="tests.analytics.compute.test_graphs_centrality" name="test_pagerank_sums_to_one" time="0.001" /><testcase classname="tests.analytics.compute.test_graphs_centrality" name="test_pagerank_keys_match_nodes" time="0.001" /><testcase classname="tests.analytics.compute.test_graphs_centrality" name="test_pagerank_values_are_floats" time="0.001" /><testcase classname="tests.analytics.compute.test_graphs_centrality" name="test_betweenness_empty_graph" time="0.000" /><testcase classname="tests.analytics.compute.test_graphs_centrality" name="test_betweenness_single_node_zero" time="0.001" /><testcase classname="tests.analytics.compute.test_graphs_centrality" name="test_betweenness_chain_middle_nodes_high" time="0.000" /><testcase classname="tests.analytics.compute.test_graphs_centrality" name="test_betweenness_star_hub_high" time="0.000" /><testcase classname="tests.cli.rendering.test_service" name="test_render_cli_result_creates_renderer" time="0.000" /><testcase classname="tests.cli.rendering.test_service" name="test_render_cli_result_uses_table_spec" time="0.001" /><testcase classname="tests.cli.rendering.test_types" name="test_output_format_values" time="0.000" /><testcase classname="tests.cli.rendering.test_types" name="test_render_context_auto_detect_tty" time="0.000" /><testcase classname="tests.cli.rendering.test_types" name="test_render_context_auto_detect_non_tty" time="0.000" /><testcase classname="tests.cli.rendering.test_types" name="test_render_context_auto_detect_with_override" time="0.000" /><testcase classname="tests.cli.rendering.test_types" name="test_render_context_for_testing" time="0.000" /><testcase classname="tests.analytics.subsystems.test_affinity" name="test_add_graph_weight_ignores_negative_weight" time="0.001" /><testcase classname="tests.analytics.subsystems.test_affinity" name="test_graph_to_adjacency_empty" time="0.002" /><testcase classname="tests.analytics.subsystems.test_affinity" name="test_graph_to_adjacency_single_edge" time="0.001" /><testcase classname="tests.analytics.subsystems.test_affinity" name="test_graph_to_adjacency_multiple_edges" time="0.000" /><testcase classname="tests.analytics.subsystems.test_affinity" name="test_graph_to_adjacency_default_weight" time="0.000" /><testcase classname="tests.cli.execution.test_registry" name="test_hidden_and_group_filter" time="0.001" /><testcase classname="tests.cli.golden.test_golden_output" name="test_build_status_text_output" time="0.055" /><testcase classname="tests.cli.golden.test_golden_output" name="test_build_status_json_structure" time="0.010" /><testcase classname="tests.cli.golden.test_golden_output" name="test_op_list_text_output" time="0.012" /><testcase classname="tests.cli.golden.test_golden_output" name="test_validation_error_format" time="0.012" /><testcase classname="tests.cli.golden.test_golden_output" name="test_not_found_error_json" time="0.012" /><testcase classname="tests.cli.config.test_service" name="test_config_service_sources_tracking" time="0.001" /><testcase classname="tests.cli.config.test_service" name="test_config_service_cyclopts_config_chain" time="0.001" /><testcase classname="tests.cli.config.test_service" name="test_config_service_cyclopts_config_chain_first_is_callable" time="0.000" /><testcase classname="tests.cli.config.test_service" name="test_config_service_get_toml_config_path_returns_path_or_none" time="0.000" /><testcase classname="tests.cli.config.test_service" name="test_config_service_load_from_explicit_path" time="0.001" /><testcase classname="tests.cli.contract.test_cli_result_contract" name="test_success_result_has_data" time="0.000" /><testcase classname="tests.cli.contract.test_cli_result_contract" name="test_error_result_has_problem_detail" time="0.000" /><testcase classname="tests.cli.contract.test_cli_result_contract" name="test_json_serialization_success" time="0.000" /><testcase classname="tests.cli.contract.test_cli_result_contract" name="test_json_serialization_error" time="0.000" /><testcase classname="tests.analytics.profiles.test_utils.TestOptionalFloat" name="test_returns_float_for_float_input" time="0.000" /><testcase classname="tests.analytics.profiles.test_utils.TestOptionalFloat" name="test_returns_float_for_int_input" time="0.000" /><testcase classname="tests.analytics.profiles.test_utils.TestOptionalFloat" name="test_returns_float_for_string_number" time="0.000" /><testcase classname="tests.analytics.profiles.test_utils.TestOptionalFloat" name="test_returns_float_for_string_with_whitespace" time="0.000" /><testcase classname="tests.analytics.profiles.test_utils.TestOptionalFloat" name="test_returns_none_for_empty_string" time="0.000" /><testcase classname="tests.analytics.profiles.test_utils.TestOptionalFloat" name="test_returns_none_for_whitespace_only_string" time="0.000" /><testcase classname="tests.analytics.profiles.test_utils.TestOptionalFloat" name="test_returns_none_for_invalid_string" time="0.000" /><testcase classname="tests.analytics.profiles.test_utils.TestOptionalFloat" name="test_returns_none_for_none_input" time="0.000" /><testcase classname="tests.analytics.profiles.test_utils.TestOptionalFloat" name="test_returns_float_for_bool_true" time="0.000" /><testcase classname="tests.analytics.profiles.test_utils.TestOptionalFloat" name="test_returns_float_for_bool_false" time="0.000" /><testcase classname="tests.analytics.profiles.test_utils.TestOptionalBool" name="test_returns_bool_for_bool_true" time="0.000" /><testcase classname="tests.analytics.profiles.test_utils.TestOptionalBool" name="test_returns_bool_for_bool_false" time="0.000" /><testcase classname="tests.analytics.functions.test_function_effects" name="test_effect_analysis_immutable" time="0.001" /><testcase classname="tests.analytics.functions.test_function_effects" name="test_effect_analysis_evidence_structure" time="0.000" /><testcase classname="tests.analytics.functions.test_function_effects" name="test_function_effects_inputs_defaults" time="0.000" /><testcase classname="tests.analytics.functions.test_function_effects" name="test_function_effects_inputs_with_ast_map" time="0.000" /><testcase classname="tests.analytics.functions.test_function_effects" name="test_function_effects_inputs_immutable" time="0.000" /><testcase classname="tests.analytics.functions.test_function_effects" name="test_effect_analysis_direct_effectful_all_false" time="0.000" /><testcase classname="tests.analytics.functions.test_function_effects" name="test_effect_analysis_direct_effectful_any_true" time="0.000" /><testcase classname="tests.analytics.functions.test_function_effects" name="test_effect_analysis_no_io_no_db" time="0.000" /><testcase classname="tests.analytics.functions.test_function_effects" name="test_effect_analysis_io_no_db" time="0.000" /><testcase classname="tests.analytics.functions.test_function_effects" name="test_effect_analysis_no_io_db" time="0.000" /><testcase classname="tests.analytics.functions.test_function_effects" name="test_effect_analysis_io_and_db" time="0.000" /><testcase classname="tests.analytics.functions.test_function_effects_runtime" name="test_compute_function_effects_with_transitive_and_missing" time="3.271"><failure message="AttributeError: module 'ibis' has no attribute 'isnull'. . Did you mean: 'null'?">tmp_path = PosixPath('/tmp/pytest-of-paul/pytest-3/popen-gw19/test_compute_function_effects_0')
caplog = &lt;_pytest.logging.LogCaptureFixture object at 0x736536c6e3c0&gt;

    def test_compute_function_effects_with_transitive_and_missing(
        tmp_path: Path, caplog: pytest.LogCaptureFixture
    ) -&gt; None:
        """compute_function_effects records direct, transitive, and missing AST effects."""
        ctx = create_test_context(tmp_path)
        ctx.require(CORE_PACK)
        repo_root = ctx.repo_root
        source = """
        import os
        import random
        import time
        import threading
    
        GLOBAL_STATE = 0
    
        def impure(target: str) -&gt; int:
            os.getenv("HOME")
            random.random()
            time.time()
            threading.Thread(target=print).start()
            global GLOBAL_STATE
            GLOBAL_STATE += 1
            return 1
    
        def caller() -&gt; int:
            return impure("x")
    
        def wrapper() -&gt; int:
            return caller()
    
        def naive_unicode(name: str | None = None) -&gt; str | None:
            return name
    
        def uses_nonlocal() -&gt; int:
            value = 0
    
            def inner() -&gt; int:
                nonlocal value
                value += 1
                return value
    
            return inner()
        """
        goids = {
            "impure": 1001,
            "caller": 1002,
            "uses_nonlocal": 1003,
            "missing": 1004,
            "wrapper": 1005,
            "naive_unicode": 1006,
        }
        ast_map, module_path = _build_function_ast_map(
            repo_root, source, {k: v for k, v in goids.items() if k != "missing"}
        )
        snapshot = ctx.to_snapshot_ref()
        gateway = ctx.gateway
        engine = build_graph_engine_double(
            gateway,
            snapshot,
            call_graph=nx.DiGraph(
                [
                    (goids["caller"], goids["impure"]),
                    (goids["wrapper"], goids["caller"]),
                ]
            ),
            copy_graphs=False,
        )
        runtime = GraphRuntime(GraphRuntimeOptions(snapshot=snapshot), engine)
        runtime.ensure_call_graph()
        cfg = FunctionEffectsStepConfig(
            snapshot=snapshot,
            max_call_depth=2,
            io_apis={"os": ["getenv"]},
            db_apis={},
            time_apis={"time": ["time"]},
            random_apis={"random": ["random"]},
            threading_apis={"threading": ["Thread"]},
        )
    
        ensure_schema(gateway.con, "graph.call_graph_edges")
        insert_rows(
            gateway,
            [
                CallGraphEdgeRow(
                    repo=snapshot.repo,
                    commit=snapshot.commit,
                    caller_goid_h128=goids["caller"],
                    callee_goid_h128=None,
                    callsite_path=ast_map[goids["caller"]].rel_path,
                    callsite_line=ast_map[goids["caller"]].start_line,
                    callsite_col=0,
                    language="python",
                    kind="call",
                    resolved_via="static",
                    confidence=1.0,
                )
            ],
        )
    
        inputs = FunctionEffectsInputs(
            catalog_provider=MockFunctionCatalog(
                functions=[
                    function_meta(
                        goid=goids["impure"],
                        rel_path=module_path.relative_to(repo_root).as_posix(),
                        qualname="impure",
                        snapshot=(snapshot.repo, snapshot.commit),
                        line_span=(
                            ast_map[goids["impure"]].start_line,
                            ast_map[goids["impure"]].end_line,
                        ),
                    ),
                    function_meta(
                        goid=goids["caller"],
                        rel_path=module_path.relative_to(repo_root).as_posix(),
                        qualname="caller",
                        snapshot=(snapshot.repo, snapshot.commit),
                        line_span=(
                            ast_map[goids["caller"]].start_line,
                            ast_map[goids["caller"]].end_line,
                        ),
                    ),
                    function_meta(
                        goid=goids["uses_nonlocal"],
                        rel_path=module_path.relative_to(repo_root).as_posix(),
                        qualname="uses_nonlocal",
                        snapshot=(snapshot.repo, snapshot.commit),
                        line_span=(
                            ast_map[goids["uses_nonlocal"]].start_line,
                            ast_map[goids["uses_nonlocal"]].end_line,
                        ),
                    ),
                    function_meta(
                        goid=goids["missing"],
                        rel_path=module_path.relative_to(repo_root).as_posix(),
                        qualname="missing",
                        snapshot=(snapshot.repo, snapshot.commit),
                        line_span=(1, 1),
                    ),
                    function_meta(
                        goid=goids["wrapper"],
                        rel_path=module_path.relative_to(repo_root).as_posix(),
                        qualname="wrapper",
                        snapshot=(snapshot.repo, snapshot.commit),
                        line_span=(
                            ast_map[goids["wrapper"]].start_line,
                            ast_map[goids["wrapper"]].end_line,
                        ),
                    ),
                    function_meta(
                        goid=goids["naive_unicode"],
                        rel_path=module_path.relative_to(repo_root).as_posix(),
                        qualname="naïve_unicode",
                        snapshot=(snapshot.repo, snapshot.commit),
                        line_span=(
                            ast_map[goids["naive_unicode"]].start_line,
                            ast_map[goids["naive_unicode"]].end_line,
                        ),
                    ),
                ],
                module_by_path={module_path.relative_to(repo_root).as_posix(): "pkg.effects"},
            ),
            runtime=runtime,
            ast_map=ast_map,
            missing_goids={goids["missing"]},
        )
    
        caplog.set_level("INFO")
        try:
&gt;           compute_function_effects(gateway, cfg, inputs=inputs)

tests/analytics/functions/test_function_effects_runtime.py:228: 
_ _ _ _ _ _ _ _ _ _ _ _ _ _ _ _ _ _ _ _ _ _ _ _ _ _ _ _ _ _ _ _ _ _ _ _ _ _ _ _ 
src/codeintel/analytics/functions/function_effects.py:171: in compute_function_effects
    rows = _build_effect_rows(inputs=effect_inputs, now=datetime.now(tz=UTC))
           ^^^^^^^^^^^^^^^^^^^^^^^^^^^^^^^^^^^^^^^^^^^^^^^^^^^^^^^^^^^^^^^^^^
src/codeintel/analytics/functions/function_effects.py:222: in _build_effect_rows
    unresolved_calls = _unresolved_call_counts(inputs.gateway, inputs.cfg.repo, inputs.cfg.commit)
                       ^^^^^^^^^^^^^^^^^^^^^^^^^^^^^^^^^^^^^^^^^^^^^^^^^^^^^^^^^^^^^^^^^^^^^^^^^^^
src/codeintel/analytics/functions/function_effects.py:324: in _unresolved_call_counts
    ibis.isnull(edges.callee_goid_h128),
    ^^^^^^^^^^^
.venv/lib/python3.13/site-packages/ibis/__init__.py:142: in __getattr__
    return load_backend(name)
           ^^^^^^^^^^^^^^^^^^
_ _ _ _ _ _ _ _ _ _ _ _ _ _ _ _ _ _ _ _ _ _ _ _ _ _ _ _ _ _ _ _ _ _ _ _ _ _ _ _ 

name = 'isnull'

    def load_backend(name: str) -&gt; BaseBackend:
        """Load backends in a lazy way with `ibis.&lt;backend-name&gt;`.
    
        This also registers the backend options.
    
        Examples
        --------
        &gt;&gt;&gt; import ibis
        &gt;&gt;&gt; con = ibis.sqlite.connect(...)
    
        When accessing the `sqlite` attribute of the `ibis` module, this function
        is called, and a backend with the `sqlite` name is tried to load from
        the `ibis.backends` entrypoints. If successful, the `ibis.sqlite`
        attribute is "cached", so this function is only called the first time.
    
        """
    
        entry_points = {ep for ep in util.backend_entry_points() if ep.name == name}
    
        if not entry_points:
            msg = f"module 'ibis' has no attribute '{name}'. "
            if name in _KNOWN_BACKENDS:
                msg += f"""If you are trying to access the '{name}' backend,
                        try installing it first with `pip install 'ibis-framework[{name}]'`"""
&gt;           raise AttributeError(msg)
E           AttributeError: module 'ibis' has no attribute 'isnull'. . Did you mean: 'null'?

[...]
="test_classify_modes_prioritizes_specific_matchers" time="1.901" /><testcase classname="tests.analytics.test_dependencies" name="test_severity_and_risk_scores" time="0.001" /><testcase classname="tests.analytics.test_dependencies" name="test_risk_level_balances_modes_and_frequency" time="0.001" /><testcase classname="tests.analytics.adapters.test_data_models_adapter" name="test_adapter_table_name" time="1.845" /><testcase classname="tests.analytics.functions.test_function_contracts" name="test_compute_function_contracts_classmethod_with_cls" time="1.689" /><testcase classname="tests.analytics.graphs.test_contracts" name="test_graph_stats_table_operations" time="1.674" /><testcase classname="tests.analytics.resources.test_provider_factory" name="test_make_ast_provider" time="1.855" /><testcase classname="tests.analytics.adapters.test_profiles_adapter" name="test_function_profile_adapter_persist_single_row" time="1.871" /><testcase classname="tests.analytics.adapters.test_semantic_roles_adapter" name="test_modules_adapter_persist_verifies_data" time="1.876" /><testcase classname="tests.analytics.adapters.test_entrypoints_adapter" name="test_entrypoints_adapter_persist_cli_command" time="1.843" /><testcase classname="tests.analytics.adapters.test_data_models_adapter" name="test_adapter_load_raises" time="1.834" /><testcase classname="tests.analytics.functions.test_function_contracts" name="test_compute_function_contracts_idempotent" time="1.646" /><testcase classname="tests.analytics.graphs.test_contracts" name="test_graph_metrics_modules_table_operations" time="1.636" /><testcase classname="tests.analytics.adapters.test_profiles_adapter" name="test_function_profile_adapter_persist_multiple_rows" time="1.817" /><testcase classname="tests.analytics.resources.test_provider_factory" name="test_make_ast_provider_with_max_functions" time="1.852" /><testcase classname="tests.analytics.adapters.test_semantic_roles_adapter" name="test_modules_adapter_applies_defaults" time="1.827" /><testcase classname="tests.analytics.adapters.test_entrypoints_adapter" name="test_entrypoints_adapter_persist_multiple" time="1.824" /><testcase classname="tests.analytics.functions.test_function_contracts" name="test_compute_function_contracts_complex_assertions" time="1.617" /><testcase classname="tests.analytics.adapters.test_data_models_adapter" name="test_adapter_persist_empty" time="1.802" /><testcase classname="tests.analytics.graphs.test_graph_metrics_integration" name="test_graph_metrics_end_to_end" time="2.707"><skipped type="pytest.skip" message="config_data_flow not produced for canonical sample">/home/paul/CodeIntel/tests/analytics/graphs/test_graph_metrics_integration.py:90: config_data_flow not produced for canonical sample</skipped></testcase><testcase classname="tests.analytics.resources.test_provider_factory" name="test_make_ast_provider_uses_factory_option" time="1.782" /><testcase classname="tests.analytics.adapters.test_profiles_adapter" name="test_file_profile_adapter_table_name" time="1.800" /><testcase classname="tests.analytics.adapters.test_semantic_roles_adapter" name="test_modules_adapter_rejects_bad_length" time="1.800" /><testcase classname="tests.analytics.adapters.test_entrypoints_adapter" name="test_entrypoint_tests_adapter_table_name" time="1.779" /><testcase classname="tests.analytics.functions.test_function_contracts_integration" name="test_compute_contracts_with_catalog_goid_iteration" time="1.805" /><testcase classname="tests.analytics.adapters.test_data_models_adapter" name="test_adapter_persist_single" time="1.804" /><testcase classname="tests.analytics.resources.test_provider_factory" name="test_make_features_provider" time="1.794" /><testcase classname="tests.analytics.adapters.test_profiles_adapter" name="test_file_profile_adapter_load_raises" time="1.794" /><testcase classname="tests.analytics.adapters.test_entrypoints_adapter" name="test_entrypoint_tests_adapter_load_raises" time="1.771" /><testcase classname="tests.analytics.adapters.test_subsystems_adapter" name="test_subsystems_adapter_table_name" time="1.793" /><testcase classname="tests.analytics.graphs.test_graph_metrics_integration" name="test_contracts_and_catalog" time="2.525" /><testcase classname="tests.analytics.functions.test_function_contracts_integration" name="test_compute_contracts_with_missing_ast" time="1.769" /><testcase classname="tests.analytics.adapters.test_data_models_adapter" name="test_adapter_persist_multiple" time="1.794" /><testcase classname="tests.analytics.graphs.test_graph_metrics_integration" name="test_compute_function_graph_metrics_counts_and_cycles" time="1.907"><failure message="AttributeError: module 'ibis' has no attribute 'notnull'.">tmp_path = PosixPath('/tmp/pytest-of-paul/pytest-3/popen-gw17/test_compute_function_graph_me0')

    def test_compute_function_graph_metrics_counts_and_cycles(tmp_path: Path) -&gt; None:
        """Compute function graph metrics with cycles and aggregated edge counts."""
        ctx = graph_metrics_ready_gateway(
            tmp_path / "graph_metrics",
            GraphMetricsGatewayOptions(
                repo=REPO,
                commit=COMMIT,
                include_symbol_edges=False,
                run_metrics=False,
                build_callgraph_enabled=False,
                file_backed=False,
            ),
        )
        seed_function_graph_cycle(ctx.gateway, repo=REPO, commit=COMMIT, rel_path=REL_PATH)
    
        builder = ConfigBuilder.from_snapshot(
            snapshot=SnapshotInit(repo=REPO, commit=COMMIT, repo_root=ctx.repo_root),
            layout=BuildLayoutOptions(build_dir=ctx.build_dir),
        )
        cfg = builder.graph_metrics()
&gt;       compute_graph_metrics(ctx.gateway, cfg)

tests/analytics/graphs/test_graph_metrics_integration.py:197: 
_ _ _ _ _ _ _ _ _ _ _ _ _ _ _ _ _ _ _ _ _ _ _ _ _ _ _ _ _ _ _ _ _ _ _ _ _ _ _ _ 
src/codeintel/analytics/graphs/graph_metrics.py:245: in compute_graph_metrics
    _compute_module_graph_metrics(
src/codeintel/analytics/graphs/graph_metrics.py:309: in _compute_module_graph_metrics
    symbol_edges = load_symbol_module_edges(gateway, options.module_by_path)
                   ^^^^^^^^^^^^^^^^^^^^^^^^^^^^^^^^^^^^^^^^^^^^^^^^^^^^^^^^^
src/codeintel/analytics/adapters/graphs/graph_metrics.py:219: in load_symbol_module_edges
    ibis.notnull(m_def.module) &amp; ibis.notnull(m_use.module),
    ^^^^^^^^^^^^
.venv/lib/python3.13/site-packages/ibis/__init__.py:142: in __getattr__
    return load_backend(name)
           ^^^^^^^^^^^^^^^^^^
_ _ _ _ _ _ _ _ _ _ _ _ _ _ _ _ _ _ _ _ _ _ _ _ _ _ _ _ _ _ _ _ _ _ _ _ _ _ _ _ 

name = 'notnull'

    def load_backend(name: str) -&gt; BaseBackend:
        """Load backends in a lazy way with `ibis.&lt;backend-name&gt;`.
    
        This also registers the backend options.
    
        Examples
        --------
        &gt;&gt;&gt; import ibis
        &gt;&gt;&gt; con = ibis.sqlite.connect(...)
    
        When accessing the `sqlite` attribute of the `ibis` module, this function
        is called, and a backend with the `sqlite` name is tried to load from
        the `ibis.backends` entrypoints. If successful, the `ibis.sqlite`
        attribute is "cached", so this function is only called the first time.
    
        """
    
        entry_points = {ep for ep in util.backend_entry_points() if ep.name == name}
    
        if not entry_points:
            msg = f"module 'ibis' has no attribute '{name}'. "
            if name in _KNOWN_BACKENDS:
                msg += f"""If you are trying to access the '{name}' backend,
                        try installing it first with `pip install 'ibis-framework[{name}]'`"""
&gt;           raise AttributeError(msg)
E           AttributeError: module 'ibis' has no attribute 'notnull'.

.venv/lib/python3.13/site-packages/ibis/__init__.py:66: AttributeError</failure></testcase><testcase classname="tests.analytics.resources.test_provider_factory" name="test_make_features_provider_with_max_functions" time="1.795" /><testcase classname="tests.analytics.adapters.test_profiles_adapter" name="test_file_profile_adapter_persist_empty" time="1.796" /><testcase classname="tests.analytics.adapters.test_entrypoints_adapter" name="test_entrypoint_tests_adapter_persist_empty" time="1.802" /><testcase classname="tests.analytics.adapters.test_subsystems_adapter" name="test_subsystems_adapter_load_raises" time="1.802" /><testcase classname="tests.analytics.functions.test_function_contracts_integration" name="test_compute_contracts_with_docstring_data" time="1.851" /><testcase classname="tests.analytics.adapters.test_data_models_adapter" name="test_adapter_persist_same_model_multiple_functions" time="1.840" /><testcase classname="tests.analytics.resources.test_provider_factory" name="test_make_module_map_provider" time="1.797" /><testcase classname="tests.analytics.adapters.test_profiles_adapter" name="test_file_profile_adapter_persist_single_row" time="1.844" /><testcase classname="tests.analytics.adapters.test_subsystems_adapter" name="test_subsystems_adapter_persist_empty" time="1.801" /><testcase classname="tests.analytics.adapters.test_entrypoints_adapter" name="test_entrypoint_tests_adapter_persist_single" time="1.824" /><testcase classname="tests.analytics.functions.test_function_contracts_integration" name="test_compute_contracts_with_type_annotations" time="1.784" /><testcase classname="tests.analytics.adapters.test_data_models_adapter" name="test_adapter_persist_verifies_data" time="1.769" /><testcase classname="tests.analytics.adapters.test_dependencies_adapter" name="test_compute_dep_id_deterministic" time="0.000" /><testcase classname="tests.analytics.adapters.test_dependencies_adapter" name="test_compute_dep_id_length" time="0.000" /><testcase classname="tests.analytics.adapters.test_dependencies_adapter" name="test_compute_dep_id_unique_per_library" time="0.000" /><testcase classname="tests.analytics.adapters.test_dependencies_adapter" name="test_compute_dep_id_unique_per_repo" time="0.000" /><testcase classname="tests.analytics.adapters.test_dependencies_adapter" name="test_compute_dep_id_unique_per_commit" time="0.000" /><testcase classname="tests.analytics.resources.test_provider_factory" name="test_make_module_map_provider_with_language" time="1.748" /><testcase classname="tests.analytics.adapters.test_profiles_adapter" name="test_file_profile_adapter_persist_multiple_rows" time="1.755" /><testcase classname="tests.analytics.adapters.test_subsystems_adapter" name="test_subsystems_adapter_persist_single" time="1.736" /><testcase classname="tests.analytics.adapters.test_entrypoints_adapter" name="test_entrypoint_tests_adapter_persist_multiple" time="1.752" /><testcase classname="tests.analytics.functions.test_function_contracts_integration" name="test_compute_contracts_with_guards_and_catalog" time="1.725" /><testcase classname="tests.analytics.resources.test_provider_factory" name="test_make_module_map_provider_uses_factory_option" time="1.705" /><testcase classname="tests.analytics.adapters.test_profiles_adapter" name="test_module_profile_adapter_table_name" time="1.718" /><testcase classname="tests.analytics.adapters.test_subsystems_adapter" name="test_subsystems_adapter_persist_multiple" time="1.717" /><testcase classname="tests.analytics.adapters.test_entrypoints_adapter" name="test_entrypoint_tests_adapter_persist_verifies_data" time="1.709" /><testcase classname="tests.analytics.adapters.test_functions_adapter" name="test_function_goid_from_row" time="0.000" /><testcase classname="tests.cli.services.test_runtime" name="test_explicit_overrides" time="0.001" /><testcase classname="tests.cli.services.test_runtime" name="test_is_resolved_initially_false" time="0.000" /><testcase classname="tests.cli.services.test_runtime" name="test_invalidate_clears_cache" time="0.001" /><testcase classname="tests.cli.services.test_runtime" name="test_runtime_property_resolves_lazily" time="0.003" /><testcase classname="tests.cli.services.test_runtime" name="test_db_path_property" time="0.002" /><testcase classname="tests.cli.services.test_runtime" name="test_resolution_error_propagates" time="0.000" /><testcase classname="tests.cli.services.test_serving" name="test_init" time="0.001" /><testcase classname="tests.cli.services.test_serving" name="test_invoke_unknown_operation" time="0.001" /><testcase classname="tests.cli.services.test_serving" name="test_invoke_runs_prereqs_by_default" time="0.001" /><testcase classname="tests.cli.services.test_serving" name="test_invoke_skips_prereqs_when_requested" time="0.001" /><testcase classname="tests.cli.services.test_serving" name="test_invoke_backend_method_not_found" time="0.001" /><testcase classname="tests.cli.services.test_serving" name="test_invoke_batch_success" time="0.001" /><testcase classname="tests.cli.services.test_serving" name="test_invoke_batch_partial_failure" time="0.001" /><testcase classname="tests.cli.services.test_serving" name="test_serialize_pydantic_model" time="0.000" /><testcase classname="tests.cli.services.test_serving" name="test_serialize_dataclass" time="0.000" /><testcase classname="tests.cli.services.test_serving" name="test_serialize_primitive" time="0.000" /><testcase classname="tests.cli.services.test_storage" name="test_from_path" time="0.001" /><testcase classname="tests.cli.services.test_storage" name="test_from_runtime" time="0.001" /><testcase classname="tests.cli.services.test_storage" name="test_is_open_initially_false" time="0.001" /><testcase classname="tests.cli.services.test_storage" name="test_close_is_idempotent" time="0.001" /><testcase classname="tests.cli.services.test_storage" name="test_gateway_raises_after_close" time="0.001" /><testcase classname="tests.cli.services.test_storage" name="test_context_manager_closes" time="0.001" /><testcase classname="tests.cli.services.test_storage" name="test_gateway_opens_lazily" time="0.001" /><testcase classname="tests.cli.services.test_storage" name="test_gateway_cached" time="0.001" /><testcase classname="tests.cli.services.test_storage" name="test_gateway_scope_read_only" time="0.001" /><testcase classname="tests.cli.services.test_storage" name="test_write_gateway_opens_writable" time="0.001" /><testcase classname="tests.cli.services.test_storage" name="test_db_path_from_explicit" time="0.000" /><testcase classname="tests.cli.services.test_storage" name="test_db_path_from_runtime" time="0.001" /><testcase classname="tests.cli.services.test_storage" name="test_db_path_raises_without_source" time="0.000" /><testcase classname="tests.cli.shell.test_shell_mode" name="test_session_initialization" time="0.001" /><testcase classname="tests.analytics.functions.test_function_contracts_integration" name="test_compute_contracts_with_bool_return_type" time="1.714" /><testcase classname="tests.analytics.resources.test_provider_factory" name="test_clear_cache" time="1.696" /><testcase classname="tests.analytics.resources.test_resource_registry" name="test_resource_registry_empty" time="0.000" /><testcase classname="tests.analytics.resources.test_resource_registry" name="test_resource_registry_register" time="0.000" /><testcase classname="tests.analytics.resources.test_resource_registry" name="test_resource_registry_register_duplicate_raises" time="0.000" /><testcase classname="tests.analytics.resources.test_resource_registry" name="test_resource_registry_get" time="0.000" /><testcase classname="tests.analytics.resources.test_resource_registry" name="test_resource_registry_get_not_found_raises" time="0.000" /><testcase classname="tests.analytics.resources.test_resource_registry" name="test_resource_registry_get_or_none" time="0.000" /><testcase classname="tests.analytics.resources.test_resource_registry" name="test_resource_registry_get_or_none_not_found" time="0.000" /><testcase classname="tests.analytics.resources.test_resource_registry" name="test_resource_registry_has" time="0.000" /><testcase classname="tests.analytics.resources.test_resource_registry" name="test_resource_registry_register_or_replace" time="0.000" /><testcase classname="tests.analytics.resources.test_resource_registry" name="test_resource_registry_register_or_replace_new" time="0.000" /><testcase classname="tests.analytics.adapters.test_profiles_adapter" name="test_module_profile_adapter_load_raises" time="1.686" /><testcase classname="tests.analytics.adapters.test_subsystems_adapter" name="test_subsystems_adapter_persist_verifies_data" time="1.693" /><testcase classname="tests.analytics.functions.test_function_contracts_integration" name="test_compute_contracts_confidence_score" time="1.655" /><testcase classname="tests.analytics.adapters.test_profiles_adapter" name="test_module_profile_adapter_persist_empty" time="1.642" /><testcase classname="tests.analytics.adapters.test_subsystems_adapter" name="test_subsystem_modules_adapter_table_name" time="1.628" /><testcase classname="tests.analytics.adapters.test_profiles_adapter" name="test_module_profile_adapter_persist_single_row" time="1.594" /><testcase classname="tests.analytics.adapters.test_subsystems_adapter" name="test_subsystem_modules_adapter_load_raises" time="1.599" /><testcase classname="tests.analytics.functions.test_function_contracts_integration" name="test_compute_contracts_multiple_goids" time="3.035" /><testcase classname="tests.analytics.adapters.test_profiles_adapter" name="test_module_profile_adapter_persist_multiple_rows" time="1.613" /><testcase classname="tests.analytics.adapters.test_subsystems_adapter" name="test_subsystem_modules_adapter_persist_empty" time="1.607" /><testcase classname="tests.analytics.adapters.test_schema_adapter" name="test_mixin_get_schema_for_registered_table" time="0.067" /><testcase classname="tests.analytics.adapters.test_schema_adapter" name="test_mixin_get_schema_for_unregistered_table" time="0.000" /><testcase classname="tests.analytics.adapters.test_schema_adapter" name="test_mixin_validate_dataframe_with_valid_data" time="0.014" /><testcase classname="tests.analytics.adapters.test_schema_adapter" name="test_mixin_try_validate_returns_original_on_failure" time="0.004" /><testcase classname="tests.analytics.adapters.test_subsystems_adapter" name="test_subsystem_modules_adapter_persist_single" time="1.589" /><testcase classname="tests.analytics.adapters.test_schema_adapter" name="test_schema_adapter_table_name" time="1.593" /><testcase classname="tests.analytics.functions.test_function_contracts_integration" name="test_compute_contracts_with_nullable_return" time="3.029" /><testcase classname="tests.analytics.adapters.test_subsystems_adapter" name="test_subsystem_modules_adapter_persist_multiple" time="1.587" /><testcase classname="tests.analytics.adapters.test_subsystems_adapter" name="test_subsystem_modules_adapter_persist_verifies_data" time="1.557" /><testcase classname="tests.analytics.functions.test_function_contracts_integration" name="test_compute_contracts_with_isinstance_guard" time="2.966" /><testcase classname="tests.analytics.compute.test_coverage_aggregation" name="test_load_coverage_data_missing_file" time="1.589" /><testcase classname="tests.analytics.compute.test_coverage_aggregation" name="test_empty_goids_produces_no_rows" time="1.648" /><testcase classname="tests.analytics.functions.test_function_contracts_integration" name="test_compute_contracts_with_len_check" time="2.976" /><testcase classname="tests.analytics.functions.test_function_contracts_integration" name="test_compute_contracts_with_predicate_name" time="2.940" /><testcase classname="tests.analytics.functions.test_function_contracts_integration" name="test_compute_contracts_with_doc_return_none" time="2.856" /><testcase classname="tests.analytics.functions.test_function_effects" name="test_effect_analysis_creation" time="0.000" /><testcase classname="tests.analytics.functions.test_function_effects" name="test_effect_analysis_pure_function" time="0.001" /></testsuite></testsuites>