<?xml version="1.0" encoding="utf-8"?><testsuites name="pytest tests"><testsuite name="pytest" errors="0" failures="1" skipped="0" tests="1" time="17.254" timestamp="2025-12-04T14:27:11.648025-05:00" hostname="paul-X870-AORUS-ELITE-WIFI7"><testcase classname="tests.graphs.test_compute_metrics_cfg" name="test_dominator_tree_single_node" time="0.005"><failure message="AssertionError: assert {} == {'A': None}&#10;  &#10;  Right contains 1 more item:&#10;  {'A': None}&#10;  &#10;  Full diff:&#10;  + {}&#10;  - {&#10;  -     'A': None,&#10;  - }">def test_dominator_tree_single_node() -&gt; None:
        """Single node graph returns single entry with None dominator."""
        graph = nx.DiGraph()
        graph.add_node("A")
        result = compute_dominator_tree(graph, entry="A")
&gt;       assert result == {"A": None}
E       AssertionError: assert {} == {'A': None}
E         
E         Right contains 1 more item:
E         {'A': None}
E         
E         Full diff:
E         + {}
E         - {
E         -     'A': None,
E         - }

tests/graphs/test_compute_metrics_cfg.py:64: AssertionError</failure></testcase></testsuite></testsuites>