<?xml version="1.0" encoding="utf-8"?><testsuites name="pytest tests"><testsuite name="pytest" errors="0" failures="4" skipped="0" tests="379" time="26.449" timestamp="2025-12-10T01:11:26.849549-05:00" hostname="paul-X870-AORUS-ELITE-WIFI7"><testcase classname="tests.cli.config.test_service" name="test_config_service_with_overrides" time="0.002" /><testcase classname="tests.cli.contract.test_cli_result_contract" name="test_warnings_preserved" time="0.002" /><testcase classname="tests.cli.contract.test_cli_result_contract" name="test_success_result_has_data" time="0.002" /><testcase classname="tests.cli.golden.test_golden_output" name="test_normalize_whitespace" time="0.002" /><testcase classname="tests.cli.handlers.test_datasets" name="test_datasets_diff_handler_missing_baseline" time="0.003" /><testcase classname="tests.cli.contract.test_cli_result_contract" name="test_json_serialization_success" time="0.002" /><testcase classname="tests.cli.handlers.test_docs" name="test_docs_export_handler_with_schemas_filter" time="0.003" /><testcase classname="tests.cli.contract.test_cli_result_contract" name="test_problem_detail_optional_fields" time="0.002" /><testcase classname="tests.cli.handlers.test_datasets" name="test_datasets_list_handler_success" time="0.004" /><testcase classname="tests.cli.contract.test_cli_result_contract" name="test_fail_with_warnings" time="0.002" /><testcase classname="tests.cli.handlers.test_datasets" name="test_dataset_diff_result_to_dict" time="0.002" /><testcase classname="tests.cli.config.test_service" name="test_config_service_get_toml_config_path_returns_path_or_none" time="0.002" /><testcase classname="tests.cli.handlers.test_datasets" name="test_datasets_snapshot_handler_missing_output" time="0.003" /><testcase classname="tests.cli.handlers.test_datasets" name="test_datasets_lint_handler_success" time="0.004" /><testcase classname="tests.cli.handlers.test_datasets" name="test_dataset_lint_result_with_issues_to_dict" time="0.002" /><testcase classname="tests.cli.handlers.test_docs" name="test_docs_validate_result_with_issues" time="0.002" /><testcase classname="tests.cli.contract.test_cli_result_contract" name="test_ok_classmethod_creates_success" time="0.002" /><testcase classname="tests.cli.contract.test_cli_result_contract" name="test_dataclass_data_serialization" time="0.002" /><testcase classname="tests.cli.config.test_service" name="test_config_service_load_defaults" time="0.002" /><testcase classname="tests.cli.golden.test_golden_output" name="test_validation_error_format" time="0.023" /><testcase classname="tests.cli.handlers.test_docs" name="test_docs_export_handler_skip_prereqs" time="0.003" /><testcase classname="tests.cli.handlers.test_docs" name="test_docs_export_result_with_none_datasets" time="0.002" /><testcase classname="tests.cli.contract.test_cli_result_contract" name="test_to_dict_structure" time="0.002" /><testcase classname="tests.cli.handlers.test_datasets" name="test_datasets_list_result_to_dict" time="0.002" /><testcase classname="tests.cli.golden.test_golden_output" name="test_update_mode_creates_file" time="0.002" /><testcase classname="tests.cli.config.test_service" name="test_config_service_cyclopts_config_chain" time="0.002" /><testcase classname="tests.cli.handlers.test_datasets" name="test_datasets_diff_handler_success" time="0.004" /><testcase classname="tests.cli.handlers.test_docs" name="test_docs_export_handler_default_params" time="0.003" /><testcase classname="tests.cli.golden.test_golden_output" name="test_build_status_json_structure" time="0.025"><failure message="codeintel.cli.command_context.CommandContextError: No codeintel.yaml found. Provide --repo and --commit explicitly, or create a project file.">cli = CliTestHarness(env_overrides={}, config_overrides={}, working_dir=None)

    def test_build_status_json_structure(
        cli: CliTestHarness,
    ) -&gt; None:
        """Build status JSON mode doesn't crash."""
&gt;       result = cli.invoke(["build", "status", "--output-format=json"])
                 ^^^^^^^^^^^^^^^^^^^^^^^^^^^^^^^^^^^^^^^^^^^^^^^^^^^^^^^

tests/cli/golden/test_golden_output.py:32: 
_ _ _ _ _ _ _ _ _ _ _ _ _ _ _ _ _ _ _ _ _ _ _ _ _ _ _ _ _ _ _ _ _ _ _ _ _ _ _ _ 
tests/cli/_harness/__init__.py:265: in invoke
    cli_app()
.venv/lib/python3.13/site-packages/cyclopts/core.py:1866: in __call__
    return self._handle_result_action(result)
           ^^^^^^^^^^^^^^^^^^^^^^^^^^^^^^^^^^
.venv/lib/python3.13/site-packages/cyclopts/core.py:2577: in _handle_result_action
    return handle_result_action(result, action, lambda x: self.console.print(x))
           ^^^^^^^^^^^^^^^^^^^^^^^^^^^^^^^^^^^^^^^^^^^^^^^^^^^^^^^^^^^^^^^^^^^^^
.venv/lib/python3.13/site-packages/cyclopts/_result_action.py:61: in handle_result_action
    result = handle_result_action(result, single_action, print_fn)
             ^^^^^^^^^^^^^^^^^^^^^^^^^^^^^^^^^^^^^^^^^^^^^^^^^^^^^
.venv/lib/python3.13/site-packages/cyclopts/_result_action.py:82: in handle_result_action
    return result()
           ^^^^^^^^
src/codeintel/cli/cyclopts_build.py:172: in __call__
    with command_context(
../.local/share/uv/python/cpython-3.13.9-linux-x86_64-gnu/lib/python3.13/contextlib.py:141: in __enter__
    return next(self.gen)
           ^^^^^^^^^^^^^^
src/codeintel/cli/command_context.py:184: in command_context
    runtime = _resolve_runtime_from_params(runtime_params)
              ^^^^^^^^^^^^^^^^^^^^^^^^^^^^^^^^^^^^^^^^^^^^
_ _ _ _ _ _ _ _ _ _ _ _ _ _ _ _ _ _ _ _ _ _ _ _ _ _ _ _ _ _ _ _ _ _ _ _ _ _ _ _ 

params = RuntimeParams(project_root=None, repo=None, commit=None, db_path=None, build_dir=None, repo_root=None, document_output_dir=None, backend=BackendFlags(use_gpu=False, backend='auto', strict=False))

    def _resolve_runtime_from_params(params: RuntimeParams) -&gt; ResolvedRuntime:
        """Resolve runtime from RuntimeParams.
    
        Parameters
        ----------
        params
            RuntimeParams instance.
    
        Returns
        -------
        ResolvedRuntime
            Fully resolved runtime.
    
        Raises
        ------
        CommandContextError
            If resolution fails.
        """
        # Try project file discovery first
        try:
            project_runtime = build_project_runtime(params.project_root)
            return ResolvedRuntime(
                root=project_runtime.root,
                project=project_runtime.project,
                snapshot=project_runtime.snapshot,
                paths=project_runtime.paths,
                config=project_runtime.cfg,
                serving=project_runtime.serving,
            )
        except ProjectNotFoundError:
            pass
    
        # Fall back to explicit params
        if params.repo is None or params.commit is None:
            msg = (
                "No codeintel.yaml found. Provide --repo and --commit explicitly, "
                "or create a project file."
            )
&gt;           raise CommandContextError(msg)
E           codeintel.cli.command_context.CommandContextError: No codeintel.yaml found. Provide --repo and --commit explicitly, or create a project file.

src/codeintel/cli/command_context.py:305: CommandContextError</failure></testcase><testcase classname="tests.cli.contract.test_cli_result_contract" name="test_to_dict_rfc9457_compliance" time="0.002" /><testcase classname="tests.cli.handlers.test_deprecation_warnings" name="test_placeholder" time="0.002" /><testcase classname="tests.cli.handlers.test_command_context" name="test_command_context_uses_explicit_params" time="0.003" /><testcase classname="tests.cli.handlers.test_docs" name="test_docs_validate_result_to_dict" time="0.001" /><testcase classname="tests.cli.contract.test_cli_result_contract" name="test_metadata_preserved" time="0.001" /><testcase classname="tests.cli.handlers.test_ide" name="test_ide_hints_handler_returns_fail_when_no_hints" time="0.004" /><testcase classname="tests.cli.handlers.test_datasets" name="test_dataset_lint_result_to_dict" time="0.001" /><testcase classname="tests.cli.handlers.test_subsystem" name="test_subsystem_show_handler_raises_when_id_missing" time="0.004" /><testcase classname="tests.cli.handlers.test_docs" name="test_export_mode_values" time="0.001" /><testcase classname="tests.cli.handlers.test_graphs" name="test_graph_plugins_list_handler_with_names_filter" time="0.003" /><testcase classname="tests.cli.config.test_service" name="test_config_service_load_with_overrides" time="0.001" /><testcase classname="tests.cli.handlers.test_ide" name="test_ide_hints_result_to_dict" time="0.001" /><testcase classname="tests.cli.handlers.test_ops" name="test_op_list_handler_returns_ok" time="0.003" /><testcase classname="tests.cli.handlers.test_docs" name="test_docs_export_handler_with_datasets_filter" time="0.002" /><testcase classname="tests.cli.handlers.test_storage" name="test_profile_storage_handler_fails_when_no_output_dir" time="0.003" /><testcase classname="tests.cli.handlers.test_datasets" name="test_dataset_snapshot_result_to_dict" time="0.001" /><testcase classname="tests.cli.handlers.test_graphs" name="test_graph_plan_result_to_dict" time="0.001" /><testcase classname="tests.cli.handlers.test_graphs" name="test_plan_mode_values" time="0.001" /><testcase classname="tests.cli.config.test_service" name="test_config_service_load_from_explicit_path" time="0.002" /><testcase classname="tests.cli.handlers.test_graphs" name="test_graph_plugin_info_to_dict" time="0.001" /><testcase classname="tests.cli.handlers.test_graphs" name="test_graph_plugins_result_to_dict" time="0.001" /><testcase classname="tests.cli.handlers.test_storage" name="test_generate_macros_result_to_dict" time="0.001" /><testcase classname="tests.cli.handlers.test_storage" name="test_profile_storage_result_to_dict" time="0.001" /><testcase classname="tests.cli.handlers.test_docs" name="test_docs_export_handler_dry_run_mode" time="0.002" /><testcase classname="tests.cli.handlers.test_command_context" name="test_command_context_raises_when_no_project" time="0.002" /><testcase classname="tests.cli.handlers.test_subsystem" name="test_subsystem_memberships_handler_returns_ok" time="0.006" /><testcase classname="tests.cli.contract.test_cli_result_contract" name="test_problem_detail_required_fields" time="0.001" /><testcase classname="tests.cli.handlers.test_graphs" name="test_graph_plugins_plan_handler_invalid_dependency_policy" time="0.002" /><testcase classname="tests.cli.handlers.test_graphs" name="test_graph_plugins_plan_handler_with_enable_disable" time="0.002" /><testcase classname="tests.cli.handlers.test_graphs" name="test_graph_plugins_list_handler_include_disabled" time="0.002" /><testcase classname="tests.cli.contract.test_cli_result_contract" name="test_full_problem_detail" time="0.000" /><testcase classname="tests.cli.handlers.test_storage" name="test_validate_macros_handler_returns_ok_when_valid" time="0.006" /><testcase classname="tests.cli.handlers.test_storage" name="test_generate_macros_handler_fails_when_no_tables" time="0.002" /><testcase classname="tests.cli.contract.test_cli_result_contract" name="test_fail_classmethod_creates_failure" time="0.001" /><testcase classname="tests.cli.handlers.test_graphs" name="test_graph_plugins_plan_handler_success" time="0.003" /><testcase classname="tests.cli.handlers.test_graphs" name="test_graph_plugins_plan_handler_with_skipped" time="0.001" /><testcase classname="tests.cli.handlers.test_datasets" name="test_datasets_snapshot_handler_success" time="0.003" /><testcase classname="tests.cli.handlers.test_docs" name="test_docs_export_handler_custom_validation" time="0.002" /><testcase classname="tests.cli.handlers.test_subsystem" name="test_subsystem_membership_result_to_dict" time="0.000" /><testcase classname="tests.cli.performance.test_performance" name="test_cli_startup_time" time="0.051" /><testcase classname="tests.cli.performance.test_performance" name="test_sequential_operations" time="0.002" /><testcase classname="tests.cli.handlers.test_datasets" name="test_datasets_list_handler_empty" time="0.002" /><testcase classname="tests.cli.performance.test_performance" name="test_read_operations_are_fast" time="0.001" /><testcase classname="tests.cli.performance.test_performance" name="test_operation_registry_lookup_fast" time="0.001" /><testcase classname="tests.cli.handlers.test_datasets" name="test_datasets_diff_handler_baseline_not_found" time="0.002" /><testcase classname="tests.cli.handlers.test_datasets" name="test_dataset_diff_result_no_differences" time="0.001" /><testcase classname="tests.cli.handlers.test_docs" name="test_docs_validate_handler_success" time="0.002" /><testcase classname="tests.cli.handlers.test_docs" name="test_docs_export_handler_project_error" time="0.001" /><testcase classname="tests.cli.handlers.test_command_context" name="test_command_context_error_raises_with_message" time="0.001" /><testcase classname="tests.cli.config.test_service" name="test_config_service_cyclopts_config_chain_first_is_callable" time="0.001" /><testcase classname="tests.cli.handlers.test_subsystem" name="test_subsystem_show_result_to_dict" time="0.001" /><testcase classname="tests.cli.handlers.test_subsystem" name="test_subsystem_profiles_result_to_dict" time="0.001" /><testcase classname="tests.cli.contract.test_cli_result_contract" name="test_error_result_has_problem_detail" time="0.001" /><testcase classname="tests.cli.handlers.test_ops" name="test_dataset_verify_result_to_dict" time="0.001" /><testcase classname="tests.cli.handlers.test_ops" name="test_op_call_result_to_dict" time="0.001" /><testcase classname="tests.cli.golden.test_golden_output" name="test_json_ignore_keys" time="0.001" /><testcase classname="tests.cli.property.test_validators_property" name="test_ok_result_is_valid" time="0.001" /><testcase classname="tests.cli.handlers.test_subsystem" name="test_subsystem_memberships_handler_raises_when_module_missing" time="0.004" /><testcase classname="tests.cli.handlers.test_subsystem" name="test_subsystem_profiles_handler_returns_ok" time="0.003" /><testcase classname="tests.cli.handlers.test_ide" name="test_ide_hints_handler_raises_when_rel_path_missing" time="0.003" /><testcase classname="tests.cli.handlers.test_datasets" name="test_datasets_diff_handler_no_differences" time="0.003" /><testcase classname="tests.cli.performance.test_performance" name="test_middleware_overhead_acceptable" time="0.001" /><testcase classname="tests.cli.performance.test_performance" name="test_repeated_operations_no_memory_leak" time="0.125" /><testcase classname="tests.cli.property.test_validators_property" name="test_empty_errors_means_valid" time="0.001" /><testcase classname="tests.cli.property.test_validators_property" name="test_integers_validate_correctly" time="0.001" /><testcase classname="tests.cli.handlers.test_subsystem" name="test_subsystem_list_handler_returns_ok_with_subsystems" time="0.004" /><testcase classname="tests.cli.contract.test_cli_result_contract" name="test_json_serialization_error" time="0.001" /><testcase classname="tests.cli.handlers.test_ops" name="test_op_list_result_to_dict" time="0.001" /><testcase classname="tests.cli.handlers.test_ops" name="test_dataset_list_result_to_dict" time="0.000" /><testcase classname="tests.cli.handlers.test_datasets" name="test_datasets_lint_handler_with_issues" time="0.002" /><testcase classname="tests.cli.property.test_validators_property" name="test_boolean_config_values[True]" time="0.010" /><testcase classname="tests.cli.golden.test_golden_output" name="test_build_status_text_output" time="0.022"><failure message="codeintel.cli.command_context.CommandContextError: No codeintel.yaml found. Provide --repo and --commit explicitly, or create a project file.">cli = CliTestHarness(env_overrides={}, config_overrides={}, working_dir=None)

    def test_build_status_text_output(
        cli: CliTestHarness,
    ) -&gt; None:
        """Build status text output is non-empty."""
&gt;       result = cli.invoke(["build", "status", "--output-format=text"])
                 ^^^^^^^^^^^^^^^^^^^^^^^^^^^^^^^^^^^^^^^^^^^^^^^^^^^^^^^

tests/cli/golden/test_golden_output.py:22: 
_ _ _ _ _ _ _ _ _ _ _ _ _ _ _ _ _ _ _ _ _ _ _ _ _ _ _ _ _ _ _ _ _ _ _ _ _ _ _ _ 
tests/cli/_harness/__init__.py:265: in invoke
    cli_app()
.venv/lib/python3.13/site-packages/cyclopts/core.py:1866: in __call__
    return self._handle_result_action(result)
           ^^^^^^^^^^^^^^^^^^^^^^^^^^^^^^^^^^
.venv/lib/python3.13/site-packages/cyclopts/core.py:2577: in _handle_result_action
    return handle_result_action(result, action, lambda x: self.console.print(x))
           ^^^^^^^^^^^^^^^^^^^^^^^^^^^^^^^^^^^^^^^^^^^^^^^^^^^^^^^^^^^^^^^^^^^^^
.venv/lib/python3.13/site-packages/cyclopts/_result_action.py:61: in handle_result_action
    result = handle_result_action(result, single_action, print_fn)
             ^^^^^^^^^^^^^^^^^^^^^^^^^^^^^^^^^^^^^^^^^^^^^^^^^^^^^
.venv/lib/python3.13/site-packages/cyclopts/_result_action.py:82: in handle_result_action
    return result()
           ^^^^^^^^
src/codeintel/cli/cyclopts_build.py:172: in __call__
    with command_context(
../.local/share/uv/python/cpython-3.13.9-linux-x86_64-gnu/lib/python3.13/contextlib.py:141: in __enter__
    return next(self.gen)
           ^^^^^^^^^^^^^^
src/codeintel/cli/command_context.py:184: in command_context
    runtime = _resolve_runtime_from_params(runtime_params)
              ^^^^^^^^^^^^^^^^^^^^^^^^^^^^^^^^^^^^^^^^^^^^
_ _ _ _ _ _ _ _ _ _ _ _ _ _ _ _ _ _ _ _ _ _ _ _ _ _ _ _ _ _ _ _ _ _ _ _ _ _ _ _ 

params = RuntimeParams(project_root=None, repo=None, commit=None, db_path=None, build_dir=None, repo_root=None, document_output_dir=None, backend=BackendFlags(use_gpu=False, backend='auto', strict=False))

    def _resolve_runtime_from_params(params: RuntimeParams) -&gt; ResolvedRuntime:
        """Resolve runtime from RuntimeParams.
    
        Parameters
        ----------
        params
            RuntimeParams instance.
    
        Returns
        -------
        ResolvedRuntime
            Fully resolved runtime.
    
        Raises
        ------
        CommandContextError
            If resolution fails.
        """
        # Try project file discovery first
        try:
            project_runtime = build_project_runtime(params.project_root)
            return ResolvedRuntime(
                root=project_runtime.root,
                project=project_runtime.project,
                snapshot=project_runtime.snapshot,
                paths=project_runtime.paths,
                config=project_runtime.cfg,
                serving=project_runtime.serving,
            )
        except ProjectNotFoundError:
            pass
    
        # Fall back to explicit params
        if params.repo is None or params.commit is None:
            msg = (
                "No codeintel.yaml found. Provide --repo and --commit explicitly, "
                "or create a project file."
            )
&gt;           raise CommandContextError(msg)
E           codeintel.cli.command_context.CommandContextError: No codeintel.yaml found. Provide --repo and --commit explicitly, or create a project file.

src/codeintel/cli/command_context.py:305: CommandContextError</failure></testcase><testcase classname="tests.cli.handlers.test_docs" name="test_docs_export_result_to_dict" time="0.001" /><testcase classname="tests.cli.rendering.test_service" name="test_render_message_json" time="0.001" /><testcase classname="tests.cli.config.test_service" name="test_config_service_sources_tracking" time="0.001" /><testcase classname="tests.cli.property.test_validators_property" name="test_min_length_constraint" time="0.001" /><testcase classname="tests.cli.rendering.test_service" name="test_render_error_text" time="0.001" /><testcase classname="tests.cli.handlers.test_graphs" name="test_graph_plugins_list_handler_success" time="0.002" /><testcase classname="tests.cli.rendering.test_service" name="test_render_result_success" time="0.001" /><testcase classname="tests.cli.contract.test_cli_result_contract" name="test_json_serialization_roundtrip" time="0.001" /><testcase classname="tests.cli.rendering.test_service" name="test_render_table_json" time="0.001" /><testcase classname="tests.cli.handlers.test_graphs" name="test_graph_plugins_plan_handler_invalid_selection_policy" time="0.002" /><testcase classname="tests.cli.contract.test_cli_result_contract" name="test_error_to_dict_structure" time="0.001" /><testcase classname="tests.cli.handlers.test_subsystem" name="test_subsystem_list_handler_passes_filter_params" time="0.006" /><testcase classname="tests.cli.handlers.test_subsystem" name="test_subsystem_show_handler_returns_ok_when_found" time="0.004" /><testcase classname="tests.cli.rendering.test_service" name="test_render_result_with_warnings" time="0.001" /><testcase classname="tests.cli.property.test_validators_property" name="test_valid_strings_pass" time="0.001" /><testcase classname="tests.cli.handlers.test_storage" name="test_profile_storage_handler_returns_ok" time="0.003" /><testcase classname="tests.cli.handlers.test_ide" name="test_ide_hints_handler_returns_ok_when_hints_found" time="0.004" /><testcase classname="tests.cli.rendering.test_types" name="test_render_context_auto_detect_tty" time="0.001" /><testcase classname="tests.cli.shell.test_shell_mode" name="test_session_initialization" time="0.001" /><testcase classname="tests.cli.handlers.test_ops" name="test_op_list_handler_filters_by_category" time="0.003" /><testcase classname="tests.cli.rendering.test_types" name="test_render_context_auto_detect_with_override" time="0.001" /><testcase classname="tests.cli.performance.test_performance" name="test_json_output_overhead" time="0.026" /><testcase classname="tests.cli.golden.test_golden_output" name="test_not_found_error_json" time="0.007" /><testcase classname="tests.cli.handlers.test_subsystem" name="test_subsystem_coverage_result_to_dict" time="0.001" /><testcase classname="tests.cli.handlers.test_ops" name="test_serve_start_result_to_dict" time="0.001" /><testcase classname="tests.cli.shell.test_shell_mode" name="test_completer_initialization" time="0.001" /><testcase classname="tests.cli.handlers.test_graphs" name="test_graph_plan_stage_to_dict" time="0.001" /><testcase classname="tests.cli.shell.test_shell_mode" name="test_completer_has_operations" time="0.001" /><testcase classname="tests.cli.rendering.test_service" name="test_render_table_empty" time="0.001" /><testcase classname="tests.cli.property.test_validators_property" name="test_min_value_constraint" time="0.001" /><testcase classname="tests.cli.shell.test_shell_mode" name="test_help_shows_usage" time="0.001" /><testcase classname="tests.cli.handlers.test_storage" name="test_validate_macros_result_to_dict" time="0.001" /><testcase classname="tests.cli.property.test_validators_property" name="test_boolean_config_values[False]" time="0.010" /><testcase classname="tests.cli.handlers.test_subsystem" name="test_subsystem_coverage_handler_returns_ok" time="0.003" /><testcase classname="tests.cli.shell.test_shell_mode" name="test_get_unknown_variable" time="0.001" /><testcase classname="tests.cli.rendering.test_service" name="test_render_message_text" time="0.001" /><testcase classname="tests.cli.shell.test_shell_mode" name="test_list_shows_operations" time="0.001" /><testcase classname="tests.cli.handlers.test_docs" name="test_docs_validate_handler_project_error" time="0.002" /><testcase classname="tests.cli.shell.test_shell_mode" name="test_complete_operations" time="0.001" /><testcase classname="tests.cli.property.test_validators_property" name="test_max_length_constraint" time="0.001" /><testcase classname="tests.cli.test_build_cli.TestBuildStatusCommand" name="test_status_invalid_module" time="0.008" /><testcase classname="tests.cli.rendering.test_types" name="test_output_format_values" time="0.001" /><testcase classname="tests.cli.shell.test_shell_mode" name="test_parse_params_simple" time="0.001" /><testcase classname="tests.cli.shell.test_shell_mode" name="test_add_to_history" time="0.001" /><testcase classname="tests.cli.rendering.test_service" name="test_render_error_json" time="0.001" /><testcase classname="tests.cli.test_build_cli.TestBuildRunHelp" name="test_run_help_shows_options" time="0.049" /><testcase classname="tests.cli.handlers.test_ops" name="test_dataset_describe_result_to_dict" time="0.001" /><testcase classname="tests.cli.shell.test_shell_mode" name="test_session_persists_across_commands" time="0.001" /><testcase classname="tests.cli.rendering.test_service" name="test_render_result_failure" time="0.001" /><testcase classname="tests.cli.test_build_cli.TestBuildRunValidation" name="test_run_invalid_module" time="0.009" /><testcase classname="tests.cli.handlers.test_ide" name="test_ide_hints_handler_raises_when_rel_path_empty" time="0.003" /><testcase classname="tests.cli.shell.test_shell_mode" name="test_quit_command" time="0.001" /><testcase classname="tests.cli.handlers.test_subsystem" name="test_subsystem_show_handler_returns_fail_when_not_found" time="0.004" /><testcase classname="tests.cli.property.test_validators_property" name="test_fail_result_is_invalid" time="0.001" /><testcase classname="tests.cli.shell.test_shell_mode" name="test_set_command" time="0.001" /><testcase classname="tests.cli.rendering.test_types" name="test_render_context_for_testing" time="0.001" /><testcase classname="tests.cli.rendering.test_service" name="test_render_table_text" time="0.001" /><testcase classname="tests.cli.test_build_cli.TestBuildStatusHelp" name="test_status_help_shows_options" time="0.038" /><testcase classname="tests.cli.handlers.test_storage" name="test_generate_macros_handler_returns_ok_with_tables" time="0.004" /><testcase classname="tests.cli.shell.test_shell_mode" name="test_call_missing_operation" time="0.001" /><testcase classname="tests.cli.shell.test_shell_mode" name="test_complete_builtin_commands" time="0.001" /><testcase classname="tests.cli.rendering.test_types" name="test_render_context_auto_detect_non_tty" time="0.001" /><testcase classname="tests.cli.handlers.test_graphs" name="test_graph_plugins_list_handler_empty" time="0.001" /><testcase classname="tests.cli.handlers.test_subsystem" name="test_subsystem_list_result_to_dict" time="0.001" /><testcase classname="tests.cli.test_build_cli.TestBuildAppStructure" name="test_build_help_shows_commands" time="0.029" /><testcase classname="tests.cli.shell.test_shell_mode" name="test_history_command" time="0.001" /><testcase classname="tests.cli.shell.test_shell_mode" name="test_parse_params_multiple" time="0.001" /><testcase classname="tests.cli.test_build_cli.TestModuleOption" name="test_valid_module_names[analytics]" time="0.009" /><testcase classname="tests.cli.shell.test_shell_mode" name="test_search_filters_operations" time="0.001" /><testcase classname="tests.cli.shell.test_shell_mode" name="test_shell_initialization" time="0.001" /><testcase classname="tests.cli.shell.test_shell_mode" name="test_complete_partial_match" time="0.001" /><testcase classname="tests.cli.test_build_cli.TestBuildStatusHelp" name="test_status_help_shows_description" time="0.037" /><testcase classname="tests.cli.test_build_cli.TestJsonOutput" name="test_json_flag_recognized_on_run" time="0.048" /><testcase classname="tests.cli.shell.test_shell_mode" name="test_history_accumulates" time="0.001" /><testcase classname="tests.cli.test_build_cli.TestForceOption" name="test_force_flag_recognized" time="0.046" /><testcase classname="tests.cli.shell.test_shell_mode" name="test_session_variables" time="0.001" /><testcase classname="tests.cli.test_build_cli.TestBuildRunValidation" name="test_run_conflicting_selection_flags" time="0.011"><failure message="AssertionError: 'Provide exactly one of targets, --module, or --all.' not found in 'Error: No codeintel.yaml found. Provide --repo and --commit explicitly, or create a project file.\n'">@staticmethod
    def test_run_conflicting_selection_flags() -&gt; None:
        """Providing multiple selection mechanisms fails fast."""
        result = run_cli(["build", "run", "target_a", "--module", "ingestion", "--all"])
    
        expect_equal(result.exit_code, 1, label="exit_code")
&gt;       expect_in("Provide exactly one of targets, --module, or --all.", result.stderr)

tests/cli/test_build_cli.py:145: 
_ _ _ _ _ _ _ _ _ _ _ _ _ _ _ _ _ _ _ _ _ _ _ _ _ _ _ _ _ _ _ _ _ _ _ _ _ _ _ _ 

value = 'Provide exactly one of targets, --module, or --all.'
container = 'Error: No codeintel.yaml found. Provide --repo and --commit explicitly, or create a project file.\n'

    def expect_in(value: object, container: Iterable[object], *, label: str | None = None) -&gt; None:
        """Raise AssertionError when a value is not present in a container.
    
        Parameters
        ----------
        value
            Item expected to be present.
        container
            Container to inspect for membership.
        label
            Optional label prefix for the failure message.
    
        Raises
        ------
        AssertionError
            If the value is missing from the container.
        """
        if value in container:
            return
        failure_message = f"{_prefix(label)}{value!r} not found in {container!r}"
&gt;       raise AssertionError(failure_message)
E       AssertionError: 'Provide exactly one of targets, --module, or --all.' not found in 'Error: No codeintel.yaml found. Provide --repo and --commit explicitly, or create a project file.\n'

tests/_helpers/assertions/expectation_assertions.py:106: AssertionError</failure></testcase><testcase classname="tests.cli.shell.test_shell_mode" name="test_parse_params_with_spaces" time="0.001" /><testcase classname="tests.cli.test_cli_error_parity_apps" name="test_unknown_option_per_app[argv4---bogus]" time="0.009" /><testcase classname="tests.cli.shell.test_shell_mode" name="test_export_command" time="0.002" /><testcase classname="tests.cli.shell.test_shell_mode" name="test_get_command" time="0.001" /><testcase classname="tests.cli.test_build_cli.TestJsonOutput" name="test_json_flag_recognized_on_status" time="0.040" /><testcase classname="tests.cli.test_build_cli.TestModuleOption" name="test_valid_module_names[graphs]" time="0.011" /><testcase classname="tests.cli.test_cli_error_parity_apps" name="test_unknown_option_per_app[argv1---bogus]" time="0.010" /><testcase classname="tests.cli.test_build_cli.TestDryRun" name="test_dry_run_flag_recognized" time="0.051" /><testcase classname="tests.cli.test_cli_error_parity_apps" name="test_unknown_option_per_app[argv0---bogus]" time="0.008" /><testcase classname="tests.cli.test_build_cli.TestBuildAppStructure" name="test_build_no_args_shows_help" time="0.035" /><testcase classname="tests.cli.test_build_cli.TestModuleOption" name="test_valid_module_names[ingestion]" time="0.012" /><testcase classname="tests.cli.test_build_cli.TestBuildRunHelp" name="test_run_help_shows_description" time="0.045" /><testcase classname="tests.cli.test_build_cli.TestBuildRunValidation" name="test_run_unknown_target" time="0.009" /><testcase classname="tests.cli.test_cli_error_parity_apps" name="test_unknown_option_per_app[argv6---bogus]" time="0.010" /><testcase classname="tests.cli.test_cli_error_parity_apps" name="test_unknown_option_per_app[argv3---bogus]" time="0.007" /><testcase classname="tests.cli.shell.test_shell_mode" name="test_variable_substitution" time="0.001" /><testcase classname="tests.cli.test_cli_error_parity_apps" name="test_unknown_option_per_app[argv2---bogus]" time="0.008" /><testcase classname="tests.cli.test_cli_error_parity_apps" name="test_unknown_option_per_app[argv7---bogus]" time="0.014" /><testcase classname="tests.cli.test_cli_error_parity_apps" name="test_unknown_option_per_app[argv9---bogus]" time="0.008" /><testcase classname="tests.cli.golden.test_golden_output" name="test_op_list_text_output" time="0.010" /><testcase classname="tests.cli.shell.test_shell_mode" name="test_last_result_storage" time="0.001" /><testcase classname="tests.cli.performance.test_performance" name="test_version_command_fast" time="0.003" /><testcase classname="tests.cli.shell.test_shell_mode" name="test_complete_no_match" time="0.001" /><testcase classname="tests.cli.test_cli_error_parity_apps" name="test_unknown_command_per_app[argv6-nonesuch]" time="0.003" /><testcase classname="tests.cli.test_cli_error_parity_apps" name="test_unknown_command_per_app[argv8-nonesuch]" time="0.003" /><testcase classname="tests.cli.test_cli_error_parity_apps" name="test_unknown_option_per_app[argv8---bogus]" time="0.009" /><testcase classname="tests.cli.test_common_module" name="test_resolve_flag_and_backend_config" time="0.001" /><testcase classname="tests.cli.test_cli_error_parity_apps" name="test_unknown_command_per_app[argv7-nonesuch]" time="0.003" /><testcase classname="tests.cli.test_cli_scope_and_plan" name="test_cli_plugins_json_includes_enriched_metadata" time="0.019" /><testcase classname="tests.cli.test_build_cli.TestBuildStatusCommand" name="test_status_json_output_structure" time="0.008" /><testcase classname="tests.cli.test_common_module" name="test_runtime_field_returns_none_by_default" time="0.001" /><testcase classname="tests.cli.test_cli_errors" name="test_validation_error_exit_code" time="0.013" /><testcase classname="tests.cli.test_cli_error_parity_apps" name="test_unknown_command_per_app[argv10-nonesuch]" time="0.004" /><testcase classname="tests.cli.test_common_module" name="test_get_output_format_resolves_correctly" time="0.001" /><testcase classname="tests.cli.test_common_module" name="test_resolve_output_format_precedence" time="0.001" /><testcase classname="tests.cli.test_cli_error_parity_apps" name="test_unknown_command_per_app[argv9-nonesuch]" time="0.003" /><testcase classname="tests.cli.test_common_module" name="test_runtime_required_includes_all_missing_in_message" time="0.001" /><testcase classname="tests.cli.test_cli_error_parity_apps" name="test_unknown_command_per_app[argv0-nonesuch]" time="0.003" /><testcase classname="tests.cli.test_help_defaults_unit" name="test_help_renders_nested_defaults" time="0.038" /><testcase classname="tests.cli.test_cli_errors" name="test_unknown_command_normalized" time="0.003" /><testcase classname="tests.cli.test_common_module" name="test_get_verbose_extracts_verbose_level" time="0.001" /><testcase classname="tests.cli.test_help_defaults_unit" name="test_help_renders_positional_defaults" time="0.007" /><testcase classname="tests.cli.test_help_defaults_unit" name="test_help_renders_enum_choices_and_default" time="0.032" /><testcase classname="tests.cli.test_cli_errors" name="test_unknown_option_normalized" time="0.007" /><testcase classname="tests.cli.property.test_validators_property" name="test_max_value_constraint" time="0.001" /><testcase classname="tests.cli.test_help_defaults_unit" name="test_argument_collection_type_preserved" time="0.036" /><testcase classname="tests.cli.test_help_defaults_unit" name="test_patched_app_help_with_missing_metadata" time="0.037" /><testcase classname="tests.cli.test_common_module" name="test_runtime_required_raises_for_missing_fields" time="0.001" /><testcase classname="tests.cli.test_common_module" name="test_build_config_from_options_creates_paths" time="0.002" /><testcase classname="tests.cli.test_help_rendering" name="test_docs_export_help_renders" time="0.048" /><testcase classname="tests.cli.test_common_module" name="test_output_field_returns_none_by_default" time="0.001" /><testcase classname="tests.cli.test_docs_enums" name="test_docs_export_invalid_validation_mode" time="0.010" /><testcase classname="tests.cli.test_build_cli.TestBuildRunValidation" name="test_run_no_targets_no_module_error" time="0.009" /><testcase classname="tests.cli.test_help_rendering" name="test_docs_export_help_repeatable" time="0.073" /><testcase classname="tests.cli.property.test_validators_property" name="test_unknown_keys_handled" time="0.015" /><testcase classname="tests.cli.test_help_rendering" name="test_build_help_rendering" time="0.045" /><testcase classname="tests.cli.test_help_rendering" name="test_op_list_help_renders_core_options" time="0.039" /><testcase classname="tests.cli.test_cli_error_parity_apps" name="test_unknown_command_per_app[argv4-nonesuch]" time="0.004" /><testcase classname="tests.cli.test_help_rendering" name="test_storage_help_rendering" time="0.033" /><testcase classname="tests.cli.test_help_rendering" name="test_build_status_help_renders_core_flags" time="0.037" /><testcase classname="tests.cli.test_help_rendering" name="test_op_profiles_function_help" time="0.059" /><testcase classname="tests.cli.test_help_rendering" name="test_ops_help_rendering" time="0.015" /><testcase classname="tests.cli.test_help_defaults_unit" name="test_help_renders_custom_show_default_callable" time="0.034" /><testcase classname="tests.cli.test_cli_error_parity_apps" name="test_unknown_command_per_app[argv3-nonesuch]" time="0.003" /><testcase classname="tests.cli.test_cli_error_parity_apps" name="test_unknown_option_per_app[argv5---bogus]" time="0.012" /><testcase classname="tests.cli.test_help_rendering" name="test_op_datasets_list_help" time="0.027" /><testcase classname="tests.cli.test_op_dynamic_cli" name="test_classify_param_role_categorizes_correctly[function_goid_h128-selector]" time="0.001" /><testcase classname="tests.cli.test_help_rendering" name="test_datasets_lint_help" time="0.016" /><testcase classname="tests.cli.test_help_rendering" name="test_subsystem_list_help" time="0.019" /><testcase classname="tests.cli.test_op_dynamic_cli" name="test_classify_param_role_categorizes_correctly[limit-filter]" time="0.001" /><testcase classname="tests.cli.test_op_dynamic_cli" name="test_classify_param_role_categorizes_correctly[offset-filter]" time="0.001" /><testcase classname="tests.cli.test_cli_error_parity_apps" name="test_unknown_command_per_app[argv5-nonesuch]" time="0.003" /><testcase classname="tests.cli.test_op_dynamic_cli" name="test_classify_param_role_categorizes_correctly[tested_only-filter]" time="0.001" /><testcase classname="tests.cli.test_cli_scope_and_plan" name="test_cli_plan_outputs_isolation_and_scope_metadata" time="0.019" /><testcase classname="tests.cli.test_help_rendering" name="test_ide_hints_help" time="0.042" /><testcase classname="tests.cli.test_op_dynamic_cli" name="test_classify_param_role_categorizes_correctly[max_depth-filter]" time="0.001" /><testcase classname="tests.cli.test_op_dynamic_cli" name="test_classify_param_role_categorizes_correctly[min_risk-filter]" time="0.001" /><testcase classname="tests.cli.test_op_dynamic_cli" name="test_classify_param_role_categorizes_correctly[goid_h128-selector]" time="0.001" /><testcase classname="tests.cli.test_op_dynamic_cli" name="test_classify_param_role_categorizes_correctly[radius-advanced]" time="0.001" /><testcase classname="tests.cli.test_op_dynamic_cli" name="test_classify_param_role_categorizes_correctly[graph_scope-advanced]" time="0.001" /><testcase classname="tests.cli.test_op_dynamic_cli" name="test_classify_param_role_categorizes_correctly[max_nodes-advanced]" time="0.001" /><testcase classname="tests.cli.test_op_dynamic_cli" name="test_classify_param_role_categorizes_correctly[rel_path-selector]" time="0.001" /><testcase classname="tests.cli.test_help_rendering" name="test_graphs_help_renders_enum_choices" time="0.025" /><testcase classname="tests.cli.test_op_dynamic_cli" name="test_classify_param_role_categorizes_correctly[some_unknown_param-filter]" time="0.001" /><testcase classname="tests.cli.test_op_dynamic_cli" name="test_classify_param_role_with_graph_operation_context" time="0.001" /><testcase classname="tests.cli.test_op_dynamic_cli" name="test_get_backend_signature_for_known_operation" time="0.001" /><testcase classname="tests.cli.test_op_dynamic_cli" name="test_get_operations_with_cli_support_returns_list" time="0.001" /><testcase classname="tests.cli.test_help_defaults_unit" name="test_display_default_equality" time="0.001" /><testcase classname="tests.cli.test_op_dynamic_cli" name="test_classify_param_role_categorizes_correctly[subsystem_id-selector]" time="0.001" /><testcase classname="tests.cli.test_op_dynamic_cli" name="test_operation_validation_accepts_known" time="0.001" /><testcase classname="tests.cli.test_op_dynamic_cli" name="test_operation_metadata_available" time="0.002" /><testcase classname="tests.cli.test_op_dynamic_cli" name="test_operation_validation_rejects_unknown" time="0.001" /><testcase classname="tests.cli.test_op_dynamic_cli" name="test_operation_has_required_datasets" time="0.001" /><testcase classname="tests.cli.test_op_dynamic_cli" name="test_op_help_shows_core_commands" time="0.001" /><testcase classname="tests.cli.test_help_rendering" name="test_storage_help_renders_nested" time="0.014" /><testcase classname="tests.cli.test_op_dynamic_cli" name="test_classify_param_role_categorizes_correctly[qualname-selector]" time="0.001" /><testcase classname="tests.cli.test_op_dynamic_cli" name="test_dynamic_op_prereq_toggle_default_and_flag" time="0.001" /><testcase classname="tests.cli.test_op_dynamic_cli" name="test_dynamic_param_literal_shows_choices" time="0.001" /><testcase classname="tests.cli.test_help_rendering" name="test_history_help_renders_positional" time="0.035" /><testcase classname="tests.cli.test_op_dynamic_cli" name="test_dynamic_op_help_available" time="0.030" /><testcase classname="tests.cli.test_op_dynamic_cli" name="test_dynamic_op_skip_prereqs_defaults_false" time="0.001" /><testcase classname="tests.cli.test_op_dynamic_cli" name="test_dynamic_op_parses_and_forwards_params" time="0.001" /><testcase classname="tests.cli.test_op_dynamic_cli" name="test_dynamic_param_groups_match_role_titles" time="0.001" /><testcase classname="tests.cli.test_op_dynamic_cli" name="test_dynamic_cli_respects_operation_defaults" time="0.001" /><testcase classname="tests.cli.test_op_dynamic_cli" name="test_dynamic_param_env_path_defaults_to_venv" time="0.002" /><testcase classname="tests.cli.test_op_dynamic_cli" name="test_dynamic_op_returns_kwargs_with_converted_types" time="0.001" /><testcase classname="tests.cli.test_op_dynamic_cli" name="test_selector_params_come_first_in_classification" time="0.001" /><testcase classname="tests.cli.test_op_dynamic_cli" name="test_dynamic_op_path_and_literal_handling_end_to_end" time="0.001" /><testcase classname="tests.cli.test_op_dynamic_cli" name="test_dynamic_op_literal_choice_parsing" time="0.001" /><testcase classname="tests.cli.test_op_dynamic_cli" name="test_classify_param_role_categorizes_correctly[module-selector]" time="0.001" /><testcase classname="tests.cli.test_op_dynamic_cli" name="test_dynamic_op_env_default_uses_existing_venv" time="0.001" /><testcase classname="tests.cli.test_op_dynamic_cli" name="test_dynamic_op_bool_flag_without_negative" time="0.001" /><testcase classname="tests.cli.test_history_validation" name="test_history_timeseries_requires_commits" time="0.015" /><testcase classname="tests.cli.test_op_dynamic_cli" name="test_run_cli_embedding_returns_parsed_command" time="0.005" /><testcase classname="tests.cli.test_op_dynamic_cli" name="test_dynamic_op_required_vs_optional" time="0.001" /><testcase classname="tests.cli.test_op_dynamic_cli" name="test_dynamic_op_numeric_coercion_and_failure" time="0.001" /><testcase classname="tests.cli.test_op_dynamic_cli" name="test_op_list_succeeds_with_defaults" time="0.006" /><testcase classname="tests.cli.test_op_dynamic_cli" name="test_dynamic_op_output_and_input_paths" time="0.002" /><testcase classname="tests.cli.performance.test_performance" name="test_executor_cleanup" time="0.144" /><testcase classname="tests.cli.test_op_dynamic_cli" name="test_app_proxy_with_invalid_command_raises" time="0.002" /><testcase classname="tests.cli.test_op_dynamic_cli" name="test_dynamic_op_env_path_heuristics" time="0.001" /><testcase classname="tests.cli.test_op_dynamic_cli" name="test_classify_param_role_categorizes_correctly[scope-advanced]" time="0.001" /><testcase classname="tests.cli.test_history_timeseries_cli" name="test_history_timeseries_cli_happy_path" time="15.196" /><testcase classname="tests.cli.test_op_params" name="test_coerce_params_from_strings_skips_none" time="0.001" /><testcase classname="tests.cli.test_op_dynamic_cli" name="test_classify_param_role_categorizes_correctly[path-selector]" time="0.001" /><testcase classname="tests.cli.test_project_module" name="test_find_and_load_project_config" time="0.002" /><testcase classname="tests.cli.test_help_rendering" name="test_serve_http_help" time="0.014" /><testcase classname="tests.cli.test_op_dynamic_cli" name="test_dynamic_param_output_path_allows_missing_file" time="0.001" /><testcase classname="tests.cli.test_main_cli" name="test_cli_help" time="0.016" /><testcase classname="tests.cli.test_op_params" name="test_coerce_string_param_basic_types" time="0.000" /><testcase classname="tests.cli.test_typer_cli" name="test_op_list_filter_by_category" time="0.009" /><testcase classname="tests.cli.test_help_rendering" name="test_op_call_help_renders_core_options" time="0.017" /><testcase classname="tests.cli.test_op_dynamic_cli" name="test_build_operation_cli_metadata_for_function_summary" time="0.001" /><testcase classname="tests.cli.test_typer_cli" name="test_dataset_describe_known_dataset" time="0.008" /><testcase classname="tests.cli.test_typer_cli" name="test_pipeline_removed" time="0.002" /><testcase classname="tests.cli.test_project_module" name="test_missing_and_invalid_project_file" time="0.002" /><testcase classname="tests.cli.test_typer_cli" name="test_load_project_config_parses_yaml" time="0.003" /><testcase classname="tests.cli.test_typer_cli" name="test_find_project_root_raises_without_config" time="0.001" /><testcase classname="tests.cli.test_typer_cli" name="test_main_help" time="0.015" /><testcase classname="tests.cli.test_typer_cli" name="test_find_project_root_finds_config" time="0.001" /><testcase classname="tests.cli.test_typer_cli" name="test_build_run_all_requires_project" time="0.010" /><testcase classname="tests.cli.test_typer_cli" name="test_op_help" time="0.019" /><testcase classname="tests.cli.test_typer_cli" name="test_build_status_requires_project" time="0.006" /><testcase classname="tests.cli.unit.test_executor" name="test_spec_defaults" time="0.001" /><testcase classname="tests.cli.unit.test_executor" name="test_elapsed_seconds" time="0.011" /><testcase classname="tests.cli.unit.test_executor" name="test_context_creation" time="0.001" /><testcase classname="tests.cli.test_op_dynamic_cli" name="test_get_app_returns_root_application" time="0.001" /><testcase classname="tests.cli.test_op_dynamic_cli" name="test_classify_param_role_categorizes_correctly[kind-filter]" time="0.001" /><testcase classname="tests.cli.unit.test_executor" name="test_execute_with_validation_success" time="0.001" /><testcase classname="tests.cli.unit.test_executor" name="test_result_defaults" time="0.001" /><testcase classname="tests.cli.unit.test_executor" name="test_result_structure" time="0.001" /><testcase classname="tests.cli.unit.test_operation_handlers" name="test_build_status_no_params" time="0.001" /><testcase classname="tests.cli.unit.test_executor" name="test_spec_with_all_options" time="0.001" /><testcase classname="tests.cli.unit.test_operation_handlers" name="test_build_status_returns_structured_result" time="0.001" /><testcase classname="tests.cli.unit.test_operation_handlers" name="test_build_operations_have_correct_category" time="0.001" /><testcase classname="tests.cli.test_op_dynamic_cli" name="test_dynamic_op_env_default_requires_existing_venv" time="0.002" /><testcase classname="tests.cli.test_typer_cli" name="test_serve_http_help" time="0.012" /><testcase classname="tests.cli.unit.test_operation_handlers" name="test_op_list_returns_operations" time="0.001" /><testcase classname="tests.cli.unit.test_operation_handlers" name="test_op_call_with_unknown_operation" time="0.001" /><testcase classname="tests.cli.test_typer_cli" name="test_serve_mcp_help" time="0.011" /><testcase classname="tests.cli.unit.test_executor" name="test_execute_handler_error" time="0.001" /><testcase classname="tests.cli.unit.test_operation_handlers" name="test_storage_status_returns_info" time="0.001" /><testcase classname="tests.cli.test_main_cli" name="test_cli_unknown_command" time="0.002" /><testcase classname="tests.cli.unit.test_operation_handlers" name="test_registry_has_operations" time="0.001" /><testcase classname="tests.cli.test_typer_cli" name="test_build_help" time="0.005" /><testcase classname="tests.cli.unit.test_operation_handlers" name="test_registry_lookup_nonexistent" time="0.001" /><testcase classname="tests.cli.unit.test_operation_handlers" name="test_operations_have_required_fields" time="0.001" /><testcase classname="tests.cli.unit.test_executor" name="test_execute_validation_failure" time="0.001" /><testcase classname="tests.cli.test_typer_cli" name="test_dataset_help" time="0.006" /><testcase classname="tests.cli.test_op_dynamic_cli" name="test_cli_param_spec_has_correct_structure" time="0.001" /><testcase classname="tests.cli.unit.test_operation_handlers" name="test_dataset_list_returns_datasets" time="0.001" /><testcase classname="tests.cli.unit.test_executor" name="test_execute_success" time="0.001" /><testcase classname="tests.cli.unit.test_executor" name="test_execute_different_categories" time="0.001" /><testcase classname="tests.cli.test_help_rendering" name="test_dataset_list_help" time="0.012" /><testcase classname="tests.cli.unit.test_executor" name="test_execute_raises_exception" time="0.002" /><testcase classname="tests.cli.test_typer_cli" name="test_op_list_shows_operations" time="0.012" /><testcase classname="tests.cli.test_datasets_command" name="test_datasets_list" time="5.483" /><testcase classname="tests.cli.test_build_command" name="test_build_run_unknown_target" time="5.473" /><testcase classname="tests.cli.test_build_command" name="test_build_run_no_targets_raises" time="5.478" /><testcase classname="tests.cli.test_datasets_command" name="test_dataset_describe_unknown_returns_nonzero" time="5.492" /><testcase classname="tests.cli.test_build_command" name="test_build_run_success" time="5.541" /><testcase classname="tests.cli.test_datasets_command" name="test_datasets_snapshot_to_file" time="5.514" /><testcase classname="tests.cli.test_help_defaults_unit" name="test_all_cyclopts_locations_are_patched" time="0.001" /><testcase classname="tests.cli.test_help_rendering" name="test_op_graph_neighbors_help" time="0.027" /><testcase classname="tests.cli.test_help_rendering" name="test_build_history_help_renders_core_flags" time="0.013" /><testcase classname="tests.cli.test_build_command" name="test_build_run_conflicting_flags_raises" time="5.558" /><testcase classname="tests.cli.test_help_rendering" name="test_build_run_help_renders_output_flags" time="0.038" /><testcase classname="tests.cli.test_build_command" name="test_build_run_invalid_module_raises" time="5.522" /><testcase classname="tests.cli.test_build_command" name="test_build_run_dry_run" time="5.570" /><testcase classname="tests.cli.test_help_defaults_unit" name="test_display_default_repr_is_clean" time="0.001" /><testcase classname="tests.cli.test_cli_error_parity_apps" name="test_unknown_option_per_app[argv10---bogus]" time="0.005" /><testcase classname="tests.cli.test_datasets_command" name="test_datasets_scaffold_existing_name" time="5.534"><failure message="AssertionError: Expected exit 1, got 2:">cli_project_runner = &lt;function cli_project_runner.&lt;locals&gt;._run at 0x77df39d1a520&gt;

    @pytest.mark.usefixtures("cli_project_ctx")
    def test_datasets_scaffold_existing_name(
        cli_project_runner: Callable[[list[str]], CliResult],
    ) -&gt; None:
        """Scaffold should fail when dataset already exists in registry."""
        result = cli_project_runner(
            ["datasets", "scaffold", "ast_nodes", "--registry-check", "enabled", "--dry-run"]
        )
&gt;       assert_exit(result, 1)

tests/cli/test_datasets_command.py:47: 
_ _ _ _ _ _ _ _ _ _ _ _ _ _ _ _ _ _ _ _ _ _ _ _ _ _ _ _ _ _ _ _ _ _ _ _ _ _ _ _ 

result = CliResult(exit_code=2, stdout='', stderr='Error: No such command: scaffold\n', output='Error: No such command: scaffold\n')
code = 1

    def assert_exit(result: CliResult, code: int) -&gt; None:
        """Assert that a CLI invocation exited with the expected code.
    
        Raises
        ------
        AssertionError
            If the exit code differs from the expectation.
        """
        if result.exit_code != code:
            message = f"Expected exit {code}, got {result.exit_code}: {result.stdout}"
&gt;           raise AssertionError(message)
E           AssertionError: Expected exit 1, got 2:

tests/_helpers/cli.py:151: AssertionError</failure></testcase><testcase classname="tests.cli.test_storage_command" name="test_storage_validate_macros_success" time="5.533" /><testcase classname="tests.cli.test_cli_error_parity_apps" name="test_unknown_command_per_app[argv1-nonesuch]" time="0.003" /><testcase classname="tests.cli.test_storage_command" name="test_storage_validate_macros_failure" time="5.516" /><testcase classname="tests.cli.test_history_timeseries_cli" name="test_history_timeseries_cli_missing_snapshot" time="4.920" /><testcase classname="tests.cli.test_cli_error_parity_apps" name="test_unknown_command_per_app[argv2-nonesuch]" time="0.002" /><testcase classname="tests.cli.test_op_dynamic_cli" name="test_classify_param_role_categorizes_correctly[urn-selector]" time="0.001" /><testcase classname="tests.cli.test_typer_cli" name="test_dataset_describe_unknown_dataset" time="0.006" /><testcase classname="tests.cli.test_typer_cli" name="test_build_run_help" time="0.016" /><testcase classname="tests.cli.test_typer_cli" name="test_op_list_json_output" time="0.006" /></testsuite></testsuites>