<?xml version="1.0" encoding="utf-8"?><testsuites name="pytest tests"><testsuite name="pytest" errors="0" failures="0" skipped="0" tests="88" time="11.193" timestamp="2025-12-10T00:08:56.083991-05:00" hostname="paul-X870-AORUS-ELITE-WIFI7"><testcase classname="tests.cli.handlers.test_datasets" name="test_datasets_lint_handler_with_issues" time="0.005" /><testcase classname="tests.cli.handlers.test_command_context" name="test_command_context_error_raises_with_message" time="0.003" /><testcase classname="tests.cli.handlers.test_datasets" name="test_datasets_list_handler_empty" time="0.005" /><testcase classname="tests.cli.handlers.test_ops" name="test_op_list_handler_returns_ok" time="0.007" /><testcase classname="tests.cli.handlers.test_datasets" name="test_dataset_lint_result_to_dict" time="0.003" /><testcase classname="tests.cli.handlers.test_docs" name="test_docs_validate_handler_project_error" time="0.004" /><testcase classname="tests.cli.handlers.test_datasets" name="test_datasets_diff_handler_no_differences" time="0.007" /><testcase classname="tests.cli.handlers.test_ide" name="test_ide_hints_handler_returns_fail_when_no_hints" time="0.006" /><testcase classname="tests.cli.handlers.test_graphs" name="test_graph_plugins_list_handler_success" time="0.005" /><testcase classname="tests.cli.handlers.test_graphs" name="test_graph_plugins_list_handler_include_disabled" time="0.006" /><testcase classname="tests.cli.handlers.test_graphs" name="test_graph_plan_result_to_dict" time="0.003" /><testcase classname="tests.cli.handlers.test_datasets" name="test_datasets_diff_handler_baseline_not_found" time="0.005" /><testcase classname="tests.cli.handlers.test_ops" name="test_op_list_result_to_dict" time="0.004" /><testcase classname="tests.cli.handlers.test_ide" name="test_ide_hints_handler_raises_when_rel_path_empty" time="0.006" /><testcase classname="tests.cli.handlers.test_graphs" name="test_graph_plugins_plan_handler_success" time="0.005" /><testcase classname="tests.cli.handlers.test_datasets" name="test_datasets_snapshot_handler_success" time="0.006" /><testcase classname="tests.cli.handlers.test_ops" name="test_dataset_describe_result_to_dict" time="0.003" /><testcase classname="tests.cli.handlers.test_docs" name="test_docs_export_handler_skip_prereqs" time="0.005" /><testcase classname="tests.cli.handlers.test_graphs" name="test_graph_plugins_plan_handler_with_enable_disable" time="0.005" /><testcase classname="tests.cli.handlers.test_graphs" name="test_graph_plugins_result_to_dict" time="0.003" /><testcase classname="tests.cli.handlers.test_graphs" name="test_graph_plugins_plan_handler_invalid_selection_policy" time="0.004" /><testcase classname="tests.cli.handlers.test_docs" name="test_docs_validate_handler_success" time="0.005" /><testcase classname="tests.cli.handlers.test_docs" name="test_docs_validate_result_with_issues" time="0.003" /><testcase classname="tests.cli.handlers.test_docs" name="test_docs_export_handler_with_schemas_filter" time="0.005" /><testcase classname="tests.cli.handlers.test_deprecation_warnings" name="test_docs_handlers_deprecation_warning" time="0.011" /><testcase classname="tests.cli.handlers.test_docs" name="test_docs_export_result_with_none_datasets" time="0.003" /><testcase classname="tests.cli.handlers.test_docs" name="test_docs_export_handler_default_params" time="0.005" /><testcase classname="tests.cli.handlers.test_deprecation_warnings" name="test_storage_handlers_deprecation_warning" time="0.004" /><testcase classname="tests.cli.handlers.test_deprecation_warnings" name="test_build_handlers_deprecation_warning" time="0.005" /><testcase classname="tests.cli.handlers.test_datasets" name="test_dataset_diff_result_no_differences" time="0.003" /><testcase classname="tests.cli.handlers.test_command_context" name="test_command_context_raises_when_no_project" time="0.005" /><testcase classname="tests.cli.handlers.test_datasets" name="test_dataset_snapshot_result_to_dict" time="0.003" /><testcase classname="tests.cli.handlers.test_graphs" name="test_plan_mode_values" time="0.001" /><testcase classname="tests.cli.handlers.test_ops" name="test_dataset_list_result_to_dict" time="0.001" /><testcase classname="tests.cli.handlers.test_ide" name="test_ide_hints_handler_returns_ok_when_hints_found" time="0.003" /><testcase classname="tests.cli.handlers.test_datasets" name="test_datasets_snapshot_handler_missing_output" time="0.001" /><testcase classname="tests.cli.handlers.test_datasets" name="test_datasets_list_result_to_dict" time="0.001" /><testcase classname="tests.cli.handlers.test_docs" name="test_docs_export_handler_with_datasets_filter" time="0.002" /><testcase classname="tests.cli.handlers.test_docs" name="test_export_mode_values" time="0.001" /><testcase classname="tests.cli.handlers.test_ops" name="test_dataset_verify_result_to_dict" time="0.001" /><testcase classname="tests.cli.handlers.test_graphs" name="test_graph_plugins_plan_handler_invalid_dependency_policy" time="0.001" /><testcase classname="tests.cli.handlers.test_docs" name="test_docs_export_handler_project_error" time="0.001" /><testcase classname="tests.cli.handlers.test_datasets" name="test_datasets_diff_handler_success" time="0.002" /><testcase classname="tests.cli.handlers.test_docs" name="test_docs_validate_result_to_dict" time="0.001" /><testcase classname="tests.cli.handlers.test_command_context" name="test_command_context_uses_explicit_params" time="0.002" /><testcase classname="tests.cli.handlers.test_docs" name="test_docs_export_handler_dry_run_mode" time="0.002" /><testcase classname="tests.cli.handlers.test_deprecation_warnings" name="test_datasets_handlers_deprecation_warning" time="0.019" /><testcase classname="tests.cli.handlers.test_graphs" name="test_graph_plugins_list_handler_empty" time="0.001" /><testcase classname="tests.cli.handlers.test_datasets" name="test_datasets_lint_handler_success" time="0.002" /><testcase classname="tests.cli.handlers.test_datasets" name="test_dataset_diff_result_to_dict" time="0.001" /><testcase classname="tests.cli.handlers.test_graphs" name="test_graph_plan_stage_to_dict" time="0.001" /><testcase classname="tests.cli.handlers.test_docs" name="test_docs_export_handler_custom_validation" time="0.001" /><testcase classname="tests.cli.handlers.test_ide" name="test_ide_hints_handler_raises_when_rel_path_missing" time="0.003" /><testcase classname="tests.cli.handlers.test_ops" name="test_serve_start_result_to_dict" time="0.001" /><testcase classname="tests.cli.handlers.test_datasets" name="test_dataset_lint_result_with_issues_to_dict" time="0.001" /><testcase classname="tests.cli.handlers.test_graphs" name="test_graph_plugins_list_handler_with_names_filter" time="0.002" /><testcase classname="tests.cli.handlers.test_graphs" name="test_graph_plugins_plan_handler_with_skipped" time="0.002" /><testcase classname="tests.cli.handlers.test_docs" name="test_docs_export_result_to_dict" time="0.001" /><testcase classname="tests.cli.handlers.test_ops" name="test_op_call_result_to_dict" time="0.001" /><testcase classname="tests.cli.handlers.test_graphs" name="test_graph_plugin_info_to_dict" time="0.001" /><testcase classname="tests.cli.handlers.test_storage" name="test_generate_macros_handler_fails_when_no_tables" time="0.003" /><testcase classname="tests.cli.handlers.test_deprecation_warnings" name="test_ops_handlers_deprecation_warning" time="0.001" /><testcase classname="tests.cli.handlers.test_ops" name="test_op_list_handler_filters_by_category" time="0.003" /><testcase classname="tests.cli.handlers.test_datasets" name="test_datasets_diff_handler_missing_baseline" time="0.001" /><testcase classname="tests.cli.handlers.test_subsystem" name="test_subsystem_memberships_handler_returns_ok" time="0.005" /><testcase classname="tests.cli.handlers.test_subsystem" name="test_subsystem_memberships_handler_raises_when_module_missing" time="0.005" /><testcase classname="tests.cli.handlers.test_ide" name="test_ide_hints_result_to_dict" time="0.001" /><testcase classname="tests.cli.handlers.test_subsystem" name="test_subsystem_show_handler_returns_fail_when_not_found" time="0.005" /><testcase classname="tests.cli.handlers.test_subsystem" name="test_subsystem_list_handler_returns_ok_with_subsystems" time="0.005" /><testcase classname="tests.cli.handlers.test_subsystem" name="test_subsystem_show_result_to_dict" time="0.001" /><testcase classname="tests.cli.handlers.test_deprecation_warnings" name="test_graphs_handlers_deprecation_warning" time="0.003" /><testcase classname="tests.cli.handlers.test_datasets" name="test_datasets_list_handler_success" time="0.002" /><testcase classname="tests.cli.handlers.test_subsystem" name="test_subsystem_profiles_handler_returns_ok" time="0.004" /><testcase classname="tests.cli.handlers.test_subsystem" name="test_subsystem_show_handler_returns_ok_when_found" time="0.005" /><testcase classname="tests.cli.handlers.test_storage" name="test_generate_macros_handler_returns_ok_with_tables" time="0.003" /><testcase classname="tests.cli.handlers.test_storage" name="test_validate_macros_handler_returns_ok_when_valid" time="0.004" /><testcase classname="tests.cli.handlers.test_storage" name="test_profile_storage_handler_fails_when_no_output_dir" time="0.004" /><testcase classname="tests.cli.handlers.test_storage" name="test_validate_macros_result_to_dict" time="0.001" /><testcase classname="tests.cli.handlers.test_subsystem" name="test_subsystem_membership_result_to_dict" time="0.001" /><testcase classname="tests.cli.handlers.test_storage" name="test_profile_storage_handler_returns_ok" time="0.004" /><testcase classname="tests.cli.handlers.test_subsystem" name="test_subsystem_list_handler_passes_filter_params" time="0.005" /><testcase classname="tests.cli.handlers.test_storage" name="test_generate_macros_result_to_dict" time="0.001" /><testcase classname="tests.cli.handlers.test_subsystem" name="test_subsystem_show_handler_raises_when_id_missing" time="0.006" /><testcase classname="tests.cli.handlers.test_storage" name="test_profile_storage_result_to_dict" time="0.001" /><testcase classname="tests.cli.handlers.test_subsystem" name="test_subsystem_profiles_result_to_dict" time="0.001" /><testcase classname="tests.cli.handlers.test_subsystem" name="test_subsystem_coverage_handler_returns_ok" time="0.005" /><testcase classname="tests.cli.handlers.test_subsystem" name="test_subsystem_coverage_result_to_dict" time="0.001" /><testcase classname="tests.cli.handlers.test_subsystem" name="test_subsystem_list_result_to_dict" time="0.001" /></testsuite></testsuites>