<?xml version="1.0" encoding="utf-8"?><testsuites name="pytest tests"><testsuite name="pytest" errors="0" failures="0" skipped="0" tests="656" time="38.297" timestamp="2025-12-03T12:30:19.431682-05:00" hostname="paul-X870-AORUS-ELITE-WIFI7"><testcase classname="tests.analytics.adapters.test_base_adapters" name="test_create_delete_scope" time="0.001" /><testcase classname="tests.analytics.adapters.test_dependencies_adapter" name="test_compute_dep_id_unique_per_commit" time="0.001" /><testcase classname="tests.analytics.compute.test_dependencies_classification" name="test_pattern_matches_target_substring" time="0.001" /><testcase classname="tests.analytics.adapters.test_dependencies_adapter" name="test_dependency_aggregate_row_numeric_fields" time="0.001" /><testcase classname="tests.analytics.adapters.test_functions_adapter" name="test_function_goid_from_row_normalizes_path" time="0.001" /><testcase classname="tests.analytics.adapters.test_dependencies_adapter" name="test_dependency_call_row_goid_is_decimal" time="0.001" /><testcase classname="tests.analytics.compute.test_dependencies_classification" name="test_library_pattern_defaults" time="0.001" /><testcase classname="tests.analytics.adapters.test_dependencies_adapter" name="test_to_decimal_converts_int" time="0.000" /><testcase classname="tests.analytics.compute.test_dependencies_classification" name="test_pattern_no_match_missing_substring" time="0.000" /><testcase classname="tests.analytics.compute.test_dependencies_classification" name="test_pattern_matches_with_none_method" time="0.000" /><testcase classname="tests.analytics.compute.test_dependencies_classification" name="test_severity_score_none_returns_none" time="0.001" /><testcase classname="tests.analytics.compute.test_dependencies_classification" name="test_severity_scores_constant" time="0.000" /><testcase classname="tests.analytics.adapters.test_functions_adapter" name="test_function_goid_is_frozen" time="0.001" /><testcase classname="tests.analytics.compute.test_dependencies_classification" name="test_risk_score_calculation[high-3.0-9.0]" time="0.001" /><testcase classname="tests.analytics.adapters.test_base_adapters" name="test_simple_batch_table_name_property" time="0.001" /><testcase classname="tests.analytics.adapters.test_dependencies_adapter" name="test_dependency_call_row_modes_is_list" time="0.000" /><testcase classname="tests.analytics.adapters.test_dependencies_adapter" name="test_dependency_call_row_is_frozen" time="0.000" /><testcase classname="tests.analytics.adapters.test_dependencies_adapter" name="test_dependency_aggregate_row_creation" time="0.000" /><testcase classname="tests.analytics.compute.test_dependencies_classification" name="test_library_pattern_with_all_fields" time="0.000" /><testcase classname="tests.analytics.compute.test_dependencies_classification" name="test_classify_single_mode_match" time="0.001" /><testcase classname="tests.analytics.compute.test_dependencies_classification" name="test_classify_multiple_modes_match" time="0.000" /><testcase classname="tests.analytics.compute.test_dependencies_classification" name="test_risk_score_calculation[low-4.0-4.0]" time="0.002" /><testcase classname="tests.analytics.compute.test_dependencies_classification" name="test_risk_score_calculation[info-2.0-1.0]" time="0.001" /><testcase classname="tests.analytics.adapters.test_dependencies_adapter" name="test_to_decimal_handles_zero" time="0.000" /><testcase classname="tests.analytics.adapters.test_dependencies_adapter" name="test_to_decimal_handles_large_int" time="0.000" /><testcase classname="tests.analytics.adapters.test_dependencies_adapter" name="test_dependency_aggregate_row_list_fields" time="0.000" /><testcase classname="tests.analytics.adapters.test_dependencies_adapter" name="test_dependency_aggregate_row_is_frozen" time="0.001" /><testcase classname="tests.analytics.compute.test_dependencies_classification" name="test_severity_score_known_levels[high-3.0]" time="0.002" /><testcase classname="tests.analytics.compute.test_dependencies_classification" name="test_severity_score_known_levels[medium-2.0]" time="0.001" /><testcase classname="tests.analytics.compute.test_dependencies_classification" name="test_risk_score_none_severity" time="0.000" /><testcase classname="tests.analytics.compute.test_dependencies_classification" name="test_risk_score_none_criticality" time="0.000" /><testcase classname="tests.analytics.compute.test_dependencies_classification" name="test_severity_score_known_levels[low-1.0]" time="0.001" /><testcase classname="tests.analytics.adapters.test_base_adapters" name="test_delete_scope_defaults" time="0.000" /><testcase classname="tests.analytics.adapters.test_base_adapters" name="test_delete_scope_with_params" time="0.000" /><testcase classname="tests.analytics.adapters.test_base_adapters" name="test_delete_scope_with_columns" time="0.000" /><testcase classname="tests.analytics.compute.test_dependencies_classification" name="test_classify_by_target_substring" time="0.001" /><testcase classname="tests.analytics.compute.test_dependencies_classification" name="test_classify_multiple_patterns_accumulate" time="0.000" /><testcase classname="tests.analytics.compute.test_dependencies_classification" name="test_classify_returns_first_matched_pattern" time="0.000" /><testcase classname="tests.analytics.compute.test_dependencies_classification" name="test_classify_deduplicated_modes" time="0.001" /><testcase classname="tests.analytics.compute.test_dependencies_classification" name="test_pattern_no_match_prefix_with_none_method" time="0.000" /><testcase classname="tests.analytics.compute.test_dependencies_classification" name="test_severity_score_known_levels[info-0.5]" time="0.001" /><testcase classname="tests.analytics.compute.test_dependencies_classification" name="test_risk_score_calculation[critical-2.0-8.0]" time="0.001" /><testcase classname="tests.analytics.adapters.test_dependencies_adapter" name="test_dependency_call_row_creation" time="0.001" /><testcase classname="tests.analytics.compute.test_dependencies_classification" name="test_sqlalchemy_select_query" time="0.001" /><testcase classname="tests.analytics.compute.test_dependencies_classification" name="test_sqlalchemy_insert_is_write" time="0.000" /><testcase classname="tests.analytics.compute.test_dependencies_classification" name="test_sqlalchemy_delete_is_critical" time="0.000" /><testcase classname="tests.analytics.adapters.test_dependencies_adapter" name="test_dependency_aggregate_row_optional_fields" time="0.001" /><testcase classname="tests.analytics.compute.test_dependencies_classification" name="test_risk_score_zero_criticality" time="0.001" /><testcase classname="tests.analytics.compute.test_dependencies_classification" name="test_risk_level_admin_mode_is_high" time="0.001" /><testcase classname="tests.analytics.compute.test_dependencies_classification" name="test_risk_level_write_mode_is_high" time="0.001" /><testcase classname="tests.analytics.compute.test_dependencies_classification" name="test_risk_level_mixed_modes_with_write_is_high" time="0.002" /><testcase classname="tests.analytics.compute.test_dependencies_classification" name="test_classify_no_match_returns_unknown" time="0.001" /><testcase classname="tests.analytics.compute.test_dependencies_classification" name="test_risk_level_above_threshold_is_medium" time="0.000" /><testcase classname="tests.analytics.compute.test_dependencies_classification" name="test_risk_level_few_callsites_is_low" time="0.002" /><testcase classname="tests.analytics.compute.test_dependencies_classification" name="test_redis_get_by_prefix" time="0.000" /><testcase classname="tests.analytics.compute.test_dependencies_classification" name="test_risk_level_empty_modes_is_low" time="0.000" /><testcase classname="tests.analytics.compute.test_dependencies_classification" name="test_callsite_threshold_constant" time="0.000" /><testcase classname="tests.analytics.compute.test_dependencies_classification" name="test_risk_score_unknown_severity" time="0.001" /><testcase classname="tests.analytics.adapters.test_base_adapters" name="test_delete_scope_is_frozen" time="0.001" /><testcase classname="tests.analytics.compute.test_functions_signatures" name="test_signature_create_with_all_fields" time="0.000" /><testcase classname="tests.analytics.compute.test_functions_signatures" name="test_signature_is_frozen" time="0.001" /><testcase classname="tests.analytics.compute.test_functions_signatures" name="test_extract_simple_function" time="0.001" /><testcase classname="tests.analytics.compute.test_functions_signatures" name="test_extract_typed_function" time="0.000" /><testcase classname="tests.analytics.compute.test_functions_signatures" name="test_extract_no_params" time="0.002" /><testcase classname="tests.analytics.compute.test_dependencies_classification" name="test_severity_score_known_levels[critical-4.0]" time="0.001" /><testcase classname="tests.analytics.compute.test_functions_signatures" name="test_extract_staticmethod" time="0.001" /><testcase classname="tests.analytics.compute.test_functions_signatures" name="test_extract_property" time="0.000" /><testcase classname="tests.analytics.compute.test_functions_signatures" name="test_extract_simple_decorator" time="0.001" /><testcase classname="tests.analytics.compute.test_functions_signatures" name="test_extract_multiple_decorators" time="0.001" /><testcase classname="tests.analytics.compute.test_dependencies_classification" name="test_pattern_no_match_empty_pattern" time="0.001" /><testcase classname="tests.analytics.compute.test_functions_signatures" name="test_extract_call_decorator" time="0.002" /><testcase classname="tests.analytics.compute.test_functions_signatures" name="test_extract_no_docstring" time="0.000" /><testcase classname="tests.analytics.compute.test_functions_signatures" name="test_extract_non_function_node" time="0.000" /><testcase classname="tests.analytics.compute.test_functions_signatures" name="test_extract_method_with_self" time="0.000" /><testcase classname="tests.analytics.compute.test_dependencies_classification" name="test_severity_score_unknown_returns_none" time="0.001" /><testcase classname="tests.analytics.compute.test_dependencies_classification" name="test_risk_score_calculation[medium-1.5-3.0]" time="0.001" /><testcase classname="tests.analytics.compute.test_functions_signatures" name="test_extract_positional_or_keyword_param" time="0.001" /><testcase classname="tests.analytics.compute.test_functions_signatures" name="test_extract_keyword_only_param" time="0.001" /><testcase classname="tests.analytics.compute.test_functions_signatures" name="test_extract_complex_signature_all_kinds" time="0.000" /><testcase classname="tests.analytics.compute.test_functions_signatures" name="test_extract_positional_only_param" time="0.001" /><testcase classname="tests.analytics.compute.test_functions_signatures" name="test_extract_keyword_only_default" time="0.001" /><testcase classname="tests.analytics.compute.test_functions_signatures" name="test_extract_default_qualname" time="0.001" /><testcase classname="tests.analytics.compute.test_functions_signatures" name="test_extract_no_defaults" time="0.001" /><testcase classname="tests.analytics.compute.test_functions_signatures" name="test_extract_var_positional_param" time="0.001" /><testcase classname="tests.analytics.compute.test_dependencies_classification" name="test_redis_flushall_is_admin" time="0.000" /><testcase classname="tests.analytics.compute.test_functions_signatures" name="test_extract_custom_qualname" time="0.000" /><testcase classname="tests.analytics.compute.test_functions_signatures" name="test_extract_simple_annotation" time="0.000" /><testcase classname="tests.analytics.compute.test_functions_signatures" name="test_extract_no_annotation" time="0.001" /><testcase classname="tests.analytics.compute.test_functions_signatures" name="test_extract_with_default" time="0.000" /><testcase classname="tests.analytics.compute.test_dependencies_classification" name="test_risk_level_many_callsites_is_medium" time="0.001" /><testcase classname="tests.analytics.compute.test_functions_signatures" name="test_realistic_api_handler" time="0.001" /><testcase classname="tests.analytics.compute.test_graphs_centrality" name="test_metrics_create_all_fields" time="0.001" /><testcase classname="tests.analytics.compute.test_graphs_centrality" name="test_metrics_is_frozen" time="0.000" /><testcase classname="tests.analytics.compute.test_functions_signatures" name="test_realistic_test_function" time="0.001" /><testcase classname="tests.analytics.compute.test_dependencies_classification" name="test_requests_http_get" time="0.001" /><testcase classname="tests.analytics.compute.test_graphs_centrality" name="test_pagerank_empty_graph" time="0.001" /><testcase classname="tests.analytics.compute.test_graphs_centrality" name="test_pagerank_simple_chain" time="0.079" /><testcase classname="tests.analytics.compute.test_functions_signatures" name="test_extract_async_function" time="0.001" /><testcase classname="tests.analytics.compute.test_graphs_centrality" name="test_pagerank_realistic_call_graph" time="0.084" /><testcase classname="tests.analytics.compute.test_functions_signatures" name="test_extract_attribute_decorator" time="0.001" /><testcase classname="tests.analytics.compute.test_graphs_centrality" name="test_pagerank_disconnected_components" time="0.131" /><testcase classname="tests.analytics.compute.test_functions_signatures" name="test_extract_classmethod" time="0.001" /><testcase classname="tests.analytics.compute.test_graphs_centrality" name="test_betweenness_empty_graph" time="0.002" /><testcase classname="tests.analytics.compute.test_functions_signatures" name="test_extract_var_keyword_param" time="0.001" /><testcase classname="tests.analytics.compute.test_graphs_centrality" name="test_betweenness_cycle_equal" time="0.002" /><testcase classname="tests.analytics.compute.test_functions_signatures" name="test_extract_mixed_defaults" time="0.001" /><testcase classname="tests.analytics.compute.test_graphs_centrality" name="test_betweenness_disconnected_components" time="0.002" /><testcase classname="tests.analytics.compute.test_graphs_centrality" name="test_betweenness_normalized" time="0.001" /><testcase classname="tests.analytics.compute.test_graphs_centrality" name="test_betweenness_realistic_call_graph" time="0.001" /><testcase classname="tests.analytics.compute.test_graphs_centrality" name="test_betweenness_unnormalized" time="0.001" /><testcase classname="tests.analytics.compute.test_functions_signatures" name="test_extract_complex_annotation" time="0.001" /><testcase classname="tests.analytics.compute.test_graphs_centrality" name="test_both_metrics_same_nodes" time="0.097" /><testcase classname="tests.analytics.compute.test_graphs_centrality" name="test_betweenness_single_node_zero" time="0.001" /><testcase classname="tests.analytics.compute.test_graphs_centrality" name="test_betweenness_chain_middle_nodes_high" time="0.001" /><testcase classname="tests.analytics.compute.test_graphs_centrality" name="test_betweenness_keys_are_strings" time="0.001" /><testcase classname="tests.analytics.compute.test_graphs_centrality" name="test_pagerank_single_node" time="0.090" /><testcase classname="tests.analytics.compute.test_functions_signatures" name="test_realistic_cli_command" time="0.001" /><testcase classname="tests.analytics.compute.test_graphs_statistics" name="test_statistics_is_frozen" time="0.001" /><testcase classname="tests.analytics.compute.test_graphs_statistics" name="test_stats_empty_graph" time="0.003" /><testcase classname="tests.analytics.compute.test_graphs_centrality" name="test_betweenness_values_are_floats" time="0.003" /><testcase classname="tests.analytics.compute.test_graphs_centrality" name="test_betweenness_sampled_with_k" time="0.001" /><testcase classname="tests.analytics.compute.test_graphs_statistics" name="test_stats_single_node" time="0.002" /><testcase classname="tests.analytics.compute.test_graphs_statistics" name="test_stats_multiple_components" time="0.006" /><testcase classname="tests.analytics.compute.test_graphs_centrality" name="test_betweenness_star_hub_high" time="0.001" /><testcase classname="tests.analytics.compute.test_graphs_statistics" name="test_out_degrees_star_graph" time="0.002" /><testcase classname="tests.analytics.compute.test_graphs_statistics" name="test_in_degrees_simple_chain" time="0.002" /><testcase classname="tests.analytics.compute.test_graphs_statistics" name="test_in_degrees_star_graph" time="0.001" /><testcase classname="tests.analytics.compute.test_graphs_statistics" name="test_stats_strongly_connected_graph" time="0.001" /><testcase classname="tests.analytics.compute.test_graphs_statistics" name="test_stats_realistic_call_graph" time="0.001" /><testcase classname="tests.analytics.compute.test_graphs_statistics" name="test_stats_simple_dag_is_dag" time="0.003" /><testcase classname="tests.analytics.compute.test_graphs_statistics" name="test_degrees_empty_graph" time="0.002" /><testcase classname="tests.analytics.compute.test_graphs_statistics" name="test_out_degrees_empty_graph" time="0.000" /><testcase classname="tests.analytics.compute.test_graphs_statistics" name="test_in_degrees_empty_graph" time="0.000" /><testcase classname="tests.analytics.compute.test_graphs_statistics" name="test_degree_values_empty_graph" time="0.001" /><testcase classname="tests.analytics.compute.test_graphs_statistics" name="test_degrees_simple_path" time="0.001" /><testcase classname="tests.analytics.compute.test_graphs_statistics" name="test_in_degree_values_empty_graph" time="0.001" /><testcase classname="tests.analytics.compute.test_graphs_statistics" name="test_in_degree_values_only" time="0.001" /><testcase classname="tests.analytics.compute.test_graphs_statistics" name="test_out_degree_values_empty_graph" time="0.000" /><testcase classname="tests.analytics.compute.test_graphs_statistics" name="test_degree_values_only" time="0.003" /><testcase classname="tests.analytics.compute.test_graphs_statistics" name="test_out_degrees_simple_chain" time="0.002" /><testcase classname="tests.analytics.compute.test_graphs_statistics" name="test_statistics_consistency" time="0.001" /><testcase classname="tests.analytics.compute.test_graphs_statistics" name="test_degrees_triangle" time="0.002" /><testcase classname="tests.analytics.compute.test_graphs_statistics" name="test_various_graph_sizes" time="0.003" /><testcase classname="tests.analytics.compute.test_graphs_statistics" name="test_out_degree_values_only" time="0.001" /><testcase classname="tests.analytics.compute.test_profiles" name="test_aggregates_default_values" time="0.001" /><testcase classname="tests.analytics.compute.test_graphs_statistics" name="test_degree_functions_match_statistics" time="0.001" /><testcase classname="tests.analytics.compute.test_profiles" name="test_aggregate_empty_metrics" time="0.000" /><testcase classname="tests.analytics.compute.test_profiles" name="test_aggregate_complexity_buckets" time="0.000" /><testcase classname="tests.analytics.compute.test_profiles" name="test_aggregates_custom_values" time="0.001" /><testcase classname="tests.analytics.compute.test_profiles" name="test_stats_all_typed" time="0.001" /><testcase classname="tests.analytics.compute.test_profiles" name="test_stats_mixed_typedness" time="0.000" /><testcase classname="tests.analytics.compute.test_profiles" name="test_aggregate_single_function" time="0.000" /><testcase classname="tests.analytics.compute.test_profiles" name="test_aggregate_multiple_functions" time="0.000" /><testcase classname="tests.analytics.compute.test_profiles" name="test_stats_avg_loc" time="0.000" /><testcase classname="tests.analytics.compute.test_profiles" name="test_aggregate_average_typedness" time="0.000" /><testcase classname="tests.analytics.compute.test_profiles" name="test_aggregate_realistic_codebase" time="0.000" /><testcase classname="tests.analytics.compute.test_profiles" name="test_metric_create" time="0.000" /><testcase classname="tests.analytics.compute.test_profiles" name="test_features_create" time="0.000" /><testcase classname="tests.analytics.compute.test_profiles" name="test_features_is_frozen" time="0.000" /><testcase classname="tests.analytics.compute.test_profiles" name="test_extract_small_simple_typed" time="0.000" /><testcase classname="tests.analytics.compute.test_profiles" name="test_stats_all_present" time="0.001" /><testcase classname="tests.analytics.compute.test_profiles" name="test_aggregate_typedness_counts" time="0.002" /><testcase classname="tests.analytics.compute.test_profiles" name="test_extract_medium_moderate_partial" time="0.001" /><testcase classname="tests.analytics.compute.test_profiles" name="test_stats_empty_aggregates" time="0.002" /><testcase classname="tests.analytics.compute.test_profiles" name="test_extract_large_complex_untyped" time="0.001" /><testcase classname="tests.analytics.compute.test_profiles" name="test_complexity_normalization" time="0.002" /><testcase classname="tests.analytics.compute.test_profiles" name="test_quality_score_bounds" time="0.000" /><testcase classname="tests.analytics.compute.test_profiles" name="test_size_boundary_small_medium" time="0.001" /><testcase classname="tests.analytics.compute.test_profiles" name="test_quality_score_weights" time="0.000" /><testcase classname="tests.analytics.compute.test_semantic_roles" name="test_context_name_simple" time="0.001" /><testcase classname="tests.analytics.compute.test_graphs_centrality" name="test_pagerank_cycle_equal" time="0.002" /><testcase classname="tests.analytics.compute.test_profiles" name="test_aggregate_then_extract" time="0.000" /><testcase classname="tests.analytics.compute.test_profiles" name="test_realistic_codebase_features" time="0.000" /><testcase classname="tests.analytics.compute.test_semantic_roles" name="test_context_rel_path_lower" time="0.000" /><testcase classname="tests.analytics.compute.test_semantic_roles" name="test_context_module_lower" time="0.001" /><testcase classname="tests.analytics.compute.test_profiles" name="test_size_boundary_medium_large" time="0.000" /><testcase classname="tests.analytics.compute.test_profiles" name="test_complexity_boundary" time="0.001" /><testcase classname="tests.analytics.compute.test_graphs_centrality" name="test_pagerank_star_hub_low" time="0.001" /><testcase classname="tests.analytics.compute.test_profiles" name="test_threshold_constants" time="0.000" /><testcase classname="tests.analytics.compute.test_semantic_roles" name="test_context_tag_strings" time="0.002" /><testcase classname="tests.analytics.compute.test_semantic_roles" name="test_context_name_property" time="0.005" /><testcase classname="tests.analytics.compute.test_graphs_centrality" name="test_pagerank_custom_alpha" time="0.003" /><testcase classname="tests.analytics.compute.test_profiles" name="test_typedness_boundary" time="0.001" /><testcase classname="tests.analytics.compute.test_semantic_roles" name="test_classify_pytest_fixture" time="0.001" /><testcase classname="tests.analytics.compute.test_semantic_roles" name="test_accumulator_framework_first_wins" time="0.000" /><testcase classname="tests.analytics.compute.test_semantic_roles" name="test_accumulator_finalize_empty" time="0.000" /><testcase classname="tests.analytics.compute.test_semantic_roles" name="test_accumulator_finalize_below_threshold" time="0.000" /><testcase classname="tests.analytics.compute.test_semantic_roles" name="test_context_module_lower_none" time="0.000" /><testcase classname="tests.analytics.compute.test_semantic_roles" name="test_accumulator_finalize_picks_highest" time="0.000" /><testcase classname="tests.analytics.compute.test_semantic_roles" name="test_accumulator_finalize_caps_confidence" time="0.000" /><testcase classname="tests.analytics.compute.test_graphs_centrality" name="test_pagerank_custom_max_iter" time="0.001" /><testcase classname="tests.analytics.compute.test_semantic_roles" name="test_accumulator_bump_single" time="0.000" /><testcase classname="tests.analytics.compute.test_semantic_roles" name="test_accumulator_bump_accumulates" time="0.000" /><testcase classname="tests.analytics.compute.test_semantic_roles" name="test_classify_api_handler" time="0.001" /><testcase classname="tests.analytics.compute.test_semantic_roles" name="test_classify_flask_route" time="0.000" /><testcase classname="tests.analytics.compute.test_semantic_roles" name="test_classify_test_function" time="0.000" /><testcase classname="tests.analytics.compute.test_semantic_roles" name="test_accumulator_finalize_above_threshold" time="0.000" /><testcase classname="tests.analytics.compute.test_graphs_centrality" name="test_pagerank_reverse_star_hub_high" time="0.002" /><testcase classname="tests.analytics.compute.test_semantic_roles" name="test_classify_validator" time="0.001" /><testcase classname="tests.analytics.compute.test_graphs_centrality" name="test_pagerank_custom_tolerance" time="0.007" /><testcase classname="tests.analytics.compute.test_semantic_roles" name="test_classify_validator_by_name[validate]" time="0.001" /><testcase classname="tests.analytics.compute.test_semantic_roles" name="test_accumulator_bump_with_framework" time="0.001" /><testcase classname="tests.analytics.compute.test_semantic_roles" name="test_classify_validator_by_name[check]" time="0.001" /><testcase classname="tests.analytics.compute.test_semantic_roles" name="test_classify_returns_signals" time="0.001" /><testcase classname="tests.analytics.compute.test_semantic_roles" name="test_classify_other" time="0.000" /><testcase classname="tests.analytics.compute.test_semantic_roles" name="test_classify_cli_typer" time="0.003" /><testcase classname="tests.analytics.compute.test_semantic_roles" name="test_classify_cli_path" time="0.000" /><testcase classname="tests.analytics.compute.test_graphs_centrality" name="test_metrics_identify_different_importance" time="0.002" /><testcase classname="tests.analytics.compute.test_semantic_roles" name="test_classify_test_prefix" time="0.001" /><testcase classname="tests.analytics.compute.test_semantic_roles" name="test_modules_classify_from_tags" time="0.000" /><testcase classname="tests.analytics.compute.test_semantic_roles" name="test_classify_repository" time="0.000" /><testcase classname="tests.analytics.compute.test_graphs_centrality" name="test_dense_graph_metrics" time="0.007" /><testcase classname="tests.analytics.compute.test_semantic_roles" name="test_classify_validator_by_name[assert]" time="0.001" /><testcase classname="tests.analytics.compute.test_semantic_roles" name="test_classify_config_loader" time="0.000" /><testcase classname="tests.analytics.compute.test_semantic_roles" name="test_classify_helper" time="0.000" /><testcase classname="tests.analytics.compute.test_semantic_roles" name="test_modules_classify_from_functions" time="0.000" /><testcase classname="tests.analytics.compute.test_graphs_statistics" name="test_stats_cycle_is_not_dag" time="0.002" /><testcase classname="tests.analytics.compute.test_graphs_statistics" name="test_stats_node_and_edge_counts" time="0.001" /><testcase classname="tests.analytics.compute.test_graphs_statistics" name="test_stats_density_calculation" time="0.001" /><testcase classname="tests.analytics.compute.test_semantic_roles" name="test_classify_cli_click" time="0.001" /><testcase classname="tests.analytics.compute.test_semantic_roles" name="test_modules_classify_below_threshold" time="0.000" /><testcase classname="tests.analytics.compute.test_semantic_roles" name="test_modules_classify_multiple" time="0.001" /><testcase classname="tests.analytics.compute.test_semantic_roles" name="test_modules_classify_empty" time="0.001" /><testcase classname="tests.analytics.compute.test_semantic_roles" name="test_classify_validator_by_name[ensure]" time="0.001" /><testcase classname="tests.analytics.compute.test_semantic_roles" name="test_decorator_names_simple" time="0.000" /><testcase classname="tests.analytics.compute.test_semantic_roles" name="test_classify_service" time="0.000" /><testcase classname="tests.analytics.compute.test_semantic_roles" name="test_decorator_names_multiple" time="0.000" /><testcase classname="tests.analytics.compute.test_semantic_roles" name="test_constants_helper_loc_threshold_positive" time="0.000" /><testcase classname="tests.analytics.compute.test_semantic_roles" name="test_constants_role_threshold_positive" time="0.000" /><testcase classname="tests.analytics.compute.test_semantic_roles" name="test_decorator_names_attribute" time="0.000" /><testcase classname="tests.analytics.compute.test_semantic_roles" name="test_classify_module_tags" time="0.000" /><testcase classname="tests.analytics.core.test_contract_helpers" name="test_builds_contracts_from_metadata_outputs" time="0.001" /><testcase classname="tests.analytics.core.test_contract_helpers" name="test_returns_empty_when_no_contracts_available" time="0.001" /><testcase classname="tests.analytics.core.test_executor_contracts" name="test_contracts_cached_per_plugin_name" time="0.002" /><testcase classname="tests.analytics.compute.test_semantic_roles" name="test_modules_classify_ignores_other" time="0.000" /><testcase classname="tests.analytics.core.test_executor_contracts" name="test_contracts_not_rebuilt_after_cache_fill" time="0.001" /><testcase classname="tests.analytics.core.test_executor_contracts" name="test_execute_populates_contract_results_for_metadata_contracts" time="5.313" /><testcase classname="tests.analytics.compute.test_graphs_statistics" name="test_stats_average_degrees" time="0.001" /><testcase classname="tests.analytics.core.test_executor_helpers" name="test_execute_plugin_handles_validation_failure" time="2.515" /><testcase classname="tests.analytics.compute.test_graphs_centrality" name="test_pagerank_sums_to_one" time="0.002" /><testcase classname="tests.analytics.compute.test_graphs_centrality" name="test_pagerank_keys_are_strings" time="0.002" /><testcase classname="tests.analytics.compute.test_semantic_roles" name="test_decorator_names_empty" time="0.000" /><testcase classname="tests.analytics.core.test_plugin_protocol" name="test_plugin_capability_kind[analytics.function_metrics-dataset-dataset]" time="0.001" /><testcase classname="tests.analytics.core.test_plugin_protocol" name="test_plugin_capability_kind[test.cap-None-dataset]" time="0.001" /><testcase classname="tests.analytics.core.test_contract_helpers" name="test_prefers_explicit_output_contracts" time="0.000" /><testcase classname="tests.analytics.core.test_plugin_protocol" name="test_plugin_result_ok_variants[row_counts1-artifacts1-meta1]" time="0.001" /><testcase classname="tests.analytics.compute.test_semantic_roles" name="test_decorator_names_call" time="0.001" /><testcase classname="tests.analytics.core.test_plugin_protocol" name="test_validation_result[case2]" time="0.002" /><testcase classname="tests.analytics.compute.test_semantic_roles" name="test_constants_service_fan_thresholds_positive" time="0.000" /><testcase classname="tests.analytics.core.test_plugin_protocol" name="test_plugin_output_spec_creation[spec1-expected_tables1-json_report]" time="0.001" /><testcase classname="tests.analytics.core.test_plugin_protocol" name="test_validation_result[case0]" time="0.001" /><testcase classname="tests.analytics.core.test_executor_contracts" name="test_contracts_empty_when_no_outputs_or_explicit" time="0.000" /><testcase classname="tests.analytics.core.test_plugin_protocol" name="test_plugin_resource_hints[hints0-expected0]" time="0.002" /><testcase classname="tests.analytics.compute.test_graphs_centrality" name="test_pagerank_values_are_floats" time="0.004" /><testcase classname="tests.analytics.compute.test_graphs_statistics" name="test_statistics_create_all_fields" time="0.001" /><testcase classname="tests.analytics.core.test_plugin_protocol" name="test_plugin_input_spec_creation[case0]" time="0.001" /><testcase classname="tests.analytics.core.test_plugin_protocol" name="test_plugin_result_fail[Something went wrong-warnings0-artifacts0-row_counts0]" time="0.001" /><testcase classname="tests.analytics.core.test_plugin_protocol" name="test_plugin_input_spec_creation[case1]" time="0.001" /><testcase classname="tests.analytics.core.test_plugin_protocol" name="test_plugin_result_ok" time="0.000" /><testcase classname="tests.analytics.core.test_plugin_protocol" name="test_plugin_metadata_full" time="0.001" /><testcase classname="tests.analytics.core.test_plugin_protocol" name="test_plugin_resource_hints[hints1-expected1]" time="0.001" /><testcase classname="tests.analytics.core.test_plugin_registration" name="test_ensure_plugins_registered_is_idempotent" time="0.013" /><testcase classname="tests.analytics.core.test_plugin_protocol" name="test_plugin_capability_is_frozen" time="0.001" /><testcase classname="tests.analytics.core.test_plugin_registration" name="test_expected_plugins_are_registered" time="0.014" /><testcase classname="tests.analytics.core.test_plugin_protocol" name="test_validation_result[case1]" time="0.001" /><testcase classname="tests.analytics.core.test_plugin_protocol" name="test_plugin_result_fail[Fatal error-warnings1-artifacts1-row_counts1]" time="0.001" /><testcase classname="tests.analytics.core.test_plugin_registration" name="test_plugins_by_stage" time="0.014" /><testcase classname="tests.analytics.core.test_plugin_protocol" name="test_plugin_output_spec_creation[spec0-expected_tables0-None]" time="0.001" /><testcase classname="tests.analytics.core.test_plugin_registration" name="test_plan_with_disabled_plugin" time="0.013" /><testcase classname="tests.analytics.core.test_plugin_protocol" name="test_plugin_metadata_minimal" time="0.002" /><testcase classname="tests.analytics.core.test_plugin_registration" name="test_plugins_can_be_retrieved_by_name" time="0.017" /><testcase classname="tests.analytics.core.test_plugin_protocol" name="test_plugin_result_ok_variants[row_counts0-artifacts0-meta0]" time="0.001" /><testcase classname="tests.analytics.core.test_recipes" name="test_recipe_with_plugins_is_immutable" time="0.000" /><testcase classname="tests.analytics.core.test_recipes" name="test_recipe_with_fail_fast_returns_new_instance[case1]" time="0.001" /><testcase classname="tests.analytics.core.test_recipes" name="test_recipe_with_config_returns_new_instance" time="0.000" /><testcase classname="tests.analytics.core.test_recipes" name="test_create_empty_scope" time="0.000" /><testcase classname="tests.analytics.core.test_plugin_registration" name="test_no_duplicate_plugin_names" time="0.001" /><testcase classname="tests.analytics.core.test_recipes" name="test_create_scope_with_paths_and_modules" time="0.000" /><testcase classname="tests.analytics.core.test_plugin_registration" name="test_all_plugins_constant_matches_registry" time="0.001" /><testcase classname="tests.analytics.core.test_recipes" name="test_register_and_get_recipe" time="0.001" /><testcase classname="tests.analytics.core.test_recipes" name="test_register_duplicate_raises" time="0.001" /><testcase classname="tests.analytics.core.test_recipes" name="test_get_optional_unknown_returns_none" time="0.000" /><testcase classname="tests.analytics.core.test_recipes" name="test_recipe_with_fail_fast_returns_new_instance[case0]" time="0.001" /><testcase classname="tests.analytics.core.test_plugin_registration" name="test_plan_unknown_plugin_raises" time="0.001" /><testcase classname="tests.analytics.core.test_plugin_registration" name="test_plugins_have_valid_metadata" time="0.001" /><testcase classname="tests.analytics.core.test_plugin_registration" name="test_nonexistent_plugin_raises_keyerror" time="0.000" /><testcase classname="tests.analytics.core.test_recipes" name="test_compose_recipes_deduplicates_plugins_and_merges_tags" time="0.001" /><testcase classname="tests.analytics.core.test_plugin_registration" name="test_plan_single_plugin" time="0.001" /><testcase classname="tests.analytics.core.test_recipes" name="test_recipe_builder_variations[case1]" time="0.001" /><testcase classname="tests.analytics.core.test_recipes" name="test_list_by_tag_filters_recipes" time="0.001" /><testcase classname="tests.analytics.core.test_recipes" name="test_get_unknown_raises" time="0.001" /><testcase classname="tests.analytics.core.test_recipes" name="test_recipe_builder_variations[case3]" time="0.001" /><testcase classname="tests.analytics.core.test_registry" name="test_register_plugins[plugins_to_register0]" time="0.020" /><testcase classname="tests.analytics.core.test_plugin_registration" name="test_plugins_providing_analytics_tables" time="0.000" /><testcase classname="tests.analytics.core.test_plugin_registration" name="test_plan_multiple_plugins" time="0.001" /><testcase classname="tests.analytics.core.test_registry" name="test_register_duplicate_raises" time="0.001" /><testcase classname="tests.analytics.core.test_registry" name="test_list_all_plugins" time="0.018" /><testcase classname="tests.analytics.core.test_recipes" name="test_create_minimal_recipe" time="0.002" /><testcase classname="tests.analytics.core.test_recipes" name="test_recipe_builder_variations[case0]" time="0.001" /><testcase classname="tests.analytics.core.test_registry" name="test_plan_with_explicit_plugins" time="0.032" /><testcase classname="tests.analytics.core.test_recipes" name="test_recipe_builder_variations[case2]" time="0.001" /><testcase classname="tests.analytics.core.test_registry" name="test_list_by_capability" time="0.023" /><testcase classname="tests.analytics.core.test_registry" name="test_plan_detects_cycle" time="0.013" /><testcase classname="tests.analytics.core.test_recipes" name="test_recipe_function_creates_builder" time="0.000" /><testcase classname="tests.analytics.core.test_registry" name="test_plan_default_enabled_only" time="0.032" /><testcase classname="tests.analytics.core.test_registry" name="test_get_unknown_plugin_raises" time="0.023" /><testcase classname="tests.analytics.core.test_registry" name="test_list_by_stage" time="0.015" /><testcase classname="tests.analytics.core.test_registry" name="test_register_plugins[plugins_to_register1]" time="0.020" /><testcase classname="tests.analytics.core.test_registry" name="test_plan_with_disabled" time="0.022" /><testcase classname="tests.analytics.core.test_registry" name="test_unregister_plugin" time="0.020" /><testcase classname="tests.analytics.core.test_registry" name="test_plugin_decorator_with_capabilities" time="0.001" /><testcase classname="tests.analytics.core.test_registry" name="test_decorated_plugin_executes" time="2.530" /><testcase classname="tests.analytics.core.test_traits" name="test_filter_by_scope_respects_supported_scopes[case0]" time="0.001" /><testcase classname="tests.analytics.core.test_traits" name="test_filter_by_scope_respects_supported_scopes[case1]" time="0.001" /><testcase classname="tests.analytics.core.test_registry" name="test_plan_respects_dependencies" time="0.023" /><testcase classname="tests.analytics.core.test_registry" name="test_plugin_decorator_simple" time="0.001" /><testcase classname="tests.analytics.pipeline.test_pipeline_core" name="test_violation_default_severity" time="0.001" /><testcase classname="tests.analytics.pipeline.test_pipeline_core" name="test_result_creation_with_violations" time="0.001" /><testcase classname="tests.analytics.core.test_traits" name="test_filter_by_scope_respects_supported_scopes[case2]" time="0.001" /><testcase classname="tests.analytics.pipeline.test_pipeline_core" name="test_result_creation_valid" time="0.000" /><testcase classname="tests.analytics.core.test_traits" name="test_filter_by_scope_respects_supported_scopes[case4]" time="0.001" /><testcase classname="tests.analytics.pipeline.test_pipeline_core" name="test_column_rule_creation_full" time="0.001" /><testcase classname="tests.analytics.pipeline.test_pipeline_core" name="test_column_rule_is_frozen" time="0.002" /><testcase classname="tests.analytics.pipeline.test_pipeline_core" name="test_column_rule_creation_minimal" time="0.003" /><testcase classname="tests.analytics.core.test_traits" name="test_filter_by_scope_respects_supported_scopes[case3]" time="0.002" /><testcase classname="tests.analytics.pipeline.test_pipeline_core" name="test_lineage_to_dict" time="0.003" /><testcase classname="tests.analytics.pipeline.test_pipeline_core" name="test_lineage_from_dict" time="0.001" /><testcase classname="tests.analytics.pipeline.test_pipeline_core" name="test_contract_is_frozen" time="0.001" /><testcase classname="tests.analytics.pipeline.test_pipeline_core" name="test_violation_creation" time="0.000" /><testcase classname="tests.analytics.pipeline.test_pipeline_core" name="test_lineage_round_trip" time="0.003" /><testcase classname="tests.analytics.adapters.test_data_models_adapter" name="test_adapter_persist_verifies_data" time="2.042" /><testcase classname="tests.analytics.adapters.test_functions_adapter" name="test_metrics_adapter_load_inputs" time="2.020" /><testcase classname="tests.analytics.adapters.test_functions_adapter" name="test_metrics_adapter_load_outputs_empty" time="0.000" /><testcase classname="tests.analytics.adapters.test_dependencies_adapter" name="test_compute_dep_id_deterministic" time="0.001" /><testcase classname="tests.analytics.adapters.test_dependencies_adapter" name="test_compute_dep_id_length" time="0.000" /><testcase classname="tests.analytics.adapters.test_dependencies_adapter" name="test_compute_dep_id_unique_per_library" time="0.000" /><testcase classname="tests.analytics.adapters.test_dependencies_adapter" name="test_compute_dep_id_unique_per_repo" time="0.000" /><testcase classname="tests.analytics.adapters.test_subsystems_adapter" name="test_subsystems_adapter_load_raises" time="2.128" /><testcase classname="tests.analytics.adapters.test_profiles_adapter" name="test_module_profile_adapter_persist_single_row" time="2.186" /><testcase classname="tests.analytics.adapters.test_subsystems_adapter" name="test_subsystem_modules_adapter_persist_verifies_data" time="2.178" /><testcase classname="tests.analytics.adapters.test_semantic_roles_adapter" name="test_functions_adapter_persist_single" time="2.262" /><testcase classname="tests.analytics.compute.test_dependencies_classification" name="test_pattern_matches_exact_method" time="0.001" /><testcase classname="tests.analytics.compute.test_dependencies_classification" name="test_pattern_no_match_different_method" time="0.000" /><testcase classname="tests.analytics.compute.test_dependencies_classification" name="test_pattern_matches_method_prefix" time="0.000" /><testcase classname="tests.analytics.compute.test_dependencies_classification" name="test_pattern_no_match_wrong_prefix" time="0.000" /><testcase classname="tests.analytics.adapters.test_functions_adapter" name="test_loader_load_all" time="2.243" /><testcase classname="tests.analytics.adapters.test_entrypoints_adapter" name="test_entrypoint_tests_adapter_persist_single" time="2.270" /><testcase classname="tests.analytics.adapters.test_base_adapters" name="test_batch_table_name_property" time="2.246" /><testcase classname="tests.analytics.adapters.test_dependencies_adapter" name="test_aggregate_adapter_load_returns_empty" time="2.285" /><testcase classname="tests.analytics.adapters.test_entrypoints_adapter" name="test_entrypoints_adapter_persist_cli_command" time="2.349" /><testcase classname="tests.analytics.adapters.test_dependencies_adapter" name="test_call_adapter_persist_empty" time="2.313" /><testcase classname="tests.analytics.adapters.test_functions_adapter" name="test_types_adapter_load_raises_not_implemented" time="2.388" /><testcase classname="tests.analytics.adapters.test_base_adapters" name="test_adapter_properties" time="2.416" /><testcase classname="tests.analytics.adapters.test_profiles_adapter" name="test_function_profile_adapter_persist_single_row" time="2.477" /><testcase classname="tests.analytics.pipeline.test_pipeline_core" name="test_hash_returns_string" time="2.113" /><testcase classname="tests.analytics.pipeline.test_pipeline_core" name="test_validate_records_duration" time="2.167" /><testcase classname="tests.analytics.adapters.test_profiles_adapter" name="test_file_profile_adapter_persist_single_row" time="2.577" /><testcase classname="tests.analytics.pipeline.test_pipeline_core" name="test_validate_passes_with_sufficient_rows" time="2.204" /><testcase classname="tests.analytics.pipeline.test_pipeline_core" name="test_validate_custom_check_fails" time="2.218" /><testcase classname="tests.analytics.adapters.test_subsystems_adapter" name="test_subsystem_modules_adapter_table_name" time="2.555" /><testcase classname="tests.analytics.pipeline.test_pipeline_core" name="test_lineage_creation" time="0.001" /><testcase classname="tests.analytics.adapters.test_semantic_roles_adapter" name="test_modules_adapter_persist_empty" time="2.599" /><testcase classname="tests.analytics.adapters.test_data_models_adapter" name="test_adapter_load_raises" time="2.610" /><testcase classname="tests.analytics.adapters.test_dependencies_adapter" name="test_aggregate_adapter_persist_with_null_fields" time="2.617" /><testcase classname="tests.analytics.adapters.test_dependencies_adapter" name="test_call_adapter_table_name" time="2.611" /><testcase classname="tests.analytics.adapters.test_base_adapters" name="test_simple_batch_insert_rows" time="2.692" /><testcase classname="tests.analytics.core.test_executor_helpers" name="test_execute_plugin_handles_execution_error" time="2.682" /><testcase classname="tests.analytics.adapters.test_functions_adapter" name="test_loader_group_by_file" time="2.755" /><testcase classname="tests.analytics.pipeline.test_pipeline_core" name="test_contract_creation_minimal" time="0.001" /><testcase classname="tests.analytics.pipeline.test_pipeline_core" name="test_contract_creation_full" time="0.001" /><testcase classname="tests.analytics.pipeline.test_pipeline_core" name="test_schema_creation" time="0.000" /><testcase classname="tests.analytics.pipeline.test_pipeline_core" name="test_schema_column_names_property" time="0.000" /><testcase classname="tests.analytics.pipeline.test_pipeline_core" name="test_schema_is_frozen" time="0.001" /><testcase classname="tests.analytics.pipeline.test_pipeline_core" name="test_spec_creation_minimal" time="0.004" /><testcase classname="tests.analytics.pipeline.test_pipeline_core" name="test_spec_creation_full" time="0.001" /><testcase classname="tests.analytics.pipeline.test_pipeline_core" name="test_spec_primary_output_property" time="0.003" /><testcase classname="tests.analytics.pipeline.test_pipeline_core" name="test_hash_stable_for_same_data" time="2.662" /><testcase classname="tests.analytics.pipeline.test_pipeline_core" name="test_validate_fails_min_rows" time="2.703" /><testcase classname="tests.analytics.pipeline.test_pipeline_core" name="test_store_record_and_get_latest" time="1.982" /><testcase classname="tests.analytics.adapters.test_entrypoints_adapter" name="test_entrypoint_tests_adapter_persist_multiple" time="2.108" /><testcase classname="tests.analytics.pipeline.test_pipeline_core" name="test_store_get_latest_returns_none_for_missing" time="2.184" /><testcase classname="tests.analytics.adapters.test_dependencies_adapter" name="test_aggregate_adapter_persist_empty" time="2.252" /><testcase classname="tests.analytics.adapters.test_base_adapters" name="test_batch_delete_scope_default" time="2.301" /><testcase classname="tests.analytics.adapters.test_profiles_adapter" name="test_module_profile_adapter_persist_multiple_rows" time="2.450" /><testcase classname="tests.analytics.pipeline.test_pipeline_core" name="test_validate_custom_check_passes" time="2.134" /><testcase classname="tests.analytics.adapters.test_entrypoints_adapter" name="test_entrypoints_adapter_persist_multiple" time="2.335" /><testcase classname="tests.analytics.adapters.test_base_adapters" name="test_adapter_load_empty" time="2.264" /><testcase classname="tests.analytics.adapters.test_functions_adapter" name="test_loader_load_all_empty" time="2.450" /><testcase classname="tests.analytics.adapters.test_dependencies_adapter" name="test_call_adapter_persist_single_row" time="2.403" /><testcase classname="tests.analytics.adapters.test_data_models_adapter" name="test_adapter_persist_empty" time="2.108" /><testcase classname="tests.analytics.adapters.test_semantic_roles_adapter" name="test_modules_adapter_persist_single" time="2.178" /><testcase classname="tests.analytics.adapters.test_functions_adapter" name="test_loader_resolve_abs_path" time="2.039" /><testcase classname="tests.analytics.adapters.test_functions_adapter" name="test_types_adapter_persist_empty" time="2.456" /><testcase classname="tests.analytics.pipeline.test_pipeline_core" name="test_store_needs_recompute_false_when_unchanged" time="2.296" /><testcase classname="tests.analytics.adapters.test_subsystems_adapter" name="test_subsystems_adapter_persist_empty" time="2.734" /><testcase classname="tests.analytics.adapters.test_profiles_adapter" name="test_file_profile_adapter_persist_multiple_rows" time="2.320" /><testcase classname="tests.analytics.adapters.test_semantic_roles_adapter" name="test_functions_adapter_persist_multiple" time="2.683" /><testcase classname="tests.analytics.adapters.test_functions_adapter" name="test_metrics_adapter_load_empty" time="3.049" /><testcase classname="tests.analytics.adapters.test_profiles_adapter" name="test_function_profile_adapter_persist_multiple_rows" time="2.679" /><testcase classname="tests.analytics.pipeline.test_pipeline_core" name="test_hash_handles_nonexistent_table" time="2.652" /><testcase classname="tests.analytics.adapters.test_dependencies_adapter" name="test_call_adapter_load_returns_empty" time="2.516" /><testcase classname="tests.analytics.compute.test_dependencies_classification" name="test_risk_assessment_write_operations" time="0.001" /><testcase classname="tests.analytics.compute.test_dependencies_classification" name="test_risk_assessment_frequent_reads" time="0.000" /><testcase classname="tests.analytics.compute.test_functions_signatures" name="test_parameter_create_with_all_fields" time="0.000" /><testcase classname="tests.analytics.compute.test_functions_signatures" name="test_parameter_no_annotation" time="0.000" /><testcase classname="tests.analytics.compute.test_functions_signatures" name="test_parameter_is_frozen" time="0.000" /><testcase classname="tests.analytics.pipeline.test_pipeline_core" name="test_plan_iter_by_level" time="0.001" /><testcase classname="tests.analytics.pipeline.test_pipeline_core" name="test_report_creation" time="0.000" /><testcase classname="tests.analytics.pipeline.test_pipeline_core" name="test_report_record_result" time="0.000" /><testcase classname="tests.analytics.pipeline.test_pipeline_core" name="test_report_records_failure" time="0.000" /><testcase classname="tests.analytics.pipeline.test_pipeline_core" name="test_scheduler_creation" time="0.000" /><testcase classname="tests.analytics.pipeline.test_pipeline_core" name="test_scheduler_register" time="0.000" /><testcase classname="tests.analytics.pipeline.test_pipeline_core" name="test_scheduler_unregister" time="0.004" /><testcase classname="tests.analytics.pipeline.test_pipeline_core" name="test_scheduler_plan_simple" time="0.000" /><testcase classname="tests.analytics.pipeline.test_pipeline_core" name="test_scheduler_plan_with_dependencies" time="0.000" /><testcase classname="tests.analytics.pipeline.test_pipeline_core" name="test_scheduler_plan_without_dependencies" time="0.000" /><testcase classname="tests.analytics.pipeline.test_pipeline_core" name="test_scheduler_plan_missing_dataset_raises" time="0.000" /><testcase classname="tests.analytics.pipeline.test_pipeline_core" name="test_validate_checks_required_columns" time="2.714" /><testcase classname="tests.analytics.pipeline.test_pipeline_core" name="test_context_creation" time="2.468" /><testcase classname="tests.analytics.core.test_executor_helpers" name="test_execute_plugin_records_success" time="2.483" /><testcase classname="tests.analytics.pipeline.test_pipeline_core" name="test_hash_changes_with_data" time="2.452" /><testcase classname="tests.analytics.core.test_executor_helpers" name="test_merge_configs_merges_without_mutation" time="0.001" /><testcase classname="tests.analytics.adapters.test_entrypoints_adapter" name="test_entrypoints_adapter_table_name" time="3.061" /><testcase classname="tests.analytics.adapters.test_subsystems_adapter" name="test_subsystem_modules_adapter_load_raises" time="3.145" /><testcase classname="tests.analytics.adapters.test_base_adapters" name="test_simple_batch_execute_delete" time="3.250" /><testcase classname="tests.analytics.pipeline.test_pipeline_core" name="test_validate_fails_max_rows" time="3.184" /><testcase classname="tests.analytics.pipeline.test_pipeline_core" name="test_store_get_latest_returns_newest" time="2.360" /><testcase classname="tests.analytics.pipeline.test_pipeline_core" name="test_result_success" time="0.001" /><testcase classname="tests.analytics.test_analytics_dataset_contracts" name="test_graph_metrics_functions_idempotent_and_fk_clean" time="2.214" /><testcase classname="tests.analytics.pipeline.test_pipeline_core" name="test_store_get_by_run" time="2.149" /><testcase classname="tests.analytics.pipeline.test_pipeline_core" name="test_result_failure" time="0.001" /><testcase classname="tests.analytics.test_analytics_rows_contracts" name="test_function_types_row_matches_schema" time="0.001" /><testcase classname="tests.analytics.test_analytics_rows_contracts" name="test_test_profile_row_matches_schema" time="0.001" /><testcase classname="tests.analytics.test_analytics_rows_contracts" name="test_behavioral_coverage_row_matches_schema" time="0.001" /><testcase classname="tests.analytics.test_analytics_rows_contracts" name="test_graph_metrics_functions_row_matches_schema" time="0.001" /><testcase classname="tests.analytics.test_analytics_rows_contracts" name="test_graph_metrics_modules_row_matches_schema" time="0.001" /><testcase classname="tests.analytics.test_analytics_rows_contracts" name="test_graph_metrics_functions_ext_row_matches_schema" time="0.001" /><testcase classname="tests.analytics.test_analytics_rows_contracts" name="test_graph_metrics_modules_ext_row_matches_schema" time="0.001" /><testcase classname="tests.analytics.test_ast_metrics_extended" name="test_file_churn_default_values" time="0.001" /><testcase classname="tests.analytics.test_ast_metrics_extended" name="test_file_churn_to_summary" time="0.001" /><testcase classname="tests.analytics.test_ast_metrics_extended" name="test_file_churn_multiple_authors" time="0.001" /><testcase classname="tests.analytics.test_ast_metrics_extended" name="test_parse_git_log_empty_lines" time="0.000" /><testcase classname="tests.analytics.test_ast_metrics_extended" name="test_parse_git_log_simple_commit" time="0.001" /><testcase classname="tests.analytics.test_ast_metrics_extended" name="test_parse_git_log_multiple_commits_same_file" time="0.001" /><testcase classname="tests.analytics.test_ast_metrics_extended" name="test_parse_git_log_multiple_files" time="0.002" /><testcase classname="tests.analytics.test_ast_metrics_extended" name="test_parse_git_log_empty_line_handling" time="0.002" /><testcase classname="tests.analytics.test_ast_metrics_extended" name="test_parse_git_log_binary_file_numstat" time="0.000" /><testcase classname="tests.analytics.test_ast_metrics_extended" name="test_parse_git_log_normalize_path_separators" time="0.001" /><testcase classname="tests.analytics.test_ast_metrics_extended" name="test_parse_git_log_skip_lines_before_commit" time="0.001" /><testcase classname="tests.analytics.test_ast_metrics_extended" name="test_parse_git_log_malformed_numstat_line" time="0.001" /><testcase classname="tests.analytics.test_ast_metrics_extended" name="test_parse_git_log_same_author_multiple_commits" time="0.000" /><testcase classname="tests.analytics.test_ast_utils" name="test_call_name_resolves_attribute_chain" time="0.001" /><testcase classname="tests.analytics.test_ast_utils" name="test_resolve_call_target_uses_alias_map" time="0.001" /><testcase classname="tests.analytics.test_ast_utils" name="test_literal_value_coercions" time="0.001" /><testcase classname="tests.analytics.test_ast_utils" name="test_safe_unparse_survives_invalid_nodes" time="0.001" /><testcase classname="tests.analytics.test_ast_utils" name="test_snippet_from_lines_includes_range" time="0.001" /><testcase classname="tests.analytics.pipeline.test_pipeline_core" name="test_store_needs_recompute_true_when_missing" time="2.094" /><testcase classname="tests.analytics.pipeline.test_pipeline_core" name="test_step_creation" time="0.000" /><testcase classname="tests.analytics.adapters.test_functions_adapter" name="test_loader_iter_goids" time="2.132" /><testcase classname="tests.analytics.adapters.test_data_models_adapter" name="test_adapter_persist_single" time="2.167" /><testcase classname="tests.analytics.adapters.test_entrypoints_adapter" name="test_entrypoint_tests_adapter_persist_verifies_data" time="2.516" /><testcase classname="tests.analytics.adapters.test_semantic_roles_adapter" name="test_modules_adapter_persist_multiple" time="2.161" /><testcase classname="tests.analytics.pipeline.test_pipeline_core" name="test_plan_creation" time="0.001" /><testcase classname="tests.analytics.adapters.test_functions_adapter" name="test_function_goid_from_row" time="0.001" /><testcase classname="tests.analytics.adapters.test_functions_adapter" name="test_function_goid_from_row_null_end_line" time="0.000" /><testcase classname="tests.analytics.adapters.test_base_adapters" name="test_batch_persist_with_delete" time="2.378" /><testcase classname="tests.analytics.adapters.test_dependencies_adapter" name="test_aggregate_adapter_persist_single_row" time="2.442" /><testcase classname="tests.analytics.adapters.test_dependencies_adapter" name="test_call_adapter_persist_multiple_rows" time="2.311" /><testcase classname="tests.analytics.adapters.test_entrypoints_adapter" name="test_entrypoint_tests_adapter_table_name" time="2.413" /><testcase classname="tests.analytics.adapters.test_semantic_roles_adapter" name="test_functions_adapter_table_name" time="2.451" /><testcase classname="tests.analytics.adapters.test_base_adapters" name="test_adapter_persist_and_load" time="2.455" /><testcase classname="tests.analytics.adapters.test_semantic_roles_adapter" name="test_functions_adapter_persist_verifies_data" time="2.255" /><testcase classname="tests.analytics.pipeline.test_pipeline_core" name="test_store_needs_recompute_true_when_hash_changed" time="2.346" /><testcase classname="tests.analytics.pipeline.test_pipeline_core" name="test_plan_add_step" time="0.001" /><testcase classname="tests.analytics.adapters.test_functions_adapter" name="test_loader_filters_by_snapshot" time="2.426" /><testcase classname="tests.analytics.adapters.test_subsystems_adapter" name="test_subsystems_adapter_persist_single" time="2.447" /><testcase classname="tests.analytics.adapters.test_profiles_adapter" name="test_function_profile_adapter_table_name" time="2.496" /><testcase classname="tests.analytics.adapters.test_functions_adapter" name="test_metrics_adapter_persist_empty" time="2.387" /><testcase classname="tests.analytics.adapters.test_profiles_adapter" name="test_module_profile_adapter_table_name" time="2.599" /><testcase classname="tests.analytics.pipeline.test_pipeline_core" name="test_scheduler_execute_simple" time="2.385" /><testcase classname="tests.analytics.pipeline.test_pipeline_core" name="test_context_repo_property" time="2.229" /><testcase classname="tests.analytics.pipeline.test_pipeline_core" name="test_store_initialization" time="2.504" /><testcase classname="tests.analytics.adapters.test_profiles_adapter" name="test_file_profile_adapter_table_name" time="2.455" /><testcase classname="tests.analytics.pipeline.test_pipeline_core" name="test_plan_max_level" time="0.001" /><testcase classname="tests.analytics.pipeline.test_pipeline_core" name="test_full_pipeline_flow" time="2.354" /><testcase classname="tests.analytics.pipeline.test_pipeline_core" name="test_validate_checks_not_null_rule" time="2.647" /><testcase classname="tests.analytics.pipeline.test_pipeline_core" name="test_context_commit_property" time="2.465" /><testcase classname="tests.analytics.adapters.test_entrypoints_adapter" name="test_entrypoints_adapter_load_raises" time="2.390" /><testcase classname="tests.analytics.adapters.test_subsystems_adapter" name="test_subsystem_modules_adapter_persist_empty" time="2.413" /><testcase classname="tests.analytics.adapters.test_base_adapters" name="test_simple_batch_execute_delete_no_rows" time="2.352" /><testcase classname="tests.analytics.pipeline.test_pipeline_core" name="test_context_extra_field" time="2.333" /><testcase classname="tests.analytics.test_analytics_dataset_contracts" name="test_function_metrics_insertion_is_idempotent" time="2.604" /><testcase classname="tests.analytics.test_analytics_rows_contracts" name="test_function_metrics_row_matches_schema" time="0.001" /><testcase classname="tests.analytics.test_domain_api_exports" name="test_history_api_exports_expected_symbols" time="0.001" /><testcase classname="tests.analytics.test_entrypoint_evidence" name="test_detect_entrypoints_emits_snippet_evidence" time="0.002" /><testcase classname="tests.analytics.test_entrypoints_and_dependencies" name="test_entrypoints_and_dependencies_round_trip" time="7.716" /><testcase classname="tests.analytics.test_coverage_analytics" name="test_empty_goids_produces_no_rows" time="1.988" /><testcase classname="tests.analytics.adapters.test_data_models_adapter" name="test_adapter_persist_multiple" time="2.140" /><testcase classname="tests.analytics.adapters.test_base_adapters" name="test_batch_persist_without_delete" time="2.213" /><testcase classname="tests.analytics.adapters.test_dependencies_adapter" name="test_aggregate_adapter_persist_multiple_rows" time="2.203" /><testcase classname="tests.analytics.adapters.test_semantic_roles_adapter" name="test_modules_adapter_persist_verifies_data" time="2.335" /><testcase classname="tests.analytics.adapters.test_semantic_roles_adapter" name="test_functions_adapter_load_raises" time="2.248" /><testcase classname="tests.analytics.test_coverage_analytics" name="test_single_function_partially_covered" time="2.212" /><testcase classname="tests.analytics.adapters.test_semantic_roles_adapter" name="test_modules_adapter_table_name" time="2.258" /><testcase classname="tests.analytics.adapters.test_dependencies_adapter" name="test_call_adapter_persist_verifies_data" time="2.455" /><testcase classname="tests.analytics.adapters.test_functions_adapter" name="test_metrics_adapter_table_name" time="2.289" /><testcase classname="tests.analytics.adapters.test_base_adapters" name="test_adapter_persist_empty" time="2.423" /><testcase classname="tests.analytics.adapters.test_subsystems_adapter" name="test_subsystems_adapter_persist_multiple" time="2.356" /><testcase classname="tests.analytics.adapters.test_entrypoints_adapter" name="test_entrypoint_tests_adapter_load_raises" time="2.566" /><testcase classname="tests.analytics.adapters.test_profiles_adapter" name="test_function_profile_adapter_load_raises" time="2.351" /><testcase classname="tests.analytics.pipeline.test_pipeline_core" name="test_scheduler_execute_continue_on_failure" time="2.161" /><testcase classname="tests.analytics.adapters.test_functions_adapter" name="test_types_adapter_table_name" time="2.263" /><testcase classname="tests.analytics.adapters.test_profiles_adapter" name="test_module_profile_adapter_load_raises" time="2.273" /><testcase classname="tests.analytics.pipeline.test_pipeline_core" name="test_scheduler_execute_with_dependencies" time="2.332" /><testcase classname="tests.analytics.adapters.test_profiles_adapter" name="test_file_profile_adapter_load_raises" time="2.351" /><testcase classname="tests.analytics.test_coverage_analytics" name="test_multiple_functions_same_file" time="2.401" /><testcase classname="tests.analytics.pipeline.test_pipeline_core" name="test_scheduler_execute_fail_fast" time="2.270" /><testcase classname="tests.analytics.pipeline.test_pipeline_core" name="test_scheduler_records_lineage" time="2.279" /><testcase classname="tests.analytics.adapters.test_entrypoints_adapter" name="test_entrypoints_adapter_persist_empty" time="2.270" /><testcase classname="tests.analytics.pipeline.test_pipeline_core" name="test_scheduler_completed_at_set" time="2.444" /><testcase classname="tests.analytics.test_dependencies_config_values" name="test_load_config_keys_filters_repo" time="7.049" /><testcase classname="tests.analytics.pipeline.test_pipeline_core" name="test_contract_validation_after_execution" time="2.537" /><testcase classname="tests.analytics.adapters.test_subsystems_adapter" name="test_subsystem_modules_adapter_persist_single" time="2.373" /><testcase classname="tests.analytics.adapters.test_data_models_adapter" name="test_adapter_table_name" time="2.299" /><testcase classname="tests.analytics.test_domain_api_exports" name="test_functions_api_exports_expected_symbols" time="0.001" /><testcase classname="tests.analytics.test_graph_metrics_calculations" name="test_compute_function_graph_metrics_counts_and_cycles" time="2.199" /><testcase classname="tests.analytics.test_coverage_analytics" name="test_single_function_fully_covered" time="2.170" /><testcase classname="tests.analytics.test_evidence" name="test_validate_evidence_samples_rejects_invalid_payloads" time="0.001" /><testcase classname="tests.analytics.test_graph_metrics_calculations" name="test_graph_metrics_ready_gateway_smoke" time="2.067" /><testcase classname="tests.analytics.adapters.test_data_models_adapter" name="test_adapter_persist_same_model_multiple_functions" time="2.154" /><testcase classname="tests.analytics.test_domain_api_exports" name="test_graphs_api_exports_expected_symbols" time="0.001" /><testcase classname="tests.analytics.test_graph_metrics_smoke" name="test_compute_graph_metrics_with_small_graph" time="1.819" /><testcase classname="tests.analytics.adapters.test_dependencies_adapter" name="test_aggregate_adapter_persist_verifies_data" time="2.074" /><testcase classname="tests.analytics.adapters.test_subsystems_adapter" name="test_subsystems_adapter_table_name" time="1.997" /><testcase classname="tests.analytics.test_feature_flags_behavior" name="test_community_detection_cap_skips_when_exceeded" time="0.088" /><testcase classname="tests.analytics.test_graph_runtime_cache" name="test_disk_cache_round_trip" time="0.007" /><testcase classname="tests.analytics.test_graph_service_unit" name="test_centrality_directed_weighted_and_seeded" time="0.004" /><testcase classname="tests.analytics.test_graph_service_unit" name="test_centrality_undirected_empty_returns_zeroes" time="0.001" /><testcase classname="tests.analytics.test_graph_service_unit" name="test_neighbor_stats_with_weights" time="0.001" /><testcase classname="tests.analytics.test_graph_service_unit" name="test_component_metadata_cycles_and_layers" time="0.002" /><testcase classname="tests.analytics.test_graph_service_unit" name="test_projection_metrics_basic" time="0.002" /><testcase classname="tests.analytics.test_graph_service_unit" name="test_structural_metrics_triangle_and_core" time="0.003" /><testcase classname="tests.analytics.test_graph_service_unit" name="test_global_graph_stats_triangle" time="0.004" /><testcase classname="tests.analytics.test_graph_service_unit" name="test_bipartite_degrees_weight_and_centrality" time="0.001" /><testcase classname="tests.analytics.test_graph_service_unit" name="test_bounded_simple_path_count_caps_results" time="0.001" /><testcase classname="tests.analytics.adapters.test_semantic_roles_adapter" name="test_functions_adapter_persist_empty" time="2.183" /><testcase classname="tests.analytics.adapters.test_semantic_roles_adapter" name="test_modules_adapter_load_raises" time="2.065" /><testcase classname="tests.analytics.adapters.test_base_adapters" name="test_batch_persist_empty" time="2.394" /><testcase classname="tests.analytics.test_function_profile_contract" name="test_function_profile_tuple_alignment" time="0.001" /><testcase classname="tests.analytics.adapters.test_dependencies_adapter" name="test_aggregate_adapter_table_name" time="2.155" /><testcase classname="tests.analytics.test_coverage_analytics" name="test_function_no_coverage_data" time="2.260" /><testcase classname="tests.analytics.test_function_profile_contract" name="test_file_profile_tuple_alignment" time="0.001" /><testcase classname="tests.analytics.adapters.test_functions_adapter" name="test_metrics_adapter_goid_loader_property" time="2.165" /><testcase classname="tests.analytics.test_function_metrics_plugin_runtime" name="test_function_metrics_plugin_executes" time="1.803" /><testcase classname="tests.analytics.test_function_profile_contract" name="test_module_profile_tuple_alignment" time="0.001" /><testcase classname="tests.analytics.adapters.test_base_adapters" name="test_adapter_persist_replaces_existing" time="2.209" /><testcase classname="tests.analytics.test_function_profile_contract" name="test_test_profile_tuple_alignment" time="0.001" /><testcase classname="tests.analytics.test_coverage_analytics" name="test_method_kind_included" time="2.078" /><testcase classname="tests.analytics.test_function_profile_contract" name="test_test_profile_writer_registry_and_prepared_statements" time="0.001" /><testcase classname="tests.analytics.test_coverage_analytics" name="test_function_with_executable_but_no_covered_lines" time="2.188" /><testcase classname="tests.analytics.adapters.test_profiles_adapter" name="test_function_profile_adapter_persist_empty" time="2.221" /><testcase classname="tests.analytics.test_function_profile_contract" name="test_module_profile_writer_registry_and_prepared_statements" time="0.001" /><testcase classname="tests.analytics.test_function_profile_contract" name="test_file_profile_writer_registry_and_prepared_statements" time="0.001" /><testcase classname="tests.analytics.test_history_timeseries" name="test_history_timeseries_aggregates_functions" time="16.757" /><testcase classname="tests.analytics.adapters.test_subsystems_adapter" name="test_subsystems_adapter_persist_verifies_data" time="2.332" /><testcase classname="tests.analytics.adapters.test_profiles_adapter" name="test_module_profile_adapter_persist_empty" time="2.196" /><testcase classname="tests.analytics.test_coverage_analytics" name="test_class_kind_excluded" time="2.111" /><testcase classname="tests.analytics.test_function_profile_contract" name="test_behavioral_coverage_writer_registry_and_prepared_statements" time="0.001" /><testcase classname="tests.analytics.adapters.test_entrypoints_adapter" name="test_entrypoint_tests_adapter_persist_empty" time="2.327" /><testcase classname="tests.analytics.adapters.test_profiles_adapter" name="test_file_profile_adapter_persist_empty" time="2.036" /><testcase classname="tests.analytics.test_function_profile_contract" name="test_behavioral_coverage_tuple_alignment" time="0.001" /><testcase classname="tests.analytics.test_function_profile_contract" name="test_function_profile_writer_registry_and_prepared_statements" time="0.001" /><testcase classname="tests.analytics.test_semantic_roles_signals" name="test_fastapi_role_detected" time="0.001" /><testcase classname="tests.analytics.test_semantic_roles_signals" name="test_flask_role_detected" time="0.001" /><testcase classname="tests.analytics.test_semantic_roles_signals" name="test_pytest_fixture_vs_test_role" time="0.001" /><testcase classname="tests.analytics.test_semantic_roles_signals" name="test_service_tag_and_graph_signal" time="0.000" /><testcase classname="tests.analytics.test_span_resolver" name="test_build_span_index_skips_missing_goids" time="0.001" /><testcase classname="tests.analytics.test_span_resolver" name="test_resolve_span_success" time="0.001" /><testcase classname="tests.analytics.test_span_resolver" name="test_resolve_span_missing" time="0.001" /><testcase classname="tests.analytics.test_coverage_analytics" name="test_idempotent_rerun_deletes_old_rows" time="2.052" /><testcase classname="tests.analytics.test_graph_features" name="test_summarize_graph_for_function_profile_contract" time="0.061" /><testcase classname="tests.analytics.test_coverage_analytics" name="test_different_repos_isolated" time="2.073" /><testcase classname="tests.analytics.test_graph_metric_filters" name="test_filter_call_graph_prunes_nodes" time="0.001" /><testcase classname="tests.analytics.test_coverage_analytics" name="test_realistic_module_with_mixed_coverage" time="2.110" /><testcase classname="tests.analytics.test_tests_profiles_coverage_inputs" name="test_aggregate_test_coverage_by_function_in_memory" time="0.056" /><testcase classname="tests.analytics.test_graph_metric_filters" name="test_filter_import_graph_noop_without_modules" time="0.001" /><testcase classname="tests.analytics.test_tests_profiles_helpers" name="test_importance_guardrails_and_monotonicity" time="0.001" /><testcase classname="tests.analytics.test_tests_profiles_helpers" name="test_build_test_profile_rows_round_trip" time="0.001" /><testcase classname="tests.analytics.test_tests_profiles_helpers" name="test_build_behavioral_coverage_rows_normalization" time="0.000" /><testcase classname="tests.analytics.test_tests_profiles_helpers" name="test_write_test_profile_rows_with_stubs" time="0.001" /><testcase classname="tests.analytics.test_tests_profiles_registry_and_snapshots" name="test_test_profile_model_snapshot" time="0.001" /><testcase classname="tests.analytics.test_tests_profiles_registry_and_snapshots" name="test_behavioral_writer_registry_guard" time="0.001" /><testcase classname="tests.analytics.test_tests_profiles_coverage_inputs" name="test_aggregate_test_coverage_by_subsystem_in_memory" time="0.057" /><testcase classname="tests.analytics.test_tests_profiles_helpers" name="test_build_behavior_rows_mixed_sources" time="0.001" /><testcase classname="tests.analytics.test_tests_profiles_wrappers" name="test_infer_behavior_tags_basic" time="0.000" /><testcase classname="tests.analytics.test_writer_guard" name="test_writer_guard_happy_path_executes_delete_and_insert" time="0.001" /><testcase classname="tests.analytics.test_tests_profiles_wrappers" name="test_coverage_wrappers_empty" time="0.059" /><testcase classname="tests.analytics.test_writer_guard" name="test_writer_guard_empty_rows[True-1]" time="0.001" /><testcase classname="tests.analytics.test_writer_guard" name="test_writer_guard_empty_rows[False-0]" time="0.001" /><testcase classname="tests.analytics.test_tests_profiles_wrappers" name="test_importance_and_flakiness_scoring" time="0.001" /><testcase classname="tests.analytics.test_writer_guard" name="test_writer_guard_columns_mismatch_raises" time="0.001" /><testcase classname="tests.analytics.test_writer_guard" name="test_writer_guard_columns_order_drift_raises" time="0.001" /><testcase classname="tests.analytics.test_coverage_analytics" name="test_function_with_null_end_line" time="1.956" /><testcase classname="tests.analytics.test_writer_guard" name="test_writer_guard_nonexistent_table_raises" time="0.001" /><testcase classname="tests.analytics.test_graph_metric_filters" name="test_filter_subsystem_graph_prunes_nodes" time="0.001" /><testcase classname="tests.analytics.adapters.test_entrypoints_adapter" name="test_entrypoints_adapter_persist_http_endpoint" time="2.105" /><testcase classname="tests.analytics.test_graph_metric_filters" name="test_build_filters_safe_when_repos_empty" time="1.442" /><testcase classname="tests.analytics.adapters.test_subsystems_adapter" name="test_subsystem_modules_adapter_persist_multiple" time="2.048" /><testcase classname="tests.analytics.test_graph_metric_filters_integration" name="test_filters_prune_architecture_metrics" time="6.931" /><testcase classname="tests.analytics.test_graph_metrics_calculations" name="test_compute_module_graph_metrics_with_symbol_coupling" time="1.628" /><testcase classname="tests.analytics.test_graph_plugin_catalog" name="test_build_plugin_catalog_includes_expected_fields" time="0.001" /><testcase classname="tests.analytics.test_graph_stats_smoke" name="test_graph_stats_records_counts_for_basic_graphs" time="1.851" /><testcase classname="tests.analytics.test_hexagonal_demo" name="test_require_packs_idempotently" time="1.798" /><testcase classname="tests.analytics.test_hexagonal_demo" name="test_query_helper_returns_typed_rows" time="1.827" /><testcase classname="tests.analytics.test_hexagonal_demo" name="test_custom_scenario_with_multiple_packs" time="1.292" /><testcase classname="tests.analytics.test_hexagonal_demo" name="test_scenario_with_custom_repo_commit" time="1.274" /><testcase classname="tests.analytics.test_hexagonal_demo" name="test_pack_seeds_expected_table[pack1-analytics.test_catalog]" time="1.608" /><testcase classname="tests.analytics.test_hexagonal_demo" name="test_full_stack_provides_all_data" time="1.753" /><testcase classname="tests.analytics.test_hexagonal_demo" name="test_risk_factors_correlate_with_metrics" time="1.710" /><testcase classname="tests.analytics.test_catalog_provider_usage" name="test_symbol_uses_respects_catalog_module_map" time="7.385" /><testcase classname="tests.analytics.test_profiles" name="test_profile_builders_aggregate_expected_fields" time="2.411" /><testcase classname="tests.analytics.test_cfg_dfg_metrics_ext" name="test_cfg_metrics_ext_populates_loop_and_unreachable_counts" time="7.961" /><testcase classname="tests.analytics.test_catalog_provider_usage" name="test_graph_metrics_uses_catalog_for_symbol_modules" time="8.030" /><testcase classname="tests.analytics.test_hexagonal_demo" name="test_pack_dependencies_resolved" time="1.273" /><testcase classname="tests.analytics.test_hexagonal_demo" name="test_pack_seeds_expected_table[pack2-analytics.function_metrics]" time="1.275" /><testcase classname="tests.analytics.test_hexagonal_demo" name="test_metrics_ctx_provides_function_metrics" time="1.279" /><testcase classname="tests.analytics.test_hexagonal_demo" name="test_pack_seeds_expected_table[pack0-graph.call_graph_edges]" time="1.313" /><testcase classname="tests.analytics.test_graph_metrics_runtime_reuse" name="test_compute_graph_metrics_reuses_runtime_engine" time="2.031" /><testcase classname="tests.analytics.test_graph_stats_validation" name="test_graph_views_exist" time="1.974" /><testcase classname="tests.analytics.test_evidence" name="test_evidence_collector_deduplicates_and_truncates" time="0.000" /><testcase classname="tests.analytics.test_graph_metric_filters" name="test_filter_subsystem_memberships_respects_allowlists" time="0.000" /><testcase classname="tests.analytics.test_feature_flags_behavior" name="test_eager_hydration_respects_feature_override" time="6.585" /><testcase classname="tests.analytics.test_graph_plugin_catalog" name="test_render_plugin_catalog_markdown_contains_examples" time="0.009" /><testcase classname="tests.analytics.test_function_history" name="test_function_history_populates_rows" time="6.591" /><testcase classname="tests.analytics.test_graph_runtime_cache" name="test_disk_cache_mismatch_falls_back_to_loader" time="0.002" /><testcase classname="tests.analytics.test_function_history" name="test_function_history_respects_min_threshold" time="6.593" /><testcase classname="tests.analytics.test_graph_stats_validation" name="test_subsystem_agreement_summary_aggregates" time="6.731" /><testcase classname="tests.analytics.test_feature_flags_behavior" name="test_eager_hydration_off_defers_graph_loads" time="6.587" /><testcase classname="tests.analytics.test_runtime_pool" name="test_pool_expires_runtime_after_ttl" time="7.489" /><testcase classname="tests.analytics.test_subsystems" name="test_subsystems_cluster_and_risk_aggregation" time="6.643" /><testcase classname="tests.analytics.test_functions_validation" name="test_records_validation_when_parse_fails" time="6.545" /><testcase classname="tests.analytics.test_functions_validation" name="test_span_not_found_is_recorded" time="6.590" /><testcase classname="tests.analytics.test_subsystem_cache_benchmark" name="test_refresh_and_benchmark_returns_timings" time="0.602" /><testcase classname="tests.analytics.test_symbol_config_metrics" name="test_subsystem_agreement_exposed_in_views" time="6.628" /><testcase classname="tests.analytics.test_semantic_roles_signals" name="test_typer_cli_detected" time="0.001" /><testcase classname="tests.analytics.test_tests_profile_plugin_runtime" name="test_tests_profile_plugin_runtime" time="1.456" /><testcase classname="tests.analytics.test_hexagonal_demo" name="test_compute_graph_metrics_with_seeded_data" time="1.059" /><testcase classname="tests.analytics.test_catalog_provider_usage" name="test_symbol_uses_falls_back_to_modules_when_catalog_partial" time="6.204" /><testcase classname="tests.analytics.test_runtime_pool" name="test_pool_reuses_runtime_within_ttl" time="7.142" /><testcase classname="tests.analytics.test_catalog_provider_usage" name="test_profiles_use_catalog_module_map_when_modules_table_empty" time="6.182" /><testcase classname="tests.analytics.test_cfg_dfg_metrics_ext" name="test_dfg_metrics_ext_counts_use_kinds_and_paths" time="6.180" /><testcase classname="tests.analytics.test_graph_stats_validation" name="test_graph_stats_include_symbol_and_config_graphs" time="6.104" /><testcase classname="tests.analytics.test_graph_stats_validation" name="test_validation_flags_large_symbol_community_and_config_hubs" time="6.095" /><testcase classname="tests.analytics.test_symbol_config_metrics" name="test_symbol_and_config_metrics_populate_and_views_create" time="6.271" /><testcase classname="tests.analytics.test_runtime_pool" name="test_pool_lru_eviction" time="6.904" /><testcase classname="tests.analytics.test_model_config_heuristics" name="test_data_models_and_usage_and_config_flow" time="0.813" /></testsuite></testsuites>