<?xml version="1.0" encoding="utf-8"?><testsuites name="pytest tests"><testsuite name="pytest" errors="0" failures="0" skipped="0" tests="14" time="3.767" timestamp="2025-12-05T03:50:45.249961-05:00" hostname="paul-X870-AORUS-ELITE-WIFI7"><testcase classname="tests.ingestion.plugins.test_tests_plugin.TestTestsIngestPluginMetadata" name="test_resource_hints" time="0.001" /><testcase classname="tests.ingestion.plugins.test_tests_plugin.TestTestsIngestPluginMetadata" name="test_plugin_name" time="0.001" /><testcase classname="tests.ingestion.plugins.test_tests_plugin.TestTestsIngestPluginMetadata" name="test_description" time="0.001" /><testcase classname="tests.ingestion.plugins.test_tests_plugin.TestTestsIngestPluginMetadata" name="test_dependencies" time="0.001" /><testcase classname="tests.ingestion.plugins.test_tests_plugin.TestTestsIngestPluginMetadata" name="test_plugin_stage" time="0.001" /><testcase classname="tests.ingestion.plugins.test_tests_plugin.TestTestsIngestPluginMetadata" name="test_tool_dependencies" time="0.001" /><testcase classname="tests.ingestion.plugins.test_tests_plugin.TestTestsIngestPluginMetadata" name="test_tracker_required_is_false" time="0.001" /><testcase classname="tests.ingestion.plugins.test_tests_plugin.TestTestsIngestPluginMetadata" name="test_plugin_version" time="0.001" /><testcase classname="tests.ingestion.plugins.test_tests_plugin.TestTestsIngestPluginMetadata" name="test_requirements" time="0.001" /><testcase classname="tests.ingestion.plugins.test_tests_plugin.TestTestsIngestPluginInstance" name="test_plugin_inheritance" time="0.001" /><testcase classname="tests.ingestion.plugins.test_tests_plugin.TestTestsIngestPluginMetadata" name="test_output_tables" time="0.001" /><testcase classname="tests.ingestion.plugins.test_tests_plugin.TestTestsIngestPluginInstance" name="test_multiple_instances_independent" time="0.001" /><testcase classname="tests.ingestion.plugins.test_tests_plugin.TestTestsIngestPluginMetadata" name="test_supports_incremental" time="0.001" /><testcase classname="tests.ingestion.plugins.test_tests_plugin.TestTestsIngestPluginMetadata" name="test_tool_required_is_false" time="0.001" /></testsuite></testsuites>