<?xml version="1.0" encoding="utf-8"?><testsuites name="pytest tests"><testsuite name="pytest" errors="0" failures="12" skipped="4" tests="541" time="155.790" timestamp="2025-12-01T03:50:57.689738-05:00" hostname="paul-X870-AORUS-ELITE-WIFI7"><testcase classname="tests.analytics.test_analytics_rows_contracts" name="test_function_types_row_matches_schema" time="0.001" /><testcase classname="tests.analytics.test_entrypoint_evidence" name="test_detect_entrypoints_emits_snippet_evidence" time="0.001" /><testcase classname="tests.analytics.test_graph_runtime_execution" name="test_run_graph_plugin_batch_skips_when_unchanged" time="0.706" /><testcase classname="tests.analytics.test_graph_metric_filters" name="test_filter_subsystem_memberships_respects_allowlists" time="0.001" /><testcase classname="tests.analytics.test_graph_service_unit" name="test_component_metadata_cycles_and_layers" time="0.002" /><testcase classname="tests.analytics.test_function_profile_contract" name="test_file_profile_writer_registry_and_prepared_statements" time="0.001" /><testcase classname="tests.analytics.test_ast_utils" name="test_resolve_call_target_uses_alias_map" time="0.001" /><testcase classname="tests.analytics.test_graph_runtime_perf" name="test_graph_metric_filters_on_runtime_are_fast" time="0.008" /><testcase classname="tests.analytics.test_analytics_rows_contracts" name="test_test_profile_row_matches_schema" time="0.000" /><testcase classname="tests.analytics.test_graph_manifest_skip" name="test_skip_on_unchanged_reads_manifest" time="0.693" /><testcase classname="tests.analytics.test_graph_plugin_policy_runtime" name="test_contract_failure_respects_fatal_fail_fast" time="0.719" /><testcase classname="tests.analytics.test_graph_metric_filters" name="test_filter_subsystem_graph_prunes_nodes" time="0.001" /><testcase classname="tests._helpers.test_config_builders" name="test_make_snapshot_respects_overrides" time="0.002" /><testcase classname="tests._helpers.test_config_builders" name="test_make_graph_runtime_options_uses_snapshot" time="0.000" /><testcase classname="tests.analytics.test_analytics_rows_contracts" name="test_behavioral_coverage_row_matches_schema" time="0.000" /><testcase classname="tests.analytics.test_function_profile_contract" name="test_module_profile_writer_registry_and_prepared_statements" time="0.000" /><testcase classname="tests.analytics.test_function_profile_contract" name="test_test_profile_writer_registry_and_prepared_statements" time="0.000" /><testcase classname="tests._helpers.test_helpers_roundtrip" name="test_symbol_and_config_metrics_builder_round_trip" time="4.477" /><testcase classname="tests.analytics.test_entrypoints_and_dependencies" name="test_entrypoints_and_dependencies_round_trip" time="12.050" /><testcase classname="tests.analytics.test_analytics_rows_contracts" name="test_graph_metrics_functions_row_matches_schema" time="0.001" /><testcase classname="tests.analytics.test_ast_utils" name="test_literal_value_coercions" time="0.000" /><testcase classname="tests.analytics.test_ast_utils" name="test_safe_unparse_survives_invalid_nodes" time="0.000" /><testcase classname="tests.analytics.test_ast_utils" name="test_snippet_from_lines_includes_range" time="0.000" /><testcase classname="tests.analytics.test_graph_metric_filters_integration" name="test_filters_prune_architecture_metrics" time="12.063" /><testcase classname="tests.analytics.test_function_profile_contract" name="test_behavioral_coverage_writer_registry_and_prepared_statements" time="0.000" /><testcase classname="tests.analytics.test_analytics_rows_contracts" name="test_graph_metrics_modules_row_matches_schema" time="0.001" /><testcase classname="tests.analytics.test_graph_service_unit" name="test_projection_metrics_basic" time="0.003" /><testcase classname="tests.analytics.test_graph_runtime_planning" name="test_plan_graph_plugin_run_resolves_scope_and_hashes" time="0.001" /><testcase classname="tests.analytics.test_graph_service_runtime" name="test_graph_service_runtime_runs_default_plugins" time="11.366" /><testcase classname="tests.analytics.test_analytics_rows_contracts" name="test_graph_metrics_functions_ext_row_matches_schema" time="0.001" /><testcase classname="tests.analytics.test_analytics_rows_contracts" name="test_graph_metrics_modules_ext_row_matches_schema" time="0.000" /><testcase classname="tests.analytics.test_graph_service_unit" name="test_structural_metrics_triangle_and_core" time="0.060" /><testcase classname="tests.analytics.test_ast_utils" name="test_call_name_resolves_attribute_chain" time="0.001" /><testcase classname="tests.analytics.test_graph_service_unit" name="test_global_graph_stats_triangle" time="0.003" /><testcase classname="tests.analytics.test_graph_service_unit" name="test_bipartite_degrees_weight_and_centrality" time="0.001" /><testcase classname="tests.analytics.test_graph_service_unit" name="test_bounded_simple_path_count_caps_results" time="0.001" /><testcase classname="tests.analytics.test_graph_stats_smoke" name="test_graph_stats_records_counts_for_basic_graphs" time="1.063" /><testcase classname="tests.analytics.test_graph_manifest_skip" name="test_dry_run_skips_execution" time="0.671" /><testcase classname="tests.analytics.test_graph_plugin_cache" name="test_scratch_declare_consume_and_cleanup" time="0.704" /><testcase classname="tests.analytics.test_graph_runtime_manifest" name="test_compute_input_hash_includes_scope_and_options" time="0.000" /><testcase classname="tests.analytics.test_graph_runtime_manifest" name="test_load_prior_manifest_merges_meta" time="0.001" /><testcase classname="tests.analytics.test_graph_runtime_manifest" name="test_is_unchanged_matches_hashes_without_row_counts" time="0.000" /><testcase classname="tests.analytics.test_graph_runtime_perf" name="test_ensure_call_graph_is_fast" time="0.001" /><testcase classname="tests.analytics.test_graph_runtime_perf" name="test_ensure_call_graph_medium_perf" time="0.001" /><testcase classname="tests.analytics.test_graph_runtime_perf" name="test_structural_metrics_with_cap_is_fast" time="0.152" /><testcase classname="tests.analytics.test_graph_plugin_policy_runtime" name="test_isolated_plugin_executes_in_subprocess" time="1.403" /><testcase classname="tests.analytics.test_plugin_contracts_behavior" name="test_idempotency_respects_row_count_changes" time="0.709" /><testcase classname="tests.analytics.test_graph_runtime_perf" name="test_filter_subgraph_on_large_graph_is_fast" time="0.003" /><testcase classname="tests.analytics.test_graph_manifest_skip" name="test_manifest_records_contract_results" time="0.668" /><testcase classname="tests.analytics.test_graph_plugin_cache" name="test_isolation_plugin_runs_with_scratch" time="1.404" /><testcase classname="tests.analytics.test_plugin_dependencies" name="test_planner_orders_providers_before_consumers" time="0.676" /><testcase classname="tests.analytics.test_plugin_dependencies" name="test_plan_records_disabled_plugins" time="0.001" /><testcase classname="tests.analytics.test_graph_manifest_skip" name="test_manifest_records_scope" time="0.670" /><testcase classname="tests.analytics.test_plugin_harness" name="test_plugin_harness_idempotent_skip" time="0.677" /><testcase classname="tests.analytics.test_graph_plugin_policy_runtime" name="test_runtime_emits_run_id_and_telemetry_hooks" time="0.698" /><testcase classname="tests.analytics.test_graph_plugin_catalog" name="test_build_plugin_catalog_includes_expected_fields" time="0.001" /><testcase classname="tests.analytics.test_graph_plugin_catalog" name="test_render_plugin_catalog_markdown_contains_examples" time="0.001" /><testcase classname="tests.analytics.test_graph_plugin_policy_runtime" name="test_soft_fail_severity_continues" time="0.694" /><testcase classname="tests.analytics.test_graph_manifest_skip" name="test_is_unchanged_respects_row_counts" time="0.759" /><testcase classname="tests.analytics.test_plugin_scope_isolation" name="test_scope_propagates_to_plugin_and_report" time="0.702" /><testcase classname="tests.analytics.test_graph_plugin_policy_runtime" name="test_retry_policy_allows_retries" time="0.768" /><testcase classname="tests.analytics.test_graph_runtime_cache" name="test_disk_cache_round_trip" time="0.003" /><testcase classname="tests.analytics.test_graph_runtime_cache" name="test_disk_cache_mismatch_falls_back_to_loader" time="0.002" /><testcase classname="tests.analytics.test_graph_runtime_context" name="test_build_graph_context_applies_caps" time="0.000" /><testcase classname="tests.analytics.test_graph_runtime_context" name="test_resolve_graph_context_normalizes_spec" time="0.001" /><testcase classname="tests.analytics.test_graph_runtime_execution" name="test_run_graph_plugin_batch_executes_plugin" time="0.756" /><testcase classname="tests.analytics.test_graph_metric_filters" name="test_filter_call_graph_prunes_nodes" time="0.001" /><testcase classname="tests.analytics.test_graph_metric_filters" name="test_filter_import_graph_noop_without_modules" time="0.000" /><testcase classname="tests.analytics.test_graph_metric_filters" name="test_build_filters_safe_when_repos_empty" time="0.673" /><testcase classname="tests.analytics.test_plugin_scope_isolation" name="test_dry_run_skips_execution" time="0.754" /><testcase classname="tests.architecture.test_analytics_exports" name="test_domain_exports[codeintel.analytics.graphs-expected1]" time="0.001" /><testcase classname="tests.architecture.test_analytics_exports" name="test_domain_exports[codeintel.analytics.history-expected2]" time="0.000" /><testcase classname="tests.analytics.test_graph_plugin_policy_runtime" name="test_timeout_marks_partial_and_continues" time="0.770" /><testcase classname="tests.architecture.test_analytics_exports" name="test_domain_exports[codeintel.analytics.parsing-expected3]" time="0.000" /><testcase classname="tests.architecture.test_analytics_graph_boundary" name="test_analytics_modules_do_not_import_nx_views" time="0.003" /><testcase classname="tests.architecture.test_analytics_imports" name="test_external_imports_use_domain_apis" time="0.009" /><testcase classname="tests.architecture.test_duckdb_boundaries" name="test_duckdb_usage_is_localized" time="0.009" /><testcase classname="tests.architecture.test_export_macro_paths" name="test_exporters_avoid_direct_table_reads" time="0.000" /><testcase classname="tests.cli.test_nx_backend" name="test_maybe_enable_nx_gpu_soft_fallback" time="0.003" /><testcase classname="tests.cli.test_nx_backend" name="test_maybe_enable_nx_gpu_raises_when_strict" time="0.001" /><testcase classname="tests.cli.test_pipeline_cli" name="test_list_steps_text_output" time="0.009" /><testcase classname="tests.cli.test_pipeline_cli" name="test_list_steps_json_output" time="0.008" /><testcase classname="tests.cli.test_pipeline_cli" name="test_list_steps_filter_by_phase" time="0.007" /><testcase classname="tests.cli.test_pipeline_cli" name="test_list_steps_all_phases_valid[ingestion]" time="0.009" /><testcase classname="tests.cli.test_pipeline_cli" name="test_list_steps_all_phases_valid[graphs]" time="0.008" /><testcase classname="tests.cli.test_pipeline_cli" name="test_list_steps_all_phases_valid[analytics]" time="0.006" /><testcase classname="tests.cli.test_pipeline_cli" name="test_list_steps_all_phases_valid[export]" time="0.006" /><testcase classname="tests.cli.test_pipeline_cli" name="test_deps_text_output" time="0.006" /><testcase classname="tests.cli.test_pipeline_cli" name="test_deps_json_output" time="0.006" /><testcase classname="tests.cli.test_pipeline_cli" name="test_deps_unknown_step" time="0.006" /><testcase classname="tests.cli.test_pipeline_cli" name="test_deps_step_with_no_deps" time="0.007" /><testcase classname="tests.cli.test_pipeline_cli" name="test_parser_has_pipeline_command" time="0.005" /><testcase classname="tests.cli.test_pipeline_cli" name="test_parser_pipeline_run" time="0.006" /><testcase classname="tests.cli.test_pipeline_cli" name="test_parser_pipeline_deps" time="0.005" /><testcase classname="tests.config.test_graph_feature_flags" name="test_graph_feature_flags_validate_limit" time="0.001" /><testcase classname="tests.config.test_graph_feature_flags" name="test_graph_runtime_options_resolve_eager_flag" time="0.001" /><testcase classname="tests.architecture.test_graph_engine_entrypoints" name="test_build_graph_engine_entrypoints_are_restricted" time="0.013" /><testcase classname="tests.architecture.test_nx_views_boundary" name="test_nx_views_only_used_in_graphs_layer" time="0.006" /><testcase classname="tests.architecture.test_query_layer_boundaries" name="test_adapters_do_not_embed_sql" time="0.001" /><testcase classname="tests.cli.test_cli_scope_and_plan" name="test_cli_plan_outputs_isolation_and_scope_metadata" time="0.007" /><testcase classname="tests.cli.test_cli_scope_and_plan" name="test_cli_plugins_json_includes_enriched_metadata" time="0.006" /><testcase classname="tests.cli.test_docs_export_cli" name="test_cmd_docs_export_invokes_validator_before_exports" time="5.650" /><testcase classname="tests.analytics.test_plugin_scope_isolation" name="test_isolation_flag_in_run_record" time="1.396" /><testcase classname="tests.analytics.test_graph_plugin_policy_runtime" name="test_contract_failure_marks_plugin_failed_and_continues" time="0.717" /><testcase classname="tests.analytics.test_catalog_provider_usage" name="test_symbol_uses_respects_catalog_module_map" time="5.565" /><testcase classname="tests.analytics.test_graph_stats_validation" name="test_graph_stats_include_symbol_and_config_graphs" time="4.870" /><testcase classname="tests._helpers.test_gateway_fixtures" name="test_build_duckdb_backend_defaults_to_gateway_config" time="4.458"><failure message="Failed: Backend should inherit repo from gateway config">fresh_gateway = _DuckDBGateway(config=StorageConfig(db_path=PosixPath('/tmp/pytest-of-paul/pytest-424/popen-gw4/test_build_duckdb_back...ction object at 0x776dba7c5d30&gt;), analytics=AnalyticsTables(con=&lt;_duckdb.DuckDBPyConnection object at 0x776dba7c5d30&gt;))

    def test_build_duckdb_backend_defaults_to_gateway_config(
        fresh_gateway: StorageGateway,
    ) -&gt; None:
        """Backend helper should inherit repo/commit from the gateway config."""
        backend = build_duckdb_backend(fresh_gateway)
        if backend.repo != fresh_gateway.config.repo:
&gt;           pytest.fail("Backend should inherit repo from gateway config")
E           Failed: Backend should inherit repo from gateway config

tests/_helpers/test_gateway_fixtures.py:21: Failed</failure></testcase><testcase classname="tests.analytics.test_function_history" name="test_function_history_respects_min_threshold" time="4.870" /><testcase classname="tests.analytics.test_functions_validation" name="test_records_validation_when_parse_fails" time="5.396" /><testcase classname="tests.analytics.test_cfg_dfg_metrics_ext" name="test_cfg_metrics_ext_populates_loop_and_unreachable_counts" time="5.401" /><testcase classname="tests._helpers.test_helpers_roundtrip" name="test_file_backed_gateway_releases_handles" time="4.334" /><testcase classname="tests._helpers.test_gateway_fixtures" name="test_scope_parsing_service_round_trips_graph_scope" time="0.001" /><testcase classname="tests._helpers.test_helpers_roundtrip" name="test_provisioned_gateway_round_trip" time="5.948" /><testcase classname="tests.analytics.test_function_metrics_plugin_runtime" name="test_function_metrics_plugin_executes" time="3.269" /><testcase classname="tests.analytics.test_tests_profiles_helpers" name="test_build_behavior_rows_mixed_sources" time="0.001" /><testcase classname="tests.analytics.test_tests_profiles_helpers" name="test_write_test_profile_rows_with_stubs" time="0.001" /><testcase classname="tests.analytics.test_tests_profiles_registry_and_snapshots" name="test_test_profile_model_snapshot" time="0.001" /><testcase classname="tests.analytics.test_tests_profiles_registry_and_snapshots" name="test_behavioral_writer_registry_guard" time="0.000" /><testcase classname="tests.analytics.test_tests_profiles_wrappers" name="test_coverage_wrappers_empty" time="0.031" /><testcase classname="tests.analytics.test_tests_profiles_wrappers" name="test_importance_and_flakiness_scoring" time="0.000" /><testcase classname="tests.analytics.test_tests_profiles_wrappers" name="test_infer_behavior_tags_basic" time="0.000" /><testcase classname="tests.core.test_core_types_normalizers" name="test_normalize_pytest_entry_sanitizes_keywords_and_durations" time="0.001" /><testcase classname="tests.docs_export.test_export_defaults" name="test_default_validation_schemas_match_dataset_contract" time="0.000" /><testcase classname="tests.docs_export.test_export_defaults" name="test_schema_files_match_contract" time="0.001" /><testcase classname="tests.docs_export.test_export_edge_columns" name="test_call_graph_edges_export_includes_repo_commit" time="6.922" /><testcase classname="tests.analytics.test_symbol_config_metrics" name="test_subsystem_agreement_exposed_in_views" time="4.748" /><testcase classname="tests.analytics.test_writer_guard" name="test_writer_guard_happy_path_executes_delete_and_insert" time="0.000" /><testcase classname="tests.analytics.test_writer_guard" name="test_writer_guard_empty_rows[True-1]" time="0.001" /><testcase classname="tests.analytics.test_writer_guard" name="test_writer_guard_empty_rows[False-0]" time="0.000" /><testcase classname="tests.analytics.test_writer_guard" name="test_writer_guard_registry_mismatch_raises" time="0.000" /><testcase classname="tests.analytics.test_writer_guard" name="test_writer_guard_registry_columns_drift_raises" time="0.000" /><testcase classname="tests.analytics.test_writer_guard" name="test_writer_guard_respects_custom_delete_sql" time="0.000" /><testcase classname="tests.architecture.test_analytics_exports" name="test_domain_exports[codeintel.analytics.functions-expected0]" time="0.001" /><testcase classname="tests.analytics.test_tests_profile_plugin_runtime" name="test_tests_profile_plugin_runtime" time="5.870" /><testcase classname="tests.docs_export.test_export_smoke" name="test_export_helpers_resolve_dataset_names" time="25.929" /><testcase classname="tests.analytics.test_graph_stats_validation" name="test_graph_views_exist" time="6.722" /><testcase classname="tests.analytics.test_span_resolver" name="test_build_span_index_skips_missing_goids" time="0.001" /><testcase classname="tests.analytics.test_span_resolver" name="test_resolve_span_success" time="0.001" /><testcase classname="tests.analytics.test_span_resolver" name="test_resolve_span_missing" time="0.000" /><testcase classname="tests.analytics.test_subsystem_agreement_plugin" name="test_subsystem_agreement_plugin_matches_legacy" time="1.058" /><testcase classname="tests.config.test_ingestion_schema_registry" name="test_ingestion_sql_tables_match_schema" time="4.990" /><testcase classname="tests.analytics.test_function_profile_contract" name="test_function_profile_tuple_alignment" time="0.000" /><testcase classname="tests.analytics.test_function_profile_contract" name="test_file_profile_tuple_alignment" time="0.000" /><testcase classname="tests.analytics.test_function_profile_contract" name="test_module_profile_tuple_alignment" time="0.001" /><testcase classname="tests.analytics.test_function_profile_contract" name="test_test_profile_tuple_alignment" time="0.000" /><testcase classname="tests.analytics.test_function_profile_contract" name="test_behavioral_coverage_tuple_alignment" time="0.000" /><testcase classname="tests.analytics.test_function_profile_contract" name="test_function_profile_writer_registry_and_prepared_statements" time="0.000" /><testcase classname="tests.config.test_serving_graph_features" name="test_serving_config_from_env_graph_features" time="0.001" /><testcase classname="tests.config.test_serving_graph_features" name="test_serving_config_validates_graph_features" time="0.001" /><testcase classname="tests.config.test_serving_models_paths" name="test_normalize_optional_path_handles_none" time="0.000" /><testcase classname="tests.config.test_serving_models_paths" name="test_normalize_optional_path_resolves_strings" time="0.001" /><testcase classname="tests.config.test_serving_models_paths" name="test_serving_config_defaults_db_path_when_missing" time="0.001" /><testcase classname="tests.graphs.test_backend_selection" name="test_maybe_enable_nx_gpu_success" time="0.000" /><testcase classname="tests.graphs.test_backend_selection" name="test_maybe_enable_nx_gpu_fallback" time="0.001" /><testcase classname="tests.graphs.test_backend_selection" name="test_maybe_enable_nx_gpu_strict_raises" time="0.001" /><testcase classname="tests._helpers.test_helpers_roundtrip" name="test_strict_schema_flag_enforces_views" time="0.818" /><testcase classname="tests.analytics.test_subsystem_cache_benchmark" name="test_refresh_and_benchmark_returns_timings" time="0.888" /><testcase classname="tests.analytics.test_graph_stats_validation" name="test_subsystem_agreement_summary_aggregates" time="4.729" /><testcase classname="tests.analytics.test_cfg_dfg_metrics_ext" name="test_dfg_metrics_ext_counts_use_kinds_and_paths" time="5.029" /><testcase classname="tests.analytics.test_functions_validation" name="test_span_not_found_is_recorded" time="5.170" /><testcase classname="tests.cli.test_history_timeseries_cli" name="test_history_timeseries_cli_happy_path" time="12.797" /><testcase classname="tests.analytics.test_catalog_provider_usage" name="test_symbol_uses_falls_back_to_modules_when_catalog_partial" time="5.340" /><testcase classname="tests.analytics.test_cli_parser" name="test_function_parser_invalid_exits" time="0.008" /><testcase classname="tests.analytics.test_cli_parser" name="test_function_parser_default_none" time="0.006" /><testcase classname="tests.analytics.test_dependencies_config_values" name="test_load_config_keys_filters_repo" time="4.543" /><testcase classname="tests._helpers.test_helpers_roundtrip" name="test_file_backed_gateway_creates_db" time="4.365" /><testcase classname="tests.analytics.test_graph_service_runtime" name="test_graph_service_runtime_disables_plugins" time="8.988" /><testcase classname="tests.analytics.test_tests_profiles_coverage_inputs" name="test_aggregate_test_coverage_by_function_in_memory" time="0.030" /><testcase classname="tests.analytics.test_tests_profiles_coverage_inputs" name="test_aggregate_test_coverage_by_subsystem_in_memory" time="0.030" /><testcase classname="tests.analytics.test_tests_profiles_helpers" name="test_importance_guardrails_and_monotonicity" time="0.000" /><testcase classname="tests.analytics.test_tests_profiles_helpers" name="test_build_test_profile_rows_round_trip" time="0.000" /><testcase classname="tests.analytics.test_tests_profiles_helpers" name="test_build_behavioral_coverage_rows_normalization" time="0.000" /><testcase classname="tests.graphs.test_engine_factory" name="test_build_graph_engine_cpu_backend_leaves_env_clean" time="0.690" /><testcase classname="tests.docs_export.test_export_edge_columns" name="test_import_graph_edges_export_includes_repo_commit" time="6.644" /><testcase classname="tests.analytics.test_evidence" name="test_evidence_collector_deduplicates_and_truncates" time="0.000" /><testcase classname="tests.analytics.test_evidence" name="test_validate_evidence_samples_rejects_invalid_payloads" time="0.001" /><testcase classname="tests.analytics.test_graph_metrics_calculations" name="test_compute_function_graph_metrics_counts_and_cycles" time="5.699" /><testcase classname="tests.graphs.test_engine_nx" name="test_engine_matches_nx_views_for_core_graphs" time="0.751" /><testcase classname="tests.docs_export.test_graph_validation_export" name="test_graph_validation_export" time="55.395" /><testcase classname="tests.graphs.test_function_index" name="test_lookup_prefers_exact_span_and_qualname" time="0.001" /><testcase classname="tests.graphs.test_function_index" name="test_lookup_falls_back_to_enclosing_and_same_line" time="0.000" /><testcase classname="tests.graphs.test_goid_builder_decorators" name="test_goid_start_line_includes_decorator_span" time="0.001" /><testcase classname="tests.graphs.test_gpu_backend" name="test_enable_nx_cugraph_backend_missing_module" time="0.002" /><testcase classname="tests.graphs.test_gpu_backend" name="test_enable_nx_cugraph_backend_invokes_setter" time="0.000" /><testcase classname="tests.graphs.test_gpu_backend" name="test_maybe_enable_nx_gpu_falls_back_when_missing" time="0.001" /><testcase classname="tests.graphs.test_gpu_backend" name="test_maybe_enable_nx_gpu_raises_when_strict" time="0.001" /><testcase classname="tests.graphs.test_backend_selection" name="test_build_graph_runtime_captures_backend_info" time="5.381" /><testcase classname="tests.analytics.test_graph_stats_validation" name="test_validation_flags_large_symbol_community_and_config_hubs" time="4.404" /><testcase classname="tests._helpers.test_helpers_roundtrip" name="test_loose_gateway_allows_schema_drift" time="4.391" /><testcase classname="tests.analytics.test_history_timeseries" name="test_history_timeseries_aggregates_functions" time="12.352" /><testcase classname="tests.graphs.test_callgraph_builder" name="test_callgraph_handles_aliases_and_relative_imports" time="5.350" /><testcase classname="tests.analytics.test_subsystems" name="test_subsystems_cluster_and_risk_aggregation" time="4.855" /><testcase classname="tests._helpers.test_helpers_roundtrip" name="test_builder_inserts_round_trip" time="4.337" /><testcase classname="tests.analytics.test_domain_api_exports" name="test_functions_api_exports_expected_symbols" time="0.001" /><testcase classname="tests.analytics.test_domain_api_exports" name="test_graphs_api_exports_expected_symbols" time="0.000" /><testcase classname="tests.analytics.test_domain_api_exports" name="test_history_api_exports_expected_symbols" time="0.000" /><testcase classname="tests.analytics.test_catalog_provider_usage" name="test_graph_metrics_uses_catalog_for_symbol_modules" time="5.678" /><testcase classname="tests.analytics.test_graph_engine_guardrails" name="test_graph_metrics_reuse_provided_runtime" time="6.876" /><testcase classname="tests.analytics.test_feature_flags_behavior" name="test_eager_hydration_respects_feature_override" time="4.329" /><testcase classname="tests.graphs.test_graph_validation_catalog" name="test_graph_validation_orphan_uses_catalog_map" time="5.537" /><testcase classname="tests.analytics.test_graph_features" name="test_summarize_graph_for_function_profile_contract" time="0.034" /><testcase classname="tests.analytics.test_graph_metrics_calculations" name="test_compute_module_graph_metrics_with_symbol_coupling" time="4.685" /><testcase classname="tests.analytics.test_symbol_config_metrics" name="test_symbol_and_config_metrics_populate_and_views_create" time="5.337" /><testcase classname="tests._helpers.test_helpers_roundtrip" name="test_docs_export_ready_has_non_nulls" time="0.894" /><testcase classname="tests.graphs.test_validation_flags" name="test_validation_strict_escalates_findings" time="4.259" /><testcase classname="tests.graphs.test_callgraph_fallback" name="test_callgraph_falls_back_to_ast" time="0.001" /><testcase classname="tests.graphs.test_callgraph_resolution" name="test_resolve_callee_precedence_local_then_alias" time="0.000" /><testcase classname="tests.graphs.test_callgraph_resolution" name="test_resolve_callee_import_alias_global_attr_chain" time="0.000" /><testcase classname="tests.graphs.test_callgraph_resolution" name="test_resolve_callee_unresolved_returns_none" time="0.000" /><testcase classname="tests.graphs.test_callgraph_resolution" name="test_resolve_via_scip_uses_crosswalk_mapping" time="0.000" /><testcase classname="tests.graphs.test_callgraph_resolution" name="test_dedupe_includes_repo_commit_scope" time="0.000" /><testcase classname="tests.graphs.test_engine_factory" name="test_build_graph_engine_uses_backend_flags" time="1.258" /><testcase classname="tests.graphs.test_symbol_uses_module_fallback" name="test_partial_catalog_map_falls_back_to_db" time="4.149" /><testcase classname="tests.analytics.test_graph_service_runtime" name="test_graph_service_runtime_writes_manifest" time="11.373" /><testcase classname="tests.analytics.test_feature_flags_behavior" name="test_eager_hydration_off_defers_graph_loads" time="4.280" /><testcase classname="tests.analytics.test_feature_flags_behavior" name="test_community_detection_cap_skips_when_exceeded" time="0.060" /><testcase classname="tests.ingestion.test_docstrings_inventory" name="test_docstrings_respects_scan_profile_and_module_inventory" time="4.272" /><testcase classname="tests.analytics.test_catalog_provider_usage" name="test_profiles_use_catalog_module_map_when_modules_table_empty" time="5.360" /><testcase classname="tests.analytics.test_runtime_pool" name="test_pool_expires_runtime_after_ttl" time="5.291" /><testcase classname="tests.analytics.test_graph_metrics_calculations" name="test_graph_metrics_ready_gateway_smoke" time="5.992" /><testcase classname="tests.analytics.test_plugin_scope_isolation" name="test_scope_required_without_scope_skips" time="0.668" /><testcase classname="tests.cli.test_history_timeseries_cli" name="test_history_timeseries_cli_missing_snapshot" time="3.436" /><testcase classname="tests.graphs.test_import_modules" name="test_import_modules_matches_condensation_layers" time="6.079" /><testcase classname="tests.analytics.test_plugin_scope_isolation" name="test_isolation_worker_returns_row_counts_and_contracts" time="1.410" /><testcase classname="tests.graphs.test_validation_flags" name="test_validation_non_strict_allows_warnings" time="4.294" /><testcase classname="tests.docs_export.test_export_parity" name="test_export_mappings_cover_required_tables" time="5.512" /><testcase classname="tests.graphs.test_symbol_uses_module_fallback" name="test_no_module_mapping_keeps_same_module_false" time="4.312" /><testcase classname="tests.ingestion.test_change_tracker" name="test_view_for_dataset_full_rebuild_flag_forces_rebuild" time="4.298" /><testcase classname="tests.ingestion.test_change_tracker" name="test_incremental_ingest_ops_reparse_changed_modules" time="6.387" /><testcase classname="tests.graphs.test_import_resolver" name="test_collect_aliases_import_and_from_import" time="0.002" /><testcase classname="tests.graphs.test_import_resolver" name="test_collect_import_edges_relative_resolution" time="0.001" /><testcase classname="tests.graphs.test_import_resolver" name="test_collect_import_edges_deep_relative_and_multi_targets" time="0.001" /><testcase classname="tests.graphs.test_import_resolver" name="test_collect_aliases_handles_from_import_aliases_and_packages" time="0.001" /><testcase classname="tests.analytics.test_plugin_scope_isolation" name="test_planner_rejects_cycles" time="0.676" /><testcase classname="tests.analytics.test_function_history" name="test_function_history_populates_rows" time="4.492" /><testcase classname="tests.ingestion.test_docstrings_inventory" name="test_docstrings_uses_module_inventory_not_filesystem_scan" time="4.633" /><testcase classname="tests.ingestion.test_module_inventory" name="test_source_scanner_only_used_in_repo_scan_and_config_ingest" time="0.001" /><testcase classname="tests.ingestion.test_module_inventory" name="test_module_inventory_round_trip" time="3.724" /><testcase classname="tests.analytics.test_plugin_scope_isolation" name="test_planner_requires_providers" time="0.694" /><testcase classname="tests.cli.test_nx_backend" name="test_maybe_enable_nx_gpu_noop_when_disabled" time="0.001" /><testcase classname="tests.config.test_serving_models_paths" name="test_serving_config_normalizes_db_path_when_provided" time="0.001" /><testcase classname="tests.config.test_subsystems_config" name="test_overrides_are_applied_and_typed" time="0.001" /><testcase classname="tests.config.test_subsystems_config" name="test_invalid_overrides_raise[overrides0-integer]" time="0.001" /><testcase classname="tests.config.test_subsystems_config" name="test_invalid_overrides_raise[overrides1-integer]" time="0.001" /><testcase classname="tests.config.test_subsystems_config" name="test_invalid_overrides_raise[overrides2-numeric]" time="0.001" /><testcase classname="tests.core.test_core_types_normalizers" name="test_normalize_scip_document_filters_invalid_occurrences" time="0.001" /><testcase classname="tests.ingestion.test_scip_ingest_ops" name="test_scip_module_filter_limits_to_src_python_files" time="0.029" /><testcase classname="tests.ingestion.test_step_registry" name="test_registry_includes_all_expected_steps" time="0.000" /><testcase classname="tests.ingestion.test_step_registry" name="test_metadata_exposes_tables_and_deps" time="0.000" /><testcase classname="tests.ingestion.test_step_registry" name="test_topological_order_respects_dependencies" time="0.001" /><testcase classname="tests.ingestion.test_step_registry" name="test_run_ingest_steps_executes_dependencies" time="0.718" /><testcase classname="tests.analytics.test_plugin_skip_on_unchanged_options" name="test_skip_on_unchanged_respects_row_counts_and_options" time="0.744" /><testcase classname="tests.ingestion.test_subprocess_policy" name="test_no_direct_subprocess_usage_outside_tooling" time="0.016" /><testcase classname="tests.ingestion.test_tests_ingest_normalization" name="test_load_tests_from_report_normalizes_entries" time="0.001" /><testcase classname="tests.ingestion.test_tool_plugins" name="test_pyright_plugin_not_found_downgrades" time="0.001" /><testcase classname="tests.ingestion.test_tool_plugins" name="test_pyright_plugin_ok_status" time="0.001" /><testcase classname="tests.ingestion.test_tool_plugins" name="test_default_registry_contains_plugins" time="0.000" /><testcase classname="tests.ingestion.test_tool_runner" name="test_tool_runner_missing_binary" time="0.001" /><testcase classname="tests.ingestion.test_tool_runner" name="test_tool_runner_unknown_tool" time="0.001" /><testcase classname="tests.analytics.test_manifest_fields" name="test_manifest_includes_run_id_scope_and_isolation" time="1.521" /><testcase classname="tests.analytics.test_runtime_pool" name="test_pool_lru_eviction" time="5.330" /><testcase classname="tests.ingestion.test_tool_service" name="test_tool_service_pyright_parses_errors" time="0.532" /><testcase classname="tests.analytics.test_model_config_heuristics" name="test_data_models_and_usage_and_config_flow" time="1.699" /><testcase classname="tests.ingestion.test_tool_service" name="test_tool_service_pyrefly_parses_errors" time="0.549" /><testcase classname="tests.analytics.test_semantic_roles_signals" name="test_fastapi_role_detected" time="0.001" /><testcase classname="tests.analytics.test_semantic_roles_signals" name="test_flask_role_detected" time="0.000" /><testcase classname="tests.analytics.test_semantic_roles_signals" name="test_typer_cli_detected" time="0.000" /><testcase classname="tests.analytics.test_semantic_roles_signals" name="test_pytest_fixture_vs_test_role" time="0.000" /><testcase classname="tests.analytics.test_semantic_roles_signals" name="test_service_tag_and_graph_signal" time="0.000" /><testcase classname="tests.ingestion.test_tool_service" name="test_tool_service_coverage_reports" time="0.524" /><testcase classname="tests.lint.test_no_legacy_data_model_json" name="test_no_legacy_json_usage_outside_whitelist" time="0.014" /><testcase classname="tests.graphs.test_symbol_uses_normalization" name="test_load_scip_documents_skips_invalid_entries" time="0.002" /><testcase classname="tests.ingestion.test_no_ad_hoc_changes" name="test_no_ad_hoc_change_detection[path0]" time="0.001" /><testcase classname="tests.ingestion.test_no_ad_hoc_changes" name="test_no_ad_hoc_change_detection[path1]" time="0.001" /><testcase classname="tests.ingestion.test_no_ad_hoc_changes" name="test_no_ad_hoc_change_detection[path2]" time="0.001" /><testcase classname="tests.ingestion.test_py_ast_extract" name="test_ast_visitor_records_decorator_span" time="0.001" /><testcase classname="tests.graphs.test_span_consistency_integration" name="test_span_alignment_across_components" time="10.227" /><testcase classname="tests.ingestion.test_ingest_run_incremental_ast" name="test_ast_extract_ingest_run_includes_incremental_view_metrics" time="5.420" /><testcase classname="tests.docs_export.test_export_parity" name="test_export_mappings_registered_with_dataset_registry" time="5.617" /><testcase classname="tests.docs_export.test_export_runner" name="test_run_validated_exports_invokes_validator_before_exports" time="5.568" /><testcase classname="tests.analytics.test_plugin_contracts_behavior" name="test_contract_soft_failure_marks_record_failed" time="0.723" /><testcase classname="tests.ingestion.test_common_changes" name="test_compute_changes_tracks_add_modify_delete" time="3.703" /><testcase classname="tests._helpers.test_helpers_roundtrip" name="test_strict_fixtures_expose_views" time="17.041" /><testcase classname="tests.analytics.test_plugin_contracts_behavior" name="test_contract_fatal_failure_marks_failed" time="0.686" /><testcase classname="tests.analytics.test_analytics_dataset_contracts" name="test_function_metrics_insertion_is_idempotent" time="2.496" /><testcase classname="tests.http.test_request_context_http" name="test_correlation_id_plumbed_into_problem_detail" time="7.639" /><testcase classname="tests.analytics.test_graph_service_unit" name="test_centrality_directed_weighted_and_seeded" time="0.002" /><testcase classname="tests.analytics.test_graph_service_unit" name="test_centrality_undirected_empty_returns_zeroes" time="0.001" /><testcase classname="tests.analytics.test_graph_service_unit" name="test_neighbor_stats_with_weights" time="0.000" /><testcase classname="tests.docs_export.test_export_smoke" name="test_export_validation_runs_against_registry" time="0.925" /><testcase classname="tests.docs_export.test_export_validation_flag" name="test_docs_export_validation_flag_triggers_schema_check" time="75.235" /><testcase classname="tests.analytics.test_profiles" name="test_profile_builders_aggregate_expected_fields" time="7.568" /><testcase classname="tests.mcp.test_backend" name="test_callgraph_direction_validation" time="4.476" /><testcase classname="tests.graphs.test_validation" name="test_run_graph_validations_emits_warnings" time="5.617" /><testcase classname="tests.mcp.test_backend" name="test_get_function_summary" time="4.470" /><testcase classname="tests.mcp.test_backend" name="test_function_validation_clamping" time="4.448" /><testcase classname="tests.analytics.test_analytics_dataset_contracts" name="test_graph_metrics_functions_idempotent_and_fk_clean" time="2.432" /><testcase classname="tests.analytics.test_graph_metrics_runtime_reuse" name="test_compute_graph_metrics_reuses_runtime_engine" time="7.027" /><testcase classname="tests.ingestion.test_coverage_incremental" name="test_coverage_ingest_runs_full_rebuild_with_tracker" time="1.574" /><testcase classname="tests.ingestion.test_runner_plumbing" name="test_repo_scan_honors_scan_profile" time="3.372" /><testcase classname="tests.ingestion.test_ingest_run_reporting" name="test_ingest_run_success_reporting" time="4.230" /><testcase classname="tests.mcp.test_backend_dataset_adapter" name="test_read_dataset_rows_delegates" time="4.304" /><testcase classname="tests.mcp.test_duckdb_backend_engine" name="test_duckdb_backend_uses_injected_engine" time="0.716" /><testcase classname="tests.ingestion.test_change_tracker" name="test_view_for_dataset_incremental" time="4.279" /><testcase classname="tests.analytics.test_graph_metrics_smoke" name="test_compute_graph_metrics_with_small_graph" time="2.931" /><testcase classname="tests.mcp.test_wiring_smoke" name="test_mcp_wiring_smoke" time="4.917" /><testcase classname="tests.analytics.test_analytics_rows_contracts" name="test_function_metrics_row_matches_schema" time="0.001" /><testcase classname="tests.orchestration.test_risk_factors_catalog_fallback" name="test_risk_factors_uses_catalog_modules_when_core_modules_empty" time="3.219" /><testcase classname="tests.ingestion.test_coverage_incremental" name="test_resolve_coverage_file_prefers_tool_override" time="0.689" /><testcase classname="tests.mcp.test_registry_limits_parity" name="test_limits_parity_between_local_and_remote_configs" time="0.001" /><testcase classname="tests.mcp.test_registry_limits_parity" name="test_registry_helper_matches_base_registry" time="0.001" /><testcase classname="tests.docs_export.test_export_smoke" name="test_export_all_writes_expected_files" time="50.072" /><testcase classname="tests.orchestration.test_graph_engine_sharing" name="test_graph_engine_reused_with_backend_flags" time="1.016" /><testcase classname="tests.ingestion.test_coverage_incremental" name="test_resolve_coverage_file_missing_returns_none" time="0.723" /><testcase classname="tests.mcp.test_backend" name="test_get_tests_for_function" time="4.421" /><testcase classname="tests.mcp.test_backend" name="test_get_function_summary_invalid" time="4.365" /><testcase classname="tests.orchestration.test_step_registry" name="test_dependency_graph" time="0.000" /><testcase classname="tests.orchestration.test_step_registry" name="test_expand_with_deps" time="0.000" /><testcase classname="tests.orchestration.test_step_registry" name="test_expand_with_deps_unknown_step" time="0.000" /><testcase classname="tests.orchestration.test_step_registry" name="test_topological_order" time="0.000" /><testcase classname="tests.orchestration.test_step_registry" name="test_topological_order_cycle_detection" time="0.001" /><testcase classname="tests.orchestration.test_step_registry" name="test_as_dict" time="0.000" /><testcase classname="tests.orchestration.test_step_registry" name="test_iteration" time="0.000" /><testcase classname="tests.orchestration.test_step_registry" name="test_run_records_context_repo" time="0.000" /><testcase classname="tests.orchestration.test_step_registry" name="test_registry_contains_all_steps" time="0.000" /><testcase classname="tests.orchestration.test_step_registry" name="test_backward_compat_exports" time="0.000" /><testcase classname="tests.orchestration.test_step_registry" name="test_all_steps_have_required_attributes" time="0.000" /><testcase classname="tests.orchestration.test_step_registry" name="test_step_metadata" time="0.000" /><testcase classname="tests.orchestration.test_step_registry" name="test_phase_coverage" time="0.000" /><testcase classname="tests.pipeline.test_prefect_metadata" name="test_attach_task_metadata_records_step" time="0.001" /><testcase classname="tests.pipeline.test_prefect_metadata" name="test_attach_task_metadata_handles_plain_callables" time="0.000" /><testcase classname="tests.orchestration.test_graph_engine_sharing" name="test_engine_reuse_across_semantic_roles" time="2.740" /><testcase classname="tests.mcp.test_backend_adapter" name="test_require_identifier_validation" time="4.311" /><testcase classname="tests.analytics.test_runtime_pool" name="test_pool_reuses_runtime_within_ttl" time="5.285" /><testcase classname="tests.ingestion.test_runner_plumbing" name="test_coverage_ingest_uses_runner" time="2.137" /><testcase classname="tests.graphs.test_validation" name="test_run_graph_validations_snapshot_mismatch_raises" time="5.299" /><testcase classname="tests.orchestration.test_prefect_export_docs" name="test_t_export_docs_invokes_validator_before_export" time="3.335" /><testcase classname="tests.orchestration.test_graph_engine_sharing" name="test_runtime_reuse_with_graph_context" time="0.703" /><testcase classname="tests.orchestration.test_step_registry" name="test_build_registry_from_dicts" time="0.000" /><testcase classname="tests.orchestration.test_step_registry" name="test_get_step" time="0.000" /><testcase classname="tests.orchestration.test_step_registry" name="test_getitem_raises_keyerror" time="0.001" /><testcase classname="tests.ingestion.test_ingest_run_reporting" name="test_ingest_run_error_classification" time="3.341" /><testcase classname="tests.ingestion.test_change_tracker" name="test_view_for_dataset_full_rebuild_when_changed_ratio_exceeds_policy" time="4.290" /><testcase classname="tests.orchestration.test_graph_metrics_step" name="test_graph_metrics_step_runs_plugins" time="10.948" /><testcase classname="tests.ingestion.test_runner_plumbing" name="test_typing_ingest_uses_shared_runner" time="2.799" /><testcase classname="tests.orchestration.test_graph_engine_sharing" name="test_graph_runtime_reuses_engine" time="0.700" /><testcase classname="tests.mcp.test_backend" name="test_get_tests_for_function_invalid" time="4.393" /><testcase classname="tests.mcp.test_backend" name="test_dataset_rows_clamping" time="4.386" /><testcase classname="tests.server.test_dataset_registry_parity" name="test_dataset_registry_parity_across_factory_defaults" time="4.279" /><testcase classname="tests.orchestration.test_prefect_flow_smoke" name="test_prefect_flow_imports" time="0.000" /><testcase classname="tests.mcp.test_backend_adapter" name="test_validate_direction_accepts_expected" time="4.262" /><testcase classname="tests.server.test_fastapi" name="test_function_summary_not_found" time="3.408" /><testcase classname="tests.mcp.test_request_context_mcp" name="test_mcp_tools_set_request_context" time="7.121"><skipped type="pytest.skip" message="FastMCP tools registry not available">/home/paul/CodeIntel/tests/mcp/test_request_context_mcp.py:39: FastMCP tools registry not available</skipped></testcase><testcase classname="tests.orchestration.test_step_registry" name="test_list_all" time="0.001" /><testcase classname="tests.orchestration.test_step_registry" name="test_list_by_phase[StepPhase.INGESTION-expected_names0]" time="0.000" /><testcase classname="tests.orchestration.test_step_registry" name="test_list_by_phase[StepPhase.ANALYTICS-expected_names1]" time="0.001" /><testcase classname="tests.orchestration.test_step_registry" name="test_list_by_phase[StepPhase.EXPORT-expected_names2]" time="0.001" /><testcase classname="tests.services.test_errors" name="test_problem_error_taxonomy_subclasses" time="0.001" /><testcase classname="tests.ingestion.test_scip_ingest" name="test_ingest_scip_produces_artifacts" time="3.170"><skipped type="pytest.skip" message="SCIP ingestion not successful in test environment: Tool scip-python failed (code=127)&#10;Args: ('index', '/tmp/pytest-of-paul/pytest-424/popen-gw3/test_ingest_scip_produces_arti0/repo', '--output', '/tmp/pytest-of-paul/pytest-424/popen-gw3/test_ingest_scip_produces_arti0/repo/build/scip/index.scip')&#10;stderr: /usr/bin/env: 'node': No such file or directory">/home/paul/CodeIntel/tests/ingestion/test_scip_ingest.py:56: SCIP ingestion not successful in test environment: Tool scip-python failed (code=127)
Args: ('index', '/tmp/pytest-of-paul/pytest-424/popen-gw3/test_ingest_scip_produces_arti0/repo', '--output', '/tmp/pytest-of-paul/pytest-424/popen-gw3/test_ingest_scip_produces_arti0/repo/build/scip/index.scip')
stderr: /usr/bin/env: 'node': No such file or directory</skipped></testcase><testcase classname="tests.services.test_errors" name="test_log_problem_emits_json" time="0.001" /><testcase classname="tests.services.test_factory_wiring" name="test_build_backend_resource_local" time="4.611" /><testcase classname="tests.graphs.test_validation" name="test_run_graph_validations_hard_fail_on_error" time="5.499" /><testcase classname="tests.ingestion.test_change_tracker" name="test_view_for_dataset_respects_module_filter_and_deleted_paths" time="4.260" /><testcase classname="tests.orchestration.test_prefect_flow_smoke" name="test_prefect_flow_preflight_only" time="8.203" /><testcase classname="tests.mcp.test_backend" name="test_read_dataset_rows_unknown" time="4.359" /><testcase classname="tests.server.test_fastapi_endpoints" name="test_import_boundary_limits" time="7.942"><failure message="Failed: Expected 400 for invalid max_edges, got 200">tmp_path = PosixPath('/tmp/pytest-of-paul/pytest-424/popen-gw1/test_import_boundary_limits0')

    def test_import_boundary_limits(tmp_path: Path) -&gt; None:
        """Import boundary endpoint enforces limit validation and truncation metadata."""
        repo = "demo/repo"
        commit = "deadbeef"
        db_path = tmp_path / "codeintel.duckdb"
        gateway = _seed_db(db_path, repo=repo, commit=commit)
        app = _build_app(gateway, db_path, repo=repo, commit=commit)
        with TestClient(app) as client:
            bad = client.get("/graph/import/boundary", params={"subsystem_id": "sub1", "max_edges": -5})
            if bad.status_code != HTTPStatus.BAD_REQUEST:
&gt;               pytest.fail(f"Expected 400 for invalid max_edges, got {bad.status_code}")
E               Failed: Expected 400 for invalid max_edges, got 200

tests/server/test_fastapi_endpoints.py:404: Failed</failure></testcase><testcase classname="tests.server.test_dataset_registry_parity" name="test_backend_resource_limits_and_registry_align" time="4.399" /><testcase classname="tests.server.test_fastapi" name="test_tests_for_function_validation" time="3.364"><failure message="Failed: Expected validation error when identifiers are absent">client = &lt;starlette.testclient.TestClient object at 0x7ed719291590&gt;

    def test_tests_for_function_validation(client: TestClient) -&gt; None:
        """Reject missing identifiers when requesting tests for a function."""
        response = client.get("/function/tests")
        if response.status_code != HTTPStatus.BAD_REQUEST:
&gt;           pytest.fail("Expected validation error when identifiers are absent")
E           Failed: Expected validation error when identifiers are absent

tests/server/test_fastapi.py:209: Failed</failure></testcase><testcase classname="tests.server.test_fastapi" name="test_tests_for_function_success" time="3.391" /><testcase classname="tests.mcp.test_backend" name="test_tests_for_function_not_found" time="4.355"><failure message="Failed: Expected not_found message; got []">backend = DuckDBBackend(gateway=_DuckDBGateway(config=StorageConfig(db_path=PosixPath('/tmp/pytest-of-paul/pytest-424/popen-gw9/...its=BackendLimits(default_limit=50, max_rows_per_call=500), graph_engine=None), graph_engine=None)), query_engine=None)

    def test_tests_for_function_not_found(backend: DuckDBBackend) -&gt; None:
        """Missing test edges returns message instead of raising."""
        resp = backend.get_tests_for_function(goid_h128=999, limit=5)
        if resp.tests:
            pytest.fail("Expected no tests for missing function")
        if resp.meta is None:
            pytest.fail("Expected response meta to include messages")
        codes = [m.code for m in resp.meta.messages]
        if "not_found" not in codes:
&gt;           pytest.fail(f"Expected not_found message; got {codes}")
E           Failed: Expected not_found message; got []

tests/mcp/test_backend.py:105: Failed</failure></testcase><testcase classname="tests.server.test_datasets_registry" name="test_function_validation_dataset_present" time="0.000" /><testcase classname="tests.mcp.test_backend_adapter" name="test_backend_delegates_after_validation" time="4.252" /><testcase classname="tests.services.test_backend_limits" name="test_http_service_applies_backend_limits" time="0.001" /><testcase classname="tests.services.test_errors" name="test_problem_defaults_and_to_dict" time="0.000" /><testcase classname="tests.services.test_errors" name="test_problem_allows_override_instance_and_type" time="0.000" /><testcase classname="tests.ingestion.test_scip_ingest" name="test_ingest_scip_uses_injected_runner" time="3.208" /><testcase classname="tests.server.test_fastapi" name="test_dataset_rows_success" time="3.374" /><testcase classname="tests.server.test_fastapi_endpoints" name="test_backend_registry_matches_gateway" time="7.584" /><testcase classname="tests.services.test_factory_wiring" name="test_build_backend_resource_remote" time="8.009" /><testcase classname="tests.server.test_fastapi_endpoints" name="test_health_reports_limits" time="7.623" /><testcase classname="tests.server.test_fastapi_endpoints" name="test_http_backend_against_fastapi" time="8.038"><failure message="codeintel.serving.mcp.errors.McpError: Subsystem not found">tmp_path = PosixPath('/tmp/pytest-of-paul/pytest-424/popen-gw14/test_http_backend_against_fast0')

    def test_http_backend_against_fastapi(tmp_path: Path) -&gt; None:
        """HttpBackend exercises FastAPI app via ASGI transport."""
        repo = "demo/repo"
        commit = "deadbeef"
        db_path = tmp_path / "codeintel.duckdb"
        gateway = _seed_db(db_path, repo=repo, commit=commit)
        app = _build_app(gateway, db_path, repo=repo, commit=commit)
        with TestClient(app):
            client = httpx.AsyncClient(
                transport=httpx.ASGITransport(app=app),
                base_url="http://testserver",
            )
            backend = HttpBackend(
                base_url="http://testserver",
                repo=repo,
                commit=commit,
                timeout=1.0,
                limits=BackendLimits(default_limit=5, max_rows_per_call=10),
                client=client,
            )
            try:
&gt;               _assert_http_backend_round_trip(backend)

tests/server/test_fastapi_endpoints.py:293: 
_ _ _ _ _ _ _ _ _ _ _ _ _ _ _ _ _ _ _ _ _ _ _ _ _ _ _ _ _ _ _ _ _ _ _ _ _ _ _ _ _ _ _ _ _ _ _ _ _ _ _ _ _ _ _ _ _ _ _ _ _ _ _ _ _ _ _ _ _ _ _ _ _ _ _ _ _ _ _ _ _ _ _ _ _ _ _ _ _ _ _ _ _ _ _ _ _ _ _ _ _ _ _ _ _ _ _ _ _ _ _ _ _ _ _ _ _ _ _ _ _ _ _ _ _ _ _ _ _ _ _ _ _ _ _ _ _ _ _ _ _ _ _ _ _ _ _ _ 
tests/server/test_fastapi_endpoints.py:304: in _assert_http_backend_round_trip
    _assert_http_backend_architecture(backend)
tests/server/test_fastapi_endpoints.py:343: in _assert_http_backend_architecture
    detail = backend.get_subsystem_modules(subsystem_id="subsysdemo")
             ^^^^^^^^^^^^^^^^^^^^^^^^^^^^^^^^^^^^^^^^^^^^^^^^^^^^^^^^
src/codeintel/serving/mcp/backend.py:1344: in get_subsystem_modules
    result = self.service.get_subsystem_modules(
src/codeintel/serving/services/subsystems.py:173: in get_subsystem_modules
    pydantic_resp: SubsystemModulesResponse = self._http_call("get_subsystem_modules", _run)
                                              ^^^^^^^^^^^^^^^^^^^^^^^^^^^^^^^^^^^^^^^^^^^^^^
src/codeintel/serving/services/http_transport.py:55: in _http_call
    result = _observe_call(
src/codeintel/serving/services/observability.py:253: in _observe_call
    result = func()
             ^^^^^^
src/codeintel/serving/services/subsystems.py:166: in _run
    response = self.request_json("/architecture/subsystem", payload)
               ^^^^^^^^^^^^^^^^^^^^^^^^^^^^^^^^^^^^^^^^^^^^^^^^^^^^^
_ _ _ _ _ _ _ _ _ _ _ _ _ _ _ _ _ _ _ _ _ _ _ _ _ _ _ _ _ _ _ _ _ _ _ _ _ _ _ _ _ _ _ _ _ _ _ _ _ _ _ _ _ _ _ _ _ _ _ _ _ _ _ _ _ _ _ _ _ _ _ _ _ _ _ _ _ _ _ _ _ _ _ _ _ _ _ _ _ _ _ _ _ _ _ _ _ _ _ _ _ _ _ _ _ _ _ _ _ _ _ _ _ _ _ _ _ _ _ _ _ _ _ _ _ _ _ _ _ _ _ _ _ _ _ _ _ _ _ _ _ _ _ _ _ _ _ _ 

self = HttpBackend(base_url='http://testserver', repo='demo/repo', commit='deadbeef', timeout=1.0, limits=BackendLimits(defau...0.1, circuit_threshold=5, circuit_cooldown_s=30.0, consecutive_failures=0, last_failure_ts=None, last_retry_attempts=1), path = '/architecture/subsystem'
params = {'subsystem_id': 'subsysdemo'}

    def _request_json(self, path: str, params: dict[str, object]) -&gt; object:
        if self.client is None:
            message = "HTTP client is not initialized"
            raise errors.backend_failure(message)
        filtered_params = {k: v for k, v in params.items() if v is not None}
        normalized_params = {k: str(v) for k, v in filtered_params.items()}
        now = time.monotonic()
        if (
            self.consecutive_failures &gt;= self.circuit_threshold
            and self.last_failure_ts is not None
            and now - self.last_failure_ts &lt; self.circuit_cooldown_s
        ):
            message = "HTTP circuit open; retry later"
            raise errors.backend_failure(message)
    
        attempt_error: Exception | None = None
        attempts_used = 0
        client = self.client
        for attempt in range(1, self.retry_attempts + 1):
            attempts_used = attempt
            try:
                if isinstance(client, httpx.AsyncClient):
                    response = anyio.run(_get_async, client, path, normalized_params)
                else:
                    response = client.get(path, params=normalized_params)
            except httpx.RequestError as exc:  # pragma: no cover - network dependent
                attempt_error = exc
            else:
                if response.status_code &gt;= HTTP_ERROR_STATUS:
                    payload = response.json()
                    problem = ProblemDetailModel.model_validate(payload).to_domain()
                    attempt_error = errors.McpError(detail=problem)
                    if response.status_code &lt; RETRYABLE_MIN_STATUS:
&gt;                       raise attempt_error
E                       codeintel.serving.mcp.errors.McpError: Subsystem not found

src/codeintel/serving/mcp/backend.py:1009: McpError</failure></testcase><testcase classname="tests.graphs.test_validation" name="test_run_graph_validations_caps_findings" time="5.466" /><testcase classname="tests.server.test_fastapi" name="test_backend_registry_matches_gateway" time="3.366" /><testcase classname="tests.server.test_fastapi" name="test_dataset_rows_unknown_dataset" time="3.416" /><testcase classname="tests.server.test_fastapi" name="test_function_summary_success" time="3.435" /><testcase classname="tests.services.test_query_service" name="test_http_high_risk_clamps_using_limits" time="0.001" /><testcase classname="tests.services.test_query_service" name="test_fastapi_delegates_to_query_service" time="4.477" /><testcase classname="tests.services.test_query_service" name="test_observability_tracks_subsystem_coverage_calls" time="0.001" /><testcase classname="tests.mcp.test_backend" name="test_read_function_validation_dataset" time="4.377" /><testcase classname="tests.server.test_fastapi" name="test_dataset_rows_limit_clamped" time="3.483" /><testcase classname="tests.services.test_subsystem_roundtrip" name="test_subsystem_profile_roundtrip" time="1.209" /><testcase classname="tests.services.test_query_service" name="test_local_query_service_reads_architecture_seed" time="7.784" /><testcase classname="tests.services.test_query_service" name="test_mcp_tool_delegation" time="4.520"><skipped type="pytest.skip" message="FastMCP tools registry not available">/home/paul/CodeIntel/tests/services/test_query_service.py:577: FastMCP tools registry not available</skipped></testcase><testcase classname="tests.services.test_subsystem_roundtrip" name="test_subsystem_coverage_not_found_meta" time="0.543"><failure message="Failed: Expected not_found message in meta for empty coverage">def test_subsystem_coverage_not_found_meta() -&gt; None:
        """When no coverage rows exist, meta should surface a not_found message."""
        gateway = open_memory_gateway(ensure_views=True, validate_schema=False)
        query = build_duckdb_query_service(
            gateway,
            repo="demo/repo",
            commit="deadbeef",
            limits=BackendLimits(default_limit=10, max_rows_per_call=100),
        )
        local = LocalQueryService(query=query)
        resp = local.list_subsystem_coverage(limit=1)
        if resp.coverage:
            pytest.fail("Expected no coverage rows in empty database")
        if not resp.meta.messages or resp.meta.messages[0].code != "not_found":
&gt;           pytest.fail("Expected not_found message in meta for empty coverage")
E           Failed: Expected not_found message in meta for empty coverage

tests/services/test_subsystem_roundtrip.py:203: Failed</failure></testcase><testcase classname="tests.services.test_subsystem_roundtrip" name="test_subsystem_coverage_roundtrip" time="1.166" /><testcase classname="tests.orchestration.test_prefect_flow_smoke" name="test_cli_docs_export_with_validation" time="56.287" /><testcase classname="tests.services.test_typed_docs_responses" name="test_function_summary_response_uses_typed_row" time="0.552" /><testcase classname="tests.mcp.test_backend" name="test_dataset_list_includes_function_validation" time="4.495" /><testcase classname="tests.orchestration.test_history_timeseries_prefect" name="test_prefect_history_timeseries_step" time="19.567" /><testcase classname="tests.serving.test_operation_spec_alignment" name="test_http_routes_match_operation_specs" time="0.034" /><testcase classname="tests.serving.test_operation_spec_alignment" name="test_mcp_tool_names_match_operation_specs" time="0.066" /><testcase classname="tests.serving.test_query_service_scope" name="test_local_query_service_parses_graph_scope" time="0.000" /><testcase classname="tests.serving.test_mcp_scope_and_plan_models" name="test_graph_plan_response_accepts_plugin_metadata" time="0.000" /><testcase classname="tests.serving.test_mcp_scope_parsing" name="test_parse_graph_scope_roundtrip" time="0.000" /><testcase classname="tests.serving.test_view_utils" name="test_normalize_entrypoints_payload_from_mixed_dicts" time="0.000" /><testcase classname="tests.serving.test_view_utils" name="test_normalize_entrypoints_payload_from_single_dict" time="0.000" /><testcase classname="tests.serving.test_view_utils" name="test_normalize_entrypoints_row_updates_mapping_in_place" time="0.000" /><testcase classname="tests.serving.test_view_utils" name="test_normalize_entrypoints_row_handles_none" time="0.000" /><testcase classname="tests.services.test_query_service" name="test_local_read_dataset_rows_records_observability" time="8.029"><failure message="Failed: Unexpected row count in metrics: ServiceCallMetrics(name='read_dataset_rows', transport='local', duration_ms=2.253589016618207, rows=None, dataset='call_graph_edges', messages=None, error=None, truncated=None, schema_version='1', retries=None, correlation_id=None, external_transport=None, operation=None, repo=None, commit=None, client_id=None, user_agent=None)">architecture_gateway = _DuckDBGateway(config=StorageConfig(db_path=PosixPath('/tmp/pytest-of-paul/pytest-424/popen-gw2/test_local_read_datase...ction object at 0x7ed718106630&gt;), analytics=AnalyticsTables(con=&lt;_duckdb.DuckDBPyConnection object at 0x7ed718106630&gt;))

    def test_local_read_dataset_rows_records_observability(
        architecture_gateway: StorageGateway,
    ) -&gt; None:
        """Dataset reads emit observability metrics with dataset, rows, and truncation."""
        observability = RecordingObservability()
        _seed_call_graph_edges(architecture_gateway)
        service = _build_local_service(
            architecture_gateway,
            limits=BackendLimits(default_limit=2, max_rows_per_call=5),
            observability=observability,
        )
        resp = service.read_dataset_rows(dataset_name="call_graph_edges", limit=1, offset=0)
    
        if not observability.records:
            pytest.fail("Expected observability record")
        metrics = observability.records[0]
        expected_rows = len(resp.rows)
        if metrics.dataset != "call_graph_edges":
            pytest.fail(f"Unexpected dataset in metrics: {metrics}")
        if metrics.rows != expected_rows:
&gt;           pytest.fail(f"Unexpected row count in metrics: {metrics}")
E           Failed: Unexpected row count in metrics: ServiceCallMetrics(name='read_dataset_rows', transport='local', duration_ms=2.253589016618207, rows=None, dataset='call_graph_edges', messages=None, error=None, truncated=None, schema_version='1', retries=None, correlation_id=None, external_transport=None, operation=None, repo=None, commit=None, client_id=None, user_agent=None)

tests/services/test_query_service.py:392: Failed</failure></testcase><testcase classname="tests.server.test_fastapi_endpoints" name="test_callgraph_neighborhood_limits" time="7.928"><failure message="Failed: Expected 400 for invalid max_nodes, got 200">tmp_path = PosixPath('/tmp/pytest-of-paul/pytest-424/popen-gw14/test_callgraph_neighborhood_li0')

    def test_callgraph_neighborhood_limits(tmp_path: Path) -&gt; None:
        """Call graph neighborhood enforces limit validation and truncation metadata."""
        repo = "demo/repo"
        commit = "deadbeef"
        db_path = tmp_path / "codeintel.duckdb"
        gateway = _seed_db(db_path, repo=repo, commit=commit)
        app = _build_app(gateway, db_path, repo=repo, commit=commit)
        with TestClient(app) as client:
            bad = client.get(
                "/graph/call/neighborhood", params={"goid_h128": 1, "radius": 1, "max_nodes": -1}
            )
            if bad.status_code != HTTPStatus.BAD_REQUEST:
&gt;               pytest.fail(f"Expected 400 for invalid max_nodes, got {bad.status_code}")
E               Failed: Expected 400 for invalid max_nodes, got 200

tests/server/test_fastapi_endpoints.py:376: Failed</failure></testcase><testcase classname="tests.services.test_query_service" name="test_query_service_contract_local_vs_http" time="8.269"><failure message="codeintel.serving.mcp.errors.McpError: File profile not found: pkg/mod.py">architecture_gateway = _DuckDBGateway(config=StorageConfig(db_path=PosixPath('/tmp/pytest-of-paul/pytest-424/popen-gw3/test_query_service_con...ction object at 0x7836133cc3f0&gt;), analytics=AnalyticsTables(con=&lt;_duckdb.DuckDBPyConnection object at 0x7836133cc3f0&gt;))

    def test_query_service_contract_local_vs_http(
        architecture_gateway: StorageGateway,
    ) -&gt; None:
        """Ensure QueryService surface is callable via both Local and HTTP implementations."""
        cfg = ServingConfig(repo="demo/repo", commit="deadbeef")
        registry, limits = build_registry_and_limits(cfg)
        validate_dataset_registry(architecture_gateway)
        query = build_duckdb_query_service(
            architecture_gateway, repo=cfg.repo, commit=cfg.commit, limits=limits
        )
        local = LocalQueryService(query=query, dataset_tables=registry)
        http = _build_http_adapter_from_local(local, limits)
        cases = [
            ("get_function_summary", lambda svc: svc.get_function_summary(goid_h128=1)),
            ("list_high_risk_functions", lambda svc: svc.list_high_risk_functions(limit=5)),
            (
                "get_callgraph_neighbors",
                lambda svc: svc.get_callgraph_neighbors(goid_h128=1, direction="both", limit=5),
            ),
            ("get_tests_for_function", lambda svc: svc.get_tests_for_function(goid_h128=1, limit=5)),
            ("get_file_summary", lambda svc: svc.get_file_summary(rel_path="pkg/mod.py")),
            ("get_function_profile", lambda svc: svc.get_function_profile(goid_h128=1)),
            ("get_file_profile", lambda svc: svc.get_file_profile(rel_path="pkg/mod.py")),
            ("get_module_profile", lambda svc: svc.get_module_profile(module="pkg.mod")),
            ("get_function_architecture", lambda svc: svc.get_function_architecture(goid_h128=1)),
            ("get_module_architecture", lambda svc: svc.get_module_architecture(module="pkg.mod")),
            ("list_subsystems", lambda svc: svc.list_subsystems(limit=5)),
            (
                "get_subsystem_modules",
                lambda svc: svc.get_subsystem_modules(subsystem_id="subsysdemo"),
            ),
            ("get_file_hints", lambda svc: svc.get_file_hints(rel_path="pkg/mod.py")),
            ("list_datasets", lambda svc: svc.list_datasets()),
            (
                "read_dataset_rows",
                lambda svc: svc.read_dataset_rows(dataset_name="function_profile", limit=5),
            ),
        ]
    
        def _normalize(result: object) -&gt; object:
            if isinstance(result, list):
                normalized: list[object] = []
                for item in result:
                    if isinstance(item, _SupportsModelDump):
                        normalized.append(item.model_dump())
                    else:
                        normalized.append(item)
                return normalized
            if isinstance(result, _SupportsModelDump):
                return result.model_dump()
            return result
    
        for name, call in cases:
&gt;           local_resp = call(local)
                         ^^^^^^^^^^^

tests/services/test_query_service.py:640: 
_ _ _ _ _ _ _ _ _ _ _ _ _ _ _ _ _ _ _ _ _ _ _ _ _ _ _ _ _ _ _ _ _ _ _ _ _ _ _ _ _ _ _ _ _ _ _ _ _ _ _ _ _ _ _ _ _ _ _ _ _ _ _ _ _ _ _ _ _ _ _ _ _ _ _ _ _ _ _ _ _ _ _ _ _ _ _ _ _ _ _ _ _ _ _ _ _ _ _ _ _ _ _ _ _ _ _ _ _ _ _ _ _ _ _ _ _ _ _ _ _ _ _ _ _ _ _ _ _ _ _ _ _ _ _ _ _ _ _ _ _ _ _ _ _ _ _ _ 
tests/services/test_query_service.py:609: in &lt;lambda&gt;
    ("get_file_profile", lambda svc: svc.get_file_profile(rel_path="pkg/mod.py")),
                                     ^^^^^^^^^^^^^^^^^^^^^^^^^^^^^^^^^^^^^^^^^^^
src/codeintel/serving/services/profiles.py:34: in get_file_profile
    pydantic_resp: FileProfileResponse = self._call(
src/codeintel/serving/services/query_service.py:275: in _call
    return _observe_call(
src/codeintel/serving/services/observability.py:253: in _observe_call
    result = func()
             ^^^^^^
src/codeintel/serving/services/profiles.py:35: in &lt;lambda&gt;
    "get_file_profile", lambda: self.query.modules.get_file_profile(rel_path=rel_path)
                                ^^^^^^^^^^^^^^^^^^^^^^^^^^^^^^^^^^^^^^^^^^^^^^^^^^^^^^
_ _ _ _ _ _ _ _ _ _ _ _ _ _ _ _ _ _ _ _ _ _ _ _ _ _ _ _ _ _ _ _ _ _ _ _ _ _ _ _ _ _ _ _ _ _ _ _ _ _ _ _ _ _ _ _ _ _ _ _ _ _ _ _ _ _ _ _ _ _ _ _ _ _ _ _ _ _ _ _ _ _ _ _ _ _ _ _ _ _ _ _ _ _ _ _ _ _ _ _ _ _ _ _ _ _ _ _ _ _ _ _ _ _ _ _ _ _ _ _ _ _ _ _ _ _ _ _ _ _ _ _ _ _ _ _ _ _ _ _ _ _ _ _ _ _ _ _ 

self = _ModuleQueries(context=BackendContext(gateway=_DuckDBGateway(config=StorageConfig(db_path=PosixPath('/tmp/pytest-of-pa...mmit='deadbeef', limits=BackendLimits(default_limit=50, max_rows_per_call=500), graph_engine=None), graph_engine=None))

    def get_file_profile(self, *, rel_path: str) -&gt; FileProfileResponse:
        row = self.modules.get_file_profile(rel_path)
        if row is None:
            message = f"File profile not found: {rel_path}"
&gt;           raise errors.not_found(message)
E           codeintel.serving.mcp.errors.McpError: File profile not found: pkg/mod.py

src/codeintel/serving/backend/duckdb_service.py:632: McpError</failure></testcase><testcase classname="tests.services.test_query_service" name="test_http_read_dataset_rows_clamps_limit" time="0.001" /><testcase classname="tests.services.test_query_service" name="test_http_read_dataset_rows_invalid_offset" time="0.000" /><testcase classname="tests.services.test_query_service" name="test_local_read_dataset_rows_defaults_limit" time="7.933" /><testcase classname="tests.server.test_wiring_smoke" name="test_fastapi_wiring_smoke" time="5.031" /><testcase classname="tests.serving.test_dataset_specs" name="test_dataset_specs_include_contract_fields" time="0.568" /><testcase classname="tests.services.test_backend_limits" name="test_clamp_limit_value_caps_and_reports" time="0.001" /><testcase classname="tests.storage.test_dataset_catalog" name="test_catalog_handles_missing_samples" time="0.001" /><testcase classname="tests.storage.test_dataset_catalog" name="test_catalog_sampling_gracefully_falls_back" time="0.040" /><testcase classname="tests.storage.test_dataset_catalog" name="test_catalog_sampling_strict_raises" time="0.041" /><testcase classname="tests.storage.test_dataset_catalog" name="test_catalog_missing_db_writes_empty" time="0.001" /><testcase classname="tests.storage.test_dataset_catalog" name="test_catalog_missing_db_strict_fails" time="0.001" /><testcase classname="tests.storage.test_dataset_scaffold" name="test_scaffold_writes_artifacts" time="0.001" /><testcase classname="tests.storage.test_dataset_scaffold" name="test_scaffold_respects_dry_run" time="0.001" /><testcase classname="tests.storage.test_dataset_scaffold" name="test_scaffold_blocks_overwrite_without_flag" time="0.001" /><testcase classname="tests.storage.test_dataset_scaffold" name="test_scaffold_view_defaults_skip_exports" time="0.001" /><testcase classname="tests.storage.test_dataset_scaffold" name="test_scaffold_emits_bootstrap_snippet_when_requested" time="0.001" /><testcase classname="tests.storage.test_dataset_scaffold" name="test_scaffold_registry_conflict_blocks_creation" time="0.001" /><testcase classname="tests.storage.test_datasets_contract" name="test_json_schema_ids_attached_to_datasets" time="0.544" /><testcase classname="tests.serving.test_mcp_scope_and_plan_models" name="test_parse_graph_scope_coerces_time_window_strings" time="0.000" /><testcase classname="tests.storage.test_datasets_contract" name="test_describe_dataset_shape" time="0.001" /><testcase classname="tests.storage.test_datasets_contract" name="test_json_schema_datasets_have_row_bindings" time="0.531" /><testcase classname="tests.storage.test_datasets_contract" name="test_require_row_binding_behavior" time="0.001" /><testcase classname="tests.storage.test_docs_view_indexes" name="test_subsystems_has_repo_commit_index" time="0.066" /><testcase classname="tests.storage.test_docs_views_as_datasets" name="test_docs_views_registered_in_metadata" time="0.336" /><testcase classname="tests.storage.test_docs_view_indexes" name="test_test_profile_has_primary_subsystem_index" time="0.070" /><testcase classname="tests.storage.test_docs_views_as_datasets" name="test_docs_views_expose_capabilities" time="0.350" /><testcase classname="tests.storage.test_docs_views_as_datasets" name="test_docs_view_readable_via_dataset_rows" time="0.540" /><testcase classname="tests.services.test_factory_wiring" name="test_build_backend_resource_gateway_path" time="4.975" /><testcase classname="tests.serving.test_backend_resource_runtime" name="test_backend_resource_reuses_pooled_runtime" time="6.110" /><testcase classname="tests.services.test_query_service" name="test_observability_tracks_subsystem_profile_calls" time="0.001" /><testcase classname="tests.storage.test_file_module_test_behavioral_columns" name="test_file_profile_tuple_length_matches_columns" time="0.000" /><testcase classname="tests.storage.repositories.test_repositories" name="test_function_repository_reads" time="5.515" /><testcase classname="tests.storage.test_file_module_test_behavioral_columns" name="test_module_profile_tuple_length_matches_columns" time="0.000" /><testcase classname="tests.storage.test_file_module_test_behavioral_columns" name="test_test_profile_tuple_length_matches_columns" time="0.000" /><testcase classname="tests.storage.test_file_module_test_behavioral_columns" name="test_behavioral_coverage_tuple_length_matches_columns" time="0.000" /><testcase classname="tests.storage.test_function_profile_rows" name="test_function_profile_tuple_length_matches_columns" time="0.000" /><testcase classname="tests.serving.test_serving_runtime_analytics_e2e" name="test_serving_runtime_analytics_reuses_engine" time="7.837" /><testcase classname="tests.server.test_fastapi_endpoints" name="test_fastapi_endpoints_smoke" time="8.051"><failure message="Failed: Unexpected call_fan_out in function architecture">architecture_gateway = _DuckDBGateway(config=StorageConfig(db_path=PosixPath('/tmp/pytest-of-paul/pytest-424/popen-gw11/test_fastapi_endpoint...ction object at 0x7bbc28850370&gt;), analytics=AnalyticsTables(con=&lt;_duckdb.DuckDBPyConnection object at 0x7bbc28850370&gt;))
tmp_path = PosixPath('/tmp/pytest-of-paul/pytest-424/popen-gw11/test_fastapi_endpoints_smoke0')

    def test_fastapi_endpoints_smoke(architecture_gateway: StorageGateway, tmp_path: Path) -&gt; None:
        """Seed a DuckDB and verify key FastAPI endpoints return data."""
        repo = "demo/repo"
        commit = "deadbeef"
        db_path = tmp_path / "codeintel.duckdb"
        app = _build_app(architecture_gateway, db_path, repo=repo, commit=commit)
        with TestClient(app) as client:
            _assert_function_summary(client)
            _assert_callgraph(client)
            _assert_tests_for_function(client)
            _assert_file_summary(client)
&gt;           _assert_architecture_endpoints(client)

tests/server/test_fastapi_endpoints.py:84: 
_ _ _ _ _ _ _ _ _ _ _ _ _ _ _ _ _ _ _ _ _ _ _ _ _ _ _ _ _ _ _ _ _ _ _ _ _ _ _ _ _ _ _ _ _ _ _ _ _ _ _ _ _ _ _ _ _ _ _ _ _ _ _ _ _ _ _ _ _ _ _ _ _ _ _ _ _ _ _ _ _ _ _ _ _ _ _ _ _ _ _ _ _ _ _ _ _ _ _ _ _ _ _ _ _ _ _ _ _ _ _ _ _ _ _ _ _ _ _ _ _ _ _ _ _ _ _ _ _ _ _ _ _ _ _ _ _ _ _ _ _ _ _ _ _ _ _ _ 

client = &lt;starlette.testclient.TestClient object at 0x7bbc287a2850&gt;

    def _assert_architecture_endpoints(client: TestClient) -&gt; None:
        expected_call_fan_out = 3
        expected_import_fan_in = 3
        func_resp = client.get("/architecture/function", params={"goid_h128": 1})
        func_payload = _expect_dict(_json_or_fail(func_resp))
        if not func_payload.get("found"):
            pytest.fail("Function architecture should be found")
        func_arch = cast("dict[str, Any]", func_payload["architecture"])
        if func_arch.get("call_fan_out") != expected_call_fan_out:
&gt;           pytest.fail("Unexpected call_fan_out in function architecture")
E           Failed: Unexpected call_fan_out in function architecture

tests/server/test_fastapi_endpoints.py:210: Failed</failure></testcase><testcase classname="tests.storage.repositories.test_repositories" name="test_data_model_repository_reads" time="5.525" /><testcase classname="tests.storage.test_catalog_describe" name="test_describe_dataset_warns_on_missing_schema" time="0.000" /><testcase classname="tests.storage.test_ingest_macros_end_to_end" name="test_architecture_seed_helper_has_macros[True]" time="7.229" /><testcase classname="tests.serving.test_problem_details" name="test_dataset_not_found_round_trip_preserves_code_and_context" time="0.001" /><testcase classname="tests.serving.test_problem_details" name="test_wrap_serializes_mcp_error_to_problem_detail_payload" time="0.001" /><testcase classname="tests.storage.test_ingest_macros_end_to_end" name="test_provision_helper_has_macros" time="4.285" /><testcase classname="tests.docs_export.test_validate_exports" name="test_validate_jsonl_happy_path" time="0.003" /><testcase classname="tests.docs_export.test_validate_exports" name="test_validate_jsonl_failure" time="0.005" /><testcase classname="tests.docs_export.test_validate_exports" name="test_docs_export_views_exist" time="4.290" /><testcase classname="tests.storage.test_export_macro_invocation" name="test_export_calls_macro_sentinel" time="4.314" /><testcase classname="tests.storage.test_export_macro_parity" name="test_macro_parity_exports_seeded_rows" time="4.322" /><testcase classname="tests.storage.test_gateway_helpers" name="test_insert_helpers_write_expected_rows" time="6.496" /><testcase classname="tests.services.test_request_context_observability" name="test_local_query_observability_uses_request_context" time="7.318" /><testcase classname="tests.storage.test_conformance" name="test_conformance_passes_with_empty_db" time="0.486" /><testcase classname="tests.services.test_query_service" name="test_local_read_dataset_rows_propagates_errors" time="7.826" /><testcase classname="tests.storage.test_dataset_catalog" name="test_catalog_generation_writes_files" time="0.001" /><testcase classname="tests.storage.repositories.test_repositories" name="test_module_repository_reads" time="5.564" /><testcase classname="tests.storage.test_ingest_macros_cache" name="test_ingest_macros_re_register_on_cache_hit_after_close" time="1.452" /><testcase classname="tests.serving.test_backend_resource_runtime" name="test_backend_resource_reuse_across_builds" time="6.543" /><testcase classname="tests.storage.test_ingest_macros_autoload" name="test_ingest_macros_registered_on_gateway" time="0.739" /><testcase classname="tests.storage.test_ingest_macros_provision_helper" name="test_provision_helper_registers_macros" time="4.324" /><testcase classname="tests.storage.test_ingest_macros_cache" name="test_ingest_macros_recover_if_missing_while_cached" time="0.726" /><testcase classname="tests.docs_export.test_validate_exports" name="test_export_raises_on_validation_failure" time="5.924" /><testcase classname="tests.storage.test_metadata_bootstrap" name="test_metadata_bootstrap_populates_catalog" time="0.513" /><testcase classname="tests.storage.test_normalized_macros_helper" name="test_normalized_macros_match_expected_sets" time="0.000" /><testcase classname="tests.storage.test_export_macro_strict" name="test_require_macros_allows_macro_backed_tables" time="4.306" /><testcase classname="tests.storage.test_ingest_macros_seed_helper" name="test_seed_helper_registers_ingest_macros" time="7.268" /><testcase classname="tests.serving.test_serving_runtime_analytics_e2e" name="test_serving_wiring_respects_supplied_runtime" time="6.173" /><testcase classname="tests.storage.test_export_macro_strict" name="test_require_macros_rejects_dataset_rows_only" time="4.289" /><testcase classname="tests.serving.test_view_utils" name="test_normalize_entrypoints_payload_from_json_string" time="0.000" /><testcase classname="tests.storage.test_schema_generation_validator" name="test_build_validator_accepts_mapping" time="0.001" /><testcase classname="tests.storage.test_schema_generation_validator" name="test_validate_row_with_schema_passes_valid_data" time="0.001" /><testcase classname="tests.storage.test_schema_roundtrip" name="test_call_graph_edge_round_trip" time="0.321" /><testcase classname="tests.storage.test_schema_roundtrip" name="test_symbol_use_round_trip" time="0.018" /><testcase classname="tests.storage.test_schema_roundtrip" name="test_test_coverage_round_trip" time="0.024" /><testcase classname="tests.storage.test_schema_roundtrip" name="test_behavioral_coverage_round_trip" time="0.046" /><testcase classname="tests.storage.test_schema_roundtrip" name="test_generate_export_schemas_writes_files" time="0.307" /><testcase classname="tests.storage.test_ingest_prepared_dynamic" name="test_ingest_macros_registered" time="4.288" /><testcase classname="tests.storage.test_sql_helpers" name="test_quote_identifier_validates_simple_names" time="0.000" /><testcase classname="tests.storage.test_sql_helpers" name="test_quote_identifier_rejects_invalid[1foo]" time="0.001" /><testcase classname="tests.storage.test_sql_helpers" name="test_quote_identifier_rejects_invalid[foo-bar]" time="0.001" /><testcase classname="tests.storage.test_sql_helpers" name="test_quote_identifier_rejects_invalid[foo;drop]" time="0.001" /><testcase classname="tests.storage.test_sql_helpers" name="test_quote_identifier_rejects_invalid[foo bar]" time="0.000" /><testcase classname="tests.storage.test_sql_helpers" name="test_quote_table_key_validates_schema_and_table" time="0.000" /><testcase classname="tests.storage.test_sql_helpers" name="test_quote_table_key_rejects_bad_keys[]" time="0.000" /><testcase classname="tests.storage.test_sql_helpers" name="test_quote_table_key_rejects_bad_keys[notable]" time="0.000" /><testcase classname="tests.storage.test_sql_helpers" name="test_quote_table_key_rejects_bad_keys[foo..bar]" time="0.000" /><testcase classname="tests.storage.test_sql_helpers" name="test_safe_macro_call_validates_allowlist" time="0.000" /><testcase classname="tests.storage.test_subsystem_docs_views" name="test_subsystem_profile_columns" time="0.072" /><testcase classname="tests.storage.test_subsystem_docs_views" name="test_subsystem_coverage_columns" time="0.070" /><testcase classname="tests.storage.test_subsystem_docs_views" name="test_subsystem_profile_view_prefers_cache" time="0.076" /><testcase classname="tests.storage.test_ingest_macros_end_to_end" name="test_architecture_seed_helper_has_macros[False]" time="6.976" /><testcase classname="tests.storage.test_subsystem_docs_views" name="test_subsystem_coverage_view_prefers_cache" time="0.077" /><testcase classname="tests.storage.repositories.test_repositories" name="test_subsystem_repository_reads" time="5.545" /><testcase classname="tests.orchestration.test_pipeline_catalog_entrypoint" name="test_pipeline_steps_use_function_catalog" time="14.919" /><testcase classname="tests.storage.test_views_scoping" name="test_call_graph_view_scopes_edges_to_repo_commit" time="6.655" /><testcase classname="tests.storage.test_macro_performance" name="test_normalized_macro_latency_smoke[analytics.function_metrics]" time="4.289" /><testcase classname="tests.storage.test_macro_schemas" name="test_macro_schemas_match_table_definitions" time="4.312" /><testcase classname="tests.storage.test_normalized_macros" name="test_normalized_macros_execute" time="4.302" /><testcase classname="tests.storage.test_normalized_macros_helper" name="test_dataset_rows_only_tables_parse" time="4.326" /><testcase classname="tests.storage.test_ingest_perf" name="test_ingest_macro_perf_reasonable" time="5.325"><failure message="Failed: Macro ingest slower than expected for analytics.function_metrics: macro=0.757887s prepared=0.069806s">fresh_gateway = _DuckDBGateway(config=StorageConfig(db_path=PosixPath('/tmp/pytest-of-paul/pytest-424/popen-gw1/test_ingest_macro_perf...ction object at 0x7203eafd30f0&gt;), analytics=AnalyticsTables(con=&lt;_duckdb.DuckDBPyConnection object at 0x7203eafd30f0&gt;))

    def test_ingest_macro_perf_reasonable(fresh_gateway: StorageGateway) -&gt; None:
        """Macro-based ingest should be within a reasonable factor of prepared inserts."""
        con = fresh_gateway.con
        table_keys = ["analytics.function_metrics", "analytics.function_effects"]
        for table_key in table_keys:
            rows = _sample_rows(con, table_key, count=15)
    
            con.execute(
                "DELETE FROM analytics.function_metrics WHERE 1=1"
                if table_key == "analytics.function_metrics"
                else "DELETE FROM analytics.function_effects WHERE 1=1"
            )
            start_macro = perf_counter()
            macro_inserted = ingest_via_macro(con, table_key, rows)
            macro_elapsed = perf_counter() - start_macro
    
            con.execute(
                "DELETE FROM analytics.function_metrics WHERE 1=1"
                if table_key == "analytics.function_metrics"
                else "DELETE FROM analytics.function_effects WHERE 1=1"
            )
            stmts = prepared_statements_dynamic(con, table_key)
            start_prepared = perf_counter()
            con.executemany(stmts.insert_sql, rows)
            prepared_elapsed = perf_counter() - start_prepared
    
            if macro_inserted != len(rows):
                pytest.fail(f"Inserted rows {macro_inserted} != expected {len(rows)} for {table_key}")
            # Allow a generous factor to avoid flakiness while catching regressions.
            if macro_elapsed &gt; prepared_elapsed * 5 + 0.05:
&gt;               pytest.fail(
                    f"Macro ingest slower than expected for {table_key}: macro={macro_elapsed:.6f}s "
                    f"prepared={prepared_elapsed:.6f}s"
                )
E               Failed: Macro ingest slower than expected for analytics.function_metrics: macro=0.757887s prepared=0.069806s

tests/storage/test_ingest_perf.py:80: Failed</failure></testcase><testcase classname="tests.docs_export.test_validate_exports" name="test_export_logs_problem_detail_on_validation_failure" time="5.885" /><testcase classname="tests.storage.test_macro_performance" name="test_normalized_macro_latency_smoke[graph.call_graph_edges]" time="4.258" /><testcase classname="tests.storage.test_sql_helpers" name="test_quote_identifier_rejects_invalid[]" time="0.001" /><testcase classname="tests.test_tests_analytics_unit" name="test_compute_test_coverage_edges_with_real_coverage" time="7.432" /><testcase classname="tests.storage.test_schema_generation" name="test_json_schema_from_typeddict_round_trip" time="0.001" /><testcase classname="tests.storage.test_ingest_prepared_dynamic" name="test_dynamic_prepared_statements_match_registry" time="4.532" /><testcase classname="tests.storage.test_macro_registry" name="test_macro_registry_hashes" time="4.361" /><testcase classname="tests.test_layering_serving_imports" name="test_no_serving_imports_in_middle_packages" time="0.636" /><testcase classname="tests.test_core_dependency_hygiene" name="test_core_imports_are_stdlib_only" time="0.001" /><testcase classname="tests.storage.test_metadata_dataset_rows_macro" name="test_dataset_rows_macro_handles_registry_datasets" time="4.355" /><testcase classname="tests.test_layering_serving_imports" name="test_no_pipeline_imports_in_middle_packages" time="0.383" /><testcase classname="tests.storage.test_normalized_macros_helper" name="test_normalized_macros_defined" time="4.364" /><testcase classname="tests.test_pipeline_smoke" name="test_pipeline_export_docs_smoke" time="0.001"><skipped type="pytest.xfail" message="Pipeline export_docs currently fails in function_effects catalog integration" /></testcase><testcase classname="tests.storage.test_normalized_macros_helper" name="test_normalized_macro_schema_validation" time="4.334" /><testcase classname="tests.test_testing_contract" name="test_testing_charter_forbidden_patterns" time="0.018" /><testcase classname="tests.storage.test_schema_alignment" name="test_apply_and_validate_schema_alignment" time="4.478" /><testcase classname="tests.storage.test_subsystem_view_schema_drift" name="test_subsystem_docs_views_schema_stable" time="0.077" /><testcase classname="tests.test_tests_analytics_unit" name="test_backfill_test_goids_updates_catalog" time="6.223" /><testcase classname="tests.test_tests_analytics_unit" name="test_edges_for_file_uses_test_meta" time="0.001" /><testcase classname="tests.storage.test_schema_function_validation" name="test_apply_all_schemas_creates_function_validation" time="4.182" /><testcase classname="tests.test_callgraph_alias_resolution" name="test_callgraph_resolves_import_alias" time="5.538" /><testcase classname="tests.test_tests_analytics_unit" name="test_compute_test_coverage_edges_respects_injected_loader" time="6.961" /><testcase classname="tests.orchestration.test_pipeline_catalog_reuse" name="test_steps_share_function_catalog" time="11.828" /><testcase classname="tests.docs_export.test_export_smoke" name="test_export_validation_passes_on_minimal_data" time="21.575" /><testcase classname="tests.services.test_typed_docs_responses" name="test_subsystem_profile_response_uses_typed_row" time="0.431" /><testcase classname="tests.services.test_typed_docs_responses" name="test_subsystem_coverage_response_uses_typed_row" time="0.433" /><testcase classname="tests.docs_export.test_export_validation_models" name="test_data_model_field_schema_validates_fixture" time="0.002" /><testcase classname="tests.docs_export.test_export_validation_models" name="test_data_model_relationship_schema_validates_fixture" time="0.001" /><testcase classname="tests.docs_export.test_export_smoke" name="test_export_subset_by_dataset_name" time="2.639"><failure message="Failed: Unexpected export set: missing {'goids.jsonl.marker.json', 'goids.parquet.marker.json', 'function_metrics.parquet.marker.json', 'function_metrics.jsonl.marker.json'}, extra set()">docs_export_gateway = ProvisionedGateway(repo='r', commit='c', repo_root=PosixPath('/tmp/pytest-of-paul/pytest-424/popen-gw0/test_export_sub...PyConnection object at 0x7d1e8a1b8b30&gt;)), runner=&lt;codeintel.ingestion.tool_runner.ToolRunner object at 0x7d1de6baa140&gt;)
tmp_path = PosixPath('/tmp/pytest-of-paul/pytest-424/popen-gw0/test_export_subset_by_dataset_0')

    def test_export_subset_by_dataset_name(
        docs_export_gateway: ProvisionedGateway, tmp_path: Path
    ) -&gt; None:
        """Exports honor dataset-name selection using the registry."""
        output_dir = tmp_path / "Document Output"
        selected = ["function_metrics", "goids"]
        export_all_parquet(
            docs_export_gateway.gateway,
            output_dir,
            options=ExportCallOptions(validate_exports=False, datasets=selected),
        )
        export_all_jsonl(
            docs_export_gateway.gateway,
            output_dir,
            options=ExportCallOptions(validate_exports=False, datasets=selected),
        )
    
        written = {p.name for p in output_dir.iterdir() if p.is_file()}
        expected = {
            "function_metrics.parquet",
            "goids.parquet",
            "function_metrics.jsonl",
            "goids.jsonl",
            "function_metrics.parquet.manifest.json",
            "function_metrics.parquet.marker.json",
            "goids.parquet.manifest.json",
            "goids.parquet.marker.json",
            "function_metrics.jsonl.manifest.json",
            "function_metrics.jsonl.marker.json",
            "goids.jsonl.manifest.json",
            "goids.jsonl.marker.json",
            "repo_map.json",
            "index.json",
            "datasets_manifest.json",
        }
        if written != expected:
            message = f"Unexpected export set: missing {expected - written}, extra {written - expected}"
&gt;           pytest.fail(message)
E           Failed: Unexpected export set: missing {'goids.jsonl.marker.json', 'goids.parquet.marker.json', 'function_metrics.parquet.marker.json', 'function_metrics.jsonl.marker.json'}, extra set()

tests/docs_export/test_export_smoke.py:158: Failed</failure></testcase><testcase classname="tests.docs_export.test_function_validation_export" name="test_function_validation_export" time="40.300" /><testcase classname="tests.docs_export.test_export_smoke" name="test_export_subset_validates_dataset_names" time="1.103" /></testsuite></testsuites>