<?xml version="1.0" encoding="utf-8"?><testsuites name="pytest tests"><testsuite name="pytest" errors="0" failures="0" skipped="0" tests="14" time="14.242" timestamp="2025-12-13T11:40:00.524234-05:00" hostname="paul-X870-AORUS-ELITE-WIFI7"><testcase classname="tests.analytics.utilities.test_persistence.TestDeleteScope" name="test_create_with_columns" time="0.001" /><testcase classname="tests.analytics.compute.test_row_builders.TestBuildFunctionGraphMetricRows" name="test_builds_rows_for_nodes" time="0.001" /><testcase classname="tests.analytics.utilities.test_persistence.TestDeleteScope" name="test_create_with_required_fields" time="0.001" /><testcase classname="tests.analytics.utilities.test_persistence.TestDeleteScopeImport" name="test_import_from_persistence" time="0.001" /><testcase classname="tests.analytics.utilities.test_persistence.TestDeleteScopeImport" name="test_import_from_utilities" time="0.001" /><testcase classname="tests.analytics.compute.test_row_builders.TestBuildFunctionGraphMetricRows" name="test_builds_empty_list_for_no_nodes" time="0.001" /><testcase classname="tests.analytics.utilities.test_persistence.TestDeleteScope" name="test_equality" time="0.001" /><testcase classname="tests.analytics.utilities.test_persistence.TestDeleteScope" name="test_frozen" time="0.001" /><testcase classname="tests.analytics.compute.test_row_builders.TestMergeComponentMetadata" name="test_returns_computed_when_no_cache" time="0.001" /><testcase classname="tests.analytics.compute.test_row_builders.TestBuildSubsystemGraphRows" name="test_builds_rows_for_subsystems" time="0.001" /><testcase classname="tests.analytics.compute.test_row_builders.TestBuildSymbolRows" name="test_builds_module_rows" time="0.001" /><testcase classname="tests.analytics.utilities.test_persistence.TestDeleteScope" name="test_hashable" time="0.001" /><testcase classname="tests.analytics.compute.test_row_builders.TestRowBuildersImport" name="test_import_from_row_builders_package" time="0.001" /><testcase classname="tests.analytics.compute.test_row_builders.TestMergeComponentMetadata" name="test_overlays_cached_values" time="0.001" /></testsuite></testsuites>