<?xml version="1.0" encoding="utf-8"?><testsuites name="pytest tests"><testsuite name="pytest" errors="101" failures="20" skipped="31" tests="4632" time="151.757" timestamp="2025-12-13T08:35:56.096179-05:00" hostname="paul-X870-AORUS-ELITE-WIFI7"><testcase classname="" name="tests.analytics.functions.test_function_effects_runtime" time="0.000"><error message="collection failure">ImportError while importing test module '/home/paul/CodeIntel/tests/analytics/functions/test_function_effects_runtime.py'.
Hint: make sure your test modules/packages have valid Python names.
Traceback:
../.local/share/uv/python/cpython-3.13.9-linux-x86_64-gnu/lib/python3.13/importlib/__init__.py:88: in import_module
    return _bootstrap._gcd_import(name[level:], package, level)
           ^^^^^^^^^^^^^^^^^^^^^^^^^^^^^^^^^^^^^^^^^^^^^^^^^^^^
tests/analytics/functions/test_function_effects_runtime.py:12: in &lt;module&gt;
    from codeintel.analytics.functions.function_effects import (
E   ImportError: cannot import name 'FunctionEffectsStepConfig' from 'codeintel.analytics.functions.function_effects' (/home/paul/CodeIntel/src/codeintel/analytics/functions/function_effects.py)</error></testcase><testcase classname="" name="tests.cli.handlers" time="0.000"><error message="collection failure">../.local/share/uv/python/cpython-3.13.9-linux-x86_64-gnu/lib/python3.13/importlib/__init__.py:88: in import_module
    return _bootstrap._gcd_import(name[level:], package, level)
           ^^^^^^^^^^^^^^^^^^^^^^^^^^^^^^^^^^^^^^^^^^^^^^^^^^^^
&lt;frozen importlib._bootstrap&gt;:1387: in _gcd_import
    ???
&lt;frozen importlib._bootstrap&gt;:1360: in _find_and_load
    ???
&lt;frozen importlib._bootstrap&gt;:1331: in _find_and_load_unlocked
    ???
&lt;frozen importlib._bootstrap&gt;:935: in _load_unlocked
    ???
.venv/lib/python3.13/site-packages/_pytest/assertion/rewrite.py:197: in exec_module
    exec(co, module.__dict__)
tests/cli/handlers/conftest.py:31: in &lt;module&gt;
    from tests._helpers.serving_contexts import (
tests/_helpers/serving_contexts.py:12: in &lt;module&gt;
    from tests._helpers.serving_apps import (
tests/_helpers/serving_apps.py:13: in &lt;module&gt;
    from codeintel.serving.http.fastapi import BackendResource, create_app
E   ImportError: cannot import name 'BackendResource' from 'codeintel.serving.http.fastapi' (/home/paul/CodeIntel/src/codeintel/serving/http/fastapi.py)</error><error message="collection failure">../.local/share/uv/python/cpython-3.13.9-linux-x86_64-gnu/lib/python3.13/importlib/__init__.py:88: in import_module
    return _bootstrap._gcd_import(name[level:], package, level)
           ^^^^^^^^^^^^^^^^^^^^^^^^^^^^^^^^^^^^^^^^^^^^^^^^^^^^
&lt;frozen importlib._bootstrap&gt;:1387: in _gcd_import
    ???
&lt;frozen importlib._bootstrap&gt;:1360: in _find_and_load
    ???
&lt;frozen importlib._bootstrap&gt;:1331: in _find_and_load_unlocked
    ???
&lt;frozen importlib._bootstrap&gt;:935: in _load_unlocked
    ???
.venv/lib/python3.13/site-packages/_pytest/assertion/rewrite.py:197: in exec_module
    exec(co, module.__dict__)
tests/cli/handlers/conftest.py:31: in &lt;module&gt;
    from tests._helpers.serving_contexts import (
tests/_helpers/serving_contexts.py:12: in &lt;module&gt;
    from tests._helpers.serving_apps import (
tests/_helpers/serving_apps.py:13: in &lt;module&gt;
    from codeintel.serving.http.fastapi import BackendResource, create_app
E   ImportError: cannot import name 'BackendResource' from 'codeintel.serving.http.fastapi' (/home/paul/CodeIntel/src/codeintel/serving/http/fastapi.py)</error><error message="collection failure">../.local/share/uv/python/cpython-3.13.9-linux-x86_64-gnu/lib/python3.13/importlib/__init__.py:88: in import_module
    return _bootstrap._gcd_import(name[level:], package, level)
           ^^^^^^^^^^^^^^^^^^^^^^^^^^^^^^^^^^^^^^^^^^^^^^^^^^^^
&lt;frozen importlib._bootstrap&gt;:1387: in _gcd_import
    ???
&lt;frozen importlib._bootstrap&gt;:1360: in _find_and_load
    ???
&lt;frozen importlib._bootstrap&gt;:1331: in _find_and_load_unlocked
    ???
&lt;frozen importlib._bootstrap&gt;:935: in _load_unlocked
    ???
.venv/lib/python3.13/site-packages/_pytest/assertion/rewrite.py:197: in exec_module
    exec(co, module.__dict__)
tests/cli/handlers/conftest.py:31: in &lt;module&gt;
    from tests._helpers.serving_contexts import (
tests/_helpers/serving_contexts.py:12: in &lt;module&gt;
    from tests._helpers.serving_apps import (
tests/_helpers/serving_apps.py:13: in &lt;module&gt;
    from codeintel.serving.http.fastapi import BackendResource, create_app
E   ImportError: cannot import name 'BackendResource' from 'codeintel.serving.http.fastapi' (/home/paul/CodeIntel/src/codeintel/serving/http/fastapi.py)</error><error message="collection failure">../.local/share/uv/python/cpython-3.13.9-linux-x86_64-gnu/lib/python3.13/importlib/__init__.py:88: in import_module
    return _bootstrap._gcd_import(name[level:], package, level)
           ^^^^^^^^^^^^^^^^^^^^^^^^^^^^^^^^^^^^^^^^^^^^^^^^^^^^
&lt;frozen importlib._bootstrap&gt;:1387: in _gcd_import
    ???
&lt;frozen importlib._bootstrap&gt;:1360: in _find_and_load
    ???
&lt;frozen importlib._bootstrap&gt;:1331: in _find_and_load_unlocked
    ???
&lt;frozen importlib._bootstrap&gt;:935: in _load_unlocked
    ???
.venv/lib/python3.13/site-packages/_pytest/assertion/rewrite.py:197: in exec_module
    exec(co, module.__dict__)
tests/cli/handlers/conftest.py:31: in &lt;module&gt;
    from tests._helpers.serving_contexts import (
tests/_helpers/serving_contexts.py:12: in &lt;module&gt;
    from tests._helpers.serving_apps import (
tests/_helpers/serving_apps.py:13: in &lt;module&gt;
    from codeintel.serving.http.fastapi import BackendResource, create_app
E   ImportError: cannot import name 'BackendResource' from 'codeintel.serving.http.fastapi' (/home/paul/CodeIntel/src/codeintel/serving/http/fastapi.py)</error><error message="collection failure">../.local/share/uv/python/cpython-3.13.9-linux-x86_64-gnu/lib/python3.13/importlib/__init__.py:88: in import_module
    return _bootstrap._gcd_import(name[level:], package, level)
           ^^^^^^^^^^^^^^^^^^^^^^^^^^^^^^^^^^^^^^^^^^^^^^^^^^^^
&lt;frozen importlib._bootstrap&gt;:1387: in _gcd_import
    ???
&lt;frozen importlib._bootstrap&gt;:1360: in _find_and_load
    ???
&lt;frozen importlib._bootstrap&gt;:1331: in _find_and_load_unlocked
    ???
&lt;frozen importlib._bootstrap&gt;:935: in _load_unlocked
    ???
.venv/lib/python3.13/site-packages/_pytest/assertion/rewrite.py:197: in exec_module
    exec(co, module.__dict__)
tests/cli/handlers/conftest.py:31: in &lt;module&gt;
    from tests._helpers.serving_contexts import (
tests/_helpers/serving_contexts.py:12: in &lt;module&gt;
    from tests._helpers.serving_apps import (
tests/_helpers/serving_apps.py:13: in &lt;module&gt;
    from codeintel.serving.http.fastapi import BackendResource, create_app
E   ImportError: cannot import name 'BackendResource' from 'codeintel.serving.http.fastapi' (/home/paul/CodeIntel/src/codeintel/serving/http/fastapi.py)</error><error message="collection failure">../.local/share/uv/python/cpython-3.13.9-linux-x86_64-gnu/lib/python3.13/importlib/__init__.py:88: in import_module
    return _bootstrap._gcd_import(name[level:], package, level)
           ^^^^^^^^^^^^^^^^^^^^^^^^^^^^^^^^^^^^^^^^^^^^^^^^^^^^
&lt;frozen importlib._bootstrap&gt;:1387: in _gcd_import
    ???
&lt;frozen importlib._bootstrap&gt;:1360: in _find_and_load
    ???
&lt;frozen importlib._bootstrap&gt;:1331: in _find_and_load_unlocked
    ???
&lt;frozen importlib._bootstrap&gt;:935: in _load_unlocked
    ???
.venv/lib/python3.13/site-packages/_pytest/assertion/rewrite.py:197: in exec_module
    exec(co, module.__dict__)
tests/cli/handlers/conftest.py:31: in &lt;module&gt;
    from tests._helpers.serving_contexts import (
tests/_helpers/serving_contexts.py:12: in &lt;module&gt;
    from tests._helpers.serving_apps import (
tests/_helpers/serving_apps.py:13: in &lt;module&gt;
    from codeintel.serving.http.fastapi import BackendResource, create_app
E   ImportError: cannot import name 'BackendResource' from 'codeintel.serving.http.fastapi' (/home/paul/CodeIntel/src/codeintel/serving/http/fastapi.py)</error><error message="collection failure">../.local/share/uv/python/cpython-3.13.9-linux-x86_64-gnu/lib/python3.13/importlib/__init__.py:88: in import_module
    return _bootstrap._gcd_import(name[level:], package, level)
           ^^^^^^^^^^^^^^^^^^^^^^^^^^^^^^^^^^^^^^^^^^^^^^^^^^^^
&lt;frozen importlib._bootstrap&gt;:1387: in _gcd_import
    ???
&lt;frozen importlib._bootstrap&gt;:1360: in _find_and_load
    ???
&lt;frozen importlib._bootstrap&gt;:1331: in _find_and_load_unlocked
    ???
&lt;frozen importlib._bootstrap&gt;:935: in _load_unlocked
    ???
.venv/lib/python3.13/site-packages/_pytest/assertion/rewrite.py:197: in exec_module
    exec(co, module.__dict__)
tests/cli/handlers/conftest.py:31: in &lt;module&gt;
    from tests._helpers.serving_contexts import (
tests/_helpers/serving_contexts.py:12: in &lt;module&gt;
    from tests._helpers.serving_apps import (
tests/_helpers/serving_apps.py:13: in &lt;module&gt;
    from codeintel.serving.http.fastapi import BackendResource, create_app
E   ImportError: cannot import name 'BackendResource' from 'codeintel.serving.http.fastapi' (/home/paul/CodeIntel/src/codeintel/serving/http/fastapi.py)</error><error message="collection failure">../.local/share/uv/python/cpython-3.13.9-linux-x86_64-gnu/lib/python3.13/importlib/__init__.py:88: in import_module
    return _bootstrap._gcd_import(name[level:], package, level)
           ^^^^^^^^^^^^^^^^^^^^^^^^^^^^^^^^^^^^^^^^^^^^^^^^^^^^
&lt;frozen importlib._bootstrap&gt;:1387: in _gcd_import
    ???
&lt;frozen importlib._bootstrap&gt;:1360: in _find_and_load
    ???
&lt;frozen importlib._bootstrap&gt;:1331: in _find_and_load_unlocked
    ???
&lt;frozen importlib._bootstrap&gt;:935: in _load_unlocked
    ???
.venv/lib/python3.13/site-packages/_pytest/assertion/rewrite.py:197: in exec_module
    exec(co, module.__dict__)
tests/cli/handlers/conftest.py:31: in &lt;module&gt;
    from tests._helpers.serving_contexts import (
tests/_helpers/serving_contexts.py:12: in &lt;module&gt;
    from tests._helpers.serving_apps import (
tests/_helpers/serving_apps.py:13: in &lt;module&gt;
    from codeintel.serving.http.fastapi import BackendResource, create_app
E   ImportError: cannot import name 'BackendResource' from 'codeintel.serving.http.fastapi' (/home/paul/CodeIntel/src/codeintel/serving/http/fastapi.py)</error><error message="collection failure">../.local/share/uv/python/cpython-3.13.9-linux-x86_64-gnu/lib/python3.13/importlib/__init__.py:88: in import_module
    return _bootstrap._gcd_import(name[level:], package, level)
           ^^^^^^^^^^^^^^^^^^^^^^^^^^^^^^^^^^^^^^^^^^^^^^^^^^^^
&lt;frozen importlib._bootstrap&gt;:1387: in _gcd_import
    ???
&lt;frozen importlib._bootstrap&gt;:1360: in _find_and_load
    ???
&lt;frozen importlib._bootstrap&gt;:1331: in _find_and_load_unlocked
    ???
&lt;frozen importlib._bootstrap&gt;:935: in _load_unlocked
    ???
.venv/lib/python3.13/site-packages/_pytest/assertion/rewrite.py:197: in exec_module
    exec(co, module.__dict__)
tests/cli/handlers/conftest.py:31: in &lt;module&gt;
    from tests._helpers.serving_contexts import (
tests/_helpers/serving_contexts.py:12: in &lt;module&gt;
    from tests._helpers.serving_apps import (
tests/_helpers/serving_apps.py:13: in &lt;module&gt;
    from codeintel.serving.http.fastapi import BackendResource, create_app
E   ImportError: cannot import name 'BackendResource' from 'codeintel.serving.http.fastapi' (/home/paul/CodeIntel/src/codeintel/serving/http/fastapi.py)</error><error message="collection failure">../.local/share/uv/python/cpython-3.13.9-linux-x86_64-gnu/lib/python3.13/importlib/__init__.py:88: in import_module
    return _bootstrap._gcd_import(name[level:], package, level)
           ^^^^^^^^^^^^^^^^^^^^^^^^^^^^^^^^^^^^^^^^^^^^^^^^^^^^
&lt;frozen importlib._bootstrap&gt;:1387: in _gcd_import
    ???
&lt;frozen importlib._bootstrap&gt;:1360: in _find_and_load
    ???
&lt;frozen importlib._bootstrap&gt;:1331: in _find_and_load_unlocked
    ???
&lt;frozen importlib._bootstrap&gt;:935: in _load_unlocked
    ???
.venv/lib/python3.13/site-packages/_pytest/assertion/rewrite.py:197: in exec_module
    exec(co, module.__dict__)
tests/cli/handlers/conftest.py:31: in &lt;module&gt;
    from tests._helpers.serving_contexts import (
tests/_helpers/serving_contexts.py:12: in &lt;module&gt;
    from tests._helpers.serving_apps import (
tests/_helpers/serving_apps.py:13: in &lt;module&gt;
    from codeintel.serving.http.fastapi import BackendResource, create_app
E   ImportError: cannot import name 'BackendResource' from 'codeintel.serving.http.fastapi' (/home/paul/CodeIntel/src/codeintel/serving/http/fastapi.py)</error><error message="collection failure">../.local/share/uv/python/cpython-3.13.9-linux-x86_64-gnu/lib/python3.13/importlib/__init__.py:88: in import_module
    return _bootstrap._gcd_import(name[level:], package, level)
           ^^^^^^^^^^^^^^^^^^^^^^^^^^^^^^^^^^^^^^^^^^^^^^^^^^^^
&lt;frozen importlib._bootstrap&gt;:1387: in _gcd_import
    ???
&lt;frozen importlib._bootstrap&gt;:1360: in _find_and_load
    ???
&lt;frozen importlib._bootstrap&gt;:1331: in _find_and_load_unlocked
    ???
&lt;frozen importlib._bootstrap&gt;:935: in _load_unlocked
    ???
.venv/lib/python3.13/site-packages/_pytest/assertion/rewrite.py:197: in exec_module
    exec(co, module.__dict__)
tests/cli/handlers/conftest.py:31: in &lt;module&gt;
    from tests._helpers.serving_contexts import (
tests/_helpers/serving_contexts.py:12: in &lt;module&gt;
    from tests._helpers.serving_apps import (
tests/_helpers/serving_apps.py:13: in &lt;module&gt;
    from codeintel.serving.http.fastapi import BackendResource, create_app
E   ImportError: cannot import name 'BackendResource' from 'codeintel.serving.http.fastapi' (/home/paul/CodeIntel/src/codeintel/serving/http/fastapi.py)</error><error message="collection failure">../.local/share/uv/python/cpython-3.13.9-linux-x86_64-gnu/lib/python3.13/importlib/__init__.py:88: in import_module
    return _bootstrap._gcd_import(name[level:], package, level)
           ^^^^^^^^^^^^^^^^^^^^^^^^^^^^^^^^^^^^^^^^^^^^^^^^^^^^
&lt;frozen importlib._bootstrap&gt;:1387: in _gcd_import
    ???
&lt;frozen importlib._bootstrap&gt;:1360: in _find_and_load
    ???
&lt;frozen importlib._bootstrap&gt;:1331: in _find_and_load_unlocked
    ???
&lt;frozen importlib._bootstrap&gt;:935: in _load_unlocked
    ???
.venv/lib/python3.13/site-packages/_pytest/assertion/rewrite.py:197: in exec_module
    exec(co, module.__dict__)
tests/cli/handlers/conftest.py:31: in &lt;module&gt;
    from tests._helpers.serving_contexts import (
tests/_helpers/serving_contexts.py:12: in &lt;module&gt;
    from tests._helpers.serving_apps import (
tests/_helpers/serving_apps.py:13: in &lt;module&gt;
    from codeintel.serving.http.fastapi import BackendResource, create_app
E   ImportError: cannot import name 'BackendResource' from 'codeintel.serving.http.fastapi' (/home/paul/CodeIntel/src/codeintel/serving/http/fastapi.py)</error><error message="collection failure">../.local/share/uv/python/cpython-3.13.9-linux-x86_64-gnu/lib/python3.13/importlib/__init__.py:88: in import_module
    return _bootstrap._gcd_import(name[level:], package, level)
           ^^^^^^^^^^^^^^^^^^^^^^^^^^^^^^^^^^^^^^^^^^^^^^^^^^^^
&lt;frozen importlib._bootstrap&gt;:1387: in _gcd_import
    ???
&lt;frozen importlib._bootstrap&gt;:1360: in _find_and_load
    ???
&lt;frozen importlib._bootstrap&gt;:1331: in _find_and_load_unlocked
    ???
&lt;frozen importlib._bootstrap&gt;:935: in _load_unlocked
    ???
.venv/lib/python3.13/site-packages/_pytest/assertion/rewrite.py:197: in exec_module
    exec(co, module.__dict__)
tests/cli/handlers/conftest.py:31: in &lt;module&gt;
    from tests._helpers.serving_contexts import (
tests/_helpers/serving_contexts.py:12: in &lt;module&gt;
    from tests._helpers.serving_apps import (
tests/_helpers/serving_apps.py:13: in &lt;module&gt;
    from codeintel.serving.http.fastapi import BackendResource, create_app
E   ImportError: cannot import name 'BackendResource' from 'codeintel.serving.http.fastapi' (/home/paul/CodeIntel/src/codeintel/serving/http/fastapi.py)</error><error message="collection failure">../.local/share/uv/python/cpython-3.13.9-linux-x86_64-gnu/lib/python3.13/importlib/__init__.py:88: in import_module
    return _bootstrap._gcd_import(name[level:], package, level)
           ^^^^^^^^^^^^^^^^^^^^^^^^^^^^^^^^^^^^^^^^^^^^^^^^^^^^
&lt;frozen importlib._bootstrap&gt;:1387: in _gcd_import
    ???
&lt;frozen importlib._bootstrap&gt;:1360: in _find_and_load
    ???
&lt;frozen importlib._bootstrap&gt;:1331: in _find_and_load_unlocked
    ???
&lt;frozen importlib._bootstrap&gt;:935: in _load_unlocked
    ???
.venv/lib/python3.13/site-packages/_pytest/assertion/rewrite.py:197: in exec_module
    exec(co, module.__dict__)
tests/cli/handlers/conftest.py:31: in &lt;module&gt;
    from tests._helpers.serving_contexts import (
tests/_helpers/serving_contexts.py:12: in &lt;module&gt;
    from tests._helpers.serving_apps import (
tests/_helpers/serving_apps.py:13: in &lt;module&gt;
    from codeintel.serving.http.fastapi import BackendResource, create_app
E   ImportError: cannot import name 'BackendResource' from 'codeintel.serving.http.fastapi' (/home/paul/CodeIntel/src/codeintel/serving/http/fastapi.py)</error><error message="collection failure">../.local/share/uv/python/cpython-3.13.9-linux-x86_64-gnu/lib/python3.13/importlib/__init__.py:88: in import_module
    return _bootstrap._gcd_import(name[level:], package, level)
           ^^^^^^^^^^^^^^^^^^^^^^^^^^^^^^^^^^^^^^^^^^^^^^^^^^^^
&lt;frozen importlib._bootstrap&gt;:1387: in _gcd_import
    ???
&lt;frozen importlib._bootstrap&gt;:1360: in _find_and_load
    ???
&lt;frozen importlib._bootstrap&gt;:1331: in _find_and_load_unlocked
    ???
&lt;frozen importlib._bootstrap&gt;:935: in _load_unlocked
    ???
.venv/lib/python3.13/site-packages/_pytest/assertion/rewrite.py:197: in exec_module
    exec(co, module.__dict__)
tests/cli/handlers/conftest.py:31: in &lt;module&gt;
    from tests._helpers.serving_contexts import (
tests/_helpers/serving_contexts.py:12: in &lt;module&gt;
    from tests._helpers.serving_apps import (
tests/_helpers/serving_apps.py:13: in &lt;module&gt;
    from codeintel.serving.http.fastapi import BackendResource, create_app
E   ImportError: cannot import name 'BackendResource' from 'codeintel.serving.http.fastapi' (/home/paul/CodeIntel/src/codeintel/serving/http/fastapi.py)</error><error message="collection failure">../.local/share/uv/python/cpython-3.13.9-linux-x86_64-gnu/lib/python3.13/importlib/__init__.py:88: in import_module
    return _bootstrap._gcd_import(name[level:], package, level)
           ^^^^^^^^^^^^^^^^^^^^^^^^^^^^^^^^^^^^^^^^^^^^^^^^^^^^
&lt;frozen importlib._bootstrap&gt;:1387: in _gcd_import
    ???
&lt;frozen importlib._bootstrap&gt;:1360: in _find_and_load
    ???
&lt;frozen importlib._bootstrap&gt;:1331: in _find_and_load_unlocked
    ???
&lt;frozen importlib._bootstrap&gt;:935: in _load_unlocked
    ???
.venv/lib/python3.13/site-packages/_pytest/assertion/rewrite.py:197: in exec_module
    exec(co, module.__dict__)
tests/cli/handlers/conftest.py:31: in &lt;module&gt;
    from tests._helpers.serving_contexts import (
tests/_helpers/serving_contexts.py:12: in &lt;module&gt;
    from tests._helpers.serving_apps import (
tests/_helpers/serving_apps.py:13: in &lt;module&gt;
    from codeintel.serving.http.fastapi import BackendResource, create_app
E   ImportError: cannot import name 'BackendResource' from 'codeintel.serving.http.fastapi' (/home/paul/CodeIntel/src/codeintel/serving/http/fastapi.py)</error><error message="collection failure">../.local/share/uv/python/cpython-3.13.9-linux-x86_64-gnu/lib/python3.13/importlib/__init__.py:88: in import_module
    return _bootstrap._gcd_import(name[level:], package, level)
           ^^^^^^^^^^^^^^^^^^^^^^^^^^^^^^^^^^^^^^^^^^^^^^^^^^^^
&lt;frozen importlib._bootstrap&gt;:1387: in _gcd_import
    ???
&lt;frozen importlib._bootstrap&gt;:1360: in _find_and_load
    ???
&lt;frozen importlib._bootstrap&gt;:1331: in _find_and_load_unlocked
    ???
&lt;frozen importlib._bootstrap&gt;:935: in _load_unlocked
    ???
.venv/lib/python3.13/site-packages/_pytest/assertion/rewrite.py:197: in exec_module
    exec(co, module.__dict__)
tests/cli/handlers/conftest.py:31: in &lt;module&gt;
    from tests._helpers.serving_contexts import (
tests/_helpers/serving_contexts.py:12: in &lt;module&gt;
    from tests._helpers.serving_apps import (
tests/_helpers/serving_apps.py:13: in &lt;module&gt;
    from codeintel.serving.http.fastapi import BackendResource, create_app
E   ImportError: cannot import name 'BackendResource' from 'codeintel.serving.http.fastapi' (/home/paul/CodeIntel/src/codeintel/serving/http/fastapi.py)</error><error message="collection failure">../.local/share/uv/python/cpython-3.13.9-linux-x86_64-gnu/lib/python3.13/importlib/__init__.py:88: in import_module
    return _bootstrap._gcd_import(name[level:], package, level)
           ^^^^^^^^^^^^^^^^^^^^^^^^^^^^^^^^^^^^^^^^^^^^^^^^^^^^
&lt;frozen importlib._bootstrap&gt;:1387: in _gcd_import
    ???
&lt;frozen importlib._bootstrap&gt;:1360: in _find_and_load
    ???
&lt;frozen importlib._bootstrap&gt;:1331: in _find_and_load_unlocked
    ???
&lt;frozen importlib._bootstrap&gt;:935: in _load_unlocked
    ???
.venv/lib/python3.13/site-packages/_pytest/assertion/rewrite.py:197: in exec_module
    exec(co, module.__dict__)
tests/cli/handlers/conftest.py:31: in &lt;module&gt;
    from tests._helpers.serving_contexts import (
tests/_helpers/serving_contexts.py:12: in &lt;module&gt;
    from tests._helpers.serving_apps import (
tests/_helpers/serving_apps.py:13: in &lt;module&gt;
    from codeintel.serving.http.fastapi import BackendResource, create_app
E   ImportError: cannot import name 'BackendResource' from 'codeintel.serving.http.fastapi' (/home/paul/CodeIntel/src/codeintel/serving/http/fastapi.py)</error><error message="collection failure">../.local/share/uv/python/cpython-3.13.9-linux-x86_64-gnu/lib/python3.13/importlib/__init__.py:88: in import_module
    return _bootstrap._gcd_import(name[level:], package, level)
           ^^^^^^^^^^^^^^^^^^^^^^^^^^^^^^^^^^^^^^^^^^^^^^^^^^^^
&lt;frozen importlib._bootstrap&gt;:1387: in _gcd_import
    ???
&lt;frozen importlib._bootstrap&gt;:1360: in _find_and_load
    ???
&lt;frozen importlib._bootstrap&gt;:1331: in _find_and_load_unlocked
    ???
&lt;frozen importlib._bootstrap&gt;:935: in _load_unlocked
    ???
.venv/lib/python3.13/site-packages/_pytest/assertion/rewrite.py:197: in exec_module
    exec(co, module.__dict__)
tests/cli/handlers/conftest.py:31: in &lt;module&gt;
    from tests._helpers.serving_contexts import (
tests/_helpers/serving_contexts.py:12: in &lt;module&gt;
    from tests._helpers.serving_apps import (
tests/_helpers/serving_apps.py:13: in &lt;module&gt;
    from codeintel.serving.http.fastapi import BackendResource, create_app
E   ImportError: cannot import name 'BackendResource' from 'codeintel.serving.http.fastapi' (/home/paul/CodeIntel/src/codeintel/serving/http/fastapi.py)</error><error message="collection failure">../.local/share/uv/python/cpython-3.13.9-linux-x86_64-gnu/lib/python3.13/importlib/__init__.py:88: in import_module
    return _bootstrap._gcd_import(name[level:], package, level)
           ^^^^^^^^^^^^^^^^^^^^^^^^^^^^^^^^^^^^^^^^^^^^^^^^^^^^
&lt;frozen importlib._bootstrap&gt;:1387: in _gcd_import
    ???
&lt;frozen importlib._bootstrap&gt;:1360: in _find_and_load
    ???
&lt;frozen importlib._bootstrap&gt;:1331: in _find_and_load_unlocked
    ???
&lt;frozen importlib._bootstrap&gt;:935: in _load_unlocked
    ???
.venv/lib/python3.13/site-packages/_pytest/assertion/rewrite.py:197: in exec_module
    exec(co, module.__dict__)
tests/cli/handlers/conftest.py:31: in &lt;module&gt;
    from tests._helpers.serving_contexts import (
tests/_helpers/serving_contexts.py:12: in &lt;module&gt;
    from tests._helpers.serving_apps import (
tests/_helpers/serving_apps.py:13: in &lt;module&gt;
    from codeintel.serving.http.fastapi import BackendResource, create_app
E   ImportError: cannot import name 'BackendResource' from 'codeintel.serving.http.fastapi' (/home/paul/CodeIntel/src/codeintel/serving/http/fastapi.py)</error><error message="collection failure">../.local/share/uv/python/cpython-3.13.9-linux-x86_64-gnu/lib/python3.13/importlib/__init__.py:88: in import_module
    return _bootstrap._gcd_import(name[level:], package, level)
           ^^^^^^^^^^^^^^^^^^^^^^^^^^^^^^^^^^^^^^^^^^^^^^^^^^^^
&lt;frozen importlib._bootstrap&gt;:1387: in _gcd_import
    ???
&lt;frozen importlib._bootstrap&gt;:1360: in _find_and_load
    ???
&lt;frozen importlib._bootstrap&gt;:1331: in _find_and_load_unlocked
    ???
&lt;frozen importlib._bootstrap&gt;:935: in _load_unlocked
    ???
.venv/lib/python3.13/site-packages/_pytest/assertion/rewrite.py:197: in exec_module
    exec(co, module.__dict__)
tests/cli/handlers/conftest.py:31: in &lt;module&gt;
    from tests._helpers.serving_contexts import (
tests/_helpers/serving_contexts.py:12: in &lt;module&gt;
    from tests._helpers.serving_apps import (
tests/_helpers/serving_apps.py:13: in &lt;module&gt;
    from codeintel.serving.http.fastapi import BackendResource, create_app
E   ImportError: cannot import name 'BackendResource' from 'codeintel.serving.http.fastapi' (/home/paul/CodeIntel/src/codeintel/serving/http/fastapi.py)</error><error message="collection failure">../.local/share/uv/python/cpython-3.13.9-linux-x86_64-gnu/lib/python3.13/importlib/__init__.py:88: in import_module
    return _bootstrap._gcd_import(name[level:], package, level)
           ^^^^^^^^^^^^^^^^^^^^^^^^^^^^^^^^^^^^^^^^^^^^^^^^^^^^
&lt;frozen importlib._bootstrap&gt;:1387: in _gcd_import
    ???
&lt;frozen importlib._bootstrap&gt;:1360: in _find_and_load
    ???
&lt;frozen importlib._bootstrap&gt;:1331: in _find_and_load_unlocked
    ???
&lt;frozen importlib._bootstrap&gt;:935: in _load_unlocked
    ???
.venv/lib/python3.13/site-packages/_pytest/assertion/rewrite.py:197: in exec_module
    exec(co, module.__dict__)
tests/cli/handlers/conftest.py:31: in &lt;module&gt;
    from tests._helpers.serving_contexts import (
tests/_helpers/serving_contexts.py:12: in &lt;module&gt;
    from tests._helpers.serving_apps import (
tests/_helpers/serving_apps.py:13: in &lt;module&gt;
    from codeintel.serving.http.fastapi import BackendResource, create_app
E   ImportError: cannot import name 'BackendResource' from 'codeintel.serving.http.fastapi' (/home/paul/CodeIntel/src/codeintel/serving/http/fastapi.py)</error><error message="collection failure">../.local/share/uv/python/cpython-3.13.9-linux-x86_64-gnu/lib/python3.13/importlib/__init__.py:88: in import_module
    return _bootstrap._gcd_import(name[level:], package, level)
           ^^^^^^^^^^^^^^^^^^^^^^^^^^^^^^^^^^^^^^^^^^^^^^^^^^^^
&lt;frozen importlib._bootstrap&gt;:1387: in _gcd_import
    ???
&lt;frozen importlib._bootstrap&gt;:1360: in _find_and_load
    ???
&lt;frozen importlib._bootstrap&gt;:1331: in _find_and_load_unlocked
    ???
&lt;frozen importlib._bootstrap&gt;:935: in _load_unlocked
    ???
.venv/lib/python3.13/site-packages/_pytest/assertion/rewrite.py:197: in exec_module
    exec(co, module.__dict__)
tests/cli/handlers/conftest.py:31: in &lt;module&gt;
    from tests._helpers.serving_contexts import (
tests/_helpers/serving_contexts.py:12: in &lt;module&gt;
    from tests._helpers.serving_apps import (
tests/_helpers/serving_apps.py:13: in &lt;module&gt;
    from codeintel.serving.http.fastapi import BackendResource, create_app
E   ImportError: cannot import name 'BackendResource' from 'codeintel.serving.http.fastapi' (/home/paul/CodeIntel/src/codeintel/serving/http/fastapi.py)</error><error message="collection failure">../.local/share/uv/python/cpython-3.13.9-linux-x86_64-gnu/lib/python3.13/importlib/__init__.py:88: in import_module
    return _bootstrap._gcd_import(name[level:], package, level)
           ^^^^^^^^^^^^^^^^^^^^^^^^^^^^^^^^^^^^^^^^^^^^^^^^^^^^
&lt;frozen importlib._bootstrap&gt;:1387: in _gcd_import
    ???
&lt;frozen importlib._bootstrap&gt;:1360: in _find_and_load
    ???
&lt;frozen importlib._bootstrap&gt;:1331: in _find_and_load_unlocked
    ???
&lt;frozen importlib._bootstrap&gt;:935: in _load_unlocked
    ???
.venv/lib/python3.13/site-packages/_pytest/assertion/rewrite.py:197: in exec_module
    exec(co, module.__dict__)
tests/cli/handlers/conftest.py:31: in &lt;module&gt;
    from tests._helpers.serving_contexts import (
tests/_helpers/serving_contexts.py:12: in &lt;module&gt;
    from tests._helpers.serving_apps import (
tests/_helpers/serving_apps.py:13: in &lt;module&gt;
    from codeintel.serving.http.fastapi import BackendResource, create_app
E   ImportError: cannot import name 'BackendResource' from 'codeintel.serving.http.fastapi' (/home/paul/CodeIntel/src/codeintel/serving/http/fastapi.py)</error><error message="collection failure">../.local/share/uv/python/cpython-3.13.9-linux-x86_64-gnu/lib/python3.13/importlib/__init__.py:88: in import_module
    return _bootstrap._gcd_import(name[level:], package, level)
           ^^^^^^^^^^^^^^^^^^^^^^^^^^^^^^^^^^^^^^^^^^^^^^^^^^^^
&lt;frozen importlib._bootstrap&gt;:1387: in _gcd_import
    ???
&lt;frozen importlib._bootstrap&gt;:1360: in _find_and_load
    ???
&lt;frozen importlib._bootstrap&gt;:1331: in _find_and_load_unlocked
    ???
&lt;frozen importlib._bootstrap&gt;:935: in _load_unlocked
    ???
.venv/lib/python3.13/site-packages/_pytest/assertion/rewrite.py:197: in exec_module
    exec(co, module.__dict__)
tests/cli/handlers/conftest.py:31: in &lt;module&gt;
    from tests._helpers.serving_contexts import (
tests/_helpers/serving_contexts.py:12: in &lt;module&gt;
    from tests._helpers.serving_apps import (
tests/_helpers/serving_apps.py:13: in &lt;module&gt;
    from codeintel.serving.http.fastapi import BackendResource, create_app
E   ImportError: cannot import name 'BackendResource' from 'codeintel.serving.http.fastapi' (/home/paul/CodeIntel/src/codeintel/serving/http/fastapi.py)</error><error message="collection failure">../.local/share/uv/python/cpython-3.13.9-linux-x86_64-gnu/lib/python3.13/importlib/__init__.py:88: in import_module
    return _bootstrap._gcd_import(name[level:], package, level)
           ^^^^^^^^^^^^^^^^^^^^^^^^^^^^^^^^^^^^^^^^^^^^^^^^^^^^
&lt;frozen importlib._bootstrap&gt;:1387: in _gcd_import
    ???
&lt;frozen importlib._bootstrap&gt;:1360: in _find_and_load
    ???
&lt;frozen importlib._bootstrap&gt;:1331: in _find_and_load_unlocked
    ???
&lt;frozen importlib._bootstrap&gt;:935: in _load_unlocked
    ???
.venv/lib/python3.13/site-packages/_pytest/assertion/rewrite.py:197: in exec_module
    exec(co, module.__dict__)
tests/cli/handlers/conftest.py:31: in &lt;module&gt;
    from tests._helpers.serving_contexts import (
tests/_helpers/serving_contexts.py:12: in &lt;module&gt;
    from tests._helpers.serving_apps import (
tests/_helpers/serving_apps.py:13: in &lt;module&gt;
    from codeintel.serving.http.fastapi import BackendResource, create_app
E   ImportError: cannot import name 'BackendResource' from 'codeintel.serving.http.fastapi' (/home/paul/CodeIntel/src/codeintel/serving/http/fastapi.py)</error><error message="collection failure">../.local/share/uv/python/cpython-3.13.9-linux-x86_64-gnu/lib/python3.13/importlib/__init__.py:88: in import_module
    return _bootstrap._gcd_import(name[level:], package, level)
           ^^^^^^^^^^^^^^^^^^^^^^^^^^^^^^^^^^^^^^^^^^^^^^^^^^^^
&lt;frozen importlib._bootstrap&gt;:1387: in _gcd_import
    ???
&lt;frozen importlib._bootstrap&gt;:1360: in _find_and_load
    ???
&lt;frozen importlib._bootstrap&gt;:1331: in _find_and_load_unlocked
    ???
&lt;frozen importlib._bootstrap&gt;:935: in _load_unlocked
    ???
.venv/lib/python3.13/site-packages/_pytest/assertion/rewrite.py:197: in exec_module
    exec(co, module.__dict__)
tests/cli/handlers/conftest.py:31: in &lt;module&gt;
    from tests._helpers.serving_contexts import (
tests/_helpers/serving_contexts.py:12: in &lt;module&gt;
    from tests._helpers.serving_apps import (
tests/_helpers/serving_apps.py:13: in &lt;module&gt;
    from codeintel.serving.http.fastapi import BackendResource, create_app
E   ImportError: cannot import name 'BackendResource' from 'codeintel.serving.http.fastapi' (/home/paul/CodeIntel/src/codeintel/serving/http/fastapi.py)</error><error message="collection failure">../.local/share/uv/python/cpython-3.13.9-linux-x86_64-gnu/lib/python3.13/importlib/__init__.py:88: in import_module
    return _bootstrap._gcd_import(name[level:], package, level)
           ^^^^^^^^^^^^^^^^^^^^^^^^^^^^^^^^^^^^^^^^^^^^^^^^^^^^
&lt;frozen importlib._bootstrap&gt;:1387: in _gcd_import
    ???
&lt;frozen importlib._bootstrap&gt;:1360: in _find_and_load
    ???
&lt;frozen importlib._bootstrap&gt;:1331: in _find_and_load_unlocked
    ???
&lt;frozen importlib._bootstrap&gt;:935: in _load_unlocked
    ???
.venv/lib/python3.13/site-packages/_pytest/assertion/rewrite.py:197: in exec_module
    exec(co, module.__dict__)
tests/cli/handlers/conftest.py:31: in &lt;module&gt;
    from tests._helpers.serving_contexts import (
tests/_helpers/serving_contexts.py:12: in &lt;module&gt;
    from tests._helpers.serving_apps import (
tests/_helpers/serving_apps.py:13: in &lt;module&gt;
    from codeintel.serving.http.fastapi import BackendResource, create_app
E   ImportError: cannot import name 'BackendResource' from 'codeintel.serving.http.fastapi' (/home/paul/CodeIntel/src/codeintel/serving/http/fastapi.py)</error><error message="collection failure">../.local/share/uv/python/cpython-3.13.9-linux-x86_64-gnu/lib/python3.13/importlib/__init__.py:88: in import_module
    return _bootstrap._gcd_import(name[level:], package, level)
           ^^^^^^^^^^^^^^^^^^^^^^^^^^^^^^^^^^^^^^^^^^^^^^^^^^^^
&lt;frozen importlib._bootstrap&gt;:1387: in _gcd_import
    ???
&lt;frozen importlib._bootstrap&gt;:1360: in _find_and_load
    ???
&lt;frozen importlib._bootstrap&gt;:1331: in _find_and_load_unlocked
    ???
&lt;frozen importlib._bootstrap&gt;:935: in _load_unlocked
    ???
.venv/lib/python3.13/site-packages/_pytest/assertion/rewrite.py:197: in exec_module
    exec(co, module.__dict__)
tests/cli/handlers/conftest.py:31: in &lt;module&gt;
    from tests._helpers.serving_contexts import (
tests/_helpers/serving_contexts.py:12: in &lt;module&gt;
    from tests._helpers.serving_apps import (
tests/_helpers/serving_apps.py:13: in &lt;module&gt;
    from codeintel.serving.http.fastapi import BackendResource, create_app
E   ImportError: cannot import name 'BackendResource' from 'codeintel.serving.http.fastapi' (/home/paul/CodeIntel/src/codeintel/serving/http/fastapi.py)</error><error message="collection failure">../.local/share/uv/python/cpython-3.13.9-linux-x86_64-gnu/lib/python3.13/importlib/__init__.py:88: in import_module
    return _bootstrap._gcd_import(name[level:], package, level)
           ^^^^^^^^^^^^^^^^^^^^^^^^^^^^^^^^^^^^^^^^^^^^^^^^^^^^
&lt;frozen importlib._bootstrap&gt;:1387: in _gcd_import
    ???
&lt;frozen importlib._bootstrap&gt;:1360: in _find_and_load
    ???
&lt;frozen importlib._bootstrap&gt;:1331: in _find_and_load_unlocked
    ???
&lt;frozen importlib._bootstrap&gt;:935: in _load_unlocked
    ???
.venv/lib/python3.13/site-packages/_pytest/assertion/rewrite.py:197: in exec_module
    exec(co, module.__dict__)
tests/cli/handlers/conftest.py:31: in &lt;module&gt;
    from tests._helpers.serving_contexts import (
tests/_helpers/serving_contexts.py:12: in &lt;module&gt;
    from tests._helpers.serving_apps import (
tests/_helpers/serving_apps.py:13: in &lt;module&gt;
    from codeintel.serving.http.fastapi import BackendResource, create_app
E   ImportError: cannot import name 'BackendResource' from 'codeintel.serving.http.fastapi' (/home/paul/CodeIntel/src/codeintel/serving/http/fastapi.py)</error><error message="collection failure">../.local/share/uv/python/cpython-3.13.9-linux-x86_64-gnu/lib/python3.13/importlib/__init__.py:88: in import_module
    return _bootstrap._gcd_import(name[level:], package, level)
           ^^^^^^^^^^^^^^^^^^^^^^^^^^^^^^^^^^^^^^^^^^^^^^^^^^^^
&lt;frozen importlib._bootstrap&gt;:1387: in _gcd_import
    ???
&lt;frozen importlib._bootstrap&gt;:1360: in _find_and_load
    ???
&lt;frozen importlib._bootstrap&gt;:1331: in _find_and_load_unlocked
    ???
&lt;frozen importlib._bootstrap&gt;:935: in _load_unlocked
    ???
.venv/lib/python3.13/site-packages/_pytest/assertion/rewrite.py:197: in exec_module
    exec(co, module.__dict__)
tests/cli/handlers/conftest.py:31: in &lt;module&gt;
    from tests._helpers.serving_contexts import (
tests/_helpers/serving_contexts.py:12: in &lt;module&gt;
    from tests._helpers.serving_apps import (
tests/_helpers/serving_apps.py:13: in &lt;module&gt;
    from codeintel.serving.http.fastapi import BackendResource, create_app
E   ImportError: cannot import name 'BackendResource' from 'codeintel.serving.http.fastapi' (/home/paul/CodeIntel/src/codeintel/serving/http/fastapi.py)</error><error message="collection failure">../.local/share/uv/python/cpython-3.13.9-linux-x86_64-gnu/lib/python3.13/importlib/__init__.py:88: in import_module
    return _bootstrap._gcd_import(name[level:], package, level)
           ^^^^^^^^^^^^^^^^^^^^^^^^^^^^^^^^^^^^^^^^^^^^^^^^^^^^
&lt;frozen importlib._bootstrap&gt;:1387: in _gcd_import
    ???
&lt;frozen importlib._bootstrap&gt;:1360: in _find_and_load
    ???
&lt;frozen importlib._bootstrap&gt;:1331: in _find_and_load_unlocked
    ???
&lt;frozen importlib._bootstrap&gt;:935: in _load_unlocked
    ???
.venv/lib/python3.13/site-packages/_pytest/assertion/rewrite.py:197: in exec_module
    exec(co, module.__dict__)
tests/cli/handlers/conftest.py:31: in &lt;module&gt;
    from tests._helpers.serving_contexts import (
tests/_helpers/serving_contexts.py:12: in &lt;module&gt;
    from tests._helpers.serving_apps import (
tests/_helpers/serving_apps.py:13: in &lt;module&gt;
    from codeintel.serving.http.fastapi import BackendResource, create_app
E   ImportError: cannot import name 'BackendResource' from 'codeintel.serving.http.fastapi' (/home/paul/CodeIntel/src/codeintel/serving/http/fastapi.py)</error></testcase><testcase classname="" name="tests.http.test_debug_pipeline_prereqs" time="0.000"><error message="collection failure">ImportError while importing test module '/home/paul/CodeIntel/tests/http/test_debug_pipeline_prereqs.py'.
Hint: make sure your test modules/packages have valid Python names.
Traceback:
../.local/share/uv/python/cpython-3.13.9-linux-x86_64-gnu/lib/python3.13/importlib/__init__.py:88: in import_module
    return _bootstrap._gcd_import(name[level:], package, level)
           ^^^^^^^^^^^^^^^^^^^^^^^^^^^^^^^^^^^^^^^^^^^^^^^^^^^^
tests/http/test_debug_pipeline_prereqs.py:17: in &lt;module&gt;
    from codeintel.serving.http.fastapi import BackendResource, create_app
E   ImportError: cannot import name 'BackendResource' from 'codeintel.serving.http.fastapi' (/home/paul/CodeIntel/src/codeintel/serving/http/fastapi.py)</error></testcase><testcase classname="" name="tests.http.test_request_context_http" time="0.000"><error message="collection failure">ImportError while importing test module '/home/paul/CodeIntel/tests/http/test_request_context_http.py'.
Hint: make sure your test modules/packages have valid Python names.
Traceback:
../.local/share/uv/python/cpython-3.13.9-linux-x86_64-gnu/lib/python3.13/importlib/__init__.py:88: in import_module
    return _bootstrap._gcd_import(name[level:], package, level)
           ^^^^^^^^^^^^^^^^^^^^^^^^^^^^^^^^^^^^^^^^^^^^^^^^^^^^
tests/http/test_request_context_http.py:12: in &lt;module&gt;
    from codeintel.serving.http.fastapi import BackendResource, create_app
E   ImportError: cannot import name 'BackendResource' from 'codeintel.serving.http.fastapi' (/home/paul/CodeIntel/src/codeintel/serving/http/fastapi.py)</error></testcase><testcase classname="" name="tests.server.test_fastapi" time="0.000"><error message="collection failure">ImportError while importing test module '/home/paul/CodeIntel/tests/server/test_fastapi.py'.
Hint: make sure your test modules/packages have valid Python names.
Traceback:
../.local/share/uv/python/cpython-3.13.9-linux-x86_64-gnu/lib/python3.13/importlib/__init__.py:88: in import_module
    return _bootstrap._gcd_import(name[level:], package, level)
           ^^^^^^^^^^^^^^^^^^^^^^^^^^^^^^^^^^^^^^^^^^^^^^^^^^^^
tests/server/test_fastapi.py:14: in &lt;module&gt;
    from codeintel.serving.http.fastapi import BackendResource, create_app
E   ImportError: cannot import name 'BackendResource' from 'codeintel.serving.http.fastapi' (/home/paul/CodeIntel/src/codeintel/serving/http/fastapi.py)</error></testcase><testcase classname="" name="tests.services.test_query_service" time="0.000"><error message="collection failure">ImportError while importing test module '/home/paul/CodeIntel/tests/services/test_query_service.py'.
Hint: make sure your test modules/packages have valid Python names.
Traceback:
../.local/share/uv/python/cpython-3.13.9-linux-x86_64-gnu/lib/python3.13/importlib/__init__.py:88: in import_module
    return _bootstrap._gcd_import(name[level:], package, level)
           ^^^^^^^^^^^^^^^^^^^^^^^^^^^^^^^^^^^^^^^^^^^^^^^^^^^^
tests/services/test_query_service.py:19: in &lt;module&gt;
    from codeintel.serving.http.fastapi import BackendResource, create_app
E   ImportError: cannot import name 'BackendResource' from 'codeintel.serving.http.fastapi' (/home/paul/CodeIntel/src/codeintel/serving/http/fastapi.py)</error></testcase><testcase classname="" name="tests.serving.http" time="0.000"><error message="collection failure">../.local/share/uv/python/cpython-3.13.9-linux-x86_64-gnu/lib/python3.13/importlib/__init__.py:88: in import_module
    return _bootstrap._gcd_import(name[level:], package, level)
           ^^^^^^^^^^^^^^^^^^^^^^^^^^^^^^^^^^^^^^^^^^^^^^^^^^^^
&lt;frozen importlib._bootstrap&gt;:1387: in _gcd_import
    ???
&lt;frozen importlib._bootstrap&gt;:1360: in _find_and_load
    ???
&lt;frozen importlib._bootstrap&gt;:1331: in _find_and_load_unlocked
    ???
&lt;frozen importlib._bootstrap&gt;:935: in _load_unlocked
    ???
.venv/lib/python3.13/site-packages/_pytest/assertion/rewrite.py:197: in exec_module
    exec(co, module.__dict__)
tests/serving/http/conftest.py:12: in &lt;module&gt;
    from codeintel.serving.http.fastapi import BackendResource, create_app
E   ImportError: cannot import name 'BackendResource' from 'codeintel.serving.http.fastapi' (/home/paul/CodeIntel/src/codeintel/serving/http/fastapi.py)</error><error message="collection failure">../.local/share/uv/python/cpython-3.13.9-linux-x86_64-gnu/lib/python3.13/importlib/__init__.py:88: in import_module
    return _bootstrap._gcd_import(name[level:], package, level)
           ^^^^^^^^^^^^^^^^^^^^^^^^^^^^^^^^^^^^^^^^^^^^^^^^^^^^
&lt;frozen importlib._bootstrap&gt;:1387: in _gcd_import
    ???
&lt;frozen importlib._bootstrap&gt;:1360: in _find_and_load
    ???
&lt;frozen importlib._bootstrap&gt;:1331: in _find_and_load_unlocked
    ???
&lt;frozen importlib._bootstrap&gt;:935: in _load_unlocked
    ???
.venv/lib/python3.13/site-packages/_pytest/assertion/rewrite.py:197: in exec_module
    exec(co, module.__dict__)
tests/serving/http/conftest.py:12: in &lt;module&gt;
    from codeintel.serving.http.fastapi import BackendResource, create_app
E   ImportError: cannot import name 'BackendResource' from 'codeintel.serving.http.fastapi' (/home/paul/CodeIntel/src/codeintel/serving/http/fastapi.py)</error><error message="collection failure">../.local/share/uv/python/cpython-3.13.9-linux-x86_64-gnu/lib/python3.13/importlib/__init__.py:88: in import_module
    return _bootstrap._gcd_import(name[level:], package, level)
           ^^^^^^^^^^^^^^^^^^^^^^^^^^^^^^^^^^^^^^^^^^^^^^^^^^^^
&lt;frozen importlib._bootstrap&gt;:1387: in _gcd_import
    ???
&lt;frozen importlib._bootstrap&gt;:1360: in _find_and_load
    ???
&lt;frozen importlib._bootstrap&gt;:1331: in _find_and_load_unlocked
    ???
&lt;frozen importlib._bootstrap&gt;:935: in _load_unlocked
    ???
.venv/lib/python3.13/site-packages/_pytest/assertion/rewrite.py:197: in exec_module
    exec(co, module.__dict__)
tests/serving/http/conftest.py:12: in &lt;module&gt;
    from codeintel.serving.http.fastapi import BackendResource, create_app
E   ImportError: cannot import name 'BackendResource' from 'codeintel.serving.http.fastapi' (/home/paul/CodeIntel/src/codeintel/serving/http/fastapi.py)</error><error message="collection failure">../.local/share/uv/python/cpython-3.13.9-linux-x86_64-gnu/lib/python3.13/importlib/__init__.py:88: in import_module
    return _bootstrap._gcd_import(name[level:], package, level)
           ^^^^^^^^^^^^^^^^^^^^^^^^^^^^^^^^^^^^^^^^^^^^^^^^^^^^
&lt;frozen importlib._bootstrap&gt;:1387: in _gcd_import
    ???
&lt;frozen importlib._bootstrap&gt;:1360: in _find_and_load
    ???
&lt;frozen importlib._bootstrap&gt;:1331: in _find_and_load_unlocked
    ???
&lt;frozen importlib._bootstrap&gt;:935: in _load_unlocked
    ???
.venv/lib/python3.13/site-packages/_pytest/assertion/rewrite.py:197: in exec_module
    exec(co, module.__dict__)
tests/serving/http/conftest.py:12: in &lt;module&gt;
    from codeintel.serving.http.fastapi import BackendResource, create_app
E   ImportError: cannot import name 'BackendResource' from 'codeintel.serving.http.fastapi' (/home/paul/CodeIntel/src/codeintel/serving/http/fastapi.py)</error><error message="collection failure">../.local/share/uv/python/cpython-3.13.9-linux-x86_64-gnu/lib/python3.13/importlib/__init__.py:88: in import_module
    return _bootstrap._gcd_import(name[level:], package, level)
           ^^^^^^^^^^^^^^^^^^^^^^^^^^^^^^^^^^^^^^^^^^^^^^^^^^^^
&lt;frozen importlib._bootstrap&gt;:1387: in _gcd_import
    ???
&lt;frozen importlib._bootstrap&gt;:1360: in _find_and_load
    ???
&lt;frozen importlib._bootstrap&gt;:1331: in _find_and_load_unlocked
    ???
&lt;frozen importlib._bootstrap&gt;:935: in _load_unlocked
    ???
.venv/lib/python3.13/site-packages/_pytest/assertion/rewrite.py:197: in exec_module
    exec(co, module.__dict__)
tests/serving/http/conftest.py:12: in &lt;module&gt;
    from codeintel.serving.http.fastapi import BackendResource, create_app
E   ImportError: cannot import name 'BackendResource' from 'codeintel.serving.http.fastapi' (/home/paul/CodeIntel/src/codeintel/serving/http/fastapi.py)</error><error message="collection failure">../.local/share/uv/python/cpython-3.13.9-linux-x86_64-gnu/lib/python3.13/importlib/__init__.py:88: in import_module
    return _bootstrap._gcd_import(name[level:], package, level)
           ^^^^^^^^^^^^^^^^^^^^^^^^^^^^^^^^^^^^^^^^^^^^^^^^^^^^
&lt;frozen importlib._bootstrap&gt;:1387: in _gcd_import
    ???
&lt;frozen importlib._bootstrap&gt;:1360: in _find_and_load
    ???
&lt;frozen importlib._bootstrap&gt;:1331: in _find_and_load_unlocked
    ???
&lt;frozen importlib._bootstrap&gt;:935: in _load_unlocked
    ???
.venv/lib/python3.13/site-packages/_pytest/assertion/rewrite.py:197: in exec_module
    exec(co, module.__dict__)
tests/serving/http/conftest.py:12: in &lt;module&gt;
    from codeintel.serving.http.fastapi import BackendResource, create_app
E   ImportError: cannot import name 'BackendResource' from 'codeintel.serving.http.fastapi' (/home/paul/CodeIntel/src/codeintel/serving/http/fastapi.py)</error><error message="collection failure">../.local/share/uv/python/cpython-3.13.9-linux-x86_64-gnu/lib/python3.13/importlib/__init__.py:88: in import_module
    return _bootstrap._gcd_import(name[level:], package, level)
           ^^^^^^^^^^^^^^^^^^^^^^^^^^^^^^^^^^^^^^^^^^^^^^^^^^^^
&lt;frozen importlib._bootstrap&gt;:1387: in _gcd_import
    ???
&lt;frozen importlib._bootstrap&gt;:1360: in _find_and_load
    ???
&lt;frozen importlib._bootstrap&gt;:1331: in _find_and_load_unlocked
    ???
&lt;frozen importlib._bootstrap&gt;:935: in _load_unlocked
    ???
.venv/lib/python3.13/site-packages/_pytest/assertion/rewrite.py:197: in exec_module
    exec(co, module.__dict__)
tests/serving/http/conftest.py:12: in &lt;module&gt;
    from codeintel.serving.http.fastapi import BackendResource, create_app
E   ImportError: cannot import name 'BackendResource' from 'codeintel.serving.http.fastapi' (/home/paul/CodeIntel/src/codeintel/serving/http/fastapi.py)</error><error message="collection failure">../.local/share/uv/python/cpython-3.13.9-linux-x86_64-gnu/lib/python3.13/importlib/__init__.py:88: in import_module
    return _bootstrap._gcd_import(name[level:], package, level)
           ^^^^^^^^^^^^^^^^^^^^^^^^^^^^^^^^^^^^^^^^^^^^^^^^^^^^
&lt;frozen importlib._bootstrap&gt;:1387: in _gcd_import
    ???
&lt;frozen importlib._bootstrap&gt;:1360: in _find_and_load
    ???
&lt;frozen importlib._bootstrap&gt;:1331: in _find_and_load_unlocked
    ???
&lt;frozen importlib._bootstrap&gt;:935: in _load_unlocked
    ???
.venv/lib/python3.13/site-packages/_pytest/assertion/rewrite.py:197: in exec_module
    exec(co, module.__dict__)
tests/serving/http/conftest.py:12: in &lt;module&gt;
    from codeintel.serving.http.fastapi import BackendResource, create_app
E   ImportError: cannot import name 'BackendResource' from 'codeintel.serving.http.fastapi' (/home/paul/CodeIntel/src/codeintel/serving/http/fastapi.py)</error><error message="collection failure">../.local/share/uv/python/cpython-3.13.9-linux-x86_64-gnu/lib/python3.13/importlib/__init__.py:88: in import_module
    return _bootstrap._gcd_import(name[level:], package, level)
           ^^^^^^^^^^^^^^^^^^^^^^^^^^^^^^^^^^^^^^^^^^^^^^^^^^^^
&lt;frozen importlib._bootstrap&gt;:1387: in _gcd_import
    ???
&lt;frozen importlib._bootstrap&gt;:1360: in _find_and_load
    ???
&lt;frozen importlib._bootstrap&gt;:1331: in _find_and_load_unlocked
    ???
&lt;frozen importlib._bootstrap&gt;:935: in _load_unlocked
    ???
.venv/lib/python3.13/site-packages/_pytest/assertion/rewrite.py:197: in exec_module
    exec(co, module.__dict__)
tests/serving/http/conftest.py:12: in &lt;module&gt;
    from codeintel.serving.http.fastapi import BackendResource, create_app
E   ImportError: cannot import name 'BackendResource' from 'codeintel.serving.http.fastapi' (/home/paul/CodeIntel/src/codeintel/serving/http/fastapi.py)</error><error message="collection failure">../.local/share/uv/python/cpython-3.13.9-linux-x86_64-gnu/lib/python3.13/importlib/__init__.py:88: in import_module
    return _bootstrap._gcd_import(name[level:], package, level)
           ^^^^^^^^^^^^^^^^^^^^^^^^^^^^^^^^^^^^^^^^^^^^^^^^^^^^
&lt;frozen importlib._bootstrap&gt;:1387: in _gcd_import
    ???
&lt;frozen importlib._bootstrap&gt;:1360: in _find_and_load
    ???
&lt;frozen importlib._bootstrap&gt;:1331: in _find_and_load_unlocked
    ???
&lt;frozen importlib._bootstrap&gt;:935: in _load_unlocked
    ???
.venv/lib/python3.13/site-packages/_pytest/assertion/rewrite.py:197: in exec_module
    exec(co, module.__dict__)
tests/serving/http/conftest.py:12: in &lt;module&gt;
    from codeintel.serving.http.fastapi import BackendResource, create_app
E   ImportError: cannot import name 'BackendResource' from 'codeintel.serving.http.fastapi' (/home/paul/CodeIntel/src/codeintel/serving/http/fastapi.py)</error><error message="collection failure">../.local/share/uv/python/cpython-3.13.9-linux-x86_64-gnu/lib/python3.13/importlib/__init__.py:88: in import_module
    return _bootstrap._gcd_import(name[level:], package, level)
           ^^^^^^^^^^^^^^^^^^^^^^^^^^^^^^^^^^^^^^^^^^^^^^^^^^^^
&lt;frozen importlib._bootstrap&gt;:1387: in _gcd_import
    ???
&lt;frozen importlib._bootstrap&gt;:1360: in _find_and_load
    ???
&lt;frozen importlib._bootstrap&gt;:1331: in _find_and_load_unlocked
    ???
&lt;frozen importlib._bootstrap&gt;:935: in _load_unlocked
    ???
.venv/lib/python3.13/site-packages/_pytest/assertion/rewrite.py:197: in exec_module
    exec(co, module.__dict__)
tests/serving/http/conftest.py:12: in &lt;module&gt;
    from codeintel.serving.http.fastapi import BackendResource, create_app
E   ImportError: cannot import name 'BackendResource' from 'codeintel.serving.http.fastapi' (/home/paul/CodeIntel/src/codeintel/serving/http/fastapi.py)</error><error message="collection failure">../.local/share/uv/python/cpython-3.13.9-linux-x86_64-gnu/lib/python3.13/importlib/__init__.py:88: in import_module
    return _bootstrap._gcd_import(name[level:], package, level)
           ^^^^^^^^^^^^^^^^^^^^^^^^^^^^^^^^^^^^^^^^^^^^^^^^^^^^
&lt;frozen importlib._bootstrap&gt;:1387: in _gcd_import
    ???
&lt;frozen importlib._bootstrap&gt;:1360: in _find_and_load
    ???
&lt;frozen importlib._bootstrap&gt;:1331: in _find_and_load_unlocked
    ???
&lt;frozen importlib._bootstrap&gt;:935: in _load_unlocked
    ???
.venv/lib/python3.13/site-packages/_pytest/assertion/rewrite.py:197: in exec_module
    exec(co, module.__dict__)
tests/serving/http/conftest.py:12: in &lt;module&gt;
    from codeintel.serving.http.fastapi import BackendResource, create_app
E   ImportError: cannot import name 'BackendResource' from 'codeintel.serving.http.fastapi' (/home/paul/CodeIntel/src/codeintel/serving/http/fastapi.py)</error><error message="collection failure">../.local/share/uv/python/cpython-3.13.9-linux-x86_64-gnu/lib/python3.13/importlib/__init__.py:88: in import_module
    return _bootstrap._gcd_import(name[level:], package, level)
           ^^^^^^^^^^^^^^^^^^^^^^^^^^^^^^^^^^^^^^^^^^^^^^^^^^^^
&lt;frozen importlib._bootstrap&gt;:1387: in _gcd_import
    ???
&lt;frozen importlib._bootstrap&gt;:1360: in _find_and_load
    ???
&lt;frozen importlib._bootstrap&gt;:1331: in _find_and_load_unlocked
    ???
&lt;frozen importlib._bootstrap&gt;:935: in _load_unlocked
    ???
.venv/lib/python3.13/site-packages/_pytest/assertion/rewrite.py:197: in exec_module
    exec(co, module.__dict__)
tests/serving/http/conftest.py:12: in &lt;module&gt;
    from codeintel.serving.http.fastapi import BackendResource, create_app
E   ImportError: cannot import name 'BackendResource' from 'codeintel.serving.http.fastapi' (/home/paul/CodeIntel/src/codeintel/serving/http/fastapi.py)</error><error message="collection failure">../.local/share/uv/python/cpython-3.13.9-linux-x86_64-gnu/lib/python3.13/importlib/__init__.py:88: in import_module
    return _bootstrap._gcd_import(name[level:], package, level)
           ^^^^^^^^^^^^^^^^^^^^^^^^^^^^^^^^^^^^^^^^^^^^^^^^^^^^
&lt;frozen importlib._bootstrap&gt;:1387: in _gcd_import
    ???
&lt;frozen importlib._bootstrap&gt;:1360: in _find_and_load
    ???
&lt;frozen importlib._bootstrap&gt;:1331: in _find_and_load_unlocked
    ???
&lt;frozen importlib._bootstrap&gt;:935: in _load_unlocked
    ???
.venv/lib/python3.13/site-packages/_pytest/assertion/rewrite.py:197: in exec_module
    exec(co, module.__dict__)
tests/serving/http/conftest.py:12: in &lt;module&gt;
    from codeintel.serving.http.fastapi import BackendResource, create_app
E   ImportError: cannot import name 'BackendResource' from 'codeintel.serving.http.fastapi' (/home/paul/CodeIntel/src/codeintel/serving/http/fastapi.py)</error><error message="collection failure">../.local/share/uv/python/cpython-3.13.9-linux-x86_64-gnu/lib/python3.13/importlib/__init__.py:88: in import_module
    return _bootstrap._gcd_import(name[level:], package, level)
           ^^^^^^^^^^^^^^^^^^^^^^^^^^^^^^^^^^^^^^^^^^^^^^^^^^^^
&lt;frozen importlib._bootstrap&gt;:1387: in _gcd_import
    ???
&lt;frozen importlib._bootstrap&gt;:1360: in _find_and_load
    ???
&lt;frozen importlib._bootstrap&gt;:1331: in _find_and_load_unlocked
    ???
&lt;frozen importlib._bootstrap&gt;:935: in _load_unlocked
    ???
.venv/lib/python3.13/site-packages/_pytest/assertion/rewrite.py:197: in exec_module
    exec(co, module.__dict__)
tests/serving/http/conftest.py:12: in &lt;module&gt;
    from codeintel.serving.http.fastapi import BackendResource, create_app
E   ImportError: cannot import name 'BackendResource' from 'codeintel.serving.http.fastapi' (/home/paul/CodeIntel/src/codeintel/serving/http/fastapi.py)</error><error message="collection failure">../.local/share/uv/python/cpython-3.13.9-linux-x86_64-gnu/lib/python3.13/importlib/__init__.py:88: in import_module
    return _bootstrap._gcd_import(name[level:], package, level)
           ^^^^^^^^^^^^^^^^^^^^^^^^^^^^^^^^^^^^^^^^^^^^^^^^^^^^
&lt;frozen importlib._bootstrap&gt;:1387: in _gcd_import
    ???
&lt;frozen importlib._bootstrap&gt;:1360: in _find_and_load
    ???
&lt;frozen importlib._bootstrap&gt;:1331: in _find_and_load_unlocked
    ???
&lt;frozen importlib._bootstrap&gt;:935: in _load_unlocked
    ???
.venv/lib/python3.13/site-packages/_pytest/assertion/rewrite.py:197: in exec_module
    exec(co, module.__dict__)
tests/serving/http/conftest.py:12: in &lt;module&gt;
    from codeintel.serving.http.fastapi import BackendResource, create_app
E   ImportError: cannot import name 'BackendResource' from 'codeintel.serving.http.fastapi' (/home/paul/CodeIntel/src/codeintel/serving/http/fastapi.py)</error><error message="collection failure">../.local/share/uv/python/cpython-3.13.9-linux-x86_64-gnu/lib/python3.13/importlib/__init__.py:88: in import_module
    return _bootstrap._gcd_import(name[level:], package, level)
           ^^^^^^^^^^^^^^^^^^^^^^^^^^^^^^^^^^^^^^^^^^^^^^^^^^^^
&lt;frozen importlib._bootstrap&gt;:1387: in _gcd_import
    ???
&lt;frozen importlib._bootstrap&gt;:1360: in _find_and_load
    ???
&lt;frozen importlib._bootstrap&gt;:1331: in _find_and_load_unlocked
    ???
&lt;frozen importlib._bootstrap&gt;:935: in _load_unlocked
    ???
.venv/lib/python3.13/site-packages/_pytest/assertion/rewrite.py:197: in exec_module
    exec(co, module.__dict__)
tests/serving/http/conftest.py:12: in &lt;module&gt;
    from codeintel.serving.http.fastapi import BackendResource, create_app
E   ImportError: cannot import name 'BackendResource' from 'codeintel.serving.http.fastapi' (/home/paul/CodeIntel/src/codeintel/serving/http/fastapi.py)</error><error message="collection failure">../.local/share/uv/python/cpython-3.13.9-linux-x86_64-gnu/lib/python3.13/importlib/__init__.py:88: in import_module
    return _bootstrap._gcd_import(name[level:], package, level)
           ^^^^^^^^^^^^^^^^^^^^^^^^^^^^^^^^^^^^^^^^^^^^^^^^^^^^
&lt;frozen importlib._bootstrap&gt;:1387: in _gcd_import
    ???
&lt;frozen importlib._bootstrap&gt;:1360: in _find_and_load
    ???
&lt;frozen importlib._bootstrap&gt;:1331: in _find_and_load_unlocked
    ???
&lt;frozen importlib._bootstrap&gt;:935: in _load_unlocked
    ???
.venv/lib/python3.13/site-packages/_pytest/assertion/rewrite.py:197: in exec_module
    exec(co, module.__dict__)
tests/serving/http/conftest.py:12: in &lt;module&gt;
    from codeintel.serving.http.fastapi import BackendResource, create_app
E   ImportError: cannot import name 'BackendResource' from 'codeintel.serving.http.fastapi' (/home/paul/CodeIntel/src/codeintel/serving/http/fastapi.py)</error><error message="collection failure">../.local/share/uv/python/cpython-3.13.9-linux-x86_64-gnu/lib/python3.13/importlib/__init__.py:88: in import_module
    return _bootstrap._gcd_import(name[level:], package, level)
           ^^^^^^^^^^^^^^^^^^^^^^^^^^^^^^^^^^^^^^^^^^^^^^^^^^^^
&lt;frozen importlib._bootstrap&gt;:1387: in _gcd_import
    ???
&lt;frozen importlib._bootstrap&gt;:1360: in _find_and_load
    ???
&lt;frozen importlib._bootstrap&gt;:1331: in _find_and_load_unlocked
    ???
&lt;frozen importlib._bootstrap&gt;:935: in _load_unlocked
    ???
.venv/lib/python3.13/site-packages/_pytest/assertion/rewrite.py:197: in exec_module
    exec(co, module.__dict__)
tests/serving/http/conftest.py:12: in &lt;module&gt;
    from codeintel.serving.http.fastapi import BackendResource, create_app
E   ImportError: cannot import name 'BackendResource' from 'codeintel.serving.http.fastapi' (/home/paul/CodeIntel/src/codeintel/serving/http/fastapi.py)</error><error message="collection failure">../.local/share/uv/python/cpython-3.13.9-linux-x86_64-gnu/lib/python3.13/importlib/__init__.py:88: in import_module
    return _bootstrap._gcd_import(name[level:], package, level)
           ^^^^^^^^^^^^^^^^^^^^^^^^^^^^^^^^^^^^^^^^^^^^^^^^^^^^
&lt;frozen importlib._bootstrap&gt;:1387: in _gcd_import
    ???
&lt;frozen importlib._bootstrap&gt;:1360: in _find_and_load
    ???
&lt;frozen importlib._bootstrap&gt;:1331: in _find_and_load_unlocked
    ???
&lt;frozen importlib._bootstrap&gt;:935: in _load_unlocked
    ???
.venv/lib/python3.13/site-packages/_pytest/assertion/rewrite.py:197: in exec_module
    exec(co, module.__dict__)
tests/serving/http/conftest.py:12: in &lt;module&gt;
    from codeintel.serving.http.fastapi import BackendResource, create_app
E   ImportError: cannot import name 'BackendResource' from 'codeintel.serving.http.fastapi' (/home/paul/CodeIntel/src/codeintel/serving/http/fastapi.py)</error><error message="collection failure">../.local/share/uv/python/cpython-3.13.9-linux-x86_64-gnu/lib/python3.13/importlib/__init__.py:88: in import_module
    return _bootstrap._gcd_import(name[level:], package, level)
           ^^^^^^^^^^^^^^^^^^^^^^^^^^^^^^^^^^^^^^^^^^^^^^^^^^^^
&lt;frozen importlib._bootstrap&gt;:1387: in _gcd_import
    ???
&lt;frozen importlib._bootstrap&gt;:1360: in _find_and_load
    ???
&lt;frozen importlib._bootstrap&gt;:1331: in _find_and_load_unlocked
    ???
&lt;frozen importlib._bootstrap&gt;:935: in _load_unlocked
    ???
.venv/lib/python3.13/site-packages/_pytest/assertion/rewrite.py:197: in exec_module
    exec(co, module.__dict__)
tests/serving/http/conftest.py:12: in &lt;module&gt;
    from codeintel.serving.http.fastapi import BackendResource, create_app
E   ImportError: cannot import name 'BackendResource' from 'codeintel.serving.http.fastapi' (/home/paul/CodeIntel/src/codeintel/serving/http/fastapi.py)</error><error message="collection failure">../.local/share/uv/python/cpython-3.13.9-linux-x86_64-gnu/lib/python3.13/importlib/__init__.py:88: in import_module
    return _bootstrap._gcd_import(name[level:], package, level)
           ^^^^^^^^^^^^^^^^^^^^^^^^^^^^^^^^^^^^^^^^^^^^^^^^^^^^
&lt;frozen importlib._bootstrap&gt;:1387: in _gcd_import
    ???
&lt;frozen importlib._bootstrap&gt;:1360: in _find_and_load
    ???
&lt;frozen importlib._bootstrap&gt;:1331: in _find_and_load_unlocked
    ???
&lt;frozen importlib._bootstrap&gt;:935: in _load_unlocked
    ???
.venv/lib/python3.13/site-packages/_pytest/assertion/rewrite.py:197: in exec_module
    exec(co, module.__dict__)
tests/serving/http/conftest.py:12: in &lt;module&gt;
    from codeintel.serving.http.fastapi import BackendResource, create_app
E   ImportError: cannot import name 'BackendResource' from 'codeintel.serving.http.fastapi' (/home/paul/CodeIntel/src/codeintel/serving/http/fastapi.py)</error><error message="collection failure">../.local/share/uv/python/cpython-3.13.9-linux-x86_64-gnu/lib/python3.13/importlib/__init__.py:88: in import_module
    return _bootstrap._gcd_import(name[level:], package, level)
           ^^^^^^^^^^^^^^^^^^^^^^^^^^^^^^^^^^^^^^^^^^^^^^^^^^^^
&lt;frozen importlib._bootstrap&gt;:1387: in _gcd_import
    ???
&lt;frozen importlib._bootstrap&gt;:1360: in _find_and_load
    ???
&lt;frozen importlib._bootstrap&gt;:1331: in _find_and_load_unlocked
    ???
&lt;frozen importlib._bootstrap&gt;:935: in _load_unlocked
    ???
.venv/lib/python3.13/site-packages/_pytest/assertion/rewrite.py:197: in exec_module
    exec(co, module.__dict__)
tests/serving/http/conftest.py:12: in &lt;module&gt;
    from codeintel.serving.http.fastapi import BackendResource, create_app
E   ImportError: cannot import name 'BackendResource' from 'codeintel.serving.http.fastapi' (/home/paul/CodeIntel/src/codeintel/serving/http/fastapi.py)</error><error message="collection failure">../.local/share/uv/python/cpython-3.13.9-linux-x86_64-gnu/lib/python3.13/importlib/__init__.py:88: in import_module
    return _bootstrap._gcd_import(name[level:], package, level)
           ^^^^^^^^^^^^^^^^^^^^^^^^^^^^^^^^^^^^^^^^^^^^^^^^^^^^
&lt;frozen importlib._bootstrap&gt;:1387: in _gcd_import
    ???
&lt;frozen importlib._bootstrap&gt;:1360: in _find_and_load
    ???
&lt;frozen importlib._bootstrap&gt;:1331: in _find_and_load_unlocked
    ???
&lt;frozen importlib._bootstrap&gt;:935: in _load_unlocked
    ???
.venv/lib/python3.13/site-packages/_pytest/assertion/rewrite.py:197: in exec_module
    exec(co, module.__dict__)
tests/serving/http/conftest.py:12: in &lt;module&gt;
    from codeintel.serving.http.fastapi import BackendResource, create_app
E   ImportError: cannot import name 'BackendResource' from 'codeintel.serving.http.fastapi' (/home/paul/CodeIntel/src/codeintel/serving/http/fastapi.py)</error><error message="collection failure">../.local/share/uv/python/cpython-3.13.9-linux-x86_64-gnu/lib/python3.13/importlib/__init__.py:88: in import_module
    return _bootstrap._gcd_import(name[level:], package, level)
           ^^^^^^^^^^^^^^^^^^^^^^^^^^^^^^^^^^^^^^^^^^^^^^^^^^^^
&lt;frozen importlib._bootstrap&gt;:1387: in _gcd_import
    ???
&lt;frozen importlib._bootstrap&gt;:1360: in _find_and_load
    ???
&lt;frozen importlib._bootstrap&gt;:1331: in _find_and_load_unlocked
    ???
&lt;frozen importlib._bootstrap&gt;:935: in _load_unlocked
    ???
.venv/lib/python3.13/site-packages/_pytest/assertion/rewrite.py:197: in exec_module
    exec(co, module.__dict__)
tests/serving/http/conftest.py:12: in &lt;module&gt;
    from codeintel.serving.http.fastapi import BackendResource, create_app
E   ImportError: cannot import name 'BackendResource' from 'codeintel.serving.http.fastapi' (/home/paul/CodeIntel/src/codeintel/serving/http/fastapi.py)</error><error message="collection failure">../.local/share/uv/python/cpython-3.13.9-linux-x86_64-gnu/lib/python3.13/importlib/__init__.py:88: in import_module
    return _bootstrap._gcd_import(name[level:], package, level)
           ^^^^^^^^^^^^^^^^^^^^^^^^^^^^^^^^^^^^^^^^^^^^^^^^^^^^
&lt;frozen importlib._bootstrap&gt;:1387: in _gcd_import
    ???
&lt;frozen importlib._bootstrap&gt;:1360: in _find_and_load
    ???
&lt;frozen importlib._bootstrap&gt;:1331: in _find_and_load_unlocked
    ???
&lt;frozen importlib._bootstrap&gt;:935: in _load_unlocked
    ???
.venv/lib/python3.13/site-packages/_pytest/assertion/rewrite.py:197: in exec_module
    exec(co, module.__dict__)
tests/serving/http/conftest.py:12: in &lt;module&gt;
    from codeintel.serving.http.fastapi import BackendResource, create_app
E   ImportError: cannot import name 'BackendResource' from 'codeintel.serving.http.fastapi' (/home/paul/CodeIntel/src/codeintel/serving/http/fastapi.py)</error><error message="collection failure">../.local/share/uv/python/cpython-3.13.9-linux-x86_64-gnu/lib/python3.13/importlib/__init__.py:88: in import_module
    return _bootstrap._gcd_import(name[level:], package, level)
           ^^^^^^^^^^^^^^^^^^^^^^^^^^^^^^^^^^^^^^^^^^^^^^^^^^^^
&lt;frozen importlib._bootstrap&gt;:1387: in _gcd_import
    ???
&lt;frozen importlib._bootstrap&gt;:1360: in _find_and_load
    ???
&lt;frozen importlib._bootstrap&gt;:1331: in _find_and_load_unlocked
    ???
&lt;frozen importlib._bootstrap&gt;:935: in _load_unlocked
    ???
.venv/lib/python3.13/site-packages/_pytest/assertion/rewrite.py:197: in exec_module
    exec(co, module.__dict__)
tests/serving/http/conftest.py:12: in &lt;module&gt;
    from codeintel.serving.http.fastapi import BackendResource, create_app
E   ImportError: cannot import name 'BackendResource' from 'codeintel.serving.http.fastapi' (/home/paul/CodeIntel/src/codeintel/serving/http/fastapi.py)</error><error message="collection failure">../.local/share/uv/python/cpython-3.13.9-linux-x86_64-gnu/lib/python3.13/importlib/__init__.py:88: in import_module
    return _bootstrap._gcd_import(name[level:], package, level)
           ^^^^^^^^^^^^^^^^^^^^^^^^^^^^^^^^^^^^^^^^^^^^^^^^^^^^
&lt;frozen importlib._bootstrap&gt;:1387: in _gcd_import
    ???
&lt;frozen importlib._bootstrap&gt;:1360: in _find_and_load
    ???
&lt;frozen importlib._bootstrap&gt;:1331: in _find_and_load_unlocked
    ???
&lt;frozen importlib._bootstrap&gt;:935: in _load_unlocked
    ???
.venv/lib/python3.13/site-packages/_pytest/assertion/rewrite.py:197: in exec_module
    exec(co, module.__dict__)
tests/serving/http/conftest.py:12: in &lt;module&gt;
    from codeintel.serving.http.fastapi import BackendResource, create_app
E   ImportError: cannot import name 'BackendResource' from 'codeintel.serving.http.fastapi' (/home/paul/CodeIntel/src/codeintel/serving/http/fastapi.py)</error><error message="collection failure">../.local/share/uv/python/cpython-3.13.9-linux-x86_64-gnu/lib/python3.13/importlib/__init__.py:88: in import_module
    return _bootstrap._gcd_import(name[level:], package, level)
           ^^^^^^^^^^^^^^^^^^^^^^^^^^^^^^^^^^^^^^^^^^^^^^^^^^^^
&lt;frozen importlib._bootstrap&gt;:1387: in _gcd_import
    ???
&lt;frozen importlib._bootstrap&gt;:1360: in _find_and_load
    ???
&lt;frozen importlib._bootstrap&gt;:1331: in _find_and_load_unlocked
    ???
&lt;frozen importlib._bootstrap&gt;:935: in _load_unlocked
    ???
.venv/lib/python3.13/site-packages/_pytest/assertion/rewrite.py:197: in exec_module
    exec(co, module.__dict__)
tests/serving/http/conftest.py:12: in &lt;module&gt;
    from codeintel.serving.http.fastapi import BackendResource, create_app
E   ImportError: cannot import name 'BackendResource' from 'codeintel.serving.http.fastapi' (/home/paul/CodeIntel/src/codeintel/serving/http/fastapi.py)</error><error message="collection failure">../.local/share/uv/python/cpython-3.13.9-linux-x86_64-gnu/lib/python3.13/importlib/__init__.py:88: in import_module
    return _bootstrap._gcd_import(name[level:], package, level)
           ^^^^^^^^^^^^^^^^^^^^^^^^^^^^^^^^^^^^^^^^^^^^^^^^^^^^
&lt;frozen importlib._bootstrap&gt;:1387: in _gcd_import
    ???
&lt;frozen importlib._bootstrap&gt;:1360: in _find_and_load
    ???
&lt;frozen importlib._bootstrap&gt;:1331: in _find_and_load_unlocked
    ???
&lt;frozen importlib._bootstrap&gt;:935: in _load_unlocked
    ???
.venv/lib/python3.13/site-packages/_pytest/assertion/rewrite.py:197: in exec_module
    exec(co, module.__dict__)
tests/serving/http/conftest.py:12: in &lt;module&gt;
    from codeintel.serving.http.fastapi import BackendResource, create_app
E   ImportError: cannot import name 'BackendResource' from 'codeintel.serving.http.fastapi' (/home/paul/CodeIntel/src/codeintel/serving/http/fastapi.py)</error><error message="collection failure">../.local/share/uv/python/cpython-3.13.9-linux-x86_64-gnu/lib/python3.13/importlib/__init__.py:88: in import_module
    return _bootstrap._gcd_import(name[level:], package, level)
           ^^^^^^^^^^^^^^^^^^^^^^^^^^^^^^^^^^^^^^^^^^^^^^^^^^^^
&lt;frozen importlib._bootstrap&gt;:1387: in _gcd_import
    ???
&lt;frozen importlib._bootstrap&gt;:1360: in _find_and_load
    ???
&lt;frozen importlib._bootstrap&gt;:1331: in _find_and_load_unlocked
    ???
&lt;frozen importlib._bootstrap&gt;:935: in _load_unlocked
    ???
.venv/lib/python3.13/site-packages/_pytest/assertion/rewrite.py:197: in exec_module
    exec(co, module.__dict__)
tests/serving/http/conftest.py:12: in &lt;module&gt;
    from codeintel.serving.http.fastapi import BackendResource, create_app
E   ImportError: cannot import name 'BackendResource' from 'codeintel.serving.http.fastapi' (/home/paul/CodeIntel/src/codeintel/serving/http/fastapi.py)</error><error message="collection failure">../.local/share/uv/python/cpython-3.13.9-linux-x86_64-gnu/lib/python3.13/importlib/__init__.py:88: in import_module
    return _bootstrap._gcd_import(name[level:], package, level)
           ^^^^^^^^^^^^^^^^^^^^^^^^^^^^^^^^^^^^^^^^^^^^^^^^^^^^
&lt;frozen importlib._bootstrap&gt;:1387: in _gcd_import
    ???
&lt;frozen importlib._bootstrap&gt;:1360: in _find_and_load
    ???
&lt;frozen importlib._bootstrap&gt;:1331: in _find_and_load_unlocked
    ???
&lt;frozen importlib._bootstrap&gt;:935: in _load_unlocked
    ???
.venv/lib/python3.13/site-packages/_pytest/assertion/rewrite.py:197: in exec_module
    exec(co, module.__dict__)
tests/serving/http/conftest.py:12: in &lt;module&gt;
    from codeintel.serving.http.fastapi import BackendResource, create_app
E   ImportError: cannot import name 'BackendResource' from 'codeintel.serving.http.fastapi' (/home/paul/CodeIntel/src/codeintel/serving/http/fastapi.py)</error></testcase><testcase classname="" name="tests.serving.services" time="0.000"><error message="collection failure">../.local/share/uv/python/cpython-3.13.9-linux-x86_64-gnu/lib/python3.13/importlib/__init__.py:88: in import_module
    return _bootstrap._gcd_import(name[level:], package, level)
           ^^^^^^^^^^^^^^^^^^^^^^^^^^^^^^^^^^^^^^^^^^^^^^^^^^^^
&lt;frozen importlib._bootstrap&gt;:1387: in _gcd_import
    ???
&lt;frozen importlib._bootstrap&gt;:1360: in _find_and_load
    ???
&lt;frozen importlib._bootstrap&gt;:1331: in _find_and_load_unlocked
    ???
&lt;frozen importlib._bootstrap&gt;:935: in _load_unlocked
    ???
.venv/lib/python3.13/site-packages/_pytest/assertion/rewrite.py:197: in exec_module
    exec(co, module.__dict__)
tests/serving/services/conftest.py:13: in &lt;module&gt;
    from tests._helpers.serving_apps import (
tests/_helpers/serving_apps.py:13: in &lt;module&gt;
    from codeintel.serving.http.fastapi import BackendResource, create_app
E   ImportError: cannot import name 'BackendResource' from 'codeintel.serving.http.fastapi' (/home/paul/CodeIntel/src/codeintel/serving/http/fastapi.py)</error><error message="collection failure">../.local/share/uv/python/cpython-3.13.9-linux-x86_64-gnu/lib/python3.13/importlib/__init__.py:88: in import_module
    return _bootstrap._gcd_import(name[level:], package, level)
           ^^^^^^^^^^^^^^^^^^^^^^^^^^^^^^^^^^^^^^^^^^^^^^^^^^^^
&lt;frozen importlib._bootstrap&gt;:1387: in _gcd_import
    ???
&lt;frozen importlib._bootstrap&gt;:1360: in _find_and_load
    ???
&lt;frozen importlib._bootstrap&gt;:1331: in _find_and_load_unlocked
    ???
&lt;frozen importlib._bootstrap&gt;:935: in _load_unlocked
    ???
.venv/lib/python3.13/site-packages/_pytest/assertion/rewrite.py:197: in exec_module
    exec(co, module.__dict__)
tests/serving/services/conftest.py:13: in &lt;module&gt;
    from tests._helpers.serving_apps import (
tests/_helpers/serving_apps.py:13: in &lt;module&gt;
    from codeintel.serving.http.fastapi import BackendResource, create_app
E   ImportError: cannot import name 'BackendResource' from 'codeintel.serving.http.fastapi' (/home/paul/CodeIntel/src/codeintel/serving/http/fastapi.py)</error><error message="collection failure">../.local/share/uv/python/cpython-3.13.9-linux-x86_64-gnu/lib/python3.13/importlib/__init__.py:88: in import_module
    return _bootstrap._gcd_import(name[level:], package, level)
           ^^^^^^^^^^^^^^^^^^^^^^^^^^^^^^^^^^^^^^^^^^^^^^^^^^^^
&lt;frozen importlib._bootstrap&gt;:1387: in _gcd_import
    ???
&lt;frozen importlib._bootstrap&gt;:1360: in _find_and_load
    ???
&lt;frozen importlib._bootstrap&gt;:1331: in _find_and_load_unlocked
    ???
&lt;frozen importlib._bootstrap&gt;:935: in _load_unlocked
    ???
.venv/lib/python3.13/site-packages/_pytest/assertion/rewrite.py:197: in exec_module
    exec(co, module.__dict__)
tests/serving/services/conftest.py:13: in &lt;module&gt;
    from tests._helpers.serving_apps import (
tests/_helpers/serving_apps.py:13: in &lt;module&gt;
    from codeintel.serving.http.fastapi import BackendResource, create_app
E   ImportError: cannot import name 'BackendResource' from 'codeintel.serving.http.fastapi' (/home/paul/CodeIntel/src/codeintel/serving/http/fastapi.py)</error><error message="collection failure">../.local/share/uv/python/cpython-3.13.9-linux-x86_64-gnu/lib/python3.13/importlib/__init__.py:88: in import_module
    return _bootstrap._gcd_import(name[level:], package, level)
           ^^^^^^^^^^^^^^^^^^^^^^^^^^^^^^^^^^^^^^^^^^^^^^^^^^^^
&lt;frozen importlib._bootstrap&gt;:1387: in _gcd_import
    ???
&lt;frozen importlib._bootstrap&gt;:1360: in _find_and_load
    ???
&lt;frozen importlib._bootstrap&gt;:1331: in _find_and_load_unlocked
    ???
&lt;frozen importlib._bootstrap&gt;:935: in _load_unlocked
    ???
.venv/lib/python3.13/site-packages/_pytest/assertion/rewrite.py:197: in exec_module
    exec(co, module.__dict__)
tests/serving/services/conftest.py:13: in &lt;module&gt;
    from tests._helpers.serving_apps import (
tests/_helpers/serving_apps.py:13: in &lt;module&gt;
    from codeintel.serving.http.fastapi import BackendResource, create_app
E   ImportError: cannot import name 'BackendResource' from 'codeintel.serving.http.fastapi' (/home/paul/CodeIntel/src/codeintel/serving/http/fastapi.py)</error><error message="collection failure">../.local/share/uv/python/cpython-3.13.9-linux-x86_64-gnu/lib/python3.13/importlib/__init__.py:88: in import_module
    return _bootstrap._gcd_import(name[level:], package, level)
           ^^^^^^^^^^^^^^^^^^^^^^^^^^^^^^^^^^^^^^^^^^^^^^^^^^^^
&lt;frozen importlib._bootstrap&gt;:1387: in _gcd_import
    ???
&lt;frozen importlib._bootstrap&gt;:1360: in _find_and_load
    ???
&lt;frozen importlib._bootstrap&gt;:1331: in _find_and_load_unlocked
    ???
&lt;frozen importlib._bootstrap&gt;:935: in _load_unlocked
    ???
.venv/lib/python3.13/site-packages/_pytest/assertion/rewrite.py:197: in exec_module
    exec(co, module.__dict__)
tests/serving/services/conftest.py:13: in &lt;module&gt;
    from tests._helpers.serving_apps import (
tests/_helpers/serving_apps.py:13: in &lt;module&gt;
    from codeintel.serving.http.fastapi import BackendResource, create_app
E   ImportError: cannot import name 'BackendResource' from 'codeintel.serving.http.fastapi' (/home/paul/CodeIntel/src/codeintel/serving/http/fastapi.py)</error><error message="collection failure">../.local/share/uv/python/cpython-3.13.9-linux-x86_64-gnu/lib/python3.13/importlib/__init__.py:88: in import_module
    return _bootstrap._gcd_import(name[level:], package, level)
           ^^^^^^^^^^^^^^^^^^^^^^^^^^^^^^^^^^^^^^^^^^^^^^^^^^^^
&lt;frozen importlib._bootstrap&gt;:1387: in _gcd_import
    ???
&lt;frozen importlib._bootstrap&gt;:1360: in _find_and_load
    ???
&lt;frozen importlib._bootstrap&gt;:1331: in _find_and_load_unlocked
    ???
&lt;frozen importlib._bootstrap&gt;:935: in _load_unlocked
    ???
.venv/lib/python3.13/site-packages/_pytest/assertion/rewrite.py:197: in exec_module
    exec(co, module.__dict__)
tests/serving/services/conftest.py:13: in &lt;module&gt;
    from tests._helpers.serving_apps import (
tests/_helpers/serving_apps.py:13: in &lt;module&gt;
    from codeintel.serving.http.fastapi import BackendResource, create_app
E   ImportError: cannot import name 'BackendResource' from 'codeintel.serving.http.fastapi' (/home/paul/CodeIntel/src/codeintel/serving/http/fastapi.py)</error><error message="collection failure">../.local/share/uv/python/cpython-3.13.9-linux-x86_64-gnu/lib/python3.13/importlib/__init__.py:88: in import_module
    return _bootstrap._gcd_import(name[level:], package, level)
           ^^^^^^^^^^^^^^^^^^^^^^^^^^^^^^^^^^^^^^^^^^^^^^^^^^^^
&lt;frozen importlib._bootstrap&gt;:1387: in _gcd_import
    ???
&lt;frozen importlib._bootstrap&gt;:1360: in _find_and_load
    ???
&lt;frozen importlib._bootstrap&gt;:1331: in _find_and_load_unlocked
    ???
&lt;frozen importlib._bootstrap&gt;:935: in _load_unlocked
    ???
.venv/lib/python3.13/site-packages/_pytest/assertion/rewrite.py:197: in exec_module
    exec(co, module.__dict__)
tests/serving/services/conftest.py:13: in &lt;module&gt;
    from tests._helpers.serving_apps import (
tests/_helpers/serving_apps.py:13: in &lt;module&gt;
[...]
&gt;           raise AssertionError(message)
E           AssertionError: Testing charter violations detected:
E           monkeypatch: /home/paul/CodeIntel/tests/build/hamilton/test_materializer.py

tests/test_testing_contract.py:61: AssertionError</failure></testcase><testcase classname="tests.storage.test_run_tracking" name="test_fetch_steps_orders_by_module_stage_name" time="3.337" /><testcase classname="tests.test_tests_analytics_unit" name="test_backfill_test_goids_updates_catalog" time="3.847"><failure message="_duckdb.BinderException: Binder Error: Referenced update column function_goid_h128 not found in table!&#10;&#10;Did you mean: &quot;test_goid_h128&quot;">def test_backfill_test_goids_updates_catalog() -&gt; None:
        """Ensure test_catalog entries receive GOIDs and URNs when matched to GOIDs."""
        repo_root = Path(tempfile.mkdtemp())
        ctx = provision_graph_ready_repo(
            repo_root,
            repo="demo/repo",
            commit="deadbeef",
            options=ProvisionOptions(include_seed_goid=False, build_graph_metrics=True),
        )
        gateway = ctx.gateway
        con = gateway.con
    
        builder = ConfigBuilder.from_snapshot(
            snapshot=SnapshotInit(repo=ctx.repo, commit=ctx.commit, repo_root=repo_root),
            layout=BuildLayoutOptions(build_dir=ctx.build_dir),
        )
        cfg = builder.analytics.test_coverage()
    
        _insert_goids(con, cfg)
        con.execute(
            """
            INSERT INTO analytics.test_catalog (test_id, rel_path, qualname, repo, commit, status, created_at)
            VALUES ('tests/test_mod.py::test_func', 'tests/test_mod.py', 'tests.test_mod.test_func', ?, ?, 'passed', ?)
            """,
            [cfg.repo, cfg.commit, datetime.now(UTC)],
        )
    
&gt;       goid_map, urn_map = backfill_test_goids_for_catalog(gateway, cfg)
                            ^^^^^^^^^^^^^^^^^^^^^^^^^^^^^^^^^^^^^^^^^^^^^

tests/test_tests_analytics_unit.py:79: 
_ _ _ _ _ _ _ _ _ _ _ _ _ _ _ _ _ _ _ _ _ _ _ _ _ _ _ _ _ _ _ _ _ _ _ _ _ _ _ _ _ _ _ _ _ _ _ _ _ _ _ _ _ _ _ _ _ _ _ _ _ _ _ _ _ _ _ _ _ _ _ _ _ _ _ _ _ _ _ _ _ _ _ _ _ 
src/codeintel/analytics/testing/coverage/edges.py:202: in backfill_test_goids_for_catalog
    return _backfill_test_goids(gateway, cfg)
           ^^^^^^^^^^^^^^^^^^^^^^^^^^^^^^^^^^
_ _ _ _ _ _ _ _ _ _ _ _ _ _ _ _ _ _ _ _ _ _ _ _ _ _ _ _ _ _ _ _ _ _ _ _ _ _ _ _ _ _ _ _ _ _ _ _ _ _ _ _ _ _ _ _ _ _ _ _ _ _ _ _ _ _ _ _ _ _ _ _ _ _ _ _ _ _ _ _ _ _ _ _ _ 

gateway = DuckDBGateway(config=StorageConfig(db_path=PosixPath(':memory:'), read_only=False, apply_schema=True, ensure_views=Tru...ge_kind', 'via_phi', 'use_kind')), runs=PipelineRunTracking(con=&lt;_duckdb.DuckDBPyConnection object at 0x70f7e35085b0&gt;))
cfg = TestCoverageStepConfig(snapshot=SnapshotRef(repo='demo/repo', commit='deadbeef', repo_root=PosixPath('/tmp/tmpgm6w7cui'), branch=None), coverage_file=None, coverage_loader=None)

    def _backfill_test_goids(
        gateway: StorageGateway,
        cfg: TestCoverageStepConfig,
    ) -&gt; tuple[dict[str, int], dict[str, str]]:
        """Try to map test_catalog entries to GOIDs and update catalog rows.
    
        Returns
        -------
        tuple[dict[str, int], dict[str, str]]
            Mappings from test_id to GOID h128 and URN.
        """
        con = gateway.con
        tests_rows = con.execute(
            """
            SELECT test_id, rel_path, qualname
            FROM analytics.test_catalog
            WHERE repo = ? AND commit = ?
            """,
            [cfg.repo, cfg.commit],
        ).fetchall()
        if not tests_rows:
            return {}, {}
    
        goid_rows = gateway.execute(
            """
            SELECT goid_h128, urn, rel_path, qualname
            FROM core.goids
            WHERE repo = ? AND commit = ?
            """,
            [cfg.repo, cfg.commit],
        ).fetchall()
        if not goid_rows:
            return {}, {}
    
        goid_index: dict[tuple[str, str], tuple[int, str]] = {
            (str(rel_path).replace("\\", "/"), str(qualname)): (int(goid_h128), str(urn))
            for goid_h128, urn, rel_path, qualname in goid_rows
        }
    
        goid_by_id: dict[str, int] = {}
        urn_by_id: dict[str, str] = {}
        updates: list[tuple[int, str, str, str]] = []
    
        for test_id_raw, rel_path_raw, qualname in tests_rows:
            normalized = None if qualname is None else str(qualname).replace("::", ".")
            if normalized is None:
                continue
            test_id = str(test_id_raw)
            rel_path = str(rel_path_raw).replace("\\", "/")
            hit = goid_index.get((rel_path, normalized))
            if hit:
                goid, urn = hit
                goid_by_id[test_id] = goid
                urn_by_id[test_id] = urn
                updates.append((goid, urn, test_id, rel_path))
    
        if updates:
            backend = DuckDBPolicyBackend(gateway)
            backend.ensure_table("analytics.test_catalog")
&gt;           con.executemany(
                TEST_CATALOG_UPDATE_GOIDS,
                [(g, u, tid, rel, cfg.repo, cfg.commit) for g, u, tid, rel in updates],
            )
E           _duckdb.BinderException: Binder Error: Referenced update column function_goid_h128 not found in table!
E           
E           Did you mean: "test_goid_h128"

src/codeintel/analytics/testing/coverage/edges.py:184: BinderException</failure></testcase><testcase classname="tests.storage.test_schema_alignment" name="test_apply_and_validate_schema_alignment" time="3.645" /><testcase classname="tests.storage.test_ibis_write" name="test_upsert_insert_new_rows" time="6.293" /><testcase classname="tests.storage.test_run_tracking" name="test_start_step_returns_timestamp" time="3.315" /><testcase classname="tests.storage.test_run_tracking" name="test_complete_step_updates_step" time="3.346" /><testcase classname="tests.storage.test_schema_helpers" name="test_apply_all_schemas_creates_function_validation" time="3.097" /><testcase classname="tests.storage.test_run_registry.TestRecordStep" name="test_record_step_creates_record" time="3.406" /><testcase classname="tests.storage.test_schema_alignment" name="test_assert_schema_alignment_detects_drift_nonstrict" time="3.554" /><testcase classname="tests.storage.test_graphs_repository" name="test_graph_repository_is_frozen" time="3.271" /><testcase classname="tests.storage.test_ibis_write" name="test_write_unsupported_type_raises" time="6.246" /><testcase classname="tests.storage.test_schema_helpers" name="test_validate_row_with_schema_passes_valid_data" time="0.026" /><testcase classname="tests.storage.test_schema_alignment" name="test_ensure_schemas_preserve_with_extra_ddl" time="3.506" /><testcase classname="tests.test_tests_analytics_unit" name="test_edges_for_file_uses_test_meta" time="0.002" /><testcase classname="tests.storage.test_docs_view_profiling" name="test_run_profile_analyze_mode_creates_artifacts" time="15.354" /><testcase classname="tests.analytics.functions.test_function_contracts_integration" name="test_compute_contracts_with_predicate_name" time="6.933" /><testcase classname="tests.storage.test_run_registry_integration.TestGatewayRunsApi" name="test_record_steps_with_gateway" time="3.171" /><testcase classname="tests.storage.test_run_registry_integration.TestNewRunContextIntegration" name="test_new_run_context_for_ingest" time="3.073" /><testcase classname="tests.storage.test_subsystem_view_schema_drift" name="test_subsystem_docs_views_schema_stable" time="3.155" /><testcase classname="tests.storage.test_run_registry_integration.TestNewRunContextIntegration" name="test_new_run_context_for_analytics" time="3.049" /><testcase classname="tests.storage.test_insert_helpers" name="test_insert_rows_raises_on_missing_column" time="3.130" /><testcase classname="tests.storage.test_gateway_factory" name="test_full_gateway_lifecycle" time="3.045" /><testcase classname="tests.storage.tracking.test_build_tracking.TestOutputManifestOperations" name="test_list_manifests" time="3.097" /><testcase classname="tests.storage.tracking.test_build_tracking.TestOutputManifestOperations" name="test_save_and_load_manifest" time="3.135" /><testcase classname="tests.storage.tracking.test_build_tracking.TestOutputManifestOperations" name="test_delete_manifests" time="2.893" /><testcase classname="tests.storage.tracking.test_build_tracking.TestBuildRunOperations" name="test_start_and_fetch_run" time="2.984" /><testcase classname="tests.storage.tracking.test_build_tracking.TestBuildRunOperations" name="test_complete_run_succeeded" time="3.015" /><testcase classname="tests.storage.tracking.test_build_tracking.TestBuildRunOperations" name="test_list_runs_with_limit" time="2.805" /><testcase classname="tests.storage.tracking.test_build_tracking.TestOutputManifestOperations" name="test_upsert_manifest" time="2.866" /><testcase classname="tests.storage.tracking.test_build_tracking.TestBuildRunOperations" name="test_list_runs" time="2.762" /><testcase classname="tests.storage.test_schema_alignment" name="test_ensure_schemas_preserve_creates_tables_idempotently" time="2.995" /><testcase classname="tests.storage.tracking.test_build_tracking.TestBuildRunOperations" name="test_complete_run_failed" time="2.478" /><testcase classname="tests.analytics.functions.test_function_contracts_integration" name="test_compute_contracts_with_doc_return_none" time="3.907" /><testcase classname="tests.analytics.functions.test_function_effects" name="test_effect_analysis_creation" time="0.001" /><testcase classname="tests.test_tests_analytics_unit" name="test_compute_test_coverage_edges_with_real_coverage" time="5.120"><failure message="_duckdb.BinderException: Binder Error: Referenced update column function_goid_h128 not found in table!&#10;&#10;Did you mean: &quot;test_goid_h128&quot;">coverage_env = CoverageEdgeEnv(repo_root=PosixPath('/tmp/pytest-of-paul/pytest-15/popen-gw31/test_compute_test_coverage_edg0/repo'), ...False)), module_import='pkg.mod', function_name='func', test_id='pkg/mod.py::test_func', function_goid=1, test_goid=99)
coverage_artifact = PosixPath('/tmp/pytest-of-paul/pytest-15/popen-gw31/test_compute_test_coverage_edg0/repo/.coverage')

    def test_compute_test_coverage_edges_with_real_coverage(
        coverage_env: CoverageEdgeEnv, coverage_artifact: Path
    ) -&gt; None:
        """compute_test_coverage_edges should join coverage contexts with test GOIDs."""
&gt;       compute_coverage_edges(coverage_env, coverage_file=coverage_artifact)

tests/test_tests_analytics_unit.py:159: 
_ _ _ _ _ _ _ _ _ _ _ _ _ _ _ _ _ _ _ _ _ _ _ _ _ _ _ _ _ _ _ _ _ _ _ _ _ _ _ _ _ _ _ _ _ _ _ _ _ _ _ _ _ _ _ _ _ _ _ _ _ _ _ _ _ _ _ _ _ _ _ _ _ _ _ _ _ _ _ _ _ _ _ _ _ 
tests/_helpers/orchestration/coverage_orchestration.py:125: in compute_coverage_edges
    compute_test_coverage_edges(
src/codeintel/analytics/testing/coverage/edges.py:367: in compute_test_coverage_edges
    status_by_test, test_meta_by_id = _test_status_and_meta(gateway, cfg)
                                      ^^^^^^^^^^^^^^^^^^^^^^^^^^^^^^^^^^^
src/codeintel/analytics/testing/coverage/edges.py:332: in _test_status_and_meta
    test_goid_by_id, test_urn_by_id = _backfill_test_goids(gateway, cfg)
                                      ^^^^^^^^^^^^^^^^^^^^^^^^^^^^^^^^^^
_ _ _ _ _ _ _ _ _ _ _ _ _ _ _ _ _ _ _ _ _ _ _ _ _ _ _ _ _ _ _ _ _ _ _ _ _ _ _ _ _ _ _ _ _ _ _ _ _ _ _ _ _ _ _ _ _ _ _ _ _ _ _ _ _ _ _ _ _ _ _ _ _ _ _ _ _ _ _ _ _ _ _ _ _ 

gateway = DuckDBGateway(config=StorageConfig(db_path=PosixPath('/tmp/pytest-of-paul/pytest-15/popen-gw31/test_compute_test_cover...ge_kind', 'via_phi', 'use_kind')), runs=PipelineRunTracking(con=&lt;_duckdb.DuckDBPyConnection object at 0x736c540d2fb0&gt;))
cfg = TestCoverageStepConfig(snapshot=SnapshotRef(repo='demo/repo', commit='deadbeef', repo_root=PosixPath('/tmp/pytest-of-p...xPath('/tmp/pytest-of-paul/pytest-15/popen-gw31/test_compute_test_coverage_edg0/repo/.coverage'), coverage_loader=None)

    def _backfill_test_goids(
        gateway: StorageGateway,
        cfg: TestCoverageStepConfig,
    ) -&gt; tuple[dict[str, int], dict[str, str]]:
        """Try to map test_catalog entries to GOIDs and update catalog rows.
    
        Returns
        -------
        tuple[dict[str, int], dict[str, str]]
            Mappings from test_id to GOID h128 and URN.
        """
        con = gateway.con
        tests_rows = con.execute(
            """
            SELECT test_id, rel_path, qualname
            FROM analytics.test_catalog
            WHERE repo = ? AND commit = ?
            """,
            [cfg.repo, cfg.commit],
        ).fetchall()
        if not tests_rows:
            return {}, {}
    
        goid_rows = gateway.execute(
            """
            SELECT goid_h128, urn, rel_path, qualname
            FROM core.goids
            WHERE repo = ? AND commit = ?
            """,
            [cfg.repo, cfg.commit],
        ).fetchall()
        if not goid_rows:
            return {}, {}
    
        goid_index: dict[tuple[str, str], tuple[int, str]] = {
            (str(rel_path).replace("\\", "/"), str(qualname)): (int(goid_h128), str(urn))
            for goid_h128, urn, rel_path, qualname in goid_rows
        }
    
        goid_by_id: dict[str, int] = {}
        urn_by_id: dict[str, str] = {}
        updates: list[tuple[int, str, str, str]] = []
    
        for test_id_raw, rel_path_raw, qualname in tests_rows:
            normalized = None if qualname is None else str(qualname).replace("::", ".")
            if normalized is None:
                continue
            test_id = str(test_id_raw)
            rel_path = str(rel_path_raw).replace("\\", "/")
            hit = goid_index.get((rel_path, normalized))
            if hit:
                goid, urn = hit
                goid_by_id[test_id] = goid
                urn_by_id[test_id] = urn
                updates.append((goid, urn, test_id, rel_path))
    
        if updates:
            backend = DuckDBPolicyBackend(gateway)
            backend.ensure_table("analytics.test_catalog")
&gt;           con.executemany(
                TEST_CATALOG_UPDATE_GOIDS,
                [(g, u, tid, rel, cfg.repo, cfg.commit) for g, u, tid, rel in updates],
            )
E           _duckdb.BinderException: Binder Error: Referenced update column function_goid_h128 not found in table!
E           
E           Did you mean: "test_goid_h128"

src/codeintel/analytics/testing/coverage/edges.py:184: BinderException</failure></testcase><testcase classname="tests.test_tests_analytics_unit" name="test_compute_test_coverage_edges_respects_injected_loader" time="5.077"><failure message="_duckdb.BinderException: Binder Error: Referenced update column function_goid_h128 not found in table!&#10;&#10;Did you mean: &quot;test_goid_h128&quot;">coverage_env = CoverageEdgeEnv(repo_root=PosixPath('/tmp/pytest-of-paul/pytest-15/popen-gw21/test_compute_test_coverage_edg0/repo'), ...False)), module_import='pkg.mod', function_name='func', test_id='pkg/mod.py::test_func', function_goid=1, test_goid=99)
coverage_artifact = PosixPath('/tmp/pytest-of-paul/pytest-15/popen-gw21/test_compute_test_coverage_edg0/repo/.coverage')

    def test_compute_test_coverage_edges_respects_injected_loader(
        coverage_env: CoverageEdgeEnv, coverage_artifact: Path
    ) -&gt; None:
        """compute_test_coverage_edges should call injected loader when provided."""
    
        def _coverage_loader(_cfg: TestCoverageStepConfig) -&gt; Coverage:
            cov = Coverage(data_file=str(coverage_artifact))
            cov.load()
            return cov
    
&gt;       compute_coverage_edges(
            coverage_env,
            coverage_file=coverage_artifact,
            coverage_loader=_coverage_loader,
        )

tests/test_tests_analytics_unit.py:173: 
_ _ _ _ _ _ _ _ _ _ _ _ _ _ _ _ _ _ _ _ _ _ _ _ _ _ _ _ _ _ _ _ _ _ _ _ _ _ _ _ _ _ _ _ _ _ _ _ _ _ _ _ _ _ _ _ _ _ _ _ _ _ _ _ _ _ _ _ _ _ _ _ _ _ _ _ _ _ _ _ _ _ _ _ _ 
tests/_helpers/orchestration/coverage_orchestration.py:125: in compute_coverage_edges
    compute_test_coverage_edges(
src/codeintel/analytics/testing/coverage/edges.py:367: in compute_test_coverage_edges
    status_by_test, test_meta_by_id = _test_status_and_meta(gateway, cfg)
                                      ^^^^^^^^^^^^^^^^^^^^^^^^^^^^^^^^^^^
src/codeintel/analytics/testing/coverage/edges.py:332: in _test_status_and_meta
    test_goid_by_id, test_urn_by_id = _backfill_test_goids(gateway, cfg)
                                      ^^^^^^^^^^^^^^^^^^^^^^^^^^^^^^^^^^
_ _ _ _ _ _ _ _ _ _ _ _ _ _ _ _ _ _ _ _ _ _ _ _ _ _ _ _ _ _ _ _ _ _ _ _ _ _ _ _ _ _ _ _ _ _ _ _ _ _ _ _ _ _ _ _ _ _ _ _ _ _ _ _ _ _ _ _ _ _ _ _ _ _ _ _ _ _ _ _ _ _ _ _ _ 

gateway = DuckDBGateway(config=StorageConfig(db_path=PosixPath('/tmp/pytest-of-paul/pytest-15/popen-gw21/test_compute_test_cover...ge_kind', 'via_phi', 'use_kind')), runs=PipelineRunTracking(con=&lt;_duckdb.DuckDBPyConnection object at 0x7ad605a67630&gt;))
cfg = TestCoverageStepConfig(snapshot=SnapshotRef(repo='demo/repo', commit='deadbeef', repo_root=PosixPath('/tmp/pytest-of-p...xPath('/tmp/pytest-of-paul/pytest-15/popen-gw21/test_compute_test_coverage_edg0/repo/.coverage'), coverage_loader=None)

    def _backfill_test_goids(
        gateway: StorageGateway,
        cfg: TestCoverageStepConfig,
    ) -&gt; tuple[dict[str, int], dict[str, str]]:
        """Try to map test_catalog entries to GOIDs and update catalog rows.
    
        Returns
        -------
        tuple[dict[str, int], dict[str, str]]
            Mappings from test_id to GOID h128 and URN.
        """
        con = gateway.con
        tests_rows = con.execute(
            """
            SELECT test_id, rel_path, qualname
            FROM analytics.test_catalog
            WHERE repo = ? AND commit = ?
            """,
            [cfg.repo, cfg.commit],
        ).fetchall()
        if not tests_rows:
            return {}, {}
    
        goid_rows = gateway.execute(
            """
            SELECT goid_h128, urn, rel_path, qualname
            FROM core.goids
            WHERE repo = ? AND commit = ?
            """,
            [cfg.repo, cfg.commit],
        ).fetchall()
        if not goid_rows:
            return {}, {}
    
        goid_index: dict[tuple[str, str], tuple[int, str]] = {
            (str(rel_path).replace("\\", "/"), str(qualname)): (int(goid_h128), str(urn))
            for goid_h128, urn, rel_path, qualname in goid_rows
        }
    
        goid_by_id: dict[str, int] = {}
        urn_by_id: dict[str, str] = {}
        updates: list[tuple[int, str, str, str]] = []
    
        for test_id_raw, rel_path_raw, qualname in tests_rows:
            normalized = None if qualname is None else str(qualname).replace("::", ".")
            if normalized is None:
                continue
            test_id = str(test_id_raw)
            rel_path = str(rel_path_raw).replace("\\", "/")
            hit = goid_index.get((rel_path, normalized))
            if hit:
                goid, urn = hit
                goid_by_id[test_id] = goid
                urn_by_id[test_id] = urn
                updates.append((goid, urn, test_id, rel_path))
    
        if updates:
            backend = DuckDBPolicyBackend(gateway)
            backend.ensure_table("analytics.test_catalog")
&gt;           con.executemany(
                TEST_CATALOG_UPDATE_GOIDS,
                [(g, u, tid, rel, cfg.repo, cfg.commit) for g, u, tid, rel in updates],
            )
E           _duckdb.BinderException: Binder Error: Referenced update column function_goid_h128 not found in table!
E           
E           Did you mean: "test_goid_h128"

src/codeintel/analytics/testing/coverage/edges.py:184: BinderException</failure></testcase></testsuite></testsuites>