<?xml version="1.0" encoding="utf-8"?><testsuites name="pytest tests"><testsuite name="pytest" errors="0" failures="1" skipped="24" tests="164" time="30.686" timestamp="2025-12-10T09:18:55.834730-05:00" hostname="paul-X870-AORUS-ELITE-WIFI7"><testcase classname="tests.serving.mcp.test_mcp_architecture_tools" name="test_graph_plugin_plan_with_names" time="0.013" /><testcase classname="tests.serving.mcp.test_mcp_architecture_tools" name="test_graph_plugin_plan_with_enable" time="0.013" /><testcase classname="tests.serving.mcp.test_mcp_architecture_tools" name="test_graph_plugin_plan_disable_dependency_errors" time="0.012" /><testcase classname="tests.serving.mcp.test_mcp_architecture_tools" name="test_graph_plugin_plan_disable_dependency_override" time="0.001" /><testcase classname="tests.serving.mcp.test_mcp_architecture_tools" name="test_graph_plugin_plan_auto_includes_dependencies" time="0.001" /><testcase classname="tests.serving.mcp.test_mcp_architecture_tools" name="test_graph_plugin_plan_with_disable" time="0.002" /><testcase classname="tests.serving.mcp.test_mcp_backend_comprehensive" name="test_duckdb_backend_with_service" time="3.065" /><testcase classname="tests.serving.mcp.test_mcp_backend_comprehensive" name="test_duckdb_backend_get_function_architecture" time="3.086"><skipped type="pytest.skip" message="No goids available in test data">/home/paul/CodeIntel/tests/serving/mcp/test_mcp_backend_comprehensive.py:486: No goids available in test data</skipped></testcase><testcase classname="tests.serving.mcp.test_mcp_architecture_tools" name="test_backend_list_subsystems_with_role" time="3.228" /><testcase classname="tests.serving.mcp.test_mcp_architecture_tools" name="test_backend_search_subsystems_with_limit" time="3.293" /><testcase classname="tests.serving.mcp.test_mcp_backend_comprehensive" name="test_duckdb_backend_creation" time="3.297" /><testcase classname="tests.serving.mcp.test_mcp_architecture_tools" name="test_backend_list_subsystems_via_tools" time="3.378" /><testcase classname="tests.serving.mcp.test_mcp_architecture_tools" name="test_register_architecture_tools_remote_api_config" time="3.438" /><testcase classname="tests.serving.mcp.test_mcp_backend_comprehensive" name="test_duckdb_backend_get_file_profile" time="3.479" /><testcase classname="tests.serving.mcp.test_mcp_backend_comprehensive" name="test_duckdb_backend_get_file_summary" time="3.497" /><testcase classname="tests.serving.mcp.test_mcp_backend_comprehensive" name="test_callgraph_neighbors_direction_incoming" time="3.511"><skipped type="pytest.skip" message="No goids available in test data">/home/paul/CodeIntel/tests/serving/mcp/test_mcp_backend_comprehensive.py:634: No goids available in test data</skipped></testcase><testcase classname="tests.serving.mcp.test_mcp_backend_comprehensive" name="test_duckdb_backend_get_callgraph_neighbors" time="3.538"><skipped type="pytest.skip" message="No goids available in test data">/home/paul/CodeIntel/tests/serving/mcp/test_mcp_backend_comprehensive.py:312: No goids available in test data</skipped></testcase><testcase classname="tests.serving.mcp.test_mcp_backend_comprehensive" name="test_duckdb_backend_limits_attribute" time="3.538" /><testcase classname="tests.serving.mcp.test_mcp_backend_comprehensive" name="test_duckdb_backend_get_callgraph_neighborhood" time="3.536"><skipped type="pytest.skip" message="No goids available in test data">/home/paul/CodeIntel/tests/serving/mcp/test_mcp_backend_comprehensive.py:350: No goids available in test data</skipped></testcase><testcase classname="tests.serving.mcp.test_mcp_backend_comprehensive" name="test_duckdb_backend_list_high_risk_functions_with_tested_only" time="3.559" /><testcase classname="tests.serving.mcp.test_mcp_backend_comprehensive" name="test_duckdb_backend_dataset_specs" time="3.627" /><testcase classname="tests.serving.mcp.test_mcp_architecture_tools" name="test_register_architecture_tools_with_local_query_service" time="3.658" /><testcase classname="tests.serving.mcp.test_mcp_architecture_tools" name="test_register_architecture_tools_success" time="3.666" /><testcase classname="tests.serving.mcp.test_mcp_backend_comprehensive" name="test_duckdb_backend_get_tests_for_function_missing_identifier" time="3.651" /><testcase classname="tests.serving.mcp.test_mcp_backend_comprehensive" name="test_duckdb_backend_get_callgraph_neighbors_invalid_direction" time="3.659" /><testcase classname="tests.serving.mcp.test_mcp_architecture_tools" name="test_backend_get_file_hints_via_tools" time="3.701" /><testcase classname="tests.serving.mcp.test_mcp_backend_comprehensive" name="test_duckdb_backend_get_function_summary_missing_identifier" time="3.673" /><testcase classname="tests.serving.mcp.test_mcp_architecture_tools" name="test_register_architecture_tools_service_with_repo_info" time="3.725" /><testcase classname="tests.serving.mcp.test_mcp_backend_comprehensive" name="test_duckdb_backend_get_module_architecture" time="3.335" /><testcase classname="tests.serving.mcp.test_mcp_architecture_tools" name="test_backend_search_subsystems_with_role" time="3.219" /><testcase classname="tests.serving.mcp.test_mcp_architecture_tools" name="test_backend_search_subsystems_via_tools" time="3.302" /><testcase classname="tests.serving.mcp.test_mcp_backend_comprehensive" name="test_duckdb_backend_list_datasets" time="3.512" /><testcase classname="tests.serving.mcp.test_mcp_architecture_tools" name="test_backend_list_subsystems_with_limit" time="3.279" /><testcase classname="tests.serving.mcp.test_mcp_backend_comprehensive" name="test_duckdb_backend_get_callgraph_neighbors_direction_in" time="3.121"><skipped type="pytest.skip" message="No goids available in test data">/home/paul/CodeIntel/tests/serving/mcp/test_mcp_backend_comprehensive.py:331: No goids available in test data</skipped></testcase><testcase classname="tests.serving.mcp.test_mcp_backend_comprehensive" name="test_dataset_backend_rows_error_translated_to_mcp" time="3.493" /><testcase classname="tests.serving.mcp.test_mcp_backend_comprehensive" name="test_http_backend_async_close_when_owned" time="0.004" /><testcase classname="tests.serving.mcp.test_mcp_architecture_tools" name="test_register_architecture_tools_custom_limits" time="3.293" /><testcase classname="tests.serving.mcp.test_mcp_backend_comprehensive" name="test_dataset_backend_problem_error_translated" time="3.348" /><testcase classname="tests.serving.mcp.test_mcp_backend_comprehensive" name="test_duckdb_backend_with_custom_limits" time="3.471" /><testcase classname="tests.serving.mcp.test_mcp_backend_comprehensive" name="test_duckdb_backend_get_function_summary" time="3.230"><skipped type="pytest.skip" message="No goids available in test data">/home/paul/CodeIntel/tests/serving/mcp/test_mcp_backend_comprehensive.py:289: No goids available in test data</skipped></testcase><testcase classname="tests.serving.mcp.test_mcp_backend_comprehensive" name="test_http_backend_problem_detail_response" time="0.003" /><testcase classname="tests.serving.mcp.test_mcp_backend_comprehensive" name="test_duckdb_backend_get_module_profile" time="3.301" /><testcase classname="tests.serving.mcp.test_mcp_backend_comprehensive" name="test_dataset_backend_normalization_variants" time="3.540" /><testcase classname="tests.serving.mcp.test_mcp_backend_comprehensive" name="test_duckdb_backend_read_dataset_rows_nonexistent" time="3.160" /><testcase classname="tests.serving.mcp.test_mcp_dataset_tools" name="test_iter_operations_yields_dataset_operations" time="0.001" /><testcase classname="tests.serving.mcp.test_mcp_backend_comprehensive" name="test_duckdb_backend_read_dataset_rows" time="3.200" /><testcase classname="tests.serving.mcp.test_mcp_backend_comprehensive" name="test_duckdb_backend_get_function_profile" time="3.393"><skipped type="pytest.skip" message="No goids available in test data">/home/paul/CodeIntel/tests/serving/mcp/test_mcp_backend_comprehensive.py:417: No goids available in test data</skipped></testcase><testcase classname="tests.serving.mcp.test_mcp_dataset_tools" name="test_dataset_tools_serialize_unicode_payloads" time="1.291" /><testcase classname="tests.serving.mcp.test_mcp_architecture_tools" name="test_register_architecture_tools_local_db_config" time="3.253" /><testcase classname="tests.serving.mcp.test_mcp_backend_comprehensive" name="test_duckdb_backend_get_tests_for_function" time="3.439"><skipped type="pytest.skip" message="No goids available in test data">/home/paul/CodeIntel/tests/serving/mcp/test_mcp_backend_comprehensive.py:370: No goids available in test data</skipped></testcase><testcase classname="tests.serving.mcp.test_mcp_backend_comprehensive" name="test_http_backend_retry_and_circuit_breaker" time="0.006" /><testcase classname="tests.serving.mcp.test_mcp_function_tools" name="test_function_tool_categories_contains_function" time="0.001" /><testcase classname="tests.serving.mcp.test_mcp_function_tools" name="test_function_operations_have_tool_name" time="0.001" /><testcase classname="tests.serving.mcp.test_mcp_function_tools" name="test_function_operations_have_backend_method" time="0.001" /><testcase classname="tests.serving.mcp.test_mcp_function_tools" name="test_function_operations_have_output_model" time="0.001" /><testcase classname="tests.serving.mcp.test_mcp_architecture_tools" name="test_register_architecture_tools_different_servers" time="3.391" /><testcase classname="tests.serving.mcp.test_mcp_backend_comprehensive" name="test_duckdb_backend_list_high_risk_functions" time="3.461" /><testcase classname="tests.serving.mcp.test_mcp_architecture_tools" name="test_backend_get_module_subsystems_via_tools" time="3.414" /><testcase classname="tests.serving.mcp.test_mcp_architecture_tools" name="test_register_architecture_tools_with_config" time="3.446" /><testcase classname="tests.serving.mcp.test_mcp_backend_comprehensive" name="test_callgraph_neighbors_direction_outgoing" time="3.627"><skipped type="pytest.skip" message="No goids available in test data">/home/paul/CodeIntel/tests/serving/mcp/test_mcp_backend_comprehensive.py:653: No goids available in test data</skipped></testcase><testcase classname="tests.serving.mcp.test_mcp_backend_comprehensive" name="test_http_backend_health_and_request_success" time="0.003" /><testcase classname="tests.serving.mcp.test_mcp_backend_comprehensive" name="test_duckdb_backend_get_import_boundary" time="3.527" /><testcase classname="tests.serving.mcp.test_mcp_function_tools" name="test_function_tool_categories_contains_graph" time="0.001" /><testcase classname="tests.serving.mcp.test_mcp_function_tools" name="test_function_tools_serialize_unicode_summary" time="1.333" /><testcase classname="tests.serving.mcp.test_mcp_backend_comprehensive" name="test_duckdb_backend_list_subsystems_with_role_filter" time="9.065" /><testcase classname="tests.serving.mcp.test_mcp_architecture_tools" name="test_backend_get_subsystem_modules_via_tools" time="9.162" /><testcase classname="tests.serving.mcp.test_mcp_backend_comprehensive" name="test_duckdb_backend_get_subsystem_modules" time="9.154"><skipped type="pytest.skip" message="No subsystems available in test data">/home/paul/CodeIntel/tests/serving/mcp/test_mcp_backend_comprehensive.py:582: No subsystems available in test data</skipped></testcase><testcase classname="tests.serving.mcp.test_mcp_architecture_tools" name="test_register_architecture_tools_with_architecture_gateway" time="9.226" /><testcase classname="tests.serving.mcp.test_mcp_backend_comprehensive" name="test_duckdb_backend_search_subsystems" time="9.224" /><testcase classname="tests.serving.mcp.test_mcp_architecture_tools" name="test_backend_get_function_architecture_via_tools" time="9.305" /><testcase classname="tests.serving.mcp.test_mcp_backend_comprehensive" name="test_duckdb_backend_get_module_subsystems" time="9.292" /><testcase classname="tests.serving.mcp.test_mcp_architecture_tools" name="test_architecture_tools_emit_problem_detail_and_logs" time="9.380" /><testcase classname="tests.serving.mcp.test_mcp_architecture_tools" name="test_backend_get_module_architecture_via_tools" time="9.441"><failure message="codeintel.serving.mcp.errors.McpError: Module architecture not found: pkg.alpha">architecture_gateway = DuckDBGateway(config=StorageConfig(db_path=PosixPath('/tmp/pytest-of-paul/pytest-329/popen-gw0/test_backend_get_module...ge_kind', 'via_phi', 'use_kind')), runs=PipelineRunTracking(con=&lt;_duckdb.DuckDBPyConnection object at 0x7ad5c6db5370&gt;))
mcp_backend_factory = &lt;function mcp_backend_factory.&lt;locals&gt;._build at 0x7ad5c6be8f40&gt;
architecture_samples = AnalyticsSamples(goid_h128=1, urn='goid:demo/repo#python:function:pkg.mod.func', rel_path='pkg/mod.py', qualname='pkg.mod.func', subsystem_id='subsysdemo', module='pkg.alpha')

    def test_backend_get_module_architecture_via_tools(
        architecture_gateway: StorageGateway,
        mcp_backend_factory: Callable[..., McpBackendComponents],
        architecture_samples: AnalyticsSamples,
    ) -&gt; None:
        """Verify get_module_architecture works through backend."""
        backend = _build_arch_backend(architecture_gateway, mcp_backend_factory)
    
        if architecture_samples.module is None:
            pytest.skip("No module architecture data available")
    
        module = architecture_samples.module
&gt;       response = backend.get_module_architecture(module=module)
                   ^^^^^^^^^^^^^^^^^^^^^^^^^^^^^^^^^^^^^^^^^^^^^^

tests/serving/mcp/test_mcp_architecture_tools.py:406: 
_ _ _ _ _ _ _ _ _ _ _ _ _ _ _ _ _ _ _ _ _ _ _ _ _ _ _ _ _ _ _ _ _ _ _ _ _ _ _ _ 
src/codeintel/serving/mcp/backend.py:592: in get_module_architecture
    domain_arch = self.service.get_module_architecture(module=module)
                  ^^^^^^^^^^^^^^^^^^^^^^^^^^^^^^^^^^^^^^^^^^^^^^^^^^^
src/codeintel/serving/services/profiles.py:69: in get_module_architecture
    raw_resp = self._call(
src/codeintel/serving/services/query_service.py:350: in _call
    return _observe_call(
src/codeintel/serving/services/observability.py:253: in _observe_call
    result = func()
             ^^^^^^
src/codeintel/serving/services/profiles.py:71: in &lt;lambda&gt;
    lambda: self.query.modules.get_module_architecture(module=module),
            ^^^^^^^^^^^^^^^^^^^^^^^^^^^^^^^^^^^^^^^^^^^^^^^^^^^^^^^^^
_ _ _ _ _ _ _ _ _ _ _ _ _ _ _ _ _ _ _ _ _ _ _ _ _ _ _ _ _ _ _ _ _ _ _ _ _ _ _ _ 

self = ProfileQueryLayer(context=BackendContext(gateway=DuckDBGateway(config=StorageConfig(db_path=PosixPath('/tmp/pytest-of-...=PipelineRunTracking(con=&lt;_duckdb.DuckDBPyConnection object at 0x7ad5c6db5370&gt;)), repo='demo/repo', commit='deadbeef'))

    def get_module_architecture(self, *, module: str) -&gt; dm.ModuleArchitectureResult:
        """
        Return module architecture metrics for the requested module.
    
        Parameters
        ----------
        module
            Module name to retrieve.
    
        Returns
        -------
        dm.ModuleArchitectureResult
            Architecture payload for the module.
    
        Raises
        ------
        errors.not_found
            If the module architecture is missing.
        """
        row = self.modules.get_module_architecture(module)
        if row is None:
            message = f"Module architecture not found: {module}"
&gt;           raise errors.not_found(message)
E           codeintel.serving.mcp.errors.McpError: Module architecture not found: pkg.alpha

src/codeintel/serving/backend/profile_backend.py:171: McpError</failure></testcase><testcase classname="tests.serving.mcp.test_mcp_architecture_tools" name="test_graph_plugin_plan_basic" time="0.006" /><testcase classname="tests.serving.mcp.test_mcp_function_tools" name="test_function_tools_log_problem_detail" time="1.706" /><testcase classname="tests.serving.mcp.test_mcp_backend_comprehensive" name="test_duckdb_backend_dataset_schema_nonexistent" time="3.436" /><testcase classname="tests.serving.mcp.test_mcp_backend_comprehensive" name="test_duckdb_backend_dataset_schema" time="3.302" /><testcase classname="tests.serving.mcp.test_mcp_backend_comprehensive" name="test_build_backend_resource_local_db_mode" time="4.527" /><testcase classname="tests.serving.mcp.test_mcp_backend_comprehensive" name="test_serving_config_remote_api_missing_url_raises" time="3.469" /><testcase classname="tests.serving.mcp.test_mcp_backend_comprehensive" name="test_duckdb_backend_identifier_validation" time="3.267" /><testcase classname="tests.serving.mcp.test_mcp_dataset_tools" name="test_backend_list_datasets_returns_descriptors" time="3.467" /><testcase classname="tests.serving.mcp.test_mcp_dataset_tools" name="test_backend_dataset_specs" time="3.279" /><testcase classname="tests.serving.mcp.test_mcp_function_tools" name="test_iter_operations_yields_function_operations" time="0.001" /><testcase classname="tests.serving.mcp.test_mcp_function_tools" name="test_register_function_tools_on_multiple_servers" time="3.453" /><testcase classname="tests.serving.mcp.test_mcp_backend_comprehensive" name="test_duckdb_backend_domain_conversions" time="3.410"><skipped type="pytest.skip" message="Required seed data missing">/home/paul/CodeIntel/tests/serving/mcp/test_mcp_backend_comprehensive.py:1097: Required seed data missing</skipped></testcase><testcase classname="tests.serving.mcp.test_mcp_function_tools" name="test_function_tool_categories_contains_files" time="0.000" /><testcase classname="tests.serving.mcp.test_mcp_function_tools" name="test_function_tool_categories_contains_functions" time="0.001" /><testcase classname="tests.serving.mcp.test_mcp_dataset_tools" name="test_register_dataset_tools_success" time="3.257" /><testcase classname="tests.serving.mcp.test_mcp_dataset_tools" name="test_local_query_service_as_backend" time="3.602" /><testcase classname="tests.serving.mcp.test_mcp_dataset_tools" name="test_register_dataset_tools_on_multiple_servers" time="3.236" /><testcase classname="tests.serving.mcp.test_mcp_function_tools" name="test_backend_list_high_risk_functions" time="3.466" /><testcase classname="tests.serving.mcp.test_mcp_dataset_tools" name="test_register_dataset_tools_with_service" time="3.420" /><testcase classname="tests.serving.mcp.test_mcp_dataset_tools" name="test_register_dataset_tools_with_config" time="3.500" /><testcase classname="tests.serving.mcp.test_mcp_function_tools" name="test_backend_with_custom_limits" time="3.494" /><testcase classname="tests.serving.mcp.test_mcp_dataset_tools" name="test_backend_list_datasets" time="3.694" /><testcase classname="tests.serving.mcp.test_mcp_architecture_tools" name="test_register_architecture_tools_different_backends" time="12.508" /><testcase classname="tests.serving.mcp.test_mcp_backend_comprehensive" name="test_duckdb_backend_list_subsystems" time="9.190" /><testcase classname="tests.serving.mcp.test_mcp_backend_comprehensive" name="test_http_backend_service_override_normalization" time="0.010" /><testcase classname="tests.serving.mcp.test_mcp_backend_comprehensive" name="test_duckdb_backend_service_attribute" time="3.612" /><testcase classname="tests.serving.mcp.test_mcp_architecture_tools" name="test_register_architecture_tools_without_config" time="3.649" /><testcase classname="tests.serving.mcp.test_mcp_meta_tools" name="test_invalid_payloads_return_problem_detail_and_log_warning" time="3.626" /><testcase classname="tests.serving.mcp.test_mcp_function_tools" name="test_register_function_tools_with_config" time="3.298" /><testcase classname="tests.serving.mcp.test_mcp_profile_tools" name="test_get_operation_profiles_file" time="0.001" /><testcase classname="tests.serving.mcp.test_mcp_dataset_tools" name="test_backend_read_dataset_rows_nonexistent_dataset" time="3.546" /><testcase classname="tests.serving.mcp.test_mcp_dataset_tools" name="test_register_dataset_tools_preserves_backend_state" time="3.399" /><testcase classname="tests.serving.mcp.test_mcp_profile_tools" name="test_get_operation_profiles_module" time="0.001" /><testcase classname="tests.serving.mcp.test_mcp_dataset_tools" name="test_backend_read_dataset_rows_with_offset" time="3.550" /><testcase classname="tests.serving.mcp.test_mcp_profile_tools" name="test_get_operation_profiles_function" time="0.001" /><testcase classname="tests.serving.mcp.test_mcp_dataset_tools" name="test_backend_read_dataset_rows" time="3.826" /><testcase classname="tests.serving.mcp.test_mcp_dataset_tools" name="test_backend_dataset_specs_returns_pydantic_models" time="3.623" /><testcase classname="tests.serving.mcp.test_mcp_profile_tools" name="test_profile_operations_have_backend_method" time="0.001" /><testcase classname="tests.serving.mcp.test_mcp_profile_tools" name="test_backend_get_file_profile" time="3.534"><skipped type="pytest.skip" message="No functions available">/home/paul/CodeIntel/tests/serving/mcp/test_mcp_profile_tools.py:173: No functions available</skipped></testcase><testcase classname="tests.serving.mcp.test_mcp_function_tools" name="test_register_function_tools_with_service" time="3.439" /><testcase classname="tests.serving.mcp.test_mcp_profile_tools" name="test_backend_with_custom_limits" time="3.513" /><testcase classname="tests.serving.mcp.test_mcp_dataset_tools" name="test_backend_with_custom_limits" time="3.721" /><testcase classname="tests.serving.mcp.test_mcp_function_tools" name="test_backend_get_callgraph_neighbors_not_found" time="3.272" /><testcase classname="tests.serving.mcp.test_mcp_server" name="test_create_mcp_server_local_db_requires_gateway" time="0.001" /><testcase classname="tests.serving.mcp.test_mcp_function_tools" name="test_register_function_tools_success" time="3.807" /><testcase classname="tests.serving.mcp.test_mcp_profile_tools" name="test_backend_get_function_profile_not_found" time="3.932" /><testcase classname="tests.serving.mcp.test_mcp_function_tools" name="test_local_query_service_as_backend" time="3.813" /><testcase classname="tests.serving.mcp.test_mcp_function_tools" name="test_backend_get_callgraph_neighborhood" time="3.955"><skipped type="pytest.skip" message="No functions available">/home/paul/CodeIntel/tests/serving/mcp/test_mcp_function_tools.py:218: No functions available</skipped></testcase><testcase classname="tests.serving.mcp.test_mcp_function_tools" name="test_backend_get_function_summary" time="3.839"><skipped type="pytest.skip" message="No functions available">/home/paul/CodeIntel/tests/serving/mcp/test_mcp_function_tools.py:180: No functions available</skipped></testcase><testcase classname="tests.serving.mcp.test_mcp_function_tools" name="test_backend_get_callgraph_neighbors" time="3.907"><skipped type="pytest.skip" message="No functions available">/home/paul/CodeIntel/tests/serving/mcp/test_mcp_function_tools.py:198: No functions available</skipped></testcase><testcase classname="tests.serving.mcp.test_mcp_function_tools" name="test_register_function_tools_preserves_backend_state" time="3.752" /><testcase classname="tests.serving.mcp.test_mcp_dataset_tools" name="test_backend_dataset_schema" time="3.468" /><testcase classname="tests.serving.mcp.test_mcp_function_tools" name="test_backend_get_function_summary_not_found" time="3.998" /><testcase classname="tests.serving.mcp.test_mcp_profile_tools" name="test_register_profile_tools_with_service" time="3.717" /><testcase classname="tests.serving.mcp.test_mcp_architecture_tools" name="test_register_architecture_tools_duckdb_backend" time="3.565" /><testcase classname="tests.serving.mcp.test_mcp_meta_tools" name="test_meta_tools_list_payloads_with_unicode" time="3.318" /><testcase classname="tests.serving.mcp.test_models_capabilities" name="test_from_domain_decodes_bytes_keys_and_values" time="0.001" /><testcase classname="tests.serving.mcp.test_mcp_server" name="test_create_mcp_server_close_callback_callable" time="3.573" /><testcase classname="tests.serving.mcp.test_mcp_function_tools" name="test_function_summary_response_structure" time="3.454"><skipped type="pytest.skip" message="No functions available">/home/paul/CodeIntel/tests/serving/mcp/test_mcp_function_tools.py:489: No functions available</skipped></testcase><testcase classname="tests.serving.mcp.test_models_capabilities" name="test_from_domain_rejects_unsupported_value_types" time="0.001" /><testcase classname="tests.serving.mcp.test_mcp_profile_tools" name="test_register_profile_tools_success" time="3.372" /><testcase classname="tests.serving.mcp.test_mcp_profile_tools" name="test_register_profile_tools_on_multiple_servers" time="3.252" /><testcase classname="tests.serving.mcp.test_mcp_profile_tools" name="test_register_profile_tools_with_config" time="3.054" /><testcase classname="tests.serving.mcp.test_mcp_profile_tools" name="test_function_profile_response_structure" time="3.188"><skipped type="pytest.skip" message="No functions available">/home/paul/CodeIntel/tests/serving/mcp/test_mcp_profile_tools.py:311: No functions available</skipped></testcase><testcase classname="tests.serving.mcp.test_mcp_profile_tools" name="test_register_profile_tools_preserves_backend_state" time="3.175" /><testcase classname="tests.serving.mcp.test_mcp_profile_tools" name="test_backend_get_function_profile" time="3.211"><skipped type="pytest.skip" message="No functions available">/home/paul/CodeIntel/tests/serving/mcp/test_mcp_profile_tools.py:155: No functions available</skipped></testcase><testcase classname="tests.serving.mcp.test_mcp_profile_tools" name="test_backend_get_module_profile" time="3.371"><skipped type="pytest.skip" message="No functions available">/home/paul/CodeIntel/tests/serving/mcp/test_mcp_profile_tools.py:191: No functions available</skipped></testcase><testcase classname="tests.serving.mcp.test_mcp_profile_tools" name="test_backend_get_file_profile_not_found" time="3.029" /><testcase classname="tests.serving.mcp.test_mcp_profile_tools" name="test_backend_get_module_profile_not_found" time="3.229" /><testcase classname="tests.serving.mcp.test_mcp_registry" name="test_register_tools_with_config" time="3.008" /><testcase classname="tests.serving.mcp.test_mcp_profile_tools" name="test_module_profile_response_structure" time="3.096"><skipped type="pytest.skip" message="No functions available">/home/paul/CodeIntel/tests/serving/mcp/test_mcp_profile_tools.py:359: No functions available</skipped></testcase><testcase classname="tests.serving.mcp.test_mcp_profile_tools" name="test_file_profile_response_structure" time="3.189"><skipped type="pytest.skip" message="No functions available">/home/paul/CodeIntel/tests/serving/mcp/test_mcp_profile_tools.py:335: No functions available</skipped></testcase><testcase classname="tests.serving.mcp.test_mcp_registry" name="test_register_tools_with_backend" time="3.069" /><testcase classname="tests.serving.mcp.test_mcp_profile_tools" name="test_local_query_service_as_backend" time="3.173" /><testcase classname="tests.serving.mcp.test_mcp_server" name="test_create_mcp_server_returns_server_and_close" time="3.678" /><testcase classname="tests.serving.mcp.test_mcp_registry" name="test_register_tools_with_service" time="2.961" /><testcase classname="tests.serving.mcp.test_mcp_backend_comprehensive" name="test_duckdb_backend_list_subsystems_with_query_filter" time="8.768" /><testcase classname="tests.serving.mcp.test_mcp_server" name="test_create_mcp_server_with_custom_backend_factory" time="2.961" /><testcase classname="tests.serving.mcp.test_mcp_backend_comprehensive" name="test_duckdb_backend_summarize_subsystem" time="8.807"><skipped type="pytest.skip" message="No subsystems available in test data">/home/paul/CodeIntel/tests/serving/mcp/test_mcp_backend_comprehensive.py:606: No subsystems available in test data</skipped></testcase><testcase classname="tests.serving.mcp.test_mcp_architecture_tools" name="test_backend_get_function_architecture_not_found" time="8.777" /><testcase classname="tests.serving.mcp.test_mcp_architecture_tools" name="test_backend_summarize_subsystem_via_tools" time="8.965" /><testcase classname="tests.serving.mcp.test_mcp_architecture_tools" name="test_backend_get_module_architecture_not_found" time="8.693" /><testcase classname="tests.serving.mcp.test_mcp_backend_comprehensive" name="test_duckdb_backend_get_file_hints" time="8.929" /><testcase classname="tests.serving.mcp.test_mcp_server" name="test_create_mcp_server_with_custom_tools_registration" time="2.984" /><testcase classname="tests.serving.mcp.test_mcp_server" name="test_create_mcp_server_default_tools_registered" time="2.833" /><testcase classname="tests.serving.mcp.test_mcp_function_tools" name="test_backend_get_callgraph_neighbors_incoming" time="1.745"><skipped type="pytest.skip" message="No functions available">/home/paul/CodeIntel/tests/serving/mcp/test_mcp_function_tools.py:424: No functions available</skipped></testcase><testcase classname="tests.serving.mcp.test_mcp_function_tools" name="test_backend_get_callgraph_neighbors_outgoing" time="1.756"><skipped type="pytest.skip" message="No functions available">/home/paul/CodeIntel/tests/serving/mcp/test_mcp_function_tools.py:447: No functions available</skipped></testcase><testcase classname="tests.serving.mcp.test_mcp_meta_tools" name="test_unknown_ids_return_problem_detail_and_log_warning" time="1.737" /><testcase classname="tests.serving.mcp.test_mcp_function_tools" name="test_high_risk_functions_response_structure" time="1.729" /><testcase classname="tests.serving.mcp.test_mcp_profile_tools" name="test_profile_tools_return_problem_detail_on_missing_function" time="1.739" /><testcase classname="tests.serving.mcp.test_mcp_meta_tools" name="test_explain_tools_return_edges_and_nodes" time="1.717" /></testsuite></testsuites>