<?xml version="1.0" encoding="utf-8"?><testsuites name="pytest tests"><testsuite name="pytest" errors="0" failures="0" skipped="0" tests="28" time="5.300" timestamp="2025-12-04T16:35:54.205594-05:00" hostname="paul-X870-AORUS-ELITE-WIFI7"><testcase classname="tests.analytics.resources.test_provider_factory" name="test_provider_factory_options_defaults" time="0.001" /><testcase classname="tests.analytics.resources.test_provider_factory" name="test_provider_factory_options_custom" time="0.001" /><testcase classname="tests.analytics.resources.test_provider_factory" name="test_make_ast_provider_with_max_functions" time="1.262" /><testcase classname="tests.analytics.resources.test_provider_factory" name="test_make_ast_provider" time="1.271" /><testcase classname="tests.analytics.resources.test_provider_factory" name="test_make_graph_provider" time="1.311" /><testcase classname="tests.analytics.resources.test_provider_factory" name="test_make_module_map_provider_uses_factory_option" time="1.325" /><testcase classname="tests.analytics.resources.test_provider_factory" name="test_make_ast_provider_uses_factory_option" time="1.341" /><testcase classname="tests.analytics.resources.test_provider_factory" name="test_make_graph_provider_with_backend" time="1.350" /><testcase classname="tests.analytics.resources.test_provider_factory" name="test_create_registry_no_graphs" time="1.350" /><testcase classname="tests.analytics.resources.test_provider_factory" name="test_create_registry_default" time="1.378" /><testcase classname="tests.analytics.resources.test_provider_factory" name="test_make_module_map_provider" time="1.379" /><testcase classname="tests.analytics.resources.test_provider_factory" name="test_make_catalog_provider_caches" time="1.388" /><testcase classname="tests.analytics.resources.test_provider_factory" name="test_make_catalog_provider" time="1.407" /><testcase classname="tests.analytics.resources.test_provider_factory" name="test_make_module_map_provider_with_language" time="1.414" /><testcase classname="tests.analytics.resources.test_provider_factory" name="test_make_graph_provider_with_runtime" time="1.412" /><testcase classname="tests.analytics.resources.test_provider_factory" name="test_create_registry_all_providers" time="1.423" /><testcase classname="tests.analytics.resources.test_provider_factory" name="test_provider_factory_with_options" time="1.430" /><testcase classname="tests.analytics.resources.test_provider_factory" name="test_make_graph_provider_with_options" time="1.429" /><testcase classname="tests.analytics.resources.test_provider_factory" name="test_make_features_provider" time="1.454" /><testcase classname="tests.analytics.resources.test_provider_factory" name="test_make_catalog_provider_with_catalog" time="1.476" /><testcase classname="tests.analytics.resources.test_provider_factory" name="test_provider_factory_init" time="1.487" /><testcase classname="tests.analytics.resources.test_provider_factory" name="test_clear_cache" time="1.518" /><testcase classname="tests.analytics.resources.test_provider_factory" name="test_make_graph_provider_caches" time="1.526" /><testcase classname="tests.analytics.resources.test_provider_factory" name="test_create_registry_with_module_map" time="1.527" /><testcase classname="tests.analytics.resources.test_provider_factory" name="test_create_registry_with_features" time="1.539" /><testcase classname="tests.analytics.resources.test_provider_factory" name="test_make_features_provider_with_max_functions" time="1.592" /><testcase classname="tests.analytics.resources.test_provider_factory" name="test_create_registry_with_asts" time="1.614" /><testcase classname="tests.analytics.resources.test_provider_factory" name="test_create_registry_no_catalog" time="1.617" /></testsuite></testsuites>