<?xml version="1.0" encoding="utf-8"?><testsuites name="pytest tests"><testsuite name="pytest" errors="0" failures="1" skipped="0" tests="1" time="12.568" timestamp="2025-12-12T09:17:53.300631-05:00" hostname="paul-X870-AORUS-ELITE-WIFI7"><testcase classname="tests.analytics.test_graph_features" name="test_summarize_graph_for_function_profile_contract" time="0.173"><failure message="ibis.common.exceptions.TableNotFound: function_metrics">self = &lt;ibis.backends.duckdb.Backend object at 0x720728218550&gt;
table_name = 'function_metrics'

    def get_schema(
        self,
        table_name: str,
        *,
        catalog: str | None = None,
        database: str | None = None,
    ) -&gt; sch.Schema:
        """Compute the schema of a `table`.
    
        Parameters
        ----------
        table_name
            May **not** be fully qualified. Use `database` if you want to
            qualify the identifier.
        catalog
            Catalog name
        database
            Database name
    
        Returns
        -------
        sch.Schema
            Ibis schema
        """
        query = sge.Describe(
            this=sg.table(
                table_name, db=database, catalog=catalog, quoted=self.compiler.quoted
            )
        ).sql(self.dialect)
    
        try:
&gt;           result = self.con.sql(query)
                     ^^^^^^^^^^^^^^^^^^^
E           _duckdb.CatalogException: Catalog Error: Table with name function_metrics does not exist!
E           Did you mean "main.duckdb_constraints"?

.venv/lib/python3.13/site-packages/ibis/backends/duckdb/__init__.py:317: CatalogException

During handling of the above exception, another exception occurred:

    def test_summarize_graph_for_function_profile_contract() -&gt; None:
        """Graph feature summary should return fan-in/out and role flags per function."""
&gt;       gateway = _setup_graph()
                  ^^^^^^^^^^^^^^

tests/analytics/test_graph_features.py:101: 
_ _ _ _ _ _ _ _ _ _ _ _ _ _ _ _ _ _ _ _ _ _ _ _ _ _ _ _ _ _ _ _ _ _ _ _ _ _ _ _ 
tests/analytics/test_graph_features.py:52: in _setup_graph
    gateway = open_memory_gateway(
src/codeintel/storage/gateway/factory.py:156: in open_memory_gateway
    return open_gateway(cfg)
           ^^^^^^^^^^^^^^^^^
src/codeintel/storage/gateway/factory.py:56: in open_gateway
    bootstrap_metadata_datasets(con)
src/codeintel/storage/metadata/bootstrap.py:1173: in bootstrap_metadata_datasets
    create_all_views(con)
src/codeintel/storage/views/__init__.py:106: in create_all_views
    expr = builder(ibis_gw)
           ^^^^^^^^^^^^^^^^
src/codeintel/storage/views/ibis_views.py:156: in build_function_summary
    fm: it.Table = _table(con, "analytics.function_metrics")
                   ^^^^^^^^^^^^^^^^^^^^^^^^^^^^^^^^^^^^^^^^^
src/codeintel/storage/views/ibis_views.py:46: in _table
    return con.table(table, database=database)
           ^^^^^^^^^^^^^^^^^^^^^^^^^^^^^^^^^^^
.venv/lib/python3.13/site-packages/ibis/backends/duckdb/__init__.py:275: in table
    table_schema = self.get_schema(name, catalog=catalog, database=database)
                   ^^^^^^^^^^^^^^^^^^^^^^^^^^^^^^^^^^^^^^^^^^^^^^^^^^^^^^^^^
_ _ _ _ _ _ _ _ _ _ _ _ _ _ _ _ _ _ _ _ _ _ _ _ _ _ _ _ _ _ _ _ _ _ _ _ _ _ _ _ 

self = &lt;ibis.backends.duckdb.Backend object at 0x720728218550&gt;
table_name = 'function_metrics'

    def get_schema(
        self,
        table_name: str,
        *,
        catalog: str | None = None,
        database: str | None = None,
    ) -&gt; sch.Schema:
        """Compute the schema of a `table`.
    
        Parameters
        ----------
        table_name
            May **not** be fully qualified. Use `database` if you want to
            qualify the identifier.
        catalog
            Catalog name
        database
            Database name
    
        Returns
        -------
        sch.Schema
            Ibis schema
        """
        query = sge.Describe(
            this=sg.table(
                table_name, db=database, catalog=catalog, quoted=self.compiler.quoted
            )
        ).sql(self.dialect)
    
        try:
            result = self.con.sql(query)
        except duckdb.CatalogException:
&gt;           raise exc.TableNotFound(table_name)
E           ibis.common.exceptions.TableNotFound: function_metrics

.venv/lib/python3.13/site-packages/ibis/backends/duckdb/__init__.py:319: TableNotFound</failure></testcase></testsuite></testsuites>