<?xml version="1.0" encoding="utf-8"?><testsuites name="pytest tests"><testsuite name="pytest" errors="1" failures="0" skipped="1" tests="72" time="7.744" timestamp="2025-12-12T15:43:01.206684-05:00" hostname="paul-X870-AORUS-ELITE-WIFI7"><testcase classname="tests.build.hamilton.test_pr11_datasetref_v2.TestDatasetRefV2Fields" name="test_datasetref_has_repo_field" time="0.001" /><testcase classname="tests.build.hamilton.test_pr11_datasetref_v2.TestSkippedTargetsDatasetRef" name="test_dataset_ref_fields_accessible" time="0.001" /><testcase classname="tests.build.hamilton.test_pr09_planner.TestPlanEntryStructure" name="test_plan_entry_has_required_fields" time="0.001" /><testcase classname="tests.build.hamilton.test_pr09_planner.TestPlanClosure" name="test_plan_entry_includes_table_keys" time="0.001" /><testcase classname="tests.build.hamilton.test_pr12_loader_nodes.TestGeneratedModuleLoaderNodes" name="test_loader_nodes_disabled_by_default" time="0.002" /><testcase classname="tests.build.hamilton.test_pr08_defaults.TestHamiltonModeConsistency" name="test_driver_and_executor_mode_match" time="0.003" /><testcase classname="tests.build.hamilton.test_pr10_manifest_index.TestHashCascadeComplete" name="test_hash_cascade_through_multiple_levels" time="0.002" /><testcase classname="tests.build.hamilton.test_pr09_planner.TestDryRunParity" name="test_plan_entries_match_closure_order" time="0.002" /><testcase classname="tests.build.hamilton.test_pr11_datasetref_v2.TestArtifactRef" name="test_artifactref_has_required_fields" time="0.001" /><testcase classname="tests.build.hamilton.test_pr08_defaults.TestHamiltonDefaultMode" name="test_hamilton_mode_phase0_still_works" time="0.002" /><testcase classname="tests.build.hamilton.test_pr12_loader_nodes.TestValidateOutputsBehavior" name="test_validation_failure_blocks_downstream_conceptually" time="0.001" /><testcase classname="tests.build.hamilton.test_pr08_defaults.TestHamiltonDefaultMode" name="test_list_available_nodes_defaults_to_generated" time="0.003" /><testcase classname="tests.build.hamilton.test_pr11_datasetref_v2.TestArtifactRef" name="test_artifactref_is_frozen" time="0.001" /><testcase classname="tests.build.hamilton.test_pr09_planner.TestHamiltonBuildPlanStructure" name="test_plan_has_entries" time="0.001" /><testcase classname="tests.build.hamilton.test_pr11_datasetref_v2.TestRefsFromTargetResult" name="test_refs_from_target_result_includes_snapshot" time="0.001" /><testcase classname="tests.build.hamilton.test_pr13_run_targets.TestRunTargetsPersistence" name="test_tracking_has_run_target_methods" time="0.001" /><testcase classname="tests.build.hamilton.test_pr11_datasetref_v2.TestTargetRunRecordArtifacts" name="test_target_run_record_accepts_artifacts" time="0.001" /><testcase time="0.001" /><testcase classname="tests.build.hamilton.test_pr11_datasetref_v2.TestSkippedTargetsDatasetRef" name="test_skipped_target_datasets_have_lineage" time="0.001" /><testcase classname="tests.build.hamilton.test_pr11_datasetref_v2.TestDatasetRefV2Fields" name="test_datasetref_defaults_to_empty_strings" time="0.001" /><testcase classname="tests.build.hamilton.test_pr09_planner.TestPlanStatusMatrix" name="test_plan_status_no_manifest_returns_compute" time="0.002" /><testcase classname="tests.build.hamilton.test_pr12_loader_nodes.TestValidateOutputsBehavior" name="test_validate_outputs_flag_exists_in_build_run_command" time="0.001" /><testcase time="0.001" /><testcase time="0.001" /><testcase classname="tests.build.hamilton.test_pr12_loader_nodes.TestGeneratedModuleLoaderNodes" name="test_generated_module_has_query_nodes" time="0.003" /><testcase time="0.000" /><testcase classname="tests.build.hamilton.test_pr12_loader_nodes.TestLoaderNodeNaming" name="test_dataframe_node_naming" time="0.001" /><testcase classname="tests.build.hamilton.test_pr12_loader_nodes.TestValidateOutputsBehavior" name="test_target_run_record_has_validation_fields" time="0.000" /><testcase classname="tests.build.hamilton.test_pr10_manifest_index.TestHashComputation" name="test_hash_computation_uses_manifest_index" time="0.001" /><testcase time="0.001" /><testcase classname="tests.build.hamilton.test_pr09_planner.TestPlanStatusMatrix" name="test_plan_status_upstream_missing_raises_or_blocks" time="0.002" /><testcase classname="tests.build.hamilton.test_pr11_datasetref_v2.TestRefsFromTargetResult" name="test_refs_from_target_result_without_snapshot" time="0.000" /><testcase classname="tests.build.hamilton.test_pr10_manifest_index.TestSkipCheckManifestIndex" name="test_skip_check_uses_manifest_index" time="0.001" /><testcase classname="tests.build.hamilton.test_pr11_datasetref_v2.TestDatasetRefV2Fields" name="test_datasetref_is_frozen" time="0.000" /><testcase classname="tests.build.hamilton.test_pr09_planner.TestDryRunParity" name="test_plan_to_dict_produces_consistent_output" time="0.001" /><testcase classname="tests.build.hamilton.test_pr09_planner.TestPlanEntryStructure" name="test_plan_entry_has_dep_hashes_field" time="0.000" /><testcase classname="tests.build.hamilton.test_pr11_datasetref_v2.TestSkippedTargetsDatasetRef" name="test_skipped_target_has_datasets_field" time="0.000" /><testcase classname="tests.build.hamilton.test_pr09_planner.TestHamiltonBuildPlanStructure" name="test_plan_get_entry_method" time="0.000" /><testcase classname="tests.build.hamilton.test_pr09_planner.TestDryRunParity" name="test_multiple_plan_calls_produce_same_result" time="0.001" /><testcase classname="tests.build.hamilton.test_pr13_run_targets.TestRunTargetsPersistence" name="test_target_run_record_structure" time="0.000" /><testcase classname="tests.build.hamilton.test_pr11_datasetref_v2.TestSkippedTargetsDatasetRef" name="test_refs_from_target_result_multiple_tables" time="0.000" /><testcase classname="tests.build.hamilton.test_pr11_datasetref_v2.TestTargetRunRecordArtifacts" name="test_target_run_record_has_artifacts_field" time="0.000" /><testcase classname="tests.build.hamilton.test_pr11_datasetref_v2.TestArtifactRef" name="test_artifactref_has_metadata_field" time="0.000" /><testcase classname="tests.build.hamilton.test_pr08_defaults.TestHamiltonDefaultMode" name="test_executor_defaults_to_generated_mode" time="0.000" /><testcase classname="tests.build.hamilton.test_pr12_loader_nodes.TestBuildEnvValidateOutputsFlag" name="test_build_env_has_validate_outputs_field" time="0.000" /><testcase classname="tests.build.hamilton.test_pr12_loader_nodes.TestLoaderNodeNaming" name="test_query_node_naming" time="0.000" /><testcase classname="tests.build.hamilton.test_pr10_manifest_index.TestHashCascadeComplete" name="test_options_hash_affects_input_hash" time="0.001" /><testcase classname="tests.build.hamilton.test_pr08_defaults.TestHamiltonModeConsistency" name="test_explicit_mode_propagates" time="0.001" /><testcase classname="tests.build.hamilton.test_pr09_planner.TestPlanStatusMatrix" name="test_plan_status_forced_returns_compute" time="0.001" /><testcase classname="tests.build.hamilton.test_pr12_loader_nodes.TestValidateOutputsBehavior" name="test_validation_result_dataclass_exists" time="0.000"><skipped type="pytest.skip" message="ValidationResult not yet implemented">/home/paul/CodeIntel/tests/build/hamilton/test_pr12_loader_nodes.py:140: ValidationResult not yet implemented</skipped></testcase><testcase classname="tests.build.hamilton.test_pr10_manifest_index.TestHashComputation" name="test_hash_cascade_changes_downstream" time="0.001" /><testcase classname="tests.build.hamilton.test_pr10_manifest_index.TestBuildEnvManifestIndex" name="test_build_env_accepts_manifest_index" time="0.002" /><testcase classname="tests.build.hamilton.test_pr14_graph_exports.TestDotExport" name="test_dot_output_is_valid_digraph" time="0.002" /><testcase classname="tests.build.hamilton.test_pr14_graph_exports.TestMermaidExport" name="test_mermaid_output_starts_with_graph" time="0.002" /><testcase classname="tests.build.hamilton.test_pr12_loader_nodes.TestLoaderNodeNaming" name="test_query_and_dataframe_names_differ" time="0.000" /><testcase classname="tests.build.hamilton.test_pr11_datasetref_v2.TestDatasetRefV2Fields" name="test_datasetref_has_commit_field" time="0.000" /><testcase classname="tests.build.hamilton.test_pr15_explain.TestStalenessExplanation" name="test_staleness_explanation_structure" time="0.000" /><testcase classname="tests.build.hamilton.test_pr15_explain.TestPlanEntryDepHashes" name="test_plan_entry_has_dep_hashes_field" time="0.000" /><testcase classname="tests.build.hamilton.test_pr10_manifest_index.TestManifestPrefetch" name="test_manifest_index_eliminates_per_target_loads" time="0.001" /><testcase classname="tests.build.hamilton.test_pr12_loader_nodes.TestGeneratedModuleLoaderNodes" name="test_generated_module_has_dataframe_nodes" time="0.002" /><testcase classname="tests.build.hamilton.test_pr15_explain.TestPlanEntryDepHashes" name="test_plan_entry_dep_hashes_default_empty" time="0.000" /><testcase classname="tests.build.hamilton.test_pr14_graph_exports.TestDotExport" name="test_dot_output_contains_target_nodes" time="0.002" /><testcase classname="tests.build.hamilton.test_pr08_defaults.TestHamiltonDefaultMode" name="test_generated_mode_includes_all_targets" time="0.003" /><testcase classname="tests.build.hamilton.test_pr13_run_targets.TestHistoryWithRunTargets" name="test_history_result_type_has_targets_field" time="0.000" /><testcase classname="tests.build.hamilton.test_pr14_graph_exports.TestMermaidExport" name="test_export_dag_mermaid_returns_string" time="0.002" /><testcase classname="tests.build.hamilton.test_pr09_planner.TestPlanClosure" name="test_plan_closure_matches_topological_order" time="0.001" /><testcase classname="tests.build.hamilton.test_pr15_explain.TestPlanEntryDepHashes" name="test_plan_entry_has_prior_dep_hashes_field" time="0.000" /><testcase classname="tests.build.hamilton.test_pr14_graph_exports.TestDotExport" name="test_export_dag_dot_returns_string" time="0.001" /><testcase classname="tests.build.hamilton.test_pr14_graph_exports.TestMermaidExport" name="test_mermaid_output_contains_target_nodes" time="0.002" /><testcase classname="tests.build.hamilton.test_pr15_explain.TestPlanEntryExplainStaleness" name="test_explain_staleness_detects_changed_deps" time="0.000" /><testcase classname="tests.build.hamilton.test_pr15_explain.TestStalenessExplanation" name="test_staleness_explanation_identifies_added_deps" time="0.001" /><testcase classname="tests.build.hamilton.test_pr15_explain.TestPlanEntryExplainStaleness" name="test_explain_staleness_returns_explanation" time="0.000" /><testcase classname="tests.build.hamilton.test_pr15_explain.TestExplainPlan" name="test_explain_plan_exists" time="0.000" /><testcase classname="tests.build.hamilton.test_pr14_graph_exports.TestGraphExportConsistency" name="test_mermaid_and_dot_have_same_nodes" time="0.002" /><testcase classname="tests.build.hamilton.test_pr15_explain.TestStalenessExplanation" name="test_staleness_explanation_identifies_removed_deps" time="0.000" /><testcase classname="tests.build.hamilton.test_pr15_explain.TestStalenessExplanation" name="test_staleness_explanation_identifies_changed_deps" time="0.000" /><testcase time="0.000" /><testcase classname="pytest" name="internal" time="0.000"><error message="internal error">Traceback (most recent call last):
  File "/home/paul/CodeIntel/.venv/lib/python3.13/site-packages/_pytest/main.py", line 318, in wrap_session
    session.exitstatus = doit(config, session) or 0
                         ~~~~^^^^^^^^^^^^^^^^^
  File "/home/paul/CodeIntel/.venv/lib/python3.13/site-packages/_pytest/main.py", line 372, in _main
    config.hook.pytest_runtestloop(session=session)
    ~~~~~~~~~~~~~~~~~~~~~~~~~~~~~~^^^^^^^^^^^^^^^^^
  File "/home/paul/CodeIntel/.venv/lib/python3.13/site-packages/pluggy/_hooks.py", line 512, in __call__
    return self._hookexec(self.name, self._hookimpls.copy(), kwargs, firstresult)
           ~~~~~~~~~~~~~~^^^^^^^^^^^^^^^^^^^^^^^^^^^^^^^^^^^^^^^^^^^^^^^^^^^^^^^^
  File "/home/paul/CodeIntel/.venv/lib/python3.13/site-packages/pluggy/_manager.py", line 120, in _hookexec
    return self._inner_hookexec(hook_name, methods, kwargs, firstresult)
           ~~~~~~~~~~~~~~~~~~~~^^^^^^^^^^^^^^^^^^^^^^^^^^^^^^^^^^^^^^^^^
  File "/home/paul/CodeIntel/.venv/lib/python3.13/site-packages/pluggy/_callers.py", line 167, in _multicall
    raise exception
  File "/home/paul/CodeIntel/.venv/lib/python3.13/site-packages/pluggy/_callers.py", line 139, in _multicall
    teardown.throw(exception)
    ~~~~~~~~~~~~~~^^^^^^^^^^^
  File "/home/paul/CodeIntel/.venv/lib/python3.13/site-packages/_pytest/logging.py", line 801, in pytest_runtestloop
    return (yield)  # Run all the tests.
            ^^^^^
  File "/home/paul/CodeIntel/.venv/lib/python3.13/site-packages/pluggy/_callers.py", line 139, in _multicall
    teardown.throw(exception)
    ~~~~~~~~~~~~~~^^^^^^^^^^^
  File "/home/paul/CodeIntel/.venv/lib/python3.13/site-packages/_pytest/terminal.py", line 707, in pytest_runtestloop
    result = yield
             ^^^^^
  File "/home/paul/CodeIntel/.venv/lib/python3.13/site-packages/pluggy/_callers.py", line 139, in _multicall
    teardown.throw(exception)
    ~~~~~~~~~~~~~~^^^^^^^^^^^
  File "/home/paul/CodeIntel/.venv/lib/python3.13/site-packages/pytest_cov/plugin.py", line 324, in pytest_runtestloop
    return (yield)
            ^^^^^
  File "/home/paul/CodeIntel/.venv/lib/python3.13/site-packages/pluggy/_callers.py", line 121, in _multicall
    res = hook_impl.function(*args)
  File "/home/paul/CodeIntel/.venv/lib/python3.13/site-packages/xdist/dsession.py", line 138, in pytest_runtestloop
    self.loop_once()
    ~~~~~~~~~~~~~~^^
  File "/home/paul/CodeIntel/.venv/lib/python3.13/site-packages/xdist/dsession.py", line 163, in loop_once
    call(**kwargs)
    ~~~~^^^^^^^^^^
  File "/home/paul/CodeIntel/.venv/lib/python3.13/site-packages/xdist/dsession.py", line 329, in worker_testreport
    self.config.hook.pytest_runtest_logreport(report=rep)
    ~~~~~~~~~~~~~~~~~~~~~~~~~~~~~~~~~~~~~~~~~^^^^^^^^^^^^
  File "/home/paul/CodeIntel/.venv/lib/python3.13/site-packages/pluggy/_hooks.py", line 512, in __call__
    return self._hookexec(self.name, self._hookimpls.copy(), kwargs, firstresult)
           ~~~~~~~~~~~~~~^^^^^^^^^^^^^^^^^^^^^^^^^^^^^^^^^^^^^^^^^^^^^^^^^^^^^^^^
  File "/home/paul/CodeIntel/.venv/lib/python3.13/site-packages/pluggy/_manager.py", line 120, in _hookexec
    return self._inner_hookexec(hook_name, methods, kwargs, firstresult)
           ~~~~~~~~~~~~~~~~~~~~^^^^^^^^^^^^^^^^^^^^^^^^^^^^^^^^^^^^^^^^^
  File "/home/paul/CodeIntel/.venv/lib/python3.13/site-packages/pluggy/_callers.py", line 167, in _multicall
    raise exception
  File "/home/paul/CodeIntel/.venv/lib/python3.13/site-packages/pluggy/_callers.py", line 121, in _multicall
    res = hook_impl.function(*args)
  File "/home/paul/CodeIntel/.venv/lib/python3.13/site-packages/_pytest/terminal.py", line 698, in pytest_runtest_logreport
    self.flush()
    ~~~~~~~~~~^^
  File "/home/paul/CodeIntel/.venv/lib/python3.13/site-packages/_pytest/terminal.py", line 531, in flush
    self._tw.flush()
    ~~~~~~~~~~~~~~^^
  File "/home/paul/CodeIntel/.venv/lib/python3.13/site-packages/_pytest/_io/terminalwriter.py", line 187, in flush
    self._file.flush()
    ~~~~~~~~~~~~~~~~^^
BrokenPipeError: [Errno 32] Broken pipe</error></testcase></testsuite></testsuites>