<?xml version="1.0" encoding="utf-8"?><testsuites name="pytest tests"><testsuite name="pytest" errors="0" failures="0" skipped="0" tests="297" time="26.499" timestamp="2025-12-09T18:35:05.647656-05:00" hostname="paul-X870-AORUS-ELITE-WIFI7"><testcase classname="tests.cli.contract.test_cli_result_contract" name="test_warnings_preserved" time="0.002" /><testcase classname="tests.cli.golden.test_golden_output" name="test_build_status_json_structure" time="0.028" /><testcase classname="tests.cli.contract.test_cli_result_contract" name="test_to_dict_rfc9457_compliance" time="0.002" /><testcase classname="tests.cli.property.test_validators_property" name="test_ok_result_is_valid" time="0.002" /><testcase classname="tests.cli.contract.test_cli_result_contract" name="test_to_dict_structure" time="0.002" /><testcase classname="tests.cli.contract.test_cli_result_contract" name="test_problem_detail_optional_fields" time="0.002" /><testcase classname="tests.cli.contract.test_cli_result_contract" name="test_ok_classmethod_creates_success" time="0.002" /><testcase classname="tests.cli.property.test_validators_property" name="test_empty_errors_means_valid" time="0.002" /><testcase classname="tests.cli.performance.test_performance" name="test_json_output_overhead" time="0.031" /><testcase classname="tests.cli.integration.test_full_pipeline" name="test_validation_middleware_rejects_invalid_params" time="0.027" /><testcase classname="tests.cli.shell.test_shell_mode" name="test_add_to_history" time="0.002" /><testcase classname="tests.cli.integration.test_full_pipeline" name="test_text_output_is_human_readable" time="0.029" /><testcase classname="tests.cli.shell.test_shell_mode" name="test_last_result_storage" time="0.002" /><testcase classname="tests.cli.contract.test_cli_result_contract" name="test_fail_with_warnings" time="0.002" /><testcase classname="tests.cli.golden.test_golden_output" name="test_update_mode_creates_file" time="0.002" /><testcase classname="tests.cli.integration.test_full_pipeline" name="test_env_override_takes_precedence" time="0.027" /><testcase classname="tests.cli.property.test_validators_property" name="test_integers_validate_correctly" time="0.002" /><testcase classname="tests.cli.property.test_validators_property" name="test_max_value_constraint" time="0.002" /><testcase classname="tests.cli.golden.test_golden_output" name="test_validation_error_format" time="0.028" /><testcase classname="tests.cli.golden.test_golden_output" name="test_normalize_whitespace" time="0.002" /><testcase classname="tests.cli.shell.test_shell_mode" name="test_complete_builtin_commands" time="0.002" /><testcase classname="tests.cli.performance.test_performance" name="test_cli_startup_time" time="0.055" /><testcase classname="tests.cli.contract.test_cli_result_contract" name="test_dataclass_data_serialization" time="0.002" /><testcase classname="tests.cli.performance.test_performance" name="test_read_operations_are_fast" time="0.002" /><testcase classname="tests.cli.performance.test_performance" name="test_repeated_operations_no_memory_leak" time="0.129" /><testcase classname="tests.cli.contract.test_cli_result_contract" name="test_success_result_has_data" time="0.002" /><testcase classname="tests.cli.property.test_validators_property" name="test_min_length_constraint" time="0.002" /><testcase classname="tests.cli.integration.test_full_pipeline" name="test_debug_mode_includes_stack_trace" time="0.058" /><testcase classname="tests.cli.contract.test_cli_result_contract" name="test_json_serialization_success" time="0.002" /><testcase classname="tests.cli.integration.test_full_pipeline" name="test_subcommand_help" time="0.046" /><testcase classname="tests.cli.performance.test_performance" name="test_sequential_operations" time="0.003" /><testcase classname="tests.cli.property.test_validators_property" name="test_boolean_config_values[True]" time="0.011" /><testcase classname="tests.cli.contract.test_cli_result_contract" name="test_error_to_dict_structure" time="0.001" /><testcase classname="tests.cli.shell.test_shell_mode" name="test_session_variables" time="0.001" /><testcase classname="tests.cli.contract.test_cli_result_contract" name="test_metadata_preserved" time="0.001" /><testcase classname="tests.cli.shell.test_shell_mode" name="test_complete_no_match" time="0.001" /><testcase classname="tests.cli.contract.test_cli_result_contract" name="test_full_problem_detail" time="0.001" /><testcase classname="tests.cli.property.test_validators_property" name="test_min_value_constraint" time="0.001" /><testcase classname="tests.cli.contract.test_cli_result_contract" name="test_fail_classmethod_creates_failure" time="0.001" /><testcase classname="tests.cli.shell.test_shell_mode" name="test_history_command" time="0.001" /><testcase classname="tests.cli.shell.test_shell_mode" name="test_completer_initialization" time="0.001" /><testcase classname="tests.cli.shell.test_shell_mode" name="test_call_missing_operation" time="0.001" /><testcase classname="tests.cli.shell.test_shell_mode" name="test_search_filters_operations" time="0.001" /><testcase classname="tests.cli.shell.test_shell_mode" name="test_session_initialization" time="0.001" /><testcase classname="tests.cli.shell.test_shell_mode" name="test_export_command" time="0.002" /><testcase classname="tests.cli.integration.test_full_pipeline" name="test_config_affects_output_format" time="0.047" /><testcase classname="tests.cli.property.test_validators_property" name="test_unknown_keys_handled" time="0.014" /><testcase classname="tests.cli.contract.test_cli_result_contract" name="test_json_serialization_roundtrip" time="0.001" /><testcase classname="tests.cli.shell.test_shell_mode" name="test_history_accumulates" time="0.001" /><testcase classname="tests.cli.golden.test_golden_output" name="test_json_ignore_keys" time="0.001" /><testcase classname="tests.cli.test_build_cli.TestBuildRunValidation" name="test_run_no_targets_no_module_error" time="0.015" /><testcase classname="tests.cli.golden.test_golden_output" name="test_build_status_text_output" time="0.030" /><testcase classname="tests.cli.property.test_validators_property" name="test_fail_result_is_invalid" time="0.001" /><testcase classname="tests.cli.shell.test_shell_mode" name="test_parse_params_multiple" time="0.001" /><testcase classname="tests.cli.shell.test_shell_mode" name="test_variable_substitution" time="0.001" /><testcase classname="tests.cli.contract.test_cli_result_contract" name="test_error_result_has_problem_detail" time="0.001" /><testcase classname="tests.cli.test_build_cli.TestModuleOption" name="test_valid_module_names[analytics]" time="0.018" /><testcase classname="tests.cli.shell.test_shell_mode" name="test_complete_operations" time="0.001" /><testcase classname="tests.cli.shell.test_shell_mode" name="test_complete_partial_match" time="0.001" /><testcase classname="tests.cli.test_build_cli.TestBuildRunValidation" name="test_run_unknown_target" time="0.014" /><testcase classname="tests.cli.contract.test_cli_result_contract" name="test_json_serialization_error" time="0.001" /><testcase classname="tests.cli.test_build_cli.TestJsonOutput" name="test_json_flag_recognized_on_run" time="0.066" /><testcase classname="tests.cli.property.test_validators_property" name="test_valid_strings_pass" time="0.001" /><testcase classname="tests.cli.shell.test_shell_mode" name="test_help_shows_usage" time="0.001" /><testcase classname="tests.cli.test_build_cli.TestBuildStatusCommand" name="test_status_json_output_structure" time="0.014" /><testcase classname="tests.cli.contract.test_cli_result_contract" name="test_problem_detail_required_fields" time="0.001" /><testcase classname="tests.cli.test_build_cli.TestBuildAppStructure" name="test_build_help_shows_commands" time="0.033" /><testcase classname="tests.cli.shell.test_shell_mode" name="test_completer_has_operations" time="0.001" /><testcase classname="tests.cli.property.test_validators_property" name="test_max_length_constraint" time="0.001" /><testcase classname="tests.cli.test_build_cli.TestForceOption" name="test_force_flag_recognized" time="0.065" /><testcase classname="tests.cli.property.test_validators_property" name="test_boolean_config_values[False]" time="0.011" /><testcase classname="tests.cli.performance.test_performance" name="test_operation_registry_lookup_fast" time="0.001" /><testcase classname="tests.cli.test_build_cli.TestModuleOption" name="test_valid_module_names[ingestion]" time="0.016" /><testcase classname="tests.cli.shell.test_shell_mode" name="test_get_command" time="0.001" /><testcase classname="tests.cli.shell.test_shell_mode" name="test_set_command" time="0.001" /><testcase classname="tests.cli.test_build_cli.TestBuildRunHelp" name="test_run_help_shows_description" time="0.061" /><testcase classname="tests.cli.shell.test_shell_mode" name="test_list_shows_operations" time="0.001" /><testcase classname="tests.cli.shell.test_shell_mode" name="test_quit_command" time="0.001" /><testcase classname="tests.cli.shell.test_shell_mode" name="test_parse_params_with_spaces" time="0.001" /><testcase classname="tests.cli.test_cli_error_parity_apps" name="test_unknown_option_per_app[argv0---bogus]" time="0.012" /><testcase classname="tests.cli.integration.test_full_pipeline" name="test_error_includes_problem_detail_structure" time="0.012" /><testcase classname="tests.cli.shell.test_shell_mode" name="test_session_persists_across_commands" time="0.001" /><testcase classname="tests.cli.golden.test_golden_output" name="test_op_list_text_output" time="0.011" /><testcase classname="tests.cli.golden.test_golden_output" name="test_not_found_error_json" time="0.012" /><testcase classname="tests.cli.integration.test_full_pipeline" name="test_telemetry_middleware_creates_spans" time="0.013" /><testcase classname="tests.cli.integration.test_full_pipeline" name="test_help_shows_commands" time="0.049" /><testcase classname="tests.cli.shell.test_shell_mode" name="test_get_unknown_variable" time="0.001" /><testcase classname="tests.cli.performance.test_performance" name="test_middleware_overhead_acceptable" time="0.002" /><testcase classname="tests.cli.test_build_cli.TestBuildStatusCommand" name="test_status_invalid_module" time="0.014" /><testcase classname="tests.cli.test_cli_error_parity_apps" name="test_unknown_option_per_app[argv3---bogus]" time="0.013" /><testcase classname="tests.cli.test_build_cli.TestBuildRunValidation" name="test_run_invalid_module" time="0.016" /><testcase classname="tests.cli.test_cli_error_parity_apps" name="test_unknown_option_per_app[argv2---bogus]" time="0.013" /><testcase classname="tests.cli.test_build_cli.TestBuildRunValidation" name="test_run_conflicting_selection_flags" time="0.016" /><testcase classname="tests.cli.test_cli_error_parity_apps" name="test_unknown_option_per_app[argv1---bogus]" time="0.011" /><testcase classname="tests.cli.test_cli_error_parity_apps" name="test_unknown_option_per_app[argv6---bogus]" time="0.013" /><testcase classname="tests.cli.shell.test_shell_mode" name="test_shell_initialization" time="0.001" /><testcase classname="tests.cli.test_cli_error_parity_apps" name="test_unknown_option_per_app[argv9---bogus]" time="0.012" /><testcase classname="tests.cli.test_build_cli.TestModuleOption" name="test_valid_module_names[graphs]" time="0.016" /><testcase classname="tests.cli.test_build_cli.TestDryRun" name="test_dry_run_flag_recognized" time="0.058" /><testcase classname="tests.cli.test_cli_error_parity_apps" name="test_unknown_command_per_app[argv3-nonesuch]" time="0.005" /><testcase classname="tests.cli.shell.test_shell_mode" name="test_parse_params_simple" time="0.001" /><testcase classname="tests.cli.integration.test_full_pipeline" name="test_version_shows_version" time="0.004" /><testcase classname="tests.cli.test_cli_error_parity_apps" name="test_unknown_command_per_app[argv4-nonesuch]" time="0.004" /><testcase classname="tests.cli.test_common_module" name="test_runtime_field_returns_none_by_default" time="0.001" /><testcase classname="tests.cli.test_cli_error_parity_apps" name="test_unknown_command_per_app[argv0-nonesuch]" time="0.004" /><testcase classname="tests.cli.test_cli_error_parity_apps" name="test_unknown_option_per_app[argv8---bogus]" time="0.011" /><testcase classname="tests.cli.test_cli_error_parity_apps" name="test_unknown_option_per_app[argv7---bogus]" time="0.011" /><testcase classname="tests.cli.test_cli_scope_and_plan" name="test_cli_plugins_json_includes_enriched_metadata" time="0.026" /><testcase classname="tests.cli.test_cli_error_parity_apps" name="test_unknown_option_per_app[argv10---bogus]" time="0.009" /><testcase classname="tests.cli.test_common_module" name="test_runtime_required_raises_for_missing_fields" time="0.001" /><testcase classname="tests.cli.test_common_module" name="test_build_config_from_options_creates_paths" time="0.002" /><testcase classname="tests.cli.test_cli_error_parity_apps" name="test_unknown_command_per_app[argv8-nonesuch]" time="0.003" /><testcase classname="tests.cli.test_cli_error_parity_apps" name="test_unknown_command_per_app[argv1-nonesuch]" time="0.003" /><testcase classname="tests.cli.performance.test_performance" name="test_version_command_fast" time="0.002" /><testcase classname="tests.cli.test_common_module" name="test_build_runtime_from_cli_fallback_and_missing" time="5.670" /><testcase classname="tests.cli.test_cli_errors" name="test_unknown_option_normalized" time="0.011" /><testcase classname="tests.cli.test_cli_error_parity_apps" name="test_unknown_command_per_app[argv5-nonesuch]" time="0.004" /><testcase classname="tests.cli.test_build_cli.TestBuildAppStructure" name="test_build_no_args_shows_help" time="0.004" /><testcase classname="tests.cli.test_cli_errors" name="test_validation_error_exit_code" time="0.030" /><testcase classname="tests.cli.test_docs_enums" name="test_docs_export_invalid_validation_mode" time="0.017" /><testcase classname="tests.cli.integration.test_full_pipeline" name="test_json_output_is_valid_json" time="0.017" /><testcase classname="tests.cli.test_cli_error_parity_apps" name="test_unknown_command_per_app[argv7-nonesuch]" time="0.002" /><testcase classname="tests.cli.test_common_module" name="test_make_handler_context_extracts_all_fields" time="0.001" /><testcase classname="tests.cli.test_cli_error_parity_apps" name="test_unknown_command_per_app[argv6-nonesuch]" time="0.003" /><testcase classname="tests.cli.test_cli_scope_and_plan" name="test_cli_plan_outputs_isolation_and_scope_metadata" time="0.023" /><testcase classname="tests.cli.test_cli_errors" name="test_unknown_command_normalized" time="0.003" /><testcase classname="tests.cli.test_common_module" name="test_output_field_returns_none_by_default" time="0.001" /><testcase classname="tests.cli.test_build_cli.TestBuildStatusHelp" name="test_status_help_shows_description" time="0.059" /><testcase classname="tests.cli.test_graph_cli_policies" name="test_cli_validation_mode_enforces_strict_policy" time="0.010" /><testcase classname="tests.cli.test_docs_export_cli" name="test_docs_export_invokes_validator_before_exports" time="8.202" /><testcase classname="tests.cli.test_help_defaults_unit" name="test_help_renders_custom_show_default_callable" time="0.036" /><testcase classname="tests.cli.test_cli_error_parity_apps" name="test_unknown_command_per_app[argv9-nonesuch]" time="0.003" /><testcase classname="tests.cli.test_graph_cli_policies" name="test_cli_strict_selection_falls_back_on_unknown_plugin" time="0.010" /><testcase classname="tests.cli.test_help_defaults_unit" name="test_display_default_equality" time="0.001" /><testcase classname="tests.cli.test_graph_cli_policies" name="test_cli_lenient_selection_skips_unknown_plugin" time="0.012" /><testcase classname="tests.cli.test_help_defaults_unit" name="test_display_default_repr_is_clean" time="0.001" /><testcase classname="tests.cli.test_common_module" name="test_make_handler_context_json_flag_overrides_format" time="0.001" /><testcase classname="tests.cli.test_common_module" name="test_runtime_required_includes_all_missing_in_message" time="0.001" /><testcase classname="tests.cli.test_help_defaults_unit" name="test_argument_collection_type_preserved" time="0.033" /><testcase classname="tests.cli.test_help_rendering" name="test_docs_export_help_renders" time="0.085" /><testcase classname="tests.cli.test_help_defaults_unit" name="test_help_renders_positional_defaults" time="0.039" /><testcase classname="tests.cli.test_help_rendering" name="test_build_run_help_renders_output_flags" time="0.065" /><testcase classname="tests.cli.test_help_rendering" name="test_build_history_help_renders_core_flags" time="0.063" /><testcase classname="tests.cli.test_help_rendering" name="test_build_status_help_renders_core_flags" time="0.056" /><testcase classname="tests.cli.test_graph_cli_policies" name="test_cli_dependency_skip_records_missing_dependency" time="0.011" /><testcase classname="tests.cli.test_help_rendering" name="test_op_profiles_function_help" time="0.055" /><testcase classname="tests.cli.test_help_rendering" name="test_ops_help_rendering" time="0.023" /><testcase classname="tests.cli.test_help_rendering" name="test_storage_help_rendering" time="0.006" /><testcase classname="tests.cli.test_help_defaults_unit" name="test_help_renders_enum_choices_and_default" time="0.034" /><testcase classname="tests.cli.test_help_rendering" name="test_history_help_renders_positional" time="0.067" /><testcase classname="tests.cli.test_help_defaults_unit" name="test_help_renders_nested_defaults" time="0.013" /><testcase classname="tests.cli.test_help_rendering" name="test_dataset_list_help" time="0.057" /><testcase classname="tests.cli.test_history_timeseries_cli" name="test_history_timeseries_cli_happy_path" time="15.639" /><testcase classname="tests.cli.test_help_defaults_unit" name="test_patched_app_help_with_missing_metadata" time="0.037" /><testcase classname="tests.cli.test_help_rendering" name="test_build_help_rendering" time="0.067" /><testcase classname="tests.cli.test_build_cli.TestJsonOutput" name="test_json_flag_recognized_on_status" time="0.025" /><testcase classname="tests.cli.test_cli_error_parity_apps" name="test_unknown_command_per_app[argv2-nonesuch]" time="0.004" /><testcase classname="tests.cli.test_build_cli.TestBuildRunHelp" name="test_run_help_shows_options" time="0.031" /><testcase classname="tests.cli.test_op_dynamic_cli" name="test_classify_param_role_categorizes_correctly[urn-selector]" time="0.001" /><testcase classname="tests.cli.test_op_dynamic_cli" name="test_classify_param_role_categorizes_correctly[limit-filter]" time="0.001" /><testcase classname="tests.cli.test_main_cli" name="test_cli_unknown_command" time="0.003" /><testcase classname="tests.cli.test_op_dynamic_cli" name="test_classify_param_role_categorizes_correctly[tested_only-filter]" time="0.001" /><testcase classname="tests.cli.test_op_dynamic_cli" name="test_classify_param_role_categorizes_correctly[min_risk-filter]" time="0.001" /><testcase classname="tests.cli.test_op_dynamic_cli" name="test_classify_param_role_categorizes_correctly[offset-filter]" time="0.001" /><testcase classname="tests.cli.test_help_rendering" name="test_subsystem_list_help" time="0.026" /><testcase classname="tests.cli.test_op_dynamic_cli" name="test_classify_param_role_categorizes_correctly[max_depth-filter]" time="0.001" /><testcase classname="tests.cli.test_op_dynamic_cli" name="test_classify_param_role_categorizes_correctly[kind-filter]" time="0.001" /><testcase classname="tests.cli.test_help_rendering" name="test_storage_help_renders_nested" time="0.025" /><testcase classname="tests.cli.test_op_dynamic_cli" name="test_classify_param_role_categorizes_correctly[graph_scope-advanced]" time="0.001" /><testcase classname="tests.cli.test_common_module" name="test_resolve_flag_and_backend_config" time="0.001" /><testcase classname="tests.cli.test_help_rendering" name="test_op_call_help_renders_core_options" time="0.032" /><testcase classname="tests.cli.test_op_dynamic_cli" name="test_classify_param_role_categorizes_correctly[radius-advanced]" time="0.001" /><testcase classname="tests.cli.test_op_dynamic_cli" name="test_get_operations_with_cli_support_returns_list" time="0.001" /><testcase classname="tests.cli.test_op_dynamic_cli" name="test_classify_param_role_with_graph_operation_context" time="0.001" /><testcase classname="tests.cli.test_op_dynamic_cli" name="test_get_backend_signature_for_known_operation" time="0.001" /><testcase classname="tests.cli.test_op_dynamic_cli" name="test_build_operation_cli_metadata_for_function_summary" time="0.001" /><testcase classname="tests.cli.test_help_rendering" name="test_op_list_help_renders_core_options" time="0.024" /><testcase classname="tests.cli.test_op_dynamic_cli" name="test_op_help_shows_core_commands" time="0.001" /><testcase classname="tests.cli.test_op_dynamic_cli" name="test_operation_metadata_available" time="0.002" /><testcase classname="tests.cli.test_op_dynamic_cli" name="test_operation_validation_accepts_known" time="0.001" /><testcase classname="tests.cli.test_op_dynamic_cli" name="test_operation_has_required_datasets" time="0.001" /><testcase classname="tests.cli.test_history_validation" name="test_history_timeseries_requires_commits" time="0.017" /><testcase classname="tests.cli.test_op_dynamic_cli" name="test_dynamic_op_help_available" time="0.038" /><testcase classname="tests.cli.test_op_dynamic_cli" name="test_dynamic_op_prereq_toggle_default_and_flag" time="0.001" /><testcase classname="tests.cli.test_op_dynamic_cli" name="test_dynamic_op_parses_and_forwards_params" time="0.001" /><testcase classname="tests.cli.test_op_dynamic_cli" name="test_classify_param_role_categorizes_correctly[module-selector]" time="0.001" /><testcase classname="tests.cli.test_op_dynamic_cli" name="test_dynamic_param_output_path_allows_missing_file" time="0.001" /><testcase classname="tests.cli.test_op_dynamic_cli" name="test_dynamic_param_env_path_defaults_to_venv" time="0.002" /><testcase classname="tests.cli.test_op_dynamic_cli" name="test_dynamic_param_groups_match_role_titles" time="0.001" /><testcase classname="tests.cli.test_build_cli.TestBuildStatusHelp" name="test_status_help_shows_options" time="0.028" /><testcase classname="tests.cli.test_op_dynamic_cli" name="test_selector_params_come_first_in_classification" time="0.001" /><testcase classname="tests.cli.test_op_dynamic_cli" name="test_cli_param_spec_has_correct_structure" time="0.001" /><testcase classname="tests.cli.test_op_dynamic_cli" name="test_classify_param_role_categorizes_correctly[subsystem_id-selector]" time="0.001" /><testcase classname="tests.cli.test_op_dynamic_cli" name="test_dynamic_cli_respects_operation_defaults" time="0.001" /><testcase classname="tests.cli.test_op_dynamic_cli" name="test_dynamic_op_env_default_uses_existing_venv" time="0.001" /><testcase classname="tests.cli.test_op_dynamic_cli" name="test_dynamic_op_returns_kwargs_with_converted_types" time="0.001" /><testcase classname="tests.cli.test_op_dynamic_cli" name="test_dynamic_op_env_default_requires_existing_venv" time="0.002" /><testcase classname="tests.cli.test_op_dynamic_cli" name="test_classify_param_role_categorizes_correctly[rel_path-selector]" time="0.001" /><testcase classname="tests.cli.test_op_dynamic_cli" name="test_dynamic_op_numeric_coercion_and_failure" time="0.001" /><testcase classname="tests.cli.performance.test_performance" name="test_executor_cleanup" time="0.112" /><testcase classname="tests.cli.test_op_dynamic_cli" name="test_dynamic_op_bool_flag_without_negative" time="0.001" /><testcase classname="tests.cli.test_op_dynamic_cli" name="test_dynamic_op_required_vs_optional" time="0.001" /><testcase classname="tests.cli.test_op_dynamic_cli" name="test_classify_param_role_categorizes_correctly[scope-advanced]" time="0.001" /><testcase classname="tests.cli.test_op_dynamic_cli" name="test_dynamic_op_literal_choice_parsing" time="0.001" /><testcase classname="tests.cli.test_op_dynamic_cli" name="test_dynamic_op_env_path_heuristics" time="0.001" /><testcase classname="tests.cli.test_op_dynamic_cli" name="test_op_list_succeeds_with_defaults" time="0.008" /><testcase classname="tests.cli.test_help_rendering" name="test_ide_hints_help" time="0.019" /><testcase classname="tests.cli.test_help_rendering" name="test_datasets_lint_help" time="0.026" /><testcase classname="tests.cli.test_op_dynamic_cli" name="test_classify_param_role_categorizes_correctly[max_nodes-advanced]" time="0.001" /><testcase classname="tests.cli.test_op_dynamic_cli" name="test_app_proxy_with_invalid_command_raises" time="0.001" /><testcase classname="tests.cli.test_op_params" name="test_coerce_string_param_basic_types" time="0.001" /><testcase classname="tests.cli.test_op_dynamic_cli" name="test_get_app_returns_root_application" time="0.001" /><testcase classname="tests.cli.test_project_module" name="test_missing_and_invalid_project_file" time="0.002" /><testcase classname="tests.cli.test_op_dynamic_cli" name="test_run_cli_embedding_returns_parsed_command" time="0.010" /><testcase classname="tests.cli.test_op_dynamic_cli" name="test_dynamic_op_skip_prereqs_defaults_false" time="0.001" /><testcase classname="tests.cli.test_op_params" name="test_coerce_params_from_strings_skips_none" time="0.001" /><testcase classname="tests.cli.test_typer_cli" name="test_find_project_root_raises_without_config" time="0.001" /><testcase classname="tests.cli.test_typer_cli" name="test_op_list_json_output" time="0.011" /><testcase classname="tests.cli.test_help_rendering" name="test_serve_http_help" time="0.025" /><testcase classname="tests.cli.test_typer_cli" name="test_op_list_filter_by_category" time="0.010" /><testcase classname="tests.cli.test_op_dynamic_cli" name="test_operation_validation_rejects_unknown" time="0.001" /><testcase classname="tests.cli.test_typer_cli" name="test_find_project_root_finds_config" time="0.001" /><testcase classname="tests.cli.test_typer_cli" name="test_dataset_describe_unknown_dataset" time="0.009" /><testcase classname="tests.cli.test_typer_cli" name="test_dataset_describe_known_dataset" time="0.008" /><testcase classname="tests.cli.test_typer_cli" name="test_load_project_config_parses_yaml" time="0.003" /><testcase classname="tests.cli.test_typer_cli" name="test_main_help" time="0.014" /><testcase classname="tests.cli.test_op_dynamic_cli" name="test_classify_param_role_categorizes_correctly[some_unknown_param-filter]" time="0.001" /><testcase classname="tests.cli.test_help_rendering" name="test_op_datasets_list_help" time="0.028" /><testcase classname="tests.cli.test_typer_cli" name="test_pipeline_removed" time="0.002" /><testcase classname="tests.cli.test_op_dynamic_cli" name="test_classify_param_role_categorizes_correctly[function_goid_h128-selector]" time="0.001" /><testcase classname="tests.cli.test_typer_cli" name="test_build_help" time="0.006" /><testcase classname="tests.cli.unit.test_executor" name="test_spec_defaults" time="0.001" /><testcase classname="tests.cli.test_typer_cli" name="test_op_list_shows_operations" time="0.010" /><testcase classname="tests.cli.unit.test_executor" name="test_spec_with_all_options" time="0.001" /><testcase classname="tests.cli.unit.test_executor" name="test_context_creation" time="0.001" /><testcase classname="tests.cli.unit.test_executor" name="test_execute_handler_error" time="0.001" /><testcase classname="tests.cli.test_main_cli" name="test_cli_help" time="0.014" /><testcase classname="tests.cli.unit.test_executor" name="test_execute_validation_failure" time="0.001" /><testcase classname="tests.cli.test_typer_cli" name="test_serve_http_help" time="0.024" /><testcase classname="tests.cli.unit.test_executor" name="test_result_structure" time="0.001" /><testcase classname="tests.cli.unit.test_executor" name="test_execute_with_validation_success" time="0.001" /><testcase classname="tests.cli.test_typer_cli" name="test_op_help" time="0.019" /><testcase classname="tests.cli.test_op_dynamic_cli" name="test_dynamic_op_path_and_literal_handling_end_to_end" time="0.002" /><testcase classname="tests.cli.test_typer_cli" name="test_build_run_all_requires_project" time="0.014" /><testcase classname="tests.cli.test_typer_cli" name="test_build_run_help" time="0.033" /><testcase classname="tests.cli.unit.test_executor" name="test_result_defaults" time="0.001" /><testcase classname="tests.cli.unit.test_operation_handlers" name="test_build_operations_have_correct_category" time="0.001" /><testcase classname="tests.cli.unit.test_executor" name="test_execute_success" time="0.001" /><testcase classname="tests.cli.test_op_dynamic_cli" name="test_dynamic_param_literal_shows_choices" time="0.001" /><testcase classname="tests.cli.test_project_module" name="test_find_and_load_project_config" time="0.002" /><testcase classname="tests.cli.unit.test_operation_handlers" name="test_registry_has_operations" time="0.001" /><testcase classname="tests.cli.test_op_dynamic_cli" name="test_classify_param_role_categorizes_correctly[path-selector]" time="0.001" /><testcase classname="tests.cli.unit.test_operation_handlers" name="test_op_call_with_unknown_operation" time="0.001" /><testcase classname="tests.cli.unit.test_operation_handlers" name="test_build_status_no_params" time="0.001" /><testcase classname="tests.cli.test_help_rendering" name="test_op_graph_neighbors_help" time="0.034" /><testcase classname="tests.cli.unit.test_resolution_integration" name="test_context_creation" time="0.001" /><testcase classname="tests.cli.unit.test_executor" name="test_execute_raises_exception" time="0.001" /><testcase classname="tests.cli.unit.test_resolution_integration" name="test_str_param_with_default" time="0.001" /><testcase classname="tests.cli.unit.test_resolution_integration" name="test_require_str_param_raises" time="0.001" /><testcase classname="tests.cli.test_typer_cli" name="test_build_status_requires_project" time="0.015" /><testcase classname="tests.cli.unit.test_operation_handlers" name="test_registry_lookup_nonexistent" time="0.001" /><testcase classname="tests.cli.unit.test_operation_handlers" name="test_operations_have_required_fields" time="0.001" /><testcase classname="tests.cli.unit.test_resolution_integration" name="test_resolution_missing_params_raises_error" time="0.002" /><testcase classname="tests.cli.test_typer_cli" name="test_serve_mcp_help" time="0.024" /><testcase classname="tests.cli.unit.test_resolution_integration" name="test_output_format_resolution" time="0.001" /><testcase classname="tests.cli.unit.test_resolution_integration" name="test_options_to_params" time="0.001" /><testcase classname="tests.cli.unit.test_resolution_integration" name="test_resolution_from_explicit_params" time="0.003" /><testcase classname="tests.cli.unit.test_executor" name="test_execute_different_categories" time="0.002" /><testcase classname="tests.cli.test_typer_cli" name="test_dataset_help" time="0.005" /><testcase classname="tests.cli.unit.test_operation_handlers" name="test_storage_status_returns_info" time="0.001" /><testcase classname="tests.cli.unit.test_operation_handlers" name="test_op_list_returns_operations" time="0.002" /><testcase classname="tests.cli.unit.test_operation_handlers" name="test_build_status_returns_structured_result" time="0.001" /><testcase classname="tests.cli.unit.test_operation_handlers" name="test_dataset_list_returns_datasets" time="0.001" /><testcase classname="tests.cli.unit.test_resolution_integration" name="test_context_close_is_idempotent" time="0.001" /><testcase classname="tests.cli.test_op_dynamic_cli" name="test_dynamic_op_output_and_input_paths" time="0.002" /><testcase classname="tests.cli.test_build_command" name="test_build_run_dry_run" time="5.728" /><testcase classname="tests.cli.test_build_command" name="test_build_run_conflicting_flags_raises" time="5.722" /><testcase classname="tests.cli.test_build_command" name="test_build_run_invalid_module_raises" time="5.721" /><testcase classname="tests.cli.test_datasets_command" name="test_datasets_snapshot_to_file" time="5.720" /><testcase classname="tests.cli.test_datasets_command" name="test_dataset_describe_unknown_returns_nonzero" time="5.727" /><testcase classname="tests.cli.test_cli_error_parity_apps" name="test_unknown_option_per_app[argv4---bogus]" time="0.007" /><testcase classname="tests.cli.test_cli_error_parity_apps" name="test_unknown_option_per_app[argv5---bogus]" time="0.011" /><testcase classname="tests.cli.test_build_command" name="test_build_run_no_targets_raises" time="5.758" /><testcase classname="tests.cli.test_datasets_command" name="test_datasets_list" time="5.736" /><testcase classname="tests.cli.test_build_command" name="test_build_run_success" time="5.740" /><testcase classname="tests.cli.test_help_defaults_unit" name="test_all_cyclopts_locations_are_patched" time="0.001" /><testcase classname="tests.cli.test_storage_command" name="test_storage_validate_macros_failure" time="5.686" /><testcase classname="tests.cli.test_storage_command" name="test_storage_validate_macros_success" time="5.699" /><testcase classname="tests.cli.test_help_rendering" name="test_docs_export_help_repeatable" time="0.100" /><testcase classname="tests.cli.test_cli_error_parity_apps" name="test_unknown_command_per_app[argv10-nonesuch]" time="0.002" /><testcase classname="tests.cli.test_history_timeseries_cli" name="test_history_timeseries_cli_missing_snapshot" time="5.220" /><testcase classname="tests.cli.test_op_dynamic_cli" name="test_classify_param_role_categorizes_correctly[qualname-selector]" time="0.001" /><testcase classname="tests.cli.unit.test_executor" name="test_elapsed_seconds" time="0.011" /><testcase classname="tests.cli.test_help_rendering" name="test_graphs_help_renders_enum_choices" time="0.042" /><testcase classname="tests.cli.test_datasets_command" name="test_datasets_scaffold_existing_name" time="5.225" /><testcase classname="tests.cli.test_build_command" name="test_build_run_unknown_target" time="5.225" /><testcase classname="tests.cli.test_op_dynamic_cli" name="test_classify_param_role_categorizes_correctly[goid_h128-selector]" time="0.001" /></testsuite></testsuites>