<?xml version="1.0" encoding="utf-8"?><testsuites name="pytest tests"><testsuite name="pytest" errors="0" failures="0" skipped="0" tests="719" time="20.921" timestamp="2025-12-13T19:20:39.901102-05:00" hostname="paul-X870-AORUS-ELITE-WIFI7"><testcase classname="tests.graphs.test_backend_selection" name="test_maybe_enable_nx_gpu_strict_raises" time="0.002" /><testcase classname="tests.graphs.test_compute_layer" name="test_dedupe_edges_no_duplicates" time="0.001" /><testcase classname="tests.graphs.test_compute_layer" name="test_extract_class_name_from_call_attribute_chain" time="0.002" /><testcase classname="tests.graphs.test_compute_imports_extended" name="test_compute_scc_with_cycle" time="0.002" /><testcase classname="tests.graphs.test_callgraph_resolution" name="test_resolve_callee_unresolved_returns_none" time="0.001" /><testcase classname="tests.graphs.test_compute_imports_extended" name="test_import_analysis_result_attributes" time="0.001" /><testcase classname="tests.graphs.plugins.test_cfg_dfg_metadata.TestCfgDfgPluginOptionsIntegration" name="test_default_options_without_resolver" time="0.001" /><testcase classname="tests.graphs.test_compute_imports_extended" name="test_compute_layers_empty" time="0.002" /><testcase classname="tests.graphs.test_compute_layer" name="test_resolve_via_scip_empty_candidates" time="0.001" /><testcase classname="tests.graphs.plugins.test_symbol_uses_metadata.TestSymbolUsesPluginMetadataProperty" name="test_metadata_property_returns_plugin_metadata" time="0.001" /><testcase classname="tests.graphs.plugins.test_callgraph_metadata.TestCallGraphPluginMetadataProperty" name="test_metadata_property_returns_plugin_metadata" time="0.002" /><testcase classname="tests.graphs.plugins.test_cfg_dfg_metadata.TestCfgDfgPluginOptionsIntegration" name="test_options_with_profile" time="0.002" /><testcase classname="tests.graphs.test_compute_layer" name="test_extract_callee_cst_attribute" time="0.002" /><testcase classname="tests.graphs.test_compute_layer" name="test_dedupe_edges_keeps_highest_confidence" time="0.000" /><testcase classname="tests.graphs.plugins.test_import_graph_metadata.TestImportGraphOptionsModel" name="test_default_values" time="0.002" /><testcase classname="tests.graphs.plugins.test_symbol_uses_metadata.TestSymbolUsesMetadata" name="test_metadata_name" time="0.000" /><testcase classname="tests.graphs.plugins.test_goid_builder_metadata.TestGoidBuilderOptionsModel" name="test_default_values" time="0.002" /><testcase classname="tests.graphs.plugins.test_import_graph_metadata.TestImportGraphMetadata" name="test_metadata_identity" time="0.000" /><testcase classname="tests.graphs.plugins.test_import_graph_metadata.TestImportGraphMetadata" name="test_metadata_capabilities" time="0.000" /><testcase classname="tests.graphs.plugins.test_import_graph_metadata.TestImportGraphMetadata" name="test_metadata_extra_graph_kinds" time="0.001" /><testcase classname="tests.graphs.plugins.test_import_graph_metadata.TestImportGraphPluginOptionsIntegration" name="test_default_options_without_resolver" time="0.000" /><testcase classname="tests.graphs.plugins.test_import_graph_metadata.TestImportGraphPluginOptionsIntegration" name="test_options_with_config" time="0.000" /><testcase classname="tests.graphs.plugins.test_import_graph_metadata.TestImportGraphPluginMetadataProperty" name="test_metadata_property_returns_plugin_metadata" time="0.001" /><testcase classname="tests.graphs.test_compute_imports_extended" name="test_analyze_imports_empty" time="0.002" /><testcase classname="tests.graphs.test_compute_imports_extended" name="test_import_module_row_attributes" time="0.000" /><testcase classname="tests.graphs.test_compute_imports_extended" name="test_import_module_row_frozen" time="0.000" /><testcase classname="tests.graphs.test_compute_imports_extended" name="test_import_edge_row_attributes" time="0.000" /><testcase classname="tests.graphs.plugins.test_callgraph_metadata.TestCallGraphPluginMetadataProperty" name="test_core_metadata_property" time="0.000" /><testcase classname="tests.graphs.plugins.test_callgraph_metadata.TestCallGraphOptionsModel" name="test_default_values" time="0.000" /><testcase classname="tests.graphs.plugins.test_cfg_dfg_metadata.TestCfgDfgMetadata" name="test_metadata_name" time="0.000" /><testcase classname="tests.graphs.plugins.test_goid_builder_metadata.TestGoidBuilderMetadata" name="test_metadata_name" time="0.002" /><testcase classname="tests.graphs.plugins.test_goid_builder_metadata.TestGoidBuilderMetadata" name="test_metadata_domain" time="0.000" /><testcase classname="tests.graphs.plugins.test_goid_builder_metadata.TestGoidBuilderMetadata" name="test_metadata_kind_and_stage" time="0.000" /><testcase classname="tests.graphs.plugins.test_goid_builder_metadata.TestGoidBuilderMetadata" name="test_metadata_capabilities" time="0.000" /><testcase classname="tests.graphs.test_compute_layer" name="test_build_callee_map_empty" time="0.000" /><testcase classname="tests.graphs.test_compute_layer" name="test_build_callee_map_sets_local_and_qualname" time="0.000" /><testcase classname="tests.graphs.plugins.test_symbol_uses_metadata.TestSymbolUsesMetadata" name="test_metadata_domain" time="0.000" /><testcase classname="tests.graphs.plugins.test_symbol_uses_metadata.TestSymbolUsesMetadata" name="test_metadata_kind_and_stage" time="0.000" /><testcase classname="tests.graphs.test_compute_layer" name="test_compute_scc_single_node" time="0.002" /><testcase classname="tests.graphs.test_compute_layer" name="test_compute_scc_simple_cycle" time="0.000" /><testcase classname="tests.graphs.test_compute_layer" name="test_compute_layers_empty" time="0.000" /><testcase classname="tests.graphs.test_compute_layer" name="test_compute_layers_chain" time="0.001" /><testcase classname="tests.graphs.plugins.test_callgraph_metadata.TestCallGraphMetadata" name="test_metadata_is_scope_aware" time="0.002" /><testcase classname="tests.graphs.plugins.test_callgraph_metadata.TestCallGraphMetadata" name="test_metadata_extra_graph_kinds" time="0.000" /><testcase classname="tests.graphs.plugins.test_callgraph_metadata.TestCallGraphPluginOptionsIntegration" name="test_default_options_without_resolver" time="0.000" /><testcase classname="tests.graphs.plugins.test_callgraph_metadata.TestCallGraphPluginOptionsIntegration" name="test_options_with_fast_profile" time="0.000" /><testcase classname="tests.graphs.plugins.test_symbol_uses_metadata.TestSymbolUsesMetadata" name="test_metadata_tables" time="0.001" /><testcase classname="tests.graphs.plugins.test_symbol_uses_metadata.TestSymbolUsesMetadata" name="test_metadata_is_scope_aware" time="0.000" /><testcase classname="tests.graphs.plugins.test_symbol_uses_metadata.TestSymbolUsesMetadata" name="test_metadata_extra_graph_kinds" time="0.000" /><testcase classname="tests.graphs.plugins.test_symbol_uses_metadata.TestSymbolUsesPluginOptionsIntegration" name="test_default_options_without_resolver" time="0.000" /><testcase classname="tests.graphs.plugins.test_goid_builder_metadata.TestGoidBuilderMetadata" name="test_metadata_is_scope_aware" time="0.002" /><testcase classname="tests.graphs.plugins.test_goid_builder_metadata.TestGoidBuilderPluginOptionsIntegration" name="test_default_options_without_resolver" time="0.000" /><testcase classname="tests.graphs.plugins.test_goid_builder_metadata.TestGoidBuilderPluginOptionsIntegration" name="test_options_with_profile" time="0.000" /><testcase classname="tests.graphs.plugins.test_goid_builder_metadata.TestGoidBuilderPluginMetadataProperty" name="test_metadata_property_returns_plugin_metadata" time="0.001" /><testcase classname="tests.graphs.test_compute_layer" name="test_build_import_module_rows" time="0.003" /><testcase classname="tests.graphs.test_compute_layer" name="test_build_import_edge_rows" time="0.000" /><testcase classname="tests.graphs.test_compute_layer" name="test_symbol_occurrence_is_definition" time="0.000" /><testcase classname="tests.graphs.test_compute_layer" name="test_symbol_occurrence_is_reference" time="0.000" /><testcase classname="tests.graphs.test_compute_imports_extended" name="test_compute_scc_multiple_components" time="0.000" /><testcase classname="tests.graphs.test_compute_imports_extended" name="test_compute_scc_empty" time="0.000" /><testcase classname="tests.graphs.test_compute_imports_extended" name="test_compute_layers_linear" time="0.001" /><testcase classname="tests.graphs.plugins.test_cfg_dfg_metadata.TestCfgDfgMetadata" name="test_metadata_kind_and_stage" time="0.002" /><testcase classname="tests.graphs.plugins.test_cfg_dfg_metadata.TestCfgDfgMetadata" name="test_metadata_capabilities" time="0.000" /><testcase classname="tests.graphs.plugins.test_cfg_dfg_metadata.TestCfgDfgMetadata" name="test_metadata_tables" time="0.000" /><testcase classname="tests.graphs.plugins.test_cfg_dfg_metadata.TestCfgDfgMetadata" name="test_metadata_is_scope_aware" time="0.000" /><testcase classname="tests.graphs.plugins.test_cfg_dfg_metadata.TestCfgDfgPluginMetadataProperty" name="test_metadata_property_returns_plugin_metadata" time="0.001" /><testcase classname="tests.graphs.plugins.test_cfg_dfg_metadata.TestCfgDfgPluginMetadataProperty" name="test_core_metadata_property" time="0.000" /><testcase classname="tests.graphs.test_compute_imports_extended" name="test_import_edge_equality" time="0.001" /><testcase classname="tests.graphs.test_compute_imports_extended" name="test_collect_import_edges_simple" time="0.000" /><testcase classname="tests.graphs.test_compute_imports_extended" name="test_collect_import_edges_empty" time="0.000" /><testcase classname="tests.graphs.test_compute_imports_extended" name="test_collect_import_edges_multiple" time="0.000" /><testcase classname="tests.graphs.test_compute_layer" name="test_extract_callee_cst_nested_attribute" time="0.001" /><testcase classname="tests.graphs.test_compute_layer" name="test_extract_callee_ast_simple_name" time="0.000" /><testcase classname="tests.graphs.test_compute_layer" name="test_extract_callee_ast_attribute" time="0.000" /><testcase classname="tests.graphs.test_compute_layer" name="test_build_evidence_basic" time="0.000" /><testcase classname="tests.graphs.test_compute_layer" name="test_build_evidence_with_attr_chain" time="0.000" /><testcase classname="tests.graphs.test_compute_layer" name="test_build_evidence_with_scip_candidates" time="0.000" /><testcase classname="tests.graphs.plugins.test_import_graph_metadata.TestImportGraphMetadata" name="test_metadata_tables" time="0.000" /><testcase classname="tests.graphs.plugins.test_callgraph_metadata.TestCallGraphMetadata" name="test_metadata_name" time="0.002" /><testcase classname="tests.graphs.plugins.test_callgraph_metadata.TestCallGraphMetadata" name="test_metadata_domain" time="0.000" /><testcase classname="tests.graphs.plugins.test_callgraph_metadata.TestCallGraphMetadata" name="test_metadata_kind_and_stage" time="0.000" /><testcase classname="tests.graphs.plugins.test_callgraph_metadata.TestCallGraphMetadata" name="test_metadata_capabilities" time="0.000" /><testcase classname="tests.graphs.test_compute_layer" name="test_determine_kind_variants" time="0.001" /><testcase classname="tests.graphs.test_compute_layer" name="test_build_goid_row_and_crosswalk_row_fields" time="0.000" /><testcase classname="tests.graphs.test_compute_layer" name="test_collect_import_edges_basic" time="0.000" /><testcase classname="tests.graphs.test_compute_layer" name="test_collect_import_edges_empty_import" time="0.000" /><testcase classname="tests.graphs.test_callgraph_resolution" name="test_resolve_via_scip_uses_crosswalk_mapping" time="0.000" /><testcase classname="tests.graphs.test_callgraph_resolution" name="test_dedupe_includes_repo_commit_scope" time="0.000" /><testcase classname="tests.graphs.test_compute_imports_extended" name="test_import_edge_attributes" time="0.000" /><testcase classname="tests.graphs.test_compute_imports_extended" name="test_compute_layers_cycle" time="0.001" /><testcase classname="tests.graphs.test_compute_imports_extended" name="test_analyze_imports_basic" time="0.001" /><testcase classname="tests.graphs.test_compute_imports_extended" name="test_analyze_imports_scc_map" time="0.000" /><testcase classname="tests.graphs.plugins.test_symbol_uses_metadata.TestSymbolUsesPluginMetadataProperty" name="test_core_metadata_property" time="0.001" /><testcase classname="tests.graphs.plugins.test_symbol_uses_metadata.TestSymbolUsesOptionsModel" name="test_default_values" time="0.000" /><testcase classname="tests.graphs.test_backend_selection" name="test_maybe_enable_nx_gpu_success" time="0.000" /><testcase classname="tests.graphs.test_compute_imports_extended" name="test_import_analysis_result_frozen" time="0.001" /><testcase classname="tests.graphs.test_compute_layer" name="test_resolve_callee_local_name" time="0.000" /><testcase classname="tests.graphs.test_compute_layer" name="test_resolve_callee_local_attr" time="0.000" /><testcase classname="tests.graphs.test_compute_layer" name="test_collect_call_sites_extracts_attribute_chain" time="0.001" /><testcase classname="tests.graphs.test_compute_layer" name="test_dedupe_edges_prefers_higher_confidence_rows" time="0.000" /><testcase classname="tests.graphs.test_compute_layer" name="test_alias_and_import_helpers_cover_aliases_and_edges" time="0.003" /><testcase classname="tests.graphs.test_compute_layer" name="test_resolve_callee_import_alias_single_element_chain" time="0.000" /><testcase classname="tests.graphs.test_compute_layer" name="test_parse_symbol_roles_string" time="0.001" /><testcase classname="tests.graphs.test_compute_layer" name="test_parse_symbol_roles_invalid_string" time="0.000" /><testcase classname="tests.graphs.test_compute_layer" name="test_parse_symbol_roles_none" time="0.000" /><testcase classname="tests.graphs.test_compute_layer" name="test_call_edge_frozen" time="0.000" /><testcase classname="tests.graphs.test_compute_layer" name="test_build_use_edges_same_module" time="0.001" /><testcase classname="tests.graphs.test_compute_layer" name="test_build_use_edges_deduplicates" time="0.000" /><testcase classname="tests.graphs.test_compute_layer" name="test_build_use_def_mapping" time="0.000" /><testcase classname="tests.graphs.test_compute_layer" name="test_edges_to_rows" time="0.000" /><testcase classname="tests.graphs.test_compute_layer" name="test_cfg_builder_try_except_finally_and_jump_outside_loop" time="0.001" /><testcase classname="tests.graphs.test_compute_layer" name="test_cfg_to_rows_computes_degrees_and_defaults" time="0.000" /><testcase classname="tests.graphs.test_compute_layer" name="test_compute_goid_is_deterministic_and_bounded" time="0.000" /><testcase classname="tests.graphs.test_compute_layer" name="test_build_urn_with_and_without_end_line" time="0.000" /><testcase classname="tests.graphs.test_compute_layer" name="test_build_def_map_basic" time="0.001" /><testcase classname="tests.graphs.test_compute_layer" name="test_build_def_map_first_definition_wins" time="0.000" /><testcase classname="tests.graphs.test_compute_layer" name="test_build_def_map_ignores_references" time="0.000" /><testcase classname="tests.graphs.test_compute_layer" name="test_build_use_edges_basic" time="0.000" /><testcase classname="tests.graphs.test_compute_layer" name="test_resolve_callee_global_name" time="0.002" /><testcase classname="tests.graphs.test_compute_layer" name="test_resolve_callee_unresolved" time="0.000" /><testcase classname="tests.graphs.test_compute_layer" name="test_resolve_callee_priority_local_over_global" time="0.000" /><testcase classname="tests.graphs.test_compute_layer" name="test_resolve_via_scip_found" time="0.000" /><testcase classname="tests.graphs.test_compute_layer" name="test_collect_edges_cst_tracks_assignments_and_backfills_goid" time="0.004" /><testcase classname="tests.graphs.test_compute_layer" name="test_collect_edges_cst_uses_scip_fallback" time="0.001" /><testcase classname="tests.graphs.test_compute_layer" name="test_try_instance_method_resolution_prefers_short_class_name" time="0.001" /><testcase classname="tests.graphs.plugins.test_import_graph_metadata.TestImportGraphMetadata" name="test_metadata_is_scope_aware" time="0.000" /><testcase classname="tests.graphs.test_compute_imports_extended" name="test_import_edge_row_frozen" time="0.000" /><testcase classname="tests.graphs.plugins.test_cfg_dfg_metadata.TestCfgDfgMetadata" name="test_metadata_domain" time="0.000" /><testcase classname="tests.graphs.plugins.test_goid_builder_metadata.TestGoidBuilderMetadata" name="test_metadata_tables" time="0.000" /><testcase classname="tests.graphs.test_compute_layer" name="test_local_type_tracker_records_and_clears" time="0.000" /><testcase classname="tests.graphs.test_compute_metrics" name="test_betweenness_empty_graph_returns_empty" time="0.000" /><testcase classname="tests.graphs.test_compute_metrics" name="test_closeness_empty_graph_returns_empty" time="0.001" /><testcase classname="tests.graphs.plugins.test_import_graph_metadata.TestImportGraphPluginMetadataProperty" name="test_core_metadata_property" time="0.000" /><testcase classname="tests.graphs.test_compute_metrics" name="test_pagerank_star_graph_center_has_highest" time="0.048" /><testcase classname="tests.graphs.test_compute_metrics" name="test_betweenness_path_graph_middle_node_highest" time="0.001" /><testcase classname="tests.graphs.test_compute_metrics" name="test_in_degree_centrality" time="0.001" /><testcase classname="tests.graphs.test_compute_metrics" name="test_closeness_complete_graph_uniform" time="0.001" /><testcase classname="tests.graphs.test_compute_layer" name="test_import_edge_frozen" time="0.000" /><testcase classname="tests.graphs.test_compute_layer" name="test_symbol_occurrence_frozen" time="0.000" /><testcase classname="tests.graphs.test_compute_layer" name="test_symbol_use_edge_frozen" time="0.000" /><testcase classname="tests.graphs.test_compute_metrics" name="test_pagerank_empty_graph_returns_empty" time="0.001" /><testcase classname="tests.graphs.plugins.test_symbol_uses_metadata.TestSymbolUsesMetadata" name="test_metadata_capabilities" time="0.000" /><testcase classname="tests.graphs.test_compute_metrics" name="test_scc_simple_cycle_is_one_scc[2]" time="0.001" /><testcase classname="tests.graphs.test_compute_metrics" name="test_closeness_wf_improved_parameter" time="0.001" /><testcase classname="tests.graphs.test_compute_metrics" name="test_closeness_disconnected_graph_returns_all_nodes" time="0.000" /><testcase classname="tests.graphs.test_compute_metrics" name="test_in_degree_centrality_empty_graph" time="0.000" /><testcase classname="tests.graphs.test_compute_metrics" name="test_out_degree_centrality" time="0.000" /><testcase classname="tests.graphs.test_compute_metrics" name="test_out_degree_centrality_empty_graph" time="0.000" /><testcase classname="tests.graphs.test_compute_metrics" name="test_all_centralities_single_node_returns_zero_degrees" time="0.048" /><testcase classname="tests.graphs.test_compute_metrics" name="test_scc_simple_cycle_is_one_scc[3]" time="0.000" /><testcase classname="tests.graphs.test_compute_metrics" name="test_scc_simple_cycle_is_one_scc[4]" time="0.000" /><testcase classname="tests.graphs.test_compute_metrics" name="test_scc_simple_cycle_is_one_scc[5]" time="0.000" /><testcase classname="tests.graphs.test_compute_metrics" name="test_betweenness_sampling_parameter" time="0.000" /><testcase classname="tests.graphs.test_compute_metrics" name="test_betweenness_diamond_prioritizes_inner_nodes" time="0.000" /><testcase classname="tests.graphs.test_compute_layer" name="test_analyze_imports_full" time="0.001" /><testcase classname="tests.graphs.plugins.test_symbol_uses_metadata.TestSymbolUsesPluginOptionsIntegration" name="test_options_with_profile" time="0.000" /><testcase classname="tests.graphs.plugins.test_goid_builder_metadata.TestGoidBuilderPluginMetadataProperty" name="test_core_metadata_property" time="0.000" /><testcase classname="tests.graphs.test_compute_metrics" name="test_articulation_empty_graph_returns_empty" time="0.001" /><testcase classname="tests.graphs.plugins.test_callgraph_metadata.TestCallGraphPluginOptionsIntegration" name="test_scope_paths_filtering" time="0.000" /><testcase classname="tests.graphs.test_compute_metrics" name="test_scc_complex_component_mix" time="0.001" /><testcase classname="tests.graphs.test_compute_metrics" name="test_scc_single_node_component" time="0.000" /><testcase classname="tests.graphs.test_compute_metrics" name="test_pagerank_simple_cycle" time="0.046" /><testcase classname="tests.graphs.test_compute_layer" name="test_resolution_result_frozen" time="0.000" /><testcase classname="tests.graphs.test_compute_metrics" name="test_realistic_centrality_metrics" time="0.050" /><testcase classname="tests.graphs.plugins.test_cfg_dfg_metadata.TestCfgDfgOptionsModel" name="test_default_values" time="0.000" /><testcase classname="tests.graphs.test_compute_metrics" name="test_coupling_computes_afferent_efferent" time="0.001" /><testcase classname="tests.graphs.test_compute_metrics" name="test_coupling_instability_calculation" time="0.000" /><testcase classname="tests.graphs.test_compute_metrics" name="test_coupling_isolated_node_zero_instability" time="0.000" /><testcase classname="tests.graphs.test_compute_metrics" name="test_coupling_sink_node_zero_instability" time="0.000" /><testcase classname="tests.graphs.test_compute_layer" name="test_dedupe_edges_empty" time="0.000" /><testcase classname="tests.graphs.test_compute_metrics" name="test_abstractness_zero_total_returns_zero" time="0.000" /><testcase classname="tests.graphs.test_compute_metrics" name="test_abstractness_computes_ratio" time="0.000" /><testcase classname="tests.graphs.test_compute_metrics" name="test_abstractness_all_abstract_returns_one" time="0.000" /><testcase classname="tests.graphs.test_compute_metrics" name="test_distance_main_sequence_on_main_returns_zero" time="0.000" /><testcase classname="tests.graphs.test_compute_metrics" name="test_all_centralities_empty_graph_returns_empty" time="0.001" /><testcase classname="tests.graphs.test_compute_metrics_bipartite" name="test_complete_bipartite_projection_edges[3-1-3]" time="0.002" /><testcase classname="tests.graphs.test_compute_metrics" name="test_articulation_path_graph_middle_nodes" time="0.001" /><testcase classname="tests.graphs.test_compute_metrics" name="test_articulation_complete_graph_no_articulation" time="0.001" /><testcase classname="tests.graphs.test_compute_metrics" name="test_component_stats_empty_returns_zeros" time="0.000" /><testcase classname="tests.graphs.test_compute_metrics" name="test_scc_simple_cycle_is_one_scc[10]" time="0.000" /><testcase classname="tests.graphs.test_compute_metrics_bipartite" name="test_projection_with_varying_shared_neighbors[3]" time="0.001" /><testcase classname="tests.graphs.test_compute_metrics_bipartite" name="test_projection_with_varying_shared_neighbors[5]" time="0.000" /><testcase classname="tests.graphs.test_compute_metrics_cfg" name="test_dominator_tree_empty_graph_returns_empty" time="0.000" /><testcase classname="tests.graphs.test_compute_layer" name="test_compute_scc_empty" time="0.001" /><testcase classname="tests.graphs.test_compute_metrics" name="test_modularity_empty_graph_returns_zero" time="0.000" /><testcase classname="tests.graphs.test_compute_metrics" name="test_modularity_empty_communities_returns_zero" time="0.001" /><testcase classname="tests.graphs.test_compute_metrics" name="test_modularity_in_valid_range" time="0.001" /><testcase classname="tests.graphs.test_compute_metrics" name="test_clustering_empty_graph_returns_empty" time="0.000" /><testcase classname="tests.graphs.test_compute_layer" name="test_extract_callee_cst_simple_name" time="0.001" /><testcase classname="tests.graphs.test_compute_metrics" name="test_distance_main_sequence_key_scenarios[coupling0-1.0-0.0]" time="0.001" /><testcase classname="tests.graphs.test_compute_metrics" name="test_distance_main_sequence_key_scenarios[coupling1-0.0-0.0]" time="0.000" /><testcase classname="tests.graphs.test_compute_metrics" name="test_distance_main_sequence_key_scenarios[coupling2-0.0-1.0]" time="0.000" /><testcase classname="tests.graphs.test_compute_metrics" name="test_distance_main_sequence_key_scenarios[coupling3-1.0-1.0]" time="0.000" /><testcase classname="tests.graphs.test_compute_metrics" name="test_degree_centrality_empty_graph_returns_empty" time="0.000" /><testcase classname="tests.graphs.test_compute_metrics_bipartite" name="test_complete_bipartite_degrees[3-3]" time="0.001" /><testcase classname="tests.graphs.test_compute_metrics_bipartite" name="test_complete_bipartite_degrees[4-2]" time="0.000" /><testcase classname="tests.graphs.test_compute_metrics_bipartite" name="test_complete_bipartite_degrees[5-5]" time="0.001" /><testcase classname="tests.graphs.test_compute_layer" name="test_collect_edges_ast_handles_success_and_syntax_error" time="0.001" /><testcase classname="tests.graphs.test_compute_metrics_bipartite" name="test_weighted_projection_weights" time="0.001" /><testcase classname="tests.graphs.test_compute_metrics_bipartite" name="test_weighted_projection_partial_overlap" time="0.000" /><testcase classname="tests.graphs.test_compute_metrics_bipartite" name="test_weighted_projection_secondary_partition" time="0.000" /><testcase classname="tests.graphs.test_compute_layer" name="test_symbol_occurrence_combined_roles" time="0.000" /><testcase classname="tests.graphs.test_compute_metrics" name="test_cycles_empty_graph_returns_empty" time="0.000" /><testcase classname="tests.graphs.test_compute_metrics" name="test_cycles_simple_cycle_detected[2]" time="0.002" /><testcase classname="tests.graphs.test_compute_metrics" name="test_cycles_simple_cycle_detected[3]" time="0.000" /><testcase classname="tests.graphs.test_compute_metrics" name="test_cycles_simple_cycle_detected[4]" time="0.000" /><testcase classname="tests.graphs.test_compute_layer" name="test_cfg_builder_handles_conditionals_and_loops" time="0.001" /><testcase classname="tests.graphs.test_compute_metrics" name="test_scc_result_frozen" time="0.001" /><testcase classname="tests.graphs.test_compute_metrics" name="test_realistic_pagerank_identifies_hub_functions" time="0.047" /><testcase classname="tests.graphs.test_compute_imports_extended" name="test_analyze_imports_layer_map" time="0.001" /><testcase classname="tests.graphs.test_compute_metrics" name="test_boundary_nodes_empty_communities_returns_empty" time="0.001" /><testcase classname="tests.graphs.test_compute_metrics" name="test_boundary_nodes_finds_boundary" time="0.000" /><testcase classname="tests.graphs.test_compute_metrics" name="test_coupling_to_rows_converts_metrics" time="0.000" /><testcase classname="tests.graphs.test_compute_metrics" name="test_structural_clustering_handles_directed_graphs" time="0.002" /><testcase classname="tests.graphs.test_compute_layer" name="test_parse_symbol_roles_int" time="0.000" /><testcase classname="tests.graphs.test_compute_metrics" name="test_realistic_coupling_metrics" time="0.001" /><testcase classname="tests.graphs.test_compute_metrics_bipartite" name="test_bipartite_degrees_empty_graph" time="0.000" /><testcase classname="tests.graphs.test_compute_metrics_bipartite" name="test_bipartite_degrees_empty_primary_partition" time="0.000" /><testcase classname="tests.graphs.test_compute_layer" name="test_compute_goid_result_packages_values" time="0.000" /><testcase classname="tests.graphs.test_compute_metrics_bipartite" name="test_bipartite_degrees_simple_bipartite" time="0.001" /><testcase classname="tests.graphs.test_compute_metrics_bipartite" name="test_bipartite_degrees_unweighted" time="0.000" /><testcase classname="tests.graphs.test_compute_metrics_bipartite" name="test_bipartite_degrees_weighted" time="0.001" /><testcase classname="tests.graphs.test_compute_metrics" name="test_scc_disconnected_nodes_are_separate" time="0.001" /><testcase classname="tests.graphs.test_compute_metrics" name="test_scc_dag_nodes_are_singletons" time="0.000" /><testcase classname="tests.graphs.test_compute_metrics" name="test_scc_node_to_component_mapping" time="0.000" /><testcase classname="tests.graphs.test_compute_metrics" name="test_scc_condensation_graph_computed" time="0.001" /><testcase classname="tests.graphs.test_compute_imports_extended" name="test_compute_layers_diamond" time="0.001" /><testcase classname="tests.graphs.test_compute_metrics" name="test_cycles_simple_cycle_detected[10]" time="0.002" /><testcase classname="tests.graphs.test_compute_metrics" name="test_cycles_limit_parameter_respected" time="0.001" /><testcase classname="tests.graphs.test_compute_metrics" name="test_cycles_dag_has_no_cycles" time="0.000" /><testcase classname="tests.graphs.test_compute_metrics" name="test_topological_layers_empty_graph_returns_empty" time="0.000" /><testcase classname="tests.graphs.plugins.test_callgraph_metadata.TestCallGraphMetadata" name="test_metadata_tables" time="0.000" /><testcase classname="tests.graphs.test_compute_metrics" name="test_louvain_empty_graph_returns_empty" time="0.001" /><testcase classname="tests.graphs.test_compute_metrics" name="test_louvain_disconnected_separate_communities" time="0.001" /><testcase classname="tests.graphs.test_compute_metrics" name="test_louvain_returns_community_dataclass" time="0.001" /><testcase classname="tests.graphs.test_compute_metrics" name="test_label_propagation_empty_graph_returns_empty" time="0.000" /><testcase classname="tests.graphs.test_compute_metrics" name="test_wcc_empty_graph_returns_empty" time="0.000" /><testcase classname="tests.graphs.test_compute_metrics" name="test_wcc_connected_graph_is_one_wcc" time="0.001" /><testcase classname="tests.graphs.test_compute_imports_extended" name="test_compute_scc_no_cycles" time="0.001" /><testcase classname="tests.graphs.test_compute_metrics" name="test_coupling_independent_modules_zero_coupling" time="0.000" /><testcase classname="tests.graphs.test_compute_metrics" name="test_coupling_linear_dependencies_match_directions" time="0.000" /><testcase classname="tests.graphs.test_compute_layer" name="test_resolve_via_scip_not_found" time="0.000" /><testcase classname="tests.graphs.test_compute_metrics_bipartite" name="test_weighted_projection_all_nodes" time="0.001" /><testcase classname="tests.graphs.test_compute_metrics_bipartite" name="test_weighted_projection_simple_bipartite" time="0.001" /><testcase classname="tests.graphs.test_compute_metrics_bipartite" name="test_weighted_projection_no_shared_neighbors" time="0.000" /><testcase classname="tests.graphs.plugins.test_cfg_dfg_metadata.TestCfgDfgMetadata" name="test_metadata_extra_graph_kinds" time="0.000" /><testcase classname="tests.graphs.test_compute_metrics" name="test_topological_layers_root_nodes_layer_zero" time="0.002" /><testcase classname="tests.graphs.test_compute_metrics" name="test_condensation_layers_no_condensation_returns_empty" time="0.000" /><testcase classname="tests.graphs.test_compute_metrics" name="test_condensation_layers_with_condensation" time="0.001" /><testcase classname="tests.graphs.test_compute_metrics" name="test_condensation_layers_respects_component_order" time="0.000" /><testcase classname="tests.graphs.test_compute_layer" name="test_build_use_edges_same_file" time="0.000" /><testcase classname="tests.graphs.test_compute_metrics_bipartite" name="test_bipartite_degrees_returns_dataclass" time="0.001" /><testcase classname="tests.graphs.test_compute_metrics_bipartite" name="test_bipartite_degrees_no_weight_attribute" time="0.001" /><testcase classname="tests.graphs.test_compute_metrics_bipartite" name="test_weighted_projection_empty_nodes" time="0.000" /><testcase classname="tests.graphs.test_compute_metrics" name="test_connected_empty_graph_returns_empty" time="0.001" /><testcase classname="tests.graphs.test_compute_metrics" name="test_connected_graph_is_one_component" time="0.001" /><testcase classname="tests.graphs.test_compute_metrics" name="test_bridges_empty_graph_returns_empty" time="0.000" /><testcase classname="tests.graphs.test_compute_metrics" name="test_bridges_path_graph_all_edges_are_bridges" time="0.001" /><testcase classname="tests.graphs.test_compute_metrics" name="test_betweenness_disconnected_graph_has_entries_for_all_nodes" time="0.000" /><testcase classname="tests.graphs.test_compute_metrics_cfg" name="test_dominator_tree_single_node" time="0.001" /><testcase classname="tests.graphs.test_compute_metrics_cfg" name="test_dominator_tree_chain_graph" time="0.000" /><testcase classname="tests.graphs.test_compute_metrics_cfg" name="test_dominator_tree_diamond_graph" time="0.001" /><testcase classname="tests.graphs.test_backend_selection" name="test_maybe_enable_nx_gpu_fallback" time="0.001" /><testcase classname="tests.graphs.test_compute_metrics" name="test_structural_core_number_chain_graph" time="0.001" /><testcase classname="tests.graphs.test_compute_metrics" name="test_structural_constraint_single_node_zero" time="0.048" /><testcase classname="tests.graphs.test_compute_metrics" name="test_coupling_hub_dependencies_concentrate_afferent" time="0.000" /><testcase classname="tests.graphs.test_compute_metrics" name="test_coupling_god_module_concentrates_efferent" time="0.000" /><testcase classname="tests.graphs.test_compute_metrics_bipartite" name="test_complete_bipartite_projection_edges[3-2-3]" time="0.001" /><testcase classname="tests.graphs.test_compute_metrics_bipartite" name="test_projection_with_varying_shared_neighbors[1]" time="0.000" /><testcase classname="tests.graphs.test_compute_metrics" name="test_distance_main_sequence_off_main_returns_distance" time="0.000" /><testcase classname="tests.graphs.test_compute_metrics_cfg" name="test_dominance_frontier_if_then_else" time="0.001" /><testcase classname="tests.graphs.test_compute_metrics" name="test_coupling_source_node_full_instability" time="0.000" /><testcase classname="tests.graphs.test_compute_metrics_cfg" name="test_dominance_frontier_empty_graph_returns_empty" time="0.000" /><testcase classname="tests.graphs.test_compute_metrics_cfg" name="test_dominance_frontier_entry_not_in_graph_returns_empty" time="0.000" /><testcase classname="tests.graphs.test_compute_metrics_cfg" name="test_dominance_frontier_chain_graph_empty_frontiers" time="0.001" /><testcase classname="tests.graphs.test_compute_metrics" name="test_topological_layers_chain_graph" time="0.001" /><testcase classname="tests.graphs.test_compute_metrics_cfg" name="test_dominator_depths_empty_returns_empty" time="0.000" /><testcase classname="tests.graphs.test_compute_metrics_cfg" name="test_dominator_depths_single_root" time="0.000" /><testcase classname="tests.graphs.test_compute_metrics_bipartite" name="test_bipartite_degrees_empty_secondary_partition" time="0.000" /><testcase classname="tests.graphs.test_compute_metrics_cfg" name="test_cycle_graphs_have_loop_headers[4]" time="0.001" /><testcase classname="tests.graphs.test_compute_metrics_cfg" name="test_cycle_graphs_have_loop_headers[5]" time="0.000" /><testcase classname="tests.graphs.test_compute_metrics_cfg" name="test_cycle_graphs_have_loop_headers[10]" time="0.001" /><testcase classname="tests.graphs.test_compute_metrics" name="test_wcc_component_info_structure" time="0.001" /><testcase classname="tests.graphs.test_compute_metrics_community" name="test_label_propagation_single_node" time="0.001" /><testcase classname="tests.graphs.test_compute_metrics" name="test_component_stats_computes_correct" time="0.000" /><testcase classname="tests.graphs.test_compute_metrics_cfg" name="test_dominator_depths_tree" time="0.000" /><testcase classname="tests.graphs.test_compute_metrics" name="test_scc_two_components_sizes" time="0.000" /><testcase classname="tests.graphs.test_compute_metrics_community" name="test_greedy_weighted_edges" time="0.001" /><testcase classname="tests.graphs.test_compute_metrics_community" name="test_greedy_resolution_parameter" time="0.002" /><testcase classname="tests.graphs.test_compute_metrics_community" name="test_louvain_empty_graph_returns_empty" time="0.000" /><testcase classname="tests.graphs.test_compute_metrics_bipartite" name="test_complete_bipartite_projection_edges[2-1-1]" time="0.001" /><testcase classname="tests.graphs.test_compute_metrics_cfg" name="test_longest_path_diamond_graph" time="0.001" /><testcase classname="tests.graphs.test_compute_metrics_cfg" name="test_longest_path_cyclic_graph_uses_condensation" time="0.001" /><testcase classname="tests.graphs.test_compute_metrics_cfg" name="test_longest_path_mixed_dag_and_cycle" time="0.000" /><testcase classname="tests.graphs.test_compute_metrics_community" name="test_label_propagation_complete_graph" time="0.001" /><testcase classname="tests.graphs.test_compute_metrics_community" name="test_label_propagation_disconnected_components" time="0.000" /><testcase classname="tests.graphs.test_compute_metrics" name="test_bridges_cycle_has_no_bridges" time="0.001" /><testcase classname="tests.graphs.test_compute_metrics_community" name="test_greedy_various_sizes[5]" time="0.001" /><testcase classname="tests.graphs.test_compute_metrics_community" name="test_greedy_various_sizes[10]" time="0.001" /><testcase classname="tests.graphs.test_compute_metrics_community" name="test_greedy_various_sizes[15]" time="0.003" /><testcase classname="tests.graphs.test_compute_metrics" name="test_cycles_simple_cycle_detected[5]" time="0.001" /><testcase classname="tests.graphs.test_compute_metrics_cfg" name="test_all_dominance_complex_cfg" time="0.001" /><testcase classname="tests.graphs.test_compute_metrics_cfg" name="test_dominance_metrics_frozen" time="0.000" /><testcase classname="tests.graphs.test_compute_metrics_cfg" name="test_chain_graph_depths_parametrized[2-1]" time="0.001" /><testcase classname="tests.graphs.test_compute_imports_extended" name="test_import_edge_frozen" time="0.001" /><testcase classname="tests.graphs.test_compute_metrics" name="test_average_clustering" time="0.002" /><testcase classname="tests.graphs.test_compute_metrics" name="test_label_propagation_returns_communities" time="0.001" /><testcase classname="tests.graphs.test_compute_metrics_community" name="test_louvain_different_seeds_may_differ" time="0.003" /><testcase classname="tests.graphs.test_compute_metrics_community" name="test_louvain_resolution_parameter" time="0.001" /><testcase classname="tests.graphs.test_compute_metrics_community" name="test_louvain_weighted_edges" time="0.001" /><testcase classname="tests.graphs.test_compute_metrics_community" name="test_greedy_empty_graph_returns_empty" time="0.000" /><testcase classname="tests.graphs.test_compute_metrics_dfg" name="test_dfg_components_chain_graph" time="0.001" /><testcase classname="tests.graphs.test_compute_metrics_dfg" name="test_dfg_components_cyclic_graph" time="0.000" /><testcase classname="tests.graphs.test_compute_metrics_cfg" name="test_dominator_depths_from_chain_graph" time="0.001" /><testcase classname="tests.graphs.test_compute_metrics_cfg" name="test_loop_headers_empty_graph_returns_empty" time="0.000" /><testcase classname="tests.graphs.test_compute_metrics_bipartite" name="test_weighted_projection_nodes_not_in_graph" time="0.000" /><testcase classname="tests.graphs.test_compute_metrics_community" name="test_modularity_weighted_graph" time="0.001" /><testcase classname="tests.graphs.test_compute_metrics_community" name="test_modularity_with_detected_communities" time="0.002" /><testcase classname="tests.graphs.test_compute_metrics_community" name="test_all_algorithms_same_graph" time="0.002" /><testcase classname="tests.graphs.test_compute_metrics_bipartite" name="test_weighted_projection_complete_bipartite" time="0.001" /><testcase classname="tests.graphs.test_compute_metrics_community" name="test_label_propagation_chain_graph" time="0.001" /><testcase classname="tests.graphs.test_compute_metrics_community" name="test_modularity_empty_graph_returns_zero" time="0.000" /><testcase classname="tests.graphs.test_compute_metrics_community" name="test_modularity_empty_communities_returns_zero" time="0.001" /><testcase classname="tests.graphs.test_compute_metrics" name="test_pagerank_custom_alpha" time="0.003" /><testcase classname="tests.graphs.test_compute_metrics" name="test_pagerank_chain_graph_probability_distribution" time="0.001" /><testcase classname="tests.graphs.test_compute_metrics" name="test_pagerank_single_node_graph" time="0.001" /><testcase classname="tests.graphs.test_compute_metrics" name="test_average_clustering_empty_graph" time="0.000" /><testcase classname="tests.graphs.test_compute_metrics" name="test_hub_nodes_empty_graph_returns_empty" time="0.000" /><testcase classname="tests.graphs.test_compute_metrics" name="test_hub_nodes_star_graph_center_is_hub" time="0.001" /><testcase classname="tests.graphs.test_compute_metrics" name="test_coupling_empty_graph_returns_empty" time="0.000" /><testcase classname="tests.graphs.test_compute_metrics_community" name="test_modularity_optimal_partition" time="0.001" /><testcase classname="tests.graphs.test_compute_metrics_community" name="test_modularity_poor_partition" time="0.001" /><testcase classname="tests.graphs.test_compute_metrics_community" name="test_modularity_directed_graph_converted" time="0.001" /><testcase classname="tests.graphs.test_compute_metrics" name="test_coupling_bidirectional_pair_balances_instability" time="0.000" /><testcase classname="tests.graphs.test_compute_metrics_community" name="test_two_cliques_detected_separately[3-7]" time="0.003" /><testcase classname="tests.graphs.test_compute_metrics_community" name="test_two_cliques_detected_separately[10-10]" time="0.001" /><testcase classname="tests.graphs.test_compute_metrics_bipartite" name="test_projection_with_varying_shared_neighbors[2]" time="0.001" /><testcase classname="tests.graphs.test_compute_metrics_dfg" name="test_path_lengths_single_node" time="0.000" /><testcase classname="tests.graphs.test_compute_metrics_dfg" name="test_path_lengths_chain_graph" time="0.000" /><testcase classname="tests.graphs.test_compute_metrics" name="test_distance_main_sequence_key_scenarios[coupling4-0.5-0.0]" time="0.001" /><testcase classname="tests.graphs.test_compute_metrics_cfg" name="test_loop_headers_while_loop_pattern" time="0.001" /><testcase classname="tests.graphs.test_compute_metrics_cfg" name="test_longest_path_empty_graph_returns_zero" time="0.000" /><testcase classname="tests.graphs.test_compute_metrics_cfg" name="test_longest_path_single_node_returns_zero" time="0.001" /><testcase classname="tests.graphs.test_compute_metrics_cfg" name="test_dominator_tree_entry_not_in_graph_returns_empty" time="0.000" /><testcase classname="tests.graphs.test_compute_metrics_community" name="test_louvain_various_sizes[20]" time="0.003" /><testcase classname="tests.graphs.test_compute_metrics_community" name="test_two_cliques_detected_separately[3-3]" time="0.001" /><testcase classname="tests.graphs.test_compute_metrics_bipartite" name="test_bipartite_degrees_degree_centrality" time="0.001" /><testcase classname="tests.graphs.test_compute_metrics_community" name="test_greedy_single_node_single_community" time="0.001" /><testcase classname="tests.graphs.test_compute_metrics_community" name="test_greedy_complete_graph" time="0.001" /><testcase classname="tests.graphs.test_compute_metrics_community" name="test_greedy_disconnected_components_separate_communities" time="0.001" /><testcase classname="tests.graphs.test_compute_metrics" name="test_realistic_scc_finds_cycles" time="0.001" /><testcase classname="tests.graphs.test_compute_metrics_community" name="test_louvain_complete_graph" time="0.002" /><testcase classname="tests.graphs.test_compute_metrics_community" name="test_louvain_disconnected_separate_communities" time="0.001" /><testcase classname="tests.graphs.test_compute_metrics_community" name="test_louvain_directed_graph_converted" time="0.000" /><testcase classname="tests.graphs.test_compute_metrics_bipartite" name="test_weighted_projection_single_node" time="0.001" /><testcase classname="tests.graphs.test_compute_metrics_cfg" name="test_all_dominance_returns_dataclass" time="0.001" /><testcase classname="tests.graphs.test_compute_metrics_cfg" name="test_all_dominance_chain_graph" time="0.000" /><testcase classname="tests.graphs.test_compute_metrics_cfg" name="test_all_dominance_diamond_graph" time="0.000" /><testcase classname="tests.graphs.test_compute_metrics" name="test_all_centralities_returns_dataclass" time="0.002" /><testcase classname="tests.graphs.test_compute_metrics" name="test_all_centralities_degree_calculation" time="0.003" /><testcase classname="tests.graphs.test_compute_metrics" name="test_centrality_to_rows_converts_metrics" time="0.000" /><testcase classname="tests.graphs.test_compute_metrics" name="test_structural_effective_size_star_hub_larger_than_spokes" time="0.002" /><testcase classname="tests.graphs.test_compute_metrics_cfg" name="test_dominator_depths_chain" time="0.000" /><testcase classname="tests.graphs.test_compute_metrics_dfg" name="test_path_lengths_returns_dataclass" time="0.000" /><testcase classname="tests.graphs.test_compute_metrics_dfg" name="test_dfg_components_empty_graph_returns_empty" time="0.000" /><testcase classname="tests.graphs.test_compute_metrics_cfg" name="test_dominance_frontier_diamond_graph" time="0.000" /><testcase classname="tests.graphs.test_compute_metrics_dfg" name="test_path_lengths_star_graph" time="0.000" /><testcase classname="tests.graphs.test_compute_metrics_dfg" name="test_path_lengths_max_depth_limiting" time="0.000" /><testcase classname="tests.graphs.test_compute_metrics_bipartite" name="test_bipartite_degree_metrics_frozen" time="0.000" /><testcase classname="tests.graphs.test_compute_metrics_bipartite" name="test_projection_matches_shared_neighbors_count" time="0.001" /><testcase classname="tests.graphs.test_compute_metrics_bipartite" name="test_degree_centrality_sums_correctly" time="0.001" /><testcase classname="tests.graphs.test_compute_metrics" name="test_realistic_component_stats" time="0.001" /><testcase classname="tests.graphs.test_compute_metrics" name="test_realistic_community_detection" time="0.002" /><testcase classname="tests.graphs.test_compute_metrics_cfg" name="test_all_dominance_empty_graph_returns_empty" time="0.000" /><testcase classname="tests.graphs.test_compute_metrics_dfg" name="test_def_use_chains_chain_graph" time="0.000" /><testcase classname="tests.graphs.test_compute_metrics_dfg" name="test_def_use_chains_star_graph" time="0.000" /><testcase classname="tests.graphs.test_compute_metrics_dfg" name="test_dfg_components_disconnected_graph" time="0.000" /><testcase classname="tests.graphs.test_compute_layer" name="test_resolve_callee_import_alias" time="0.000" /><testcase classname="tests.graphs.test_compute_metrics" name="test_centrality_metrics_frozen" time="0.000" /><testcase classname="tests.graphs.test_compute_metrics" name="test_component_info_frozen" time="0.000" /><testcase classname="tests.graphs.test_compute_metrics" name="test_coupling_metrics_frozen" time="0.000" /><testcase classname="tests.graphs.test_compute_metrics_community" name="test_label_propagation_empty_graph_returns_empty" time="0.000" /><testcase classname="tests.graphs.test_compute_metrics_dfg" name="test_dfg_density_single_node_returns_zero" time="0.000" /><testcase classname="tests.graphs.test_compute_metrics_dfg" name="test_dfg_density_complete_graph" time="0.000" /><testcase classname="tests.graphs.test_compute_metrics_community" name="test_modularity_comparison_across_algorithms" time="0.002" /><testcase classname="tests.graphs.test_compute_metrics_community" name="test_label_propagation_directed_graph_converted" time="0.000" /><testcase classname="tests.graphs.test_compute_metrics_dfg" name="test_use_def_chains_empty_graph_returns_empty" time="0.000" /><testcase classname="tests.graphs.test_compute_metrics_dfg" name="test_use_def_chains_single_node" time="0.000" /><testcase classname="tests.graphs.test_compute_metrics_dfg" name="test_dfg_density_star_graph" time="0.000" /><testcase classname="tests.graphs.test_compute_metrics_dfg" name="test_dfg_density_two_node_graph" time="0.000" /><testcase classname="tests.graphs.test_compute_metrics_dfg" name="test_path_lengths_avg_calculation" time="0.000" /><testcase classname="tests.graphs.test_compute_metrics_paths" name="test_reachable_nodes_chain_graph" time="0.001" /><testcase classname="tests.graphs.test_compute_metrics" name="test_realistic_import_layers_computed" time="0.001" /><testcase classname="tests.graphs.test_compute_metrics_paths" name="test_avg_shortest_path_empty_graph" time="0.000" /><testcase classname="tests.graphs.test_compute_metrics_bipartite" name="test_complete_bipartite_degrees[2-3]" time="0.001" /><testcase classname="tests.graphs.test_compute_metrics_paths" name="test_reachable_nodes_from_sink" time="0.001" /><testcase classname="tests.graphs.test_compute_metrics_cfg" name="test_loop_headers_entry_not_in_graph_returns_empty" time="0.000" /><testcase classname="tests.graphs.test_compute_metrics_dfg" name="test_find_cycles_dag_returns_empty" time="0.001" /><testcase classname="tests.graphs.test_compute_metrics_dfg" name="test_find_cycles_simple_cycle" time="0.001" /><testcase classname="tests.graphs.test_compute_metrics_cfg" name="test_all_dominance_cyclic_graph_identifies_headers" time="0.001" /><testcase classname="tests.graphs.test_compute_metrics_paths" name="test_avg_shortest_path_from_sink" time="0.001" /><testcase classname="tests.graphs.test_compute_metrics_dfg" name="test_path_lengths_empty_graph_returns_empty" time="0.000" /><testcase classname="tests.graphs.test_compute_metrics_dfg" name="test_density_various_graphs[4-6-0.5]" time="0.000" /><testcase classname="tests.graphs.test_compute_metrics_dfg" name="test_density_various_graphs[5-10-0.5]" time="0.001" /><testcase classname="tests.graphs.test_compute_metrics" name="test_pagerank_outward_star_hub_has_low_rank" time="0.001" /><testcase classname="tests.graphs.test_compute_metrics_dfg" name="test_path_lengths_various_chains[3-2]" time="0.001" /><testcase classname="tests.graphs.test_compute_metrics_dfg" name="test_path_lengths_various_chains[5-4]" time="0.001" /><testcase classname="tests.graphs.test_compute_metrics_dfg" name="test_path_lengths_diamond_graph" time="0.000" /><testcase classname="tests.graphs.test_compute_metrics_paths" name="test_simple_paths_no_sources" time="0.000" /><testcase classname="tests.graphs.test_compute_metrics_paths" name="test_simple_paths_no_targets" time="0.000" /><testcase classname="tests.graphs.test_compute_metrics" name="test_hub_nodes_threshold_ratio_parameter" time="0.000" /><testcase classname="tests.graphs.test_compute_metrics_dfg" name="test_cycles_detected_various_sizes[2]" time="0.001" /><testcase classname="tests.graphs.test_compute_metrics_dfg" name="test_cycles_detected_various_sizes[3]" time="0.001" /><testcase classname="tests.graphs.test_compute_metrics_community" name="test_modularity_single_community" time="0.001" /><testcase classname="tests.graphs.test_compute_metrics_dfg" name="test_find_cycles_with_dag_part" time="0.001" /><testcase classname="tests.graphs.test_compute_metrics_dfg" name="test_dfg_path_stats_frozen" time="0.000" /><testcase classname="tests.graphs.test_compute_metrics_community" name="test_modularity_resolution_parameter" time="0.001" /><testcase classname="tests.graphs.test_compute_metrics_dfg" name="test_cycles_detected_various_sizes[5]" time="0.001" /><testcase classname="tests.graphs.test_compute_metrics_dfg" name="test_cycles_detected_various_sizes[10]" time="0.001" /><testcase classname="tests.graphs.test_compute_metrics_community" name="test_two_cliques_detected_separately[5-5]" time="0.001" /><testcase classname="tests.graphs.test_compute_metrics_paths" name="test_simple_paths_multiple_sources" time="0.001" /><testcase classname="tests.graphs.test_compute_metrics_community" name="test_greedy_various_sizes[20]" time="0.005" /><testcase classname="tests.graphs.test_compute_metrics_paths" name="test_simple_paths_max_paths_limit" time="0.001" /><testcase classname="tests.graphs.test_compute_metrics" name="test_all_structural_complete_graph_metrics" time="0.003" /><testcase classname="tests.graphs.test_compute_metrics_dfg" name="test_dfg_components_single_node" time="0.001" /><testcase classname="tests.graphs.test_compute_metrics_paths" name="test_reachable_nodes_empty_graph" time="0.001" /><testcase classname="tests.graphs.test_compute_metrics" name="test_clustering_complete_graph_full" time="0.001" /><testcase classname="tests.graphs.test_compute_metrics_cfg" name="test_loop_headers_dag_has_no_loops" time="0.001" /><testcase classname="tests.graphs.test_compute_metrics_cfg" name="test_loop_headers_simple_cycle" time="0.000" /><testcase classname="tests.graphs.test_compute_metrics_cfg" name="test_loop_headers_self_loop" time="0.000" /><testcase classname="tests.graphs.test_compute_metrics_dfg" name="test_find_cycles_multiple_cycles" time="0.001" /><testcase classname="tests.graphs.test_compute_metrics_dfg" name="test_find_cycles_limit_respected" time="0.001" /><testcase classname="tests.graphs.test_compute_metrics_community" name="test_louvain_single_node" time="0.001" /><testcase classname="tests.graphs.test_compute_metrics_dfg" name="test_dfg_components_mixed_graph" time="0.000" /><testcase classname="tests.graphs.test_compute_metrics_dfg" name="test_def_use_chains_empty_graph_returns_empty" time="0.000" /><testcase classname="tests.graphs.test_compute_metrics" name="test_scc_empty_graph_returns_empty" time="0.000" /><testcase classname="tests.graphs.test_compute_metrics_paths" name="test_avg_shortest_path_source_not_in_graph" time="0.000" /><testcase classname="tests.graphs.test_compute_metrics_community" name="test_greedy_directed_graph_converted" time="0.001" /><testcase classname="tests.graphs.test_compute_metrics_paths" name="test_simple_paths_self_loop_handled" time="0.001" /><testcase classname="tests.graphs.test_compute_metrics" name="test_structural_triangles_complete_graph_counts" time="0.001" /><testcase classname="tests.graphs.test_compute_metrics_cfg" name="test_chain_graph_depths_parametrized[5-4]" time="0.002" /><testcase classname="tests.graphs.test_compute_metrics_cfg" name="test_chain_graph_depths_parametrized[10-9]" time="0.001" /><testcase classname="tests.graphs.test_compute_metrics_cfg" name="test_cycle_graphs_have_loop_headers[2]" time="0.000" /><testcase classname="tests.graphs.test_compute_metrics_cfg" name="test_dominator_tree_multiple_paths" time="0.001" /><testcase classname="tests.graphs.test_compute_metrics_community" name="test_louvain_various_sizes[5]" time="0.002" /><testcase classname="tests.graphs.test_compute_metrics_community" name="test_louvain_various_sizes[10]" time="0.001" /><testcase classname="tests.graphs.test_compute_metrics_dfg" name="test_use_def_chains_chain_graph" time="0.001" /><testcase classname="tests.graphs.test_compute_metrics_paths" name="test_reachable_nodes_cyclic_graph" time="0.001" /><testcase classname="tests.graphs.test_compute_metrics_community" name="test_louvain_seed_reproducibility" time="0.001" /><testcase classname="tests.graphs.test_compute_metrics_paths" name="test_avg_shortest_path_chain_graph" time="0.001" /><testcase classname="tests.graphs.test_compute_metrics" name="test_community_frozen" time="0.001" /><testcase classname="tests.graphs.test_compute_metrics_paths" name="test_reachable_nodes_diamond" time="0.001" /><testcase classname="tests.graphs.test_compute_metrics_cfg" name="test_longest_path_chain_graph" time="0.000" /><testcase classname="tests.graphs.test_compute_metrics_paths" name="test_simple_paths_chain_graph" time="0.001" /><testcase classname="tests.graphs.test_compute_metrics_dfg" name="test_def_use_chains_diamond_graph" time="0.000" /><testcase classname="tests.graphs.test_compute_metrics_paths" name="test_reachable_nodes_star_spoke" time="0.001" /><testcase classname="tests.graphs.test_compute_metrics_cfg" name="test_chain_graph_depths_parametrized[3-2]" time="0.001" /><testcase classname="tests.graphs.test_compute_metrics_dfg" name="test_use_def_chains_diamond_graph" time="0.000" /><testcase classname="tests.graphs.test_compute_metrics_dfg" name="test_use_def_chains_star_inward" time="0.000" /><testcase classname="tests.graphs.test_compute_metrics_cfg" name="test_cycle_graphs_have_loop_headers[3]" time="0.001" /><testcase classname="tests.graphs.test_compute_metrics_paths" name="test_simple_paths_cutoff_limit" time="0.000" /><testcase classname="tests.graphs.test_compute_metrics_statistics" name="test_degrees_chain_undirected" time="0.000" /><testcase classname="tests.graphs.test_compute_metrics_community" name="test_louvain_various_sizes[15]" time="0.001" /><testcase classname="tests.graphs.test_compute_metrics_paths" name="test_reachable_nodes_single_node" time="0.000" /><testcase classname="tests.graphs.test_compute_metrics_statistics" name="test_degree_values" time="0.000" /><testcase classname="tests.graphs.test_compute_metrics_paths" name="test_integration_reachable_matches_path_count" time="0.001" /><testcase classname="tests.graphs.test_compute_metrics_paths" name="test_reachable_nodes_from_middle" time="0.000" /><testcase classname="tests.graphs.test_compute_metrics_paths" name="test_integration_avg_path_length_consistency" time="0.001" /><testcase classname="tests.graphs.test_compute_metrics_paths" name="test_avg_shortest_path_star_graph" time="0.000" /><testcase classname="tests.graphs.test_compute_metrics_paths" name="test_reachable_nodes_star_graph" time="0.000" /><testcase classname="tests.graphs.test_compute_metrics_paths" name="test_reachable_various_chains[10-10]" time="0.001" /><testcase classname="tests.graphs.test_compute_metrics_dfg" name="test_cycles_detected_various_sizes[4]" time="0.001" /><testcase classname="tests.graphs.test_compute_metrics_statistics" name="test_in_degrees_chain_graph" time="0.000" /><testcase classname="tests.graphs.test_compute_metrics_cfg" name="test_loop_headers_nested_loops" time="0.000" /><testcase classname="tests.graphs.test_compute_metrics_statistics" name="test_diameter_single_node" time="0.001" /><testcase classname="tests.graphs.test_compute_metrics_dfg" name="test_find_cycles_self_loop" time="0.001" /><testcase classname="tests.graphs.test_compute_metrics_paths" name="test_reachable_star_graphs[3-4]" time="0.001" /><testcase classname="tests.graphs.test_compute_metrics_statistics" name="test_degrees_complete_graph" time="0.000" /><testcase classname="tests.graphs.test_compute_metrics_dfg" name="test_path_lengths_various_chains[10-9]" time="0.001" /><testcase classname="tests.graphs.test_compute_metrics_paths" name="test_paths_with_various_cutoffs[3-1-0]" time="0.001" /><testcase classname="tests.graphs.test_compute_metrics_paths" name="test_simple_paths_node_not_in_graph" time="0.000" /><testcase classname="tests.graphs.test_compute_metrics_paths" name="test_simple_paths_multiple_targets" time="0.000" /><testcase classname="tests.graphs.test_compute_metrics_statistics" name="test_out_degrees_diamond_graph" time="0.000" /><testcase classname="tests.graphs.test_compute_metrics_statistics" name="test_avg_path_length_disconnected_uses_largest" time="0.001" /><testcase classname="tests.graphs.test_compute_metrics_dfg" name="test_dfg_density_chain_graph" time="0.000" /><testcase classname="tests.graphs.test_compute_metrics_dfg" name="test_find_cycles_empty_graph_returns_empty" time="0.000" /><testcase classname="tests.graphs.test_compute_metrics_dfg" name="test_path_lengths_various_chains[2-1]" time="0.001" /><testcase classname="tests.graphs.test_compute_metrics_statistics" name="test_in_degrees_diamond_graph" time="0.000" /><testcase classname="tests.graphs.test_compute_metrics_paths" name="test_reachable_nodes_disconnected" time="0.000" /><testcase classname="tests.graphs.test_compute_metrics_dfg" name="test_dfg_density_empty_graph_returns_zero" time="0.000" /><testcase classname="tests.graphs.test_compute_metrics_statistics" name="test_avg_path_length_single_node" time="0.001" /><testcase classname="tests.graphs.test_compute_metrics_statistics" name="test_in_degrees_star_graph" time="0.000" /><testcase classname="tests.graphs.test_compute_metrics_paths" name="test_simple_paths_empty_graph" time="0.001" /><testcase classname="tests.graphs.test_compute_metrics_paths" name="test_reachable_tree_graphs[3-2]" time="0.001" /><testcase classname="tests.graphs.test_compute_metrics_paths" name="test_reachable_various_chains[2-2]" time="0.001" /><testcase classname="tests.graphs.test_compute_metrics_statistics" name="test_condensation_layers_empty_graph" time="0.000" /><testcase classname="tests.graphs.test_compute_metrics_paths" name="test_reachable_star_graphs[1-2]" time="0.000" /><testcase classname="tests.graphs.test_compute_metrics_dfg" name="test_density_various_graphs[3-2-0.3333333333333333]" time="0.001" /><testcase classname="tests.graphs.test_compute_metrics_statistics" name="test_out_degrees_chain_graph" time="0.000" /><testcase classname="tests.graphs.test_compute_metrics_statistics" name="test_diameter_chain_graph" time="0.001" /><testcase classname="tests.graphs.test_compute_metrics" name="test_all_structural_empty_graph_returns_empty" time="0.000" /><testcase classname="tests.graphs.test_compute_metrics_statistics" name="test_in_degree_values" time="0.000" /><testcase classname="tests.graphs.test_compute_metrics_statistics" name="test_avg_path_length_complete_graph" time="0.001" /><testcase classname="tests.graphs.test_compute_metrics_paths" name="test_avg_shortest_path_diamond_graph" time="0.000" /><testcase classname="tests.graphs.test_compute_metrics_statistics" name="test_out_degrees_empty_graph" time="0.000" /><testcase classname="tests.graphs.test_compute_metrics_paths" name="test_reachable_nodes_source_not_in_graph" time="0.000" /><testcase classname="tests.graphs.test_compute_metrics_paths" name="test_simple_paths_diamond_graph" time="0.000" /><testcase classname="tests.graphs.test_compute_metrics_paths" name="test_avg_shortest_path_single_node" time="0.000" /><testcase classname="tests.graphs.test_compute_metrics_paths" name="test_reachable_various_chains[3-3]" time="0.002" /><testcase classname="tests.graphs.test_compute_metrics_statistics" name="test_statistics_single_node" time="0.001" /><testcase classname="tests.graphs.test_compute_metrics_paths" name="test_paths_with_various_cutoffs[3-2-1]" time="0.001" /><testcase classname="tests.graphs.test_compute_metrics_dfg" name="test_find_cycles_nested_cycles" time="0.001" /><testcase classname="tests.graphs.test_compute_metrics_statistics" name="test_degrees_empty_graph" time="0.000" /><testcase classname="tests.graphs.test_compute_metrics_statistics" name="test_condensation_layers_tree_graphs[2-2]" time="0.001" /><testcase classname="tests.graphs.test_compute_metrics_statistics" name="test_condensation_layers_cycle_graph[2]" time="0.001" /><testcase classname="tests.graphs.test_compute_metrics_statistics" name="test_avg_path_length_chain_graph" time="0.001" /><testcase classname="tests.graphs.test_compute_metrics_statistics" name="test_condensation_layers_cycle_graph[10]" time="0.001" /><testcase classname="tests.graphs.test_compute_metrics_statistics" name="test_condensation_layers_cycle_graph[3]" time="0.001" /><testcase classname="tests.graphs.test_compute_metrics_paths" name="test_avg_shortest_path_disconnected_source" time="0.000" /><testcase classname="tests.graphs.test_compute_metrics_paths" name="test_reachable_star_graphs[10-11]" time="0.001" /><testcase classname="tests.graphs.test_compute_metrics_paths" name="test_reachable_star_graphs[5-6]" time="0.001" /><testcase classname="tests.graphs.test_compute_metrics_statistics" name="test_diameter_empty_graph" time="0.000" /><testcase classname="tests.graphs.test_compute_metrics_statistics" name="test_out_degree_values" time="0.000" /><testcase classname="tests.graphs.test_compute_metrics_statistics" name="test_condensation_layers_tree_graphs[3-3]" time="0.001" /><testcase classname="tests.graphs.test_compute_metrics_statistics" name="test_statistics_empty_graph" time="0.000" /><testcase classname="tests.graphs.test_compute_metrics_paths" name="test_reachable_tree_graphs[3-3]" time="0.001" /><testcase classname="tests.graphs.test_compute_metrics_statistics" name="test_diameter_star_graph" time="0.001" /><testcase classname="tests.graphs.test_compute_metrics_statistics" name="test_chain_scc_counts[5-5]" time="0.001" /><testcase classname="tests.graphs.test_compute_metrics_statistics" name="test_condensation_layers_chain_graph" time="0.001" /><testcase classname="tests.graphs.test_compute_metrics_dfg" name="test_def_use_chains_single_node" time="0.000" /><testcase classname="tests.graphs.test_compute_metrics_statistics" name="test_condensation_layers_tree_graphs[3-2]" time="0.001" /><testcase classname="tests.graphs.test_compute_metrics_paths" name="test_reachable_various_chains[5-5]" time="0.001" /><testcase classname="tests.graphs.test_compute_metrics_statistics" name="test_avg_path_length_empty_graph" time="0.000" /><testcase classname="tests.graphs.test_compute_metrics_paths" name="test_simple_paths_unreachable_target" time="0.001" /><testcase classname="tests.graphs.test_compute_metrics_statistics" name="test_in_degrees_empty_graph" time="0.000" /><testcase classname="tests.graphs.test_compute_metrics_statistics" name="test_condensation_layers_single_node" time="0.001" /><testcase classname="tests.graphs.test_compute_metrics_statistics" name="test_condensation_layers_cycle_graph[4]" time="0.000" /><testcase classname="tests.graphs.test_compute_metrics_statistics" name="test_condensation_layers_cycle_graph[5]" time="0.001" /><testcase classname="tests.graphs.test_compute_metrics" name="test_realistic_hub_detection" time="0.000" /><testcase classname="tests.graphs.test_compute_metrics_paths" name="test_paths_with_various_cutoffs[4-2-0]" time="0.001" /><testcase classname="tests.graphs.test_compute_metrics_statistics" name="test_condensation_layers_diamond_graph" time="0.001" /><testcase classname="tests.graphs.test_compute_metrics_statistics" name="test_statistics_chain_graph" time="0.001" /><testcase classname="tests.graphs.test_compute_metrics_statistics" name="test_out_degrees_star_graph" time="0.000" /><testcase classname="tests.graphs.test_compute_symbols_extended" name="test_symbol_occurrence_frozen" time="0.000" /><testcase classname="tests.graphs.test_compute_metrics_statistics" name="test_chain_scc_counts[10-10]" time="0.001" /><testcase classname="tests.graphs.test_compute_metrics_statistics" name="test_diameter_disconnected_uses_largest_component" time="0.002" /><testcase classname="tests.graphs.test_compute_metrics_statistics" name="test_cycle_single_scc[10]" time="0.001" /><testcase classname="tests.graphs.test_compute_metrics_statistics" name="test_statistics_returns_dataclass" time="0.001" /><testcase classname="tests.graphs.test_compute_symbols_extended" name="test_build_def_map_simple" time="0.000" /><testcase classname="tests.graphs.test_compute_symbols_extended" name="test_symbol_occurrence_is_reference" time="0.001" /><testcase classname="tests.graphs.test_compute_metrics_statistics" name="test_complete_edge_counts[4]" time="0.001" /><testcase classname="tests.graphs.test_compute_metrics_statistics" name="test_statistics_disconnected_graph" time="0.001" /><testcase classname="tests.graphs.test_compute_metrics_statistics" name="test_statistics_complete_graph" time="0.001" /><testcase classname="tests.graphs.test_compute_symbols_extended" name="test_symbol_occurrence_combined_roles" time="0.000" /><testcase classname="tests.graphs.test_compute_symbols_extended" name="test_symbol_occurrence_is_import" time="0.000" /><testcase classname="tests.graphs.test_compute_metrics_statistics" name="test_cycle_single_scc[3]" time="0.001" /><testcase classname="tests.graphs.test_compute_metrics_statistics" name="test_chain_scc_counts[2-2]" time="0.001" /><testcase classname="tests.graphs.test_compute_metrics_statistics" name="test_statistics_star_graph" time="0.001" /><testcase classname="tests.graphs.test_compute_metrics_statistics" name="test_statistics_avg_degrees" time="0.001" /><testcase classname="tests.graphs.test_compute_metrics_statistics" name="test_diameter_complete_graph" time="0.002" /><testcase classname="tests.graphs.test_compute_symbols_extended" name="test_symbol_occurrence_no_roles" time="0.000" /><testcase classname="tests.graphs.test_compute_metrics_statistics" name="test_graph_statistics_frozen" time="0.000" /><testcase classname="tests.graphs.test_compute_metrics_statistics" name="test_statistics_cyclic_graph" time="0.001" /><testcase classname="tests.graphs.test_compute_metrics_paths" name="test_paths_with_various_cutoffs[4-3-1]" time="0.001" /><testcase classname="tests.graphs.test_compute_metrics_statistics" name="test_complete_edge_counts[3]" time="0.001" /><testcase classname="tests.graphs.test_compute_symbols_extended" name="test_symbol_occurrence_is_definition" time="0.000" /><testcase classname="tests.graphs.test_compute_metrics_statistics" name="test_in_degrees_single_node" time="0.000" /><testcase classname="tests.graphs.test_compute_metrics_statistics" name="test_cycle_single_scc[5]" time="0.001" /><testcase classname="tests.graphs.test_compute_symbols_extended" name="test_symbol_occurrence_is_call" time="0.000" /><testcase classname="tests.graphs.test_compute_metrics_paths" name="test_reachable_tree_graphs[2-2]" time="0.001" /><testcase classname="tests.graphs.test_compute_metrics_statistics" name="test_condensation_layers_mixed_graph" time="0.001" /><testcase classname="tests.graphs.test_compute_metrics_statistics" name="test_chain_is_dag[3]" time="0.001" /><testcase classname="tests.graphs.test_compute_metrics_statistics" name="test_chain_is_dag[5]" time="0.001" /><testcase classname="tests.graphs.test_compute_metrics_statistics" name="test_complete_edge_counts[5]" time="0.001" /><testcase classname="tests.graphs.test_compute_symbols_extended" name="test_build_use_edges_simple" time="0.000" /><testcase classname="tests.graphs.test_compute_symbols_extended" name="test_symbol_use_row_attributes" time="0.000" /><testcase classname="tests.graphs.test_compute_symbols_extended" name="test_build_use_edges_multiple_uses" time="0.000" /><testcase classname="tests.graphs.test_engine_nx" name="test_cache_seed_with_none_is_noop" time="0.000" /><testcase classname="tests.graphs.test_compute_symbols_extended" name="test_build_def_map_first_definition_wins" time="0.000" /><testcase classname="tests.graphs.test_engine_nx" name="test_cache_get_calls_loader_when_not_cached" time="0.000" /><testcase classname="tests.graphs.test_compute_symbols_extended" name="test_build_use_edges_no_definition_skipped" time="0.000" /><testcase classname="tests.graphs.test_engine_nx" name="test_module_attrs_from_row_coerces_values" time="0.000" /><testcase classname="tests.graphs.test_engine_nx" name="test_cache_invalidate_with_missing_key_is_noop" time="0.000" /><testcase classname="tests.graphs.test_compute_symbols_extended" name="test_build_def_map_ignores_references" time="0.000" /><testcase classname="tests.graphs.test_compute_symbols_extended" name="test_build_use_edges_empty" time="0.000" /><testcase classname="tests.graphs.test_engine_nx" name="test_cache_clear_removes_all_entries" time="0.000" /><testcase classname="tests.graphs.test_engine_nx" name="test_cache_seed_stores_graph" time="0.000" /><testcase classname="tests.graphs.test_compute_symbols_extended" name="test_build_use_edges_same_file" time="0.000" /><testcase classname="tests.graphs.test_compute_symbols_extended" name="test_build_def_map_empty" time="0.000" /><testcase classname="tests.graphs.test_compute_symbols_extended" name="test_build_use_edges_same_module" time="0.000" /><testcase classname="tests.graphs.test_engine_nx" name="test_cache_invalidate_removes_specific_entry" time="0.001" /><testcase classname="tests.graphs.test_compute_symbols_extended" name="test_symbol_use_row_frozen" time="0.000" /><testcase classname="tests.graphs.test_compute_symbols_extended" name="test_symbol_use_edge_optional_goids" time="0.001" /><testcase classname="tests.graphs.test_compute_symbols_extended" name="test_symbol_use_edge_attributes" time="0.000" /><testcase classname="tests.graphs.test_compute_symbols_extended" name="test_symbol_use_edge_frozen" time="0.000" /><testcase classname="tests.graphs.test_resources" name="test_registry_register_and_require" time="0.001" /><testcase classname="tests.graphs.test_function_index" name="test_lookup_falls_back_to_enclosing_and_same_line" time="0.001" /><testcase classname="tests.graphs.test_engine_nx" name="test_cache_get_returns_cached_graph" time="0.001" /><testcase classname="tests.graphs.test_gpu_backend" name="test_enable_nx_cugraph_backend_invokes_setter" time="0.000" /><testcase classname="tests.graphs.test_resources" name="test_registry_require_by_name_not_found" time="0.001" /><testcase classname="tests.graphs.test_resources" name="test_base_provider_lazy_loading" time="0.001" /><testcase classname="tests.graphs.test_gpu_backend" name="test_enable_nx_cugraph_backend_missing_module" time="0.001" /><testcase classname="tests.graphs.test_resources" name="test_registry_factory_lazy_creation" time="0.001" /><testcase classname="tests.graphs.test_resources" name="test_registry_has_registered" time="0.001" /><testcase classname="tests.graphs.test_gpu_backend" name="test_maybe_enable_nx_gpu_falls_back_when_missing" time="0.001" /><testcase classname="tests.graphs.test_function_index" name="test_lookup_prefers_exact_span_and_qualname" time="0.001" /><testcase classname="tests.graphs.test_resources" name="test_registry_has_factory" time="0.000" /><testcase classname="tests.graphs.test_resources" name="test_registry_invalidate_all" time="0.001" /><testcase classname="tests.graphs.test_resources" name="test_registry_require_not_found" time="0.001" /><testcase classname="tests.graphs.test_engine_nx" name="test_numeric_normalizers" time="0.000" /><testcase classname="tests.graphs.test_resources" name="test_registry_overwrite_allows_new_value" time="0.001" /><testcase classname="tests.graphs.test_resources" name="test_registry_registered_names" time="0.001" /><testcase classname="tests.graphs.test_resources" name="test_base_provider_load_not_implemented" time="0.001" /><testcase classname="tests.graphs.test_resources" name="test_storage_resource_resource_name_constant" time="0.000" /><testcase classname="tests.graphs.test_resources" name="test_base_provider_reloads_after_invalidate" time="0.000" /><testcase classname="tests.graphs.test_resources" name="test_storage_resource_not_registered" time="0.001" /><testcase classname="tests.graphs.test_resources" name="test_storage_resource_require_missing_raises" time="0.001" /><testcase classname="tests.graphs.test_resources" name="test_registry_cleanup" time="0.001" /><testcase classname="tests.graphs.test_resources" name="test_resource_not_found_error_message" time="0.000" /><testcase classname="tests.graphs.test_resources_catalog" name="test_catalog_service_name_constant" time="0.001" /><testcase classname="tests.graphs.test_resources_catalog" name="test_function_spans_contains_expected_goids" time="0.001" /><testcase classname="tests.graphs.test_resources_catalog" name="test_module_by_path_returns_mapping" time="0.001" /><testcase classname="tests.graphs.test_resources_catalog" name="test_paths_empty_catalog" time="0.001" /><testcase classname="tests.graphs.test_resources_catalog" name="test_function_spans_repopulates_after_invalidate" time="0.001" /><testcase classname="tests.graphs.test_resources_catalog" name="test_spans_for_path_nonexistent_file" time="0.001" /><testcase classname="tests.graphs.test_resources_catalog" name="test_local_name_map_nonexistent_file" time="0.001" /><testcase classname="tests.graphs.test_resources_catalog" name="test_spans_for_path_returns_span_objects" time="0.002" /><testcase classname="tests.graphs.test_resources_catalog" name="test_local_name_map_returns_mapping" time="0.002" /><testcase classname="tests.graphs.test_resources_catalog" name="test_spans_for_path_includes_urns" time="0.001" /><testcase classname="tests.graphs.test_resources_catalog" name="test_lookup_goid_wrong_file" time="0.001" /><testcase classname="tests.graphs.test_resources_catalog" name="test_lookup_goid_finds_function" time="0.002" /><testcase classname="tests.graphs.test_resources_catalog" name="test_lookup_goid_finds_method" time="0.002" /><testcase classname="tests.graphs.test_resources_catalog" name="test_lookup_goid_not_found" time="0.001" /><testcase classname="tests.graphs.test_resources_catalog" name="test_urn_for_goid_returns_urn" time="0.002" /><testcase classname="tests.graphs.test_resources_catalog" name="test_urn_for_goid_unknown_returns_none" time="0.001" /><testcase classname="tests.graphs.test_resources_catalog" name="test_lookup_goid_empty_catalog" time="0.001" /><testcase classname="tests.graphs.test_resources_catalog" name="test_urn_for_goid_empty_catalog" time="0.001" /><testcase classname="tests.graphs.test_resources_catalog" name="test_urn_lookup_parametrized" time="0.001" /><testcase classname="tests.graphs.test_resources_catalog" name="test_urn_for_goid_all_goids" time="0.003" /><testcase classname="tests.graphs.test_resources_catalog" name="test_span_has_all_properties" time="0.001" /><testcase classname="tests.graphs.test_resources_catalog" name="test_spans_for_path_count" time="0.001" /><testcase classname="tests.graphs.test_validation" name="test_run_graph_validations_snapshot_mismatch_raises" time="3.911" /><testcase classname="tests.graphs.test_resources" name="test_storage_resource_protocol_conformance" time="3.936" /><testcase classname="tests.graphs.test_resources" name="test_storage_resource_invalidate_noop" time="3.954" /><testcase classname="tests.graphs.test_validation" name="test_call_graph_findings_with_scc" time="0.001" /><testcase classname="tests.graphs.test_resources_catalog" name="test_spans_for_path_single_span_file" time="0.002" /><testcase classname="tests.graphs.test_validation" name="test_import_cycle_findings_detects_cross_package_cycles" time="0.001" /><testcase classname="tests.graphs.test_validation" name="test_import_hub_findings_detects_hubs" time="0.001" /><testcase classname="tests.graphs.test_validation" name="test_import_upward_findings_detects_layer_violations" time="0.006" /><testcase classname="tests.graphs.test_validation" name="test_import_upward_findings_ignores_downward" time="0.000" /><testcase classname="tests.graphs.test_resources_catalog" name="test_catalog_service_implements_catalog_port" time="0.001" /><testcase classname="tests.graphs.test_validation" name="test_import_graph_findings_combines_checks" time="0.001" /><testcase classname="tests.graphs.test_validation" name="test_symbol_graph_findings_detects_hubs" time="0.001" /><testcase classname="tests.graphs.test_validation" name="test_symbol_graph_findings_empty_graph" time="0.000" /><testcase classname="tests.graphs.test_validation" name="test_config_key_findings_detects_broad_usage" time="0.001" /><testcase classname="tests.graphs.test_validation" name="test_config_key_findings_empty_graph" time="0.001" /><testcase classname="tests.graphs.test_validation" name="test_import_bridge_findings_detects_bridges" time="0.001" /><testcase classname="tests.graphs.test_validation" name="test_run_graph_validations_caps_findings" time="4.088" /><testcase classname="tests.graphs.test_engine_nx" name="test_load_call_graph_weights_and_isolated_nodes" time="4.254" /><testcase classname="tests.graphs.test_resources" name="test_storage_resource_execute_mutation" time="4.001" /><testcase classname="tests.graphs.test_resources_catalog" name="test_invalidate_clears_cache" time="0.001" /><testcase classname="tests.graphs.test_resources" name="test_storage_resource_require" time="4.108" /><testcase classname="tests.graphs.test_resources_catalog" name="test_function_spans_returns_all_spans" time="0.001" /><testcase classname="tests.graphs.test_resources" name="test_storage_resource_connection_usable" time="4.129" /><testcase classname="tests.graphs.test_engine_nx" name="test_load_symbol_module_graph_weights" time="4.598" /><testcase classname="tests.graphs.test_engine_factory" name="test_build_graph_engine_uses_backend_flags" time="4.632" /><testcase classname="tests.graphs.test_validation" name="test_call_graph_findings_with_hub_nodes" time="0.001" /><testcase classname="tests.graphs.test_resources_catalog" name="test_spans_for_path_returns_file_spans" time="0.001" /><testcase classname="tests.graphs.test_resources" name="test_storage_resource_execute_query" time="4.170" /><testcase classname="tests.graphs.test_resources_catalog" name="test_catalog_service_get_returns_self" time="0.001" /><testcase classname="tests.graphs.test_resources" name="test_storage_resource_retrieval" time="4.213" /><testcase classname="tests.graphs.test_engine_nx" name="test_engine_matches_nx_views_for_core_graphs" time="6.927" /><testcase classname="tests.graphs.test_resources" name="test_resource_provider_protocol_conformance" time="0.001" /><testcase classname="tests.graphs.test_resources" name="test_storage_resource_creation" time="4.263" /><testcase classname="tests.graphs.test_resources" name="test_storage_resource_registration" time="4.267" /><testcase classname="tests.graphs.test_resources" name="test_storage_resource_gateway_access" time="4.273" /><testcase classname="tests.graphs.test_resources" name="test_resource_not_found_error_is_exception" time="0.001" /><testcase classname="tests.graphs.test_resources_catalog" name="test_function_spans_caches_result" time="0.001" /><testcase classname="tests.graphs.test_resources_catalog" name="test_function_spans_returns_span_objects" time="0.001" /><testcase classname="tests.graphs.test_engine_nx" name="test_load_test_function_bipartite_weights" time="4.322" /><testcase classname="tests.graphs.test_resources" name="test_resource_provider_base_protocol_conformance" time="0.001" /><testcase classname="tests.graphs.test_graph_validation_catalog" name="test_graph_validation_orphan_uses_catalog_map" time="4.588" /><testcase classname="tests.graphs.test_resources" name="test_storage_resource_path_is_pathlib" time="4.444" /><testcase classname="tests.graphs.test_resources_catalog" name="test_catalog_service_name_property" time="0.001" /><testcase classname="tests.graphs.test_validation" name="test_run_graph_validations_hard_fail_on_error" time="4.687" /><testcase classname="tests.graphs.test_engine_factory" name="test_build_graph_engine_cpu_backend_leaves_env_clean" time="4.636" /><testcase classname="tests.graphs.test_gpu_backend" name="test_maybe_enable_nx_gpu_raises_when_strict" time="0.002" /><testcase classname="tests.graphs.test_resources" name="test_storage_resource_execute_mutation_with_params" time="4.646" /><testcase classname="tests.graphs.test_resources" name="test_storage_resource_execute_query_empty_result" time="4.652" /><testcase classname="tests.graphs.test_resources" name="test_storage_resource_path_absolute" time="4.662" /><testcase classname="tests.graphs.test_resources_catalog" name="test_function_spans_contains_urns" time="0.001" /><testcase classname="tests.graphs.test_engine_nx" name="test_load_symbol_function_graph_handles_duckdb_error_and_normalization" time="4.688" /><testcase classname="tests.graphs.test_resources_catalog" name="test_function_spans_empty_catalog" time="0.001" /><testcase classname="tests.graphs.test_resources_catalog" name="test_paths_returns_all_paths" time="0.013" /><testcase classname="tests.graphs.test_resources" name="test_storage_resource_multiple_resources_same_gateway" time="4.699" /><testcase classname="tests.graphs.test_resources_catalog" name="test_module_by_path_empty_catalog" time="0.001" /><testcase classname="tests.graphs.test_validation" name="test_import_cycle_findings_detects_large_cycles" time="0.003" /><testcase classname="tests.graphs.test_backend_selection" name="test_build_graph_runtime_captures_backend_info" time="5.116" /><testcase classname="tests.graphs.test_resources" name="test_storage_resource_execute_query_with_params" time="4.939" /><testcase classname="tests.graphs.test_validation" name="test_run_graph_validations_emits_warnings" time="5.073" /><testcase classname="tests.graphs.test_callgraph_builder" name="test_callgraph_handles_aliases_and_relative_imports" time="2.527" /><testcase classname="tests.graphs.test_engine_nx" name="test_parse_reference_modules_and_config_bipartite" time="5.535" /><testcase classname="tests.graphs.test_engine_nx" name="test_load_import_graph_with_missing_import_modules" time="5.095" /><testcase classname="tests.graphs.test_resources" name="test_base_provider_invalidate" time="0.001" /><testcase classname="tests.graphs.test_validation" name="test_call_graph_findings_empty_graph" time="0.001" /><testcase classname="tests.graphs.test_span_consistency_integration" name="test_span_alignment_across_components" time="5.566" /><testcase classname="tests.graphs.test_resources" name="test_base_provider_resource_name" time="0.001" /><testcase classname="tests.graphs.test_validation" name="test_call_graph_findings_with_isolated_nodes" time="0.002" /><testcase classname="tests.graphs.test_validation_flags" name="test_validation_strict_escalates_findings" time="2.836" /><testcase classname="tests.graphs.test_validation_flags" name="test_validation_non_strict_allows_warnings" time="2.863" /><testcase classname="tests.graphs.test_resources" name="test_registry_require_by_name" time="0.001" /><testcase classname="tests.graphs.test_resources_catalog" name="test_catalog_service_require_returns_registered" time="2.819" /><testcase classname="tests.graphs.test_resources" name="test_storage_resource_read_source_not_found" time="2.460" /><testcase classname="tests.graphs.test_resources" name="test_storage_resource_read_source" time="2.647" /><testcase classname="tests.graphs.test_resources" name="test_storage_resource_execute_mutation_multiple_rows" time="2.666" /><testcase classname="tests.graphs.test_resources" name="test_storage_resource_get_returns_self" time="2.631" /><testcase classname="tests.graphs.test_resources_catalog" name="test_catalog_service_registers_with_registry" time="2.350" /><testcase classname="tests.graphs.test_callgraph_resolution" name="test_resolve_callee_precedence_local_then_alias" time="0.000" /><testcase classname="tests.graphs.test_callgraph_resolution" name="test_resolve_callee_import_alias_global_attr_chain" time="0.000" /></testsuite></testsuites>