<?xml version="1.0" encoding="utf-8"?><testsuites name="pytest tests"><testsuite name="pytest" errors="0" failures="0" skipped="0" tests="55" time="26.854" timestamp="2025-12-20T11:06:03.828989-06:00" hostname="MacBookPro.lan"><testcase classname="tests.config.test_composite_schemas" name="test_composite_schema_sources_exist[function_profile]" time="0.003" /><testcase classname="tests.config.test_composite_schemas" name="test_composite_schema_sources_exist[file_profile]" time="0.003" /><testcase classname="tests.config.test_composite_schemas" name="test_composite_schema_validation_passes[file_profile]" time="0.004" /><testcase classname="tests.config.test_composite_schemas" name="test_composite_schema_profile_exists[file_profile]" time="0.003" /><testcase classname="tests.config.test_composite_schemas" name="test_composite_schema_profile_exists[function_profile]" time="0.003" /><testcase classname="tests.config.test_composite_schemas" name="test_composite_schema_validation_passes[function_profile]" time="0.004" /><testcase classname="tests.config.test_composite_schemas" name="test_composite_schema_profile_exists[test_profile]" time="0.003" /><testcase classname="tests.config.test_composite_schemas" name="test_composite_schema_sources_exist[test_profile]" time="0.004" /><testcase classname="tests.config.test_composite_schemas" name="test_composite_schema_profile_exists[module_profile]" time="0.003" /><testcase classname="tests.config.test_composite_schemas" name="test_composite_schema_sources_exist[module_profile]" time="0.003" /><testcase classname="tests.config.test_composite_schemas" name="test_get_source_for_column_additional" time="0.001" /><testcase classname="tests.config.test_composite_schemas" name="test_get_source_for_column_mapped" time="0.001" /><testcase classname="tests.config.test_composite_schemas" name="test_source_column_names_excludes_excluded" time="0.001" /><testcase classname="tests.config.test_composite_schemas" name="test_source_column_names_includes_shared" time="0.001" /><testcase classname="tests.config.test_composite_schemas" name="test_get_source_for_column_unique" time="0.001" /><testcase classname="tests.config.test_composite_schemas" name="test_composite_schema_validation_passes[test_profile]" time="0.002" /><testcase classname="tests.config.test_composite_schemas" name="test_composite_schema_validation_passes[module_profile]" time="0.001" /><testcase classname="tests.config.test_composite_schemas" name="test_get_source_for_column_shared" time="0.001" /><testcase classname="tests.config.test_composite_schemas" name="test_composite_has_sources[file_profile]" time="0.001" /><testcase classname="tests.config.test_composite_schemas" name="test_composite_has_sources[function_profile]" time="0.002" /><testcase classname="tests.config.test_composite_schemas" name="test_composite_has_sources[test_profile]" time="0.001" /><testcase classname="tests.config.test_composite_schemas" name="test_source_column_names_applies_mappings" time="0.001" /><testcase classname="tests.config.test_composite_schemas" name="test_non_profile_contracts_no_composition" time="0.152" /><testcase classname="tests.config.test_composite_schemas" name="test_composite_has_sources[module_profile]" time="0.001" /><testcase classname="tests.config.test_composite_schemas" name="test_composite_has_shared_fragments[module_profile]" time="0.001" /><testcase classname="tests.config.test_composite_schemas" name="test_all_profiles_have_composite_schemas" time="0.001" /><testcase classname="tests.config.test_composite_schemas" name="test_composite_has_shared_fragments[test_profile]" time="0.001" /><testcase classname="tests.config.test_composite_schemas" name="test_composite_has_shared_fragments[file_profile]" time="0.002" /><testcase classname="tests.config.test_composite_schemas" name="test_profile_contracts_have_composition" time="0.147" /><testcase classname="tests.config.test_composite_schemas" name="test_composite_has_shared_fragments[function_profile]" time="0.001" /><testcase classname="tests.ingestion.test_ast_utils" name="test_indexes_requested_kinds[case_kinds1-class defs]" time="0.001" /><testcase classname="tests.ingestion.test_ast_utils" name="test_indexes_requested_kinds[case_kinds0-function defs]" time="0.003" /><testcase classname="tests.ingestion.test_ast_utils" name="test_indexes_requested_kinds[case_kinds2-mixed defs]" time="0.001" /><testcase classname="tests.ingestion.test_ast_utils" name="test_empty_tree_returns_empty_index" time="0.002" /><testcase classname="tests.config.test_composite_schemas" name="test_composition_matches_composite_schemas" time="0.141" /><testcase classname="tests.ingestion.test_ast_utils" name="test_ignores_nodes_without_lineno" time="0.002" /><testcase classname="tests.ingestion.test_ast_utils" name="test_lookup_cases[enclosing_span_match-&lt;lambda&gt;-enclosing]" time="0.002" /><testcase classname="tests.ingestion.test_ast_utils" name="test_lookup_cases[no_match_returns_none-&lt;lambda&gt;-missing]" time="0.003" /><testcase classname="tests.ingestion.test_ast_utils" name="test_returns_source_lines" time="0.003" /><testcase classname="tests.ingestion.test_ast_utils" name="test_returns_none_for_syntax_error" time="0.002" /><testcase classname="tests.ingestion.test_ast_utils" name="test_returns_none_for_missing_file" time="0.004" /><testcase classname="tests.ingestion.test_ast_utils" name="test_handles_unicode_content" time="0.002" /><testcase classname="tests.ingestion.test_ast_utils" name="test_parses_valid_file" time="0.006" /><testcase classname="tests.ingestion.test_ast_utils" name="test_returns_lines_tree_and_duration" time="0.002" /><testcase classname="tests.ingestion.test_ast_utils" name="test_timed_parse_returns_none_for_missing_file" time="0.002" /><testcase classname="tests.ingestion.test_ast_utils" name="test_returns_none_for_binary_file" time="0.004" /><testcase classname="tests.ingestion.test_ast_utils" name="test_parses_empty_file" time="0.002" /><testcase classname="tests.ingestion.test_ast_utils" name="test_parse_and_index_workflow" time="0.002" /><testcase classname="tests.ingestion.test_ast_utils" name="test_duration_is_non_negative" time="0.003" /><testcase classname="tests.ingestion.test_ast_utils" name="test_timed_parse_returns_none_on_parse_failure" time="0.005" /><testcase classname="tests.ingestion.test_ast_utils" name="test_multiline_function_span" time="0.004" /><testcase classname="tests.ingestion.test_ast_utils" name="test_ast_visitor_records_decorator_span" time="0.002" /><testcase classname="tests.ingestion.test_ast_utils" name="test_smallest_enclosing_span_preferred" time="0.002" /><testcase classname="tests.ingestion.test_ast_utils" name="test_lookup_cases[none_end_line_uses_start-&lt;lambda&gt;-none_end]" time="0.002" /><testcase classname="tests.ingestion.test_ast_utils" name="test_lookup_cases[exact_span_match-&lt;lambda&gt;-exact]" time="0.004" /></testsuite></testsuites>