<?xml version="1.0" encoding="utf-8"?><testsuites name="pytest tests"><testsuite name="pytest" errors="0" failures="0" skipped="0" tests="303" time="408.422" timestamp="2025-12-28T06:45:09.877376-05:00" hostname="MacBookPro"><testcase classname="tests.storage.repositories.test_functions" name="test_resolve_function_goid_returns_none_when_no_identifiers" time="46.010" /><testcase classname="tests.storage.repositories.test_functions" name="test_resolve_function_goid_passthrough" time="46.123" /><testcase classname="tests.storage.repositories.test_functions" name="test_get_function_summary_by_goid_returns_none_when_not_found" time="46.251" /><testcase classname="tests.storage.repositories.test_dataflow" name="test_list_edges_returns_empty_when_no_match" time="46.986" /><testcase classname="tests.storage.repositories.test_dataflow" name="test_list_nodes_returns_nodes" time="47.489" /><testcase classname="tests.storage.repositories.test_dataflow" name="test_list_edges_filtered_by_src" time="47.680" /><testcase classname="tests.storage.repositories.test_dataflow" name="test_list_edges_filtered_by_dst" time="47.764" /><testcase classname="tests.storage.repositories.test_dataflow" name="test_list_edges_returns_edges" time="47.794" /><testcase classname="tests.storage.repositories.test_dataflow" name="test_list_edges_filtered_by_both" time="48.349" /><testcase classname="tests.storage.repositories.test_dataflow" name="test_list_nodes_includes_expected_columns" time="49.151" /><testcase classname="tests.storage.repositories.test_functions" name="test_list_function_goids_returns_empty_when_no_data" time="16.601" /><testcase classname="tests.storage.repositories.test_functions" name="test_get_function_architecture_returns_none_when_not_found" time="17.059" /><testcase classname="tests.storage.repositories.test_modules" name="test_list_modules_returns_sorted_list" time="18.003" /><testcase classname="tests.storage.repositories.test_functions" name="test_list_function_summaries_for_file_returns_empty_when_no_match" time="16.920" /><testcase classname="tests.storage.repositories.test_functions" name="test_list_high_risk_functions_returns_empty_when_no_match" time="16.859" /><testcase classname="tests.storage.repositories.test_functions" name="test_function_repository_with_docs_export" time="18.807" /><testcase classname="tests.storage.repositories.test_functions" name="test_get_function_profile_returns_none_when_not_found" time="17.080" /><testcase classname="tests.storage.repositories.test_functions" name="test_list_high_risk_functions_with_tested_only_filter" time="18.142" /><testcase classname="tests.storage.repositories.test_functions" name="test_get_function_profile_returns_row" time="17.594" /><testcase classname="tests.storage.repositories.test_functions" name="test_list_function_validation_filters_by_goid" time="18.332" /><testcase classname="tests.storage.repositories.test_modules" name="test_get_file_summary_returns_none_when_not_found" time="17.839" /><testcase classname="tests.storage.repositories.test_modules" name="test_get_module_profile_returns_none_when_not_found" time="17.666" /><testcase classname="tests.storage.repositories.test_modules" name="test_get_module_architecture_returns_none_when_not_found" time="17.786" /><testcase classname="tests.storage.repositories.test_modules" name="test_get_file_profile_returns_none_when_not_found" time="17.869" /><testcase classname="tests.storage.repositories.test_modules" name="test_list_modules_returns_empty_for_no_data" time="17.959" /><testcase classname="tests.storage.repositories.test_repositories" name="test_module_repository_reads" time="18.822" /><testcase classname="tests.storage.repositories.test_modules" name="test_get_file_hints_returns_empty_when_not_found" time="17.721" /><testcase classname="tests.storage.repositories.test_repositories" name="test_function_repository_reads" time="19.308" /><testcase classname="tests.storage.repositories.test_repositories" name="test_subsystem_repository_reads" time="18.227" /><testcase classname="tests.storage.repositories.test_repositories" name="test_data_model_accessors" time="19.451" /><testcase classname="tests.storage.repositories.test_subsystems" name="test_list_subsystems_returns_rows" time="18.167" /><testcase classname="tests.storage.repositories.test_subsystems" name="test_list_subsystems_respects_limit" time="17.768" /><testcase classname="tests.storage.repositories.test_subsystems" name="test_list_subsystems_filters_by_role" time="17.872" /><testcase classname="tests.storage.repositories.test_subsystems" name="test_list_subsystems_searches_by_query" time="17.927" /><testcase classname="tests.storage.repositories.test_subsystems" name="test_get_subsystem_summary_returns_none_for_missing" time="17.968" /><testcase classname="tests.storage.test_bulk_insert_normalization" name="test_bulk_insert_normalizes_numpy_scalars" time="4.935" /><testcase classname="tests.storage.repositories.test_subsystems" name="test_get_subsystem_summary_returns_row" time="17.550" /><testcase classname="tests.storage.test_compiled_select" name="test_sqlglot_tools_extracts_table_keys_and_fingerprint" time="0.009" /><testcase classname="tests.storage.test_data_models" name="test_data_model_row_stores_all_fields" time="0.002" /><testcase classname="tests.storage.test_data_models" name="test_data_model_field_row_is_frozen" time="0.002" /><testcase classname="tests.storage.test_data_models" name="test_data_model_field_row_stores_all_fields" time="0.001" /><testcase classname="tests.storage.test_data_models" name="test_data_model_relationship_row_is_frozen" time="0.002" /><testcase classname="tests.storage.test_data_models" name="test_data_model_relationship_row_stores_all_fields" time="0.001" /><testcase classname="tests.storage.test_data_models" name="test_normalized_data_model_is_frozen" time="0.001" /><testcase classname="tests.storage.test_data_models" name="test_normalized_data_model_stores_nested_data" time="0.001" /><testcase classname="tests.storage.repositories.test_subsystems" name="test_list_subsystem_modules_returns_rows" time="17.703" /><testcase classname="tests.storage.test_conformance" name="test_conformance_report_ok_when_no_issues" time="0.002" /><testcase classname="tests.storage.repositories.test_subsystems" name="test_list_subsystem_memberships_returns_rows" time="17.962" /><testcase classname="tests.storage.test_conformance" name="test_conformance_issue_stores_dataset_and_message" time="0.001" /><testcase classname="tests.storage.repositories.test_subsystems" name="test_search_subsystems_is_alias_for_list" time="18.034" /><testcase classname="tests.storage.test_conformance" name="test_conformance_report_not_ok_when_issues_exist" time="0.001" /><testcase classname="tests.storage.repositories.test_subsystems" name="test_list_subsystems_for_module_returns_rows" time="18.200" /><testcase classname="tests.storage.test_conformance" name="test_conformance_issue_allows_none_dataset" time="0.001" /><testcase classname="tests.storage.test_data_models" name="test_data_model_row_is_frozen" time="0.001" /><testcase classname="tests.storage.repositories.test_subsystems" name="test_list_subsystem_profiles_returns_rows" time="18.224" /><testcase classname="tests.storage.repositories.test_subsystems" name="test_list_subsystem_coverage_returns_rows" time="17.857" /><testcase classname="tests.storage.repositories.test_subsystems" name="test_list_subsystem_profiles_uses_cache_when_present" time="18.195" /><testcase classname="tests.storage.repositories.test_subsystems" name="test_list_subsystem_coverage_uses_cache_when_present" time="18.098" /><testcase classname="tests.storage.test_data_models" name="test_fetch_models_parses_all_fields" time="18.023" /><testcase classname="tests.storage.test_data_models" name="test_fetch_models_returns_empty_list" time="18.298" /><testcase classname="tests.storage.test_data_models" name="test_fetch_fields_returns_empty_list" time="17.965" /><testcase classname="tests.storage.test_data_models" name="test_fetch_models_handles_goid_as_decimal" time="18.341" /><testcase classname="tests.storage.test_data_models" name="test_fetch_fields_filters_by_model_ids" time="18.012" /><testcase classname="tests.storage.test_data_models" name="test_fetch_fields_parses_constraints_json" time="17.810" /><testcase classname="tests.storage.test_conformance" name="test_conformance_passes_with_empty_db" time="18.193" /><testcase classname="tests.storage.test_conformance" name="test_conformance_with_sample_rows_enabled" time="18.342" /><testcase classname="tests.storage.test_conformance" name="test_conformance_skips_missing_schema" time="18.446" /><testcase classname="tests.storage.test_conformance" name="test_conformance_validates_schema_rows" time="18.631" /><testcase classname="tests.storage.test_data_models" name="test_fetch_models_parses_base_classes_from_json" time="17.766" /><testcase classname="tests.storage.test_data_models" name="test_fetch_models_filters_by_repo_commit" time="17.954" /><testcase classname="tests.storage.test_data_models" name="test_fetch_fields_parses_all_fields" time="18.582" /><testcase classname="tests.storage.test_dataflow_graph" name="test_contract_dataflow_includes_all_datasets" time="0.001" /><testcase classname="tests.storage.test_datasets" name="test_dataset_for_name_returns_contract" time="0.002" /><testcase classname="tests.storage.test_datasets" name="test_dataset_for_name_raises_on_unknown" time="0.002" /><testcase classname="tests.storage.test_datasets" name="test_dataset_for_table_returns_contract" time="0.001" /><testcase classname="tests.storage.test_datasets" name="test_dataset_for_table_raises_on_unknown" time="0.002" /><testcase classname="tests.storage.test_datasets" name="test_describe_dataset_returns_serializable_dict" time="0.002" /><testcase classname="tests.storage.test_data_models" name="test_fetch_models_returns_multiple" time="18.369" /><testcase classname="tests.storage.test_datasets" name="test_list_dataset_specs_returns_list" time="0.001" /><testcase classname="tests.storage.test_datasets" name="test_build_dataset_dependency_graph_returns_mapping" time="0.001" /><testcase classname="tests.storage.test_dataflow_graph" name="test_composite_edges_align_with_composite_schemas" time="0.002" /><testcase classname="tests.storage.test_datasets" name="test_dataset_registry_tables_property" time="0.003" /><testcase classname="tests.storage.test_datasets" name="test_dataset_registry_views_property" time="0.001" /><testcase classname="tests.storage.test_datasets" name="test_dataset_registry_jsonl_datasets_contains_table_key" time="0.001" /><testcase classname="tests.storage.test_datasets" name="test_dataset_registry_parquet_datasets_contains_table_key" time="0.001" /><testcase classname="tests.storage.test_data_models" name="test_fetch_fields_without_model_ids_returns_all" time="18.318" /><testcase classname="tests.storage.test_dataflow_graph" name="test_metadata_dataflow_tables_populated" time="17.921" /><testcase classname="tests.storage.test_data_models" name="test_fetch_relationships_returns_empty_list" time="18.401" /><testcase classname="tests.storage.test_dataflow_graph" name="test_alias_docs_views_have_nodes" time="0.001" /><testcase classname="tests.storage.test_datasets" name="test_describe_dataset_shape_with_json_schema" time="0.002" /><testcase classname="tests.storage.test_datasets" name="test_json_schema_datasets_have_row_bindings" time="16.766" /><testcase classname="tests.storage.test_data_models" name="test_fetch_relationships_parses_all_fields" time="18.332" /><testcase classname="tests.storage.test_datasets" name="test_dataset_registry_all_datasets_returns_tuple" time="0.002" /><testcase classname="tests.storage.test_data_models" name="test_fetch_relationships_filters_by_model_ids" time="18.556" /><testcase classname="tests.storage.test_datasets" name="test_dataset_registry_datasets_with_json_schema" time="0.001" /><testcase classname="tests.storage.test_data_models" name="test_fetch_relationships_handles_nullable_fields" time="18.117" /><testcase classname="tests.storage.test_datasets" name="test_dataset_registry_dataset_dependencies" time="0.001" /><testcase classname="tests.storage.test_db_helpers" name="test_safe_count_rows_tolerates_none_connection" time="0.001" /><testcase classname="tests.storage.test_data_models" name="test_fetch_models_normalized_returns_empty_list" time="18.186" /><testcase classname="tests.storage.test_datasets" name="test_dataset_registry_docs_dataset_names" time="0.003" /><testcase classname="tests.storage.test_data_models" name="test_fetch_models_normalized_filters_by_model_ids" time="18.180" /><testcase classname="tests.storage.test_datasets" name="test_dataset_registry_resolve_table_key_raises_on_unknown" time="0.002" /><testcase classname="tests.storage.test_data_models" name="test_fetch_models_normalized_joins_data" time="18.515" /><testcase classname="tests.storage.test_datasets" name="test_dataset_registry_resolve_table_key_returns_qualified" time="0.001" /><testcase classname="tests.storage.test_datasets" name="test_load_dataset_registry_from_db" time="17.289" /><testcase classname="tests.storage.test_datasets" name="test_dataset_registry_by_name_contains_contract" time="0.001" /><testcase classname="tests.storage.test_datasets" name="test_describe_all_datasets_returns_serializable_list" time="17.803" /><testcase classname="tests.storage.test_datasets" name="test_json_schema_ids_attached_to_datasets" time="17.458" /><testcase classname="tests.storage.test_datasets" name="test_require_row_binding_behavior" time="0.003" /><testcase classname="tests.storage.test_docs_views" name="test_call_graph_view_scopes_edges_to_repo_commit" time="48.203" /><testcase classname="tests.storage.test_docs_view_profiling" name="test_profile_views_analyze_mode_creates_artifacts" time="16.251" /><testcase classname="tests.storage.test_db_helpers" name="test_count_rows_for_tables_filters_by_repo_commit" time="17.861" /><testcase classname="tests.storage.test_db_helpers" name="test_safe_count_rows_returns_none_on_table_error" time="17.102" /><testcase classname="tests.storage.test_db_helpers" name="test_count_rows_for_tables_handles_special_chars_in_repo" time="18.092" /><testcase classname="tests.storage.test_db_helpers" name="test_safe_count_rows_returns_counts_with_valid_connection" time="17.662" /><testcase classname="tests.storage.test_db_helpers" name="test_count_rows_for_tables_returns_dict" time="17.525" /><testcase classname="tests.storage.test_db_helpers" name="test_count_rows_for_tables_returns_none_on_missing_table" time="17.126" /><testcase classname="tests.storage.test_db_helpers" name="test_count_rows_for_tables_handles_empty_tables" time="17.263" /><testcase classname="tests.storage.test_duckdb_session_init_sql" name="test_open_gateway_applies_init_sql" time="0.615" /><testcase classname="tests.storage.test_db_helpers" name="test_safe_count_rows_accepts_iterable_tables" time="17.428" /><testcase classname="tests.storage.test_duckdb_session_init_sql" name="test_read_pool_applies_init_sql" time="0.027" /><testcase classname="tests.storage.test_extension_policy" name="test_load_extensions_from_env_rejects_invalid_extension_name" time="0.001" /><testcase classname="tests.storage.test_file_module_test_behavioral_columns" name="test_file_profile_tuple_length_matches_columns" time="0.002" /><testcase classname="tests.storage.test_file_module_test_behavioral_columns" name="test_module_profile_tuple_length_matches_columns" time="0.001" /><testcase classname="tests.storage.test_file_module_test_behavioral_columns" name="test_test_profile_tuple_length_matches_columns" time="0.001" /><testcase classname="tests.storage.test_file_module_test_behavioral_columns" name="test_behavioral_coverage_tuple_length_matches_columns" time="0.002" /><testcase classname="tests.storage.test_function_profile_rows" name="test_function_profile_tuple_length_matches_columns" time="0.001" /><testcase classname="tests.storage.test_extension_policy" name="test_load_extensions_from_env_skips_install_when_disallowed" time="0.001" /><testcase classname="tests.storage.test_docs_view_profiling" name="test_explain_table_analyze_returns_plan_text" time="41.423" /><testcase classname="tests.storage.test_docs_views" name="test_subsystems_has_repo_commit_index" time="41.544" /><testcase classname="tests.storage.test_gateway_accessors" name="test_accessors_are_frozen_dataclasses" time="17.933" /><testcase classname="tests.storage.test_gateway_accessors" name="test_graph_tables_relations_are_queryable" time="17.941" /><testcase classname="tests.storage.test_docs_view_profiling" name="test_profile_views_creates_artifacts" time="15.828" /><testcase classname="tests.storage.test_docs_views" name="test_test_profile_has_primary_subsystem_index" time="41.769" /><testcase classname="tests.storage.test_docs_view_profiling" name="test_explain_table_returns_plan_text" time="41.747" /><testcase classname="tests.storage.test_docs_views" name="test_docs_view_readable_via_dataset_rows" time="42.237" /><testcase classname="tests.storage.test_export_import" name="test_export_import_roundtrip" time="1.348" /><testcase classname="tests.storage.test_gateway_factory" name="test_open_memory_gateway_with_defaults" time="1.496" /><testcase classname="tests.storage.test_docs_views" name="test_docs_views_expose_capabilities" time="42.979" /><testcase classname="tests.storage.test_extension_policy" name="test_parse_extensions_env_empty" time="0.002" /><testcase classname="tests.storage.test_gateway_factory" name="test_open_memory_gateway_with_views" time="16.719" /><testcase classname="tests.storage.test_gateway_factory" name="test_open_memory_gateway_without_views" time="1.441" /><testcase classname="tests.storage.test_gateway_factory" name="test_open_memory_gateway_creates_accessors" time="1.546" /><testcase classname="tests.storage.test_gateway_factory" name="test_open_memory_gateway_exposes_relation_access" time="1.572" /><testcase classname="tests.storage.test_gateway_factory" name="test_open_memory_gateway_supports_insert_and_query" time="1.450" /><testcase classname="tests.storage.test_gateway_accessors" name="test_analytics_tables_relations_are_queryable" time="16.727" /><testcase classname="tests.storage.test_gateway_factory" name="test_storage_config_for_ingest_with_history" time="0.002" /><testcase classname="tests.storage.test_gateway_factory" name="test_open_gateway_creates_file_database" time="1.628" /><testcase classname="tests.storage.test_gateway_factory" name="test_open_memory_gateway_has_dataset_registry" time="1.326" /><testcase classname="tests.storage.test_gateway_accessors" name="test_core_tables_relations_are_queryable" time="18.209" /><testcase classname="tests.storage.test_gateway_factory" name="test_storage_config_for_ingest" time="0.001" /><testcase classname="tests.storage.test_gateway_factory" name="test_open_gateway_persists_data" time="1.657" /><testcase classname="tests.storage.test_gateway_factory" name="test_open_gateway_requires_contract_catalog" time="0.173" /><testcase classname="tests.storage.test_gateway_factory" name="test_open_gateway_creates_tables" time="1.542" /><testcase classname="tests.storage.test_gateway_factory" name="test_snapshot_resolver_returns_callable" time="0.002" /><testcase classname="tests.storage.test_gateway_factory" name="test_snapshot_resolver_opens_existing_snapshot" time="1.848" /><testcase classname="tests.storage.test_gateway_factory" name="test_open_gateway_read_only_mode" time="1.674" /><testcase classname="tests.storage.test_gateway_factory" name="test_snapshot_resolver_raises_for_missing_file" time="0.003" /><testcase classname="tests.storage.test_gateway_factory" name="test_gateway_close_releases_connection" time="1.387" /><testcase classname="tests.storage.test_gateway_factory" name="test_snapshot_resolver_reuses_primary_gateway" time="1.820" /><testcase classname="tests.storage.test_gateway_factory" name="test_snapshot_resolver_opens_different_commits" time="3.860" /><testcase classname="tests.storage.test_gateway_factory" name="test_gateway_supports_context_manager" time="1.386" /><testcase classname="tests.storage.test_docs_views" name="test_subsystem_coverage_columns" time="42.245" /><testcase classname="tests.storage.test_gateway_accessors" name="test_docs_views_relations_are_queryable" time="17.559" /><testcase classname="tests.storage.test_gateway_factory" name="test_storage_config_for_readonly" time="0.004" /><testcase classname="tests.storage.test_gateway_factory" name="test_full_gateway_lifecycle" time="2.237" /><testcase classname="tests.storage.test_extension_policy" name="test_load_extensions_from_env_loads_and_installs" time="0.001" /><testcase classname="tests.storage.test_gateway_factory" name="test_multiple_memory_gateways_are_independent" time="2.735" /><testcase classname="tests.storage.test_gateway_factory" name="test_open_memory_gateway_with_repo_and_commit" time="1.276" /><testcase classname="tests.storage.test_docs_views" name="test_docs_views_registered_in_metadata" time="43.356" /><testcase classname="tests.storage.test_gateway_factory" name="test_storage_config_creates_with_defaults" time="0.001" /><testcase classname="tests.storage.test_metadata_ddl_contracts" name="test_attach_meta_database_warns_on_missing_read_only" time="0.012" /><testcase classname="tests.storage.test_graphs_repository" name="test_graph_repository_is_frozen" time="17.261" /><testcase classname="tests.storage.test_graphs_repository" name="test_get_incoming_callgraph_neighbors_returns_empty_list" time="17.737" /><testcase classname="tests.storage.test_graphs_repository" name="test_get_outgoing_callgraph_neighbors_returns_empty_list" time="17.079" /><testcase classname="tests.storage.test_gateway_helpers" name="test_insert_helpers_write_expected_rows" time="19.126" /><testcase classname="tests.storage.test_docs_views" name="test_subsystem_profile_columns" time="43.825" /><testcase classname="tests.storage.test_gateway_factory" name="test_storage_config_creates_with_all_options" time="0.004" /><testcase classname="tests.storage.test_query_results" name="test_coerce_int_accepts_int_like_values" time="0.001" /><testcase classname="tests.storage.test_query_results" name="test_coerce_int_rejects_non_integral_float" time="0.001" /><testcase classname="tests.storage.test_query_results" name="test_coerce_float_accepts_numeric_values" time="0.002" /><testcase classname="tests.storage.test_query_results" name="test_coerce_optional_float_treats_nan_as_missing" time="0.001" /><testcase classname="tests.storage.test_graphs_repository" name="test_get_outgoing_callgraph_neighbors_respects_limit" time="17.965" /><testcase classname="tests.storage.test_insert_helpers" name="test_insert_rows_normalizes_mapping" time="17.030" /><testcase classname="tests.storage.test_metadata_ddl_contracts" name="test_apply_metadata_ddl_is_idempotent" time="0.289" /><testcase classname="tests.storage.test_docs_views" name="test_subsystem_profile_view_prefers_cache" time="41.816" /><testcase classname="tests.storage.test_gateway_factory" name="test_storage_config_is_frozen" time="0.002" /><testcase classname="tests.storage.test_docs_views" name="test_subsystem_coverage_view_prefers_cache" time="42.067" /><testcase classname="tests.storage.test_gateway_factory" name="test_open_memory_gateway_returns_gateway" time="1.332" /><testcase classname="tests.storage.test_module_index" name="test_load_module_map_returns_normalized_paths" time="17.091" /><testcase classname="tests.storage.test_graphs_repository" name="test_graph_repository_inherits_base_repository" time="16.976" /><testcase classname="tests.storage.test_graphs_repository" name="test_get_outgoing_callgraph_neighbors_with_data" time="16.869" /><testcase classname="tests.storage.test_graphs_repository" name="test_get_outgoing_callgraph_neighbors_filters_by_repo_commit" time="17.542" /><testcase classname="tests.storage.test_graphs_repository" name="test_get_incoming_callgraph_neighbors_with_data" time="17.346" /><testcase classname="tests.storage.test_run_registry.TestStartAndFetchRun" name="test_start_run_creates_record" time="17.389" /><testcase classname="tests.storage.test_insert_helpers" name="test_insert_rows_raises_on_missing_column" time="17.025" /><testcase classname="tests.storage.test_run_registry.TestCompleteRun" name="test_complete_run_updates_status" time="17.094" /><testcase classname="tests.storage.test_run_registry.TestRecordStep" name="test_record_step_creates_record" time="16.756" /><testcase classname="tests.storage.test_run_registry.TestRecordStep" name="test_record_step_replaces_existing" time="17.318" /><testcase classname="tests.storage.test_module_index" name="test_load_module_map_filters_by_language" time="17.572" /><testcase classname="tests.storage.test_module_index" name="test_load_module_map_returns_empty_on_no_match" time="16.798" /><testcase classname="tests.storage.test_module_index" name="test_load_module_map_uses_custom_logger" time="17.083" /><testcase classname="tests.storage.test_run_registry.TestDataclasses" name="test_pipeline_run_record_frozen" time="0.002" /><testcase classname="tests.storage.test_run_tracking" name="test_pipeline_run_record_stores_fields" time="0.001" /><testcase classname="tests.storage.test_run_tracking" name="test_pipeline_step_record_stores_fields" time="0.001" /><testcase classname="tests.storage.test_run_tracking" name="test_step_completion_params_to_record" time="0.002" /><testcase classname="tests.storage.test_module_index" name="test_load_module_map_normalizes_path_with_leading_slash" time="17.733" /><testcase classname="tests.storage.test_run_registry.TestDataclasses" name="test_pipeline_step_record_frozen" time="0.003" /><testcase classname="tests.storage.test_module_index" name="test_load_module_map_handles_multiple_modules_same_path" time="17.965" /><testcase classname="tests.storage.test_run_registry.TestStartAndFetchRun" name="test_fetch_nonexistent_run" time="18.049" /><testcase classname="tests.storage.test_run_registry.TestStartAndFetchRun" name="test_start_run_replaces_existing" time="18.411" /><testcase classname="tests.storage.test_run_registry.TestCompleteRun" name="test_complete_run_with_error" time="18.343" /><testcase classname="tests.storage.test_run_registry.TestRecordStep" name="test_fetch_steps_empty" time="18.283" /><testcase classname="tests.storage.test_run_registry.TestStartAndCompleteStep" name="test_start_step_creates_running_record" time="18.728" /><testcase classname="tests.storage.test_run_registry.TestStartAndCompleteStep" name="test_complete_step_updates_record" time="18.809" /><testcase classname="tests.storage.test_run_registry.TestMultipleSteps" name="test_run_with_multiple_steps" time="19.310" /><testcase classname="tests.storage.test_run_tracking" name="test_start_run_inserts_record" time="19.673" /><testcase classname="tests.storage.test_run_tracking" name="test_complete_run_with_error_summary" time="18.498" /><testcase classname="tests.storage.test_run_registry_integration.TestGatewayRunsApi" name="test_start_and_fetch_run_with_gateway" time="18.403" /><testcase classname="tests.storage.test_run_registry_integration.TestGatewayRunsApi" name="test_complete_run_with_gateway" time="19.274" /><testcase classname="tests.storage.test_run_registry_integration.TestGatewayRunsApi" name="test_record_steps_with_gateway" time="18.162" /><testcase classname="tests.storage.test_run_registry_integration.TestNewRunContextIntegration" name="test_new_run_context_for_ingest" time="18.421" /><testcase classname="tests.storage.test_run_registry_integration.TestNewRunContextIntegration" name="test_new_run_context_for_analytics" time="18.329" /><testcase classname="tests.storage.test_run_registry_integration.TestNewRunContextIntegration" name="test_new_run_context_for_graphs" time="18.460" /><testcase classname="tests.storage.test_run_registry_integration.TestFullRunLifecycle" name="test_multi_engine_run_lifecycle" time="18.460" /><testcase classname="tests.storage.test_run_registry_integration.TestFullRunLifecycle" name="test_failed_run_lifecycle" time="17.711" /><testcase classname="tests.storage.test_run_tracking" name="test_complete_run_updates_status" time="17.485" /><testcase classname="tests.storage.test_run_tracking" name="test_fetch_run_returns_record" time="17.930" /><testcase classname="tests.storage.test_run_tracking" name="test_fetch_run_returns_none_for_missing" time="17.804" /><testcase classname="tests.storage.test_run_tracking" name="test_record_step_inserts_step" time="17.897" /><testcase classname="tests.storage.test_run_tracking" name="test_fetch_steps_returns_list" time="17.900" /><testcase classname="tests.storage.test_schema_helpers" name="test_json_schema_from_typeddict_round_trip" time="0.008" /><testcase classname="tests.storage.test_run_tracking" name="test_fetch_steps_orders_by_module_stage_name" time="18.328" /><testcase classname="tests.storage.test_schema_helpers" name="test_build_validator_accepts_mapping" time="0.013" /><testcase classname="tests.storage.test_run_tracking" name="test_start_step_returns_timestamp" time="18.603" /><testcase classname="tests.storage.test_schema_helpers" name="test_validate_row_with_schema_passes_valid_data" time="0.002" /><testcase classname="tests.storage.test_sql_compiler_upgrade_gates" name="test_compiler_upgrade_gate_create_table_executes" time="0.957" /><testcase classname="tests.storage.test_sqlglot_tools" name="test_parse_one_duckdb_parses_valid_sql" time="0.001" /><testcase classname="tests.storage.test_sqlglot_tools" name="test_parse_one_duckdb_raises_parse_error_on_invalid_sql" time="0.003" /><testcase classname="tests.storage.test_sqlglot_tools" name="test_extract_table_keys_is_cte_safe" time="0.003" /><testcase classname="tests.storage.test_sqlglot_tools" name="test_extract_table_keys_handles_nested_subqueries" time="0.001" /><testcase classname="tests.storage.test_sqlglot_tools" name="test_fingerprint_is_stable_for_equivalent_sql" time="0.008" /><testcase classname="tests.storage.test_sqlglot_tools" name="test_canonical_sql_is_stable_for_equivalent_sql" time="0.005" /><testcase classname="tests.storage.test_sqlglot_tools" name="test_extract_column_lineage_maps_output_columns" time="0.014" /><testcase classname="tests.storage.test_sqlglot_tools" name="test_summarize_sql_duckdb_emits_low_cardinality_select" time="0.003" /><testcase classname="tests.storage.test_sqlglot_tools" name="test_summarize_sql_duckdb_ignores_cte_aliases" time="0.004" /><testcase classname="tests.storage.test_sqlglot_tools" name="test_summarize_sql_duckdb_handles_insert_select" time="0.002" /><testcase classname="tests.storage.test_sqlglot_tools" name="test_summarize_sql_duckdb_hashes_suspicious_targets" time="0.004" /><testcase classname="tests.storage.test_sqlglot_tools" name="test_summarize_sql_duckdb_appends_ellipsis_for_target_cap" time="0.002" /><testcase classname="tests.storage.test_sqlglot_tools" name="test_summarize_sql_duckdb_appends_ellipsis_for_truncation" time="0.001" /><testcase classname="tests.storage.test_sqlglot_tools" name="test_summarize_sql_duckdb_includes_nested_subquery_operations" time="0.003" /><testcase classname="tests.storage.test_sqlglot_tools" name="test_summarize_sql_duckdb_handles_multi_statement" time="0.004" /><testcase classname="tests.storage.test_staging_lifecycle" name="test_registered_temp_relation_unregisters_on_success" time="0.001" /><testcase classname="tests.storage.test_staging_lifecycle" name="test_registered_temp_relation_unregisters_on_exception" time="0.002" /><testcase classname="tests.storage.test_storage_architecture_invariants" name="test_storage_has_no_build_imports" time="0.103" /><testcase classname="tests.storage.test_storage_architecture_invariants" name="test_storage_legacy_modules_removed" time="0.008" /><testcase classname="tests.storage.test_storage_architecture_invariants" name="test_ibis_gateway_has_no_sql_escape_hatch" time="0.001" /><testcase classname="tests.storage.test_storage_architecture_invariants" name="test_no_gateway_accessor_inserts_in_src" time="0.325" /><testcase classname="tests.storage.test_storage_architecture_invariants" name="test_no_dataset_name_schema_lookup_helpers" time="0.095" /><testcase classname="tests.storage.test_storage_architecture_invariants" name="test_view_materialization_is_centralized" time="0.038" /><testcase classname="tests.storage.test_run_tracking" name="test_complete_step_updates_step" time="18.485" /><testcase classname="tests.storage.test_run_tracking" name="test_record_step_with_none_row_counts" time="18.791" /><testcase classname="tests.storage.test_schema_roundtrip" name="test_call_graph_edge_round_trip" time="0.018" /><testcase classname="tests.storage.test_view_schema_inference" name="test_derive_view_schema_from_sqlglot" time="0.006" /><testcase classname="tests.storage.test_schema_alignment" name="test_apply_and_validate_schema_alignment" time="18.383" /><testcase classname="tests.storage.test_schema_roundtrip" name="test_symbol_use_round_trip" time="0.017" /><testcase classname="tests.storage.test_schema_alignment" name="test_ensure_schemas_preserve_creates_tables_idempotently" time="19.368" /><testcase classname="tests.storage.test_schema_roundtrip" name="test_test_coverage_round_trip" time="0.023" /><testcase classname="tests.storage.test_schema_alignment" name="test_ensure_schemas_preserve_with_extra_ddl" time="18.478" /><testcase classname="tests.storage.test_schema_alignment" name="test_assert_schema_alignment_detects_drift_nonstrict" time="18.510" /><testcase classname="tests.storage.test_schema_roundtrip" name="test_behavioral_coverage_round_trip" time="0.019" /><testcase classname="tests.storage.test_schema_alignment" name="test_create_schemas_creates_all_namespaces" time="18.809" /><testcase classname="tests.storage.test_schema_roundtrip_advanced_types" name="test_schema_roundtrip_supports_advanced_types" time="0.009" /><testcase classname="tests.storage.test_search_index" name="test_search_documents_includes_function_metrics" time="18.538" /><testcase classname="tests.storage.test_snapshot_scoping" name="test_maybe_scope_by_repo_commit_is_noop_when_columns_missing" time="18.105" /><testcase classname="tests.storage.test_sql_compiler_upgrade_gates" name="test_compiler_upgrade_gate_create_table_sql_is_stable" time="0.011" /><testcase classname="tests.storage.test_subsystem_view_schema_drift" name="test_subsystem_docs_views_schema_stable" time="17.809" /><testcase classname="tests.storage.test_table_goldens" name="test_core_modules_table_matches_golden" time="1.787" /><testcase classname="tests.storage.test_schema_helpers" name="test_apply_all_schemas_creates_function_validation" time="18.254" /><testcase classname="tests.storage.test_validation_lenient" name="test_lenient_validation_ignores_missing_tables" time="0.778" /><testcase classname="tests.storage.test_warehouse_materialization_equivalence" name="test_warehouse_materialize_variants_write_equivalent_rows" time="17.288" /><testcase classname="tests.storage.tracking.test_build_tracking.TestOutputManifestOperations" name="test_save_and_load_manifest" time="18.436" /><testcase classname="tests.storage.tracking.test_build_tracking.TestOutputManifestOperations" name="test_upsert_manifest" time="16.975" /><testcase classname="tests.storage.tracking.test_build_tracking.TestOutputManifestOperations" name="test_delete_manifests" time="18.507" /><testcase classname="tests.storage.test_schema_roundtrip" name="test_generate_export_schemas_writes_files" time="19.218" /><testcase classname="tests.storage.tracking.test_build_tracking.TestBuildRunOperations" name="test_fetch_nonexistent_run" time="18.037" /><testcase classname="tests.storage.test_snapshot_scoping" name="test_maybe_scope_by_repo_commit_adds_filter_when_columns_exist" time="17.723" /><testcase classname="tests.storage.tracking.test_build_tracking.TestBuildRunOperations" name="test_list_runs" time="17.657" /><testcase classname="tests.storage.test_warehouse_transaction_rollback" name="test_materialize_rows_replace_rolls_back_on_write_failure" time="17.838" /><testcase classname="tests.storage.tracking.test_schema_catalog" name="test_schema_manifest_roundtrip_from_metadata" time="18.114" /><testcase classname="tests.storage.tracking.test_schema_catalog" name="test_schema_index_prefill_avoids_inference" time="18.424" /><testcase classname="tests.storage.tracking.test_build_tracking.TestOutputManifestOperations" name="test_load_nonexistent_manifest" time="18.682" /><testcase classname="tests.storage.views.test_pr86_no_ibis_view_registry" name="test_ibis_view_registry_module_removed" time="0.036" /><testcase classname="tests.storage.tracking.test_build_tracking.TestOutputManifestOperations" name="test_list_manifests" time="18.373" /><testcase classname="tests.storage.views.test_pr86_no_ibis_view_registry" name="test_view_builders_discoverable_via_tags" time="0.027" /><testcase classname="tests.storage.tracking.test_build_tracking.TestScipRunTracking" name="test_record_scip_run_persists_row" time="18.783" /><testcase classname="tests.storage.tracking.test_build_tracking.TestBuildRunOperations" name="test_start_and_fetch_run" time="18.779" /><testcase classname="tests.storage.tracking.test_build_tracking.TestBuildRunOperations" name="test_complete_run_succeeded" time="18.931" /><testcase classname="tests.storage.tracking.test_build_tracking.TestBuildRunOperations" name="test_complete_run_failed" time="18.748" /><testcase classname="tests.storage.tracking.test_build_tracking.TestBuildRunOperations" name="test_list_runs_with_limit" time="18.197" /><testcase classname="tests.storage.tracking.test_schema_catalog" name="test_override_registry_refresh_populates_registry" time="16.511" /><testcase classname="tests.storage.tracking.test_schema_catalog" name="test_override_registry_pin_restores_prior_version" time="16.649" /><testcase classname="tests.storage.tracking.test_schema_catalog" name="test_registry_health_snapshot_reflects_latest_manifest" time="16.383" /></testsuite></testsuites>