<?xml version="1.0" encoding="utf-8"?><testsuites name="pytest tests"><testsuite name="pytest" errors="0" failures="3" skipped="4" tests="3101" time="246.870" timestamp="2025-12-19T16:49:03.673504-06:00" hostname="MacBookPro.lan"><testcase classname="tests._helpers.test_symbol_use_edges" name="test_make_symbol_use_edge_row_infers_same_flags" time="0.002" /><testcase classname="tests.analytics.compute.test_entrypoints_detection" name="test_detector_settings_defaults_and_disable" time="0.005" /><testcase classname="tests._helpers.test_graphs_ast_lookup" name="test_build_ast_map_handles_functions_and_classes" time="0.006" /><testcase classname="tests._helpers.test_graphs_ast_lookup" name="test_build_ast_map_raises_for_missing_target" time="0.009" /><testcase classname="tests.cli.test_build_cli.TestBuildStatusHelp" name="test_status_help_shows_description@cli_shared_flags" time="0.178" /><testcase classname="tests.analytics.compute.test_entrypoints_detection" name="test_entrypoint_candidate_frameworks[fastapi]" time="0.002" /><testcase classname="tests.analytics.compute.test_entrypoints_detection" name="test_entrypoint_candidate_kinds[cli_command]" time="0.002" /><testcase classname="tests.analytics.compute.test_entrypoints_detection" name="test_import_context_immutability" time="0.002" /><testcase classname="tests.analytics.compute.test_entrypoints_detection" name="test_entrypoint_candidate_core_metadata" time="0.002" /><testcase classname="tests.analytics.compute.test_entrypoints_detection" name="test_entrypoint_candidate_frameworks[click]" time="0.001" /><testcase classname="tests.analytics.compute.test_entrypoints_detection" name="test_entrypoint_candidate_frameworks[celery]" time="0.001" /><testcase classname="tests.analytics.compute.test_entrypoints_detection" name="test_entrypoint_candidate_frameworks[flask]" time="0.001" /><testcase classname="tests.analytics.compute.test_entrypoints_detection" name="test_entrypoint_candidate_frameworks[typer]" time="0.001" /><testcase classname="tests.analytics.compute.test_entrypoints_detection" name="test_entrypoint_candidate_frameworks[django]" time="0.001" /><testcase classname="tests.analytics.compute.test_entrypoints_detection" name="test_detect_entrypoints_basic_behaviors" time="0.003" /><testcase classname="tests.analytics.compute.test_entrypoints_detection" name="test_entrypoint_candidate_frameworks[None]" time="0.001" /><testcase classname="tests.analytics.compute.test_entrypoints_detection" name="test_entrypoint_candidate_frameworks[airflow]" time="0.002" /><testcase classname="tests.analytics.compute.test_entrypoints_detection" name="test_detects_fastapi_and_flask_routes" time="0.003" /><testcase classname="tests.analytics.compute.test_entrypoints_detection" name="test_detects_celery_airflow_cron_and_django" time="0.009" /><testcase classname="tests.analytics.compute.test_entrypoints_detection" name="test_detects_click_typer_and_generic_routes" time="0.008" /><testcase classname="tests.analytics.compute.test_evidence_collection" name="test_evidence_sample_from_ast_and_to_dict" time="0.005" /><testcase classname="tests.analytics.compute.test_evidence_collection" name="test_evidence_collector_caps_and_retains_details" time="0.001" /><testcase classname="tests.analytics.compute.test_evidence_collection" name="test_evidence_collector_deduplicates_and_caps" time="0.001" /><testcase classname="tests.analytics.compute.test_evidence_collection" name="test_evidence_collector_add_from_ast_and_extend" time="0.001" /><testcase classname="tests.analytics.compute.test_evidence_collection" name="test_validate_evidence_samples_errors" time="0.001" /><testcase classname="tests.analytics.compute.test_graphs_centrality" name="test_metrics_is_frozen" time="0.001" /><testcase classname="tests.analytics.compute.test_graphs_centrality" name="test_metrics_create_all_fields" time="0.001" /><testcase classname="tests.analytics.compute.test_graphs_centrality" name="test_pagerank_empty_graph" time="0.001" /><testcase classname="tests.analytics.compute.test_graphs_centrality" name="test_pagerank_simple_chain" time="2.011" /><testcase classname="tests.analytics.compute.test_graphs_centrality" name="test_pagerank_single_node" time="2.010" /><testcase classname="tests.analytics.compute.test_graphs_centrality" name="test_pagerank_cycle_equal" time="2.007" /><testcase classname="tests.cli.test_build_cli.TestBuildStatusHelp" name="test_status_help_shows_options@cli_shared_flags" time="0.023" /><testcase classname="tests.cli.test_build_cli.TestBuildStatusCommand" name="test_status_json_output_structure@cli_shared_flags" time="0.020" /><testcase classname="tests.cli.test_build_cli.TestBuildStatusCommand" name="test_status_invalid_module@cli_shared_flags" time="0.019" /><testcase classname="tests.cli.test_build_cli.TestBuildRunHelp" name="test_run_help_shows_description@cli_shared_flags" time="0.064" /><testcase classname="tests.cli.test_build_cli.TestBuildRunHelp" name="test_run_help_shows_options@cli_shared_flags" time="0.058" /><testcase classname="tests.cli.test_build_cli.TestBuildRunValidation" name="test_run_no_targets_no_module_error@cli_shared_flags" time="0.029" /><testcase classname="tests.cli.test_build_cli.TestBuildRunValidation" name="test_run_invalid_module@cli_shared_flags" time="0.025" /><testcase classname="tests.cli.test_build_cli.TestBuildRunValidation" name="test_run_unknown_target@cli_shared_flags" time="0.028" /><testcase classname="tests.cli.test_build_cli.TestBuildRunValidation" name="test_run_conflicting_selection_flags@cli_shared_flags" time="0.016" /><testcase classname="tests.cli.test_build_cli.TestBuildAppStructure" name="test_build_help_shows_commands@cli_shared_flags" time="0.013" /><testcase classname="tests.cli.test_build_cli.TestBuildAppStructure" name="test_build_no_args_shows_help@cli_shared_flags" time="0.022" /><testcase classname="tests.cli.test_build_cli.TestModuleOption" name="test_valid_module_names[ingestion]@cli_shared_flags" time="0.025" /><testcase classname="tests.cli.test_build_cli.TestModuleOption" name="test_valid_module_names[graphs]@cli_shared_flags" time="0.027" /><testcase classname="tests.cli.test_build_cli.TestModuleOption" name="test_valid_module_names[analytics]@cli_shared_flags" time="0.025" /><testcase classname="tests.cli.test_build_cli.TestDryRun" name="test_dry_run_flag_recognized@cli_shared_flags" time="0.080" /><testcase classname="tests.cli.test_build_cli.TestForceOption" name="test_force_flag_recognized@cli_shared_flags" time="0.063" /><testcase classname="tests.cli.test_build_cli.TestJsonOutput" name="test_json_flag_recognized_on_status@cli_shared_flags" time="0.023" /><testcase classname="tests.cli.test_build_cli.TestJsonOutput" name="test_json_flag_recognized_on_run@cli_shared_flags" time="0.299" /><testcase classname="tests.analytics.compute.test_graphs_centrality" name="test_pagerank_reverse_star_hub_high" time="0.004" /><testcase classname="tests.analytics.compute.test_graphs_centrality" name="test_pagerank_realistic_call_graph" time="0.002" /><testcase classname="tests.analytics.compute.test_graphs_centrality" name="test_pagerank_star_hub_low" time="0.002" /><testcase classname="tests.analytics.compute.test_graphs_centrality" name="test_pagerank_custom_max_iter" time="0.002" /><testcase classname="tests.analytics.compute.test_graphs_centrality" name="test_pagerank_custom_tolerance" time="0.012" /><testcase classname="tests.analytics.compute.test_graphs_centrality" name="test_pagerank_custom_alpha" time="0.013" /><testcase classname="tests.analytics.compute.test_graphs_centrality" name="test_pagerank_disconnected_components" time="0.010" /><testcase classname="tests.analytics.compute.test_graphs_centrality" name="test_pagerank_keys_match_nodes" time="0.004" /><testcase classname="tests.analytics.compute.test_graphs_centrality" name="test_pagerank_sums_to_one" time="0.003" /><testcase classname="tests.analytics.compute.test_graphs_centrality" name="test_pagerank_values_are_floats" time="0.012" /><testcase classname="tests.analytics.compute.test_graphs_centrality" name="test_betweenness_single_node_zero" time="0.009" /><testcase classname="tests.analytics.compute.test_graphs_centrality" name="test_betweenness_empty_graph" time="0.008" /><testcase classname="tests.analytics.compute.test_graphs_centrality" name="test_betweenness_chain_middle_nodes_high" time="0.002" /><testcase classname="tests.analytics.compute.test_graphs_centrality" name="test_betweenness_cycle_equal" time="0.001" /><testcase classname="tests.analytics.compute.test_graphs_centrality" name="test_betweenness_star_hub_high" time="0.001" /><testcase classname="tests.analytics.compute.test_graphs_centrality" name="test_betweenness_unnormalized" time="0.001" /><testcase classname="tests.analytics.compute.test_graphs_centrality" name="test_betweenness_sampled_with_k" time="0.001" /><testcase classname="tests.analytics.compute.test_graphs_centrality" name="test_betweenness_normalized" time="0.001" /><testcase classname="tests.analytics.compute.test_graphs_centrality" name="test_betweenness_keys_match_nodes" time="0.001" /><testcase classname="tests.analytics.compute.test_graphs_centrality" name="test_betweenness_disconnected_components" time="0.001" /><testcase classname="tests.analytics.compute.test_graphs_centrality" name="test_betweenness_values_are_floats" time="0.001" /><testcase classname="tests.analytics.compute.test_graphs_centrality" name="test_betweenness_realistic_call_graph" time="0.001" /><testcase classname="tests.analytics.compute.test_graphs_centrality" name="test_both_metrics_same_nodes" time="0.002" /><testcase classname="tests.analytics.compute.test_graphs_centrality" name="test_dense_graph_metrics" time="0.002" /><testcase classname="tests.analytics.compute.test_graphs_centrality" name="test_metrics_identify_different_importance" time="0.002" /><testcase classname="tests.analytics.compute.test_graphs_centrality" name="test_centrality_directed_logs_eigen_warning" time="0.004" /><testcase classname="tests.analytics.compute.test_graphs_centrality" name="test_centrality_undirected_logs_structural_warning" time="0.011" /><testcase classname="tests.analytics.compute.test_graphs_centrality" name="test_centrality_undirected_logs_eigen_warning" time="0.009" /><testcase classname="tests.analytics.compute.test_graphs_conversions.TestToDecimalId" name="test_converts_integers[None-None]" time="0.002" /><testcase classname="tests.analytics.compute.test_graphs_conversions.TestToDecimalId" name="test_converts_integers[0-expected3]" time="0.002" /><testcase classname="tests.analytics.compute.test_graphs_conversions.TestToDecimalId" name="test_converts_integers[123-expected1]" time="0.001" /><testcase classname="tests.analytics.compute.test_graphs_conversions.TestToDecimalId" name="test_converts_string_integers[123-expected0]" time="0.001" /><testcase classname="tests.analytics.compute.test_graphs_conversions.TestToDecimalId" name="test_converts_integers[-1-expected4]" time="0.001" /><testcase classname="tests.analytics.compute.test_graphs_conversions.TestToDecimalId" name="test_converts_integers[456-expected2]" time="0.001" /><testcase classname="tests.analytics.compute.test_graphs_conversions.TestToDecimalId" name="test_converts_string_integers[0-expected2]" time="0.001" /><testcase classname="tests.analytics.compute.test_graphs_conversions.TestToDecimalId" name="test_converts_decimal_input" time="0.001" /><testcase classname="tests.analytics.compute.test_graphs_conversions.TestToDecimalId" name="test_handles_large_integers" time="0.000" /><testcase classname="tests.analytics.compute.test_graphs_conversions.TestToDecimalId" name="test_converts_string_integers[456-expected1]" time="0.001" /><testcase classname="tests.analytics.compute.test_graphs_conversions.TestNormalizeDecimalId" name="test_returns_none_for_none" time="0.001" /><testcase classname="tests.analytics.compute.test_graphs_conversions.TestNormalizeDecimalId" name="test_passes_through_integers[0-0]" time="0.001" /><testcase classname="tests.analytics.compute.test_graphs_conversions.TestNormalizeDecimalId" name="test_passes_through_integers[123-123]" time="0.001" /><testcase classname="tests.analytics.compute.test_graphs_conversions.TestNormalizeDecimalId" name="test_passes_through_integers[-1--1]" time="0.001" /><testcase classname="tests.analytics.compute.test_graphs_conversions.TestNormalizeDecimalId" name="test_converts_decimal_to_int[input_val0-123]" time="0.001" /><testcase classname="tests.analytics.compute.test_graphs_conversions.TestNormalizeDecimalId" name="test_converts_decimal_to_int[input_val1-0]" time="0.001" /><testcase classname="tests.analytics.compute.test_graphs_conversions.TestNormalizeDecimalId" name="test_converts_decimal_to_int[input_val2--456]" time="0.001" /><testcase classname="tests.analytics.compute.test_graphs_conversions.TestNormalizeDecimalId" name="test_decodes_bytes[123-123]" time="0.001" /><testcase classname="tests.analytics.compute.test_graphs_conversions.TestNormalizeDecimalId" name="test_converts_decimal_to_int[input_val3-999999999999999999]" time="0.001" /><testcase classname="tests.analytics.compute.test_graphs_conversions.TestNormalizeDecimalId" name="test_decodes_bytes[456-456]" time="0.001" /><testcase classname="tests.analytics.compute.test_graphs_conversions.TestNormalizeDecimalId" name="test_decodes_bytes[0-0]" time="0.001" /><testcase classname="tests.analytics.compute.test_graphs_conversions.TestNormalizeDecimalId" name="test_decodes_bytearray[input_val1-789]" time="0.001" /><testcase classname="tests.analytics.compute.test_graphs_conversions.TestNormalizeDecimalId" name="test_decodes_bytearray[input_val0-123]" time="0.003" /><testcase classname="tests.analytics.compute.test_graphs_conversions.TestNormalizeDecimalId" name="test_returns_none_for_invalid_bytes" time="0.000" /><testcase classname="tests.analytics.compute.test_graphs_conversions.TestNormalizeDecimalId" name="test_converts_string[123-123]" time="0.001" /><testcase classname="tests.analytics.compute.test_graphs_conversions.TestNormalizeDecimalId" name="test_converts_string[456-456]" time="0.001" /><testcase classname="tests.analytics.compute.test_graphs_conversions.TestNormalizeDecimalId" name="test_converts_float_via_string" time="0.001" /><testcase classname="tests.analytics.compute.test_graphs_conversions.TestNormalizeDecimalId" name="test_returns_none_for_non_numeric_bytes" time="0.001" /><testcase classname="tests.analytics.compute.test_graphs_conversions.TestNormalizeNodeId" name="test_returns_none_for_none" time="0.000" /><testcase classname="tests.analytics.compute.test_graphs_conversions.TestNormalizeDecimalId" name="test_returns_none_for_unconvertible" time="0.001" /><testcase classname="tests.analytics.compute.test_graphs_conversions.TestNormalizeNodeId" name="test_converts_decimal_to_int[input_val0-123]" time="0.001" /><testcase classname="tests.analytics.compute.test_graphs_conversions.TestNormalizeNodeId" name="test_converts_numeric_types[123-123]" time="0.001" /><testcase classname="tests.analytics.compute.test_graphs_conversions.TestNormalizeNodeId" name="test_converts_decimal_to_int[input_val1-999999999999]" time="0.001" /><testcase classname="tests.analytics.compute.test_graphs_conversions.TestNormalizeNodeId" name="test_converts_numeric_types[456.0-456]" time="0.001" /><testcase classname="tests.analytics.compute.test_graphs_conversions.TestNormalizeNodeId" name="test_converts_digit_strings[123-123]" time="0.001" /><testcase classname="tests.analytics.compute.test_graphs_conversions.TestNormalizeNodeId" name="test_converts_numeric_types[0.0-0]" time="0.001" /><testcase classname="tests.analytics.compute.test_graphs_conversions.TestNormalizeNodeId" name="test_converts_digit_strings[456-456]" time="0.002" /><testcase classname="tests.analytics.compute.test_graphs_conversions.TestNormalizeNodeId" name="test_converts_digit_strings[0-0]" time="0.001" /><testcase classname="tests.analytics.compute.test_graphs_conversions.TestNormalizeNodeId" name="test_preserves_non_digit_strings[func_name-func_name]" time="0.001" /><testcase classname="tests.analytics.compute.test_graphs_conversions.TestNormalizeNodeId" name="test_preserves_non_digit_strings[module.function-module.function]" time="0.001" /><testcase classname="tests.analytics.compute.test_graphs_conversions.TestNormalizeNodeId" name="test_preserves_non_digit_strings[123abc-123abc]" time="0.001" /><testcase classname="tests.analytics.compute.test_graphs_conversions.TestNormalizeNodeId" name="test_raises_on_float_infinity" time="0.001" /><testcase classname="tests.analytics.compute.test_graphs_conversions.TestSafeFloat" name="test_returns_none_for_none" time="0.001" /><testcase classname="tests.analytics.compute.test_graphs_conversions.TestSafeFloat" name="test_passes_through_floats[1.5-1.5]" time="0.001" /><testcase classname="tests.analytics.compute.test_graphs_conversions.TestSafeFloat" name="test_passes_through_floats[0.0-0.0]" time="0.002" /><testcase classname="tests.analytics.compute.test_graphs_conversions.TestSafeFloat" name="test_passes_through_floats[-3.14--3.14]" time="0.001" /><testcase classname="tests.analytics.compute.test_graphs_conversions.TestSafeFloat" name="test_converts_decimal[input_val0-1.5]" time="0.002" /><testcase classname="tests.analytics.compute.test_graphs_conversions.TestSafeFloat" name="test_converts_decimal[input_val1-0.0]" time="0.001" /><testcase classname="tests.analytics.compute.test_graphs_conversions.TestSafeFloat" name="test_converts_decimal[input_val2--3.14]" time="0.001" /><testcase classname="tests.analytics.compute.test_graphs_conversions.TestSafeFloat" name="test_converts_string[1.5-1.5]" time="0.001" /><testcase classname="tests.analytics.compute.test_graphs_conversions.TestSafeFloat" name="test_converts_string[-3.14--3.14]" time="0.001" /><testcase classname="tests.analytics.compute.test_graphs_conversions.TestSafeFloat" name="test_converts_string[0.0-0.0]" time="0.001" /><testcase classname="tests.analytics.compute.test_graphs_conversions.TestSafeFloat" name="test_returns_none_for_invalid" time="0.001" /><testcase classname="tests.analytics.compute.test_graphs_conversions.TestLogEmptyGraph" name="test_no_log_for_nonempty_graph" time="0.002" /><testcase classname="tests.analytics.compute.test_graphs_conversions.TestLogEmptyGraph" name="test_logs_for_empty_graph" time="0.002" /><testcase classname="tests.analytics.compute.test_graphs_conversions.TestLogEmptyGraph" name="test_works_with_digraph" time="0.002" /><testcase classname="tests.analytics.compute.test_graphs_conversions.TestLogProjectionSkipped" name="test_logs_with_different_reasons" time="0.003" /><testcase classname="tests.analytics.compute.test_graphs_conversions.TestLogProjectionSkipped" name="test_logs_info" time="0.029" /><testcase classname="tests.analytics.compute.test_graphs_conversions.TestIntegrationScenarios" name="test_roundtrip_decimal_normalization" time="0.001" /><testcase classname="tests.analytics.compute.test_graphs_statistics" name="test_statistics_create_all_fields" time="0.001" /><testcase classname="tests.analytics.compute.test_graphs_conversions.TestIntegrationScenarios" name="test_graph_node_id_normalization" time="0.001" /><testcase classname="tests.analytics.compute.test_graphs_conversions.TestIntegrationScenarios" name="test_safe_float_for_metrics" time="0.004" /><testcase classname="tests.analytics.compute.test_graphs_statistics" name="test_statistics_is_frozen" time="0.001" /><testcase classname="tests.analytics.compute.test_graphs_statistics" name="test_stats_empty_graph" time="0.001" /><testcase classname="tests.analytics.compute.test_graphs_statistics" name="test_stats_single_node" time="0.002" /><testcase classname="tests.analytics.compute.test_graphs_statistics" name="test_stats_simple_dag_is_dag" time="0.002" /><testcase classname="tests.analytics.compute.test_graphs_statistics" name="test_stats_cycle_is_not_dag" time="0.002" /><testcase classname="tests.analytics.compute.test_graphs_statistics" name="test_stats_node_and_edge_counts" time="0.001" /><testcase classname="tests.analytics.compute.test_graphs_statistics" name="test_stats_density_calculation" time="0.001" /><testcase classname="tests.analytics.compute.test_graphs_statistics" name="test_stats_multiple_components" time="0.001" /><testcase classname="tests.analytics.compute.test_graphs_statistics" name="test_stats_average_degrees" time="0.001" /><testcase classname="tests.analytics.compute.test_graphs_statistics" name="test_stats_strongly_connected_graph" time="0.001" /><testcase classname="tests.analytics.compute.test_graphs_statistics" name="test_stats_realistic_call_graph" time="0.001" /><testcase classname="tests.analytics.compute.test_graphs_statistics" name="test_in_degrees_empty_graph" time="0.000" /><testcase classname="tests.analytics.compute.test_graphs_statistics" name="test_in_degrees_simple_chain" time="0.000" /><testcase classname="tests.analytics.compute.test_graphs_statistics" name="test_in_degrees_star_graph" time="0.002" /><testcase classname="tests.analytics.compute.test_graphs_statistics" name="test_out_degrees_simple_chain" time="0.000" /><testcase classname="tests.analytics.compute.test_graphs_statistics" name="test_out_degrees_empty_graph" time="0.001" /><testcase classname="tests.analytics.compute.test_graphs_statistics" name="test_out_degrees_star_graph" time="0.001" /><testcase classname="tests.analytics.compute.test_graphs_statistics" name="test_degrees_empty_graph" time="0.001" /><testcase classname="tests.analytics.compute.test_graphs_statistics" name="test_degrees_simple_path" time="0.001" /><testcase classname="tests.analytics.compute.test_graphs_statistics" name="test_in_degree_values_empty_graph" time="0.003" /><testcase classname="tests.analytics.compute.test_graphs_statistics" name="test_degrees_triangle" time="0.002" /><testcase classname="tests.analytics.compute.test_graphs_statistics" name="test_in_degree_values_only" time="0.010" /><testcase classname="tests.analytics.compute.test_graphs_statistics" name="test_out_degree_values_only" time="0.002" /><testcase classname="tests.analytics.compute.test_graphs_statistics" name="test_degree_values_empty_graph" time="0.002" /><testcase classname="tests.analytics.compute.test_graphs_statistics" name="test_out_degree_values_empty_graph" time="0.001" /><testcase classname="tests.analytics.compute.test_graphs_statistics" name="test_degree_values_only" time="0.000" /><testcase classname="tests.analytics.compute.test_graphs_statistics" name="test_statistics_consistency" time="0.002" /><testcase classname="tests.analytics.compute.test_graphs_statistics" name="test_degree_functions_match_statistics" time="0.001" /><testcase classname="tests.analytics.compute.test_graphs_statistics" name="test_various_graph_sizes" time="0.008" /><testcase classname="tests.analytics.compute.test_graphs_wrappers" name="test_centrality_wrappers_and_neighbor_stats" time="0.016" /><testcase classname="tests.analytics.compute.test_graphs_wrappers" name="test_structural_metrics_and_paths" time="0.011" /><testcase classname="tests.analytics.compute.test_graphs_wrappers" name="test_component_metadata_and_global_stats" time="0.007" /><testcase classname="tests.analytics.compute.test_graphs_wrappers" name="test_dfg_helpers_and_metrics" time="0.003" /><testcase classname="tests.analytics.compute.test_graphs_wrappers" name="test_cfg_helpers_and_metrics" time="0.015" /><testcase classname="tests.analytics.compute.test_graphs_wrappers" name="test_projection_metrics_and_degrees" time="0.007" /><testcase classname="tests.analytics.compute.test_profiles" name="test_aggregates_default_values" time="0.004" /><testcase classname="tests.analytics.compute.test_profiles" name="test_metric_create" time="0.002" /><testcase classname="tests.analytics.compute.test_profiles" name="test_aggregates_custom_values" time="0.002" /><testcase classname="tests.analytics.compute.test_profiles" name="test_aggregate_empty_metrics" time="0.002" /><testcase classname="tests.analytics.compute.test_profiles" name="test_aggregate_multiple_functions" time="0.001" /><testcase classname="tests.analytics.compute.test_profiles" name="test_aggregate_single_function" time="0.001" /><testcase classname="tests.analytics.compute.test_profiles" name="test_aggregate_complexity_buckets" time="0.001" /><testcase classname="tests.analytics.compute.test_profiles" name="test_aggregate_average_typedness" time="0.001" /><testcase classname="tests.analytics.compute.test_profiles" name="test_aggregate_typedness_counts" time="0.001" /><testcase classname="tests.analytics.compute.test_profiles" name="test_aggregate_realistic_codebase" time="0.001" /><testcase classname="tests.analytics.compute.test_profiles" name="test_stats_empty_aggregates" time="0.000" /><testcase classname="tests.analytics.compute.test_profiles" name="test_stats_all_typed" time="0.001" /><testcase classname="tests.analytics.compute.test_profiles" name="test_stats_avg_loc" time="0.001" /><testcase classname="tests.analytics.compute.test_profiles" name="test_stats_mixed_typedness" time="0.001" /><testcase classname="tests.analytics.compute.test_profiles" name="test_stats_all_present" time="0.001" /><testcase classname="tests.analytics.compute.test_profiles" name="test_features_create" time="0.000" /><testcase classname="tests.analytics.compute.test_profiles" name="test_extract_small_simple_typed" time="0.001" /><testcase classname="tests.analytics.compute.test_profiles" name="test_features_is_frozen" time="0.000" /><testcase classname="tests.analytics.compute.test_profiles" name="test_quality_score_bounds" time="0.001" /><testcase classname="tests.analytics.compute.test_profiles" name="test_threshold_constants" time="0.001" /><testcase classname="tests.analytics.compute.test_profiles" name="test_extract_large_complex_untyped" time="0.038" /><testcase classname="tests.analytics.compute.test_profiles" name="test_extract_medium_moderate_partial" time="0.037" /><testcase classname="tests.analytics.compute.test_profiles" name="test_size_boundary_medium_large" time="0.036" /><testcase classname="tests.analytics.compute.test_profiles" name="test_complexity_boundary" time="0.013" /><testcase classname="tests.analytics.compute.test_profiles" name="test_quality_score_weights" time="0.013" /><testcase classname="tests.analytics.compute.test_profiles" name="test_size_boundary_small_medium" time="0.013" /><testcase classname="tests.analytics.compute.test_profiles" name="test_aggregate_then_extract" time="0.001" /><testcase classname="tests.analytics.compute.test_profiles" name="test_typedness_boundary" time="0.000" /><testcase classname="tests.analytics.compute.test_profiles" name="test_complexity_normalization" time="0.000" /><testcase classname="tests.analytics.compute.test_profiles" name="test_realistic_codebase_features" time="0.001" /><testcase classname="tests.analytics.compute.test_row_builders.TestMergeComponentMetadata" name="test_returns_computed_when_no_cache" time="0.001" /><testcase classname="tests.analytics.compute.test_row_builders.TestMergeComponentMetadata" name="test_overlays_cached_values" time="0.001" /><testcase classname="tests.analytics.compute.test_row_builders.TestBuildFunctionGraphMetricRows" name="test_builds_empty_list_for_no_nodes" time="0.001" /><testcase classname="tests.analytics.compute.test_row_builders.TestBuildFunctionGraphMetricRows" name="test_builds_rows_for_nodes" time="0.000" /><testcase classname="tests.analytics.compute.test_row_builders.TestBuildSubsystemGraphRows" name="test_builds_rows_for_subsystems" time="0.002" /><testcase classname="tests.analytics.compute.test_row_builders.TestRowBuildersImport" name="test_import_from_row_builders_package" time="0.000" /><testcase classname="tests.analytics.compute.test_row_builders.TestBuildSymbolRows" name="test_builds_module_rows" time="0.001" /><testcase classname="tests.analytics.compute.test_semantic_roles" name="test_context_rel_path_lower" time="0.001" /><testcase classname="tests.analytics.compute.test_semantic_roles" name="test_context_name_property" time="0.001" /><testcase classname="tests.analytics.compute.test_semantic_roles" name="test_context_name_simple" time="0.002" /><testcase classname="tests.analytics.compute.test_semantic_roles" name="test_context_module_lower_none" time="0.001" /><testcase classname="tests.analytics.compute.test_semantic_roles" name="test_context_module_lower" time="0.001" /><testcase classname="tests.analytics.compute.test_semantic_roles" name="test_accumulator_bump_accumulates" time="0.004" /><testcase classname="tests.analytics.compute.test_semantic_roles" name="test_accumulator_bump_single" time="0.004" /><testcase classname="tests.analytics.compute.test_semantic_roles" name="test_context_tag_strings" time="0.004" /><testcase classname="tests.analytics.compute.test_semantic_roles" name="test_accumulator_finalize_empty" time="0.001" /><testcase classname="tests.analytics.compute.test_semantic_roles" name="test_accumulator_bump_with_framework" time="0.001" /><testcase classname="tests.analytics.compute.test_semantic_roles" name="test_accumulator_framework_first_wins" time="0.001" /><testcase classname="tests.analytics.compute.test_semantic_roles" name="test_accumulator_finalize_picks_highest" time="0.001" /><testcase classname="tests.analytics.compute.test_semantic_roles" name="test_accumulator_finalize_below_threshold" time="0.001" /><testcase classname="tests.analytics.compute.test_semantic_roles" name="test_accumulator_finalize_above_threshold" time="0.001" /><testcase classname="tests.analytics.compute.test_semantic_roles" name="test_classify_test_function" time="0.001" /><testcase classname="tests.analytics.compute.test_semantic_roles" name="test_accumulator_finalize_caps_confidence" time="0.001" /><testcase classname="tests.analytics.compute.test_semantic_roles" name="test_classify_test_prefix" time="0.001" /><testcase classname="tests.analytics.compute.test_semantic_roles" name="test_classify_api_handler" time="0.001" /><testcase classname="tests.analytics.compute.test_semantic_roles" name="test_classify_pytest_fixture" time="0.001" /><testcase classname="tests.analytics.compute.test_semantic_roles" name="test_classify_flask_route" time="0.001" /><testcase classname="tests.analytics.compute.test_semantic_roles" name="test_classify_cli_typer" time="0.001" /><testcase classname="tests.analytics.compute.test_semantic_roles" name="test_classify_cli_path" time="0.001" /><testcase classname="tests.analytics.compute.test_semantic_roles" name="test_classify_repository" time="0.001" /><testcase classname="tests.analytics.compute.test_semantic_roles" name="test_classify_cli_click" time="0.002" /><testcase classname="tests.analytics.compute.test_semantic_roles" name="test_classify_service" time="0.000" /><testcase classname="tests.analytics.compute.test_semantic_roles" name="test_classify_validator_by_name[validate]" time="0.002" /><testcase classname="tests.analytics.compute.test_semantic_roles" name="test_classify_validator" time="0.001" /><testcase classname="tests.analytics.compute.test_semantic_roles" name="test_classify_validator_by_name[check]" time="0.001" /><testcase classname="tests.analytics.compute.test_semantic_roles" name="test_classify_validator_by_name[ensure]" time="0.001" /><testcase classname="tests.analytics.compute.test_semantic_roles" name="test_classify_helper" time="0.001" /><testcase classname="tests.analytics.compute.test_semantic_roles" name="test_classify_config_loader" time="0.001" /><testcase classname="tests.analytics.compute.test_semantic_roles" name="test_classify_validator_by_name[assert]" time="0.003" /><testcase classname="tests.analytics.compute.test_semantic_roles" name="test_classify_other" time="0.000" /><testcase classname="tests.analytics.compute.test_semantic_roles" name="test_classify_returns_signals" time="0.001" /><testcase classname="tests.analytics.compute.test_semantic_roles" name="test_classify_module_tags" time="0.001" /><testcase classname="tests.analytics.compute.test_semantic_roles" name="test_modules_classify_empty" time="0.001" /><testcase classname="tests.analytics.compute.test_semantic_roles" name="test_modules_classify_ignores_other" time="0.001" /><testcase classname="tests.analytics.compute.test_semantic_roles" name="test_modules_classify_from_functions" time="0.001" /><testcase classname="tests.analytics.compute.test_semantic_roles" name="test_modules_classify_from_tags" time="0.001" /><testcase classname="tests.analytics.compute.test_semantic_roles" name="test_modules_classify_multiple" time="0.001" /><testcase classname="tests.analytics.compute.test_semantic_roles" name="test_decorator_names_empty" time="0.000" /><testcase classname="tests.analytics.compute.test_semantic_roles" name="test_modules_classify_below_threshold" time="0.001" /><testcase classname="tests.analytics.compute.test_semantic_roles" name="test_decorator_names_attribute" time="0.001" /><testcase classname="tests.analytics.compute.test_semantic_roles" name="test_decorator_names_call" time="0.000" /><testcase classname="tests.analytics.compute.test_semantic_roles" name="test_decorator_names_simple" time="0.001" /><testcase classname="tests.analytics.compute.test_semantic_roles" name="test_constants_service_fan_thresholds_positive" time="0.001" /><testcase classname="tests.analytics.compute.test_semantic_roles" name="test_decorator_names_multiple" time="0.000" /><testcase classname="tests.analytics.compute.test_semantic_roles" name="test_constants_role_threshold_positive" time="0.002" /><testcase classname="tests.analytics.compute.test_semantic_roles" name="test_constants_helper_loc_threshold_positive" time="0.001" /><testcase classname="tests.analytics.functions.test_function_contracts" name="test_condition_context_immutable" time="0.001" /><testcase classname="tests.analytics.functions.test_function_contracts" name="test_condition_context_with_none_line" time="0.001" /><testcase classname="tests.analytics.functions.test_function_contracts" name="test_condition_context_creation" time="0.002" /><testcase classname="tests._helpers.test_symbol_use_edges" name="test_insert_symbol_use_edges_respects_explicit_goids" time="4.521" /><testcase classname="tests.analytics.compute.test_entrypoints_detection" name="test_entrypoint_candidate_kinds[http_handler]" time="0.001" /><testcase classname="tests._helpers.test_symbol_use_edges" name="test_insert_symbol_use_edges_coerces_five_field_rows" time="4.567" /><testcase classname="tests.analytics.compute.test_entrypoints_detection" name="test_entrypoint_candidate_optionals_and_schema" time="0.002" /><testcase classname="tests._helpers.test_symbol_use_edges" name="test_insert_symbol_use_edges_invalid_shape_raises" time="4.633" /><testcase classname="tests.analytics.compute.test_entrypoints_detection" name="test_entrypoint_candidate_kinds[background_job]" time="0.001" /><testcase classname="tests._helpers.test_symbol_use_edges" name="test_load_symbol_function_graph_smoke" time="4.662" /><testcase classname="tests.analytics.compute.test_entrypoints_detection" name="test_entrypoint_candidate_kinds[websocket]" time="0.002" /><testcase classname="tests._helpers.test_symbol_use_edges" name="test_load_symbol_module_graph_smoke" time="4.819" /><testcase classname="tests.analytics.compute.test_entrypoints_detection" name="test_detect_entrypoints_with_seeded_pack" time="4.797" /><testcase classname="tests.analytics.compute.test_entrypoints_detection" name="test_entrypoint_candidate_kinds[scheduled_job]" time="0.001" /><testcase classname="tests.analytics.compute.test_entrypoints_detection" name="test_detect_entrypoints_emits_snippet_evidence" time="0.009" /><testcase classname="tests.cli.test_build_command" name="test_build_run_success@cli_shared_flags" time="5.168" /><testcase classname="tests.analytics.functions.test_function_contracts" name="test_compute_function_contracts_with_assert_guard" time="3.901" /><testcase classname="tests.analytics.functions.test_function_contracts" name="test_compute_function_contracts_with_simple_function" time="3.919" /><testcase classname="tests.analytics.functions.test_function_contracts" name="test_compute_function_contracts_empty_catalog" time="4.008" /><testcase classname="tests.analytics.functions.test_function_contracts" name="test_compute_function_contracts_table_exists" time="3.692" /><testcase classname="tests.analytics.functions.test_function_contracts" name="test_compute_function_contracts_multiple_functions" time="3.743" /><testcase classname="tests.analytics.functions.test_function_contracts" name="test_compute_function_contracts_varargs" time="3.640" /><testcase classname="tests.analytics.functions.test_function_contracts" name="test_compute_function_contracts_nullable_return" time="3.812" /><testcase classname="tests.analytics.functions.test_function_contracts" name="test_compute_function_contracts_nested_conditions" time="3.727" /><testcase classname="tests.analytics.functions.test_function_contracts" name="test_compute_function_contracts_chained_exceptions" time="3.803" /><testcase classname="tests.cli.test_build_command" name="test_build_run_dry_run@cli_shared_flags" time="4.234" /><testcase classname="tests.analytics.functions.test_function_contracts" name="test_compute_function_contracts_with_len_guard" time="3.326" /><testcase classname="tests.analytics.functions.test_function_contracts" name="test_compute_function_contracts_with_isinstance_check" time="3.431" /><testcase classname="tests.analytics.functions.test_function_contracts" name="test_compute_function_contracts_with_raise" time="3.518" /><testcase classname="tests.analytics.functions.test_function_contracts" name="test_compute_function_contracts_async_function" time="3.514" /><testcase classname="tests.analytics.functions.test_function_contracts" name="test_compute_function_contracts_keyword_only_params" time="3.495" /><testcase classname="tests.analytics.functions.test_function_contracts" name="test_compute_function_contracts_typed_function" time="3.637" /><testcase classname="tests.analytics.functions.test_function_contracts" name="test_compute_function_contracts_numeric_guards" time="3.474" /><testcase classname="tests.analytics.functions.test_function_contracts" name="test_compute_function_contracts_complex_guards" time="3.400" /><testcase classname="tests.analytics.functions.test_function_contracts" name="test_compute_function_contracts_bool_predicate_name" time="3.478" /><testcase classname="tests.analytics.functions.test_function_contracts" name="test_compute_function_contracts_method_with_self" time="3.356" /><testcase classname="tests.analytics.functions.test_function_contracts" name="test_compute_function_contracts_classmethod_with_cls" time="3.443" /><testcase classname="tests.analytics.functions.test_function_contracts" name="test_compute_function_contracts_idempotent" time="3.507" /><testcase classname="tests.cli.test_build_command" name="test_build_run_unknown_target@cli_shared_flags" time="3.167" /><testcase classname="tests.analytics.functions.test_function_contracts" name="test_compute_function_contracts_complex_assertions" time="3.272" /><testcase classname="tests.analytics.functions.test_function_contracts_integration" name="test_compute_contracts_with_catalog_goid_iteration" time="3.596" /><testcase classname="tests.analytics.functions.test_function_contracts_integration" name="test_compute_contracts_with_missing_ast" time="3.578" /><testcase classname="tests.analytics.functions.test_function_contracts_integration" name="test_compute_contracts_with_guards_and_catalog" time="3.513" /><testcase classname="tests.analytics.functions.test_function_contracts_integration" name="test_compute_contracts_with_docstring_data" time="3.834" /><testcase classname="tests.analytics.functions.test_function_contracts_integration" name="test_compute_contracts_with_type_annotations" time="3.718" /><testcase classname="tests.analytics.functions.test_function_effects" name="test_effect_analysis_creation" time="0.000" /><testcase classname="tests.analytics.functions.test_function_effects" name="test_effect_analysis_multiple_effects" time="0.001" /><testcase classname="tests.analytics.functions.test_function_effects" name="test_effect_analysis_immutable" time="0.001" /><testcase classname="tests.analytics.functions.test_function_effects" name="test_effect_analysis_evidence_structure" time="0.000" /><testcase classname="tests.analytics.functions.test_function_effects" name="test_function_effects_inputs_defaults" time="0.001" /><testcase classname="tests.analytics.functions.test_function_effects" name="test_function_effects_inputs_with_ast_map" time="0.001" /><testcase classname="tests.analytics.functions.test_function_effects" name="test_function_effects_inputs_immutable" time="0.006" /><testcase classname="tests.analytics.functions.test_function_effects" name="test_effect_analysis_direct_effectful_all_false" time="0.001" /><testcase classname="tests.analytics.functions.test_function_effects" name="test_effect_analysis_direct_effectful_any_true" time="0.001" /><testcase classname="tests.analytics.functions.test_function_effects" name="test_effect_analysis_no_io_no_db" time="0.000" /><testcase classname="tests.analytics.functions.test_function_effects" name="test_effect_analysis_io_no_db" time="0.000" /><testcase classname="tests.analytics.functions.test_function_effects" name="test_effect_analysis_no_io_db" time="0.000" /><testcase classname="tests.analytics.functions.test_function_effects" name="test_effect_analysis_io_and_db" time="0.001" /><testcase classname="tests.analytics.functions.test_function_effects_runtime" name="test_compute_function_effects_with_transitive_and_missing" time="3.953" /><testcase classname="tests.analytics.functions.test_function_contracts_integration" name="test_compute_contracts_with_bool_return_type" time="3.650" /><testcase classname="tests.analytics.functions.test_function_effects" name="test_effect_analysis_pure_function" time="0.001" /><testcase classname="tests.analytics.profiles.test_utils.TestOptionalStr" name="test_returns_string_for_int_input" time="0.002" /><testcase classname="tests.analytics.profiles.test_utils.TestOptionalStr" name="test_returns_string_for_float_input" time="0.005" /><testcase classname="tests.analytics.profiles.test_utils.TestOptionalStr" name="test_returns_none_for_none_input" time="0.000" /><testcase classname="tests.analytics.profiles.test_utils.TestOptionalStr" name="test_returns_string_for_bool_true_input" time="0.000" /><testcase classname="tests.analytics.profiles.test_utils.TestOptionalStr" name="test_returns_string_for_bool_false_input" time="0.001" /><testcase classname="tests.analytics.profiles.test_utils.TestOptionalInt" name="test_returns_int_for_int_input" time="0.001" /><testcase classname="tests.analytics.profiles.test_utils.TestOptionalInt" name="test_returns_int_for_float_input" time="0.000" /><testcase classname="tests.cli.test_build_command" name="test_build_run_no_targets_raises@cli_shared_flags" time="3.201" /><testcase classname="tests.analytics.profiles.test_utils.TestOptionalInt" name="test_returns_int_for_string_number" time="0.001" /><testcase classname="tests.analytics.profiles.test_utils.TestOptionalInt" name="test_returns_int_for_string_with_whitespace" time="0.000" /><testcase classname="tests.analytics.profiles.test_utils.TestOptionalInt" name="test_returns_none_for_empty_string" time="0.001" /><testcase classname="tests.analytics.profiles.test_utils.TestOptionalInt" name="test_returns_none_for_whitespace_only_string" time="0.001" /><testcase classname="tests.analytics.profiles.test_utils.TestOptionalInt" name="test_returns_none_for_invalid_string" time="0.001" /><testcase classname="tests.analytics.profiles.test_utils.TestOptionalInt" name="test_returns_none_for_none_input" time="0.001" /><testcase classname="tests.analytics.profiles.test_utils.TestOptionalInt" name="test_returns_int_for_bool_true" time="0.001" /><testcase classname="tests.analytics.profiles.test_utils.TestOptionalInt" name="test_returns_int_for_bool_false" time="0.000" /><testcase classname="tests.analytics.profiles.test_utils.TestIntOrDefault" name="test_returns_int_for_int_input" time="0.001" /><testcase classname="tests.analytics.profiles.test_utils.TestIntOrDefault" name="test_returns_default_for_none" time="0.001" /><testcase classname="tests.analytics.profiles.test_utils.TestIntOrDefault" name="test_returns_custom_default_for_none" time="0.000" /><testcase classname="tests.analytics.profiles.test_utils.TestIntOrDefault" name="test_returns_default_for_invalid_string" time="0.001" /><testcase classname="tests.analytics.profiles.test_utils.TestIntOrDefault" name="test_returns_int_for_valid_string" time="0.001" /><testcase classname="tests.analytics.profiles.test_utils.TestOptionalFloat" name="test_returns_float_for_float_input" time="0.002" /><testcase classname="tests.analytics.profiles.test_utils.TestOptionalFloat" name="test_returns_float_for_int_input" time="0.001" /><testcase classname="tests.analytics.profiles.test_utils.TestOptionalFloat" name="test_returns_float_for_string_number" time="0.001" /><testcase classname="tests.analytics.profiles.test_utils.TestOptionalFloat" name="test_returns_float_for_string_with_whitespace" time="0.001" /><testcase classname="tests.analytics.profiles.test_utils.TestOptionalFloat" name="test_returns_none_for_empty_string" time="0.000" /><testcase classname="tests.analytics.profiles.test_utils.TestOptionalFloat" name="test_returns_none_for_whitespace_only_string" time="0.000" /><testcase classname="tests.analytics.profiles.test_utils.TestOptionalFloat" name="test_returns_none_for_invalid_string" time="0.000" /><testcase classname="tests.analytics.profiles.test_utils.TestOptionalFloat" name="test_returns_none_for_none_input" time="0.001" /><testcase classname="tests.analytics.profiles.test_utils.TestOptionalFloat" name="test_returns_float_for_bool_true" time="0.000" /><testcase classname="tests.analytics.profiles.test_utils.TestOptionalFloat" name="test_returns_float_for_bool_false" time="0.000" /><testcase classname="tests.analytics.profiles.test_utils.TestOptionalBool" name="test_returns_bool_for_bool_true" time="0.001" /><testcase classname="tests.analytics.profiles.test_utils.TestOptionalBool" name="test_returns_bool_for_bool_false" time="0.001" /><testcase classname="tests.analytics.profiles.test_utils.TestOptionalBool" name="test_returns_bool_for_int_nonzero" time="0.001" /><testcase classname="tests.analytics.profiles.test_utils.TestOptionalBool" name="test_returns_bool_for_int_zero" time="0.001" /><testcase classname="tests.analytics.profiles.test_utils.TestOptionalBool" name="test_returns_bool_for_float_nonzero" time="0.001" /><testcase classname="tests.analytics.profiles.test_utils.TestOptionalBool" name="test_returns_bool_for_float_zero" time="0.000" /><testcase classname="tests.analytics.profiles.test_utils.TestOptionalBool" name="test_returns_true_for_truthy_strings[true]" time="0.001" /><testcase classname="tests.analytics.profiles.test_utils.TestOptionalBool" name="test_returns_true_for_truthy_strings[True]" time="0.001" /><testcase classname="tests.analytics.profiles.test_utils.TestOptionalBool" name="test_returns_true_for_truthy_strings[TRUE]" time="0.001" /><testcase classname="tests.analytics.profiles.test_utils.TestOptionalBool" name="test_returns_true_for_truthy_strings[1]" time="0.002" /><testcase classname="tests.analytics.profiles.test_utils.TestOptionalBool" name="test_returns_true_for_truthy_strings[yes]" time="0.005" /><testcase classname="tests.analytics.profiles.test_utils.TestOptionalBool" name="test_returns_true_for_truthy_strings[YES]" time="0.003" /><testcase classname="tests.analytics.functions.test_function_contracts_integration" name="test_compute_contracts_confidence_score" time="3.648" /><testcase classname="tests.analytics.profiles.test_utils.TestOptionalBool" name="test_returns_false_for_falsy_strings[false]" time="0.001" /><testcase classname="tests.analytics.profiles.test_utils.TestOptionalBool" name="test_returns_false_for_falsy_strings[False]" time="0.001" /><testcase classname="tests.analytics.profiles.test_utils.TestOptionalBool" name="test_returns_false_for_falsy_strings[FALSE]" time="0.001" /><testcase classname="tests.analytics.profiles.test_utils.TestOptionalBool" name="test_returns_false_for_falsy_strings[0]" time="0.002" /><testcase classname="tests.analytics.functions.test_function_effects" name="test_effect_analysis_io_effect" time="0.001" /><testcase classname="tests.analytics.profiles.test_utils.TestOptionalBool" name="test_returns_false_for_falsy_strings[no]" time="0.001" /><testcase classname="tests.analytics.profiles.test_utils.TestOptionalBool" name="test_returns_false_for_falsy_strings[NO]" time="0.007" /><testcase classname="tests.analytics.profiles.test_utils.TestOptionalBool" name="test_returns_true_for_string_with_whitespace" time="0.001" /><testcase classname="tests.analytics.profiles.test_utils.TestOptionalBool" name="test_returns_none_for_empty_string" time="0.000" /><testcase classname="tests.analytics.profiles.test_utils.TestOptionalBool" name="test_returns_none_for_invalid_string" time="0.001" /><testcase classname="tests.analytics.profiles.test_utils.TestOptionalBool" name="test_returns_none_for_none_input" time="0.000" /><testcase classname="tests.analytics.profiles.test_utils.TestModuleTableConstants" name="test_catalog_module_table_value" time="0.001" /><testcase classname="tests.analytics.profiles.test_utils.TestModuleTableConstants" name="test_default_module_table_value" time="0.000" /><testcase classname="tests.analytics.resources.test_provider_factory" name="test_provider_factory_options_custom" time="0.001" /><testcase classname="tests.analytics.resources.test_provider_factory" name="test_provider_factory_options_defaults" time="0.001" /><testcase classname="tests.analytics.profiles.test_utils.TestOptionalStr" name="test_returns_string_for_string_input" time="0.001" /><testcase classname="tests.cli.test_build_command" name="test_build_run_conflicting_flags_raises@cli_shared_flags" time="3.228" /><testcase classname="tests.analytics.functions.test_function_contracts_integration" name="test_compute_contracts_multiple_goids" time="6.724" /><testcase classname="tests.analytics.functions.test_function_effects" name="test_effect_analysis_db_effect" time="0.001" /><testcase classname="tests.analytics.resources.test_provider_factory" name="test_provider_factory_with_options" time="3.460" /><testcase classname="tests.analytics.resources.test_provider_factory" name="test_provider_factory_init" time="3.632" /><testcase classname="tests.analytics.resources.test_provider_factory" name="test_graph_provider_logs_when_graph_types_invalid" time="0.001" /><testcase classname="tests.analytics.functions.test_function_contracts_integration" name="test_compute_contracts_with_len_check" time="7.160" /><testcase classname="tests.analytics.functions.test_function_contracts_integration" name="test_compute_contracts_with_isinstance_guard" time="6.983" /><testcase classname="tests.analytics.functions.test_function_effects" name="test_effect_analysis_time_effect" time="0.005" /><testcase classname="tests.analytics.functions.test_function_effects" name="test_effect_analysis_global_modification" time="0.001" /><testcase classname="tests.analytics.functions.test_function_contracts_integration" name="test_compute_contracts_with_nullable_return" time="7.159" /><testcase classname="tests.analytics.functions.test_function_effects" name="test_effect_analysis_randomness_effect" time="0.001" /><testcase classname="tests.analytics.functions.test_function_contracts_integration" name="test_compute_contracts_with_doc_return_none" time="7.247" /><testcase classname="tests.analytics.functions.test_function_contracts_integration" name="test_compute_contracts_with_predicate_name" time="7.051" /><testcase classname="tests.analytics.functions.test_function_effects" name="test_effect_analysis_closure_modification" time="0.001" /><testcase classname="tests.analytics.functions.test_function_effects" name="test_effect_analysis_thread_spawn" time="0.001" /><testcase classname="tests.cli.test_build_command" name="test_build_run_invalid_module_raises@cli_shared_flags" time="3.081" /><testcase classname="tests.analytics.resources.test_provider_factory" name="test_create_registry_no_graphs" time="3.835" /><testcase classname="tests.analytics.resources.test_provider_factory" name="test_create_registry_with_asts" time="3.483" /><testcase classname="tests.analytics.resources.test_provider_factory" name="test_create_registry_default" time="3.562" /><testcase classname="tests.analytics.resources.test_provider_factory" name="test_create_registry_all_providers" time="3.720" /><testcase classname="tests.analytics.resources.test_provider_factory" name="test_function_catalog_service_module_lookup" time="0.001" /><testcase classname="tests.analytics.resources.test_provider_factory" name="test_make_catalog_provider_with_catalog" time="3.462" /><testcase classname="tests.analytics.resources.test_provider_factory" name="test_make_catalog_provider" time="3.605" /><testcase classname="tests.analytics.resources.test_provider_factory" name="test_make_graph_provider_caches" time="3.596" /><testcase classname="tests.analytics.resources.test_provider_factory" name="test_make_ast_provider" time="3.421" /><testcase classname="tests.analytics.resources.test_provider_factory" name="test_make_graph_provider_with_options" time="3.539" /><testcase classname="tests.cli.test_build_parallel" name="test_build_run_with_threadpool_backend@cli_shared_flags" time="4.245" /><testcase classname="tests.analytics.resources.test_provider_factory" name="test_create_registry_no_catalog" time="3.602" /><testcase classname="tests.analytics.resources.test_provider_factory" name="test_create_registry_with_features" time="3.474" /><testcase classname="tests.cli.test_build_parallel" name="test_max_workers_implies_threadpool_backend@cli_shared_flags" time="0.000" /><testcase classname="tests.cli.test_cli_error_parity_apps" name="test_unknown_option_per_app[argv0---bogus]@cli_shared_flags" time="0.019" /><testcase classname="tests.cli.test_cli_error_parity_apps" name="test_unknown_option_per_app[argv1---bogus]@cli_shared_flags" time="0.006" /><testcase classname="tests.cli.test_cli_error_parity_apps" name="test_unknown_option_per_app[argv2---bogus]@cli_shared_flags" time="0.010" /><testcase classname="tests.cli.test_cli_error_parity_apps" name="test_unknown_option_per_app[argv3---bogus]@cli_shared_flags" time="0.008" /><testcase classname="tests.cli.test_cli_error_parity_apps" name="test_unknown_option_per_app[argv4---bogus]@cli_shared_flags" time="0.016" /><testcase classname="tests.cli.test_cli_error_parity_apps" name="test_unknown_option_per_app[argv5---bogus]@cli_shared_flags" time="0.008" /><testcase classname="tests.cli.test_cli_error_parity_apps" name="test_unknown_option_per_app[argv6---bogus]@cli_shared_flags" time="0.017" /><testcase classname="tests.cli.test_cli_error_parity_apps" name="test_unknown_option_per_app[argv7---bogus]@cli_shared_flags" time="0.012" /><testcase classname="tests.cli.test_cli_error_parity_apps" name="test_unknown_command_per_app[argv0-nonesuch]@cli_shared_flags" time="0.002" /><testcase classname="tests.cli.test_cli_error_parity_apps" name="test_unknown_command_per_app[argv1-nonesuch]@cli_shared_flags" time="0.002" /><testcase classname="tests.cli.test_cli_error_parity_apps" name="test_unknown_command_per_app[argv2-nonesuch]@cli_shared_flags" time="0.002" /><testcase classname="tests.cli.test_cli_error_parity_apps" name="test_unknown_command_per_app[argv3-nonesuch]@cli_shared_flags" time="0.005" /><testcase classname="tests.cli.test_cli_error_parity_apps" name="test_unknown_command_per_app[argv4-nonesuch]@cli_shared_flags" time="0.002" /><testcase classname="tests.cli.test_cli_error_parity_apps" name="test_unknown_command_per_app[argv5-nonesuch]@cli_shared_flags" time="0.006" /><testcase classname="tests.cli.test_cli_error_parity_apps" name="test_unknown_command_per_app[argv6-nonesuch]@cli_shared_flags" time="0.003" /><testcase classname="tests.cli.test_cli_error_parity_apps" name="test_unknown_command_per_app[argv7-nonesuch]@cli_shared_flags" time="0.002" /><testcase classname="tests.cli.test_cli_errors" name="test_unknown_option_normalized@cli_shared_flags" time="0.028" /><testcase classname="tests.cli.test_cli_errors" name="test_unknown_command_normalized@cli_shared_flags" time="0.006" /><testcase classname="tests.cli.test_cli_errors" name="test_validation_error_exit_code@cli_shared_flags" time="0.019" /><testcase classname="tests.cli.test_cli_scope_and_plan" name="test_cli_plan_outputs_isolation_and_scope_metadata@cli_shared_flags" time="0.021" /><testcase classname="tests.cli.test_cli_scope_and_plan" name="test_cli_plugins_json_includes_enriched_metadata@cli_shared_flags" time="0.000"><skipped type="pytest.skip" message="Plugin catalog deprecated - all plugins migrated to Hamilton native">/Users/paulheyse/CodeIntel/CodeIntel/tests/cli/test_cli_scope_and_plan.py:35: Plugin catalog deprecated - all plugins migrated to Hamilton native</skipped></testcase><testcase classname="tests.analytics.resources.test_provider_factory" name="test_create_registry_with_module_map" time="3.750" /><testcase classname="tests.analytics.resources.test_provider_factory" name="test_make_module_map_provider" time="3.796" /><testcase classname="tests.analytics.resources.test_provider_factory" name="test_make_graph_provider" time="3.730" /><testcase classname="tests.analytics.resources.test_provider_factory" name="test_make_catalog_provider_caches" time="3.651" /><testcase classname="tests.analytics.resources.test_provider_factory" name="test_make_graph_provider_with_runtime" time="3.599" /><testcase classname="tests.analytics.resources.test_resource_registry" name="test_resource_registry_empty" time="0.001" /><testcase classname="tests.analytics.resources.test_resource_registry" name="test_resource_registry_register_or_replace_new" time="0.001" /><testcase classname="tests.analytics.resources.test_resource_registry" name="test_resource_registry_get_by_name" time="0.000" /><testcase classname="tests.analytics.resources.test_resource_registry" name="test_resource_registry_get_by_name_custom" time="0.001" /><testcase classname="tests.analytics.resources.test_resource_registry" name="test_resource_registry_get_by_name_not_found" time="0.001" /><testcase classname="tests.analytics.resources.test_resource_registry" name="test_resource_registry_has_by_name" time="0.001" /><testcase classname="tests.analytics.resources.test_resource_registry" name="test_resource_registry_require" time="0.001" /><testcase classname="tests.analytics.resources.test_resource_registry" name="test_resource_registry_require_not_found" time="0.001" /><testcase classname="tests.analytics.resources.test_resource_registry" name="test_resource_registry_require_by_name" time="0.001" /><testcase classname="tests.analytics.resources.test_resource_registry" name="test_resource_registry_require_or_none" time="0.002" /><testcase classname="tests.analytics.resources.test_resource_registry" name="test_resource_registry_require_or_none_not_found" time="0.001" /><testcase classname="tests.analytics.resources.test_resource_registry" name="test_resource_registry_require_or_none_not_loaded" time="0.001" /><testcase classname="tests.analytics.resources.test_resource_registry" name="test_resource_registry_invalidate_specific" time="0.005" /><testcase classname="tests.analytics.resources.test_resource_registry" name="test_resource_registry_invalidate_all" time="0.001" /><testcase classname="tests.analytics.resources.test_resource_registry" name="test_resource_registry_invalidate_not_registered" time="0.001" /><testcase classname="tests.analytics.resources.test_resource_registry" name="test_resource_registry_clear" time="0.001" /><testcase classname="tests.analytics.resources.test_resource_registry" name="test_resource_registry_registered_types" time="0.001" /><testcase classname="tests.analytics.resources.test_resource_registry" name="test_resource_not_found_error" time="0.001" /><testcase classname="tests.analytics.resources.test_resource_registry" name="test_resource_not_loaded_error" time="0.001" /><testcase classname="tests.analytics.resources.test_resource_registry" name="test_resource_not_loaded_error_no_reason" time="0.002" /><testcase classname="tests.analytics.resources.test_resource_registry" name="test_resource_error_hierarchy" time="0.000" /><testcase classname="tests.analytics.resources.test_resource_registry" name="test_mock_provider_protocol_compliance" time="0.001" /><testcase classname="tests.analytics.resources.test_resource_registry" name="test_resource_registry_multiple_registrations" time="0.001" /><testcase classname="tests.analytics.resources.test_provider_factory" name="test_make_graph_provider_with_backend" time="3.491" /><testcase classname="tests.analytics.subsystems.test_affinity" name="test_parse_tags_none" time="0.002" /><testcase classname="tests.analytics.subsystems.test_affinity" name="test_parse_tags_json_list" time="0.001" /><testcase classname="tests.analytics.resources.test_resource_registry" name="test_resource_registry_register_duplicate_raises" time="0.001" /><testcase classname="tests.analytics.subsystems.test_affinity" name="test_parse_tags_json_single_value" time="0.002" /><testcase classname="tests.analytics.subsystems.test_affinity" name="test_parse_tags_plain_string" time="0.001" /><testcase classname="tests.analytics.subsystems.test_affinity" name="test_parse_tags_list" time="0.000" /><testcase classname="tests.analytics.subsystems.test_affinity" name="test_parse_tags_other_type" time="0.000" /><testcase classname="tests.analytics.subsystems.test_affinity" name="test_parse_tags_mixed_list" time="0.000" /><testcase classname="tests.analytics.subsystems.test_affinity" name="test_add_graph_weight_new_edge" time="0.001" /><testcase classname="tests.analytics.subsystems.test_affinity" name="test_add_graph_weight_accumulates" time="0.002" /><testcase classname="tests.analytics.subsystems.test_affinity" name="test_add_graph_weight_ignores_self_loop" time="0.000" /><testcase classname="tests.analytics.subsystems.test_affinity" name="test_add_graph_weight_ignores_negative_weight" time="0.000" /><testcase classname="tests.analytics.subsystems.test_affinity" name="test_add_graph_weight_ignores_zero_weight" time="0.002" /><testcase classname="tests.analytics.subsystems.test_affinity" name="test_graph_to_adjacency_single_edge" time="0.001" /><testcase classname="tests.analytics.subsystems.test_affinity" name="test_graph_to_adjacency_empty" time="0.001" /><testcase classname="tests.analytics.subsystems.test_affinity" name="test_graph_to_adjacency_multiple_edges" time="0.000" /><testcase classname="tests.analytics.subsystems.test_affinity" name="test_seed_labels_from_tags_empty" time="0.000" /><testcase classname="tests.analytics.subsystems.test_affinity" name="test_graph_to_adjacency_default_weight" time="0.001" /><testcase classname="tests.analytics.subsystems.test_affinity" name="test_seed_labels_from_tags_basic" time="0.000" /><testcase classname="tests.analytics.subsystems.test_affinity" name="test_seed_labels_from_tags_empty_tags_skipped" time="0.000" /><testcase classname="tests.analytics.subsystems.test_affinity" name="test_seed_labels_from_tags_none_first_tag_skipped" time="0.000" /><testcase classname="tests.analytics.subsystems.test_affinity" name="test_label_propagation_nx_propagates_to_neighbors" time="0.000" /><testcase classname="tests.analytics.subsystems.test_affinity" name="test_label_propagation_nx_preserves_seeds" time="0.001" /><testcase classname="tests.analytics.subsystems.test_affinity" name="test_label_propagation_nx_selects_heaviest_neighbor" time="0.000" /><testcase classname="tests.analytics.subsystems.test_affinity" name="test_label_propagation_nx_isolated_nodes_keep_fallback" time="0.001" /><testcase classname="tests.analytics.subsystems.test_affinity" name="test_reassign_small_clusters_no_change_when_all_large" time="0.001" /><testcase classname="tests.analytics.subsystems.test_affinity" name="test_reassign_small_clusters_min_size_one_no_change" time="0.001" /><testcase classname="tests.analytics.subsystems.test_affinity" name="test_reassign_small_clusters_reassigns_small" time="0.001" /><testcase classname="tests.analytics.subsystems.test_affinity" name="test_best_neighbor_label_no_neighbors" time="0.001" /><testcase classname="tests.analytics.subsystems.test_affinity" name="test_best_neighbor_label_selects_allowed" time="0.000" /><testcase classname="tests.analytics.subsystems.test_affinity" name="test_best_neighbor_label_selects_heaviest" time="0.000" /><testcase classname="tests.analytics.subsystems.test_affinity" name="test_cluster_sizes_map_empty" time="0.000" /><testcase classname="tests.analytics.subsystems.test_affinity" name="test_cluster_sizes_map_counts_clusters" time="0.000" /><testcase classname="tests.analytics.resources.test_provider_factory" name="test_make_ast_provider_with_max_functions" time="3.903" /><testcase classname="tests.analytics.resources.test_resource_registry" name="test_resource_registry_register" time="0.001" /><testcase classname="tests.analytics.test_analytics_contracts" name="test_row_model_matches_contract[AnalyticsTestProfileRow-analytics.test_profile]" time="0.002" /><testcase classname="tests.analytics.test_analytics_contracts" name="test_row_model_matches_contract[AnalyticsBehavioralCoverageRow-analytics.behavioral_coverage]" time="0.001" /><testcase classname="tests.analytics.test_analytics_contracts" name="test_row_model_matches_contract[AnalyticsGraphMetricsFunctionsRow-analytics.graph_metrics_functions]" time="0.001" /><testcase classname="tests.analytics.test_analytics_contracts" name="test_row_model_matches_contract[AnalyticsGraphMetricsModulesRow-analytics.graph_metrics_modules]" time="0.001" /><testcase classname="tests.analytics.test_analytics_contracts" name="test_row_model_matches_contract[AnalyticsGraphMetricsFunctionsExtRow-analytics.graph_metrics_functions_ext]" time="0.001" /><testcase classname="tests.analytics.test_analytics_contracts" name="test_row_model_matches_contract[AnalyticsGraphMetricsModulesExtRow-analytics.graph_metrics_modules_ext]" time="0.001" /><testcase classname="tests.analytics.test_ast_metrics" name="test_file_churn_creation" time="0.001" /><testcase classname="tests.analytics.test_ast_metrics" name="test_file_churn_accumulation" time="0.000" /><testcase classname="tests.analytics.test_ast_metrics" name="test_file_churn_empty_summary" time="0.001" /><testcase classname="tests.analytics.test_ast_metrics" name="test_file_churn_duplicate_commits" time="0.001" /><testcase classname="tests.analytics.test_ast_metrics" name="test_file_churn_multiple_authors" time="0.001" /><testcase classname="tests.analytics.test_ast_metrics" name="test_file_churn_to_summary_keys" time="0.004" /><testcase classname="tests.analytics.resources.test_provider_factory" name="test_make_features_provider" time="3.473" /><testcase classname="tests.analytics.resources.test_resource_registry" name="test_resource_registry_get_not_found_raises" time="0.000" /><testcase classname="tests.analytics.resources.test_provider_factory" name="test_make_ast_provider_uses_factory_option" time="3.544" /><testcase classname="tests.analytics.resources.test_resource_registry" name="test_resource_registry_get" time="0.000" /><testcase classname="tests.cli.test_datasets_command" name="test_datasets_list@cli_shared_flags" time="3.168" /><testcase classname="tests.analytics.resources.test_provider_factory" name="test_make_features_provider_with_max_functions" time="3.719" /><testcase classname="tests.analytics.resources.test_resource_registry" name="test_resource_registry_get_or_none" time="0.000" /><testcase classname="tests.analytics.test_ast_metrics" name="test_file_churn_line_counts[0-0]" time="0.001" /><testcase classname="tests.analytics.test_ast_metrics" name="test_file_churn_line_counts[100-0]" time="0.002" /><testcase classname="tests.analytics.test_ast_metrics" name="test_file_churn_line_counts[0-100]" time="0.006" /><testcase classname="tests.analytics.test_ast_metrics" name="test_file_churn_line_counts[50-50]" time="0.001" /><testcase classname="tests.analytics.test_ast_metrics" name="test_file_churn_line_counts[1000-500]" time="0.002" /><testcase classname="tests.analytics.resources.test_provider_factory" name="test_make_module_map_provider_with_language" time="3.748" /><testcase classname="tests.analytics.resources.test_resource_registry" name="test_resource_registry_get_or_none_not_found" time="0.000" /><testcase classname="tests.analytics.resources.test_provider_factory" name="test_make_module_map_provider_uses_factory_option" time="3.504" /><testcase classname="tests.analytics.resources.test_resource_registry" name="test_resource_registry_has" time="0.001" /><testcase classname="tests.analytics.resources.test_provider_factory" name="test_clear_cache" time="3.601" /><testcase classname="tests.analytics.resources.test_resource_registry" name="test_resource_registry_register_or_replace" time="0.001" /><testcase classname="tests.analytics.test_analytics_contracts" name="test_dataset_insertion_idempotent[analytics.function_metrics-_function_metrics_row-None]" time="3.461" /><testcase classname="tests.analytics.test_analytics_contracts" name="test_dataset_insertion_idempotent[analytics.graph_metrics_functions-_graph_metrics_functions_row-_assert_graph_fk]" time="3.466" /><testcase classname="tests.analytics.test_analytics_contracts" name="test_row_model_matches_contract[AnalyticsFunctionMetricsRow-analytics.function_metrics]" time="0.003" /><testcase classname="tests.analytics.test_ast_metrics" name="test_build_hotspots_empty_ast_metrics" time="3.172" /><testcase classname="tests.analytics.test_analytics_contracts" name="test_row_model_matches_contract[AnalyticsFunctionTypesRow-analytics.function_types]" time="0.001" /><testcase classname="tests.analytics.test_ast_metrics" name="test_build_hotspots_multiple_files" time="2.912" /><testcase classname="tests.cli.test_datasets_command" name="test_datasets_snapshot_to_file@cli_shared_flags" time="2.876" /><testcase classname="tests.analytics.test_ast_metrics" name="test_build_hotspots_high_complexity" time="3.194" /><testcase classname="tests.analytics.test_ast_metrics" name="test_build_hotspots_windows_path_handling" time="3.301" /><testcase classname="tests.analytics.test_ast_metrics" name="test_build_hotspots_negative_complexity" time="3.194" /><testcase classname="tests.analytics.test_ast_metrics" name="test_build_hotspots_with_ast_data" time="3.224" /><testcase classname="tests.analytics.test_ast_metrics" name="test_build_hotspots_logs_git_failure" time="3.713" /><testcase classname="tests.cli.test_datasets_command" name="test_datasets_scaffold_existing_name@cli_shared_flags" time="3.132" /><testcase classname="tests.analytics.test_ast_metrics" name="test_ast_lookup_matches_canonical_functions[1001-pkg/mod_a.py-1-3]" time="3.556" /><testcase classname="tests.analytics.test_ast_metrics" name="test_ast_metrics_loc_and_calls[expected3]" time="3.606" /><testcase classname="tests.analytics.test_ast_metrics" name="test_ast_metrics_loc_and_calls[expected1]" time="3.756" /><testcase classname="tests.analytics.test_ast_metrics" name="test_build_hotspots_score_calculation" time="3.437" /><testcase classname="tests.analytics.test_ast_metrics" name="test_parse_git_log_empty_lines" time="0.001" /><testcase classname="tests.analytics.test_ast_metrics" name="test_parse_git_log_same_author_multiple_commits" time="0.002" /><testcase classname="tests.analytics.test_ast_utils" name="test_call_name_resolves_attribute_chain" time="0.001" /><testcase classname="tests.analytics.test_ast_utils" name="test_resolve_call_target_uses_alias_map" time="0.000" /><testcase classname="tests.analytics.test_ast_utils" name="test_literal_value_coercions" time="0.001" /><testcase classname="tests.analytics.test_ast_utils" name="test_safe_unparse_survives_invalid_nodes" time="0.001" /><testcase classname="tests.analytics.test_ast_utils" name="test_snippet_from_lines_includes_range" time="0.000" /><testcase classname="tests.analytics.test_ast_metrics" name="test_build_hotspots_idempotent" time="3.299" /><testcase classname="tests.analytics.test_ast_metrics" name="test_parse_git_log_simple_commit" time="0.001" /><testcase classname="tests.analytics.test_dependencies" name="test_severity_and_risk_scores" time="0.001" /><testcase classname="tests.analytics.test_dependencies" name="test_risk_level_balances_modes_and_frequency" time="0.004" /><testcase classname="tests.analytics.test_dependencies" name="test_severity_scores_constant" time="0.000" /><testcase classname="tests.analytics.test_ast_metrics" name="test_build_hotspots_zero_complexity" time="3.540" /><testcase classname="tests.analytics.test_ast_metrics" name="test_parse_git_log_multiple_commits_same_file" time="0.002" /><testcase classname="tests.analytics.test_ast_metrics" name="test_build_hotspots_from_seeded_ast_metrics" time="4.136" /><testcase classname="tests.analytics.test_ast_metrics" name="test_parse_git_log_multiple_files" time="0.001" /><testcase classname="tests.cli.test_datasets_command" name="test_dataset_describe_unknown_returns_nonzero@cli_shared_flags" time="3.952" /><testcase classname="tests.cli.test_docs_enums" name="test_docs_export_invalid_validation_mode@cli_shared_flags" time="0.029" /><testcase classname="tests.cli.test_help_rendering" name="test_docs_export_help_renders@cli_shared_flags" time="0.077" /><testcase classname="tests.cli.test_help_rendering" name="test_docs_export_help_repeatable@cli_shared_flags" time="0.117" /><testcase classname="tests.cli.test_help_rendering" name="test_build_help_rendering@cli_shared_flags" time="0.073" /><testcase classname="tests.analytics.test_ast_metrics" name="test_ast_lookup_matches_canonical_functions[1004-pkg/util.py-1-2]" time="4.414" /><testcase classname="tests.analytics.test_ast_metrics" name="test_parse_git_log_empty_line_handling" time="0.001" /><testcase classname="tests.cli.test_help_rendering" name="test_storage_help_rendering@cli_shared_flags" time="0.006" /><testcase classname="tests.cli.test_help_rendering" name="test_graphs_help_renders_enum_choices@cli_shared_flags" time="0.053" /><testcase classname="tests.cli.test_help_rendering" name="test_history_help_renders_positional@cli_shared_flags" time="0.045" /><testcase classname="tests.cli.test_help_rendering" name="test_storage_help_renders_nested@cli_shared_flags" time="0.020" /><testcase classname="tests.cli.test_help_rendering" name="test_build_run_help_renders_output_flags@cli_shared_flags" time="0.074" /><testcase classname="tests.analytics.test_ast_metrics" name="test_ast_metrics_loc_and_calls[expected0]" time="4.443" /><testcase classname="tests.analytics.test_ast_metrics" name="test_parse_git_log_binary_file_numstat" time="0.001" /><testcase classname="tests.analytics.test_feature_flags_behavior" name="test_community_detection_cap_skips_when_exceeded" time="0.193" /><testcase classname="tests.cli.test_help_rendering" name="test_build_status_help_renders_core_flags@cli_shared_flags" time="0.019" /><testcase classname="tests.cli.test_help_rendering" name="test_build_history_help_renders_core_flags@cli_shared_flags" time="0.030" /><testcase classname="tests.cli.test_help_rendering" name="test_dataset_list_help@cli_shared_flags" time="0.023" /><testcase classname="tests.cli.test_help_rendering" name="test_datasets_lint_help@cli_shared_flags" time="0.029" /><testcase classname="tests.cli.test_help_rendering" name="test_serve_http_help@cli_shared_flags" time="0.029" /><testcase classname="tests.cli.test_history_timeseries_cli" name="test_history_timeseries_cli_happy_path@cli_shared_flags" time="13.591" /><testcase classname="tests.analytics.test_ast_metrics" name="test_ast_lookup_matches_canonical_functions[1002-pkg/mod_b.py-1-6]" time="4.473" /><testcase classname="tests.analytics.test_ast_metrics" name="test_parse_git_log_skip_lines_before_commit" time="0.001" /><testcase classname="tests.analytics.test_ast_metrics" name="test_ast_lookup_matches_canonical_functions[1003-pkg/mod_c.py-1-2]" time="4.520" /><testcase classname="tests.analytics.test_ast_metrics" name="test_parse_git_log_normalize_path_separators" time="0.000" /><testcase classname="tests.analytics.test_graph_metric_filters_integration" name="test_filter_call_graph_prunes_nodes" time="0.002" /><testcase classname="tests.analytics.test_graph_metric_filters_integration" name="test_filter_import_graph_noop_without_modules" time="0.001" /><testcase classname="tests.analytics.test_graph_metric_filters_integration" name="test_build_filters_safe_when_repos_empty" time="3.782" /><testcase classname="tests.analytics.test_ast_metrics" name="test_ast_metrics_loc_and_calls[expected2]" time="4.580" /><testcase classname="tests.analytics.test_ast_metrics" name="test_parse_git_log_malformed_numstat_line" time="0.005" /><testcase classname="tests.analytics.test_graph_metric_filters_integration" name="test_filter_subsystem_graph_prunes_nodes" time="0.003" /><testcase classname="tests.analytics.test_graph_metric_filters_integration" name="test_filter_call_graph_preserves_component_counts" time="0.001" /><testcase classname="tests.analytics.test_dependencies" name="test_load_config_keys_filters_repo" time="4.576" /><testcase classname="tests.analytics.test_dependencies" name="test_build_alias_maps_handles_dotted_imports" time="4.534" /><testcase classname="tests.analytics.test_dependencies" name="test_build_alias_map_variants" time="0.001" /><testcase classname="tests.analytics.test_dependencies" name="test_dependency_call_visitor_detects_calls" time="4.588" /><testcase classname="tests.analytics.test_dependencies" name="test_group_calls_by_library_builds_graph" time="4.479" /><testcase classname="tests.analytics.test_dependencies" name="test_dependency_mode_pattern_matching" time="0.001" /><testcase classname="tests.analytics.test_profiles_and_functions" name="test_test_and_behavioral_profile_writers" time="4.140" /><testcase classname="tests.analytics.test_feature_flags_behavior" name="test_eager_hydration_respects_feature_override" time="3.836" /><testcase classname="tests.analytics.test_graph_metric_filters_integration" name="test_filter_subsystem_memberships_respects_allowlists" time="0.000" /><testcase classname="tests.analytics.test_profiles_and_functions" name="test_loc_and_logical_line_counts" time="0.001" /><testcase classname="tests.analytics.test_profiles_and_functions" name="test_param_stats_and_typedness_flags" time="0.001" /><testcase classname="tests.analytics.test_profiles_and_functions" name="test_signature_extraction_variants" time="0.006" /><testcase classname="tests.analytics.test_functions_validation" name="test_span_not_found_is_recorded" time="3.899" /><testcase classname="tests.analytics.test_functions_validation" name="test_records_validation_when_parse_fails" time="3.917" /><testcase classname="tests.analytics.test_graph_features" name="test_summarize_graph_for_function_profile_contract" time="0.377" /><testcase classname="tests.analytics.test_dependencies" name="test_classify_modes_prioritizes_specific_matchers" time="3.859" /><testcase classname="tests.analytics.test_graph_stats_validation" name="test_graph_stats_include_symbol_and_config_graphs" time="4.037" /><testcase classname="tests.analytics.test_profiles_and_functions" name="test_agg
[...]
ame="tests.storage.test_module_index" name="test_load_module_map_filters_by_language" time="4.156" /><testcase classname="tests.storage.test_ibis_write" name="test_upsert_updates_on_conflict" time="3.611" /><testcase classname="tests.storage.test_ibis_write" name="test_upsert_selective_update_columns" time="3.610" /><testcase classname="tests.storage.test_ibis_write" name="test_write_tuples_without_columns_raises" time="3.850" /><testcase classname="tests.storage.test_query_results" name="test_coerce_int_accepts_int_like_values" time="0.000" /><testcase classname="tests.storage.test_insert_helpers" name="test_insert_rows_normalizes_mapping" time="3.586" /><testcase classname="tests.storage.test_query_results" name="test_coerce_float_accepts_numeric_values" time="0.001" /><testcase classname="tests.storage.test_ibis_write" name="test_write_unqualified_table_key_raises" time="3.891" /><testcase classname="tests.storage.test_query_results" name="test_coerce_int_rejects_non_integral_float" time="0.000" /><testcase classname="tests.storage.test_run_registry.TestDataclasses" name="test_pipeline_run_record_frozen" time="0.001" /><testcase classname="tests.storage.test_run_registry.TestDataclasses" name="test_pipeline_step_record_frozen" time="0.001" /><testcase classname="tests.storage.test_ibis_write" name="test_write_unsupported_type_raises" time="3.673" /><testcase classname="tests.storage.test_query_results" name="test_coerce_optional_float_treats_nan_as_missing" time="0.001" /><testcase classname="tests.storage.test_insert_helpers" name="test_insert_rows_raises_on_missing_column" time="3.670" /><testcase classname="tests.storage.test_run_registry.TestStartAndFetchRun" name="test_start_run_replaces_existing" time="3.641" /><testcase classname="tests.storage.test_module_index" name="test_load_module_map_returns_normalized_paths" time="3.890" /><testcase classname="tests.storage.test_module_index" name="test_load_module_map_returns_empty_on_no_match" time="3.561" /><testcase classname="tests.storage.test_module_index" name="test_load_module_map_normalizes_path_with_leading_slash" time="3.825" /><testcase classname="tests.storage.test_module_index" name="test_load_module_map_handles_multiple_modules_same_path" time="4.487" /><testcase classname="tests.storage.test_run_registry_integration.TestGatewayRunsApi" name="test_start_and_fetch_run_with_gateway" time="4.055" /><testcase classname="tests.storage.test_run_registry.TestRecordStep" name="test_record_step_replaces_existing" time="4.233" /><testcase classname="tests.storage.test_run_registry.TestStartAndCompleteStep" name="test_complete_step_updates_record" time="4.280" /><testcase classname="tests.storage.test_run_registry_integration.TestGatewayRunsApi" name="test_record_steps_with_gateway" time="4.281" /><testcase classname="tests.storage.test_run_registry.TestStartAndFetchRun" name="test_start_run_creates_record" time="4.107" /><testcase classname="tests.storage.test_run_registry.TestCompleteRun" name="test_complete_run_updates_status" time="4.394" /><testcase classname="tests.storage.test_run_registry.TestStartAndFetchRun" name="test_fetch_nonexistent_run" time="4.961" /><testcase classname="tests.storage.test_module_index" name="test_load_module_map_uses_custom_logger" time="4.294" /><testcase classname="tests.storage.test_run_registry.TestRecordStep" name="test_record_step_creates_record" time="4.611" /><testcase classname="tests.storage.test_run_tracking" name="test_pipeline_run_record_stores_fields" time="0.001" /><testcase classname="tests.storage.test_run_registry.TestRecordStep" name="test_fetch_steps_empty" time="4.234" /><testcase classname="tests.storage.test_run_tracking" name="test_pipeline_step_record_stores_fields" time="0.001" /><testcase classname="tests.storage.test_run_registry.TestMultipleSteps" name="test_run_with_multiple_steps" time="3.992" /><testcase classname="tests.storage.test_run_registry_integration.TestGatewayRunsApi" name="test_complete_run_with_gateway" time="4.216" /><testcase classname="tests.storage.test_run_tracking" name="test_step_completion_params_to_record" time="0.002" /><testcase classname="tests.storage.test_run_registry_integration.TestNewRunContextIntegration" name="test_new_run_context_for_ingest" time="4.090" /><testcase classname="tests.storage.test_run_registry.TestStartAndCompleteStep" name="test_start_step_creates_running_record" time="4.386" /><testcase classname="tests.storage.test_run_registry_integration.TestNewRunContextIntegration" name="test_new_run_context_for_analytics" time="3.678" /><testcase classname="tests.storage.test_run_registry_integration.TestNewRunContextIntegration" name="test_new_run_context_for_graphs" time="3.991" /><testcase classname="tests.storage.test_run_registry.TestCompleteRun" name="test_complete_run_with_error" time="3.589" /><testcase classname="tests.storage.test_run_registry_integration.TestFullRunLifecycle" name="test_multi_engine_run_lifecycle" time="3.987" /><testcase classname="tests.storage.test_run_tracking" name="test_fetch_steps_orders_by_module_stage_name" time="3.490" /><testcase classname="tests.storage.test_run_tracking" name="test_complete_step_updates_step" time="3.681" /><testcase classname="tests.storage.test_run_tracking" name="test_complete_run_updates_status" time="3.415" /><testcase classname="tests.storage.test_run_tracking" name="test_complete_run_with_error_summary" time="3.385" /><testcase classname="tests.storage.test_schema_alignment" name="test_ensure_schemas_preserve_creates_tables_idempotently" time="4.239" /><testcase classname="tests.storage.test_run_tracking" name="test_fetch_run_returns_record" time="3.334" /><testcase classname="tests.storage.test_run_tracking" name="test_start_run_inserts_record" time="3.424" /><testcase classname="tests.storage.test_schema_helpers" name="test_json_schema_from_typeddict_round_trip" time="0.003" /><testcase classname="tests.storage.test_run_tracking" name="test_fetch_run_returns_none_for_missing" time="3.510" /><testcase classname="tests.storage.test_schema_helpers" name="test_build_validator_accepts_mapping" time="0.001" /><testcase classname="tests.storage.test_sql_compiler_upgrade_gates" name="test_compiler_upgrade_gate_create_table_executes" time="0.010" /><testcase classname="tests.storage.test_sqlglot_tools" name="test_parse_one_duckdb_parses_valid_sql" time="0.001" /><testcase classname="tests.storage.test_sqlglot_tools" name="test_parse_one_duckdb_raises_parse_error_on_invalid_sql" time="0.001" /><testcase classname="tests.storage.test_sqlglot_tools" name="test_extract_table_keys_is_cte_safe" time="0.002" /><testcase classname="tests.storage.test_sqlglot_tools" name="test_extract_table_keys_handles_nested_subqueries" time="0.001" /><testcase classname="tests.storage.test_sqlglot_tools" name="test_fingerprint_is_stable_for_equivalent_sql" time="0.002" /><testcase classname="tests.storage.test_sqlglot_tools" name="test_canonical_sql_is_stable_for_equivalent_sql" time="0.001" /><testcase classname="tests.storage.test_staging_lifecycle" name="test_registered_temp_relation_unregisters_on_success" time="0.001" /><testcase classname="tests.storage.test_staging_lifecycle" name="test_registered_temp_relation_unregisters_on_exception" time="0.001" /><testcase classname="tests.storage.test_storage_architecture_invariants" name="test_storage_has_no_build_imports" time="0.027" /><testcase classname="tests.storage.test_storage_architecture_invariants" name="test_storage_legacy_modules_removed" time="0.001" /><testcase classname="tests.storage.test_storage_architecture_invariants" name="test_ibis_gateway_has_no_sql_escape_hatch" time="0.001" /><testcase classname="tests.storage.test_storage_architecture_invariants" name="test_no_gateway_accessor_inserts_in_src" time="0.170" /><testcase classname="tests.storage.test_run_registry_integration.TestFullRunLifecycle" name="test_failed_run_lifecycle" time="3.602" /><testcase classname="tests.storage.test_run_tracking" name="test_record_step_inserts_step" time="3.545" /><testcase classname="tests.storage.test_run_tracking" name="test_start_step_returns_timestamp" time="3.681" /><testcase classname="tests.storage.test_schema_roundtrip" name="test_call_graph_edge_round_trip" time="2.222"><failure message="hypothesis.errors.FailedHealthCheck: Input generation is slow: Hypothesis only generated 2 valid inputs after 2.14 seconds.&#10;&#10;        count | fraction |    slowest draws (seconds)&#10;  row |    2  |    100%  |      --      --      --   0.001,  2.139&#10;&#10;This could be for a few reasons:&#10;1. This strategy could be generating too much data per input. Try decreasing the amount of data generated, for example by decreasing the minimum size of collection strategies like st.lists().&#10;2. Some other expensive computation could be running during input generation. For example, if @st.composite or st.data() is interspersed with an expensive computation, HealthCheck.too_slow is likely to trigger. If this computation is unrelated to input generation, move it elsewhere. Otherwise, try making it more efficient, or disable this health check if that is not possible.&#10;&#10;If you expect input generation to take this long, you can disable this health check with @settings(suppress_health_check=[HealthCheck.too_slow]). See https://hypothesis.readthedocs.io/en/latest/reference/api.html#hypothesis.HealthCheck for details.">@settings(max_examples=MAX_HYPOTHESIS_EXAMPLES)
&gt;   @given(st.from_type(CallGraphEdgeRow))
                   ^^^
E   hypothesis.errors.FailedHealthCheck: Input generation is slow: Hypothesis only generated 2 valid inputs after 2.14 seconds.
E   
E           count | fraction |    slowest draws (seconds)
E     row |    2  |    100%  |      --      --      --   0.001,  2.139
E   
E   This could be for a few reasons:
E   1. This strategy could be generating too much data per input. Try decreasing the amount of data generated, for example by decreasing the minimum size of collection strategies like st.lists().
E   2. Some other expensive computation could be running during input generation. For example, if @st.composite or st.data() is interspersed with an expensive computation, HealthCheck.too_slow is likely to trigger. If this computation is unrelated to input generation, move it elsewhere. Otherwise, try making it more efficient, or disable this health check if that is not possible.
E   
E   If you expect input generation to take this long, you can disable this health check with @settings(suppress_health_check=[HealthCheck.too_slow]). See https://hypothesis.readthedocs.io/en/latest/reference/api.html#hypothesis.HealthCheck for details.

tests/storage/test_schema_roundtrip.py:67: FailedHealthCheck</failure></testcase><testcase classname="tests.storage.test_run_tracking" name="test_record_step_with_none_row_counts" time="3.683" /><testcase classname="tests.storage.test_schema_roundtrip" name="test_symbol_use_round_trip" time="1.525"><failure message="hypothesis.errors.FailedHealthCheck: Input generation is slow: Hypothesis only generated 3 valid inputs after 1.49 seconds.&#10;&#10;        count | fraction |    slowest draws (seconds)&#10;  row |    3  |    100%  |      --      --      --      --   1.489&#10;&#10;This could be for a few reasons:&#10;1. This strategy could be generating too much data per input. Try decreasing the amount of data generated, for example by decreasing the minimum size of collection strategies like st.lists().&#10;2. Some other expensive computation could be running during input generation. For example, if @st.composite or st.data() is interspersed with an expensive computation, HealthCheck.too_slow is likely to trigger. If this computation is unrelated to input generation, move it elsewhere. Otherwise, try making it more efficient, or disable this health check if that is not possible.&#10;&#10;If you expect input generation to take this long, you can disable this health check with @settings(suppress_health_check=[HealthCheck.too_slow]). See https://hypothesis.readthedocs.io/en/latest/reference/api.html#hypothesis.HealthCheck for details.">@settings(max_examples=MAX_HYPOTHESIS_EXAMPLES)
&gt;   @given(st.from_type(SymbolUseRow))
                   ^^^
E   hypothesis.errors.FailedHealthCheck: Input generation is slow: Hypothesis only generated 3 valid inputs after 1.49 seconds.
E   
E           count | fraction |    slowest draws (seconds)
E     row |    3  |    100%  |      --      --      --      --   1.489
E   
E   This could be for a few reasons:
E   1. This strategy could be generating too much data per input. Try decreasing the amount of data generated, for example by decreasing the minimum size of collection strategies like st.lists().
E   2. Some other expensive computation could be running during input generation. For example, if @st.composite or st.data() is interspersed with an expensive computation, HealthCheck.too_slow is likely to trigger. If this computation is unrelated to input generation, move it elsewhere. Otherwise, try making it more efficient, or disable this health check if that is not possible.
E   
E   If you expect input generation to take this long, you can disable this health check with @settings(suppress_health_check=[HealthCheck.too_slow]). See https://hypothesis.readthedocs.io/en/latest/reference/api.html#hypothesis.HealthCheck for details.

tests/storage/test_schema_roundtrip.py:82: FailedHealthCheck</failure></testcase><testcase classname="tests.storage.test_schema_alignment" name="test_assert_schema_alignment_detects_drift_nonstrict" time="4.005" /><testcase classname="tests.storage.test_schema_alignment" name="test_apply_and_validate_schema_alignment" time="4.233" /><testcase classname="tests.storage.test_schema_roundtrip" name="test_generate_export_schemas_writes_files" time="4.151" /><testcase classname="tests.storage.test_schema_alignment" name="test_create_schemas_creates_all_namespaces" time="3.877" /><testcase classname="tests.storage.test_schema_roundtrip" name="test_behavioral_coverage_round_trip" time="1.085" /><testcase classname="tests.storage.test_schema_roundtrip" name="test_test_coverage_round_trip" time="0.997" /><testcase classname="tests.storage.test_schema_alignment" name="test_ensure_schemas_preserve_with_extra_ddl" time="3.939" /><testcase classname="tests.storage.test_sql_compiler_upgrade_gates" name="test_compiler_upgrade_gate_create_table_sql_is_stable" time="0.010" /><testcase classname="tests.storage.test_subsystem_view_schema_drift" name="test_subsystem_docs_views_schema_stable" time="3.513" /><testcase classname="tests.storage.test_run_tracking" name="test_fetch_steps_returns_list" time="3.412" /><testcase classname="tests.storage.test_schema_helpers" name="test_validate_row_with_schema_passes_valid_data" time="0.003" /><testcase classname="tests.storage.test_schema_helpers" name="test_apply_all_schemas_creates_function_validation" time="3.750" /><testcase classname="tests.storage.test_snapshot_scoping" name="test_maybe_scope_by_repo_commit_adds_filter_when_columns_exist" time="3.839" /><testcase classname="tests.storage.test_snapshot_scoping" name="test_maybe_scope_by_repo_commit_is_noop_when_columns_missing" time="4.018" /><testcase classname="tests.storage.tracking.test_build_tracking.TestOutputManifestOperations" name="test_load_nonexistent_manifest" time="3.930" /><testcase classname="tests.storage.tracking.test_build_tracking.TestOutputManifestOperations" name="test_upsert_manifest" time="4.374" /><testcase classname="tests.storage.tracking.test_build_tracking.TestBuildRunOperations" name="test_complete_run_succeeded" time="4.710" /><testcase classname="tests.storage.tracking.test_build_tracking.TestBuildRunOperations" name="test_start_and_fetch_run" time="4.641" /><testcase classname="tests.storage.views.test_pr86_no_ibis_view_registry" name="test_view_builders_discoverable_via_tags" time="0.019" /><testcase classname="tests.storage.test_warehouse_materialization_equivalence" name="test_warehouse_materialize_variants_write_equivalent_rows" time="4.962" /><testcase classname="tests.storage.views.test_pr86_no_ibis_view_registry" name="test_ibis_view_registry_module_removed" time="0.012" /><testcase classname="tests.storage.tracking.test_build_tracking.TestOutputManifestOperations" name="test_delete_manifests" time="4.960" /><testcase classname="tests.test_build_storage_architecture_invariants" name="test_no_direct_ibis_table_calls_outside_allowlist" time="0.197" /><testcase classname="tests.storage.test_warehouse_transaction_rollback" name="test_materialize_rows_replace_rolls_back_on_write_failure" time="5.233" /><testcase classname="tests.test_build_storage_architecture_invariants" name="test_no_build_policy_write_calls" time="0.032" /><testcase classname="tests.test_core_dependency_hygiene" name="test_core_imports_are_stdlib_only" time="0.004" /><testcase classname="tests.storage.tracking.test_build_tracking.TestOutputManifestOperations" name="test_save_and_load_manifest" time="5.184" /><testcase classname="tests.test_layering_serving_imports" name="test_no_serving_imports_in_middle_packages" time="3.082" /><testcase classname="tests.storage.tracking.test_build_tracking.TestBuildRunOperations" name="test_fetch_nonexistent_run" time="5.677" /><testcase classname="tests.test_testing_contract" name="test_testing_charter_forbidden_patterns" time="0.275"><failure message="AssertionError: Testing charter violations detected:&#10;monkeypatch: /Users/paulheyse/CodeIntel/CodeIntel/tests/build/test_hashing_plan_targets.py">def test_testing_charter_forbidden_patterns() -&gt; None:
        """
        Fail fast when tests use forbidden patching or path hacks.
    
        Enforces the charter: no monkeypatching/runtime patching, no sys.path edits,
        and no imports of underscore-prefixed production symbols from tests.
    
        Raises
        ------
        AssertionError
            If any forbidden pattern is detected in the test suite.
        """
        violations: list[str] = []
        for path in _iter_test_files():
            content = path.read_text(encoding="utf-8")
            for label, pattern in FORBIDDEN_PATTERNS.items():
                if pattern.search(content):
                    violations.append(f"{label}: {path}")
        if violations:
            message = "Testing charter violations detected:\n" + "\n".join(sorted(violations))
&gt;           raise AssertionError(message)
E           AssertionError: Testing charter violations detected:
E           monkeypatch: /Users/paulheyse/CodeIntel/CodeIntel/tests/build/test_hashing_plan_targets.py

tests/test_testing_contract.py:61: AssertionError</failure></testcase><testcase classname="tests.storage.tracking.test_build_tracking.TestOutputManifestOperations" name="test_list_manifests" time="6.205" /><testcase classname="tests.test_pipeline_smoke" name="test_build_export_smoke" time="0.006"><skipped type="pytest.xfail" message="Build smoke test currently fails in function_effects catalog integration" /></testcase><testcase classname="tests.storage.tracking.test_build_tracking.TestBuildRunOperations" name="test_list_runs" time="5.723" /><testcase classname="tests.test_tests_analytics_unit" name="test_backfill_test_goids_updates_catalog" time="5.010" /><testcase classname="tests.storage.tracking.test_build_tracking.TestBuildRunOperations" name="test_list_runs_with_limit" time="5.481" /><testcase classname="tests.test_tests_analytics_unit" name="test_edges_for_file_uses_test_meta" time="0.003" /><testcase classname="tests.test_tests_analytics_unit" name="test_compute_test_coverage_edges_respects_injected_loader" time="5.455" /><testcase classname="tests.storage.tracking.test_build_tracking.TestBuildRunOperations" name="test_complete_run_failed" time="5.833" /><testcase classname="tests.test_tests_analytics_unit" name="test_compute_test_coverage_edges_with_real_coverage" time="3.269" /></testsuite></testsuites>