<?xml version="1.0" encoding="utf-8"?><testsuites name="pytest tests"><testsuite name="pytest" errors="0" failures="0" skipped="0" tests="22" time="9.814" timestamp="2025-12-08T16:35:37.732969-05:00" hostname="paul-X870-AORUS-ELITE-WIFI7"><testcase classname="tests.mcp.test_function_tools" name="test_function_tool_passes_through_raw_dict_when_no_model" time="0.001" /><testcase classname="tests.mcp.test_dataset_tools" name="test_dataset_tool_invokes_auto_pipeline" time="0.001" /><testcase classname="tests.mcp.test_function_tools" name="test_function_tool_invokes_auto_pipeline" time="0.001" /><testcase classname="tests.mcp.test_dataset_tools" name="test_serialize_list_payload_prefers_model_dump_when_no_model_cls" time="0.001" /><testcase classname="tests.mcp.test_tool_builder" name="test_build_tool_from_operation_model_serialization" time="0.001" /><testcase classname="tests.mcp.test_function_tools" name="test_function_tool_from_domain_path" time="0.001" /><testcase classname="tests.mcp.test_function_tools" name="test_function_tool_resets_context_on_error" time="0.002" /><testcase classname="tests.mcp.test_function_tools" name="test_function_tool_sets_scope_and_resets_context" time="0.001" /><testcase classname="tests.mcp.test_tool_builder" name="test_build_tool_auto_pipeline_invokes_prereqs" time="0.001" /><testcase classname="tests.mcp.test_function_tools" name="test_serialize_payload_validator_path" time="0.001" /><testcase classname="tests.serving.test_operation_spec_alignment" name="test_required_datasets_resolve_to_dataset_contracts" time="0.001" /><testcase classname="tests.serving.test_operation_spec_alignment" name="test_http_routes_match_operations" time="0.040" /><testcase classname="tests.serving.test_operation_spec_alignment" name="test_exposed_datasets_resolve_to_dataset_contracts" time="0.001" /><testcase classname="tests.mcp.test_dataset_tools" name="test_register_dataset_tools_registers_and_executes" time="0.002" /><testcase classname="tests.mcp.test_dataset_tools" name="test_serialize_payload_uses_validator_fallback" time="0.001" /><testcase classname="tests.mcp.test_tool_builder" name="test_build_tool_from_operation_missing_backend_method" time="0.001" /><testcase classname="tests.mcp.test_function_tools" name="test_register_function_tools_registers_and_executes" time="0.001" /><testcase classname="tests.mcp.test_dataset_tools" name="test_serialize_payload_passes_through_raw_dict_when_no_model" time="0.001" /><testcase classname="tests.mcp.test_dataset_tools" name="test_dataset_tool_resets_context_on_error" time="0.002" /><testcase classname="tests.serving.test_operation_spec_alignment" name="test_mcp_tool_names_match_operations" time="0.105" /><testcase classname="tests.mcp.test_tool_builder" name="test_register_tools_for_category_registers_expected_tools" time="0.001" /><testcase classname="tests.mcp.test_dataset_tools" name="test_serialize_list_payload_passes_through_raw_dicts" time="0.001" /></testsuite></testsuites>