<?xml version="1.0" encoding="utf-8"?><testsuites name="pytest tests"><testsuite name="pytest" errors="0" failures="1" skipped="0" tests="492" time="70.666" timestamp="2025-12-08T05:14:07.077509-05:00" hostname="paul-X870-AORUS-ELITE-WIFI7"><testcase classname="tests.storage.test_data_models" name="test_data_model_field_row_is_frozen" time="0.001" /><testcase classname="tests.storage.test_data_models" name="test_data_model_relationship_row_stores_all_fields" time="0.001" /><testcase classname="tests.storage.test_dataflow_graph" name="test_alias_docs_views_have_nodes" time="0.002" /><testcase classname="tests.storage.test_conformance" name="test_conformance_issue_stores_dataset_and_message" time="0.001" /><testcase classname="tests.storage.test_conformance" name="test_conformance_issue_allows_none_dataset" time="0.000" /><testcase classname="tests.storage.test_dataflow_graph" name="test_contract_dataflow_includes_all_datasets" time="0.002" /><testcase classname="tests.storage.test_dataflow_graph" name="test_composite_edges_align_with_composite_schemas" time="0.001" /><testcase classname="tests.storage.test_dataset_catalog" name="test_catalog_generation_writes_files" time="0.002" /><testcase classname="tests.storage.test_data_models" name="test_normalized_data_model_is_frozen" time="0.001" /><testcase classname="tests.storage.test_catalog_describe" name="test_describe_dataset_warns_on_missing_schema" time="0.001" /><testcase classname="tests.storage.test_conformance" name="test_conformance_report_ok_when_no_issues" time="0.000" /><testcase classname="tests.storage.test_data_models" name="test_data_model_field_row_stores_all_fields" time="0.000" /><testcase classname="tests.storage.test_dataflow_graph" name="test_metadata_dataflow_tables_populated" time="1.859" /><testcase classname="tests.storage.test_dataset_catalog" name="test_catalog_handles_missing_samples" time="0.001" /><testcase classname="tests.storage.test_datasets" name="test_dataset_registry_all_datasets_returns_tuple" time="0.000" /><testcase classname="tests.storage.test_datasets" name="test_dataset_registry_datasets_with_json_schema" time="0.000" /><testcase classname="tests.storage.test_datasets" name="test_dataset_registry_dataset_dependencies" time="0.000" /><testcase classname="tests.storage.test_data_models" name="test_normalized_data_model_stores_nested_data" time="0.003" /><testcase classname="tests.storage.test_datasets" name="test_dataset_registry_resolve_table_key_returns_qualified" time="0.003" /><testcase classname="tests.storage.test_conformance" name="test_conformance_report_not_ok_when_issues_exist" time="0.002" /><testcase classname="tests.storage.test_datasets" name="test_dataset_for_table_returns_contract" time="0.001" /><testcase classname="tests.storage.test_datasets" name="test_dataset_for_table_raises_on_unknown" time="0.001" /><testcase classname="tests.storage.test_datasets" name="test_dataset_registry_resolve_table_key_raises_on_unknown" time="0.001" /><testcase classname="tests.storage.test_datasets" name="test_describe_dataset_returns_serializable_dict" time="0.000" /><testcase classname="tests.storage.test_datasets" name="test_dataset_for_name_returns_contract" time="0.001" /><testcase classname="tests.storage.test_data_models" name="test_data_model_relationship_row_is_frozen" time="0.001" /><testcase classname="tests.storage.test_datasets" name="test_build_dataset_dependency_graph_returns_mapping" time="0.001" /><testcase classname="tests.storage.test_datasets" name="test_dataset_registry_docs_dataset_names" time="0.000" /><testcase classname="tests.storage.test_datasets" name="test_dataset_registry_views_property" time="0.000" /><testcase classname="tests.storage.test_datasets" name="test_dataset_registry_meta_property" time="0.000" /><testcase classname="tests.storage.test_datasets" name="test_list_dataset_specs_returns_list" time="0.000" /><testcase classname="tests.storage.test_datasets" name="test_dataset_for_name_raises_on_unknown" time="0.001" /><testcase classname="tests.storage.test_datasets" name="test_dataset_registry_table_for_name" time="0.000" /><testcase classname="tests.storage.test_datasets" name="test_dataset_registry_table_for_name_raises_on_unknown" time="0.001" /><testcase classname="tests.storage.test_datasets" name="test_dataset_registry_jsonl_mapping_property" time="0.000" /><testcase classname="tests.storage.test_datasets" name="test_require_row_binding_behavior" time="0.001" /><testcase classname="tests.storage.test_datasets" name="test_describe_dataset_shape_with_json_schema" time="0.003" /><testcase classname="tests.storage.test_datasets" name="test_dataset_registry_parquet_mapping_property" time="0.000" /><testcase classname="tests.storage.test_datasets" name="test_json_schema_datasets_have_row_bindings" time="1.477" /><testcase classname="tests.storage.test_dataset_scaffold" name="test_scaffold_blocks_overwrite_without_flag" time="0.001" /><testcase classname="tests.storage.test_dataset_scaffold" name="test_scaffold_view_defaults_skip_exports" time="0.001" /><testcase classname="tests.storage.test_dataset_scaffold" name="test_scaffold_emits_bootstrap_snippet_when_requested" time="0.001" /><testcase classname="tests.storage.test_dataset_scaffold" name="test_scaffold_registry_conflict_blocks_creation" time="0.001" /><testcase classname="tests.storage.test_docs_view_profiling" name="test_docs_views_is_defined" time="0.000" /><testcase classname="tests.storage.test_docs_view_profiling" name="test_docs_views_contains_expected_views" time="0.000" /><testcase classname="tests.storage.test_docs_view_profiling" name="test_write_text_creates_file" time="0.001" /><testcase classname="tests.storage.test_docs_view_profiling" name="test_write_text_creates_nested_directories" time="0.001" /><testcase classname="tests.storage.repositories.test_base" name="test_base_repository_con_property" time="7.033" /><testcase classname="tests.storage.test_data_models" name="test_fetch_models_parses_base_classes_from_json" time="7.102" /><testcase classname="tests.storage.test_data_models" name="test_fetch_fields_returns_empty_list" time="7.181" /><testcase classname="tests.storage.repositories.test_modules" name="test_list_modules_returns_empty_for_no_data" time="7.188" /><testcase classname="tests.storage.repositories.test_dataflow" name="test_list_nodes_includes_expected_columns" time="7.210" /><testcase classname="tests.storage.test_data_models" name="test_fetch_models_returns_empty_list" time="7.201" /><testcase classname="tests.storage.repositories.test_dataflow" name="test_list_edges_filtered_by_dst" time="7.235" /><testcase classname="tests.storage.test_data_models" name="test_fetch_relationships_parses_all_fields" time="7.231" /><testcase classname="tests.storage.test_data_models" name="test_fetch_models_normalized_returns_empty_list" time="7.228" /><testcase classname="tests.storage.test_conformance" name="test_conformance_with_sample_rows_enabled" time="9.709" /><testcase classname="tests.storage.repositories.test_subsystems" name="test_list_subsystem_memberships_returns_rows" time="7.315" /><testcase classname="tests.storage.test_datasets" name="test_describe_all_datasets_returns_serializable_list" time="7.280" /><testcase classname="tests.storage.test_conformance" name="test_conformance_reports_json_schema_errors" time="9.793" /><testcase classname="tests.storage.test_datasets" name="test_json_schema_ids_attached_to_datasets" time="1.101" /><testcase classname="tests.storage.repositories.test_base" name="test_fetch_one_dict_returns_mapping" time="7.370" /><testcase classname="tests.storage.repositories.test_modules" name="test_get_module_profile_returns_none_when_not_found" time="7.361" /><testcase classname="tests.storage.test_datasets" name="test_load_dataset_registry_from_db" time="7.344" /><testcase classname="tests.storage.test_conformance" name="test_conformance_passes_with_empty_db" time="9.818" /><testcase classname="tests.storage.repositories.test_base" name="test_row_exists_returns_true_when_match" time="7.416" /><testcase classname="tests.storage.test_datasets" name="test_dataset_registry_mapping_property" time="0.000" /><testcase classname="tests.storage.test_datasets" name="test_dataset_registry_tables_property" time="0.000" /><testcase classname="tests.storage.repositories.test_functions" name="test_list_function_goids_returns_empty_when_no_data" time="7.416" /><testcase classname="tests.storage.repositories.test_functions" name="test_list_function_summaries_for_file_returns_empty_when_no_match" time="7.416" /><testcase classname="tests.storage.repositories.test_functions" name="test_resolve_function_goid_passthrough" time="7.418" /><testcase classname="tests.storage.test_db_helpers" name="test_count_rows_for_tables_filters_by_repo_commit" time="7.419" /><testcase classname="tests.storage.test_data_models" name="test_fetch_fields_without_model_ids_returns_all" time="7.434" /><testcase classname="tests.storage.repositories.test_functions" name="test_get_function_profile_returns_none_when_not_found" time="7.439" /><testcase classname="tests.storage.repositories.test_base" name="test_fetch_all_dicts_returns_empty_list_when_no_match" time="7.452" /><testcase classname="tests.storage.repositories.test_subsystems" name="test_get_subsystem_summary_returns_none_for_missing" time="7.607" /><testcase classname="tests.storage.repositories.test_subsystems" name="test_list_subsystem_coverage_returns_rows" time="7.785" /><testcase classname="tests.storage.repositories.test_subsystems" name="test_list_subsystems_filters_by_role" time="7.849" /><testcase classname="tests.storage.test_db_helpers" name="test_count_rows_for_tables_returns_dict" time="6.752" /><testcase classname="tests.storage.test_db_helpers" name="test_safe_count_rows_tolerates_none_connection" time="0.000" /><testcase classname="tests.storage.test_docs_view_profiling" name="test_run_profile_analyze_mode_creates_artifacts" time="4.548" /><testcase classname="tests.storage.repositories.test_repositories" name="test_function_repository_reads" time="8.495" /><testcase classname="tests.storage.repositories.test_repositories" name="test_data_model_accessors" time="8.540" /><testcase classname="tests.storage.test_docs_view_profiling" name="test_explain_returns_plan_text" time="6.848" /><testcase classname="tests.storage.test_data_models" name="test_data_model_row_is_frozen" time="0.001" /><testcase classname="tests.storage.test_data_models" name="test_data_model_row_stores_all_fields" time="0.000" /><testcase classname="tests.storage.test_docs_view_profiling" name="test_main_with_missing_db_calls_parser_error" time="0.001" /><testcase classname="tests.storage.test_docs_view_profiling" name="test_main_with_valid_db_returns_success" time="3.953" /><testcase classname="tests.storage.repositories.test_base" name="test_base_repository_stores_attributes" time="7.203" /><testcase classname="tests.storage.test_data_models" name="test_fetch_models_handles_goid_as_decimal" time="7.350" /><testcase classname="tests.storage.repositories.test_modules" name="test_get_file_summary_returns_none_when_not_found" time="7.272" /><testcase classname="tests.storage.test_data_models" name="test_fetch_fields_parses_all_fields" time="7.314" /><testcase classname="tests.storage.test_data_models" name="test_fetch_models_filters_by_repo_commit" time="7.350" /><testcase classname="tests.storage.test_data_models" name="test_fetch_models_normalized_joins_data" time="7.373" /><testcase classname="tests.storage.repositories.test_dataflow" name="test_list_edges_returns_edges" time="7.389" /><testcase classname="tests.storage.repositories.test_dataflow" name="test_list_edges_filtered_by_both" time="7.369" /><testcase classname="tests.storage.test_data_models" name="test_fetch_relationships_filters_by_model_ids" time="7.389" /><testcase classname="tests.storage.repositories.test_base" name="test_fetch_one_dict_returns_none_when_empty" time="7.337" /><testcase classname="tests.storage.test_docs_views" name="test_test_profile_has_primary_subsystem_index" time="7.367" /><testcase classname="tests.storage.repositories.test_functions" name="test_list_high_risk_functions_returns_empty_when_no_match" time="7.374" /><testcase classname="tests.storage.repositories.test_functions" name="test_get_function_profile_returns_row" time="7.373" /><testcase classname="tests.storage.test_db_helpers" name="test_count_rows_for_tables_returns_none_on_missing_table" time="7.365" /><testcase classname="tests.storage.repositories.test_functions" name="test_resolve_function_goid_returns_none_when_no_identifiers" time="7.418" /><testcase classname="tests.storage.repositories.test_base" name="test_fetch_paginated_detects_truncation" time="7.415" /><testcase classname="tests.storage.repositories.test_modules" name="test_get_file_profile_returns_none_when_not_found" time="7.482" /><testcase classname="tests.storage.repositories.test_base" name="test_row_exists_returns_false_when_no_match" time="7.432" /><testcase classname="tests.storage.test_data_models" name="test_fetch_fields_parses_constraints_json" time="7.432" /><testcase classname="tests.storage.repositories.test_base" name="test_paginated_rows_count_property" time="0.000" /><testcase classname="tests.storage.repositories.test_subsystems" name="test_list_subsystems_for_module_returns_rows" time="7.747" /><testcase classname="tests.storage.repositories.test_subsystems" name="test_search_subsystems_is_alias_for_list" time="7.717" /><testcase classname="tests.storage.test_db_helpers" name="test_safe_count_rows_returns_counts_with_valid_connection" time="7.097" /><testcase classname="tests.storage.repositories.test_subsystems" name="test_list_subsystem_profiles_uses_cache_when_present" time="7.632" /><testcase classname="tests.storage.repositories.test_subsystems" name="test_list_subsystems_searches_by_query" time="7.667" /><testcase classname="tests.storage.test_docs_view_profiling" name="test_explain_analyze_returns_plan_text" time="7.032" /><testcase classname="tests.storage.test_docs_view_profiling" name="test_run_profile_raises_on_missing_db" time="0.001" /><testcase classname="tests.storage.test_docs_view_profiling" name="test_run_profile_creates_artifacts" time="3.839" /><testcase classname="tests.storage.repositories.test_functions" name="test_function_repository_with_docs_export" time="8.513" /><testcase classname="tests.storage.repositories.test_subsystems" name="test_list_subsystems_returns_rows" time="7.438" /><testcase classname="tests.storage.repositories.test_repositories" name="test_module_repository_reads" time="8.147" /><testcase classname="tests.storage.test_conformance" name="test_conformance_skips_missing_schema_files" time="9.377" /><testcase classname="tests.storage.test_dataset_catalog" name="test_catalog_sampling_gracefully_falls_back" time="6.903" /><testcase classname="tests.storage.test_docs_views" name="test_docs_views_expose_capabilities" time="9.180" /><testcase classname="tests.storage.test_docs_view_profiling" name="test_main_with_analyze_flag" time="3.883" /><testcase classname="tests.storage.test_docs_views" name="test_call_graph_view_scopes_edges_to_repo_commit" time="1.885" /><testcase classname="tests.storage.repositories.test_dataflow" name="test_list_nodes_returns_nodes" time="6.341" /><testcase classname="tests.storage.test_gateway_factory" name="test_open_memory_gateway_with_repo_and_commit" time="0.653" /><testcase classname="tests.storage.repositories.test_modules" name="test_get_module_architecture_returns_none_when_not_found" time="6.426" /><testcase classname="tests.storage.test_data_models" name="test_fetch_models_returns_multiple" time="6.459" /><testcase classname="tests.storage.test_file_module_test_behavioral_columns" name="test_module_profile_tuple_length_matches_columns" time="0.000" /><testcase classname="tests.storage.test_file_module_test_behavioral_columns" name="test_test_profile_tuple_length_matches_columns" time="0.000" /><testcase classname="tests.storage.test_file_module_test_behavioral_columns" name="test_behavioral_coverage_tuple_length_matches_columns" time="0.000" /><testcase classname="tests.storage.test_function_profile_rows" name="test_function_profile_tuple_length_matches_columns" time="0.000" /><testcase classname="tests.storage.test_gateway_factory" name="test_open_gateway_creates_file_database" time="4.762" /><testcase classname="tests.storage.test_data_models" name="test_fetch_fields_filters_by_model_ids" time="6.484" /><testcase classname="tests.storage.test_data_models" name="test_fetch_models_parses_all_fields" time="6.462" /><testcase classname="tests.storage.test_data_models" name="test_fetch_models_normalized_filters_by_model_ids" time="6.488" /><testcase classname="tests.storage.repositories.test_dataflow" name="test_list_edges_filtered_by_src" time="6.484" /><testcase classname="tests.storage.repositories.test_dataflow" name="test_list_edges_returns_empty_when_no_match" time="6.500" /><testcase classname="tests.storage.test_data_models" name="test_fetch_relationships_handles_nullable_fields" time="6.474" /><testcase classname="tests.storage.repositories.test_base" name="test_fetch_all_dicts_returns_list" time="6.495" /><testcase classname="tests.storage.test_docs_views" name="test_subsystems_has_repo_commit_index" time="6.489" /><testcase classname="tests.storage.repositories.test_functions" name="test_list_high_risk_functions_with_tested_only_filter" time="6.467" /><testcase classname="tests.storage.repositories.test_functions" name="test_get_function_architecture_returns_none_when_not_found" time="6.479" /><testcase classname="tests.storage.test_db_helpers" name="test_count_rows_for_tables_handles_special_chars_in_repo" time="6.490" /><testcase classname="tests.storage.repositories.test_functions" name="test_get_function_summary_by_goid_returns_none_when_not_found" time="6.494" /><testcase classname="tests.storage.repositories.test_modules" name="test_get_file_hints_returns_empty_when_not_found" time="6.489" /><testcase classname="tests.storage.test_data_models" name="test_fetch_relationships_returns_empty_list" time="6.474" /><testcase classname="tests.storage.test_gateway_accessors" name="test_analytics_tables_coverage_functions_returns_relation" time="6.496" /><testcase classname="tests.storage.repositories.test_base" name="test_fetch_paginated_no_truncation_when_under_limit" time="6.492" /><testcase classname="tests.storage.test_gateway_factory" name="test_open_memory_gateway_creates_accessors" time="0.667" /><testcase classname="tests.storage.test_db_helpers" name="test_safe_count_rows_accepts_iterable_tables" time="6.385" /><testcase classname="tests.storage.repositories.test_subsystems" name="test_list_subsystem_profiles_returns_rows" time="6.811" /><testcase classname="tests.storage.repositories.test_subsystems" name="test_list_subsystem_modules_returns_rows" time="6.763" /><testcase classname="tests.storage.repositories.test_subsystems" name="test_list_subsystem_coverage_uses_cache_when_present" time="6.761" /><testcase classname="tests.storage.test_gateway_factory" name="test_snapshot_resolver_returns_callable" time="0.001" /><testcase classname="tests.storage.test_gateway_factory" name="test_snapshot_resolver_raises_for_missing_file" time="0.001" /><testcase classname="tests.storage.test_gateway_factory" name="test_snapshot_resolver_opens_different_commits" time="9.961" /><testcase classname="tests.storage.repositories.test_subsystems" name="test_get_subsystem_summary_returns_row" time="6.742" /><testcase classname="tests.storage.repositories.test_modules" name="test_list_modules_returns_sorted_list" time="6.368" /><testcase classname="tests.storage.test_gateway_factory" name="test_storage_config_creates_with_all_options" time="0.001" /><testcase classname="tests.storage.test_gateway_factory" name="test_storage_config_for_ingest" time="0.001" /><testcase classname="tests.storage.test_gateway_factory" name="test_storage_config_for_ingest_with_history" time="0.001" /><testcase classname="tests.storage.test_gateway_factory" name="test_gateway_supports_context_manager" time="0.628" /><testcase classname="tests.storage.repositories.test_subsystems" name="test_list_subsystems_respects_limit" time="6.786" /><testcase classname="tests.storage.test_gateway_factory" name="test_storage_config_for_readonly" time="0.001" /><testcase classname="tests.storage.test_gateway_factory" name="test_storage_config_is_frozen" time="0.000" /><testcase classname="tests.storage.test_gateway_factory" name="test_open_memory_gateway_returns_gateway" time="0.647" /><testcase classname="tests.storage.test_gateway_factory" name="test_full_gateway_lifecycle" time="5.076" /><testcase classname="tests.storage.test_dataset_catalog" name="test_catalog_sampling_strict_raises" time="6.396" /><testcase classname="tests.storage.test_dataset_scaffold" name="test_scaffold_writes_artifacts" time="0.001" /><testcase classname="tests.storage.test_dataset_scaffold" name="test_scaffold_respects_dry_run" time="0.001" /><testcase classname="tests.storage.test_gateway_factory" name="test_multiple_memory_gateways_are_independent" time="1.371" /><testcase classname="tests.storage.repositories.test_repositories" name="test_subsystem_repository_reads" time="7.566" /><testcase classname="tests.storage.test_gateway_factory" name="test_open_memory_gateway_with_defaults" time="0.691" /><testcase classname="tests.storage.test_gateway_factory" name="test_open_memory_gateway_without_views" time="0.802" /><testcase classname="tests.storage.test_conformance" name="test_conformance_validates_schema_rows" time="8.858" /><testcase classname="tests.storage.test_gateway_factory" name="test_open_gateway_creates_tables" time="4.587" /><testcase classname="tests.storage.test_gateway_factory" name="test_open_memory_gateway_with_views" time="0.738" /><testcase classname="tests.storage.test_gateway_accessors" name="test_relations_support_filtering" time="6.514" /><testcase classname="tests.storage.test_ingest_macros" name="test_ensure_ingest_macros_registers_all_macros" time="0.049" /><testcase classname="tests.storage.test_ingest_macros" name="test_ensure_ingest_macros_is_idempotent" time="0.060" /><testcase classname="tests.storage.test_ingest_macros" name="test_list_ingest_macros_returns_set" time="0.044" /><testcase classname="tests.storage.test_ingest_macros" name="test_clear_macro_cache_for_connection_with_connection" time="0.073" /><testcase classname="tests.storage.test_ingest_macros" name="test_clear_macro_cache_for_connection_with_int_key" time="0.053" /><testcase classname="tests.storage.test_ingest_macros" name="test_assert_ingest_macros_present_succeeds_when_macros_exist" time="0.047" /><testcase classname="tests.storage.test_ingest_macros" name="test_assert_ingest_macros_present_registers_missing_macros" time="0.051" /><testcase classname="tests.storage.test_ingest_macros" name="test_registered_macros_handles_prefixed_function_names" time="0.018" /><testcase classname="tests.storage.test_ingest_macros" name="test_macros_contain_ingest_prefix" time="0.000" /><testcase classname="tests.storage.test_docs_views" name="test_subsystem_profile_view_prefers_cache" time="8.652" /><testcase classname="tests.storage.test_docs_views" name="test_subsystem_profile_columns" time="8.753" /><testcase classname="tests.storage.test_export_macros" name="test_require_macros_allows_macro_backed_tables" time="6.534" /><testcase classname="tests.storage.test_gateway_accessors" name="test_core_tables_creates_with_connection" time="6.544" /><testcase classname="tests.storage.test_gateway_accessors" name="test_core_tables_insert_modules_inserts_rows" time="6.566" /><testcase classname="tests.storage.test_gateway_accessors" name="test_graph_tables_insert_call_graph_nodes" time="6.545" /><testcase classname="tests.storage.test_gateway_accessors" name="test_core_tables_is_frozen" time="6.539" /><testcase classname="tests.storage.test_gateway_accessors" name="test_core_tables_insert_goids_inserts_rows" time="6.583" /><testcase classname="tests.storage.test_gateway_accessors" name="test_graph_tables_call_graph_nodes_returns_relation" time="6.561" /><testcase classname="tests.storage.test_gateway_accessors" name="test_graph_tables_insert_symbol_use_edges_with_5_fields" time="6.590" /><testcase classname="tests.storage.test_docs_views" name="test_docs_views_registered_in_metadata" time="8.749" /><testcase classname="tests.storage.test_gateway_accessors" name="test_graph_tables_insert_cfg_blocks" time="6.576" /><testcase classname="tests.storage.test_gateway_accessors" name="test_graph_tables_is_frozen" time="6.576" /><testcase classname="tests.storage.test_gateway_accessors" name="test_analytics_tables_coverage_lines_returns_relation" time="6.522" /><testcase classname="tests.storage.test_db_helpers" name="test_count_rows_for_tables_handles_empty_tables" time="6.555" /><testcase classname="tests.storage.test_gateway_accessors" name="test_docs_views_call_graph_enriched_returns_relation" time="6.544" /><testcase classname="tests.storage.test_gateway_accessors" name="test_analytics_tables_creates_with_connection" time="6.539" /><testcase classname="tests.storage.test_gateway_accessors" name="test_analytics_tables_test_coverage_edges_returns_relation" time="6.535" /><testcase classname="tests.storage.test_gateway_factory" name="test_open_gateway_persists_data" time="4.870" /><testcase classname="tests.storage.test_gateway_accessors" name="test_analytics_tables_insert_typedness" time="6.567" /><testcase classname="tests.storage.test_gateway_factory" name="test_open_memory_gateway_supports_insert_and_query" time="0.650" /><testcase classname="tests.storage.test_db_helpers" name="test_safe_count_rows_returns_none_on_table_error" time="6.445" /><testcase classname="tests.storage.test_gateway_factory" name="test_snapshot_resolver_opens_existing_snapshot" time="4.934" /><testcase classname="tests.storage.test_gateway_accessors" name="test_analytics_tables_insert_subsystem_modules" time="6.453" /><testcase classname="tests.storage.test_gateway_accessors" name="test_gateway_creates_accessor_instances" time="6.439" /><testcase classname="tests.storage.test_gateway_accessors" name="test_gateway_docs_accessor_is_docs_views" time="6.436" /><testcase classname="tests.storage.test_gateway_factory" name="test_open_memory_gateway_has_dataset_registry" time="0.690" /><testcase classname="tests.storage.test_gateway_accessors" name="test_gateway_execute_with_params" time="6.441" /><testcase classname="tests.storage.test_ingest_macros_end_to_end" name="test_architecture_seed_helper_has_macros[False]" time="6.098" /><testcase classname="tests.storage.test_graphs_repository" name="test_get_outgoing_callgraph_neighbors_returns_empty_list" time="6.448" /><testcase classname="tests.storage.test_gateway_helpers" name="test_insert_helpers_write_expected_rows" time="6.829" /><testcase classname="tests.storage.test_gateway_factory" name="test_gateway_close_releases_connection" time="0.723" /><testcase classname="tests.storage.test_gateway_accessors" name="test_accessors_share_same_connection" time="6.377" /><testcase classname="tests.storage.test_gateway_factory" name="test_storage_config_creates_with_defaults" time="0.000" /><testcase classname="tests.storage.test_gateway_factory" name="test_open_gateway_read_only_mode" time="4.817" /><testcase classname="tests.storage.test_metadata_bootstrap" name="test_dataflow_metadata_populated" time="1.405" /><testcase classname="tests.storage.test_ingest_macros" name="test_ingest_macros_registered_on_gateway" time="6.313" /><testcase classname="tests.storage.test_gateway_factory" name="test_snapshot_resolver_reuses_primary_gateway" time="4.636" /><testcase classname="tests.storage.test_ingest_macros" name="test_ingest_macros_re_register_on_cache_hit_after_close" time="2.145" /><testcase classname="tests.storage.test_export_macros" name="test_require_macros_rejects_dataset_rows_only_jsonl" time="6.392" /><testcase classname="tests.storage.test_gateway_accessors" name="test_core_tables_goids_returns_relation" time="6.466" /><testcase classname="tests.storage.test_gateway_accessors" name="test_core_tables_insert_modules_adds_defaults" time="6.510" /><testcase classname="tests.storage.test_gateway_accessors" name="test_graph_tables_insert_call_graph_edges" time="6.472" /><testcase classname="tests.storage.test_gateway_accessors" name="test_graph_tables_creates_with_connection" time="6.468" /><testcase classname="tests.storage.test_gateway_accessors" name="test_graph_tables_import_graph_edges_returns_relation" time="6.490" /><testcase classname="tests.storage.test_gateway_accessors" name="test_core_tables_insert_file_state_inserts_rows" time="6.510" /><testcase classname="tests.storage.test_gateway_accessors" name="test_graph_tables_insert_symbol_use_edges_with_7_fields" time="6.528" /><testcase classname="tests.storage.test_gateway_accessors" name="test_docs_views_creates_with_connection" time="6.515" /><testcase classname="tests.storage.test_gateway_accessors" name="test_graph_tables_insert_cfg_edges" time="6.578" /><testcase classname="tests.storage.test_gateway_accessors" name="test_analytics_tables_function_metrics_returns_relation" time="6.535" /><testcase classname="tests.storage.test_gateway_accessors" name="test_docs_views_function_profile_returns_relation" time="6.539" /><testcase classname="tests.storage.test_gateway_accessors" name="test_analytics_tables_test_catalog_returns_relation" time="6.545" /><testcase classname="tests.storage.test_gateway_accessors" name="test_analytics_tables_insert_coverage_lines" time="6.576" /><testcase classname="tests.storage.test_gateway_accessors" name="test_analytics_tables_insert_static_diagnostics" time="6.546" /><testcase classname="tests.storage.test_graphs_repository" name="test_graph_repository_is_frozen" time="6.495" /><testcase classname="tests.storage.test_gateway_accessors" name="test_analytics_tables_insert_config_values" time="6.404" /><testcase classname="tests.storage.test_gateway_accessors" name="test_gateway_core_accessor_is_core_tables" time="6.354" /><testcase classname="tests.storage.test_gateway_accessors" name="test_gateway_analytics_accessor_is_analytics_tables" time="6.365" /><testcase classname="tests.storage.test_gateway_accessors" name="test_gateway_table_returns_relation" time="6.362" /><testcase classname="tests.storage.test_ingest_macros" name="test_ingest_macros_recover_if_missing_while_cached" time="1.112" /><testcase classname="tests.storage.test_ingest_macros_end_to_end" name="test_provision_helper_has_macros" time="6.480" /><testcase classname="tests.storage.test_docs_views" name="test_subsystem_coverage_view_prefers_cache" time="8.523" /><testcase classname="tests.storage.test_graphs_repository" name="test_get_incoming_callgraph_neighbors_returns_empty_list" time="6.318" /><testcase classname="tests.storage.test_docs_views" name="test_subsystem_coverage_columns" time="8.486" /><testcase classname="tests.storage.test_docs_views" name="test_docs_view_readable_via_dataset_rows" time="8.504" /><testcase classname="tests.storage.test_graphs_repository" name="test_get_outgoing_callgraph_neighbors_filters_by_repo_commit" time="6.414" /><testcase classname="tests.storage.test_graphs_repository" name="test_get_outgoing_callgraph_neighbors_with_data" time="6.467" /><testcase classname="tests.storage.test_insert_helpers" name="test_insert_rows_raises_on_missing_column" time="0.001"><failure message="AssertionError: macro_insert_rows should not be called">monkeypatch = &lt;_pytest.monkeypatch.MonkeyPatch object at 0x7a1f3a301e00&gt;

    def test_insert_rows_raises_on_missing_column(monkeypatch: pytest.MonkeyPatch) -&gt; None:
        """Validate missing required columns raise before hitting the macro."""
    
        def fake_macro(
            _con: DuckDBConnection,
            _table_key: str,
            _rows: Iterable[tuple[object, ...]],
        ) -&gt; None:
            message = "macro_insert_rows should not be called"
            raise AssertionError(message)
    
        monkeypatch.setattr(insert_helpers, "macro_insert_rows", fake_macro)
    
        with pytest.raises(ValueError, match="Missing column generated_at"):
&gt;           insert_helpers.insert_rows(
                cast("DuckDBConnection", object()),
                "core.repo_map",
                [
                    {
                        "repo": "r1",
                        "commit": "c1",
                        "modules": "[]",
                        "overlays": None,
                    },
                ],
            )

tests/storage/test_insert_helpers.py:61: 
_ _ _ _ _ _ _ _ _ _ _ _ _ _ _ _ _ _ _ _ _ _ _ _ _ _ _ _ _ _ _ _ _ _ _ _ _ _ _ _ 
src/codeintel/storage/gateway/insert_helpers.py:95: in insert_rows
    macro_insert_rows(con, metadata["table"], normalized_rows)
_ _ _ _ _ _ _ _ _ _ _ _ _ _ _ _ _ _ _ _ _ _ _ _ _ _ _ _ _ _ _ _ _ _ _ _ _ _ _ _ 

_con = &lt;object object at 0x7a1f3b335990&gt;, _table_key = 'core.repo_map'
_rows = &lt;generator object insert_rows.&lt;locals&gt;.&lt;genexpr&gt; at 0x7a1f3a613010&gt;

    def fake_macro(
        _con: DuckDBConnection,
        _table_key: str,
        _rows: Iterable[tuple[object, ...]],
    ) -&gt; None:
        message = "macro_insert_rows should not be called"
&gt;       raise AssertionError(message)
E       AssertionError: macro_insert_rows should not be called

tests/storage/test_insert_helpers.py:56: AssertionError</failure></testcase><testcase classname="tests.storage.test_metadata_bootstrap" name="test_metadata_bootstrap_populates_catalog" time="1.153" /><testcase classname="tests.storage.test_metadata_bootstrap" name="test_load_macro_registry" time="6.399" /><testcase classname="tests.storage.test_metadata_bootstrap" name="test_dataset_rows_only_entries_returns_list" time="0.001" /><testcase classname="tests.storage.test_run_registry.TestCompleteRun" name="test_complete_run_with_error" time="0.018" /><testcase classname="tests.storage.test_run_registry.TestRecordStep" name="test_record_step_creates_record" time="0.014" /><testcase classname="tests.storage.test_run_registry.TestRecordStep" name="test_fetch_steps_empty" time="0.012" /><testcase classname="tests.storage.test_run_registry.TestRecordStep" name="test_record_step_replaces_existing" time="0.017" /><testcase classname="tests.storage.test_run_registry.TestStartAndCompleteStep" name="test_start_step_creates_running_record" time="0.014" /><testcase classname="tests.storage.test_run_registry.TestStartAndCompleteStep" name="test_complete_step_updates_record" time="0.016" /><testcase classname="tests.storage.test_run_registry.TestMultipleSteps" name="test_run_with_multiple_steps" time="0.017" /><testcase classname="tests.storage.test_run_registry.TestDataclasses" name="test_pipeline_run_record_frozen" time="0.001" /><testcase classname="tests.storage.test_run_registry.TestDataclasses" name="test_pipeline_step_record_frozen" time="0.000" /><testcase classname="tests.storage.test_run_registry.TestCompleteRun" name="test_complete_run_updates_status" time="0.016" /><testcase classname="tests.storage.test_run_registry_integration.TestGatewayRunsApi" name="test_start_and_fetch_run_with_gateway" time="0.739" /><testcase classname="tests.storage.test_export_macros" name="test_require_macros_rejects_dataset_rows_only_parquet" time="6.416" /><testcase classname="tests.storage.test_file_module_test_behavioral_columns" name="test_file_profile_tuple_length_matches_columns" time="0.001" /><testcase classname="tests.storage.test_run_registry_integration.TestNewRunContextIntegration" name="test_new_run_context_for_graphs" time="0.001" /><testcase classname="tests.storage.test_gateway_accessors" name="test_core_tables_modules_returns_relation" time="6.429" /><testcase classname="tests.storage.test_run_registry_integration.TestGatewayRunsApi" name="test_record_steps_with_gateway" time="0.725" /><testcase classname="tests.storage.test_run_registry_integration.TestNewRunContextIntegration" name="test_new_run_context_for_ingest" time="0.001" /><testcase classname="tests.storage.test_run_tracking" name="test_pipeline_run_record_stores_fields" time="0.000" /><testcase classname="tests.storage.test_run_tracking" name="test_pipeline_step_record_stores_fields" time="0.000" /><testcase classname="tests.storage.test_run_registry_integration.TestGatewayRunsApi" name="test_complete_run_with_gateway" time="0.716" /><testcase classname="tests.storage.test_run_registry_integration.TestNewRunContextIntegration" name="test_new_run_context_for_analytics" time="0.001" /><testcase classname="tests.storage.test_gateway_accessors" name="test_graph_tables_call_graph_edges_returns_relation" time="6.505" /><testcase classname="tests.storage.test_gateway_accessors" name="test_core_tables_insert_repo_map_inserts_rows" time="6.541" /><testcase classname="tests.storage.test_gateway_accessors" name="test_graph_tables_insert_import_graph_edges" time="6.542" /><testcase classname="tests.storage.test_gateway_accessors" name="test_graph_tables_symbol_use_edges_returns_relation" time="6.514" /><testcase classname="tests.storage.test_gateway_accessors" name="test_core_tables_insert_scip_occurrences_inserts_rows" time="6.548" /><testcase classname="tests.storage.test_metadata_bootstrap" name="test_load_dataset_schema_registry" time="6.533" /><testcase classname="tests.storage.test_gateway_accessors" name="test_graph_tables_insert_symbol_use_edges_rejects_invalid_length" time="6.561" /><testcase classname="tests.storage.test_normalized_macros" name="test_render_macro_valid_table_key" time="0.000" /><testcase classname="tests.storage.test_run_registry_integration.TestFullRunLifecycle" name="test_multi_engine_run_lifecycle" time="0.712" /><testcase classname="tests.storage.test_gateway_accessors" name="test_docs_views_function_summary_returns_relation" time="6.630" /><testcase classname="tests.storage.test_normalized_macros" name="test_render_macro_unknown_table_key_raises" time="0.001" /><testcase classname="tests.storage.test_ingest_macros" name="test_macro_registry_hashes" time="6.635" /><testcase classname="tests.storage.test_gateway_accessors" name="test_docs_views_is_frozen" time="6.638" /><testcase classname="tests.storage.test_gateway_accessors" name="test_graph_tables_insert_dfg_edges" time="6.675" /><testcase classname="tests.storage.test_gateway_accessors" name="test_analytics_tables_function_types_returns_relation" time="6.653" /><testcase classname="tests.storage.test_ingest_macros_end_to_end" name="test_architecture_seed_helper_has_macros[True]" time="7.331" /><testcase classname="tests.storage.test_normalized_macros" name="test_render_macro_includes_goid_cast" time="0.001" /><testcase classname="tests.storage.test_gateway_accessors" name="test_analytics_tables_insert_test_catalog" time="6.660" /><testcase classname="tests.storage.test_normalized_macros" name="test_render_macro_with_custom_limit" time="0.000" /><testcase classname="tests.storage.test_normalized_macros" name="test_render_macro_includes_date_cast" time="0.000" /><testcase classname="tests.storage.test_schema_helpers" name="test_build_validator_accepts_mapping" time="0.001" /><testcase classname="tests.storage.test_schema_helpers" name="test_validate_row_with_schema_passes_valid_data" time="0.000" /><testcase classname="tests.storage.test_gateway_accessors" name="test_analytics_tables_insert_subsystems" time="6.672" /><testcase classname="tests.storage.test_graphs_repository" name="test_graph_repository_inherits_base_repository" time="6.624" /><testcase classname="tests.storage.test_normalized_macros" name="test_render_macro_outputs_ddl_to_buffer" time="0.000" /><testcase classname="tests.storage.test_schema_roundtrip" name="test_symbol_use_round_trip" time="0.309" /><testcase classname="tests.storage.test_gateway_accessors" name="test_analytics_tables_is_frozen" time="6.524" /><testcase classname="tests.storage.test_normalized_macros" name="test_normalized_macros_match_expected_sets" time="0.001" /><testcase classname="tests.storage.test_sql_builder" name="test_quote_identifier_validates_simple_names" time="0.000" /><testcase classname="tests.storage.test_sql_builder" name="test_quote_identifier_rejects_invalid[]" time="0.001" /><testcase classname="tests.storage.test_sql_builder" name="test_quote_identifier_rejects_invalid[1foo]" time="0.001" /><testcase classname="tests.storage.test_sql_builder" name="test_quote_identifier_rejects_invalid[foo-bar]" time="0.000" /><testcase classname="tests.storage.test_sql_builder" name="test_quote_identifier_rejects_invalid[foo;drop]" time="0.000" /><testcase classname="tests.storage.test_sql_builder" name="test_quote_identifier_rejects_invalid[foo bar]" time="0.000" /><testcase classname="tests.storage.test_sql_builder" name="test_quote_table_key_validates_schema_and_table" time="0.000" /><testcase classname="tests.storage.test_sql_builder" name="test_quote_table_key_rejects_bad_keys[]" time="0.001" /><testcase classname="tests.storage.test_sql_builder" name="test_quote_table_key_rejects_bad_keys[notable]" time="0.000" /><testcase classname="tests.storage.test_sql_builder" name="test_quote_table_key_rejects_bad_keys[foo..bar]" time="0.000" /><testcase classname="tests.storage.test_sql_builder" name="test_safe_macro_call_validates_allowlist" time="0.000" /><testcase classname="tests.storage.test_sql_primitives" name="test_sql_builder_error_inherits_from_exception" time="0.000" /><testcase classname="tests.storage.test_sql_primitives" name="test_invalid_identifier_error_stores_attributes" time="0.000" /><testcase classname="tests.storage.test_sql_primitives" name="test_invalid_identifier_error_inherits_from_sql_builder_error" time="0.000" /><testcase classname="tests.storage.test_sql_primitives" name="test_validate_identifier_accepts_valid[foo]" time="0.000" /><testcase classname="tests.storage.test_sql_primitives" name="test_validate_identifier_accepts_valid[bar]" time="0.000" /><testcase classname="tests.storage.test_sql_primitives" name="test_validate_identifier_accepts_valid[column_name]" time="0.000" /><testcase classname="tests.storage.test_sql_primitives" name="test_validate_identifier_accepts_valid[Table1]" time="0.000" /><testcase classname="tests.storage.test_sql_primitives" name="test_validate_identifier_accepts_valid[_private]" time="0.000" /><testcase classname="tests.storage.test_sql_primitives" name="test_validate_identifier_accepts_valid[CamelCase]" time="0.001" /><testcase classname="tests.storage.test_sql_primitives" name="test_validate_identifier_accepts_valid[snake_case_123]" time="0.000" /><testcase classname="tests.storage.test_sql_primitives" name="test_validate_identifier_accepts_valid[A]" time="0.001" /><testcase classname="tests.storage.test_sql_primitives" name="test_validate_identifier_accepts_valid[_]" time="0.000" /><testcase classname="tests.storage.test_sql_primitives" name="test_validate_identifier_accepts_valid[schema.table]" time="0.000" /><testcase classname="tests.storage.test_sql_primitives" name="test_validate_identifier_accepts_valid[core.modules]" time="0.000" /><testcase classname="tests.storage.test_sql_primitives" name="test_validate_identifier_accepts_valid[analytics.function_metrics]" time="0.000" /><testcase classname="tests.storage.test_sql_primitives" name="test_validate_identifier_rejects_empty" time="0.000" /><testcase classname="tests.storage.test_sql_primitives" name="test_validate_identifier_rejects_overly_long" time="0.000" /><testcase classname="tests.storage.test_sql_primitives" name="test_validate_identifier_accepts_max_length" time="0.000" /><testcase classname="tests.storage.test_sql_primitives" name="test_validate_identifier_rejects_invalid_patterns[1starts_with_number]" time="0.001" /><testcase classname="tests.storage.test_sql_primitives" name="test_validate_identifier_rejects_invalid_patterns[has-dash]" time="0.000" /><testcase classname="tests.storage.test_sql_primitives" name="test_validate_identifier_rejects_invalid_patterns[has space]" time="0.000" /><testcase classname="tests.storage.test_sql_primitives" name="test_validate_identifier_rejects_invalid_patterns[has;semicolon]" time="0.000" /><testcase classname="tests.storage.test_sql_primitives" name="test_validate_identifier_rejects_invalid_patterns[has'quote]" time="0.000" /><testcase classname="tests.storage.test_sql_primitives" name="test_validate_identifier_rejects_invalid_patterns[has&quot;doublequote]" time="0.001" /><testcase classname="tests.storage.test_sql_primitives" name="test_validate_identifier_rejects_invalid_patterns[has.multiple.dots]" time="0.000" /><testcase classname="tests.storage.test_sql_primitives" name="test_validate_identifier_rejects_invalid_patterns[has..double.dots]" time="0.000" /><testcase classname="tests.storage.test_sql_primitives" name="test_safe_table_creates_with_valid_name" time="0.000" /><testcase classname="tests.storage.test_sql_primitives" name="test_safe_table_creates_with_simple_name" time="0.000" /><testcase classname="tests.storage.test_sql_primitives" name="test_safe_table_raises_on_invalid_name" time="0.000" /><testcase classname="tests.storage.test_sql_primitives" name="test_safe_table_raises_on_empty_name" time="0.000" /><testcase classname="tests.storage.test_sql_primitives" name="test_safe_table_is_frozen" time="0.000" /><testcase classname="tests.storage.test_sql_primitives" name="test_safe_column_creates_with_valid_name" time="0.000" /><testcase classname="tests.storage.test_sql_primitives" name="test_safe_column_accepts_various_valid_names[id]" time="0.000" /><testcase classname="tests.storage.test_sql_primitives" name="test_safe_column_accepts_various_valid_names[repo]" time="0.000" /><testcase classname="tests.storage.test_sql_primitives" name="test_safe_column_accepts_various_valid_names[commit]" time="0.000" /><testcase classname="tests.storage.test_sql_primitives" name="test_safe_column_accepts_various_valid_names[created_at]" time="0.000" /><testcase classname="tests.storage.test_sql_primitives" name="test_safe_column_accepts_various_valid_names[goid_h128]" time="0.000" /><testcase classname="tests.storage.test_sql_primitives" name="test_safe_column_accepts_various_valid_names[_private]" time="0.000" /><testcase classname="tests.storage.test_sql_primitives" name="test_safe_column_accepts_various_valid_names[CamelCase]" time="0.000" /><testcase classname="tests.storage.test_sql_primitives" name="test_safe_column_rejects_names_with_dots" time="0.001" /><testcase classname="tests.storage.test_sql_primitives" name="test_safe_column_rejects_invalid_names" time="0.000" /><testcase classname="tests.storage.test_sql_primitives" name="test_safe_column_is_frozen" time="0.000" /><testcase classname="tests.storage.test_sql_primitives" name="test_query_builder_count_without_where" time="0.000" /><testcase classname="tests.storage.test_sql_primitives" name="test_query_builder_count_with_where" time="0.000" /><testcase classname="tests.storage.test_sql_primitives" name="test_query_builder_count_with_safe_table" time="0.000" /><testcase classname="tests.storage.test_gateway_accessors" name="test_gateway_graph_accessor_is_graph_tables" time="6.551" /><testcase classname="tests.storage.test_schema_roundtrip" name="test_test_coverage_round_trip" time="0.057" /><testcase classname="tests.storage.test_gateway_accessors" name="test_gateway_execute_runs_sql" time="6.531" /><testcase classname="tests.storage.test_sql_primitives" name="test_query_builder_count_null_with_where" time="0.000" /><testcase classname="tests.storage.test_sql_primitives" name="test_query_builder_delete_with_single_condition" time="0.000" /><testcase classname="tests.storage.test_sql_primitives" name="test_query_builder_delete_with_multiple_conditions" time="0.000" /><testcase classname="tests.storage.test_sql_primitives" name="test_query_builder_delete_with_safe_table" time="0.000" /><testcase classname="tests.storage.test_sql_primitives" name="test_query_builder_delete_in_basic" time="0.000" /><testcase classname="tests.storage.test_sql_primitives" name="test_query_builder_delete_in_single_value" time="0.000" /><testcase classname="tests.storage.test_sql_primitives" name="test_query_builder_delete_in_with_safe_column" time="0.000" /><testcase classname="tests.storage.test_sql_primitives" name="test_query_builder_select_all_basic" time="0.000" /><testcase classname="tests.storage.test_sql_primitives" name="test_query_builder_select_all_with_safe_table" time="0.000" /><testcase classname="tests.storage.test_gateway_accessors" name="test_insert_and_query_full_flow" time="6.579" /><testcase classname="tests.storage.test_run_registry_integration.TestFullRunLifecycle" name="test_failed_run_lifecycle" time="0.715" /><testcase classname="tests.storage.test_ingest_perf" name="test_ingest_macro_perf_reasonable" time="6.784" /><testcase classname="tests.storage.test_normalized_macros" name="test_normalized_macro_latency_smoke[graph.call_graph_edges]" time="6.644" /><testcase classname="tests.storage.test_run_registry.TestStartAndFetchRun" name="test_start_run_creates_record" time="0.016" /><testcase classname="tests.storage.test_sql_primitives" name="test_build_delete_query_returns_none_when_no_scope" time="0.000" /><testcase classname="tests.storage.test_sql_primitives" name="test_prepared_statements_creates_with_required_field" time="0.000" /><testcase classname="tests.storage.test_sql_primitives" name="test_prepared_statements_creates_with_all_fields" time="0.000" /><testcase classname="tests.storage.test_sql_primitives" name="test_prepared_statements_is_frozen" time="0.000" /><testcase classname="tests.storage.test_sql_primitives" name="test_render_sql_joins_parts_with_spaces" time="0.001" /><testcase classname="tests.storage.test_sql_primitives" name="test_render_sql_filters_empty_parts" time="0.000" /><testcase classname="tests.storage.test_sql_primitives" name="test_render_sql_handles_single_part" time="0.000" /><testcase classname="tests.storage.test_sql_primitives" name="test_render_sql_handles_empty_list" time="0.000" /><testcase classname="tests.storage.test_sql_primitives" name="test_quote_identifier_quotes_simple" time="0.000" /><testcase classname="tests.storage.test_sql_primitives" name="test_quote_identifier_quotes_underscore_prefix" time="0.000" /><testcase classname="tests.storage.test_sql_primitives" name="test_quote_identifier_rejects_unsafe[]" time="0.001" /><testcase classname="tests.storage.test_sql_primitives" name="test_quote_identifier_rejects_unsafe[1foo]" time="0.001" /><testcase classname="tests.storage.test_sql_primitives" name="test_quote_identifier_rejects_unsafe[foo-bar]" time="0.000" /><testcase classname="tests.storage.test_sql_primitives" name="test_quote_identifier_rejects_unsafe[foo;drop]" time="0.000" /><testcase classname="tests.storage.test_sql_primitives" name="test_quote_identifier_rejects_unsafe[foo bar]" time="0.000" /><testcase classname="tests.storage.test_sql_primitives" name="test_quote_identifier_rejects_unsafe[foo.bar]" time="0.000" /><testcase classname="tests.storage.test_sql_primitives" name="test_quote_table_key_quotes_schema_and_table" time="0.000" /><testcase classname="tests.storage.test_sql_primitives" name="test_quote_table_key_rejects_invalid[]" time="0.000" /><testcase classname="tests.storage.test_sql_primitives" name="test_quote_table_key_rejects_invalid[table_only]" time="0.000" /><testcase classname="tests.storage.test_sql_primitives" name="test_quote_table_key_rejects_invalid[a..b]" time="0.000" /><testcase classname="tests.storage.test_sql_primitives" name="test_quote_table_key_rejects_invalid[.table]" time="0.000" /><testcase classname="tests.storage.test_sql_primitives" name="test_quote_table_key_rejects_invalid[schema.]" time="0.000" /><testcase classname="tests.storage.test_sql_primitives" name="test_quote_table_key_rejects_invalid[a.b.c]" time="0.004" /><testcase classname="tests.storage.test_sql_primitives" name="test_macro_select_sql_builds_select" time="0.000" /><testcase classname="tests.storage.test_sql_primitives" name="test_macro_select_sql_preserves_placeholders" time="0.000" /><testcase classname="tests.storage.test_sql_primitives" name="test_macro_select_sql_rejects_unqualified" time="0.000" /><testcase classname="tests.storage.test_sql_primitives" name="test_safe_macro_call_generates_sql_and_preserves_args" time="0.000" /><testcase classname="tests.storage.test_sql_primitives" name="test_safe_macro_call_validates_against_allowlist" time="0.000" /><testcase classname="tests.storage.test_sql_primitives" name="test_safe_macro_call_rejects_non_allowlisted" time="0.000" /><testcase classname="tests.storage.test_sql_primitives" name="test_safe_macro_call_allows_any_without_allowlist" time="0.000" /><testcase classname="tests.storage.test_sql_primitives" name="test_build_insert_sql_builds_basic" time="0.000" /><testcase classname="tests.storage.test_sql_primitives" name="test_build_insert_sql_single_column" time="0.000" /><testcase classname="tests.storage.test_sql_primitives" name="test_build_insert_sql_identifier_already_quoted" time="0.005" /><testcase classname="tests.storage.test_graphs_repository" name="test_get_outgoing_callgraph_neighbors_respects_limit" time="6.939" /><testcase classname="tests.storage.test_run_registry.TestStartAndFetchRun" name="test_fetch_nonexistent_run" time="0.008" /><testcase classname="tests.storage.test_metadata_bootstrap" name="test_validate_macro_registry_success" time="6.693" /><testcase classname="tests.storage.test_export_macros" name="test_export_fails_without_macro_succeeds_after_restore" time="6.728" /><testcase classname="tests.storage.test_metadata_bootstrap" name="test_ingest_macro_coverage_returns_present_and_missing" time="6.728" /><testcase classname="tests.storage.test_graphs_repository" name="test_get_incoming_callgraph_neighbors_with_data" time="6.792" /><testcase classname="tests.storage.test_ingest_prepared_dynamic" name="test_ingest_macros_registered" time="6.969" /><testcase classname="tests.storage.test_run_registry.TestStartAndFetchRun" name="test_start_run_replaces_existing" time="0.019" /><testcase classname="tests.storage.test_insert_helpers" name="test_insert_rows_normalizes_mapping" time="0.001" /><testcase classname="tests.storage.test_gateway_accessors" name="test_core_tables_repo_map_returns_relation" time="6.649" /><testcase classname="tests.storage.test_run_tracking" name="test_start_run_inserts_record" time="6.681" /><testcase classname="tests.storage.test_run_tracking" name="test_step_completion_params_to_record" time="0.001" /><testcase classname="tests.storage.test_run_tracking" name="test_complete_run_with_error_summary" time="6.691" /><testcase classname="tests.storage.test_module_index" name="test_load_module_map_returns_normalized_paths" time="6.764" /><testcase classname="tests.storage.test_metadata_bootstrap" name="test_validate_dataset_schema_registry_detects_drift" time="6.713" /><testcase classname="tests.storage.test_module_index" name="test_load_module_map_returns_empty_on_no_match" time="6.698" /><testcase classname="tests.storage.test_module_index" name="test_load_module_map_normalizes_path_with_leading_slash" time="6.767" /><testcase classname="tests.storage.test_module_index" name="test_load_module_map_handles_multiple_modules_same_path" time="6.752" /><testcase classname="tests.storage.test_normalized_macros" name="test_normalized_macros_execute" time="6.761" /><testcase classname="tests.storage.test_run_tracking" name="test_fetch_steps_orders_by_module_stage_name" time="6.783" /><testcase classname="tests.storage.test_run_tracking" name="test_record_step_with_none_row_counts" time="6.897" /><testcase classname="tests.storage.test_schema_alignment" name="test_create_schemas_creates_all_namespaces" time="6.893" /><testcase classname="tests.storage.test_schema_alignment" name="test_ensure_schemas_preserve_with_extra_ddl" time="6.913" /><testcase classname="tests.storage.test_schema_helpers" name="test_json_schema_from_typeddict_round_trip" time="0.001" /><testcase classname="tests.storage.test_schema_helpers" name="test_apply_all_schemas_creates_function_validation" time="6.926" /><testcase classname="tests.storage.test_normalized_macros" name="test_normalized_macros_defined" time="6.903" /><testcase classname="tests.storage.test_schema_roundtrip" name="test_call_graph_edge_round_trip" time="0.303" /><testcase classname="tests.storage.test_schema_roundtrip" name="test_behavioral_coverage_round_trip" time="0.296" /><testcase classname="tests.storage.test_normalized_macros" name="test_dataset_rows_macro_handles_registry_datasets" time="6.973" /><testcase classname="tests.storage.test_sql_primitives" name="test_query_builder_count_executes_on_real_db" time="6.832" /><testcase classname="tests.storage.test_sql_primitives" name="test_query_builder_count_null_basic" time="0.001" /><testcase classname="tests.storage.test_normalized_macros" name="test_normalized_macro_schema_validation" time="6.801" /><testcase classname="tests.storage.test_sql_primitives" name="test_query_builder_select_all_executes_on_real_db" time="6.744" /><testcase classname="tests.storage.test_sql_primitives" name="test_query_builder_count_null_with_safe_column" time="0.001" /><testcase classname="tests.storage.test_sql_primitives" name="test_query_builder_insert_basic" time="0.000" /><testcase classname="tests.storage.test_normalized_macros" name="test_dataset_rows_only_tables_parse" time="6.790" /><testcase classname="tests.storage.test_sql_primitives" name="test_query_builder_insert_single_column" time="0.001" /><testcase classname="tests.storage.test_normalized_macros" name="test_macro_schemas_match_table_definitions" time="6.768" /><testcase classname="tests.storage.test_run_tracking" name="test_complete_step_updates_step" time="6.731" /><testcase classname="tests.storage.test_sql_primitives" name="test_query_builder_insert_with_safe_columns" time="0.001" /><testcase classname="tests.storage.test_sql_primitives" name="test_query_builder_delete_repo_commit_basic" time="0.001" /><testcase classname="tests.storage.test_normalized_macros" name="test_normalized_macro_latency_smoke[analytics.function_metrics]" time="6.662" /><testcase classname="tests.storage.test_sql_primitives" name="test_query_builder_delete_repo_commit_with_safe_table" time="0.001" /><testcase classname="tests.storage.test_ingest_prepared_dynamic" name="test_dynamic_prepared_statements_match_registry" time="6.830" /><testcase classname="tests.storage.test_sql_primitives" name="test_build_delete_query_returns_query_when_has_scope" time="0.001" /><testcase classname="tests.storage.test_sql_primitives" name="test_build_insert_sql_executes_on_real_db" time="6.727" /><testcase classname="tests.storage.test_sql_primitives" name="test_delete_removes_rows" time="6.582" /><testcase classname="tests.storage.test_metadata_bootstrap" name="test_validate_macro_registry_with_missing_entry" time="6.756" /><testcase classname="tests.storage.test_export_macros" name="test_macro_parity_exports_seeded_rows" time="6.725" /><testcase classname="tests.storage.test_metadata_bootstrap" name="test_validate_dataset_schema_registry_success" time="6.700" /><testcase classname="tests.storage.tracking.test_build_tracking.TestOutputManifestOperations" name="test_load_nonexistent_manifest" time="6.605" /><testcase classname="tests.storage.tracking.test_build_tracking.TestOutputManifestOperations" name="test_list_manifests" time="6.566" /><testcase classname="tests.storage.tracking.test_build_tracking.TestBuildRunOperations" name="test_start_and_fetch_run" time="6.627" /><testcase classname="tests.storage.test_run_tracking" name="test_complete_run_updates_status" time="6.628" /><testcase classname="tests.storage.test_run_tracking" name="test_fetch_run_returns_record" time="6.656" /><testcase classname="tests.storage.test_metadata_bootstrap" name="test_validate_normalized_macro_schemas_success" time="6.671" /><testcase classname="tests.storage.test_module_index" name="test_load_module_map_uses_custom_logger" time="6.644" /><testcase classname="tests.storage.test_module_index" name="test_load_module_map_filters_by_language" time="6.651" /><testcase classname="tests.storage.test_run_tracking" name="test_fetch_run_returns_none_for_missing" time="6.629" /><testcase classname="tests.storage.test_run_tracking" name="test_record_step_inserts_step" time="6.654" /><testcase classname="tests.storage.test_run_tracking" name="test_fetch_steps_returns_list" time="6.659" /><testcase classname="tests.storage.test_run_tracking" name="test_start_step_returns_timestamp" time="6.604" /><testcase classname="tests.storage.test_schema_alignment" name="test_apply_and_validate_schema_alignment" time="6.768" /><testcase classname="tests.storage.test_schema_alignment" name="test_assert_schema_alignment_detects_drift_nonstrict" time="6.768" /><testcase classname="tests.storage.test_schema_roundtrip" name="test_generate_export_schemas_writes_files" time="8.914" /><testcase classname="tests.storage.test_schema_alignment" name="test_ensure_schemas_preserve_creates_tables_idempotently" time="6.620" /><testcase classname="tests.storage.test_sql_primitives" name="test_count_after_insert" time="6.581" /><testcase classname="tests.storage.test_sql_primitives" name="test_delete_in_removes_specific_rows" time="6.730" /><testcase classname="tests.storage.test_sql_primitives" name="test_select_all_returns_data" time="6.685" /><testcase classname="tests.storage.test_subsystem_view_schema_drift" name="test_subsystem_docs_views_schema_stable" time="6.623" /><testcase classname="tests.storage.tracking.test_build_tracking.TestOutputManifestOperations" name="test_save_and_load_manifest" time="6.679" /><testcase classname="tests.storage.tracking.test_build_tracking.TestOutputManifestOperations" name="test_upsert_manifest" time="6.624" /><testcase classname="tests.storage.tracking.test_build_tracking.TestOutputManifestOperations" name="test_delete_manifests" time="6.648" /><testcase classname="tests.storage.tracking.test_build_tracking.TestBuildRunOperations" name="test_fetch_nonexistent_run" time="6.586" /><testcase classname="tests.storage.tracking.test_build_tracking.TestBuildRunOperations" name="test_complete_run_succeeded" time="6.629" /><testcase classname="tests.storage.tracking.test_build_tracking.TestBuildRunOperations" name="test_complete_run_failed" time="6.629" /><testcase classname="tests.storage.tracking.test_build_tracking.TestBuildRunOperations" name="test_list_runs_with_limit" time="6.645" /><testcase classname="tests.storage.tracking.test_build_tracking.TestBuildRunOperations" name="test_list_runs" time="6.640" /></testsuite></testsuites>