<?xml version="1.0" encoding="utf-8"?><testsuites name="pytest tests"><testsuite name="pytest" errors="32" failures="9" skipped="3" tests="2681" time="98.435" timestamp="2025-12-18T06:10:59.555143-05:00" hostname="paul-X870-AORUS-ELITE-WIFI7"><testcase classname="" name="tests.cli" time="0.000"><error message="collection failure">../.local/share/uv/python/cpython-3.13.9-linux-x86_64-gnu/lib/python3.13/importlib/__init__.py:88: in import_module
    return _bootstrap._gcd_import(name[level:], package, level)
           ^^^^^^^^^^^^^^^^^^^^^^^^^^^^^^^^^^^^^^^^^^^^^^^^^^^^
&lt;frozen importlib._bootstrap&gt;:1387: in _gcd_import
    ???
&lt;frozen importlib._bootstrap&gt;:1360: in _find_and_load
    ???
&lt;frozen importlib._bootstrap&gt;:1331: in _find_and_load_unlocked
    ???
&lt;frozen importlib._bootstrap&gt;:935: in _load_unlocked
    ???
.venv/lib/python3.13/site-packages/_pytest/assertion/rewrite.py:197: in exec_module
    exec(co, module.__dict__)
tests/cli/conftest.py:17: in &lt;module&gt;
    from tests._helpers.cli_project import (
tests/_helpers/cli_project.py:10: in &lt;module&gt;
    from tests.cli._harness import CliTestHarness
tests/cli/_harness/__init__.py:31: in &lt;module&gt;
    from codeintel.storage.exceptions import (
E   ImportError: cannot import name 'QueryError' from 'codeintel.storage.exceptions' (/home/paul/CodeIntel/src/codeintel/storage/exceptions.py)</error><error message="collection failure">../.local/share/uv/python/cpython-3.13.9-linux-x86_64-gnu/lib/python3.13/importlib/__init__.py:88: in import_module
    return _bootstrap._gcd_import(name[level:], package, level)
           ^^^^^^^^^^^^^^^^^^^^^^^^^^^^^^^^^^^^^^^^^^^^^^^^^^^^
&lt;frozen importlib._bootstrap&gt;:1387: in _gcd_import
    ???
&lt;frozen importlib._bootstrap&gt;:1360: in _find_and_load
    ???
&lt;frozen importlib._bootstrap&gt;:1331: in _find_and_load_unlocked
    ???
&lt;frozen importlib._bootstrap&gt;:935: in _load_unlocked
    ???
.venv/lib/python3.13/site-packages/_pytest/assertion/rewrite.py:197: in exec_module
    exec(co, module.__dict__)
tests/cli/conftest.py:17: in &lt;module&gt;
    from tests._helpers.cli_project import (
tests/_helpers/cli_project.py:10: in &lt;module&gt;
    from tests.cli._harness import CliTestHarness
tests/cli/_harness/__init__.py:31: in &lt;module&gt;
    from codeintel.storage.exceptions import (
E   ImportError: cannot import name 'QueryError' from 'codeintel.storage.exceptions' (/home/paul/CodeIntel/src/codeintel/storage/exceptions.py)</error><error message="collection failure">../.local/share/uv/python/cpython-3.13.9-linux-x86_64-gnu/lib/python3.13/importlib/__init__.py:88: in import_module
    return _bootstrap._gcd_import(name[level:], package, level)
           ^^^^^^^^^^^^^^^^^^^^^^^^^^^^^^^^^^^^^^^^^^^^^^^^^^^^
&lt;frozen importlib._bootstrap&gt;:1387: in _gcd_import
    ???
&lt;frozen importlib._bootstrap&gt;:1360: in _find_and_load
    ???
&lt;frozen importlib._bootstrap&gt;:1331: in _find_and_load_unlocked
    ???
&lt;frozen importlib._bootstrap&gt;:935: in _load_unlocked
    ???
.venv/lib/python3.13/site-packages/_pytest/assertion/rewrite.py:197: in exec_module
    exec(co, module.__dict__)
tests/cli/conftest.py:17: in &lt;module&gt;
    from tests._helpers.cli_project import (
tests/_helpers/cli_project.py:10: in &lt;module&gt;
    from tests.cli._harness import CliTestHarness
tests/cli/_harness/__init__.py:31: in &lt;module&gt;
    from codeintel.storage.exceptions import (
E   ImportError: cannot import name 'QueryError' from 'codeintel.storage.exceptions' (/home/paul/CodeIntel/src/codeintel/storage/exceptions.py)</error><error message="collection failure">../.local/share/uv/python/cpython-3.13.9-linux-x86_64-gnu/lib/python3.13/importlib/__init__.py:88: in import_module
    return _bootstrap._gcd_import(name[level:], package, level)
           ^^^^^^^^^^^^^^^^^^^^^^^^^^^^^^^^^^^^^^^^^^^^^^^^^^^^
&lt;frozen importlib._bootstrap&gt;:1387: in _gcd_import
    ???
&lt;frozen importlib._bootstrap&gt;:1360: in _find_and_load
    ???
&lt;frozen importlib._bootstrap&gt;:1331: in _find_and_load_unlocked
    ???
&lt;frozen importlib._bootstrap&gt;:935: in _load_unlocked
    ???
.venv/lib/python3.13/site-packages/_pytest/assertion/rewrite.py:197: in exec_module
    exec(co, module.__dict__)
tests/cli/conftest.py:17: in &lt;module&gt;
    from tests._helpers.cli_project import (
tests/_helpers/cli_project.py:10: in &lt;module&gt;
    from tests.cli._harness import CliTestHarness
tests/cli/_harness/__init__.py:31: in &lt;module&gt;
    from codeintel.storage.exceptions import (
E   ImportError: cannot import name 'QueryError' from 'codeintel.storage.exceptions' (/home/paul/CodeIntel/src/codeintel/storage/exceptions.py)</error><error message="collection failure">../.local/share/uv/python/cpython-3.13.9-linux-x86_64-gnu/lib/python3.13/importlib/__init__.py:88: in import_module
    return _bootstrap._gcd_import(name[level:], package, level)
           ^^^^^^^^^^^^^^^^^^^^^^^^^^^^^^^^^^^^^^^^^^^^^^^^^^^^
&lt;frozen importlib._bootstrap&gt;:1387: in _gcd_import
    ???
&lt;frozen importlib._bootstrap&gt;:1360: in _find_and_load
    ???
&lt;frozen importlib._bootstrap&gt;:1331: in _find_and_load_unlocked
    ???
&lt;frozen importlib._bootstrap&gt;:935: in _load_unlocked
    ???
.venv/lib/python3.13/site-packages/_pytest/assertion/rewrite.py:197: in exec_module
    exec(co, module.__dict__)
tests/cli/conftest.py:17: in &lt;module&gt;
    from tests._helpers.cli_project import (
tests/_helpers/cli_project.py:10: in &lt;module&gt;
    from tests.cli._harness import CliTestHarness
tests/cli/_harness/__init__.py:31: in &lt;module&gt;
    from codeintel.storage.exceptions import (
E   ImportError: cannot import name 'QueryError' from 'codeintel.storage.exceptions' (/home/paul/CodeIntel/src/codeintel/storage/exceptions.py)</error><error message="collection failure">../.local/share/uv/python/cpython-3.13.9-linux-x86_64-gnu/lib/python3.13/importlib/__init__.py:88: in import_module
    return _bootstrap._gcd_import(name[level:], package, level)
           ^^^^^^^^^^^^^^^^^^^^^^^^^^^^^^^^^^^^^^^^^^^^^^^^^^^^
&lt;frozen importlib._bootstrap&gt;:1387: in _gcd_import
    ???
&lt;frozen importlib._bootstrap&gt;:1360: in _find_and_load
    ???
&lt;frozen importlib._bootstrap&gt;:1331: in _find_and_load_unlocked
    ???
&lt;frozen importlib._bootstrap&gt;:935: in _load_unlocked
    ???
.venv/lib/python3.13/site-packages/_pytest/assertion/rewrite.py:197: in exec_module
    exec(co, module.__dict__)
tests/cli/conftest.py:17: in &lt;module&gt;
    from tests._helpers.cli_project import (
tests/_helpers/cli_project.py:10: in &lt;module&gt;
    from tests.cli._harness import CliTestHarness
tests/cli/_harness/__init__.py:31: in &lt;module&gt;
    from codeintel.storage.exceptions import (
E   ImportError: cannot import name 'QueryError' from 'codeintel.storage.exceptions' (/home/paul/CodeIntel/src/codeintel/storage/exceptions.py)</error><error message="collection failure">../.local/share/uv/python/cpython-3.13.9-linux-x86_64-gnu/lib/python3.13/importlib/__init__.py:88: in import_module
    return _bootstrap._gcd_import(name[level:], package, level)
           ^^^^^^^^^^^^^^^^^^^^^^^^^^^^^^^^^^^^^^^^^^^^^^^^^^^^
&lt;frozen importlib._bootstrap&gt;:1387: in _gcd_import
    ???
&lt;frozen importlib._bootstrap&gt;:1360: in _find_and_load
    ???
&lt;frozen importlib._bootstrap&gt;:1331: in _find_and_load_unlocked
    ???
&lt;frozen importlib._bootstrap&gt;:935: in _load_unlocked
    ???
.venv/lib/python3.13/site-packages/_pytest/assertion/rewrite.py:197: in exec_module
    exec(co, module.__dict__)
tests/cli/conftest.py:17: in &lt;module&gt;
    from tests._helpers.cli_project import (
tests/_helpers/cli_project.py:10: in &lt;module&gt;
    from tests.cli._harness import CliTestHarness
tests/cli/_harness/__init__.py:31: in &lt;module&gt;
    from codeintel.storage.exceptions import (
E   ImportError: cannot import name 'QueryError' from 'codeintel.storage.exceptions' (/home/paul/CodeIntel/src/codeintel/storage/exceptions.py)</error><error message="collection failure">../.local/share/uv/python/cpython-3.13.9-linux-x86_64-gnu/lib/python3.13/importlib/__init__.py:88: in import_module
    return _bootstrap._gcd_import(name[level:], package, level)
           ^^^^^^^^^^^^^^^^^^^^^^^^^^^^^^^^^^^^^^^^^^^^^^^^^^^^
&lt;frozen importlib._bootstrap&gt;:1387: in _gcd_import
    ???
&lt;frozen importlib._bootstrap&gt;:1360: in _find_and_load
    ???
&lt;frozen importlib._bootstrap&gt;:1331: in _find_and_load_unlocked
    ???
&lt;frozen importlib._bootstrap&gt;:935: in _load_unlocked
    ???
.venv/lib/python3.13/site-packages/_pytest/assertion/rewrite.py:197: in exec_module
    exec(co, module.__dict__)
tests/cli/conftest.py:17: in &lt;module&gt;
    from tests._helpers.cli_project import (
tests/_helpers/cli_project.py:10: in &lt;module&gt;
    from tests.cli._harness import CliTestHarness
tests/cli/_harness/__init__.py:31: in &lt;module&gt;
    from codeintel.storage.exceptions import (
E   ImportError: cannot import name 'QueryError' from 'codeintel.storage.exceptions' (/home/paul/CodeIntel/src/codeintel/storage/exceptions.py)</error><error message="collection failure">../.local/share/uv/python/cpython-3.13.9-linux-x86_64-gnu/lib/python3.13/importlib/__init__.py:88: in import_module
    return _bootstrap._gcd_import(name[level:], package, level)
           ^^^^^^^^^^^^^^^^^^^^^^^^^^^^^^^^^^^^^^^^^^^^^^^^^^^^
&lt;frozen importlib._bootstrap&gt;:1387: in _gcd_import
    ???
&lt;frozen importlib._bootstrap&gt;:1360: in _find_and_load
    ???
&lt;frozen importlib._bootstrap&gt;:1331: in _find_and_load_unlocked
    ???
&lt;frozen importlib._bootstrap&gt;:935: in _load_unlocked
    ???
.venv/lib/python3.13/site-packages/_pytest/assertion/rewrite.py:197: in exec_module
    exec(co, module.__dict__)
tests/cli/conftest.py:17: in &lt;module&gt;
    from tests._helpers.cli_project import (
tests/_helpers/cli_project.py:10: in &lt;module&gt;
    from tests.cli._harness import CliTestHarness
tests/cli/_harness/__init__.py:31: in &lt;module&gt;
    from codeintel.storage.exceptions import (
E   ImportError: cannot import name 'QueryError' from 'codeintel.storage.exceptions' (/home/paul/CodeIntel/src/codeintel/storage/exceptions.py)</error><error message="collection failure">../.local/share/uv/python/cpython-3.13.9-linux-x86_64-gnu/lib/python3.13/importlib/__init__.py:88: in import_module
    return _bootstrap._gcd_import(name[level:], package, level)
           ^^^^^^^^^^^^^^^^^^^^^^^^^^^^^^^^^^^^^^^^^^^^^^^^^^^^
&lt;frozen importlib._bootstrap&gt;:1387: in _gcd_import
    ???
&lt;frozen importlib._bootstrap&gt;:1360: in _find_and_load
    ???
&lt;frozen importlib._bootstrap&gt;:1331: in _find_and_load_unlocked
    ???
&lt;frozen importlib._bootstrap&gt;:935: in _load_unlocked
    ???
.venv/lib/python3.13/site-packages/_pytest/assertion/rewrite.py:197: in exec_module
    exec(co, module.__dict__)
tests/cli/conftest.py:17: in &lt;module&gt;
    from tests._helpers.cli_project import (
tests/_helpers/cli_project.py:10: in &lt;module&gt;
    from tests.cli._harness import CliTestHarness
tests/cli/_harness/__init__.py:31: in &lt;module&gt;
    from codeintel.storage.exceptions import (
E   ImportError: cannot import name 'QueryError' from 'codeintel.storage.exceptions' (/home/paul/CodeIntel/src/codeintel/storage/exceptions.py)</error><error message="collection failure">../.local/share/uv/python/cpython-3.13.9-linux-x86_64-gnu/lib/python3.13/importlib/__init__.py:88: in import_module
    return _bootstrap._gcd_import(name[level:], package, level)
           ^^^^^^^^^^^^^^^^^^^^^^^^^^^^^^^^^^^^^^^^^^^^^^^^^^^^
&lt;frozen importlib._bootstrap&gt;:1387: in _gcd_import
    ???
&lt;frozen importlib._bootstrap&gt;:1360: in _find_and_load
    ???
&lt;frozen importlib._bootstrap&gt;:1331: in _find_and_load_unlocked
    ???
&lt;frozen importlib._bootstrap&gt;:935: in _load_unlocked
    ???
.venv/lib/python3.13/site-packages/_pytest/assertion/rewrite.py:197: in exec_module
    exec(co, module.__dict__)
tests/cli/conftest.py:17: in &lt;module&gt;
    from tests._helpers.cli_project import (
tests/_helpers/cli_project.py:10: in &lt;module&gt;
    from tests.cli._harness import CliTestHarness
tests/cli/_harness/__init__.py:31: in &lt;module&gt;
    from codeintel.storage.exceptions import (
E   ImportError: cannot import name 'QueryError' from 'codeintel.storage.exceptions' (/home/paul/CodeIntel/src/codeintel/storage/exceptions.py)</error><error message="collection failure">../.local/share/uv/python/cpython-3.13.9-linux-x86_64-gnu/lib/python3.13/importlib/__init__.py:88: in import_module
    return _bootstrap._gcd_import(name[level:], package, level)
           ^^^^^^^^^^^^^^^^^^^^^^^^^^^^^^^^^^^^^^^^^^^^^^^^^^^^
&lt;frozen importlib._bootstrap&gt;:1387: in _gcd_import
    ???
&lt;frozen importlib._bootstrap&gt;:1360: in _find_and_load
    ???
&lt;frozen importlib._bootstrap&gt;:1331: in _find_and_load_unlocked
    ???
&lt;frozen importlib._bootstrap&gt;:935: in _load_unlocked
    ???
.venv/lib/python3.13/site-packages/_pytest/assertion/rewrite.py:197: in exec_module
    exec(co, module.__dict__)
tests/cli/conftest.py:17: in &lt;module&gt;
    from tests._helpers.cli_project import (
tests/_helpers/cli_project.py:10: in &lt;module&gt;
    from tests.cli._harness import CliTestHarness
tests/cli/_harness/__init__.py:31: in &lt;module&gt;
    from codeintel.storage.exceptions import (
E   ImportError: cannot import name 'QueryError' from 'codeintel.storage.exceptions' (/home/paul/CodeIntel/src/codeintel/storage/exceptions.py)</error><error message="collection failure">../.local/share/uv/python/cpython-3.13.9-linux-x86_64-gnu/lib/python3.13/importlib/__init__.py:88: in import_module
    return _bootstrap._gcd_import(name[level:], package, level)
           ^^^^^^^^^^^^^^^^^^^^^^^^^^^^^^^^^^^^^^^^^^^^^^^^^^^^
&lt;frozen importlib._bootstrap&gt;:1387: in _gcd_import
    ???
&lt;frozen importlib._bootstrap&gt;:1360: in _find_and_load
    ???
&lt;frozen importlib._bootstrap&gt;:1331: in _find_and_load_unlocked
    ???
&lt;frozen importlib._bootstrap&gt;:935: in _load_unlocked
    ???
.venv/lib/python3.13/site-packages/_pytest/assertion/rewrite.py:197: in exec_module
    exec(co, module.__dict__)
tests/cli/conftest.py:17: in &lt;module&gt;
    from tests._helpers.cli_project import (
tests/_helpers/cli_project.py:10: in &lt;module&gt;
    from tests.cli._harness import CliTestHarness
tests/cli/_harness/__init__.py:31: in &lt;module&gt;
    from codeintel.storage.exceptions import (
E   ImportError: cannot import name 'QueryError' from 'codeintel.storage.exceptions' (/home/paul/CodeIntel/src/codeintel/storage/exceptions.py)</error><error message="collection failure">../.local/share/uv/python/cpython-3.13.9-linux-x86_64-gnu/lib/python3.13/importlib/__init__.py:88: in import_module
    return _bootstrap._gcd_import(name[level:], package, level)
           ^^^^^^^^^^^^^^^^^^^^^^^^^^^^^^^^^^^^^^^^^^^^^^^^^^^^
&lt;frozen importlib._bootstrap&gt;:1387: in _gcd_import
    ???
&lt;frozen importlib._bootstrap&gt;:1360: in _find_and_load
    ???
&lt;frozen importlib._bootstrap&gt;:1331: in _find_and_load_unlocked
    ???
&lt;frozen importlib._bootstrap&gt;:935: in _load_unlocked
    ???
.venv/lib/python3.13/site-packages/_pytest/assertion/rewrite.py:197: in exec_module
    exec(co, module.__dict__)
tests/cli/conftest.py:17: in &lt;module&gt;
    from tests._helpers.cli_project import (
tests/_helpers/cli_project.py:10: in &lt;module&gt;
    from tests.cli._harness import CliTestHarness
tests/cli/_harness/__init__.py:31: in &lt;module&gt;
    from codeintel.storage.exceptions import (
E   ImportError: cannot import name 'QueryError' from 'codeintel.storage.exceptions' (/home/paul/CodeIntel/src/codeintel/storage/exceptions.py)</error><error message="collection failure">../.local/share/uv/python/cpython-3.13.9-linux-x86_64-gnu/lib/python3.13/importlib/__init__.py:88: in import_module
    return _bootstrap._gcd_import(name[level:], package, level)
           ^^^^^^^^^^^^^^^^^^^^^^^^^^^^^^^^^^^^^^^^^^^^^^^^^^^^
&lt;frozen importlib._bootstrap&gt;:1387: in _gcd_import
    ???
&lt;frozen importlib._bootstrap&gt;:1360: in _find_and_load
    ???
&lt;frozen importlib._bootstrap&gt;:1331: in _find_and_load_unlocked
    ???
&lt;frozen importlib._bootstrap&gt;:935: in _load_unlocked
    ???
.venv/lib/python3.13/site-packages/_pytest/assertion/rewrite.py:197: in exec_module
    exec(co, module.__dict__)
tests/cli/conftest.py:17: in &lt;module&gt;
    from tests._helpers.cli_project import (
tests/_helpers/cli_project.py:10: in &lt;module&gt;
    from tests.cli._harness import CliTestHarness
tests/cli/_harness/__init__.py:31: in &lt;module&gt;
    from codeintel.storage.exceptions import (
E   ImportError: cannot import name 'QueryError' from 'codeintel.storage.exceptions' (/home/paul/CodeIntel/src/codeintel/storage/exceptions.py)</error><error message="collection failure">../.local/share/uv/python/cpython-3.13.9-linux-x86_64-gnu/lib/python3.13/importlib/__init__.py:88: in import_module
    return _bootstrap._gcd_import(name[level:], package, level)
           ^^^^^^^^^^^^^^^^^^^^^^^^^^^^^^^^^^^^^^^^^^^^^^^^^^^^
&lt;frozen importlib._bootstrap&gt;:1387: in _gcd_import
    ???
&lt;frozen importlib._bootstrap&gt;:1360: in _find_and_load
    ???
&lt;frozen importlib._bootstrap&gt;:1331: in _find_and_load_unlocked
    ???
&lt;frozen importlib._bootstrap&gt;:935: in _load_unlocked
    ???
.venv/lib/python3.13/site-packages/_pytest/assertion/rewrite.py:197: in exec_module
    exec(co, module.__dict__)
tests/cli/conftest.py:17: in &lt;module&gt;
    from tests._helpers.cli_project import (
tests/_helpers/cli_project.py:10: in &lt;module&gt;
    from tests.cli._harness import CliTestHarness
tests/cli/_harness/__init__.py:31: in &lt;module&gt;
    from codeintel.storage.exceptions import (
E   ImportError: cannot import name 'QueryError' from 'codeintel.storage.exceptions' (/home/paul/CodeIntel/src/codeintel/storage/exceptions.py)</error><error message="collection failure">../.local/share/uv/python/cpython-3.13.9-linux-x86_64-gnu/lib/python3.13/importlib/__init__.py:88: in import_module
    return _bootstrap._gcd_import(name[level:], package, level)
           ^^^^^^^^^^^^^^^^^^^^^^^^^^^^^^^^^^^^^^^^^^^^^^^^^^^^
&lt;frozen importlib._bootstrap&gt;:1387: in _gcd_import
    ???
&lt;frozen importlib._bootstrap&gt;:1360: in _find_and_load
    ???
&lt;frozen importlib._bootstrap&gt;:1331: in _find_and_load_unlocked
    ???
&lt;frozen importlib._bootstrap&gt;:935: in _load_unlocked
    ???
.venv/lib/python3.13/site-packages/_pytest/assertion/rewrite.py:197: in exec_module
    exec(co, module.__dict__)
tests/cli/conftest.py:17: in &lt;module&gt;
    from tests._helpers.cli_project import (
tests/_helpers/cli_project.py:10: in &lt;module&gt;
    from tests.cli._harness import CliTestHarness
tests/cli/_harness/__init__.py:31: in &lt;module&gt;
    from codeintel.storage.exceptions import (
E   ImportError: cannot import name 'QueryError' from 'codeintel.storage.exceptions' (/home/paul/CodeIntel/src/codeintel/storage/exceptions.py)</error><error message="collection failure">../.local/share/uv/python/cpython-3.13.9-linux-x86_64-gnu/lib/python3.13/importlib/__init__.py:88: in import_module
    return _bootstrap._gcd_import(name[level:], package, level)
           ^^^^^^^^^^^^^^^^^^^^^^^^^^^^^^^^^^^^^^^^^^^^^^^^^^^^
&lt;frozen importlib._bootstrap&gt;:1387: in _gcd_import
    ???
&lt;frozen importlib._bootstrap&gt;:1360: in _find_and_load
    ???
&lt;frozen importlib._bootstrap&gt;:1331: in _find_and_load_unlocked
    ???
&lt;frozen importlib._bootstrap&gt;:935: in _load_unlocked
    ???
.venv/lib/python3.13/site-packages/_pytest/assertion/rewrite.py:197: in exec_module
    exec(co, module.__dict__)
tests/cli/conftest.py:17: in &lt;module&gt;
    from tests._helpers.cli_project import (
tests/_helpers/cli_project.py:10: in &lt;module&gt;
    from tests.cli._harness import CliTestHarness
tests/cli/_harness/__init__.py:31: in &lt;module&gt;
    from codeintel.storage.exceptions import (
E   ImportError: cannot import name 'QueryError' from 'codeintel.storage.exceptions' (/home/paul/CodeIntel/src/codeintel/storage/exceptions.py)</error><error message="collection failure">../.local/share/uv/python/cpython-3.13.9-linux-x86_64-gnu/lib/python3.13/importlib/__init__.py:88: in import_module
    return _bootstrap._gcd_import(name[level:], package, level)
           ^^^^^^^^^^^^^^^^^^^^^^^^^^^^^^^^^^^^^^^^^^^^^^^^^^^^
&lt;frozen importlib._bootstrap&gt;:1387: in _gcd_import
    ???
&lt;frozen importlib._bootstrap&gt;:1360: in _find_and_load
    ???
&lt;frozen importlib._bootstrap&gt;:1331: in _find_and_load_unlocked
    ???
&lt;frozen importlib._bootstrap&gt;:935: in _load_unlocked
    ???
.venv/lib/python3.13/site-packages/_pytest/assertion/rewrite.py:197: in exec_module
    exec(co, module.__dict__)
tests/cli/conftest.py:17: in &lt;module&gt;
    from tests._helpers.cli_project import (
tests/_helpers/cli_project.py:10: in &lt;module&gt;
    from tests.cli._harness import CliTestHarness
tests/cli/_harness/__init__.py:31: in &lt;module&gt;
    from codeintel.storage.exceptions import (
E   ImportError: cannot import name 'QueryError' from 'codeintel.storage.exceptions' (/home/paul/CodeIntel/src/codeintel/storage/exceptions.py)</error><error message="collection failure">../.local/share/uv/python/cpython-3.13.9-linux-x86_64-gnu/lib/python3.13/importlib/__init__.py:88: in import_module
    return _bootstrap._gcd_import(name[level:], package, level)
           ^^^^^^^^^^^^^^^^^^^^^^^^^^^^^^^^^^^^^^^^^^^^^^^^^^^^
&lt;frozen importlib._bootstrap&gt;:1387: in _gcd_import
    ???
&lt;frozen importlib._bootstrap&gt;:1360: in _find_and_load
    ???
&lt;frozen importlib._bootstrap&gt;:1331: in _find_and_load_unlocked
    ???
&lt;frozen importlib._bootstrap&gt;:935: in _load_unlocked
    ???
.venv/lib/python3.13/site-packages/_pytest/assertion/rewrite.py:197: in exec_module
    exec(co, module.__dict__)
tests/cli/conftest.py:17: in &lt;module&gt;
    from tests._helpers.cli_project import (
tests/_helpers/cli_project.py:10: in &lt;module&gt;
    from tests.cli._harness import CliTestHarness
tests/cli/_harness/__init__.py:31: in &lt;module&gt;
    from codeintel.storage.exceptions import (
E   ImportError: cannot import name 'QueryError' from 'codeintel.storage.exceptions' (/home/paul/CodeIntel/src/codeintel/storage/exceptions.py)</error><error message="collection failure">../.local/share/uv/python/cpython-3.13.9-linux-x86_64-gnu/lib/python3.13/importlib/__init__.py:88: in import_module
    return _bootstrap._gcd_import(name[level:], package, level)
           ^^^^^^^^^^^^^^^^^^^^^^^^^^^^^^^^^^^^^^^^^^^^^^^^^^^^
&lt;frozen importlib._bootstrap&gt;:1387: in _gcd_import
    ???
&lt;frozen importlib._bootstrap&gt;:1360: in _find_and_load
    ???
&lt;frozen importlib._bootstrap&gt;:1331: in _find_and_load_unlocked
    ???
&lt;frozen importlib._bootstrap&gt;:935: in _load_unlocked
    ???
.venv/lib/python3.13/site-packages/_pytest/assertion/rewrite.py:197: in exec_module
    exec(co, module.__dict__)
tests/cli/conftest.py:17: in &lt;module&gt;
    from tests._helpers.cli_project import (
tests/_helpers/cli_project.py:10: in &lt;module&gt;
    from tests.cli._harness import CliTestHarness
tests/cli/_harness/__init__.py:31: in &lt;module&gt;
    from codeintel.storage.exceptions import (
E   ImportError: cannot import name 'QueryError' from 'codeintel.storage.exceptions' (/home/paul/CodeIntel/src/codeintel/storage/exceptions.py)</error><error message="collection failure">../.local/share/uv/python/cpython-3.13.9-linux-x86_64-gnu/lib/python3.13/importlib/__init__.py:88: in import_module
    return _bootstrap._gcd_import(name[level:], package, level)
           ^^^^^^^^^^^^^^^^^^^^^^^^^^^^^^^^^^^^^^^^^^^^^^^^^^^^
&lt;frozen importlib._bootstrap&gt;:1387: in _gcd_import
    ???
&lt;frozen importlib._bootstrap&gt;:1360: in _find_and_load
    ???
&lt;frozen importlib._bootstrap&gt;:1331: in _find_and_load_unlocked
    ???
&lt;frozen importlib._bootstrap&gt;:935: in _load_unlocked
    ???
.venv/lib/python3.13/site-packages/_pytest/assertion/rewrite.py:197: in exec_module
    exec(co, module.__dict__)
tests/cli/conftest.py:17: in &lt;module&gt;
    from tests._helpers.cli_project import (
tests/_helpers/cli_project.py:10: in &lt;module&gt;
    from tests.cli._harness import CliTestHarness
tests/cli/_harness/__init__.py:31: in &lt;module&gt;
    from codeintel.storage.exceptions import (
E   ImportError: cannot import name 'QueryError' from 'codeintel.storage.exceptions' (/home/paul/CodeIntel/src/codeintel/storage/exceptions.py)</error><error message="collection failure">../.local/share/uv/python/cpython-3.13.9-linux-x86_64-gnu/lib/python3.13/importlib/__init__.py:88: in import_module
    return _bootstrap._gcd_import(name[level:], package, level)
           ^^^^^^^^^^^^^^^^^^^^^^^^^^^^^^^^^^^^^^^^^^^^^^^^^^^^
&lt;frozen importlib._bootstrap&gt;:1387: in _gcd_import
    ???
&lt;frozen importlib._bootstrap&gt;:1360: in _find_and_load
    ???
&lt;frozen importlib._bootstrap&gt;:1331: in _find_and_load_unlocked
    ???
&lt;frozen importlib._bootstrap&gt;:935: in _load_unlocked
    ???
.venv/lib/python3.13/site-packages/_pytest/assertion/rewrite.py:197: in exec_module
    exec(co, module.__dict__)
tests/cli/conftest.py:17: in &lt;module&gt;
    from tests._helpers.cli_project import (
tests/_helpers/cli_project.py:10: in &lt;module&gt;
    from tests.cli._harness import CliTestHarness
tests/cli/_harness/__init__.py:31: in &lt;module&gt;
    from codeintel.storage.exceptions import (
E   ImportError: cannot import name 'QueryError' from 'codeintel.storage.exceptions' (/home/paul/CodeIntel/src/codeintel/storage/exceptions.py)</error><error message="collection failure">../.local/share/uv/python/cpython-3.13.9-linux-x86_64-gnu/lib/python3.13/importlib/__init__.py:88: in import_module
    return _bootstrap._gcd_import(name[level:], package, level)
           ^^^^^^^^^^^^^^^^^^^^^^^^^^^^^^^^^^^^^^^^^^^^^^^^^^^^
&lt;frozen importlib._bootstrap&gt;:1387: in _gcd_import
    ???
&lt;frozen importlib._bootstrap&gt;:1360: in _find_and_load
    ???
&lt;frozen importlib._bootstrap&gt;:1331: in _find_and_load_unlocked
    ???
&lt;frozen importlib._bootstrap&gt;:935: in _load_unlocked
    ???
.venv/lib/python3.13/site-packages/_pytest/assertion/rewrite.py:197: in exec_module
    exec(co, module.__dict__)
tests/cli/conftest.py:17: in &lt;module&gt;
    from tests._helpers.cli_project import (
tests/_helpers/cli_project.py:10: in &lt;module&gt;
    from tests.cli._harness import CliTestHarness
tests/cli/_harness/__init__.py:31: in &lt;module&gt;
    from codeintel.storage.exceptions import (
E   ImportError: cannot import name 'QueryError' from 'codeintel.storage.exceptions' (/home/paul/CodeIntel/src/codeintel/storage/exceptions.py)</error><error message="collection failure">../.local/share/uv/python/cpython-3.13.9-linux-x86_64-gnu/lib/python3.13/importlib/__init__.py:88: in import_module
    return _bootstrap._gcd_import(name[level:], package, level)
           ^^^^^^^^^^^^^^^^^^^^^^^^^^^^^^^^^^^^^^^^^^^^^^^^^^^^
&lt;frozen importlib._bootstrap&gt;:1387: in _gcd_import
    ???
&lt;frozen importlib._bootstrap&gt;:1360: in _find_and_load
    ???
&lt;frozen importlib._bootstrap&gt;:1331: in _find_and_load_unlocked
    ???
&lt;frozen importlib._bootstrap&gt;:935: in _load_unlocked
    ???
.venv/lib/python3.13/site-packages/_pytest/assertion/rewrite.py:197: in exec_module
    exec(co, module.__dict__)
tests/cli/conftest.py:17: in &lt;module&gt;
    from tests._helpers.cli_project import (
tests/_helpers/cli_project.py:10: in &lt;module&gt;
    from tests.cli._harness import CliTestHarness
tests/cli/_harness/__init__.py:31: in &lt;module&gt;
    from codeintel.storage.exceptions import (
E   ImportError: cannot import name 'QueryError' from 'codeintel.storage.exceptions' (/home/paul/CodeIntel/src/codeintel/storage/exceptions.py)</error><error message="collection failure">../.local/share/uv/python/cpython-3.13.9-linux-x86_64-gnu/lib/python3.13/importlib/__init__.py:88: in import_module
    return _bootstrap._gcd_import(name[level:], package, level)
           ^^^^^^^^^^^^^^^^^^^^^^^^^^^^^^^^^^^^^^^^^^^^^^^^^^^^
&lt;frozen importlib._bootstrap&gt;:1387: in _gcd_import
    ???
&lt;frozen importlib._bootstrap&gt;:1360: in _find_and_load
    ???
&lt;frozen importlib._bootstrap&gt;:1331: in _find_and_load_unlocked
    ???
&lt;frozen importlib._bootstrap&gt;:935: in _load_unlocked
    ???
.venv/lib/python3.13/site-packages/_pytest/assertion/rewrite.py:197: in exec_module
    exec(co, module.__dict__)
tests/cli/conftest.py:17: in &lt;module&gt;
    from tests._helpers.cli_project import (
tests/_helpers/cli_project.py:10: in &lt;module&gt;
    from tests.cli._harness import CliTestHarness
tests/cli/_harness/__init__.py:31: in &lt;module&gt;
    from codeintel.storage.exceptions import (
E   ImportError: cannot import name 'QueryError' from 'codeintel.storage.exceptions' (/home/paul/CodeIntel/src/codeintel/storage/exceptions.py)</error><error message="collection failure">../.local/share/uv/python/cpython-3.13.9-linux-x86_64-gnu/lib/python3.13/importlib/__init__.py:88: in import_module
    return _bootstrap._gcd_import(name[level:], package, level)
           ^^^^^^^^^^^^^^^^^^^^^^^^^^^^^^^^^^^^^^^^^^^^^^^^^^^^
&lt;frozen importlib._bootstrap&gt;:1387: in _gcd_import
    ???
&lt;frozen importlib._bootstrap&gt;:1360: in _find_and_load
    ???
&lt;frozen importlib._bootstrap&gt;:1331: in _find_and_load_unlocked
    ???
&lt;frozen importlib._bootstrap&gt;:935: in _load_unlocked
    ???
.venv/lib/python3.13/site-packages/_pytest/assertion/rewrite.py:197: in exec_module
    exec(co, module.__dict__)
tests/cli/conftest.py:17: in &lt;module&gt;
    from tests._helpers.cli_project import (
tests/_helpers/cli_project.py:10: in &lt;module&gt;
    from tests.cli._harness import CliTestHarness
tests/cli/_harness/__init__.py:31: in &lt;module&gt;
    from codeintel.storage.exceptions import (
E   ImportError: cannot import name 'QueryError' from 'codeintel.storage.exceptions' (/home/paul/CodeIntel/src/codeintel/storage/exceptions.py)</error><error message="collection failure">../.local/share/uv/python/cpython-3.13.9-linux-x86_64-gnu/lib/python3.13/importlib/__init__.py:88: in import_module
    return _bootstrap._gcd_import(name[level:], package, level)
           ^^^^^^^^^^^^^^^^^^^^^^^^^^^^^^^^^^^^^^^^^^^^^^^^^^^^
&lt;frozen importlib._bootstrap&gt;:1387: in _gcd_import
    ???
&lt;frozen importlib._bootstrap&gt;:1360: in _find_and_load
    ???
&lt;frozen importlib._bootstrap&gt;:1331: in _find_and_load_unlocked
    ???
&lt;frozen importlib._bootstrap&gt;:935: in _load_unlocked
    ???
.venv/lib/python3.13/site-packages/_pytest/assertion/rewrite.py:197: in exec_module
    exec(co, module.__dict__)
tests/cli/conftest.py:17: in &lt;module&gt;
    from tests._helpers.cli_project import (
tests/_helpers/cli_project.py:10: in &lt;module&gt;
    from tests.cli._harness import CliTestHarness
tests/cli/_harness/__init__.py:31: in &lt;module&gt;
    from codeintel.storage.exceptions import (
E   ImportError: cannot import name 'QueryError' from 'codeintel.storage.exceptions' (/home/paul/CodeIntel/src/codeintel/storage/exceptions.py)</error><error message="collection failure">../.local/share/uv/python/cpython-3.13.9-linux-x86_64-gnu/lib/python3.13/importlib/__init__.py:88: in import_module
    return _bootstrap._gcd_import(name[level:], package, level)
           ^^^^^^^^^^^^^^^^^^^^^^^^^^^^^^^^^^^^^^^^^^^^^^^^^^^^
&lt;frozen importlib._bootstrap&gt;:1387: in _gcd_import
    ???
&lt;frozen importlib._bootstrap&gt;:1360: in _find_and_load
    ???
&lt;frozen importlib._bootstrap&gt;:1331: in _find_and_load_unlocked
    ???
&lt;frozen importlib._bootstrap&gt;:935: in _load_unlocked
    ???
.venv/lib/python3.13/site-packages/_pytest/assertion/rewrite.py:197: in exec_module
    exec(co, module.__dict__)
tests/cli/conftest.py:17: in &lt;module&gt;
    from tests._helpers.cli_project import (
tests/_helpers/cli_project.py:10: in &lt;module&gt;
    from tests.cli._harness import CliTestHarness
tests/cli/_harness/__init__.py:31: in &lt;module&gt;
    from codeintel.storage.exceptions import (
E   ImportError: cannot import name 'QueryError' from 'codeintel.storage.exceptions' (/home/paul/CodeIntel/src/codeintel/storage/exceptions.py)</error><error message="collection failure">../.local/share/uv/python/cpython-3.13.9-linux-x86_64-gnu/lib/python3.13/importlib/__init__.py:88: in import_module
    return _bootstrap._gcd_import(name[level:], package, level)
           ^^^^^^^^^^^^^^^^^^^^^^^^^^^^^^^^^^^^^^^^^^^^^^^^^^^^
&lt;frozen importlib._bootstrap&gt;:1387: in _gcd_import
    ???
&lt;frozen importlib._bootstrap&gt;:1360: in _find_and_load
    ???
&lt;frozen importlib._bootstrap&gt;:1331: in _find_and_load_unlocked
    ???
&lt;frozen importlib._bootstrap&gt;:935: in _load_unlocked
    ???
.venv/lib/python3.13/site-packages/_pytest/assertion/rewrite.py:197: in exec_module
    exec(co, module.__dict__)
tests/cli/conftest.py:17: in &lt;module&gt;
    from tests._helpers.cli_project import (
tests/_helpers/cli_project.py:10: in &lt;module&gt;
    from tests.cli._harness import CliTestHarness
tests/cli/_harness/__init__.py:31: in &lt;module&gt;
    from codeintel.storage.exceptions import (
E   ImportError: cannot import name 'QueryError' from 'codeintel.storage.exceptions' (/home/paul/CodeIntel/src/codeintel/storage/exceptions.py)</error><error message="collection failure">../.local/share/uv/python/cpython-3.13.9-linux-x86_64-gnu/lib/python3.13/importlib/__init__.py:88: in import_module
    return _bootstrap._gcd_import(name[level:], package, level)
           ^^^^^^^^^^^^^^^^^^^^^^^^^^^^^^^^^^^^^^^^^^^^^^^^^^^^
&lt;frozen importlib._bootstrap&gt;:1387: in _gcd_import
    ???
&lt;frozen importlib._bootstrap&gt;:1360: in _find_and_load
    ???
&lt;frozen importlib._bootstrap&gt;:1331: in _find_and_load_unlocked
    ???
&lt;frozen importlib._bootstrap&gt;:935: in _load_unlocked
    ???
.venv/lib/python3.13/site-packages/_pytest/assertion/rewrite.py:197: in exec_module
    exec(co, module.__dict__)
tests/cli/conftest.py:17: in &lt;module&gt;
    from tests._helpers.cli_project import (
tests/_helpers/cli_project.py:10: in &lt;module&gt;
    from tests.cli._harness import CliTestHarness
tests/cli/_harness/__init__.py:31: in &lt;module&gt;
    from codeintel.storage.exceptions import (
E   ImportError: cannot import name 'QueryError' from 'codeintel.storage.exceptions' (/home/paul/CodeIntel/src/codeintel/storage/exceptions.py)</error><error message="collection failure">../.local/share/uv/python/cpython-3.13.9-linux-x86_64-gnu/lib/python3.13/importlib/__init__.py:88: in import_module
    return _bootstrap._gcd_import(name[level:], package, level)
           ^^^^^^^^^^^^^^^^^^^^^^^^^^^^^^^^^^^^^^^^^^^^^^^^^^^^
&lt;frozen importlib._bootstrap&gt;:1387: in _gcd_import
    ???
&lt;frozen importlib._bootstrap&gt;:1360: in _find_and_load
    ???
&lt;frozen importlib._bootstrap&gt;:1331: in _find_and_load_unlocked
    ???
&lt;frozen importlib._bootstrap&gt;:935: in _load_unlocked
    ???
.venv/lib/python3.13/site-packages/_pytest/assertion/rewrite.py:197: in exec_module
    exec(co, module.__dict__)
tests/cli/conftest.py:17: in &lt;module&gt;
    from tests._helpers.cli_project import (
tests/_helpers/cli_project.py:10: in &lt;module&gt;
    from tests.cli._harness import CliTestHarness
tests/cli/_harness/__init__.py:31: in &lt;module&gt;
    from codeintel.storage.exceptions import (
E   ImportError: cannot import name 'QueryError' from 'codeintel.storage.exceptions' (/home/paul/CodeIntel/src/codeintel/storage/exceptions.py)</error></testcase><testcase classname="tests._helpers.test_symbol_use_edges" name="test_make_symbol_use_edge_row_infers_same_flags" time="0.001" /><testcase classname="tests.analytics.compute.test_entrypoints_detection" name="test_detects_click_typer_and_generic_routes" time="0.003" /><testcase classname="tests.analytics.compute.test_entrypoints_detection" name="test_entrypoint_candidate_frameworks[django]" time="0.002" /><testcase classname="tests.analytics.compute.test_entrypoints_detection" name="test_entrypoint_candidate_kinds[background_job]" time="0.002" /><testcase classname="tests._helpers.test_graphs_ast_lookup" name="test_build_ast_map_handles_functions_and_classes" time="0.003" /><testcase classname="tests.analytics.compute.test_entrypoints_detection" name="test_entrypoint_candidate_frameworks[click]" time="0.002" /><testcase classname="tests.analytics.compute.test_entrypoints_detection" name="test_entrypoint_candidate_kinds[scheduled_job]" time="0.002" /><testcase classname="tests.analytics.compute.test_entrypoints_detection" name="test_entrypoint_candidate_core_metadata" time="0.001" /><testcase classname="tests.analytics.compute.test_entrypoints_detection" name="test_detects_celery_airflow_cron_and_django" time="0.003" /><testcase classname="tests.analytics.compute.test_entrypoints_detection" name="test_entrypoint_candidate_frameworks[airflow]" time="0.002" /><testcase classname="tests.analytics.compute.test_entrypoints_detection" name="test_entrypoint_candidate_frameworks[typer]" time="0.002" /><testcase classname="tests.docs_export.test_export_validation_flag" name="test_docs_export_validation_flag_triggers_schema_check@cli_shared_flags" time="10.315" /><testcase classname="tests.analytics.compute.test_entrypoints_detection" name="test_detect_entrypoints_emits_snippet_evidence" time="0.002" /><testcase classname="tests.analytics.compute.test_entrypoints_detection" name="test_entrypoint_candidate_kinds[cli_command]" time="0.002" /><testcase classname="tests.analytics.compute.test_entrypoints_detection" name="test_import_context_immutability" time="0.001" /><testcase classname="tests.analytics.compute.test_entrypoints_detection" name="test_detects_fastapi_and_flask_routes" time="0.002" /><testcase classname="tests.analytics.compute.test_entrypoints_detection" name="test_entrypoint_candidate_frameworks[flask]" time="0.002" /><testcase classname="tests.analytics.compute.test_entrypoints_detection" name="test_detect_entrypoints_basic_behaviors" time="0.002" /><testcase classname="tests.analytics.compute.test_entrypoints_detection" name="test_entrypoint_candidate_kinds[websocket]" time="0.002" /><testcase classname="tests.analytics.compute.test_entrypoints_detection" name="test_entrypoint_candidate_frameworks[None]" time="0.002" /><testcase classname="tests.analytics.compute.test_entrypoints_detection" name="test_entrypoint_candidate_kinds[http_handler]" time="0.002" /><testcase classname="tests.analytics.compute.test_entrypoints_detection" name="test_detector_settings_defaults_and_disable" time="0.001" /><testcase classname="tests.analytics.compute.test_entrypoints_detection" name="test_entrypoint_candidate_frameworks[celery]" time="0.002" /><testcase classname="tests.analytics.compute.test_entrypoints_detection" name="test_entrypoint_candidate_frameworks[fastapi]" time="0.002" /><testcase classname="tests.analytics.compute.test_entrypoints_detection" name="test_entrypoint_candidate_optionals_and_schema" time="0.002" /><testcase classname="tests._helpers.test_graphs_ast_lookup" name="test_build_ast_map_raises_for_missing_target" time="0.004" /><testcase classname="tests.analytics.compute.test_graphs_centrality" name="test_betweenness_chain_middle_nodes_high" time="0.001" /><testcase classname="tests.analytics.compute.test_graphs_centrality" name="test_pagerank_custom_max_iter" time="0.065" /><testcase classname="tests.analytics.compute.test_graphs_centrality" name="test_metrics_create_all_fields" time="0.001" /><testcase classname="tests.analytics.compute.test_graphs_centrality" name="test_pagerank_custom_tolerance" time="0.065" /><testcase classname="tests.analytics.compute.test_graphs_centrality" name="test_pagerank_values_are_floats" time="0.070" /><testcase classname="tests.analytics.compute.test_graphs_centrality" name="test_betweenness_empty_graph" time="0.001" /><testcase classname="tests.analytics.compute.test_evidence_collection" name="test_evidence_collector_deduplicates_and_caps" time="0.001" /><testcase classname="tests.analytics.compute.test_graphs_centrality" name="test_betweenness_star_hub_high" time="0.001" /><testcase classname="tests.analytics.compute.test_graphs_centrality" name="test_betweenness_keys_match_nodes" time="0.001" /><testcase classname="tests.analytics.compute.test_graphs_centrality" name="test_pagerank_cycle_equal" time="0.072" /><testcase classname="tests.analytics.compute.test_graphs_centrality" name="test_betweenness_sampled_with_k" time="0.001" /><testcase classname="tests.analytics.compute.test_graphs_centrality" name="test_pagerank_star_hub_low" time="0.062" /><testcase classname="tests.analytics.compute.test_graphs_centrality" name="test_betweenness_normalized" time="0.001" /><testcase classname="tests.analytics.compute.test_graphs_centrality" name="test_pagerank_disconnected_components" time="0.069" /><testcase classname="tests.analytics.compute.test_graphs_centrality" name="test_betweenness_disconnected_components" time="0.002" /><testcase classname="tests.analytics.compute.test_graphs_centrality" name="test_betweenness_cycle_equal" time="0.002" /><testcase classname="tests.analytics.compute.test_graphs_centrality" name="test_pagerank_realistic_call_graph" time="0.067" /><testcase classname="tests.analytics.compute.test_graphs_centrality" name="test_pagerank_custom_alpha" time="0.066" /><testcase classname="tests.analytics.compute.test_graphs_centrality" name="test_betweenness_realistic_call_graph" time="0.002" /><testcase classname="tests.analytics.compute.test_graphs_centrality" name="test_pagerank_simple_chain" time="0.065" /><testcase classname="tests.analytics.compute.test_graphs_centrality" name="test_pagerank_sums_to_one" time="0.061" /><testcase classname="tests.analytics.compute.test_graphs_centrality" name="test_betweenness_single_node_zero" time="0.001" /><testcase classname="tests.analytics.compute.test_graphs_centrality" name="test_pagerank_keys_match_nodes" time="0.066" /><testcase classname="tests.analytics.compute.test_graphs_centrality" name="test_pagerank_reverse_star_hub_high" time="0.065" /><testcase classname="tests.analytics.compute.test_graphs_centrality" name="test_betweenness_values_are_floats" time="0.002" /><testcase classname="tests.analytics.compute.test_evidence_collection" name="test_evidence_collector_add_from_ast_and_extend" time="0.001" /><testcase classname="tests.analytics.compute.test_graphs_conversions.TestToDecimalId" name="test_converts_string_integers[123-expected0]" time="0.001" /><testcase classname="tests.analytics.compute.test_graphs_conversions.TestToDecimalId" name="test_converts_integers[456-expected2]" time="0.001" /><testcase classname="tests.analytics.compute.test_graphs_conversions.TestToDecimalId" name="test_converts_integers[123-expected1]" time="0.001" /><testcase classname="tests.analytics.compute.test_graphs_centrality" name="test_both_metrics_same_nodes" time="0.070" /><testcase classname="tests.analytics.compute.test_graphs_conversions.TestToDecimalId" name="test_converts_integers[None-None]" time="0.001" /><testcase classname="tests.analytics.compute.test_graphs_centrality" name="test_dense_graph_metrics" time="0.071" /><testcase classname="tests.analytics.compute.test_graphs_conversions.TestToDecimalId" name="test_converts_string_integers[0-expected2]" time="0.001" /><testcase classname="tests.analytics.compute.test_graphs_conversions.TestToDecimalId" name="test_converts_decimal_input" time="0.001" /><testcase classname="tests.analytics.compute.test_graphs_conversions.TestNormalizeDecimalId" name="test_returns_none_for_none" time="0.001" /><testcase classname="tests.analytics.compute.test_graphs_conversions.TestNormalizeDecimalId" name="test_decodes_bytes[123-123]" time="0.001" /><testcase classname="tests.analytics.compute.test_graphs_conversions.TestNormalizeDecimalId" name="test_converts_decimal_to_int[input_val0-123]" time="0.002" /><testcase classname="tests.analytics.compute.test_graphs_conversions.TestNormalizeDecimalId" name="test_passes_through_integers[0-0]" time="0.001" /><testcase classname="tests.analytics.compute.test_graphs_conversions.TestNormalizeDecimalId" name="test_converts_decimal_to_int[input_val3-999999999999999999]" time="0.001" /><testcase classname="tests.analytics.compute.test_graphs_conversions.TestNormalizeDecimalId" name="test_decodes_bytearray[input_val0-123]" time="0.001" /><testcase classname="tests.analytics.compute.test_graphs_conversions.TestNormalizeDecimalId" name="test_decodes_bytearray[input_val1-789]" time="0.001" /><testcase classname="tests.analytics.compute.test_graphs_conversions.TestNormalizeDecimalId" name="test_returns_none_for_invalid_bytes" time="0.001" /><testcase classname="tests.analytics.compute.test_graphs_conversions.TestNormalizeDecimalId" name="test_converts_string[456-456]" time="0.001" /><testcase classname="tests.analytics.compute.test_graphs_conversions.TestNormalizeDecimalId" name="test_converts_string[123-123]" time="0.001" /><testcase classname="tests.analytics.compute.test_graphs_conversions.TestNormalizeDecimalId" name="test_converts_float_via_string" time="0.000" /><testcase classname="tests.analytics.compute.test_graphs_conversions.TestNormalizeDecimalId" name="test_decodes_bytes[0-0]" time="0.001" /><testcase classname="tests.analytics.compute.test_graphs_conversions.TestNormalizeDecimalId" name="test_returns_none_for_unconvertible" time="0.001" /><testcase classname="tests.analytics.compute.test_graphs_conversions.TestNormalizeNodeId" name="test_converts_decimal_to_int[input_val0-123]" time="0.002" /><testcase classname="tests.analytics.compute.test_graphs_conversions.TestNormalizeNodeId" name="test_converts_numeric_types[123-123]" time="0.001" /><testcase classname="tests.analytics.compute.test_graphs_conversions.TestNormalizeNodeId" name="test_converts_decimal_to_int[input_val1-999999999999]" time="0.001" /><testcase classname="tests.analytics.compute.test_graphs_conversions.TestNormalizeNodeId" name="test_returns_none_for_none" time="0.001" /><testcase classname="tests.analytics.compute.test_graphs_conversions.TestNormalizeNodeId" name="test_converts_numeric_types[456.0-456]" time="0.001" /><testcase classname="tests.analytics.compute.test_graphs_conversions.TestNormalizeNodeId" name="test_converts_digit_strings[123-123]" time="0.001" /><testcase classname="tests.analytics.compute.test_graphs_conversions.TestNormalizeNodeId" name="test_converts_numeric_types[0.0-0]" time="0.001" /><testcase classname="tests.analytics.compute.test_graphs_conversions.TestNormalizeNodeId" name="test_preserves_non_digit_strings[func_name-func_name]" time="0.001" /><testcase classname="tests.analytics.compute.test_graphs_conversions.TestNormalizeNodeId" name="test_converts_digit_strings[456-456]" time="0.001" /><testcase classname="tests.analytics.compute.test_graphs_conversions.TestNormalizeNodeId" name="test_converts_digit_strings[0-0]" time="0.001" /><testcase classname="tests.analytics.compute.test_graphs_conversions.TestNormalizeNodeId" name="test_preserves_non_digit_strings[module.function-module.function]" time="0.001" /><testcase classname="tests.analytics.compute.test_graphs_conversions.TestNormalizeNodeId" name="test_raises_on_float_infinity" time="0.001" /><testcase classname="tests.analytics.compute.test_graphs_conversions.TestSafeFloat" name="test_returns_none_for_none" time="0.000" /><testcase classname="tests.analytics.compute.test_graphs_conversions.TestSafeFloat" name="test_passes_through_floats[0.0-0.0]" time="0.001" /><testcase classname="tests.analytics.compute.test_graphs_conversions.TestNormalizeNodeId" name="test_preserves_non_digit_strings[123abc-123abc]" time="0.001" /><testcase classname="tests.analytics.compute.test_graphs_conversions.TestSafeFloat" name="test_passes_through_floats[1.5-1.5]" time="0.001" /><testcase classname="tests.analytics.compute.test_graphs_conversions.TestSafeFloat" name="test_converts_decimal[input_val0-1.5]" time="0.001" /><testcase classname="tests.analytics.compute.test_graphs_conversions.TestSafeFloat" name="test_converts_decimal[input_val1-0.0]" time="0.001" /><testcase classname="tests.analytics.compute.test_graphs_conversions.TestSafeFloat" name="test_converts_string[1.5-1.5]" time="0.001" /><testcase classname="tests.analytics.compute.test_graphs_conversions.TestSafeFloat" name="test_converts_string[-3.14--3.14]" time="0.001" /><testcase classname="tests.analytics.compute.test_graphs_conversions.TestSafeFloat" name="test_returns_none_for_invalid" time="0.001" /><testcase classname="tests.analytics.compute.test_graphs_conversions.TestSafeFloat" name="test_converts_decimal[input_val2--3.14]" time="0.001" /><testcase classname="tests.analytics.compute.test_graphs_conversions.TestSafeFloat" name="test_converts_string[0.0-0.0]" time="0.001" /><testcase classname="tests.analytics.compute.test_graphs_conversions.TestSafeFloat" name="test_passes_through_floats[-3.14--3.14]" time="0.002" /><testcase classname="tests.analytics.compute.test_graphs_conversions.TestLogEmptyGraph" name="test_logs_for_empty_graph" time="0.002" /><testcase classname="tests.analytics.compute.test_graphs_conversions.TestLogEmptyGraph" name="test_no_log_for_nonempty_graph" time="0.002" /><testcase classname="tests.analytics.compute.test_graphs_conversions.TestLogEmptyGraph" name="test_works_with_digraph" time="0.002" /><testcase classname="tests.analytics.compute.test_graphs_conversions.TestLogProjectionSkipped" name="test_logs_info" time="0.002" /><testcase classname="tests.analytics.compute.test_graphs_conversions.TestIntegrationScenarios" name="test_roundtrip_decimal_normalization" time="0.001" /><testcase classname="tests.analytics.compute.test_graphs_conversions.TestIntegrationScenarios" name="test_graph_node_id_normalization" time="0.001" /><testcase classname="tests.analytics.compute.test_graphs_conversions.TestLogProjectionSkipped" name="test_logs_with_different_reasons" time="0.002" /><testcase classname="tests.analytics.compute.test_graphs_statistics" name="test_stats_empty_graph" time="0.001" /><testcase classname="tests.analytics.compute.test_graphs_statistics" name="test_statistics_is_frozen" time="0.001" /><testcase classname="tests.analytics.compute.test_graphs_conversions.TestIntegrationScenarios" name="test_safe_float_for_metrics" time="0.001" /><testcase classname="tests.analytics.compute.test_graphs_statistics" name="test_stats_simple_dag_is_dag" time="0.003" /><testcase classname="tests.analytics.compute.test_graphs_statistics" name="test_statistics_create_all_fields" time="0.001" /><testcase classname="tests.analytics.compute.test_graphs_statistics" name="test_stats_single_node" time="0.002" /><testcase classname="tests.analytics.compute.test_graphs_statistics" name="test_stats_density_calculation" time="0.002" /><testcase classname="tests.analytics.compute.test_graphs_statistics" name="test_stats_node_and_edge_counts" time="0.002" /><testcase classname="tests.analytics.compute.test_graphs_statistics" name="test_stats_multiple_components" time="0.002" /><testcase classname="tests.analytics.compute.test_graphs_statistics" name="test_stats_cycle_is_not_dag" time="0.002" /><testcase classname="tests.analytics.compute.test_graphs_statistics" name="test_stats_realistic_call_graph" time="0.002" /><testcase classname="tests.analytics.compute.test_graphs_statistics" name="test_in_degrees_empty_graph" time="0.001" /><testcase classname="tests.analytics.compute.test_graphs_statistics" name="test_stats_strongly_connected_graph" time="0.004" /><testcase classname="tests.analytics.compute.test_graphs_statistics" name="test_in_degrees_simple_chain" time="0.001" /><testcase classname="tests.analytics.compute.test_graphs_statistics" name="test_stats_average_degrees" time="0.003" /><testcase classname="tests.analytics.compute.test_graphs_statistics" name="test_out_degrees_empty_graph" time="0.000" /><testcase classname="tests.analytics.compute.test_graphs_statistics" name="test_out_degrees_simple_chain" time="0.001" /><testcase classname="tests.analytics.compute.test_graphs_statistics" name="test_out_degrees_star_graph" time="0.001" /><testcase classname="tests.analytics.compute.test_graphs_statistics" name="test_degrees_empty_graph" time="0.001" /><testcase classname="tests.analytics.compute.test_graphs_statistics" name="test_in_degrees_star_graph" time="0.001" /><testcase classname="tests.analytics.compute.test_graphs_statistics" name="test_in_degree_values_only" time="0.000" /><testcase classname="tests.analytics.compute.test_graphs_statistics" name="test_in_degree_values_empty_graph" time="0.001" /><testcase classname="tests.analytics.compute.test_graphs_statistics" name="test_degrees_triangle" time="0.001" /><testcase classname="tests.analytics.compute.test_graphs_statistics" name="test_degree_values_empty_graph" time="0.000" /><testcase classname="tests.analytics.compute.test_graphs_statistics" name="test_out_degree_values_only" time="0.001" /><testcase classname="tests.analytics.compute.test_graphs_statistics" name="test_degrees_simple_path" time="0.001" /><testcase classname="tests.analytics.compute.test_graphs_statistics" name="test_degree_values_only" time="0.001" /><testcase classname="tests.analytics.compute.test_graphs_statistics" name="test_out_degree_values_empty_graph" time="0.001" /><testcase classname="tests.analytics.compute.test_graphs_centrality" name="test_centrality_undirected_logs_structural_warning" time="0.006" /><testcase classname="tests.analytics.compute.test_graphs_statistics" name="test_various_graph_sizes" time="0.001" /><testcase classname="tests.analytics.compute.test_graphs_statistics" name="test_statistics_consistency" time="0.001" /><testcase classname="tests.analytics.compute.test_graphs_statistics" name="test_degree_functions_match_statistics" time="0.001" /><testcase classname="tests.analytics.compute.test_graphs_wrappers" name="test_centrality_wrappers_and_neighbor_stats" time="0.062" /><testcase classname="tests.analytics.compute.test_graphs_wrappers" name="test_structural_metrics_and_paths" time="0.058" /><testcase classname="tests.analytics.compute.test_graphs_wrappers" name="test_cfg_helpers_and_metrics" time="0.065" /><testcase classname="tests.analytics.compute.test_graphs_wrappers" name="test_component_metadata_and_global_stats" time="0.004" /><testcase classname="tests.analytics.compute.test_graphs_centrality" name="test_metrics_identify_different_importance" time="0.002" /><testcase classname="tests.analytics.compute.test_graphs_wrappers" name="test_dfg_helpers_and_metrics" time="0.059" /><testcase classname="tests.analytics.compute.test_graphs_wrappers" name="test_projection_metrics_and_degrees" time="0.003" /><testcase classname="tests.analytics.compute.test_graphs_centrality" name="test_centrality_undirected_logs_eigen_warning" time="0.006" /><testcase classname="tests.analytics.compute.test_profiles" name="test_aggregates_custom_values" time="0.001" /><testcase classname="tests.analytics.compute.test_profiles" name="test_metric_create" time="0.000" /><testcase classname="tests.analytics.compute.test_graphs_conversions.TestToDecimalId" name="test_converts_integers[0-expected3]" time="0.001" /><testcase classname="tests.analytics.compute.test_profiles" name="test_aggregates_default_values" time="0.001" /><testcase classname="tests.analytics.compute.test_graphs_conversions.TestNormalizeDecimalId" name="test_converts_decimal_to_int[input_val1-0]" time="0.001" /><testcase classname="tests.analytics.compute.test_graphs_centrality" name="test_centrality_directed_logs_eigen_warning" time="0.004" /><testcase classname="tests.analytics.compute.test_graphs_conversions.TestToDecimalId" name="test_converts_string_integers[456-expected1]" time="0.001" /><testcase classname="tests.analytics.compute.test_graphs_conversions.TestToDecimalId" name="test_handles_large_integers" time="0.001" /><testcase classname="tests.analytics.compute.test_profiles" name="test_aggregate_empty_metrics" time="0.000" /><testcase classname="tests.analytics.compute.test_graphs_conversions.TestNormalizeDecimalId" name="test_passes_through_integers[-1--1]" time="0.001" /><testcase classname="tests.analytics.compute.test_graphs_conversions.TestNormalizeDecimalId" name="test_passes_through_integers[123-123]" time="0.001" /><testcase classname="tests.analytics.compute.test_profiles" name="test_stats_all_typed" time="0.001" /><testcase classname="tests.analytics.compute.test_profiles" name="test_aggregate_single_function" time="0.001" /><testcase classname="tests.analytics.compute.test_profiles" name="test_aggregate_multiple_functions" time="0.001" /><testcase classname="tests.analytics.compute.test_graphs_conversions.TestNormalizeDecimalId" name="test_converts_decimal_to_int[input_val2--456]" time="0.001" /><testcase classname="tests.analytics.compute.test_profiles" name="test_stats_mixed_typedness" time="0.000" /><testcase classname="tests.analytics.compute.test_profiles" name="test_aggregate_average_typedness" time="0.000" /><testcase classname="tests.analytics.compute.test_profiles" name="test_features_create" time="0.001" /><testcase classname="tests.analytics.compute.test_profiles" name="test_stats_all_present" time="0.001" /><testcase classname="tests.analytics.compute.test_graphs_conversions.TestToDecimalId" name="test_converts_integers[-1-expected4]" time="0.001" /><testcase classname="tests.analytics.compute.test_profiles" name="test_extract_medium_moderate_partial" time="0.001" /><testcase classname="tests.analytics.compute.test_profiles" name="test_features_is_frozen" time="0.001" /><testcase classname="tests.analytics.compute.test_profiles" name="test_complexity_normalization" time="0.001" /><testcase classname="tests.analytics.compute.test_profiles" name="test_stats_avg_loc" time="0.001" /><testcase classname="tests.analytics.compute.test_profiles" name="test_aggregate_then_extract" time="0.001" /><testcase classname="tests.analytics.compute.test_profiles" name="test_size_boundary_small_medium" time="0.001" /><testcase classname="tests.analytics.compute.test_graphs_conversions.TestNormalizeDecimalId" name="test_returns_none_for_non_numeric_bytes" time="0.001" /><testcase classname="tests.analytics.compute.test_graphs_conversions.TestNormalizeDecimalId" name="test_decodes_bytes[456-456]" time="0.001" /><testcase classname="tests.analytics.compute.test_row_builders.TestMergeComponentMetadata" name="test_overlays_cached_values" time="0.000" /><testcase classname="tests.analytics.compute.test_profiles" name="test_threshold_constants" time="0.000" /><testcase classname="tests.analytics.compute.test_row_builders.TestBuildFunctionGraphMetricRows" name="test_builds_empty_list_for_no_nodes" time="0.001" /><testcase classname="tests.analytics.compute.test_row_builders.TestMergeComponentMetadata" name="test_returns_computed_when_no_cache" time="0.000" /><testcase classname="tests.analytics.compute.test_profiles" name="test_quality_score_bounds" time="0.000" /><testcase classname="tests.analytics.compute.test_semantic_roles" name="test_accumulator_finalize_above_threshold" time="0.000" /><testcase classname="tests.analytics.compute.test_profiles" name="test_extract_large_complex_untyped" time="0.001" /><testcase classname="tests.analytics.compute.test_profiles" name="test_realistic_codebase_features" time="0.001" /><testcase classname="tests.analytics.compute.test_semantic_roles" name="test_context_module_lower" time="0.000" /><testcase classname="tests.analytics.compute.test_row_builders.TestBuildSymbolRows" name="test_builds_module_rows" time="0.001" /><testcase classname="tests.analytics.compute.test_profiles" name="test_complexity_boundary" time="0.001" /><testcase classname="tests.analytics.compute.test_profiles" name="test_typedness_boundary" time="0.000" /><testcase classname="tests.analytics.compute.test_semantic_roles" name="test_context_name_simple" time="0.001" /><testcase classname="tests.analytics.compute.test_profiles" name="test_extract_small_simple_typed" time="0.000" /><testcase classname="tests.analytics.compute.test_row_builders.TestBuildFunctionGraphMetricRows" name="test_builds_rows_for_nodes" time="0.001" /><testcase classname="tests.analytics.compute.test_semantic_roles" name="test_accumulator_finalize_caps_confidence" time="0.001" /><testcase classname="tests.analytics.compute.test_semantic_roles" name="test_context_tag_strings" time="0.001" /><testcase classname="tests.analytics.compute.test_profiles" name="test_quality_score_weights" time="0.001" /><testcase classname="tests.analytics.compute.test_profiles" name="test_size_boundary_medium_large" time="0.001" /><testcase classname="tests.analytics.compute.test_semantic_roles" name="test_accumulator_finalize_picks_highest" time="0.001" /><testcase classname="tests.analytics.compute.test_semantic_roles" name="test_accumulator_finalize_empty" time="0.001" /><testcase classname="tests.analytics.compute.test_semantic_roles" name="test_context_rel_path_lower" time="0.001" /><testcase classname="tests.analytics.compute.test_semantic_roles" name="test_classify_cli_typer" time="0.000" /><testcase classname="tests.analytics.compute.test_row_builders.TestRowBuildersImport" name="test_import_from_row_builders_package" time="0.001" /><testcase classname="tests.analytics.compute.test_semantic_roles" name="test_classify_pytest_fixture" time="0.001" /><testcase classname="tests.analytics.compute.test_semantic_roles" name="test_classify_flask_route" time="0.001" /><testcase classname="tests.analytics.compute.test_semantic_roles" name="test_classify_repository" time="0.001" /><testcase classname="tests.analytics.compute.test_semantic_roles" name="test_accumulator_bump_accumulates" time="0.001" /><testcase classname="tests.analytics.compute.test_row_builders.TestBuildSubsystemGraphRows" name="test_builds_rows_for_subsystems" time="0.001" /><testcase classname="tests.analytics.compute.test_semantic_roles" name="test_accumulator_finalize_below_threshold" time="0.001" /><testcase classname="tests.analytics.compute.test_semantic_roles" name="test_classify_test_prefix" time="0.001" /><testcase classname="tests.analytics.compute.test_semantic_roles" name="test_accumulator_bump_with_framework" time="0.001" /><testcase classname="tests.analytics.compute.test_semantic_roles" name="test_accumulator_framework_first_wins" time="0.001" /><testcase classname="tests.analytics.compute.test_semantic_roles" name="test_classify_validator" time="0.001" /><testcase classname="tests.analytics.compute.test_semantic_roles" name="test_classify_validator_by_name[ensure]" time="0.001" /><testcase classname="tests.analytics.compute.test_semantic_roles" name="test_classify_validator_by_name[assert]" time="0.001" /><testcase classname="tests.analytics.compute.test_semantic_roles" name="test_classify_test_function" time="0.001" /><testcase classname="tests.analytics.compute.test_semantic_roles" name="test_accumulator_bump_single" time="0.001" /><testcase classname="tests.analytics.compute.test_semantic_roles" name="test_context_module_lower_none" time="0.001" /><testcase classname="tests.analytics.compute.test_semantic_roles" name="test_classify_validator_by_name[validate]" time="0.001" /><testcase classname="tests.analytics.compute.test_semantic_roles" name="test_classify_cli_click" time="0.001" /><testcase classname="tests.analytics.compute.test_semantic_roles" name="test_classify_cli_path" time="0.001" /><testcase classname="tests.analytics.compute.test_semantic_roles" name="test_classify_config_loader" time="0.001" /><testcase classname="tests.analytics.compute.test_semantic_roles" name="test_classify_service" time="0.001" /><testcase classname="tests.analytics.compute.test_semantic_roles" name="test_classify_module_tags" time="0.001" /><testcase classname="tests.analytics.compute.test_semantic_roles" name="test_context_name_property" time="0.001" /><testcase classname="tests.analytics.compute.test_semantic_roles" name="test_classify_api_handler" time="0.001" /><testcase classname="tests.analytics.compute.test_semantic_roles" name="test_classify_helper" time="0.001" /><testcase classname="tests.analytics.compute.test_semantic_roles" name="test_classify_validator_by_name[check]" time="0.001" /><testcase classname="tests.analytics.compute.test_semantic_roles" name="test_classify_other" time="0.001" /><testcase classname="tests.analytics.compute.test_semantic_roles" name="test_modules_classify_empty" time="0.001" /><testcase classname="tests.analytics.compute.test_semantic_roles" name="test_classify_returns_signals" time="0.001" /><testcase classname="tests.analytics.compute.test_semantic_roles" name="test_modules_classify_ignores_other" time="0.000" /><testcase classname="tests.analytics.compute.test_semantic_roles" name="test_modules_classify_from_functions" time="0.000" /><testcase classname="tests.analytics.compute.test_semantic_roles" name="test_modules_classify_below_threshold" time="0.000" /><testcase classname="tests.analytics.compute.test_semantic_roles" name="test_decorator_names_empty" time="0.000" /><testcase classname="tests.analytics.compute.test_semantic_roles" name="test_modules_classify_from_tags" time="0.001" /><testcase classname="tests.analytics.compute.test_semantic_roles" name="test_modules_classify_multiple" time="0.001" /><testcase classname="tests.analytics.compute.test_semantic_roles" name="test_decorator_names_simple" time="0.001" /><testcase classname="tests.analytics.compute.test_semantic_roles" name="test_decorator_names_attribute" time="0.001" /><testcase classname="tests.analytics.compute.test_semantic_roles" name="test_constants_role_threshold_positive" time="0.001" /><testcase classname="tests.analytics.compute.test_semantic_roles" name="test_decorator_names_call" time="0.000" /><testcase classname="tests.analytics.compute.test_semantic_roles" name="test_constants_helper_loc_threshold_positive" time="0.000" /><testcase classname="tests.analytics.functions.test_function_contracts" name="test_condition_context_creation" time="0.001" /><testcase classname="tests.analytics.compute.test_semantic_roles" name="test_constants_service_fan_thresholds_positive" time="0.000" /><testcase classname="tests.analytics.compute.test_semantic_roles" name="test_decorator_names_multiple" time="0.000" /><testcase classname="tests.analytics.functions.test_function_contracts" name="test_condition_context_immutable" time="0.001" /><testcase classname="tests.analytics.functions.test_function_contracts" name="test_condition_context_with_none_line" time="0.001" /><testcase classname="tests.analytics.compute.test_profiles" name="test_aggregate_complexity_buckets" time="0.001" /><testcase classname="tests.analytics.functions.test_function_effects" name="test_effect_analysis_global_modification" time="0.001" /><testcase classname="tests.analytics.compute.test_profiles" name="test_aggregate_typedness_counts" time="0.001" /><testcase classname="tests.analytics.functions.test_function_effects" name="test_effect_analysis_immutable" time="0.001" /><testcase classname="tests.analytics.functions.test_function_effects" name="test_effect_analysis_thread_spawn" time="0.001" /><testcase classname="tests.analytics.compute.test_profiles" name="test_stats_empty_aggregates" time="0.001" /><testcase classname="tests.analytics.functions.test_function_effects" name="test_effect_analysis_evidence_structure" time="0.000" /><testcase classname="tests.analytics.compute.test_profiles" name="test_aggregate_realistic_codebase" time="0.001" /><testcase classname="tests.analytics.functions.test_function_effects" name="test_function_effects_inputs_defaults" time="0.006" /><testcase classname="tests.analytics.functions.test_function_effects" name="test_function_effects_inputs_with_ast_map" time="0.001" /><testcase classname="tests.analytics.functions.test_function_effects" name="test_function_effects_inputs_immutable" time="0.002" /><testcase classname="tests.analytics.functions.test_function_effects" name="test_effect_analysis_multiple_effects" time="0.003" /><testcase classname="tests.analytics.functions.test_function_effects" name="test_effect_analysis_direct_effectful_any_true" time="0.000" /><testcase classname="tests.analytics.functions.test_function_effects" name="test_effect_analysis_io_no_db" time="0.001" /><testcase classname="tests.analytics.functions.test_function_effects" name="test_effect_analysis_no_io_no_db" time="0.000" /><testcase classname="tests.analytics.functions.test_function_effects" name="test_effect_analysis_direct_effectful_all_false" time="0.001" /><testcase classname="tests.analytics.functions.test_function_effects_runtime" name="test_compute_function_effects_with_transitive_and_missing" time="5.415" /><testcase classname="tests.analytics.functions.test_function_effects" name="test_effect_analysis_io_and_db" time="0.000" /><testcase classname="tests.analytics.functions.test_function_effects" name="test_effect_analysis_no_io_db" time="0.000" /><testcase classname="tests.analytics.profiles.test_utils.TestOptionalStr" name="test_returns_string_for_int_input" time="0.003" /><testcase classname="tests.analytics.profiles.test_utils.TestOptionalStr" name="test_returns_string_for_float_input" time="0.001" /><testcase classname="tests.analytics.profiles.test_utils.TestOptionalStr" name="test_returns_none_for_none_input" time="0.001" /><testcase classname="tests.analytics.profiles.test_utils.TestOptionalStr" name="test_returns_string_for_bool_false_input" time="0.001" /><testcase classname="tests.analytics.profiles.test_utils.TestOptionalInt" name="test_returns_int_for_int_input" time="0.004" /><testcase classname="tests.analytics.profiles.test_utils.TestOptionalStr" name="test_returns_string_for_bool_true_input" time="0.004" /><testcase classname="tests.analytics.profiles.test_utils.TestOptionalInt" name="test_returns_int_for_float_input" time="0.002" /><testcase classname="tests.analytics.profiles.test_utils.TestOptionalInt" name="test_returns_int_for_string_number" time="0.001" /><testcase classname="tests.analytics.profiles.test_utils.TestOptionalInt" name="test_returns_none_for_empty_string" time="0.001" /><testcase classname="tests.analytics.profiles.test_utils.TestOptionalInt" name="test_returns_none_for_whitespace_only_string" time="0.001" /><testcase classname="tests.analytics.profiles.test_utils.TestOptionalInt" name="test_returns_int_for_string_with_whitespace" time="0.002" /><testcase classname="tests.analytics.profiles.test_utils.TestOptionalInt" name="test_returns_none_for_invalid_string" time="0.001" /><testcase classname="tests.analytics.profiles.test_utils.TestOptionalInt" name="test_returns_int_for_bool_false" time="0.001" /><testcase classname="tests.analytics.profiles.test_utils.TestOptionalInt" name="test_returns_int_for_bool_true" time="0.000" /><testcase classname="tests.analytics.profiles.test_utils.TestOptionalInt" name="test_returns_none_for_none_input" time="0.002" /><testcase classname="tests.analytics.profiles.test_utils.TestIntOrDefault" name="test_returns_custom_default_for_none" time="0.000" /><testcase classname="tests.analytics.profiles.test_utils.TestIntOrDefault" name="test_returns_default_for_none" time="0.001" /><testcase classname="tests.analytics.profiles.test_utils.TestIntOrDefault" name="test_returns_int_for_int_input" time="0.001" /><testcase classname="tests.analytics.profiles.test_utils.TestIntOrDefault" name="test_returns_int_for_valid_string" time="0.001" /><testcase classname="tests.analytics.profiles.test_utils.TestIntOrDefault" name="test_returns_default_for_invalid_string" time="0.003" /><testcase classname="tests.analytics.profiles.test_utils.TestOptionalFloat" name="test_returns_float_for_float_input" time="0.001" /><testcase classname="tests.analytics.profiles.test_utils.TestOptionalFloat" name="test_returns_float_for_string_number" time="0.001" /><testcase classname="tests.analytics.profiles.test_utils.TestOptionalFloat" name="test_returns_float_for_int_input" time="0.001" /><testcase classname="tests.analytics.profiles.test_utils.TestOptionalFloat" name="test_returns_float_for_string_with_whitespace" time="0.001" /><testcase classname="tests.analytics.profiles.test_utils.TestOptionalFloat" name="test_returns_none_for_empty_string" time="0.001" /><testcase classname="tests.analytics.profiles.test_utils.TestOptionalFloat" name="test_returns_none_for_invalid_string" time="0.000" /><testcase classname="tests.analytics.profiles.test_utils.TestOptionalFloat" name="test_returns_none_for_whitespace_only_string" time="0.000" /><testcase classname="tests.analytics.profiles.test_utils.TestOptionalFloat" name="test_returns_none_for_none_input" time="0.000" /><testcase classname="tests.analytics.profiles.test_utils.TestOptionalFloat" name="test_returns_float_for_bool_false" time="0.000" /><testcase classname="tests.analytics.profiles.test_utils.TestOptionalFloat" name="test_returns_float_for_bool_true" time="0.001" /><testcase classname="tests.analytics.profiles.test_utils.TestOptionalBool" name="test_returns_bool_for_bool_true" time="0.000" /><testcase classname="tests.analytics.profiles.test_utils.TestOptionalBool" name="test_returns_bool_for_bool_false" time="0.002" /><testcase classname="tests.analytics.profiles.test_utils.TestOptionalBool" name="test_returns_bool_for_int_nonzero" time="0.003" /><testcase classname="tests.analytics.profiles.test_utils.TestOptionalBool" name="test_returns_bool_for_int_zero" time="0.004" /><testcase classname="tests.analytics.profiles.test_utils.TestOptionalBool" name="test_returns_bool_for_float_nonzero" time="0.004" /><testcase classname="tests.analytics.profiles.test_utils.TestOptionalBool" name="test_returns_bool_for_float_zero" time="0.000" /><testcase classname="tests.analytics.profiles.test_utils.TestOptionalBool" name="test_returns_true_for_truthy_strings[true]" time="0.001" /><testcase classname="tests.analytics.profiles.test_utils.TestOptionalBool" name="test_returns_true_for_truthy_strings[TRUE]" time="0.002" /><testcase classname="tests.analytics.profiles.test_utils.TestOptionalBool" name="test_returns_true_for_truthy_strings[True]" time="0.002" /><testcase classname="tests.analytics.profiles.test_utils.TestOptionalBool" name="test_returns_true_for_truthy_strings[1]" time="0.001" /><testcase classname="tests.analytics.profiles.test_utils.TestOptionalBool" name="test_returns_true_for_truthy_strings[YES]" time="0.001" /><testcase classname="tests.analytics.profiles.test_utils.TestOptionalBool" name="test_returns_true_for_truthy_strings[yes]" time="0.001" /><testcase classname="tests.analytics.profiles.test_utils.TestOptionalBool" name="test_returns_false_for_falsy_strings[false]" time="0.001" /><testcase classname="tests.analytics.profiles.test_utils.TestOptionalBool" name="test_returns_false_for_falsy_strings[FALSE]" time="0.001" /><testcase classname="tests.analytics.profiles.test_utils.TestOptionalBool" name="test_returns_false_for_falsy_strings[False]" time="0.002" /><testcase classname="tests.analytics.profiles.test_utils.TestOptionalBool" name="test_returns_false_for_falsy_strings[0]" time="0.002" /><testcase classname="tests.analytics.profiles.test_utils.TestOptionalBool" name="test_returns_false_for_falsy_strings[no]" time="0.001" /><testcase classname="tests.analytics.profiles.test_utils.TestOptionalBool" name="test_returns_true_for_string_with_whitespace" time="0.002" /><testcase classname="tests.analytics.profiles.test_utils.TestOptionalBool" name="test_returns_false_for_falsy_strings[NO]" time="0.001" /><testcase classname="tests.analytics.profiles.test_utils.TestOptionalBool" name="test_returns_none_for_empty_string" time="0.001" /><testcase classname="tests.analytics.profiles.test_utils.TestOptionalBool" name="test_returns_none_for_none_input" time="0.001" /><testcase classname="tests.analytics.profiles.test_utils.TestOptionalBool" name="test_returns_none_for_invalid_string" time="0.001" /><testcase classname="tests.analytics.profiles.test_utils.TestModuleTableConstants" name="test_catalog_module_table_value" time="0.001" /><testcase classname="tests.analytics.profiles.test_utils.TestModuleTableConstants" name="test_default_module_table_value" time="0.001" /><testcase classname="tests.analytics.resources.test_provider_factory" name="test_provider_factory_options_defaults" time="0.001" /><testcase classname="tests.analytics.resources.test_provider_factory" name="test_provider_factory_options_custom" time="0.002" /><testcase classname="tests.analytics.functions.test_function_contracts" name="test_compute_function_contracts_with_isinstance_check" time="4.506" /><testcase classname="tests.analytics.functions.test_function_contracts" name="test_compute_function_contracts_keyword_only_params" time="4.505" /><testcase classname="tests.analytics.functions.test_function_effects" name="test_effect_analysis_db_effect" time="0.001" /><testcase classname="tests.analytics.functions.test_function_contracts" name="test_compute_function_contracts_async_function" time="4.597" /><testcase classname="tests.analytics.functions.test_function_contracts" name="test_compute_function_contracts_typed_function" time="4.600" /><testcase classname="tests.analytics.functions.test_function_contracts" name="test_compute_function_contracts_bool_predicate_name" time="4.647" /><testcase classname="tests.analytics.functions.test_function_contracts" name="test_compute_function_contracts_method_with_self" time="4.663" /><testcase classname="tests.analytics.functions.test_function_contracts" name="test_compute_function_contracts_chained_exceptions" time="4.691" /><testcase classname="tests.analytics.functions.test_function_contracts" name="test_compute_function_contracts_complex_guards" time="4.690" /><testcase classname="tests.analytics.functions.test_function_contracts" name="test_compute_function_contracts_empty_catalog" time="4.708" /><testcase classname="tests.analytics.functions.test_function_contracts" name="test_compute_function_contracts_with_assert_guard" time="4.715" /><testcase classname="tests.analytics.functions.test_function_effects" name="test_effect_analysis_pure_function" time="0.001" /><testcase classname="tests.analytics.functions.test_function_contracts" name="test_compute_function_contracts_numeric_guards" time="4.723" /><testcase classname="tests.analytics.functions.test_function_contracts" name="test_compute_function_contracts_table_exists" time="4.774" /><testcase classname="tests.analytics.functions.test_function_effects" name="test_effect_analysis_io_effect" time="0.001" /><testcase classname="tests.analytics.functions.test_function_contracts" name="test_compute_function_contracts_varargs" time="4.753" /><testcase classname="tests.analytics.functions.test_function_effects" name="test_effect_analysis_time_effect" time="0.001" /><testcase classname="tests.analytics.functions.test_function_effects" name="test_effect_analysis_creation" time="0.001" /><testcase classname="tests.analytics.resources.test_provider_factory" name="test_create_registry_default" time="4.639" /><testcase classname="tests.analytics.functions.test_function_contracts" name="test_compute_function_contracts_with_simple_function" time="4.895" /><testcase classname="tests.analytics.functions.test_function_contracts" name="test_compute_function_contracts_with_raise" time="4.961" /><testcase classname="tests._helpers.test_symbol_use_edges" name="test_insert_symbol_use_edges_respects_explicit_goids" time="5.066" /><testcase classname="tests.analytics.compute.test_evide
[...]
="tests.storage.test_gateway_factory" name="test_open_gateway_read_only_mode" time="3.657" /><testcase classname="tests.storage.test_db_helpers" name="test_count_rows_for_tables_returns_dict" time="4.516" /><testcase classname="tests.storage.test_db_helpers" name="test_count_rows_for_tables_returns_none_on_missing_table" time="4.392" /><testcase classname="tests.storage.test_gateway_factory" name="test_snapshot_resolver_reuses_primary_gateway" time="3.618" /><testcase classname="tests.storage.test_gateway_factory" name="test_snapshot_resolver_opens_existing_snapshot" time="3.783" /><testcase classname="tests.storage.test_gateway_factory" name="test_multiple_memory_gateways_are_independent" time="1.905" /><testcase classname="tests.storage.test_graphs_repository" name="test_get_incoming_callgraph_neighbors_with_data" time="4.000" /><testcase classname="tests.storage.test_db_helpers" name="test_safe_count_rows_accepts_iterable_tables" time="4.289" /><testcase classname="tests.storage.test_docs_views" name="test_docs_view_readable_via_dataset_rows" time="9.481" /><testcase classname="tests.storage.test_graphs_repository" name="test_get_incoming_callgraph_neighbors_returns_empty_list" time="4.427" /><testcase classname="tests.storage.test_gateway_helpers" name="test_insert_helpers_write_expected_rows" time="5.141" /><testcase classname="tests.storage.test_db_helpers" name="test_safe_count_rows_returns_none_on_table_error" time="4.159" /><testcase classname="tests.storage.test_graphs_repository" name="test_graph_repository_inherits_base_repository" time="3.982" /><testcase classname="tests.storage.test_gateway_accessors" name="test_core_tables_relations_are_queryable" time="4.193" /><testcase classname="tests.storage.test_gateway_accessors" name="test_docs_views_relations_are_queryable" time="4.051" /><testcase classname="tests.storage.test_gateway_accessors" name="test_analytics_tables_relations_are_queryable" time="3.949" /><testcase classname="tests.storage.test_metadata_ddl_contracts" name="test_apply_metadata_ddl_is_idempotent" time="0.059" /><testcase classname="tests.storage.test_module_index" name="test_load_module_map_uses_custom_logger" time="3.946" /><testcase classname="tests.storage.test_module_index" name="test_load_module_map_handles_multiple_modules_same_path" time="4.106" /><testcase classname="tests.storage.test_query_results" name="test_coerce_int_accepts_int_like_values" time="0.001" /><testcase classname="tests.storage.test_query_results" name="test_coerce_float_accepts_numeric_values" time="0.001" /><testcase classname="tests.storage.test_query_results" name="test_coerce_optional_float_treats_nan_as_missing" time="0.001" /><testcase classname="tests.storage.test_run_tracking" name="test_pipeline_step_record_stores_fields" time="0.001" /><testcase classname="tests.storage.test_run_tracking" name="test_step_completion_params_to_record" time="0.001" /><testcase classname="tests.storage.test_docs_view_profiling" name="test_explain_table_analyze_returns_plan_text" time="7.504" /><testcase classname="tests.storage.test_graphs_repository" name="test_get_outgoing_callgraph_neighbors_filters_by_repo_commit" time="3.900" /><testcase classname="tests.storage.test_graphs_repository" name="test_get_outgoing_callgraph_neighbors_returns_empty_list" time="4.045" /><testcase classname="tests.storage.test_docs_view_profiling" name="test_explain_table_returns_plan_text" time="8.064" /><testcase classname="tests.storage.test_ibis_write" name="test_write_dataframe_with_columns" time="6.781" /><testcase classname="tests.storage.test_docs_views" name="test_subsystems_has_repo_commit_index" time="7.763" /><testcase classname="tests.storage.test_graphs_repository" name="test_get_outgoing_callgraph_neighbors_with_data" time="4.020" /><testcase classname="tests.storage.test_docs_views" name="test_docs_views_registered_in_metadata" time="8.155" /><testcase classname="tests.storage.test_graphs_repository" name="test_graph_repository_is_frozen" time="3.849" /><testcase classname="tests.storage.test_docs_views" name="test_subsystem_coverage_columns" time="7.996" /><testcase classname="tests.storage.test_docs_views" name="test_subsystem_coverage_view_prefers_cache" time="8.067" /><testcase classname="tests.storage.test_docs_views" name="test_subsystem_profile_view_prefers_cache" time="8.185" /><testcase classname="tests.storage.test_docs_view_profiling" name="test_profile_views_analyze_mode_creates_artifacts" time="14.474" /><testcase classname="tests.storage.test_module_index" name="test_load_module_map_returns_empty_on_no_match" time="3.841" /><testcase classname="tests.storage.test_docs_views" name="test_subsystem_profile_columns" time="8.254" /><testcase classname="tests.storage.test_run_registry.TestDataclasses" name="test_pipeline_step_record_frozen" time="0.001" /><testcase classname="tests.storage.test_run_registry_integration.TestGatewayRunsApi" name="test_complete_run_with_gateway" time="4.005" /><testcase classname="tests.storage.test_module_index" name="test_load_module_map_normalizes_path_with_leading_slash" time="3.914" /><testcase classname="tests.storage.test_run_registry.TestCompleteRun" name="test_complete_run_updates_status" time="4.134" /><testcase classname="tests.storage.test_query_results" name="test_coerce_int_rejects_non_integral_float" time="0.001" /><testcase classname="tests.storage.test_ibis_write" name="test_upsert_updates_on_conflict" time="6.762" /><testcase classname="tests.storage.test_run_registry_integration.TestNewRunContextIntegration" name="test_new_run_context_for_graphs" time="4.176" /><testcase classname="tests.storage.test_run_registry_integration.TestFullRunLifecycle" name="test_failed_run_lifecycle" time="4.076" /><testcase classname="tests.storage.test_run_tracking" name="test_pipeline_run_record_stores_fields" time="0.001" /><testcase classname="tests.storage.test_sql_compiler_upgrade_gates" name="test_compiler_upgrade_gate_create_table_executes" time="0.017" /><testcase classname="tests.storage.test_sqlglot_tools" name="test_parse_one_duckdb_parses_valid_sql" time="0.002" /><testcase classname="tests.storage.test_sqlglot_tools" name="test_parse_one_duckdb_raises_parse_error_on_invalid_sql" time="0.002" /><testcase classname="tests.storage.test_sqlglot_tools" name="test_extract_table_keys_is_cte_safe" time="0.002" /><testcase classname="tests.storage.test_sqlglot_tools" name="test_extract_table_keys_handles_nested_subqueries" time="0.002" /><testcase classname="tests.storage.test_sqlglot_tools" name="test_fingerprint_is_stable_for_equivalent_sql" time="0.002" /><testcase classname="tests.storage.test_sqlglot_tools" name="test_canonical_sql_is_stable_for_equivalent_sql" time="0.001" /><testcase classname="tests.storage.test_staging_lifecycle" name="test_registered_temp_relation_unregisters_on_success" time="0.001" /><testcase classname="tests.storage.test_staging_lifecycle" name="test_registered_temp_relation_unregisters_on_exception" time="0.002" /><testcase classname="tests.storage.test_storage_architecture_invariants" name="test_storage_has_no_build_imports" time="0.011" /><testcase classname="tests.storage.test_storage_architecture_invariants" name="test_storage_legacy_modules_removed" time="0.002" /><testcase classname="tests.storage.test_storage_architecture_invariants" name="test_ibis_gateway_has_no_sql_escape_hatch" time="0.002" /><testcase classname="tests.storage.test_storage_architecture_invariants" name="test_no_gateway_accessor_inserts_in_src" time="0.030" /><testcase classname="tests.storage.test_run_tracking" name="test_start_run_inserts_record" time="4.088" /><testcase classname="tests.storage.test_run_registry.TestStartAndFetchRun" name="test_fetch_nonexistent_run" time="4.110" /><testcase classname="tests.storage.test_run_registry.TestStartAndFetchRun" name="test_start_run_creates_record" time="4.172" /><testcase classname="tests.storage.test_ibis_write" name="test_write_tuples_basic" time="6.790" /><testcase classname="tests.storage.test_ibis_write" name="test_write_dataframe_fast_lane_does_not_iterate_rows" time="6.764" /><testcase classname="tests.storage.test_ibis_write" name="test_upsert_insert_new_rows" time="6.997" /><testcase classname="tests.storage.test_ibis_write" name="test_write_unsupported_type_raises" time="6.791" /><testcase classname="tests.storage.test_run_registry.TestCompleteRun" name="test_complete_run_with_error" time="4.206" /><testcase classname="tests.storage.test_graphs_repository" name="test_get_outgoing_callgraph_neighbors_respects_limit" time="4.313" /><testcase classname="tests.storage.test_run_registry.TestRecordStep" name="test_record_step_creates_record" time="4.372" /><testcase classname="tests.storage.test_module_index" name="test_load_module_map_filters_by_language" time="4.291" /><testcase classname="tests.storage.test_run_registry.TestStartAndCompleteStep" name="test_complete_step_updates_record" time="4.150" /><testcase classname="tests.storage.test_docs_views" name="test_docs_views_expose_capabilities" time="8.358" /><testcase classname="tests.storage.test_schema_alignment" name="test_ensure_schemas_preserve_with_extra_ddl" time="4.365" /><testcase classname="tests.storage.test_run_registry.TestRecordStep" name="test_fetch_steps_empty" time="4.700" /><testcase classname="tests.storage.test_run_registry.TestDataclasses" name="test_pipeline_run_record_frozen" time="0.001" /><testcase classname="tests.test_build_storage_architecture_invariants" name="test_no_direct_ibis_table_calls_outside_allowlist" time="0.055" /><testcase classname="tests.test_build_storage_architecture_invariants" name="test_no_build_policy_write_calls" time="0.012" /><testcase classname="tests.storage.test_run_registry_integration.TestGatewayRunsApi" name="test_record_steps_with_gateway" time="4.068" /><testcase classname="tests.test_core_dependency_hygiene" name="test_core_imports_are_stdlib_only" time="0.001" /><testcase classname="tests.test_layering_serving_imports" name="test_no_serving_imports_in_middle_packages" time="1.842" /><testcase classname="tests.storage.test_schema_helpers" name="test_validate_row_with_schema_passes_valid_data" time="0.001" /><testcase classname="tests.test_testing_contract" name="test_testing_charter_forbidden_patterns" time="0.151"><failure message="AssertionError: Testing charter violations detected:&#10;sys.path-mutation: /home/paul/CodeIntel/tests/_helpers/__init__.py">def test_testing_charter_forbidden_patterns() -&gt; None:
        """
        Fail fast when tests use forbidden patching or path hacks.
    
        Enforces the charter: no monkeypatching/runtime patching, no sys.path edits,
        and no imports of underscore-prefixed production symbols from tests.
    
        Raises
        ------
        AssertionError
            If any forbidden pattern is detected in the test suite.
        """
        violations: list[str] = []
        for path in _iter_test_files():
            content = path.read_text(encoding="utf-8")
            for label, pattern in FORBIDDEN_PATTERNS.items():
                if pattern.search(content):
                    violations.append(f"{label}: {path}")
        if violations:
            message = "Testing charter violations detected:\n" + "\n".join(sorted(violations))
&gt;           raise AssertionError(message)
E           AssertionError: Testing charter violations detected:
E           sys.path-mutation: /home/paul/CodeIntel/tests/_helpers/__init__.py

tests/test_testing_contract.py:61: AssertionError</failure></testcase><testcase classname="tests.storage.test_insert_helpers" name="test_insert_rows_normalizes_mapping" time="4.221" /><testcase classname="tests.test_tests_analytics_unit" name="test_backfill_test_goids_updates_catalog" time="5.100" /><testcase classname="tests.storage.test_run_registry_integration.TestNewRunContextIntegration" name="test_new_run_context_for_ingest" time="4.385" /><testcase classname="tests.storage.test_run_registry_integration.TestNewRunContextIntegration" name="test_new_run_context_for_analytics" time="4.402" /><testcase classname="tests.storage.test_schema_roundtrip" name="test_call_graph_edge_round_trip" time="0.885" /><testcase classname="tests.storage.test_schema_roundtrip" name="test_symbol_use_round_trip" time="0.931" /><testcase classname="tests.storage.test_module_index" name="test_load_module_map_returns_normalized_paths" time="4.484" /><testcase classname="tests.storage.test_schema_roundtrip" name="test_test_coverage_round_trip" time="0.784" /><testcase classname="tests.storage.test_run_registry_integration.TestFullRunLifecycle" name="test_multi_engine_run_lifecycle" time="4.199" /><testcase classname="tests.storage.test_sql_compiler_upgrade_gates" name="test_compiler_upgrade_gate_create_table_sql_is_stable" time="0.006" /><testcase classname="tests.storage.test_run_registry.TestStartAndFetchRun" name="test_start_run_replaces_existing" time="4.443" /><testcase classname="tests.storage.test_schema_roundtrip" name="test_generate_export_schemas_writes_files" time="5.176" /><testcase classname="tests.storage.test_ibis_write" name="test_write_dataframe_basic" time="7.073" /><testcase classname="tests.storage.test_docs_view_profiling" name="test_profile_views_creates_artifacts" time="14.670" /><testcase classname="tests.storage.test_subsystem_view_schema_drift" name="test_subsystem_docs_views_schema_stable" time="4.358" /><testcase classname="tests.storage.test_run_tracking" name="test_complete_run_updates_status" time="4.395" /><testcase classname="tests.storage.test_run_tracking" name="test_complete_run_with_error_summary" time="4.326" /><testcase classname="tests.test_pipeline_smoke" name="test_build_export_smoke" time="0.002"><skipped type="pytest.xfail" message="Build smoke test currently fails in function_effects catalog integration" /></testcase><testcase classname="tests.storage.test_ibis_write" name="test_write_tuples_empty" time="7.117" /><testcase classname="tests.storage.test_ibis_write" name="test_write_ibis_expression_basic" time="6.963" /><testcase classname="tests.storage.test_run_registry.TestRecordStep" name="test_record_step_replaces_existing" time="4.379" /><testcase classname="tests.storage.test_run_tracking" name="test_fetch_run_returns_record" time="4.471" /><testcase classname="tests.storage.test_run_registry.TestMultipleSteps" name="test_run_with_multiple_steps" time="4.514" /><testcase classname="tests.storage.test_run_tracking" name="test_fetch_steps_returns_list" time="4.233" /><testcase classname="tests.storage.test_run_tracking" name="test_record_step_inserts_step" time="4.169" /><testcase classname="tests.storage.test_run_registry_integration.TestGatewayRunsApi" name="test_start_and_fetch_run_with_gateway" time="4.439" /><testcase classname="tests.storage.test_ibis_write" name="test_write_tuples_without_columns_raises" time="7.233" /><testcase classname="tests.storage.test_schema_helpers" name="test_build_validator_accepts_mapping" time="0.001" /><testcase classname="tests.storage.test_run_tracking" name="test_start_step_returns_timestamp" time="4.142" /><testcase classname="tests.storage.test_ibis_write" name="test_upsert_selective_update_columns" time="7.454" /><testcase classname="tests.storage.test_schema_helpers" name="test_json_schema_from_typeddict_round_trip" time="0.001" /><testcase classname="tests.storage.test_ibis_write" name="test_write_unqualified_table_key_raises" time="7.542" /><testcase classname="tests.storage.test_run_tracking" name="test_fetch_steps_orders_by_module_stage_name" time="4.476" /><testcase classname="tests.storage.test_schema_alignment" name="test_ensure_schemas_preserve_creates_tables_idempotently" time="5.066" /><testcase classname="tests.storage.test_schema_alignment" name="test_assert_schema_alignment_detects_drift_nonstrict" time="4.492" /><testcase classname="tests.storage.test_run_tracking" name="test_record_step_with_none_row_counts" time="4.351" /><testcase classname="tests.storage.views.test_pr86_no_ibis_view_registry" name="test_ibis_view_registry_module_removed" time="0.002" /><testcase classname="tests.storage.views.test_pr86_no_ibis_view_registry" name="test_view_builders_discoverable_via_tags" time="0.007" /><testcase classname="tests.storage.test_schema_helpers" name="test_apply_all_schemas_creates_function_validation" time="4.248" /><testcase classname="tests.storage.test_docs_views" name="test_test_profile_has_primary_subsystem_index" time="8.181" /><testcase classname="tests.storage.test_schema_roundtrip" name="test_behavioral_coverage_round_trip" time="0.648" /><testcase classname="tests.storage.test_ibis_write" name="test_upsert_from_ibis_expression_does_not_materialize_to_pandas" time="7.026" /><testcase classname="tests.storage.test_snapshot_scoping" name="test_maybe_scope_by_repo_commit_is_noop_when_columns_missing" time="4.171" /><testcase classname="tests.storage.test_run_tracking" name="test_fetch_run_returns_none_for_missing" time="4.003" /><testcase classname="tests.test_tests_analytics_unit" name="test_edges_for_file_uses_test_meta" time="0.001" /><testcase classname="tests.storage.test_snapshot_scoping" name="test_maybe_scope_by_repo_commit_adds_filter_when_columns_exist" time="3.875" /><testcase classname="tests.storage.test_warehouse_materialization_equivalence" name="test_warehouse_materialize_variants_write_equivalent_rows" time="4.192" /><testcase classname="tests.storage.test_warehouse_transaction_rollback" name="test_materialize_rows_replace_rolls_back_on_write_failure" time="4.097" /><testcase classname="tests.storage.test_run_tracking" name="test_complete_step_updates_step" time="3.837" /><testcase classname="tests.storage.tracking.test_build_tracking.TestOutputManifestOperations" name="test_save_and_load_manifest" time="4.067" /><testcase classname="tests.storage.test_schema_alignment" name="test_apply_and_validate_schema_alignment" time="4.446" /><testcase classname="tests.storage.tracking.test_build_tracking.TestOutputManifestOperations" name="test_upsert_manifest" time="3.920" /><testcase classname="tests.storage.tracking.test_build_tracking.TestOutputManifestOperations" name="test_load_nonexistent_manifest" time="4.064" /><testcase classname="tests.storage.test_insert_helpers" name="test_insert_rows_raises_on_missing_column" time="3.856" /><testcase classname="tests.storage.tracking.test_build_tracking.TestOutputManifestOperations" name="test_delete_manifests" time="3.852" /><testcase classname="tests.storage.test_schema_alignment" name="test_create_schemas_creates_all_namespaces" time="3.622" /><testcase classname="tests.storage.tracking.test_build_tracking.TestBuildRunOperations" name="test_complete_run_succeeded" time="3.868" /><testcase classname="tests.storage.tracking.test_build_tracking.TestBuildRunOperations" name="test_start_and_fetch_run" time="3.850" /><testcase classname="tests.storage.tracking.test_build_tracking.TestBuildRunOperations" name="test_fetch_nonexistent_run" time="3.905" /><testcase classname="tests.storage.tracking.test_build_tracking.TestBuildRunOperations" name="test_list_runs" time="3.784" /><testcase classname="tests.storage.tracking.test_build_tracking.TestBuildRunOperations" name="test_complete_run_failed" time="3.633" /><testcase classname="tests.test_tests_analytics_unit" name="test_compute_test_coverage_edges_respects_injected_loader" time="5.855" /><testcase classname="tests.storage.tracking.test_build_tracking.TestBuildRunOperations" name="test_list_runs_with_limit" time="3.401" /><testcase classname="tests.storage.test_run_registry.TestStartAndCompleteStep" name="test_start_step_creates_running_record" time="3.035" /><testcase classname="tests.test_tests_analytics_unit" name="test_compute_test_coverage_edges_with_real_coverage" time="4.562" /><testcase classname="tests.storage.tracking.test_build_tracking.TestOutputManifestOperations" name="test_list_manifests" time="2.088" /></testsuite></testsuites>