<?xml version="1.0" encoding="utf-8"?><testsuites name="pytest tests"><testsuite name="pytest" errors="0" failures="0" skipped="0" tests="3" time="14.519" timestamp="2025-12-14T10:02:44.159681-05:00" hostname="paul-X870-AORUS-ELITE-WIFI7"><testcase classname="tests.build.hamilton.test_pr50_architecture_guardrails" name="test_pr50_no_analytics_runtime_imports" time="0.017" /><testcase classname="tests.build.hamilton.test_pr50_architecture_guardrails" name="test_pr50_no_ibis_write_outside_build_allowlist" time="1.170" /><testcase classname="tests.build.hamilton.test_pr50_architecture_guardrails" name="test_pr50_no_plugin_registry_imports" time="0.017" /></testsuite></testsuites>