<?xml version="1.0" encoding="utf-8"?><testsuites name="pytest tests"><testsuite name="pytest" errors="0" failures="15" skipped="5" tests="735" time="57.851" timestamp="2025-12-02T08:02:21.257507-05:00" hostname="paul-X870-AORUS-ELITE-WIFI7"><testcase classname="tests.analytics.core.test_plugin_registration" name="test_plan_unknown_plugin_raises" time="0.010" /><testcase classname="tests.analytics.core.test_recipes" name="test_recipe_with_fail_fast_returns_new_instance[case1]" time="0.002" /><testcase classname="tests.analytics.core.test_plugin_protocol" name="test_plugin_capability_kind[test.cap-None-dataset]" time="0.002" /><testcase classname="tests._helpers.test_config_builders" name="test_make_snapshot_respects_overrides" time="0.002" /><testcase classname="tests.analytics.core.test_registry" name="test_register_plugins[plugins_to_register1]" time="0.010" /><testcase classname="tests.analytics.test_function_profile_contract" name="test_test_profile_tuple_alignment" time="0.002" /><testcase classname="tests.analytics.core.test_plugin_protocol" name="test_plugin_resource_hints[hints1-expected1]" time="0.002" /><testcase classname="tests.analytics.core.test_plugin_registration" name="test_expected_plugins_are_registered" time="0.012" /><testcase classname="tests.analytics.core.test_plugin_protocol" name="test_plugin_result_ok_variants[row_counts0-artifacts0-meta0]" time="0.002" /><testcase classname="tests.analytics.core.test_plugin_protocol" name="test_plugin_metadata_minimal" time="0.000" /><testcase classname="tests.analytics.core.test_plugin_protocol" name="test_plugin_metadata_full" time="0.000" /><testcase classname="tests.analytics.core.test_plugin_registration" name="test_ensure_plugins_registered_is_idempotent" time="0.008" /><testcase classname="tests.analytics.core.test_recipes" name="test_create_empty_scope" time="0.000" /><testcase classname="tests.analytics.core.test_recipes" name="test_create_scope_with_paths_and_modules" time="0.000" /><testcase classname="tests.analytics.core.test_recipes" name="test_register_and_get_recipe" time="0.000" /><testcase classname="tests.analytics.test_graph_metric_filters" name="test_filter_call_graph_prunes_nodes" time="0.002" /><testcase classname="tests.analytics.test_graph_metric_filters" name="test_filter_import_graph_noop_without_modules" time="0.000" /><testcase classname="tests.analytics.test_graph_metric_filters" name="test_build_filters_safe_when_repos_empty" time="1.198" /><testcase classname="tests.analytics.core.test_registry" name="test_plan_with_disabled" time="0.011" /><testcase classname="tests.analytics.core.test_traits" name="test_filter_by_scope_respects_supported_scopes[case0]" time="0.002" /><testcase classname="tests.analytics.core.test_traits" name="test_filter_by_scope_respects_supported_scopes[case1]" time="0.000" /><testcase classname="tests.analytics.core.test_traits" name="test_filter_by_scope_respects_supported_scopes[case2]" time="0.000" /><testcase classname="tests.analytics.core.test_traits" name="test_filter_by_scope_respects_supported_scopes[case3]" time="0.000" /><testcase classname="tests.analytics.test_function_profile_contract" name="test_test_profile_writer_registry_and_prepared_statements" time="0.001" /><testcase classname="tests.analytics.test_function_profile_contract" name="test_behavioral_coverage_writer_registry_and_prepared_statements" time="0.000" /><testcase classname="tests.analytics.core.test_executor_helpers" name="test_merge_configs_merges_without_mutation" time="0.001" /><testcase classname="tests.analytics.core.test_executor_helpers" name="test_execute_plugin_handles_validation_failure" time="1.180" /><testcase classname="tests._helpers.test_helpers_roundtrip" name="test_file_backed_gateway_creates_db" time="6.517" /><testcase classname="tests.analytics.test_evidence" name="test_validate_evidence_samples_rejects_invalid_payloads" time="0.001" /><testcase classname="tests.analytics.test_function_profile_contract" name="test_behavioral_coverage_tuple_alignment" time="0.000" /><testcase classname="tests.analytics.test_function_profile_contract" name="test_function_profile_writer_registry_and_prepared_statements" time="0.001" /><testcase classname="tests.analytics.test_function_profile_contract" name="test_file_profile_writer_registry_and_prepared_statements" time="0.000" /><testcase classname="tests.analytics.core.test_plugin_registration" name="test_plugins_providing_analytics_tables" time="0.010" /><testcase classname="tests.analytics.core.test_plugin_registration" name="test_plugins_by_stage" time="0.000" /><testcase classname="tests.analytics.core.test_plugin_registration" name="test_plan_single_plugin" time="0.003" /><testcase classname="tests._helpers.test_helpers_roundtrip" name="test_strict_schema_flag_enforces_views" time="1.364" /><testcase classname="tests.analytics.core.test_recipes" name="test_recipe_builder_variations[case1]" time="0.002" /><testcase classname="tests.analytics.core.test_recipes" name="test_recipe_builder_variations[case2]" time="0.001" /><testcase classname="tests.analytics.core.test_recipes" name="test_recipe_builder_variations[case3]" time="0.000" /><testcase classname="tests.analytics.core.test_recipes" name="test_recipe_function_creates_builder" time="0.000" /><testcase classname="tests.analytics.core.test_recipes" name="test_create_minimal_recipe" time="0.000" /><testcase classname="tests.analytics.core.test_recipes" name="test_recipe_with_plugins_is_immutable" time="0.000" /><testcase classname="tests.analytics.core.test_recipes" name="test_recipe_with_config_returns_new_instance" time="0.000" /><testcase classname="tests.analytics.test_graph_metrics_smoke" name="test_compute_graph_metrics_with_small_graph" time="1.547" /><testcase classname="tests.analytics.core.test_plugin_protocol" name="test_plugin_capability_is_frozen" time="0.001" /><testcase classname="tests.analytics.core.test_plugin_protocol" name="test_plugin_input_spec_creation[case0]" time="0.000" /><testcase classname="tests.analytics.core.test_plugin_protocol" name="test_plugin_input_spec_creation[case1]" time="0.000" /><testcase classname="tests.analytics.core.test_recipes" name="test_get_unknown_raises" time="0.002" /><testcase classname="tests.analytics.core.test_recipes" name="test_get_optional_unknown_returns_none" time="0.001" /><testcase classname="tests.analytics.core.test_recipes" name="test_list_by_tag_filters_recipes" time="0.001" /><testcase classname="tests.analytics.core.test_recipes" name="test_compose_recipes_deduplicates_plugins_and_merges_tags" time="0.001" /><testcase classname="tests.analytics.test_ast_utils" name="test_call_name_resolves_attribute_chain" time="0.001" /><testcase classname="tests.analytics.test_ast_utils" name="test_resolve_call_target_uses_alias_map" time="0.000" /><testcase classname="tests.analytics.test_ast_utils" name="test_literal_value_coercions" time="0.000" /><testcase classname="tests.analytics.test_ast_utils" name="test_safe_unparse_survives_invalid_nodes" time="0.001" /><testcase classname="tests.analytics.test_analytics_dataset_contracts" name="test_function_metrics_insertion_is_idempotent" time="1.234" /><testcase classname="tests.analytics.core.test_registry" name="test_list_by_capability" time="0.015" /><testcase classname="tests.analytics.core.test_registry" name="test_unregister_plugin" time="0.010" /><testcase classname="tests.analytics.core.test_plugin_protocol" name="test_plugin_result_ok_variants[row_counts1-artifacts1-meta1]" time="0.001" /><testcase classname="tests.analytics.core.test_plugin_protocol" name="test_plugin_result_fail[Something went wrong-warnings0-artifacts0-row_counts0]" time="0.001" /><testcase classname="tests.analytics.core.test_plugin_protocol" name="test_plugin_result_fail[Fatal error-warnings1-artifacts1-row_counts1]" time="0.001" /><testcase classname="tests.analytics.core.test_registry" name="test_plan_default_enabled_only" time="0.011" /><testcase classname="tests.analytics.core.test_contract_helpers" name="test_returns_empty_when_no_contracts_available" time="0.001" /><testcase classname="tests.analytics.core.test_executor_contracts" name="test_contracts_cached_per_plugin_name" time="0.001" /><testcase classname="tests.analytics.core.test_executor_contracts" name="test_contracts_empty_when_no_outputs_or_explicit" time="0.000" /><testcase classname="tests.analytics.core.test_executor_contracts" name="test_contracts_not_rebuilt_after_cache_fill" time="0.000" /><testcase classname="tests.analytics.core.test_registry" name="test_register_duplicate_raises" time="0.001" /><testcase classname="tests.analytics.core.test_registry" name="test_get_unknown_plugin_raises" time="0.008" /><testcase classname="tests.analytics.core.test_plugin_registration" name="test_plan_multiple_plugins" time="0.001" /><testcase classname="tests.analytics.core.test_registry" name="test_plugin_decorator_simple" time="0.000" /><testcase classname="tests.analytics.test_domain_api_exports" name="test_graphs_api_exports_expected_symbols" time="0.001" /><testcase classname="tests.analytics.test_domain_api_exports" name="test_history_api_exports_expected_symbols" time="0.000" /><testcase classname="tests.analytics.test_entrypoint_evidence" name="test_detect_entrypoints_emits_snippet_evidence" time="0.001" /><testcase classname="tests.analytics.test_entrypoints_and_dependencies" name="test_entrypoints_and_dependencies_round_trip" time="7.009" /><testcase classname="tests._helpers.test_config_builders" name="test_make_graph_runtime_options_uses_snapshot" time="0.000" /><testcase classname="tests.analytics.core.test_registry" name="test_list_all_plugins" time="0.007" /><testcase classname="tests.analytics.core.test_plugin_registration" name="test_no_duplicate_plugin_names" time="0.001" /><testcase classname="tests.analytics.core.test_plugin_registration" name="test_plugins_have_valid_metadata" time="0.001" /><testcase classname="tests.analytics.core.test_plugin_registration" name="test_plugins_can_be_retrieved_by_name" time="0.001" /><testcase classname="tests.analytics.test_graph_metric_filters_integration" name="test_filters_prune_architecture_metrics" time="7.204"><failure message="AttributeError: 'GraphRuntimeOptions' object has no attribute 'context'">tmp_path = PosixPath('/tmp/pytest-of-paul/pytest-314/popen-gw29/test_filters_prune_architectur0')

    def test_filters_prune_architecture_metrics(tmp_path: Path) -&gt; None:
        """Filters should restrict module/subsystem metrics derived from architecture data."""
        gateway = open_seeded_architecture_gateway(
            repo="demo/repo",
            commit="deadbeef",
            db_path=tmp_path / "arch.duckdb",
            strict_schema=True,
        )
        snapshot = SnapshotRef(repo="demo/repo", commit="deadbeef", repo_root=tmp_path)
        cfg = GraphMetricsStepConfig(snapshot=snapshot)
        runtime = build_graph_runtime(gateway, GraphRuntimeOptions(snapshot=snapshot))
        filters = GraphMetricFilters(
            modules={"pkg.alpha"},
            subsystems={"sub1"},
        )
    
        compute_graph_metrics(
            gateway,
            cfg,
            deps=GraphMetricsDeps(runtime=runtime, filters=filters),
        )
&gt;       compute_graph_metrics_functions_ext(
            gateway,
            repo=snapshot.repo,
            commit=snapshot.commit,
            runtime=runtime,
            filters=filters,
        )

tests/analytics/test_graph_metric_filters_integration.py:48: 
_ _ _ _ _ _ _ _ _ _ _ _ _ _ _ _ _ _ _ _ _ _ _ _ _ _ _ _ _ _ _ _ _ _ _ _ _ _ _ _ _ _ _ _ _ _ _ _ _ _ _ _ _ _ _ _ _ _ _ _ _ _ _ _ _ _ _ _ _ _ _ _ _ _ _ _ _ _ _ _ _ _ _ _ _ _ _ _ _ _ _ _ _ _ _ _ _ _ _ _ _ _

gateway = _DuckDBGateway(config=StorageConfig(db_path=PosixPath('/tmp/pytest-of-paul/pytest-314/popen-gw29/test_filters_prune_ar...ction object at 0x7ac0493e2430&gt;), analytics=AnalyticsTables(con=&lt;_duckdb.DuckDBPyConnection object at 0x7ac0493e2430&gt;))

    def compute_graph_metrics_functions_ext(
        gateway: StorageGateway,
        *,
        repo: str,
        commit: str,
        runtime: GraphRuntime | GraphRuntimeOptions | None = None,
        filters: GraphMetricFilters | None = None,
    ) -&gt; None:
        """
        Populate analytics.graph_metrics_functions_ext with additional centralities.
    
        Parameters
        ----------
        gateway :
            StorageGateway providing the DuckDB connection used for reads and writes.
        repo : str
            Repository identifier anchoring the metrics.
        commit : str
            Commit hash anchoring the metrics snapshot.
        runtime : GraphRuntime | GraphRuntimeOptions | None
            Optional runtime options including cached graphs and backend selection.
        filters :
            Optional allowlists for restricting graph nodes.
        """
        runtime_opts = (
            runtime.options if isinstance(runtime, GraphRuntime) else runtime or GraphRuntimeOptions()
        )
        snapshot = runtime_opts.snapshot or SnapshotRef(repo=repo, commit=commit, repo_root=Path())
        cfg = GraphMetricsStepConfig(snapshot=snapshot)
        active_filters = filters or build_graph_metric_filters(gateway, cfg)
        resolved_runtime = resolve_graph_runtime(
            gateway,
            snapshot,
            runtime_opts,
&gt;           context=runtime_opts.context,
                    ^^^^^^^^^^^^^^^^^^^^
        )
E       AttributeError: 'GraphRuntimeOptions' object has no attribute 'context'

src/codeintel/analytics/graphs/graph_metrics_ext.py:210: AttributeError</failure></testcase><testcase classname="tests.analytics.test_analytics_rows_contracts" name="test_behavioral_coverage_row_matches_schema" time="0.001" /><testcase classname="tests.analytics.test_analytics_rows_contracts" name="test_graph_metrics_functions_row_matches_schema" time="0.000" /><testcase classname="tests.analytics.test_analytics_rows_contracts" name="test_graph_metrics_modules_row_matches_schema" time="0.000" /><testcase classname="tests.analytics.test_analytics_rows_contracts" name="test_graph_metrics_functions_ext_row_matches_schema" time="0.001" /><testcase classname="tests.analytics.core.test_registry" name="test_plugin_decorator_with_capabilities" time="0.000" /><testcase classname="tests.analytics.core.test_registry" name="test_plan_with_explicit_plugins" time="0.008" /><testcase classname="tests.analytics.core.test_plugin_protocol" name="test_plugin_output_spec_creation[spec1-expected_tables1-json_report]" time="0.002" /><testcase classname="tests.analytics.core.test_plugin_protocol" name="test_validation_result[case0]" time="0.001" /><testcase classname="tests.analytics.core.test_plugin_protocol" name="test_validation_result[case1]" time="0.000" /><testcase classname="tests.analytics.core.test_plugin_protocol" name="test_validation_result[case2]" time="0.000" /><testcase classname="tests.analytics.core.test_plugin_registration" name="test_all_plugins_constant_matches_registry" time="0.001" /><testcase classname="tests.analytics.core.test_recipes" name="test_register_duplicate_raises" time="0.001" /><testcase classname="tests.analytics.core.test_traits" name="test_filter_by_scope_respects_supported_scopes[case4]" time="0.001" /><testcase classname="tests.analytics.test_graph_service_unit" name="test_structural_metrics_triangle_and_core" time="0.286" /><testcase classname="tests.analytics.test_graph_service_unit" name="test_centrality_directed_weighted_and_seeded" time="0.287" /><testcase classname="tests.analytics.test_model_config_heuristics" name="test_data_models_and_usage_and_config_flow" time="1.223"><failure message="AttributeError: type object 'ModuleMapProvider' has no attribute 'from_gateway'">tmp_path = PosixPath('/tmp/pytest-of-paul/pytest-314/popen-gw12/test_data_models_and_usage_and0')

    def test_data_models_and_usage_and_config_flow(tmp_path: Path) -&gt; None:
        """Validate heuristics pipeline across SQLAlchemy, Pydantic, usage, and config fixtures."""
        repo_root = tmp_path / "repo"
        repo_root.mkdir()
        goid_rows, module_rows, goid_index, config_rel_path = _prepare_repo(repo_root)
    
        with _gateway_with_schema() as gateway:
            con = gateway.con
            _seed_modules(gateway, module_rows)
            _seed_goids(gateway, goid_rows)
            _seed_call_graph_nodes(gateway, [row for row in goid_rows if row.kind == "function"])
            _seed_function_types(gateway, goid_rows)
            _seed_config_values(con, config_rel_path)
            _seed_entrypoints(con, goid_index["config_checks"])
    
            builder = ConfigBuilder.from_snapshot(
                repo=REPO,
                commit=COMMIT,
                repo_root=repo_root,
            )
            snapshot = SnapshotRef(repo=REPO, commit=COMMIT, repo_root=repo_root)
    
            # Load module map
&gt;           module_map_provider = ModuleMapProvider.from_gateway(gateway, snapshot)
                                  ^^^^^^^^^^^^^^^^^^^^^^^^^^^^^^
E           AttributeError: type object 'ModuleMapProvider' has no attribute 'from_gateway'

tests/analytics/test_model_config_heuristics.py:353: AttributeError</failure></testcase><testcase classname="tests.analytics.test_function_profile_contract" name="test_module_profile_writer_registry_and_prepared_statements" time="0.001" /><testcase classname="tests.analytics.core.test_registry" name="test_plan_respects_dependencies" time="0.008" /><testcase classname="tests.analytics.test_span_resolver" name="test_build_span_index_skips_missing_goids" time="0.001" /><testcase classname="tests.analytics.test_span_resolver" name="test_resolve_span_success" time="0.001" /><testcase classname="tests.analytics.test_span_resolver" name="test_resolve_span_missing" time="0.000" /><testcase classname="tests.analytics.core.test_registry" name="test_register_plugins[plugins_to_register0]" time="0.012" /><testcase classname="tests.analytics.core.test_recipes" name="test_recipe_with_fail_fast_returns_new_instance[case0]" time="0.001" /><testcase classname="tests.analytics.core.test_plugin_registration" name="test_plan_with_disabled_plugin" time="0.001" /><testcase classname="tests.analytics.test_subsystem_cache_benchmark" name="test_refresh_and_benchmark_returns_timings" time="0.797" /><testcase classname="tests.analytics.core.test_plugin_protocol" name="test_plugin_output_spec_creation[spec0-expected_tables0-None]" time="0.001" /><testcase classname="tests.analytics.test_tests_profiles_registry_and_snapshots" name="test_test_profile_model_snapshot" time="0.001" /><testcase classname="tests.analytics.core.test_recipes" name="test_recipe_builder_variations[case0]" time="0.001" /><testcase classname="tests.analytics.test_writer_guard" name="test_writer_guard_happy_path_executes_delete_and_insert" time="0.001" /><testcase classname="tests.analytics.test_tests_profiles_registry_and_snapshots" name="test_behavioral_writer_registry_guard" time="0.001" /><testcase classname="tests.analytics.test_writer_guard" name="test_writer_guard_nonexistent_table_raises" time="0.001" /><testcase classname="tests.analytics.test_writer_guard" name="test_writer_guard_empty_rows[True-1]" time="0.001" /><testcase classname="tests.analytics.test_ast_utils" name="test_snippet_from_lines_includes_range" time="0.001" /><testcase classname="tests.architecture.test_analytics_exports" name="test_domain_exports[codeintel.analytics.functions-expected0]" time="0.001" /><testcase classname="tests.analytics.test_tests_profiles_wrappers" name="test_coverage_wrappers_empty" time="0.044" /><testcase classname="tests.analytics.test_writer_guard" name="test_writer_guard_empty_rows[False-0]" time="0.001" /><testcase classname="tests.architecture.test_analytics_exports" name="test_domain_exports[codeintel.analytics.graphs-expected1]" time="0.001" /><testcase classname="tests.analytics.test_writer_guard" name="test_writer_guard_columns_mismatch_raises" time="0.001" /><testcase classname="tests.architecture.test_analytics_exports" name="test_domain_exports[codeintel.analytics.history-expected2]" time="0.001" /><testcase classname="tests.architecture.test_analytics_graph_boundary" name="test_analytics_modules_do_not_import_nx_views" time="0.005" /><testcase classname="tests.analytics.core.test_plugin_protocol" name="test_plugin_resource_hints[hints0-expected0]" time="0.001" /><testcase classname="tests.analytics.test_tests_profiles_helpers" name="test_importance_guardrails_and_monotonicity" time="0.001" /><testcase classname="tests.architecture.test_nx_views_boundary" name="test_nx_views_only_used_in_graphs_layer" time="0.011" /><testcase classname="tests.analytics.test_tests_profiles_helpers" name="test_build_test_profile_rows_round_trip" time="0.001" /><testcase classname="tests.architecture.test_analytics_imports" name="test_external_imports_use_domain_apis" time="0.017" /><testcase classname="tests.analytics.core.test_executor_contracts" name="test_execute_populates_contract_results_for_metadata_contracts" time="5.671" /><testcase classname="tests.analytics.test_tests_profiles_helpers" name="test_build_behavioral_coverage_rows_normalization" time="0.000" /><testcase classname="tests.analytics.test_tests_profiles_helpers" name="test_build_behavior_rows_mixed_sources" time="0.001" /><testcase classname="tests.analytics.core.test_registry" name="test_list_by_stage" time="0.012" /><testcase classname="tests.analytics.core.test_plugin_registration" name="test_nonexistent_plugin_raises_keyerror" time="0.001" /><testcase classname="tests.analytics.core.test_registry" name="test_decorated_plugin_executes" time="1.179" /><testcase classname="tests.architecture.test_query_layer_boundaries" name="test_adapters_do_not_embed_sql" time="0.001" /><testcase classname="tests.analytics.test_analytics_rows_contracts" name="test_graph_metrics_modules_ext_row_matches_schema" time="0.001" /><testcase classname="tests.cli.test_pipeline_cli" name="test_deps_step_with_no_deps" time="0.014" /><testcase classname="tests.config.test_composite_schemas" name="test_composite_schema_sources_exist[file_profile]" time="0.001" /><testcase classname="tests.config.test_composite_schemas" name="test_composite_schema_sources_exist[module_profile]" time="0.001" /><testcase classname="tests.cli.test_cli_scope_and_plan" name="test_cli_plan_outputs_isolation_and_scope_metadata" time="0.025"><failure message="Failed: CLI plan command should exit successfully">capsys = &lt;_pytest.capture.CaptureFixture object at 0x7072c1967cb0&gt;

    def test_cli_plan_outputs_isolation_and_scope_metadata(capsys: pytest.CaptureFixture[str]) -&gt; None:
        """Plan output should include isolation and scope metadata fields."""
        exit_code = cli_main.main(["graph", "plugins", "--plan", "--json"])
        captured = capsys.readouterr()
        if exit_code != 0:
            message = "CLI plan command should exit successfully"
&gt;           pytest.fail(message)
E           Failed: CLI plan command should exit successfully

tests/cli/test_cli_scope_and_plan.py:18: Failed</failure></testcase><testcase classname="tests.analytics.core.test_plugin_protocol" name="test_plugin_result_ok" time="0.001" /><testcase classname="tests.config.test_composite_schemas" name="test_composite_schema_sources_exist[test_profile]" time="0.001" /><testcase classname="tests.config.test_composite_schemas" name="test_composite_schema_validation_passes[test_profile]" time="0.001" /><testcase classname="tests.config.test_composite_schemas" name="test_get_source_for_column_shared" time="0.000" /><testcase classname="tests.cli.test_pipeline_cli" name="test_list_steps_text_output" time="0.011" /><testcase classname="tests.analytics.core.test_registry" name="test_plan_detects_cycle" time="0.012" /><testcase classname="tests.config.test_composite_schemas" name="test_composite_schema_profile_exists[function_profile]" time="0.001" /><testcase classname="tests.architecture.test_duckdb_boundaries" name="test_duckdb_usage_is_localized" time="0.015" /><testcase classname="tests.config.test_composite_schemas" name="test_get_source_for_column_unique" time="0.001" /><testcase classname="tests.config.test_composite_schemas" name="test_get_source_for_column_additional" time="0.000" /><testcase classname="tests.analytics.test_writer_guard" name="test_writer_guard_columns_order_drift_raises" time="0.001" /><testcase classname="tests.cli.test_pipeline_cli" name="test_parser_has_pipeline_command" time="0.008" /><testcase classname="tests.architecture.test_analytics_exports" name="test_domain_exports[codeintel.analytics.parsing-expected3]" time="0.001" /><testcase classname="tests.config.test_composite_schemas" name="test_composite_has_shared_fragments[test_profile]" time="0.001" /><testcase classname="tests.config.test_dataset_contract" name="test_all_tables_have_contracts" time="0.002" /><testcase classname="tests.config.test_composite_schemas" name="test_all_profiles_have_composite_schemas" time="0.001" /><testcase classname="tests.config.test_composite_schemas" name="test_profile_contracts_have_composition" time="0.000" /><testcase classname="tests.cli.test_pipeline_cli" name="test_list_steps_json_output" time="0.009" /><testcase classname="tests.config.test_composite_schemas" name="test_source_column_names_includes_shared" time="0.001" /><testcase classname="tests.config.test_dataset_contract" name="test_json_schema_map_matches_contracts" time="0.000" /><testcase classname="tests.config.test_dataset_contract" name="test_capabilities_shape" time="0.000" /><testcase classname="tests.config.test_composite_schemas" name="test_non_profile_contracts_no_composition" time="0.000" /><testcase classname="tests.analytics.test_tests_profiles_helpers" name="test_write_test_profile_rows_with_stubs" time="0.001" /><testcase classname="tests.config.test_composite_schemas" name="test_source_column_names_excludes_excluded" time="0.001" /><testcase classname="tests.config.test_dataset_contract" name="test_delete_sql_covers_repo_commit_tables" time="0.001" /><testcase classname="tests.config.test_dataset_contract" name="test_column_names_method" time="0.000" /><testcase classname="tests.architecture.test_export_macro_paths" name="test_exporters_avoid_direct_table_reads" time="0.001" /><testcase classname="tests.config.test_dataset_contract" name="test_row_models_column_constants_match_contracts" time="0.000" /><testcase classname="tests.config.test_dataset_contract_snapshot" name="test_dataset_contracts_count_snapshot" time="0.000" /><testcase classname="tests.cli.test_pipeline_cli" name="test_parser_pipeline_run" time="0.006" /><testcase classname="tests.config.test_composite_schemas" name="test_source_column_names_applies_mappings" time="0.001" /><testcase classname="tests.config.test_composite_schemas" name="test_composite_has_sources[function_profile]" time="0.001" /><testcase classname="tests.config.test_dataset_contract_snapshot" name="test_dataset_contracts_by_table_key_count_snapshot" time="0.000" /><testcase classname="tests.cli.test_pipeline_cli" name="test_list_steps_filter_by_phase" time="0.008" /><testcase classname="tests.analytics.test_tests_profiles_wrappers" name="test_importance_and_flakiness_scoring" time="0.000" /><testcase classname="tests.config.test_composite_schemas" name="test_composite_schema_profile_exists[file_profile]" time="0.001" /><testcase classname="tests.config.test_dataset_contract_snapshot" name="test_row_bindings_count_snapshot" time="0.000" /><testcase classname="tests.config.test_dataset_contract_snapshot" name="test_all_tables_have_schemas" time="0.000" /><testcase classname="tests.config.test_composite_schemas" name="test_get_source_for_column_mapped" time="0.001" /><testcase classname="tests.config.test_datasets_contracts" name="test_get_table_schemas_values_are_table_schema" time="0.000" /><testcase classname="tests.config.test_datasets_contracts" name="test_get_composite_schemas_returns_dict" time="0.000" /><testcase classname="tests.config.test_datasets_contracts" name="test_get_dataset_contracts_returns_dict" time="0.000" /><testcase classname="tests.config.test_dataset_contract_snapshot" name="test_row_bindings_have_table_schemas" time="0.000" /><testcase classname="tests.config.test_datasets_contracts" name="test_get_table_schemas_returns_dict" time="0.000" /><testcase classname="tests.cli.test_pipeline_cli" name="test_parser_pipeline_deps" time="0.008" /><testcase classname="tests.config.test_composite_schemas" name="test_composition_matches_composite_schemas" time="0.001" /><testcase classname="tests.cli.test_pipeline_cli" name="test_list_steps_all_phases_valid[ingestion]" time="0.232" /><testcase classname="tests.architecture.test_graph_engine_entrypoints" name="test_build_graph_engine_entrypoints_are_restricted" time="0.026" /><testcase classname="tests.config.test_dataset_contract" name="test_contract_derived_columns_match_schemas" time="0.001" /><testcase classname="tests.config.test_datasets_contracts" name="test_dataset_contract_counts_match" time="0.000" /><testcase classname="tests.config.test_datasets_contracts" name="test_row_binding_dataclass" time="0.000" /><testcase classname="tests.config.test_datasets_contracts" name="test_dataset_contract_capabilities" time="0.000" /><testcase classname="tests.config.test_datasets_dataflow" name="test_dataflow_node_creation" time="0.000" /><testcase classname="tests.config.test_datasets_dataflow" name="test_dataflow_node_defaults" time="0.000" /><testcase classname="tests.config.test_datasets_dataflow" name="test_dataflow_edge_creation" time="0.000" /><testcase classname="tests.analytics.test_tests_profiles_wrappers" name="test_infer_behavior_tags_basic" time="0.001" /><testcase classname="tests.config.test_dataset_contract_snapshot" name="test_table_schemas_count_snapshot" time="0.001" /><testcase classname="tests.config.test_datasets_dataflow" name="test_build_contract_dataflow_graph_returns_tuple" time="0.001" /><testcase classname="tests.config.test_composite_schemas" name="test_composite_has_sources[file_profile]" time="0.001" /><testcase classname="tests.config.test_datasets_dataflow" name="test_edge_type_literal" time="0.000" /><testcase classname="tests.config.test_datasets_dataflow" name="test_iter_dataset_nodes_returns_iterator" time="0.001" /><testcase classname="tests.config.test_datasets_primitives" name="test_column_creation" time="0.001" /><testcase classname="tests.config.test_datasets_contracts" name="test_get_table_schemas_contains_expected_keys" time="0.000" /><testcase classname="tests.config.test_datasets_dataflow" name="test_build_contract_dataflow_graph_nodes_are_unique" time="0.001" /><testcase classname="tests.config.test_datasets_primitives" name="test_column_defaults" time="0.000" /><testcase classname="tests.config.test_datasets_primitives" name="test_composite_schema_source_column_names" time="0.000" /><testcase classname="tests.config.test_datasets_dataflow" name="test_iter_composite_edges_returns_iterator" time="0.000" /><testcase classname="tests.config.test_datasets_contracts" name="test_get_dataset_contracts_by_table_key_returns_dict" time="0.001" /><testcase classname="tests.config.test_datasets_primitives" name="test_table_schema_fq_name" time="0.000" /><testcase classname="tests.config.test_datasets_dataflow" name="test_build_contract_dataflow_graph_edges_are_unique" time="0.000" /><testcase classname="tests.config.test_datasets_primitives" name="test_index_creation" time="0.000" /><testcase classname="tests.config.test_datasets_primitives" name="test_composite_schema_get_source_for_column" time="0.000" /><testcase classname="tests.config.test_datasets_primitives" name="test_table_schema_column_names" time="0.000" /><testcase classname="tests.config.test_datasets_primitives" name="test_table_schema_with_indexes_and_primary_key" time="0.000" /><testcase classname="tests.config.test_datasets_sql" name="test_build_insert_sql_valid_table" time="0.000" /><testcase classname="tests.config.test_composite_schemas" name="test_composite_schema_sources_exist[function_profile]" time="0.001" /><testcase classname="tests.config.test_datasets_sql" name="test_build_delete_sql_with_repo_commit" time="0.000" /><testcase classname="tests.config.test_datasets_contracts" name="test_dataset_contract_column_names" time="0.000" /><testcase classname="tests.config.test_datasets_primitives" name="test_index_defaults" time="0.000" /><testcase classname="tests.config.test_subsystems_config" name="test_overrides_are_applied_and_typed" time="0.001" /><testcase classname="tests.config.test_datasets_sql" name="test_load_columns_by_table_returns_dict" time="0.001" /><testcase classname="tests.config.test_datasets_sql" name="test_get_table_columns_valid_table" time="0.000" /><testcase classname="tests.config.test_datasets_sql" name="test_get_table_columns_invalid_table_raises" time="0.000" /><testcase classname="tests.config.test_datasets_dataflow" name="test_dataflow_graph_contains_expected_tables" time="0.001" /><testcase classname="tests.config.test_serving_models_paths" name="test_normalize_optional_path_handles_none" time="0.000" /><testcase classname="tests.config.test_datasets_sql" name="test_build_insert_sql_invalid_table_raises" time="0.001" /><testcase classname="tests.core.test_core_types_normalizers" name="test_normalize_scip_document_filters_invalid_occurrences" time="0.001" /><testcase classname="tests.config.test_datasets_dataflow" name="test_iter_dependency_edges_returns_iterator" time="0.001" /><testcase classname="tests.config.test_graph_feature_flags" name="test_graph_runtime_options_resolve_eager_flag" time="0.001" /><testcase classname="tests.config.test_datasets_primitives" name="test_column_fragments_exist" time="0.000" /><testcase classname="tests.docs_export.test_export_edge_columns" name="test_call_graph_edges_export_includes_repo_commit" time="2.023" /><testcase classname="tests.config.test_datasets_dataflow" name="test_node_kind_literal" time="0.000" /><testcase classname="tests.config.test_datasets_sql" name="test_get_contract_columns_invalid_table_raises" time="0.000" /><testcase classname="tests.config.test_datasets_sql" name="test_serialize_row_basic" time="0.000" /><testcase classname="tests.config.test_datasets_sql" name="test_serialize_row_preserves_values" time="0.000" /><testcase classname="tests.config.test_datasets_sql" name="test_build_delete_sql_returns_none_for_no_repo_commit" time="0.000" /><testcase classname="tests.config.test_datasets_sql" name="test_build_insert_sql_by_table_returns_dict" time="0.001" /><testcase classname="tests.core.test_core_types_normalizers" name="test_normalize_pytest_entry_sanitizes_keywords_and_durations" time="0.001" /><testcase classname="tests.docs_export.test_export_defaults" name="test_default_validation_schemas_match_dataset_contract" time="0.000" /><testcase classname="tests.config.test_subsystems_config" name="test_invalid_overrides_raise[overrides0-integer]" time="0.001" /><testcase classname="tests.config.test_subsystems_config" name="test_invalid_overrides_raise[overrides1-integer]" time="0.001" /><testcase classname="tests.config.test_serving_models_paths" name="test_normalize_optional_path_resolves_strings" time="0.001" /><testcase classname="tests.config.test_serving_models_paths" name="test_serving_config_defaults_db_path_when_missing" time="0.001" /><testcase classname="tests.config.test_datasets_contracts" name="test_dataset_contract_has_row_binding" time="0.001" /><testcase classname="tests.config.test_datasets_contracts" name="test_dataset_contract_without_row_binding_raises" time="0.001" /><testcase classname="tests.config.test_datasets_contracts" name="test_dataset_contract_deprecation_fields_exist" time="0.000" /><testcase classname="tests.config.test_datasets_sql" name="test_get_contract_columns_valid_table" time="0.001" /><testcase classname="tests.cli.test_cli_scope_and_plan" name="test_cli_plugins_json_includes_enriched_metadata" time="0.007" /><testcase classname="tests.docs_export.test_export_runner" name="test_run_validated_exports_invokes_validator_before_exports" time="7.866" /><testcase classname="tests.config.test_datasets_sql" name="test_build_insert_sql_by_table_excludes_views" time="0.001" /><testcase classname="tests.config.test_subsystems_config" name="test_invalid_overrides_raise[overrides2-numeric]" time="0.001" /><testcase classname="tests.docs_export.test_export_defaults" name="test_schema_files_match_contract" time="0.001" /><testcase classname="tests.config.test_graph_feature_flags" name="test_graph_feature_flags_validate_limit" time="0.001" /><testcase classname="tests.config.test_serving_models_paths" name="test_serving_config_normalizes_db_path_when_provided" time="0.001" /><testcase classname="tests.docs_export.test_export_validation_models" name="test_data_model_field_schema_validates_fixture" time="0.003" /><testcase classname="tests.docs_export.test_validate_exports" name="test_validate_jsonl_happy_path" time="0.004" /><testcase classname="tests.docs_export.test_validate_exports" name="test_export_logs_problem_detail_on_validation_failure" time="7.814" /><testcase classname="tests.config.test_datasets_contracts" name="test_dataset_contract_deprecation_defaults" time="0.000" /><testcase classname="tests.docs_export.test_export_validation_models" name="test_data_model_relationship_schema_validates_fixture" time="0.002" /><testcase classname="tests.graphs.test_callgraph_resolution" name="test_resolve_callee_unresolved_returns_none" time="0.001" /><testcase classname="tests.cli.test_docs_export_cli" name="test_cmd_docs_export_invokes_validator_before_exports" time="7.894" /><testcase classname="tests.docs_export.test_validate_exports" name="test_validate_jsonl_failure" time="0.006" /><testcase classname="tests.graphs.test_callgraph_resolution" name="test_resolve_via_scip_uses_crosswalk_mapping" time="0.001" /><testcase classname="tests.graphs.test_callgraph_resolution" name="test_dedupe_includes_repo_commit_scope" time="0.000" /><testcase classname="tests.graphs.test_engine_factory" name="test_build_graph_engine_uses_backend_flags" time="1.899" /><testcase classname="tests.docs_export.test_validate_exports" name="test_docs_export_views_exist" time="6.659" /><testcase classname="tests.analytics.test_graph_service_unit" name="test_global_graph_stats_triangle" time="0.003" /><testcase classname="tests.analytics.test_graph_service_unit" name="test_centrality_undirected_empty_returns_zeroes" time="0.001" /><testcase classname="tests.analytics.test_graph_service_unit" name="test_neighbor_stats_with_weights" time="0.000" /><testcase classname="tests.analytics.test_graph_service_unit" name="test_component_metadata_cycles_and_layers" time="0.001" /><testcase classname="tests.analytics.test_graph_service_unit" name="test_bipartite_degrees_weight_and_centrality" time="0.001" /><testcase classname="tests.analytics.test_graph_service_unit" name="test_bounded_simple_path_count_caps_results" time="0.001" /><testcase classname="tests.analytics.test_graph_service_unit" name="test_projection_metrics_basic" time="0.001" /><testcase classname="tests.graphs.test_gpu_backend" name="test_maybe_enable_nx_gpu_raises_when_strict" time="0.004" /><testcase classname="tests.analytics.test_graph_stats_smoke" name="test_graph_stats_records_counts_for_basic_graphs" time="1.297"><failure message="AttributeError: 'GraphRuntimeOptions' object has no attribute 'context'">def test_graph_stats_records_counts_for_basic_graphs() -&gt; None:
        """Ensure graph_stats has entries after minimal graph ingestion."""
        gateway = open_ingestion_gateway(apply_schema=True, ensure_views=True, validate_schema=True)
        con = gateway.con
        insert_call_graph_nodes(
            gateway,
            [
                CallGraphNodeRow(1, "python", "function", 0, is_public=True, rel_path="pkg/a.py"),
                CallGraphNodeRow(2, "python", "function", 0, is_public=True, rel_path="pkg/b.py"),
            ],
        )
        insert_call_graph_edges(
            gateway,
            [
                CallGraphEdgeRow(
                    repo="demo/repo",
                    commit="deadbeef",
                    caller_goid_h128=1,
                    callee_goid_h128=2,
                    callsite_path="pkg/a.py",
                    callsite_line=1,
                    callsite_col=0,
                    language="python",
                    kind="direct",
                    resolved_via="local_name",
                    confidence=1.0,
                )
            ],
        )
        insert_import_graph_edges(
            gateway,
            [
                ImportGraphEdgeRow(
                    repo="demo/repo",
                    commit="deadbeef",
                    src_module="pkg.a",
                    dst_module="pkg.b",
                    src_fan_out=1,
                    dst_fan_in=1,
                    cycle_group=0,
                )
            ],
        )
    
&gt;       compute_graph_stats(gateway, repo="demo/repo", commit="deadbeef")

tests/analytics/test_graph_stats_smoke.py:63: 
_ _ _ _ _ _ _ _ _ _ _ _ _ _ _ _ _ _ _ _ _ _ _ _ _ _ _ _ _ _ _ _ _ _ _ _ _ _ _ _ _ _ _ _ _ _ _ _ _ _ _ _ _ _ _ _ _ _ _ _ _ _ _ _ _ _ _ _ _ _ _ _ _ _ _ _ _ _ _ _ _ _ _ _ _ _ _ _ _ _ _ _ _ _ _ _ _ _ _ _ _ _
src/codeintel/analytics/graphs/__init__.py:77: in _wrapper
    return _call_lazy(name, *args, **kwargs)
           ^^^^^^^^^^^^^^^^^^^^^^^^^^^^^^^^^
src/codeintel/analytics/graphs/__init__.py:72: in _call_lazy
    return attr(*args, **kwargs)
           ^^^^^^^^^^^^^^^^^^^^^
_ _ _ _ _ _ _ _ _ _ _ _ _ _ _ _ _ _ _ _ _ _ _ _ _ _ _ _ _ _ _ _ _ _ _ _ _ _ _ _ _ _ _ _ _ _ _ _ _ _ _ _ _ _ _ _ _ _ _ _ _ _ _ _ _ _ _ _ _ _ _ _ _ _ _ _ _ _ _ _ _ _ _ _ _ _ _ _ _ _ _ _ _ _ _ _ _ _ _ _ _ _

gateway = _DuckDBGateway(config=StorageConfig(db_path=PosixPath(':memory:'), read_only=False, apply_schema=True, ensure_views=Tr...ction object at 0x7cb3fdde55b0&gt;), analytics=AnalyticsTables(con=&lt;_duckdb.DuckDBPyConnection object at 0x7cb3fdde55b0&gt;))

    def compute_graph_stats(
        gateway: StorageGateway,
        *,
        repo: str,
        commit: str,
        runtime: GraphRuntime | GraphRuntimeOptions | None = None,
    ) -&gt; None:
        """
        Populate analytics.graph_stats for call/import and related graphs.
    
        Parameters
        ----------
        gateway :
            StorageGateway providing the DuckDB connection for source reads and destination writes.
        repo : str
            Repository identifier anchoring the metrics.
        commit : str
            Commit hash anchoring the metrics snapshot.
        runtime : GraphRuntime | GraphRuntimeOptions | None
            Optional runtime supplying cached graphs and backend selection.
        """
        runtime_opts = (
            runtime.options if isinstance(runtime, GraphRuntime) else runtime or GraphRuntimeOptions()
        )
        snapshot = runtime_opts.snapshot or SnapshotRef(repo=repo, commit=commit, repo_root=Path())
        resolved_runtime = resolve_graph_runtime(
            gateway,
            snapshot,
            runtime_opts,
&gt;           context=runtime_opts.context,
                    ^^^^^^^^^^^^^^^^^^^^
        )
E       AttributeError: 'GraphRuntimeOptions' object has no attribute 'context'

src/codeintel/analytics/graphs/graph_stats.py:57: AttributeError</failure></testcase><testcase classname="tests.cli.test_pipeline_cli" name="test_list_steps_all_phases_valid[graphs]" time="0.008" /><testcase classname="tests.config.test_datasets_sql" name="test_build_delete_sql_by_table_returns_dict" time="0.001" /><testcase classname="tests.config.test_datasets_sql" name="test_get_insert_sql_by_table_lazy_loading" time="0.001" /><testcase classname="tests.config.test_datasets_sql" name="test_get_delete_sql_by_table_lazy_loading" time="0.001" /><testcase classname="tests.config.test_datasets_sql" name="test_special_delete_constants_exist" time="0.000" /><testcase classname="tests.graphs.test_symbol_uses_module_fallback" name="test_partial_catalog_map_falls_back_to_db" time="5.607" /><testcase classname="tests.analytics.core.test_executor_helpers" name="test_execute_plugin_handles_execution_error" time="1.206" /><testcase classname="tests.analytics.test_graph_metric_filters" name="test_filter_subsystem_memberships_respects_allowlists" time="0.000" /><testcase classname="tests.analytics.test_graph_metric_filters" name="test_filter_subsystem_graph_prunes_nodes" time="0.001" /><testcase classname="tests.analytics.test_analytics_dataset_contracts" name="test_graph_metrics_functions_idempotent_and_fk_clean" time="1.280" /><testcase classname="tests.config.test_composite_schemas" name="test_composite_schema_profile_exists[module_profile]" time="0.001" /><testcase classname="tests.config.test_composite_schemas" name="test_composite_schema_profile_exists[test_profile]" time="0.000" /><testcase classname="tests.config.test_composite_schemas" name="test_composite_schema_validation_passes[function_profile]" time="0.001" /><testcase classname="tests.config.test_composite_schemas" name="test_composite_schema_validation_passes[file_profile]" time="0.001" /><testcase classname="tests.config.test_composite_schemas" name="test_composite_schema_validation_passes[module_profile]" time="0.001" /><testcase classname="tests.analytics.test_graph_plugin_catalog" name="test_build_plugin_catalog_includes_expected_fields" time="0.009" /><testcase classname="tests.analytics.test_graph_plugin_catalog" name="test_render_plugin_catalog_markdown_contains_examples" time="0.001" /><testcase classname="tests.analytics.test_graph_runtime_cache" name="test_disk_cache_round_trip" time="0.002" /><testcase classname="tests.analytics.test_graph_runtime_cache" name="test_disk_cache_mismatch_falls_back_to_loader" time="0.001" /><testcase classname="tests.docs_export.test_export_smoke" name="test_export_subset_validates_dataset_names" time="2.053" /><testcase classname="tests.graphs.test_import_resolver" name="test_collect_import_edges_relative_resolution" time="0.003" /><testcase classname="tests.graphs.test_import_resolver" name="test_collect_import_edges_deep_relative_and_multi_targets" time="0.001" /><testcase classname="tests.graphs.test_import_resolver" name="test_collect_aliases_handles_from_import_aliases_and_packages" time="0.001" /><testcase classname="tests.graphs.test_goid_builder_decorators" name="test_goid_start_line_includes_decorator_span" time="0.002" /><testcase classname="tests.graphs.test_gpu_backend" name="test_enable_nx_cugraph_backend_missing_module" time="0.001" /><testcase classname="tests.graphs.test_gpu_backend" name="test_enable_nx_cugraph_backend_invokes_setter" time="0.000" /><testcase classname="tests.graphs.test_gpu_backend" name="test_maybe_enable_nx_gpu_falls_back_when_missing" time="0.001" /><testcase classname="tests.ingestion.test_common_changes" name="test_compute_changes_tracks_add_modify_delete" time="1.254" /><testcase classname="tests.docs_export.test_export_edge_columns" name="test_import_graph_edges_export_includes_repo_commit" time="1.919" /><testcase classname="tests.analytics.core.test_executor_helpers" name="test_execute_plugin_records_success" time="1.178" /><testcase classname="tests.analytics.test_analytics_rows_contracts" name="test_function_metrics_row_matches_schema" time="0.001" /><testcase classname="tests.analytics.test_analytics_rows_contracts" name="test_function_types_row_matches_schema" time="0.000" /><testcase classname="tests.analytics.test_analytics_rows_contracts" name="test_test_profile_row_matches_schema" time="0.001" /><testcase classname="tests.ingestion.test_coverage_incremental" name="test_coverage_plugin_without_coverage_file_skips" time="1.170" /><testcase classname="tests.analytics.test_graph_stats_validation" name="test_graph_views_exist" time="2.025" /><testcase classname="tests.analytics.test_profiles" name="test_profile_builders_aggregate_expected_fields" time="2.001" /><testcase classname="tests.ingestion.test_coverage_incremental" name="test_coverage_ingest_runs_full_rebuild_with_tracker" time="1.191" /><testcase classname="tests.docs_export.test_export_smoke" name="test_export_helpers_resolve_dataset_names" time="2.136" /><testcase classname="tests.analytics.core.test_plugin_protocol" name="test_plugin_capability_kind[analytics.function_metrics-dataset-dataset]" time="0.001" /><testcase classname="tests.ingestion.test_ingest_run_incremental_ast" name="test_ast_extract_plugin_succeeds_with_tracker" time="1.348" /><testcase classname="tests.ingestion.test_docstrings_inventory" name="test_docstrings_respects_scan_profile_and_module_inventory" time="1.307" /><testcase classname="tests.ingestion.test_coverage_incremental" name="test_coverage_plugin_executes_with_tracker" time="1.214" /><testcase classname="tests.ingestion.test_ingest_run_incremental_ast" name="test_ast_extract_plugin_succeeds_with_no_modules" time="1.108" /><testcase classname="tests.ingestion.test_docstrings_inventory" name="test_docstrings_uses_module_inventory_not_filesystem_scan" time="1.149" /><testcase classname="tests.docs_export.test_export_smoke" name="test_export_validation_runs_against_registry" time="1.382" /><testcase classname="tests.docs_export.test_export_validation_flag" name="test_docs_export_validation_flag_triggers_schema_check" time="10.452" /><testcase classname="tests.ingestion.test_ingest_run_incremental_ast" name="test_cst_extract_plugin_succeeds_with_tracker" time="1.100" /><testcase classname="tests.cli.test_history_timeseries_cli" name="test_history_timeseries_cli_happy_path" time="19.038" /><testcase classname="tests.graphs.test_symbol_uses_module_fallback" name="test_no_module_mapping_keeps_same_module_false" time="5.430" /><testcase classname="tests.ingestion.test_ingest_run_incremental_ast" name="test_plugin_result_ok_with_row_counts" time="0.000" /><testcase classname="tests.ingestion.test_no_ad_hoc_changes" name="test_no_ad_hoc_change_detection[path2]" time="0.001" /><testcase classname="tests.ingestion.test_py_ast_extract" name="test_ast_visitor_records_decorator_span" time="0.000" /><testcase classname="tests.ingestion.test_runner_plumbing" name="test_repo_scan_honors_scan_profile" time="1.058" /><testcase classname="tests.ingestion.test_ingest_run_reporting" name="test_plugin_skip_result" time="0.000" /><testcase classname="tests.ingestion.test_ingest_run_reporting" name="test_plugin_fail_result" time="0.000" /><testcase classname="tests.ingestion.test_module_inventory" name="test_source_scanner_only_used_in_repo_scan_and_config_ingest" time="0.001" /><testcase classname="tests.ingestion.test_scip_ingest" name="test_scip_ingest_result_factory" time="0.000" /><testcase classname="tests.ingestion.test_step_registry" name="test_registry_includes_all_expected_plugins" time="0.000" /><testcase classname="tests.ingestion.test_step_registry" name="test_metadata_exposes_tables_and_deps" time="0.000" /><testcase classname="tests.ingestion.test_step_registry" name="test_plan_respects_dependencies" time="0.000" /><testcase classname="tests.ingestion.test_step_registry" name="test_custom_plugin_registry_execution" time="1.027" /><testcase classname="tests.analytics.test_functions_validation" name="test_records_validation_when_parse_fails" time="6.491"><failure message="AttributeError: 'FunctionAnalyticsOptions' object has no attribute 'context'">fresh_gateway = _DuckDBGateway(config=StorageConfig(db_path=PosixPath('/tmp/pytest-of-paul/pytest-314/popen-gw31/test_records_validati...ction object at 0x7323786af0b0&gt;), analytics=AnalyticsTables(con=&lt;_duckdb.DuckDBPyConnection object at 0x7323786af0b0&gt;))
tmp_path = PosixPath('/tmp/pytest-of-paul/pytest-314/popen-gw31/test_records_validation_when_p0')

    def test_records_validation_when_parse_fails(fresh_gateway: StorageGateway, tmp_path: Path) -&gt; None:
        """Parse errors are persisted to analytics.function_validation."""
        gateway = fresh_gateway
        con = gateway.con
    
        rel_path = "mod.py"
        file_path = tmp_path / rel_path
        file_path.parent.mkdir(parents=True, exist_ok=True)
        file_path.write_text("def broken(:\n    return 1\n", encoding="utf-8")
        _insert_goid(gateway, rel_path=rel_path, qualname="pkg.mod.broken")
    
        builder = ConfigBuilder.from_snapshot(
            repo="demo/repo",
            commit="deadbeef",
            repo_root=tmp_path,
        )
        cfg = builder.function_analytics(fail_on_missing_spans=False)
&gt;       summary = compute_function_metrics_and_types(gateway, cfg)
                  ^^^^^^^^^^^^^^^^^^^^^^^^^^^^^^^^^^^^^^^^^^^^^^^^

tests/analytics/test_functions_validation.py:61: 
_ _ _ _ _ _ _ _ _ _ _ _ _ _ _ _ _ _ _ _ _ _ _ _ _ _ _ _ _ _ _ _ _ _ _ _ _ _ _ _ _ _ _ _ _ _ _ _ _ _ _ _ _ _ _ _ _ _ _ _ _ _ _ _ _ _ _ _ _ _ _ _ _ _ _ _ _ _ _ _ _ _ _ _ _ _ _ _ _ _ _ _ _ _ _ _ _ _ _ _ _ _
src/codeintel/analytics/functions/metrics.py:774: in compute_function_metrics_and_types
    if opts.has_ast_data():
       ^^^^^^^^^^^^^^^^^^^
_ _ _ _ _ _ _ _ _ _ _ _ _ _ _ _ _ _ _ _ _ _ _ _ _ _ _ _ _ _ _ _ _ _ _ _ _ _ _ _ _ _ _ _ _ _ _ _ _ _ _ _ _ _ _ _ _ _ _ _ _ _ _ _ _ _ _ _ _ _ _ _ _ _ _ _ _ _ _ _ _ _ _ _ _ _ _ _ _ _ _ _ _ _ _ _ _ _ _ _ _ _

self = FunctionAnalyticsOptions(validation_reporter=None, function_ast_map=None, missing_function_goids=set())

    def has_ast_data(self) -&gt; bool:
        """Check if AST data is available from any source.
    
        Returns
        -------
        bool
            True if AST data is available.
        """
&gt;       if self.context is not None:
           ^^^^^^^^^^^^
E       AttributeError: 'FunctionAnalyticsOptions' object has no attribute 'context'

src/codeintel/analytics/functions/config.py:76: AttributeError</failure></testcase><testcase classname="tests._helpers.test_gateway_fixtures" name="test_build_duckdb_backend_defaults_to_gateway_config" time="6.491" /><testcase classname="tests._helpers.test_gateway_fixtures" name="test_scope_parsing_service_round_trips_graph_scope" time="0.001" /><testcase classname="tests._helpers.test_helpers_roundtrip" name="test_provisioned_gateway_round_trip" time="1.813" /><testcase classname="tests._helpers.test_helpers_roundtrip" name="test_builder_inserts_round_trip" time="6.636" /><testcase classname="tests.analytics.test_cfg_dfg_metrics_ext" name="test_dfg_metrics_ext_counts_use_kinds_and_paths" time="6.986" /><testcase classname="tests.analytics.test_catalog_provider_usage" name="test_symbol_uses_respects_catalog_module_map" time="6.703" /><testcase classname="tests.analytics.test_symbol_config_metrics" name="test_symbol_and_config_metrics_populate_and_views_create" time="6.699"><failure message="AttributeError: 'GraphRuntimeOptions' object has no attribute 'context'">fresh_gateway = _DuckDBGateway(config=StorageConfig(db_path=PosixPath('/tmp/pytest-of-paul/pytest-314/popen-gw13/test_symbol_and_confi...ction object at 0x7f6b1bc024f0&gt;), analytics=AnalyticsTables(con=&lt;_duckdb.DuckDBPyConnection object at 0x7f6b1bc024f0&gt;))

    def test_symbol_and_config_metrics_populate_and_views_create(
        fresh_gateway: StorageGateway,
    ) -&gt; None:
        """Compute symbol/config metrics and verify derived views materialize."""
        gateway = fresh_gateway
        con = gateway.con
        insert_modules(
            gateway,
            [
                ModuleRow(module="pkg.a", path="pkg/a.py", repo=REPO, commit=COMMIT),
                ModuleRow(module="pkg.b", path="pkg/b.py", repo=REPO, commit=COMMIT),
            ],
        )
        insert_symbol_use_edges(
            gateway,
            [
                SymbolUseEdgeRow(
                    symbol="sym",
                    def_path="pkg/a.py",
                    use_path="pkg/b.py",
                    same_file=False,
                    same_module=False,
                )
            ],
        )
        insert_config_values(
            gateway,
            [
                ConfigValueRow(
                    repo=REPO,
                    commit=COMMIT,
                    config_path="cfg/app.yaml",
                    format="yaml",
                    key="feature.flag",
                    reference_paths=[],
                    reference_modules=["pkg.a", "pkg.b"],
                    reference_count=2,
                )
            ],
        )
    
&gt;       compute_symbol_graph_metrics_modules(gateway, repo=REPO, commit=COMMIT)

tests/analytics/test_symbol_config_metrics.py:77: 
_ _ _ _ _ _ _ _ _ _ _ _ _ _ _ _ _ _ _ _ _ _ _ _ _ _ _ _ _ _ _ _ _ _ _ _ _ _ _ _ _ _ _ _ _ _ _ _ _ _ _ _ _ _ _ _ _ _ _ _ _ _ _ _ _ _ _ _ _ _ _ _ _ _ _ _ _ _ _ _ _ _ _ _ _ _ _ _ _ _ _ _ _ _ _ _ _ _ _ _ _ _
src/codeintel/analytics/graphs/__init__.py:77: in _wrapper
    return _call_lazy(name, *args, **kwargs)
           ^^^^^^^^^^^^^^^^^^^^^^^^^^^^^^^^^
src/codeintel/analytics/graphs/__init__.py:72: in _call_lazy
    return attr(*args, **kwargs)
           ^^^^^^^^^^^^^^^^^^^^^
_ _ _ _ _ _ _ _ _ _ _ _ _ _ _ _ _ _ _ _ _ _ _ _ _ _ _ _ _ _ _ _ _ _ _ _ _ _ _ _ _ _ _ _ _ _ _ _ _ _ _ _ _ _ _ _ _ _ _ _ _ _ _ _ _ _ _ _ _ _ _ _ _ _ _ _ _ _ _ _ _ _ _ _ _ _ _ _ _ _ _ _ _ _ _ _ _ _ _ _ _ _

gateway = _DuckDBGateway(config=StorageConfig(db_path=PosixPath('/tmp/pytest-of-paul/pytest-314/popen-gw13/test_symbol_and_confi...ction object at 0x7f6b1bc024f0&gt;), analytics=AnalyticsTables(con=&lt;_duckdb.DuckDBPyConnection object at 0x7f6b1bc024f0&gt;))

    def compute_symbol_graph_metrics_modules(
        gateway: StorageGateway,
        *,
        repo: str,
        commit: str,
        runtime: GraphRuntime | GraphRuntimeOptions | None = None,
    ) -&gt; None:
        """Populate analytics.symbol_graph_metrics_modules from module symbol coupling."""
        runtime_opts = (
            runtime.options if isinstance(runtime, GraphRuntime) else runtime or GraphRuntimeOptions()
        )
        snapshot = runtime_opts.snapshot or SnapshotRef(repo=repo, commit=commit, repo_root=Path())
        resolved_runtime = resolve_graph_runtime(
            gateway,
            snapshot,
            runtime_opts,
&gt;           context=runtime_opts.context,
                    ^^^^^^^^^^^^^^^^^^^^
        )
E       AttributeError: 'GraphRuntimeOptions' object has no attribute 'context'

src/codeintel/analytics/graphs/symbol_graph_metrics.py:52: AttributeError</failure></testcase><testcase classname="tests.analytics.test_feature_flags_behavior" name="test_eager_hydration_respects_feature_override" time="6.701" /><testcase classname="tests.graphs.test_backend_selection" name="test_build_graph_runtime_captures_backend_info" time="7.621" /><testcase classname="tests.analytics.test_function_history" name="test_function_history_respects_min_threshold" time="6.812" /><testcase classname="tests.config.test_ingestion_schema_registry" name="test_ingestion_sql_tables_match_schema" time="7.086" /><testcase classname="tests.docs_export.test_function_validation_export" name="test_function_validation_export" time="8.349" /><testcase classname="tests.docs_export.test_validate_exports" name="test_export_raises_on_validation_failure" time="7.985" /><testcase classname="tests.analytics.test_function_metrics_plugin_runtime" name="test_function_metrics_plugin_executes" time="1.075"><failure message="Failed: Plugin did not succeed: failed">tmp_path = PosixPath('/tmp/pytest-of-paul/pytest-314/popen-gw26/test_function_metrics_plugin_e0')

    def test_function_metrics_plugin_executes(tmp_path: Path) -&gt; None:
        """Execute the function metrics plugin end-to-end through the analytics harness."""
        gateway = open_memory_gateway(apply_schema=True, ensure_views=True, validate_schema=True)
        repo = "demo/repo"
        commit = "abc123"
        _seed_function(gateway, tmp_path, repo=repo, commit=commit)
    
        snapshot = SnapshotRef(repo=repo, commit=commit, repo_root=tmp_path)
        cfg = FunctionAnalyticsStepConfig(snapshot=snapshot)
        policy = GraphPluginPolicy()
        scope = GraphRunScope()
    
        plan = plan_analytics_plugin_run(
            AnalyticsPlanRequest(
                plugin_names=(FUNCTION_METRICS_PLUGIN.metadata.name,),
                policy=policy,
                repo=cfg.repo,
                commit=cfg.commit,
                scope=scope,
                prior_manifest={},
                cfg_options={},
                runtime_options={},
                run_id="test-run",
            )
        )
    
        report = run_analytics_plugins(
            plan=plan,
            run_context=AnalyticsRunContext(
                gateway=gateway,
                graph_runtime=None,
                cfgs={"function": cfg},
                extra={},
                catalog_provider=None,
            ),
        )
    
        if len(report.records) != 1:
            msg = "Expected a single run record for the metrics plugin."
            pytest.fail(msg)
        rec = report.records[0]
        if rec.name != FUNCTION_METRICS_PLUGIN.metadata.name:
            msg = "Unexpected plugin name in run record."
            pytest.fail(msg)
        if rec.status != "succeeded":
            msg = f"Plugin did not succeed: {rec.status}"
&gt;           pytest.fail(msg)
E           Failed: Plugin did not succeed: failed

tests/analytics/test_function_metrics_plugin_runtime.py:97: Failed</failure></testcase><testcase classname="tests.ingestion.test_ingest_run_reporting" name="test_plugin_execution_success" time="1.186" /><testcase classname="tests.graphs.test_graph_validation_catalog" name="test_graph_validation_orphan_uses_catalog_map" time="7.571" /><testcase classname="tests.analytics.test_cli_parser" name="test_function_parser_invalid_exits" time="0.008" /><testcase classname="tests.analytics.test_cli_parser" name="test_function_parser_default_none" time="0.006" /><testcase classname="tests.analytics.test_dependencies_config_values" name="test_load_config_keys_filters_repo" time="6.622" /><testcase classname="tests.analytics.test_evidence" name="test_evidence_collector_deduplicates_and_truncates" time="0.001" /><testcase classname="tests.cli.test_pipeline_cli" name="test_list_steps_all_phases_valid[analytics]" time="0.011" /><testcase classname="tests.cli.test_pipeline_cli" name="test_list_steps_all_phases_valid[export]" time="0.009" /><testcase classname="tests.cli.test_pipeline_cli" name="test_deps_text_output" time="0.007" /><testcase classname="tests.cli.test_pipeline_cli" name="test_deps_json_output" time="0.008" /><testcase classname="tests.cli.test_pipeline_cli" name="test_deps_unknown_step" time="0.226" /><testcase classname="tests.ingestion.test_runner_plumbing" name="test_coverage_ingest_uses_runner" time="1.768" /><testcase classname="tests.ingestion.test_step_registry" name="test_disabled_plugins_are_skipped" time="0.001" /><testcase classname="tests.lint.test_no_legacy_data_model_json" name="test_no_legacy_json_usage_outside_whitelist" time="0.027" /><testcase classname="tests.config.test_serving_graph_features" name="test_serving_config_from_env_graph_features" time="0.001" /><testcase classname="tests.config.test_serving_graph_features" name="test_serving_config_validates_graph_features" time="0.001" /><testcase classname="tests.analytics.test_graph_metrics_calculations" name="test_compute_function_graph_metrics_counts_and_cycles" time="1.337" /><testcase classname="tests.analytics.test_subsystems" name="test_subsystems_cluster_and_risk_aggregation" time="6.609" /><testcase classname="tests.config.test_composite_schemas" name="test_composite_has_sources[module_profile]" time="0.001" /><testcase classname="tests.config.test_composite_schemas" name="test_composite_has_sources[test_profile]" time="0.000" /><testcase classname="tests.config.test_composite_schemas" name="test_composite_has_shared_fragments[function_profile]" time="0.000" /><testcase classname="tests.config.test_composite_schemas" name="test_composite_has_shared_fragments[file_profile]" time="0.000" /><testcase classname="tests.config.test_composite_schemas" name="test_composite_has_shared_fragments[module_profile]" time="0.000" /><testcase classname="tests.graphs.test_validation" name="test_run_graph_validations_snapshot_mismatch_raises" time="7.406" /><testcase classname="tests._helpers.test_helpers_roundtrip" name="test_loose_gateway_allows_schema_drift" time="6.397" /><testcase classname="tests.graphs.test_callgraph_builder" name="test_callgraph_handles_aliases_and_relative_imports" time="1.310" /><testcase classname="tests.ingestion.test_tool_service" name="test_tool_service_pyright_parses_errors" time="0.570" /><testcase classname="tests.analytics.test_function_profile_contract" name="test_function_profile_tuple_alignment" time="0.001" /><testcase classname="tests.analytics.test_function_profile_contract" name="test_file_profile_tuple_alignment" time="0.000" /><testcase classname="tests.analytics.test_function_profile_contract" name="test_module_profile_tuple_alignment" time="0.001" /><testcase classname="tests.graphs.test_backend_selection" name="test_maybe_enable_nx_gpu_success" time="0.001" /><testcase classname="tests.graphs.test_backend_selection" name="test_maybe_enable_nx_gpu_fallback" time="0.002" /><testcase classname="tests.graphs.test_backend_selection" name="test_maybe_enable_nx_gpu_strict_raises" time="0.001" /><testcase classname="tests.ingestion.test_ingest_run_reporting" name="test_plugin_execution_succeeds_without_tracker_in_scratch" time="1.188" /><testcase classname="tests.graphs.test_engine_factory" name="test_build_graph_engine_cpu_backend_leaves_env_clean" time="1.112" /><testcase classname="tests.graphs.test_validation_flags" name="test_validation_non_strict_allows_warnings" time="6.566" /><testcase classname="tests.graphs.test_span_consistency_integration" name="test_span_alignment_across_components" time="6.752" /><testcase classname="tests.ingestion.test_subprocess_policy" name="test_no_direct_subprocess_usage_outside_tooling" time="0.027" /><testcase classname="tests.ingestion.test_tool_plugins" name="test_pyright_plugin_not_found_downgrades" time="0.003" /><testcase classname="tests.ingestion.test_tool_plugins" name="test_pyright_plugin_ok_status" time="0.001" /><testcase classname="tests.mcp.test_registry_limits_parity" name="test_limits_parity_between_local_and_remote_configs" time="0.001" /><testcase classname="tests.mcp.test_registry_limits_parity" name="test_registry_helper_matches_base_registry" time="0.000" /><testcase classname="tests.ingestion.test_tool_service" name="test_tool_service_pyrefly_parses_errors" time="0.581" /><testcase classname="tests.analytics.test_graph_metrics_calculations" name="test_compute_module_graph_metrics_with_symbol_coupling" time="1.288" /><testcase classname="tests.ingestion.test_runner_plumbing" name="test_typing_ingest_uses_shared_runner" time="0.000"><skipped type="pytest.skip" message="Schema mismatch: StaticDiagnosticRow (6 cols) vs static_diagnostics table (8 cols)">/home/paul/CodeIntel/tests/ingestion/test_runner_plumbing.py:104: Schema mismatch: StaticDiagnosticRow (6 cols) vs static_diagnostics table (8 cols)</skipped></testcase><testcase classname="tests.ingestion.test_scip_ingest" name="test_ingest_scip_produces_artifacts" time="5.461"><failure message="RuntimeError: There is no current event loop in thread 'MainThread'.">tmp_path = PosixPath('/tmp/pytest-of-paul/pytest-314/popen-gw7/test_ingest_scip_produces_arti0')

    def test_ingest_scip_produces_artifacts(tmp_path: Path) -&gt; None:
        """
        Ensure scip_ingest generates SCIP artifacts and registers scip_index_view.
    
        Skips if scip-python or scip binaries are unavailable.
        """
        if shutil.which("scip-python") is None or shutil.which("scip") is None:
            pytest.skip("scip-python or scip not available on PATH")
    
        repo_root = tmp_path / "repo"
        repo_root.mkdir(parents=True, exist_ok=True)
        (repo_root / ".git").mkdir()
    
        pkg_dir = repo_root / "pkg"
        pkg_dir.mkdir()
        (pkg_dir / "__init__.py").write_text("", encoding="utf8")
        (pkg_dir / "mod.py").write_text("def foo(x: int) -&gt; int:\n    return x + 1\n", encoding="utf8")
    
        build_dir = repo_root / "build"
        document_output_dir = repo_root / "document_output"
        db_path = build_dir / "db" / "codeintel_prefect.duckdb"
        db_path.parent.mkdir(parents=True, exist_ok=True)
    
        _ = BuildPaths.from_layout(
            repo_root=repo_root,
            build_dir=build_dir,
            db_path=db_path,
            document_output_dir=document_output_dir,
        )
    
        gateway = open_gateway(
            StorageConfig(db_path=db_path, apply_schema=True, ensure_views=True, validate_schema=True)
        )
        try:
            # Create adapters
            storage = DuckDBStorageAdapter(gateway)
            tools_config = ToolsConfig.default()
            cache_dir = repo_root / "build" / ".tool_cache"
            cache_dir.mkdir(parents=True, exist_ok=True)
            runner = ToolRunner(tools_config=tools_config, cache_dir=cache_dir)
            tool_service = ToolService(runner, tools_config)
            tools = ToolRunnerAdapter(tool_service)
    
            # Create config
            scip_dir = build_dir / "scip"
            scip_dir.mkdir(parents=True, exist_ok=True)
            config = ScipIngestConfig(
                repo="demo/repo",
                commit="deadbeef",
                repo_root=repo_root,
                output_scip=scip_dir / "index.scip",
                output_json=scip_dir / "index.scip.json",
            )
    
            # Execute step
            step = ScipIngestStep(storage=storage, tools=tools)
&gt;           result = asyncio.get_event_loop().run_until_complete(
                     ^^^^^^^^^^^^^^^^^^^^^^^^
                step.execute_async([], config)
            )

tests/ingestion/test_scip_ingest.py:80: 
_ _ _ _ _ _ _ _ _ _ _ _ _ _ _ _ _ _ _ _ _ _ _ _ _ _ _ _ _ _ _ _ _ _ _ _ _ _ _ _ _ _ _ _ _ _ _ _ _ _ _ _ _ _ _ _ _ _ _ _ _ _ _ _ _ _ _ _ _ _ _ _ _ _ _ _ _ _ _ _ _ _ _ _ _ _ _ _ _ _ _ _ _ _ _ _ _ _ _ _ _ _

self = &lt;asyncio.unix_events._UnixDefaultEventLoopPolicy object at 0x732fcc04b770&gt;

    def get_event_loop(self):
        """Get the event loop for the current context.
    
        Returns an instance of EventLoop or raises an exception.
        """
        if (self._local._loop is None and
                not self._local._set_called and
                threading.current_thread() is threading.main_thread()):
            stacklevel = 2
            try:
                f = sys._getframe(1)
            except AttributeError:
                pass
            else:
                # Move up the call stack so that the warning is attached
                # to the line outside asyncio itself.
                while f:
                    module = f.f_globals.get('__name__')
                    if not (module == 'asyncio' or module.startswith('asyncio.')):
                        break
                    f = f.f_back
                    stacklevel += 1
            import warnings
            warnings.warn('There is no current event loop',
                          DeprecationWarning, stacklevel=stacklevel)
            self.set_event_loop(self.new_event_loop())
    
        if self._local._loop is None:
&gt;           raise RuntimeError('There is no current event loop in thread %r.'
                               % threading.current_thread().name)
E           RuntimeError: There is no current event loop in thread 'MainThread'.

../.local/share/uv/python/cpython-3.13.9-linux-x86_64-gnu/lib/python3.13/asyncio/events.py:716: RuntimeError</failure></testcase><testcase classname="tests.ingestion.test_tool_service" name="test_tool_service_coverage_reports" time="0.569" /><testcase classname="tests.orchestration.test_graph_engine_sharing" name="test_engine_reuse_across_semantic_roles" time="1.103"><failure message="Failed: Semantic roles step did not persist any classifications">tmp_path = PosixPath('/tmp/pytest-of-paul/pytest-314/popen-gw22/test_engine_reuse_across_seman0')

    def test_engine_reuse_across_semantic_roles(tmp_path: Path) -&gt; None:
        """Semantic roles should reuse the shared engine without rebuilding."""
        gateway = open_ingestion_gateway(apply_schema=True, ensure_views=True, validate_schema=True)
        snapshot = SnapshotRef(repo_root=tmp_path, repo="demo/repo", commit="deadbeef")
        graph_backend = GraphBackendConfig(use_gpu=False, backend="cpu", strict=False)
        build_dir = tmp_path / "build"
        paths = BuildPaths.from_layout(
            repo_root=tmp_path,
            build_dir=build_dir,
            db_path=gateway.config.db_path,
        )
        ctx = orchestration_steps.PipelineContext(
            snapshot=snapshot,
            paths=paths,
            gateway=gateway,
            tools=ToolsConfig.default(),
            code_profile_cfg=_scan_profile(tmp_path),
            config_profile_cfg=_scan_profile(tmp_path),
            graph_backend_cfg=graph_backend,
        )
    
        try:
            _seed_semantic_roles_prereqs(gateway, snapshot.repo, snapshot.commit)
            engine = orchestration_steps.ensure_graph_engine(ctx)
            step = SemanticRolesStep()
            step.run(ctx)
            if ctx.graph_engine is not engine:
                pytest.fail("Engine was rebuilt during semantic roles step")
            rows = gateway.con.execute(
                """
                SELECT COUNT(*) FROM analytics.semantic_roles_functions
                WHERE repo = ? AND commit = ?
                """,
                [snapshot.repo, snapshot.commit],
            ).fetchone()
            count = int(rows[0]) if rows is not None else 0
            if count == 0:
&gt;               pytest.fail("Semantic roles step did not persist any classifications")
E               Failed: Semantic roles step did not persist any classifications

tests/orchestration/test_graph_engine_sharing.py:168: Failed</failure></testcase><testcase classname="tests.graphs.test_callgraph_resolution" name="test_resolve_callee_precedence_local_then_alias" time="0.000" /><testcase classname="tests.graphs.test_callgraph_resolution" name="test_resolve_callee_import_alias_global_attr_chain" time="0.000" /><testcase classname="tests.orchestration.test_pipeline_catalog_reuse" name="test_steps_share_function_catalog" time="5.651"><failure message="TypeError: build_call_graph() got an unexpected keyword argument 'catalog_provider'. Did you mean '_catalog_provider'?">tmp_path = PosixPath('/tmp/pytest-of-paul/pytest-314/popen-gw19/test_steps_share_function_cata0')

    def test_steps_share_function_catalog(tmp_path: Path) -&gt; None:
        """Pipeline steps should reuse a single cached function catalog."""
        repo_root = tmp_path / "repo"
        _write_repo(repo_root)
    
        db_path = tmp_path / "db.duckdb"
        gateway = open_gateway(
            StorageConfig(db_path=db_path, apply_schema=True, ensure_views=True, validate_schema=True)
        )
        snapshot = SnapshotRef(repo_root=repo_root, repo="r", commit="c")
        profiles = ScanProfiles(
            code=default_code_profile(repo_root),
            config=default_config_profile(repo_root),
        )
        paths = BuildPaths.from_layout(
            repo_root=repo_root,
            build_dir=tmp_path / "build",
            db_path=db_path,
        )
        ctx = PipelineContext(
            snapshot=snapshot,
            paths=paths,
            gateway=gateway,
            tools=ToolsConfig.model_validate({}),
            code_profile_cfg=profiles.code,
            config_profile_cfg=profiles.config,
            graph_backend_cfg=GraphBackendConfig(),
        )
    
        RepoScanStep().run(ctx)
        AstStep().run(ctx)
        GoidsStep().run(ctx)
    
&gt;       CallGraphStep().run(ctx)

tests/orchestration/test_pipeline_catalog_reuse.py:75: 
_ _ _ _ _ _ _ _ _ _ _ _ _ _ _ _ _ _ _ _ _ _ _ _ _ _ _ _ _ _ _ _ _ _ _ _ _ _ _ _ _ _ _ _ _ _ _ _ _ _ _ _ _ _ _ _ _ _ _ _ _ _ _ _ _ _ _ _ _ _ _ _ _ _ _ _ _ _ _ _ _ _ _ _ _ _ _ _ _ _ _ _ _ _ _ _ _ _ _ _ _ _

self = CallGraphStep(name='callgraph', description='Build static call graph nodes and edges from CST/AST analysis.', phase=&lt;StepPhase.GRAPHS: 'graphs'&gt;, deps=('goids', 'repo_scan'))
ctx = PipelineContext(snapshot=SnapshotRef(repo='r', commit='c', repo_root=PosixPath('/tmp/pytest-of-paul/pytest-314/popen-g...th=None), graph_runtime=None, export_datasets=None, export_validation_profile=None, force_full_export=False, run_id='')

    def run(self, ctx: PipelineContext) -&gt; None:
        """Construct static call graph nodes and edges."""
        _log_step(self.name)
        gateway = ctx.gateway
        catalog = _function_catalog(ctx)
        cfg = ctx.config_builder().call_graph(
            cst_collector=ctx.cst_collector,
            ast_collector=ctx.ast_collector,
        )
&gt;       build_call_graph(gateway, cfg, catalog_provider=catalog)
E       TypeError: build_call_graph() got an unexpected keyword argument 'catalog_provider'. Did you mean '_catalog_provider'?

src/codeintel/pipeline/orchestration/steps_graphs.py:62: TypeError</failure></testcase><testcase classname="tests.graphs.test_engine_nx" name="test_engine_matches_nx_views_for_core_graphs" time="1.106" /><testcase classname="tests.docs_export.test_export_smoke" name="test_export_all_writes_expected_files" time="2.626" /><testcase classname="tests.analytics.test_graph_stats_validation" name="test_graph_stats_include_symbol_and_config_graphs" time="6.534"><failure message="AttributeError: 'GraphRuntimeOptions' object has no attribute 'context'">fresh_gateway = _DuckDBGateway(config=StorageConfig(db_path=PosixPath('/tmp/pytest-of-paul/pytest-314/popen-gw28/test_graph_stats_incl...ction object at 0x72a22515a830&gt;), analytics=AnalyticsTables(con=&lt;_duckdb.DuckDBPyConnection object at 0x72a22515a830&gt;))

    def test_graph_stats_include_symbol_and_config_graphs(
        fresh_gateway: StorageGateway,
    ) -&gt; None:
        """Ensure graph_stats covers symbol, function, and config projections."""
        gateway = fresh_gateway
        con = gateway.con
        _seed_modules(gateway)
        insert_symbol_use_edges(
            gateway,
            [
                SymbolUseEdgeRow(
                    symbol="sym1",
                    def_path="pkg/a.py",
                    use_path="pkg/b.py",
                    same_file=False,
                    same_module=False,
                    def_goid_h128=1,
                    use_goid_h128=2,
                )
            ],
        )
        insert_config_values(
            gateway,
            [
                ConfigValueRow(
                    repo=REPO,
                    commit=COMMIT,
                    config_path="cfg/app.yaml",
                    format="yaml",
                    key="feature.flag",
                    reference_paths=[],
                    reference_modules=["pkg.a", "pkg.b"],
                    reference_count=2,
                )
            ],
        )
    
&gt;       compute_graph_stats(gateway, repo=REPO, commit=COMMIT)

tests/analytics/test_graph_stats_validation.py:96: 
_ _ _ _ _ _ _ _ _ _ _ _ _ _ _ _ _ _ _ _ _ _ _ _ _ _ _ _ _ _ _ _ _ _ _ _ _ _ _ _ _ _ _ _ _ _ _ _ _ _ _ _ _ _ _ _ _ _ _ _ _ _ _ _ _ _ _ _ _ _ _ _ _ _ _ _ _ _ _ _ _ _ _ _ _ _ _ _ _ _ _ _ _ _ _ _ _ _ _ _ _ _
src/codeintel/analytics/graphs/__init__.py:77: in _wrapper
    return _call_lazy(name, *args, **kwargs)
           ^^^^^^^^^^^^^^^^^^^^^^^^^^^^^^^^^
[...]
        )
        ctx = PipelineContext(
            snapshot=snapshot,
            paths=paths,
            gateway=gateway,
            function_catalog=provider,
            tools=ToolsConfig.model_validate({}),
            code_profile_cfg=profiles.code,
            config_profile_cfg=profiles.config,
            graph_backend_cfg=GraphBackendConfig(),
        )
    
        RiskFactorsStep().run(ctx)
    
        row = con.execute(
            "SELECT rel_path, risk_level FROM analytics.goid_risk_factors WHERE repo = 'r' AND commit = 'c'"
        ).fetchone()
        if row is None:
&gt;           pytest.fail("risk_factors row missing")
E           Failed: risk_factors row missing

tests/orchestration/test_risk_factors_catalog_fallback.py:89: Failed</failure></testcase><testcase classname="tests.server.test_meta_dataflow" name="test_meta_dataflow_endpoint_smoke" time="1.692" /><testcase classname="tests.serving.test_domain_builders" name="test_object_builders_return_not_found_on_none[build_function_profile-profile]" time="0.001" /><testcase classname="tests.storage.test_dataflow_graph" name="test_contract_dataflow_includes_all_datasets" time="0.001" /><testcase classname="tests.storage.test_dataflow_graph" name="test_composite_edges_align_with_composite_schemas" time="0.001" /><testcase classname="tests.storage.test_dataflow_graph" name="test_metadata_dataflow_tables_populated" time="1.092" /><testcase classname="tests.server.test_fastapi" name="test_function_summary_not_found" time="5.591" /><testcase classname="tests.services.test_query_service" name="test_http_read_dataset_rows_clamps_limit" time="0.001" /><testcase classname="tests.storage.test_dataset_catalog" name="test_catalog_handles_missing_samples" time="0.001" /><testcase classname="tests.storage.test_dataset_catalog" name="test_catalog_sampling_gracefully_falls_back" time="0.039" /><testcase classname="tests.storage.test_dataset_catalog" name="test_catalog_sampling_strict_raises" time="0.043" /><testcase classname="tests.analytics.test_runtime_pool" name="test_pool_lru_eviction" time="7.396" /><testcase classname="tests.storage.test_dataset_catalog" name="test_catalog_missing_db_writes_empty" time="0.002" /><testcase classname="tests.storage.test_dataset_catalog" name="test_catalog_missing_db_strict_fails" time="0.001" /><testcase classname="tests.storage.test_dataset_scaffold" name="test_scaffold_writes_artifacts" time="0.001" /><testcase classname="tests.storage.test_dataset_scaffold" name="test_scaffold_respects_dry_run" time="0.001" /><testcase classname="tests.storage.test_dataset_scaffold" name="test_scaffold_blocks_overwrite_without_flag" time="0.001" /><testcase classname="tests.storage.test_dataset_scaffold" name="test_scaffold_view_defaults_skip_exports" time="0.001" /><testcase classname="tests.storage.test_dataset_scaffold" name="test_scaffold_emits_bootstrap_snippet_when_requested" time="0.001" /><testcase classname="tests.storage.test_dataset_scaffold" name="test_scaffold_registry_conflict_blocks_creation" time="0.001" /><testcase classname="tests.storage.test_datasets_contract" name="test_json_schema_ids_attached_to_datasets" time="0.735" /><testcase classname="tests.cli.test_history_timeseries_cli" name="test_history_timeseries_cli_missing_snapshot" time="5.395" /><testcase classname="tests.server.test_fastapi" name="test_tests_for_function_success" time="5.670" /><testcase classname="tests.services.test_query_service" name="test_mcp_tool_delegation" time="1.308"><skipped type="pytest.skip" message="FastMCP tools registry not available">/home/paul/CodeIntel/tests/services/test_query_service.py:586: FastMCP tools registry not available</skipped></testcase><testcase classname="tests.serving.test_dataset_specs" name="test_dataset_specs_include_contract_fields" time="0.736" /><testcase classname="tests.storage.test_dataflow_graph" name="test_alias_docs_views_have_nodes" time="0.001" /><testcase classname="tests.storage.test_docs_view_indexes" name="test_test_profile_has_primary_subsystem_index" time="0.068" /><testcase classname="tests.storage.test_docs_view_indexes" name="test_subsystems_has_repo_commit_index" time="0.073" /><testcase classname="tests.storage.test_datasets_contract" name="test_require_row_binding_behavior" time="0.001" /><testcase classname="tests.storage.test_docs_views_as_datasets" name="test_docs_view_readable_via_dataset_rows" time="0.740" /><testcase classname="tests.storage.test_docs_views_as_datasets" name="test_docs_views_registered_in_metadata" time="0.459" /><testcase classname="tests.services.test_query_service" name="test_http_read_dataset_rows_invalid_offset" time="0.001" /><testcase classname="tests.server.test_fastapi" name="test_dataset_rows_unknown_dataset" time="5.727" /><testcase classname="tests.server.test_dataset_registry_parity" name="test_backend_resource_limits_and_registry_align" time="6.640" /><testcase classname="tests.storage.test_datasets_contract" name="test_json_schema_datasets_have_row_bindings" time="0.717" /><testcase classname="tests.services.test_subsystem_roundtrip" name="test_subsystem_profile_roundtrip" time="1.328" /><testcase classname="tests.storage.test_docs_views_as_datasets" name="test_docs_views_expose_capabilities" time="0.457" /><testcase classname="tests.storage.test_datasets_contract" name="test_describe_dataset_shape" time="0.001" /><testcase classname="tests.storage.test_function_profile_rows" name="test_function_profile_tuple_length_matches_columns" time="0.000" /><testcase classname="tests.services.test_query_service" name="test_query_service_contract_local_vs_http" time="7.583" /><testcase classname="tests.server.test_fastapi" name="test_dataset_rows_success" time="5.972" /><testcase classname="tests.server.test_fastapi_endpoints" name="test_backend_registry_matches_gateway" time="7.050" /><testcase classname="tests.storage.test_file_module_test_behavioral_columns" name="test_behavioral_coverage_tuple_length_matches_columns" time="0.001" /><testcase classname="tests.storage.test_ingest_macros_cache" name="test_ingest_macros_recover_if_missing_while_cached" time="1.088" /><testcase classname="tests.analytics.test_catalog_provider_usage" name="test_profiles_use_catalog_module_map_when_modules_table_empty" time="6.601" /><testcase classname="tests.storage.test_file_module_test_behavioral_columns" name="test_module_profile_tuple_length_matches_columns" time="0.000" /><testcase classname="tests.storage.test_ingest_macros_end_to_end" name="test_architecture_seed_helper_has_macros[False]" time="6.398" /><testcase classname="tests.mcp.test_backend" name="test_get_tests_for_function_invalid" time="6.701" /><testcase classname="tests.services.test_typed_docs_responses" name="test_subsystem_profile_response_uses_typed_row" time="0.691" /><testcase classname="tests.services.test_query_service" name="test_local_query_service_reads_architecture_seed" time="7.495" /><testcase classname="tests.mcp.test_backend" name="test_tests_for_function_not_found" time="6.668" /><testcase classname="tests.services.test_typed_docs_responses" name="test_subsystem_coverage_response_uses_typed_row" time="0.694" /><testcase classname="tests.storage.test_file_module_test_behavioral_columns" name="test_test_profile_tuple_length_matches_columns" time="0.001" /><testcase classname="tests.mcp.test_backend_adapter" name="test_backend_delegates_after_validation" time="6.491" /><testcase classname="tests.storage.test_ingest_macros_end_to_end" name="test_architecture_seed_helper_has_macros[True]" time="7.186" /><testcase classname="tests.services.test_typed_docs_responses" name="test_function_summary_response_uses_typed_row" time="0.664" /><testcase classname="tests.mcp.test_backend" name="test_function_validation_clamping" time="6.571" /><testcase classname="tests.ingestion.test_change_tracker" name="test_view_for_dataset_full_rebuild_when_changed_ratio_exceeds_policy" time="6.526" /><testcase classname="tests.server.test_fastapi_endpoints" name="test_callgraph_neighborhood_limits" time="7.770" /><testcase classname="tests.storage.test_metadata_bootstrap" name="test_metadata_bootstrap_populates_catalog" time="0.705" /><testcase classname="tests.serving.backend.test_function_backend" name="test_get_function_summary_found" time="6.963" /><testcase classname="tests.serving.backend.test_subsystem_backend" name="test_list_subsystems_respects_backend_limits" time="7.014" /><testcase classname="tests.server.test_fastapi_endpoints" name="test_health_reports_limits" time="7.745" /><testcase classname="tests.serving.backend.test_function_backend" name="test_get_callgraph_neighborhood_truncates" time="6.876" /><testcase classname="tests.serving.test_domain_builders" name="test_object_builders_return_not_found_on_none[build_file_profile-profile]" time="0.001" /><testcase classname="tests.storage.test_schema_generation" name="test_json_schema_from_typeddict_round_trip" time="0.001" /><testcase classname="tests.storage.test_schema_generation_validator" name="test_build_validator_accepts_mapping" time="0.000" /><testcase classname="tests.storage.test_schema_generation_validator" name="test_validate_row_with_schema_passes_valid_data" time="0.000" /><testcase classname="tests.storage.test_schema_roundtrip" name="test_call_graph_edge_round_trip" time="0.315" /><testcase classname="tests.storage.test_conformance" name="test_conformance_passes_with_empty_db" time="0.646" /><testcase classname="tests.storage.test_schema_roundtrip" name="test_symbol_use_round_trip" time="0.019" /><testcase classname="tests.storage.test_schema_roundtrip" name="test_behavioral_coverage_round_trip" time="0.062" /><testcase classname="tests.storage.test_schema_roundtrip" name="test_generate_export_schemas_writes_files" time="0.449" /><testcase classname="tests.graphs.test_validation_flags" name="test_validation_strict_escalates_findings" time="6.460" /><testcase classname="tests.serving.test_domain_builders" name="test_object_builders_return_not_found_on_none[build_function_architecture-architecture]" time="0.001" /><testcase classname="tests.storage.test_sql_helpers" name="test_quote_identifier_rejects_invalid[1foo]" time="0.001" /><testcase classname="tests.storage.test_sql_helpers" name="test_quote_identifier_rejects_invalid[foo-bar]" time="0.000" /><testcase classname="tests.storage.test_sql_helpers" name="test_quote_identifier_rejects_invalid[foo;drop]" time="0.001" /><testcase classname="tests.storage.test_sql_helpers" name="test_quote_identifier_rejects_invalid[foo bar]" time="0.000" /><testcase classname="tests.storage.test_sql_helpers" name="test_quote_table_key_validates_schema_and_table" time="0.000" /><testcase classname="tests.storage.test_sql_helpers" name="test_quote_table_key_rejects_bad_keys[]" time="0.001" /><testcase classname="tests.storage.test_sql_helpers" name="test_quote_table_key_rejects_bad_keys[notable]" time="0.001" /><testcase classname="tests.storage.test_sql_helpers" name="test_quote_table_key_rejects_bad_keys[foo..bar]" time="0.000" /><testcase classname="tests.storage.test_sql_helpers" name="test_safe_macro_call_validates_allowlist" time="0.001" /><testcase classname="tests.storage.test_subsystem_docs_views" name="test_subsystem_profile_columns" time="0.091" /><testcase classname="tests.storage.test_subsystem_docs_views" name="test_subsystem_coverage_columns" time="0.088" /><testcase classname="tests.server.test_fastapi" name="test_tests_for_function_validation" time="5.627" /><testcase classname="tests.cli.test_nx_backend" name="test_maybe_enable_nx_gpu_noop_when_disabled" time="0.001" /><testcase classname="tests.storage.test_subsystem_docs_views" name="test_subsystem_profile_view_prefers_cache" time="0.089" /><testcase classname="tests.cli.test_nx_backend" name="test_maybe_enable_nx_gpu_soft_fallback" time="0.001" /><testcase classname="tests.cli.test_nx_backend" name="test_maybe_enable_nx_gpu_raises_when_strict" time="0.001" /><testcase classname="tests.storage.test_subsystem_view_schema_drift" name="test_subsystem_docs_views_schema_stable" time="0.098" /><testcase classname="tests.storage.test_schema_roundtrip" name="test_test_coverage_round_trip" time="0.288" /><testcase classname="tests.storage.test_dataset_catalog" name="test_catalog_generation_writes_files" time="0.002" /><testcase classname="tests.test_core_dependency_hygiene" name="test_core_imports_are_stdlib_only" time="0.001" /><testcase classname="tests.test_layering_serving_imports" name="test_no_serving_imports_in_middle_packages" time="0.623" /><testcase classname="tests.storage.test_subsystem_docs_views" name="test_subsystem_coverage_view_prefers_cache" time="0.091" /><testcase classname="tests.storage.test_views_scoping" name="test_call_graph_view_scopes_edges_to_repo_commit" time="2.024" /><testcase classname="tests.storage.test_sql_helpers" name="test_quote_identifier_validates_simple_names" time="0.000" /><testcase classname="tests.test_tests_analytics_unit" name="test_backfill_test_goids_updates_catalog" time="1.914" /><testcase classname="tests.test_pipeline_smoke" name="test_pipeline_export_docs_smoke" time="0.001"><skipped type="pytest.xfail" message="Pipeline export_docs currently fails in function_effects catalog integration" /></testcase><testcase classname="tests.test_tests_analytics_unit" name="test_compute_test_coverage_edges_with_real_coverage" time="1.909" /><testcase classname="tests.test_layering_serving_imports" name="test_no_pipeline_imports_in_middle_packages" time="0.592" /><testcase classname="tests.services.test_query_service" name="test_local_read_dataset_rows_propagates_errors" time="7.440" /><testcase classname="tests.server.test_fastapi" name="test_dataset_rows_limit_clamped" time="5.615" /><testcase classname="tests.storage.test_catalog_describe" name="test_describe_dataset_warns_on_missing_schema" time="0.001" /><testcase classname="tests.storage.repositories.test_repositories" name="test_function_repository_reads" time="7.682" /><testcase classname="tests.serving.test_backend_resource_runtime" name="test_backend_resource_reuses_pooled_runtime" time="2.496" /><testcase classname="tests.storage.repositories.test_repositories" name="test_subsystem_repository_reads" time="7.725" /><testcase classname="tests.storage.test_export_macro_parity" name="test_macro_parity_exports_seeded_rows" time="6.536" /><testcase classname="tests.test_tests_analytics_unit" name="test_edges_for_file_uses_test_meta" time="0.001" /><testcase classname="tests.test_testing_contract" name="test_testing_charter_forbidden_patterns" time="0.021" /><testcase classname="tests.test_tests_analytics_unit" name="test_compute_test_coverage_edges_respects_injected_loader" time="1.721" /><testcase classname="tests.storage.test_sql_helpers" name="test_quote_identifier_rejects_invalid[]" time="0.001" /><testcase classname="tests.storage.test_export_macro_invocation" name="test_export_calls_macro_sentinel" time="6.609" /><testcase classname="tests.storage.test_file_module_test_behavioral_columns" name="test_file_profile_tuple_length_matches_columns" time="0.001" /><testcase classname="tests.storage.test_gateway_helpers" name="test_insert_helpers_write_expected_rows" time="7.153" /><testcase classname="tests.storage.test_ingest_macros_end_to_end" name="test_provision_helper_has_macros" time="6.615" /><testcase classname="tests.analytics.test_cfg_dfg_metrics_ext" name="test_cfg_metrics_ext_populates_loop_and_unreachable_counts" time="6.682" /><testcase classname="tests.storage.test_ingest_macros_autoload" name="test_ingest_macros_registered_on_gateway" time="0.982" /><testcase classname="tests.storage.test_ingest_macros_cache" name="test_ingest_macros_re_register_on_cache_hit_after_close" time="1.955" /><testcase classname="tests.storage.test_ingest_macros_provision_helper" name="test_provision_helper_registers_macros" time="6.613" /><testcase classname="tests.services.test_request_context_observability" name="test_local_query_observability_uses_request_context" time="7.019" /><testcase classname="tests.storage.test_ingest_macros_seed_helper" name="test_seed_helper_registers_ingest_macros" time="6.981" /><testcase classname="tests.storage.test_macro_performance" name="test_normalized_macro_latency_smoke[graph.call_graph_edges]" time="6.815" /><testcase classname="tests.serving.backend.test_dataset_backend" name="test_dataset_schema_includes_columns" time="7.103" /><testcase classname="tests.storage.test_ingest_perf" name="test_ingest_macro_perf_reasonable" time="7.008" /><testcase classname="tests.serving.backend.test_dataset_backend" name="test_read_dataset_rows_invalid_offset" time="7.250" /><testcase classname="tests.storage.test_ingest_prepared_dynamic" name="test_ingest_macros_registered" time="6.928" /><testcase classname="tests.serving.backend.test_function_backend" name="test_get_function_summary_requires_identifier" time="7.191" /><testcase classname="tests.storage.test_metadata_bootstrap" name="test_dataflow_metadata_populated" time="0.890" /><testcase classname="tests.serving.backend.test_profile_backend" name="test_get_file_profile_not_found" time="7.153" /><testcase classname="tests.storage.test_normalized_macros_helper" name="test_normalized_macro_schema_validation" time="6.739" /><testcase classname="tests.storage.test_normalized_macros_helper" name="test_normalized_macros_match_expected_sets" time="0.001" /><testcase classname="tests.serving.backend.test_profile_backend" name="test_get_module_architecture_success" time="7.155" /><testcase classname="tests.serving.backend.test_subsystem_backend" name="test_get_module_subsystems_returns_memberships" time="7.154" /><testcase classname="tests.test_callgraph_alias_resolution" name="test_callgraph_resolves_import_alias" time="6.796" /><testcase classname="tests.storage.test_export_macro_strict" name="test_require_macros_rejects_dataset_rows_only" time="6.655" /><testcase classname="tests.storage.test_export_macro_strict" name="test_require_macros_allows_macro_backed_tables" time="6.621" /><testcase classname="tests.storage.repositories.test_repositories" name="test_module_repository_reads" time="7.925" /><testcase classname="tests.storage.repositories.test_repositories" name="test_data_model_repository_reads" time="7.930" /><testcase classname="tests.storage.test_macro_performance" name="test_normalized_macro_latency_smoke[analytics.function_metrics]" time="6.568" /><testcase classname="tests.storage.test_ingest_prepared_dynamic" name="test_dynamic_prepared_statements_match_registry" time="6.541" /><testcase classname="tests.orchestration.test_pipeline_catalog_entrypoint" name="test_pipeline_steps_use_function_catalog" time="4.284" /><testcase classname="tests.storage.test_macro_registry" name="test_macro_registry_hashes" time="6.581" /><testcase classname="tests.storage.test_metadata_dataset_rows_macro" name="test_dataset_rows_macro_handles_registry_datasets" time="6.612" /><testcase classname="tests.services.test_factory_wiring" name="test_build_backend_resource_gateway_path" time="7.224" /><testcase classname="tests.storage.test_normalized_macros" name="test_normalized_macros_execute" time="6.626" /><testcase classname="tests.storage.test_macro_schemas" name="test_macro_schemas_match_table_definitions" time="6.645" /><testcase classname="tests.storage.test_normalized_macros_helper" name="test_normalized_macros_defined" time="6.525" /><testcase classname="tests.serving.test_domain_builders" name="test_object_builders_return_not_found_on_none[build_module_profile-profile]" time="0.001" /><testcase classname="tests.storage.test_schema_function_validation" name="test_apply_all_schemas_creates_function_validation" time="6.530" /><testcase classname="tests.storage.test_normalized_macros_helper" name="test_dataset_rows_only_tables_parse" time="6.595" /><testcase classname="tests.storage.test_schema_alignment" name="test_apply_and_validate_schema_alignment" time="6.748" /></testsuite></testsuites>