<?xml version="1.0" encoding="utf-8"?><testsuites name="pytest tests"><testsuite name="pytest" errors="0" failures="0" skipped="0" tests="5" time="11.197" timestamp="2025-12-09T05:03:04.949217-05:00" hostname="paul-X870-AORUS-ELITE-WIFI7"><testcase classname="tests.docs_export.test_validate_exports" name="test_validate_jsonl_happy_path" time="0.002" /><testcase classname="tests.docs_export.test_validate_exports" name="test_validate_jsonl_failure" time="0.001" /><testcase classname="tests.docs_export.test_validate_exports" name="test_docs_export_views_exist" time="4.044" /><testcase classname="tests.docs_export.test_validate_exports" name="test_export_raises_on_validation_failure" time="1.100" /><testcase classname="tests.docs_export.test_validate_exports" name="test_export_logs_problem_detail_on_validation_failure" time="1.151" /></testsuite></testsuites>