<?xml version="1.0" encoding="utf-8"?><testsuites name="pytest tests"><testsuite name="pytest" errors="0" failures="0" skipped="1" tests="6" time="27.060" timestamp="2025-12-25T04:21:31.826573-06:00" hostname="MacBookPro.lan"><testcase classname="tests.build.exports.test_export_service_boundary" name="test_build_export_relation_uses_storage_export_service" time="0.618" /><testcase classname="tests.build.serving.test_publisher" name="test_publish_serving_snapshot_fails_on_missing_lineage_tables" time="0.889" /><testcase classname="tests.build.serving.test_publisher" name="test_publish_serving_snapshot_retention" time="1.063" /><testcase classname="tests.build.serving.test_publisher" name="test_publish_serving_snapshot_creates_snapshot_and_pointer" time="0.984" /><testcase classname="tests.build.serving.test_publisher" name="test_publish_serving_snapshot_fails_on_empty_search_docs" time="0.872" /><testcase classname="tests.build.serving.test_publisher" name="test_serving_harness_publishes_snapshot" time="4.256"><skipped type="pytest.skip" message="Missing tool binaries: scip='scip' (searched configured_path -&gt; PATH -&gt; node_modules -&gt; extra_bin_dirs)">/Users/paulheyse/CodeIntel/CodeIntel/tests/build/serving/test_publisher.py:267: Missing tool binaries: scip='scip' (searched configured_path -&gt; PATH -&gt; node_modules -&gt; extra_bin_dirs)</skipped></testcase></testsuite></testsuites>