<?xml version="1.0" encoding="utf-8"?><testsuites name="pytest tests"><testsuite name="pytest" errors="0" failures="43" skipped="40" tests="723" time="113.636" timestamp="2025-12-24T21:32:49.670359-06:00" hostname="MacBookPro.lan"><testcase classname="tests.build.exports.test_export_service_boundary" name="test_build_export_relation_uses_storage_export_service" time="0.731"><failure message="_duckdb.CatalogException: Catalog Error: Table with name &quot;function_metrics&quot; already exists!">def test_build_export_relation_uses_storage_export_service() -&gt; None:
        """Verify build export relation creation stays in storage boundary."""
        con = duckdb.connect(":memory:")
&gt;       _seed_export_table(con)

tests/build/exports/test_export_service_boundary.py:70: 
_ _ _ _ _ _ _ _ _ _ _ _ _ _ _ _ _ _ _ _ _ _ _ _ _ _ _ _ _ _ _ _ _ _ _ _ _ _ _ _ 

con = &lt;_duckdb.DuckDBPyConnection object at 0x123b83a70&gt;

    def _seed_export_table(con: DuckDBPyConnection) -&gt; None:
        ensure_production_schemas(con)
&gt;       con.execute("CREATE TABLE analytics.function_metrics (id INTEGER)")
E       _duckdb.CatalogException: Catalog Error: Table with name "function_metrics" already exists!

tests/build/exports/test_export_service_boundary.py:63: CatalogException</failure></testcase><testcase classname="tests.build.hamilton.adapters.test_parallel.TestParallelConfig" name="test_from_env_invalid_backend" time="0.006" /><testcase classname="tests.build.hamilton.adapters.test_parallel.TestParallelConfig" name="test_from_env" time="0.007" /><testcase classname="tests.build.hamilton.adapters.test_parallel.TestExecutionBackend" name="test_values" time="0.003" /><testcase classname="tests.build.hamilton.adapters.test_parallel.TestParallelConfig" name="test_from_cli_args" time="0.003" /><testcase classname="tests.build.hamilton.adapters.test_parallel.TestParallelConfig" name="test_default_config" time="0.005" /><testcase classname="tests.build.hamilton.adapters.test_parallel.TestParallelConfig" name="test_from_env_defaults" time="0.006" /><testcase classname="tests.build.exports.test_streaming_defaults" name="test_write_jsonl_records_uses_default_batch_size" time="0.004" /><testcase classname="tests.build.hamilton.adapters.test_parallel.TestParallelConfig" name="test_custom_config" time="0.007" /><testcase classname="tests.build.hamilton.adapters.test_parallel.TestExecutionBackend" name="test_from_string" time="0.003" /><testcase classname="tests.build.hamilton.adapters.test_parallel.TestCreateParallelAdapter" name="test_with_max_workers" time="0.001" /><testcase classname="tests.build.hamilton.adapters.test_parallel.TestCreateParallelAdapter" name="test_with_enum" time="0.001" /><testcase classname="tests.build.hamilton.adapters.test_parallel.TestCreateParallelAdapter" name="test_invalid_backend_falls_back" time="0.002" /><testcase classname="tests.build.hamilton.adapters.test_parallel.TestThreadPoolAdapter" name="test_creation" time="0.001" /><testcase classname="tests.build.hamilton.adapters.test_parallel.TestCreateParallelAdapter" name="test_sequential_returns_none" time="0.001" /><testcase classname="tests.build.hamilton.adapters.test_parallel.TestGetAvailableBackends" name="test_always_includes_basic" time="0.002" /><testcase classname="tests.build.hamilton.adapters.test_parallel.TestThreadPoolAdapter" name="test_implements_remote_execute_and_build_result" time="0.002" /><testcase classname="tests.build.hamilton.adapters.test_parallel.TestCreateParallelAdapter" name="test_auto_selects_threadpool" time="0.001" /><testcase classname="tests.build.hamilton.adapters.test_parallel.TestCreateParallelAdapter" name="test_threadpool_returns_adapter" time="0.001" /><testcase classname="tests.build.hamilton.adapters.test_parallel" name="test_backend_string_normalization[mixedcase]" time="0.001" /><testcase classname="tests.build.hamilton.adapters.test_parallel" name="test_backend_string_normalization[threadpool]" time="0.001" /><testcase classname="tests.build.hamilton.hooks.test_lifecycle.TestNodeTimingRecord" name="test_creation_with_task_id" time="0.001" /><testcase classname="tests.build.hamilton.adapters.test_parallel" name="test_backend_string_normalization[uppercase]" time="0.001" /><testcase classname="tests.build.hamilton.hooks.test_lifecycle.TestNodeTimingRecord" name="test_creation" time="0.001" /><testcase classname="tests.build.hamilton.hooks.test_lifecycle.TestBuildTimingHook" name="test_creation" time="0.001" /><testcase classname="tests.build.hamilton.hooks.test_lifecycle.TestProgressBarHook" name="test_creation_disabled" time="0.002" /><testcase classname="tests.build.hamilton.hooks.test_lifecycle.TestProgressBarHook" name="test_run_before_disabled" time="0.002" /><testcase classname="tests.build.hamilton.adapters.test_parallel" name="test_backend_string_normalization[sequential]" time="0.002" /><testcase classname="tests.build.hamilton.hooks.test_lifecycle.TestBuildTimingHook" name="test_records_timing" time="0.014" /><testcase classname="tests.build.hamilton.hooks.test_lifecycle.TestProgressBarHook" name="test_run_after_disabled" time="0.002" /><testcase classname="tests.build.hamilton.hooks.test_lifecycle.TestBuildTimingHook" name="test_reset" time="0.001" /><testcase classname="tests.build.hamilton.hooks.test_lifecycle.TestBuildTimingHook" name="test_total_duration" time="0.002" /><testcase classname="tests.build.hamilton.hooks.test_lifecycle.TestConditionalHook" name="test_enabled_condition" time="0.002" /><testcase classname="tests.build.hamilton.hooks.test_lifecycle.TestProgressBarHook" name="test_creation_with_desc" time="0.001" /><testcase classname="tests.build.hamilton.hooks.test_lifecycle.TestConditionalHook" name="test_condition_cached" time="0.002" /><testcase classname="tests.build.hamilton.hooks.test_lifecycle.TestBuildTimingHook" name="test_get_slowest_nodes" time="0.002" /><testcase classname="tests.build.hamilton.hooks.test_lifecycle.TestCreateProgressHook" name="test_respects_ci_environment" time="0.001" /><testcase classname="tests.build.hamilton.hooks.test_lifecycle" name="test_timing_hook_logging_threshold[below_threshold]" time="0.001" /><testcase classname="tests.build.hamilton.hooks.test_lifecycle.TestConditionalHook" name="test_disabled_condition" time="0.001" /><testcase classname="tests.build.hamilton.hooks.test_lifecycle.TestCreateProgressHook" name="test_enabled_when_not_ci" time="0.001" /><testcase classname="tests.build.hamilton.native.test_skip_logic.TestSkipCheckRequest" name="test_skip_check_no_manifest_returns_false" time="0.001"><failure message="TypeError: TestSkipCheckRequest.test_skip_check_no_manifest_returns_false.&lt;locals&gt;.MockBuild.load_manifest() takes 0 positional arguments but 3 were given">@staticmethod
    def test_skip_check_no_manifest_returns_false() -&gt; None:
        """Verify should_skip returns False when no manifest exists."""
    
        class MockBuild:
            @staticmethod
            def load_manifest(**_kwargs: object) -&gt; None:
                return None
    
        class MockGateway:
            build = MockBuild()
    
        request = SkipCheckRequest(
            gateway=MockGateway(),  # type: ignore[arg-type]
            target="test_target",
            repo="test/repo",
            commit="abc123",
            input_hash="hash123",
        )
    
&gt;       expect_false(should_skip(request))
                     ^^^^^^^^^^^^^^^^^^^^

tests/build/hamilton/native/test_skip_logic.py:98: 
_ _ _ _ _ _ _ _ _ _ _ _ _ _ _ _ _ _ _ _ _ _ _ _ _ _ _ _ _ _ _ _ _ _ _ _ _ _ _ _ 
src/codeintel/build/hamilton/run_record_utils.py:56: in should_skip
    manifest = _resolve_manifest(request)
               ^^^^^^^^^^^^^^^^^^^^^^^^^^
_ _ _ _ _ _ _ _ _ _ _ _ _ _ _ _ _ _ _ _ _ _ _ _ _ _ _ _ _ _ _ _ _ _ _ _ _ _ _ _ 

request = SkipCheckRequest(gateway=&lt;tests.build.hamilton.native.test_skip_logic.TestSkipCheckRequest.test_skip_check_no_manifest... target='test_target', repo='test/repo', commit='abc123', input_hash='hash123', options_hash=None, manifest_index=None)

    def _resolve_manifest(request: SkipCheckRequest) -&gt; OutputManifest | None:
        """Resolve a manifest from request inputs.
    
        Returns
        -------
        OutputManifest | None
            Cached manifest if available, otherwise None.
        """
        if request.manifest_index is not None:
            cached = request.manifest_index.get(request.target)
            if cached is not None:
                return cached
&gt;       return request.gateway.build.load_manifest(request.target, request.repo, request.commit)
               ^^^^^^^^^^^^^^^^^^^^^^^^^^^^^^^^^^^^^^^^^^^^^^^^^^^^^^^^^^^^^^^^^^^^^^^^^^^^^^^^^
E       TypeError: TestSkipCheckRequest.test_skip_check_no_manifest_returns_false.&lt;locals&gt;.MockBuild.load_manifest() takes 0 positional arguments but 3 were given

src/codeintel/build/hamilton/run_record_utils.py:45: TypeError</failure></testcase><testcase classname="tests.build.hamilton.native.test_skip_logic.TestSkipCheckRequest" name="test_skip_check_with_manifest_index" time="0.001" /><testcase classname="tests.build.hamilton.native.test_skip_logic.TestSkipCheckRequest" name="test_skip_check_request_frozen" time="0.001" /><testcase classname="tests.build.hamilton.hooks.test_lifecycle.TestCreateProgressHook" name="test_creates_hook" time="0.001" /><testcase classname="tests.build.hamilton.native.test_skip_logic.TestTargetRunRecord" name="test_target_run_record_skipped" time="0.001" /><testcase classname="tests.build.hamilton.hooks.test_lifecycle" name="test_timing_hook_logging_threshold[zero_threshold]" time="0.002" /><testcase classname="tests.build.hamilton.native.test_skip_logic.TestTargetRunRecord" name="test_target_run_record_failed" time="0.001" /><testcase classname="tests.build.hamilton.native.test_skip_logic.TestTargetRunRecord" name="test_target_run_record_success" time="0.001" /><testcase classname="tests.build.hamilton.native.test_skip_logic.TestSkipLogicIntegration" name="test_manifest_persistence_enables_skip" time="0.001"><skipped type="pytest.skip" message="Requires full integration test infrastructure">/Users/paulheyse/CodeIntel/CodeIntel/tests/build/hamilton/native/test_skip_logic.py:234: Requires full integration test infrastructure</skipped></testcase><testcase classname="tests.build.hamilton.native.test_skip_logic.TestNativeTargetExecutorSkipLogic" name="test_executor_skip_returns_correct_status" time="0.001" /><testcase classname="tests.build.hamilton.native.test_skip_logic.TestSkipLogicIntegration" name="test_input_change_triggers_recompute" time="0.001"><skipped type="pytest.skip" message="Requires full integration test infrastructure">/Users/paulheyse/CodeIntel/CodeIntel/tests/build/hamilton/native/test_skip_logic.py:256: Requires full integration test infrastructure</skipped></testcase><testcase classname="tests.build.hamilton.hooks.test_lifecycle" name="test_timing_hook_logging_threshold[above_threshold]" time="0.002" /><testcase classname="tests.build.hamilton.test_build_guardrails" name="test_no_forbidden_any_cast_in_native_targets" time="0.007" /><testcase classname="tests.build.hamilton.native.test_skip_logic.TestNativeTargetExecutorSkipLogic" name="test_executor_execute_returns_correct_status" time="0.001" /><testcase classname="tests.build.hamilton.test_build_guardrails" name="test_no_compute_result_any_in_build" time="0.100" /><testcase classname="tests.build.hamilton.native.test_skip_logic.TestSkipLogicIntegration" name="test_force_overrides_skip" time="0.003"><skipped type="pytest.skip" message="Requires full integration test infrastructure">/Users/paulheyse/CodeIntel/CodeIntel/tests/build/hamilton/native/test_skip_logic.py:245: Requires full integration test infrastructure</skipped></testcase><testcase classname="tests.build.hamilton.test_build_native_module_scans" name="test_build_native_modules_do_not_call_gateway_policy_writes" time="0.005" /><testcase classname="tests.build.hamilton.test_cli_snapshots" name="test_cli_snapshot[pr21_plan_coverage_functions_native]" time="0.142"><failure message="AssertionError: Snapshot mismatch: /Users/paulheyse/CodeIntel/CodeIntel/tests/build/hamilton/snapshots/pr21_plan_coverage_functions_native.json&#10;--- Expected ---&#10;Usage: codeintel build plan [ARGS]&#10;&#10;Show build plan with status and reason for each target.&#10;&#10;╭─ Parameters ─────────────────────────────────────────────────────────────────╮&#10;│ TARGETS --targets            Target names to plan (e.g., function_metrics,   │&#10;│   --empty-targets            call_graph). [env var:                          │&#10;│                              CODEINTEL_BUILD_PLAN_TARGETS] [default: (none)] │&#10;│ MODULE --module -m           Plan all targets in a module (ingestion,        │&#10;│                              graphs, analytics, export). [env var:           │&#10;│                              CODEINTEL_BUILD_PLAN_MODULE] [default: (none)]  │&#10;│ ALL --all -a                 Plan all targets across all modules. [env var:  │&#10;│                              CODEINTEL_BUILD_PLAN_ALL] [default: false]      │&#10;│ FORCE --force --empty-force  Mark specific targets as forced (repeatable).   │&#10;│   -f                         [env var: CODEINTEL_BUILD_PLAN_FORCE] [default: │&#10;│                              (none)]                                         │&#10;│ OUTPUT --output -o           Output file path (stdout if not specified).     │&#10;│                              [env var: CODEINTEL_BUILD_PLAN_OUTPUT]          │&#10;│                              [default: (none)]                               │&#10;│ --flags                      [env var: CODEINTEL_BUILD_PLAN_FLAGS] [default: │&#10;│                              --flags]                                        │&#10;│ ROOT --root -r               Explicit project root directory. [env var:      │&#10;│                              CODEINTEL_BUILD_PLAN_ROOT] [default: (none)]    │&#10;│ OUTPUT-FORMAT                Output format. [choices: text, json, jsonl]     │&#10;│   --output-format            [env var: CODEINTEL_BUILD_PLAN_OUTPUT_FORMAT]   │&#10;│                              [default: text]                                 │&#10;│ JSON --json                  Alias for --output-format json. [env var:       │&#10;│                              CODEINTEL_BUILD_PLAN_JSON] [default: false]     │&#10;│ VERBOSE --verbose -v         Increase verbosity (0=warnings, 1=info,         │&#10;│                              2=debug). [env var:                             │&#10;│                              CODEINTEL_BUILD_PLAN_VERBOSE] [default: 0]      │&#10;╰──────────────────────────────────────────────────────────────────────────────╯&#10;&#10;--- Actual ---&#10;Usage: codeintel build plan [ARGS]&#10;&#10;Show build plan with status and reason for each target.&#10;&#10;╭─ Parameters ─────────────────────────────────────────────────────────────────╮&#10;│ TARGETS --targets            Target names to plan (e.g., function_metrics,   │&#10;│   --empty-targets            call_graph). [env var: CODEINTEL_TARGETS]       │&#10;│                              [default: (none)]                               │&#10;│ MODULE --module -m           Plan all targets in a module (ingestion,        │&#10;│                              graphs, analytics, export). [env var:           │&#10;│                              CODEINTEL_MODULE] [default: (none)]             │&#10;│ ALL --all -a                 Plan all targets across all modules. [env var:  │&#10;│                              CODEINTEL_ALL] [default: false]                 │&#10;│ FORCE --force --empty-force  Mark specific targets as forced (repeatable).   │&#10;│   -f                         [env var: CODEINTEL_FORCE] [default: (none)]    │&#10;│ OUTPUT --output -o           Output file path (stdout if not specified).     │&#10;│                              [env var: CODEINTEL_OUTPUT] [default: (none)]   │&#10;│ --flags                      [env var: CODEINTEL_FLAGS] [default: --flags]   │&#10;│ ROOT --root -r               Explicit project root directory. [env var:      │&#10;│                              CODEINTEL_ROOT] [default: (none)]               │&#10;│ OUTPUT-FORMAT                Output format. [choices: text, json, jsonl]     │&#10;│   --output-format            [env var: CODEINTEL_OUTPUT_FORMAT] [default:    │&#10;│                              text]                                           │&#10;│ JSON --json                  Alias for --output-format json. [env var:       │&#10;│                              CODEINTEL_JSON] [default: false]                │&#10;│ VERBOSE --verbose -v         Increase verbosity (0=warnings, 1=info,         │&#10;│                              2=debug). [env var: CODEINTEL_VERBOSE]          │&#10;│                              [default: 0]                                    │&#10;╰──────────────────────────────────────────────────────────────────────────────╯&#10;&#10;Run with --update-cli-snapshots to update.">snapshot_case = SnapshotCase(name='pr21_plan_coverage_functions_native', args=('build', 'plan', 'coverage_functions', '--format', 'jso...verage_functions_native.json', strip_keys=(), replace=(), tags=('pr21', 'plan', 'native', 'json', 'analytics', 'tiny'))
cli_snapshot_context = (PosixPath('/Users/paulheyse/CodeIntel/CodeIntel/tests/build/hamilton/snapshots'), SnapshotManifest(app_import='codein...apshot='pr78_build_validate_auto.json', strip_keys=(), replace=(), tags=('pr78', 'validate', 'json', 'integration')))))
request = &lt;FixtureRequest for &lt;Function test_cli_snapshot[pr21_plan_coverage_functions_native]&gt;&gt;

    @pytest.mark.cli_snapshot
    def test_cli_snapshot(
        snapshot_case: SnapshotCase,
        cli_snapshot_context: tuple[Path, SnapshotManifest],
        request: pytest.FixtureRequest,
    ) -&gt; None:
        """Execute CLI command and compare output to golden snapshot.
    
        Parameters
        ----------
        snapshot_case
            Test case from manifest.
        cli_snapshot_context
            Shared context with manifest and directory.
        request
            Pytest fixture request for config access.
        """
        snapshots_dir, manifest = cli_snapshot_context
        update = bool(request.config.getoption("--update-cli-snapshots"))
    
&gt;       execute_and_assert_snapshot(
            manifest=manifest,
            snapshots_dir=snapshots_dir,
            case=snapshot_case,
            update=update,
        )

tests/build/hamilton/test_cli_snapshots.py:234: 
_ _ _ _ _ _ _ _ _ _ _ _ _ _ _ _ _ _ _ _ _ _ _ _ _ _ _ _ _ _ _ _ _ _ _ _ _ _ _ _ 
tests/build/hamilton/snapshots/_runner.py:169: in execute_and_assert_snapshot
    assert_or_update_snapshot(actual=rendered, snapshot_path=snapshot_path, update=update)
_ _ _ _ _ _ _ _ _ _ _ _ _ _ _ _ _ _ _ _ _ _ _ _ _ _ _ _ _ _ _ _ _ _ _ _ _ _ _ _ 

    def assert_or_update_snapshot(
        *,
        actual: str,
        snapshot_path: Path,
        update: bool,
    ) -&gt; None:
        """Assert content matches snapshot or update the snapshot file.
    
        When update is True, writes actual content to snapshot_path.
        When update is False, compares actual to existing snapshot.
    
        Parameters
        ----------
        actual
            Actual content from CLI output (normalized).
        snapshot_path
            Path to snapshot file.
        update
            If True, update snapshot instead of comparing.
    
        Raises
        ------
        AssertionError
            If update is False and actual doesn't match expected.
        FileNotFoundError
            If update is False and snapshot file doesn't exist.
        """
        if update:
            snapshot_path.parent.mkdir(parents=True, exist_ok=True)
            snapshot_path.write_text(actual, encoding="utf-8")
            return
    
        if not snapshot_path.exists():
            msg = (
                f"Snapshot file not found: {snapshot_path}\n"
                f"Run with --update-cli-snapshots to create it."
            )
            raise FileNotFoundError(msg)
    
        expected = snapshot_path.read_text(encoding="utf-8")
        if actual != expected:
            msg = (
                f"Snapshot mismatch: {snapshot_path}\n"
                f"--- Expected ---\n{expected}\n"
                f"--- Actual ---\n{actual}\n"
                f"Run with --update-cli-snapshots to update."
            )
&gt;           raise AssertionError(msg)
E           AssertionError: Snapshot mismatch: /Users/paulheyse/CodeIntel/CodeIntel/tests/build/hamilton/snapshots/pr21_plan_coverage_functions_native.json
E           --- Expected ---
E           Usage: codeintel build plan [ARGS]
E           
E           Show build plan with status and reason for each target.
E           
E           ╭─ Parameters ─────────────────────────────────────────────────────────────────╮
E           │ TARGETS --targets            Target names to plan (e.g., function_metrics,   │
E           │   --empty-targets            call_graph). [env var:                          │
E           │                              CODEINTEL_BUILD_PLAN_TARGETS] [default: (none)] │
E           │ MODULE --module -m           Plan all targets in a module (ingestion,        │
E           │                              graphs, analytics, export). [env var:           │
E           │                              CODEINTEL_BUILD_PLAN_MODULE] [default: (none)]  │
E           │ ALL --all -a                 Plan all targets across all modules. [env var:  │
E           │                              CODEINTEL_BUILD_PLAN_ALL] [default: false]      │
E           │ FORCE --force --empty-force  Mark specific targets as forced (repeatable).   │
E           │   -f                         [env var: CODEINTEL_BUILD_PLAN_FORCE] [default: │
E           │                              (none)]                                         │
E           │ OUTPUT --output -o           Output file path (stdout if not specified).     │
E           │                              [env var: CODEINTEL_BUILD_PLAN_OUTPUT]          │
E           │                              [default: (none)]                               │
E           │ --flags                      [env var: CODEINTEL_BUILD_PLAN_FLAGS] [default: │
E           │                              --flags]                                        │
E           │ ROOT --root -r               Explicit project root directory. [env var:      │
E           │                              CODEINTEL_BUILD_PLAN_ROOT] [default: (none)]    │
E           │ OUTPUT-FORMAT                Output format. [choices: text, json, jsonl]     │
E           │   --output-format            [env var: CODEINTEL_BUILD_PLAN_OUTPUT_FORMAT]   │
E           │                              [default: text]                                 │
E           │ JSON --json                  Alias for --output-format json. [env var:       │
E           │                              CODEINTEL_BUILD_PLAN_JSON] [default: false]     │
E           │ VERBOSE --verbose -v         Increase verbosity (0=warnings, 1=info,         │
E           │                              2=debug). [env var:                             │
E           │                              CODEINTEL_BUILD_PLAN_VERBOSE] [default: 0]      │
E           ╰──────────────────────────────────────────────────────────────────────────────╯
E           
E           --- Actual ---
E           Usage: codeintel build plan [ARGS]
E           
E           Show build plan with status and reason for each target.
E           
E           ╭─ Parameters ─────────────────────────────────────────────────────────────────╮
E           │ TARGETS --targets            Target names to plan (e.g., function_metrics,   │
E           │   --empty-targets            call_graph). [env var: CODEINTEL_TARGETS]       │
E           │                              [default: (none)]                               │
E           │ MODULE --module -m           Plan all targets in a module (ingestion,        │
E           │                              graphs, analytics, export). [env var:           │
E           │                              CODEINTEL_MODULE] [default: (none)]             │
E           │ ALL --all -a                 Plan all targets across all modules. [env var:  │
E           │                              CODEINTEL_ALL] [default: false]                 │
E           │ FORCE --force --empty-force  Mark specific targets as forced (repeatable).   │
E           │   -f                         [env var: CODEINTEL_FORCE] [default: (none)]    │
E           │ OUTPUT --output -o           Output file path (stdout if not specified).     │
E           │                              [env var: CODEINTEL_OUTPUT] [default: (none)]   │
E           │ --flags                      [env var: CODEINTEL_FLAGS] [default: --flags]   │
E           │ ROOT --root -r               Explicit project root directory. [env var:      │
E           │                              CODEINTEL_ROOT] [default: (none)]               │
E           │ OUTPUT-FORMAT                Output format. [choices: text, json, jsonl]     │
E           │   --output-format            [env var: CODEINTEL_OUTPUT_FORMAT] [default:    │
E           │                              text]                                           │
E           │ JSON --json                  Alias for --output-format json. [env var:       │
E           │                              CODEINTEL_JSON] [default: false]                │
E           │ VERBOSE --verbose -v         Increase verbosity (0=warnings, 1=info,         │
E           │                              2=debug). [env var: CODEINTEL_VERBOSE]          │
E           │                              [default: 0]                                    │
E           ╰──────────────────────────────────────────────────────────────────────────────╯
E           
E           Run with --update-cli-snapshots to update.

tests/build/hamilton/snapshots/_snapshot.py:218: AssertionError</failure></testcase><testcase classname="tests.build.hamilton.test_cli_snapshots" name="test_cli_snapshot[pr22_plan_call_graph_views]" time="0.134"><failure message="AssertionError: Snapshot mismatch: /Users/paulheyse/CodeIntel/CodeIntel/tests/build/hamilton/snapshots/pr22_plan_call_graph_views.json&#10;--- Expected ---&#10;Usage: codeintel build plan [ARGS]&#10;&#10;Show build plan with status and reason for each target.&#10;&#10;╭─ Parameters ─────────────────────────────────────────────────────────────────╮&#10;│ TARGETS --targets            Target names to plan (e.g., function_metrics,   │&#10;│   --empty-targets            call_graph). [env var:                          │&#10;│                              CODEINTEL_BUILD_PLAN_TARGETS] [default: (none)] │&#10;│ MODULE --module -m           Plan all targets in a module (ingestion,        │&#10;│                              graphs, analytics, export). [env var:           │&#10;│                              CODEINTEL_BUILD_PLAN_MODULE] [default: (none)]  │&#10;│ ALL --all -a                 Plan all targets across all modules. [env var:  │&#10;│                              CODEINTEL_BUILD_PLAN_ALL] [default: false]      │&#10;│ FORCE --force --empty-force  Mark specific targets as forced (repeatable).   │&#10;│   -f                         [env var: CODEINTEL_BUILD_PLAN_FORCE] [default: │&#10;│                              (none)]                                         │&#10;│ OUTPUT --output -o           Output file path (stdout if not specified).     │&#10;│                              [env var: CODEINTEL_BUILD_PLAN_OUTPUT]          │&#10;│                              [default: (none)]                               │&#10;│ --flags                      [env var: CODEINTEL_BUILD_PLAN_FLAGS] [default: │&#10;│                              --flags]                                        │&#10;│ ROOT --root -r               Explicit project root directory. [env var:      │&#10;│                              CODEINTEL_BUILD_PLAN_ROOT] [default: (none)]    │&#10;│ OUTPUT-FORMAT                Output format. [choices: text, json, jsonl]     │&#10;│   --output-format            [env var: CODEINTEL_BUILD_PLAN_OUTPUT_FORMAT]   │&#10;│                              [default: text]                                 │&#10;│ JSON --json                  Alias for --output-format json. [env var:       │&#10;│                              CODEINTEL_BUILD_PLAN_JSON] [default: false]     │&#10;│ VERBOSE --verbose -v         Increase verbosity (0=warnings, 1=info,         │&#10;│                              2=debug). [env var:                             │&#10;│                              CODEINTEL_BUILD_PLAN_VERBOSE] [default: 0]      │&#10;╰──────────────────────────────────────────────────────────────────────────────╯&#10;&#10;--- Actual ---&#10;Usage: codeintel build plan [ARGS]&#10;&#10;Show build plan with status and reason for each target.&#10;&#10;╭─ Parameters ─────────────────────────────────────────────────────────────────╮&#10;│ TARGETS --targets            Target names to plan (e.g., function_metrics,   │&#10;│   --empty-targets            call_graph). [env var: CODEINTEL_TARGETS]       │&#10;│                              [default: (none)]                               │&#10;│ MODULE --module -m           Plan all targets in a module (ingestion,        │&#10;│                              graphs, analytics, export). [env var:           │&#10;│                              CODEINTEL_MODULE] [default: (none)]             │&#10;│ ALL --all -a                 Plan all targets across all modules. [env var:  │&#10;│                              CODEINTEL_ALL] [default: false]                 │&#10;│ FORCE --force --empty-force  Mark specific targets as forced (repeatable).   │&#10;│   -f                         [env var: CODEINTEL_FORCE] [default: (none)]    │&#10;│ OUTPUT --output -o           Output file path (stdout if not specified).     │&#10;│                              [env var: CODEINTEL_OUTPUT] [default: (none)]   │&#10;│ --flags                      [env var: CODEINTEL_FLAGS] [default: --flags]   │&#10;│ ROOT --root -r               Explicit project root directory. [env var:      │&#10;│                              CODEINTEL_ROOT] [default: (none)]               │&#10;│ OUTPUT-FORMAT                Output format. [choices: text, json, jsonl]     │&#10;│   --output-format            [env var: CODEINTEL_OUTPUT_FORMAT] [default:    │&#10;│                              text]                                           │&#10;│ JSON --json                  Alias for --output-format json. [env var:       │&#10;│                              CODEINTEL_JSON] [default: false]                │&#10;│ VERBOSE --verbose -v         Increase verbosity (0=warnings, 1=info,         │&#10;│                              2=debug). [env var: CODEINTEL_VERBOSE]          │&#10;│                              [default: 0]                                    │&#10;╰──────────────────────────────────────────────────────────────────────────────╯&#10;&#10;Run with --update-cli-snapshots to update.">snapshot_case = SnapshotCase(name='pr22_plan_call_graph_views', args=('build', 'plan', 'call_graph_views', '--format', 'json', '--help...pr22_plan_call_graph_views.json', strip_keys=(), replace=(), tags=('pr22', 'plan', 'native', 'json', 'graphs', 'tiny'))
cli_snapshot_context = (PosixPath('/Users/paulheyse/CodeIntel/CodeIntel/tests/build/hamilton/snapshots'), SnapshotManifest(app_import='codein...apshot='pr78_build_validate_auto.json', strip_keys=(), replace=(), tags=('pr78', 'validate', 'json', 'integration')))))
request = &lt;FixtureRequest for &lt;Function test_cli_snapshot[pr22_plan_call_graph_views]&gt;&gt;

    @pytest.mark.cli_snapshot
    def test_cli_snapshot(
        snapshot_case: SnapshotCase,
        cli_snapshot_context: tuple[Path, SnapshotManifest],
        request: pytest.FixtureRequest,
    ) -&gt; None:
        """Execute CLI command and compare output to golden snapshot.
    
        Parameters
        ----------
        snapshot_case
            Test case from manifest.
        cli_snapshot_context
            Shared context with manifest and directory.
        request
            Pytest fixture request for config access.
        """
        snapshots_dir, manifest = cli_snapshot_context
        update = bool(request.config.getoption("--update-cli-snapshots"))
    
&gt;       execute_and_assert_snapshot(
            manifest=manifest,
            snapshots_dir=snapshots_dir,
            case=snapshot_case,
            update=update,
        )

tests/build/hamilton/test_cli_snapshots.py:234: 
_ _ _ _ _ _ _ _ _ _ _ _ _ _ _ _ _ _ _ _ _ _ _ _ _ _ _ _ _ _ _ _ _ _ _ _ _ _ _ _ 
tests/build/hamilton/snapshots/_runner.py:169: in execute_and_assert_snapshot
    assert_or_update_snapshot(actual=rendered, snapshot_path=snapshot_path, update=update)
_ _ _ _ _ _ _ _ _ _ _ _ _ _ _ _ _ _ _ _ _ _ _ _ _ _ _ _ _ _ _ _ _ _ _ _ _ _ _ _ 

    def assert_or_update_snapshot(
        *,
        actual: str,
        snapshot_path: Path,
        update: bool,
    ) -&gt; None:
        """Assert content matches snapshot or update the snapshot file.
    
        When update is True, writes actual content to snapshot_path.
        When update is False, compares actual to existing snapshot.
    
        Parameters
        ----------
        actual
            Actual content from CLI output (normalized).
        snapshot_path
            Path to snapshot file.
        update
            If True, update snapshot instead of comparing.
    
        Raises
        ------
        AssertionError
            If update is False and actual doesn't match expected.
        FileNotFoundError
            If update is False and snapshot file doesn't exist.
        """
        if update:
            snapshot_path.parent.mkdir(parents=True, exist_ok=True)
            snapshot_path.write_text(actual, encoding="utf-8")
            return
    
        if not snapshot_path.exists():
            msg = (
                f"Snapshot file not found: {snapshot_path}\n"
                f"Run with --update-cli-snapshots to create it."
            )
            raise FileNotFoundError(msg)
    
        expected = snapshot_path.read_text(encoding="utf-8")
        if actual != expected:
            msg = (
                f"Snapshot mismatch: {snapshot_path}\n"
                f"--- Expected ---\n{expected}\n"
                f"--- Actual ---\n{actual}\n"
                f"Run with --update-cli-snapshots to update."
            )
&gt;           raise AssertionError(msg)
E           AssertionError: Snapshot mismatch: /Users/paulheyse/CodeIntel/CodeIntel/tests/build/hamilton/snapshots/pr22_plan_call_graph_views.json
E           --- Expected ---
E           Usage: codeintel build plan [ARGS]
E           
E           Show build plan with status and reason for each target.
E           
E           ╭─ Parameters ─────────────────────────────────────────────────────────────────╮
E           │ TARGETS --targets            Target names to plan (e.g., function_metrics,   │
E           │   --empty-targets            call_graph). [env var:                          │
E           │                              CODEINTEL_BUILD_PLAN_TARGETS] [default: (none)] │
E           │ MODULE --module -m           Plan all targets in a module (ingestion,        │
E           │                              graphs, analytics, export). [env var:           │
E           │                              CODEINTEL_BUILD_PLAN_MODULE] [default: (none)]  │
E           │ ALL --all -a                 Plan all targets across all modules. [env var:  │
E           │                              CODEINTEL_BUILD_PLAN_ALL] [default: false]      │
E           │ FORCE --force --empty-force  Mark specific targets as forced (repeatable).   │
E           │   -f                         [env var: CODEINTEL_BUILD_PLAN_FORCE] [default: │
E           │                              (none)]                                         │
E           │ OUTPUT --output -o           Output file path (stdout if not specified).     │
E           │                              [env var: CODEINTEL_BUILD_PLAN_OUTPUT]          │
E           │                              [default: (none)]                               │
E           │ --flags                      [env var: CODEINTEL_BUILD_PLAN_FLAGS] [default: │
E           │                              --flags]                                        │
E           │ ROOT --root -r               Explicit project root directory. [env var:      │
E           │                              CODEINTEL_BUILD_PLAN_ROOT] [default: (none)]    │
E           │ OUTPUT-FORMAT                Output format. [choices: text, json, jsonl]     │
E           │   --output-format            [env var: CODEINTEL_BUILD_PLAN_OUTPUT_FORMAT]   │
E           │                              [default: text]                                 │
E           │ JSON --json                  Alias for --output-format json. [env var:       │
E           │                              CODEINTEL_BUILD_PLAN_JSON] [default: false]     │
E           │ VERBOSE --verbose -v         Increase verbosity (0=warnings, 1=info,         │
E           │                              2=debug). [env var:                             │
E           │                              CODEINTEL_BUILD_PLAN_VERBOSE] [default: 0]      │
E           ╰──────────────────────────────────────────────────────────────────────────────╯
E           
E           --- Actual ---
E           Usage: codeintel build plan [ARGS]
E           
E           Show build plan with status and reason for each target.
E           
E           ╭─ Parameters ─────────────────────────────────────────────────────────────────╮
E           │ TARGETS --targets            Target names to plan (e.g., function_metrics,   │
E           │   --empty-targets            call_graph). [env var: CODEINTEL_TARGETS]       │
E           │                              [default: (none)]                               │
E           │ MODULE --module -m           Plan all targets in a module (ingestion,        │
E           │                              graphs, analytics, export). [env var:           │
E           │                              CODEINTEL_MODULE] [default: (none)]             │
E           │ ALL --all -a                 Plan all targets across all modules. [env var:  │
E           │                              CODEINTEL_ALL] [default: false]                 │
E           │ FORCE --force --empty-force  Mark specific targets as forced (repeatable).   │
E           │   -f                         [env var: CODEINTEL_FORCE] [default: (none)]    │
E           │ OUTPUT --output -o           Output file path (stdout if not specified).     │
E           │                              [env var: CODEINTEL_OUTPUT] [default: (none)]   │
E           │ --flags                      [env var: CODEINTEL_FLAGS] [default: --flags]   │
E           │ ROOT --root -r               Explicit project root directory. [env var:      │
E           │                              CODEINTEL_ROOT] [default: (none)]               │
E           │ OUTPUT-FORMAT                Output format. [choices: text, json, jsonl]     │
E           │   --output-format            [env var: CODEINTEL_OUTPUT_FORMAT] [default:    │
E           │                              text]                                           │
E           │ JSON --json                  Alias for --output-format json. [env var:       │
E           │                              CODEINTEL_JSON] [default: false]                │
E           │ VERBOSE --verbose -v         Increase verbosity (0=warnings, 1=info,         │
E           │                              2=debug). [env var: CODEINTEL_VERBOSE]          │
E           │                              [default: 0]                                    │
E           ╰──────────────────────────────────────────────────────────────────────────────╯
E           
E           Run with --update-cli-snapshots to update.

tests/build/hamilton/snapshots/_snapshot.py:218: AssertionError</failure></testcase><testcase classname="tests.build.hamilton.test_cli_snapshots" name="test_cli_snapshot[pr16_plan_risk_factors_contract]" time="0.175"><failure message="AssertionError: Snapshot mismatch: /Users/paulheyse/CodeIntel/CodeIntel/tests/build/hamilton/snapshots/pr16_plan_risk_factors_contract.json&#10;--- Expected ---&#10;Usage: codeintel build plan [ARGS]&#10;&#10;Show build plan with status and reason for each target.&#10;&#10;╭─ Parameters ─────────────────────────────────────────────────────────────────╮&#10;│ TARGETS --targets            Target names to plan (e.g., function_metrics,   │&#10;│   --empty-targets            call_graph). [env var:                          │&#10;│                              CODEINTEL_BUILD_PLAN_TARGETS] [default: (none)] │&#10;│ MODULE --module -m           Plan all targets in a module (ingestion,        │&#10;│                              graphs, analytics, export). [env var:           │&#10;│                              CODEINTEL_BUILD_PLAN_MODULE] [default: (none)]  │&#10;│ ALL --all -a                 Plan all targets across all modules. [env var:  │&#10;│                              CODEINTEL_BUILD_PLAN_ALL] [default: false]      │&#10;│ FORCE --force --empty-force  Mark specific targets as forced (repeatable).   │&#10;│   -f                         [env var: CODEINTEL_BUILD_PLAN_FORCE] [default: │&#10;│                              (none)]                                         │&#10;│ OUTPUT --output -o           Output file path (stdout if not specified).     │&#10;│                              [env var: CODEINTEL_BUILD_PLAN_OUTPUT]          │&#10;│                              [default: (none)]                               │&#10;│ --flags                      [env var: CODEINTEL_BUILD_PLAN_FLAGS] [default: │&#10;│                              --flags]                                        │&#10;│ ROOT --root -r               Explicit project root directory. [env var:      │&#10;│                              CODEINTEL_BUILD_PLAN_ROOT] [default: (none)]    │&#10;│ OUTPUT-FORMAT                Output format. [choices: text, json, jsonl]     │&#10;│   --output-format            [env var: CODEINTEL_BUILD_PLAN_OUTPUT_FORMAT]   │&#10;│                              [default: text]                                 │&#10;│ JSON --json                  Alias for --output-format json. [env var:       │&#10;│                              CODEINTEL_BUILD_PLAN_JSON] [default: false]     │&#10;│ VERBOSE --verbose -v         Increase verbosity (0=warnings, 1=info,         │&#10;│                              2=debug). [env var:                             │&#10;│                              CODEINTEL_BUILD_PLAN_VERBOSE] [default: 0]      │&#10;╰──────────────────────────────────────────────────────────────────────────────╯&#10;&#10;--- Actual ---&#10;Usage: codeintel build plan [ARGS]&#10;&#10;Show build plan with status and reason for each target.&#10;&#10;╭─ Parameters ─────────────────────────────────────────────────────────────────╮&#10;│ TARGETS --targets            Target names to plan (e.g., function_metrics,   │&#10;│   --empty-targets            call_graph). [env var: CODEINTEL_TARGETS]       │&#10;│                              [default: (none)]                               │&#10;│ MODULE --module -m           Plan all targets in a module (ingestion,        │&#10;│                              graphs, analytics, export). [env var:           │&#10;│                              CODEINTEL_MODULE] [default: (none)]             │&#10;│ ALL --all -a                 Plan all targets across all modules. [env var:  │&#10;│                              CODEINTEL_ALL] [default: false]                 │&#10;│ FORCE --force --empty-force  Mark specific targets as forced (repeatable).   │&#10;│   -f                         [env var: CODEINTEL_FORCE] [default: (none)]    │&#10;│ OUTPUT --output -o           Output file path (stdout if not specified).     │&#10;│                              [env var: CODEINTEL_OUTPUT] [default: (none)]   │&#10;│ --flags                      [env var: CODEINTEL_FLAGS] [default: --flags]   │&#10;│ ROOT --root -r               Explicit project root directory. [env var:      │&#10;│                              CODEINTEL_ROOT] [default: (none)]               │&#10;│ OUTPUT-FORMAT                Output format. [choices: text, json, jsonl]     │&#10;│   --output-format            [env var: CODEINTEL_OUTPUT_FORMAT] [default:    │&#10;│                              text]                                           │&#10;│ JSON --json                  Alias for --output-format json. [env var:       │&#10;│                              CODEINTEL_JSON] [default: false]                │&#10;│ VERBOSE --verbose -v         Increase verbosity (0=warnings, 1=info,         │&#10;│                              2=debug). [env var: CODEINTEL_VERBOSE]          │&#10;│                              [default: 0]                                    │&#10;╰──────────────────────────────────────────────────────────────────────────────╯&#10;&#10;Run with --update-cli-snapshots to update.">snapshot_case = SnapshotCase(name='pr16_plan_risk_factors_contract', args=('build', 'plan', 'risk_factors', '--format', 'json', '--hel...G'}, snapshot='pr16_plan_risk_factors_contract.json', strip_keys=(), replace=(), tags=('pr16', 'plan', 'json', 'tiny'))
cli_snapshot_context = (PosixPath('/Users/paulheyse/CodeIntel/CodeIntel/tests/build/hamilton/snapshots'), SnapshotManifest(app_import='codein...apshot='pr78_build_validate_auto.json', strip_keys=(), replace=(), tags=('pr78', 'validate', 'json', 'integration')))))
request = &lt;FixtureRequest for &lt;Function test_cli_snapshot[pr16_plan_risk_factors_contract]&gt;&gt;

    @pytest.mark.cli_snapshot
    def test_cli_snapshot(
        snapshot_case: SnapshotCase,
        cli_snapshot_context: tuple[Path, SnapshotManifest],
        request: pytest.FixtureRequest,
    ) -&gt; None:
        """Execute CLI command and compare output to golden snapshot.
    
        Parameters
        ----------
        snapshot_case
            Test case from manifest.
        cli_snapshot_context
            Shared context with manifest and directory.
        request
            Pytest fixture request for config access.
        """
        snapshots_dir, manifest = cli_snapshot_context
        update = bool(request.config.getoption("--update-cli-snapshots"))
    
&gt;       execute_and_assert_snapshot(
            manifest=manifest,
            snapshots_dir=snapshots_dir,
            case=snapshot_case,
            update=update,
        )

tests/build/hamilton/test_cli_snapshots.py:234: 
_ _ _ _ _ _ _ _ _ _ _ _ _ _ _ _ _ _ _ _ _ _ _ _ _ _ _ _ _ _ _ _ _ _ _ _ _ _ _ _ 
tests/build/hamilton/snapshots/_runner.py:169: in execute_and_assert_snapshot
    assert_or_update_snapshot(actual=rendered, snapshot_path=snapshot_path, update=update)
_ _ _ _ _ _ _ _ _ _ _ _ _ _ _ _ _ _ _ _ _ _ _ _ _ _ _ _ _ _ _ _ _ _ _ _ _ _ _ _ 

    def assert_or_update_snapshot(
        *,
        actual: str,
        snapshot_path: Path,
        update: bool,
    ) -&gt; None:
        """Assert content matches snapshot or update the snapshot file.
    
        When update is True, writes actual content to snapshot_path.
        When update is False, compares actual to existing snapshot.
    
        Parameters
        ----------
        actual
            Actual content from CLI output (normalized).
        snapshot_path
            Path to snapshot file.
        update
            If True, update snapshot instead of comparing.
    
        Raises
        ------
        AssertionError
            If update is False and actual doesn't match expected.
        FileNotFoundError
            If update is False and snapshot file doesn't exist.
        """
        if update:
            snapshot_path.parent.mkdir(parents=True, exist_ok=True)
            snapshot_path.write_text(actual, encoding="utf-8")
            return
    
        if not snapshot_path.exists():
            msg = (
                f"Snapshot file not found: {snapshot_path}\n"
                f"Run with --update-cli-snapshots to create it."
            )
            raise FileNotFoundError(msg)
    
        expected = snapshot_path.read_text(encoding="utf-8")
        if actual != expected:
            msg = (
                f"Snapshot mismatch: {snapshot_path}\n"
                f"--- Expected ---\n{expected}\n"
                f"--- Actual ---\n{actual}\n"
                f"Run with --update-cli-snapshots to update."
            )
&gt;           raise AssertionError(msg)
E           AssertionError: Snapshot mismatch: /Users/paulheyse/CodeIntel/CodeIntel/tests/build/hamilton/snapshots/pr16_plan_risk_factors_contract.json
E           --- Expected ---
E           Usage: codeintel build plan [ARGS]
E           
E           Show build plan with status and reason for each target.
E           
E           ╭─ Parameters ─────────────────────────────────────────────────────────────────╮
E           │ TARGETS --targets            Target names to plan (e.g., function_metrics,   │
E           │   --empty-targets            call_graph). [env var:                          │
E           │                              CODEINTEL_BUILD_PLAN_TARGETS] [default: (none)] │
E           │ MODULE --module -m           Plan all targets in a module (ingestion,        │
E           │                              graphs, analytics, export). [env var:           │
E           │                              CODEINTEL_BUILD_PLAN_MODULE] [default: (none)]  │
E           │ ALL --all -a                 Plan all targets across all modules. [env var:  │
E           │                              CODEINTEL_BUILD_PLAN_ALL] [default: false]      │
E           │ FORCE --force --empty-force  Mark specific targets as forced (repeatable).   │
E           │   -f                         [env var: CODEINTEL_BUILD_PLAN_FORCE] [default: │
E           │                              (none)]                                         │
E           │ OUTPUT --output -o           Output file path (stdout if not specified).     │
E           │                              [env var: CODEINTEL_BUILD_PLAN_OUTPUT]          │
E           │                              [default: (none)]                               │
E           │ --flags                      [env var: CODEINTEL_BUILD_PLAN_FLAGS] [default: │
E           │                              --flags]                                        │
E           │ ROOT --root -r               Explicit project root directory. [env var:      │
E           │                              CODEINTEL_BUILD_PLAN_ROOT] [default: (none)]    │
E           │ OUTPUT-FORMAT                Output format. [choices: text, json, jsonl]     │
E           │   --output-format            [env var: CODEINTEL_BUILD_PLAN_OUTPUT_FORMAT]   │
E           │                              [default: text]                                 │
E           │ JSON --json                  Alias for --output-format json. [env var:       │
E           │                              CODEINTEL_BUILD_PLAN_JSON] [default: false]     │
E           │ VERBOSE --verbose -v         Increase verbosity (0=warnings, 1=info,         │
E           │                              2=debug). [env var:                             │
E           │                              CODEINTEL_BUILD_PLAN_VERBOSE] [default: 0]      │
E           ╰──────────────────────────────────────────────────────────────────────────────╯
E           
E           --- Actual ---
E           Usage: codeintel build plan [ARGS]
E           
E           Show build plan with status and reason for each target.
E           
E           ╭─ Parameters ─────────────────────────────────────────────────────────────────╮
E           │ TARGETS --targets            Target names to plan (e.g., function_metrics,   │
E           │   --empty-targets            call_graph). [env var: CODEINTEL_TARGETS]       │
E           │                              [default: (none)]                               │
E           │ MODULE --module -m           Plan all targets in a module (ingestion,        │
E           │                              graphs, analytics, export). [env var:           │
E           │                              CODEINTEL_MODULE] [default: (none)]             │
E           │ ALL --all -a                 Plan all targets across all modules. [env var:  │
E           │                              CODEINTEL_ALL] [default: false]                 │
E           │ FORCE --force --empty-force  Mark specific targets as forced (repeatable).   │
E           │   -f                         [env var: CODEINTEL_FORCE] [default: (none)]    │
E           │ OUTPUT --output -o           Output file path (stdout if not specified).     │
E           │                              [env var: CODEINTEL_OUTPUT] [default: (none)]   │
E           │ --flags                      [env var: CODEINTEL_FLAGS] [default: --flags]   │
E           │ ROOT --root -r               Explicit project root directory. [env var:      │
E           │                              CODEINTEL_ROOT] [default: (none)]               │
E           │ OUTPUT-FORMAT                Output format. [choices: text, json, jsonl]     │
E           │   --output-format            [env var: CODEINTEL_OUTPUT_FORMAT] [default:    │
E           │                              text]                                           │
E           │ JSON --json                  Alias for --output-format json. [env var:       │
E           │                              CODEINTEL_JSON] [default: false]                │
E           │ VERBOSE --verbose -v         Increase verbosity (0=warnings, 1=info,         │
E           │                              2=debug). [env var: CODEINTEL_VERBOSE]          │
E           │                              [default: 0]                                    │
E           ╰──────────────────────────────────────────────────────────────────────────────╯
E           
E           Run with --update-cli-snapshots to update.

tests/build/hamilton/snapshots/_snapshot.py:218: AssertionError</failure></testcase><testcase classname="tests.build.hamilton.test_cli_snapshots" name="test_cli_snapshot[pr16_plan_function_metrics_contract]" time="0.136"><failure message="AssertionError: Snapshot mismatch: /Users/paulheyse/CodeIntel/CodeIntel/tests/build/hamilton/snapshots/pr16_plan_function_metrics_contract.json&#10;--- Expected ---&#10;Usage: codeintel build plan [ARGS]&#10;&#10;Show build plan with status and reason for each target.&#10;&#10;╭─ Parameters ─────────────────────────────────────────────────────────────────╮&#10;│ TARGETS --targets            Target names to plan (e.g., function_metrics,   │&#10;│   --empty-targets            call_graph). [env var:                          │&#10;│                              CODEINTEL_BUILD_PLAN_TARGETS] [default: (none)] │&#10;│ MODULE --module -m           Plan all targets in a module (ingestion,        │&#10;│                              graphs, analytics, export). [env var:           │&#10;│                              CODEINTEL_BUILD_PLAN_MODULE] [default: (none)]  │&#10;│ ALL --all -a                 Plan all targets across all modules. [env var:  │&#10;│                              CODEINTEL_BUILD_PLAN_ALL] [default: false]      │&#10;│ FORCE --force --empty-force  Mark specific targets as forced (repeatable).   │&#10;│   -f                         [env var: CODEINTEL_BUILD_PLAN_FORCE] [default: │&#10;│                              (none)]                                         │&#10;│ OUTPUT --output -o           Output file path (stdout if not specified).     │&#10;│                              [env var: CODEINTEL_BUILD_PLAN_OUTPUT]          │&#10;│                              [default: (none)]                               │&#10;│ --flags                      [env var: CODEINTEL_BUILD_PLAN_FLAGS] [default: │&#10;│                              --flags]                                        │&#10;│ ROOT --root -r               Explicit project root directory. [env var:      │&#10;│                              CODEINTEL_BUILD_PLAN_ROOT] [default: (none)]    │&#10;│ OUTPUT-FORMAT                Output format. [choices: text, json, jsonl]     │&#10;│   --output-format            [env var: CODEINTEL_BUILD_PLAN_OUTPUT_FORMAT]   │&#10;│                              [default: text]                                 │&#10;│ JSON --json                  Alias for --output-format json. [env var:       │&#10;│                              CODEINTEL_BUILD_PLAN_JSON] [default: false]     │&#10;│ VERBOSE --verbose -v         Increase verbosity (0=warnings, 1=info,         │&#10;│                              2=debug). [env var:                             │&#10;│                              CODEINTEL_BUILD_PLAN_VERBOSE] [default: 0]      │&#10;╰──────────────────────────────────────────────────────────────────────────────╯&#10;&#10;--- Actual ---&#10;Usage: codeintel build plan [ARGS]&#10;&#10;Show build plan with status and reason for each target.&#10;&#10;╭─ Parameters ─────────────────────────────────────────────────────────────────╮&#10;│ TARGETS --targets            Target names to plan (e.g., function_metrics,   │&#10;│   --empty-targets            call_graph). [env var: CODEINTEL_TARGETS]       │&#10;│                              [default: (none)]                               │&#10;│ MODULE --module -m           Plan all targets in a module (ingestion,        │&#10;│                              graphs, analytics, export). [env var:           │&#10;│                              CODEINTEL_MODULE] [default: (none)]             │&#10;│ ALL --all -a                 Plan all targets across all modules. [env var:  │&#10;│                              CODEINTEL_ALL] [default: false]                 │&#10;│ FORCE --force --empty-force  Mark specific targets as forced (repeatable).   │&#10;│   -f                         [env var: CODEINTEL_FORCE] [default: (none)]    │&#10;│ OUTPUT --output -o           Output file path (stdout if not specified).     │&#10;│                              [env var: CODEINTEL_OUTPUT] [default: (none)]   │&#10;│ --flags                      [env var: CODEINTEL_FLAGS] [default: --flags]   │&#10;│ ROOT --root -r               Explicit project root directory. [env var:      │&#10;│                              CODEINTEL_ROOT] [default: (none)]               │&#10;│ OUTPUT-FORMAT                Output format. [choices: text, json, jsonl]     │&#10;│   --output-format            [env var: CODEINTEL_OUTPUT_FORMAT] [default:    │&#10;│                              text]                                           │&#10;│ JSON --json                  Alias for --output-format json. [env var:       │&#10;│                              CODEINTEL_JSON] [default: false]                │&#10;│ VERBOSE --verbose -v         Increase verbosity (0=warnings, 1=info,         │&#10;│                              2=debug). [env var: CODEINTEL_VERBOSE]          │&#10;│                              [default: 0]                                    │&#10;╰──────────────────────────────────────────────────────────────────────────────╯&#10;&#10;Run with --update-cli-snapshots to update.">snapshot_case = SnapshotCase(name='pr16_plan_function_metrics_contract', args=('build', 'plan', 'function_metrics', '--format', 'json'... snapshot='pr16_plan_function_metrics_contract.json', strip_keys=(), replace=(), tags=('pr16', 'plan', 'json', 'tiny'))
cli_snapshot_context = (PosixPath('/Users/paulheyse/CodeIntel/CodeIntel/tests/build/hamilton/snapshots'), SnapshotManifest(app_import='codein...apshot='pr78_build_validate_auto.json', strip_keys=(), replace=(), tags=('pr78', 'validate', 'json', 'integration')))))
request = &lt;FixtureRequest for &lt;Function test_cli_snapshot[pr16_plan_function_metrics_contract]&gt;&gt;

    @pytest.mark.cli_snapshot
    def test_cli_snapshot(
        snapshot_case: SnapshotCase,
        cli_snapshot_context: tuple[Path, SnapshotManifest],
        request: pytest.FixtureRequest,
    ) -&gt; None:
        """Execute CLI command and compare output to golden snapshot.
    
        Parameters
        ----------
        snapshot_case
            Test case from manifest.
        cli_snapshot_context
            Shared context with manifest and directory.
        request
            Pytest fixture request for config access.
        """
        snapshots_dir, manifest = cli_snapshot_context
        update = bool(request.config.getoption("--update-cli-snapshots"))
    
&gt;       execute_and_assert_snapshot(
            manifest=manifest,
            snapshots_dir=snapshots_dir,
            case=snapshot_case,
            update=update,
        )

tests/build/hamilton/test_cli_snapshots.py:234: 
_ _ _ _ _ _ _ _ _ _ _ _ _ _ _ _ _ _ _ _ _ _ _ _ _ _ _ _ _ _ _ _ _ _ _ _ _ _ _ _ 
tests/build/hamilton/snapshots/_runner.py:169: in execute_and_assert_snapshot
    assert_or_update_snapshot(actual=rendered, snapshot_path=snapshot_path, update=update)
_ _ _ _ _ _ _ _ _ _ _ _ _ _ _ _ _ _ _ _ _ _ _ _ _ _ _ _ _ _ _ _ _ _ _ _ _ _ _ _ 

    def assert_or_update_snapshot(
        *,
        actual: str,
        snapshot_path: Path,
        update: bool,
    ) -&gt; None:
        """Assert content matches snapshot or update the snapshot file.
    
        When update is True, writes actual content to snapshot_path.
        When update is False, compares actual to existing snapshot.
    
        Parameters
        ----------
        actual
            Actual content from CLI output (normalized).
        snapshot_path
            Path to snapshot file.
        update
            If True, update snapshot instead of comparing.
    
        Raises
        ------
        AssertionError
            If update is False and actual doesn't match expected.
        FileNotFoundError
            If update is False and snapshot file doesn't exist.
        """
        if update:
            snapshot_path.parent.mkdir(parents=True, exist_ok=True)
            snapshot_path.write_text(actual, encoding="utf-8")
            return
    
        if not snapshot_path.exists():
            msg = (
                f"Snapshot file not found: {snapshot_path}\n"
                f"Run with --update-cli-snapshots to create it."
            )
            raise FileNotFoundError(msg)
    
        expected = snapshot_path.read_text(encoding="utf-8")
        if actual != expected:
            msg = (
                f"Snapshot mismatch: {snapshot_path}\n"
                f"--- Expected ---\n{expected}\n"
                f"--- Actual ---\n{actual}\n"
                f"Run with --update-cli-snapshots to update."
            )
&gt;           raise AssertionError(msg)
E           AssertionError: Snapshot mismatch: /Users/paulheyse/CodeIntel/CodeIntel/tests/build/hamilton/snapshots/pr16_plan_function_metrics_contract.json
E           --- Expected ---
E           Usage: codeintel build plan [ARGS]
E           
E           Show build plan with status and reason for each target.
E           
E           ╭─ Parameters ─────────────────────────────────────────────────────────────────╮
E           │ TARGETS --targets            Target names to plan (e.g., function_metrics,   │
E           │   --empty-targets            call_graph). [env var:                          │
E           │                              CODEINTEL_BUILD_PLAN_TARGETS] [default: (none)] │
E           │ MODULE --module -m           Plan all targets in a module (ingestion,        │
E           │                              graphs, analytics, export). [env var:           │
E           │                              CODEINTEL_BUILD_PLAN_MODULE] [default: (none)]  │
E           │ ALL --all -a                 Plan all targets across all modules. [env var:  │
E           │                              CODEINTEL_BUILD_PLAN_ALL] [default: false]      │
E           │ FORCE --force --empty-force  Mark specific targets as forced (repeatable).   │
E           │   -f                         [env var: CODEINTEL_BUILD_PLAN_FORCE] [default: │
E           │                              (none)]                                         │
E           │ OUTPUT --output -o           Output file path (stdout if not specified).     │
E           │                              [env var: CODEINTEL_BUILD_PLAN_OUTPUT]          │
E           │                              [default: (none)]                               │
E           │ --flags                      [env var: CODEINTEL_BUILD_PLAN_FLAGS] [default: │
E           │                              --flags]                                        │
E           │ ROOT --root -r               Explicit project root directory. [env var:      │
E           │                              CODEINTEL_BUILD_PLAN_ROOT] [default: (none)]    │
E           │ OUTPUT-FORMAT                Output format. [choices: text, json, jsonl]     │
E           │   --output-format            [env var: CODEINTEL_BUILD_PLAN_OUTPUT_FORMAT]   │
E           │                              [default: text]                                 │
E           │ JSON --json                  Alias for --output-format json. [env var:       │
E           │                              CODEINTEL_BUILD_PLAN_JSON] [default: false]     │
E           │ VERBOSE --verbose -v         Increase verbosity (0=warnings, 1=info,         │
E           │                              2=debug). [env var:                             │
E           │                              CODEINTEL_BUILD_PLAN_VERBOSE] [default: 0]      │
E           ╰──────────────────────────────────────────────────────────────────────────────╯
E           
E           --- Actual ---
E           Usage: codeintel build plan [ARGS]
E           
E           Show build plan with status and reason for each target.
E           
E           ╭─ Parameters ─────────────────────────────────────────────────────────────────╮
E           │ TARGETS --targets            Target names to plan (e.g., function_metrics,   │
E           │   --empty-targets            call_graph). [env var: CODEINTEL_TARGETS]       │
E           │                              [default: (none)]                               │
E           │ MODULE --module -m           Plan all targets in a module (ingestion,        │
E           │                              graphs, analytics, export). [env var:           │
E           │                              CODEINTEL_MODULE] [default: (none)]             │
E           │ ALL --all -a                 Plan all targets across all modules. [env var:  │
E           │                              CODEINTEL_ALL] [default: false]                 │
E           │ FORCE --force --empty-force  Mark specific targets as forced (repeatable).   │
E           │   -f                         [env var: CODEINTEL_FORCE] [default: (none)]    │
E           │ OUTPUT --output -o           Output file path (stdout if not specified).     │
E           │                              [env var: CODEINTEL_OUTPUT] [default: (none)]   │
E           │ --flags                      [env var: CODEINTEL_FLAGS] [default: --flags]   │
E           │ ROOT --root -r               Explicit project root directory. [env var:      │
E           │                              CODEINTEL_ROOT] [default: (none)]               │
E           │ OUTPUT-FORMAT                Output format. [choices: text, json, jsonl]     │
E           │   --output-format            [env var: CODEINTEL_OUTPUT_FORMAT] [default:    │
E           │                              text]                                           │
E           │ JSON --json                  Alias for --output-format json. [env var:       │
E           │                              CODEINTEL_JSON] [default: false]                │
E           │ VERBOSE --verbose -v         Increase verbosity (0=warnings, 1=info,         │
E           │                              2=debug). [env var: CODEINTEL_VERBOSE]          │
E           │                              [default: 0]                                    │
E           ╰──────────────────────────────────────────────────────────────────────────────╯
E           
E           Run with --update-cli-snapshots to update.

tests/build/hamilton/snapshots/_snapshot.py:218: AssertionError</failure></testcase><testcase classname="tests.build.hamilton.test_cli_snapshots" name="test_cli_snapshot[pr23_plan_export_parquet_native]" time="0.113"><failure message="AssertionError: Snapshot mismatch: /Users/paulheyse/CodeIntel/CodeIntel/tests/build/hamilton/snapshots/pr23_plan_export_parquet_native.json&#10;--- Expected ---&#10;Usage: codeintel build plan [ARGS]&#10;&#10;Show build plan with status and reason for each target.&#10;&#10;╭─ Parameters ─────────────────────────────────────────────────────────────────╮&#10;│ TARGETS --targets            Target names to plan (e.g., function_metrics,   │&#10;│   --empty-targets            call_graph). [env var:                          │&#10;│                              CODEINTEL_BUILD_PLAN_TARGETS] [default: (none)] │&#10;│ MODULE --module -m           Plan all targets in a module (ingestion,        │&#10;│                              graphs, analytics, export). [env var:           │&#10;│                              CODEINTEL_BUILD_PLAN_MODULE] [default: (none)]  │&#10;│ ALL --all -a                 Plan all targets across all modules. [env var:  │&#10;│                              CODEINTEL_BUILD_PLAN_ALL] [default: false]      │&#10;│ FORCE --force --empty-force  Mark specific targets as forced (repeatable).   │&#10;│   -f                         [env var: CODEINTEL_BUILD_PLAN_FORCE] [default: │&#10;│                              (none)]                                         │&#10;│ OUTPUT --output -o           Output file path (stdout if not specified).     │&#10;│                              [env var: CODEINTEL_BUILD_PLAN_OUTPUT]          │&#10;│                              [default: (none)]                               │&#10;│ --flags                      [env var: CODEINTEL_BUILD_PLAN_FLAGS] [default: │&#10;│                              --flags]                                        │&#10;│ ROOT --root -r               Explicit project root directory. [env var:      │&#10;│                              CODEINTEL_BUILD_PLAN_ROOT] [default: (none)]    │&#10;│ OUTPUT-FORMAT                Output format. [choices: text, json, jsonl]     │&#10;│   --output-format            [env var: CODEINTEL_BUILD_PLAN_OUTPUT_FORMAT]   │&#10;│                              [default: text]                                 │&#10;│ JSON --json                  Alias for --output-format json. [env var:       │&#10;│                              CODEINTEL_BUILD_PLAN_JSON] [default: false]     │&#10;│ VERBOSE --verbose -v         Increase verbosity (0=warnings, 1=info,         │&#10;│                              2=debug). [env var:                             │&#10;│                              CODEINTEL_BUILD_PLAN_VERBOSE] [default: 0]      │&#10;╰──────────────────────────────────────────────────────────────────────────────╯&#10;&#10;--- Actual ---&#10;Usage: codeintel build plan [ARGS]&#10;&#10;Show build plan with status and reason for each target.&#10;&#10;╭─ Parameters ─────────────────────────────────────────────────────────────────╮&#10;│ TARGETS --targets            Target names to plan (e.g., function_metrics,   │&#10;│   --empty-targets            call_graph). [env var: CODEINTEL_TARGETS]       │&#10;│                              [default: (none)]                               │&#10;│ MODULE --module -m           Plan all targets in a module (ingestion,        │&#10;│                              graphs, analytics, export). [env var:           │&#10;│                              CODEINTEL_MODULE] [default: (none)]             │&#10;│ ALL --all -a                 Plan all targets across all modules. [env var:  │&#10;│                              CODEINTEL_ALL] [default: false]                 │&#10;│ FORCE --force --empty-force  Mark specific targets as forced (repeatable).   │&#10;│   -f                         [env var: CODEINTEL_FORCE] [default: (none)]    │&#10;│ OUTPUT --output -o           Output file path (stdout if not specified).     │&#10;│                              [env var: CODEINTEL_OUTPUT] [default: (none)]   │&#10;│ --flags                      [env var: CODEINTEL_FLAGS] [default: --flags]   │&#10;│ ROOT --root -r               Explicit project root directory. [env var:      │&#10;│                              CODEINTEL_ROOT] [default: (none)]               │&#10;│ OUTPUT-FORMAT                Output format. [choices: text, json, jsonl]     │&#10;│   --output-format            [env var: CODEINTEL_OUTPUT_FORMAT] [default:    │&#10;│                              text]                                           │&#10;│ JSON --json                  Alias for --output-format json. [env var:       │&#10;│                              CODEINTEL_JSON] [default: false]                │&#10;│ VERBOSE --verbose -v         Increase verbosity (0=warnings, 1=info,         │&#10;│                              2=debug). [env var: CODEINTEL_VERBOSE]          │&#10;│                              [default: 0]                                    │&#10;╰──────────────────────────────────────────────────────────────────────────────╯&#10;&#10;Run with --update-cli-snapshots to update.">snapshot_case = SnapshotCase(name='pr23_plan_export_parquet_native', args=('build', 'plan', 'export_parquet', '--format', 'json', '--h...plan_export_parquet_native.json', strip_keys=(), replace=(), tags=('pr23', 'plan', 'native', 'json', 'export', 'tiny'))
cli_snapshot_context = (PosixPath('/Users/paulheyse/CodeIntel/CodeIntel/tests/build/hamilton/snapshots'), SnapshotManifest(app_import='codein...apshot='pr78_build_validate_auto.json', strip_keys=(), replace=(), tags=('pr78', 'validate', 'json', 'integration')))))
request = &lt;FixtureRequest for &lt;Function test_cli_snapshot[pr23_plan_export_parquet_native]&gt;&gt;

    @pytest.mark.cli_snapshot
    def test_cli_snapshot(
        snapshot_case: SnapshotCase,
        cli_snapshot_context: tuple[Path, SnapshotManifest],
        request: pytest.FixtureRequest,
    ) -&gt; None:
        """Execute CLI command and compare output to golden snapshot.
    
        Parameters
        ----------
        snapshot_case
            Test case from manifest.
        cli_snapshot_context
            Shared context with manifest and directory.
        request
            Pytest fixture request for config access.
        """
        snapshots_dir, manifest = cli_snapshot_context
        update = bool(request.config.getoption("--update-cli-snapshots"))
    
&gt;       execute_and_assert_snapshot(
            manifest=manifest,
            snapshots_dir=snapshots_dir,
            case=snapshot_case,
            update=update,
        )

tests/build/hamilton/test_cli_snapshots.py:234: 
_ _ _ _ _ _ _ _ _ _ _ _ _ _ _ _ _ _ _ _ _ _ _ _ _ _ _ _ _ _ _ _ _ _ _ _ _ _ _ _ 
tests/build/hamilton/snapshots/_runner.py:169: in execute_and_assert_snapshot
    assert_or_update_snapshot(actual=rendered, snapshot_path=snapshot_path, update=update)
_ _ _ _ _ _ _ _ _ _ _ _ _ _ _ _ _ _ _ _ _ _ _ _ _ _ _ _ _ _ _ _ _ _ _ _ _ _ _ _ 

    def assert_or_update_snapshot(
        *,
        actual: str,
        snapshot_path: Path,
        update: bool,
    ) -&gt; None:
        """Assert content matches snapshot or update the snapshot file.
    
        When update is True, writes actual content to snapshot_path.
        When update is False, compares actual to existing snapshot.
    
        Parameters
        ----------
        actual
            Actual content from CLI output (normalized).
        snapshot_path
            Path to snapshot file.
        update
            If True, update snapshot instead of comparing.
    
        Raises
        ------
        AssertionError
            If update is False and actual doesn't match expected.
        FileNotFoundError
            If update is False and snapshot file doesn't exist.
        """
        if update:
            snapshot_path.parent.mkdir(parents=True, exist_ok=True)
            snapshot_path.write_text(actual, encoding="utf-8")
            return
    
        if not snapshot_path.exists():
            msg = (
                f"Snapshot file not found: {snapshot_path}\n"
                f"Run with --update-cli-snapshots to create it."
            )
            raise FileNotFoundError(msg)
    
        expected = snapshot_path.read_text(encoding="utf-8")
        if actual != expected:
            msg = (
                f"Snapshot mismatch: {snapshot_path}\n"
                f"--- Expected ---\n{expected}\n"
                f"--- Actual ---\n{actual}\n"
                f"Run with --update-cli-snapshots to update."
            )
&gt;           raise AssertionError(msg)
E           AssertionError: Snapshot mismatch: /Users/paulheyse/CodeIntel/CodeIntel/tests/build/hamilton/snapshots/pr23_plan_export_parquet_native.json
E           --- Expected ---
E           Usage: codeintel build plan [ARGS]
E           
E           Show build plan with status and reason for each target.
E           
E           ╭─ Parameters ─────────────────────────────────────────────────────────────────╮
E           │ TARGETS --targets            Target names to plan (e.g., function_metrics,   │
E           │   --empty-targets            call_graph). [env var:                          │
E           │                              CODEINTEL_BUILD_PLAN_TARGETS] [default: (none)] │
E           │ MODULE --module -m           Plan all targets in a module (ingestion,        │
E           │                              graphs, analytics, export). [env var:           │
E           │                              CODEINTEL_BUILD_PLAN_MODULE] [default: (none)]  │
E           │ ALL --all -a                 Plan all targets across all modules. [env var:  │
E           │                              CODEINTEL_BUILD_PLAN_ALL] [default: false]      │
E           │ FORCE --force --empty-force  Mark specific targets as forced (repeatable).   │
E           │   -f                         [env var: CODEINTEL_BUILD_PLAN_FORCE] [default: │
E           │                              (none)]                                         │
E           │ OUTPUT --output -o           Output file path (stdout if not specified).     │
E           │                              [env var: CODEINTEL_BUILD_PLAN_OUTPUT]          │
E           │                              [default: (none)]                               │
E           │ --flags                      [env var: CODEINTEL_BUILD_PLAN_FLAGS] [default: │
E           │                              --flags]                                        │
E           │ ROOT --root -r               Explicit project root directory. [env var:      │
E           │                              CODEINTEL_BUILD_PLAN_ROOT] [default: (none)]    │
E           │ OUTPUT-FORMAT                Output format. [choices: text, json, jsonl]     │
E           │   --output-format            [env var: CODEINTEL_BUILD_PLAN_OUTPUT_FORMAT]   │
E           │                              [default: text]                                 │
E           │ JSON --json                  Alias for --output-format json. [env var:       │
E           │                              CODEINTEL_BUILD_PLAN_JSON] [default: false]     │
[...]
            Value that must evaluate to True.
        message
            Optional override for the assertion message.
    
        Raises
        ------
        AssertionError
            If the condition evaluates to False.
        """
        if not condition:
&gt;           raise AssertionError(message or "Expected condition to be True.")
E           AssertionError: No tables for scip_proto

tests/_helpers/assertions/expectation_assertions.py:41: AssertionError</failure></testcase><testcase classname="tests.build.test_registry.TestTargetRegistry" name="test_all_targets_have_valid_modules" time="0.001" /><testcase classname="tests.build.test_registry.TestTargetRegistry" name="test_topological_order_includes_all_deps" time="0.002" /><testcase classname="tests.build.test_registry.TestTargetRegistry" name="test_ingestion_targets_come_before_graphs" time="0.002" /><testcase classname="tests.build.test_registry.TestTargetRegistry" name="test_no_cycles_in_registry" time="0.002" /><testcase classname="tests.build.test_registry.TestTargetsByModule" name="test_ingestion_targets_exist" time="0.001" /><testcase classname="tests.build.test_registry.TestTargetRegistry" name="test_target_names_are_unique" time="0.001" /><testcase classname="tests.build.test_registry.TestTargetsByModule" name="test_analytics_targets_exist" time="0.001" /><testcase classname="tests.build.test_registry.TestTargetsByModule" name="test_graphs_targets_exist" time="0.001" /><testcase classname="tests.build.test_registry.TestTargetsByModule" name="test_module_distribution_reasonable" time="0.001" /><testcase classname="tests.build.test_registry" name="test_key_targets_are_registered[modules]" time="0.002" /><testcase classname="tests.build.test_registry" name="test_key_targets_are_registered[ast]" time="0.001" /><testcase classname="tests.build.test_registry" name="test_key_targets_are_registered[scip]" time="0.001" /><testcase classname="tests.build.test_registry" name="test_key_targets_are_registered[goids]" time="0.001" /><testcase classname="tests.build.test_registry" name="test_key_targets_are_registered[call_graph]" time="0.001" /><testcase classname="tests.build.test_registry" name="test_key_targets_are_registered[function_metrics]" time="0.002" /><testcase classname="tests.build.test_registry" name="test_key_targets_are_registered[profiles]" time="0.001" /><testcase classname="tests.build.test_registry_consistency.TestRegistryConsistency" name="test_all_targets_have_hamilton_nodes" time="0.001" /><testcase classname="tests.build.test_registry_has_no_static_dependencies" name="test_all_targets_have_no_static_dependencies" time="0.457"><failure message="AssertionError: Targets still declare static dependencies: [('ast', ('modules',)), ('behavioral_coverage', ('test_profile',)), ('call_graph', ('goids',)), ('call_graph_views', ('call_graph',)), ('cfg', ('goids',)), ('config_data_flow', ('call_graph', 'goids')), ('coverage_functions', ('coverage_ingest', 'goids')), ('coverage_ingest', ('modules',)), ('coverage_test_edges', ('goids',)), ('cst', ('modules',)), ('dfg', ('goids',)), ('docstrings', ('modules',)), ('entrypoints', ('goids', 'semantic_roles', 'test_profile')), ('export_jsonl', ('function_metrics', 'modules')), ('export_parquet', ('function_metrics',)), ('external_deps', ('call_graph',)), ('function_contracts', ('goids',)), ('function_effects', ('call_graph',)), ('goids', ('modules',)), ('graph_metrics', ('call_graph',)), ('graph_validation', ('call_graph', 'cfg', 'import_graph')), ('import_graph', ('modules',)), ('profiles', ('call_graph', 'symbol_uses')), ('risk_factors', ('call_graph', 'coverage_functions', 'function_metrics')), ('scip', ('modules',)), ('semantic_roles', ('function_ast_features', 'modules')), ('subsystem_agreement', ('subsystems',)), ('subsystem_caches', ('subsystem_graph_metrics', 'subsystems', 'test_profile')), ('subsystem_graph_metrics', ('subsystems',)), ('subsystems', ('import_graph', 'semantic_roles')), ('symbol_graph_metrics', ('symbol_uses',)), ('symbol_uses', ('goids', 'modules', 'scip')), ('test_profile', ('coverage_test_edges',)), ('tests_ingest', ('modules',)), ('typing', ('modules',))]">def test_all_targets_have_no_static_dependencies() -&gt; None:
        """Ensure every static OutputTarget declares empty dependencies."""
        non_empty = {t.name: t.dependencies for t in load_target_specs() if t.dependencies}
&gt;       expect_true(
            len(non_empty) == 0,
            message="Targets still declare static dependencies: " + str(sorted(non_empty.items())),
        )

tests/build/test_registry_has_no_static_dependencies.py:18: 
_ _ _ _ _ _ _ _ _ _ _ _ _ _ _ _ _ _ _ _ _ _ _ _ _ _ _ _ _ _ _ _ _ _ _ _ _ _ _ _ 

condition = False

    def expect_true(condition: object, *, message: str | None = None) -&gt; None:
        """Raise AssertionError when a boolean condition is not satisfied.
    
        Parameters
        ----------
        condition
            Value that must evaluate to True.
        message
            Optional override for the assertion message.
    
        Raises
        ------
        AssertionError
            If the condition evaluates to False.
        """
        if not condition:
&gt;           raise AssertionError(message or "Expected condition to be True.")
E           AssertionError: Targets still declare static dependencies: [('ast', ('modules',)), ('behavioral_coverage', ('test_profile',)), ('call_graph', ('goids',)), ('call_graph_views', ('call_graph',)), ('cfg', ('goids',)), ('config_data_flow', ('call_graph', 'goids')), ('coverage_functions', ('coverage_ingest', 'goids')), ('coverage_ingest', ('modules',)), ('coverage_test_edges', ('goids',)), ('cst', ('modules',)), ('dfg', ('goids',)), ('docstrings', ('modules',)), ('entrypoints', ('goids', 'semantic_roles', 'test_profile')), ('export_jsonl', ('function_metrics', 'modules')), ('export_parquet', ('function_metrics',)), ('external_deps', ('call_graph',)), ('function_contracts', ('goids',)), ('function_effects', ('call_graph',)), ('goids', ('modules',)), ('graph_metrics', ('call_graph',)), ('graph_validation', ('call_graph', 'cfg', 'import_graph')), ('import_graph', ('modules',)), ('profiles', ('call_graph', 'symbol_uses')), ('risk_factors', ('call_graph', 'coverage_functions', 'function_metrics')), ('scip', ('modules',)), ('semantic_roles', ('function_ast_features', 'modules')), ('subsystem_agreement', ('subsystems',)), ('subsystem_caches', ('subsystem_graph_metrics', 'subsystems', 'test_profile')), ('subsystem_graph_metrics', ('subsystems',)), ('subsystems', ('import_graph', 'semantic_roles')), ('symbol_graph_metrics', ('symbol_uses',)), ('symbol_uses', ('goids', 'modules', 'scip')), ('test_profile', ('coverage_test_edges',)), ('tests_ingest', ('modules',)), ('typing', ('modules',))]

tests/_helpers/assertions/expectation_assertions.py:41: AssertionError</failure></testcase><testcase classname="tests.build.test_state.TestTargetState" name="test_create_missing_state" time="0.002" /><testcase classname="tests.build.test_state.TestTargetState" name="test_create_stale_state" time="0.001" /><testcase classname="tests.build.test_state.TestTargetState" name="test_create_blocked_state" time="0.002" /><testcase classname="tests.build.test_state.TestBuildState" name="test_create_build_state" time="0.001" /><testcase classname="tests.build.test_hamilton_phase1.TestDatasetNodeNaming" name="test_dataset_and_target_nodes_distinct" time="0.001" /><testcase classname="tests.build.test_state.TestBuildState" name="test_get_existing_target" time="0.001" /><testcase classname="tests.build.test_state.TestBuildState" name="test_get_nonexistent_target_raises" time="0.003" /><testcase classname="tests.build.serving.test_pr90_search_index_builds" name="test_pr90_search_index_with_serving_harness" time="7.449"><skipped type="pytest.skip" message="Missing tool binaries: scip='scip' (searched configured_path -&gt; PATH -&gt; node_modules -&gt; extra_bin_dirs)">/Users/paulheyse/CodeIntel/CodeIntel/tests/build/serving/test_pr90_search_index_builds.py:49: Missing tool binaries: scip='scip' (searched configured_path -&gt; PATH -&gt; node_modules -&gt; extra_bin_dirs)</skipped></testcase><testcase classname="tests.build.test_state.TestBuildState" name="test_by_status_stale" time="0.001" /><testcase classname="tests.build.test_state.TestBuildState" name="test_by_status_current" time="0.001" /><testcase classname="tests.build.serving.test_publisher" name="test_publish_serving_snapshot_creates_snapshot_and_pointer" time="0.609"><failure message="_duckdb.BinderException: Binder Error: Ambiguous reference to catalog or schema &quot;build&quot; - use a fully qualified path like &quot;build.build&quot;">tmp_path = PosixPath('/private/var/folders/70/h2nd1qjs1zngp8z6tt27_s9c0000gn/T/pytest-of-paulheyse/pytest-171/popen-gw9/test_publish_serving_snapshot_0')

    def test_publish_serving_snapshot_creates_snapshot_and_pointer(tmp_path: Path) -&gt; None:
        """Publisher checkpoints, copies artifacts, and updates current.json atomically."""
        db_path = tmp_path / "build.duckdb"
        con = duckdb.connect(str(db_path))
        con.execute("CREATE TABLE t (id INTEGER)")
        con.execute("INSERT INTO t VALUES (1)")
&gt;       _seed_modules(con, repo="demo/repo", commit="c1")

tests/build/serving/test_publisher.py:77: 
_ _ _ _ _ _ _ _ _ _ _ _ _ _ _ _ _ _ _ _ _ _ _ _ _ _ _ _ _ _ _ _ _ _ _ _ _ _ _ _ 
tests/build/serving/test_publisher.py:54: in _seed_modules
    ensure_production_schemas(con)
tests/_helpers/schemas.py:60: in ensure_production_schemas
    ensure_schemas_preserve(con)
src/codeintel/storage/schema/ddl.py:107: in ensure_schemas_preserve
    backend.ensure_schemas_preserve(extra_ddl=extra_ddl)
src/codeintel/storage/duckdb_policy_backend.py:966: in ensure_schemas_preserve
    self.ensure_all_schemas(drop_existing=False, extra_ddl=extra_ddl)
src/codeintel/storage/duckdb_policy_backend.py:916: in ensure_all_schemas
    self.create_table_from_schema(
src/codeintel/storage/duckdb_policy_backend.py:724: in create_table_from_schema
    self._run(_build_create_table(table, if_not_exists=if_not_exists))
_ _ _ _ _ _ _ _ _ _ _ _ _ _ _ _ _ _ _ _ _ _ _ _ _ _ _ _ _ _ _ _ _ _ _ _ _ _ _ _ 

self = DuckDBPolicyBackend(gateway=&lt;codeintel.storage.gateway.minimal.MinimalStorageGateway object at 0x12a19de50&gt;, schema_pr..._h128',), unique=False),), description='Derived call graph aggregates: callers/callees per function for a snapshot')}))
expr = Create(
  this=Schema(
    this=Table(
      this=Identifier(this=asset_aliases, quoted=False),
      db=Identifier(th...er(this=asset_kind, quoted=False),
          Identifier(this=asset_key, quoted=False)])]),
  kind=TABLE,
  exists=True)

    def _run(self, expr: exp.Expression) -&gt; None:
        """Execute a single SQLGlot expression.
    
        Parameters
        ----------
        expr
            SQLGlot expression to execute.
        """
        sql = expr.sql(dialect=DUCKDB_DIALECT)
        log.debug("Executing statement: %s", sql)
&gt;       self.con.execute(sql)
E       _duckdb.BinderException: Binder Error: Ambiguous reference to catalog or schema "build" - use a fully qualified path like "build.build"

src/codeintel/storage/duckdb_policy_backend.py:466: BinderException</failure></testcase><testcase classname="tests.build.test_state.TestBuildState" name="test_by_status_missing" time="0.002" /><testcase classname="tests.build.test_state.TestBuildState" name="test_is_current" time="0.001" /><testcase classname="tests.build.test_hamilton_phase1.TestIbisIOConfig" name="test_ibis_io_config_creation" time="0.001" /><testcase classname="tests.build.test_state.TestTargetState" name="test_create_current_state" time="0.002" /><testcase classname="tests.build.test_state.TestBuildState" name="test_by_status_blocked" time="0.003" /><testcase classname="tests.build.serving.test_publisher" name="test_serving_harness_publishes_snapshot" time="7.306"><skipped type="pytest.skip" message="Missing tool binaries: scip='scip' (searched configured_path -&gt; PATH -&gt; node_modules -&gt; extra_bin_dirs)">/Users/paulheyse/CodeIntel/CodeIntel/tests/build/serving/test_publisher.py:274: Missing tool binaries: scip='scip' (searched configured_path -&gt; PATH -&gt; node_modules -&gt; extra_bin_dirs)</skipped></testcase><testcase classname="tests.build.serving.test_semantic_compile" name="test_compile_registry_filters_non_semantic_and_hidden" time="0.001" /><testcase classname="tests.build.hamilton.test_target_harness_wrappers" name="test_analytics_target_harness_runs" time="7.999"><skipped type="pytest.skip" message="Missing tool binaries: scip='scip' (searched configured_path -&gt; PATH -&gt; node_modules -&gt; extra_bin_dirs)">/Users/paulheyse/CodeIntel/CodeIntel/tests/build/hamilton/test_target_harness_wrappers.py:52: Missing tool binaries: scip='scip' (searched configured_path -&gt; PATH -&gt; node_modules -&gt; extra_bin_dirs)</skipped></testcase><testcase classname="tests.build.test_hamilton_phase0.TestTargetNodeTags" name="test_nodes_have_target_tags" time="0.441" /><testcase classname="tests.build.test_hamilton_phase0.TestPhase0NodeRegistry" name="test_node_names_are_valid_identifiers" time="0.386"><failure message="Failed: Node call_graph_call_depth_stats.with_call_graph_views_filter_edges is not a valid identifier">@staticmethod
    def test_node_names_are_valid_identifiers() -&gt; None:
        """Verify all node names are valid Python identifiers."""
        nodes = list_available_nodes()
        for node in nodes:
            if not node.isidentifier():
&gt;               pytest.fail(f"Node {node} is not a valid identifier")
E               Failed: Node call_graph_call_depth_stats.with_call_graph_views_filter_edges is not a valid identifier

tests/build/test_hamilton_phase0.py:223: Failed</failure></testcase><testcase classname="tests.build.hamilton.validators.test_validation_poc.TestBuildHooksValidation" name="test_build_hooks_validation_can_be_disabled" time="21.682" /><testcase classname="tests.build.hamilton.validators.test_validation_poc.TestTableContractBuilders" name="test_build_enum_column_contract" time="0.001" /><testcase classname="tests.build.hamilton.validators.test_validation_poc.TestBuildHooksValidation" name="test_build_hooks_includes_validation_by_default" time="22.312" /><testcase classname="tests.build.hamilton.validators.test_validation_poc.TestTableContractBuilders" name="test_build_table_contract_creates_validators" time="0.001" /><testcase classname="tests.build.test_state.TestStateValidatorInit" name="test_invalid_graph_raises" time="20.371" /><testcase classname="tests.build.test_state.TestValidateCurrentTargets" name="test_chain_of_current_targets" time="20.649" /><testcase classname="tests.build.test_state.TestStateValidatorInit" name="test_create_validator" time="21.125" /><testcase classname="tests.build.test_state.TestValidateBlockedTargets" name="test_cascade_blocking" time="20.475" /><testcase classname="tests.build.test_state.TestValidateBlockedTargets" name="test_blocked_by_missing_dependency" time="21.007" /><testcase classname="tests.build.test_state.TestValidateTarget" name="test_validate_single_target" time="21.561" /><testcase classname="tests.build.test_state.TestEdgeCases" name="test_manifest_for_unknown_target_logged" time="19.380" /><testcase classname="tests.build.test_state.TestEdgeCases" name="test_empty_graph" time="20.151" /><testcase classname="tests.build.test_state_computer.TestStateComputer" name="test_missing_status_when_no_manifest" time="20.534" /><testcase classname="tests.build.test_state_computer.TestStateComputer" name="test_stale_status_when_hash_differs" time="20.844" /><testcase classname="tests.build.test_state.TestValidateEmptyDatabase" name="test_all_targets_missing" time="20.337" /><testcase classname="tests.build.test_state.TestValidateStaleTargets" name="test_stale_due_to_input_hash_mismatch" time="20.550" /><testcase classname="tests.build.test_state.TestValidateBlockedTargets" name="test_blocked_by_stale_dependency" time="20.003" /><testcase classname="tests.build.test_state.TestValidateBlockedTargets" name="test_multiple_blocking_dependencies" time="20.320" /><testcase classname="tests.build.test_state.TestValidateCurrentTargets" name="test_single_current_target" time="20.725" /><testcase classname="tests.build.test_state.TestValidateTarget" name="test_validate_nonexistent_target_raises" time="21.583" /><testcase classname="tests.build.test_state.TestWithRealRegistry" name="test_validate_with_real_registry" time="19.921" /><testcase classname="tests.build.test_state.TestWithRealRegistry" name="test_real_registry_target_count" time="21.063" /><testcase classname="tests.build.test_targets.TestOutputTarget" name="test_create_target_with_required_fields" time="0.003" /><testcase classname="tests.build.test_targets.TestTargetGraph" name="test_dependents_of" time="0.001" /><testcase classname="tests.build.test_targets.TestTargetGraph" name="test_topological_order_simple" time="0.000" /><testcase classname="tests.build.test_targets.TestTargetGraph" name="test_topological_order_multiple_roots" time="0.004" /><testcase classname="tests.build.test_targets.TestTargetGraph" name="test_topological_order_cycle_raises" time="0.004" /><testcase classname="tests.build.test_targets.TestTargetGraph" name="test_targets_for_module" time="0.001" /><testcase classname="tests.build.test_targets.TestTargetGraph" name="test_validate_valid_graph" time="0.001" /><testcase classname="tests.build.test_targets.TestTargetGraph" name="test_validate_missing_dependency" time="0.001" /><testcase classname="tests.build.test_targets.TestTargetGraph" name="test_iterate_over_graph" time="0.001" /><testcase classname="tests.build.test_state_computer.TestStateComputer" name="test_current_status_when_hash_matches" time="19.466" /><testcase classname="tests.build.test_targets.TestOutputTarget" name="test_create_target_with_all_fields" time="0.002" /><testcase classname="tests.build.test_state_computer.TestStateComputer" name="test_blocked_when_dependency_missing" time="18.973" /><testcase classname="tests.build.test_targets.TestOutputTarget" name="test_target_is_frozen" time="0.002" /><testcase classname="tests.build.test_state_computer.TestStateComputer" name="test_blocked_when_dependency_stale" time="17.007" /><testcase classname="tests.build.test_targets.TestTargetGraph" name="test_register_target" time="0.001" /><testcase classname="tests.build.test_state_computer.TestStateValidatorEquivalence" name="test_validator_and_computer_agree_on_missing" time="16.404" /><testcase classname="tests.build.test_targets.TestTargetGraph" name="test_get_target" time="0.001" /><testcase classname="tests.build.test_state_computer.TestStateComputer" name="test_session_caching_efficiency" time="16.595" /><testcase classname="tests.build.test_targets.TestTargetGraph" name="test_get_nonexistent_raises" time="0.002" /><testcase classname="tests.build.test_state_computer.TestStateComputer" name="test_build_state_query_methods" time="16.842" /><testcase classname="tests.build.test_targets.TestTargetGraph" name="test_register_duplicate_raises" time="0.001" /><testcase classname="tests.build.test_state_computer.TestStateComputer" name="test_compute_single_target" time="16.492" /><testcase classname="tests.build.test_targets.TestTargetGraph" name="test_all_targets" time="0.004" /><testcase classname="tests.build.test_state_computer.TestStateValidatorEquivalence" name="test_validator_and_computer_agree_on_blocked" time="15.115" /><testcase classname="tests.build.test_targets.TestTargetGraph" name="test_transitive_deps" time="0.001" /><testcase classname="tests.build.test_state_computer.TestStateValidatorEquivalence" name="test_validator_and_computer_agree_on_current" time="16.468" /><testcase classname="tests.build.test_targets.TestTargetGraph" name="test_dependencies_of" time="0.001" /></testsuite></testsuites>