<?xml version="1.0" encoding="utf-8"?><testsuites name="pytest tests"><testsuite name="pytest" errors="0" failures="0" skipped="6" tests="775" time="60.359" timestamp="2025-12-02T17:27:00.460367-05:00" hostname="paul-X870-AORUS-ELITE-WIFI7"><testcase classname="tests.analytics.core.test_plugin_protocol" name="test_plugin_metadata_full" time="0.001" /><testcase classname="tests.analytics.core.test_plugin_protocol" name="test_plugin_output_spec_creation[spec1-expected_tables1-json_report]" time="0.002" /><testcase classname="tests.analytics.core.test_recipes" name="test_get_optional_unknown_returns_none" time="0.001" /><testcase classname="tests.analytics.test_function_profile_contract" name="test_file_profile_writer_registry_and_prepared_statements" time="0.001" /><testcase classname="tests.analytics.test_function_profile_contract" name="test_module_profile_writer_registry_and_prepared_statements" time="0.000" /><testcase classname="tests.analytics.test_function_profile_contract" name="test_test_profile_writer_registry_and_prepared_statements" time="0.001" /><testcase classname="tests.analytics.test_function_profile_contract" name="test_behavioral_coverage_writer_registry_and_prepared_statements" time="0.001" /><testcase classname="tests.analytics.test_span_resolver" name="test_resolve_span_success" time="0.002" /><testcase classname="tests.analytics.test_span_resolver" name="test_resolve_span_missing" time="0.001" /><testcase classname="tests.analytics.test_subsystem_cache_benchmark" name="test_refresh_and_benchmark_returns_timings" time="0.778" /><testcase classname="tests.analytics.test_analytics_rows_contracts" name="test_graph_metrics_modules_row_matches_schema" time="0.001" /><testcase classname="tests.analytics.test_analytics_rows_contracts" name="test_graph_metrics_functions_ext_row_matches_schema" time="0.001" /><testcase classname="tests.analytics.test_analytics_rows_contracts" name="test_graph_metrics_modules_ext_row_matches_schema" time="0.001" /><testcase classname="tests.analytics.test_ast_utils" name="test_call_name_resolves_attribute_chain" time="0.000" /><testcase classname="tests.analytics.test_ast_utils" name="test_resolve_call_target_uses_alias_map" time="0.000" /><testcase classname="tests.analytics.core.test_recipes" name="test_list_by_tag_filters_recipes" time="0.001" /><testcase classname="tests.analytics.core.test_recipes" name="test_compose_recipes_deduplicates_plugins_and_merges_tags" time="0.001" /><testcase classname="tests.analytics.core.test_recipes" name="test_recipe_builder_variations[case0]" time="0.001" /><testcase classname="tests.analytics.core.test_recipes" name="test_recipe_builder_variations[case1]" time="0.000" /><testcase classname="tests.analytics.core.test_traits" name="test_filter_by_scope_respects_supported_scopes[case0]" time="0.001" /><testcase classname="tests.analytics.core.test_registry" name="test_plan_detects_cycle" time="0.011" /><testcase classname="tests.analytics.test_semantic_roles_signals" name="test_fastapi_role_detected" time="0.004" /><testcase classname="tests.analytics.test_semantic_roles_signals" name="test_flask_role_detected" time="0.000" /><testcase classname="tests.analytics.test_semantic_roles_signals" name="test_typer_cli_detected" time="0.000" /><testcase classname="tests.analytics.test_semantic_roles_signals" name="test_pytest_fixture_vs_test_role" time="0.000" /><testcase classname="tests.analytics.test_semantic_roles_signals" name="test_service_tag_and_graph_signal" time="0.000" /><testcase classname="tests.analytics.test_graph_service_unit" name="test_neighbor_stats_with_weights" time="0.002" /><testcase classname="tests.analytics.test_graph_service_unit" name="test_component_metadata_cycles_and_layers" time="0.002" /><testcase classname="tests.analytics.test_graph_service_unit" name="test_projection_metrics_basic" time="0.002" /><testcase classname="tests.analytics.test_graph_service_unit" name="test_structural_metrics_triangle_and_core" time="0.298" /><testcase classname="tests.analytics.test_ast_utils" name="test_safe_unparse_survives_invalid_nodes" time="0.001" /><testcase classname="tests.analytics.test_ast_utils" name="test_snippet_from_lines_includes_range" time="0.000" /><testcase classname="tests.analytics.test_graph_features" name="test_summarize_graph_for_function_profile_contract" time="0.045" /><testcase classname="tests.analytics.test_graph_service_unit" name="test_bounded_simple_path_count_caps_results" time="0.002" /><testcase classname="tests.analytics.test_graph_stats_smoke" name="test_graph_stats_records_counts_for_basic_graphs" time="1.184" /><testcase classname="tests.analytics.core.test_plugin_protocol" name="test_plugin_capability_kind[analytics.function_metrics-dataset-dataset]" time="0.002" /><testcase classname="tests.analytics.core.test_plugin_protocol" name="test_plugin_capability_kind[test.cap-None-dataset]" time="0.001" /><testcase classname="tests.analytics.core.test_plugin_protocol" name="test_plugin_capability_is_frozen" time="0.001" /><testcase classname="tests.analytics.core.test_plugin_protocol" name="test_plugin_input_spec_creation[case0]" time="0.000" /><testcase classname="tests.analytics.core.test_plugin_protocol" name="test_plugin_input_spec_creation[case1]" time="0.001" /><testcase classname="tests.analytics.core.test_recipes" name="test_recipe_builder_variations[case3]" time="0.002" /><testcase classname="tests.analytics.core.test_recipes" name="test_recipe_function_creates_builder" time="0.000" /><testcase classname="tests.analytics.core.test_registry" name="test_register_plugins[plugins_to_register0]" time="0.011" /><testcase classname="tests.analytics.test_function_profile_contract" name="test_function_profile_tuple_alignment" time="0.001" /><testcase classname="tests.analytics.test_function_profile_contract" name="test_file_profile_tuple_alignment" time="0.001" /><testcase classname="tests.analytics.test_function_profile_contract" name="test_module_profile_tuple_alignment" time="0.000" /><testcase classname="tests.analytics.test_function_profile_contract" name="test_test_profile_tuple_alignment" time="0.001" /><testcase classname="tests.analytics.test_function_profile_contract" name="test_behavioral_coverage_tuple_alignment" time="0.000" /><testcase classname="tests.analytics.core.test_plugin_registration" name="test_plan_with_disabled_plugin" time="0.013" /><testcase classname="tests.analytics.core.test_plugin_registration" name="test_plan_unknown_plugin_raises" time="0.001" /><testcase classname="tests.analytics.core.test_recipes" name="test_create_minimal_recipe" time="0.000" /><testcase classname="tests.analytics.core.test_recipes" name="test_recipe_with_plugins_is_immutable" time="0.000" /><testcase classname="tests.analytics.core.test_recipes" name="test_recipe_with_config_returns_new_instance" time="0.000" /><testcase classname="tests.analytics.core.test_plugin_registration" name="test_ensure_plugins_registered_is_idempotent" time="0.008" /><testcase classname="tests.analytics.core.test_plugin_registration" name="test_all_plugins_constant_matches_registry" time="0.001" /><testcase classname="tests.analytics.core.test_plugin_registration" name="test_expected_plugins_are_registered" time="0.001" /><testcase classname="tests.analytics.core.test_plugin_registration" name="test_no_duplicate_plugin_names" time="0.001" /><testcase classname="tests.analytics.core.test_recipes" name="test_recipe_with_fail_fast_returns_new_instance[case1]" time="0.001" /><testcase classname="tests.analytics.core.test_recipes" name="test_create_empty_scope" time="0.000" /><testcase classname="tests.analytics.core.test_recipes" name="test_create_scope_with_paths_and_modules" time="0.000" /><testcase classname="tests.analytics.core.test_recipes" name="test_register_and_get_recipe" time="0.001" /><testcase classname="tests.analytics.core.test_recipes" name="test_register_duplicate_raises" time="0.001" /><testcase classname="tests.analytics.test_analytics_dataset_contracts" name="test_graph_metrics_functions_idempotent_and_fk_clean" time="1.207" /><testcase classname="tests.analytics.core.test_registry" name="test_register_plugins[plugins_to_register1]" time="0.009" /><testcase classname="tests.analytics.core.test_plugin_protocol" name="test_validation_result[case0]" time="0.001" /><testcase classname="tests.analytics.core.test_plugin_protocol" name="test_validation_result[case1]" time="0.000" /><testcase classname="tests.analytics.core.test_plugin_protocol" name="test_validation_result[case2]" time="0.000" /><testcase classname="tests.analytics.core.test_plugin_protocol" name="test_plugin_result_ok" time="0.000" /><testcase classname="tests.analytics.core.test_registry" name="test_list_all_plugins" time="0.012" /><testcase classname="tests.analytics.core.test_registry" name="test_list_by_stage" time="0.009" /><testcase classname="tests.analytics.core.test_executor_contracts" name="test_contracts_not_rebuilt_after_cache_fill" time="0.001" /><testcase classname="tests.analytics.core.test_executor_contracts" name="test_execute_populates_contract_results_for_metadata_contracts" time="5.898" /><testcase classname="tests._helpers.test_config_builders" name="test_make_snapshot_respects_overrides" time="0.002" /><testcase classname="tests._helpers.test_config_builders" name="test_make_graph_runtime_options_uses_snapshot" time="0.000" /><testcase classname="tests.analytics.core.test_plugin_protocol" name="test_plugin_result_ok_variants[row_counts1-artifacts1-meta1]" time="0.002" /><testcase classname="tests.analytics.core.test_plugin_protocol" name="test_plugin_result_fail[Something went wrong-warnings0-artifacts0-row_counts0]" time="0.001" /><testcase classname="tests.analytics.core.test_plugin_protocol" name="test_plugin_result_fail[Fatal error-warnings1-artifacts1-row_counts1]" time="0.001" /><testcase classname="tests.analytics.core.test_plugin_protocol" name="test_plugin_resource_hints[hints0-expected0]" time="0.001" /><testcase classname="tests.analytics.core.test_plugin_protocol" name="test_plugin_resource_hints[hints1-expected1]" time="0.001" /><testcase classname="tests._helpers.test_helpers_roundtrip" name="test_builder_inserts_round_trip" time="7.244" /><testcase classname="tests.analytics.test_graph_plugin_catalog" name="test_build_plugin_catalog_includes_expected_fields" time="0.011" /><testcase classname="tests.analytics.test_graph_plugin_catalog" name="test_render_plugin_catalog_markdown_contains_examples" time="0.001" /><testcase classname="tests.analytics.test_graph_runtime_cache" name="test_disk_cache_round_trip" time="0.003" /><testcase classname="tests.analytics.test_graph_runtime_cache" name="test_disk_cache_mismatch_falls_back_to_loader" time="0.001" /><testcase classname="tests.analytics.test_domain_api_exports" name="test_graphs_api_exports_expected_symbols" time="0.001" /><testcase classname="tests.analytics.test_domain_api_exports" name="test_history_api_exports_expected_symbols" time="0.000" /><testcase classname="tests.analytics.test_entrypoint_evidence" name="test_detect_entrypoints_emits_snippet_evidence" time="0.001" /><testcase classname="tests.analytics.test_entrypoints_and_dependencies" name="test_entrypoints_and_dependencies_round_trip" time="7.439" /><testcase classname="tests.analytics.core.test_registry" name="test_plan_with_disabled" time="0.008" /><testcase classname="tests.analytics.core.test_registry" name="test_plan_default_enabled_only" time="0.012" /><testcase classname="tests.analytics.core.test_plugin_registration" name="test_plugins_can_be_retrieved_by_name" time="0.012" /><testcase classname="tests.analytics.core.test_plugin_registration" name="test_nonexistent_plugin_raises_keyerror" time="0.001" /><testcase classname="tests.analytics.core.test_plugin_registration" name="test_plugins_providing_analytics_tables" time="0.000" /><testcase classname="tests.analytics.core.test_plugin_registration" name="test_plugins_by_stage" time="0.000" /><testcase classname="tests.analytics.core.test_plugin_registration" name="test_plan_single_plugin" time="0.003" /><testcase classname="tests.analytics.test_history_timeseries" name="test_history_timeseries_aggregates_functions" time="19.223" /><testcase classname="tests.analytics.core.test_traits" name="test_filter_by_scope_respects_supported_scopes[case1]" time="0.001" /><testcase classname="tests.analytics.core.test_traits" name="test_filter_by_scope_respects_supported_scopes[case2]" time="0.000" /><testcase classname="tests.analytics.core.test_traits" name="test_filter_by_scope_respects_supported_scopes[case3]" time="0.000" /><testcase classname="tests.analytics.core.test_traits" name="test_filter_by_scope_respects_supported_scopes[case4]" time="0.001" /><testcase classname="tests.analytics.core.test_registry" name="test_list_by_capability" time="0.008" /><testcase classname="tests.analytics.core.test_registry" name="test_register_duplicate_raises" time="0.001" /><testcase classname="tests.analytics.test_graph_metric_filters_integration" name="test_filters_prune_architecture_metrics" time="7.718" /><testcase classname="tests.analytics.test_graph_service_unit" name="test_centrality_directed_weighted_and_seeded" time="0.310" /><testcase classname="tests.analytics.core.test_registry" name="test_unregister_plugin" time="0.008" /><testcase classname="tests.analytics.core.test_registry" name="test_plugin_decorator_simple" time="0.001" /><testcase classname="tests.analytics.core.test_registry" name="test_plugin_decorator_with_capabilities" time="0.001" /><testcase classname="tests.analytics.test_ast_utils" name="test_literal_value_coercions" time="0.000" /><testcase classname="tests.analytics.test_tests_profiles_helpers" name="test_build_behavior_rows_mixed_sources" time="0.001" /><testcase classname="tests.analytics.core.test_recipes" name="test_recipe_builder_variations[case2]" time="0.001" /><testcase classname="tests.analytics.test_span_resolver" name="test_build_span_index_skips_missing_goids" time="0.001" /><testcase classname="tests.analytics.test_tests_profiles_helpers" name="test_write_test_profile_rows_with_stubs" time="0.000" /><testcase classname="tests.analytics.test_tests_profiles_registry_and_snapshots" name="test_test_profile_model_snapshot" time="0.001" /><testcase classname="tests.analytics.test_tests_profiles_wrappers" name="test_infer_behavior_tags_basic" time="0.001" /><testcase classname="tests.analytics.core.test_registry" name="test_plan_with_explicit_plugins" time="0.008" /><testcase classname="tests.analytics.test_tests_profiles_registry_and_snapshots" name="test_behavioral_writer_registry_guard" time="0.000" /><testcase classname="tests.analytics.test_writer_guard" name="test_writer_guard_happy_path_executes_delete_and_insert" time="0.001" /><testcase classname="tests.analytics.test_writer_guard" name="test_writer_guard_empty_rows[True-1]" time="0.001" /><testcase classname="tests.analytics.test_writer_guard" name="test_writer_guard_columns_order_drift_raises" time="0.001" /><testcase classname="tests.analytics.test_writer_guard" name="test_writer_guard_nonexistent_table_raises" time="0.000" /><testcase classname="tests.analytics.test_tests_profiles_wrappers" name="test_coverage_wrappers_empty" time="0.038" /><testcase classname="tests.architecture.test_analytics_exports" name="test_domain_exports[codeintel.analytics.functions-expected0]" time="0.001" /><testcase classname="tests.analytics.test_writer_guard" name="test_writer_guard_empty_rows[False-0]" time="0.000" /><testcase classname="tests.architecture.test_analytics_exports" name="test_domain_exports[codeintel.analytics.graphs-expected1]" time="0.000" /><testcase classname="tests.analytics.core.test_plugin_protocol" name="test_plugin_output_spec_creation[spec0-expected_tables0-None]" time="0.001" /><testcase classname="tests.architecture.test_graph_engine_entrypoints" name="test_build_graph_engine_entrypoints_are_restricted" time="0.030" /><testcase classname="tests.analytics.test_graph_metric_filters" name="test_filter_call_graph_prunes_nodes" time="0.001" /><testcase classname="tests.analytics.test_function_profile_contract" name="test_function_profile_writer_registry_and_prepared_statements" time="0.001" /><testcase classname="tests.analytics.core.test_registry" name="test_get_unknown_plugin_raises" time="0.010" /><testcase classname="tests.analytics.test_graph_metric_filters" name="test_filter_import_graph_noop_without_modules" time="0.000" /><testcase classname="tests.cli.test_nx_backend" name="test_maybe_enable_nx_gpu_raises_when_strict" time="0.004" /><testcase classname="tests.analytics.core.test_recipes" name="test_recipe_with_fail_fast_returns_new_instance[case0]" time="0.001" /><testcase classname="tests.analytics.test_graph_metric_filters" name="test_build_filters_safe_when_repos_empty" time="1.148" /><testcase classname="tests.analytics.core.test_plugin_registration" name="test_plugins_have_valid_metadata" time="0.001" /><testcase classname="tests.cli.test_pipeline_cli" name="test_list_steps_all_phases_valid[graphs]" time="0.010" /><testcase classname="tests.analytics.core.test_recipes" name="test_get_unknown_raises" time="0.001" /><testcase classname="tests.cli.test_pipeline_cli" name="test_deps_unknown_step" time="0.012" /><testcase classname="tests.config.test_composite_schemas" name="test_composite_schema_sources_exist[function_profile]" time="0.001" /><testcase classname="tests.cli.test_pipeline_cli" name="test_list_steps_text_output" time="0.011" /><testcase classname="tests.analytics.core.test_plugin_protocol" name="test_plugin_result_ok_variants[row_counts0-artifacts0-meta0]" time="0.001" /><testcase classname="tests.config.test_composite_schemas" name="test_composite_schema_sources_exist[file_profile]" time="0.001" /><testcase classname="tests.config.test_composite_schemas" name="test_composite_schema_sources_exist[module_profile]" time="0.001" /><testcase classname="tests.config.test_composite_schemas" name="test_composite_schema_profile_exists[file_profile]" time="0.001" /><testcase classname="tests.config.test_composite_schemas" name="test_composite_schema_profile_exists[module_profile]" time="0.000" /><testcase classname="tests.cli.test_docs_export_cli" name="test_cmd_docs_export_invokes_validator_before_exports" time="8.280" /><testcase classname="tests.analytics.core.test_plugin_protocol" name="test_plugin_metadata_minimal" time="0.001" /><testcase classname="tests.config.test_composite_schemas" name="test_composite_schema_profile_exists[test_profile]" time="0.000" /><testcase classname="tests.config.test_composite_schemas" name="test_composite_schema_sources_exist[test_profile]" time="0.001" /><testcase classname="tests.config.test_composite_schemas" name="test_composite_schema_validation_passes[module_profile]" time="0.001" /><testcase classname="tests.config.test_composite_schemas" name="test_composite_schema_validation_passes[function_profile]" time="0.001" /><testcase classname="tests.cli.test_pipeline_cli" name="test_list_steps_all_phases_valid[analytics]" time="0.235" /><testcase classname="tests.config.test_composite_schemas" name="test_composite_schema_validation_passes[test_profile]" time="0.001" /><testcase classname="tests.config.test_composite_schemas" name="test_get_source_for_column_shared" time="0.000" /><testcase classname="tests.config.test_composite_schemas" name="test_get_source_for_column_unique" time="0.000" /><testcase classname="tests.cli.test_pipeline_cli" name="test_list_steps_json_output" time="0.245" /><testcase classname="tests.analytics.test_analytics_dataset_contracts" name="test_function_metrics_insertion_is_idempotent" time="1.228" /><testcase classname="tests.cli.test_pipeline_cli" name="test_deps_step_with_no_deps" time="0.242" /><testcase classname="tests.analytics.core.test_registry" name="test_plan_respects_dependencies" time="0.251" /><testcase classname="tests.analytics.core.test_registry" name="test_decorated_plugin_executes" time="1.120" /><testcase classname="tests.analytics.core.test_plugin_registration" name="test_plan_multiple_plugins" time="0.002" /><testcase classname="tests.config.test_composite_schemas" name="test_composite_has_sources[file_profile]" time="0.001" /><testcase classname="tests.config.test_composite_schemas" name="test_composite_has_sources[module_profile]" time="0.001" /><testcase classname="tests.config.test_composite_schemas" name="test_composite_has_sources[test_profile]" time="0.000" /><testcase classname="tests.analytics.test_writer_guard" name="test_writer_guard_columns_mismatch_raises" time="0.001" /><testcase classname="tests.config.test_composite_schemas" name="test_composite_has_shared_fragments[function_profile]" time="0.000" /><testcase classname="tests.architecture.test_analytics_exports" name="test_domain_exports[codeintel.analytics.history-expected2]" time="0.001" /><testcase classname="tests.config.test_datasets_contracts" name="test_get_table_schemas_contains_expected_keys" time="0.001" /><testcase classname="tests.config.test_datasets_contracts" name="test_get_table_schemas_values_are_table_schema" time="0.001" /><testcase classname="tests.config.test_datasets_contracts" name="test_dataset_contract_counts_match" time="0.001" /><testcase classname="tests.config.test_datasets_contracts" name="test_row_binding_dataclass" time="0.000" /><testcase classname="tests.architecture.test_nx_views_boundary" name="test_nx_views_only_used_in_graphs_layer" time="0.011" /><testcase classname="tests.config.test_datasets_contracts" name="test_get_composite_schemas_returns_dict" time="0.000" /><testcase classname="tests.config.test_datasets_contracts" name="test_dataset_contract_capabilities" time="0.000" /><testcase classname="tests.config.test_datasets_contracts" name="test_dataset_contract_column_names" time="0.000" /><testcase classname="tests.analytics.test_tests_profiles_wrappers" name="test_importance_and_flakiness_scoring" time="0.001" /><testcase classname="tests.config.test_datasets_contracts" name="test_get_dataset_contracts_returns_dict" time="0.000" /><testcase classname="tests.config.test_dataset_contract_snapshot" name="test_table_schemas_count_snapshot" time="0.001" /><testcase classname="tests.config.test_composite_schemas" name="test_composite_schema_profile_exists[function_profile]" time="0.001" /><testcase classname="tests.config.test_dataset_contract_snapshot" name="test_row_bindings_count_snapshot" time="0.000" /><testcase classname="tests.config.test_dataset_contract_snapshot" name="test_all_tables_have_schemas" time="0.000" /><testcase classname="tests.config.test_datasets_contracts" name="test_dataset_contract_without_row_binding_raises" time="0.000" /><testcase classname="tests.config.test_datasets_contracts" name="test_dataset_contract_deprecation_fields_exist" time="0.000" /><testcase classname="tests.config.test_datasets_contracts" name="test_dataset_contract_deprecation_defaults" time="0.000" /><testcase classname="tests.config.test_datasets_dataflow" name="test_dataflow_node_creation" time="0.000" /><testcase classname="tests.architecture.test_query_layer_boundaries" name="test_adapters_do_not_embed_sql" time="0.001" /><testcase classname="tests.config.test_composite_schemas" name="test_composite_schema_validation_passes[file_profile]" time="0.001" /><testcase classname="tests.config.test_datasets_dataflow" name="test_dataflow_edge_creation" time="0.000" /><testcase classname="tests.config.test_datasets_dataflow" name="test_node_kind_literal" time="0.000" /><testcase classname="tests.config.test_datasets_dataflow" name="test_edge_type_literal" time="0.000" /><testcase classname="tests.config.test_datasets_dataflow" name="test_iter_dataset_nodes_returns_iterator" time="0.001" /><testcase classname="tests.config.test_composite_schemas" name="test_get_source_for_column_additional" time="0.000" /><testcase classname="tests.config.test_dataset_contract_snapshot" name="test_row_bindings_have_table_schemas" time="0.000" /><testcase classname="tests.cli.test_cli_scope_and_plan" name="test_cli_plan_outputs_isolation_and_scope_metadata" time="0.019" /><testcase classname="tests.config.test_datasets_dataflow" name="test_iter_dependency_edges_returns_iterator" time="0.001" /><testcase classname="tests.config.test_datasets_dataflow" name="test_build_contract_dataflow_graph_returns_tuple" time="0.001" /><testcase classname="tests.config.test_datasets_dataflow" name="test_build_contract_dataflow_graph_nodes_are_unique" time="0.000" /><testcase classname="tests.config.test_datasets_dataflow" name="test_build_contract_dataflow_graph_edges_are_unique" time="0.001" /><testcase classname="tests.config.test_composite_schemas" name="test_composite_has_shared_fragments[file_profile]" time="0.001" /><testcase classname="tests.config.test_datasets_primitives" name="test_column_creation" time="0.000" /><testcase classname="tests.config.test_datasets_primitives" name="test_column_defaults" time="0.000" /><testcase classname="tests.config.test_datasets_primitives" name="test_index_creation" time="0.000" /><testcase classname="tests.config.test_datasets_primitives" name="test_index_defaults" time="0.000" /><testcase classname="tests.config.test_datasets_contracts" name="test_get_table_schemas_returns_dict" time="0.001" /><testcase classname="tests.config.test_datasets_contracts" name="test_get_dataset_contracts_by_table_key_returns_dict" time="0.001" /><testcase classname="tests.config.test_datasets_sql" name="test_build_insert_sql_valid_table" time="0.000" /><testcase classname="tests.config.test_datasets_contracts" name="test_dataset_contract_has_row_binding" time="0.001" /><testcase classname="tests.config.test_datasets_primitives" name="test_table_schema_column_names" time="0.000" /><testcase classname="tests.config.test_datasets_primitives" name="test_table_schema_with_indexes_and_primary_key" time="0.000" /><testcase classname="tests.config.test_datasets_primitives" name="test_column_fragments_exist" time="0.000" /><testcase classname="tests.config.test_datasets_primitives" name="test_composite_schema_source_column_names" time="0.000" /><testcase classname="tests.config.test_datasets_sql" name="test_build_insert_sql_invalid_table_raises" time="0.001" /><testcase classname="tests.config.test_datasets_sql" name="test_build_delete_sql_with_repo_commit" time="0.000" /><testcase classname="tests.config.test_datasets_sql" name="test_build_delete_sql_returns_none_for_no_repo_commit" time="0.000" /><testcase classname="tests.config.test_datasets_dataflow" name="test_dataflow_graph_contains_expected_tables" time="0.001" /><testcase classname="tests.config.test_datasets_sql" name="test_build_insert_sql_by_table_excludes_views" time="0.001" /><testcase classname="tests.config.test_datasets_sql" name="test_build_delete_sql_by_table_returns_dict" time="0.001" /><testcase classname="tests.config.test_datasets_sql" name="test_get_insert_sql_by_table_lazy_loading" time="0.000" /><testcase classname="tests.config.test_datasets_dataflow" name="test_dataflow_node_defaults" time="0.001" /><testcase classname="tests.config.test_datasets_sql" name="test_special_delete_constants_exist" time="0.000" /><testcase classname="tests.config.test_datasets_sql" name="test_load_columns_by_table_returns_dict" time="0.001" /><testcase classname="tests.config.test_datasets_sql" name="test_get_table_columns_valid_table" time="0.000" /><testcase classname="tests.config.test_datasets_dataflow" name="test_iter_composite_edges_returns_iterator" time="0.001" /><testcase classname="tests.config.test_datasets_sql" name="test_get_contract_columns_valid_table" time="0.000" /><testcase classname="tests.config.test_datasets_sql" name="test_get_contract_columns_invalid_table_raises" time="0.001" /><testcase classname="tests.config.test_datasets_sql" name="test_serialize_row_basic" time="0.000" /><testcase classname="tests.config.test_serving_graph_features" name="test_serving_config_validates_graph_features" time="0.001" /><testcase classname="tests.config.test_serving_models_paths" name="test_normalize_optional_path_handles_none" time="0.000" /><testcase classname="tests.config.test_serving_models_paths" name="test_normalize_optional_path_resolves_strings" time="0.001" /><testcase classname="tests.config.test_datasets_sql" name="test_get_table_columns_invalid_table_raises" time="0.001" /><testcase classname="tests.config.test_datasets_primitives" name="test_table_schema_fq_name" time="0.001" /><testcase classname="tests.config.test_serving_models_paths" name="test_serving_config_normalizes_db_path_when_provided" time="0.002" /><testcase classname="tests.config.test_subsystems_config" name="test_overrides_are_applied_and_typed" time="0.001" /><testcase classname="tests.config.test_datasets_sql" name="test_get_delete_sql_by_table_lazy_loading" time="0.001" /><testcase classname="tests.config.test_datasets_primitives" name="test_composite_schema_get_source_for_column" time="0.001" /><testcase classname="tests.config.test_subsystems_config" name="test_invalid_overrides_raise[overrides2-numeric]" time="0.001" /><testcase classname="tests.core.test_core_types_normalizers" name="test_normalize_scip_document_filters_invalid_occurrences" time="0.001" /><testcase classname="tests.config.test_datasets_sql" name="test_build_insert_sql_by_table_returns_dict" time="0.001" /><testcase classname="tests.docs_export.test_export_defaults" name="test_schema_files_match_contract" time="0.001" /><testcase classname="tests.cli.test_cli_scope_and_plan" name="test_cli_plugins_json_includes_enriched_metadata" time="0.237" /><testcase classname="tests.config.test_datasets_sql" name="test_serialize_row_preserves_values" time="0.001" /><testcase classname="tests.core.test_core_types_normalizers" name="test_normalize_pytest_entry_sanitizes_keywords_and_durations" time="0.000" /><testcase classname="tests.config.test_subsystems_config" name="test_invalid_overrides_raise[overrides0-integer]" time="0.001" /><testcase classname="tests.docs_export.test_export_edge_columns" name="test_call_graph_edges_export_includes_repo_commit" time="2.027" /><testcase classname="tests.config.test_serving_models_paths" name="test_serving_config_defaults_db_path_when_missing" time="0.001" /><testcase classname="tests.docs_export.test_export_validation_flag" name="test_docs_export_validation_flag_triggers_schema_check" time="11.306" /><testcase classname="tests.docs_export.test_export_defaults" name="test_default_validation_schemas_match_dataset_contract" time="0.001" /><testcase classname="tests.config.test_subsystems_config" name="test_invalid_overrides_raise[overrides1-integer]" time="0.001" /><testcase classname="tests.docs_export.test_validate_exports" name="test_export_raises_on_validation_failure" time="8.181" /><testcase classname="tests.graphs.test_backend_selection" name="test_maybe_enable_nx_gpu_strict_raises" time="0.002" /><testcase classname="tests.cli.test_pipeline_cli" name="test_list_steps_all_phases_valid[export]" time="0.007" /><testcase classname="tests.cli.test_pipeline_cli" name="test_deps_text_output" time="0.007" /><testcase classname="tests.analytics.test_graph_service_unit" name="test_global_graph_stats_triangle" time="0.003" /><testcase classname="tests.cli.test_pipeline_cli" name="test_parser_has_pipeline_command" time="0.007" /><testcase classname="tests.analytics.test_graph_service_unit" name="test_bipartite_degrees_weight_and_centrality" time="0.001" /><testcase classname="tests.cli.test_pipeline_cli" name="test_deps_json_output" time="0.007" /><testcase classname="tests.cli.test_pipeline_cli" name="test_list_steps_filter_by_phase" time="0.008" /><testcase classname="tests.architecture.test_analytics_exports" name="test_domain_exports[codeintel.analytics.parsing-expected3]" time="0.001" /><testcase classname="tests.architecture.test_analytics_graph_boundary" name="test_analytics_modules_do_not_import_nx_views" time="0.004" /><testcase classname="tests.cli.test_pipeline_cli" name="test_parser_pipeline_run" time="0.007" /><testcase classname="tests.architecture.test_analytics_imports" name="test_external_imports_use_domain_apis" time="0.015" /><testcase classname="tests.graphs.test_callgraph_resolution" name="test_resolve_callee_import_alias_global_attr_chain" time="0.001" /><testcase classname="tests.graphs.test_callgraph_resolution" name="test_resolve_callee_unresolved_returns_none" time="0.000" /><testcase classname="tests.cli.test_pipeline_cli" name="test_list_steps_all_phases_valid[ingestion]" time="0.009" /><testcase classname="tests.graphs.test_callgraph_resolution" name="test_resolve_via_scip_uses_crosswalk_mapping" time="0.000" /><testcase classname="tests.config.test_dataset_contract" name="test_contract_derived_columns_match_schemas" time="0.001" /><testcase classname="tests.graphs.test_callgraph_resolution" name="test_dedupe_includes_repo_commit_scope" time="0.001" /><testcase classname="tests.config.test_dataset_contract" name="test_delete_sql_covers_repo_commit_tables" time="0.001" /><testcase classname="tests.graphs.test_gpu_backend" name="test_maybe_enable_nx_gpu_falls_back_when_missing" time="0.002" /><testcase classname="tests.config.test_dataset_contract" name="test_row_models_column_constants_match_contracts" time="0.000" /><testcase classname="tests.cli.test_pipeline_cli" name="test_parser_pipeline_deps" time="0.007" /><testcase classname="tests.config.test_dataset_contract_snapshot" name="test_dataset_contracts_count_snapshot" time="0.000" /><testcase classname="tests.graphs.test_gpu_backend" name="test_maybe_enable_nx_gpu_raises_when_strict" time="0.002" /><testcase classname="tests.config.test_dataset_contract_snapshot" name="test_dataset_contracts_by_table_key_count_snapshot" time="0.000" /><testcase classname="tests.graphs.test_import_resolver" name="test_collect_aliases_import_and_from_import" time="0.003" /><testcase classname="tests.graphs.test_function_index" name="test_lookup_falls_back_to_enclosing_and_same_line" time="0.001" /><testcase classname="tests.analytics.test_graph_service_unit" name="test_centrality_undirected_empty_returns_zeroes" time="0.000" /><testcase classname="tests.graphs.test_goid_builder_decorators" name="test_goid_start_line_includes_decorator_span" time="0.002" /><testcase classname="tests.config.test_composite_schemas" name="test_get_source_for_column_mapped" time="0.001" /><testcase classname="tests.graphs.test_import_resolver" name="test_collect_import_edges_relative_resolution" time="0.001" /><testcase classname="tests.graphs.test_import_resolver" name="test_collect_import_edges_deep_relative_and_multi_targets" time="0.001" /><testcase classname="tests.graphs.test_engine_factory" name="test_build_graph_engine_uses_backend_flags" time="1.588" /><testcase classname="tests.config.test_composite_schemas" name="test_source_column_names_includes_shared" time="0.000" /><testcase classname="tests.config.test_composite_schemas" name="test_source_column_names_excludes_excluded" time="0.000" /><testcase classname="tests.config.test_composite_schemas" name="test_source_column_names_applies_mappings" time="0.000" /><testcase classname="tests.architecture.test_duckdb_boundaries" name="test_duckdb_usage_is_localized" time="0.012" /><testcase classname="tests.graphs.test_gpu_backend" name="test_enable_nx_cugraph_backend_missing_module" time="0.001" /><testcase classname="tests.graphs.test_import_resolver" name="test_collect_aliases_handles_from_import_aliases_and_packages" time="0.001" /><testcase classname="tests.graphs.test_gpu_backend" name="test_enable_nx_cugraph_backend_invokes_setter" time="0.001" /><testcase classname="tests.config.test_composite_schemas" name="test_composite_has_sources[function_profile]" time="0.000" /><testcase classname="tests.architecture.test_export_macro_paths" name="test_exporters_avoid_direct_table_reads" time="0.000" /><testcase classname="tests.config.test_graph_feature_flags" name="test_graph_feature_flags_validate_limit" time="0.001" /><testcase classname="tests.config.test_graph_feature_flags" name="test_graph_runtime_options_resolve_eager_flag" time="0.001" /><testcase classname="tests.config.test_composite_schemas" name="test_composition_matches_composite_schemas" time="0.001" /><testcase classname="tests.config.test_dataset_contract" name="test_all_tables_have_contracts" time="0.000" /><testcase classname="tests.config.test_dataset_contract" name="test_json_schema_map_matches_contracts" time="0.000" /><testcase classname="tests.config.test_dataset_contract" name="test_capabilities_shape" time="0.000" /><testcase classname="tests.config.test_dataset_contract" name="test_column_names_method" time="0.000" /><testcase classname="tests.analytics.test_graph_metric_filters" name="test_filter_subsystem_memberships_respects_allowlists" time="0.000" /><testcase classname="tests.ingestion.test_common_changes" name="test_compute_changes_tracks_add_modify_delete" time="1.265" /><testcase classname="tests.analytics.test_graph_metric_filters" name="test_filter_subsystem_graph_prunes_nodes" time="0.001" /><testcase classname="tests.ingestion.test_docstrings_inventory" name="test_docstrings_respects_scan_profile_and_module_inventory" time="1.310" /><testcase classname="tests.analytics.test_analytics_rows_contracts" name="test_function_metrics_row_matches_schema" time="0.001" /><testcase classname="tests.analytics.test_analytics_rows_contracts" name="test_function_types_row_matches_schema" time="0.001" /><testcase classname="tests.analytics.test_analytics_rows_contracts" name="test_test_profile_row_matches_schema" time="0.001" /><testcase classname="tests.analytics.test_analytics_rows_contracts" name="test_behavioral_coverage_row_matches_schema" time="0.000" /><testcase classname="tests.analytics.test_analytics_rows_contracts" name="test_graph_metrics_functions_row_matches_schema" time="0.001" /><testcase classname="tests.ingestion.test_ingest_run_incremental_ast" name="test_plugin_result_ok_with_row_counts" time="0.001" /><testcase classname="tests.ingestion.test_ingest_run_incremental_ast" name="test_cst_extract_plugin_succeeds_with_tracker" time="1.323" /><testcase classname="tests.config.test_composite_schemas" name="test_composite_has_shared_fragments[module_profile]" time="0.001" /><testcase classname="tests.config.test_composite_schemas" name="test_composite_has_shared_fragments[test_profile]" time="0.000" /><testcase classname="tests.config.test_composite_schemas" name="test_all_profiles_have_composite_schemas" time="0.000" /><testcase classname="tests.config.test_composite_schemas" name="test_profile_contracts_have_composition" time="0.000" /><testcase classname="tests.config.test_composite_schemas" name="test_non_profile_contracts_no_composition" time="0.000" /><testcase classname="tests.ingestion.test_ingest_run_reporting" name="test_plugin_skip_result" time="0.002" /><testcase classname="tests.ingestion.test_ingest_run_reporting" name="test_plugin_fail_result" time="0.000" /><testcase classname="tests.ingestion.test_module_inventory" name="test_source_scanner_only_used_in_repo_scan_and_config_ingest" time="0.001" /><testcase classname="tests.ingestion.test_module_inventory" name="test_module_inventory_round_trip" time="1.254" /><testcase classname="tests.docs_export.test_export_smoke" name="test_export_subset_by_dataset_name" time="2.631" /><testcase classname="tests.graphs.test_engine_factory" name="test_build_graph_engine_cpu_backend_leaves_env_clean" time="1.190" /><testcase classname="tests.docs_export.test_export_edge_columns" name="test_import_graph_edges_export_includes_repo_commit" time="1.931" /><testcase classname="tests.ingestion.test_coverage_incremental" name="test_coverage_ingest_runs_full_rebuild_with_tracker" time="1.184" /><testcase classname="tests.ingestion.test_docstrings_inventory" name="test_docstrings_uses_module_inventory_not_filesystem_scan" time="1.293" /><testcase classname="tests.ingestion.test_ingest_run_reporting" name="test_plugin_execution_success" time="1.327" /><testcase classname="tests.ingestion.test_no_ad_hoc_changes" name="test_no_ad_hoc_change_detection[path0]" time="0.001" /><testcase classname="tests.ingestion.test_no_ad_hoc_changes" name="test_no_ad_hoc_change_detection[path1]" time="0.000" /><testcase classname="tests.ingestion.test_no_ad_hoc_changes" name="test_no_ad_hoc_change_detection[path2]" time="0.000" /><testcase classname="tests.ingestion.test_py_ast_extract" name="test_ast_visitor_records_decorator_span" time="0.001" /><testcase classname="tests.ingestion.test_runner_plumbing" name="test_repo_scan_honors_scan_profile" time="1.255" /><testcase classname="tests.graphs.test_engine_nx" name="test_engine_matches_nx_views_for_core_graphs" time="1.106" /><testcase classname="tests.analytics.test_graph_stats_validation" name="test_graph_views_exist" time="2.034" /><testcase classname="tests.ingestion.test_coverage_incremental" name="test_coverage_plugin_executes_with_tracker" time="1.693" /><testcase classname="tests.ingestion.test_ingest_run_incremental_ast" name="test_ast_extract_plugin_succeeds_with_tracker" time="1.551" /><testcase classname="tests.ingestion.test_runner_plumbing" name="test_coverage_ingest_uses_runner" time="2.096" /><testcase classname="tests.ingestion.test_ingest_run_reporting" name="test_plugin_execution_succeeds_without_tracker_in_scratch" time="1.545" /><testcase classname="tests.docs_export.test_export_smoke" name="test_export_subset_validates_dataset_names" time="2.170" /><testcase classname="tests.graphs.test_function_index" name="test_lookup_prefers_exact_span_and_qualname" time="0.001" /><testcase classname="tests.ingestion.test_tool_plugins" name="test_pyright_plugin_ok_status" time="0.002" /><testcase classname="tests.ingestion.test_tool_plugins" name="test_default_registry_contains_plugins" time="0.004" /><testcase classname="tests.ingestion.test_tool_runner" name="test_tool_runner_missing_binary" time="0.002" /><testcase classname="tests.ingestion.test_tool_runner" name="test_tool_runner_unknown_tool" time="0.002" /><testcase classname="tests.ingestion.test_tool_service" name="test_tool_service_pyright_parses_errors" time="0.867" /><testcase classname="tests.ingestion.test_coverage_incremental" name="test_coverage_plugin_without_coverage_file_skips" time="1.232" /><testcase classname="tests.ingestion.test_ingest_run_incremental_ast" name="test_ast_extract_plugin_succeeds_with_no_modules" time="1.280" /><testcase classname="tests.ingestion.test_scip_ingest" name="test_scip_ingest_result_factory" time="0.001" /><testcase classname="tests.ingestion.test_step_registry" name="test_registry_includes_all_expected_plugins" time="0.000" /><testcase classname="tests.ingestion.test_step_registry" name="test_metadata_exposes_tables_and_deps" time="0.000" /><testcase classname="tests.ingestion.test_step_registry" name="test_plan_respects_dependencies" time="0.001" /><testcase classname="tests.ingestion.test_tool_service" name="test_tool_service_pyrefly_parses_errors" time="0.569" /><testcase classname="tests.analytics.core.test_executor_helpers" name="test_merge_configs_merges_without_mutation" time="0.001" /><testcase classname="tests.analytics.core.test_executor_helpers" name="test_execute_plugin_handles_validation_failure" time="1.325" /><testcase classname="tests.ingestion.test_runner_plumbing" name="test_typing_ingest_uses_shared_runner" time="0.000"><skipped type="pytest.skip" message="Schema mismatch: StaticDiagnosticRow (6 cols) vs static_diagnostics table (8 cols)">/home/paul/CodeIntel/tests/ingestion/test_runner_plumbing.py:121: Schema mismatch: StaticDiagnosticRow (6 cols) vs static_diagnostics table (8 cols)</skipped></testcase><testcase classname="tests.ingestion.test_scip_ingest" name="test_ingest_scip_produces_artifacts" time="5.581"><skipped type="pytest.skip" message="SCIP ingestion not successful in test environment: SCIP indexing failed: Tool scip-python failed (code=127)&#10;Args: ('index', '/tmp/pytest-of-paul/pytest-386/popen-gw15/test_ingest_scip_produces_arti0/repo', '--output', '/tmp/pytest-of-paul/pytest-386/popen-gw15/test_ingest_scip_produces_arti0/repo/build/scip/index.scip')&#10;stderr: /usr/bin/env: 'node': No such file or directory">/home/paul/CodeIntel/tests/ingestion/test_scip_ingest.py:116: SCIP ingestion not successful in test environment: SCIP indexing failed: Tool scip-python failed (code=127)
Args: ('index', '/tmp/pytest-of-paul/pytest-386/popen-gw15/test_ingest_scip_produces_arti0/repo', '--output', '/tmp/pytest-of-paul/pytest-386/popen-gw15/test_ingest_scip_produces_arti0/repo/build/scip/index.scip')
stderr: /usr/bin/env: 'node': No such file or directory</skipped></testcase><testcase classname="tests.ingestion.test_tool_service" name="test_tool_service_coverage_reports" time="0.704" /><testcase classname="tests.docs_export.test_export_smoke" name="test_export_helpers_resolve_dataset_names" time="2.281" /><testcase classname="tests.lint.test_no_legacy_data_model_json" name="test_no_legacy_json_usage_outside_whitelist" time="0.029" /><testcase classname="tests._helpers.test_gateway_fixtures" name="test_build_duckdb_backend_defaults_to_gateway_config" time="7.019" /><testcase classname="tests._helpers.test_gateway_fixtures" name="test_scope_parsing_service_round_trips_graph_scope" time="0.001" /><testcase classname="tests.analytics.test_feature_flags_behavior" name="test_eager_hydration_respects_feature_override" time="7.058" /><testcase classname="tests._helpers.test_helpers_roundtrip" name="test_provisioned_gateway_round_trip" time="1.846" /><testcase classname="tests.analytics.test_functions_validation" name="test_records_validation_when_parse_fails" time="7.118" /><testcase classname="tests.analytics.test_cfg_dfg_metrics_ext" name="test_cfg_metrics_ext_populates_loop_and_unreachable_counts" time="7.500" /><testcase classname="tests.analytics.test_catalog_provider_usage" name="test_symbol_uses_respects_catalog_module_map" time="7.182" /><testcase classname="tests.graphs.test_backend_selection" name="test_build_graph_runtime_captures_backend_info" time="8.089" /><testcase classname="tests.docs_export.test_graph_validation_export" name="test_graph_validation_export" time="10.067" /><testcase classname="tests.graphs.test_validation" name="test_run_graph_validations_emits_warnings" time="7.968" /><testcase classname="tests.analytics.core.test_executor_helpers" name="test_execute_plugin_handles_execution_error" time="1.108" /><testcase classname="tests.ingestion.test_change_tracker" name="test_view_for_dataset_full_rebuild_when_changed_ratio_exceeds_policy" time="6.923" /><testcase classname="tests._helpers.test_helpers_roundtrip" name="test_docs_export_ready_has_non_nulls" time="1.360" /><testcase classname="tests.graphs.test_span_consistency_integration" name="test_span_alignment_across_components" time="7.202" /><testcase classname="tests.graphs.test_graph_validation_catalog" name="test_graph_validation_orphan_uses_catalog_map" time="8.012" /><testcase classname="tests.graphs.test_validation_flags" name="test_validation_strict_escalates_findings" time="6.949" /><testcase classname="tests.config.test_ingestion_schema_registry" name="test_ingestion_sql_tables_match_schema" time="7.318" /><testcase classname="tests.analytics.test_evidence" name="test_evidence_collector_deduplicates_and_truncates" time="0.001" /><testcase classname="tests.analytics.test_evidence" name="test_validate_evidence_samples_rejects_invalid_payloads" time="0.001" /><testcase classname="tests.mcp.test_registry_limits_parity" name="test_limits_parity_between_local_and_remote_configs" time="0.001" /><testcase classname="tests.mcp.test_registry_limits_parity" name="test_registry_helper_matches_base_registry" time="0.000" /><testcase classname="tests.graphs.test_symbol_uses_module_fallback" name="test_partial_catalog_map_falls_back_to_db" time="5.490" /><testcase classname="tests.analytics.test_subsystems" name="test_subsystems_cluster_and_risk_aggregation" time="6.995" /><testcase classname="tests.config.test_serving_graph_features" name="test_serving_config_from_env_graph_features" time="0.001" /><testcase classname="tests.orchestration.test_graph_engine_sharing" name="test_graph_runtime_reuses_engine" time="1.161" /><testcase classname="tests.analytics.test_graph_metrics_calculations" name="test_compute_function_graph_metrics_counts_and_cycles" time="1.370" /><testcase classname="tests.graphs.test_callgraph_builder" name="test_callgraph_handles_aliases_and_relative_imports" time="1.542" /><testcase classname="tests.docs_export.test_validate_exports" name="test_export_logs_problem_detail_on_validation_failure" time="7.792" /><testcase classname="tests.analytics.core.test_executor_helpers" name="test_execute_plugin_records_success" time="1.113" /><testcase classname="tests.cli.test_history_timeseries_cli" name="test_history_timeseries_cli_happy_path" time="19.132" /><testcase classname="tests.docs_export.test_export_parity" name="test_export_mappings_registered_with_dataset_registry" time="8.362" /><testcase classname="tests.docs_export.test_export_runner" name="test_run_validated_exports_invokes_validator_before_exports" time="7.526" /><testcase classname="tests.docs_export.test_export_smoke" name="test_export_validation_runs_against_registry" time="1.349" /><testcase classname="tests._helpers.test_helpers_roundtrip" name="test_symbol_and_config_metrics_builder_round_trip" time="6.393" /><testcase classname="tests.orchestration.test_graph_engine_sharing" name="test_runtime_reuse_with_graph_context" time="1.093" /><testcase classname="tests._helpers.test_helpers_roundtrip" name="test_file_backed_gateway_creates_db" time="6.336" /><testcase classname="tests.analytics.test_graph_metrics_calculations" name="test_compute_module_graph_metrics_with_symbol_coupling" time="1.295" /><testcase classname="tests.graphs.test_callgraph_resolution" name="test_resolve_callee_precedence_local_then_alias" time="0.000" /><testcase classname="tests.orchestration.test_step_registry" name="test_get_step" time="0.001" /><testcase classname="tests.orchestration.test_step_registry" name="test_getitem_raises_keyerror" time="0.000" /><testcase classname="tests.orchestration.test_step_registry" name="test_list_all" time="0.000" /><testcase classname="tests.orchestration.test_step_registry" name="test_list_by_phase[StepPhase.INGESTION-expected_names0]" time="0.001" /><testcase classname="tests.orchestration.test_step_registry" name="test_list_by_phase[StepPhase.ANALYTICS-expected_names1]" time="0.001" /><testcase classname="tests.orchestration.test_step_registry" name="test_list_by_phase[StepPhase.EXPORT-expected_names2]" time="0.001" /><testcase classname="tests.orchestration.test_step_registry" name="test_dependency_graph" time="0.000" /><testcase classname="tests.orchestration.test_step_registry" name="test_expand_with_deps" time="0.000" /><testcase classname="tests.orchestration.test_step_registry" name="test_expand_with_deps_unknown_step" time="0.001" /><testcase classname="tests.orchestration.test_step_registry" name="test_topological_order" time="0.000" /><testcase classname="tests.orchestration.test_step_registry" name="test_topological_order_cycle_detection" time="0.001" /><testcase classname="tests.orchestration.test_step_registry" name="test_as_dict" time="0.000" /><testcase classname="tests.orchestration.test_step_registry" name="test_iteration" time="0.000" /><testcase classname="tests.orchestration.test_step_registry" name="test_run_records_context_repo" time="0.000" /><testcase classname="tests.orchestration.test_step_registry" name="test_registry_contains_all_steps" time="0.000" /><testcase classname="tests.orchestration.test_step_registry" name="test_backward_compat_exports" time="0.000" /><testcase classname="tests.orchestration.test_step_registry" name="test_all_steps_have_required_attributes" time="0.000" /><testcase classname="tests.orchestration.test_step_registry" name="test_step_metadata" time="0.001" /><testcase classname="tests.orchestration.test_step_registry" name="test_phase_coverage" time="0.000" /><testcase classname="tests.pipeline.test_prefect_metadata" name="test_attach_task_metadata_records_step" time="0.001" /><testcase classname="tests.pipeline.test_prefect_metadata" name="test_attach_task_metadata_handles_plain_callables" time="0.000" /><testcase classname="tests.pipeline.test_run_registry.TestStartAndFetchRun" name="test_start_run_creates_record" time="0.019" /><testcase classname="tests.pipeline.test_run_registry.TestStartAndFetchRun" name="test_fetch_nonexistent_run" time="0.012" /><testcase classname="tests.pipeline.test_run_registry.TestStartAndFetchRun" name="test_start_run_replaces_existing" time="0.014" /><testcase classname="tests.pipeline.test_run_registry.TestCompleteRun" name="test_complete_run_updates_status" time="0.015" /><testcase classname="tests.pipeline.test_run_registry.TestCompleteRun" name="test_complete_run_with_error" time="0.013" /><testcase classname="tests.pipeline.test_run_registry.TestRecordStep" name="test_record_step_creates_record" time="0.015" /><testcase classname="tests.pipeline.test_run_registry.TestRecordStep" name="test_fetch_steps_empty" time="0.013" /><testcase classname="tests.orchestration.test_graph_metrics_step" name="test_graph_metrics_step_runs_plugins" time="1.605" /><testcase classname="tests.pipeline.test_run_registry.TestRecordStep" name="test_record_step_replaces_existing" time="0.018" /><testcase classname="tests.pipeline.test_run_registry.TestStartAndCompleteStep" name="test_start_step_creates_running_record" time="0.015" /><testcase classname="tests.pipeline.test_run_registry.TestDataclasses" name="test_pipeline_run_record_frozen" time="0.000" /><testcase classname="tests.pipeline.test_run_registry.TestDataclasses" name="test_pipeline_step_record_frozen" time="0.000" /><testcase classname="tests.analytics.test_graph_stats_validation" name="test_graph_stats_include_symbol_and_config_graphs" time="6.882" /><testcase classname="tests.docs_export.test_validate_exports" name="test_validate_jsonl_happy_path" time="0.003" /><testcase classname="tests.docs_export.test_validate_exports" name="test_validate_jsonl_failure" time="0.004" /><testcase classname="tests.docs_export.test_validate_exports" name="test_docs_export_views_exist" time="6.374" /><testcase classname="tests.analytics.test_graph_metrics_calculations" name="test_graph_metrics_ready_gateway_smoke" time="1.349" /><testcase classname="tests.pipeline.test_run_registry_integration.TestGatewayRunsApi" name="test_start_and_fetch_run_with_gateway" time="0.703" /><testcase classname="tests.docs_export.test_export_validation_models" name="test_data_model_field_schema_validates_fixture" time="0.003" /><testcase classname="tests.pipeline.test_run_registry_integration.TestGatewayRunsApi" name="test_complete_run_with_gateway" time="0.749" /><testcase classname="tests.docs_export.test_export_validation_models" name="test_data_model_relationship_schema_validates_fixture" time="0.002" /><testcase classname="tests.pipeline.test_run_registry_integration.TestNewRunContextIntegration" name="test_new_run_context_for_analytics" time="0.001" /><testcase classname="tests.pipeline.test_run_registry_integration.TestNewRunContextIntegration" name="test_new_run_context_for_graphs" time="0.001" /><testcase classname="tests.runtime.test_run_context.TestNewRunId" name="test_default_prefix" time="0.001" /><testcase classname="tests.runtime.test_run_context.TestNewRunId" name="test_custom_prefix" time="0.000" /><testcase classname="tests.runtime.test_run_context.TestNewRunId" name="test_uniqueness" time="0.001" /><testcase classname="tests.runtime.test_run_context.TestNewRunId" name="test_hex_suffix_length" time="0.000" /><testcase classname="tests.runtime.test_run_context.TestRunContext" name="test_construction" time="0.001" /><testcase classname="tests.runtime.test_run_context.TestRunContext" name="test_with_operation" time="0.001" /><testcase classname="tests.runtime.test_run_context.TestRunContext" name="test_with_datasets" time="0.001" /><testcase classname="tests.runtime.test_run_context.TestRunContext" name="test_repo_property" time="0.001" /><testcase classname="tests.runtime.test_run_context.TestRunContext" name="test_commit_property" time="0.001" /><testcase classname="tests.runtime.test_run_context.TestRunContext" name="test_frozen" time="0.001" /><testcase classname="tests.runtime.test_run_context.TestNewRunContext" name="test_generates_run_id" time="0.001" /><testcase classname="tests.runtime.test_run_context.TestNewRunContext" name="test_ingest_kind_prefix" time="0.001" /><testcase classname="tests.runtime.test_run_context.TestNewRunContext" name="test_graphs_kind_prefix" time="0.001" /><testcase classname="tests.runtime.test_run_context.TestNewRunContext" name="test_analytics_kind_prefix" time="0.001" /><testcase classname="tests.runtime.test_run_context.TestNewRunContext" name="test_preserves_snapshot" time="0.001" /><testcase classname="tests.runtime.test_run_context.TestNewRunContext" name="test_requested_operation" time="0.001" /><testcase classname="tests.runtime.test_run_context.TestNewRunContext" name="test_requested_datasets_from_list" time="0.001" /><testcase classname="tests.runtime.test_run_context.TestRunKindValues" name="test_all_run_kinds" time="0.000" /><testcase classname="tests.runtime.test_run_context.TestTriggerKindValues" name="test_all_trigger_kinds" time="0.000" /><testcase classname="tests.pipeline.test_run_registry.TestStartAndCompleteStep" name="test_complete_step_updates_record" time="0.025" /><testcase classname="tests.pipeline.test_run_registry.TestMultipleSteps" name="test_run_with_multiple_steps" time="0.020" /><testcase classname="tests.docs_export.test_export_parity" name="test_export_mappings_cover_required_tables" time="7.907" /><testcase classname="tests.ingestion.test_step_registry" name="test_custom_plugin_registry_execution" time="1.077" /><testcase classname="tests.mcp.test_backend" name="test_read_dataset_rows_unknown" time="6.723" /><testcase classname="tests.mcp.test_backend" name="test_read_function_validation_dataset" time="6.526" /><testcase classname="tests.graphs.test_symbol_uses_module_fallback" name="test_no_module_mapping_keeps_same_module_false" time="5.460" /><testcase classname="tests.ingestion.test_step_registry" name="test_disabled_plugins_are_skipped" time="0.207" /><testcase classname="tests.mcp.test_backend" name="test_get_function_summary" time="6.524" /><testcase classname="tests.mcp.test_backend" name="test_callgraph_direction_validation" time="6.573" /><testcase classname="tests.ingestion.test_subprocess_policy" name="test_no_direct_subprocess_usage_outside_tooling" time="0.026" /><testcase classname="tests.ingestion.test_tool_plugins" name="test_pyright_plugin_not_found_downgrades" time="0.003" /><testcase classname="tests.analytics.test_graph_metrics_runtime_reuse" name="test_compute_graph_metrics_reuses_runtime_engine" time="1.765" /><testcase classname="tests.analytics.test_graph_metrics_smoke" name="test_compute_graph_metrics_with_small_graph" time="1.059" /><testcase classname="tests.analytics.test_feature_flags_behavior" name="test_eager_hydration_off_defers_graph_loads" time="6.577" /><testcase classname="tests.analytics.test_feature_flags_behavior" name="test_community_detection_cap_skips_when_exceeded" time="0.264" /><testcase classname="tests.analytics.test_functions_validation" name="test_span_not_found_is_recorded" time="6.616" /><testcase classname="tests.analytics.test_catalog_provider_usage" name="test_symbol_uses_falls_back_to_modules_when_catalog_partial" time="6.604" /><testcase classname="tests.analytics.test_tests_profile_plugin_runtime" name="test_tests_profile_plugin_runtime" time="1.724" /><testcase classname="tests.ingestion.test_change_tracker" name="test_view_for_dataset_respects_module_filter_and_deleted_paths" time="6.521" /><testcase classname="tests.graphs.test_validation_flags" name="test_validation_non_strict_allows_warnings" time="6.530" /><testcase classname="tests.analytics.test_cfg_dfg_metrics_ext" name="test_dfg_metrics_ext_counts_use_kinds_and_paths" time="6.528" /><testcase classname="tests.analytics.test_cli_parser" name="test_function_parser_invalid_exits" time="0.008" /><testcase classname="tests.analytics.test_cli_parser" name="test_function_parser_default_none" time="0.006" /><testcase classname="tests.analytics.test_dependencies_config_values" name="test_load_config_keys_filters_repo" time="6.420" /><testcase classname="tests.orchestration.test_history_timeseries_prefect" name="test_prefect_history_timeseries_step" time="27.978" /><testcase classname="tests.analytics.test_symbol_config_metrics" name="test_symbol_and_config_metrics_populate_and_views_create" time="6.893" /><testcase classname="tests.mcp.test_request_context_mcp" name="test_mcp_tools_set_request_context" time="6.876"><skipped type="pytest.skip" message="FastMCP tools registry not available">/home/paul/CodeIntel/tests/mcp/test_request_context_mcp.py:39: FastMCP tools registry not available</skipped></testcase><testcase classname="tests.graphs.test_validation" name="test_run_graph_validations_snapshot_mismatch_raises" time="7.299" /><testcase classname="tests.graphs.test_import_modules" name="test_import_modules_matches_condensation_layers" time="6.413" /><testcase classname="tests.orchestration.test_prefect_export_docs" name="test_t_export_docs_invokes_validator_before_export" time="5.532" /><testcase classname="tests.mcp.test_backend_dataset_adapter" name="test_read_dataset_rows_delegates" time="6.368" /><testcase classname="tests.mcp.test_duckdb_backend_engine" name="test_duckdb_backend_uses_injected_engine" time="1.159" /><testcase classname="tests._helpers.test_helpers_roundtrip" name="test_file_backed_gateway_releases_handles" time="6.351" /><testcase classname="tests.analytics.test_tests_profiles_coverage_inputs" name="test_aggregate_test_coverage_by_function_in_memory" time="0.047" /><testcase classname="tests.analytics.test_tests_profiles_coverage_inputs" name="test_aggregate_test_coverage_by_subsystem_in_memory" time="0.043" /><testcase classname="tests.analytics.test_tests_profiles_helpers" name="test_importance_guardrails_and_monotonicity" time="0.001" /><testcase classname="tests.analytics.test_tests_profiles_helpers" name="test_build_test_profile_rows_round_trip" time="0.001" /><testcase classname="tests.analytics.test_tests_profiles_helpers" name="test_build_behavioral_coverage_rows_normalization" time="0.000" /><testcase classname="tests.mcp.test_meta_dataflow_tools" name="test_explain_dataset_tool_smoke" time="0.006"><skipped type="pytest.skip" message="FastMCP tools registry not available">/home/paul/CodeIntel/tests/mcp/test_meta_dataflow_tools.py:18: FastMCP tools registry not available</skipped></testcase><testcase classname="tests.server.test_fastapi_endpoints" name="test_callgraph_neighborhood_limits" time="7.673" /><testcase classname="tests.graphs.test_backend_selection" name="test_maybe_enable_nx_gpu_success" time="0.001" /><testcase classname="tests.graphs.test_backend_selection" name="test_maybe_enable_nx_gpu_fallback" time="0.002" /><testcase classname="tests.analytics.test_graph_stats_validation" name="test_subsystem_agreement_summary_aggregates" time="6.516" /><testcase classname="tests._helpers.test_helpers_roundtrip" name="test_strict_fixtures_expose_views" time="16.572" /><testcase classname="tests.analytics.core.test_contract_helpers" name="test_builds_contracts_from_metadata_outputs" time="0.001" /><testcase classname="tests.analytics.core.test_contract_helpers" name="test_prefers_explicit_output_contracts" time="0.000" /><testcase classname="tests.analytics.core.test_contract_helpers" name="test_returns_empty_when_no_contracts_available" time="0.000" /><testcase classname="tests.analytics.core.test_executor_contracts" name="test_contracts_cached_per_plugin_name" time="0.000" /><testcase classname="tests.analytics.core.test_executor_contracts" name="test_contracts_empty_when_no_outputs_or_explicit" time="0.001" /><testcase classname="tests.services.test_backend_limits" name="test_clamp_limit_value_caps_and_reports" time="0.000" /><testcase classname="tests.services.test_backend_limits" name="test_http_service_applies_backend_limits" time="0.000" /><testcase classname="tests.services.test_errors" name="test_problem_defaults_and_to_dict" time="0.001" /><testcase classname="tests.services.test_errors" name="test_problem_allows_override_instance_and_type" time="0.000" /><testcase classname="tests.services.test_errors" name="test_problem_error_taxonomy_subclasses" time="0.001" /><testcase classname="tests.services.test_errors" name="test_log_problem_emits_json" time="0.003" /><testcase classname="tests.services.test_factory_wiring" name="test_build_backend_resource_local" time="6.835" /><testcase classname="tests.server.test_fastapi" name="test_function_summary_success" time="5.585" /><testcase classname="tests.docs_export.test_export_smoke" name="test_export_all_writes_expected_files" time="2.545" /><testcase classname="tests.pipeline.test_run_registry_integration.TestGatewayRunsApi" name="test_record_steps_with_gateway" time="0.728" /><testcase classname="tests.pipeline.test_run_registry_integration.TestNewRunContextIntegration" name="test_new_run_context_for_ingest" time="0.001" /><testcase classname="tests.services.test_query_service" name="test_observability_tracks_subsystem_coverage_calls" time="0.002" /><testcase classname="tests.docs_export.test_function_validation_export" name="test_function_validation_export" time="7.752" /><testcase classname="tests.server.test_dataset_registry_parity" name="test_dataset_registry_parity_across_factory_defaults" time="6.421" /><testcase classname="tests.server.test_meta_dataflow" name="test_meta_dataflow_endpoint_smoke" time="1.774" /><testcase classname="tests.mcp.test_backend_adapter" name="test_require_identifier_validation" time="6.453" /><testcase classname="tests.graphs.test_symbol_uses_normalization" name="test_load_scip_documents_skips_invalid_entries" time="0.001" /><testcase classname="tests.services.test_query_service" name="test_http_read_dataset_rows_clamps_limit" time="0.001" /><testcase classname="tests.services.test_query_service" name="test_http_read_dataset_rows_invalid_offset" time="0.000" /><testcase classname="tests.services.test_query_service" name="test_http_high_risk_clamps_using_limits" time="0.000" /><testcase classname="tests.services.test_query_service" name="test_fastapi_delegates_to_query_service" time="1.343" /><testcase classname="tests.mcp.test_backend" name="test_dataset_rows_clamping" time="6.498" /><testcase classname="tests.server.test_fastapi" name="test_tests_for_function_success" time="5.571" /><testcase classname="tests.analytics.test_model_config_heuristics" name="test_data_models_and_usage_and_config_flow" time="1.132" /><testcase classname="tests.mcp.test_backend" name="test_dataset_list_includes_function_validation" time="6.566" /><testcase classname="tests.mcp.test_backend" name="test_get_function_summary_invalid" time="6.537" /><testcase classname="tests.mcp.test_backend" name="test_get_tests_for_function" time="6.536" /><testcase classname="tests.docs_export.test_export_smoke" name="test_export_validation_passes_on_minimal_data" time="2.133" /><testcase classname="tests.pipeline.test_run_registry_integration.TestFullRunLifecycle" name="test_multi_engine_run_lifecycle" time="0.716" /><testcase classname="tests.orchestration.test_prefect_flow_smoke" name="test_cli_docs_export_with_validation" time="14.902" /><testcase classname="tests.server.test_fastapi" name="test_dataset_rows_limit_clamped" time="5.604" /><testcase classname="tests.ingestion.test_change_tracker" name="test_view_for_dataset_full_rebuild_flag_forces_rebuild" time="6.365" /><testcase classname="tests.analytics.test_catalog_provider_usage" name="test_graph_metrics_uses_catalog_for_symbol_modules" time="6.698" /><testcase classname="tests.ingestion.test_change_tracker" name="test_incremental_ingest_ops_reparse_changed_modules" time="1.182" /><testcase classname="tests.analytics.test_function_history" name="test_function_history_populates_rows" time="6.438" /><testcase classname="tests.orchestration.test_prefect_flow_smoke" name="test_prefect_flow_imports" time="0.001" /><testcase classname="tests.analytics.test_domain_api_exports" name="test_functions_api_exports_expected_symbols" time="0.000" /><testcase classname="tests.http.test_request_context_http" name="test_correlation_id_plumbed_into_problem_detail" time="6.875" /><testcase classname="tests.pipeline.test_run_registry_integration.TestFullRunLifecycle" name="test_failed_run_lifecycle" time="0.692" /><testcase classname="tests.services.test_typed_docs_responses" name="test_function_summary_response_uses_typed_row" time="0.700" /><testcase classname="tests.services.test_query_service" name="test_mcp_tool_delegation" time="1.325"><skipped type="pytest.skip" message="FastMCP tools registry not available">/home/paul/CodeIntel/tests/services/test_query_service.py:588: FastMCP tools registry not available</skipped></testcase><testcase classname="tests.mcp.test_wiring_smoke" name="test_mcp_wiring_smoke" time="7.176" /><testcase classname="tests.analytics.test_symbol_config_metrics" name="test_subsystem_agreement_exposed_in_views" time="6.587" /><testcase classname="tests.server.test_fastapi_endpoints" name="test_backend_registry_matches_gateway" time="7.076" /><testcase classname="tests.services.test_typed_docs_responses" name="test_subsystem_profile_response_uses_typed_row" time="0.690" /><testcase classname="tests._helpers.test_helpers_roundtrip" name="test_strict_schema_flag_enforces_views" time="1.190" /><testcase classname="tests.orchestration.test_graph_engine_sharing" name="test_graph_engine_reused_with_backend_flags" time="1.644" /><testcase classname="tests.graphs.test_validation" name="test_run_graph_validations_hard_fail_on_error" time="7.434" /><testcase classname="tests.analytics.test_profiles" name="test_profile_builders_aggregate_expected_fields" time="1.851" /><testcase classname="tests.server.test_fastapi_endpoints" name="test_health_reports_limits" time="7.740" /><testcase classname="tests.server.test_fastapi" name="test_function_summary_not_found" time="5.609" /><testcase classname="tests.services.test_query_service" name="test_observability_tracks_subsystem_profile_calls" time="0.003" /><testcase classname="tests.serving.test_domain_builders" name="test_object_builders_return_not_found_on_none[build_function_summary-summary]" time="0.001" /><testcase classname="tests.serving.test_domain_builders" name="test_object_builders_return_not_found_on_none[build_function_profile-profile]" time="0.001" /><testcase classname="tests.serving.test_domain_builders" name="test_object_builders_return_not_found_on_none[build_file_profile-profile]" time="0.000" /><testcase classname="tests.serving.test_domain_builders" name="test_object_builders_return_not_found_on_none[build_module_profile-profile]" time="0.001" /><testcase classname="tests.serving.test_domain_builders" name="test_object_builders_return_not_found_on_none[build_function_architecture-architecture]" time="0.000" /><testcase classname="tests.serving.test_domain_builders" name="test_object_builders_return_not_found_on_none[build_module_architecture-architecture]" time="0.000" /><testcase classname="tests.serving.test_domain_builders" name="test_build_file_summary_injects_rel_path" time="0.000" /><testcase classname="tests.serving.test_domain_builders" name="test_build_high_risk_functions_uses_meta_truncation" time="0.000" /><testcase classname="tests.serving.test_domain_builders" name="test_build_callgraph_neighbors_passes_metadata" time="0.000" /><testcase classname="tests.serving.test_domain_builders" name="test_build_tests_for_function_preserves_meta" time="0.000" /><testcase classname="tests.serving.test_domain_builders" name="test_build_graph_neighborhood_retains_nodes_and_edges" time="0.000" /><testcase classname="tests.serving.test_domain_builders" name="test_build_import_boundary_constructs_node_ids" time="0.000" /><testcase classname="tests.serving.test_domain_builders" name="test_build_file_hints_sets_found_false_when_empty" time="0.000" /><testcase classname="tests.serving.test_domain_builders" name="test_build_subsystem_modules_handles_missing_subsystem" time="0.000" /><testcase classname="tests.serving.test_domain_builders" name="test_build_module_and_subsystem_lists" time="0.000" /><testcase classname="tests.serving.test_domain_builders" name="test_build_dataset_schema_preserves_fields" time="0.001" /><testcase classname="tests.serving.test_domain_transport_roundtrip" name="test_function_summary_roundtrip" time="0.001" /><testcase classname="tests.serving.test_domain_transport_roundtrip" name="test_high_risk_functions_roundtrip" time="0.000" /><testcase classname="tests.serving.test_domain_transport_roundtrip" name="test_tests_for_function_roundtrip" time="0.000" /><testcase classname="tests.serving.test_domain_transport_roundtrip" name="test_callgraph_neighbors_roundtrip" time="0.000" /><testcase classname="tests.serving.test_domain_transport_roundtrip" name="test_graph_neighborhood_roundtrip" time="0.001" /><testcase classname="tests.serving.test_domain_transport_roundtrip" name="test_import_boundary_roundtrip" time="0.000" /><testcase classname="tests.serving.test_domain_transport_roundtrip" name="test_profile_roundtrip_with_empty_profiles" time="0.000" /><testcase classname="tests.serving.test_mcp_scope_and_plan_models" name="test_parse_graph_scope_coerces_time_window_strings" time="0.001" /><testcase classname="tests.serving.test_mcp_scope_and_plan_models" name="test_graph_plan_response_accepts_plugin_metadata" time="0.000" /><testcase classname="tests.serving.test_mcp_scope_parsing" name="test_parse_graph_scope_roundtrip" time="0.001" /><testcase classname="tests.serving.test_operation_catalog_alignment" name="test_operation_spec_is_operation_alias" time="0.000" /><testcase classname="tests.serving.test_operation_catalog_alignment" name="test_registry_and_catalog_agree_on_ids" time="0.000" /><testcase classname="tests.serving.test_operation_catalog_alignment" name="test_registry_returns_catalog_objects" time="0.000" /><testcase classname="tests.serving.test_operation_catalog_alignment" name="test_all_operation_ids_are_unique" time="0.000" /><testcase classname="tests.serving.test_operation_catalog_alignment" name="test_contracts_derived_from_catalog" time="0.000" /><testcase classname="tests.serving.test_operation_catalog_alignment" name="test_contract_data_sources_match_catalog" time="0.000" /><testcase classname="tests.serving.test_operation_catalog_alignment" name="test_contract_source_names_match_catalog" time="0.000" /><testcase classname="tests.serving.test_operation_catalog_alignment" name="test_contract_from_operation_factory" time="0.000" /><testcase classname="tests.serving.test_operation_catalog_alignment" name="test_view_operations_have_source_names" time="0.000" /><testcase classname="tests.serving.test_operation_catalog_alignment" name="test_table_operations_have_source_names" time="0.000" /><testcase classname="tests.serving.test_operation_catalog_alignment" name="test_graph_engine_operations_have_required_graphs" time="0.001" /><testcase classname="tests.serving.test_operation_catalog_alignment" name="test_required_datasets_are_valid" time="0.000" /><testcase classname="tests.serving.test_operation_catalog_alignment" name="test_all_tool_names_are_unique" time="0.000" /><testcase classname="tests.serving.test_operation_catalog_alignment" name="test_tool_names_follow_convention" time="0.000" /><testcase classname="tests.serving.test_operation_catalog_alignment" name="test_http_paths_are_unique" time="0.000" /><testcase classname="tests.serving.test_operation_catalog_alignment" name="test_http_operations_have_both_method_and_path" time="0.001" /><testcase classname="tests.serving.test_operation_catalog_snapshot" name="test_operation_specs_count_snapshot" time="0.000" /><testcase classname="tests.serving.test_operation_catalog_snapshot" name="test_operation_contracts_count_snapshot" time="0.000" /><testcase classname="tests.serving.test_operation_catalog_snapshot" name="test_operation_spec_ids_snapshot" time="0.000" /><testcase classname="tests.serving.test_operation_catalog_snapshot" name="test_operation_contract_names_snapshot" time="0.000" /><testcase classname="tests.serving.test_operation_spec_alignment" name="test_http_routes_match_operation_specs" time="0.020" /><testcase classname="tests.serving.test_operation_spec_alignment" name="test_mcp_tool_names_match_operation_specs" time="0.072" /><testcase classname="tests.serving.test_operation_spec_alignment" name="test_required_datasets_resolve_to_dataset_contracts" time="0.000" /><testcase classname="tests.serving.test_operation_spec_alignment" name="test_exposed_datasets_resolve_to_dataset_contracts" time="0.000" /><testcase classname="tests.serving.test_problem_details" name="test_dataset_not_found_round_trip_preserves_code_and_context" time="0.000" /><testcase classname="tests.serving.test_problem_details" name="test_wrap_serializes_mcp_error_to_problem_detail_payload" time="0.000" /><testcase classname="tests.serving.test_query_service_scope" name="test_local_query_service_parses_graph_scope" time="0.001" /><testcase classname="tests.serving.test_view_utils" name="test_normalize_entrypoints_payload_from_json_string" time="0.000" /><testcase classname="tests.serving.test_view_utils" name="test_normalize_entrypoints_payload_from_mixed_dicts" time="0.000" /><testcase classname="tests.serving.test_view_utils" name="test_normalize_entrypoints_payload_from_single_dict" time="0.000" /><testcase classname="tests.serving.test_view_utils" name="test_normalize_entrypoints_row_updates_mapping_in_place" time="0.000" /><testcase classname="tests.serving.test_view_utils" name="test_normalize_entrypoints_row_handles_none" time="0.000" /><testcase classname="tests.analytics.test_graph_stats_validation" name="test_validation_flags_large_symbol_community_and_config_hubs" time="6.501" /><testcase classname="tests.orchestration.test_graph_engine_sharing" name="test_engine_reuse_across_semantic_roles" time="1.096" /><testcase classname="tests.server.test_fastapi_endpoints" name="test_http_backend_against_fastapi" time="8.185" /><testcase classname="tests.services.test_factory_wiring" name="test_build_backend_resource_remote" time="12.924" /><testcase classname="tests.server.test_fastapi_endpoints" name="test_import_boundary_limits" time="8.021" /><testcase classname="tests.services.test_query_service" name="test_local_read_dataset_rows_defaults_limit" time="7.391" /><testcase classname="tests.server.test_wiring_smoke" name="test_fastapi_wiring_smoke" time="7.127" /><testcase classname="tests.storage.test_catalog_describe" name="test_describe_dataset_warns_on_missing_schema" time="0.001" /><testcase classname="tests.storage.test_dataflow_graph" name="test_metadata_dataflow_tables_populated" time="1.004" /><testcase classname="tests.server.test_dataset_registry_parity" name="test_backend_resource_limits_and_registry_align" time="6.541" /><testcase classname="tests.mcp.test_backend_adapter" name="test_validate_direction_accepts_expected" time="6.404" /><testcase classname="tests.server.test_fastapi" name="test_dataset_rows_unknown_dataset" time="5.615" /><testcase classname="tests.server.test_datasets_registry" name="test_function_validation_dataset_present" time="0.001" /><testcase classname="tests.storage.test_dataset_catalog" name="test_catalog_handles_missing_samples" time="0.003" /><testcase classname="tests.storage.test_dataset_catalog" name="test_catalog_sampling_gracefully_falls_back" time="0.041" /><testcase classname="tests.storage.test_dataset_catalog" name="test_catalog_sampling_strict_raises" time="0.035" /><testcase classname="tests.storage.test_dataset_catalog" name="test_catalog_missing_db_strict_fails" time="0.004" /><testcase classname="tests.storage.test_dataset_scaffold" name="test_scaffold_writes_artifacts" time="0.011" /><testcase classname="tests.storage.test_dataset_scaffold" name="test_scaffold_respects_dry_run" time="0.001" /><testcase classname="tests.storage.test_dataset_scaffold" name="test_scaffold_blocks_overwrite_without_flag" time="0.001" /><testcase classname="tests.storage.test_dataset_scaffold" name="test_scaffold_view_defaults_skip_exports" time="0.001" /><testcase classname="tests.storage.test_dataset_scaffold" name="test_scaffold_emits_bootstrap_snippet_when_requested" time="0.001" /><testcase classname="tests.storage.test_dataset_scaffold" name="test_scaffold_registry_conflict_blocks_creation" time="0.001" /><testcase classname="tests.storage.test_datasets_contract" name="test_json_schema_ids_attached_to_datasets" time="0.674" /><testcase classname="tests.orchestration.test_prefect_flow_smoke" name="test_prefect_flow_preflight_only" time="11.797" /><testcase classname="tests.storage.test_datasets_contract" name="test_require_row_binding_behavior" time="0.000" /><testcase classname="tests.storage.test_docs_view_indexes" name="test_test_profile_has_primary_subsystem_index" time="0.067" /><testcase classname="tests.mcp.test_backend" name="test_tests_for_function_not_found" time="6.649" /><testcase classname="tests.storage.test_dataflow_graph" name="test_alias_docs_views_have_nodes" time="0.001" /><testcase classname="tests.storage.test_docs_views_as_datasets" name="test_docs_views_registered_in_metadata" time="0.401" /><testcase classname="tests.server.test_fastapi" name="test_tests_for_function_validation" time="5.669" /><testcase classname="tests.storage.test_docs_view_indexes" name="test_subsystems_has_repo_commit_index" time="0.063" /><testcase classname="tests.storage.test_docs_views_as_datasets" name="test_docs_view_readable_via_dataset_rows" time="0.667" /><testcase classname="tests.server.test_fastapi" name="test_dataset_rows_success" time="5.675" /><testcase classname="tests.services.test_typed_docs_responses" name="test_subsystem_coverage_response_uses_typed_row" time="0.664" /><testcase classname="tests.mcp.test_backend" name="test_function_validation_clamping" time="6.606" /><testcase classname="tests.services.test_subsystem_roundtrip" name="test_subsystem_profile_roundtrip" time="1.238" /><testcase classname="tests.mcp.test_backend" name="test_get_tests_for_function_invalid" time="6.702" /><testcase classname="tests.services.test_subsystem_roundtrip" name="test_subsystem_coverage_roundtrip" time="1.483" /><testcase classname="tests.storage.test_file_module_test_behavioral_columns" name="test_file_profile_tuple_length_matches_columns" time="0.001" /><testcase classname="tests.storage.test_function_profile_rows" name="test_function_profile_tuple_length_matches_columns" time="0.000" /><testcase classname="tests.services.test_query_service" name="test_local_query_service_reads_architecture_seed" time="7.532" /><testcase classname="tests.analytics.test_function_history" name="test_function_history_respects_min_threshold" time="6.658" /><testcase classname="tests.analytics.test_function_metrics_plugin_runtime" name="test_function_metrics_plugin_executes" time="1.119" /><testcase classname="tests.analytics.test_catalog_provider_usage" name="test_profiles_use_catalog_module_map_when_modules_table_empty" time="6.688" /><testcase classname="tests.ingestion.test_change_tracker" name="test_view_for_dataset_incremental" time="6.650" /><testcase classname="tests.storage.test_file_module_test_behavioral_columns" name="test_module_profile_tuple_length_matches_columns" time="0.001" /><testcase classname="tests.storage.test_ingest_macros_end_to_end" name="test_architecture_seed_helper_has_macros[True]" time="7.248" /><testcase classname="tests.services.test_subsystem_roundtrip" name="test_subsystem_coverage_not_found_meta" time="0.701" /><testcase classname="tests.cli.test_history_timeseries_cli" name="test_history_timeseries_cli_missing_snapshot" time="5.694" /><testcase classname="tests.serving.backend.test_dataset_backend" name="test_read_dataset_rows_invalid_offset" time="7.099" /><testcase classname="tests.storage.test_file_module_test_behavioral_columns" name="test_behavioral_coverage_tuple_length_matches_columns" time="0.001" /><testcase classname="tests.storage.test_ingest_macros_provision_helper" name="test_provision_helper_registers_macros" time="6.970" /><testcase classname="tests.storage.test_ingest_macros_cache" name="test_ingest_macros_re_register_on_cache_hit_after_close" time="2.005" /><testcase classname="tests.serving.backend.test_function_backend" name="test_get_callgraph_neighborhood_truncates" time="7.074" /><testcase classname="tests.analytics.test_runtime_pool" name="test_pool_reuses_runtime_within_ttl" time="7.763" /><testcase classname="tests.serving.backend.test_profile_backend" name="test_get_file_profile_not_found" time="7.109" /><testcase classname="tests.serving.backend.test_subsystem_backend" name="test_get_module_subsystems_returns_memberships" time="7.110" /><testcase classname="tests._helpers.test_helpers_roundtrip" name="test_loose_gateway_allows_schema_drift" time="6.721" /><testcase classname="tests.serving.test_dataset_specs" name="test_dataset_specs_include_contract_fields" time="0.695" /><testcase classname="tests.graphs.test_validation" name="test_run_graph_validations_caps_findings" time="7.919" /><testcase classname="tests.services.test_factory_wiring" name="test_build_backend_resource_gateway_path" time="7.520" /><testcase classname="tests.storage.test_metadata_bootstrap" name="test_dataflow_metadata_populated" time="0.978" /><testcase classname="tests.orchestration.test_risk_factors_catalog_fallback" name="test_risk_factors_uses_catalog_modules_when_core_modules_empty" time="5.722" /><testcase classname="tests.serving.test_backend_resource_runtime" name="test_backend_resource_reuses_pooled_runtime" time="2.315" /><testcase classname="tests.serving.test_backend_resource_runtime" name="test_backend_resource_reuse_across_builds" time="2.853" /><testcase classname="tests.storage.repositories.test_repositories" name="test_function_repository_reads" time="8.124" /><testcase classname="tests.mcp.test_backend_adapter" name="test_backend_delegates_after_validation" time="6.885" /><testcase classname="tests.storage.test_dataset_catalog" name="test_catalog_generation_writes_files" time="0.002" /><testcase classname="tests.server.test_fastapi" name="test_backend_registry_matches_gateway" time="6.036" /><testcase classname="tests.storage.test_conformance" name="test_conformance_passes_with_empty_db" time="0.615" /><testcase classname="tests.services.test_request_context_observability" name="test_local_query_observability_uses_request_context" time="7.334" /><testcase classname="tests.storage.test_dataflow_graph" name="test_composite_edges_align_with_composite_schemas" time="0.001" /><testcase classname="tests.storage.test_schema_roundtrip" name="test_call_graph_edge_round_trip" time="0.330" /><testcase classname="tests.storage.test_dataset_catalog" name="test_catalog_missing_db_writes_empty" time="0.001" /><testcase classname="tests.storage.test_schema_roundtrip" name="test_test_coverage_round_trip" time="0.299" /><testcase classname="tests.services.test_query_service" name="test_local_read_dataset_rows_propagates_errors" time="7.850" /><testcase classname="tests.storage.test_metadata_bootstrap" name="test_metadata_bootstrap_populates_catalog" time="0.711" /><testcase classname="tests.storage.test_schema_generation_validator" name="test_validate_row_with_schema_passes_valid_data" time="0.001" /><testcase classname="tests.storage.test_sql_helpers" name="test_quote_identifier_rejects_invalid[]" time="0.001" /><testcase classname="tests.storage.test_sql_helpers" name="test_quote_identifier_rejects_invalid[1foo]" time="0.000" /><testcase classname="tests.storage.test_sql_helpers" name="test_quote_identifier_rejects_invalid[foo-bar]" time="0.001" /><testcase classname="tests.storage.test_sql_helpers" name="test_quote_identifier_rejects_invalid[foo;drop]" time="0.000" /><testcase classname="tests.storage.test_sql_helpers" name="test_quote_identifier_rejects_invalid[foo bar]" time="0.000" /><testcase classname="tests.storage.test_sql_helpers" name="test_quote_table_key_validates_schema_and_table" time="0.000" /><testcase classname="tests.storage.test_schema_roundtrip" name="test_symbol_use_round_trip" time="0.020" /><testcase classname="tests.storage.test_sql_helpers" name="test_quote_table_key_rejects_bad_keys[]" time="0.001" /><testcase classname="tests.storage.test_sql_helpers" name="test_quote_table_key_rejects_bad_keys[foo..bar]" time="0.000" /><testcase classname="tests.storage.test_sql_helpers" name="test_safe_macro_call_validates_allowlist" time="0.000" /><testcase classname="tests.storage.test_subsystem_docs_views" name="test_subsystem_profile_columns" time="0.078" /><testcase classname="tests.storage.test_schema_roundtrip" name="test_behavioral_coverage_round_trip" time="0.068" /><testcase classname="tests.storage.test_sql_helpers" name="test_quote_table_key_rejects_bad_keys[notable]" time="0.001" /><testcase classname="tests.storage.test_subsystem_docs_views" name="test_subsystem_coverage_view_prefers_cache" time="0.083" /><testcase classname="tests.storage.test_subsystem_docs_views" name="test_subsystem_profile_view_prefers_cache" time="0.090" /><testcase classname="tests.storage.test_subsystem_docs_views" name="test_subsystem_coverage_columns" time="0.084" /><testcase classname="tests.storage.test_export_macro_invocation" name="test_export_calls_macro_sentinel" time="6.904" /><testcase classname="tests.services.test_query_service" name="test_local_read_dataset_rows_records_observability" time="7.847" /><testcase classname="tests.storage.test_subsystem_view_schema_drift" name="test_subsystem_docs_views_schema_stable" time="0.100" /><testcase classname="tests.storage.test_views_scoping" name="test_call_graph_view_scopes_edges_to_repo_commit" time="1.956" /><testcase classname="tests.test_core_dependency_hygiene" name="test_core_imports_are_stdlib_only" time="0.001" /><testcase classname="tests.test_testing_contract" name="test_testing_charter_forbidden_patterns" time="0.022" /><testcase classname="tests.test_tests_analytics_unit" name="test_backfill_test_goids_updates_catalog" time="1.877" /><testcase classname="tests.storage.test_datasets_contract" name="test_describe_dataset_shape" time="0.001" /><testcase classname="tests.test_tests_analytics_unit" name="test_compute_test_coverage_edges_with_real_coverage" time="1.910" /><testcase classname="tests.services.test_query_service" name="test_query_service_contract_local_vs_http" time="8.323" /><testcase classname="tests.storage.test_schema_roundtrip" name="test_generate_export_schemas_writes_files" time="0.454" /><testcase classname="tests.storage.test_datasets_contract" name="test_json_schema_datasets_have_row_bindings" time="0.742" /><testcase classname="tests.cli.test_nx_backend" name="test_maybe_enable_nx_gpu_noop_when_disabled" time="0.001" /><testcase classname="tests.cli.test_nx_backend" name="test_maybe_enable_nx_gpu_soft_fallback" time="0.001" /><testcase classname="tests.storage.test_export_macro_strict" name="test_require_macros_rejects_dataset_rows_only" time="6.883" /><testcase classname="tests.storage.test_file_module_test_behavioral_columns" name="test_test_profile_tuple_length_matches_columns" time="0.001" /><testcase classname="tests.storage.test_gateway_helpers" name="test_insert_helpers_write_expected_rows" time="7.408" /><testcase classname="tests.storage.test_docs_views_as_datasets" name="test_docs_views_expose_capabilities" time="0.472" /><testcase classname="tests.storage.test_ingest_macros_autoload" name="test_ingest_macros_registered_on_gateway" time="1.065" /><testcase classname="tests.test_tests_analytics_unit" name="test_edges_for_file_uses_test_meta" time="0.001" /><testcase classname="tests.test_pipeline_smoke" name="test_pipeline_export_docs_smoke" time="0.002"><skipped type="pytest.xfail" message="Pipeline export_docs currently fails in function_effects catalog integration" /></testcase><testcase classname="tests.serving.backend.test_function_backend" name="test_get_function_summary_found" time="7.317" /><testcase classname="tests.test_tests_analytics_unit" name="test_compute_test_coverage_edges_respects_injected_loader" time="1.744" /><testcase classname="tests.storage.test_ingest_macros_cache" name="test_ingest_macros_recover_if_missing_while_cached" time="1.095" /><testcase classname="tests.serving.backend.test_profile_backend" name="test_get_module_architecture_success" time="7.284" /><testcase classname="tests.storage.test_ingest_macros_end_to_end" name="test_architecture_seed_helper_has_macros[False]" time="6.271" /><testcase classname="tests.storage.test_ingest_macros_end_to_end" name="test_provision_helper_has_macros" time="6.481" /><testcase classname="tests.serving.backend.test_function_backend" name="test_get_function_summary_requires_identifier" time="7.210" /><testcase classname="tests.storage.test_ingest_macros_seed_helper" name="test_seed_helper_registers_ingest_macros" time="6.884" /><testcase classname="tests.storage.test_ingest_perf" name="test_ingest_macro_perf_reasonable" time="7.096" /><testcase classname="tests.server.test_fastapi_endpoints" name="test_fastapi_endpoints_smoke" time="8.138" /><testcase classname="tests.serving.backend.test_subsystem_backend" name="test_list_subsystems_respects_backend_limits" time="7.301" /><testcase classname="tests.orchestration.test_step_registry" name="test_build_registry_from_dicts" time="0.001" /><testcase classname="tests.storage.test_dataflow_graph" name="test_contract_dataflow_includes_all_datasets" time="0.001" /><testcase classname="tests.analytics.test_runtime_pool" name="test_pool_expires_runtime_after_ttl" time="7.765" /><testcase classname="tests.storage.test_macro_performance" name="test_normalized_macro_latency_smoke[graph.call_graph_edges]" time="6.755" /><testcase classname="tests.orchestration.test_pipeline_catalog_entrypoint" name="test_pipeline_steps_use_function_catalog" time="5.785" /><testcase classname="tests.storage.test_metadata_dataset_rows_macro" name="test_dataset_rows_macro_handles_registry_datasets" time="6.633" /><testcase classname="tests.storage.test_normalized_macros_helper" name="test_normalized_macros_match_expected_sets" time="0.000" /><testcase classname="tests.storage.test_schema_alignment" name="test_apply_and_validate_schema_alignment" time="6.744" /><testcase classname="tests.storage.test_export_macro_parity" name="test_macro_parity_exports_seeded_rows" time="6.586" /><testcase classname="tests.storage.test_schema_generation" name="test_json_schema_from_typeddict_round_trip" time="0.001" /><testcase classname="tests.storage.test_macro_schemas" name="test_macro_schemas_match_table_definitions" time="6.597" /><testcase classname="tests.storage.test_schema_generation_validator" name="test_build_validator_accepts_mapping" time="0.001" /><testcase classname="tests.storage.repositories.test_repositories" name="test_data_model_repository_reads" time="7.858" /><testcase classname="tests.storage.repositories.test_repositories" name="test_subsystem_repository_reads" time="7.874" /><testcase classname="tests.storage.test_export_macro_strict" name="test_require_macros_allows_macro_backed_tables" time="6.576" /><testcase classname="tests.test_callgraph_alias_resolution" name="test_callgraph_resolves_import_alias" time="6.649" /><testcase classname="tests.storage.repositories.test_repositories" name="test_module_repository_reads" time="7.807" /><testcase classname="tests.test_layering_serving_imports" name="test_no_serving_imports_in_middle_packages" time="0.525" /><testcase classname="tests.test_layering_serving_imports" name="test_no_pipeline_imports_in_middle_packages" time="0.487" /><testcase classname="tests.serving.backend.test_dataset_backend" name="test_dataset_schema_includes_columns" time="7.022" /><testcase classname="tests.storage.test_sql_helpers" name="test_quote_identifier_validates_simple_names" time="0.001" /><testcase classname="tests.storage.test_ingest_prepared_dynamic" name="test_dynamic_prepared_statements_match_registry" time="6.470" /><testcase classname="tests.storage.test_ingest_prepared_dynamic" name="test_ingest_macros_registered" time="6.652" /><testcase classname="tests.storage.test_macro_registry" name="test_macro_registry_hashes" time="6.421" /><testcase classname="tests.storage.test_macro_performance" name="test_normalized_macro_latency_smoke[analytics.function_metrics]" time="6.418" /><testcase classname="tests.orchestration.test_pipeline_catalog_reuse" name="test_steps_share_function_catalog" time="4.467" /><testcase classname="tests.storage.test_normalized_macros" name="test_normalized_macros_execute" time="6.435" /><testcase classname="tests.analytics.test_runtime_pool" name="test_pool_lru_eviction" time="7.481" /><testcase classname="tests.storage.test_schema_function_validation" name="test_apply_all_schemas_creates_function_validation" time="6.420" /><testcase classname="tests.storage.test_normalized_macros_helper" name="test_normalized_macros_defined" time="6.445" /><testcase classname="tests.storage.test_normalized_macros_helper" name="test_normalized_macro_schema_validation" time="6.461" /><testcase classname="tests.storage.test_normalized_macros_helper" name="test_dataset_rows_only_tables_parse" time="6.471" /></testsuite></testsuites>