<?xml version="1.0" encoding="utf-8"?><testsuites name="pytest tests"><testsuite name="pytest" errors="0" failures="0" skipped="0" tests="3" time="39.928" timestamp="2025-12-27T05:32:15.867003-06:00" hostname="MacBookPro.lan"><testcase classname="tests.build.hamilton.test_materializer" name="test_materialize_table_uses_policy_and_insert_select" time="18.424" /><testcase classname="tests.build.hamilton.test_materializer" name="test_rows_saver_resolves_deferred_columns" time="18.444" /><testcase classname="tests.build.hamilton.test_materializer" name="test_materialize_table_validates_when_schema_available" time="18.544" /></testsuite></testsuites>