<?xml version="1.0" encoding="utf-8"?><testsuites name="pytest tests"><testsuite name="pytest" errors="6" failures="52" skipped="93" tests="3987" time="149.312" timestamp="2025-12-14T01:23:40.807515-05:00" hostname="paul-X870-AORUS-ELITE-WIFI7"><testcase classname="" name="tests.analytics.compute.test_graphs_centrality" time="0.000"><error message="collection failure">ImportError while importing test module '/home/paul/CodeIntel/tests/analytics/compute/test_graphs_centrality.py'.
Hint: make sure your test modules/packages have valid Python names.
Traceback:
../.local/share/uv/python/cpython-3.13.9-linux-x86_64-gnu/lib/python3.13/importlib/__init__.py:88: in import_module
    return _bootstrap._gcd_import(name[level:], package, level)
           ^^^^^^^^^^^^^^^^^^^^^^^^^^^^^^^^^^^^^^^^^^^^^^^^^^^^
tests/analytics/compute/test_graphs_centrality.py:16: in &lt;module&gt;
    from codeintel.graphs.compute.metrics.centrality import (
E   ModuleNotFoundError: No module named 'codeintel.graphs.compute.metrics.centrality'</error></testcase><testcase classname="" name="tests.analytics.compute.test_graphs_conversions" time="0.000"><error message="collection failure">ImportError while importing test module '/home/paul/CodeIntel/tests/analytics/compute/test_graphs_conversions.py'.
Hint: make sure your test modules/packages have valid Python names.
Traceback:
../.local/share/uv/python/cpython-3.13.9-linux-x86_64-gnu/lib/python3.13/importlib/__init__.py:88: in import_module
    return _bootstrap._gcd_import(name[level:], package, level)
           ^^^^^^^^^^^^^^^^^^^^^^^^^^^^^^^^^^^^^^^^^^^^^^^^^^^^
tests/analytics/compute/test_graphs_conversions.py:17: in &lt;module&gt;
    from codeintel.analytics.compute.graphs.conversions import (
E   ImportError: cannot import name 'normalize_decimal_id' from 'codeintel.analytics.compute.graphs.conversions' (/home/paul/CodeIntel/src/codeintel/analytics/compute/graphs/conversions.py)</error></testcase><testcase classname="" name="tests.analytics.profiles.test_utils" time="0.000"><error message="collection failure">ImportError while importing test module '/home/paul/CodeIntel/tests/analytics/profiles/test_utils.py'.
Hint: make sure your test modules/packages have valid Python names.
Traceback:
../.local/share/uv/python/cpython-3.13.9-linux-x86_64-gnu/lib/python3.13/importlib/__init__.py:88: in import_module
    return _bootstrap._gcd_import(name[level:], package, level)
           ^^^^^^^^^^^^^^^^^^^^^^^^^^^^^^^^^^^^^^^^^^^^^^^^^^^^
tests/analytics/profiles/test_utils.py:15: in &lt;module&gt;
    from codeintel.analytics.profiles.utils import (
E   ImportError: cannot import name 'int_or_default' from 'codeintel.analytics.profiles.utils' (/home/paul/CodeIntel/src/codeintel/analytics/profiles/utils.py)</error></testcase><testcase classname="" name="tests.analytics.test_graph_stats_validation" time="0.000"><error message="collection failure">ImportError while importing test module '/home/paul/CodeIntel/tests/analytics/test_graph_stats_validation.py'.
Hint: make sure your test modules/packages have valid Python names.
Traceback:
../.local/share/uv/python/cpython-3.13.9-linux-x86_64-gnu/lib/python3.13/importlib/__init__.py:88: in import_module
    return _bootstrap._gcd_import(name[level:], package, level)
           ^^^^^^^^^^^^^^^^^^^^^^^^^^^^^^^^^^^^^^^^^^^^^^^^^^^^
tests/analytics/test_graph_stats_validation.py:15: in &lt;module&gt;
    from codeintel.graphs.validation import warn_graph_structure
E   ImportError: cannot import name 'warn_graph_structure' from 'codeintel.graphs.validation' (/home/paul/CodeIntel/src/codeintel/graphs/validation/__init__.py)</error></testcase><testcase classname="" name="tests.graphs.test_compute_metrics" time="0.000"><error message="collection failure">ImportError while importing test module '/home/paul/CodeIntel/tests/graphs/test_compute_metrics.py'.
Hint: make sure your test modules/packages have valid Python names.
Traceback:
../.local/share/uv/python/cpython-3.13.9-linux-x86_64-gnu/lib/python3.13/importlib/__init__.py:88: in import_module
    return _bootstrap._gcd_import(name[level:], package, level)
           ^^^^^^^^^^^^^^^^^^^^^^^^^^^^^^^^^^^^^^^^^^^^^^^^^^^^
tests/graphs/test_compute_metrics.py:14: in &lt;module&gt;
    from codeintel.graphs.compute.metrics.centrality import (
E   ModuleNotFoundError: No module named 'codeintel.graphs.compute.metrics.centrality'</error></testcase><testcase classname="" name="tests.ingestion.test_ast_utils" time="0.000"><error message="collection failure">ImportError while importing test module '/home/paul/CodeIntel/tests/ingestion/test_ast_utils.py'.
Hint: make sure your test modules/packages have valid Python names.
Traceback:
../.local/share/uv/python/cpython-3.13.9-linux-x86_64-gnu/lib/python3.13/importlib/__init__.py:88: in import_module
    return _bootstrap._gcd_import(name[level:], package, level)
           ^^^^^^^^^^^^^^^^^^^^^^^^^^^^^^^^^^^^^^^^^^^^^^^^^^^^
tests/ingestion/test_ast_utils.py:17: in &lt;module&gt;
    from codeintel.ingestion.infrastructure.ast_utils import (
E   ImportError: cannot import name 'AstSpanIndex' from 'codeintel.ingestion.infrastructure.ast_utils' (/home/paul/CodeIntel/src/codeintel/ingestion/infrastructure/ast_utils.py)</error></testcase><testcase classname="tests.analytics.compute.test_graphs_statistics" name="test_stats_realistic_call_graph" time="0.003" /><testcase classname="tests.analytics.compute.test_profiles" name="test_aggregate_typedness_counts" time="0.001" /><testcase classname="tests.analytics.compute.test_semantic_roles" name="test_context_name_property" time="0.001" /><testcase classname="tests.analytics.compute.test_entrypoints_detection" name="test_entrypoint_candidate_kinds[websocket]" time="0.001" /><testcase classname="tests.analytics.functions.test_function_effects" name="test_effect_analysis_io_effect" time="0.001" /><testcase classname="tests.analytics.compute.test_semantic_roles" name="test_classify_helper" time="0.001" /><testcase classname="tests.analytics.plugins.test_type_coverage_metadata.TestTypeCoveragePluginMetadataProperty" name="test_core_metadata_property" time="0.001" /><testcase classname="tests.analytics.resources.test_resource_registry" name="test_resource_registry_multiple_registrations" time="0.001" /><testcase classname="tests.analytics.test_tests_profiles_unit" name="test_test_profile_model_snapshot" time="0.001" /><testcase classname="tests._helpers.test_graphs_ast_lookup" name="test_build_ast_map_handles_functions_and_classes" time="0.002" /><testcase classname="tests.analytics.functions.test_function_effects" name="test_effect_analysis_db_effect" time="0.000" /><testcase classname="tests.analytics.test_dependencies" name="test_risk_level_balances_modes_and_frequency" time="0.001" /><testcase classname="tests.analytics.test_dependencies" name="test_severity_scores_constant" time="0.000" /><testcase classname="tests.cli.handlers.test_ops" name="test_dataset_describe_result_to_dict" time="0.002" /><testcase classname="tests.cli.handlers.test_ops" name="test_dataset_verify_result_to_dict" time="0.001" /><testcase classname="tests.analytics.compute.test_semantic_roles" name="test_classify_module_tags" time="0.000" /><testcase classname="tests.analytics.compute.test_semantic_roles" name="test_classify_returns_signals" time="0.000" /><testcase classname="tests.analytics.compute.test_semantic_roles" name="test_classify_other" time="0.000" /><testcase classname="tests.analytics.testing.profiles.test_builder.TestInferBehaviorTags" name="test_infers_tags_from_markers[markers5-network_interaction]" time="0.002" /><testcase classname="tests.analytics.testing.profiles.test_builder.TestInferBehaviorTags" name="test_infers_tags_from_markers[markers6-network_interaction]" time="0.001" /><testcase classname="tests.analytics.testing.profiles.test_builder.TestInferBehaviorTags" name="test_infers_tags_from_markers[markers7-db_interaction]" time="0.000" /><testcase classname="tests._helpers.test_graphs_ast_lookup" name="test_build_ast_map_raises_for_missing_target" time="0.001" /><testcase classname="tests.analytics.test_tests_profiles_unit" name="test_behavioral_writer_registry_guard" time="0.001" /><testcase classname="tests.analytics.test_tests_profiles_unit" name="test_write_test_profile_rows_with_stubs" time="0.001" /><testcase classname="tests.cli.execution.test_registry" name="test_registry_list_operations_by_group" time="0.002" /><testcase classname="tests.cli.execution.test_registry" name="test_registry_list_excludes_hidden" time="0.001" /><testcase classname="tests.cli.execution.test_registry" name="test_registry_list_groups" time="0.001" /><testcase classname="tests.cli.execution.test_registry" name="test_registry_unregister_existing" time="0.001" /><testcase classname="tests.cli.execution.test_registry" name="test_registry_unregister_missing" time="0.001" /><testcase classname="tests.cli.handlers.test_ops" name="test_op_call_result_to_dict" time="0.001" /><testcase classname="tests.cli.handlers.test_ops" name="test_serve_start_result_to_dict" time="0.000" /><testcase classname="tests.analytics.graphs.test_graph_metrics_integration" name="test_compute_function_graph_metrics_counts_and_cycles" time="4.603" /><testcase classname="tests.analytics.compute.test_semantic_roles" name="test_modules_classify_empty" time="0.000" /><testcase classname="tests.analytics.compute.test_semantic_roles" name="test_modules_classify_from_tags" time="0.000" /><testcase classname="tests.analytics.compute.test_semantic_roles" name="test_modules_classify_from_functions" time="0.000" /><testcase classname="tests.analytics.compute.test_semantic_roles" name="test_modules_classify_ignores_other" time="0.000" /><testcase classname="tests.analytics.testing.profiles.test_builder.TestInferBehaviorTags" name="test_infers_tags_from_markers[markers8-db_interaction]" time="0.001" /><testcase classname="tests.analytics.testing.profiles.test_builder.TestInferBehaviorTags" name="test_infers_network_interaction_from_io_flags" time="0.000" /><testcase classname="tests.analytics.testing.profiles.test_builder.TestInferBehaviorTags" name="test_infers_db_interaction_from_io_flags" time="0.000" /><testcase classname="tests.analytics.testing.profiles.test_builder.TestInferBehaviorTags" name="test_infers_filesystem_interaction_from_io_flags" time="0.000" /><testcase classname="tests.analytics.compute.test_graphs_statistics" name="test_in_degrees_empty_graph" time="0.000" /><testcase classname="tests.analytics.compute.test_graphs_statistics" name="test_in_degrees_simple_chain" time="0.000" /><testcase classname="tests.analytics.compute.test_graphs_statistics" name="test_in_degrees_star_graph" time="0.000" /><testcase classname="tests.analytics.compute.test_graphs_statistics" name="test_out_degrees_empty_graph" time="0.000" /><testcase classname="tests.analytics.compute.test_graphs_statistics" name="test_out_degrees_simple_chain" time="0.000" /><testcase classname="tests.analytics.compute.test_graphs_statistics" name="test_out_degrees_star_graph" time="0.000" /><testcase classname="tests.analytics.compute.test_graphs_statistics" name="test_degrees_empty_graph" time="0.001" /><testcase classname="tests.cli.rendering.test_service" name="test_get_renderer_returns_unified_renderer" time="0.002" /><testcase classname="tests.cli.rendering.test_service" name="test_get_renderer_respects_json_format" time="0.001" /><testcase classname="tests.cli.rendering.test_service" name="test_get_renderer_respects_jsonl_format" time="0.000" /><testcase classname="tests.cli.rendering.test_service" name="test_get_renderer_respects_color_override" time="0.000" /><testcase classname="tests.cli.rendering.test_service" name="test_get_renderer_uses_custom_writer" time="0.001" /><testcase classname="tests.cli.rendering.test_service" name="test_get_renderer_uses_custom_err_writer" time="0.000" /><testcase classname="tests.cli.rendering.test_service" name="test_render_cli_result_success_returns_zero" time="0.001" /><testcase classname="tests.analytics.compute.test_graphs_statistics" name="test_degrees_simple_path" time="0.000" /><testcase classname="tests.analytics.compute.test_graphs_statistics" name="test_degrees_triangle" time="0.000" /><testcase classname="tests.analytics.plugins.test_type_coverage_metadata.TestTypeCoverageOptionsModel" name="test_default_values" time="0.000" /><testcase classname="tests.analytics.resources.test_provider_factory" name="test_provider_factory_options_defaults" time="0.001" /><testcase classname="tests.analytics.resources.test_provider_factory" name="test_provider_factory_options_custom" time="0.000" /><testcase classname="tests.analytics.functions.test_function_effects" name="test_effect_analysis_time_effect" time="0.000" /><testcase classname="tests.analytics.functions.test_function_effects" name="test_effect_analysis_randomness_effect" time="0.000" /><testcase classname="tests.analytics.functions.test_function_effects" name="test_effect_analysis_global_modification" time="0.000" /><testcase classname="tests.analytics.functions.test_function_effects" name="test_effect_analysis_closure_modification" time="0.000" /><testcase classname="tests.analytics.functions.test_function_effects" name="test_effect_analysis_thread_spawn" time="0.000" /><testcase classname="tests.analytics.functions.test_function_effects" name="test_effect_analysis_multiple_effects" time="0.000" /><testcase classname="tests.analytics.functions.test_function_effects" name="test_effect_analysis_immutable" time="0.001" /><testcase classname="tests.analytics.functions.test_function_effects" name="test_effect_analysis_evidence_structure" time="0.000" /><testcase classname="tests.analytics.functions.test_function_effects" name="test_function_effects_inputs_defaults" time="0.000" /><testcase classname="tests.analytics.functions.test_function_effects" name="test_function_effects_inputs_with_ast_map" time="0.000" /><testcase classname="tests.analytics.functions.test_function_effects" name="test_function_effects_inputs_immutable" time="0.000" /><testcase classname="tests.analytics.functions.test_function_effects" name="test_effect_analysis_direct_effectful_all_false" time="0.000" /><testcase classname="tests.analytics.functions.test_function_effects" name="test_effect_analysis_direct_effectful_any_true" time="0.000" /><testcase classname="tests.analytics.functions.test_function_effects" name="test_effect_analysis_no_io_no_db" time="0.000" /><testcase classname="tests.analytics.compute.test_semantic_roles" name="test_context_name_simple" time="0.000" /><testcase classname="tests.analytics.compute.test_semantic_roles" name="test_context_rel_path_lower" time="0.000" /><testcase classname="tests.analytics.compute.test_semantic_roles" name="test_context_module_lower" time="0.000" /><testcase classname="tests.analytics.compute.test_semantic_roles" name="test_context_module_lower_none" time="0.000" /><testcase classname="tests.analytics.compute.test_semantic_roles" name="test_context_tag_strings" time="0.000" /><testcase classname="tests.analytics.compute.test_semantic_roles" name="test_accumulator_bump_single" time="0.000" /><testcase classname="tests.analytics.compute.test_semantic_roles" name="test_accumulator_bump_accumulates" time="0.000" /><testcase classname="tests.analytics.compute.test_semantic_roles" name="test_accumulator_bump_with_framework" time="0.000" /><testcase classname="tests.analytics.compute.test_semantic_roles" name="test_accumulator_framework_first_wins" time="0.000" /><testcase classname="tests.analytics.compute.test_semantic_roles" name="test_accumulator_finalize_empty" time="0.000" /><testcase classname="tests.analytics.compute.test_semantic_roles" name="test_accumulator_finalize_below_threshold" time="0.000" /><testcase classname="tests.analytics.functions.test_function_effects" name="test_effect_analysis_io_no_db" time="0.000" /><testcase classname="tests.analytics.functions.test_function_effects" name="test_effect_analysis_no_io_db" time="0.000" /><testcase classname="tests.analytics.functions.test_function_effects" name="test_effect_analysis_io_and_db" time="0.000" /><testcase classname="tests.analytics.functions.test_function_effects_runtime" name="test_compute_function_effects_with_transitive_and_missing" time="4.951" /><testcase classname="tests.cli.commands.test_dataset_info_flow" name="test_dataset_flow_handler_with_valid_table_key" time="0.109" /><testcase classname="tests.analytics.subsystems.test_affinity" name="test_cluster_sizes_map_empty" time="0.001" /><testcase classname="tests.analytics.subsystems.test_affinity" name="test_cluster_sizes_map_counts_clusters" time="0.000" /><testcase classname="tests.analytics.compute.test_graphs_statistics" name="test_in_degree_values_empty_graph" time="0.001" /><testcase classname="tests.analytics.compute.test_graphs_statistics" name="test_in_degree_values_only" time="0.000" /><testcase classname="tests.analytics.compute.test_graphs_statistics" name="test_out_degree_values_empty_graph" time="0.000" /><testcase classname="tests.analytics.compute.test_graphs_statistics" name="test_out_degree_values_only" time="0.000" /><testcase classname="tests.analytics.compute.test_graphs_statistics" name="test_degree_values_empty_graph" time="0.000" /><testcase classname="tests.analytics.compute.test_graphs_statistics" name="test_degree_values_only" time="0.000" /><testcase classname="tests.analytics.compute.test_semantic_roles" name="test_modules_classify_below_threshold" time="0.000" /><testcase classname="tests.analytics.compute.test_semantic_roles" name="test_modules_classify_multiple" time="0.000" /><testcase classname="tests.analytics.compute.test_semantic_roles" name="test_decorator_names_empty" time="0.000" /><testcase classname="tests.analytics.compute.test_entrypoints_detection" name="test_entrypoint_candidate_frameworks[fastapi]" time="0.001" /><testcase classname="tests.analytics.compute.test_entrypoints_detection" name="test_entrypoint_candidate_frameworks[flask]" time="0.000" /><testcase classname="tests.analytics.compute.test_entrypoints_detection" name="test_entrypoint_candidate_frameworks[click]" time="0.000" /><testcase classname="tests.analytics.compute.test_entrypoints_detection" name="test_entrypoint_candidate_frameworks[typer]" time="0.000" /><testcase classname="tests.analytics.compute.test_entrypoints_detection" name="test_entrypoint_candidate_frameworks[celery]" time="0.000" /><testcase classname="tests.analytics.compute.test_entrypoints_detection" name="test_entrypoint_candidate_frameworks[django]" time="0.000" /><testcase classname="tests.analytics.compute.test_entrypoints_detection" name="test_entrypoint_candidate_frameworks[airflow]" time="0.000" /><testcase classname="tests.analytics.compute.test_entrypoints_detection" name="test_entrypoint_candidate_frameworks[None]" time="0.000" /><testcase classname="tests.analytics.compute.test_entrypoints_detection" name="test_detect_entrypoints_basic_behaviors" time="0.001" /><testcase classname="tests.analytics.compute.test_semantic_roles" name="test_decorator_names_simple" time="0.000" /><testcase classname="tests.analytics.compute.test_semantic_roles" name="test_decorator_names_attribute" time="0.000" /><testcase classname="tests.analytics.compute.test_semantic_roles" name="test_accumulator_finalize_above_threshold" time="0.000" /><testcase classname="tests.analytics.compute.test_semantic_roles" name="test_accumulator_finalize_picks_highest" time="0.000" /><testcase classname="tests.analytics.compute.test_semantic_roles" name="test_accumulator_finalize_caps_confidence" time="0.000" /><testcase classname="tests.analytics.compute.test_semantic_roles" name="test_classify_test_function" time="0.000" /><testcase classname="tests.analytics.test_profiles_and_functions" name="test_profile_writers_replace_existing_rows[_file_rows-writer-SELECT rel_path, module, tags FROM analytics.file_profile ORDER BY rel_path-DELETE FROM analytics.file_profile]" time="4.623" /><testcase classname="tests.cli.performance.test_performance" name="test_cli_startup_time" time="0.089" /><testcase classname="tests.cli.execution.test_registry" name="test_registry_clear" time="0.001" /><testcase classname="tests.cli.execution.test_registry" name="test_registry_contains" time="0.001" /><testcase classname="tests.cli.execution.test_registry" name="test_global_get_registry_returns_same_instance" time="0.001" /><testcase classname="tests.cli.execution.test_registry" name="test_global_reset_creates_new_instance" time="0.001" /><testcase classname="tests.cli.execution.test_registry" name="test_global_register_operation_uses_global" time="0.001" /><testcase classname="tests.cli.execution.test_registry" name="test_global_register_operation_returns_spec" time="0.001" /><testcase classname="tests.cli.execution.test_registry" name="test_filter_by_group" time="0.001" /><testcase classname="tests.cli.execution.test_registry" name="test_filter_by_nonexistent_group" time="0.001" /><testcase classname="tests.cli.contract.test_cli_result_contract" name="test_ok_classmethod_creates_success" time="0.002" /><testcase classname="tests.cli.contract.test_cli_result_contract" name="test_fail_classmethod_creates_failure" time="0.001" /><testcase classname="tests.cli.contract.test_cli_result_contract" name="test_fail_with_warnings" time="0.000" /><testcase classname="tests.cli.contract.test_cli_result_contract" name="test_json_serialization_roundtrip" time="0.001" /><testcase classname="tests.cli.contract.test_cli_result_contract" name="test_dataclass_data_serialization" time="0.001" /><testcase classname="tests.cli.contract.test_cli_result_contract" name="test_problem_detail_required_fields" time="0.000" /><testcase classname="tests.cli.contract.test_cli_result_contract" name="test_problem_detail_optional_fields" time="0.000" /><testcase classname="tests.cli.contract.test_cli_result_contract" name="test_full_problem_detail" time="0.000" /><testcase classname="tests.cli.contract.test_cli_result_contract" name="test_to_dict_rfc9457_compliance" time="0.001" /><testcase classname="tests.cli.execution.test_bootstrap.TestBootstrapCli" name="test_returns_config" time="0.002" /><testcase classname="tests.cli.execution.test_bootstrap.TestBootstrapCli" name="test_loads_config_when_not_provided" time="0.002" /><testcase classname="tests.cli.execution.test_bootstrap.TestBootstrapCli" name="test_idempotent_second_call_returns_cached" time="0.002" /><testcase classname="tests.cli.execution.test_bootstrap.TestBootstrapCli" name="test_configures_logging_at_debug" time="0.002" /><testcase classname="tests.cli.execution.test_bootstrap.TestBootstrapCli" name="test_configures_logging_at_info" time="0.002" /><testcase classname="tests.cli.execution.test_bootstrap.TestBootstrapCli" name="test_configures_logging_at_warning" time="0.002" /><testcase classname="tests.cli.execution.test_bootstrap.TestResetBootstrap" name="test_allows_reinitialize" time="0.002" /><testcase classname="tests.cli.execution.test_bootstrap.TestIsBootstrapped" name="test_false_before_bootstrap" time="0.001" /><testcase classname="tests.cli.execution.test_bootstrap.TestIsBootstrapped" name="test_true_after_bootstrap" time="0.002" /><testcase classname="tests.analytics.utilities.test_persistence.TestDeleteScope" name="test_frozen" time="0.001" /><testcase classname="tests.analytics.utilities.test_persistence.TestDeleteScope" name="test_equality" time="0.000" /><testcase classname="tests.analytics.utilities.test_persistence.TestDeleteScope" name="test_hashable" time="0.000" /><testcase classname="tests.analytics.utilities.test_persistence.TestDeleteScopeImport" name="test_import_from_utilities" time="0.000" /><testcase classname="tests.analytics.utilities.test_persistence.TestDeleteScopeImport" name="test_import_from_persistence" time="0.000" /><testcase classname="tests.architecture.test_analytics_exports" name="test_domain_exports[codeintel.analytics.functions-expected0]" time="0.001" /><testcase classname="tests.architecture.test_analytics_exports" name="test_domain_exports[codeintel.analytics.graphs-expected1]" time="0.001" /><testcase classname="tests.architecture.test_analytics_exports" name="test_domain_exports[codeintel.analytics.history-expected2]" time="0.001"><failure message="Failed: codeintel.analytics.history exports drift: missing=[] extras=['HistoryTimeseriesOptions']">module_path = 'codeintel.analytics.history', expected = {'FileCommitDelta', 'compute_function_history', 'compute_history_timeseries', 'compute_history_timeseries_gateways', 'iter_file_history'}

    @pytest.mark.parametrize(("module_path", "expected"), EXPECTED_EXPORTS.items())
    def test_domain_exports(module_path: str, expected: set[str]) -&gt; None:
        """Verify each analytics domain package exports the agreed public API."""
        module = importlib.import_module(module_path)
        actual = set(cast("Iterable[str]", getattr(module, "__all__", ())))
        missing = expected - actual
        extras = actual - expected
    
        if missing or extras:
            message = f"{module_path} exports drift: missing={sorted(missing)} extras={sorted(extras)}"
&gt;           pytest.fail(message)
E           Failed: codeintel.analytics.history exports drift: missing=[] extras=['HistoryTimeseriesOptions']

tests/architecture/test_analytics_exports.py:72: Failed</failure></testcase><testcase classname="tests.architecture.test_analytics_exports" name="test_domain_exports[codeintel.analytics.parsing-expected3]" time="0.001" /><testcase classname="tests.architecture.test_analytics_graph_boundary" name="test_analytics_modules_do_not_import_nx_views" time="0.004" /><testcase classname="tests.architecture.test_analytics_imports" name="test_external_imports_use_domain_apis" time="0.030" /><testcase classname="tests.analytics.compute.test_semantic_roles" name="test_decorator_names_call" time="0.000" /><testcase classname="tests.analytics.compute.test_semantic_roles" name="test_decorator_names_multiple" time="0.000" /><testcase classname="tests.analytics.subsystems.test_affinity" name="test_parse_tags_none" time="0.001" /><testcase classname="tests.analytics.subsystems.test_affinity" name="test_parse_tags_json_list" time="0.000" /><testcase classname="tests.analytics.subsystems.test_affinity" name="test_parse_tags_json_single_value" time="0.000" /><testcase classname="tests.analytics.subsystems.test_affinity" name="test_parse_tags_plain_string" time="0.000" /><testcase classname="tests.analytics.subsystems.test_affinity" name="test_parse_tags_list" time="0.000" /><testcase classname="tests.analytics.subsystems.test_affinity" name="test_parse_tags_other_type" time="0.000" /><testcase classname="tests.analytics.subsystems.test_affinity" name="test_parse_tags_mixed_list" time="0.000" /><testcase classname="tests.analytics.subsystems.test_affinity" name="test_add_graph_weight_new_edge" time="0.001" /><testcase classname="tests.analytics.subsystems.test_affinity" name="test_add_graph_weight_accumulates" time="0.000" /><testcase classname="tests.analytics.subsystems.test_affinity" name="test_add_graph_weight_ignores_self_loop" time="0.000" /><testcase classname="tests.analytics.subsystems.test_affinity" name="test_add_graph_weight_ignores_zero_weight" time="0.000" /><testcase classname="tests.analytics.subsystems.test_affinity" name="test_add_graph_weight_ignores_negative_weight" time="0.000" /><testcase classname="tests.analytics.compute.test_semantic_roles" name="test_classify_test_prefix" time="0.000" /><testcase classname="tests.analytics.compute.test_semantic_roles" name="test_classify_pytest_fixture" time="0.000" /><testcase classname="tests.analytics.compute.test_semantic_roles" name="test_classify_api_handler" time="0.000" /><testcase classname="tests.analytics.compute.test_semantic_roles" name="test_classify_flask_route" time="0.000" /><testcase classname="tests.analytics.compute.test_semantic_roles" name="test_classify_cli_click" time="0.001" /><testcase classname="tests.analytics.compute.test_semantic_roles" name="test_classify_cli_typer" time="0.000" /><testcase classname="tests.analytics.compute.test_semantic_roles" name="test_classify_cli_path" time="0.000" /><testcase classname="tests.analytics.compute.test_semantic_roles" name="test_classify_repository" time="0.000" /><testcase classname="tests.analytics.compute.test_semantic_roles" name="test_classify_service" time="0.001" /><testcase classname="tests.analytics.compute.test_semantic_roles" name="test_classify_validator" time="0.000" /><testcase classname="tests.analytics.compute.test_semantic_roles" name="test_classify_validator_by_name[validate]" time="0.001" /><testcase classname="tests.analytics.compute.test_semantic_roles" name="test_classify_validator_by_name[check]" time="0.001" /><testcase classname="tests.analytics.compute.test_semantic_roles" name="test_classify_validator_by_name[ensure]" time="0.001" /><testcase classname="tests.analytics.compute.test_semantic_roles" name="test_classify_validator_by_name[assert]" time="0.001" /><testcase classname="tests.analytics.testing.profiles.test_builder.TestInferBehaviorTags" name="test_infers_process_interaction_from_io_flags" time="0.000" /><testcase classname="tests.analytics.testing.profiles.test_builder.TestInferBehaviorTags" name="test_infers_io_heavy_from_io_bound_property" time="0.000" /><testcase classname="tests.analytics.testing.profiles.test_builder.TestInferBehaviorTags" name="test_infers_error_paths_from_pytest_raises" time="0.000" /><testcase classname="tests.analytics.testing.profiles.test_builder.TestInferBehaviorTags" name="test_infers_concurrency_from_ast_info" time="0.000" /><testcase classname="tests.analytics.testing.profiles.test_builder.TestInferBehaviorTags" name="test_infers_edge_cases_from_boundary_asserts" time="0.000" /><testcase classname="tests.analytics.testing.profiles.test_builder.TestInferBehaviorTags" name="test_combines_tags_from_multiple_sources" time="0.000" /><testcase classname="tests.cli.execution.test_registry" name="test_include_hidden" time="0.001" /><testcase classname="tests.cli.commands.test_jobs.TestGetJobOutput" name="test_get_nonexistent_job_output" time="0.002" /><testcase classname="tests.cli.commands.test_jobs.TestCancelJob" name="test_cancel_running_job" time="0.001" /><testcase classname="tests.cli.commands.test_jobs.TestCancelJob" name="test_cancel_completed_job" time="0.001" /><testcase classname="tests.cli.commands.test_jobs.TestCleanupJobs" name="test_cleanup_default_age" time="0.001" /><testcase classname="tests.cli.commands.test_jobs.TestCleanupJobs" name="test_cleanup_custom_age" time="0.001" /><testcase classname="tests.cli.commands.test_jobs.TestJobInfoSerialization" name="test_to_dict_omits_none" time="0.001" /><testcase classname="tests.cli.commands.test_jobs.TestJobInfoSerialization" name="test_to_dict_includes_values" time="0.001" /><testcase classname="tests.cli.config.test_config_integration" name="test_make_root_app_uses_config_service" time="0.001" /><testcase classname="tests.cli.config.test_config_integration" name="test_make_root_app_has_expected_properties" time="0.001" /><testcase classname="tests.analytics.compute.test_profiles" name="test_aggregate_complexity_buckets" time="0.000" /><testcase classname="tests.analytics.compute.test_profiles" name="test_aggregate_average_typedness" time="0.000" /><testcase classname="tests.analytics.compute.test_profiles" name="test_aggregate_realistic_codebase" time="0.000" /><testcase classname="tests.analytics.compute.test_profiles" name="test_stats_empty_aggregates" time="0.000" /><testcase classname="tests.analytics.compute.test_profiles" name="test_stats_all_typed" time="0.000" /><testcase classname="tests.analytics.compute.test_profiles" name="test_stats_mixed_typedness" time="0.000" /><testcase classname="tests.analytics.compute.test_profiles" name="test_stats_avg_loc" time="0.000" /><testcase classname="tests.analytics.compute.test_profiles" name="test_stats_all_present" time="0.000" /><testcase classname="tests.analytics.compute.test_profiles" name="test_features_create" time="0.000" /><testcase classname="tests.analytics.compute.test_profiles" name="test_features_is_frozen" time="0.001" /><testcase classname="tests.analytics.compute.test_profiles" name="test_extract_small_simple_typed" time="0.000" /><testcase classname="tests.analytics.compute.test_profiles" name="test_extract_large_complex_untyped" time="0.000" /><testcase classname="tests.analytics.compute.test_profiles" name="test_extract_medium_moderate_partial" time="0.000" /><testcase classname="tests.analytics.compute.test_profiles" name="test_quality_score_bounds" time="0.000" /><testcase classname="tests.analytics.compute.test_profiles" name="test_quality_score_weights" time="0.000" /><testcase classname="tests.analytics.compute.test_profiles" name="test_threshold_constants" time="0.000" /><testcase classname="tests.analytics.compute.test_profiles" name="test_size_boundary_small_medium" time="0.000" /><testcase classname="tests.analytics.compute.test_graphs_statistics" name="test_statistics_consistency" time="0.001" /><testcase classname="tests.analytics.compute.test_graphs_statistics" name="test_degree_functions_match_statistics" time="0.001" /><testcase classname="tests.analytics.compute.test_graphs_statistics" name="test_various_graph_sizes" time="0.001" /><testcase classname="tests.analytics.compute.test_graphs_wrappers" name="test_centrality_wrappers_and_neighbor_stats" time="0.077" /><testcase classname="tests.cli.execution.test_registry" name="test_hidden_and_group_filter" time="0.001" /><testcase classname="tests.cli.golden.test_golden_output" name="test_build_status_text_output" time="0.039" /><testcase classname="tests.cli.rendering.test_service" name="test_render_cli_result_failure_returns_nonzero" time="0.000" /><testcase classname="tests.analytics.testing.profiles.test_builder.TestInferBehaviorTags" name="test_returns_sorted_tags" time="0.000" /><testcase classname="tests.architecture.test_duckdb_boundaries" name="test_duckdb_usage_is_localized" time="0.019"><failure message="Failed: duckdb usage not allowed outside storage/: ['src/codeintel/build/assets/emitter.py']">def test_duckdb_usage_is_localized() -&gt; None:
        """Verify duckdb imports or types are not used outside storage/."""
        root = Path("src")
        violations: list[str] = []
        for path in root.rglob("*.py"):
            if "storage" in path.parts:
                continue
            text = path.read_text(encoding="utf-8")
            if "import duckdb" in text or "DuckDBPyConnection" in text or "DuckDBPyRelation" in text:
                violations.append(str(path))
        if violations:
&gt;           pytest.fail(f"duckdb usage not allowed outside storage/: {violations}")
E           Failed: duckdb usage not allowed outside storage/: ['src/codeintel/build/assets/emitter.py']

tests/architecture/test_duckdb_boundaries.py:21: Failed</failure></testcase><testcase classname="tests.cli.config.test_config_integration" name="test_env_overrides_file" time="0.002" /><testcase classname="tests.cli.config.test_config_integration" name="test_cli_overrides_env" time="0.001" /><testcase classname="tests.cli.config.test_config_integration" name="test_sources_tracking" time="0.001" /><testcase classname="tests.cli.config.test_config_integration" name="test_default_path_when_no_file" time="0.000" /><testcase classname="tests.analytics.compute.test_semantic_roles" name="test_constants_role_threshold_positive" time="0.000" /><testcase classname="tests.analytics.compute.test_semantic_roles" name="test_constants_service_fan_thresholds_positive" time="0.000" /><testcase classname="tests.analytics.compute.test_semantic_roles" name="test_constants_helper_loc_threshold_positive" time="0.000" /><testcase classname="tests.analytics.dependencies.test_dependencies_core" name="test_dependency_calls_and_aggregation" time="4.580"><failure message="AssertionError: expected 2, got 1">tmp_path = PosixPath('/tmp/pytest-of-paul/pytest-115/popen-gw8/test_dependency_calls_and_aggr0')

    def test_dependency_calls_and_aggregation(tmp_path: Path) -&gt; None:
        """Dependency calls are collected, then aggregated with config keys and modes."""
        ctx = create_test_context(tmp_path)
        ctx.require(CORE_PACK)
        repo_root = ctx.repo_root
        module_path = repo_root / "pkg" / "client.py"
        module_path.parent.mkdir(parents=True, exist_ok=True)
        module_path.write_text(
            "\n".join(
                [
                    "import requests as rq",
                    "import httpx",
                    "",
                    "def fetch_data(url: str) -&gt; int:",
                    "    response = rq.get(url)",
                    "    httpx.post(url)",
                    "    return response.status_code if hasattr(response, 'status_code') else 0",
                ]
            ),
            encoding="utf-8",
        )
        (repo_root / "config").mkdir(parents=True, exist_ok=True)
        (repo_root / "config" / "dependency_patterns.yml").write_text(
            "libs:\n"
            "  requests:\n"
            "    severity: medium\n"
            "    patterns:\n"
            '      - mode: ["read"]\n'
            '        method: "get"\n'
            "  httpx:\n"
            "    patterns:\n"
            '      - mode: ["write"]\n'
            '        method_prefix: "httpx.post"\n'
            "        criticality: 2.0\n",
            encoding="utf-8",
        )
    
        snapshot = ctx.to_snapshot_ref()
        gateway = ctx.gateway
    
        goid = 5001
        func_ast = _build_function_ast(module_path, "fetch_data", goid, repo_root)
        inputs = ExternalDependencyInputs(
            catalog_provider=MockFunctionCatalog(
                functions=[
                    function_meta(
                        goid=goid,
                        rel_path=func_ast.rel_path,
                        qualname="fetch_data",
                        snapshot=(snapshot.repo, snapshot.commit),
                        line_span=(func_ast.start_line, func_ast.end_line),
                    )
                ],
                module_by_path={func_ast.rel_path: "pkg.client"},
            ),
            module_map={func_ast.rel_path: "pkg.client"},
            ast_by_goid={goid: func_ast},
            features_map={},
        )
    
        try:
            build_external_dependency_calls(gateway, snapshot, inputs=inputs)
    
            rows_by_library = {
                row[0]: row
                for row in gateway.con.execute(
                    """
                    SELECT library, modes, evidence_json, callsite_count, rel_path
                    FROM analytics.external_dependency_calls
                    WHERE repo = ? AND commit = ?
                    ORDER BY library
                    """,
                    [snapshot.repo, snapshot.commit],
                ).fetchall()
            }
&gt;           expect_equal(len(rows_by_library), 2)

tests/analytics/dependencies/test_dependencies_core.py:138: 
_ _ _ _ _ _ _ _ _ _ _ _ _ _ _ _ _ _ _ _ _ _ _ _ _ _ _ _ _ _ _ _ _ _ _ _ _ _ _ _ _ _ _ _ _ _ _ _ _ _ _ _ _ _ _ _ _ _ _ _ _ _ _ _ _ _ _ _ _ _ _ _ _ _ _ _ _ _ _ _ _ _ _ _ _ _ _ _ _ _ _ _ _ _ _ _ _ _ _ _ _ _ _ _ _ _ _ _ _ _ _ _ _ _ _ _ _ _ _ _ _ _

actual = 1, expected = 2

    def expect_equal(actual: object, expected: object, *, label: str | None = None) -&gt; None:
        """Raise AssertionError when two values differ.
    
        Parameters
        ----------
        actual
            Observed value.
        expected
            Expected value to compare against.
        label
            Optional label prefix for the failure message.
    
        Raises
        ------
        AssertionError
            If the values are not equal.
        """
        if actual != expected:
            failure_message = f"{_prefix(label)}expected {expected!r}, got {actual!r}"
&gt;           raise AssertionError(failure_message)
E           AssertionError: expected 2, got 1

tests/_helpers/assertions/expectation_assertions.py:75: AssertionError</failure></testcase><testcase classname="tests.cli.config.test_config_integration" name="test_env_override_path" time="0.001" /><testcase classname="tests.cli.config.test_config_integration" name="test_search_default_locations" time="0.001" /><testcase classname="tests.cli.config.test_service" name="test_config_service_load_defaults" time="0.001" /><testcase classname="tests.cli.config.test_service" name="test_config_service_load_with_overrides" time="0.000" /><testcase classname="tests.cli.rendering.test_service" name="test_render_cli_result_creates_renderer" time="0.000" /><testcase classname="tests.cli.rendering.test_service" name="test_render_cli_result_uses_table_spec" time="0.001" /><testcase classname="tests.cli.rendering.test_types" name="test_output_format_values" time="0.000" /><testcase classname="tests.cli.rendering.test_types" name="test_render_context_auto_detect_tty" time="0.001" /><testcase classname="tests.cli.rendering.test_types" name="test_render_context_auto_detect_non_tty" time="0.000" /><testcase classname="tests.cli.execution.test_bootstrap.TestIsBootstrapped" name="test_false_after_reset" time="0.001" /><testcase classname="tests.cli.execution.test_registry" name="test_spec_creation_required_fields" time="0.001" /><testcase classname="tests.cli.execution.test_registry" name="test_spec_creation_with_defaults" time="0.001" /><testcase classname="tests.cli.execution.test_registry" name="test_spec_creation_with_all_fields" time="0.001" /><testcase classname="tests.cli.execution.test_registry" name="test_spec_immutability" time="0.001" /><testcase classname="tests.cli.execution.test_registry" name="test_registry_register_operation" time="0.001" /><testcase classname="tests.cli.execution.test_registry" name="test_registry_register_duplicate_raises" time="0.001" /><testcase classname="tests.cli.execution.test_registry" name="test_registry_get_existing" time="0.001" /><testcase classname="tests.cli.execution.test_registry" name="test_registry_get_missing_returns_none" time="0.001" /><testcase classname="tests.cli.execution.test_registry" name="test_registry_require_existing" time="0.001" /><testcase classname="tests.cli.execution.test_registry" name="test_registry_require_missing_raises" time="0.001" /><testcase classname="tests.cli.execution.test_registry" name="test_registry_list_operations_empty" time="0.001" /><testcase classname="tests.cli.golden.test_golden_output" name="test_build_status_json_structure" time="0.010" /><testcase classname="tests.analytics.compute.test_profiles" name="test_size_boundary_medium_large" time="0.000" /><testcase classname="tests.analytics.compute.test_profiles" name="test_complexity_boundary" time="0.000" /><testcase classname="tests.analytics.compute.test_profiles" name="test_typedness_boundary" time="0.001" /><testcase classname="tests.analytics.compute.test_profiles" name="test_complexity_normalization" time="0.000" /><testcase classname="tests.analytics.compute.test_profiles" name="test_aggregate_then_extract" time="0.001" /><testcase classname="tests.analytics.compute.test_profiles" name="test_realistic_codebase_features" time="0.001" /><testcase classname="tests.analytics.compute.test_row_builders.TestMergeComponentMetadata" name="test_returns_computed_when_no_cache" time="0.000" /><testcase classname="tests.cli.services.test_context" name="test_runtime_raises_without_config" time="0.003" /><testcase classname="tests.cli.config.test_service" name="test_config_service_with_overrides" time="0.001" /><testcase classname="tests.cli.config.test_service" name="test_config_service_sources_tracking" time="0.001" /><testcase classname="tests.cli.config.test_service" name="test_config_service_cyclopts_config_chain" time="0.000" /><testcase classname="tests.cli.config.test_service" name="test_config_service_cyclopts_config_chain_first_is_callable" time="0.000" /><testcase classname="tests.cli.config.test_service" name="test_config_service_get_toml_config_path_returns_path_or_none" time="0.001" /><testcase classname="tests.cli.rendering.test_types" name="test_render_context_auto_detect_with_override" time="0.000" /><testcase classname="tests.cli.rendering.test_types" name="test_render_context_for_testing" time="0.000" /><testcase classname="tests.cli.resolution.test_params" name="test_backend_flags_defaults" time="0.001" /><testcase classname="tests.cli.resolution.test_params" name="test_runtime_params_defaults" time="0.001" /><testcase classname="tests.cli.resolution.test_params" name="test_runtime_params_minimal_factory" time="0.001" /><testcase classname="tests.cli.resolution.test_params" name="test_runtime_params_minimal_factory_no_args" time="0.001" /><testcase classname="tests.cli.resolution.test_params" name="test_runtime_params_from_dict" time="0.001" /><testcase classname="tests.cli.resolution.test_params" name="test_runtime_params_to_dict" time="0.001" /><testcase classname="tests.cli.resolution.test_params" name="test_runtime_params_from_cyclopts" time="0.001" /><testcase classname="tests.cli.resolution.test_params" name="test_runtime_params_immutable" time="0.001" /><testcase classname="tests.cli.services.test_context" name="test_build_creates_context" time="0.002" /><testcase classname="tests.cli.services.test_context" name="test_with_params_sets_params" time="0.001" /><testcase classname="tests.cli.services.test_context" name="test_with_output_format" time="0.001" /><testcase classname="tests.cli.services.test_context" name="test_with_verbosity" time="0.001" /><testcase classname="tests.cli.services.test_context" name="test_with_operation_id" time="0.001" /><testcase classname="tests.cli.services.test_context" name="test_has_runtime_without_config" time="0.001" /><testcase classname="tests.cli.services.test_context" name="test_has_storage_without_config" time="0.001" /><testcase classname="tests.cli.config.test_service" name="test_config_service_load_from_explicit_path" time="0.002" /><testcase classname="tests.cli.contract.test_cli_result_contract" name="test_success_result_has_data" time="0.001" /><testcase classname="tests.cli.contract.test_cli_result_contract" name="test_error_result_has_problem_detail" time="0.001" /><testcase classname="tests.cli.contract.test_cli_result_contract" name="test_json_serialization_success" time="0.001" /><testcase classname="tests.cli.contract.test_cli_result_contract" name="test_json_serialization_error" time="0.001" /><testcase classname="tests.cli.contract.test_cli_result_contract" name="test_warnings_preserved" time="0.000" /><testcase classname="tests.cli.contract.test_cli_result_contract" name="test_metadata_preserved" time="0.000" /><testcase classname="tests.cli.contract.test_cli_result_contract" name="test_to_dict_structure" time="0.000" /><testcase classname="tests.cli.services.test_params" name="test_get_enum_parses_string_by_name" time="0.002" /><testcase classname="tests.cli.services.test_params" name="test_get_enum_returns_default_for_unknown" time="0.001" /><testcase classname="tests.cli.services.test_params" name="test_get_list_returns_list" time="0.001" /><testcase classname="tests.cli.services.test_params" name="test_get_list_converts_tuple" time="0.000" /><testcase classname="tests.cli.services.test_serving" name="test_invoke_unknown_operation" time="0.003" /><testcase classname="tests.cli.services.test_serving" name="test_invoke_runs_prereqs_by_default" time="0.003" /><testcase classname="tests.architecture.test_export_macro_paths" name="test_exporters_avoid_direct_table_reads" time="0.001" /><testcase classname="tests.architecture.test_graph_engine_entrypoints" name="test_build_graph_engine_entrypoints_are_restricted" time="0.052" /><testcase classname="tests.cli.services.test_context" name="test_storage_raises_without_config" time="0.001" /><testcase classname="tests.cli.services.test_context" name="test_serving_raises_without_config" time="0.001" /><testcase classname="tests.cli.services.test_context" name="test_with_storage_enables_runtime" time="0.002" /><testcase classname="tests.cli.services.test_jobs" name="test_default_uses_global_manager" time="0.001" /><testcase classname="tests.cli.services.test_jobs" name="test_with_custom_manager" time="0.001" /><testcase classname="tests.cli.services.test_jobs" name="test_with_store" time="0.001" /><testcase classname="tests.cli.services.test_jobs" name="test_list_jobs_delegates" time="0.002" /><testcase classname="tests.cli.shell.test_shell_mode" name="test_shell_initialization" time="0.002" /><testcase classname="tests.cli.shell.test_shell_mode" name="test_parse_params_simple" time="0.001" /><testcase classname="tests.cli.shell.test_shell_mode" name="test_parse_params_multiple" time="0.001" /><testcase classname="tests.cli.shell.test_shell_mode" name="test_parse_params_with_spaces" time="0.001" /><testcase classname="tests.cli.shell.test_shell_mode" name="test_variable_substitution" time="0.001" /><testcase classname="tests.cli.shell.test_shell_mode" name="test_set_command" time="0.001" /><testcase classname="tests.cli.golden.test_golden_output" name="test_op_list_text_output" time="0.010" /><testcase classname="tests.cli.services.test_params" name="test_get_list_wraps_single_value" time="0.000" /><testcase classname="tests.cli.services.test_params" name="test_get_list_returns_empty_default" time="0.000" /><testcase classname="tests.analytics.subsystems.test_affinity" name="test_graph_to_adjacency_empty" time="0.000" /><testcase classname="tests.analytics.subsystems.test_affinity" name="test_graph_to_adjacency_single_edge" time="0.000" /><testcase classname="tests.analytics.subsystems.test_affinity" name="test_graph_to_adjacency_multiple_edges" time="0.000" /><testcase classname="tests.cli.services.test_jobs" name="test_get_status_delegates" time="0.001" /><testcase classname="tests.cli.services.test_jobs" name="test_get_output_delegates" time="0.001" /><testcase classname="tests.cli.golden.test_golden_output" name="test_validation_error_format" time="0.014" /><testcase classname="tests.analytics.subsystems.test_affinity" name="test_graph_to_adjacency_default_weight" time="0.000" /><testcase classname="tests.analytics.subsystems.test_affinity" name="test_seed_labels_from_tags_empty" time="0.000" /><testcase classname="tests.cli.shell.test_shell_mode" name="test_get_command" time="0.001" /><testcase classname="tests.cli.shell.test_shell_mode" name="test_get_unknown_variable" time="0.001" /><testcase classname="tests.analytics.compute.test_row_builders.TestMergeComponentMetadata" name="test_overlays_cached_values" time="0.000" /><testcase classname="tests.analytics.compute.test_row_builders.TestBuildFunctionGraphMetricRows" name="test_builds_empty_list_for_no_nodes" time="0.000"><failure message="TypeError: FunctionGraphMetricInputs.__init__() got an unexpected keyword argument 'cfg'">@staticmethod
    def test_builds_empty_list_for_no_nodes() -&gt; None:
        """Verify empty list returned when no graph nodes."""
&gt;       inputs = FunctionGraphMetricInputs(
            cfg=FakeConfig(),  # type: ignore[arg-type]
            stats=FakeNeighborStats(),  # type: ignore[arg-type]
            centrality={"pagerank": {}, "betweenness": {}, "closeness": {}},
            components=FakeComponentBundle(),  # type: ignore[arg-type]
            graph_nodes=[],
            created_at=datetime.now(UTC),
        )
E       TypeError: FunctionGraphMetricInputs.__init__() got an unexpected keyword argument 'cfg'

tests/analytics/compute/test_row_builders.py:146: TypeError</failure></testcase><testcase classname="tests.cli.services.test_jobs" name="test_submit_delegates" time="0.001" /><testcase classname="tests.cli.services.test_serving" name="test_invoke_skips_prereqs_when_requested" time="0.002" /><testcase classname="tests.cli.services.test_serving" name="test_invoke_backend_method_not_found" time="0.002" /><testcase classname="tests.cli.services.test_serving" name="test_invoke_batch_success" time="0.002" /><testcase classname="tests.analytics.subsystems.test_affinity" name="test_seed_labels_from_tags_basic" time="0.000" /><testcase classname="tests.analytics.subsystems.test_affinity" name="test_seed_labels_from_tags_empty_tags_skipped" time="0.000" /><testcase classname="tests.analytics.subsystems.test_affinity" name="test_seed_labels_from_tags_none_first_tag_skipped" time="0.000" /><testcase classname="tests.analytics.subsystems.test_affinity" name="test_label_propagation_nx_preserves_seeds" time="0.000" /><testcase classname="tests.analytics.subsystems.test_affinity" name="test_label_propagation_nx_propagates_to_neighbors" time="0.001" /><testcase classname="tests.analytics.subsystems.test_affinity" name="test_label_propagation_nx_selects_heaviest_neighbor" time="0.001" /><testcase classname="tests.analytics.subsystems.test_affinity" name="test_label_propagation_nx_isolated_nodes_keep_fallback" time="0.000" /><testcase classname="tests.analytics.subsystems.test_affinity" name="test_reassign_small_clusters_no_change_when_all_large" time="0.000" /><testcase classname="tests.analytics.subsystems.test_affinity" name="test_reassign_small_clusters_min_size_one_no_change" time="0.001" /><testcase classname="tests.analytics.subsystems.test_affinity" name="test_reassign_small_clusters_reassigns_small" time="0.000" /><testcase classname="tests.analytics.subsystems.test_affinity" name="test_best_neighbor_label_no_neighbors" time="0.000" /><testcase classname="tests.analytics.subsystems.test_affinity" name="test_best_neighbor_label_selects_allowed" time="0.000" /><testcase classname="tests.cli.services.test_jobs" name="test_cancel_delegates" time="0.001" /><testcase classname="tests.cli.services.test_jobs" name="test_cleanup_delegates" time="0.001" /><testcase classname="tests.cli.shell.test_shell_mode" name="test_history_command" time="0.001" /><testcase classname="tests.cli.shell.test_shell_mode" name="test_quit_command" time="0.001" /><testcase classname="tests.cli.shell.test_shell_mode" name="test_export_command" time="0.002" /><testcase classname="tests.cli.services.test_params" name="test_require_str_returns_value" time="0.000" /><testcase classname="tests.cli.services.test_params" name="test_require_str_raises_for_missing" time="0.001" /><testcase classname="tests.cli.services.test_serving" name="test_invoke_batch_partial_failure" time="0.001" /><testcase classname="tests.cli.services.test_serving" name="test_serialize_pydantic_model" time="0.001" /><testcase classname="tests.cli.shell.test_shell_mode" name="test_list_shows_operations" time="0.001" /><testcase classname="tests.cli.performance.test_performance" name="test_version_command_fast" time="0.004" /><testcase classname="tests.cli.shell.test_shell_mode" name="test_search_filters_operations" time="0.001" /><testcase classname="tests.cli.services.test_params" name="test_require_int_returns_value" time="0.000" /><testcase classname="tests.cli.services.test_params" name="test_require_int_raises_for_invalid" time="0.000" /><testcase classname="tests.cli.services.test_serving" name="test_serialize_dataclass" time="0.000" /><testcase classname="tests.cli.services.test_serving" name="test_serialize_primitive" time="0.000" /><testcase classname="tests.cli.services.test_jobs" name="test_full_job_lifecycle" time="0.001" /><testcase classname="tests.cli.services.test_params" name="test_require_path_returns_value" time="0.001" /><testcase classname="tests.cli.services.test_params" name="test_get_str_returns_value" time="0.000" /><testcase classname="tests.cli.services.test_params" name="test_get_str_returns_default_when_missing" time="0.000" /><testcase classname="tests.cli.performance.test_performance" name="test_read_operations_are_fast" time="3.465" /><testcase classname="tests.analytics.compute.test_row_builders.TestBuildFunctionGraphMetricRows" name="test_builds_rows_for_nodes" time="0.001"><failure message="TypeError: FunctionGraphMetricInputs.__init__() got an unexpected keyword argument 'cfg'">@staticmethod
    def test_builds_rows_for_nodes() -&gt; None:
        """Verify rows are built for each graph node."""
        stats = FakeNeighborStats()
        stats.in_neighbors = {1: (2, 3), 2: ()}
        stats.out_neighbors = {1: (4,), 2: (1,)}
        stats.in_counts = {1: 2, 2: 0}
        stats.out_counts = {1: 1, 2: 1}
    
        components = FakeComponentBundle()
        components.in_cycle = {1: False, 2: True}
        components.scc_id = {1: None, 2: 1}
        components.layer = {1: 0, 2: 1}
    
        created_at = datetime.now(UTC)
    
&gt;       inputs = FunctionGraphMetricInputs(
            cfg=FakeConfig(),  # type: ignore[arg-type]
            stats=stats,  # type: ignore[arg-type]
            centrality={
                "pagerank": {1: 0.5, 2: 0.3},
                "betweenness": {1: 0.1, 2: 0.2},
                "closeness": {1: 0.8, 2: 0.6},
            },
            components=components,  # type: ignore[arg-type]
            graph_nodes=[1, 2],
            created_at=created_at,
        )
E       TypeError: FunctionGraphMetricInputs.__init__() got an unexpected keyword argument 'cfg'

tests/analytics/compute/test_row_builders.py:175: TypeError</failure></testcase><testcase classname="tests.analytics.compute.test_row_builders.TestBuildSubsystemGraphRows" name="test_builds_rows_for_subsystems" time="0.001" /><testcase classname="tests.analytics.compute.test_row_builders.TestBuildSymbolRows" name="test_builds_module_rows" time="0.001" /><testcase classname="tests.cli.shell.test_shell_mode" name="test_help_shows_usage" time="0.001" /><testcase classname="tests.cli.shell.test_shell_mode" name="test_call_missing_operation" time="0.001" /><testcase classname="tests.cli.shell.test_shell_mode" name="test_session_persists_across_commands" time="0.001" /><testcase classname="tests.cli.services.test_storage" name="test_from_path" time="0.001" /><testcase classname="tests.cli.services.test_storage" name="test_from_runtime" time="0.001" /><testcase classname="tests.cli.services.test_params" name="test_require_path_raises_for_missing" time="0.000" /><testcase classname="tests.cli.services.test_params" name="test_get_output_format_with_json_flag" time="0.000" /><testcase classname="tests.cli.services.test_params" name="test_get_output_format_explicit" time="0.000" /><testcase classname="tests.cli.services.test_params" name="test_get_output_format_default" time="0.000" /><testcase classname="tests.cli.services.test_params" name="test_coerce_cli_value_int" time="0.001" /><testcase classname="tests.cli.services.test_params" name="test_coerce_cli_value_float" time="0.001" /><testcase classname="tests.cli.services.test_params" name="test_coerce_cli_value_bool_true" time="0.000" /><testcase classname="tests.cli.services.test_params" name="test_coerce_cli_value_bool_false" time="0.000" /><testcase classname="tests.cli.services.test_params" name="test_coerce_cli_value_string" time="0.000" /><testcase classname="tests.cli.services.test_storage" name="test_is_open_initially_false" time="0.001" /><testcase classname="tests.cli.golden.test_golden_output" name="test_not_found_error_json" time="0.012" /><testcase classname="tests.cli.services.test_params" name="test_get_str_converts_non_string" time="0.000" /><testcase classname="tests.cli.services.test_params" name="test_get_str_returns_none_when_missing_no_default" time="0.000" /><testcase classname="tests.cli.services.test_params" name="test_get_int_returns_int_value" time="0.000" /><testcase classname="tests.cli.services.test_params" name="test_get_int_parses_string" time="0.000" /><testcase classname="tests.cli.services.test_params" name="test_get_int_returns_default_for_invalid" time="0.000" /><testcase classname="tests.cli.shell.test_shell_mode" name="test_history_accumulates" time="0.001" /><testcase classname="tests.cli.shell.test_shell_mode" name="test_completer_has_operations" time="0.001" /><testcase classname="tests.cli.test_build_cli.TestBuildStatusHelp" name="test_status_help_shows_description" time="0.049" /><testcase classname="tests.cli.services.test_storage" name="test_close_is_idempotent" time="0.001" /><testcase classname="tests.cli.services.test_storage" name="test_gateway_raises_after_close" time="0.001" /><testcase classname="tests.cli.services.test_params" name="test_get_int_returns_default_for_bool" time="0.000" /><testcase classname="tests.cli.services.test_params" name="test_get_bool_returns_bool_value" time="0.000" /><testcase classname="tests.cli.services.test_params" name="test_merge_creates_new_service" time="0.000" /><testcase classname="tests.cli.services.test_params" name="test_merge_overrides_existing" time="0.000" /><testcase classname="tests.cli.services.test_runtime" name="test_from_dict" time="0.001" /><testcase classname="tests.cli.services.test_storage" name="test_context_manager_closes" time="0.001" /><testcase classname="tests.cli.services.test_runtime" name="test_from_param_service" time="0.000" /><testcase classname="tests.analytics.compute.test_graphs_wrappers" name="test_structural_metrics_and_paths" time="0.006" /><testcase classname="tests.cli.services.test_storage" name="test_gateway_opens_lazily" time="0.001" /><testcase classname="tests.cli.services.test_params" name="test_get_bool_parses_truthy_strings" time="0.001" /><testcase classname="tests.cli.services.test_params" name="test_get_bool_parses_falsy_strings" time="0.000" /><testcase classname="tests.cli.services.test_params" name="test_get_bool_returns_default_when_missing" time="0.000" /><testcase classname="tests.cli.services.test_runtime" name="test_explicit_overrides" time="0.000" /><testcase classname="tests.cli.services.test_runtime" name="test_is_resolved_initially_false" time="0.001" /><testcase classname="tests.cli.services.test_params" name="test_get_path_returns_path" time="0.001" /><testcase classname="tests.cli.services.test_storage" name="test_gateway_cached" time="0.001" /><testcase classname="tests.cli.commands.test_dataset_info_flow" name="test_dataset_info_includes_column_names" time="0.001" /><testcase classname="tests.cli.services.test_storage" name="test_gateway_scope_read_only" time="0.001" /><testcase classname="tests.cli.services.test_params" name="test_get_path_preserves_path_object" time="0.001" /><testcase classname="tests.cli.commands.test_dataset_info_flow" name="test_dataset_info_json_schema_is_valid" time="0.001" /><testcase classname="tests.analytics.compute.test_graphs_wrappers" name="test_component_metadata_and_global_stats" time="0.002" /><testcase classname="tests.cli.services.test_runtime" name="test_invalidate_clears_cache" time="0.001" /><testcase classname="tests.cli.services.test_runtime" name="test_runtime_property_resolves_lazily" time="0.003" /><testcase classname="tests.cli.services.test_params" name="test_get_path_returns_default" time="0.001" /><testcase classname="tests.cli.services.test_storage" name="test_write_gateway_opens_writable" time="0.001" /><testcase classname="tests.cli.golden.test_golden_output" name="test_normalize_whitespace" time="0.001" /><testcase classname="tests.cli.commands.test_decorators" name="test_cli_command_generates_call_method" time="0.001" /><testcase classname="tests.cli.services.test_params" name="test_get_enum_returns_enum_value" time="0.000" /><testcase classname="tests.cli.golden.test_golden_output" name="test_json_ignore_keys" time="0.001" /><testcase classname="tests.analytics.compute.test_graphs_wrappers" name="test_cfg_helpers_and_metrics" time="0.005" /><testcase classname="tests.cli.commands.test_decorators" name="test_cli_command_registers_operation" time="0.001" /><testcase classname="tests.cli.golden.test_golden_output" name="test_update_mode_creates_file" time="0.001" /><testcase classname="tests.cli.services.test_storage" name="test_db_path_from_explicit" time="0.001" /><testcase classname="tests.cli.commands.test_decorators" name="test_cli_command_uses_docstring_as_description" time="0.001" /><testcase classname="tests.cli.services.test_storage" name="test_db_path_from_runtime" time="0.001" /><testcase classname="tests.cli.handlers.test_datasets" name="test_datasets_list_result_to_dict" time="0.001" /><testcase classname="tests.cli.handlers.test_datasets" name="test_dataset_lint_result_to_dict" time="0.000" /><testcase classname="tests.cli.services.test_runtime" name="test_db_path_property" time="0.002" /><testcase classname="tests.cli.services.test_runtime" name="test_resolution_error_propagates" time="0.000" /><testcase classname="tests.cli.services.test_storage" name="test_db_path_raises_without_source" time="0.001" /><testcase classname="tests.cli.commands.test_decorators" name="test_cli_command_uses_first_line_of_multiline_docstring" time="0.001" /><testcase classname="tests.cli.handlers.test_datasets" name="test_dataset_lint_result_with_issues_to_dict" time="0.000" /><testcase classname="tests.analytics.compute.test_graphs_wrappers" name="test_dfg_helpers_and_metrics" time="0.002" /><testcase classname="tests.cli.shell.test_shell_mode" name="test_session_initialization" time="0.001" /><testcase classname="tests.cli.handlers.test_datasets" name="test_dataset_snapshot_result_to_dict" time="0.001" /><testcase classname="tests.cli.shell.test_shell_mode" name="test_add_to_history" time="0.000" /><testcase classname="tests.cli.handlers.test_datasets" name="test_dataset_diff_result_to_dict" time="0.001" /><testcase classname="tests.cli.shell.test_shell_mode" name="test_session_variables" time="0.000" /><testcase classname="tests.cli.commands.test_decorators" name="test_cli_command_extracts_group_from_operation_id" time="0.001" /><testcase classname="tests.cli.commands.test_decorators" name="test_cli_command_with_custom_description" time="0.001" /><testcase classname="tests.cli.handlers.test_datasets" name="test_dataset_diff_result_no_differences" time="0.001" /><testcase classname="tests.analytics.compute.test_graphs_wrappers" name="test_projection_metrics_and_degrees" time="0.002" /><testcase classname="tests.cli.commands.test_decorators" name="test_cli_command_sets_resource_requirements" time="0.001" /><testcase classname="tests.cli.shell.test_shell_mode" name="test_last_result_storage" time="0.001" /><testcase classname="tests.analytics.compute.test_profiles" name="test_aggregates_default_values" time="0.000" /><testcase classname="tests.cli.commands.test_decorators" name="test_extract_params_from_dataclass" time="0.001" /><testcase classname="tests.cli.shell.test_shell_mode" name="test_completer_initialization" time="0.001" /><testcase classname="tests.cli.shell.test_shell_mode" name="test_complete_builtin_commands" time="0.001" /><testcase classname="tests.analytics.compute.test_profiles" name="test_aggregates_custom_values" time="0.000" /><testcase classname="tests.cli.commands.test_decorators" name="test_extract_params_excludes_infrastructure_fields" time="0.001" /><testcase classname="tests.architecture.test_ibis_only_queries" name="test_no_raw_sql_in_application_code" time="0.040" /><testcase classname="tests.cli.shell.test_shell_mode" name="test_complete_partial_match" time="0.001" /><testcase classname="tests.analytics.compute.test_profiles" name="test_metric_create" time="0.001" /><testcase classname="tests.cli.commands.test_decorators" name="test_extract_params_from_non_dataclass" time="0.001" /><testcase classname="tests.cli.commands.test_decorators" name="test_get_output_format_from_field" time="0.001" /><testcase classname="tests.cli.shell.test_shell_mode" name="test_complete_no_match" time="0.000" /><testcase classname="tests.analytics.compute.test_profiles" name="test_aggregate_empty_metrics" time="0.001" /><testcase classname="tests.cli.commands.test_decorators" name="test_get_output_format_from_json_flag" time="0.001" /><testcase classname="tests.analytics.compute.test_profiles" name="test_aggregate_single_function" time="0.001" /><testcase classname="tests.cli.commands.test_decorators" name="test_get_output_format_defaults_to_text" time="0.001" /><testcase classname="tests.analytics.compute.test_profiles" name="test_aggregate_multiple_functions" time="0.000" /><testcase classname="tests.cli.test_build_cli.TestModuleOption" name="test_valid_module_names[graphs]" time="0.018" /><testcase classname="tests.cli.commands.test_decorators" name="test_get_output_format_prefers_field_over_flag" time="0.001" /><testcase classname="tests.cli.commands.test_decorators" name="test_get_path_field_returns_path" time="0.001" /><testcase classname="tests.cli.commands.test_decorators" name="test_get_path_field_converts_string" time="0.001" /><testcase classname="tests.cli.commands.test_decorators" name="test_get_path_field_returns_none_when_missing" time="0.001" /><testcase classname="tests.cli.commands.test_decorators" name="test_get_path_field_tries_multiple_names" time="0.001" /><testcase classname="tests.analytics.compute.test_semantic_roles" name="test_classify_config_loader" time="0.001" /><testcase classname="tests.cli.commands.test_decorators" name="test_get_path_field_returns_none_for_none_value" time="0.001" /><testcase classname="tests.cli.commands.test_decorators" name="test_command_config_defaults" time="0.001" /><testcase classname="tests.cli.commands.test_decorators" name="test_command_config_is_frozen" time="0.001" /><testcase classname="tests.cli.test_build_cli.TestBuildStatusHelp" name="test_status_help_shows_options" time="0.019" /><testcase classname="tests.cli.commands.test_jobs.TestListJobs" name="test_list_all_jobs" time="0.001" /><testcase classname="tests.cli.commands.test_jobs.TestListJobs" name="test_list_filtered_by_status" time="0.001" /><testcase classname="tests.cli.commands.test_jobs.TestListJobs" name="test_list_with_limit" time="0.001" /><testcase classname="tests.cli.test_build_cli.TestModuleOption" name="test_valid_module_names[analytics]" time="0.015" /><testcase classname="tests.cli.commands.test_jobs.TestGetJobStatus" name="test_get_existing_job" time="0.001" /><testcase classname="tests.cli.commands.test_jobs.TestGetJobStatus" name="test_get_nonexistent_job" time="0.001" /><testcase classname="tests.cli.commands.test_jobs.TestGetJobOutput" name="test_get_completed_job_output" time="0.002" /><testcase classname="tests.architecture.test_ibis_only_queries" name="test_no_direct_execute_in_application_code" time="0.444" /><testcase classname="tests.cli.execution.test_registry" name="test_registry_list_operations_sorted" time="0.001" /><testcase classname="tests.cli.test_project_module" name="test_find_and_load_project_config" time="0.003" /><testcase classname="tests.cli.test_build_cli.TestBuildStatusCommand" name="test_status_json_output_structure" time="0.013" /><testcase classname="tests.cli.test_build_cli.TestDryRun" name="test_dry_run_flag_recognized" time="0.066" /><testcase classname="tests.cli.test_project_module" name="test_missing_and_invalid_project_file" time="0.001" /><testcase classname="tests.analytics.subsystems.test_affinity" name="test_best_neighbor_label_selects_heaviest" time="0.001" /><testcase classname="tests.config.test_composite_schemas" name="test_get_source_for_column_shared" time="0.001" /><testcase classname="tests.config.test_composite_schemas" name="test_get_source_for_column_unique" time="0.000" /><testcase classname="tests.config.test_composite_schemas" name="test_get_source_for_column_additional" time="0.000" /><testcase classname="tests.config.test_composite_schemas" name="test_get_source_for_column_mapped" time="0.000" /><testcase classname="tests.config.test_composite_schemas" name="test_source_column_names_includes_shared" time="0.000" /><testcase classname="tests.config.test_composite_schemas" name="test_source_column_names_excludes_excluded" time="0.000" /><testcase classname="tests.config.test_composite_schemas" name="test_source_column_names_applies_mappings" time="0.000" /><testcase classname="tests.config.test_composite_schemas" name="test_composite_has_sources[function_profile]" time="0.001" /><testcase classname="tests.cli.test_build_cli.TestBuildStatusCommand" name="test_status_invalid_module" time="0.012" /><testcase classname="tests.config.test_composite_schemas" name="test_composite_has_sources[file_profile]" time="0.000" /><testcase classname="tests.config.test_composite_schemas" name="test_composite_has_sources[module_profile]" time="0.000" /><testcase classname="tests.analytics.compute.test_row_builders.TestRowBuildersImport" name="test_import_from_row_builders_package" time="0.001" /><testcase classname="tests.config.test_composite_schemas" name="test_composite_has_sources[test_profile]" time="0.000" /><testcase classname="tests.config.test_composite_schemas" name="test_composite_has_shared_fragments[function_profile]" time="0.000" /><testcase classname="tests.config.test_composite_schemas" name="test_composite_has_shared_fragments[file_profile]" time="0.000" /><testcase classname="tests.config.test_composite_schemas" name="test_composite_has_shared_fragments[module_profile]" time="0.000" /><testcase classname="tests.config.test_datasets_constraints" name="test_extract_range_constraints_non_negative" time="0.009" /><testcase classname="tests.config.test_composite_schemas" name="test_composite_has_shared_fragments[test_profile]" time="0.000" /><testcase classname="tests.config.test_composite_schemas" name="test_all_profiles_have_composite_schemas" time="0.000" /><testcase classname="tests.config.test_composite_schemas" name="test_profile_contracts_have_composition" time="0.000" /><testcase classname="tests.cli.test_build_cli.TestBuildRunHelp" name="test_run_help_shows_description" time="0.037" /><testcase classname="tests.config.test_composite_schemas" name="test_non_profile_contracts_no_composition" time="0.000" /><testcase classname="tests.config.test_composite_schemas" name="test_composition_matches_composite_schemas" time="0.000" /><testcase classname="tests.config.test_dataset_contract" name="test_all_tables_have_contracts" time="0.000" /><testcase classname="tests.config.test_dataset_contract" name="test_json_schema_map_matches_contracts" time="0.000" /><testcase classname="tests.config.test_dataset_contract" name="test_capabilities_shape" time="0.000" /><testcase classname="tests.config.test_datasets_constraints" name="test_extract_table_level_checks" time="0.001" /><testcase classname="tests.config.test_datasets_constraints" name="test_extract_constraints_inferred_from" time="0.001" /><testcase classname="tests.cli.contract.test_cli_result_contract" name="test_error_to_dict_structure" time="0.002" /><testcase classname="tests.config.test_datasets_dataflow" name="test_iter_dataset_nodes_returns_iterator" time="0.001" /><testcase classname="tests.config.test_datasets_dataflow" name="test_iter_composite_edges_returns_iterator" time="0.000" /><testcase classname="tests.config.test_datasets_constraints" name="test_extract_empty_schema" time="0.002" /><testcase classname="tests.config.test_datasets_dataflow" name="test_iter_dependency_edges_returns_iterator" time="0.000" /><testcase classname="tests.config.test_datasets_dataflow" name="test_build_contract_dataflow_graph_returns_tuple" time="0.001" /><testcase classname="tests.config.test_datasets_dataflow" name="test_build_contract_dataflow_graph_nodes_are_unique" time="0.001" /><testcase classname="tests.config.test_datasets_dataflow" name="test_build_contract_dataflow_graph_edges_are_unique" time="0.001" /><testcase classname="tests.config.test_datasets_contracts" name="test_get_table_schemas_returns_dict" time="0.002" /><testcase classname="tests.config.test_datasets_dataflow" name="test_dataflow_graph_contains_expected_tables" time="0.001" /><testcase classname="tests.cli.services.test_context" name="test_has_serving_without_config" time="0.003" /><testcase classname="tests.config.test_datasets_dependency_inference" name="test_dependency_node_creation" time="0.000" /><testcase classname="tests.config.test_datasets_dependency_inference" name="test_dependency_node_has_upstream" time="0.000" /><testcase classname="tests.config.test_datasets_dependency_inference" name="test_infer_downstream_consumers_unknown_table" time="0.003" /><testcase classname="tests.config.test_datasets_dependency_inference" name="test_dependency_node_has_downstream" time="0.000" /><testcase classname="tests.config.test_datasets_contracts" name="test_get_table_schemas_contains_expected_keys" time="0.001" /><testcase classname="tests.config.test_datasets_dependency_inference" name="test_build_dependency_graph_returns_graph" time="0.125" /><testcase classname="tests.config.test_datasets_dependency_inference" name="test_dependency_node_is_root" time="0.000" /><testcase classname="tests.config.test_datasets_dependency_inference" name="test_dependency_node_is_leaf" time="0.000" /><testcase classname="tests.config.test_datasets_dependency_inference" name="test_dependency_graph_creation" time="0.000" /><testcase classname="tests.config.test_datasets_contracts" name="test_get_table_schemas_values_are_table_schema" time="0.001" /><testcase classname="tests.config.test_datasets_dependency_inference" name="test_dependency_graph_table_count" time="0.000" /><testcase classname="tests.config.test_datasets_dependency_inference" name="test_dependency_graph_get" time="0.000" /><testcase classname="tests.config.test_datasets_dependency_inference" name="test_dependency_graph_get_missing" time="0.000" /><testcase classname="tests.config.test_datasets_dependency_inference" name="test_dependency_graph_root_tables" time="0.000" /><testcase classname="tests.config.test_datasets_dependency_inference" name="test_dependency_graph_leaf_tables" time="0.000" /><testcase classname="tests.config.test_datasets_dependency_inference" name="test_dependency_graph_topological_order" time="0.000" /><testcase classname="tests.config.test_datasets_dependency_inference" name="test_infer_upstream_dependencies_returns_list" time="0.001" /><testcase classname="tests.config.test_datasets_dependency_inference" name="test_infer_upstream_dependencies_unknown_table" time="0.000" /><testcase classname="tests.config.test_datasets_contracts" name="test_get_composite_schemas_returns_dict" time="0.000" /><testcase classname="tests.config.test_datasets_contracts" name="test_get_dataset_contracts_returns_dict" time="0.000" /><testcase classname="tests.config.test_datasets_contracts" name="test_get_dataset_contracts_by_table_key_returns_dict" time="0.000" /><testcase classname="tests.config.test_datasets_contracts" name="test_dataset_contract_counts_match" time="0.000" /><testcase classname="tests.config.test_datasets_contracts" name="test_row_binding_dataclass" time="0.000" /><testcase classname="tests.config.test_datasets_contracts" name="test_dataset_contract_capabilities" time="0.000" /><testcase classname="tests.config.test_datasets_contracts" name="test_dataset_contract_column_names" time="0.000" /><testcase classname="tests.config.test_datasets_contracts" name="test_dataset_contract_has_row_binding" time="0.000" /><testcase classname="tests.config.test_datasets_contracts" name="test_dataset_contract_without_row_binding_raises" time="0.001" /><testcase classname="tests.config.test_datasets_contracts" name="test_dataset_contract_deprecation_fields_exist" time="0.000" /><testcase classname="tests.config.test_datasets_contracts" name="test_dataset_contract_deprecation_defaults" time="0.000" /><testcase classname="tests.config.test_datasets_dataflow" name="test_dataflow_node_creation" time="0.000" /><testcase classname="tests.cli.test_build_cli.TestBuildRunHelp" name="test_run_help_shows_options" time="0.036" /><testcase classname="te
[...]

    def test_load_module_map_returns_normalized_paths(
        fresh_gateway: StorageGateway,
    ) -&gt; None:
        """Verify load_module_map returns normalized path mappings."""
        repo = "test/repo"
        commit = "abc123"
    
        fresh_gateway.core.insert_modules(
            [
                ("test.module", "src/test/module.py", repo, commit),
                ("another.module", "src/another/module.py", repo, commit),
            ]
        )
    
        result = load_module_map(fresh_gateway, repo, commit)
    
        expect_is_instance(result, dict)
        expect_length(result, 2)
&gt;       expect_in("src/test/module.py", result)

tests/storage/test_module_index.py:43: 
_ _ _ _ _ _ _ _ _ _ _ _ _ _ _ _ _ _ _ _ _ _ _ _ _ _ _ _ _ _ _ _ _ _ _ _ _ _ _ _ _ _ _ _ _ _ _ _ _ _ _ _ _ _ _ _ _ _ _ _ _ _ _ _ _ _ _ _ _ _ _ _ _ _ _ _ _ _ _ _ _ _ _ _ _ _ _ _ _ _ _ _ _ _ _ _ _ _ _ _ _ _ _ _ _ _ _ _ _ _ _ _ _

value = 'src/test/module.py', container = {'/home/paul/CodeIntel/src/another/module.py': 'another.module', '/home/paul/CodeIntel/src/test/module.py': 'test.module'}

    def expect_in(value: object, container: Iterable[object], *, label: str | None = None) -&gt; None:
        """Raise AssertionError when a value is not present in a container.
    
        Parameters
        ----------
        value
            Item expected to be present.
        container
            Container to inspect for membership.
        label
            Optional label prefix for the failure message.
    
        Raises
        ------
        AssertionError
            If the value is missing from the container.
        """
        if value in container:
            return
        failure_message = f"{_prefix(label)}{value!r} not found in {container!r}"
&gt;       raise AssertionError(failure_message)
E       AssertionError: 'src/test/module.py' not found in {'/home/paul/CodeIntel/src/test/module.py': 'test.module', '/home/paul/CodeIntel/src/another/module.py': 'another.module'}

tests/_helpers/assertions/expectation_assertions.py:111: AssertionError</failure></testcase><testcase classname="tests.storage.test_ibis_write" name="test_write_unqualified_table_key_raises" time="5.950" /><testcase classname="tests.storage.test_run_registry.TestStartAndCompleteStep" name="test_complete_step_updates_record" time="2.959" /><testcase classname="tests.storage.test_module_index" name="test_load_module_map_returns_empty_on_no_match" time="2.972" /><testcase classname="tests.storage.test_gateway_accessors" name="test_analytics_tables_insert_config_values" time="3.280" /><testcase classname="tests.storage.test_run_tracking" name="test_record_step_inserts_step" time="3.195" /><testcase classname="tests.storage.test_run_registry.TestCompleteRun" name="test_complete_run_with_error" time="2.956" /><testcase classname="tests.storage.test_run_tracking" name="test_start_step_returns_timestamp" time="2.978" /><testcase classname="tests.storage.test_docs_views" name="test_subsystems_has_repo_commit_index" time="9.372" /><testcase classname="tests.storage.test_gateway_factory" name="test_multiple_memory_gateways_are_independent" time="1.910" /><testcase classname="tests.storage.test_run_registry_integration.TestGatewayRunsApi" name="test_record_steps_with_gateway" time="3.125" /><testcase classname="tests.storage.test_run_registry.TestStartAndFetchRun" name="test_fetch_nonexistent_run" time="3.350" /><testcase classname="tests.storage.test_run_registry_integration.TestGatewayRunsApi" name="test_complete_run_with_gateway" time="3.229" /><testcase classname="tests.storage.test_ibis_write" name="test_write_tuples_without_columns_raises" time="6.248" /><testcase classname="tests.storage.test_ibis_write" name="test_write_unsupported_type_raises" time="5.920" /><testcase classname="tests.storage.test_ibis_write" name="test_write_tuples_empty" time="6.104" /><testcase classname="tests.analytics.functions.test_function_contracts_integration" name="test_compute_contracts_with_predicate_name" time="6.424" /><testcase classname="tests.storage.test_run_registry.TestRecordStep" name="test_record_step_replaces_existing" time="3.188" /><testcase classname="tests.storage.test_run_registry_integration.TestFullRunLifecycle" name="test_failed_run_lifecycle" time="3.131" /><testcase classname="tests.storage.test_schema_helpers" name="test_build_validator_accepts_mapping" time="0.001" /><testcase classname="tests.test_tests_analytics_unit" name="test_backfill_test_goids_updates_catalog" time="4.898" /><testcase classname="tests.storage.test_run_registry_integration.TestFullRunLifecycle" name="test_multi_engine_run_lifecycle" time="3.302" /><testcase classname="tests.storage.test_run_registry_integration.TestNewRunContextIntegration" name="test_new_run_context_for_graphs" time="3.318" /><testcase classname="tests.storage.test_schema_helpers" name="test_json_schema_from_typeddict_round_trip" time="0.001" /><testcase classname="tests.storage.test_schema_helpers" name="test_apply_all_schemas_creates_function_validation" time="3.434" /><testcase classname="tests.storage.test_schema_roundtrip" name="test_call_graph_edge_round_trip" time="0.729" /><testcase classname="tests.storage.test_ibis_write" name="test_upsert_insert_new_rows" time="6.242" /><testcase classname="tests.storage.test_ibis_write" name="test_write_ibis_expression_basic" time="6.276" /><testcase classname="tests.storage.test_run_tracking" name="test_step_completion_params_to_record" time="0.017" /><testcase classname="tests.storage.test_run_tracking" name="test_pipeline_run_record_stores_fields" time="0.001" /><testcase classname="tests.storage.test_run_tracking" name="test_start_run_inserts_record" time="3.386" /><testcase classname="tests.storage.test_schema_roundtrip" name="test_symbol_use_round_trip" time="0.688" /><testcase classname="tests.storage.test_run_tracking" name="test_complete_run_with_error_summary" time="3.344" /><testcase classname="tests.storage.test_module_index" name="test_load_module_map_handles_multiple_modules_same_path" time="3.478"><failure message="AssertionError: 'shared.py' not found in {'/home/paul/CodeIntel/shared.py': 'mod2'}">fresh_gateway = DuckDBGateway(config=StorageConfig(db_path=PosixPath(':memory:'), read_only=False, apply_schema=True, ensure_views=Tru...), graph=GraphTables(gateway=...), runs=PipelineRunTracking(con=&lt;_duckdb.DuckDBPyConnection object at 0x71a351870df0&gt;))

    def test_load_module_map_handles_multiple_modules_same_path(
        fresh_gateway: StorageGateway,
    ) -&gt; None:
        """Verify load_module_map handles duplicate paths by last-wins."""
        repo = "test/repo"
        commit = "abc123"
    
        con = fresh_gateway.con
        con.execute(
            """
            INSERT INTO core.modules (module, path, repo, commit)
            VALUES
                ('mod1', 'shared.py', ?, ?),
                ('mod2', 'shared.py', ?, ?)
            """,
            [repo, commit, repo, commit],
        )
    
        result = load_module_map(fresh_gateway, repo, commit)
    
&gt;       expect_in("shared.py", result)

tests/storage/test_module_index.py:156: 
_ _ _ _ _ _ _ _ _ _ _ _ _ _ _ _ _ _ _ _ _ _ _ _ _ _ _ _ _ _ _ _ _ _ _ _ _ _ _ _ _ _ _ _ _ _ _ _ _ _ _ _ _ _ _ _ _ _ _ _ _ _ _ _ _ _ _ _ _ _ _ _ _ _ _ _ _ _ _ _ _ _ _ _ _ _ _ _ _ _ _ _ _ _ _ _ _ _ _ _ _ _ _ _ _ _ _ _ _ _ _ _ _

value = 'shared.py', container = {'/home/paul/CodeIntel/shared.py': 'mod2'}

    def expect_in(value: object, container: Iterable[object], *, label: str | None = None) -&gt; None:
        """Raise AssertionError when a value is not present in a container.
    
        Parameters
        ----------
        value
            Item expected to be present.
        container
            Container to inspect for membership.
        label
            Optional label prefix for the failure message.
    
        Raises
        ------
        AssertionError
            If the value is missing from the container.
        """
        if value in container:
            return
        failure_message = f"{_prefix(label)}{value!r} not found in {container!r}"
&gt;       raise AssertionError(failure_message)
E       AssertionError: 'shared.py' not found in {'/home/paul/CodeIntel/shared.py': 'mod2'}

tests/_helpers/assertions/expectation_assertions.py:111: AssertionError</failure></testcase><testcase classname="tests.storage.test_schema_roundtrip" name="test_test_coverage_round_trip" time="0.744" /><testcase classname="tests.storage.test_run_registry.TestStartAndFetchRun" name="test_start_run_replaces_existing" time="3.467" /><testcase classname="tests.storage.test_schema_roundtrip" name="test_behavioral_coverage_round_trip" time="0.668" /><testcase classname="tests.storage.test_run_registry.TestCompleteRun" name="test_complete_run_updates_status" time="3.334" /><testcase classname="tests.storage.test_run_tracking" name="test_fetch_run_returns_record" time="3.258" /><testcase classname="tests.storage.test_run_tracking" name="test_complete_run_updates_status" time="3.263" /><testcase classname="tests.storage.test_run_tracking" name="test_fetch_run_returns_none_for_missing" time="3.449" /><testcase classname="tests.storage.test_run_tracking" name="test_fetch_steps_orders_by_module_stage_name" time="3.357" /><testcase classname="tests.storage.test_run_tracking" name="test_fetch_steps_returns_list" time="3.414" /><testcase classname="tests.storage.test_run_tracking" name="test_complete_step_updates_step" time="3.343" /><testcase classname="tests.storage.test_schema_alignment" name="test_ensure_schemas_preserve_creates_tables_idempotently" time="3.679" /><testcase classname="tests.storage.test_docs_view_profiling" name="test_run_profile_analyze_mode_creates_artifacts" time="15.412" /><testcase classname="tests.storage.test_run_tracking" name="test_record_step_with_none_row_counts" time="3.324" /><testcase classname="tests.storage.test_schema_alignment" name="test_apply_and_validate_schema_alignment" time="3.958" /><testcase classname="tests.storage.test_run_registry_integration.TestGatewayRunsApi" name="test_start_and_fetch_run_with_gateway" time="3.332" /><testcase classname="tests.storage.test_docs_view_profiling" name="test_main_with_analyze_flag" time="15.160" /><testcase classname="tests.storage.test_schema_alignment" name="test_ensure_schemas_preserve_with_extra_ddl" time="3.352" /><testcase classname="tests.storage.test_run_registry_integration.TestNewRunContextIntegration" name="test_new_run_context_for_ingest" time="3.355" /><testcase classname="tests.test_layering_serving_imports" name="test_no_serving_imports_in_middle_packages" time="1.386"><failure message="Failed: Disallowed imports of codeintel.serving: config/datasets/schema_builder.py: from codeintel.serving.contracts.operation_contracts_dataset import ...">def test_no_serving_imports_in_middle_packages() -&gt; None:
        """Ensure analytics/graphs/ingestion/storage do not import codeintel.serving.*.
    
        TYPE_CHECKING imports are allowed since they don't create runtime dependencies.
        """
        package_root = Path(__file__).resolve().parent.parent / "src" / "codeintel"
&gt;       _assert_no_imports(
            package_root=package_root,
            forbidden_prefix="codeintel.serving",
            allowed_top_levels=ALLOWED_SERVING_IMPORTERS,
        )

tests/test_layering_serving_imports.py:117: 
_ _ _ _ _ _ _ _ _ _ _ _ _ _ _ _ _ _ _ _ _ _ _ _ _ _ _ _ _ _ _ _ _ _ _ _ _ _ _ _ _ _ _ _ _ _ _ _ _ _ _ _ _ _ _ _ _ _ _ _ _ _ _ _ _ _ _ _ _ _ _ _ _ _ _ _ _ _ _ _ _ _ _ _ _ _ _ _ _ _ _ _ _ _ _ _ _ _ _ _ _ _ _ _ _ _ _ _ _ _ _ _ _

package_root = PosixPath('/home/paul/CodeIntel/src/codeintel'), forbidden_prefix = 'codeintel.serving', allowed_top_levels = {'cli', 'core', 'export', 'serving', 'tests'}

    def _assert_no_imports(
        package_root: Path,
        forbidden_prefix: str,
        allowed_top_levels: set[str],
    ) -&gt; None:
        """Assert no forbidden imports exist outside TYPE_CHECKING blocks.
    
        Parameters
        ----------
        package_root
            Root directory of the package to scan.
        forbidden_prefix
            Import prefix to forbid (e.g., "codeintel.serving").
        allowed_top_levels
            Set of top-level package names that may use forbidden imports.
        """
        bad_imports: list[tuple[str, str]] = []
        for py_path in _iter_python_files(package_root):
            rel = py_path.relative_to(package_root)
            top_level = rel.parts[0]
            if top_level in allowed_top_levels:
                continue
    
            tree = ast.parse(py_path.read_text(encoding="utf-8"))
            type_checking_lines = _collect_type_checking_imports(tree)
    
            for node in ast.walk(tree):
                if isinstance(node, ast.ImportFrom):
                    if node.lineno in type_checking_lines:
                        continue
                    module = node.module or ""
                    if module.startswith(forbidden_prefix):
                        bad_imports.append((rel.as_posix(), f"from {module} import ..."))
                elif isinstance(node, ast.Import):
                    if node.lineno in type_checking_lines:
                        continue
                    bad_imports.extend(
                        (rel.as_posix(), f"import {alias.name}")
                        for alias in node.names
                        if alias.name.startswith(forbidden_prefix)
                    )
    
        if bad_imports:
            formatted = "; ".join(f"{path}: {message}" for path, message in bad_imports)
&gt;           pytest.fail(f"Disallowed imports of {forbidden_prefix}: {formatted}")
E           Failed: Disallowed imports of codeintel.serving: config/datasets/schema_builder.py: from codeintel.serving.contracts.operation_contracts_dataset import ...

tests/test_layering_serving_imports.py:108: Failed</failure></testcase><testcase classname="tests.storage.test_run_registry_integration.TestNewRunContextIntegration" name="test_new_run_context_for_analytics" time="3.446" /><testcase classname="tests.storage.test_ibis_write" name="test_upsert_selective_update_columns" time="6.283" /><testcase classname="tests.test_core_dependency_hygiene" name="test_core_imports_are_stdlib_only" time="0.024" /><testcase classname="tests.storage.test_graphs_repository" name="test_get_incoming_callgraph_neighbors_returns_empty_list" time="3.120" /><testcase classname="tests.test_testing_contract" name="test_testing_charter_forbidden_patterns" time="0.148"><failure message="AssertionError: Testing charter violations detected:&#10;monkeypatch: /home/paul/CodeIntel/tests/build/hamilton/test_materializer.py&#10;private-import: /home/paul/CodeIntel/tests/build/test_registry_consistency.py">def test_testing_charter_forbidden_patterns() -&gt; None:
        """
        Fail fast when tests use forbidden patching or path hacks.
    
        Enforces the charter: no monkeypatching/runtime patching, no sys.path edits,
        and no imports of underscore-prefixed production symbols from tests.
    
        Raises
        ------
        AssertionError
            If any forbidden pattern is detected in the test suite.
        """
        violations: list[str] = []
        for path in _iter_test_files():
            content = path.read_text(encoding="utf-8")
            for label, pattern in FORBIDDEN_PATTERNS.items():
                if pattern.search(content):
                    violations.append(f"{label}: {path}")
        if violations:
            message = "Testing charter violations detected:\n" + "\n".join(sorted(violations))
&gt;           raise AssertionError(message)
E           AssertionError: Testing charter violations detected:
E           monkeypatch: /home/paul/CodeIntel/tests/build/hamilton/test_materializer.py
E           private-import: /home/paul/CodeIntel/tests/build/test_registry_consistency.py

tests/test_testing_contract.py:61: AssertionError</failure></testcase><testcase classname="tests.test_pipeline_smoke" name="test_build_export_smoke" time="0.013"><skipped type="pytest.xfail" message="Build smoke test currently fails in function_effects catalog integration" /></testcase><testcase classname="tests.storage.test_docs_view_profiling" name="test_main_with_missing_db_calls_parser_error" time="0.008" /><testcase classname="tests.storage.test_schema_alignment" name="test_create_schemas_creates_all_namespaces" time="3.275" /><testcase classname="tests.storage.test_gateway_factory" name="test_snapshot_resolver_opens_different_commits" time="5.618" /><testcase classname="tests.storage.tracking.test_build_tracking.TestBuildRunOperations" name="test_fetch_nonexistent_run" time="3.043" /><testcase classname="tests.storage.tracking.test_build_tracking.TestOutputManifestOperations" name="test_upsert_manifest" time="2.762" /><testcase classname="tests.storage.test_schema_roundtrip" name="test_generate_export_schemas_writes_files" time="3.391" /><testcase classname="tests.storage.test_subsystem_view_schema_drift" name="test_subsystem_docs_views_schema_stable" time="2.907" /><testcase classname="tests.server.test_fastapi_endpoints" name="test_callgraph_neighborhood_limits" time="7.123" /><testcase classname="tests.storage.tracking.test_build_tracking.TestOutputManifestOperations" name="test_load_nonexistent_manifest" time="3.027" /><testcase classname="tests.storage.tracking.test_build_tracking.TestOutputManifestOperations" name="test_save_and_load_manifest" time="2.944" /><testcase classname="tests.storage.tracking.test_build_tracking.TestOutputManifestOperations" name="test_list_manifests" time="2.887" /><testcase classname="tests.storage.tracking.test_build_tracking.TestBuildRunOperations" name="test_start_and_fetch_run" time="2.746" /><testcase classname="tests.storage.tracking.test_build_tracking.TestOutputManifestOperations" name="test_delete_manifests" time="3.018" /><testcase classname="tests.test_tests_analytics_unit" name="test_edges_for_file_uses_test_meta" time="0.001" /><testcase classname="tests.storage.tracking.test_build_tracking.TestBuildRunOperations" name="test_complete_run_failed" time="2.590" /><testcase classname="tests.storage.tracking.test_build_tracking.TestBuildRunOperations" name="test_list_runs_with_limit" time="2.597" /><testcase classname="tests.storage.tracking.test_build_tracking.TestBuildRunOperations" name="test_complete_run_succeeded" time="2.430" /><testcase classname="tests.storage.test_schema_alignment" name="test_assert_schema_alignment_detects_drift_nonstrict" time="2.571" /><testcase classname="tests.storage.tracking.test_build_tracking.TestBuildRunOperations" name="test_list_runs" time="2.355" /><testcase classname="tests.analytics.functions.test_function_contracts_integration" name="test_compute_contracts_with_doc_return_none" time="5.693" /><testcase classname="tests.analytics.functions.test_function_effects" name="test_effect_analysis_creation" time="0.001" /><testcase classname="tests.analytics.functions.test_function_effects" name="test_effect_analysis_pure_function" time="0.001" /><testcase classname="tests.storage.test_ibis_write" name="test_write_dataframe_basic" time="5.132" /><testcase classname="tests.test_tests_analytics_unit" name="test_compute_test_coverage_edges_respects_injected_loader" time="5.944" /><testcase classname="tests.test_tests_analytics_unit" name="test_compute_test_coverage_edges_with_real_coverage" time="5.000" /><testcase classname="tests.server.test_fastapi_endpoints" name="test_import_boundary_limits" time="5.631" /></testsuite></testsuites>