<?xml version="1.0" encoding="utf-8"?><testsuites name="pytest tests"><testsuite name="pytest" errors="0" failures="0" skipped="0" tests="2" time="58.396" timestamp="2025-12-26T21:23:16.962804-06:00" hostname="MacBookPro.lan"><testcase classname="tests.cli.test_history_timeseries_cli" name="test_history_timeseries_cli_happy_path@cli_shared_flags" time="19.997" /><testcase classname="tests.cli.test_history_timeseries_cli" name="test_history_timeseries_cli_missing_snapshot@cli_shared_flags" time="10.578" /></testsuite></testsuites>