<?xml version="1.0" encoding="utf-8"?><testsuites name="pytest tests"><testsuite name="pytest" errors="0" failures="0" skipped="0" tests="11" time="12.455" timestamp="2025-12-11T06:51:36.782087-05:00" hostname="paul-X870-AORUS-ELITE-WIFI7"><testcase classname="tests.storage.test_ibis_write" name="test_write_tuples_without_columns_raises" time="6.889" /><testcase classname="tests.storage.test_ibis_write" name="test_upsert_updates_on_conflict" time="6.905" /><testcase classname="tests.storage.test_ibis_write" name="test_upsert_insert_new_rows" time="6.912" /><testcase classname="tests.storage.test_ibis_write" name="test_write_dataframe_basic" time="6.923" /><testcase classname="tests.storage.test_ibis_write" name="test_write_unqualified_table_key_raises" time="6.905" /><testcase classname="tests.storage.test_ibis_write" name="test_write_tuples_empty" time="6.916" /><testcase classname="tests.storage.test_ibis_write" name="test_write_dataframe_with_columns" time="6.938" /><testcase classname="tests.storage.test_ibis_write" name="test_write_tuples_basic" time="6.954" /><testcase classname="tests.storage.test_ibis_write" name="test_write_ibis_expression_basic" time="6.963" /><testcase classname="tests.storage.test_ibis_write" name="test_upsert_selective_update_columns" time="6.959" /><testcase classname="tests.storage.test_ibis_write" name="test_write_unsupported_type_raises" time="6.942" /></testsuite></testsuites>