<?xml version="1.0" encoding="utf-8"?><testsuites name="pytest tests"><testsuite name="pytest" errors="0" failures="1" skipped="78" tests="4635" time="225.459" timestamp="2025-12-09T11:34:53.657031-05:00" hostname="paul-X870-AORUS-ELITE-WIFI7"><testcase classname="tests.analytics.compute.test_graphs_wrappers" name="test_component_metadata_and_global_stats" time="0.006" /><testcase classname="tests.analytics.compute.test_dependencies_detection.TestSeverityScore" name="test_known_severities[high-3.0]" time="0.002" /><testcase classname="tests.analytics.compute.test_graphs_conversions.TestLogProjectionSkipped" name="test_logs_with_different_reasons" time="0.002" /><testcase classname="tests.analytics.resources.test_provider_factory" name="test_graph_provider_logs_when_graph_types_invalid" time="0.003" /><testcase classname="tests.analytics.compute.test_dependencies_detection.TestBuildAliasMap" name="test_dotted_import" time="0.002" /><testcase classname="tests.analytics.compute.test_dependencies_detection.TestBuildAliasMap" name="test_multiple_imports" time="0.001" /><testcase classname="tests.analytics.compute.test_dependencies_detection.TestBuildAliasMap" name="test_empty_source" time="0.000" /><testcase classname="tests.analytics.test_entrypoint_detectors" name="test_entrypoint_candidate_frameworks[typer]" time="0.001" /><testcase classname="tests.analytics.test_entrypoint_detectors" name="test_entrypoint_candidate_frameworks[celery]" time="0.001" /><testcase classname="tests.analytics.compute.test_functions_signatures" name="test_extract_positional_only_param" time="0.002" /><testcase classname="tests.analytics.compute.test_functions_signatures" name="test_extract_var_positional_param" time="0.000" /><testcase classname="tests.analytics.compute.test_functions_signatures" name="test_extract_var_keyword_param" time="0.000" /><testcase classname="tests.analytics.compute.test_functions_signatures" name="test_extract_keyword_only_param" time="0.000" /><testcase classname="tests.analytics.profiles.test_utils.TestOptionalFloat" name="test_returns_float_for_string_with_whitespace" time="0.001" /><testcase classname="tests.analytics.profiles.test_utils.TestOptionalFloat" name="test_returns_none_for_empty_string" time="0.000" /><testcase classname="tests.analytics.profiles.test_utils.TestOptionalFloat" name="test_returns_none_for_whitespace_only_string" time="0.000" /><testcase classname="tests.analytics.profiles.test_utils.TestOptionalFloat" name="test_returns_none_for_invalid_string" time="0.000" /><testcase classname="tests.analytics.resources.test_resource_registry" name="test_resource_registry_get_by_name_custom" time="0.001" /><testcase classname="tests.analytics.resources.test_resource_registry" name="test_resource_registry_get_by_name_not_found" time="0.001" /><testcase classname="tests.analytics.resources.test_resource_registry" name="test_resource_registry_has_by_name" time="0.000" /><testcase classname="tests.analytics.resources.test_resource_registry" name="test_resource_registry_require" time="0.000" /><testcase classname="tests.analytics.resources.test_resource_registry" name="test_resource_registry_require_not_found" time="0.000" /><testcase classname="tests.analytics.resources.test_resource_registry" name="test_resource_registry_require_by_name" time="0.000" /><testcase classname="tests.analytics.test_graph_metrics_calculations" name="test_graph_metrics_ready_gateway_smoke" time="2.490" /><testcase classname="tests.analytics.compute.test_graphs_conversions.TestIntegrationScenarios" name="test_roundtrip_decimal_normalization" time="0.000" /><testcase classname="tests.analytics.compute.test_graphs_conversions.TestIntegrationScenarios" name="test_graph_node_id_normalization" time="0.001" /><testcase classname="tests.analytics.compute.test_graphs_conversions.TestIntegrationScenarios" name="test_safe_float_for_metrics" time="0.001" /><testcase classname="tests.analytics.compute.test_graphs_statistics" name="test_statistics_create_all_fields" time="0.000" /><testcase classname="tests.analytics.compute.test_graphs_statistics" name="test_statistics_is_frozen" time="0.001" /><testcase classname="tests.analytics.adapters.test_dependencies_adapter" name="test_compute_dep_id_unique_per_repo" time="0.002" /><testcase classname="tests.analytics.adapters.test_dependencies_adapter" name="test_compute_dep_id_unique_per_commit" time="0.000" /><testcase classname="tests.analytics.adapters.test_dependencies_adapter" name="test_to_decimal_converts_int" time="0.000" /><testcase classname="tests.analytics.adapters.test_dependencies_adapter" name="test_to_decimal_handles_zero" time="0.000" /><testcase classname="tests.analytics.adapters.test_dependencies_adapter" name="test_to_decimal_handles_large_int" time="0.000" /><testcase classname="tests.analytics.adapters.test_dependencies_adapter" name="test_dependency_call_row_creation" time="0.000" /><testcase classname="tests.analytics.adapters.test_dependencies_adapter" name="test_dependency_call_row_goid_is_decimal" time="0.000" /><testcase classname="tests.analytics.adapters.test_dependencies_adapter" name="test_dependency_call_row_modes_is_list" time="0.000" /><testcase classname="tests.analytics.adapters.test_dependencies_adapter" name="test_dependency_call_row_is_frozen" time="0.001" /><testcase classname="tests.analytics.adapters.test_dependencies_adapter" name="test_dependency_aggregate_row_creation" time="0.001" /><testcase classname="tests.analytics.adapters.test_dependencies_adapter" name="test_dependency_aggregate_row_optional_fields" time="0.000" /><testcase classname="tests.analytics.adapters.test_dependencies_adapter" name="test_dependency_aggregate_row_numeric_fields" time="0.000" /><testcase classname="tests.analytics.adapters.test_dependencies_adapter" name="test_dependency_aggregate_row_list_fields" time="0.000" /><testcase classname="tests.analytics.adapters.test_dependencies_adapter" name="test_dependency_aggregate_row_is_frozen" time="0.001" /><testcase classname="tests.analytics.compute.test_graphs_wrappers" name="test_cfg_helpers_and_metrics" time="0.080" /><testcase classname="tests.analytics.test_mock_catalog_scenarios.TestMockCatalogFactoryFunctions" name="test_create_with_functions_basic" time="0.001" /><testcase classname="tests.analytics.test_mock_catalog_scenarios.TestMockCatalogFactoryFunctions" name="test_create_with_functions_custom_path" time="0.000" /><testcase classname="tests.analytics.test_mock_catalog_scenarios.TestMockCatalogFactoryFunctions" name="test_create_multi_file_default" time="0.000" /><testcase classname="tests.analytics.test_mock_catalog_scenarios.TestMockCatalogFactoryFunctions" name="test_create_multi_file_custom" time="0.000" /><testcase classname="tests.analytics.test_mock_catalog_scenarios.TestMockCatalogFactoryFunctions" name="test_create_realistic_patterns" time="0.000" /><testcase classname="tests.analytics.test_mock_catalog_scenarios.TestMockCatalogWithCatalogProvider" name="test_catalog_provider_accepts_mock" time="0.001" /><testcase classname="tests.analytics.test_mock_catalog_scenarios.TestMockCatalogWithCatalogProvider" name="test_catalog_provider_caches_result" time="0.000" /><testcase classname="tests.analytics.test_mock_catalog_scenarios.TestMockCatalogWithFixtures" name="test_fixture_empty_catalog" time="0.001" /><testcase classname="tests.analytics.test_mock_catalog_scenarios.TestMockCatalogWithFixtures" name="test_fixture_with_functions" time="0.001" /><testcase classname="tests.analytics.test_mock_catalog_scenarios.TestMockCatalogWithFixtures" name="test_fixture_multi_file" time="0.000" /><testcase classname="tests.analytics.test_mock_catalog_scenarios.TestMockCatalogWithFixtures" name="test_fixture_realistic" time="0.000" /><testcase classname="tests.analytics.test_mock_catalog_scenarios.TestMockCatalogWithMockRuntime" name="test_combined_mocks_for_analytics_context" time="0.002" /><testcase classname="tests.analytics.ports.test_ports_exports.TestCatalogPortExports" name="test_catalog_port_is_protocol" time="0.001" /><testcase classname="tests.analytics.ports.test_ports_exports.TestCatalogPortExports" name="test_catalog_port_all_list" time="0.000" /><testcase classname="tests.analytics.ports.test_ports_exports.TestGraphRuntimePortExports" name="test_graph_runtime_port_exports" time="0.000" /><testcase classname="tests.analytics.testing.test_graph_metrics.TestTestMetricsContext" name="test_creates_frozen_context" time="0.002" /><testcase classname="tests.analytics.testing.test_graph_metrics.TestTestMetricsContext" name="test_stores_degrees_data" time="0.000" /><testcase classname="tests.analytics.testing.test_graph_metrics.TestTestMetricsContext" name="test_stores_datetime_correctly" time="0.000" /><testcase classname="tests._helpers.test_graphs_ast_lookup" name="test_build_ast_map_handles_functions_and_classes" time="0.003" /><testcase classname="tests._helpers.test_graphs_ast_lookup" name="test_build_ast_map_raises_for_missing_target" time="0.001" /><testcase classname="tests.cli.contract.test_cli_result_contract" name="test_dataclass_data_serialization" time="0.004" /><testcase classname="tests.cli.contract.test_cli_result_contract" name="test_problem_detail_required_fields" time="0.001" /><testcase classname="tests.cli.contract.test_cli_result_contract" name="test_problem_detail_optional_fields" time="0.001" /><testcase classname="tests.analytics.compute.test_functions_complexity.TestComputeComplexityNesting" name="test_single_if_depth_one" time="0.002" /><testcase classname="tests.analytics.compute.test_functions_complexity.TestComputeComplexityNesting" name="test_nested_depth" time="0.001" /><testcase classname="tests.analytics.subsystems.test_affinity" name="test_seed_labels_from_tags_empty" time="0.001" /><testcase classname="tests.analytics.subsystems.test_affinity" name="test_seed_labels_from_tags_basic" time="0.000" /><testcase classname="tests.analytics.subsystems.test_affinity" name="test_seed_labels_from_tags_empty_tags_skipped" time="0.000" /><testcase classname="tests.analytics.subsystems.test_affinity" name="test_seed_labels_from_tags_none_first_tag_skipped" time="0.000" /><testcase classname="tests.analytics.subsystems.test_affinity" name="test_label_propagation_nx_preserves_seeds" time="0.001" /><testcase classname="tests.analytics.subsystems.test_affinity" name="test_label_propagation_nx_propagates_to_neighbors" time="0.000" /><testcase classname="tests.analytics.subsystems.test_affinity" name="test_label_propagation_nx_selects_heaviest_neighbor" time="0.000" /><testcase classname="tests.analytics.compute.test_semantic_roles" name="test_context_name_property" time="0.001" /><testcase classname="tests.analytics.compute.test_semantic_roles" name="test_modules_classify_from_tags" time="0.001" /><testcase classname="tests.analytics.compute.test_semantic_roles" name="test_modules_classify_from_functions" time="0.000" /><testcase classname="tests.analytics.compute.test_semantic_roles" name="test_modules_classify_ignores_other" time="0.000" /><testcase classname="tests.analytics.compute.test_semantic_roles" name="test_modules_classify_below_threshold" time="0.000" /><testcase classname="tests.analytics.compute.test_semantic_roles" name="test_modules_classify_multiple" time="0.000" /><testcase classname="tests.analytics.compute.test_graphs_centrality" name="test_betweenness_star_hub_high" time="0.002" /><testcase classname="tests.analytics.compute.test_graphs_centrality" name="test_betweenness_cycle_equal" time="0.001" /><testcase classname="tests.analytics.compute.test_graphs_centrality" name="test_betweenness_normalized" time="0.001" /><testcase classname="tests.analytics.compute.test_graphs_centrality" name="test_betweenness_unnormalized" time="0.001" /><testcase classname="tests.analytics.compute.test_graphs_centrality" name="test_betweenness_sampled_with_k" time="0.001" /><testcase classname="tests.analytics.compute.test_graphs_centrality" name="test_betweenness_disconnected_components" time="0.000" /><testcase classname="tests.analytics.functions.test_function_effects" name="test_effect_analysis_thread_spawn" time="0.001" /><testcase classname="tests.analytics.functions.test_function_effects" name="test_effect_analysis_multiple_effects" time="0.000" /><testcase classname="tests.analytics.functions.test_function_effects" name="test_effect_analysis_immutable" time="0.001" /><testcase classname="tests.analytics.functions.test_function_effects" name="test_effect_analysis_evidence_structure" time="0.000" /><testcase classname="tests.analytics.functions.test_function_effects" name="test_function_effects_inputs_defaults" time="0.000" /><testcase classname="tests.analytics.functions.test_function_effects" name="test_function_effects_inputs_with_ast_map" time="0.000" /><testcase classname="tests.analytics.functions.test_function_effects" name="test_function_effects_inputs_immutable" time="0.000" /><testcase classname="tests.analytics.functions.test_function_effects" name="test_effect_analysis_direct_effectful_all_false" time="0.000" /><testcase classname="tests.analytics.functions.test_function_effects" name="test_effect_analysis_direct_effectful_any_true" time="0.000" /><testcase classname="tests.analytics.functions.test_function_effects" name="test_effect_analysis_no_io_no_db" time="0.000" /><testcase classname="tests.analytics.functions.test_function_effects" name="test_effect_analysis_io_no_db" time="0.000" /><testcase classname="tests.analytics.compute.test_functions_signatures" name="test_extract_complex_signature_all_kinds" time="0.000" /><testcase classname="tests.analytics.compute.test_functions_signatures" name="test_extract_no_defaults" time="0.000" /><testcase classname="tests.analytics.compute.test_functions_signatures" name="test_extract_with_default" time="0.000" /><testcase classname="tests.analytics.compute.test_functions_signatures" name="test_extract_mixed_defaults" time="0.000" /><testcase classname="tests.analytics.compute.test_functions_signatures" name="test_extract_keyword_only_default" time="0.001" /><testcase classname="tests.analytics.compute.test_functions_signatures" name="test_extract_default_qualname" time="0.000" /><testcase classname="tests.analytics.compute.test_functions_signatures" name="test_extract_custom_qualname" time="0.000" /><testcase classname="tests.analytics.compute.test_functions_signatures" name="test_extract_simple_annotation" time="0.000" /><testcase classname="tests.analytics.compute.test_functions_signatures" name="test_extract_complex_annotation" time="0.000" /><testcase classname="tests.analytics.compute.test_functions_signatures" name="test_extract_no_annotation" time="0.000" /><testcase classname="tests.analytics.compute.test_functions_signatures" name="test_realistic_api_handler" time="0.001" /><testcase classname="tests.analytics.compute.test_functions_signatures" name="test_realistic_test_function" time="0.000" /><testcase classname="tests.analytics.compute.test_functions_signatures" name="test_realistic_cli_command" time="0.000" /><testcase classname="tests.analytics.compute.test_graphs_centrality" name="test_metrics_create_all_fields" time="0.000" /><testcase classname="tests.analytics.compute.test_graphs_centrality" name="test_metrics_is_frozen" time="0.001" /><testcase classname="tests.analytics.compute.test_graphs_centrality" name="test_pagerank_empty_graph" time="0.001" /><testcase classname="tests.analytics.compute.test_graphs_centrality" name="test_betweenness_realistic_call_graph" time="0.001" /><testcase classname="tests.analytics.compute.test_graphs_centrality" name="test_betweenness_keys_match_nodes" time="0.000" /><testcase classname="tests.analytics.compute.test_graphs_centrality" name="test_betweenness_values_are_floats" time="0.000" /><testcase classname="tests.analytics.compute.test_graphs_centrality" name="test_both_metrics_same_nodes" time="0.060" /><testcase classname="tests.cli.contract.test_cli_result_contract" name="test_full_problem_detail" time="0.001" /><testcase classname="tests.cli.contract.test_cli_result_contract" name="test_to_dict_rfc9457_compliance" time="0.001" /><testcase classname="tests.cli.test_build_cli.TestBuildStatusHelp" name="test_status_help_shows_description" time="0.062" /><testcase classname="tests.analytics.compute.test_graphs_statistics" name="test_stats_empty_graph" time="0.001" /><testcase classname="tests.analytics.compute.test_graphs_statistics" name="test_stats_single_node" time="0.002" /><testcase classname="tests.analytics.compute.test_graphs_statistics" name="test_stats_simple_dag_is_dag" time="0.001" /><testcase classname="tests.analytics.compute.test_graphs_statistics" name="test_stats_cycle_is_not_dag" time="0.001" /><testcase classname="tests.analytics.compute.test_graphs_statistics" name="test_stats_node_and_edge_counts" time="0.001" /><testcase classname="tests.analytics.compute.test_graphs_statistics" name="test_stats_density_calculation" time="0.001" /><testcase classname="tests.analytics.compute.test_graphs_statistics" name="test_stats_average_degrees" time="0.001" /><testcase classname="tests.analytics.compute.test_graphs_statistics" name="test_stats_multiple_components" time="0.001" /><testcase classname="tests.analytics.compute.test_graphs_statistics" name="test_stats_strongly_connected_graph" time="0.001" /><testcase classname="tests.analytics.compute.test_graphs_statistics" name="test_stats_realistic_call_graph" time="0.001" /><testcase classname="tests.analytics.compute.test_graphs_statistics" name="test_in_degrees_empty_graph" time="0.001" /><testcase classname="tests.analytics.compute.test_graphs_statistics" name="test_in_degrees_simple_chain" time="0.000" /><testcase classname="tests.analytics.test_entrypoint_detectors" name="test_entrypoint_candidate_frameworks[django]" time="0.000" /><testcase classname="tests.analytics.compute.test_dependencies_detection.TestDependencyCallVisitor" name="test_detects_simple_call" time="0.001" /><testcase classname="tests.analytics.compute.test_dependencies_detection.TestDependencyCallVisitor" name="test_detects_multiple_calls" time="0.001" /><testcase classname="tests.analytics.compute.test_dependencies_detection.TestDependencyCallVisitor" name="test_ignores_non_dependency_calls" time="0.001" /><testcase classname="tests.analytics.compute.test_dependencies_detection.TestSeverityScore" name="test_known_severities[medium-2.0]" time="0.001" /><testcase classname="tests.analytics.compute.test_dependencies_detection.TestSeverityScore" name="test_known_severities[low-1.0]" time="0.001" /><testcase classname="tests.analytics.compute.test_dependencies_detection.TestSeverityScore" name="test_known_severities[info-0.5]" time="0.001" /><testcase classname="tests.analytics.compute.test_dependencies_detection.TestSeverityScore" name="test_returns_none_for_none" time="0.000" /><testcase classname="tests.analytics.compute.test_dependencies_detection.TestSeverityScore" name="test_returns_none_for_unknown" time="0.000" /><testcase classname="tests.analytics.compute.test_dependencies_detection.TestSeverityScore" name="test_severity_scores_constant" time="0.000" /><testcase classname="tests.analytics.compute.test_dependencies_detection.TestRiskScore" name="test_computes_product[high-3.0-9.0]" time="0.001" /><testcase classname="tests.analytics.compute.test_dependencies_detection.TestRiskScore" name="test_computes_product[medium-2.0-4.0]" time="0.001" /><testcase classname="tests.analytics.compute.test_dependencies_detection.TestRiskScore" name="test_computes_product[low-1.0-1.0]" time="0.001" /><testcase classname="tests.analytics.compute.test_dependencies_detection.TestRiskScore" name="test_computes_product[critical-5.0-20.0]" time="0.001" /><testcase classname="tests.analytics.compute.test_dependencies_detection.TestRiskScore" name="test_returns_none_for_none_severity" time="0.000" /><testcase classname="tests.analytics.compute.test_dependencies_detection.TestRiskScore" name="test_returns_none_for_none_criticality" time="0.000" /><testcase classname="tests.analytics.compute.test_dependencies_detection.TestRiskScore" name="test_returns_none_for_unknown_severity" time="0.000" /><testcase classname="tests.analytics.compute.test_dependencies_detection.TestRiskLevel" name="test_risk_levels[modes0-1-high]" time="0.001" /><testcase classname="tests.analytics.compute.test_dependencies_detection.TestRiskLevel" name="test_risk_levels[modes1-1-high]" time="0.001" /><testcase classname="tests.analytics.compute.test_dependencies_detection.TestRiskLevel" name="test_risk_levels[modes2-5-high]" time="0.001" /><testcase classname="tests.analytics.compute.test_dependencies_detection.TestRiskLevel" name="test_risk_levels[modes3-10-medium]" time="0.001" /><testcase classname="tests.analytics.compute.test_dependencies_detection.TestRiskLevel" name="test_risk_levels[modes4-15-medium]" time="0.001" /><testcase classname="tests.analytics.compute.test_graphs_statistics" name="test_in_degrees_star_graph" time="0.001" /><testcase classname="tests.analytics.compute.test_graphs_statistics" name="test_out_degrees_empty_graph" time="0.001" /><testcase classname="tests.analytics.compute.test_graphs_statistics" name="test_out_degrees_simple_chain" time="0.000" /><testcase classname="tests.analytics.compute.test_semantic_roles" name="test_decorator_names_empty" time="0.000" /><testcase classname="tests.analytics.compute.test_semantic_roles" name="test_decorator_names_simple" time="0.000" /><testcase classname="tests.analytics.compute.test_semantic_roles" name="test_decorator_names_attribute" time="0.000" /><testcase classname="tests.analytics.compute.test_semantic_roles" name="test_decorator_names_call" time="0.000" /><testcase classname="tests.analytics.compute.test_semantic_roles" name="test_decorator_names_multiple" time="0.000" /><testcase classname="tests.analytics.compute.test_semantic_roles" name="test_constants_role_threshold_positive" time="0.000" /><testcase classname="tests.analytics.compute.test_semantic_roles" name="test_constants_service_fan_thresholds_positive" time="0.000" /><testcase classname="tests.analytics.compute.test_semantic_roles" name="test_constants_helper_loc_threshold_positive" time="0.000" /><testcase classname="tests.analytics.core.test_plugin_registration" name="test_all_plugins_have_names" time="0.001" /><testcase classname="tests.analytics.core.test_plugin_registration" name="test_expected_plugins_are_present" time="0.000" /><testcase classname="tests.analytics.core.test_plugin_registration" name="test_no_duplicate_plugin_names" time="0.000" /><testcase classname="tests.analytics.compute.test_functions_complexity.TestComputeComplexityCounts" name="test_return_count" time="0.000" /><testcase classname="tests.analytics.compute.test_functions_complexity.TestComputeComplexityCounts" name="test_yield_count" time="0.000" /><testcase classname="tests.analytics.compute.test_functions_complexity.TestComputeComplexityCounts" name="test_raise_count" time="0.001" /><testcase classname="tests.analytics.compute.test_functions_complexity.TestComputeComplexityAttributes" name="test_has_docstring" time="0.000" /><testcase classname="tests.analytics.compute.test_functions_complexity.TestComputeComplexityAttributes" name="test_no_docstring" time="0.000" /><testcase classname="tests.analytics.compute.test_functions_complexity.TestComputeComplexityAttributes" name="test_async_function" time="0.000" /><testcase classname="tests.analytics.test_mock_catalog_scenarios.TestMockCatalogEdgeCases" name="test_lookup_goid_partial_match" time="0.000" /><testcase classname="tests.analytics.test_mock_catalog_scenarios.TestMockCatalogEdgeCases" name="test_multiple_functions_same_file" time="0.000" /><testcase classname="tests.analytics.test_mock_catalog_scenarios.TestMockCatalogEdgeCases" name="test_empty_module_by_path" time="0.000" /><testcase classname="tests.analytics.profiles.test_utils.TestOptionalFloat" name="test_returns_none_for_none_input" time="0.000" /><testcase classname="tests.analytics.test_entrypoint_detectors" name="test_entrypoint_candidate_frameworks[airflow]" time="0.001" /><testcase classname="tests.analytics.test_entrypoint_detectors" name="test_entrypoint_candidate_frameworks[None]" time="0.000" /><testcase classname="tests.analytics.test_entrypoint_evidence" name="test_detect_entrypoints_emits_snippet_evidence" time="0.001" /><testcase classname="tests.analytics.test_evidence" name="test_evidence_collector_deduplicates_and_truncates" time="0.000" /><testcase classname="tests.analytics.test_evidence" name="test_validate_evidence_samples_rejects_invalid_payloads" time="0.001" /><testcase classname="tests.analytics.test_tests_profiles_unit" name="test_importance_and_flakiness_scoring" time="0.001" /><testcase classname="tests.analytics.testing.profiles.test_builder.TestInferBehaviorTags" name="test_returns_empty_tags_for_generic_test" time="0.002" /><testcase classname="tests.analytics.testing.profiles.test_builder.TestInferBehaviorTags" name="test_infers_tags_from_name[test_happy_path_scenario-happy_path]" time="0.001" /><testcase classname="tests.analytics.testing.profiles.test_builder.TestInferBehaviorTags" name="test_infers_tags_from_name[test_success_case-happy_path]" time="0.001" /><testcase classname="tests.analytics.testing.profiles.test_builder.TestInferBehaviorTags" name="test_infers_tags_from_name[test_error_handling-error_paths]" time="0.001" /><testcase classname="tests.analytics.testing.profiles.test_builder.TestInferBehaviorTags" name="test_infers_tags_from_name[test_invalid_input-error_paths]" time="0.001" /><testcase classname="tests.analytics.testing.profiles.test_builder.TestInferBehaviorTags" name="test_infers_tags_from_name[test_exception_raised-error_paths]" time="0.001" /><testcase classname="tests.analytics.resources.test_resource_registry" name="test_resource_registry_require_or_none" time="0.000" /><testcase classname="tests.analytics.compute.test_dependencies_detection.TestDependencyCallVisitor" name="test_ignores_unknown_libraries" time="0.000" /><testcase classname="tests.analytics.compute.test_dependencies_detection.TestDependencyCallVisitor" name="test_captures_snippet" time="0.000" /><testcase classname="tests.analytics.compute.test_dependencies_detection.TestGroupCallsByLibrary" name="test_groups_by_library" time="0.000" /><testcase classname="tests.analytics.compute.test_dependencies_detection.TestGroupCallsByLibrary" name="test_empty_list" time="0.000" /><testcase classname="tests.analytics.compute.test_dependencies_detection.TestGroupCallsByLibrary" name="test_single_library" time="0.000" /><testcase classname="tests.analytics.functions.test_function_effects" name="test_effect_analysis_no_io_db" time="0.000" /><testcase classname="tests.analytics.functions.test_function_effects" name="test_effect_analysis_io_and_db" time="0.000" /><testcase classname="tests.analytics.functions.test_function_effects_runtime" name="test_compute_function_effects_with_transitive_and_missing" time="2.144" /><testcase classname="tests.analytics.ports.test_ports_exports.TestGraphRuntimePortExports" name="test_graph_runtime_port_is_runtime_checkable" time="0.000" /><testcase classname="tests.analytics.ports.test_ports_exports.TestGraphRuntimePortExports" name="test_graph_runtime_port_all_list" time="0.000" /><testcase classname="tests.analytics.ports.test_ports_exports.TestStoragePortExports" name="test_storage_port_exports" time="0.000" /><testcase classname="tests.analytics.ports.test_ports_exports.TestStoragePortExports" name="test_storage_port_all_list" time="0.000" /><testcase classname="tests.analytics.profiles.test_utils.TestOptionalFloat" name="test_returns_float_for_bool_true" time="0.004" /><testcase classname="tests.analytics.profiles.test_utils.TestOptionalFloat" name="test_returns_float_for_bool_false" time="0.000" /><testcase classname="tests.analytics.profiles.test_utils.TestOptionalBool" name="test_returns_bool_for_bool_true" time="0.000" /><testcase classname="tests.analytics.profiles.test_utils.TestOptionalBool" name="test_returns_bool_for_bool_false" time="0.001" /><testcase classname="tests.analytics.profiles.test_utils.TestOptionalBool" name="test_returns_bool_for_int_nonzero" time="0.001" /><testcase classname="tests.analytics.test_mock_catalog_scenarios.TestMockCatalogDocumentation" name="test_pattern_testing_catalog_access" time="0.000" /><testcase classname="tests.analytics.test_mock_catalog_scenarios.TestMockCatalogDocumentation" name="test_pattern_testing_function_discovery" time="0.000" /><testcase classname="tests.analytics.compute.test_graphs_conversions.TestNormalizeDecimalId" name="test_decodes_bytearray[input_val0-123]" time="0.002" /><testcase classname="tests.analytics.compute.test_graphs_conversions.TestNormalizeDecimalId" name="test_decodes_bytearray[input_val1-789]" time="0.001" /><testcase classname="tests.analytics.compute.test_graphs_conversions.TestNormalizeDecimalId" name="test_returns_none_for_invalid_bytes" time="0.000" /><testcase classname="tests.analytics.compute.test_graphs_conversions.TestNormalizeDecimalId" name="test_returns_none_for_non_numeric_bytes" time="0.000" /><testcase classname="tests.analytics.compute.test_graphs_conversions.TestNormalizeDecimalId" name="test_converts_string[123-123]" time="0.001" /><testcase classname="tests.analytics.compute.test_graphs_conversions.TestNormalizeDecimalId" name="test_converts_string[456-456]" time="0.001" /><testcase classname="tests.analytics.compute.test_graphs_conversions.TestNormalizeDecimalId" name="test_converts_float_via_string" time="0.000" /><testcase classname="tests.analytics.compute.test_graphs_conversions.TestNormalizeDecimalId" name="test_returns_none_for_unconvertible" time="0.001" /><testcase classname="tests.analytics.compute.test_graphs_conversions.TestNormalizeNodeId" name="test_returns_none_for_none" time="0.001" /><testcase classname="tests.analytics.compute.test_graphs_conversions.TestNormalizeNodeId" name="test_converts_decimal_to_int[input_val0-123]" time="0.001" /><testcase classname="tests.analytics.compute.test_graphs_conversions.TestNormalizeNodeId" name="test_converts_decimal_to_int[input_val1-999999999999]" time="0.001" /><testcase classname="tests.analytics.compute.test_graphs_conversions.TestNormalizeNodeId" name="test_converts_numeric_types[123-123]" time="0.001" /><testcase classname="tests.analytics.compute.test_graphs_conversions.TestNormalizeNodeId" name="test_converts_numeric_types[456.0-456]" time="0.001" /><testcase classname="tests.analytics.compute.test_graphs_conversions.TestNormalizeNodeId" name="test_converts_numeric_types[0.0-0]" time="0.001" /><testcase classname="tests.analytics.compute.test_graphs_conversions.TestNormalizeNodeId" name="test_converts_digit_strings[123-123]" time="0.001" /><testcase classname="tests.analytics.test_tests_profiles_unit" name="test_build_test_profile_rows_round_trip" time="0.001" /><testcase classname="tests.analytics.test_tests_profiles_unit" name="test_build_behavioral_coverage_rows_normalization" time="0.000" /><testcase classname="tests.analytics.test_tests_profiles_unit" name="test_infer_behavior_tags_basic" time="0.000" /><testcase classname="tests.analytics.test_tests_profiles_unit" name="test_build_behavior_rows_mixed_sources" time="0.001" /><testcase classname="tests.analytics.compute.test_graphs_centrality" name="test_pagerank_single_node" time="0.060" /><testcase classname="tests.analytics.testing.profiles.test_builder.TestInferBehaviorTags" name="test_infers_tags_from_name[test_edge_case-edge_cases]" time="0.001" /><testcase classname="tests.analytics.compute.test_graphs_statistics" name="test_out_degrees_star_graph" time="0.001" /><testcase classname="tests.analytics.compute.test_graphs_statistics" name="test_degrees_empty_graph" time="0.002" /><testcase classname="tests.analytics.compute.test_graphs_statistics" name="test_degrees_simple_path" time="0.000" /><testcase classname="tests.analytics.compute.test_graphs_statistics" name="test_degrees_triangle" time="0.000" /><testcase classname="tests.analytics.compute.test_semantic_roles" name="test_context_name_simple" time="0.000" /><testcase classname="tests.analytics.compute.test_semantic_roles" name="test_context_rel_path_lower" time="0.000" /><testcase classname="tests.analytics.compute.test_semantic_roles" name="test_context_module_lower" time="0.000" /><testcase classname="tests.analytics.compute.test_dependencies_detection.TestBuildAliasMaps" name="test_builds_maps_for_multiple_files" time="0.002" /><testcase classname="tests.analytics.compute.test_dependencies_detection.TestBuildAliasMaps" name="test_handles_missing_files" time="0.001" /><testcase classname="tests.analytics.subsystems.test_affinity" name="test_label_propagation_nx_isolated_nodes_keep_fallback" time="0.000" /><testcase classname="tests.analytics.subsystems.test_affinity" name="test_reassign_small_clusters_no_change_when_all_large" time="0.000" /><testcase classname="tests.analytics.compute.test_dependencies_detection.TestRiskLevel" name="test_risk_levels[modes5-1-low]" time="0.001" /><testcase classname="tests.analytics.compute.test_dependencies_detection.TestRiskLevel" name="test_risk_levels[modes6-5-low]" time="0.001" /><testcase classname="tests.analytics.ports.test_ports_exports.TestStoragePortExports" name="test_storage_port_reexports_from_graphs" time="0.000" /><testcase classname="tests.analytics.ports.test_ports_exports.TestPortsModuleStructure" name="test_modules_importable[codeintel.analytics.ports]" time="0.001" /><testcase classname="tests.analytics.compute.test_functions_complexity.TestComputeComplexityAttributes" name="test_decorator_count" time="0.001" /><testcase classname="tests.analytics.compute.test_functions_complexity.TestComplexityBuckets" name="test_low_complexity_bucket" time="0.000" /><testcase classname="tests.analytics.compute.test_functions_complexity.TestComplexityBuckets" name="test_medium_complexity_bucket" time="0.000" /><testcase classname="tests.analytics.compute.test_functions_complexity.TestComplexityBuckets" name="test_complexity_thresholds_defined" time="0.000" /><testcase classname="tests.analytics.resources.test_resource_registry" name="test_resource_registry_require_or_none_not_found" time="0.000" /><testcase classname="tests.analytics.resources.test_resource_registry" name="test_resource_registry_require_or_none_not_loaded" time="0.000" /><testcase classname="tests.analytics.compute.test_semantic_roles" name="test_context_module_lower_none" time="0.000" /><testcase classname="tests.analytics.compute.test_semantic_roles" name="test_context_tag_strings" time="0.000" /><testcase classname="tests.analytics.compute.test_semantic_roles" name="test_accumulator_bump_single" time="0.000" /><testcase classname="tests.analytics.compute.test_semantic_roles" name="test_accumulator_bump_accumulates" time="0.000" /><testcase classname="tests.analytics.compute.test_semantic_roles" name="test_accumulator_bump_with_framework" time="0.000" /><testcase classname="tests.analytics.compute.test_semantic_roles" name="test_accumulator_framework_first_wins" time="0.000" /><testcase classname="tests.analytics.compute.test_semantic_roles" name="test_accumulator_finalize_empty" time="0.000" /><testcase classname="tests.analytics.compute.test_semantic_roles" name="test_accumulator_finalize_below_threshold" time="0.001" /><testcase classname="tests.analytics.compute.test_semantic_roles" name="test_accumulator_finalize_above_threshold" time="0.000" /><testcase classname="tests.analytics.compute.test_semantic_roles" name="test_accumulator_finalize_picks_highest" time="0.000" /><testcase classname="tests.analytics.compute.test_semantic_roles" name="test_accumulator_finalize_caps_confidence" time="0.000" /><testcase classname="tests.analytics.compute.test_semantic_roles" name="test_classify_test_function" time="0.001" /><testcase classname="tests.analytics.compute.test_semantic_roles" name="test_classify_test_prefix" time="0.001" /><testcase classname="tests.analytics.compute.test_semantic_roles" name="test_classify_pytest_fixture" time="0.000" /><testcase classname="tests.analytics.compute.test_semantic_roles" name="test_classify_api_handler" time="0.001" /><testcase classname="tests.analytics.compute.test_semantic_roles" name="test_classify_flask_route" time="0.000" /><testcase classname="tests.analytics.compute.test_semantic_roles" name="test_classify_cli_click" time="0.000" /><testcase classname="tests.analytics.compute.test_semantic_roles" name="test_classify_cli_typer" time="0.000" /><testcase classname="tests.analytics.test_mock_catalog_scenarios.TestMockCatalogDocumentation" name="test_pattern_testing_with_realistic_data" time="0.000" /><testcase classname="tests.analytics.test_model_config_heuristics" name="test_data_models_and_usage_and_config_flow" time="2.336" /><testcase classname="tests.analytics.compute.test_graphs_statistics" name="test_in_degree_values_empty_graph" time="0.000" /><testcase classname="tests.analytics.compute.test_graphs_statistics" name="test_in_degree_values_only" time="0.000" /><testcase classname="tests.analytics.compute.test_graphs_statistics" name="test_out_degree_values_empty_graph" time="0.000" /><testcase classname="tests.analytics.compute.test_graphs_statistics" name="test_out_degree_values_only" time="0.000" /><testcase classname="tests.analytics.compute.test_graphs_statistics" name="test_degree_values_empty_graph" time="0.000" /><testcase classname="tests.analytics.compute.test_graphs_statistics" name="test_degree_values_only" time="0.000" /><testcase classname="tests.analytics.compute.test_dependencies_detection.TestRiskLevel" name="test_write_takes_precedence" time="0.000" /><testcase classname="tests.analytics.compute.test_dependencies_detection.TestRiskLevel" name="test_empty_modes_low" time="0.000" /><testcase classname="tests.analytics.compute.test_dependencies_detection.TestDependencyModePattern" name="test_matches_exact_method" time="0.000" /><testcase classname="tests.analytics.compute.test_dependencies_detection.TestDependencyModePattern" name="test_matches_method_prefix" time="0.000" /><testcase classname="tests.analytics.ports.test_ports_exports.TestPortsModuleStructure" name="test_modules_importable[codeintel.analytics.ports.catalog]" time="0.001" /><testcase classname="tests.analytics.compute.test_graphs_centrality" name="test_metrics_identify_different_importance" time="0.002" /><testcase classname="tests.analytics.compute.test_graphs_centrality" name="test_dense_graph_metrics" time="0.001" /><testcase classname="tests.analytics.compute.test_graphs_statistics" name="test_statistics_consistency" time="0.001" /><testcase classname="tests.analytics.compute.test_graphs_statistics" name="test_degree_functions_match_statistics" time="0.001" /><testcase classname="tests.analytics.compute.test_graphs_statistics" name="test_various_graph_sizes" time="0.001" /><testcase classname="tests.analytics.compute.test_graphs_wrappers" name="test_centrality_wrappers_and_neighbor_stats" time="0.074" /><testcase classname="tests.analytics.compute.test_dependencies_detection.TestDependencyModePattern" name="test_matches_target_substring" time="0.000" /><testcase classname="tests.analytics.subsystems.test_affinity" name="test_reassign_small_clusters_min_size_one_no_change" time="0.000" /><testcase classname="tests.analytics.subsystems.test_affinity" name="test_reassign_small_clusters_reassigns_small" time="0.000" /><testcase classname="tests.analytics.subsystems.test_affinity" name="test_best_neighbor_label_no_neighbors" time="0.000" /><testcase classname="tests.analytics.subsystems.test_affinity" name="test_best_neighbor_label_selects_allowed" time="0.000" /><testcase classname="tests.analytics.subsystems.test_affinity" name="test_best_neighbor_label_selects_heaviest" time="0.000" /><testcase classname="tests.analytics.subsystems.test_affinity" name="test_cluster_sizes_map_empty" time="0.000" /><testcase classname="tests.analytics.subsystems.test_affinity" name="test_cluster_sizes_map_counts_clusters" time="0.000" /><testcase classname="tests.analytics.test_analytics_dataset_contracts" name="test_function_metrics_insertion_is_idempotent" time="2.129" /><testcase classname="tests.cli.test_cli_error_parity_apps" name="test_unknown_option_per_app[argv6---bogus]" time="0.010" /><testcase classname="tests.analytics.compute.test_functions_loc_typedness" name="test_compute_loc_counts_lines" time="0.000" /><testcase classname="tests.analytics.compute.test_functions_loc_typedness" name="test_compute_param_stats_captures_annotations" time="0.001" /><testcase classname="tests.analytics.compute.test_functions_loc_typedness" name="test_compute_param_stats_non_function_defaults" time="0.000" /><testcase classname="tests.analytics.compute.test_functions_loc_typedness" name="test_compute_typedness_flags_variants" time="0.000" /><testcase classname="tests.analytics.compute.test_functions_signatures" name="test_parameter_create_with_all_fields" time="0.000" /><testcase classname="tests.analytics.compute.test_functions_signatures" name="test_parameter_no_annotation" time="0.000" /><testcase classname="tests.analytics.compute.test_functions_signatures" name="test_parameter_is_frozen" time="0.001" /><testcase classname="tests.analytics.compute.test_functions_signatures" name="test_signature_create_with_all_fields" time="0.000" /><testcase classname="tests.analytics.compute.test_functions_signatures" name="test_signature_is_frozen" time="0.001" /><testcase classname="tests.analytics.compute.test_functions_signatures" name="test_extract_simple_function" time="0.001" /><testcase classname="tests.analytics.compute.test_functions_signatures" name="test_extract_typed_function" time="0.001" /><testcase classname="tests.analytics.compute.test_functions_signatures" name="test_extract_async_function" time="0.000" /><testcase classname="tests.analytics.compute.test_functions_signatures" name="test_extract_no_params" time="0.000" /><testcase classname="tests.analytics.compute.test_functions_signatures" name="test_extract_no_docstring" time="0.001" /><testcase classname="tests.analytics.compute.test_functions_signatures" name="test_extract_non_function_node" time="0.001" /><testcase classname="tests.analytics.compute.test_functions_signatures" name="test_extract_method_with_self" time="0.001" /><testcase classname="tests.analytics.compute.test_functions_signatures" name="test_extract_classmethod" time="0.001" /><testcase classname="tests.analytics.compute.test_semantic_roles" name="test_classify_cli_path" time="0.000" /><testcase classname="tests.analytics.compute.test_semantic_roles" name="test_classify_repository" time="0.001" /><testcase classname="tests.analytics.compute.test_semantic_roles" name="test_classify_service" time="0.001" /><testcase classname="tests.analytics.compute.test_semantic_roles" name="test_classify_validator" time="0.001" /><testcase classname="tests.analytics.compute.test_semantic_roles" name="test_classify_validator_by_name[validate]" time="0.001" /><testcase classname="tests.analytics.compute.test_semantic_roles" name="test_classify_validator_by_name[check]" time="0.001" /><testcase classname="tests.analytics.profiles.test_utils.TestOptionalBool" name="test_returns_bool_for_int_zero" time="0.000" /><testcase classname="tests.analytics.profiles.test_utils.TestOptionalBool" name="test_returns_bool_for_float_nonzero" time="0.000" /><testcase classname="tests.analytics.profiles.test_utils.TestOptionalBool" name="test_returns_bool_for_float_zero" time="0.000" /><testcase classname="tests.analytics.profiles.test_utils.TestOptionalBool" name="test_returns_true_for_truthy_strings[true]" time="0.001" /><testcase classname="tests.analytics.profiles.test_utils.TestOptionalBool" name="test_returns_true_for_truthy_strings[True]" time="0.001" /><testcase classname="tests.analytics.profiles.test_utils.TestOptionalBool" name="test_returns_true_for_truthy_strings[TRUE]" time="0.001" /><testcase classname="tests.analytics.profiles.test_utils.TestOptionalBool" name="test_returns_true_for_truthy_strings[1]" time="0.000" /><testcase classname="tests.analytics.profiles.test_utils.TestOptionalBool" name="test_returns_true_for_truthy_strings[yes]" time="0.001" /><testcase classname="tests.analytics.profiles.test_utils.TestOptionalBool" name="test_returns_true_for_truthy_strings[YES]" time="0.001" /><testcase classname="tests.analytics.profiles.test_utils.TestOptionalBool" name="test_returns_false_for_falsy_strings[false]" time="0.000" /><testcase classname="tests.analytics.profiles.test_utils.TestOptionalBool" name="test_returns_false_for_falsy_strings[False]" time="0.001" /><testcase classname="tests.analytics.profiles.test_utils.TestOptionalBool" name="test_returns_false_for_falsy_strings[FALSE]" time="0.001" /><testcase classname="tests.analytics.compute.test_graphs_centrality" name="test_pagerank_simple_chain" time="0.002" /><testcase classname="tests.analytics.compute.test_graphs_wrappers" name="test_dfg_helpers_and_metrics" time="0.003" /><testcase classname="tests.analytics.compute.test_graphs_wrappers" name="test_projection_metrics_and_degrees" time="0.002" /><testcase classname="tests.analytics.compute.test_hotspots_metrics" name="test_build_hotspots_inserts_scores" time="2.060" /><testcase classname="tests.analytics.resources.test_resource_registry" name="test_resource_registry_invalidate_specific" time="0.000" /><testcase classname="tests.analytics.ports.test_ports_exports.TestPortsModuleStructure" name="test_modules_importable[codeintel.analytics.ports.graphs]" time="0.001" /><testcase classname="tests.analytics.ports.test_ports_exports.TestPortsModuleStructure" name="test_modules_importable[codeintel.analytics.ports.storage]" time="0.001" /><testcase classname="tests.analytics.profiles.test_utils.TestOptionalStr" name="test_returns_string_for_string_input" time="0.001" /><testcase classname="tests.analytics.core.test_plugin_registration" name="test_plugins_have_valid_metadata" time="0.000" /><testcase classname="tests.analytics.core.test_plugin_registration" name="test_plugins_are_target_plugins" time="0.000" /><testcase classname="tests.analytics.core.test_plugin_registration" name="test_specific_plugins_present[function_metrics]" time="0.001" /><testcase classname="tests.analytics.core.test_plugin_registration" name="test_specific_plugins_present[function_ast_features]" time="0.001" /><testcase classname="tests.analytics.core.test_plugin_registration" name="test_specific_plugins_present[coverage_functions]" time="0.001" /><testcase classname="tests.analytics.core.test_plugin_registration" name="test_specific_plugins_present[test_profile]" time="0.001" /><testcase classname="tests.analytics.testing.profiles.test_builder.TestInferBehaviorTags" name="test_infers_tags_from_name[test_boundary_check-edge_cases]" time="0.001" /><testcase classname="tests.analytics.testing.profiles.test_builder.TestInferBehaviorTags" name="test_infers_tags_from_name[test_concurrent_access-concurrency]" time="0.001" /><testcase classname="tests.analytics.testing.profiles.test_builder.TestInferBehaviorTags" name="test_infers_tags_from_name[test_async_operation-concurrency]" time="0.001" /><testcase classname="tests.analytics.profiles.test_utils.TestOptionalBool" name="test_returns_false_for_falsy_strings[0]" time="0.001" /><testcase classname="tests.analytics.compute.test_graphs_centrality" name="test_centrality_directed_logs_eigen_warning" time="0.004" /><testcase classname="tests.analytics.test_tests_profiles_unit" name="test_coverage_wrappers_empty" time="0.075" /><testcase classname="tests.analytics.test_tests_profiles_unit" name="test_test_profile_model_snapshot" time="0.001" /><testcase classname="tests.analytics.testing.profiles.test_builder.TestInferBehaviorTags" name="test_infers_tags_from_name[test_thread_safety-concurrency]" time="0.001" /><testcase classname="tests.analytics.testing.profiles.test_builder.TestInferBehaviorTags" name="test_infers_tags_from_markers[markers0-known_bug]" time="0.001" /><testcase classname="tests.analytics.compute.test_dependencies_detection.TestDependencyModePattern" name="test_no_match_with_none_method" time="0.000" /><testcase classname="tests.analytics.compute.test_dependencies_detection.TestDependencyModePattern" name="test_multiple_match_conditions" time="0.000" /><testcase classname="tests.analytics.compute.test_dependencies_detection.TestClassifyModes" name="test_matches_single_mode" time="0.000" /><testcase classname="tests.analytics.compute.test_dependencies_detection.TestClassifyModes" name="test_returns_unknown_for_no_match" time="0.000" /><testcase classname="tests.analytics.compute.test_dependencies_detection.TestClassifyModes" name="test_deduplicates_modes" time="0.000" /><testcase classname="tests.analytics.compute.test_dependencies_detection.TestClassifyModes" name="test_multiple_modes_sorted" time="0.000" /><testcase classname="tests.analytics.compute.test_dependencies_detection.TestBuildAliasMap" name="test_simple_import" time="0.000" /><testcase classname="tests.analytics.compute.test_dependencies_detection.TestBuildAliasMap" name="test_aliased_import" time="0.000" /><testcase classname="tests.analytics.compute.test_dependencies_detection.TestBuildAliasMap" name="test_from_import" time="0.000" /><testcase classname="tests.cli.test_build_cli.TestBuildStatusHelp" name="test_status_help_shows_options" time="0.030" /><testcase classname="tests.analytics.compute.test_graphs_conversions.TestNormalizeNodeId" name="test_converts_digit_strings[456-456]" time="0.001" /><testcase classname="tests.analytics.compute.test_graphs_conversions.TestNormalizeNodeId" name="test_converts_digit_strings[0-0]" time="0.001" /><testcase classname="tests.analytics.compute.test_graphs_conversions.TestNormalizeNodeId" name="test_preserves_non_digit_strings[func_name-func_name]" time="0.001" /><testcase classname="tests.analytics.compute.test_graphs_conversions.TestNormalizeNodeId" name="test_preserves_non_digit_strings[module.function-module.function]" time="0.003" /><testcase classname="tests.analytics.compute.test_graphs_conversions.TestNormalizeNodeId" name="test_preserves_non_digit_strings[123abc-123abc]" time="0.001" /><testcase classname="tests.analytics.compute.test_graphs_conversions.TestNormalizeNodeId" name="test_raises_on_float_infinity" time="0.001" /><testcase classname="tests.analytics.compute.test_graphs_conversions.TestSafeFloat" name="test_returns_none_for_none" time="0.000" /><testcase classname="tests.analytics.compute.test_graphs_conversions.TestSafeFloat" name="test_passes_through_floats[1.5-1.5]" time="0.001" /><testcase classname="tests.analytics.compute.test_graphs_conversions.TestSafeFloat" name="test_passes_through_floats[0.0-0.0]" time="0.001" /><testcase classname="tests.analytics.compute.test_graphs_conversions.TestSafeFloat" name="test_passes_through_floats[-3.14--3.14]" time="0.001" /><testcase classname="tests.analytics.compute.test_graphs_conversions.TestSafeFloat" name="test_converts_decimal[input_val0-1.5]" time="0.001" /><testcase classname="tests.analytics.compute.test_graphs_conversions.TestSafeFloat" name="test_converts_decimal[input_val1-0.0]" time="0.001" /><testcase classname="tests.analytics.resources.test_resource_registry" name="test_resource_registry_invalidate_all" time="0.000" /><testcase classname="tests.analytics.resources.test_resource_registry" name="test_resource_registry_invalidate_not_registered" time="0.000" /><testcase classname="tests.analytics.resources.test_resource_registry" name="test_resource_registry_clear" time="0.000" /><testcase classname="tests.analytics.resources.test_resource_registry" name="test_resource_registry_registered_types" time="0.000" /><testcase classname="tests.analytics.resources.test_resource_registry" name="test_resource_not_found_error" time="0.000" /><testcase classname="tests.analytics.resources.test_resource_registry" name="test_resource_not_loaded_error" time="0.000" /><testcase classname="tests.analytics.resources.test_resource_registry" name="test_resource_not_loaded_error_no_reason" time="0.000" /><testcase classname="tests.analytics.resources.test_resource_registry" name="test_resource_error_hierarchy" time="0.000" /><testcase classname="tests.analytics.resources.test_resource_registry" name="test_mock_provider_protocol_compliance" time="0.000" /><testcase classname="tests.analytics.resources.test_resource_registry" name="test_resource_registry_multiple_registrations" time="0.000" /><testcase classname="tests.analytics.subsystems.test_affinity" name="test_parse_tags_none" time="0.001" /><testcase classname="tests.analytics.subsystems.test_affinity" name="test_parse_tags_json_list" time="0.000" /><testcase classname="tests.analytics.subsystems.test_affinity" name="test_parse_tags_json_single_value" time="0.000" /><testcase classname="tests.analytics.compute.test_graphs_centrality" name="test_pagerank_cycle_equal" time="0.001" /><testcase classname="tests.analytics.compute.test_graphs_centrality" name="test_pagerank_star_hub_low" time="0.003" /><testcase classname="tests.analytics.compute.test_graphs_centrality" name="test_pagerank_reverse_star_hub_high" time="0.002" /><testcase classname="tests.analytics.compute.test_graphs_centrality" name="test_pagerank_realistic_call_graph" time="0.001" /><testcase classname="tests.analytics.compute.test_graphs_centrality" name="test_pagerank_custom_alpha" time="0.003" /><testcase classname="tests.analytics.compute.test_graphs_centrality" name="test_pagerank_custom_max_iter" time="0.001" /><testcase classname="tests.analytics.profiles.test_utils.TestOptionalBool" name="test_returns_false_for_falsy_strings[no]" time="0.001" /><testcase classname="tests.analytics.profiles.test_utils.TestOptionalBool" name="test_returns_false_for_falsy_strings[NO]" time="0.002" /><testcase classname="tests.analytics.profiles.test_utils.TestOptionalBool" name="test_returns_true_for_string_with_whitespace" time="0.001" /><testcase classname="tests.analytics.profiles.test_utils.TestOptionalBool" name="test_returns_none_for_empty_string" time="0.000" /><testcase classname="tests.analytics.profiles.test_utils.TestOptionalBool" name="test_returns_none_for_invalid_string" time="0.004" /><testcase classname="tests.analytics.profiles.test_utils.TestOptionalBool" name="test_returns_none_for_none_input" time="0.001" /><testcase classname="tests.analytics.profiles.test_utils.TestModuleTableConstants" name="test_catalog_module_table_value" time="0.000" /><testcase classname="tests.analytics.profiles.test_utils.TestModuleTableConstants" name="test_default_module_table_value" time="0.000" /><testcase classname="tests.analytics.resources.test_provider_factory" name="test_provider_factory_options_defaults" time="0.001" /><testcase classname="tests.analytics.resources.test_provider_factory" name="test_provider_factory_options_custom" time="0.000" /><testcase classname="tests.analytics.testing.profiles.test_builder.TestInferBehaviorTags" name="test_infers_tags_from_markers[markers1-integration_scenario]" time="0.001" /><testcase classname="tests.analytics.testing.profiles.test_builder.TestInferBehaviorTags" name="test_infers_tags_from_markers[markers2-integration_scenario]" time="0.001" /><testcase classname="tests.analytics.testing.profiles.test_builder.TestInferBehaviorTags" name="test_infers_tags_from_markers[markers3-io_heavy]" time="0.001" /><testcase classname="tests.analytics.testing.profiles.test_builder.TestInferBehaviorTags" name="test_infers_tags_from_markers[markers4-network_interaction]" time="0.000" /><testcase classname="tests.analytics.testing.profiles.test_builder.TestInferBehaviorTags" name="test_infers_tags_from_markers[markers5-network_interaction]" time="0.001" /><testcase classname="tests.analytics.testing.profiles.test_builder.TestInferBehaviorTags" name="test_infers_tags_from_markers[markers6-network_interaction]" time="0.001" /><testcase classname="tests.analytics.testing.profiles.test_builder.TestInferBehaviorTags" name="test_infers_tags_from_markers[markers7-db_interaction]" time="0.001" /><testcase classname="tests.analytics.testing.profiles.test_builder.TestInferBehaviorTags" name="test_infers_tags_from_markers[markers8-db_interaction]" time="0.001" /><testcase classname="tests.analytics.testing.profiles.test_builder.TestInferBehaviorTags" name="test_infers_network_interaction_from_io_flags" time="0.000" /><testcase classname="tests.analytics.testing.profiles.test_builder.TestInferBehaviorTags" name="test_infers_db_interaction_from_io_flags" time="0.000" /><testcase classname="tests.analytics.testing.profiles.test_builder.TestInferBehaviorTags" name="test_infers_filesystem_interaction_from_io_flags" time="0.001" /><testcase classname="tests.analytics.testing.profiles.test_builder.TestInferBehaviorTags" name="test_infers_process_interaction_from_io_flags" time="0.001" /><testcase classname="tests.analytics.testing.profiles.test_builder.TestInferBehaviorTags" name="test_infers_io_heavy_from_io_bound_property" time="0.000" /><testcase classname="tests.analytics.testing.profiles.test_builder.TestInferBehaviorTags" name="test_infers_error_paths_from_pytest_raises" time="0.000" /><testcase classname="tests.analytics.testing.profiles.test_builder.TestInferBehaviorTags" name="test_infers_concurrency_from_ast_info" time="0.000" /><testcase classname="tests.analytics.testing.profiles.test_builder.TestInferBehaviorTags" name="test_infers_edge_cases_from_boundary_asserts" time="0.000" /><testcase classname="tests.analytics.testing.profiles.test_builder.TestInferBehaviorTags" name="test_combines_tags_from_multiple_sources" time="0.000" /><testcase classname="tests.analytics.testing.profiles.test_builder.TestInferBehaviorTags" name="test_returns_sorted_tags" time="0.001" /><testcase classname="tests.analytics.compute.test_graphs_centrality" name="test_pagerank_custom_tolerance" time="0.002" /><testcase classname="tests.analytics.compute.test_graphs_centrality" name="test_pagerank_disconnected_components" time="0.001" /><testcase classname="tests.cli.test_build_cli.TestBuildStatusCommand" name="test_status_json_output_structure" time="0.014" /><testcase classname="tests.analytics.compute.test_graphs_centrality" name="test_centrality_undirected_logs_eigen_warning" time="0.005" /><testcase classname="tests.analytics.compute.test_graphs_centrality" name="test_centrality_undirected_logs_structural_warning" time="0.004" /><testcase classname="tests.analytics.compute.test_graphs_conversions.TestToDecimalId" name="test_converts_integers[None-None]" time="0.001" /><testcase classname="tests.analytics.compute.test_graphs_conversions.TestToDecimalId" name="test_converts_integers[123-expected1]" time="0.001" /><testcase classname="tests.analytics.compute.test_graphs_conversions.TestToDecimalId" name="test_converts_integers[456-expected2]" time="0.001" /><testcase classname="tests.analytics.compute.test_graphs_conversions.TestToDecimalId" name="test_converts_integers[0-expected3]" time="0.001" /><testcase classname="tests.analytics.compute.test_graphs_conversions.TestToDecimalId" name="test_converts_integers[-1-expected4]" time="0.001" /><testcase classname="tests.analytics.compute.test_graphs_conversions.TestToDecimalId" name="test_converts_string_integers[123-expected0]" time="0.001" /><testcase classname="tests.analytics.compute.test_graphs_conversions.TestToDecimalId" name="test_converts_string_integers[456-expected1]" time="0.001" /><testcase classname="tests.analytics.compute.test_graphs_conversions.TestToDecimalId" name="test_converts_string_integers[0-expected2]" time="0.001" /><testcase classname="tests.analytics.compute.test_graphs_conversions.TestToDecimalId" name="test_converts_decimal_input" time="0.000" /><testcase classname="tests.analytics.compute.test_graphs_conversions.TestToDecimalId" name="test_handles_large_integers" time="0.000" /><testcase classname="tests.analytics.compute.test_graphs_conversions.TestNormalizeDecimalId" name="test_returns_none_for_none" time="0.000" /><testcase classname="tests.analytics.compute.test_graphs_conversions.TestNormalizeDecimalId" name="test_passes_through_integers[123-123]" time="0.001" /><testcase classname="tests.analytics.compute.test_graphs_conversions.TestNormalizeDecimalId" name="test_passes_through_integers[0-0]" time="0.001" /><testcase classname="tests.analytics.compute.test_graphs_conversions.TestNormalizeDecimalId" name="test_passes_through_integers[-1--1]" time="0.001" /><testcase classname="tests.analytics.compute.test_graphs_conversions.TestNormalizeDecimalId" name="test_converts_decimal_to_int[input_val0-123]" time="0.001" /><testcase classname="tests.analytics.compute.test_graphs_conversions.TestNormalizeDecimalId" name="test_converts_decimal_to_int[input_val1-0]" time="0.001" /><testcase classname="tests.analytics.compute.test_functions_signatures" name="test_extract_staticmethod" time="0.000" /><testcase classname="tests.analytics.compute.test_functions_signatures" name="test_extract_property" time="0.000" /><testcase classname="tests.analytics.compute.test_functions_signatures" name="test_extract_simple_decorator" time="0.000" /><testcase classname="tests.analytics.compute.test_functions_signatures" name="test_extract_multiple_decorators" time="0.000" /><testcase classname="tests.analytics.compute.test_functions_signatures" name="test_extract_attribute_decorator" time="0.000" /><testcase classname="tests.analytics.compute.test_functions_signatures" name="test_extract_call_decorator" time="0.000" /><testcase classname="tests.analytics.compute.test_graphs_centrality" name="test_pagerank_sums_to_one" time="0.001" /><testcase classname="tests.analytics.compute.test_graphs_centrality" name="test_pagerank_keys_match_nodes" time="0.001" /><testcase classname="tests.analytics.compute.test_graphs_centrality" name="test_pagerank_values_are_floats" time="0.001" /><testcase classname="tests.analytics.compute.test_graphs_centrality" name="test_betweenness_empty_graph" time="0.000" /><testcase classname="tests.analytics.compute.test_dependencies_detection.TestBuildAliasMaps" name="test_handles_syntax_errors" time="0.001" /><testcase classname="tests.analytics.dependencies.test_dependencies_core" name="test_dependency_calls_and_aggregation" time="2.181" /><testcase classname="tests.analytics.compute.test_graphs_conversions.TestSafeFloat" name="test_converts_decimal[input_val2--3.14]" time="0.001" /><testcase classname="tests.analytics.compute.test_graphs_conversions.TestSafeFloat" name="test_converts_string[1.5-1.5]" time="0.001" /><testcase classname="tests.analytics.compute.test_graphs_conversions.TestSafeFloat" name="test_converts_string[0.0-0.0]" time="0.001" /><testcase classname="tests.analytics.compute.test_graphs_conversions.TestSafeFloat" name="test_converts_string[-3.14--3.14]" time="0.001" /><testcase classname="tests.analytics.compute.test_graphs_conversions.TestSafeFloat" name="test_returns_none_for_invalid" time="0.001" /><testcase classname="tests.analytics.compute.test_graphs_conversions.TestLogEmptyGraph" name="test_logs_for_empty_graph" time="0.002" /><testcase classname="tests.analytics.compute.test_graphs_conversions.TestLogEmptyGraph" name="test_no_log_for_nonempty_graph" time="0.001" /><testcase classname="tests.analytics.compute.test_semantic_roles" name="test_classify_validator_by_name[ensure]" time="0.001" /><testcase classname="tests.analytics.compute.test_semantic_roles" name="test_classify_validator_by_name[assert]" time="0.001" /><testcase classname="tests.analytics.compute.test_semantic_roles" name="test_classify_config_loader" time="0.000" /><testcase classname="tests.analytics.compute.test_semantic_roles" name="test_classify_helper" time="0.000" /><testcase classname="tests.analytics.compute.test_semantic_roles" name="test_classify_module_tags" time="0.000" /><testcase classname="tests.analytics.compute.test_semantic_roles" name="test_classify_returns_signals" time="0.000" /><testcase classname="tests.analytics.compute.test_semantic_roles" name="test_classify_other" time="0.001" /><testcase classname="tests.analytics.test_tests_profiles_unit" name="test_behavioral_writer_registry_guard" time="0.001" /><testcase classname="tests.analytics.test_tests_profiles_unit" name="test_write_test_profile_rows_with_stubs" time="0.000" /><testcase classname="tests.analytics.test_writer_guard" name="test_writer_guard_happy_path_executes_delete_and_insert" time="0.001" /><testcase classname="tests.analytics.test_writer_guard" name="test_writer_guard_empty_rows[True-1]" time="0.001" /><testcase classname="tests.analytics.test_writer_guard" name="test_writer_guard_empty_rows[False-0]" time="0.000" /><testcase classname="tests.analytics.test_writer_guard" name="test_writer_guard_columns_mismatch_raises" time="0.000" /><testcase classname="tests.analytics.test_writer_guard" name="test_writer_guard_columns_order_drift_raises" time="0.000" /><testcase classname="tests.analytics.test_writer_guard" name="test_writer_guard_nonexistent_table_raises" time="0.000" /><testcase classname="tests.analytics.compute.test_graphs_conversions.TestLogEmptyGraph" name="test_works_with_digraph" time="0.001" /><testcase classname="tests.analytics.testing.coverage.test_edges.TestEdgeContext" name="test_creates_edge_context" time="0.001" /><testcase classname="tests.analytics.testing.coverage.test_edges.TestEdgeContext" name="test_edge_context_allows_empty_dicts" time="0.000" /><testcase classname="tests.analytics.testing.coverage.test_edges.TestFunctionRow" name="test_creates_function_row" time="0.000" /><testcase classname="tests.analytics.testing.coverage.test_edges.TestFunctionRow" name="test_function_row_allows_none_end_line" time="0.000" /><testcase classname="tests.analytics.testing.coverage.test_edges.TestBuildEdgesForFile" name="test_returns_empty_for_empty_functions" time="0.001" /><testcase classname="tests.analytics.testing.coverage.test_edges.TestBuildEdgesForFile" name="test_returns_empty_for_empty_statements" time="0.001" /><testcase classname="tests.analytics.compute.test_dependencies_detection.TestBuildAliasMaps" name="test_empty_module_map" time="0.001" /><testcase classname="tests.analytics.compute.test_dependencies_detection.TestDependencyCallDataclass" name="test_required_fields" time="0.000" /><testcase classname="tests.analytics.compute.test_dependencies_detection.TestDependencyCallDataclass" name="test_optional_fields_defaults" time="0.000" /><testcase classname="tests.analytics.compute.test_dependencies_detection.TestDependencyCallDataclass" name="test_all_fields" time="0.000" /><testcase classname="tests.analytics.compute.test_dependencies_detection.TestDependencyCallDataclass" name="test_frozen_dataclass" time="0.001" /><testcase classname="tests.analytics.compute.test_entrypoints_detection" name="test_detects_fastapi_and_flask_routes" time="0.002" /><testcase classname="tests.analytics.compute.test_entrypoints_detection" name="test_detects_click_typer_and_generic_routes" time="0.003" /><testcase classname="tests.analytics.compute.test_entrypoints_detection" name="test_detects_celery_airflow_cron_and_django" time="0.002" /><testcase classname="tests.analytics.compute.test_evidence_collection" name="test_evidence_sample_from_ast_and_to_dict" time="0.000" /><testcase classname="tests.analytics.compute.test_evidence_collection" name="test_evidence_collector_deduplicates_and_caps" time="0.000" /><testcase classname="tests.analytics.compute.test_evidence_collection" name="test_evidence_collector_add_from_ast_and_extend" time="0.001" /><testcase classname="tests.analytics.compute.test_evidence_collection" name="test_validate_evidence_samples_errors" time="0.001" /><testcase classname="tests.analytics.compute.test_functions_complexity.TestComplexityMetrics" name="test_creates_metrics" time="0.001" /><testcase classname="tests.analytics.compute.test_functions_complexity.TestComplexityMetrics" name="test_metrics_is_frozen" time="0.000" /><testcase classname="tests.analytics.compute.test_graphs_conversions.TestNormalizeDecimalId" name="test_converts_decimal_to_int[input_val2--456]" time="0.001" /><testcase classname="tests.cli.test_build_cli.TestBuildStatusCommand" name="test_status_invalid_module" time="0.013" /><testcase classname="tests.analytics.compute.test_graphs_centrality" name="test_betweenness_single_node_zero" time="0.001" /><testcase classname="tests.analytics.testing.coverage.test_edges.TestBuildEdgesForFile" name="test_builds_edge_for_covered_function" time="0.001" /><testcase classname="tests.analytics.testing.coverage.test_edges.TestBuildEdgesForFile" name="test_handles_partial_coverage" time="0.001" /><testcase classname="tests.analytics.testing.coverage.test_edges.TestBuildEdgesForFile" name="test_handles_none_end_line" time="0.001" /><testcase classname="tests.analytics.testing.coverage.test_edges.TestBuildEdgesForFile" name="test_uses_unknown_status_for_unmapped_test" time="0.001" /><testcase classname="tests.analytics.subsystems.test_affinity" name="test_parse_tags_plain_string" time="0.000" /><testcase classname="tests.analytics.subsystems.test_affinity" name="test_parse_tags_list" time="0.000" /><testcase classname="tests.analytics.profiles.test_utils.TestOptionalStr" name="test_returns_string_for_int_input" time="0.000" /><testcase classname="tests.analytics.profiles.test_utils.TestOptionalStr" name="test_returns_string_for_float_input" time="0.000" /><testcase classname="tests.analytics.profiles.test_utils.TestOptionalStr" name="test_returns_none_for_none_input" time="0.000" /><testcase classname="tests.analytics.profiles.test_utils.TestOptionalStr" name="test_returns_string_for_bool_true_input" time="0.000" /><testcase classname="tests.analytics.profiles.test_utils.TestOptionalStr" name="test_returns_string_for_bool_false_input" time="0.000" /><testcase classname="tests.analytics.profiles.test_utils.TestOptionalInt" name="test_returns_int_for_int_input" time="0.000" /><testcase classname="tests.analytics.profiles.test_utils.TestOptionalInt" name="test_returns_int_for_float_input" time="0.000" /><testcase classname="tests.analytics.profiles.test_utils.TestOptionalInt" name="test_returns_int_for_string_number" time="0.000" /><testcase classname="tests.analytics.profiles.test_utils.TestOptionalInt" name="test_returns_int_for_string_with_whitespace" time="0.000" /><testcase classname="tests.analytics.profiles.test_utils.TestOptionalInt" name="test_returns_none_for_empty_string" time="0.001" /><testcase classname="tests.analytics.profiles.test_utils.TestOptionalInt" name="test_returns_none_for_whitespace_only_string" time="0.000" /><testcase classname="tests.analytics.profiles.test_utils.TestOptionalInt" name="test_returns_none_for_invalid_string" time="0.000" /><testcase classname="tests.analytics.profiles.test_utils.TestOptionalInt" name="test_returns_none_for_none_input" time="0.000" /><testcase classname="tests.analytics.profiles.test_utils.TestOptionalInt" name="test_returns_int_for_bool_true" time="0.000" /><testcase classname="tests.analytics.profiles.test_utils.TestOptionalInt" name="test_returns_int_for_bool_false" time="0.002" /><testcase classname="tests.analytics.profiles.test_utils.TestIntOrDefault" name="test_returns_int_for_int_input" time="0.000" /><testcase classname="tests.analytics.profiles.test_utils.TestIntOrDefault" name="test_returns_default_for_none" time="0.000" /><testcase classname="tests.analytics.profiles.test_utils.TestIntOrDefault" name="test_returns_custom_default_for_none" time="0.000" /><testcase classname="tests.analytics.profiles.test_utils.TestIntOrDefault" name="test_returns_default_for_invalid_string" time="0.000" /><testcase classname="tests.analytics.profiles.test_utils.TestIntOrDefault" name="test_returns_int_for_valid_string" time="0.000" /><testcase classname="tests.analytics.profiles.test_utils.TestOptionalFloat" name="test_returns_float_for_float_input" time="0.000" /><testcase classname="tests.analytics.profiles.test_utils.TestOptionalFloat" name="test_returns_float_for_int_input" time="0.001" /><testcase classname="tests.analytics.subsystems.test_affinity" name="test_parse_tags_other_type" time="0.000" /><testcase classname="tests.analytics.subsystems.test_affinity" name="test_parse_tags_mixed_list" time="0.001" /><testcase classname="tests.analytics.subsystems.test_affinity" name="test_add_graph_weight_new_edge" time="0.001" /><testcase classname="tests.analytics.subsystems.test_affinity" name="test_add_graph_weight_accumulates" time="0.000" /><testcase classname="tests.analytics.subsystems.test_affinity" name="test_add_graph_weight_ignores_self_loop" time="0.001" /><testcase classname="tests.analytics.subsystems.test_affinity" name="test_add_graph_weight_ignores_zero_weight" time="0.001" /><testcase classname="tests.analytics.subsystems.test_affinity" name="test_add_graph_weight_ignores_negative_weight" time="0.000" /><testcase classname="tests.analytics.subsystems.test_affinity" name="test_graph_to_adjacency_empty" time="0.001" /><testcase classname="tests.analytics.subsystems.test_affinity" name="test_graph_to_adjacency_single_edge" time="0.000" /><testcase classname="tests.analytics.subsystems.test_affinity" name="test_graph_to_adjacency_multiple_edges" time="0.000" /><testcase classname="tests.analytics.compute.test_graphs_conversions.TestNormalizeDecimalId" name="test_converts_decimal_to_int[input_val3-999999999999999999]" time="0.001" /><testcase classname="tests.analytics.compute.test_graphs_conversions.TestNormalizeDecimalId" name="test_decodes_bytes[123-123]" time="0.001" /><testcase classname="tests.analytics.compute.test_graphs_conversions.TestNormalizeDecimalId" name="test_decodes_bytes[456-456]" time="0.001" /><testcase classname="tests.cli.test_build_cli.TestBuildRunHelp" name="test_run_help_shows_description" time="0.035" /><testcase classname="tests.analytics.compute.test_functions_complexity.TestComputeComplexityBasic" name="test_simple_function" time="0.001" /><testcase classname="tests.analytics.compute.test_functions_complexity.TestComputeComplexityBasic" name="test_function_with_if" time="0.001" /><testcase classname="tests.cli.test_cli_error_parity_apps" name="test_unknown_option_per_app[argv7---bogus]" time="0.010" /><testcase classname="tests.cli.test_cli_error_parity_apps" name="test_unknown_option_per_app[argv8---bogus]" time="0.008" /><testcase classname="tests.cli.test_cli_error_parity_apps" name="test_unknown_option_per_app[argv9---bogus]" time="0.008" /><testcase classname="tests.cli.test_cli_error_parity_apps" name="test_unknown_option_per_app[argv10---bogus]" time="0.007" /><testcase classname="tests.analytics.compute.test_functions_complexity.TestComputeComplexityBasic" name="test_function_with_nested_if" time="0.001" /><testcase classname="tests.analytics.compute.test_functions_complexity.TestComputeComplexityControlFlow" name="test_for_loop_adds_complexity" time="0.001" /><testcase classname="tests.analytics.compute.test_functions_complexity.TestComputeComplexityControlFlow" name="test_while_loop_adds_complexity" time="0.001" /><testcase classname="tests.analytics.compute.test_functions_complexity.TestComputeComplexityControlFlow" name="test_try_except_adds_complexity" time="0.000" /><testcase classname="tests.analytics.compute.test_functions_complexity.TestComputeComplexityControlFlow" name="test_and_or_add_complexity" time="0.001" /><testcase classname="tests.cli.test_cli_error_parity_apps" name="test_unknown_command_per_app[argv0-nonesuch]" time="0.002" /><testcase classname="tests.cli.test_cli_error_parity_apps" name="test_unknown_command_per_app[argv1-nonesuch]" time="0.002" /><testcase classname="tests.cli.test_cli_error_parity_apps" name="test_unknown_command_per_app[argv2-nonesuch]" time="0.002" /><testcase classname="tests.cli.test_cli_error_parity_apps" name="test_unknown_command_per_app[argv3-nonesuch]" time="0.002" /><testcase classname="tests.cli.test_cli_error_parity_apps" name="test_unknown_command_per_app[argv4-nonesuch]" time="0.002" /><testcase classname="tests.cli.test_cli_error_parity_apps" name="test_unknown_command_per_app[argv5-nonesuch]" time="0.003" /><testcase classname="tests.cli.test_cli_error_parity_apps" name="test_unknown_command_per_app[argv6-nonesuch]" time="0.002" /><testcase classname="tests.cli.test_cli_error_parity_apps" name="test_unknown_command_per_app[argv7-nonesuch]" time="0.002" /><testcase classname="tests.cli.test_cli_error_parity_apps" name="test_unknown_command_per_app[argv8-nonesuch]" time="0.003" /><testcase classname="tests.cli.test_cli_error_parity_apps" name="test_unknown_command_per_app[argv9-nonesuch]" time="0.002" /><testcase classname="tests.cli.test_cli_error_parity_apps" name="test_unknown_command_per_app[argv10-nonesuch]" time="0.002" /><testcase classname="tests.cli.test_cli_errors" name="test_unknown_option_normalized" time="0.011" /><testcase classname="tests.cli.test_cli_errors" name="test_unknown_command_normalized" time="0.003" /><testcase classname="tests.analytics.compute.test_graphs_centrality" name="test_betweenness_chain_middle_nodes_high" time="0.001" /><testcase classname="tests.cli.test_cli_errors" name="test_validation_error_exit_code" time="0.031" /><testcase classname="tests.cli.test_build_cli.TestBuildRunHelp" name="test_run_help_shows_options" time="0.041" /><testcase classname="tests.cli.test_op_dynamic_cli" name="test_classify_param_role_categorizes_correctly[max_nodes-advanced]" time="0.001" /><testcase classname="tests.cli.test_op_dynamic_cli" name="test_classify_param_role_categorizes_correctly[some_unknown_param-filter]" time="0.001" /><testcase classname="tests.cli.test_op_dynamic_cli" name="test_classify_param_role_with_graph_operation_context" time="0.001" /><testcase classname="tests.analytics.compute.test_graphs_wrappers" name="test_structural_metrics_and_paths" time="0.007" /><testcase classname="tests.cli.test_op_dynamic_cli" name="test_get_operations_with_cli_support_returns_list" time="0.001" /><testcase classname="tests.cli.test_op_dynamic_cli" name="test_get_backend_signature_for_known_operation" time="0.001" /><testcase classname="tests.cli.test_op_dynamic_cli" name="test_build_operation_cli_metadata_for_function_summary" time="0.001" /><testcase classname="tests.cli.test_op_dynamic_cli" name="test_op_help_shows_core_commands" time="0.001" /><testcase classname="tests.cli.test_op_dynamic_cli" name="test_operation_metadata_available" time="0.002" /><testcase classname="tests.cli.test_op_dynamic_cli" name="test_operation_validation_rejects_unknown" time="0.001" /><testcase classname="tests.cli.test_op_dynamic_cli" name="test_operation_validation_accepts_known" time="0.001" /><testcase classname="tests.cli.test_op_dynamic_cli" name="test_dynamic_op_numeric_coercion_and_failure" time="0.001" /><testcase classname="tests.cli.test_op_dynamic_cli" name="test_dynamic_op_required_vs_optional" time="0.001" /><testcase classname="tests.analytics.compute.test_dependencies_detection.TestBuildAliasMap" name="test_from_import_with_alias" time="0.001" /><testcase classname="tests.cli.test_typer_cli" name="test_build_help" time="0.034" /><testcase classname="tests.cli.test_op_dynamic_cli" name="test_operation_has_required_datasets" time="0.001" /><testcase classname="tests.cli.test_op_dynamic_cli" name="test_dynamic_op_help_available" time="0.073" /><testcase classname="tests.cli.test_op_dynamic_cli" name="test_dynamic_op_env_path_heuristics" time="0.002" /><testcase classname="tests.cli.test_op_dynamic_cli" name="test_dynamic_op_output_and_input_paths" time="0.001" /><testcase classname="tests.cli.test_op_dynamic_cli" name="test_op_list_succeeds_with_defaults" time="0.011" /><testcase classname="tests.cli.tes
[...]
"tests.storage.test_sql_primitives" name="test_query_builder_delete_with_safe_table" time="0.000" /><testcase classname="tests.storage.test_sql_primitives" name="test_query_builder_delete_in_basic" time="0.000" /><testcase classname="tests.storage.test_sql_primitives" name="test_query_builder_delete_in_single_value" time="0.000" /><testcase classname="tests.storage.test_sql_primitives" name="test_query_builder_delete_in_with_safe_column" time="0.001" /><testcase classname="tests.storage.test_sql_primitives" name="test_query_builder_select_all_basic" time="0.000" /><testcase classname="tests.storage.test_sql_primitives" name="test_query_builder_select_all_with_safe_table" time="0.000" /><testcase classname="tests.storage.test_module_index" name="test_load_module_map_returns_empty_on_no_match" time="6.296" /><testcase classname="tests.analytics.adapters.test_profiles_adapter" name="test_file_profile_adapter_persist_single_row" time="6.315" /><testcase classname="tests.analytics.adapters.test_subsystems_adapter" name="test_subsystem_modules_adapter_persist_empty" time="6.312" /><testcase classname="tests.storage.test_metadata_bootstrap" name="test_ingest_macro_coverage_returns_present_and_missing" time="6.339" /><testcase classname="tests.storage.test_metadata_bootstrap" name="test_validate_dataset_schema_registry_detects_drift" time="6.358" /><testcase classname="tests.storage.test_metadata_bootstrap" name="test_validate_macro_registry_with_missing_entry" time="6.315" /><testcase classname="tests.storage.test_run_registry.TestCompleteRun" name="test_complete_run_updates_status" time="0.019" /><testcase classname="tests.storage.test_sql_primitives" name="test_query_builder_delete_repo_commit_with_safe_table" time="0.001" /><testcase classname="tests.storage.test_sql_primitives" name="test_build_delete_query_returns_query_when_has_scope" time="0.000" /><testcase classname="tests.storage.test_sql_primitives" name="test_build_delete_query_returns_none_when_no_scope" time="0.000" /><testcase classname="tests.storage.test_sql_primitives" name="test_prepared_statements_creates_with_required_field" time="0.000" /><testcase classname="tests.storage.test_sql_primitives" name="test_prepared_statements_creates_with_all_fields" time="0.000" /><testcase classname="tests.storage.test_sql_primitives" name="test_prepared_statements_is_frozen" time="0.000" /><testcase classname="tests.storage.test_sql_primitives" name="test_render_sql_joins_parts_with_spaces" time="0.000" /><testcase classname="tests.storage.test_sql_primitives" name="test_render_sql_filters_empty_parts" time="0.001" /><testcase classname="tests.storage.test_sql_primitives" name="test_render_sql_handles_single_part" time="0.000" /><testcase classname="tests.storage.test_sql_primitives" name="test_render_sql_handles_empty_list" time="0.000" /><testcase classname="tests.storage.test_sql_primitives" name="test_quote_identifier_quotes_simple" time="0.000" /><testcase classname="tests.storage.test_sql_primitives" name="test_quote_identifier_quotes_underscore_prefix" time="0.000" /><testcase classname="tests.storage.test_sql_primitives" name="test_quote_identifier_rejects_unsafe[]" time="0.001" /><testcase classname="tests.storage.test_sql_primitives" name="test_quote_identifier_rejects_unsafe[1foo]" time="0.000" /><testcase classname="tests.storage.test_sql_primitives" name="test_quote_identifier_rejects_unsafe[foo-bar]" time="0.001" /><testcase classname="tests.storage.test_sql_primitives" name="test_quote_identifier_rejects_unsafe[foo;drop]" time="0.000" /><testcase classname="tests.storage.test_sql_primitives" name="test_quote_identifier_rejects_unsafe[foo bar]" time="0.000" /><testcase classname="tests.storage.test_sql_primitives" name="test_quote_identifier_rejects_unsafe[foo.bar]" time="0.000" /><testcase classname="tests.storage.test_sql_primitives" name="test_quote_table_key_quotes_schema_and_table" time="0.000" /><testcase classname="tests.storage.test_sql_primitives" name="test_quote_table_key_rejects_invalid[]" time="0.001" /><testcase classname="tests.storage.test_sql_primitives" name="test_quote_table_key_rejects_invalid[table_only]" time="0.000" /><testcase classname="tests.storage.test_sql_primitives" name="test_quote_table_key_rejects_invalid[a..b]" time="0.000" /><testcase classname="tests.storage.test_sql_primitives" name="test_quote_table_key_rejects_invalid[.table]" time="0.000" /><testcase classname="tests.storage.test_sql_primitives" name="test_quote_table_key_rejects_invalid[schema.]" time="0.000" /><testcase classname="tests.storage.test_sql_primitives" name="test_quote_table_key_rejects_invalid[a.b.c]" time="0.001" /><testcase classname="tests.storage.test_sql_primitives" name="test_macro_select_sql_builds_select" time="0.000" /><testcase classname="tests.storage.test_sql_primitives" name="test_macro_select_sql_preserves_placeholders" time="0.000" /><testcase classname="tests.storage.test_sql_primitives" name="test_macro_select_sql_rejects_unqualified" time="0.001" /><testcase classname="tests.storage.test_sql_primitives" name="test_safe_macro_call_generates_sql_and_preserves_args" time="0.000" /><testcase classname="tests.storage.test_sql_primitives" name="test_safe_macro_call_validates_against_allowlist" time="0.000" /><testcase classname="tests.storage.test_sql_primitives" name="test_safe_macro_call_rejects_non_allowlisted" time="0.001" /><testcase classname="tests.storage.test_sql_primitives" name="test_safe_macro_call_allows_any_without_allowlist" time="0.000" /><testcase classname="tests.storage.test_sql_primitives" name="test_build_insert_sql_builds_basic" time="0.000" /><testcase classname="tests.storage.test_sql_primitives" name="test_build_insert_sql_single_column" time="0.000" /><testcase classname="tests.storage.test_sql_primitives" name="test_build_insert_sql_identifier_already_quoted" time="0.000" /><testcase classname="tests.storage.test_ingest_macros" name="test_macro_registry_hashes" time="6.340" /><testcase classname="tests.storage.test_ingest_macros_end_to_end" name="test_architecture_seed_helper_has_macros[True]" time="6.993" /><testcase classname="tests.storage.test_gateway_accessors" name="test_gateway_table_returns_relation" time="6.326" /><testcase classname="tests.storage.test_run_registry_integration.TestGatewayRunsApi" name="test_record_steps_with_gateway" time="0.775" /><testcase classname="tests.storage.test_gateway_accessors" name="test_accessors_share_same_connection" time="6.263" /><testcase classname="tests.storage.test_normalized_macros" name="test_normalized_macros_execute" time="6.275" /><testcase classname="tests.storage.test_run_tracking" name="test_pipeline_run_record_stores_fields" time="0.000" /><testcase classname="tests.storage.test_normalized_macros" name="test_render_macro_valid_table_key" time="0.001" /><testcase classname="tests.storage.test_run_tracking" name="test_start_run_inserts_record" time="6.280" /><testcase classname="tests.storage.test_run_tracking" name="test_complete_run_with_error_summary" time="6.240" /><testcase classname="tests.storage.test_run_tracking" name="test_fetch_run_returns_none_for_missing" time="6.257" /><testcase classname="tests.storage.test_normalized_macros" name="test_normalized_macros_defined" time="6.267" /><testcase classname="tests.storage.test_graphs_repository" name="test_get_incoming_callgraph_neighbors_returns_empty_list" time="6.366" /><testcase classname="tests.storage.test_run_tracking" name="test_record_step_with_none_row_counts" time="6.378" /><testcase classname="tests.storage.test_graphs_repository" name="test_graph_repository_inherits_base_repository" time="6.403" /><testcase classname="tests.storage.test_run_tracking" name="test_fetch_steps_returns_list" time="6.394" /><testcase classname="tests.storage.test_graphs_repository" name="test_get_incoming_callgraph_neighbors_with_data" time="6.464" /><testcase classname="tests.storage.test_normalized_macros" name="test_normalized_macro_schema_validation" time="6.407" /><testcase classname="tests.storage.test_normalized_macros" name="test_dataset_rows_only_tables_parse" time="6.383" /><testcase classname="tests.storage.test_schema_helpers" name="test_json_schema_from_typeddict_round_trip" time="0.001" /><testcase classname="tests.storage.test_schema_helpers" name="test_build_validator_accepts_mapping" time="0.001" /><testcase classname="tests.test_pipeline_smoke" name="test_build_export_smoke" time="0.001"><skipped type="pytest.xfail" message="Build smoke test currently fails in function_effects catalog integration" /></testcase><testcase classname="tests.test_testing_contract" name="test_testing_charter_forbidden_patterns" time="0.073"><failure message="AssertionError: Testing charter violations detected:&#10;monkeypatch: /home/paul/CodeIntel/tests/cli/conftest.py&#10;monkeypatch: /home/paul/CodeIntel/tests/cli/test_build_command.py&#10;monkeypatch: /home/paul/CodeIntel/tests/cli/test_common_module.py&#10;monkeypatch: /home/paul/CodeIntel/tests/cli/test_project_module.py&#10;monkeypatch: /home/paul/CodeIntel/tests/cli/test_storage_command.py&#10;monkeypatch: /home/paul/CodeIntel/tests/core/plugins/test_registry_base.py">def test_testing_charter_forbidden_patterns() -&gt; None:
        """
        Fail fast when tests use forbidden patching or path hacks.
    
        Enforces the charter: no monkeypatching/runtime patching, no sys.path edits,
        and no imports of underscore-prefixed production symbols from tests.
    
        Raises
        ------
        AssertionError
            If any forbidden pattern is detected in the test suite.
        """
        violations: list[str] = []
        for path in _iter_test_files():
            content = path.read_text(encoding="utf-8")
            for label, pattern in FORBIDDEN_PATTERNS.items():
                if pattern.search(content):
                    violations.append(f"{label}: {path}")
        if violations:
            message = "Testing charter violations detected:\n" + "\n".join(sorted(violations))
&gt;           raise AssertionError(message)
E           AssertionError: Testing charter violations detected:
E           monkeypatch: /home/paul/CodeIntel/tests/cli/conftest.py
E           monkeypatch: /home/paul/CodeIntel/tests/cli/test_build_command.py
E           monkeypatch: /home/paul/CodeIntel/tests/cli/test_common_module.py
E           monkeypatch: /home/paul/CodeIntel/tests/cli/test_project_module.py
E           monkeypatch: /home/paul/CodeIntel/tests/cli/test_storage_command.py
E           monkeypatch: /home/paul/CodeIntel/tests/core/plugins/test_registry_base.py

tests/test_testing_contract.py:47: AssertionError</failure></testcase><testcase classname="tests.storage.test_module_index" name="test_load_module_map_normalizes_path_with_leading_slash" time="6.400" /><testcase classname="tests.test_tests_analytics_unit" name="test_backfill_test_goids_updates_catalog" time="1.858" /><testcase classname="tests.test_tests_analytics_unit" name="test_edges_for_file_uses_test_meta" time="0.001" /><testcase classname="tests.storage.test_run_tracking" name="test_complete_step_updates_step" time="6.428" /><testcase classname="tests.storage.test_schema_helpers" name="test_validate_row_with_schema_passes_valid_data" time="0.001" /><testcase classname="tests.storage.test_normalized_macros" name="test_macro_schemas_match_table_definitions" time="6.453" /><testcase classname="tests.storage.test_normalized_macros" name="test_normalized_macro_latency_smoke[graph.call_graph_edges]" time="6.460" /><testcase classname="tests.storage.test_schema_roundtrip" name="test_call_graph_edge_round_trip" time="0.362" /><testcase classname="tests.storage.test_schema_roundtrip" name="test_behavioral_coverage_round_trip" time="0.395" /><testcase classname="tests.storage.test_schema_roundtrip" name="test_generate_export_schemas_writes_files" time="8.719" /><testcase classname="tests.storage.test_module_index" name="test_load_module_map_filters_by_language" time="6.461" /><testcase classname="tests.storage.test_sql_builder" name="test_quote_identifier_rejects_invalid[]" time="0.001" /><testcase classname="tests.storage.test_ingest_prepared_dynamic" name="test_dynamic_prepared_statements_match_registry" time="6.488" /><testcase classname="tests.storage.test_sql_builder" name="test_quote_identifier_rejects_invalid[1foo]" time="0.001" /><testcase classname="tests.storage.test_sql_primitives" name="test_query_builder_count_executes_on_real_db" time="6.524" /><testcase classname="tests.storage.test_sql_primitives" name="test_query_builder_count_null_basic" time="0.001" /><testcase classname="tests.storage.test_sql_primitives" name="test_query_builder_select_all_executes_on_real_db" time="6.506" /><testcase classname="tests.storage.test_sql_primitives" name="test_query_builder_insert_basic" time="0.001" /><testcase classname="tests.storage.test_module_index" name="test_load_module_map_uses_custom_logger" time="6.534" /><testcase classname="tests.storage.test_sql_primitives" name="test_query_builder_insert_single_column" time="0.001" /><testcase classname="tests.analytics.adapters.test_profiles_adapter" name="test_file_profile_adapter_persist_multiple_rows" time="6.563" /><testcase classname="tests.analytics.adapters.test_subsystems_adapter" name="test_subsystem_modules_adapter_persist_single" time="6.564" /><testcase classname="tests.storage.test_metadata_bootstrap" name="test_validate_dataset_schema_registry_success" time="6.561" /><testcase classname="tests.storage.test_sql_primitives" name="test_query_builder_insert_with_safe_columns" time="0.001" /><testcase classname="tests.storage.test_metadata_bootstrap" name="test_validate_normalized_macro_schemas_success" time="6.575" /><testcase classname="tests.storage.test_sql_primitives" name="test_query_builder_delete_repo_commit_basic" time="0.001" /><testcase classname="tests.storage.test_sql_primitives" name="test_build_insert_sql_executes_on_real_db" time="6.550" /><testcase classname="tests.storage.test_sql_builder" name="test_quote_identifier_validates_simple_names" time="0.001" /><testcase classname="tests.storage.test_run_tracking" name="test_fetch_steps_orders_by_module_stage_name" time="6.599" /><testcase classname="tests.storage.tracking.test_build_tracking.TestOutputManifestOperations" name="test_save_and_load_manifest" time="6.583" /><testcase classname="tests.storage.test_sql_primitives" name="test_delete_in_removes_specific_rows" time="6.651" /><testcase classname="tests.storage.tracking.test_build_tracking.TestOutputManifestOperations" name="test_upsert_manifest" time="6.630" /><testcase classname="tests.storage.test_run_tracking" name="test_complete_run_updates_status" time="6.646" /><testcase classname="tests.storage.test_run_tracking" name="test_fetch_run_returns_record" time="6.661" /><testcase classname="tests.storage.test_run_tracking" name="test_record_step_inserts_step" time="6.614" /><testcase classname="tests.storage.test_run_tracking" name="test_start_step_returns_timestamp" time="6.552" /><testcase classname="tests.storage.test_schema_alignment" name="test_ensure_schemas_preserve_creates_tables_idempotently" time="6.605" /><testcase classname="tests.storage.test_schema_alignment" name="test_apply_and_validate_schema_alignment" time="6.753" /><testcase classname="tests.storage.test_schema_alignment" name="test_ensure_schemas_preserve_with_extra_ddl" time="6.592" /><testcase classname="tests.storage.test_schema_alignment" name="test_assert_schema_alignment_detects_drift_nonstrict" time="6.775" /><testcase classname="tests.test_core_dependency_hygiene" name="test_core_imports_are_stdlib_only" time="0.001" /><testcase classname="tests.storage.test_schema_alignment" name="test_create_schemas_creates_all_namespaces" time="6.593" /><testcase classname="tests.test_layering_serving_imports" name="test_no_serving_imports_in_middle_packages" time="1.013" /><testcase classname="tests.storage.test_module_index" name="test_load_module_map_handles_multiple_modules_same_path" time="6.544" /><testcase classname="tests.storage.test_schema_helpers" name="test_apply_all_schemas_creates_function_validation" time="6.462" /><testcase classname="tests.test_tests_analytics_unit" name="test_compute_test_coverage_edges_with_real_coverage" time="5.473" /><testcase classname="tests.analytics.adapters.test_profiles_adapter" name="test_module_profile_adapter_table_name" time="6.585" /><testcase classname="tests.analytics.adapters.test_subsystems_adapter" name="test_subsystem_modules_adapter_persist_multiple" time="6.573" /><testcase classname="tests.storage.test_sql_primitives" name="test_count_after_insert" time="6.555" /><testcase classname="tests.storage.test_sql_primitives" name="test_select_all_returns_data" time="6.566" /><testcase classname="tests.storage.test_sql_primitives" name="test_delete_removes_rows" time="6.526" /><testcase classname="tests.storage.tracking.test_build_tracking.TestOutputManifestOperations" name="test_load_nonexistent_manifest" time="6.544" /><testcase classname="tests.storage.test_subsystem_view_schema_drift" name="test_subsystem_docs_views_schema_stable" time="6.591" /><testcase classname="tests.storage.tracking.test_build_tracking.TestOutputManifestOperations" name="test_list_manifests" time="6.614" /><testcase classname="tests.storage.tracking.test_build_tracking.TestOutputManifestOperations" name="test_delete_manifests" time="6.611" /><testcase classname="tests.storage.tracking.test_build_tracking.TestBuildRunOperations" name="test_start_and_fetch_run" time="6.596" /><testcase classname="tests.storage.tracking.test_build_tracking.TestBuildRunOperations" name="test_fetch_nonexistent_run" time="6.614" /><testcase classname="tests.test_tests_analytics_unit" name="test_compute_test_coverage_edges_respects_injected_loader" time="5.532" /><testcase classname="tests.storage.tracking.test_build_tracking.TestBuildRunOperations" name="test_complete_run_succeeded" time="6.543" /><testcase classname="tests.storage.tracking.test_build_tracking.TestBuildRunOperations" name="test_complete_run_failed" time="6.635" /><testcase classname="tests.storage.tracking.test_build_tracking.TestBuildRunOperations" name="test_list_runs_with_limit" time="6.655" /><testcase classname="tests.storage.tracking.test_build_tracking.TestBuildRunOperations" name="test_list_runs" time="6.646" /><testcase classname="tests.analytics.adapters.test_profiles_adapter" name="test_module_profile_adapter_load_raises" time="6.536" /><testcase classname="tests.analytics.adapters.test_subsystems_adapter" name="test_subsystem_modules_adapter_persist_verifies_data" time="6.511" /><testcase classname="tests.analytics.compute.test_coverage_functions" name="test_compute_coverage_functions_populates_metrics" time="0.862" /><testcase classname="tests.analytics.compute.test_coverage_functions" name="test_compute_coverage_functions_idempotent_for_snapshot" time="0.865" /><testcase classname="tests.analytics.compute.test_data_model_usage" name="test_compute_data_model_usage_records_multiple_kinds" time="0.867" /><testcase classname="tests.analytics.compute.test_dependencies_classification" name="test_classify_modes_prioritizes_specific_matchers" time="0.000" /><testcase classname="tests.analytics.compute.test_dependencies_classification" name="test_severity_and_risk_scores" time="0.000" /><testcase classname="tests.analytics.compute.test_dependencies_classification" name="test_risk_level_balances_modes_and_frequency" time="0.000" /><testcase classname="tests.analytics.compute.test_dependencies_detection.TestSeverityScore" name="test_known_severities[critical-4.0]" time="0.001" /><testcase classname="tests.analytics.adapters.test_profiles_adapter" name="test_module_profile_adapter_persist_empty" time="4.159" /><testcase classname="tests.analytics.adapters.test_profiles_adapter" name="test_module_profile_adapter_persist_single_row" time="4.039" /></testsuite></testsuites>