<?xml version="1.0" encoding="utf-8"?><testsuites name="pytest tests"><testsuite name="pytest" errors="0" failures="0" skipped="0" tests="117" time="17.592" timestamp="2025-12-04T21:44:29.070649-05:00" hostname="paul-X870-AORUS-ELITE-WIFI7"><testcase classname="tests.orchestration.test_step_registry" name="test_step_metadata" time="0.001" /><testcase classname="tests.orchestration.test_step_registry" name="test_list_by_phase[StepPhase.ANALYTICS-expected_names1]" time="0.001" /><testcase classname="tests.orchestration.test_step_registry" name="test_expand_with_deps_unknown_step" time="0.001" /><testcase classname="tests.orchestration.test_step_registry" name="test_iteration" time="0.001" /><testcase classname="tests.orchestration.test_unified_pipeline" name="test_custom_pipeline_spec" time="0.000" /><testcase classname="tests.orchestration.test_step_registry" name="test_registry_contains_all_steps" time="0.001" /><testcase classname="tests.orchestration.test_unified_pipeline" name="test_optional_stage_spec" time="0.001" /><testcase classname="tests.orchestration.test_unified_pipeline" name="test_executor_exports" time="0.001" /><testcase classname="tests.orchestration.test_unified_pipeline" name="test_get_pipeline_spec_found" time="0.001" /><testcase classname="tests.orchestration.test_unified_pipeline" name="test_graphs_only_has_one_stage" time="0.001" /><testcase classname="tests.orchestration.test_unified_pipeline" name="test_spec_exports" time="0.001" /><testcase classname="tests.orchestration.test_graph_metrics_step" name="test_graph_metrics_step_runs_plugins" time="2.070" /><testcase classname="tests.orchestration.test_step_registry" name="test_topological_order_cycle_detection" time="0.001" /><testcase classname="tests.pipeline.test_op_planner.TestBuildPipelineForOperation" name="test_datasets_list_is_noop" time="0.001" /><testcase classname="tests.orchestration.test_pipeline_runner" name="test_run_export_docs_invokes_validator_before_export" time="5.580" /><testcase classname="tests.orchestration.test_pipeline_runner" name="test_cli_docs_export_with_validation" time="8.263" /><testcase classname="tests.orchestration.test_pipeline_catalog_reuse" name="test_steps_share_function_catalog" time="5.739" /><testcase classname="tests.orchestration.test_step_registry" name="test_list_all" time="0.001" /><testcase classname="tests.orchestration.test_graph_engine_sharing" name="test_graph_engine_reused_with_backend_flags" time="1.968" /><testcase classname="tests.orchestration.test_unified_pipeline" name="test_full_pipeline_has_all_stages" time="0.001" /><testcase classname="tests.orchestration.test_pipeline_runner" name="test_export_args_dataclass" time="0.001" /><testcase classname="tests.orchestration.test_pipeline_runner" name="test_run_pipeline_with_retries_executes_steps_in_order" time="5.415" /><testcase classname="tests.orchestration.test_risk_factors_catalog_fallback" name="test_risk_factors_uses_catalog_modules_when_core_modules_empty" time="5.505" /><testcase classname="tests.orchestration.test_step_registry" name="test_dependency_graph" time="0.001" /><testcase classname="tests.orchestration.test_step_registry" name="test_topological_order" time="0.000" /><testcase classname="tests.orchestration.test_step_registry" name="test_run_records_context_repo" time="0.000" /><testcase classname="tests.orchestration.test_step_registry" name="test_all_steps_have_required_attributes" time="0.000" /><testcase classname="tests.orchestration.test_graph_engine_sharing" name="test_graph_runtime_reuses_engine" time="1.624" /><testcase classname="tests.pipeline.test_op_planner.TestBuildPipelineForOperation" name="test_function_summary_maps_to_full_pipeline" time="0.001" /><testcase classname="tests.pipeline.test_op_planner.TestBuildPipelineForOperation" name="test_profiles_function_requires_full_pipeline" time="0.002" /><testcase classname="tests.orchestration.test_step_registry" name="test_get_step" time="0.001" /><testcase classname="tests.orchestration.test_unified_pipeline" name="test_list_pipeline_specs" time="0.001" /><testcase classname="tests.orchestration.test_unified_pipeline" name="test_stage_descriptions_preserved" time="0.000" /><testcase classname="tests.orchestration.test_unified_pipeline" name="test_planner_exports" time="0.000" /><testcase classname="tests.orchestration.test_step_registry" name="test_list_by_phase[StepPhase.EXPORT-expected_names2]" time="0.001" /><testcase classname="tests.orchestration.test_unified_pipeline" name="test_ingest_only_has_one_stage" time="0.000" /><testcase classname="tests.orchestration.test_unified_pipeline" name="test_get_pipeline_spec_not_found" time="0.000" /><testcase classname="tests.orchestration.test_step_registry" name="test_list_by_phase[StepPhase.INGESTION-expected_names0]" time="0.000" /><testcase classname="tests.orchestration.test_pipeline_runner" name="test_gateway_cache_operations" time="5.444" /><testcase classname="tests.orchestration.test_step_registry" name="test_as_dict" time="0.000" /><testcase classname="tests.pipeline.test_op_planner.TestBuildPipelineForOperation" name="test_unknown_operation_raises_value_error" time="0.001" /><testcase classname="tests.pipeline.test_op_planner.TestBuildPipelineForOperation" name="test_include_analytics_false_excludes_analytics" time="0.001" /><testcase classname="tests.orchestration.test_unified_pipeline" name="test_analytics_only_has_one_stage" time="0.000" /><testcase classname="tests.orchestration.test_step_registry" name="test_expand_with_deps" time="0.000" /><testcase classname="tests.pipeline.test_op_planner.TestBuildPrereqSummary" name="test_summary_contains_required_graphs" time="0.001" /><testcase classname="tests.pipeline.test_op_planner.TestNOOPPipelineSpec" name="test_noop_pipeline_has_no_stages" time="0.000" /><testcase classname="tests.orchestration.test_step_registry" name="test_phase_coverage" time="0.000" /><testcase classname="tests.pipeline.test_op_planner.TestBuildPrereqSummary" name="test_returns_op_prereq_summary" time="0.001" /><testcase classname="tests.pipeline.test_op_planner.TestBuildPrereqSummary" name="test_summary_partitions_tables" time="0.001" /><testcase classname="tests.orchestration.test_step_registry" name="test_getitem_raises_keyerror" time="0.000" /><testcase classname="tests.pipeline.test_op_planner.TestBuildPrereqSummary" name="test_summary_for_noop_operation" time="0.001" /><testcase classname="tests.pipeline.test_op_planner.TestOperationCatalogCoverage" name="test_operation_spec_mapping_full[graph.call_neighbors-full]" time="0.001" /><testcase classname="tests.orchestration.test_unified_pipeline" name="test_stage_required_defaults_to_true" time="0.000" /><testcase classname="tests.pipeline.test_op_planner.TestBuildPrereqSummary" name="test_unknown_operation_raises_value_error" time="0.001" /><testcase classname="tests.pipeline.test_op_planner.TestDependencyExpansionViaPrereqSummary" name="test_expansion_preserves_unknown_tables" time="0.001" /><testcase classname="tests.pipeline.test_op_planner.TestNOOPPipelineSpec" name="test_noop_pipeline_id" time="0.000" /><testcase classname="tests.pipeline.test_op_planner.TestOperationCatalogCoverage" name="test_operation_spec_mapping_noop[datasets.specs-noop]" time="0.001" /><testcase classname="tests.pipeline.test_op_planner.TestGraphRequirements" name="test_importgraph_requirement_triggers_graphs_stage" time="0.001" /><testcase classname="tests.pipeline.test_op_planner.TestOperationCatalogCoverage" name="test_operation_spec_mapping_full[profiles.function-full]" time="0.002" /><testcase classname="tests.pipeline.test_op_planner.TestBuildPipelineForOperation" name="test_graph_operation_requires_full_pipeline" time="0.001" /><testcase classname="tests.pipeline.test_operation_prereqs.TestBuildPipelineForOperationIntegration" name="test_datasets_list_prereqs_is_noop" time="0.001" /><testcase classname="tests.pipeline.test_op_planner.TestOperationCatalogCoverage" name="test_operation_spec_mapping_noop[file.summary-noop]" time="0.001" /><testcase classname="tests.pipeline.test_op_planner.TestDependencyExpansionViaPrereqSummary" name="test_expansion_includes_original_tables" time="0.001" /><testcase classname="tests.pipeline.test_op_planner.TestOperationCatalogCoverage" name="test_operation_spec_mapping_noop[datasets.list-noop]" time="0.001" /><testcase classname="tests.pipeline.test_operation_prereqs.TestBuildPipelineForOperationIntegration" name="test_function_summary_prereqs_requires_full" time="0.001" /><testcase classname="tests.pipeline.test_op_planner.TestOperationCatalogCoverage" name="test_operation_spec_mapping_full[function.summary-full]" time="0.001" /><testcase classname="tests.pipeline.test_operation_prereqs.TestBuildPipelineForOperationIntegration" name="test_health_status_prereqs_is_noop" time="0.001" /><testcase classname="tests.pipeline.test_run_registry_integration.TestNewRunContextIntegration" name="test_new_run_context_for_ingest" time="0.001" /><testcase classname="tests.pipeline.test_run_registry.TestStartAndFetchRun" name="test_fetch_nonexistent_run" time="0.012" /><testcase classname="tests.pipeline.test_run_registry.TestRecordStep" name="test_fetch_steps_empty" time="0.023" /><testcase classname="tests.pipeline.test_run_registry.TestStartAndFetchRun" name="test_start_run_replaces_existing" time="0.028" /><testcase classname="tests.pipeline.test_run_registry.TestStartAndFetchRun" name="test_start_run_creates_record" time="0.023" /><testcase classname="tests.pipeline.test_run_registry.TestCompleteRun" name="test_complete_run_updates_status" time="0.025" /><testcase classname="tests.pipeline.test_run_registry.TestCompleteRun" name="test_complete_run_with_error" time="0.024" /><testcase classname="tests.pipeline.test_operation_prereqs.TestRunTracking" name="test_run_record_created_for_noop" time="1.121" /><testcase classname="tests.pipeline.test_run_registry.TestStartAndCompleteStep" name="test_start_step_creates_running_record" time="0.023" /><testcase classname="tests.pipeline.test_operation_prereqs.TestTriggerKinds" name="test_trigger_kind_recorded[cli]" time="1.166" /><testcase classname="tests.pipeline.test_operation_prereqs.TestOpPrereqsRunKind" name="test_noop_operation_has_op_prereqs_kind" time="1.193" /><testcase classname="tests.pipeline.test_operation_prereqs.TestTriggerKinds" name="test_trigger_kind_recorded[mcp]" time="1.199" /><testcase classname="tests.pipeline.test_operation_prereqs.TestEnsurePrerequisitesForOperationNoop" name="test_noop_records_no_steps" time="1.216" /><testcase classname="tests.pipeline.test_operation_prereqs.TestTriggerKinds" name="test_trigger_kind_recorded[http]" time="1.223" /><testcase classname="tests.pipeline.test_run_registry_integration.TestNewRunContextIntegration" name="test_new_run_context_for_analytics" time="0.001" /><testcase classname="tests.pipeline.test_operation_prereqs.TestErrorHandling" name="test_unknown_operation_raises_value_error" time="1.216" /><testcase classname="tests.pipeline.test_run_registry.TestRecordStep" name="test_record_step_replaces_existing" time="0.041" /><testcase classname="tests.pipeline.test_operation_prereqs.TestEnsurePrerequisitesForOperationNoop" name="test_health_status_prereqs_succeeds" time="1.238" /><testcase classname="tests.pipeline.test_run_registry_integration.TestFullRunLifecycle" name="test_failed_run_lifecycle" time="1.206" /><testcase classname="tests.pipeline.test_run_registry.TestDataclasses" name="test_pipeline_step_record_frozen" time="0.000" /><testcase classname="tests.pipeline.test_run_registry.TestDataclasses" name="test_pipeline_run_record_frozen" time="0.001" /><testcase classname="tests.pipeline.test_operation_prereqs.TestRunTracking" name="test_run_has_completed_at_timestamp" time="1.269" /><testcase classname="tests.pipeline.test_operation_prereqs.TestEnsurePrerequisitesForOperationNoop" name="test_datasets_list_prereqs_is_noop_succeeds" time="1.274" /><testcase classname="tests.pipeline.test_run_registry_integration.TestNewRunContextIntegration" name="test_new_run_context_for_graphs" time="0.001" /><testcase classname="tests.pipeline.test_run_registry_integration.TestFullRunLifecycle" name="test_multi_engine_run_lifecycle" time="1.256" /><testcase classname="tests.pipeline.test_operation_prereqs.TestTriggerKinds" name="test_trigger_kind_recorded[api]" time="1.278" /><testcase classname="tests.pipeline.test_operation_prereqs.TestOpPrereqsRunKind" name="test_run_id_prefix_matches_op_prereqs" time="1.301" /><testcase classname="tests.pipeline.test_run_registry.TestStartAndCompleteStep" name="test_complete_step_updates_record" time="0.025" /><testcase classname="tests.pipeline.test_run_registry.TestRecordStep" name="test_record_step_creates_record" time="0.023" /><testcase classname="tests.pipeline.test_run_registry.TestMultipleSteps" name="test_run_with_multiple_steps" time="0.026" /><testcase classname="tests.pipeline.test_run_registry_integration.TestGatewayRunsApi" name="test_complete_run_with_gateway" time="1.330" /><testcase classname="tests.orchestration.test_graph_engine_sharing" name="test_runtime_reuse_with_graph_context" time="0.995" /><testcase classname="tests.orchestration.test_graph_engine_sharing" name="test_engine_reuse_across_semantic_roles" time="0.959" /><testcase classname="tests.pipeline.test_run_registry_integration.TestGatewayRunsApi" name="test_start_and_fetch_run_with_gateway" time="0.859" /><testcase classname="tests.pipeline.test_run_registry_integration.TestGatewayRunsApi" name="test_record_steps_with_gateway" time="0.856" /><testcase classname="tests.orchestration.test_unified_pipeline" name="test_ingest_only_records_run" time="2.478" /><testcase classname="tests.orchestration.test_unified_pipeline" name="test_run_tracking_persisted" time="1.588" /><testcase classname="tests.orchestration.test_pipeline_runner" name="test_run_pipeline_with_selected_steps" time="5.032" /><testcase classname="tests.pipeline.test_op_planner.TestGraphRequirements" name="test_callgraph_requirement_triggers_graphs_stage" time="0.001" /><testcase classname="tests.orchestration.test_step_registry" name="test_build_registry_from_dicts" time="0.000" /><testcase classname="tests.orchestration.test_pipeline_runner" name="test_run_full_pipeline_preflight_only" time="7.994" /><testcase classname="tests.orchestration.test_pipeline_runner" name="test_runner_module_imports" time="0.000" /><testcase classname="tests.orchestration.test_unified_pipeline" name="test_build_plan_for_full_pipeline" time="6.465" /><testcase classname="tests.pipeline.test_op_planner.TestOperationCatalogCoverage" name="test_operation_spec_mapping_noop[health.status-noop]" time="0.001" /><testcase classname="tests.orchestration.test_unified_pipeline" name="test_build_plan_for_ingest_only" time="6.508" /><testcase classname="tests.orchestration.test_unified_pipeline" name="test_build_plan_for_analytics_only" time="6.517" /><testcase classname="tests.orchestration.test_pipeline_catalog_entrypoint" name="test_pipeline_steps_use_function_catalog" time="5.117" /><testcase classname="tests.orchestration.test_pipeline_runner" name="test_history_timeseries_params_dataclass" time="0.000" /><testcase classname="tests.orchestration.test_unified_pipeline" name="test_build_plan_for_graphs_only" time="6.130" /><testcase classname="tests.orchestration.test_unified_pipeline" name="test_plan_run_id_uses_kind_prefix" time="6.122" /></testsuite></testsuites>