<?xml version="1.0" encoding="utf-8"?><testsuites name="pytest tests"><testsuite name="pytest" errors="77" failures="46" skipped="1" tests="406" time="34.470" timestamp="2025-11-30T23:42:34.784798-05:00" hostname="paul-X870-AORUS-ELITE-WIFI7"><testcase classname="" name="tests._helpers.test_gateway_fixtures" time="0.000"><error message="collection failure">ImportError while importing test module '/home/paul/CodeIntel/tests/_helpers/test_gateway_fixtures.py'.
Hint: make sure your test modules/packages have valid Python names.
Traceback:
../.local/share/uv/python/cpython-3.13.9-linux-x86_64-gnu/lib/python3.13/importlib/__init__.py:88: in import_module
    return _bootstrap._gcd_import(name[level:], package, level)
           ^^^^^^^^^^^^^^^^^^^^^^^^^^^^^^^^^^^^^^^^^^^^^^^^^^^^
tests/_helpers/test_gateway_fixtures.py:12: in &lt;module&gt;
    from tests._helpers.gateway import build_duckdb_backend, build_scope_parsing_service
tests/_helpers/gateway.py:10: in &lt;module&gt;
    from codeintel.serving.backend.duckdb_service import DuckDBQueryService
src/codeintel/serving/backend/__init__.py:5: in &lt;module&gt;
    from codeintel.serving.backend.duckdb_service import DuckDBQueryService
src/codeintel/serving/backend/duckdb_service.py:21: in &lt;module&gt;
    from codeintel.serving.mcp.models import (
E   ImportError: cannot import name 'FileProfileRow' from 'codeintel.serving.mcp.models' (/home/paul/CodeIntel/src/codeintel/serving/mcp/models.py)</error></testcase><testcase classname="" name="tests.analytics.test_cli_parser" time="0.000"><error message="collection failure">ImportError while importing test module '/home/paul/CodeIntel/tests/analytics/test_cli_parser.py'.
Hint: make sure your test modules/packages have valid Python names.
Traceback:
../.local/share/uv/python/cpython-3.13.9-linux-x86_64-gnu/lib/python3.13/importlib/__init__.py:88: in import_module
    return _bootstrap._gcd_import(name[level:], package, level)
           ^^^^^^^^^^^^^^^^^^^^^^^^^^^^^^^^^^^^^^^^^^^^^^^^^^^^
tests/analytics/test_cli_parser.py:9: in &lt;module&gt;
    from codeintel.cli.main import make_parser
src/codeintel/cli/main.py:35: in &lt;module&gt;
    from codeintel.pipeline.export.export_jsonl import ExportCallOptions
src/codeintel/pipeline/export/export_jsonl.py:28: in &lt;module&gt;
    from codeintel.serving.http.datasets import validate_dataset_registry
src/codeintel/serving/http/datasets.py:9: in &lt;module&gt;
    from codeintel.serving.backend.datasets import (
src/codeintel/serving/backend/__init__.py:5: in &lt;module&gt;
    from codeintel.serving.backend.duckdb_service import DuckDBQueryService
src/codeintel/serving/backend/duckdb_service.py:21: in &lt;module&gt;
    from codeintel.serving.mcp.models import (
E   ImportError: cannot import name 'FileProfileRow' from 'codeintel.serving.mcp.models' (/home/paul/CodeIntel/src/codeintel/serving/mcp/models.py)</error></testcase><testcase classname="" name="tests.analytics.test_graph_metric_filters" time="0.000"><error message="collection failure">ImportError while importing test module '/home/paul/CodeIntel/tests/analytics/test_graph_metric_filters.py'.
Hint: make sure your test modules/packages have valid Python names.
Traceback:
../.local/share/uv/python/cpython-3.13.9-linux-x86_64-gnu/lib/python3.13/importlib/__init__.py:88: in import_module
    return _bootstrap._gcd_import(name[level:], package, level)
           ^^^^^^^^^^^^^^^^^^^^^^^^^^^^^^^^^^^^^^^^^^^^^^^^^^^^
tests/analytics/test_graph_metric_filters.py:10: in &lt;module&gt;
    from tests._helpers.gateway import open_ingestion_gateway
tests/_helpers/gateway.py:10: in &lt;module&gt;
    from codeintel.serving.backend.duckdb_service import DuckDBQueryService
src/codeintel/serving/backend/__init__.py:5: in &lt;module&gt;
    from codeintel.serving.backend.duckdb_service import DuckDBQueryService
src/codeintel/serving/backend/duckdb_service.py:21: in &lt;module&gt;
    from codeintel.serving.mcp.models import (
E   ImportError: cannot import name 'FileProfileRow' from 'codeintel.serving.mcp.models' (/home/paul/CodeIntel/src/codeintel/serving/mcp/models.py)</error></testcase><testcase classname="" name="tests.analytics.test_graph_metrics_smoke" time="0.000"><error message="collection failure">ImportError while importing test module '/home/paul/CodeIntel/tests/analytics/test_graph_metrics_smoke.py'.
Hint: make sure your test modules/packages have valid Python names.
Traceback:
../.local/share/uv/python/cpython-3.13.9-linux-x86_64-gnu/lib/python3.13/importlib/__init__.py:88: in import_module
    return _bootstrap._gcd_import(name[level:], package, level)
           ^^^^^^^^^^^^^^^^^^^^^^^^^^^^^^^^^^^^^^^^^^^^^^^^^^^^
tests/analytics/test_graph_metrics_smoke.py:19: in &lt;module&gt;
    from tests._helpers.gateway import open_ingestion_gateway
tests/_helpers/gateway.py:10: in &lt;module&gt;
    from codeintel.serving.backend.duckdb_service import DuckDBQueryService
src/codeintel/serving/backend/__init__.py:5: in &lt;module&gt;
    from codeintel.serving.backend.duckdb_service import DuckDBQueryService
src/codeintel/serving/backend/duckdb_service.py:21: in &lt;module&gt;
    from codeintel.serving.mcp.models import (
E   ImportError: cannot import name 'FileProfileRow' from 'codeintel.serving.mcp.models' (/home/paul/CodeIntel/src/codeintel/serving/mcp/models.py)</error></testcase><testcase classname="" name="tests.analytics.test_graph_stats_smoke" time="0.000"><error message="collection failure">ImportError while importing test module '/home/paul/CodeIntel/tests/analytics/test_graph_stats_smoke.py'.
Hint: make sure your test modules/packages have valid Python names.
Traceback:
../.local/share/uv/python/cpython-3.13.9-linux-x86_64-gnu/lib/python3.13/importlib/__init__.py:88: in import_module
    return _bootstrap._gcd_import(name[level:], package, level)
           ^^^^^^^^^^^^^^^^^^^^^^^^^^^^^^^^^^^^^^^^^^^^^^^^^^^^
tests/analytics/test_graph_stats_smoke.py:16: in &lt;module&gt;
    from tests._helpers.gateway import open_ingestion_gateway
tests/_helpers/gateway.py:10: in &lt;module&gt;
    from codeintel.serving.backend.duckdb_service import DuckDBQueryService
src/codeintel/serving/backend/__init__.py:5: in &lt;module&gt;
    from codeintel.serving.backend.duckdb_service import DuckDBQueryService
src/codeintel/serving/backend/duckdb_service.py:21: in &lt;module&gt;
    from codeintel.serving.mcp.models import (
E   ImportError: cannot import name 'FileProfileRow' from 'codeintel.serving.mcp.models' (/home/paul/CodeIntel/src/codeintel/serving/mcp/models.py)</error></testcase><testcase classname="" name="tests.analytics.test_model_config_heuristics" time="0.000"><error message="collection failure">ImportError while importing test module '/home/paul/CodeIntel/tests/analytics/test_model_config_heuristics.py'.
Hint: make sure your test modules/packages have valid Python names.
Traceback:
../.local/share/uv/python/cpython-3.13.9-linux-x86_64-gnu/lib/python3.13/importlib/__init__.py:88: in import_module
    return _bootstrap._gcd_import(name[level:], package, level)
           ^^^^^^^^^^^^^^^^^^^^^^^^^^^^^^^^^^^^^^^^^^^^^^^^^^^^
tests/analytics/test_model_config_heuristics.py:30: in &lt;module&gt;
    from tests._helpers.gateway import open_ingestion_gateway
tests/_helpers/gateway.py:10: in &lt;module&gt;
    from codeintel.serving.backend.duckdb_service import DuckDBQueryService
src/codeintel/serving/backend/__init__.py:5: in &lt;module&gt;
    from codeintel.serving.backend.duckdb_service import DuckDBQueryService
src/codeintel/serving/backend/duckdb_service.py:21: in &lt;module&gt;
    from codeintel.serving.mcp.models import (
E   ImportError: cannot import name 'FileProfileRow' from 'codeintel.serving.mcp.models' (/home/paul/CodeIntel/src/codeintel/serving/mcp/models.py)</error></testcase><testcase classname="" name="tests.cli.test_cli_scope_and_plan" time="0.000"><error message="collection failure">ImportError while importing test module '/home/paul/CodeIntel/tests/cli/test_cli_scope_and_plan.py'.
Hint: make sure your test modules/packages have valid Python names.
Traceback:
../.local/share/uv/python/cpython-3.13.9-linux-x86_64-gnu/lib/python3.13/importlib/__init__.py:88: in import_module
    return _bootstrap._gcd_import(name[level:], package, level)
           ^^^^^^^^^^^^^^^^^^^^^^^^^^^^^^^^^^^^^^^^^^^^^^^^^^^^
tests/cli/test_cli_scope_and_plan.py:9: in &lt;module&gt;
    import codeintel.cli.main as cli_main
src/codeintel/cli/main.py:35: in &lt;module&gt;
    from codeintel.pipeline.export.export_jsonl import ExportCallOptions
src/codeintel/pipeline/export/export_jsonl.py:28: in &lt;module&gt;
    from codeintel.serving.http.datasets import validate_dataset_registry
src/codeintel/serving/http/datasets.py:9: in &lt;module&gt;
    from codeintel.serving.backend.datasets import (
src/codeintel/serving/backend/__init__.py:5: in &lt;module&gt;
    from codeintel.serving.backend.duckdb_service import DuckDBQueryService
src/codeintel/serving/backend/duckdb_service.py:21: in &lt;module&gt;
    from codeintel.serving.mcp.models import (
E   ImportError: cannot import name 'FileProfileRow' from 'codeintel.serving.mcp.models' (/home/paul/CodeIntel/src/codeintel/serving/mcp/models.py)</error></testcase><testcase classname="" name="tests.cli.test_docs_export_cli" time="0.000"><error message="collection failure">ImportError while importing test module '/home/paul/CodeIntel/tests/cli/test_docs_export_cli.py'.
Hint: make sure your test modules/packages have valid Python names.
Traceback:
../.local/share/uv/python/cpython-3.13.9-linux-x86_64-gnu/lib/python3.13/importlib/__init__.py:88: in import_module
    return _bootstrap._gcd_import(name[level:], package, level)
           ^^^^^^^^^^^^^^^^^^^^^^^^^^^^^^^^^^^^^^^^^^^^^^^^^^^^
tests/cli/test_docs_export_cli.py:10: in &lt;module&gt;
    from codeintel.cli.main import GatewayFactory, cmd_docs_export
src/codeintel/cli/main.py:35: in &lt;module&gt;
    from codeintel.pipeline.export.export_jsonl import ExportCallOptions
src/codeintel/pipeline/export/export_jsonl.py:28: in &lt;module&gt;
    from codeintel.serving.http.datasets import validate_dataset_registry
src/codeintel/serving/http/datasets.py:9: in &lt;module&gt;
    from codeintel.serving.backend.datasets import (
src/codeintel/serving/backend/__init__.py:5: in &lt;module&gt;
    from codeintel.serving.backend.duckdb_service import DuckDBQueryService
src/codeintel/serving/backend/duckdb_service.py:21: in &lt;module&gt;
    from codeintel.serving.mcp.models import (
E   ImportError: cannot import name 'FileProfileRow' from 'codeintel.serving.mcp.models' (/home/paul/CodeIntel/src/codeintel/serving/mcp/models.py)</error></testcase><testcase classname="" name="tests.cli.test_history_timeseries_cli" time="0.000"><error message="collection failure">ImportError while importing test module '/home/paul/CodeIntel/tests/cli/test_history_timeseries_cli.py'.
Hint: make sure your test modules/packages have valid Python names.
Traceback:
../.local/share/uv/python/cpython-3.13.9-linux-x86_64-gnu/lib/python3.13/importlib/__init__.py:88: in import_module
    return _bootstrap._gcd_import(name[level:], package, level)
           ^^^^^^^^^^^^^^^^^^^^^^^^^^^^^^^^^^^^^^^^^^^^^^^^^^^^
tests/cli/test_history_timeseries_cli.py:7: in &lt;module&gt;
    from codeintel.cli.main import main
src/codeintel/cli/main.py:35: in &lt;module&gt;
    from codeintel.pipeline.export.export_jsonl import ExportCallOptions
src/codeintel/pipeline/export/export_jsonl.py:28: in &lt;module&gt;
    from codeintel.serving.http.datasets import validate_dataset_registry
src/codeintel/serving/http/datasets.py:9: in &lt;module&gt;
    from codeintel.serving.backend.datasets import (
src/codeintel/serving/backend/__init__.py:5: in &lt;module&gt;
    from codeintel.serving.backend.duckdb_service import DuckDBQueryService
src/codeintel/serving/backend/duckdb_service.py:21: in &lt;module&gt;
    from codeintel.serving.mcp.models import (
E   ImportError: cannot import name 'FileProfileRow' from 'codeintel.serving.mcp.models' (/home/paul/CodeIntel/src/codeintel/serving/mcp/models.py)</error></testcase><testcase classname="" name="tests.cli.test_pipeline_cli" time="0.000"><error message="collection failure">ImportError while importing test module '/home/paul/CodeIntel/tests/cli/test_pipeline_cli.py'.
Hint: make sure your test modules/packages have valid Python names.
Traceback:
../.local/share/uv/python/cpython-3.13.9-linux-x86_64-gnu/lib/python3.13/importlib/__init__.py:88: in import_module
    return _bootstrap._gcd_import(name[level:], package, level)
           ^^^^^^^^^^^^^^^^^^^^^^^^^^^^^^^^^^^^^^^^^^^^^^^^^^^^
tests/cli/test_pipeline_cli.py:12: in &lt;module&gt;
    from codeintel.cli.main import main, make_parser
src/codeintel/cli/main.py:35: in &lt;module&gt;
    from codeintel.pipeline.export.export_jsonl import ExportCallOptions
src/codeintel/pipeline/export/export_jsonl.py:28: in &lt;module&gt;
    from codeintel.serving.http.datasets import validate_dataset_registry
src/codeintel/serving/http/datasets.py:9: in &lt;module&gt;
    from codeintel.serving.backend.datasets import (
src/codeintel/serving/backend/__init__.py:5: in &lt;module&gt;
    from codeintel.serving.backend.duckdb_service import DuckDBQueryService
src/codeintel/serving/backend/duckdb_service.py:21: in &lt;module&gt;
    from codeintel.serving.mcp.models import (
E   ImportError: cannot import name 'FileProfileRow' from 'codeintel.serving.mcp.models' (/home/paul/CodeIntel/src/codeintel/serving/mcp/models.py)</error></testcase><testcase classname="" name="tests.docs_export.test_export_edge_columns" time="0.000"><error message="collection failure">ImportError while importing test module '/home/paul/CodeIntel/tests/docs_export/test_export_edge_columns.py'.
Hint: make sure your test modules/packages have valid Python names.
Traceback:
../.local/share/uv/python/cpython-3.13.9-linux-x86_64-gnu/lib/python3.13/importlib/__init__.py:88: in import_module
    return _bootstrap._gcd_import(name[level:], package, level)
           ^^^^^^^^^^^^^^^^^^^^^^^^^^^^^^^^^^^^^^^^^^^^^^^^^^^^
tests/docs_export/test_export_edge_columns.py:9: in &lt;module&gt;
    from codeintel.pipeline.export.export_jsonl import export_jsonl_for_table
src/codeintel/pipeline/export/export_jsonl.py:28: in &lt;module&gt;
    from codeintel.serving.http.datasets import validate_dataset_registry
src/codeintel/serving/http/datasets.py:9: in &lt;module&gt;
    from codeintel.serving.backend.datasets import (
src/codeintel/serving/backend/__init__.py:5: in &lt;module&gt;
    from codeintel.serving.backend.duckdb_service import DuckDBQueryService
src/codeintel/serving/backend/duckdb_service.py:21: in &lt;module&gt;
    from codeintel.serving.mcp.models import (
E   ImportError: cannot import name 'FileProfileRow' from 'codeintel.serving.mcp.models' (/home/paul/CodeIntel/src/codeintel/serving/mcp/models.py)</error></testcase><testcase classname="" name="tests.docs_export.test_export_runner" time="0.000"><error message="collection failure">ImportError while importing test module '/home/paul/CodeIntel/tests/docs_export/test_export_runner.py'.
Hint: make sure your test modules/packages have valid Python names.
Traceback:
../.local/share/uv/python/cpython-3.13.9-linux-x86_64-gnu/lib/python3.13/importlib/__init__.py:88: in import_module
    return _bootstrap._gcd_import(name[level:], package, level)
           ^^^^^^^^^^^^^^^^^^^^^^^^^^^^^^^^^^^^^^^^^^^^^^^^^^^^
tests/docs_export/test_export_runner.py:9: in &lt;module&gt;
    from codeintel.pipeline.export.export_jsonl import ExportCallOptions
src/codeintel/pipeline/export/export_jsonl.py:28: in &lt;module&gt;
    from codeintel.serving.http.datasets import validate_dataset_registry
src/codeintel/serving/http/datasets.py:9: in &lt;module&gt;
    from codeintel.serving.backend.datasets import (
src/codeintel/serving/backend/__init__.py:5: in &lt;module&gt;
    from codeintel.serving.backend.duckdb_service import DuckDBQueryService
src/codeintel/serving/backend/duckdb_service.py:21: in &lt;module&gt;
    from codeintel.serving.mcp.models import (
E   ImportError: cannot import name 'FileProfileRow' from 'codeintel.serving.mcp.models' (/home/paul/CodeIntel/src/codeintel/serving/mcp/models.py)</error></testcase><testcase classname="" name="tests.docs_export.test_export_smoke" time="0.000"><error message="collection failure">ImportError while importing test module '/home/paul/CodeIntel/tests/docs_export/test_export_smoke.py'.
Hint: make sure your test modules/packages have valid Python names.
Traceback:
../.local/share/uv/python/cpython-3.13.9-linux-x86_64-gnu/lib/python3.13/importlib/__init__.py:88: in import_module
    return _bootstrap._gcd_import(name[level:], package, level)
           ^^^^^^^^^^^^^^^^^^^^^^^^^^^^^^^^^^^^^^^^^^^^^^^^^^^^
tests/docs_export/test_export_smoke.py:11: in &lt;module&gt;
    from codeintel.pipeline.export.export_jsonl import (
src/codeintel/pipeline/export/export_jsonl.py:28: in &lt;module&gt;
    from codeintel.serving.http.datasets import validate_dataset_registry
src/codeintel/serving/http/datasets.py:9: in &lt;module&gt;
    from codeintel.serving.backend.datasets import (
src/codeintel/serving/backend/__init__.py:5: in &lt;module&gt;
    from codeintel.serving.backend.duckdb_service import DuckDBQueryService
src/codeintel/serving/backend/duckdb_service.py:21: in &lt;module&gt;
    from codeintel.serving.mcp.models import (
E   ImportError: cannot import name 'FileProfileRow' from 'codeintel.serving.mcp.models' (/home/paul/CodeIntel/src/codeintel/serving/mcp/models.py)</error></testcase><testcase classname="" name="tests.docs_export.test_export_validation_flag" time="0.000"><error message="collection failure">ImportError while importing test module '/home/paul/CodeIntel/tests/docs_export/test_export_validation_flag.py'.
Hint: make sure your test modules/packages have valid Python names.
Traceback:
../.local/share/uv/python/cpython-3.13.9-linux-x86_64-gnu/lib/python3.13/importlib/__init__.py:88: in import_module
    return _bootstrap._gcd_import(name[level:], package, level)
           ^^^^^^^^^^^^^^^^^^^^^^^^^^^^^^^^^^^^^^^^^^^^^^^^^^^^
tests/docs_export/test_export_validation_flag.py:10: in &lt;module&gt;
    from codeintel.cli import main as cli_main
src/codeintel/cli/main.py:35: in &lt;module&gt;
    from codeintel.pipeline.export.export_jsonl import ExportCallOptions
src/codeintel/pipeline/export/export_jsonl.py:28: in &lt;module&gt;
    from codeintel.serving.http.datasets import validate_dataset_registry
src/codeintel/serving/http/datasets.py:9: in &lt;module&gt;
    from codeintel.serving.backend.datasets import (
src/codeintel/serving/backend/__init__.py:5: in &lt;module&gt;
    from codeintel.serving.backend.duckdb_service import DuckDBQueryService
src/codeintel/serving/backend/duckdb_service.py:21: in &lt;module&gt;
    from codeintel.serving.mcp.models import (
E   ImportError: cannot import name 'FileProfileRow' from 'codeintel.serving.mcp.models' (/home/paul/CodeIntel/src/codeintel/serving/mcp/models.py)</error></testcase><testcase classname="" name="tests.docs_export.test_function_validation_export" time="0.000"><error message="collection failure">ImportError while importing test module '/home/paul/CodeIntel/tests/docs_export/test_function_validation_export.py'.
Hint: make sure your test modules/packages have valid Python names.
Traceback:
../.local/share/uv/python/cpython-3.13.9-linux-x86_64-gnu/lib/python3.13/importlib/__init__.py:88: in import_module
    return _bootstrap._gcd_import(name[level:], package, level)
           ^^^^^^^^^^^^^^^^^^^^^^^^^^^^^^^^^^^^^^^^^^^^^^^^^^^^
tests/docs_export/test_function_validation_export.py:11: in &lt;module&gt;
    from codeintel.pipeline.export.export_jsonl import export_all_jsonl
src/codeintel/pipeline/export/export_jsonl.py:28: in &lt;module&gt;
    from codeintel.serving.http.datasets import validate_dataset_registry
src/codeintel/serving/http/datasets.py:9: in &lt;module&gt;
    from codeintel.serving.backend.datasets import (
src/codeintel/serving/backend/__init__.py:5: in &lt;module&gt;
    from codeintel.serving.backend.duckdb_service import DuckDBQueryService
src/codeintel/serving/backend/duckdb_service.py:21: in &lt;module&gt;
    from codeintel.serving.mcp.models import (
E   ImportError: cannot import name 'FileProfileRow' from 'codeintel.serving.mcp.models' (/home/paul/CodeIntel/src/codeintel/serving/mcp/models.py)</error></testcase><testcase classname="" name="tests.docs_export.test_graph_validation_export" time="0.000"><error message="collection failure">ImportError while importing test module '/home/paul/CodeIntel/tests/docs_export/test_graph_validation_export.py'.
Hint: make sure your test modules/packages have valid Python names.
Traceback:
../.local/share/uv/python/cpython-3.13.9-linux-x86_64-gnu/lib/python3.13/importlib/__init__.py:88: in import_module
    return _bootstrap._gcd_import(name[level:], package, level)
           ^^^^^^^^^^^^^^^^^^^^^^^^^^^^^^^^^^^^^^^^^^^^^^^^^^^^
tests/docs_export/test_graph_validation_export.py:10: in &lt;module&gt;
    from codeintel.pipeline.export.export_jsonl import export_all_jsonl
src/codeintel/pipeline/export/export_jsonl.py:28: in &lt;module&gt;
    from codeintel.serving.http.datasets import validate_dataset_registry
src/codeintel/serving/http/datasets.py:9: in &lt;module&gt;
    from codeintel.serving.backend.datasets import (
src/codeintel/serving/backend/__init__.py:5: in &lt;module&gt;
    from codeintel.serving.backend.duckdb_service import DuckDBQueryService
src/codeintel/serving/backend/duckdb_service.py:21: in &lt;module&gt;
    from codeintel.serving.mcp.models import (
E   ImportError: cannot import name 'FileProfileRow' from 'codeintel.serving.mcp.models' (/home/paul/CodeIntel/src/codeintel/serving/mcp/models.py)</error></testcase><testcase classname="" name="tests.docs_export.test_validate_exports" time="0.000"><error message="collection failure">ImportError while importing test module '/home/paul/CodeIntel/tests/docs_export/test_validate_exports.py'.
Hint: make sure your test modules/packages have valid Python names.
Traceback:
../.local/share/uv/python/cpython-3.13.9-linux-x86_64-gnu/lib/python3.13/importlib/__init__.py:88: in import_module
    return _bootstrap._gcd_import(name[level:], package, level)
           ^^^^^^^^^^^^^^^^^^^^^^^^^^^^^^^^^^^^^^^^^^^^^^^^^^^^
tests/docs_export/test_validate_exports.py:10: in &lt;module&gt;
    from codeintel.pipeline.export.export_jsonl import ExportCallOptions, export_all_jsonl
src/codeintel/pipeline/export/export_jsonl.py:28: in &lt;module&gt;
    from codeintel.serving.http.datasets import validate_dataset_registry
src/codeintel/serving/http/datasets.py:9: in &lt;module&gt;
    from codeintel.serving.backend.datasets import (
src/codeintel/serving/backend/__init__.py:5: in &lt;module&gt;
    from codeintel.serving.backend.duckdb_service import DuckDBQueryService
src/codeintel/serving/backend/duckdb_service.py:21: in &lt;module&gt;
    from codeintel.serving.mcp.models import (
E   ImportError: cannot import name 'FileProfileRow' from 'codeintel.serving.mcp.models' (/home/paul/CodeIntel/src/codeintel/serving/mcp/models.py)</error></testcase><testcase classname="" name="tests.graphs.test_engine_factory" time="0.000"><error message="collection failure">ImportError while importing test module '/home/paul/CodeIntel/tests/graphs/test_engine_factory.py'.
Hint: make sure your test modules/packages have valid Python names.
Traceback:
../.local/share/uv/python/cpython-3.13.9-linux-x86_64-gnu/lib/python3.13/importlib/__init__.py:88: in import_module
    return _bootstrap._gcd_import(name[level:], package, level)
           ^^^^^^^^^^^^^^^^^^^^^^^^^^^^^^^^^^^^^^^^^^^^^^^^^^^^
tests/graphs/test_engine_factory.py:10: in &lt;module&gt;
    from tests._helpers.gateway import open_ingestion_gateway
tests/_helpers/gateway.py:10: in &lt;module&gt;
    from codeintel.serving.backend.duckdb_service import DuckDBQueryService
src/codeintel/serving/backend/__init__.py:5: in &lt;module&gt;
    from codeintel.serving.backend.duckdb_service import DuckDBQueryService
src/codeintel/serving/backend/duckdb_service.py:21: in &lt;module&gt;
    from codeintel.serving.mcp.models import (
E   ImportError: cannot import name 'FileProfileRow' from 'codeintel.serving.mcp.models' (/home/paul/CodeIntel/src/codeintel/serving/mcp/models.py)</error></testcase><testcase classname="" name="tests.graphs.test_engine_nx" time="0.000"><error message="collection failure">ImportError while importing test module '/home/paul/CodeIntel/tests/graphs/test_engine_nx.py'.
Hint: make sure your test modules/packages have valid Python names.
Traceback:
../.local/share/uv/python/cpython-3.13.9-linux-x86_64-gnu/lib/python3.13/importlib/__init__.py:88: in import_module
    return _bootstrap._gcd_import(name[level:], package, level)
           ^^^^^^^^^^^^^^^^^^^^^^^^^^^^^^^^^^^^^^^^^^^^^^^^^^^^
tests/graphs/test_engine_nx.py:31: in &lt;module&gt;
    from tests._helpers.gateway import open_ingestion_gateway
tests/_helpers/gateway.py:10: in &lt;module&gt;
    from codeintel.serving.backend.duckdb_service import DuckDBQueryService
src/codeintel/serving/backend/__init__.py:5: in &lt;module&gt;
    from codeintel.serving.backend.duckdb_service import DuckDBQueryService
src/codeintel/serving/backend/duckdb_service.py:21: in &lt;module&gt;
    from codeintel.serving.mcp.models import (
E   ImportError: cannot import name 'FileProfileRow' from 'codeintel.serving.mcp.models' (/home/paul/CodeIntel/src/codeintel/serving/mcp/models.py)</error></testcase><testcase classname="" name="tests.http.test_request_context_http" time="0.000"><error message="collection failure">ImportError while importing test module '/home/paul/CodeIntel/tests/http/test_request_context_http.py'.
Hint: make sure your test modules/packages have valid Python names.
Traceback:
../.local/share/uv/python/cpython-3.13.9-linux-x86_64-gnu/lib/python3.13/importlib/__init__.py:88: in import_module
    return _bootstrap._gcd_import(name[level:], package, level)
           ^^^^^^^^^^^^^^^^^^^^^^^^^^^^^^^^^^^^^^^^^^^^^^^^^^^^
tests/http/test_request_context_http.py:9: in &lt;module&gt;
    from codeintel.serving.backend import BackendLimits, DuckDBQueryService
src/codeintel/serving/backend/__init__.py:5: in &lt;module&gt;
    from codeintel.serving.backend.duckdb_service import DuckDBQueryService
src/codeintel/serving/backend/duckdb_service.py:21: in &lt;module&gt;
    from codeintel.serving.mcp.models import (
E   ImportError: cannot import name 'FileProfileRow' from 'codeintel.serving.mcp.models' (/home/paul/CodeIntel/src/codeintel/serving/mcp/models.py)</error></testcase><testcase classname="" name="tests.ingestion.test_change_tracker" time="0.000"><error message="collection failure">ImportError while importing test module '/home/paul/CodeIntel/tests/ingestion/test_change_tracker.py'.
Hint: make sure your test modules/packages have valid Python names.
Traceback:
../.local/share/uv/python/cpython-3.13.9-linux-x86_64-gnu/lib/python3.13/importlib/__init__.py:88: in import_module
    return _bootstrap._gcd_import(name[level:], package, level)
           ^^^^^^^^^^^^^^^^^^^^^^^^^^^^^^^^^^^^^^^^^^^^^^^^^^^^
tests/ingestion/test_change_tracker.py:23: in &lt;module&gt;
    from tests._helpers.gateway import open_ingestion_gateway
tests/_helpers/gateway.py:10: in &lt;module&gt;
    from codeintel.serving.backend.duckdb_service import DuckDBQueryService
src/codeintel/serving/backend/__init__.py:5: in &lt;module&gt;
    from codeintel.serving.backend.duckdb_service import DuckDBQueryService
src/codeintel/serving/backend/duckdb_service.py:21: in &lt;module&gt;
    from codeintel.serving.mcp.models import (
E   ImportError: cannot import name 'FileProfileRow' from 'codeintel.serving.mcp.models' (/home/paul/CodeIntel/src/codeintel/serving/mcp/models.py)</error></testcase><testcase classname="" name="tests.ingestion.test_common_changes" time="0.000"><error message="collection failure">ImportError while importing test module '/home/paul/CodeIntel/tests/ingestion/test_common_changes.py'.
Hint: make sure your test modules/packages have valid Python names.
Traceback:
../.local/share/uv/python/cpython-3.13.9-linux-x86_64-gnu/lib/python3.13/importlib/__init__.py:88: in import_module
    return _bootstrap._gcd_import(name[level:], package, level)
           ^^^^^^^^^^^^^^^^^^^^^^^^^^^^^^^^^^^^^^^^^^^^^^^^^^^^
tests/ingestion/test_common_changes.py:10: in &lt;module&gt;
    from tests._helpers.gateway import open_ingestion_gateway
tests/_helpers/gateway.py:10: in &lt;module&gt;
    from codeintel.serving.backend.duckdb_service import DuckDBQueryService
src/codeintel/serving/backend/__init__.py:5: in &lt;module&gt;
    from codeintel.serving.backend.duckdb_service import DuckDBQueryService
src/codeintel/serving/backend/duckdb_service.py:21: in &lt;module&gt;
    from codeintel.serving.mcp.models import (
E   ImportError: cannot import name 'FileProfileRow' from 'codeintel.serving.mcp.models' (/home/paul/CodeIntel/src/codeintel/serving/mcp/models.py)</error></testcase><testcase classname="" name="tests.ingestion.test_coverage_incremental" time="0.000"><error message="collection failure">ImportError while importing test module '/home/paul/CodeIntel/tests/ingestion/test_coverage_incremental.py'.
Hint: make sure your test modules/packages have valid Python names.
Traceback:
../.local/share/uv/python/cpython-3.13.9-linux-x86_64-gnu/lib/python3.13/importlib/__init__.py:88: in import_module
    return _bootstrap._gcd_import(name[level:], package, level)
           ^^^^^^^^^^^^^^^^^^^^^^^^^^^^^^^^^^^^^^^^^^^^^^^^^^^^
tests/ingestion/test_coverage_incremental.py:20: in &lt;module&gt;
    from tests._helpers.gateway import open_ingestion_gateway
tests/_helpers/gateway.py:10: in &lt;module&gt;
    from codeintel.serving.backend.duckdb_service import DuckDBQueryService
src/codeintel/serving/backend/__init__.py:5: in &lt;module&gt;
    from codeintel.serving.backend.duckdb_service import DuckDBQueryService
src/codeintel/serving/backend/duckdb_service.py:21: in &lt;module&gt;
    from codeintel.serving.mcp.models import (
E   ImportError: cannot import name 'FileProfileRow' from 'codeintel.serving.mcp.models' (/home/paul/CodeIntel/src/codeintel/serving/mcp/models.py)</error></testcase><testcase classname="" name="tests.ingestion.test_docstrings_inventory" time="0.000"><error message="collection failure">ImportError while importing test module '/home/paul/CodeIntel/tests/ingestion/test_docstrings_inventory.py'.
Hint: make sure your test modules/packages have valid Python names.
Traceback:
../.local/share/uv/python/cpython-3.13.9-linux-x86_64-gnu/lib/python3.13/importlib/__init__.py:88: in import_module
    return _bootstrap._gcd_import(name[level:], package, level)
           ^^^^^^^^^^^^^^^^^^^^^^^^^^^^^^^^^^^^^^^^^^^^^^^^^^^^
tests/ingestion/test_docstrings_inventory.py:14: in &lt;module&gt;
    from tests._helpers.gateway import open_ingestion_gateway
tests/_helpers/gateway.py:10: in &lt;module&gt;
    from codeintel.serving.backend.duckdb_service import DuckDBQueryService
src/codeintel/serving/backend/__init__.py:5: in &lt;module&gt;
    from codeintel.serving.backend.duckdb_service import DuckDBQueryService
src/codeintel/serving/backend/duckdb_service.py:21: in &lt;module&gt;
    from codeintel.serving.mcp.models import (
E   ImportError: cannot import name 'FileProfileRow' from 'codeintel.serving.mcp.models' (/home/paul/CodeIntel/src/codeintel/serving/mcp/models.py)</error></testcase><testcase classname="" name="tests.ingestion.test_ingest_run_incremental_ast" time="0.000"><error message="collection failure">ImportError while importing test module '/home/paul/CodeIntel/tests/ingestion/test_ingest_run_incremental_ast.py'.
Hint: make sure your test modules/packages have valid Python names.
Traceback:
../.local/share/uv/python/cpython-3.13.9-linux-x86_64-gnu/lib/python3.13/importlib/__init__.py:88: in import_module
    return _bootstrap._gcd_import(name[level:], package, level)
           ^^^^^^^^^^^^^^^^^^^^^^^^^^^^^^^^^^^^^^^^^^^^^^^^^^^^
tests/ingestion/test_ingest_run_incremental_ast.py:15: in &lt;module&gt;
    from tests._helpers.gateway import open_ingestion_gateway
tests/_helpers/gateway.py:10: in &lt;module&gt;
    from codeintel.serving.backend.duckdb_service import DuckDBQueryService
src/codeintel/serving/backend/__init__.py:5: in &lt;module&gt;
    from codeintel.serving.backend.duckdb_service import DuckDBQueryService
src/codeintel/serving/backend/duckdb_service.py:21: in &lt;module&gt;
    from codeintel.serving.mcp.models import (
E   ImportError: cannot import name 'FileProfileRow' from 'codeintel.serving.mcp.models' (/home/paul/CodeIntel/src/codeintel/serving/mcp/models.py)</error></testcase><testcase classname="" name="tests.ingestion.test_ingest_run_reporting" time="0.000"><error message="collection failure">ImportError while importing test module '/home/paul/CodeIntel/tests/ingestion/test_ingest_run_reporting.py'.
Hint: make sure your test modules/packages have valid Python names.
Traceback:
../.local/share/uv/python/cpython-3.13.9-linux-x86_64-gnu/lib/python3.13/importlib/__init__.py:88: in import_module
    return _bootstrap._gcd_import(name[level:], package, level)
           ^^^^^^^^^^^^^^^^^^^^^^^^^^^^^^^^^^^^^^^^^^^^^^^^^^^^
tests/ingestion/test_ingest_run_reporting.py:19: in &lt;module&gt;
    from tests._helpers.gateway import open_ingestion_gateway
tests/_helpers/gateway.py:10: in &lt;module&gt;
    from codeintel.serving.backend.duckdb_service import DuckDBQueryService
src/codeintel/serving/backend/__init__.py:5: in &lt;module&gt;
    from codeintel.serving.backend.duckdb_service import DuckDBQueryService
src/codeintel/serving/backend/duckdb_service.py:21: in &lt;module&gt;
    from codeintel.serving.mcp.models import (
E   ImportError: cannot import name 'FileProfileRow' from 'codeintel.serving.mcp.models' (/home/paul/CodeIntel/src/codeintel/serving/mcp/models.py)</error></testcase><testcase classname="" name="tests.ingestion.test_module_inventory" time="0.000"><error message="collection failure">ImportError while importing test module '/home/paul/CodeIntel/tests/ingestion/test_module_inventory.py'.
Hint: make sure your test modules/packages have valid Python names.
Traceback:
../.local/share/uv/python/cpython-3.13.9-linux-x86_64-gnu/lib/python3.13/importlib/__init__.py:88: in import_module
    return _bootstrap._gcd_import(name[level:], package, level)
           ^^^^^^^^^^^^^^^^^^^^^^^^^^^^^^^^^^^^^^^^^^^^^^^^^^^^
tests/ingestion/test_module_inventory.py:25: in &lt;module&gt;
    from tests._helpers.gateway import open_ingestion_gateway
tests/_helpers/gateway.py:10: in &lt;module&gt;
    from codeintel.serving.backend.duckdb_service import DuckDBQueryService
src/codeintel/serving/backend/__init__.py:5: in &lt;module&gt;
    from codeintel.serving.backend.duckdb_service import DuckDBQueryService
src/codeintel/serving/backend/duckdb_service.py:21: in &lt;module&gt;
    from codeintel.serving.mcp.models import (
E   ImportError: cannot import name 'FileProfileRow' from 'codeintel.serving.mcp.models' (/home/paul/CodeIntel/src/codeintel/serving/mcp/models.py)</error></testcase><testcase classname="" name="tests.ingestion.test_runner_plumbing" time="0.000"><error message="collection failure">ImportError while importing test module '/home/paul/CodeIntel/tests/ingestion/test_runner_plumbing.py'.
Hint: make sure your test modules/packages have valid Python names.
Traceback:
../.local/share/uv/python/cpython-3.13.9-linux-x86_64-gnu/lib/python3.13/importlib/__init__.py:88: in import_module
    return _bootstrap._gcd_import(name[level:], package, level)
           ^^^^^^^^^^^^^^^^^^^^^^^^^^^^^^^^^^^^^^^^^^^^^^^^^^^^
tests/ingestion/test_runner_plumbing.py:16: in &lt;module&gt;
    from tests._helpers.gateway import open_ingestion_gateway
tests/_helpers/gateway.py:10: in &lt;module&gt;
    from codeintel.serving.backend.duckdb_service import DuckDBQueryService
src/codeintel/serving/backend/__init__.py:5: in &lt;module&gt;
    from codeintel.serving.backend.duckdb_service import DuckDBQueryService
src/codeintel/serving/backend/duckdb_service.py:21: in &lt;module&gt;
    from codeintel.serving.mcp.models import (
E   ImportError: cannot import name 'FileProfileRow' from 'codeintel.serving.mcp.models' (/home/paul/CodeIntel/src/codeintel/serving/mcp/models.py)</error></testcase><testcase classname="" name="tests.ingestion.test_step_registry" time="0.000"><error message="collection failure">ImportError while importing test module '/home/paul/CodeIntel/tests/ingestion/test_step_registry.py'.
Hint: make sure your test modules/packages have valid Python names.
Traceback:
../.local/share/uv/python/cpython-3.13.9-linux-x86_64-gnu/lib/python3.13/importlib/__init__.py:88: in import_module
    return _bootstrap._gcd_import(name[level:], package, level)
           ^^^^^^^^^^^^^^^^^^^^^^^^^^^^^^^^^^^^^^^^^^^^^^^^^^^^
tests/ingestion/test_step_registry.py:20: in &lt;module&gt;
    from tests._helpers.gateway import open_ingestion_gateway
tests/_helpers/gateway.py:10: in &lt;module&gt;
    from codeintel.serving.backend.duckdb_service import DuckDBQueryService
src/codeintel/serving/backend/__init__.py:5: in &lt;module&gt;
    from codeintel.serving.backend.duckdb_service import DuckDBQueryService
src/codeintel/serving/backend/duckdb_service.py:21: in &lt;module&gt;
    from codeintel.serving.mcp.models import (
E   ImportError: cannot import name 'FileProfileRow' from 'codeintel.serving.mcp.models' (/home/paul/CodeIntel/src/codeintel/serving/mcp/models.py)</error></testcase><testcase classname="" name="tests.mcp.test_backend" time="0.000"><error message="collection failure">ImportError while importing test module '/home/paul/CodeIntel/tests/mcp/test_backend.py'.
Hint: make sure your test modules/packages have valid Python names.
Traceback:
../.local/share/uv/python/cpython-3.13.9-linux-x86_64-gnu/lib/python3.13/importlib/__init__.py:88: in import_module
    return _bootstrap._gcd_import(name[level:], package, level)
           ^^^^^^^^^^^^^^^^^^^^^^^^^^^^^^^^^^^^^^^^^^^^^^^^^^^^
tests/mcp/test_backend.py:8: in &lt;module&gt;
    from codeintel.serving.mcp.backend import MAX_ROWS_LIMIT, DuckDBBackend
src/codeintel/serving/mcp/backend.py:16: in &lt;module&gt;
    from codeintel.serving.backend import BackendLimits, DuckDBQueryService
src/codeintel/serving/backend/__init__.py:5: in &lt;module&gt;
    from codeintel.serving.backend.duckdb_service import DuckDBQueryService
src/codeintel/serving/backend/duckdb_service.py:21: in &lt;module&gt;
    from codeintel.serving.mcp.models import (
E   ImportError: cannot import name 'FileProfileRow' from 'codeintel.serving.mcp.models' (/home/paul/CodeIntel/src/codeintel/serving/mcp/models.py)</error></testcase><testcase classname="" name="tests.mcp.test_backend_adapter" time="0.000"><error message="collection failure">ImportError while importing test module '/home/paul/CodeIntel/tests/mcp/test_backend_adapter.py'.
Hint: make sure your test modules/packages have valid Python names.
Traceback:
../.local/share/uv/python/cpython-3.13.9-linux-x86_64-gnu/lib/python3.13/importlib/__init__.py:88: in import_module
    return _bootstrap._gcd_import(name[level:], package, level)
           ^^^^^^^^^^^^^^^^^^^^^^^^^^^^^^^^^^^^^^^^^^^^^^^^^^^^
tests/mcp/test_backend_adapter.py:9: in &lt;module&gt;
    from codeintel.serving.services.query_service import LocalQueryService
src/codeintel/serving/services/query_service.py:10: in &lt;module&gt;
    from codeintel.serving.backend import BackendLimits, DuckDBQueryService
src/codeintel/serving/backend/__init__.py:5: in &lt;module&gt;
    from codeintel.serving.backend.duckdb_service import DuckDBQueryService
src/codeintel/serving/backend/duckdb_service.py:21: in &lt;module&gt;
    from codeintel.serving.mcp.models import (
E   ImportError: cannot import name 'FileProfileRow' from 'codeintel.serving.mcp.models' (/home/paul/CodeIntel/src/codeintel/serving/mcp/models.py)</error></testcase><testcase classname="" name="tests.mcp.test_backend_dataset_adapter" time="0.000"><error message="collection failure">ImportError while importing test module '/home/paul/CodeIntel/tests/mcp/test_backend_dataset_adapter.py'.
Hint: make sure your test modules/packages have valid Python names.
Traceback:
../.local/share/uv/python/cpython-3.13.9-linux-x86_64-gnu/lib/python3.13/importlib/__init__.py:88: in import_module
    return _bootstrap._gcd_import(name[level:], package, level)
           ^^^^^^^^^^^^^^^^^^^^^^^^^^^^^^^^^^^^^^^^^^^^^^^^^^^^
tests/mcp/test_backend_dataset_adapter.py:16: in &lt;module&gt;
    from tests._helpers.gateway import build_duckdb_backend
tests/_helpers/gateway.py:10: in &lt;module&gt;
    from codeintel.serving.backend.duckdb_service import DuckDBQueryService
src/codeintel/serving/backend/__init__.py:5: in &lt;module&gt;
    from codeintel.serving.backend.duckdb_service import DuckDBQueryService
src/codeintel/serving/backend/duckdb_service.py:21: in &lt;module&gt;
    from codeintel.serving.mcp.models import (
E   ImportError: cannot import name 'FileProfileRow' from 'codeintel.serving.mcp.models' (/home/paul/CodeIntel/src/codeintel/serving/mcp/models.py)</error></testcase><testcase classname="" name="tests.mcp.test_duckdb_backend_engine" time="0.000"><error message="collection failure">ImportError while importing test module '/home/paul/CodeIntel/tests/mcp/test_duckdb_backend_engine.py'.
Hint: make sure your test modules/packages have valid Python names.
Traceback:
../.local/share/uv/python/cpython-3.13.9-linux-x86_64-gnu/lib/python3.13/importlib/__init__.py:88: in import_module
    return _bootstrap._gcd_import(name[level:], package, level)
           ^^^^^^^^^^^^^^^^^^^^^^^^^^^^^^^^^^^^^^^^^^^^^^^^^^^^
tests/mcp/test_duckdb_backend_engine.py:9: in &lt;module&gt;
    from codeintel.serving.mcp.backend import DuckDBBackend
src/codeintel/serving/mcp/backend.py:16: in &lt;module&gt;
    from codeintel.serving.backend import BackendLimits, DuckDBQueryService
src/codeintel/serving/backend/__init__.py:5: in &lt;module&gt;
    from codeintel.serving.backend.duckdb_service import DuckDBQueryService
src/codeintel/serving/backend/duckdb_service.py:21: in &lt;module&gt;
    from codeintel.serving.mcp.models import (
E   ImportError: cannot import name 'FileProfileRow' from 'codeintel.serving.mcp.models' (/home/paul/CodeIntel/src/codeintel/serving/mcp/models.py)</error></testcase><testcase classname="" name="tests.mcp.test_registry_limits_parity" time="0.000"><error message="collection failure">ImportError while importing test module '/home/paul/CodeIntel/tests/mcp/test_registry_limits_parity.py'.
Hint: make sure your test modules/packages have valid Python names.
Traceback:
../.local/share/uv/python/cpython-3.13.9-linux-x86_64-gnu/lib/python3.13/importlib/__init__.py:88: in import_module
    return _bootstrap._gcd_import(name[level:], package, level)
           ^^^^^^^^^^^^^^^^^^^^^^^^^^^^^^^^^^^^^^^^^^^^^^^^^^^^
tests/mcp/test_registry_limits_parity.py:10: in &lt;module&gt;
    from codeintel.serving.http.datasets import build_dataset_registry, build_registry_and_limits
src/codeintel/serving/http/datasets.py:9: in &lt;module&gt;
    from codeintel.serving.backend.datasets import (
src/codeintel/serving/backend/__init__.py:5: in &lt;module&gt;
    from codeintel.serving.backend.duckdb_service import DuckDBQueryService
src/codeintel/serving/backend/duckdb_service.py:21: in &lt;module&gt;
    from codeintel.serving.mcp.models import (
E   ImportError: cannot import name 'FileProfileRow' from 'codeintel.serving.mcp.models' (/home/paul/CodeIntel/src/codeintel/serving/mcp/models.py)</error></testcase><testcase classname="" name="tests.mcp.test_request_context_mcp" time="0.000"><error message="collection failure">ImportError while importing test module '/home/paul/CodeIntel/tests/mcp/test_request_context_mcp.py'.
Hint: make sure your test modules/packages have valid Python names.
Traceback:
../.local/share/uv/python/cpython-3.13.9-linux-x86_64-gnu/lib/python3.13/importlib/__init__.py:88: in import_module
    return _bootstrap._gcd_import(name[level:], package, level)
           ^^^^^^^^^^^^^^^^^^^^^^^^^^^^^^^^^^^^^^^^^^^^^^^^^^^^
tests/mcp/test_request_context_mcp.py:9: in &lt;module&gt;
    from codeintel.serving.backend import BackendLimits
src/codeintel/serving/backend/__init__.py:5: in &lt;module&gt;
    from codeintel.serving.backend.duckdb_service import DuckDBQueryService
src/codeintel/serving/backend/duckdb_service.py:21: in &lt;module&gt;
    from codeintel.serving.mcp.models import (
E   ImportError: cannot import name 'FileProfileRow' from 'codeintel.serving.mcp.models' (/home/paul/CodeIntel/src/codeintel/serving/mcp/models.py)</error></testcase><testcase classname="" name="tests.mcp.test_wiring_smoke" time="0.000"><error message="collection failure">ImportError while importing test module '/home/paul/CodeIntel/tests/mcp/test_wiring_smoke.py'.
Hint: make sure your test modules/packages have valid Python names.
Traceback:
../.local/share/uv/python/cpython-3.13.9-linux-x86_64-gnu/lib/python3.13/importlib/__init__.py:88: in import_module
    return _bootstrap._gcd_import(name[level:], package, level)
           ^^^^^^^^^^^^^^^^^^^^^^^^^^^^^^^^^^^^^^^^^^^^^^^^^^^^
tests/mcp/test_wiring_smoke.py:8: in &lt;module&gt;
    from codeintel.serving.mcp.server import create_mcp_server
src/codeintel/serving/mcp/server.py:11: in &lt;module&gt;
    from codeintel.serving.mcp.registry import register_tools
src/codeintel/serving/mcp/registry.py:7: in &lt;module&gt;
    from codeintel.serving.mcp.backend import QueryBackend
src/codeintel/serving/mcp/backend.py:16: in &lt;module&gt;
    from codeintel.serving.backend import BackendLimits, DuckDBQueryService
src/codeintel/serving/backend/__init__.py:5: in &lt;module&gt;
    from codeintel.serving.backend.duckdb_service import DuckDBQueryService
src/codeintel/serving/backend/duckdb_service.py:21: in &lt;module&gt;
    from codeintel.serving.mcp.models import (
E   ImportError: cannot import name 'FileProfileRow' from 'codeintel.serving.mcp.models' (/home/paul/CodeIntel/src/codeintel/serving/mcp/models.py)</error></testcase><testcase classname="" name="tests.orchestration.test_graph_engine_sharing" time="0.000"><error message="collection failure">ImportError while importing test module '/home/paul/CodeIntel/tests/orchestration/test_graph_engine_sharing.py'.
Hint: make sure your test modules/packages have valid Python names.
Traceback:
../.local/share/uv/python/cpython-3.13.9-linux-x86_64-gnu/lib/python3.13/importlib/__init__.py:88: in import_module
    return _bootstrap._gcd_import(name[level:], package, level)
           ^^^^^^^^^^^^^^^^^^^^^^^^^^^^^^^^^^^^^^^^^^^^^^^^^^^^
tests/orchestration/test_graph_engine_sharing.py:14: in &lt;module&gt;
    from codeintel.pipeline.orchestration import steps as orchestration_steps
src/codeintel/pipeline/orchestration/steps.py:40: in &lt;module&gt;
    from codeintel.pipeline.orchestration.steps_export import EXPORT_STEPS, ExportDocsStep
src/codeintel/pipeline/orchestration/steps_export.py:9: in &lt;module&gt;
    from codeintel.pipeline.export.export_jsonl import ExportCallOptions, export_all_jsonl
src/codeintel/pipeline/export/export_jsonl.py:28: in &lt;module&gt;
    from codeintel.serving.http.datasets import validate_dataset_registry
src/codeintel/serving/http/datasets.py:9: in &lt;module&gt;
    from codeintel.serving.backend.datasets import (
src/codeintel/serving/backend/__init__.py:5: in &lt;module&gt;
    from codeintel.serving.backend.duckdb_service import DuckDBQueryService
src/codeintel/serving/backend/duckdb_service.py:21: in &lt;module&gt;
    from codeintel.serving.mcp.models import (
E   ImportError: cannot import name 'FileProfileRow' from 'codeintel.serving.mcp.models' (/home/paul/CodeIntel/src/codeintel/serving/mcp/models.py)</error></testcase><testcase classname="" name="tests.orchestration.test_graph_metrics_step" time="0.000"><error message="collection failure">ImportError while importing test module '/home/paul/CodeIntel/tests/orchestration/test_graph_metrics_step.py'.
Hint: make sure your test modules/packages have valid Python names.
Traceback:
../.local/share/uv/python/cpython-3.13.9-linux-x86_64-gnu/lib/python3.13/importlib/__init__.py:88: in import_module
    return _bootstrap._gcd_import(name[level:], package, level)
           ^^^^^^^^^^^^^^^^^^^^^^^^^^^^^^^^^^^^^^^^^^^^^^^^^^^^
tests/orchestration/test_graph_metrics_step.py:13: in &lt;module&gt;
    from codeintel.pipeline.orchestration.steps import PipelineContext
src/codeintel/pipeline/orchestration/steps.py:40: in &lt;module&gt;
    from codeintel.pipeline.orchestration.steps_export import EXPORT_STEPS, ExportDocsStep
src/codeintel/pipeline/orchestration/steps_export.py:9: in &lt;module&gt;
    from codeintel.pipeline.export.export_jsonl import ExportCallOptions, export_all_jsonl
src/codeintel/pipeline/export/export_jsonl.py:28: in &lt;module&gt;
    from codeintel.serving.http.datasets import validate_dataset_registry
src/codeintel/serving/http/datasets.py:9: in &lt;module&gt;
    from codeintel.serving.backend.datasets import (
src/codeintel/serving/backend/__init__.py:5: in &lt;module&gt;
    from codeintel.serving.backend.duckdb_service import DuckDBQueryService
src/codeintel/serving/backend/duckdb_service.py:21: in &lt;module&gt;
    from codeintel.serving.mcp.models import (
E   ImportError: cannot import name 'FileProfileRow' from 'codeintel.serving.mcp.models' (/home/paul/CodeIntel/src/codeintel/serving/mcp/models.py)</error></testcase><testcase classname="" name="tests.orchestration.test_history_timeseries_prefect" time="0.000"><error message="collection failure">ImportError while importing test module '/home/paul/CodeIntel/tests/orchestration/test_history_timeseries_prefect.py'.
Hint: make sure your test modules/packages have valid Python names.
Traceback:
../.local/share/uv/python/cpython-3.13.9-linux-x86_64-gnu/lib/python3.13/importlib/__init__.py:88: in import_module
    return _bootstrap._gcd_import(name[level:], package, level)
           ^^^^^^^^^^^^^^^^^^^^^^^^^^^^^^^^^^^^^^^^^^^^^^^^^^^^
tests/orchestration/test_history_timeseries_prefect.py:7: in &lt;module&gt;
    from codeintel.pipeline.orchestration.prefect_flow import (
src/codeintel/pipeline/orchestration/prefect_flow.py:31: in &lt;module&gt;
    from codeintel.pipeline.export.export_jsonl import ExportCallOptions
src/codeintel/pipeline/export/export_jsonl.py:28: in &lt;module&gt;
    from codeintel.serving.http.datasets import validate_dataset_registry
src/codeintel/serving/http/datasets.py:9: in &lt;module&gt;
    from codeintel.serving.backend.datasets import (
src/codeintel/serving/backend/__init__.py:5: in &lt;module&gt;
    from codeintel.serving.backend.duckdb_service import DuckDBQueryService
src/codeintel/serving/backend/duckdb_service.py:21: in &lt;module&gt;
    from codeintel.serving.mcp.models import (
E   ImportError: cannot import name 'FileProfileRow' from 'codeintel.serving.mcp.models' (/home/paul/CodeIntel/src/codeintel/serving/mcp/models.py)</error></testcase><testcase classname="" name="tests.orchestration.test_pipeline_catalog_entrypoint" time="0.000"><error message="collection failure">ImportError while importing test module '/home/paul/CodeIntel/tests/orchestration/test_pipeline_catalog_entrypoint.py'.
Hint: make sure your test modules/packages have valid Python names.
Traceback:
../.local/share/uv/python/cpython-3.13.9-linux-x86_64-gnu/lib/python3.13/importlib/__init__.py:88: in import_module
    return _bootstrap._gcd_import(name[level:], package, level)
           ^^^^^^^^^^^^^^^^^^^^^^^^^^^^^^^^^^^^^^^^^^^^^^^^^^^^
tests/orchestration/test_pipeline_catalog_entrypoint.py:28: in &lt;module&gt;
    from codeintel.pipeline.orchestration.steps import AstStep, GoidsStep, PipelineContext, RepoScanStep
src/codeintel/pipeline/orchestration/steps.py:40: in &lt;module&gt;
    from codeintel.pipeline.orchestration.steps_export import EXPORT_STEPS, ExportDocsStep
src/codeintel/pipeline/orchestration/steps_export.py:9: in &lt;module&gt;
    from codeintel.pipeline.export.export_jsonl import ExportCallOptions, export_all_jsonl
src/codeintel/pipeline/export/export_jsonl.py:28: in &lt;module&gt;
    from codeintel.serving.http.datasets import validate_dataset_registry
src/codeintel/serving/http/datasets.py:9: in &lt;module&gt;
    from codeintel.serving.backend.datasets import (
src/codeintel/serving/backend/__init__.py:5: in &lt;module&gt;
    from codeintel.serving.backend.duckdb_service import DuckDBQueryService
src/codeintel/serving/backend/duckdb_service.py:21: in &lt;module&gt;
    from codeintel.serving.mcp.models import (
E   ImportError: cannot import name 'FileProfileRow' from 'codeintel.serving.mcp.models' (/home/paul/CodeIntel/src/codeintel/serving/mcp/models.py)</error></testcase><testcase classname="" name="tests.orchestration.test_pipeline_catalog_reuse" time="0.000"><error message="collection failure">ImportError while importing test module '/home/paul/CodeIntel/tests/orchestration/test_pipeline_catalog_reuse.py'.
Hint: make sure your test modules/packages have valid Python names.
Traceback:
../.local/share/uv/python/cpython-3.13.9-linux-x86_64-gnu/lib/python3.13/importlib/__init__.py:88: in import_module
    return _bootstrap._gcd_import(name[level:], package, level)
           ^^^^^^^^^^^^^^^^^^^^^^^^^^^^^^^^^^^^^^^^^^^^^^^^^^^^
tests/orchestration/test_pipeline_catalog_reuse.py:10: in &lt;module&gt;
    from codeintel.pipeline.orchestration.steps import (
src/codeintel/pipeline/orchestration/steps.py:40: in &lt;module&gt;
    from codeintel.pipeline.orchestration.steps_export import EXPORT_STEPS, ExportDocsStep
src/codeintel/pipeline/orchestration/steps_export.py:9: in &lt;module&gt;
    from codeintel.pipeline.export.export_jsonl import ExportCallOptions, export_all_jsonl
src/codeintel/pipeline/export/export_jsonl.py:28: in &lt;module&gt;
    from codeintel.serving.http.datasets import validate_dataset_registry
src/codeintel/serving/http/datasets.py:9: in &lt;module&gt;
    from codeintel.serving.backend.datasets import (
src/codeintel/serving/backend/__init__.py:5: in &lt;module&gt;
    from codeintel.serving.backend.duckdb_service import DuckDBQueryService
src/codeintel/serving/backend/duckdb_service.py:21: in &lt;module&gt;
    from codeintel.serving.mcp.models import (
E   ImportError: cannot import name 'FileProfileRow' from 'codeintel.serving.mcp.models' (/home/paul/CodeIntel/src/codeintel/serving/mcp/models.py)</error></testcase><testcase classname="" name="tests.orchestration.test_prefect_export_docs" time="0.000"><error message="collection failure">ImportError while importing test module '/home/paul/CodeIntel/tests/orchestration/test_prefect_export_docs.py'.
Hint: make sure your test modules/packages have valid Python names.
Traceback:
../.local/share/uv/python/cpython-3.13.9-linux-x86_64-gnu/lib/python3.13/importlib/__init__.py:88: in import_module
    return _bootstrap._gcd_import(name[level:], package, level)
           ^^^^^^^^^^^^^^^^^^^^^^^^^^^^^^^^^^^^^^^^^^^^^^^^^^^^
tests/orchestration/test_prefect_export_docs.py:9: in &lt;module&gt;
    from codeintel.pipeline.export.export_jsonl import ExportCallOptions
src/codeintel/pipeline/export/export_jsonl.py:28: in &lt;module&gt;
    from codeintel.serving.http.datasets import validate_dataset_registry
src/codeintel/serving/http/datasets.py:9: in &lt;module&gt;
    from codeintel.serving.backend.datasets import (
src/codeintel/serving/backend/__init__.py:5: in &lt;module&gt;
    from codeintel.serving.backend.duckdb_service import DuckDBQueryService
src/codeintel/serving/backend/duckdb_service.py:21: in &lt;module&gt;
    from codeintel.serving.mcp.models import (
E   ImportError: cannot import name 'FileProfileRow' from 'codeintel.serving.mcp.models' (/home/paul/CodeIntel/src/codeintel/serving/mcp/models.py)</error></testcase><testcase classname="" name="tests.orchestration.test_prefect_flow_smoke" time="0.000"><error message="collection failure">ImportError while importing test module '/home/paul/CodeIntel/tests/orchestration/test_prefect_flow_smoke.py'.
Hint: make sure your test modules/packages have valid Python names.
Traceback:
../.local/share/uv/python/cpython-3.13.9-linux-x86_64-gnu/lib/python3.13/importlib/__init__.py:88: in import_module
    return _bootstrap._gcd_import(name[level:], package, level)
           ^^^^^^^^^^^^^^^^^^^^^^^^^^^^^^^^^^^^^^^^^^^^^^^^^^^^
tests/orchestration/test_prefect_flow_smoke.py:11: in &lt;module&gt;
    from codeintel.cli.main import main as cli_main
src/codeintel/cli/main.py:35: in &lt;module&gt;
    from codeintel.pipeline.export.export_jsonl import ExportCallOptions
src/codeintel/pipeline/export/export_jsonl.py:28: in &lt;module&gt;
    from codeintel.serving.http.datasets import validate_dataset_registry
src/codeintel/serving/http/datasets.py:9: in &lt;module&gt;
    from codeintel.serving.backend.datasets import (
src/codeintel/serving/backend/__init__.py:5: in &lt;module&gt;
    from codeintel.serving.backend.duckdb_service import DuckDBQueryService
src/codeintel/serving/backend/duckdb_service.py:21: in &lt;module&gt;
    from codeintel.serving.mcp.models import (
E   ImportError: cannot import name 'FileProfileRow' from 'codeintel.serving.mcp.models' (/home/paul/CodeIntel/src/codeintel/serving/mcp/models.py)</error></testcase><testcase classname="" name="tests.orchestration.test_risk_factors_catalog_fallback" time="0.000"><error message="collection failure">ImportError while importing test module '/home/paul/CodeIntel/tests/orchestration/test_risk_factors_catalog_fallback.py'.
Hint: make sure your test modules/packages have valid Python names.
Traceback:
../.local/share/uv/python/cpython-3.13.9-linux-x86_64-gnu/lib/python3.13/importlib/__init__.py:88: in import_module
    return _bootstrap._gcd_import(name[level:], package, level)
           ^^^^^^^^^^^^^^^^^^^^^^^^^^^^^^^^^^^^^^^^^^^^^^^^^^^^
tests/orchestration/test_risk_factors_catalog_fallback.py:14: in &lt;module&gt;
    from codeintel.pipeline.orchestration.steps import PipelineContext, RiskFactorsStep
src/codeintel/pipeline/orchestration/steps.py:40: in &lt;module&gt;
    from codeintel.pipeline.orchestration.steps_export import EXPORT_STEPS, ExportDocsStep
src/codeintel/pipeline/orchestration/steps_export.py:9: in &lt;module&gt;
    from codeintel.pipeline.export.export_jsonl import ExportCallOptions, export_all_jsonl
src/codeintel/pipeline/export/export_jsonl.py:28: in &lt;module&gt;
    from codeintel.serving.http.datasets import validate_dataset_registry
src/codeintel/serving/http/datasets.py:9: in &lt;module&gt;
    from codeintel.serving.backend.datasets import (
src/codeintel/serving/backend/__init__.py:5: in &lt;module&gt;
    from codeintel.serving.backend.duckdb_service import DuckDBQueryService
src/codeintel/serving/backend/duckdb_service.py:21: in &lt;module&gt;
    from codeintel.serving.mcp.models import (
E   ImportError: cannot import name 'FileProfileRow' from 'codeintel.serving.mcp.models' (/home/paul/CodeIntel/src/codeintel/serving/mcp/models.py)</error></testcase><testcase classname="" name="tests.orchestration.test_step_registry" time="0.000"><error message="collection failure">ImportError while importing test module '/home/paul/CodeIntel/tests/orchestration/test_step_registry.py'.
Hint: make sure your test modules/packages have valid Python names.
Traceback:
../.local/share/uv/python/cpython-3.13.9-linux-x86_64-gnu/lib/python3.13/importlib/__init__.py:88: in import_module
    return _bootstrap._gcd_import(name[level:], package, level)
           ^^^^^^^^^^^^^^^^^^^^^^^^^^^^^^^^^^^^^^^^^^^^^^^^^^^^
tests/orchestration/test_step_registry.py:18: in &lt;module&gt;
    from codeintel.pipeline.orchestration.steps import (
src/codeintel/pipeline/orchestration/steps.py:40: in &lt;module&gt;
    from codeintel.pipeline.orchestration.steps_export import EXPORT_STEPS, ExportDocsStep
src/codeintel/pipeline/orchestration/steps_export.py:9: in &lt;module&gt;
    from codeintel.pipeline.export.export_jsonl import ExportCallOptions, export_all_jsonl
src/codeintel/pipeline/export/export_jsonl.py:28: in &lt;module&gt;
    from codeintel.serving.http.datasets import validate_dataset_registry
src/codeintel/serving/http/datasets.py:9: in &lt;module&gt;
    from codeintel.serving.backend.datasets import (
src/codeintel/serving/backend/__init__.py:5: in &lt;module&gt;
    from codeintel.serving.backend.duckdb_service import DuckDBQueryService
src/codeintel/serving/backend/duckdb_service.py:21: in &lt;module&gt;
    from codeintel.serving.mcp.models import (
E   ImportError: cannot import name 'FileProfileRow' from 'codeintel.serving.mcp.models' (/home/paul/CodeIntel/src/codeintel/serving/mcp/models.py)</error></testcase><testcase classname="" name="tests.server.test_dataset_registry_parity" time="0.000"><error message="collection failure">ImportError while importing test module '/home/paul/CodeIntel/tests/server/test_dataset_registry_parity.py'.
Hint: make sure your test modules/packages have valid Python names.
Traceback:
../.local/share/uv/python/cpython-3.13.9-linux-x86_64-gnu/lib/python3.13/importlib/__init__.py:88: in import_module
    return _bootstrap._gcd_import(name[level:], package, level)
           ^^^^^^^^^^^^^^^^^^^^^^^^^^^^^^^^^^^^^^^^^^^^^^^^^^^^
tests/server/test_dataset_registry_parity.py:10: in &lt;module&gt;
    from codeintel.serving.http.datasets import build_dataset_registry
src/codeintel/serving/http/datasets.py:9: in &lt;module&gt;
    from codeintel.serving.backend.datasets import (
src/codeintel/serving/backend/__init__.py:5: in &lt;module&gt;
    from codeintel.serving.backend.duckdb_service import DuckDBQueryService
src/codeintel/serving/backend/duckdb_service.py:21: in &lt;module&gt;
    from codeintel.serving.mcp.models import (
E   ImportError: cannot import name 'FileProfileRow' from 'codeintel.serving.mcp.models' (/home/paul/CodeIntel/src/codeintel/serving/mcp/models.py)</error></testcase><testcase classname="" name="tests.server.test_datasets_registry" time="0.000"><error message="collection failure">ImportError while importing test module '/home/paul/CodeIntel/tests/server/test_datasets_registry.py'.
Hint: make sure your test modules/packages have valid Python names.
Traceback:
../.local/share/uv/python/cpython-3.13.9-linux-x86_64-gnu/lib/python3.13/importlib/__init__.py:88: in import_module
    return _bootstrap._gcd_import(name[level:], package, level)
           ^^^^^^^^^^^^^^^^^^^^^^^^^^^^^^^^^^^^^^^^^^^^^^^^^^^^
tests/server/test_datasets_registry.py:7: in &lt;module&gt;
    from codeintel.serving.http.datasets import build_dataset_registry
src/codeintel/serving/http/datasets.py:9: in &lt;module&gt;
    from codeintel.serving.backend.datasets import (
src/codeintel/serving/backend/__init__.py:5: in &lt;module&gt;
    from codeintel.serving.backend.duckdb_service import DuckDBQueryService
src/codeintel/serving/backend/duckdb_service.py:21: in &lt;module&gt;
    from codeintel.serving.mcp.models import (
E   ImportError: cannot import name 'FileProfileRow' from 'codeintel.serving.mcp.models' (/home/paul/CodeIntel/src/codeintel/serving/mcp/models.py)</error></testcase><testcase classname="" name="tests.server.test_fastapi" time="0.000"><error message="collection failure">ImportError while importing test module '/home/paul/CodeIntel/tests/server/test_fastapi.py'.
Hint: make sure your test modules/packages have valid Python names.
Traceback:
../.local/share/uv/python/cpython-3.13.9-linux-x86_64-gnu/lib/python3.13/importlib/__init__.py:88: in import_module
    return _bootstrap._gcd_import(name[level:], package, level)
           ^^^^^^^^^^^^^^^^^^^^^^^^^^^^^^^^^^^^^^^^^^^^^^^^^^^^
tests/server/test_fastapi.py:15: in &lt;module&gt;
    from codeintel.serving.http.fastapi import BackendResource, create_app
src/codeintel/serving/http/fastapi.py:25: in &lt;module&gt;
    from codeintel.serving.http.routes.architecture import build_architecture_router
src/codeintel/serving/http/routes/architecture.py:7: in &lt;module&gt;
    from codeintel.serving.http.dependencies import ServiceDep
src/codeintel/serving/http/dependencies.py:11: in &lt;module&gt;
    from codeintel.serving.mcp.backend import QueryBackend
src/codeintel/serving/mcp/backend.py:16: in &lt;module&gt;
    from codeintel.serving.backend import BackendLimits, DuckDBQueryService
src/codeintel/serving/backend/__init__.py:5: in &lt;module&gt;
    from codeintel.serving.backend.duckdb_service import DuckDBQueryService
src/codeintel/serving/backend/duckdb_service.py:21: in &lt;module&gt;
    from codeintel.serving.mcp.models import (
E   ImportError: cannot import name 'FileProfileRow' from 'codeintel.serving.mcp.models' (/home/paul/CodeIntel/src/codeintel/serving/mcp/models.py)</error></testcase><testcase classname="" name="tests.server.test_fastapi_endpoints" time="0.000"><error message="collection failure">ImportError while importing test module '/home/paul/CodeIntel/tests/server/test_fastapi_endpoints.py'.
Hint: make sure your test modules/packages have valid Python names.
Traceback:
../.local/share/uv/python/cpython-3.13.9-linux-x86_64-gnu/lib/python3.13/importlib/__init__.py:88: in import_module
    return _bootstrap._gcd_import(name[level:], package, level)
           ^^^^^^^^^^^^^^^^^^^^^^^^^^^^^^^^^^^^^^^^^^^^^^^^^^^^
tests/server/test_fastapi_endpoints.py:16: in &lt;module&gt;
    from codeintel.serving.http.fastapi import create_app
src/codeintel/serving/http/fastapi.py:25: in &lt;module&gt;
    from codeintel.serving.http.routes.architecture import build_architecture_router
src/codeintel/serving/http/routes/architecture.py:7: in &lt;module&gt;
    from codeintel.serving.http.dependencies import ServiceDep
src/codeintel/serving/http/dependencies.py:11: in &lt;module&gt;
    from codeintel.serving.mcp.backend import QueryBackend
src/codeintel/serving/mcp/backend.py:16: in &lt;module&gt;
    from codeintel.serving.backend import BackendLimits, DuckDBQueryService
src/codeintel/serving/backend/__init__.py:5: in &lt;module&gt;
    from codeintel.serving.backend.duckdb_service import DuckDBQueryService
src/codeintel/serving/backend/duckdb_service.py:21: in &lt;module&gt;
    from codeintel.serving.mcp.models import (
E   ImportError: cannot import name 'FileProfileRow' from 'codeintel.serving.mcp.models' (/home/paul/CodeIntel/src/codeintel/serving/mcp/models.py)</error></testcase><testcase classname="" name="tests.server.test_wiring_smoke" time="0.000"><error message="collection failure">ImportError while importing test module '/home/paul/CodeIntel/tests/server/test_wiring_smoke.py'.
Hint: make sure your test modules/packages have valid Python names.
Traceback:
../.local/share/uv/python/cpython-3.13.9-linux-x86_64-gnu/lib/python3.13/importlib/__init__.py:88: in import_module
    return _bootstrap._gcd_import(name[level:], package, level)
           ^^^^^^^^^^^^^^^^^^^^^^^^^^^^^^^^^^^^^^^^^^^^^^^^^^^^
tests/server/test_wiring_smoke.py:11: in &lt;module&gt;
    from codeintel.serving.http.fastapi import create_app
src/codeintel/serving/http/fastapi.py:25: in &lt;module&gt;
    from codeintel.serving.http.routes.architecture import build_architecture_router
src/codeintel/serving/http/routes/architecture.py:7: in &lt;module&gt;
    from codeintel.serving.http.dependencies import ServiceDep
src/codeintel/serving/http/dependencies.py:11: in &lt;module&gt;
    from codeintel.serving.mcp.backend import QueryBackend
src/codeintel/serving/mcp/backend.py:16: in &lt;module&gt;
    from codeintel.serving.backend import BackendLimits, DuckDBQueryService
src/codeintel/serving/backend/__init__.py:5: in &lt;module&gt;
    from codeintel.serving.backend.duckdb_service import DuckDBQueryService
src/codeintel/serving/backend/duckdb_service.py:21: in &lt;module&gt;
    from codeintel.serving.mcp.models import (
E   ImportError: cannot import name 'FileProfileRow' from 'codeintel.serving.mcp.models' (/home/paul/CodeIntel/src/codeintel/serving/mcp/models.py)</error></testcase><testcase classname="" name="tests.services.test_backend_limits" time="0.000"><error message="collection failure">ImportError while importing test module '/home/paul/CodeIntel/tests/services/test_backend_limits.py'.
Hint: make sure your test modules/packages have valid Python names.
Traceback:
../.local/share/uv/python/cpython-3.13.9-linux-x86_64-gnu/lib/python3.13/importlib/__init__.py:88: in import_module
    return _bootstrap._gcd_import(name[level:], package, level)
           ^^^^^^^^^^^^^^^^^^^^^^^^^^^^^^^^^^^^^^^^^^^^^^^^^^^^
tests/services/test_backend_limits.py:7: in &lt;module&gt;
    from codeintel.serving.mcp.query_service import BackendLimits, clamp_limit_value
src/codeintel/serving/mcp/query_service.py:9: in &lt;module&gt;
    from codeintel.serving.backend import (
src/codeintel/serving/backend/__init__.py:5: in &lt;module&gt;
    from codeintel.serving.backend.duckdb_service import DuckDBQueryService
src/codeintel/serving/backend/duckdb_service.py:21: in &lt;module&gt;
    from codeintel.serving.mcp.models import (
E   ImportError: cannot import name 'FileProfileRow' from 'codeintel.serving.mcp.models' (/home/paul/CodeIntel/src/codeintel/serving/mcp/models.py)</error></testcase><testcase classname="" name="tests.services.test_factory_wiring" time="0.000"><error message="collection failure">ImportError while importing test module '/home/paul/CodeIntel/tests/services/test_factory_wiring.py'.
Hint: make sure your test modules/packages have valid Python names.
Traceback:
../.local/share/uv/python/cpython-3.13.9-linux-x86_64-gnu/lib/python3.13/importlib/__init__.py:88: in import_module
    return _bootstrap._gcd_import(name[level:], package, level)
           ^^^^^^^^^^^^^^^^^^^^^^^^^^^^^^^^^^^^^^^^^^^^^^^^^^^^
tests/services/test_factory_wiring.py:13: in &lt;module&gt;
    from codeintel.serving.http.fastapi import create_app
src/codeintel/serving/http/fastapi.py:25: in &lt;module&gt;
    from codeintel.serving.http.routes.architecture import build_architecture_router
src/codeintel/serving/http/routes/architecture.py:7: in &lt;module&gt;
    from codeintel.serving.http.dependencies import ServiceDep
src/codeintel/serving/http/dependencies.py:11: in &lt;module&gt;
    from codeintel.serving.mcp.backend import QueryBackend
src/codeintel/serving/mcp/backend.py:16: in &lt;module&gt;
    from codeintel.serving.backend import BackendLimits, DuckDBQueryService
src/codeintel/serving/backend/__init__.py:5: in &lt;module&gt;
    from codeintel.serving.backend.duckdb_service import DuckDBQueryService
src/codeintel/serving/backend/duckdb_service.py:21: in &lt;module&gt;
    from codeintel.serving.mcp.models import (
E   ImportError: cannot import name 'FileProfileRow' from 'codeintel.serving.mcp.models' (/home/paul/CodeIntel/src/codeintel/serving/mcp/models.py)</error></testcase><testcase classname="" name="tests.services.test_query_service" time="0.000"><error message="collection failure">ImportError while importing test module '/home/paul/CodeIntel/tests/services/test_query_service.py'.
Hint: make sure your test modules/packages have valid Python names.
Traceback:
../.local/share/uv/python/cpython-3.13.9-linux-x86_64-gnu/lib/python3.13/importlib/__init__.py:88: in import_module
    return _bootstrap._gcd_import(name[level:], package, level)
           ^^^^^^^^^^^^^^^^^^^^^^^^^^^^^^^^^^^^^^^^^^^^^^^^^^^^
tests/services/test_query_service.py:18: in &lt;module&gt;
    from codeintel.serving.http.datasets import build_registry_and_limits, validate_dataset_registry
src/codeintel/serving/http/datasets.py:9: in &lt;module&gt;
    from codeintel.serving.backend.datasets import (
src/codeintel/serving/backend/__init__.py:5: in &lt;module&gt;
    from codeintel.serving.backend.duckdb_service import DuckDBQueryService
src/codeintel/serving/backend/duckdb_service.py:21: in &lt;module&gt;
    from codeintel.serving.mcp.models import (
E   ImportError: cannot import name 'FileProfileRow' from 'codeintel.serving.mcp.models' (/home/paul/CodeIntel/src/codeintel/serving/mcp/models.py)</error></testcase><testcase classname="" name="tests.services.test_request_context_observability" time="0.000"><error message="collection failure">ImportError while importing test module '/home/paul/CodeIntel/tests/services/test_request_context_observability.py'.
Hint: make sure your test modules/packages have valid Python names.
Traceback:
../.local/share/uv/python/cpython-3.13.9-linux-x86_64-gnu/lib/python3.13/importlib/__init__.py:88: in import_module
    return _bootstrap._gcd_import(name[level:], package, level)
           ^^^^^^^^^^^^^^^^^^^^^^^^^^^^^^^^^^^^^^^^^^^^^^^^^^^^
tests/services/test_request_context_observability.py:10: in &lt;module&gt;
    from codeintel.serving.backend import BackendLimits, DuckDBQueryService
src/codeintel/serving/backend/__init__.py:5: in &lt;module&gt;
    from codeintel.serving.backend.duckdb_service import DuckDBQueryService
src/codeintel/serving/backend/duckdb_service.py:21: in &lt;module&gt;
    from codeintel.serving.mcp.models import (
E   ImportError: cannot import name 'FileProfileRow' from 'codeintel.serving.mcp.models' (/home/paul/CodeIntel/src/codeintel/serving/mcp/models.py)</error></testcase><testcase classname="" name="tests.services.test_subsystem_roundtrip" time="0.000"><error message="collection failure">ImportError while importing test module '/home/paul/CodeIntel/tests/services/test_subsystem_roundtrip.py'.
Hint: make sure your test modules/packages have valid Python names.
Traceback:
../.local/share/uv/python/cpython-3.13.9-linux-x86_64-gnu/lib/python3.13/importlib/__init__.py:88: in import_module
    return _bootstrap._gcd_import(name[level:], package, level)
           ^^^^^^^^^^^^^^^^^^^^^^^^^^^^^^^^^^^^^^^^^^^^^^^^^^^^
tests/services/test_subsystem_roundtrip.py:12: in &lt;module&gt;
    from codeintel.serving.http.fastapi import create_app
src/codeintel/serving/http/fastapi.py:25: in &lt;module&gt;
    from codeintel.serving.http.routes.architecture import build_architecture_router
src/codeintel/serving/http/routes/architecture.py:7: in &lt;module&gt;
    from codeintel.serving.http.dependencies import ServiceDep
src/codeintel/serving/http/dependencies.py:11: in &lt;module&gt;
    from codeintel.serving.mcp.backend import QueryBackend
src/codeintel/serving/mcp/backend.py:16: in &lt;module&gt;
    from codeintel.serving.backend import BackendLimits, DuckDBQueryService
src/codeintel/serving/backend/__init__.py:5: in &lt;module&gt;
    from codeintel.serving.backend.duckdb_service import DuckDBQueryService
src/codeintel/serving/backend/duckdb_service.py:21: in &lt;module&gt;
    from codeintel.serving.mcp.models import (
E   ImportError: cannot import name 'FileProfileRow' from 'codeintel.serving.mcp.models' (/home/paul/CodeIntel/src/codeintel/serving/mcp/models.py)</error></testcase><testcase classname="" name="tests.services.test_typed_docs_responses" time="0.000"><error message="collection failure">ImportError while importing test module '/home/paul/CodeIntel/tests/services/test_typed_docs_responses.py'.
Hint: make sure your test modules/packages have valid Python names.
Traceback:
../.local/share/uv/python/cpython-3.13.9-linux-x86_64-gnu/lib/python3.13/importlib/__init__.py:88: in import_module
    return _bootstrap._gcd_import(name[level:], package, level)
           ^^^^^^^^^^^^^^^^^^^^^^^^^^^^^^^^^^^^^^^^^^^^^^^^^^^^
tests/services/test_typed_docs_responses.py:14: in &lt;module&gt;
    from codeintel.serving.mcp.query_service import BackendLimits, DuckDBQueryService
src/codeintel/serving/mcp/query_service.py:9: in &lt;module&gt;
    from codeintel.serving.backend import (
src/codeintel/serving/backend/__init__.py:5: in &lt;module&gt;
    from codeintel.serving.backend.duckdb_service import DuckDBQueryService
src/codeintel/serving/backend/duckdb_service.py:21: in &lt;module&gt;
    from codeintel.serving.mcp.models import (
E   ImportError: cannot import name 'FileProfileRow' from 'codeintel.serving.mcp.models' (/home/paul/CodeIntel/src/codeintel/serving/mcp/models.py)</error></testcase><testcase classname="" name="tests.serving.test_backend_resource_runtime" time="0.000"><error message="collection failure">ImportError while importing test module '/home/paul/CodeIntel/tests/serving/test_backend_resource_runtime.py'.
Hint: make sure your test modules/packages have valid Python names.
Traceback:
../.local/share/uv/python/cpython-3.13.9-linux-x86_64-gnu/lib/python3.13/importlib/__init__.py:88: in import_module
    return _bootstrap._gcd_import(name[level:], package, level)
           ^^^^^^^^^^^^^^^^^^^^^^^^^^^^^^^^^^^^^^^^^^^^^^^^^^^^
tests/serving/test_backend_resource_runtime.py:15: in &lt;module&gt;
    from codeintel.serving.services.wiring import BackendResourceOptions, build_backend_resource
src/codeintel/serving/services/wiring.py:23: in &lt;module&gt;
    from codeintel.serving.backend import BackendLimits
src/codeintel/serving/backend/__init__.py:5: in &lt;module&gt;
    from codeintel.serving.backend.duckdb_service import DuckDBQueryService
src/codeintel/serving/backend/duckdb_service.py:21: in &lt;module&gt;
    from codeintel.serving.mcp.models import (
E   ImportError: cannot import name 'FileProfileRow' from 'codeintel.serving.mcp.models' (/home/paul/CodeIntel/src/codeintel/serving/mcp/models.py)</error></testcase><testcase classname="" name="tests.serving.test_dataset_specs" time="0.000"><error message="collection failure">ImportError while importing test module '/home/paul/CodeIntel/tests/serving/test_dataset_specs.py'.
Hint: make sure your test modules/packages have valid Python names.
Traceback:
../.local/share/uv/python/cpython-3.13.9-linux-x86_64-gnu/lib/python3.13/importlib/__init__.py:88: in import_module
    return _bootstrap._gcd_import(name[level:], package, level)
           ^^^^^^^^^^^^^^^^^^^^^^^^^^^^^^^^^^^^^^^^^^^^^^^^^^^^
tests/serving/test_dataset_specs.py:7: in &lt;module&gt;
    from codeintel.serving.mcp.query_service import BackendLimits, DuckDBQueryService
src/codeintel/serving/mcp/query_service.py:9: in &lt;module&gt;
    from codeintel.serving.backend import (
src/codeintel/serving/backend/__init__.py:5: in &lt;module&gt;
    from codeintel.serving.backend.duckdb_service import DuckDBQueryService
src/codeintel/serving/backend/duckdb_service.py:21: in &lt;module&gt;
    from codeintel.serving.mcp.models import (
E   ImportError: cannot import name 'FileProfileRow' from 'codeintel.serving.mcp.models' (/home/paul/CodeIntel/src/codeintel/serving/mcp/models.py)</error></testcase><testcase classname="" name="tests.serving.test_operation_spec_alignment" time="0.000"><error message="collection failure">ImportError while importing test module '/home/paul/CodeIntel/tests/serving/test_operation_spec_alignment.py'.
Hint: make sure your test modules/packages have valid Python names.
Traceback:
../.local/share/uv/python/cpython-3.13.9-linux-x86_64-gnu/lib/python3.13/importlib/__init__.py:88: in import_module
    return _bootstrap._gcd_import(name[level:], package, level)
           ^^^^^^^^^^^^^^^^^^^^^^^^^^^^^^^^^^^^^^^^^^^^^^^^^^^^
tests/serving/test_operation_spec_alignment.py:12: in &lt;module&gt;
    from codeintel.serving.backend import BackendLimits
src/codeintel/serving/backend/__init__.py:5: in &lt;module&gt;
    from codeintel.serving.backend.duckdb_service import DuckDBQueryService
src/codeintel/serving/backend/duckdb_service.py:21: in &lt;module&gt;
    from codeintel.serving.mcp.models import (
[...]
        Returns
        -------
        StorageGateway
            Gateway backed by an in-memory DuckDB connection with ingest macros present.
    
        Raises
        ------
        RuntimeError
            If ingest macros could not be registered.
        """
&gt;       gateway = open_memory_gateway(
            apply_schema=apply_schema,
            ensure_views=ensure_views,
            validate_schema=validate_schema,
            attach_history=attach_history,
        )
E       TypeError: open_memory_gateway() got an unexpected keyword argument 'attach_history'

tests/_helpers/duckdb.py:49: TypeError</failure></testcase><testcase classname="tests.storage.test_schema_function_validation" name="test_apply_all_schemas_creates_function_validation" time="4.064" /><testcase classname="tests.storage.test_schema_generation" name="test_json_schema_from_typeddict_round_trip" time="0.001" /><testcase classname="tests.storage.test_ingest_prepared_dynamic" name="test_ingest_macros_registered" time="4.069" /><testcase classname="tests.storage.test_schema_generation_validator" name="test_build_validator_accepts_mapping" time="0.001" /><testcase classname="tests.storage.repositories.test_repositories" name="test_module_repository_reads" time="5.275" /><testcase classname="tests.storage.test_schema_generation_validator" name="test_validate_row_with_schema_passes_valid_data" time="0.001" /><testcase classname="tests.storage.test_subsystem_docs_views" name="test_subsystem_profile_view_prefers_cache" time="0.067" /><testcase classname="tests.storage.repositories.test_repositories" name="test_data_model_repository_reads" time="5.319" /><testcase classname="tests.storage.test_schema_roundtrip" name="test_call_graph_edge_round_trip" time="0.371" /><testcase classname="tests.storage.test_ingest_perf" name="test_ingest_macro_perf_reasonable" time="4.266"><failure message="_duckdb.CatalogException: Catalog Error: Table Function with name metadata.ingest_function_metrics does not exist!&#10;Did you mean &quot;pg_timezone_names&quot;?">fresh_gateway = _DuckDBGateway(config=StorageConfig(db_path=PosixPath('/tmp/pytest-of-paul/pytest-395/popen-gw14/test_ingest_macro_per...ction object at 0x7409426ea030&gt;), analytics=AnalyticsTables(con=&lt;_duckdb.DuckDBPyConnection object at 0x7409426ea030&gt;))

    def test_ingest_macro_perf_reasonable(fresh_gateway: StorageGateway) -&gt; None:
        """Macro-based ingest should be within a reasonable factor of prepared inserts."""
        con = fresh_gateway.con
        table_keys = ["analytics.function_metrics", "analytics.function_effects"]
        for table_key in table_keys:
            rows = _sample_rows(con, table_key, count=15)
    
            con.execute(
                "DELETE FROM analytics.function_metrics WHERE 1=1"
                if table_key == "analytics.function_metrics"
                else "DELETE FROM analytics.function_effects WHERE 1=1"
            )
            start_macro = perf_counter()
&gt;           macro_inserted = ingest_via_macro(con, table_key, rows)
                             ^^^^^^^^^^^^^^^^^^^^^^^^^^^^^^^^^^^^^^

tests/storage/test_ingest_perf.py:63: 
_ _ _ _ _ _ _ _ _ _ _ _ _ _ _ _ _ _ _ _ _ _ _ _ _ _ _ _ _ _ _ _ _ _ _ _ _ _ _ _ _ _ _ _ _ _ _ _ _ _ _ _ _ _ _ _ _ _ _ _ _ _ _ _ _ _ _ _ _ _ _ _ _ _ _ _ _ _ _ _ _ _ _ _ _ _ _ _ _ _ _ _ _ _ _ _ _ _ _ _ _ _ _ _ _ _ _ _ _ _ _ _ _ _ _ _ _ _ _ _ _ _ _ _ _ _ _ _ _ _ _ _ _ _ _ _ _ _ _ _ _ _ _ _ _ _ _ _ _ _ _ _ _ _ _ _ _ _ _ _ _ _ _ _

con = &lt;_duckdb.DuckDBPyConnection object at 0x7409426ea030&gt;, table_key = 'analytics.function_metrics'
rows = [(None, None, None, None, None, None, ...), (None, None, None, None, None, None, ...), (None, None, None, None, None, ...one, None, None, None, ...), (None, None, None, None, None, None, ...), (None, None, None, None, None, None, ...), ...]

    def ingest_via_macro(
        con: DuckDBConnection,
        table_key: str,
        rows: Sequence[Sequence[object]],
    ) -&gt; int:
        """
        Insert rows using a macro-backed path when available; otherwise fall back to prepared inserts.
    
        Parameters
        ----------
        con :
            Active DuckDB connection.
        table_key :
            Registry key (e.g., ``analytics.function_metrics``).
        rows :
            Row payloads matching the registry column order.
    
        Returns
        -------
        int
            Number of rows inserted.
    
        Raises
        ------
        RuntimeError
            If registry metadata for the table is missing.
        ValueError
            If table or macro identifiers are unsafe.
        """
        if not rows:
            return 0
        registry_cols = load_registry_columns(con).get(table_key)
        if registry_cols is None:
            message = f"Table {table_key} missing from registry"
            raise RuntimeError(message)
        macro_name = INGEST_MACROS.get(table_key)
        if macro_name is None:
            message = f"No ingest macro is defined for table {table_key}"
            raise RuntimeError(message)
        if not _assert_macro_available(con, macro_name):
            repo_val = None
            commit_val = None
            if rows and registry_cols:
                try:
                    repo_idx = registry_cols.index("repo")
                    repo_val = rows[0][repo_idx]
                except ValueError:
                    repo_val = None
                try:
                    commit_idx = registry_cols.index("commit")
                    commit_val = rows[0][commit_idx]
                except ValueError:
                    commit_val = None
            log.warning(
                "Falling back to prepared insert; macro missing",
                extra={
                    "table_key": table_key,
                    "macro_name": macro_name,
                    "repo": repo_val,
                    "commit": commit_val,
                },
            )
            try:
                return _fallback_prepared_insert(
                    con, table_key=table_key, registry_cols=registry_cols, rows=rows
                )
            except ValueError as exc:
                message = f"Unsafe identifiers for ingest table {table_key}"
                raise ValueError(message) from exc
    
        try:
            _, _, table_sql = _quote_table_key(table_key)
            safe_macro = _quote_macro_name(macro_name)
        except ValueError as exc:
            message = f"Unsafe identifiers for ingest table {table_key}"
            raise ValueError(message) from exc
    
        schema_rel = con.table(table_sql)
        con.execute("DROP TABLE IF EXISTS temp_ingest_values")
        schema_rel.limit(0).create("temp_ingest_values")
        df = pd.DataFrame([tuple(row) for row in rows], columns=pd.Index(registry_cols))
        con.append("temp_ingest_values", df, by_name=True)
    
&gt;       macro_rel = con.table_function(safe_macro, ["temp_ingest_values"])
                    ^^^^^^^^^^^^^^^^^^^^^^^^^^^^^^^^^^^^^^^^^^^^^^^^^^^^^^
E       _duckdb.CatalogException: Catalog Error: Table Function with name metadata.ingest_function_metrics does not exist!
E       Did you mean "pg_timezone_names"?

src/codeintel/ingestion/ingest_service.py:283: CatalogException</failure></testcase><testcase classname="tests.test_callgraph_alias_resolution" name="test_callgraph_resolves_import_alias" time="4.582"><failure message="_duckdb.CatalogException: Catalog Error: Table Function with name metadata.ingest_call_graph_nodes does not exist!&#10;Did you mean &quot;icu_calendar_names&quot;?">tmp_path = PosixPath('/tmp/pytest-of-paul/pytest-395/popen-gw12/test_callgraph_resolves_import0')
fresh_gateway = _DuckDBGateway(config=StorageConfig(db_path=PosixPath('/tmp/pytest-of-paul/pytest-395/popen-gw12/test_callgraph_resolv...ction object at 0x7bdd717fbaf0&gt;), analytics=AnalyticsTables(con=&lt;_duckdb.DuckDBPyConnection object at 0x7bdd717fbaf0&gt;))

    def test_callgraph_resolves_import_alias(tmp_path: Path, fresh_gateway: StorageGateway) -&gt; None:
        """
        Call graph builder should resolve calls made through an import alias.
    
        Raises
        ------
        AssertionError
            If alias-based resolution fails to return the expected GOID.
        """
        repo_root = tmp_path / "repo"
        _write_repo_files(repo_root)
        callee_goid, caller_goid = _seed_modules_and_goids(fresh_gateway, repo_root)
    
        builder = ConfigBuilder.from_snapshot(
            repo=REPO,
            commit=COMMIT,
            repo_root=repo_root,
            build_dir=repo_root / "build",
        )
&gt;       build_call_graph(fresh_gateway, builder.call_graph())

tests/test_callgraph_alias_resolution.py:35: 
_ _ _ _ _ _ _ _ _ _ _ _ _ _ _ _ _ _ _ _ _ _ _ _ _ _ _ _ _ _ _ _ _ _ _ _ _ _ _ _ _ _ _ _ _ _ _ _ _ _ _ _ _ _ _ _ _ _ _ _ _ _ _ _ _ _ _ _ _ _ _ _ _ _ _ _ _ _ _ _ _ _ _ _ _ _ _ _ _ _ _ _ _ _ _ _ _ _ _ _ _ _ _ _ _ _ _ _ _ _ _ _ _ _ _ _ _ _ _ _ _ _ _ _ _ _ _ _ _ _ _ _ _ _ _ _ _ _ _ _ _ _ _ _ _ _ _ _ _ _ _ _ _ _ _ _ _ _ _ _ _ _ _ _
src/codeintel/graphs/callgraph_builder.py:63: in build_call_graph
    _persist_call_graph_nodes(gateway, node_rows)
src/codeintel/graphs/callgraph_builder.py:187: in _persist_call_graph_nodes
    run_batch(
src/codeintel/ingestion/common.py:556: in run_batch
    ingested = ingest_via_macro(active_con, table_key, rows) if rows else 0
               ^^^^^^^^^^^^^^^^^^^^^^^^^^^^^^^^^^^^^^^^^^^^^
_ _ _ _ _ _ _ _ _ _ _ _ _ _ _ _ _ _ _ _ _ _ _ _ _ _ _ _ _ _ _ _ _ _ _ _ _ _ _ _ _ _ _ _ _ _ _ _ _ _ _ _ _ _ _ _ _ _ _ _ _ _ _ _ _ _ _ _ _ _ _ _ _ _ _ _ _ _ _ _ _ _ _ _ _ _ _ _ _ _ _ _ _ _ _ _ _ _ _ _ _ _ _ _ _ _ _ _ _ _ _ _ _ _ _ _ _ _ _ _ _ _ _ _ _ _ _ _ _ _ _ _ _ _ _ _ _ _ _ _ _ _ _ _ _ _ _ _ _ _ _ _ _ _ _ _ _ _ _ _ _ _ _ _

con = &lt;_duckdb.DuckDBPyConnection object at 0x7bdd717fbaf0&gt;, table_key = 'graph.call_graph_nodes', rows = [(1, 'python', 'function', -1, True, 'pkg/callee.py'), (2, 'python', 'function', -1, True, 'pkg/caller.py')]

    def ingest_via_macro(
        con: DuckDBConnection,
        table_key: str,
        rows: Sequence[Sequence[object]],
    ) -&gt; int:
        """
        Insert rows using a macro-backed path when available; otherwise fall back to prepared inserts.
    
        Parameters
        ----------
        con :
            Active DuckDB connection.
        table_key :
            Registry key (e.g., ``analytics.function_metrics``).
        rows :
            Row payloads matching the registry column order.
    
        Returns
        -------
        int
            Number of rows inserted.
    
        Raises
        ------
        RuntimeError
            If registry metadata for the table is missing.
        ValueError
            If table or macro identifiers are unsafe.
        """
        if not rows:
            return 0
        registry_cols = load_registry_columns(con).get(table_key)
        if registry_cols is None:
            message = f"Table {table_key} missing from registry"
            raise RuntimeError(message)
        macro_name = INGEST_MACROS.get(table_key)
        if macro_name is None:
            message = f"No ingest macro is defined for table {table_key}"
            raise RuntimeError(message)
        if not _assert_macro_available(con, macro_name):
            repo_val = None
            commit_val = None
            if rows and registry_cols:
                try:
                    repo_idx = registry_cols.index("repo")
                    repo_val = rows[0][repo_idx]
                except ValueError:
                    repo_val = None
                try:
                    commit_idx = registry_cols.index("commit")
                    commit_val = rows[0][commit_idx]
                except ValueError:
                    commit_val = None
            log.warning(
                "Falling back to prepared insert; macro missing",
                extra={
                    "table_key": table_key,
                    "macro_name": macro_name,
                    "repo": repo_val,
                    "commit": commit_val,
                },
            )
            try:
                return _fallback_prepared_insert(
                    con, table_key=table_key, registry_cols=registry_cols, rows=rows
                )
            except ValueError as exc:
                message = f"Unsafe identifiers for ingest table {table_key}"
                raise ValueError(message) from exc
    
        try:
            _, _, table_sql = _quote_table_key(table_key)
            safe_macro = _quote_macro_name(macro_name)
        except ValueError as exc:
            message = f"Unsafe identifiers for ingest table {table_key}"
            raise ValueError(message) from exc
    
        schema_rel = con.table(table_sql)
        con.execute("DROP TABLE IF EXISTS temp_ingest_values")
        schema_rel.limit(0).create("temp_ingest_values")
        df = pd.DataFrame([tuple(row) for row in rows], columns=pd.Index(registry_cols))
        con.append("temp_ingest_values", df, by_name=True)
    
&gt;       macro_rel = con.table_function(safe_macro, ["temp_ingest_values"])
                    ^^^^^^^^^^^^^^^^^^^^^^^^^^^^^^^^^^^^^^^^^^^^^^^^^^^^^^
E       _duckdb.CatalogException: Catalog Error: Table Function with name metadata.ingest_call_graph_nodes does not exist!
E       Did you mean "icu_calendar_names"?

src/codeintel/ingestion/ingest_service.py:283: CatalogException</failure></testcase><testcase classname="tests.graphs.test_validation_flags" name="test_validation_strict_escalates_findings" time="4.065" /><testcase classname="tests.test_core_dependency_hygiene" name="test_core_imports_are_stdlib_only" time="0.001" /><testcase classname="tests.test_layering_serving_imports" name="test_no_pipeline_imports_in_middle_packages" time="0.363" /><testcase classname="tests.storage.test_views_scoping" name="test_call_graph_view_scopes_edges_to_repo_commit" time="0.056"><failure message="TypeError: open_memory_gateway() got an unexpected keyword argument 'attach_history'">tmp_path = PosixPath('/tmp/pytest-of-paul/pytest-395/popen-gw14/test_call_graph_view_scopes_ed0')

    def test_call_graph_view_scopes_edges_to_repo_commit(tmp_path: Path) -&gt; None:
        """
        Edges from other snapshots should not join into v_call_graph_enriched.
    
        Raises
        ------
        AssertionError
            If caller repos leak across snapshots.
        """
&gt;       ctx = docs_views_ready_gateway(tmp_path / "docs_scoping", repo="r1", commit="c1")
              ^^^^^^^^^^^^^^^^^^^^^^^^^^^^^^^^^^^^^^^^^^^^^^^^^^^^^^^^^^^^^^^^^^^^^^^^^^^

tests/storage/test_views_scoping.py:19: 
_ _ _ _ _ _ _ _ _ _ _ _ _ _ _ _ _ _ _ _ _ _ _ _ _ _ _ _ _ _ _ _ _ _ _ _ _ _ _ _ _ _ _ _ _ _ _ _ _ _ _ _ _ _ _ _ _ _ _ _ _ _ _ _ _ _ _ _ _ _ _ _ _ _ _ _ _ _ _ _ _ _ _ _ _ _ _ _ _ _ _ _ _ _ _ _ _ _ _ _ _ _ _ _ _ _ _ _ _ _ _ _ _ _ _ _ _ _ _ _ _ _ _ _ _ _ _ _ _ _ _ _ _ _ _ _ _ _ _ _ _ _ _ _ _ _ _ _ _ _ _ _ _ _ _ _ _ _ _ _ _ _ _ _
tests/_helpers/fixtures.py:2190: in docs_views_ready_gateway
    ctx = provision_ingested_repo(
tests/_helpers/fixtures.py:569: in provision_ingested_repo
    gateway = _open_gateway_from_context(ctx, gateway_opts)
              ^^^^^^^^^^^^^^^^^^^^^^^^^^^^^^^^^^^^^^^^^^^^^
tests/_helpers/fixtures.py:512: in _open_gateway_from_context
    gateway = gateway_with_macros(
_ _ _ _ _ _ _ _ _ _ _ _ _ _ _ _ _ _ _ _ _ _ _ _ _ _ _ _ _ _ _ _ _ _ _ _ _ _ _ _ _ _ _ _ _ _ _ _ _ _ _ _ _ _ _ _ _ _ _ _ _ _ _ _ _ _ _ _ _ _ _ _ _ _ _ _ _ _ _ _ _ _ _ _ _ _ _ _ _ _ _ _ _ _ _ _ _ _ _ _ _ _ _ _ _ _ _ _ _ _ _ _ _ _ _ _ _ _ _ _ _ _ _ _ _ _ _ _ _ _ _ _ _ _ _ _ _ _ _ _ _ _ _ _ _ _ _ _ _ _ _ _ _ _ _ _ _ _ _ _ _ _ _ _

    def gateway_with_macros(
        *,
        apply_schema: bool = True,
        ensure_views: bool = True,
        validate_schema: bool = True,
        attach_history: bool = False,
    ) -&gt; StorageGateway:
        """
        Create an in-memory StorageGateway with schemas/views/macros ensured.
    
        Returns
        -------
        StorageGateway
            Gateway backed by an in-memory DuckDB connection with ingest macros present.
    
        Raises
        ------
        RuntimeError
            If ingest macros could not be registered.
        """
&gt;       gateway = open_memory_gateway(
            apply_schema=apply_schema,
            ensure_views=ensure_views,
            validate_schema=validate_schema,
            attach_history=attach_history,
        )
E       TypeError: open_memory_gateway() got an unexpected keyword argument 'attach_history'

tests/_helpers/duckdb.py:49: TypeError</failure></testcase><testcase classname="tests.test_tests_analytics_unit" name="test_backfill_test_goids_updates_catalog" time="0.056"><failure message="TypeError: open_memory_gateway() got an unexpected keyword argument 'attach_history'">def test_backfill_test_goids_updates_catalog() -&gt; None:
        """Ensure test_catalog entries receive GOIDs and URNs when matched to GOIDs."""
        repo_root = Path(tempfile.mkdtemp())
&gt;       ctx = provision_graph_ready_repo(
            repo_root,
            repo="demo/repo",
            commit="deadbeef",
            options=ProvisionOptions(include_seed_goid=False, build_graph_metrics=True),
        )

tests/test_tests_analytics_unit.py:48: 
_ _ _ _ _ _ _ _ _ _ _ _ _ _ _ _ _ _ _ _ _ _ _ _ _ _ _ _ _ _ _ _ _ _ _ _ _ _ _ _ _ _ _ _ _ _ _ _ _ _ _ _ _ _ _ _ _ _ _ _ _ _ _ _ _ _ _ _ _ _ _ _ _ _ _ _ _ _ _ _ _ _ _ _ _ _ _ _ _ _ _ _ _ _ _ _ _ _ _ _ _ _ _ _ _ _ _ _ _ _ _ _ _ _ _ _ _ _ _ _ _ _ _ _ _ _ _ _ _ _ _ _ _ _ _ _ _ _ _ _ _ _ _ _ _ _ _ _ _ _ _ _ _ _ _ _ _ _ _ _ _ _ _ _
tests/_helpers/fixtures.py:1313: in provision_graph_ready_repo
    ctx = provision_ingested_repo(
tests/_helpers/fixtures.py:569: in provision_ingested_repo
    gateway = _open_gateway_from_context(ctx, gateway_opts)
              ^^^^^^^^^^^^^^^^^^^^^^^^^^^^^^^^^^^^^^^^^^^^^
tests/_helpers/fixtures.py:512: in _open_gateway_from_context
    gateway = gateway_with_macros(
_ _ _ _ _ _ _ _ _ _ _ _ _ _ _ _ _ _ _ _ _ _ _ _ _ _ _ _ _ _ _ _ _ _ _ _ _ _ _ _ _ _ _ _ _ _ _ _ _ _ _ _ _ _ _ _ _ _ _ _ _ _ _ _ _ _ _ _ _ _ _ _ _ _ _ _ _ _ _ _ _ _ _ _ _ _ _ _ _ _ _ _ _ _ _ _ _ _ _ _ _ _ _ _ _ _ _ _ _ _ _ _ _ _ _ _ _ _ _ _ _ _ _ _ _ _ _ _ _ _ _ _ _ _ _ _ _ _ _ _ _ _ _ _ _ _ _ _ _ _ _ _ _ _ _ _ _ _ _ _ _ _ _ _

    def gateway_with_macros(
        *,
        apply_schema: bool = True,
        ensure_views: bool = True,
        validate_schema: bool = True,
        attach_history: bool = False,
    ) -&gt; StorageGateway:
        """
        Create an in-memory StorageGateway with schemas/views/macros ensured.
    
        Returns
        -------
        StorageGateway
            Gateway backed by an in-memory DuckDB connection with ingest macros present.
    
        Raises
        ------
        RuntimeError
            If ingest macros could not be registered.
        """
&gt;       gateway = open_memory_gateway(
            apply_schema=apply_schema,
            ensure_views=ensure_views,
            validate_schema=validate_schema,
            attach_history=attach_history,
        )
E       TypeError: open_memory_gateway() got an unexpected keyword argument 'attach_history'

tests/_helpers/duckdb.py:49: TypeError</failure></testcase><testcase classname="tests.test_layering_serving_imports" name="test_no_serving_imports_in_middle_packages" time="0.376" /><testcase classname="tests.graphs.test_validation" name="test_run_graph_validations_hard_fail_on_error" time="5.153" /><testcase classname="tests.storage.test_schema_alignment" name="test_apply_and_validate_schema_alignment" time="4.192" /><testcase classname="tests.storage.test_ingest_prepared_dynamic" name="test_dynamic_prepared_statements_match_registry" time="4.236" /><testcase classname="tests.test_tests_analytics_unit" name="test_edges_for_file_uses_test_meta" time="0.001" /></testsuite></testsuites>