<?xml version="1.0" encoding="utf-8"?><testsuites name="pytest tests"><testsuite name="pytest" errors="0" failures="0" skipped="5" tests="597" time="8.016" timestamp="2025-12-15T22:05:43.510443-05:00" hostname="paul-X870-AORUS-ELITE-WIFI7"><testcase classname="tests.build.hamilton.hooks.test_lifecycle.TestProgressBarHook" name="test_creation_with_desc" time="0.001" /><testcase classname="tests.build.hamilton.hooks.test_lifecycle.TestBuildTimingHook" name="test_records_timing" time="0.011" /><testcase classname="tests.build.hamilton.adapters.test_parallel.TestParallelConfig" name="test_from_env_defaults" time="0.001" /><testcase classname="tests.build.hamilton.adapters.test_parallel.TestParallelConfig" name="test_from_env_invalid_backend" time="0.001" /><testcase classname="tests.build.hamilton.adapters.test_parallel.TestThreadPoolAdapter" name="test_lazy_delegate" time="0.001" /><testcase classname="tests.build.hamilton.adapters.test_parallel.TestParallelConfig" name="test_from_env" time="0.001" /><testcase classname="tests.build.hamilton.adapters.test_parallel.TestParallelConfig" name="test_from_cli_args" time="0.001" /><testcase classname="tests.build.hamilton.adapters.test_parallel.TestCreateParallelAdapter" name="test_invalid_backend_falls_back" time="0.001" /><testcase classname="tests.build.hamilton.adapters.test_parallel.TestThreadPoolAdapter" name="test_creation" time="0.001" /><testcase classname="tests.build.hamilton.adapters.test_parallel.TestCreateParallelAdapter" name="test_with_enum" time="0.001" /><testcase classname="tests.build.hamilton.adapters.test_parallel" name="test_backend_string_normalization[mixedcase]" time="0.001" /><testcase classname="tests.build.hamilton.adapters.test_parallel" name="test_backend_string_normalization[threadpool]" time="0.001" /><testcase classname="tests.build.hamilton.adapters.test_parallel" name="test_backend_string_normalization[sequential]" time="0.001" /><testcase classname="tests.build.hamilton.adapters.test_parallel.TestParallelConfig" name="test_default_config" time="0.001" /><testcase classname="tests.build.hamilton.adapters.test_parallel.TestExecutionBackend" name="test_from_string" time="0.001" /><testcase classname="tests.build.hamilton.adapters.test_parallel.TestParallelConfig" name="test_custom_config" time="0.001" /><testcase classname="tests.build.hamilton.hooks.test_lifecycle.TestProgressBarHook" name="test_creation_disabled" time="0.001" /><testcase classname="tests.build.hamilton.adapters.test_parallel.TestParallelConfig" name="test_from_cli_args_none" time="0.001" /><testcase classname="tests.build.hamilton.adapters.test_parallel" name="test_backend_string_normalization[uppercase]" time="0.001" /><testcase classname="tests.build.hamilton.adapters.test_parallel.TestCreateParallelAdapter" name="test_sequential_returns_none" time="0.001" /><testcase classname="tests.build.hamilton.hooks.test_lifecycle.TestBuildTimingHook" name="test_creation" time="0.001" /><testcase classname="tests.build.hamilton.hooks.test_lifecycle.TestProgressBarHook" name="test_run_after_disabled" time="0.001" /><testcase classname="tests.build.hamilton.adapters.test_parallel.TestGetAvailableBackends" name="test_always_includes_basic" time="0.001" /><testcase classname="tests.build.hamilton.adapters.test_parallel.TestCreateParallelAdapter" name="test_auto_selects_threadpool" time="0.001" /><testcase classname="tests.build.hamilton.adapters.test_parallel.TestCreateParallelAdapter" name="test_threadpool_returns_adapter" time="0.001" /><testcase classname="tests.build.hamilton.hooks.test_lifecycle.TestNodeTimingRecord" name="test_creation" time="0.001" /><testcase classname="tests.build.hamilton.hooks.test_lifecycle" name="test_timing_hook_logging_threshold[below_threshold]" time="0.001" /><testcase classname="tests.build.hamilton.native.ingestion.test_parity.TestIngestionModuleStructure" name="test_tests_module_has_functions" time="0.000" /><testcase classname="tests.build.hamilton.native.ingestion.test_parity.TestIngestionModuleLoader" name="test_list_ingestion_modules" time="0.000" /><testcase classname="tests.build.hamilton.hooks.test_lifecycle.TestNodeTimingRecord" name="test_creation_with_task_id" time="0.001" /><testcase classname="tests.build.hamilton.hooks.test_lifecycle.TestConditionalHook" name="test_enabled_condition" time="0.000" /><testcase classname="tests.build.hamilton.native.ingestion.test_parity.TestIngestionModuleStructure" name="test_ast_module_has_functions" time="0.000" /><testcase classname="tests.build.hamilton.adapters.test_parallel.TestExecutionBackend" name="test_values" time="0.001" /><testcase classname="tests.build.hamilton.native.ingestion.test_parity.TestIngestionModuleStructure" name="test_coverage_module_has_functions" time="0.000" /><testcase classname="tests.build.hamilton.native.ingestion.test_parity.TestIngestionModuleStructure" name="test_modules_module_has_result_types" time="0.000" /><testcase classname="tests.build.hamilton.native.ingestion.test_parity.TestIngestionResultTypes" name="test_ast_extract_result" time="0.000" /><testcase classname="tests.build.hamilton.native.ingestion.test_parity.TestIngestionResultTypes" name="test_docstrings_extract_result" time="0.000" /><testcase classname="tests.build.hamilton.native.ingestion.test_parity.TestIngestionModuleLoader" name="test_get_ingestion_target_names" time="0.000" /><testcase classname="tests.build.hamilton.native.ingestion.test_parity.TestIngestionModuleStructure" name="test_cst_module_has_functions" time="0.000" /><testcase classname="tests.build.hamilton.hooks.test_lifecycle.TestConditionalHook" name="test_disabled_condition" time="0.000" /><testcase classname="tests.build.hamilton.native.ingestion.test_parity.TestIngestionNativeDriver" name="test_build_driver_ingestion_native" time="0.002" /><testcase classname="tests.build.hamilton.hooks.test_lifecycle.TestProgressBarHook" name="test_run_before_disabled" time="0.001" /><testcase classname="tests.build.hamilton.hooks.test_lifecycle.TestConditionalHook" name="test_condition_cached" time="0.000" /><testcase classname="tests.build.hamilton.native.ingestion.test_parity.TestIngestionResultTypes" name="test_coverage_ingest_result" time="0.000" /><testcase classname="tests.build.hamilton.hooks.test_lifecycle" name="test_timing_hook_logging_threshold[above_threshold]" time="0.000" /><testcase classname="tests.build.hamilton.native.ingestion.test_parity.TestIngestionModuleStructure" name="test_config_module_has_functions" time="0.000" /><testcase classname="tests.build.hamilton.hooks.test_lifecycle.TestCreateProgressHook" name="test_creates_hook" time="0.000" /><testcase classname="tests.build.hamilton.native.ingestion.test_parity.TestIngestionModuleStructure" name="test_docstrings_module_has_functions" time="0.000" /><testcase classname="tests.build.hamilton.hooks.test_lifecycle.TestCreateProgressHook" name="test_enabled_when_not_ci" time="0.000" /><testcase classname="tests.build.hamilton.hooks.test_lifecycle" name="test_timing_hook_logging_threshold[zero_threshold]" time="0.000" /><testcase classname="tests.build.hamilton.native.ingestion.test_parity.TestIngestionResultTypes" name="test_cst_extract_result" time="0.000" /><testcase classname="tests.build.hamilton.native.ingestion.test_parity.TestIngestionResultTypes" name="test_module_scan_result" time="0.000" /><testcase classname="tests.build.hamilton.native.ingestion.test_parity.TestIngestionNativeDriver" name="test_ingestion_targets_have_nodes" time="0.003" /><testcase classname="tests.build.hamilton.native.ingestion.test_parity.TestIngestionDomainParity" name="test_ingestion_native_disjoint_from_analytics" time="0.005" /><testcase classname="tests.build.hamilton.native.test_parity.TestNativeTargetParity" name="test_native_target_has_node[subsystems]" time="0.003" /><testcase classname="tests.build.hamilton.native.test_parity.TestNativeModuleLoader" name="test_load_for_driver_returns_tuple" time="0.000" /><testcase classname="tests.build.hamilton.native.test_parity.TestNativeDriverMode" name="test_build_driver_native_mode_loads_modules" time="0.002" /><testcase classname="tests.build.hamilton.native.test_parity.TestNativeModuleLoader" name="test_get_target_names_returns_targets" time="0.000" /><testcase classname="tests.build.hamilton.native.test_parity.TestNativeDriverMode" name="test_build_driver_generated_mode_still_works" time="0.012" /><testcase classname="tests.build.hamilton.hooks.test_lifecycle.TestBuildTimingHook" name="test_reset" time="0.000" /><testcase classname="tests.build.hamilton.native.test_parity.TestNativeModuleLoader" name="test_discover_modules_loads_modules" time="0.000" /><testcase classname="tests.build.hamilton.native.test_parity.TestNativeDriverMode" name="test_build_driver_auto_mode_still_works" time="0.011" /><testcase classname="tests.build.hamilton.native.test_skip_logic.TestSkipCheckRequest" name="test_skip_check_no_manifest_returns_false" time="0.000" /><testcase classname="tests.build.hamilton.native.ingestion.test_parity.TestIngestionResultTypes" name="test_config_ingest_result" time="0.000" /><testcase classname="tests.build.hamilton.native.test_parity.TestNativeModuleLoader" name="test_list_module_paths_filters_by_domain" time="0.000" /><testcase classname="tests.build.hamilton.hooks.test_lifecycle.TestBuildTimingHook" name="test_get_slowest_nodes" time="0.000" /><testcase classname="tests.build.hamilton.adapters.test_parallel.TestCreateParallelAdapter" name="test_with_max_workers" time="0.001" /><testcase classname="tests.build.hamilton.native.ingestion.test_parity.TestIngestionModuleLoader" name="test_list_ingestion_paths_filters_correctly" time="0.000" /><testcase classname="tests.build.hamilton.native.test_parity.TestNativeTargetParity" name="test_native_target_has_node[cfg_dfg]" time="0.003" /><testcase classname="tests.build.hamilton.native.test_parity.TestNativeModuleLoader" name="test_validate_module_detects_target_nodes" time="0.000" /><testcase classname="tests.build.hamilton.native.test_parity.TestNativeModuleLoader" name="test_list_domains_returns_known_domains" time="0.000" /><testcase classname="tests.build.hamilton.native.test_parity.TestNativeDriverMode" name="test_build_driver_native_mode_has_target_nodes" time="0.003" /><testcase classname="tests.build.hamilton.native.ingestion.test_parity.TestIngestionResultTypes" name="test_tests_ingest_result" time="0.000" /><testcase classname="tests.build.hamilton.native.test_parity.TestNativeTargetParity" name="test_native_mode_domains_restrict_targets" time="0.004" /><testcase classname="tests.build.hamilton.native.test_parity.TestNativeTargetParity" name="test_native_target_has_node[risk_factors]" time="0.003" /><testcase classname="tests.build.hamilton.native.test_skip_logic.TestNativeTargetExecutorSkipLogic" name="test_executor_execute_returns_correct_status" time="0.000" /><testcase classname="tests.build.hamilton.native.test_skip_logic.TestSkipCheckRequest" name="test_skip_check_request_frozen" time="0.001" /><testcase classname="tests.build.hamilton.hooks.test_lifecycle.TestCreateProgressHook" name="test_respects_ci_environment" time="0.000" /><testcase classname="tests.build.hamilton.hooks.test_lifecycle.TestBuildTimingHook" name="test_total_duration" time="0.001" /><testcase classname="tests.build.hamilton.test_cli_snapshots" name="test_cli_snapshot[pr22_plan_call_graph_views]" time="0.037" /><testcase classname="tests.build.hamilton.native.test_skip_logic.TestSkipLogicIntegration" name="test_input_change_triggers_recompute" time="0.000"><skipped type="pytest.skip" message="Requires full integration test infrastructure">/home/paul/CodeIntel/tests/build/hamilton/native/test_skip_logic.py:255: Requires full integration test infrastructure</skipped></testcase><testcase classname="tests.build.hamilton.native.test_skip_logic.TestTargetRunRecord" name="test_target_run_record_failed" time="0.000" /><testcase classname="tests.build.hamilton.native.ingestion.test_parity.TestIngestionModuleExports" name="test_ingestion_init_exports" time="0.000" /><testcase classname="tests.build.hamilton.native.test_skip_logic.TestSkipCheckRequest" name="test_skip_check_with_manifest_index" time="0.000" /><testcase classname="tests.build.hamilton.native.test_skip_logic.TestSkipLogicIntegration" name="test_force_overrides_skip" time="0.000"><skipped type="pytest.skip" message="Requires full integration test infrastructure">/home/paul/CodeIntel/tests/build/hamilton/native/test_skip_logic.py:244: Requires full integration test infrastructure</skipped></testcase><testcase classname="tests.build.hamilton.native.test_parity.TestNativeTargetParity" name="test_native_target_has_node[coverage_functions]" time="0.003" /><testcase classname="tests.build.hamilton.native.test_parity.TestNativeTargetParity" name="test_native_target_has_node[hotspots]" time="0.003" /><testcase classname="tests.build.hamilton.test_cli_snapshots" name="test_cli_snapshot[pr16_plan_function_metrics_contract]" time="0.035" /><testcase classname="tests.build.hamilton.test_cli_snapshots" name="test_cli_snapshot[pr21_plan_hotspots_native]" time="0.040" /><testcase classname="tests.build.hamilton.native.test_skip_logic.TestNativeTargetExecutorSkipLogic" name="test_executor_fail_returns_correct_status" time="0.001" /><testcase classname="tests.build.hamilton.native.test_parity.TestNativeModuleLoader" name="test_list_module_paths_returns_non_empty" time="0.000" /><testcase classname="tests.build.hamilton.native.test_skip_logic.TestTargetRunRecord" name="test_target_run_record_success" time="0.000" /><testcase classname="tests.build.hamilton.test_cli_snapshots" name="test_cli_snapshot[pr32_resolve_help]" time="0.032" /><testcase classname="tests.build.hamilton.test_cli_snapshots" name="test_cli_snapshot[build_status_help]" time="0.029" /><testcase classname="tests.build.hamilton.native.ingestion.test_parity.TestIngestionDomainParity" name="test_ingestion_target_exists_in_native[scip]" time="0.003" /><testcase classname="tests.build.hamilton.native.ingestion.test_parity.TestIngestionModuleStructure" name="test_modules_module_has_functions" time="0.000" /><testcase classname="tests.build.hamilton.native.test_skip_logic.TestSkipLogicIntegration" name="test_manifest_persistence_enables_skip" time="0.000"><skipped type="pytest.skip" message="Requires full integration test infrastructure">/home/paul/CodeIntel/tests/build/hamilton/native/test_skip_logic.py:233: Requires full integration test infrastructure</skipped></testcase><testcase classname="tests.build.hamilton.test_cli_snapshots" name="test_cli_snapshot[pr15_explain_help]" time="0.032" /><testcase classname="tests.build.hamilton.test_cli_snapshots" name="test_cli_snapshot[pr23_plan_export_jsonl_native]" time="0.037" /><testcase classname="tests.build.hamilton.native.test_skip_logic.TestTargetRunRecord" name="test_target_run_record_skipped" time="0.000" /><testcase classname="tests.build.hamilton.test_cli_snapshots" name="test_cli_snapshot[pr14_graph_help]" time="0.034" /><testcase classname="tests.build.hamilton.test_cli_snapshots" name="test_cli_snapshot[pr08_graph_default_mode]" time="0.036" /><testcase classname="tests.build.hamilton.native.ingestion.test_parity.TestIngestionDomainParity" name="test_ingestion_target_exists_in_native[modules]" time="0.003" /><testcase classname="tests.build.hamilton.test_cli_snapshots" name="test_cli_snapshot[pr72_schema_compile_with_views_artifacts_help]" time="0.038" /><testcase classname="tests.build.hamilton.test_cli_snapshots" name="test_cli_snapshot[pr32_promote_help]" time="0.036" /><testcase classname="tests.build.hamilton.test_cli_snapshots" name="test_cli_snapshot[pr78_build_validate_auto]" time="0.024" /><testcase classname="tests.build.hamilton.test_cli_snapshots" name="test_cli_snapshot[pr63_schema_manifest_native]" time="0.141" /><testcase classname="tests.build.hamilton.test_cli_snapshots" name="test_cli_snapshot[pr23_plan_export_parquet_native]" time="0.037" /><testcase classname="tests.build.hamilton.native.test_skip_logic.TestNativeTargetExecutorSkipLogic" name="test_executor_skip_returns_correct_status" time="0.000" /><testcase classname="tests.build.hamilton.test_cli_snapshots" name="test_cli_snapshot[pr28_assets_help]" time="0.039" /><testcase classname="tests.build.hamilton.test_cli_snapshots" name="test_cli_snapshot[pr28_lineage_help]" time="0.036" /><testcase classname="tests.build.hamilton.test_pr08_defaults.TestHamiltonDefaultMode" name="test_build_driver_defaults_to_generated_mode" time="0.018" /><testcase classname="tests.build.hamilton.test_materializer" name="test_materialize_table_validates_when_schema_available" time="0.001" /><testcase classname="tests.build.hamilton.test_cli_snapshots" name="test_cli_snapshot[pr77_build_spec_compile_auto]" time="0.024" /><testcase classname="tests.build.hamilton.native.ingestion.test_parity.TestIngestionDomainParity" name="test_ingestion_target_exists_in_native[typing]" time="0.002" /><testcase classname="tests.build.hamilton.test_cli_snapshots" name="test_cli_snapshot[pr21_plan_coverage_functions_native]" time="0.038" /><testcase classname="tests.build.hamilton.test_cli_snapshots" name="test_cli_snapshot[pr71_schema_migrate_help]" time="0.039" /><testcase classname="tests.build.hamilton.test_cli_snapshots" name="test_cli_snapshot[build_run_help]" time="0.046" /><testcase classname="tests.build.hamilton.test_materializer" name="test_materialize_table_uses_policy_and_insert_select" time="0.001" /><testcase classname="tests.build.hamilton.test_cli_snapshots" name="test_cli_snapshot[pr59_schema_help]" time="0.025" /><testcase classname="tests.build.hamilton.test_cli_snapshots" name="test_cli_snapshot[pr78_build_validate_help]" time="0.032" /><testcase classname="tests.build.hamilton.test_cli_snapshots" name="test_cli_snapshot[pr33_diff_help]" time="0.037" /><testcase classname="tests.build.hamilton.test_pr08_defaults.TestHamiltonDefaultMode" name="test_list_available_nodes_defaults_to_generated" time="0.017" /><testcase classname="tests.build.hamilton.test_cli_snapshots" name="test_cli_snapshot[pr16_plan_risk_factors_contract]" time="0.039" /><testcase classname="tests.build.hamilton.test_pr09_planner.TestDryRunParity" name="test_plan_to_dict_produces_consistent_output" time="0.001" /><testcase classname="tests.build.hamilton.test_cli_snapshots" name="test_cli_snapshot[pr09_plan_help]" time="0.036" /><testcase classname="tests.build.hamilton.test_pr09_planner.TestPlanEntryStructure" name="test_plan_entry_has_dep_hashes_field" time="0.000" /><testcase classname="tests.build.hamilton.test_cli_snapshots" name="test_cli_snapshot[pr13_history_help]" time="0.036" /><testcase classname="tests.build.hamilton.test_pr09_planner.TestDryRunParity" name="test_plan_entries_match_closure_order" time="0.001" /><testcase classname="tests.build.hamilton.test_pr10_manifest_index.TestManifestPrefetch" name="test_manifest_index_eliminates_per_target_loads" time="0.001" /><testcase classname="tests.build.hamilton.test_pr11_datasetref_v2.TestRefsFromTargetResult" name="test_refs_from_target_result_without_snapshot" time="0.001" /><testcase classname="tests.build.hamilton.test_pr11_datasetref_v2.TestDatasetRefV2Fields" name="test_datasetref_is_frozen" time="0.002" /><testcase classname="tests.build.hamilton.test_pr11_datasetref_v2.TestArtifactRef" name="test_artifactref_has_metadata_field" time="0.000" /><testcase classname="tests.build.hamilton.test_pr11_datasetref_v2.TestArtifactRef" name="test_artifactref_has_required_fields" time="0.001" /><testcase classname="tests.build.hamilton.test_pr11_datasetref_v2.TestArtifactRef" name="test_artifactref_is_frozen" time="0.000" /><testcase classname="tests.build.hamilton.test_pr11_datasetref_v2.TestTargetRunRecordArtifacts" name="test_target_run_record_accepts_artifacts" time="0.000" /><testcase classname="tests.build.hamilton.test_pr11_datasetref_v2.TestTargetRunRecordArtifacts" name="test_target_run_record_has_artifacts_field" time="0.000" /><testcase classname="tests.build.hamilton.test_pr11_datasetref_v2.TestSkippedTargetsDatasetRef" name="test_skipped_target_has_datasets_field" time="0.001" /><testcase classname="tests.build.hamilton.test_pr11_datasetref_v2.TestSkippedTargetsDatasetRef" name="test_skipped_target_datasets_have_lineage" time="0.000" /><testcase classname="tests.build.hamilton.test_pr11_datasetref_v2.TestSkippedTargetsDatasetRef" name="test_dataset_ref_fields_accessible" time="0.000" /><testcase classname="tests.build.hamilton.test_pr12_loader_nodes.TestLoaderNodeNaming" name="test_query_node_naming" time="0.000" /><testcase classname="tests.build.hamilton.test_pr12_loader_nodes.TestLoaderNodeNaming" name="test_dataframe_node_naming" time="0.000" /><testcase classname="tests.build.hamilton.test_pr12_loader_nodes.TestLoaderNodeNaming" name="test_query_and_dataframe_names_differ" time="0.000" /><testcase classname="tests.build.hamilton.test_pr11_datasetref_v2.TestSkippedTargetsDatasetRef" name="test_refs_from_target_result_multiple_tables" time="0.000" /><testcase classname="tests.build.hamilton.test_pr12_loader_nodes.TestGeneratedModuleLoaderNodes" name="test_generated_module_has_dataframe_nodes" time="0.005" /><testcase classname="tests.build.hamilton.test_pr12_loader_nodes.TestGeneratedModuleLoaderNodes" name="test_generated_module_has_query_nodes" time="0.006" /><testcase classname="tests.build.hamilton.test_pr12_loader_nodes.TestGeneratedModuleLoaderNodes" name="test_loader_nodes_disabled_by_default" time="0.003" /><testcase classname="tests.build.hamilton.test_pr10_manifest_index.TestHashComputation" name="test_hash_cascade_changes_downstream" time="0.001" /><testcase classname="tests.build.hamilton.test_pr12_loader_nodes.TestBuildEnvValidateOutputsFlag" name="test_build_env_has_validate_outputs_field" time="0.003" /><testcase classname="tests.build.hamilton.test_pr11_datasetref_v2.TestDatasetRefV2Fields" name="test_datasetref_has_commit_field" time="0.000" /><testcase classname="tests.build.hamilton.test_pr12_loader_nodes.TestValidateOutputsBehavior" name="test_target_run_record_has_validation_fields" time="0.000" /><testcase classname="tests.build.hamilton.test_pr12_loader_nodes.TestValidateOutputsBehavior" name="test_validate_outputs_flag_exists_in_build_run_command" time="0.000" /><testcase classname="tests.build.hamilton.test_pr13_run_targets.TestRunTargetsSchema" name="test_run_targets_schema_exists" time="0.042" /><testcase classname="tests.build.hamilton.test_pr12_loader_nodes.TestValidateOutputsBehavior" name="test_validation_failure_blocks_downstream_conceptually" time="0.000" /><testcase classname="tests.build.hamilton.test_pr09_planner.TestPlanEntryStructure" name="test_plan_entry_has_required_fields" time="0.000" /><testcase classname="tests.build.hamilton.test_pr10_manifest_index.TestBuildEnvManifestIndex" name="test_build_env_accepts_manifest_index" time="0.001" /><testcase classname="tests.build.hamilton.test_pr09_planner.TestDryRunParity" name="test_multiple_plan_calls_produce_same_result" time="0.001" /><testcase classname="tests.build.hamilton.test_pr13_run_targets.TestRunTargetsSchema" name="test_run_targets_schema_has_required_columns" time="0.043" /><testcase classname="tests.build.hamilton.test_cli_snapshots" name="test_cli_snapshot[pr77_build_spec_compile_help]" time="0.010" /><testcase classname="tests.build.hamilton.test_pr09_planner.TestPlanStatusMatrix" name="test_plan_status_no_manifest_returns_compute" time="0.001" /><testcase classname="tests.build.hamilton.test_pr13_run_targets.TestRunTargetsPersistence" name="test_tracking_has_run_target_methods" time="0.000" /><testcase classname="tests.build.hamilton.test_pr08_defaults.TestHamiltonModeConsistency" name="test_explicit_mode_propagates" time="0.014" /><testcase classname="tests.build.hamilton.test_pr13_run_targets.TestRunTargetsPersistence" name="test_target_run_record_structure" time="0.000" /><testcase classname="tests.build.hamilton.test_pr14_graph_exports.TestMermaidExport" name="test_mermaid_output_contains_target_nodes" time="0.014" /><testcase classname="tests.build.hamilton.test_pr12_loader_nodes.TestValidateOutputsBehavior" name="test_validation_result_dataclass_exists" time="0.000"><skipped type="pytest.skip" message="ValidationResult not yet implemented">/home/paul/CodeIntel/tests/build/hamilton/test_pr12_loader_nodes.py:142: ValidationResult not yet implemented</skipped></testcase><testcase classname="tests.build.hamilton.test_pr14_graph_exports.TestMermaidExport" name="test_export_dag_mermaid_returns_string" time="0.013" /><testcase classname="tests.build.hamilton.test_pr14_graph_exports.TestDotExport" name="test_export_dag_dot_returns_string" time="0.014" /><testcase classname="tests.build.hamilton.test_cli_snapshots" name="test_cli_snapshot[pr77_build_spec_help]" time="0.003" /><testcase classname="tests.build.hamilton.test_pr15_explain.TestPlanEntryDepHashes" name="test_plan_entry_has_prior_dep_hashes_field" time="0.000" /><testcase classname="tests.build.hamilton.test_cli_snapshots" name="test_cli_snapshot[pr71_schema_diff_help]" time="0.020" /><testcase classname="tests.build.hamilton.test_pr08_defaults.TestHamiltonDefaultMode" name="test_executor_defaults_to_generated_mode" time="0.000" /><testcase classname="tests.build.hamilton.test_pr15_explain.TestPlanEntryDepHashes" name="test_plan_entry_dep_hashes_default_empty" time="0.001" /><testcase classname="tests.build.hamilton.test_pr08_defaults.TestHamiltonDefaultMode" name="test_generated_mode_includes_all_targets" time="0.013" /><testcase classname="tests.build.hamilton.test_pr14_graph_exports.TestDotExport" name="test_dot_output_contains_target_nodes" time="0.014" /><testcase classname="tests.build.hamilton.test_pr14_graph_exports.TestMermaidExport" name="test_mermaid_output_starts_with_graph" time="0.012" /><testcase classname="tests.build.hamilton.test_cli_snapshots" name="test_cli_snapshot[pr59_schema_compile_help]" time="0.016" /><testcase classname="tests.build.hamilton.test_pr14_graph_exports.TestDotExport" name="test_dot_output_is_valid_digraph" time="0.013" /><testcase classname="tests.build.hamilton.test_pr08_defaults.TestHamiltonModeConsistency" name="test_driver_and_executor_mode_match" time="0.013" /><testcase classname="tests.build.hamilton.test_pr15_explain.TestStalenessExplanation" name="test_staleness_explanation_identifies_changed_deps" time="0.000" /><testcase classname="tests.build.hamilton.test_pr15_explain.TestExplainPlan" name="test_explain_plan_exists" time="0.000" /><testcase classname="tests.build.hamilton.test_pr09_planner.TestHamiltonBuildPlanStructure" name="test_plan_get_entry_method" time="0.000" /><testcase classname="tests.build.hamilton.test_pr17_generated_assets_module" name="test_assets_module_has_dataset_nodes" time="0.003" /><testcase classname="tests.build.hamilton.test_pr09_planner.TestPlanClosure" name="test_plan_entry_includes_table_keys" time="0.001" /><testcase classname="tests.build.hamilton.test_pr15_explain.TestExplainPlan" name="test_explain_plan_returns_explanations" time="0.000" /><testcase classname="tests.build.hamilton.test_pr10_manifest_index.TestHashCascadeComplete" name="test_hash_cascade_through_multiple_levels" time="0.001" /><testcase classname="tests.build.hamilton.test_pr09_planner.TestHamiltonBuildPlanStructure" name="test_plan_has_entries" time="0.000" /><testcase classname="tests.build.hamilton.test_pr10_manifest_index.TestHashComputation" name="test_hash_computation_uses_manifest_index" time="0.001" /><testcase classname="tests.build.hamilton.test_pr10_manifest_index.TestBuildEnvManifestIndex" name="test_manifest_index_default_is_none" time="0.001" /><testcase classname="tests.build.hamilton.test_pr17_generated_wrapper_targets_module" name="test_wrapper_module_respects_exclude_targets" time="0.001" /><testcase classname="tests.build.hamilton.test_pr17_generated_wrapper_targets_module" name="test_wrapper_module_respects_include_targets" time="0.001" /><testcase classname="tests.build.hamilton.test_pr11_datasetref_v2.TestDatasetRefV2Fields" name="test_datasetref_defaults_to_empty_strings" time="0.000" /><testcase classname="tests.build.hamilton.test_pr11_datasetref_v2.TestRefsFromTargetResult" name="test_refs_from_target_result_includes_snapshot" time="0.000" /><testcase classname="tests.build.hamilton.test_pr21_analytics_native_driver" name="test_risk_factors_native_still_present_in_wave2" time="0.016" /><testcase classname="tests.build.hamilton.test_pr09_planner.TestPlanStatusMatrix" name="test_plan_status_forced_returns_compute" time="0.001" /><testcase classname="tests.build.hamilton.test_pr17_generated_wrapper_targets_module" name="test_wrapper_module_all_targets_by_default" time="0.001" /><testcase classname="tests.build.hamilton.test_pr21_analytics_native_impl_kind" name="test_native_analytics_marked_in_plan" time="1.099" /><testcase classname="tests.build.hamilton.test_pr21_analytics_native_driver" name="test_auto_driver_includes_loader_nodes" time="0.014" /><testcase classname="tests.build.hamilton.test_pr15_explain.TestPlanEntryDepHashes" name="test_plan_entry_has_dep_hashes_field" time="0.000" /><testcase classname="tests.build.hamilton.test_pr09_planner.TestPlanStatusMatrix" name="test_plan_status_upstream_missing_raises_or_blocks" time="0.001" /><testcase classname="tests.build.hamilton.test_pr21_analytics_native_impl_kind" name="test_wrapper_targets_still_marked_wrapper" time="0.804" /><testcase classname="tests.build.hamilton.test_pr21_analytics_native_impl_kind" name="test_risk_factors_still_native_after_wave2" time="0.711" /><testcase classname="tests.build.hamilton.test_pr11_datasetref_v2.TestDatasetRefV2Fields" name="test_datasetref_has_repo_field" time="0.000" /><testcase classname="tests.build.hamilton.test_pr28_phase4_asset_catalog" name="test_pr28_phase4_asset_catalog_tables_exist" time="0.842" /><testcase classname="tests.build.hamilton.test_pr10_manifest_index.TestHashCascadeComplete" name="test_options_hash_affects_input_hash" time="0.001" /><testcase classname="tests.build.hamilton.test_pr28_phase4_asset_catalog" name="test_pr28_phase4_asset_catalog_lineage_edges_upsert" time="0.747" /><testcase classname="tests.build.hamilton.test_pr21_analytics_native_driver" name="test_auto_driver_excludes_wrapper_for_native_targets" time="0.016" /><testcase classname="tests.build.hamilton.test_pr15_explain.TestStalenessExplanation" name="test_staleness_explanation_identifies_added_deps" time="0.000" /><testcase classname="tests.build.hamilton.test_pr52_no_legacy_orchestrators" name="test_pr52_no_direct_writes_outside_build" time="0.720" /><testcase classname="tests.build.hamilton.test_pr15_explain.TestStalenessExplanation" name="test_staleness_explanation_identifies_removed_deps" time="0.000" /><testcase classname="tests.build.hamilton.test_pr28_phase4_asset_catalog" name="test_pr28_phase4_asset_catalog_insert_and_resolve" time="0.718" /><testcase classname="tests.build.hamilton.test_pr50_architecture_guardrails" name="test_pr50_no_plugin_registry_imports" time="0.010" /><testcase classname="tests.build.hamilton.test_pr53_compute_hierarchy.TestComputeHierarchy" name="test_core_compute_has_centrality" time="0.000" /><testcase classname="tests.build.hamilton.test_pr21_analytics_native_driver" name="test_auto_driver_includes_native_analytics_nodes" time="0.018" /><testcase classname="tests.build.hamilton.test_pr50_architecture_guardrails" name="test_pr50_no_analytics_runtime_imports" time="0.011" /><testcase classname="tests.build.hamilton.test_pr53_compute_hierarchy.TestComputeHierarchy" name="test_analytics_structural_delegates_to_graphs" time="0.000" /><testcase classname="tests.build.hamilton.test_pr15_explain.TestStalenessExplanation" name="test_staleness_explanation_structure" time="0.000" /><testcase classname="tests.build.hamilton.test_pr15_explain.TestPlanEntryExplainStaleness" name="test_explain_staleness_returns_explanation" time="0.000" /><testcase classname="tests.build.hamilton.test_pr49_no_reexport_modules" name="test_pr49_compat_reexport_modules_removed" time="0.000" /><testcase classname="tests.build.hamilton.test_pr53_compute_hierarchy.TestComputeHierarchy" name="test_no_circular_imports" time="0.000" /><testcase classname="tests.build.hamilton.test_pr10_manifest_index.TestSkipCheckManifestIndex" name="test_skip_check_uses_manifest_index" time="0.000" /><testcase classname="tests.build.hamilton.test_pr17_generated_assets_module" name="test_assets_module_has_loader_nodes" time="0.002" /><testcase classname="tests.build.hamilton.test_pr17_generated_wrapper_targets_module" name="test_wrapper_module_has_target_nodes" time="0.001" /><testcase classname="tests.build.hamilton.test_pr17_generated_assets_module" name="test_assets_module_no_target_nodes" time="0.003" /><testcase classname="tests.build.hamilton.test_pr55_final_sweep.TestSnapshotManifestTaxonomy" name="test_manifest_tags_are_valid" time="0.010" /><testcase classname="tests.build.hamilton.test_pr17_generated_assets_module" name="test_assets_module_all_node_types_independent" time="0.004" /><testcase classname="tests.build.hamilton.test_pr56_schema_hashing" name="test_schema_hash_is_stable_for_identical_schemas" time="0.000" /><testcase classname="tests.build.hamilton.test_pr54_schema_registry_in_build" name="test_pr54_no_imports_from_config_schema_registry" time="0.013" /><testcase classname="tests.build.hamilton.test_pr17_generated_assets_module" name="test_assets_module_has_artifact_nodes" time="0.003" /><testcase classname="tests.build.hamilton.test_pr55_final_sweep.TestSnapshotManifestTaxonomy" name="test_all_snapshots_referenced" time="0.011" /><testcase classname="tests.build.hamilton.test_pr55_final_sweep.TestNoDeadImports" name="test_no_deleted_module_imports" time="0.015" /><testcase classname="tests.build.hamilton.test_pr56_schema_hashing" name="test_schema_hash_changes_when_column_order_changes" time="0.000" /><testcase classname="tests.build.hamilton.test_pr56_schema_hashing" name="test_canonical_type_normalizes_timestamp_with_time_zone" time="0.000" /><testcase classname="tests.build.hamilton.test_pr15_explain.TestPlanEntryExplainStaleness" name="test_explain_staleness_detects_changed_deps" time="0.000" /><testcase classname="tests.build.hamilton.test_pr57_duckdb_policy_schema_provider" name="test_ensure_table_creates_table_from_schema_provider" time="0.017" /><testcase classname="tests.build.hamilton.test_pr17_generated_wrapper_targets_module" name="test_wrapper_module_no_asset_nodes" time="0.001" /><testcase classname="tests.build.hamilton.test_pr58_fingerprinting_schema_hash" name="test_compute_table_schema_hash_delegates_to_schema_provider" time="0.000" /><testcase classname="tests.build.hamilton.test_pr58_fingerprinting_schema_hash" name="test_compute_table_schema_hash_returns_none_when_unknown" time="0.000" /><testcase classname="tests.build.hamilton.test_pr61_pandera_generated_from_table_schema" name="test_pr61_pandera_generated_from_table_schema_validates" time="0.022" /><testcase classname="tests.build.hamilton.test_pr62_row_model_cache_keys_on_schema_hash" name="test_pr62_row_model_cache_keys_on_schema_signature" time="0.001" /><testcase classname="tests.build.hamilton.test_pr59_schema_compile_manifest" name="test_compile_manifest_orders_tables_by_table_key" time="0.000" /><testcase classname="tests.build.hamilton.test_pr59_schema_compile_manifest" name="test_manifest_json_roundtrip_is_valid_json" time="0.000" /><testcase classname="tests.build.hamilton.test_pr60_provider_hamilton_fallback" name="test_pr60_provider_hamilton_prefers_inferred_for_inferable_keys" time="0.000" /><testcase classname="tests.build.hamilton.test_pr50_architecture_guardrails" name="test_pr50_no_ibis_write_outside_build_allowlist" time="0.931" /><testcase classname="tests.build.hamilton.test_pr53_compute_hierarchy.TestComputeExports" name="test_core_compute_exports" time="0.000" /><testcase classname="tests.build.hamilton.test_pr53_compute_hierarchy.TestComputeExports" name="test_graphs_compute_metrics_exports" time="0.000" /><testcase classname="tests.build.hamilton.test_pr52_no_legacy_orchestrators" name="test_pr52_no_deprecated_function_calls_in_cli" time="0.004" /><testcase classname="tests.build.hamilton.test_pr64_all_nodes_have_node_type_tag" name="test_pr64_all_nodes_have_node_type_tag" time="0.016" /><testcase classname="tests.build.hamilton.test_pr64_loader_tags_are_canonical" name="test_pr64_loader_tags_are_canonical" time="0.021" /><testcase classname="tests.build.hamilton.test_pr65_hamilton_graph_filters_to_targets_only" name="test_pr65_hamilton_graph_filters_to_targets_only" time="0.013" /><testcase classname="tests.build.hamilton.test_pr66_schema_provider_registry" name="test_get_schema_provider_is_cached" time="0.001" /><testcase classname="tests.build.hamilton.test_pr65_hamilton_graph_matches_targetgraph_for_small_subset" name="test_pr65_hamilton_graph_matches_targetgraph_for_small_subset" time="0.015" /><testcase classname="tests.build.hamilton.test_pr66_schema_provider_registry" name="test_iter_table_schemas_returns_all_schemas" time="0.001" /><testcase classname="tests.build.hamilton.test_pr66_schema_provider_registry" name="test_iter_table_schemas_contains_expected_keys" time="0.000" /><testcase classname="tests.build.hamilton.test_pr54_schema_registry_in_build" name="test_pr54_schema_registry_importable_from_build" time="0.043" /><testcase classname="tests.build.hamilton.test_pr66_schema_provider_registry" name="test_schema_hash_is_deterministic_across_provider_calls" time="0.000" /><testcase classname="tests.build.hamilton.test_pr66_schema_provider_registry" name="test_every_declared_key_resolves_via_provider" time="0.000" /><testcase classname="tests.build.hamilton.test_pr66_schema_provider_registry" name="test_require_table_schema_for_known_key" time="0.000" /><testcase classname="tests.build.hamilton.test_pr66_schema_provider_registry" name="test_all_provider_schemas_are_hashable" time="0.001" /><testcase classname="tests.build.hamilton.test_pr66_schema_provider_registry" name="test_provider_schema_count_at_least_declared" time="0.000" /><testcase classname="tests.build.hamilton.test_pr61_validate_outputs_uses_provider_schema" name="test_pr61_get_pandera_schema_falls_back_to_schema_provider" time="0.054" /><testcase classname="tests.build.hamilton.test_pr67_row_binding_parity" name="test_get_row_binding_is_cached" time="0.000" /><testcase classname="tests.build.hamilton.test_pr60_infer_schema_describe" name="test_pr60_infer_schema_describe_preserves_decimal_and_timestamptz" time="0.015" /><testcase classname="tests.build.hamilton.test_pr13_run_targets.TestHistoryWithRunTargets" name="test_history_result_type_has_targets_field" time="0.000" /><testcase classname="tests.build.hamilton.test_pr67_row_binding_parity" name="test_generated_binding_has_canonical_properties" time="0.000" /><testcase classname="tests.build.hamilton.test_pr62_row_model_generation" name="test_pr62_row_model_generation_has_expected_fields_and_name" time="0.002" /><testcase classname="tests.build.hamilton.test_pr66_schema_provider_registry" name="test_schema_hash_is_consistent" time="0.000" /><testcase classname="tests.build.hamilton.test_pr67_row_binding_parity" name="test_generated_serializer_produces_tuples" time="0.000" /><testcase classname="tests.build.hamilton.test_pr14_graph_exports.TestGraphExportConsistency" name="test_mermaid_and_dot_have_same_nodes" time="0.014" /><testcase classname="tests.build.hamilton.test_pr55_final_sweep.TestPublicApiClean" name="test_analytics_no_deprecated_exports" time="0.001" /><testcase classname="tests.build.hamilton.test_pr67_row_binding_parity" name="test_iter_row_bindings_returns_all" time="0.004" /><testcase classname="tests.build.hamilton.test_pr67_row_binding_parity" name="test_get_row_binding_raises_for_unknown_key" time="0.001" /><testcase classname="tests.build.hamilton.test_pr67_row_binding_parity" name="test_serializer_column_order_matches_schema" time="0.001" /><testcase classname="tests.build.hamilton.test_pr67_row_binding_parity" name="test_row_binding_uses_schema_provider" time="0.001" /><testcase classname="tests.build.hamilton.test_pr67_row_binding_parity" name="test_generated_serializer_matches_legacy_output" time="0.001" /><testcase classname="tests.build.hamilton.test_pr67_row_binding_parity" name="test_generated_binding_handles_all_column_types" time="0.000" /><testcase classname="tests.build.hamilton.test_pr68_contract_provider_parity.TestIsViewFunction" name="test_docs_view_prefix_returns_true" time="0.000" /><testcase classname="tests.build.hamilton.test_pr68_contract_provider_parity.TestIsViewFunction" name="test_analytics_tables_return_false" time="0.000" /><testcase classname="tests.build.hamilton.test_pr68_contract_provider_parity.TestIsViewFunction" name="test_graph_tables_return_false" time="0.000" /><testcase classname="tests.build.hamilton.test_pr68_contract_provider_parity.TestIsViewFunction" name="test_derived_docs_views_returns_true" time="0.000" /><testcase classname="tests.build.hamilton.test_pr63_schema_manifest_is_stable" name="test_pr63_schema_manifest_is_stable" time="0.102" /><testcase classname="tests.build.hamilton.test_pr68_contract_provider_parity.TestIsViewFunction" name="test_core_tables_return_false" time="0.000" /><testcase classname="tests.build.hamilton.test_pr68_contract_provider_parity.TestGetContractForTableKey" name="test_returns_contract_for_view" time="0.001" /><testcase classname="tests.build.hamilton.test_pr68_contract_provider_parity.TestGetContractForTableKey" name="test_returns_contract_for_known_table" time="0.000" /><testcase classname="tests.build.hamilton.test_pr68_contract_provider_parity.TestContractCacheManagement" name="test_clear_contract_cache_clears_all_cached_contracts" time="0.001" /><testcase classname="tests.build.hamilton.test_pr68_contract_provider_parity.TestIterContractsByTableKey" name="test_yields_tuples_of_key_and_contract" time="0.006" /><testcase classname="tests.build.hamilton.test_pr68_contract_provider_parity.TestIterContracts" name="test_yields_multiple_contracts" time="0.092" /><testcase classname="tests.build.hamilton.test_pr68_contract_provider_parity.TestViewHandling" name="test_views_have_no_producing_target" time="0.001" /><testcase classname="tests.build.hamilton.test_pr68_contract_provider_parity.TestIterContracts" name="test_includes_tables_and_views" time="0.093" /><testcase classname="tests.build.hamilton.test_pr68_contract_provider_parity.TestIterContracts" name="test_each_contract_is_dataset_contract" time="0.003" /><testcase classname="tests.build.hamilton.test_pr68_contract_provider_parity.TestContractMetadataDerivation" name="test_schema_description_used_when_available" time="0.000" /><testcase classname="tests.build.hamilton.test_pr68_contract_provider_parity.TestGetContractForTableKey" name="test_contract_has_required_fields" time="0.000" /><testcase classname="tests.build.hamilton.test_pr68_contract_provider_parity.TestContractMetadataDerivation" name="test_family_derived_from_schema_prefix" time="0.001" /><testcase classname="tests.build.hamilton.test_pr67_row_binding_parity" name="test_clear_row_binding_cache_works" time="0.000" /><testcase classname="tests.build.hamilton.test_pr68_contract_provider_parity.TestViewHandling" name="test_views_have_docs_view_tag" time="0.001" /><testcase classname="tests.build.hamilton.test_pr66_schema_provider_registry" name="test_get_schema_provider_returns_valid_provider" time="0.001" /><testcase classname="tests.build.hamilton.test_pr66_schema_provider_registry" name="test_require_table_schema_raises_for_unknown_key" time="0.001" /><testcase classname="tests.build.hamilton.test_pr69_unified_schema_provider" name="test_unified_provider_is_returned_by_get_schema_provider" time="0.001" /><testcase classname="tests.build.hamilton.test_pr69_unified_schema_provider" name="test_unified_provider_resolves_all_declared_table_keys" time="0.000" /><testcase classname="tests.build.hamilton.test_pr66_schema_provider_registry" name="test_clear_cache_allows_fresh_provider" time="0.001" /><testcase classname="tests.build.hamilton.test_pr68_contract_provider_parity.TestGetContractForTableKey" name="test_raises_keyerror_for_unknown_table" time="0.001" /><testcase classname="tests.build.hamilton.test_pr68_contract_provider_parity.TestTableHandling" name="test_tables_have_owner_package" time="0.001" /><testcase classname="tests.build.hamilton.test_pr67_row_binding_parity" name="test_get_row_binding_returns_generated_binding" time="0.000" /><testcase classname="tests.build.hamilton.test_pr67_row_binding_parity" name="test_get_row_binding_has_schema_hash" time="0.000" /><testcase classname="tests.build.hamilton.test_pr69_unified_schema_provider" name="test_unified_provider_schemas_match_declared_schemas" time="0.000" /><testcase classname="tests.build.hamilton.test_pr69_unified_schema_provider" name="test_unified_provider_has_declared_fallback" time="0.000" /><testcase classname="tests.build.hamilton.test_pr67_row_binding_parity" name="test_generated_binding_handles_nullable_columns" time="0.000" /><testcase classname="tests.build.hamilton.test_pr69_unified_schema_provider" name="test_unified_provider_caches_resolved_schemas" time="0.000" /><testcase classname="tests.build.hamilton.test_pr69_unified_schema_provider" name="test_unified_provider_fallback_to_declared_for_unknown_inferable" time="0.000" /><testcase classname="tests.build.hamilton.test_pr69_unified_schema_provider" name="test_iter_table_schemas_no_duplicates" time="0.001" /><testcase classname="tests.build.hamilton.test_pr69_unified_schema_provider" name="test_inferable_table_keys_not_empty" time="0.000" /><testcase classname="tests.build.hamilton.test_pr69_unified_schema_provider" name="test_iter_table_schemas_returns_valid_schemas" time="0.083" /><testcase classname="tests.build.hamilton.test_pr69_unified_schema_provider" name="test_get_table_schema_returns_none_for_unknown_key" time="0.000" /><testcase classname="tests.build.hamilton.test_pr69_unified_schema_provider" name="test_clear_unified_provider_cache_works" time="0.000" /><testcase classname="tests.build.hamilton.test_pr69_unified_schema_provider" name="test_unified_provider_has_dataclass_fields" time="0.000" /><testcase classname="tests.build.hamilton.test_pr69_unified_schema_provider" name="test_require_table_schema_raises_for_unknown_key" time="0.001" /><testcase classname="tests.build.hamilton.test_pr69_unified_schema_provider" name="test_unified_provider_has_inferable_table_keys" time="0.000" /><testcase classname="tests.build.hamilton.test_pr69_unified_schema_provider" name="test_iter_table_schemas_contains_expected_keys" time="0.000" /><testcase classname="tests.build.hamilton.test_pr69_unified_schema_provider" name="test_unified_provider_works_with_get_schema_provider" time="0.001" /><testcase classname="tests.build.hamilton.test_pr69_unified_schema_provider" name="test_unified_provider_has_schema_provider_interface" time="0.000" /><testcase classname="tests.build.hamilton.test_pr68_contract_provider_parity.TestGetContractForTableKey" name="test_caches_results" time="0.000" /><testcase classname="tests.build.hamilton.test_pr69_unified_schema_provider" name="test_target_contract_schemas_accessible" time="0.000" /><testcase classname="tests.build.hamilton.test_pr71_schema_diff.TestComputeSchemaDiff" name="test_schema_diff_detects_column_addition" time="0.000" /><testcase classname="tests.build.hamilton.test_pr71_schema_diff.TestComputeSchemaDiff" name="test_schema_diff_no_changes" time="0.000" /><testcase classname="tests.build.hamilton.test_pr71_schema_diff.TestComputeSchemaDiff" name="test_schema_diff_detects_column_removal" time="0.000" /><testcase classname="tests.build.hamilton.test_pr71_schema_diff.TestComputeSchemaDiff" name="test_schema_diff_detects_type_change" time="0.000" /><testcase classname="tests.build.hamilton.test_pr69_unified_schema_provider" name="test_unified_provider_works_with_require_table_schema" time="0.000" /><testcase classname="tests.build.hamilton.test_pr71_schema_diff.TestComputeSchemaDiff" name="test_schema_diff_detects_nullable_to_nonnull" time="0.000" /><testcase classname="tests.build.hamilton.test_pr71_schema_diff.TestComputeSchemaDiff" name="test_schema_diff_detects_nonnull_to_nullable" time="0.000" /><testcase classname="tests.build.hamilton.test_pr71_schema_diff.TestComputeManifestDiffs" name="test_manifest_diff_detects_table_removal" time="0.000" /><testcase classname="tests.build.hamilton.test_pr69_unified_schema_provider" name="test_unified_provider_schema_count_at_least_declared" time="0.000" /><testcase classname="tests.build.hamilton.test_pr71_schema_diff.TestComputeSchemaDiff" name="test_breaking_change_count" time="0.000" /><testcase classname="tests.build.hamilton.test_pr71_schema_diff.TestManifestDiffResultFormatting" name="test_format_summary_no_changes" time="0.000" /><testcase classname="tests.build.hamilton.test_pr71_schema_diff.TestBreakingChangeClassification" name="test_classification_rules[type_changed-True]" time="0.000" /><testcase classname="tests.build.hamilton.test_pr71_schema_diff.TestComputeManifestDiffs" name="test_manifest_diff_tracks_per_table_changes" time="0.000" /><testcase classname="tests.build.hamilton.test_pr71_schema_diff.TestBreakingChangeClassification" name="test_classification_rules[column_removed-True]" time="0.000" /><testcase classname="tests.build.hamilton.test_pr71_schema_diff.TestManifestDiffResultFormatting" name="test_format_summary_with_changes" time="0.001" /><testcase classname="tests.build.hamilton.test_pr71_schema_diff.TestSchemaDiffFormatting" name="test_format_changes_shows_breaking_markers" time="0.000" /><testcase classname="tests.build.hamilton.test_pr71_schema_diff.TestBreakingChangeClassification" name="test_classification_rules[nullable_false_to_true-False]" time="0.000" /><testcase classname="tests.build.hamilton.test_pr71_schema_diff.TestBreakingChangeClassification" name="test_classification_rules[column_added-False]" time="0.001" /><testcase classname="tests.build.hamilton.test_pr72_manifest_v2.TestExportArtifact" name="test_create_parquet_artifact" time="0.000" /><testcase classname="tests.build.hamilton.test_pr72_manifest_v2.TestExportArtifact" name="test_create_jsonl_artifact_with_description" time="0.000" /><testcase classname="tests.build.hamilton.test_pr71_schema_diff.TestBreakingChangeClassification" name="test_classification_rules[nullable_true_to_false-True]" time="0.000" /><testcase classname="tests.build.hamilton.test_pr72_manifest_v2.TestExportArtifact" name="test_artifact_to_json_obj" time="0.000" /><testcase classname="tests.build.hamilton.test_pr72_manifest_v2.TestExportArtifact" name="test_artifact_without_table_key" time="0.000" /><testcase classname="tests.build.hamilton.test_pr72_manifest_v2.TestSchemaManifestV2" name="test_v1_manifest_tables_only" time="0.000" /><testcase classname="tests.build.hamilton.test_pr72_manifest_v2.TestExportArtifact" name="test_artifact_to_json_obj_omits_none" time="0.000" /><testcase classname="tests.build.hamilton.test_pr72_manifest_v2.TestSchemaManifestV2" name="test_v2_manifest_with_artifacts" time="0.000" /><testcase classname="tests.build.hamilton.test_pr72_manifest_v2.TestSchemaManifestV2" name="test_v2_manifest_with_views" time="0.000" /><testcase classname="tests.build.hamilton.test_pr72_manifest_v2.TestSchemaManifestV2" name="test_v2_manifest_to_json_omits_empty" time="0.000" /><testcase classname="tests.build.hamilton.test_pr72_manifest_v2.TestManifestDiffV2" name="test_diff_no_changes" time="0.000" /><testcase classname="tests.build.hamilton.test_pr72_manifest_v2.TestManifestDiffV2" name="test_diff_artifact_removed_is_breaking" time="0.000" /><testcase classname="tests.build.hamilton.test_pr72_manifest_v2.TestManifestDiffV2" name="test_diff_artifact_added" time="0.001" /><testcase classname="tests.build.hamilton.test_pr72_manifest_v2.TestManifestDiffV2" name="test_diff_view_added" time="0.000" /><testcase classname="tests.build.hamilton.test_pr72_manifest_v2.TestManifestDiffV2" name="test_breaking_change_count_includes_views_and_artifacts" time="0.000" /><testcase classname="tests.build.hamilton.test_pr72_manifest_v2.TestManifestDiffV2" name="test_diff_view_removed_is_breaking" time="0.001" /><testcase classname="tests.build.hamilton.test_pr72_manifest_v2.TestSchemaManifestV2" name="test_v2_manifest_to_json_complete" time="0.001" /><testcase classname="tests.build.hamilton.test_pr72_manifest_v2.TestManifestDiffV2" name="test_diff_view_column_changed" time="0.000" /><testcase classname="tests.build.hamilton.test_pr72_manifest_v2.TestSchemaManifestV2" name="test_manifest_json_roundtrip" time="0.001" /><testcase classname="tests.build.hamilton.test_pr72_manifest_v2.TestManifestDiffFormatSummary" name="test_format_summary_artifact_changes" time="0.000" /><testcase classname="tests.build.hamilton.test_pr72_view_schema_inference.TestNormalizeDuckdbType" name="test_normalize_supported_types[BOOL-BOOLEAN]" time="0.000" /><testcase classname="tests.build.hamilton.test_pr72_manifest_v2.TestManifestDiffFormatSummary" name="test_format_summary_mixed_changes" time="0.000" /><testcase classname="tests.build.hamilton.test_pr72_view_schema_inference.TestNormalizeDuckdbType" name="test_normalize_supported_types[BOOLEAN-BOOLEAN]" time="0.001" /><testcase classname="tests.build.hamilton.test_pr72_view_schema_inference.TestNormalizeDuckdbType" name="test_normalize_supported_types[INT-INTEGER]" time="0.001" /><testcase classname="tests.build.hamilton.test_pr72_manifest_v2.TestManifestDiffFormatSummary" name="test_format_summary_view_changes" time="0.000" /><testcase classname="tests.build.hamilton.test_pr72_view_schema_inference.TestNormalizeDuckdbType" name="test_normalize_supported_types[INTEGER-INTEGER]" time="0.000" /><testcase classname="tests.build.hamilton.test_pr72_view_schema_inference.TestNormalizeDuckdbType" name="test_normalize_supported_types[DOUBLE-DOUBLE]" time="0.001" /><testcase classname="tests.build.hamilton.test_pr72_view_schema_inference.TestNormalizeDuckdbType" name="test_normalize_supported_types[TEXT-VARCHAR]" time="0.000" /><testcase classname="tests.build.hamilton.test_pr72_view_schema_inference.TestNormalizeDuckdbType" name="test_normalize_supported_types[DOUBLE PRECISION-DOUBLE]" time="0.000" /><testcase classname="tests.build.hamilton.test_pr72_view_schema_inference.TestNormalizeDuckdbType" name="test_normalize_supported_types[INT8-BIGINT]" time="0.001" /><testcase classname="tests.build.hamilton.test_pr72_view_schema_inference.TestNormalizeDuckdbType" name="test_normalize_supported_types[TIMESTAMP-TIMESTAMP]" time="0.000" /><testcase classname="tests.build.hamilton.test_pr72_view_schema_inference.TestNormalizeDuckdbType" name="test_normalize_supported_types[BIGINT-BIGINT]" time="0.000" /><testcase classname="tests.build.hamilton.test_pr72_view_schema_inference.TestNormalizeDuckdbType" name="test_normalize_supported_types[TIMESTAMPTZ-TIMESTAMPTZ]" time="0.000" /><testcase classname="tests.build.hamilton.test_pr72_view_schema_inference.TestNormalizeDuckdbType" name="test_normalize_supported_types[TIMESTAMP_TZ-TIMESTAMPTZ]" time="0.000" /><testcase classname="tests.build.hamilton.test_pr72_view_schema_inference.TestNormalizeDuckdbType" name="test_normalize_supported_types[TIMESTAMP WITH TIME ZONE-TIMESTAMPTZ]" time="0.000" /><testcase classname="tests.build.hamilton.test_pr72_view_schema_inference.TestNormalizeDuckdbType" name="test_normalize_supported_types[VARCHAR-VARCHAR]" time="0.000" /><testcase classname="tests.build.hamilton.test_pr72_view_schema_inference.TestNormalizeDuckdbType" name="test_normalize_supported_types[JSON-JSON]" time="0.000" /><testcase classname="tests.build.hamilton.test_pr67_row_binding_parity" name="test_row_model_fields_match_schema_order" time="0.001" /><testcase classname="tests.build.hamilton.test_pr72_view_schema_inference.TestNormalizeDuckdbType" name="test_normalize_supported_types[DECIMAL(38,0)-DECIMAL(38,0)]" time="0.001" /><testcase classname="tests.build.hamilton.test_pr72_view_schema_inference.TestNormalizeDuckdbType" name="test_normalize_supported_types[INT4-INTEGER]" time="0.001" /><testcase classname="tests.build.hamilton.test_pr72_view_schema_inference.TestNormalizeDuckdbType" name="test_normalize_supported_types[DECIMAL(10,2)-DECIMAL]" time="0.001" /><testcase classname="tests.build.hamilton.test_pr72_view_schema_inference.TestNormalizeDuckdbType" name="test_normalize_unsupported_type_raises" time="0.000" /><testcase classname="tests.build.hamilton.test_pr72_view_schema_inference.TestNormalizeDuckdbType" name="test_normalize_supported_types[DECIMAL-DECIMAL]" time="0.001" /><testcase classname="tests.build.hamilton.test_pr73_json_schema_generation.TestJsonSchemaFromTableSchema" name="test_generates_valid_json_schema_version" time="0.000" /><testcase classname="tests.build.hamilton.test_pr73_json_schema_generation.TestJsonSchemaFromTableSchema" name="test_includes_schema_id_when_provided" time="0.000" /><testcase classname="tests.build.hamilton.test_pr73_json_schema_generation.TestNullableColumnHandling" name="test_nullable_column_uses_array_type" time="0.000" /><testcase classname="tests.build.hamilton.test_pr73_json_schema_generation.TestJsonSchemaFromTableSchema" name="test_sets_additional_properties_false" time="0.000" /><testcase classname="tests.build.hamilton.test_pr73_json_schema_generation.TestJsonSchemaFromTableSchema" name="test_generates_properties_for_all_columns" time="0.000" /><testcase classname="tests.build.hamilton.test_pr73_json_schema_generation.TestJsonSchemaFromTableSchema" name="test_generates_object_type" time="0.000" /><testcase classname="tests.build.hamilton.test_pr73_json_schema_generation.TestNullableColumnHandling" name="test_non_nullable_column_uses_scalar_type" time="0.000" /><testcase classname="tests.build.hamilton.test_pr73_json_schema_generation.TestJsonSchemaFromTableSchema" name="test_includes_description_when_present" time="0.000" /><testcase classname="tests.build.hamilton.test_pr73_json_schema_generation.TestNullableColumnHandling" name="test_nullable_columns_not_in_required" time="0.000" /><testcase classname="tests.build.hamilton.test_pr73_json_schema_generation.TestJsonSchemaFromTableSchema" name="test_uses_table_key_as_title" time="0.000" /><testcase classname="tests.build.hamilton.test_pr73_json_schema_generation.TestNullableColumnHandling" name="test_non_nullable_columns_in_required" time="0.001" /><testcase classname="tests.build.hamilton.test_pr73_json_schema_generation.TestColumnTypeMapping" name="test_integer_maps_to_integer" time="0.000" /><testcase classname="tests.build.hamilton.test_pr67_row_binding_parity" name="test_row_binding_cache_uses_schema_hash" time="0.000" /><testcase classname="tests.build.hamilton.test_pr72_view_schema_inference.TestInferViewSchemaEdgeCases" name="test_view_with_cast_columns" time="0.009" /><testcase classname="tests.build.hamilton.test_pr73_json_schema_generation.TestColumnTypeMapping" name="test_json_maps_to_any" time="0.000" /><testcase classname="tests.build.hamilton.test_pr72_view_schema_inference.TestInferViewSchema" name="test_infer_view_with_expressions" time="0.012" /><testcase classname="tests.build.hamilton.test_pr73_json_schema_generation.TestColumnTypeMapping" name="test_timestamp_maps_to_datetime_string" time="0.001" /><testcase classname="tests.build.hamilton.test_pr72_view_schema_inference.TestInferViewSchema" name="test_infer_simple_view" time="0.013" /><testcase classname="tests.build.hamilton.test_pr73_json_schema_generation.TestColumnTypeMapping" name="test_varchar_maps_to_string" time="0.001" /><testcase classname="tests.build.hamilton.test_pr72_view_schema_inference.TestInferViewSchema" name="test_infer_view_with_multiple_types" time="0.012" /><testcase classname="tests.build.hamilton.test_pr73_json_schema_generation.TestColumnTypeMapping" name="test_timestamptz_maps_to_datetime_string" time="0.000" /><testcase classname="tests.build.hamilton.test_pr73_json_schema_generation.TestMetaSchemaValidation" name="test_generated_schema_is_valid_json_schema" time="0.002" /><testcase classname="tests.build.hamilton.test_pr73_json_schema_generation.TestMetaSchemaValidation" name="test_all_types_schema_is_valid" time="0.003" /><testcase classname="tests.build.hamilton.test_pr72_view_schema_inference.TestInferViewSchemaEdgeCases" name="test_view_nullable_inference_preserves_constraint" time="0.014" /><testcase classname="tests.build.hamilton.test_pr73_json_schema_generation.TestRecordValidation" name="test_missing_required_field_fails" time="0.001" /><testcase classname="tests.build.hamilton.test_pr73_json_schema_generation.TestRecordValidation" name="test_wrong_type_fails" time="0.001" /><testcase classname="tests.build.hamilton.test_pr73_json_schema_generation.TestRecordValidation" name="test_null_in_nullable_field_passes" time="0.001" /><testcase classname="tests.build.hamilton.test_pr73_json_schema_generation.TestRecordValidation" name="test_additional_property_fails" time="0.001" /><testcase classname="tests.build.hamilton.test_pr72_view_schema_inference.TestInferViewSchema" name="test_infer_nonexistent_view_raises" time="0.016" /><testcase classname="tests.build.hamilton.test_pr73_json_schema_generation.TestJsonSchemaRegistry" name="test_get_json_schema_is_cached" time="0.000" /><testcase classname="tests.build.hamilton.test_pr73_json_schema_generation.TestParityWithHandMaintained" name="test_generated_schema_has_same_properties_as_hand_maintained" time="0.000"><skipped type="pytest.skip" message="Hand-maintained schema not found">/home/paul/CodeIntel/tests/build/hamilton/test_pr73_json_schema_generation.py:528: Hand-maintained schema not found</skipped></testcase><testcase classname="tests.build.hamilton.test_pr73_json_schema_generation.TestJsonSchemaRegistry" name="test_get_json_schema_returns_valid_schema" time="0.000" /><testcase classname="tests.build.hamilton.test_pr73_json_schema_generation.TestJsonSchemaRegistry" name="test_compute_json_schema_digest_returns_hex_string" time="0.000" /><testcase classname="tests.build.hamilton.test_pr73_json_schema_generation.TestJsonSchemaRegistry" name="test_get_json_schema_for_dataset_name" time="0.001" /><testcase classname="tests.build.hamilton.test_pr73_json_schema_generation.TestJsonSchemaRegistry" name="test_compute_json_schema_digest_is_deterministic" time="0.001" /><testcase classname="tests.build.hamilton.test_pr73_json_schema_generation.TestColumnTypeMapping" name="test_bigint_maps_to_integer" time="0.000" /><testcase classname="tests.build.hamilton.test_pr74_auto_mode_native_outputs_have_helpers" name="test_auto_mode_native_outputs_have_helpers" time="0.019" /><testcase classname="tests.build.hamilton.test_pr74_auto_mode_no_duplicate_target_nodes" name="test_generated_module_skips_target_nodes_for_native_targets" time="0.007" /><testcase classname="tests.build.hamilton.test_pr75_buildspec_serdes_is_deterministic" name="test_buildspec_roundtrip_preserves_hash" time="0.000" /><testcase classname="tests.build.hamilton.test_pr76_buildspec_compiler_is_stable" name="test_buildspec_compiler_is_stable" time="0.032" /><testcase classname="tests.build.hamilton.test_pr73_json_schema_generation.TestColumnTypeMapping" name="test_boolean_maps_to_boolean" time="0.001" /><testcase classname="tests.build.hamilton.test_pr77_build_spec_cli_outputs_valid_json" name="test_build_spec_cli_compile_outputs_valid_json" time="0.140" /><testcase classname="tests.build.hamilton.test_pr73_json_schema_generation.TestColumnTypeMapping" name="test_decimal38_maps_to_integer" time="0.001" /><testcase classname="tests.build.hamilton.test_pr73_json_schema_generation.TestColumnTypeMapping" name="test_decimal_maps_to_number" time="0.000" /><testcase classname="tests.build.hamilton.test_pr75_buildspec_serdes_is_deterministic" name="test_buildspec_serdes_is_deterministic" time="0.000" /><testcase classname="tests.build.hamilton.test_pr80_schema_compile_uses_batch_inference" name="test_pr80_schema_compile_uses_batch_inference" time="0.000" /><testcase classname="tests.build.hamilton.test_pr78_graph_validator_finds_duplicate_producers" name="test_pr78_graph_validator_finds_duplicate_producers" time="0.000" /><testcase classname="tests.build.hamilton.test_pr76_buildspec_compiler_outputs_match_dag" name="test_buildspec_compiler_outputs_match_dag" time="0.022" /><testcase classname="tests.build.hamilton.test_pr78_graph_validator_clean_auto" name="test_pr78_graph_validator_clean_auto" time="0.019" /><testcase classname="tests.build.hamilton.test_pr09_planner.TestPlanClosure" name="test_plan_closure_matches_topological_order" time="0.001" /><testcase classname="tests.build.hamilton.test_pr80_schema_manifest_identical_batch_vs_individual" name="test_pr80_schema_manifest_identical_batch_vs_individual" time="0.180" /><testcase classname="tests.build.hamilton.test_pr73_json_schema_generation.TestColumnTypeMapping" name="test_double_maps_to_number" time="0.000" /><testcase classname="tests.build.hamilton.test_pr79_targetgraph_and_hamilton_sources_equivalent_for_wrapper_targets" name="test_pr79_targetgraph_and_hamilton_sources_equivalent_for_wrapper_targets" time="0.015" /><testcase classname="tests.build.hamilton.test_result_builder.TestNodeResult" name="test_successful_result" time="0.000" /><testcase classname="tests.build.hamilton.test_result_builder.TestNodeResult" name="test_failed_result" time="0.000" /><testcase classname="tests.build.hamilton.test_result_builder.TestBuildExecutionResult" name="test_empty_result" time="0.001" /><testcase classname="tests.build.hamilton.test_result_builder.TestBuildExecutionResult" name="test_to_dict" time="0.000" /><testcase classname="tests.build.hamilton.test_result_builder.TestBuildExecutionResult" name="test_get_outputs" time="0.000" /><testcase classname="tests.build.hamilton.test_result_builder.TestBuildExecutionResult" name="test_summary_with_failures" time="0.000" /><testcase classname="tests.build.hamilton.test_result_builder.TestBuildResultBuilder" name="test_build_empty" time="0.000" /><testcase classname="tests.build.hamilton.test_result_builder.TestBuildResultBuilder" name="test_build_with_failure" time="0.000" /><testcase classname="tests.build.hamilton.test_result_builder.TestBuildExecutionResult" name="test_get_output" time="0.000" /><testcase classname="tests.build.hamilton.test_pr73_json_schema_generation.TestRecordValidation" name="test_valid_record_passes_validation" time="0.001" /><testcase classname="tests.build.hamilton.test_result_builder.TestBuildResultBuilder" name="test_include_values_false" time="0.000" /><testcase classname="tests.build.hamilton.test_result_builder.TestDictResultBuilder" name="test_build_result" time="0.000" /><testcase classname="tests.build.hamilton.test_result_builder.TestBuildResultBuilder" name="test_output_type" time="0.000" /><testcase classname="tests.build.hamilton.test_result_builder.TestBuildResultBuilder" name="test_timing" time="0.010" /><testcase classname="tests.build.hamilton.test_result_builder.TestNodeResult" name="test_with_duration" time="0.000" /><testcase classname="tests.build.hamilton.test_result_builder.TestDictResultBuilder" name="test_output_type" time="0.000" /><testcase classname="tests.build.hamilton.test_result_builder" name="test_result_status_determination[empty]" time="0.000" /><testcase classname="tests.build.hamilton.test_result_builder" name="test_result_status_determination[single_failure]" time="0.001" /><testcase classname="tests.build.hamilton.test_result_builder" name="test_result_status_determination[single_success]" time="0.001" /><testcase classname="tests.build.hamilton.test_result_builder" name="test_result_status_determination[mixed]" time="0.000" /><testcase classname="tests.build.hamilton.validators.test_contracts.TestBuildTableContract" name="test_full_contract" time="0.000" /><testcase classname="tests.build.hamilton.validators.test_contracts.TestBuildTableContract" name="test_contract_validates_dataframe" time="0.002" /><testcase classname="tests.build.hamilton.validators.test_contracts.TestBuildTableContract" name="test_minimal_contract" time="0.000" /><testcase classname="tests.build.hamilton.validators.test_contracts.TestBuildKeyColumnContract" name="test_single_key_column" time="0.000" /><testcase classname="tests.build.hamilton.validators.test_contracts.TestBuildTableContract" name="test_no_row_count_validator_when_defaults" time="0.000" /><testcase classname="tests.build.hamilton.validators.test_contracts.TestBuildKeyColumnContract" name="test_composite_key" time="0.000" /><testcase classname="tests.build.hamilton.validators.test_contracts.TestBuildMetricsContract" name="test_basic_metrics_contract" time="0.001" /><testcase classname="tests.build.hamilton.validators.test_contracts.TestBuildMetricsContract" name="test_metrics_with_types" time="0.001" /><testcase classname="tests.build.hamilton.validators.test_contracts.TestBuildEnumColumnContract" name="test_enum_contract_validates_dataframe" time="0.002" /><testcase classname="tests.build.hamilton.validators.test_contracts.TestBuildEnumColumnContract" name="test_basic_enum_contract" time="0.000" /><testcase classname="tests.build.hamilton.validators.test_contracts.TestBuildEnumColumnContract" name="test_enum_allows_nulls" time="0.001" /><testcase classname="tests.build.hamilton.validators.test_contracts" name="test_table_contract_row_count_parametrized[min_1_has_5]" time="0.001" /><testcase classname="tests.build.hamilton.validators.test_contracts.TestBuildMetricsContract" name="test_metrics_contract_validates_dataframe" time="0.001" /><testcase classname="tests.build.hamilton.validators.test_contracts.TestBuildKeyColumnContract" name="test_key_contract_validates_dataframe" time="0.001" /><testcase classname="tests.build.hamilton.validators.test_contracts" name="test_table_contract_row_count_parametrized[min_10_has_5]" time="0.001" /><testcase classname="tests.build.hamilton.test_result_builder.TestResultStatus" name="test_values" time="0.000" /><testcase classname="tests.build.hamilton.validators.test_contracts" name="test_table_contract_row_count_parametrized[max_10_has_15]" time="0.001" /><testcase classname="tests.build.hamilton.validators.test_contracts" name="test_table_contract_row_count_parametrized[range_5_10_has_7]" time="0.001" /><testcase classname="tests.build.hamilton.validators.test_contracts" name="test_table_contract_row_count_parametrized[max_10_has_5]" time="0.001" /><testcase classname="tests.build.hamilton.validators.test_contracts" name="test_table_contract_row_count_parametrized[empty_no_constraints]" time="0.001" /><testcase classname="tests.build.hamilton.validators.test_dataframe_validators.TestColumnsExistValidator" name="test_applies_to_other_types" time="0.000" /><testcase classname="tests.build.hamilton.validators.test_dataframe_validators.TestColumnsExistValidator" name="test_applies_to_dataframe" time="0.000" /><testcase classname="tests.build.hamilton.validators.test_dataframe_validators.TestColumnsExistValidator" name="test_all_columns_exist" time="0.001" /><testcase classname="tests.build.hamilton.test_result_builder.TestBuildResultBuilder" name="test_input_types" time="0.000" /><testcase classname="tests.build.hamilton.validators.test_dataframe_validators.TestColumnsExistValidator" name="test_missing_columns" time="0.001" /><testcase classname="tests.build.hamilton.test_result_builder.TestBuildResultBuilder" name="test_build_success" time="0.000" /><testcase classname="tests.build.hamilton.validators.test_dataframe_validators.TestColumnTypesValidator" name="test_type_mismatch" time="0.001" /><testcase classname="tests.build.hamilton.validators.test_dataframe_validators.TestColumnTypesValidator" name="test_correct_types" time="0.001" /><testcase classname="tests.build.hamilton.validators.test_dataframe_validators.TestColumnTypesValidator" name="test_applies_to_dataframe" time="0.000" /><testcase classname="tests.build.hamilton.test_result_builder.TestBuildExecutionResult" name="test_get_output_not_found" time="0.000" /><testcase classname="tests.build.hamilton.validators.test_dataframe_validators.TestColumnTypesValidator" name="test_missing_column_skipped" time="0.001" /><testcase classname="tests.build.hamilton.validators.test_contracts.TestBuildKeyColumnContract" name="test_with_additional_columns" time="0.001" /><testcase classname="tests.build.hamilton.validators.test_dataframe_validators.TestColumnsExistValidator" name="test_empty_columns_list" time="0.001" /><testcase classname="tests.build.hamilton.validators.test_dataframe_validators.TestNoNullsInColumnsValidator" name="test_applies_to_dataframe" time="0.000" /><testcase classname="tests.build.hamilton.validators.test_dataframe_validators.TestNoNullsInColumnsValidator" name="test_no_nulls" time="0.001" /><testcase classname="tests.build.hamilton.validators.test_dataframe_validators.TestNoNullsInColumnsValidator" name="test_has_nulls" time="0.001" /><testcase classname="tests.build.hamilton.validators.test_dataframe_validators.TestUniqueColumnsValidator" name="test_applies_to_dataframe" time="0.000" /><testcase classname="tests.build.hamilton.validators.test_dataframe_validators.TestUniqueColumnsValidator" name="test_unique_values" time="0.001" /><testcase classname="tests.build.hamilton.validators.test_dataframe_validators.TestNoNullsInColumnsValidator" name="test_missing_column_skipped" time="0.001" /><testcase classname="tests.build.hamilton.test_result_builder.TestBuildExecutionResult" name="test_success_count" time="0.000" /><testcase classname="tests.build.hamilton.validators.test_dataframe_validators.TestRowCountValidator" name="test_applies_to_dataframe" time="0.000" /><testcase classname="tests.build.hamilton.validators.test_dataframe_validators.TestRowCountRangeValidator" name="test_above_maximum" time="0.001" /><testcase classname="tests.build.hamilton.validators.test_dataframe_validators.TestRowCountValidator" name="test_meets_minimum" time="0.001" /><testcase classname="tests.build.hamilton.validators.test_dataframe_validators.TestUniqueColumnsValidator" name="test_duplicate_values" time="0.001" /><testcase classname="tests.build.hamilton.test_pr68_contract_provider_parity.TestContractMetadataDerivation" name="test_validation_profile_defaults_to_strict" time="0.000" /><testcase classname="tests.build.hamilton.validators.test_dataframe_validators.TestRowCountRangeValidator" name="test_no_maximum" time="0.000" /><testcase classname="tests.build.hamilton.validators.test_dataframe_validators.TestUniqueColumnsValidator" name="test_missing_column_skipped" time="0.001" /><testcase classname="tests.build.hamilton.validators.test_dataframe_validators.TestRowCountRangeValidator" name="test_below_minimum" time="0.001" /><testcase classname="tests.build.hamilton.validators.test_dataframe_validators.TestRowCountValidator" name="test_below_minimum" time="0.000" /><testcase classname="tests.build.hamilton.test_pr71_schema_diff.TestComputeManifestDiffs" name="test_manifest_diff_detects_table_addition" time="0.000" /><testcase classname="tests.build.hamilton.validators.test_dataframe_validators.TestRowCountRangeValidator" name="test_within_range" time="0.001" /><testcase classname="tests.build.hamilton.validators.test_dataframe_validators.TestRowCountRangeValidator" name="test_applies_to_dataframe" time="0.000" /><testcase classname="tests.build.hamilton.validators.test_dataframe_validators.TestColumnValuesInSetValidator" name="test_all_values_valid" time="0.001" /><testcase classname="tests.build.hamilton.test_pr69_unified_schema_provider" name="test_unified_provider_is_cached" time="0.001" /><testcase classname="tests.build.hamilton.validators.test_dataframe_validators.TestValidatorIntegration" name="test_failing_chain_stops_early_semantics" time="0.001" /><testcase classname="tests.build.hamilton.validators.test_dataframe_validators.TestValidatorIntegration" name="test_multiple_validators" time="0.002" /><testcase classname="tests.build.hamilton.validators.test_dataframe_validators.TestColumnValuesInSetValidator" name="test_missing_column_skipped" time="0.000" /><testcase classname="tests.build.hamilton.validators.test_dataframe_validators" name="test_column_types_parametrized[float_column]" time="0.001" /><testcase classname="tests.build.hamilton.validators.test_dataframe_validators" name="test_column_types_parametrized[int_column]" time="0.001" /><testcase classname="tests.build.hamilton.validators.test_migration.TestPanderaDtypeConversion" name="test_dtype_conversion[float64]" time="0.000" /><testcase classname="tests.build.hamilton.validators.test_migration.TestMigrationReport" name="test_add_error" time="0.000" /><testcase classname="tests.build.hamilton.validators.test_dataframe_validators.TestColumnValuesInSetValidator" name="test_nulls_ignored" time="0.001" /><testcase classname="tests.build.hamilton.validators.test_migration.TestMigrationReport" name="test_initial_state" time="0.000" /><testcase classname="tests.build.hamilton.validators.test_dataframe_validators.TestColumnValuesInSetValidator" name="test_invalid_values" time="0.001" /><testcase classname="tests.build.hamilton.validators.test_migration.TestPanderaDtypeConversion" name="test_dtype_conversion[Int64_nullable]" time="0.001" /><testcase classname="tests.build.hamilton.validators.test_dataframe_validators" name="test_column_types_parametrized[string_column]" time="0.001" /><testcase classname="tests.build.hamilton.validators.test_migration.TestMigrationReport" name="test_summary_success" time="0.000" /><testcase classname="tests.build.hamilton.validators.test_migration.TestPanderaDtypeConversion" name="test_dtype_conversion[datetime]" time="0.000" /><testcase classname="tests.build.hamilton.validators.test_dataframe_validators.TestColumnValuesInSetValidator" name="test_applies_to_dataframe" time="0.000" /><testcase classname="tests.build.hamilton.validators.test_dataframe_validators" name="test_column_types_parametrized[wrong_type]" time="0.001" /><testcase classname="tests.build.hamilton.validators.test_migration.TestMigrationReport" name="test_summary_failed" time="0.000" /><testcase classname="tests.build.hamilton.validators.test_migration.TestPanderaDtypeConversion" name="test_dtype_conversion[object]" time="0.000" /><testcase classname="tests.build.hamilton.validators.test_migration.TestMigrationReport" name="test_add_warning" time="0.001" /><testcase classname="tests.build.hamilton.validators.test_migration.TestPanderaDtypeConversion" name="test_dtype_conversion[int64]" time="0.001" /><testcase classname="tests.build.hamilton.validators.test_migration.TestPanderaDtypeConversion" name="test_dtype_conversion[bool]" time="0.000" /><testcase classname="tests.build.hamilton.validators.test_dataframe_validators" name="test_column_types_parametrized[bool_column]" time="0.001" /><testcase classname="tests.build.hamilton.validators.test_migration.TestPanderaDtypeConversion" name="test_dtype_conversion[unknown]" time="0.000" /><testcase classname="tests.build.hamilton.validators.test_schema_docs.TestColumnSchema" name="test_full_creation" time="0.000" /><testcase classname="tests.build.hamilton.validators.test_migration.TestGenerateMigrationCode" name="test_generates_valid_code_structure" time="0.043" /><testcase classname="tests.build.hamilton.validators.test_migration" name="test_validator_count_from_schema[constrained_column]" time="0.001" /><testcase classname="tests.build.hamilton.validators.test_migration.TestGenerateMigrationCode" name="test_custom_node_name" time="0.047" /><testcase classname="tests.build.hamilton.validators.test_migration" name="test_validator_count_from_schema[empty]" time="0.001" /><testcase classname="tests.build.hamilton.validators.test_migration.TestPanderaDtypeConversion" name="test_dtype_conversion[string]" time="0.000" /><testcase classname="tests.build.hamilton.validators.test_migration.TestGenerateMigrationCode" name="test_default_node_name" time="0.056" /><testcase classname="tests.build.hamilton.validators.test_schema_docs.TestTableSchema" name="test_full_creation" time="0.000" /><testcase classname="tests.build.hamilton.validators.test_migration.TestValidatorsFromPanderaSchema" name="test_basic_schema" time="0.000" /><testcase classname="tests.build.hamilton.validators.test_schema_docs.TestTableSchema" name="test_schema_output_args" time="0.000" /><testcase classname="tests.build.hamilton.validators.test_migration.TestValidatorsFromPanderaSchema" name="test_schema_with_constraints" time="0.001" /><testcase classname="tests.build.hamilton.validators.test_schema_docs.TestTableSchema" name="test_unique_columns" time="0.000" /><testcase classname="tests.build.hamilton.validators.test_schema_docs.TestSchemaHelpers" name="test_schema_output_tuple_empty" time="0.000" /><testcase classname="tests.build.hamilton.validators.test_schema_docs.TestTableSchema" name="test_basic_creation" time="0.000" /><testcase classname="tests.build.hamilton.validators.test_migration.TestValidatorsFromPanderaSchema" name="test_empty_schema" time="0.000" /><testcase classname="tests.build.hamilton.test_pr68_contract_provider_parity.TestTableHandling" name="test_tables_have_base_table_tag" time="0.000" /><testcase classname="tests.build.hamilton.validators.test_migration" name="test_validator_count_from_schema[basic_column]" time="0.000" /><testcase classname="tests.build.hamilton.validators.test_schema_docs.TestColumnSchema" name="test_basic_creation" time="0.000" /><testcase classname="tests.build.hamilton.validators.test_schema_docs.TestColumnSchema" name="test_to_dict_minimal" time="0.000" /><testcase classname="tests.build.hamilton.validators.test_schema_docs.TestTableSchema" name="test_non_nullable_columns" time="0.000" /><testcase classname="tests.build.hamilton.validators.test_schema_docs.TestColumnSchema" name="test_to_tuple" time="0.000" /><testcase classname="tests.build.hamilton.validators.test_schema_docs.TestColumnSchema" name="test_to_dict_full" time="0.000" /><testcase classname="tests.build.hamilton.validators.test_validation_poc.TestIbisTableValidation" name="test_columns_exist_validator_with_ibis_table" time="0.005" /><testcase classname="tests.build.hamilton.validators.test_schema_docs.TestColumnTypes" name="test_float_constant" time="0.000" /><testcase classname="tests.build.hamilton.validators.test_schema_docs.TestSchemaHelpers" name="test_schema_output_tuple" time="0.000" /><testcase classname="tests.build.hamilton.validators.test_validation_poc.TestIbisTableValidation" name="test_columns_exist_validator_ibis_missing_column" time="0.003" /><testcase classname="tests.build.hamilton.validators.test_schema_docs.TestSchemaHelpers" name="test_schema_from_columns" time="0.001" /><testcase classname="tests.build.hamilton.validators.test_validation_poc.TestDataFrameValidation" name="test_no_nulls_catches_nulls_in_dataframe" time="0.001" /><testcase classname="tests.build.hamilton.validators.test_validation_poc.TestDataFrameValidation" name="test_column_values_in_set_catches_invalid" time="0.001" /><testcase classname="tests.build.hamilton.validators.test_validation_poc.TestContractEnforcementHook" name="test_validation_result_creation" time="0.000" /><testcase classname="tests.build.hamilton.validators.test_schema_docs.TestTableSchema" name="test_column_names" time="0.000" /><testcase classname="tests.build.hamilton.validators.test_schema_docs.TestColumnTypes" name="test_string_constant" time="0.000" /><testcase classname="tests.build.hamilton.validators.test_validation_poc.TestContractEnforcementHook" name="test_hook_captures_validation_results" time="0.001" /><testcase classname="tests.build.hamilton.validators.test_validation_poc.TestContractEnforcementHook" name="test_validation_summary_aggregation" time="0.000" /><testcase classname="tests.build.hamilton.validators.test_schema_docs" name="test_schema_from_columns_parametrized[single]" time="0.000" /><testcase classname="tests.build.hamilton.validators.test_schema_docs.TestColumnTypes" name="test_datetime_constant" time="0.000" /><testcase classname="tests.build.hamilton.validators.test_schema_docs.TestTableSchema" name="test_to_dict" time="0.000" /><testcase classname="tests.build.hamilton.validators.test_validation_poc.TestIbisTableValidation" name="test_no_nulls_validator_skips_ibis" time="0.003" /><testcase classname="tests.build.hamilton.validators.test_schema_docs" name="test_schema_from_columns_parametrized[multiple]" time="0.001" /><testcase classname="tests.build.hamilton.validators.test_validation_poc.TestIbisTableValidation" name="test_column_types_validator_with_ibis_table" time="0.005" /><testcase classname="tests.build.hamilton.validators.test_validation_poc.TestContractEnforcementHook" name="test_hook_captures_failure" time="0.001" /><testcase classname="tests.build.hamilton.validators.test_validation_poc.TestHotspotsModuleValidation" name="test_hotspots_module_exports" time="0.000" /><testcase classname="tests.build.hamilton.validators.test_validation_poc.TestRiskFactorsModuleValidation" name="test_risk_factors_module_exports" time="0.000" /><testcase classname="tests.build.hamilton.validators.test_validation_poc.TestBuildHooksValidation" name="test_build_hooks_includes_validation_by_default" time="0.001" /><testcase classname="tests.build.hamilton.validators.test_validation_poc.TestBuildHooksValidation" name="test_build_hooks_validation_can_be_disabled" time="0.001" /><testcase classname="tests.build.hamilton.validators.test_validation_poc.TestTableContractBuilders" name="test_build_table_contract_creates_validators" time="0.000" /><testcase classname="tests.build.hamilton.validators.test_validation_poc.TestIbisTableValidation" name="test_column_values_in_set_skips_ibis" time="0.004" /><testcase classname="tests.build.test_unified_registry_plugins" name="test_unified_registry_instantiates_plugins" time="0.000" /><testcase classname="tests.build.hamilton.validators.test_validation_poc.TestRiskFactorsModuleValidation" name="test_risk_factors_module_has_validators" time="0.000" /><testcase classname="tests.build.hamilton.validators.test_validation_poc.TestContractEnforcementHook" name="test_hook_get_validation_summary" time="0.004" /><testcase classname="tests.build.hamilton.validators.test_validation_poc.TestHotspotsModuleValidation" name="test_hotspots_module_has_validators" time="0.000" /><testcase classname="tests.build.hamilton.validators.test_validation_poc.TestTableContractBuilders" name="test_build_enum_column_contract" time="0.000" /><testcase classname="tests.build.hamilton.validators.test_schema_docs" name="test_schema_from_columns_parametrized[empty]" time="0.001" /><testcase classname="tests.build.hamilton.validators.test_schema_docs.TestColumnTypes" name="test_int_constant" time="0.000" /><testcase classname="tests.build.hamilton.validators.test_schema_docs.TestColumnTypes" name="test_bool_constant" time="0.002" /><testcase classname="tests.build.hamilton.test_result_builder.TestBuildExecutionResult" name="test_summary" time="0.000" /><testcase classname="tests.build.hamilton.test_result_builder.TestBuildResultBuilder" name="test_metadata" time="0.001" /><testcase classname="tests.build.hamilton.test_pr53_compute_hierarchy.TestComputeHierarchy" name="test_analytics_centrality_delegates_to_core" time="0.001" /><testcase classname="tests.build.hamilton.test_pr55_final_sweep.TestPublicApiClean" name="test_build_hamilton_no_legacy_exports" time="0.000" /><testcase classname="tests.build.hamilton.test_pr54_schema_registry_in_build" name="test_pr54_no_schema_registry_in_config_datasets" time="0.001" /><testcase classname="tests.build.hamilton.test_pr53_compute_hierarchy.TestAnalyticsComputeDelegation" name="test_no_direct_networkx_algorithms_in_analytics_compute" time="0.002" /><testcase classname="tests.build.hamilton.test_pr52_no_legacy_orchestrators" name="test_pr52_non_migrated_plugins_still_exist" time="0.001" /><testcase classname="tests.build.hamilton.test_pr53_compute_hierarchy.TestComputeHierarchy" name="test_analytics_components_delegates_to_graphs" time="0.001" /><testcase classname="tests.build.hamilton.test_pr66_schema_provider_registry" name="test_provider_schemas_match_declared_schemas" time="0.004" /><testcase classname="tests.build.hamilton.test_pr52_no_legacy_orchestrators" name="test_pr52_empty_plugin_directories_removed" time="0.000" /></testsuite></testsuites>