<?xml version="1.0" encoding="utf-8"?><testsuites name="pytest tests"><testsuite name="pytest" errors="0" failures="1" skipped="0" tests="2" time="10.717" timestamp="2025-12-08T22:05:28.523311-05:00" hostname="paul-X870-AORUS-ELITE-WIFI7"><testcase classname="tests.cli.test_docs_enums" name="test_docs_export_invalid_validation_mode" time="0.025" /><testcase classname="tests.cli.test_docs_enums" name="test_docs_export_help_shows_choices" time="0.082"><failure message="AssertionError: expected 0, got 1">cli_ctx = CLIContext(repo_root=PosixPath('/tmp/pytest-of-paul/pytest-145/popen-gw7/test_docs_export_help_shows_ch0/repo'), build...ws_ch0/repo', 'CODEINTEL_BUILD_DIR': '/tmp/pytest-of-paul/pytest-145/popen-gw7/test_docs_export_help_shows_ch0/build'})

    def test_docs_export_help_shows_choices(cli_ctx: CLIContext) -&gt; None:
        """Help text includes enum choices for validation and macro requirement."""
        result = run_cli(["docs", "export", "--help"], env=cli_ctx.env, cwd=cli_ctx.repo_root)
    
&gt;       expect_equal(result.exit_code, 0)

tests/cli/test_docs_enums.py:26: 
_ _ _ _ _ _ _ _ _ _ _ _ _ _ _ _ _ _ _ _ _ _ _ _ _ _ _ _ _ _ _ _ _ _ _ _ _ _ _ _ 

actual = 1, expected = 0

    def expect_equal(actual: object, expected: object, *, label: str | None = None) -&gt; None:
        """Raise AssertionError when two values differ.
    
        Parameters
        ----------
        actual
            Observed value.
        expected
            Expected value to compare against.
        label
            Optional label prefix for the failure message.
    
        Raises
        ------
        AssertionError
            If the values are not equal.
        """
        if actual != expected:
            failure_message = f"{_prefix(label)}expected {expected!r}, got {actual!r}"
&gt;           raise AssertionError(failure_message)
E           AssertionError: expected 0, got 1

tests/_helpers/assertions/expectation_assertions.py:70: AssertionError</failure></testcase></testsuite></testsuites>