<?xml version="1.0" encoding="utf-8"?><testsuites name="pytest tests"><testsuite name="pytest" errors="0" failures="0" skipped="0" tests="12" time="11.729" timestamp="2025-12-10T03:42:37.285424-05:00" hostname="paul-X870-AORUS-ELITE-WIFI7"><testcase classname="tests.cli.test_common_module" name="test_runtime_required_includes_all_missing_in_message" time="0.008" /><testcase classname="tests.cli.test_common_module" name="test_build_config_from_options_creates_paths" time="0.008" /><testcase classname="tests.cli.test_common_module" name="test_runtime_field_returns_none_by_default" time="0.007" /><testcase classname="tests.cli.test_common_module" name="test_runtime_required_raises_for_missing_fields" time="0.008" /><testcase classname="tests.cli.test_cli_errors" name="test_unknown_command_normalized" time="0.010" /><testcase classname="tests.cli.test_common_module" name="test_get_output_format_resolves_correctly" time="0.007" /><testcase classname="tests.cli.test_common_module" name="test_resolve_output_format_precedence" time="0.007" /><testcase classname="tests.cli.test_common_module" name="test_get_verbose_extracts_verbose_level" time="0.007" /><testcase classname="tests.cli.test_cli_errors" name="test_validation_error_exit_code" time="0.023" /><testcase classname="tests.cli.test_common_module" name="test_resolve_flag_and_backend_config" time="0.007" /><testcase classname="tests.cli.test_cli_errors" name="test_unknown_option_normalized" time="0.018" /><testcase classname="tests.cli.test_common_module" name="test_output_field_returns_none_by_default" time="0.007" /></testsuite></testsuites>