<?xml version="1.0" encoding="utf-8"?><testsuites name="pytest tests"><testsuite name="pytest" errors="9" failures="3" skipped="76" tests="4204" time="196.162" timestamp="2025-12-03T21:42:33.534761-05:00" hostname="paul-X870-AORUS-ELITE-WIFI7"><testcase classname="tests.analytics.compute.test_graphs_centrality" name="test_metrics_identify_different_importance" time="0.076" /><testcase classname="tests.analytics.compute.test_functions_signatures" name="test_realistic_api_handler" time="0.002" /><testcase classname="tests.analytics.core.plugins.data_models.test_build" name="test_data_models_plugin_metadata_stage" time="0.002" /><testcase classname="tests.analytics.core.plugins.data_models.test_build" name="test_data_models_plugin_metadata_version" time="0.001" /><testcase classname="tests.analytics.compute.test_semantic_roles" name="test_context_rel_path_lower" time="0.001" /><testcase classname="tests.analytics.compute.test_semantic_roles" name="test_context_module_lower" time="0.000" /><testcase classname="tests.analytics.compute.test_semantic_roles" name="test_context_module_lower_none" time="0.000" /><testcase classname="tests.analytics.core.plugins.data_models.test_build" name="test_data_models_plugin_metadata_outputs" time="0.000" /><testcase classname="tests._helpers.test_config_builders" name="test_make_snapshot_respects_overrides" time="0.002" /><testcase classname="tests._helpers.test_config_builders" name="test_make_graph_runtime_options_uses_snapshot" time="0.000" /><testcase classname="tests.analytics.core.plugins.groups.test_plugin_groups" name="test_group_registry_resolve_dependencies_chain" time="0.002" /><testcase classname="tests.analytics.core.plugins.groups.test_plugin_groups" name="test_group_registry_resolve_dependencies_deduplicates" time="0.000" /><testcase classname="tests.analytics.compute.test_functions_signatures" name="test_realistic_test_function" time="0.001" /><testcase classname="tests.analytics.compute.test_functions_signatures" name="test_realistic_cli_command" time="0.001" /><testcase classname="tests.analytics.core.plugins.groups.test_plugin_groups" name="test_group_registry_resolve_dependencies_missing_group" time="0.000" /><testcase classname="tests.analytics.core.plugins.data_models.test_usage" name="test_plugin_is_dataclass" time="0.002" /><testcase classname="tests.analytics.core.plugins.data_models.test_usage" name="test_plugin_metadata_is_consistent" time="0.000" /><testcase classname="tests.analytics.core.plugins.data_models.test_usage" name="test_plugin_requires_both_providers" time="0.002" /><testcase classname="tests.analytics.compute.test_graphs_centrality" name="test_metrics_create_all_fields" time="0.000" /><testcase classname="tests.analytics.compute.test_graphs_centrality" name="test_metrics_is_frozen" time="0.001" /><testcase classname="tests.analytics.compute.test_functions_signatures" name="test_parameter_is_frozen" time="0.002" /><testcase classname="tests.analytics.compute.test_functions_signatures" name="test_signature_create_with_all_fields" time="0.000" /><testcase classname="tests.analytics.compute.test_functions_signatures" name="test_signature_is_frozen" time="0.000" /><testcase classname="tests.analytics.compute.test_functions_signatures" name="test_extract_simple_function" time="0.001" /><testcase classname="tests.analytics.compute.test_functions_signatures" name="test_extract_typed_function" time="0.001" /><testcase classname="tests.analytics.compute.test_functions_signatures" name="test_extract_async_function" time="0.000" /><testcase classname="tests.analytics.compute.test_functions_signatures" name="test_extract_no_params" time="0.000" /><testcase classname="tests.analytics.compute.test_functions_signatures" name="test_extract_no_docstring" time="0.000" /><testcase classname="tests.analytics.compute.test_profiles" name="test_aggregates_default_values" time="0.001" /><testcase classname="tests.analytics.compute.test_profiles" name="test_aggregates_custom_values" time="0.000" /><testcase classname="tests.analytics.compute.test_profiles" name="test_metric_create" time="0.000" /><testcase classname="tests.analytics.compute.test_profiles" name="test_aggregate_empty_metrics" time="0.000" /><testcase classname="tests.analytics.compute.test_profiles" name="test_aggregate_single_function" time="0.000" /><testcase classname="tests.analytics.compute.test_profiles" name="test_aggregate_multiple_functions" time="0.000" /><testcase classname="tests.analytics.compute.test_profiles" name="test_aggregate_typedness_counts" time="0.000" /><testcase classname="tests.analytics.compute.test_profiles" name="test_aggregate_complexity_buckets" time="0.000" /><testcase classname="tests.analytics.compute.test_profiles" name="test_aggregate_average_typedness" time="0.000" /><testcase classname="tests.analytics.compute.test_profiles" name="test_aggregate_realistic_codebase" time="0.000" /><testcase classname="tests.analytics.compute.test_profiles" name="test_stats_empty_aggregates" time="0.000" /><testcase classname="tests.analytics.compute.test_profiles" name="test_stats_all_typed" time="0.000" /><testcase classname="tests.analytics.compute.test_profiles" name="test_stats_mixed_typedness" time="0.000" /><testcase classname="tests.analytics.compute.test_profiles" name="test_stats_avg_loc" time="0.000" /><testcase classname="tests.analytics.core.plugins.functions.test_history" name="test_function_history_plugin_metadata_name" time="0.002" /><testcase classname="tests.analytics.core.plugins.functions.test_history" name="test_function_history_plugin_metadata_stage" time="0.000" /><testcase classname="tests.analytics.core.plugins.functions.test_history" name="test_function_history_plugin_metadata_version" time="0.000" /><testcase classname="tests.analytics.core.plugins.functions.test_history" name="test_function_history_plugin_metadata_outputs" time="0.000" /><testcase classname="tests.analytics.core.plugins.functions.test_history" name="test_function_history_plugin_metadata_capabilities_provided" time="0.000" /><testcase classname="tests.analytics.core.plugins.functions.test_history" name="test_function_history_plugin_metadata_tags" time="0.000" /><testcase classname="tests.analytics.core.plugins.functions.test_history" name="test_function_history_plugin_metadata_depends_on" time="0.000" /><testcase classname="tests.analytics.core.plugins.functions.test_history" name="test_validate_inputs_success_with_config" time="0.001" /><testcase classname="tests.analytics.core.plugins.functions.test_history" name="test_validate_inputs_failure_without_config" time="0.001" /><testcase classname="tests.analytics.core.plugins.functions.test_history" name="test_validate_inputs_returns_error_details" time="0.001" /><testcase classname="tests.analytics.compute.test_graphs_centrality" name="test_pagerank_empty_graph" time="0.001" /><testcase classname="tests.analytics.compute.test_graphs_centrality" name="test_pagerank_single_node" time="0.071" /><testcase classname="tests.analytics.core.plugins.groups.test_plugin_groups" name="test_group_registry_get_all_plugins" time="0.000" /><testcase classname="tests.analytics.core.plugins.groups.test_plugin_groups" name="test_group_registry_get_all_plugins_deduplicates" time="0.001" /><testcase classname="tests.analytics.core.plugins.groups.test_plugin_groups" name="test_group_registry_get_all_plugins_respects_dependency_order" time="0.001" /><testcase classname="tests.analytics.core.plugins.groups.test_plugin_groups" name="test_function_plugins_group_defined" time="0.000" /><testcase classname="tests.analytics.core.plugins.groups.test_plugin_groups" name="test_graph_plugins_group_defined" time="0.000" /><testcase classname="tests.analytics.core.plugins.functions.test_ast_features" name="test_plugin_metadata_is_consistent" time="0.002" /><testcase classname="tests.analytics.core.plugins.functions.test_contracts" name="test_contracts_plugin_metadata_name" time="0.000" /><testcase classname="tests.analytics.core.plugins.functions.test_contracts" name="test_contracts_plugin_metadata_stage" time="0.000" /><testcase classname="tests.analytics.core.plugins.functions.test_contracts" name="test_contracts_plugin_metadata_version" time="0.000" /><testcase classname="tests.analytics.core.plugins.functions.test_contracts" name="test_contracts_plugin_metadata_outputs" time="0.000" /><testcase classname="tests.analytics.core.plugins.functions.test_contracts" name="test_contracts_plugin_metadata_capabilities_provided" time="0.001" /><testcase classname="tests.analytics.core.plugins.functions.test_contracts" name="test_contracts_plugin_metadata_tags" time="0.001" /><testcase classname="tests.analytics.core.plugins.functions.test_contracts" name="test_validate_inputs_success_with_config" time="0.001" /><testcase classname="tests.analytics.compute.test_semantic_roles" name="test_context_tag_strings" time="0.000" /><testcase classname="tests.analytics.compute.test_semantic_roles" name="test_accumulator_bump_single" time="0.000" /><testcase classname="tests.analytics.compute.test_semantic_roles" name="test_accumulator_bump_accumulates" time="0.000" /><testcase classname="tests.analytics.compute.test_semantic_roles" name="test_accumulator_bump_with_framework" time="0.000" /><testcase classname="tests.analytics.compute.test_semantic_roles" name="test_accumulator_framework_first_wins" time="0.000" /><testcase classname="tests.analytics.compute.test_semantic_roles" name="test_accumulator_finalize_empty" time="0.000" /><testcase classname="tests.analytics.compute.test_semantic_roles" name="test_accumulator_finalize_below_threshold" time="0.000" /><testcase classname="tests.analytics.compute.test_semantic_roles" name="test_accumulator_finalize_above_threshold" time="0.000" /><testcase classname="tests.analytics.compute.test_semantic_roles" name="test_accumulator_finalize_picks_highest" time="0.000" /><testcase classname="tests.analytics.compute.test_semantic_roles" name="test_accumulator_finalize_caps_confidence" time="0.001" /><testcase classname="tests.analytics.compute.test_semantic_roles" name="test_classify_test_function" time="0.001" /><testcase classname="tests.analytics.compute.test_semantic_roles" name="test_classify_test_prefix" time="0.001" /><testcase classname="tests.analytics.compute.test_semantic_roles" name="test_classify_pytest_fixture" time="0.001" /><testcase classname="tests.analytics.compute.test_semantic_roles" name="test_classify_api_handler" time="0.000" /><testcase classname="tests.analytics.compute.test_semantic_roles" name="test_classify_flask_route" time="0.000" /><testcase classname="tests.analytics.compute.test_dependencies_classification" name="test_severity_score_known_levels[low-1.0]" time="0.002" /><testcase classname="tests.analytics.compute.test_dependencies_classification" name="test_severity_score_known_levels[info-0.5]" time="0.001" /><testcase classname="tests.analytics.compute.test_dependencies_classification" name="test_severity_score_unknown_returns_none" time="0.000" /><testcase classname="tests.analytics.compute.test_dependencies_classification" name="test_severity_score_none_returns_none" time="0.000" /><testcase classname="tests.analytics.compute.test_dependencies_classification" name="test_severity_scores_constant" time="0.000" /><testcase classname="tests.analytics.compute.test_dependencies_classification" name="test_risk_score_calculation[high-3.0-9.0]" time="0.001" /><testcase classname="tests.analytics.compute.test_dependencies_classification" name="test_risk_score_calculation[critical-2.0-8.0]" time="0.001" /><testcase classname="tests.analytics.compute.test_dependencies_classification" name="test_risk_score_calculation[medium-1.5-3.0]" time="0.001" /><testcase classname="tests.analytics.core.test_executor_helpers" name="test_execute_plugin_records_success" time="1.693" /><testcase classname="tests.analytics.pipeline.test_pipeline_core" name="test_result_creation_valid" time="0.002" /><testcase classname="tests.analytics.pipeline.test_pipeline_core" name="test_result_creation_with_violations" time="0.001" /><testcase classname="tests.analytics.core.plugins.test_plugins_tests.test_behavioral_coverage" name="test_validate_inputs_failure_without_config" time="0.003" /><testcase classname="tests.analytics.core.plugins.test_plugins_tests.test_behavioral_coverage" name="test_validate_inputs_with_callable_llm_runner" time="0.001" /><testcase classname="tests.analytics.core.plugins.test_plugins_tests.test_behavioral_coverage" name="test_validate_inputs_with_non_callable_llm_runner" time="0.001" /><testcase classname="tests.analytics.core.plugins.test_plugins_tests.test_behavioral_coverage" name="test_validate_inputs_returns_error_details" time="0.001" /><testcase classname="tests.analytics.core.plugins.test_plugins_tests.test_behavioral_coverage" name="test_execute_fails_without_config" time="0.002" /><testcase classname="tests.analytics.core.plugins.test_plugins_tests.test_behavioral_coverage" name="test_execute_fails_with_non_callable_llm_runner" time="0.004" /><testcase classname="tests.analytics.core.plugins.test_plugins_tests.test_behavioral_coverage" name="test_plugin_is_dataclass" time="0.001" /><testcase classname="tests.analytics.core.plugins.test_plugins_tests.test_behavioral_coverage" name="test_plugin_metadata_is_consistent" time="0.000" /><testcase classname="tests.analytics.core.test_base_plugins" name="test_resolved_config_initial_state" time="0.000" /><testcase classname="tests.analytics.core.test_base_plugins" name="test_resolved_config_set" time="0.000" /><testcase classname="tests.analytics.core.plugins.functions.test_history" name="test_execute_fails_without_config" time="0.001" /><testcase classname="tests.analytics.core.plugins.functions.test_contracts" name="test_validate_inputs_failure_without_config" time="0.001" /><testcase classname="tests.analytics.core.plugins.functions.test_contracts" name="test_validate_inputs_returns_error_details" time="0.002" /><testcase classname="tests.analytics.core.plugins.functions.test_contracts" name="test_execute_fails_without_config" time="0.001" /><testcase classname="tests.analytics.core.plugins.functions.test_contracts" name="test_execute_fails_without_ast_provider" time="0.001" /><testcase classname="tests.analytics.core.plugins.functions.test_contracts" name="test_execute_fails_without_catalog_provider" time="0.002" /><testcase classname="tests.analytics.core.plugins.dependencies.test_external" name="test_external_deps_plugin_metadata_name" time="0.001" /><testcase classname="tests.analytics.core.plugins.dependencies.test_external" name="test_external_deps_plugin_metadata_stage" time="0.000" /><testcase classname="tests.analytics.core.plugins.dependencies.test_external" name="test_external_deps_plugin_metadata_version" time="0.000" /><testcase classname="tests.analytics.core.plugins.dependencies.test_external" name="test_external_deps_plugin_metadata_outputs" time="0.000" /><testcase classname="tests.analytics.core.plugins.dependencies.test_external" name="test_external_deps_plugin_metadata_capabilities_provided" time="0.000" /><testcase classname="tests.analytics.core.plugins.dependencies.test_external" name="test_external_deps_plugin_metadata_tags" time="0.000" /><testcase classname="tests.analytics.core.plugins.dependencies.test_external" name="test_validate_inputs_success_with_config" time="0.002" /><testcase classname="tests.analytics.core.plugins.dependencies.test_external" name="test_validate_inputs_failure_without_config" time="0.001" /><testcase classname="tests.analytics.core.plugins.dependencies.test_external" name="test_execute_fails_without_config" time="0.001" /><testcase classname="tests.analytics.core.plugins.dependencies.test_external" name="test_execute_fails_without_catalog" time="0.001" /><testcase classname="tests.analytics.core.plugins.groups.test_plugin_groups" name="test_risk_plugins_group_defined" time="0.000" /><testcase classname="tests.analytics.core.plugins.groups.test_plugin_groups" name="test_all_groups_contains_expected_groups" time="0.001" /><testcase classname="tests.analytics.core.plugins.groups.test_plugin_groups" name="test_plugin_group_with_declaration_order" time="0.000" /><testcase classname="tests.analytics.core.plugins.groups.test_plugin_groups" name="test_plugin_group_disabled" time="0.000" /><testcase classname="tests.analytics.core.plugins.groups.test_plugin_groups" name="test_group_registry_empty" time="0.000" /><testcase classname="tests.analytics.core.plugins.groups.test_plugin_groups" name="test_group_registry_overwrite_group" time="0.000" /><testcase classname="tests.analytics.core.plugins.profiles.test_build" name="test_profiles_plugin_metadata_name" time="0.001" /><testcase classname="tests.analytics.core.plugins.profiles.test_build" name="test_profiles_plugin_metadata_stage" time="0.001" /><testcase classname="tests.analytics.core.plugins.profiles.test_build" name="test_profiles_plugin_metadata_version" time="0.000" /><testcase classname="tests.analytics.core.plugins.profiles.test_build" name="test_profiles_plugin_metadata_outputs" time="0.000" /><testcase classname="tests.analytics.core.plugins.profiles.test_build" name="test_profiles_plugin_metadata_capabilities_provided" time="0.000" /><testcase classname="tests.analytics.core.plugins.profiles.test_build" name="test_profiles_plugin_metadata_tags" time="0.000" /><testcase classname="tests.analytics.core.plugins.profiles.test_build" name="test_profiles_plugin_metadata_depends_on" time="0.000" /><testcase classname="tests.analytics.core.plugins.profiles.test_build" name="test_validate_inputs_success_with_config" time="0.001" /><testcase classname="tests.analytics.compute.test_profiles" name="test_stats_all_present" time="0.001" /><testcase classname="tests.analytics.compute.test_profiles" name="test_features_create" time="0.000" /><testcase classname="tests.analytics.compute.test_profiles" name="test_features_is_frozen" time="0.000" /><testcase classname="tests.analytics.compute.test_profiles" name="test_extract_small_simple_typed" time="0.000" /><testcase classname="tests.analytics.compute.test_profiles" name="test_extract_large_complex_untyped" time="0.000" /><testcase classname="tests.analytics.compute.test_profiles" name="test_extract_medium_moderate_partial" time="0.000" /><testcase classname="tests.analytics.compute.test_profiles" name="test_quality_score_bounds" time="0.000" /><testcase classname="tests.analytics.compute.test_profiles" name="test_quality_score_weights" time="0.000" /><testcase classname="tests.analytics.compute.test_profiles" name="test_threshold_constants" time="0.000" /><testcase classname="tests.analytics.compute.test_profiles" name="test_size_boundary_small_medium" time="0.000" /><testcase classname="tests.analytics.compute.test_profiles" name="test_size_boundary_medium_large" time="0.000" /><testcase classname="tests.analytics.compute.test_profiles" name="test_complexity_boundary" time="0.001" /><testcase classname="tests.analytics.compute.test_profiles" name="test_typedness_boundary" time="0.000" /><testcase classname="tests.analytics.compute.test_profiles" name="test_complexity_normalization" time="0.000" /><testcase classname="tests.analytics.compute.test_profiles" name="test_aggregate_then_extract" time="0.001" /><testcase classname="tests.analytics.compute.test_profiles" name="test_realistic_codebase_features" time="0.000" /><testcase classname="tests.analytics.compute.test_semantic_roles" name="test_context_name_property" time="0.000" /><testcase classname="tests.analytics.core.test_base_plugins" name="test_resolved_config_get" time="0.000" /><testcase classname="tests.analytics.core.test_base_plugins" name="test_resolved_config_get_not_resolved_raises" time="0.001" /><testcase classname="tests.analytics.core.test_base_plugins" name="test_resolved_config_get_or_none_resolved" time="0.000" /><testcase classname="tests.analytics.core.test_base_plugins" name="test_resolved_config_get_or_none_not_resolved" time="0.000" /><testcase classname="tests.analytics.core.test_base_plugins" name="test_base_plugin_metadata" time="0.000" /><testcase classname="tests.analytics.core.test_base_plugins" name="test_base_plugin_metadata_defaults_name_to_class" time="0.001" /><testcase classname="tests.analytics.core.test_base_plugins" name="test_base_plugin_validate_inputs_default" time="0.001" /><testcase classname="tests.analytics.compute.test_semantic_roles" name="test_classify_other" time="0.002" /><testcase classname="tests.analytics.compute.test_dependencies_classification" name="test_risk_score_calculation[low-4.0-4.0]" time="0.001" /><testcase classname="tests.analytics.compute.test_dependencies_classification" name="test_risk_score_calculation[info-2.0-1.0]" time="0.001" /><testcase classname="tests.analytics.compute.test_dependencies_classification" name="test_risk_score_none_severity" time="0.000" /><testcase classname="tests.analytics.compute.test_dependencies_classification" name="test_risk_score_none_criticality" time="0.001" /><testcase classname="tests.analytics.compute.test_dependencies_classification" name="test_risk_score_unknown_severity" time="0.001" /><testcase classname="tests.analytics.compute.test_dependencies_classification" name="test_risk_score_zero_criticality" time="0.000" /><testcase classname="tests.analytics.compute.test_dependencies_classification" name="test_risk_level_admin_mode_is_high" time="0.000" /><testcase classname="tests.analytics.compute.test_semantic_roles" name="test_modules_classify_empty" time="0.000" /><testcase classname="tests.analytics.compute.test_semantic_roles" name="test_modules_classify_from_tags" time="0.000" /><testcase classname="tests.analytics.compute.test_semantic_roles" name="test_modules_classify_from_functions" time="0.000" /><testcase classname="tests.analytics.compute.test_semantic_roles" name="test_modules_classify_ignores_other" time="0.000" /><testcase classname="tests.analytics.compute.test_semantic_roles" name="test_modules_classify_below_threshold" time="0.000" /><testcase classname="tests.analytics.compute.test_semantic_roles" name="test_modules_classify_multiple" time="0.000" /><testcase classname="tests.analytics.compute.test_semantic_roles" name="test_decorator_names_empty" time="0.000" /><testcase classname="tests.analytics.compute.test_semantic_roles" name="test_decorator_names_simple" time="0.000" /><testcase classname="tests.analytics.compute.test_semantic_roles" name="test_decorator_names_attribute" time="0.000" /><testcase classname="tests.analytics.compute.test_semantic_roles" name="test_decorator_names_call" time="0.000" /><testcase classname="tests.analytics.compute.test_semantic_roles" name="test_decorator_names_multiple" time="0.001" /><testcase classname="tests.analytics.functions.test_function_effects" name="test_effect_analysis_randomness_effect" time="0.003" /><testcase classname="tests.analytics.functions.test_function_effects" name="test_effect_analysis_global_modification" time="0.000" /><testcase classname="tests.analytics.compute.test_semantic_roles" name="test_classify_cli_click" time="0.000" /><testcase classname="tests.analytics.compute.test_semantic_roles" name="test_classify_cli_typer" time="0.001" /><testcase classname="tests.analytics.compute.test_semantic_roles" name="test_classify_cli_path" time="0.000" /><testcase classname="tests.analytics.compute.test_semantic_roles" name="test_classify_repository" time="0.000" /><testcase classname="tests.analytics.compute.test_semantic_roles" name="test_classify_service" time="0.000" /><testcase classname="tests.analytics.compute.test_semantic_roles" name="test_classify_validator" time="0.000" /><testcase classname="tests.analytics.compute.test_semantic_roles" name="test_classify_validator_by_name[validate]" time="0.001" /><testcase classname="tests.analytics.compute.test_semantic_roles" name="test_classify_validator_by_name[check]" time="0.001" /><testcase classname="tests.analytics.compute.test_semantic_roles" name="test_classify_validator_by_name[ensure]" time="0.001" /><testcase classname="tests.analytics.compute.test_semantic_roles" name="test_constants_role_threshold_positive" time="0.000" /><testcase classname="tests.analytics.compute.test_semantic_roles" name="test_constants_service_fan_thresholds_positive" time="0.000" /><testcase classname="tests.analytics.compute.test_semantic_roles" name="test_constants_helper_loc_threshold_positive" time="0.000" /><testcase classname="tests.analytics.core.plugins.config_data_flow.test_compute" name="test_config_data_flow_plugin_metadata_name" time="0.001" /><testcase classname="tests.analytics.core.plugins.config_data_flow.test_compute" name="test_config_data_flow_plugin_metadata_stage" time="0.000" /><testcase classname="tests.analytics.core.plugins.config_data_flow.test_compute" name="test_config_data_flow_plugin_metadata_version" time="0.000" /><testcase classname="tests.analytics.core.plugins.config_data_flow.test_compute" name="test_config_data_flow_plugin_metadata_outputs" time="0.001" /><testcase classname="tests.analytics.core.plugins.config_data_flow.test_compute" name="test_config_data_flow_plugin_metadata_capabilities_provided" time="0.001" /><testcase classname="tests.analytics.core.test_builders" name="test_builder_version" time="0.002" /><testcase classname="tests.analytics.core.test_builders" name="test_builder_enabled_by_default" time="0.001" /><testcase classname="tests.analytics.core.test_builders" name="test_builder_severity" time="0.000" /><testcase classname="tests.analytics.core.test_builders" name="test_builder_input_from_type" time="0.000" /><testcase classname="tests.analytics.core.test_builders" name="test_builder_input_from_spec" time="0.000" /><testcase classname="tests.analytics.core.test_builders" name="test_builder_output_from_table_name" time="0.000" /><testcase classname="tests.analytics.core.test_builders" name="test_builder_output_from_spec" time="0.000" /><testcase classname="tests.analytics.core.test_builders" name="test_builder_provides_from_strings" time="0.000" /><testcase classname="tests.analytics.compute.test_dependencies_classification" name="test_risk_level_write_mode_is_high" time="0.000" /><testcase classname="tests.analytics.compute.test_dependencies_classification" name="test_risk_level_mixed_modes_with_write_is_high" time="0.000" /><testcase classname="tests.analytics.compute.test_dependencies_classification" name="test_risk_level_many_callsites_is_medium" time="0.000" /><testcase classname="tests.analytics.compute.test_dependencies_classification" name="test_risk_level_above_threshold_is_medium" time="0.001" /><testcase classname="tests.analytics.compute.test_dependencies_classification" name="test_risk_level_few_callsites_is_low" time="0.000" /><testcase classname="tests.analytics.core.plugins.data_models.test_build" name="test_data_models_plugin_metadata_capabilities_provided" time="0.000" /><testcase classname="tests.analytics.core.plugins.data_models.test_build" name="test_data_models_plugin_metadata_tags" time="0.001" /><testcase classname="tests.analytics.core.plugins.profiles.test_build" name="test_validate_inputs_failure_without_config" time="0.001" /><testcase classname="tests.analytics.core.plugins.profiles.test_build" name="test_validate_inputs_returns_error_details" time="0.002" /><testcase classname="tests.analytics.core.plugins.profiles.test_build" name="test_execute_fails_without_config" time="0.001" /><testcase classname="tests.analytics.core.test_registry" name="test_plugin_decorator_simple" time="0.017" /><testcase classname="tests.analytics.core.test_registry" name="test_plugin_decorator_with_capabilities" time="0.003" /><testcase classname="tests.analytics.core.test_registry" name="test_decorated_plugin_executes" time="1.651" /><testcase classname="tests.analytics.functions.test_function_effects" name="test_effect_analysis_closure_modification" time="0.000" /><testcase classname="tests.analytics.functions.test_function_effects" name="test_effect_analysis_thread_spawn" time="0.000" /><testcase classname="tests.analytics.functions.test_function_effects" name="test_effect_analysis_multiple_effects" time="0.000" /><testcase classname="tests.analytics.functions.test_function_effects" name="test_effect_analysis_immutable" time="0.001" /><testcase classname="tests.analytics.functions.test_function_effects" name="test_effect_analysis_evidence_structure" time="0.000" /><testcase classname="tests.analytics.functions.test_function_effects" name="test_function_effects_inputs_defaults" time="0.000" /><testcase classname="tests.analytics.functions.test_function_effects" name="test_function_effects_inputs_with_ast_map" time="0.000" /><testcase classname="tests.analytics.core.plugins.risk.test_factors" name="test_risk_factors_plugin_metadata_capabilities_provided" time="0.002" /><testcase classname="tests.analytics.core.plugins.risk.test_factors" name="test_risk_factors_plugin_metadata_tags" time="0.000" /><testcase classname="tests.analytics.core.plugins.risk.test_factors" name="test_risk_factors_plugin_metadata_depends_on" time="0.000" /><testcase classname="tests.analytics.core.plugins.risk.test_factors" name="test_validate_inputs_always_succeeds" time="0.001" /><testcase classname="tests.analytics.compute.test_functions_signatures" name="test_extract_non_function_node" time="0.001" /><testcase classname="tests.analytics.compute.test_functions_signatures" name="test_extract_method_with_self" time="0.000" /><testcase classname="tests.analytics.compute.test_functions_signatures" name="test_extract_classmethod" time="0.000" /><testcase classname="tests.analytics.compute.test_functions_signatures" name="test_extract_staticmethod" time="0.000" /><testcase classname="tests.analytics.compute.test_functions_signatures" name="test_extract_property" time="0.000" /><testcase classname="tests.analytics.compute.test_functions_signatures" name="test_extract_simple_decorator" time="0.000" /><testcase classname="tests.analytics.compute.test_functions_signatures" name="test_extract_multiple_decorators" time="0.001" /><testcase classname="tests.analytics.compute.test_functions_signatures" name="test_extract_attribute_decorator" time="0.000" /><testcase classname="tests.analytics.compute.test_functions_signatures" name="test_extract_call_decorator" time="0.000" /><testcase classname="tests.analytics.compute.test_functions_signatures" name="test_extract_positional_or_keyword_param" time="0.000" /><testcase classname="tests.analytics.recipes.test_recipe_registry" name="test_registry_get" time="0.006" /><testcase classname="tests.analytics.recipes.test_recipe_registry" name="test_registry_get_not_found" time="0.001" /><testcase classname="tests.analytics.recipes.test_recipe_registry" name="test_registry_get_optional" time="0.001" /><testcase classname="tests.analytics.recipes.test_recipe_registry" name="test_registry_get_optional_not_found" time="0.000" /><testcase classname="tests.analytics.recipes.test_recipe_registry" name="test_registry_unregister" time="0.001" /><testcase classname="tests.analytics.recipes.test_recipe_registry" name="test_registry_unregister_nonexistent" time="0.001" /><testcase classname="tests.analytics.recipes.test_recipe_registry" name="test_registry_unregister_removes_from_tags" time="0.001" /><testcase classname="tests.analytics.compute.test_semantic_roles" name="test_classify_validator_by_name[assert]" time="0.001" /><testcase classname="tests.analytics.compute.test_semantic_roles" name="test_classify_config_loader" time="0.000" /><testcase classname="tests.analytics.compute.test_semantic_roles" name="test_classify_helper" time="0.001" /><testcase classname="tests.analytics.compute.test_dependencies_classification" name="test_risk_level_empty_modes_is_low" time="0.000" /><testcase classname="tests.analytics.compute.test_dependencies_classification" name="test_callsite_threshold_constant" time="0.000" /><testcase classname="tests.analytics.compute.test_graphs_centrality" name="test_dense_graph_metrics" time="0.001" /><testcase classname="tests.analytics.compute.test_graphs_statistics" name="test_statistics_create_all_fields" time="0.000" /><testcase classname="tests.analytics.compute.test_graphs_statistics" name="test_statistics_is_frozen" time="0.001" /><testcase classname="tests.analytics.compute.test_functions_signatures" name="test_extract_positional_only_param" time="0.001" /><testcase classname="tests.analytics.compute.test_functions_signatures" name="test_extract_var_positional_param" time="0.000" /><testcase classname="tests.analytics.core.plugins.data_models.test_build" name="test_data_models_plugin_metadata_depends_on" time="0.000" /><testcase classname="tests.analytics.core.plugins.data_models.test_build" name="test_validate_inputs_success_with_config" time="0.001" /><testcase classname="tests.analytics.core.plugins.data_models.test_build" name="test_validate_inputs_failure_without_config" time="0.001" /><testcase classname="tests.analytics.core.plugins.data_models.test_build" name="test_validate_inputs_returns_error_details" time="0.001" /><testcase classname="tests.analytics.core.plugins.data_models.test_build" name="test_execute_fails_without_config" time="0.001" /><testcase classname="tests.analytics.resources.test_provider_factory" name="test_make_ast_provider" time="0.002" /><testcase classname="tests.analytics.resources.test_provider_factory" name="test_make_ast_provider_with_max_functions" time="0.001" /><testcase classname="tests.analytics.resources.test_provider_factory" name="test_make_ast_provider_uses_factory_option" time="0.001" /><testcase classname="tests.analytics.resources.test_provider_factory" name="test_make_features_provider" time="0.001" /><testcase classname="tests.analytics.resources.test_provider_factory" name="test_make_features_provider_with_max_functions" time="0.001" /><testcase classname="tests.analytics.resources.test_provider_factory" name="test_make_module_map_provider" time="0.001" /><testcase classname="tests.analytics.resources.test_provider_factory" name="test_make_module_map_provider_with_language" time="0.001" /><testcase classname="tests.analytics.resources.test_provider_factory" name="test_make_module_map_provider_uses_factory_option" time="0.001" /><testcase classname="tests.analytics.resources.test_provider_factory" name="test_clear_cache" time="0.002" /><testcase classname="tests.analytics.resources.test_resource_registry" name="test_resource_registry_empty" time="0.000" /><testcase classname="tests.analytics.resources.test_resource_registry" name="test_resource_registry_register" time="0.000" /><testcase classname="tests.analytics.resources.test_resource_registry" name="test_resource_registry_register_duplicate_raises" time="0.001" /><testcase classname="tests.analytics.resources.test_resource_registry" name="test_resource_registry_get" time="0.000" /><testcase classname="tests.analytics.resources.test_resource_registry" name="test_resource_registry_get_not_found_raises" time="0.000" /><testcase classname="tests.analytics.resources.test_resource_registry" name="test_resource_registry_get_or_none" time="0.000" /><testcase classname="tests.analytics.compute.test_graphs_statistics" name="test_stats_empty_graph" time="0.001" /><testcase classname="tests.analytics.core.plugins.config_data_flow.test_compute" name="test_config_data_flow_plugin_metadata_tags" time="0.001" /><testcase classname="tests.analytics.core.plugins.config_data_flow.test_compute" name="test_config_data_flow_plugin_metadata_depends_on" time="0.001" /><testcase classname="tests.analytics.core.plugins.config_data_flow.test_compute" name="test_validate_inputs_success_with_config" time="0.002" /><testcase classname="tests.analytics.core.plugins.config_data_flow.test_compute" name="test_validate_inputs_failure_without_config" time="0.001" /><testcase classname="tests.analytics.core.plugins.config_data_flow.test_compute" name="test_validate_inputs_returns_error_details" time="0.002" /><testcase classname="tests.analytics.core.plugins.config_data_flow.test_compute" name="test_execute_fails_without_config" time="0.001" /><testcase classname="tests.analytics.core.test_plugin_registration" name="test_plan_unknown_plugin_raises" time="0.017" /><testcase classname="tests.analytics.core.test_recipes" name="test_create_minimal_recipe" time="0.001" /><testcase classname="tests.analytics.core.test_recipes" name="test_recipe_with_plugins_is_immutable" time="0.000" /><testcase classname="tests.analytics.core.test_recipes" name="test_recipe_with_config_returns_new_instance" time="0.000" /><testcase classname="tests.analytics.core.test_recipes" name="test_recipe_with_fail_fast_returns_new_instance[case0]" time="0.001" /><testcase classname="tests.analytics.core.test_recipes" name="test_recipe_with_fail_fast_returns_new_instance[case1]" time="0.001" /><testcase classname="tests.analytics.core.test_recipes" name="test_create_empty_scope" time="0.000" /><testcase classname="tests.analytics.core.test_recipes" name="test_create_scope_with_paths_and_modules" time="0.000" /><testcase classname="tests.analytics.core.test_recipes" name="test_register_and_get_recipe" time="0.001" /><testcase classname="tests.analytics.core.test_recipes" name="test_register_duplicate_raises" time="0.001" /><testcase classname="tests.analytics.core.test_recipes" name="test_get_unknown_raises" time="0.001" /><testcase classname="tests.analytics.core.test_recipes" name="test_get_optional_unknown_returns_none" time="0.001" /><testcase classname="tests.analytics.core.test_recipes" name="test_list_by_tag_filters_recipes" time="0.001" /><testcase classname="tests.analytics.core.test_recipes" name="test_compose_recipes_deduplicates_plugins_and_merges_tags" time="0.000" /><testcase classname="tests.analytics.core.test_recipes" name="test_recipe_builder_variations[case0]" time="0.001" /><testcase classname="tests.analytics.core.test_recipes" name="test_recipe_builder_variations[case1]" time="0.001" /><testcase classname="tests.analytics.core.test_recipes" name="test_recipe_builder_variations[case2]" time="0.001" /><testcase classname="tests.analytics.core.test_recipes" name="test_recipe_builder_variations[case3]" time="0.000" /><testcase classname="tests.analytics.core.test_recipes" name="test_recipe_function_creates_builder" time="0.000" /><testcase classname="tests.analytics.compute.test_semantic_roles" name="test_classify_module_tags" time="0.001" /><testcase classname="tests.analytics.core.test_builders" name="test_builder_provides_from_capability" time="0.000" /><testcase classname="tests.analytics.core.test_builders" name="test_builder_requires_from_strings" time="0.000" /><testcase classname="tests.analytics.core.test_builders" name="test_builder_requires_from_capability" time="0.000" /><testcase classname="tests.analytics.core.test_builders" name="test_builder_depends_on" time="0.000" /><testcase classname="tests.analytics.core.test_builders" name="test_builder_resources" time="0.000" /><testcase classname="tests.analytics.core.test_builders" name="test_builder_isolate_process" time="0.000" /><testcase classname="tests.analytics.core.test_builders" name="test_builder_isolate_thread" time="0.000" /><testcase classname="tests.analytics.core.test_builders" name="test_builder_tag" time="0.000" /><testcase classname="tests.analytics.core.test_builders" name="test_builder_chaining" time="0.000" /><testcase classname="tests.analytics.core.test_builders" name="test_plugin_spec_create" time="0.000" /><testcase classname="tests.analytics.core.test_builders" name="test_plugin_spec_create_builds_valid_metadata" time="0.000" /><testcase classname="tests.analytics.core.test_builders" name="test_builder_multiple_inputs" time="0.000" /><testcase classname="tests.analytics.core.test_builders" name="test_builder_multiple_outputs" time="0.000" /><testcase classname="tests.analytics.core.test_builders" name="test_builder_output_with_custom_name" time="0.001" /><testcase classname="tests.analytics.core.test_contract_helpers" name="test_builds_contracts_from_metadata_outputs" time="0.001" /><testcase classname="tests.analytics.core.test_contract_helpers" name="test_prefers_explicit_output_contracts" time="0.001" /><testcase classname="tests.analytics.core.test_contract_helpers" name="test_returns_empty_when_no_contracts_available" time="0.001" /><testcase classname="tests.analytics.core.test_executor_contracts" name="test_contracts_cached_per_plugin_name" time="0.001" /><testcase classname="tests.analytics.core.test_executor_contracts" name="test_contracts_empty_when_no_outputs_or_explicit" time="0.000" /><testcase classname="tests.analytics.core.test_executor_contracts" name="test_contracts_not_rebuilt_after_cache_fill" time="0.000" /><testcase classname="tests.analytics.core.test_executor_contracts" name="test_execute_populates_contract_results_for_metadata_contracts" time="6.189" /><testcase classname="tests.analytics.core.test_base_plugins" name="test_base_plugin_execute_success" time="0.001" /><testcase classname="tests.analytics.core.test_base_plugins" name="test_base_plugin_execute_failure" time="0.004" /><testcase classname="tests.analytics.core.test_base_plugins" name="test_base_plugin_build_input_specs_default" time="0.000" /><testcase classname="tests.analytics.core.test_base_plugins" name="test_table_writer_output_specs" time="0.000" /><testcase classname="tests.analytics.core.test_base_plugins" name="test_table_writer_execute_success" time="0.001" /><testcase classname="tests.analytics.core.test_base_plugins" name="test_table_writer_execute_failure" time="0.001" /><testcase classname="tests.analytics.core.test_base_plugins" name="test_table_writer_with_contract_specs" time="0.001" /><testcase classname="tests.analytics.core.test_base_plugins" name="test_table_writer_empty_output_tables" time="0.001" /><testcase classname="tests.analytics.core.test_builders" name="test_plugin_meta_section_defaults" time="0.000" /><testcase classname="tests.analytics.core.test_builders" name="test_plugin_meta_section_custom_values" time="0.000" /><testcase classname="tests.analytics.core.test_builders" name="test_plugin_contracts_section_defaults" time="0.000" /><testcase classname="tests.analytics.core.test_builders" name="test_plugin_runtime_section_defaults" time="0.000" /><testcase classname="tests.analytics.resources.test_graph_provider" name="test_provider_cfg_graph_property" time="0.003" /><testcase classname="tests.analytics.resources.test_graph_provider" name="test_provider_runtime_property" time="0.000" /><testcase classname="tests.analytics.resources.test_graph_provider" name="test_provider_backend_property" time="0.001" /><testcase classname="tests.analytics.resources.test_graph_provider" name="test_provider_use_gpu_property" time="0.000" /><testcase classname="tests.analytics.resources.test_graph_provider" name="test_provider_use_gpu_false_by_default" time="0.000" /><testcase classname="tests.analytics.resources.test_graph_provider" name="test_provider_backend_none_when_no_runtime" time="0.000" /><testcase classname="tests.analytics.resources.test_graph_provider" name="test_provider_without_runtime_raises_on_load" time="0.001" /><testcase classname="tests.analytics.resources.test_graph_provider" name="test_provider_get_or_none_returns_none_on_error" time="0.000" /><testcase classname="tests.analytics.resources.test_graph_provider" name="test_single_graph_loads_call_graph" time="0.000" /><testcase classname="tests.analytics.resources.test_graph_provider" name="test_single_graph_raises_if_unavailable" time="0.000" /><testcase classname="tests.analytics.resources.test_graph_provider" name="test_single_graph_resource_name" time="0.000" /><testcase classname="tests.analytics.resources.test_graph_provider" name="test_single_graph_caches_result" time="0.000" /><testcase classname="tests.analytics.resources.test_graph_provider" name="test_single_graph_invalidate" time="0.000" /><testcase classname="tests.analytics.resources.test_provider_factory" name="test_provider_factory_options_defaults" time="0.000" /><testcase classname="tests.analytics.resources.test_provider_factory" name="test_provider_factory_options_custom" time="0.001" /><testcase classname="tests.analytics.resources.test_provider_factory" name="test_provider_factory_init" time="0.001" /><testcase classname="tests.analytics.resources.test_provider_factory" name="test_provider_factory_with_options" time="0.001" /><testcase classname="tests.analytics.resources.test_provider_factory" name="test_create_registry_default" time="0.001" /><testcase classname="tests.analytics.resources.test_provider_factory" name="test_create_registry_no_graphs" time="0.001" /><testcase classname="tests.analytics.resources.test_provider_factory" name="test_create_registry_no_catalog" time="0.002" /><testcase classname="tests.analytics.resources.test_provider_factory" name="test_create_registry_with_asts" time="0.001" /><testcase classname="tests.analytics.compute.test_graphs_statistics" name="test_stats_single_node" time="0.002" /><testcase classname="tests.analytics.compute.test_graphs_statistics" name="test_stats_simple_dag_is_dag" time="0.001" /><testcase classname="tests.analytics.compute.test_graphs_statistics" name="test_stats_cycle_is_not_dag" time="0.001" /><testcase classname="tests.analytics.compute.test_graphs_statistics" name="test_stats_node_and_edge_counts" time="0.001" /><testcase classname="tests.analytics.compute.test_graphs_statistics" name="test_stats_density_calculation" time="0.001" /><testcase classname="tests.analytics.compute.test_graphs_statistics" name="test_stats_average_degrees" time="0.000" /><testcase classname="tests.analytics.compute.test_graphs_statistics" name="test_stats_multiple_components" time="0.001" /><testcase classname="tests.analytics.compute.test_graphs_statistics" name="test_stats_strongly_connected_graph" time="0.001" /><testcase classname="tests.analytics.compute.test_graphs_statistics" name="test_stats_realistic_call_graph" time="0.001" /><testcase classname="tests.analytics.compute.test_graphs_statistics" name="test_in_degrees_empty_graph" time="0.001" /><testcase classname="tests.analytics.compute.test_graphs_statistics" name="test_in_degrees_simple_chain" time="0.001" /><testcase classname="tests.analytics.compute.test_graphs_statistics" name="test_in_degrees_star_graph" time="0.001" /><testcase classname="tests.analytics.compute.test_graphs_statistics" name="test_out_degrees_empty_graph" time="0.001" /><testcase classname="tests.analytics.compute.test_graphs_statistics" name="test_out_degrees_simple_chain" time="0.000" /><testcase classname="tests.analytics.compute.test_graphs_statistics" name="test_out_degrees_star_graph" time="0.001" /><testcase classname="tests.analytics.compute.test_graphs_statistics" name="test_degrees_empty_graph" time="0.001" /><testcase classname="tests.analytics.compute.test_graphs_statistics" name="test_degrees_simple_path" time="0.001" /><testcase classname="tests.analytics.compute.test_graphs_statistics" name="test_degrees_triangle" time="0.000" /><testcase classname="tests.analytics.compute.test_graphs_statistics" name="test_in_degree_values_empty_graph" time="0.000" /><testcase classname="tests.analytics.compute.test_graphs_statistics" name="test_in_degree_values_only" time="0.000" /><testcase classname="tests.analytics.compute.test_graphs_statistics" name="test_out_degree_values_empty_graph" time="0.000" /><testcase classname="tests.analytics.core.test_registry" name="test_register_plugins[plugins_to_register0]" time="0.013" /><testcase classname="tests.analytics.core.test_registry" name="test_register_plugins[plugins_to_register1]" time="0.012" /><testcase classname="tests.analytics.core.test_registry" name="test_register_duplicate_raises" time="0.001" /><testcase classname="tests.analytics.core.test_registry" name="test_get_unknown_plugin_raises" time="0.009" /><testcase classname="tests.analytics.core.test_registry" name="test_list_all_plugins" time="0.009" /><testcase classname="tests.analytics.resources.test_resource_registry" name="test_resource_registry_clear" time="0.005" /><testcase classname="tests.analytics.resources.test_resource_registry" name="test_resource_registry_registered_types" time="0.000" /><testcase classname="tests.analytics.resources.test_resource_registry" name="test_resource_not_found_error" time="0.000" /><testcase classname="tests.analytics.resources.test_resource_registry" name="test_resource_not_loaded_error" time="0.001" /><testcase classname="tests.analytics.resources.test_resource_registry" name="test_resource_not_loaded_error_no_reason" time="0.000" /><testcase classname="tests.analytics.resources.test_resource_registry" name="test_resource_error_hierarchy" time="0.000" /><testcase classname="tests.analytics.resources.test_resource_registry" name="test_mock_provider_protocol_compliance" time="0.000" /><testcase classname="tests.analytics.resources.test_resource_registry" name="test_resource_registry_multiple_registrations" time="0.001" /><testcase classname="tests.analytics.recipes.test_recipe_registry" name="test_registry_list_all" time="0.001" /><testcase classname="tests.analytics.recipes.test_recipe_registry" name="test_registry_list_names" time="0.001" /><testcase classname="tests.analytics.recipes.test_recipe_registry" name="test_registry_list_tags" time="0.001" /><testcase classname="tests.analytics.recipes.test_recipe_registry" name="test_registry_list_by_tag" time="0.001" /><testcase classname="tests.analytics.recipes.test_recipe_registry" name="test_registry_list_by_tag_unknown" time="0.000" /><testcase classname="tests.analytics.recipes.test_recipe_registry" name="test_registry_compose" time="0.001" /><testcase classname="tests.analytics.recipes.test_recipe_registry" name="test_registry_compose_with_instances" time="0.001" /><testcase classname="tests.analytics.recipes.test_recipe_registry" name="test_registry_compose_deduplicates_plugins" time="0.000" /><testcase classname="tests.analytics.recipes.test_recipe_registry" name="test_registry_compose_merges_tags" time="0.000" /><testcase classname="tests.analytics.recipes.test_recipe_registry" name="test_global_registry_singleton" time="0.000" /><testcase classname="tests.analytics.recipes.test_recipe_registry" name="test_global_registry_reset" time="0.000" /><testcase classname="tests.analytics.recipes.test_recipe_registry" name="test_global_registry_has_builtins" time="0.000" /><testcase classname="tests.analytics.recipes.test_recipe_registry" name="test_register_recipe_function" time="0.000" /><testcase classname="tests.analytics.resources.test_graph_provider" name="test_graph_resources_empty" time="0.000" /><testcase classname="tests.analytics.resources.test_graph_provider" name="test_graph_resources_with_graphs" time="0.001" /><testcase classname="tests.analytics.resources.test_graph_provider" name="test_provider_from_runtime" time="0.000" /><testcase classname="tests.analytics.resources.test_graph_provider" name="test_provider_loads_on_get" time="0.000" /><testcase classname="tests.analytics.resources.test_graph_provider" name="test_provider_caches_resources" time="0.000" /><testcase classname="tests.analytics.resources.test_graph_provider" name="test_provider_invalidate_clears_cache" time="0.000" /><testcase classname="tests.analytics.resources.test_graph_provider" name="test_provider_call_graph_property" time="0.000" /><testcase classname="tests.analytics.resources.test_graph_provider" name="test_provider_import_graph_property" time="0.001" /><testcase classname="tests.analytics.resources.test_graph_provider" name="test_provider_symbol_module_graph_property" time="0.001" /><testcase classname="tests.analytics.resources.test_graph_provider" name="test_provider_symbol_function_graph_property" time="0.000" /><testcase classname="tests.analytics.resources.test_graph_provider" name="test_provider_config_module_bipartite_property" time="0.000" /><testcase classname="tests.analytics.resources.test_resource_registry" name="test_resource_registry_get_or_none_not_found" time="0.000" /><testcase classname="tests.analytics.resources.test_resource_registry" name="test_resource_registry_has" time="0.000" /><testcase classname="tests.analytics.resources.test_resource_registry" name="test_resource_registry_register_or_replace" time="0.000" /><testcase classname="tests.analytics.resources.test_resource_registry" name="test_resource_registry_register_or_replace_new" time="0.000" /><testcase classname="tests.analytics.resources.test_resource_registry" name="test_resource_registry_get_by_name" time="0.000" /><testcase classname="tests.analytics.resources.test_resource_registry" name="test_resource_registry_get_by_name_custom" time="0.000" /><testcase classname="tests.analytics.resources.test_resource_registry" name="test_resource_registry_get_by_name_not_found" time="0.000" /><testcase classname="tests.analytics.resources.test_resource_registry" name="test_resource_registry_has_by_name" time="0.000" /><testcase classname="tests.analytics.resources.test_resource_registry" name="test_resource_registry_require" time="0.000" /><testcase classname="tests.analytics.resources.test_resource_registry" name="test_resource_registry_require_not_found" time="0.000" /><testcase classname="tests.analytics.resources.test_resource_registry" name="test_resource_registry_require_by_name" time="0.000" /><testcase classname="tests.analytics.resources.test_resource_registry" name="test_resource_registry_require_or_none" time="0.000" /><testcase classname="tests.analytics.resources.test_resource_registry" name="test_resource_registry_require_or_none_not_found" time="0.000" /><testcase classname="tests.analytics.resources.test_resource_registry" name="test_resource_registry_require_or_none_not_loaded" time="0.000" /><testcase classname="tests.analytics.resources.test_resource_registry" name="test_resource_registry_invalidate_specific" time="0.000" /><testcase classname="tests.analytics.resources.test_resource_registry" name="test_resource_registry_invalidate_all" time="0.000" /><testcase classname="tests.analytics.core.test_builders" name="test_builder_init" time="0.001" /><testcase classname="tests.analytics.core.test_builders" name="test_builder_description" time="0.001" /><testcase classname="tests.analytics.compute.test_dependencies_classification" name="test_requests_http_get" time="0.000" /><testcase classname="tests.analytics.compute.test_dependencies_classification" name="test_sqlalchemy_select_query" time="0.000" /><testcase classname="tests.analytics.compute.test_dependencies_classification" name="test_sqlalchemy_insert_is_write" time="0.000" /><testcase classname="tests.analytics.compute.test_dependencies_classification" name="test_sqlalchemy_delete_is_critical" time="0.000" /><testcase classname="tests.analytics.compute.test_graphs_statistics" name="test_out_degree_values_only" time="0.000" /><testcase classname="tests.analytics.compute.test_graphs_statistics" name="test_degree_values_empty_graph" time="0.000" /><testcase classname="tests.analytics.compute.test_graphs_statistics" name="test_degree_values_only" time="0.000" /><testcase classname="tests.analytics.compute.test_graphs_statistics" name="test_statistics_consistency" time="0.000" /><testcase classname="tests.analytics.compute.test_graphs_statistics" name="test_degree_functions_match_statistics" time="0.001" /><testcase classname="tests.analytics.subsystems.test_affinity" name="test_parse_tags_none" time="0.001" /><testcase classname="tests.analytics.subsystems.test_affinity" name="test_parse_tags_json_list" time="0.000" /><testcase classname="tests.analytics.subsystems.test_affinity" name="test_parse_tags_json_single_value" time="0.000" /><testcase classname="tests.analytics.subsystems.test_affinity" name="test_parse_tags_plain_string" time="0.000" /><testcase classname="tests.analytics.subsystems.test_affinity" name="test_parse_tags_list" time="0.001" /><testcase classname="tests.analytics.subsystems.test_affinity" name="test_parse_tags_other_type" time="0.000" /><testcase classname="tests.analytics.subsystems.test_affinity" name="test_parse_tags_mixed_list" time="0.000" /><testcase classname="tests.analytics.subsystems.test_affinity" name="test_add_graph_weight_new_edge" time="0.001" /><testcase classname="tests.analytics.subsystems.test_affinity" name="test_add_graph_weight_accumulates" time="0.000" /><testcase classname="tests.analytics.subsystems.test_affinity" name="test_add_graph_weight_ignores_self_loop" time="0.000" /><testcase classname="tests.analytics.subsystems.test_affinity" name="test_add_graph_weight_ignores_zero_weight" time="0.001" /><testcase classname="tests.analytics.subsystems.test_affinity" name="test_add_graph_weight_ignores_negative_weight" time="0.000" /><testcase classname="tests.analytics.subsystems.test_affinity" name="test_graph_to_adjacency_empty" time="0.001" /><testcase classname="tests.analytics.subsystems.test_affinity" name="test_graph_to_adjacency_single_edge" time="0.001" /><testcase classname="tests.analytics.subsystems.test_affinity" name="test_graph_to_adjacency_multiple_edges" time="0.001" /><testcase classname="tests.analytics.subsystems.test_affinity" name="test_graph_to_adjacency_default_weight" time="0.001" /><testcase classname="tests.analytics.subsystems.test_affinity" name="test_seed_labels_from_tags_empty" time="0.000" /><testcase classname="tests.analytics.functions.test_function_effects" name="test_function_effects_inputs_immutable" time="0.000" /><testcase classname="tests.analytics.functions.test_function_effects" name="test_effect_analysis_direct_effectful_all_false" time="0.000" /><testcase classname="tests.analytics.functions.test_function_effects" name="test_effect_analysis_direct_effectful_any_true" time="0.000" /><testcase classname="tests.analytics.functions.test_function_effects" name="test_effect_analysis_no_io_no_db" time="0.000" /><testcase classname="tests.analytics.functions.test_function_effects" name="test_effect_analysis_io_no_db" time="0.000" /><testcase classname="tests.analytics.functions.test_function_effects" name="test_effect_analysis_no_io_db" time="0.000" /><testcase classname="tests.analytics.functions.test_function_effects" name="test_effect_analysis_io_and_db" time="0.000" /><testcase classname="tests.analytics.compute.test_graphs_centrality" name="test_pagerank_simple_chain" time="0.002" /><testcase classname="tests.analytics.compute.test_graphs_centrality" name="test_pagerank_cycle_equal" time="0.001" /><testcase classname="tests.analytics.compute.test_graphs_centrality" name="test_pagerank_star_hub_low" time="0.001" /><testcase classname="tests.analytics.compute.test_graphs_centrality" name="test_pagerank_reverse_star_hub_high" time="0.002" /><testcase classname="tests.analytics.compute.test_graphs_centrality" name="test_pagerank_realistic_call_graph" time="0.001" /><testcase classname="tests.analytics.compute.test_graphs_centrality" name="test_pagerank_custom_alpha" time="0.002" /><testcase classname="tests.analytics.compute.test_graphs_centrality" name="test_pagerank_custom_max_iter" time="0.002" /><testcase classname="tests.analytics.compute.test_dependencies_classification" name="test_redis_get_by_prefix" time="0.000" /><testcase classname="tests.analytics.compute.test_dependencies_classification" name="test_redis_flushall_is_admin" time="0.000" /><testcase classname="tests.analytics.compute.test_dependencies_classification" name="test_risk_assessment_write_operations" time="0.000" /><testcase classname="tests.analytics.compute.test_dependencies_classification" name="test_risk_assessment_frequent_reads" time="0.000" /><testcase classname="tests.analytics.compute.test_functions_signatures" name="test_parameter_create_with_all_fields" time="0.000" /><testcase classname="tests.analytics.core.test_registry" name="test_list_by_stage" time="0.008" /><testcase classname="tests.analytics.graphs.test_contracts" name="test_plugin_contract_result_passed" time="0.001" /><testcase classname="tests.analytics.graphs.test_contracts" name="test_plugin_contract_result_failed" time="0.000" /><testcase classname="tests.analytics.graphs.test_contracts" name="test_plugin_contract_result_soft_failed" time="0.001" /><testcase classname="tests.analytics.graphs.test_contracts" name="test_plugin_contract_result_immutable" time="0.001" /><testcase classname="tests.analytics.graphs.test_contracts" name="test_snapshot_key_creation" time="0.001" /><testcase classname="tests.analytics.graphs.test_contracts" name="test_snapshot_key_immutable" time="0.001" /><testcase classname="tests.analytics.graphs.test_contracts" name="test_not_null_fraction_spec_creation" time="0.000" /><testcase classname="tests.analytics.graphs.test_contracts" name="test_not_null_fraction_spec_default_name" time="0.001" /><testcase classname="tests.analytics.graphs.test_contracts" name="test_safe_table_queries_contains_expected_tables" time="0.000" /><testcase classname="tests.analytics.graphs.test_contracts" name="test_safe_table_columns_contains_expected_tables" time="0.000" /><testcase classname="tests.analytics.graphs.test_contracts" name="test_safe_table_columns_has_expected_columns" time="0.000" /><testcase classname="tests.analytics.subsystems.test_affinity" name="test_seed_labels_from_tags_basic" time="0.000" /><testcase classname="tests.analytics.subsystems.test_affinity" name="test_seed_labels_from_tags_empty_tags_skipped" time="0.000" /><testcase classname="tests.analytics.subsystems.test_affinity" name="test_seed_labels_from_tags_none_first_tag_skipped" time="0.000" /><testcase classname="tests.analytics.subsystems.test_affinity" name="test_label_propagation_nx_preserves_seeds" time="0.000" /><testcase classname="tests.analytics.subsystems.test_affinity" name="test_label_propagation_nx_propagates_to_neighbors" time="0.000" /><testcase classname="tests.analytics.subsystems.test_affinity" name="test_label_propagation_nx_selects_heaviest_neighbor" time="0.000" /><testcase classname="tests.analytics.core.test_registry" name="test_list_by_capability" time="0.009" /><testcase classname="tests.analytics.compute.test_graphs_centrality" name="test_pagerank_custom_tolerance" time="0.003" /><testcase classname="tests.analytics.compute.test_graphs_centrality" name="test_pagerank_disconnected_components" time="0.002" /><testcase classname="tests.analytics.compute.test_graphs_centrality" name="test_pagerank_sums_to_one" time="0.001" /><testcase classname="tests.analytics.compute.test_graphs_centrality" name="test_pagerank_keys_are_strings" time="0.001" /><testcase classname="tests.analytics.compute.test_graphs_centrality" name="test_pagerank_values_are_floats" time="0.001" /><testcase classname="tests.analytics.compute.test_graphs_centrality" name="test_betweenness_empty_graph" time="0.000" /><testcase classname="tests.analytics.compute.test_graphs_centrality" name="test_betweenness_single_node_zero" time="0.001" /><testcase classname="tests.analytics.compute.test_graphs_centrality" name="test_betweenness_chain_middle_nodes_high" time="0.000" /><testcase classname="tests.analytics.compute.test_graphs_centrality" name="test_betweenness_star_hub_high" time="0.000" /><testcase classname="tests.analytics.compute.test_graphs_centrality" name="test_betweenness_cycle_equal" time="0.000" /><testcase classname="tests.analytics.compute.test_graphs_centrality" name="test_betweenness_normalized" time="0.000" /><testcase classname="tests.analytics.compute.test_graphs_centrality" name="test_betweenness_unnormalized" time="0.001" /><testcase classname="tests.analytics.compute.test_graphs_centrality" name="test_betweenness_sampled_with_k" time="0.000" /><testcase classname="tests.analytics.compute.test_graphs_centrality" name="test_betweenness_disconnected_components" time="0.001" /><testcase classname="tests.analytics.compute.test_graphs_centrality" name="test_betweenness_realistic_call_graph" time="0.001" /><testcase classname="tests.analytics.compute.test_graphs_centrality" name="test_betweenness_keys_are_strings" time="0.000" /><testcase classname="tests.analytics.compute.test_graphs_centrality" name="test_betweenness_values_are_floats" time="0.001" /><testcase classname="tests.analytics.compute.test_functions_signatures" name="test_extract_var_keyword_param" time="0.000" /><testcase classname="tests.analytics.resources.test_provider_factory" name="test_create_registry_with_features" time="0.001" /><testcase classname="tests.analytics.resources.test_provider_factory" name="test_create_registry_with_module_map" time="0.001" /><testcase classname="tests.analytics.resources.test_provider_factory" name="test_create_registry_all_providers" time="0.001" /><testcase classname="tests.analytics.resources.test_provider_factory" name="test_make_catalog_provider" time="0.001" /><testcase classname="tests.analytics.resources.test_provider_factory" name="test_make_catalog_provider_caches" time="0.001" /><testcase classname="tests.analytics.resources.test_provider_factory" name="test_make_catalog_provider_with_catalog" time="0.001" /><testcase classname="tests.analytics.resources.test_provider_factory" name="test_make_graph_provider" time="0.001" /><testcase classname="tests.analytics.resources.test_provider_factory" name="test_make_graph_provider_caches" time="0.001" /><testcase classname="tests.analytics.resources.test_provider_factory" name="test_make_graph_provider_with_runtime" time="0.001" /><testcase classname="tests.analytics.resources.test_provider_factory" name="test_make_graph_provider_with_options" time="0.001" /><testcase classname="tests.analytics.compute.test_functions_signatures" name="test_extract_keyword_only_param" time="0.001" /><testcase classname="tests.analytics.compute.test_functions_signatures" name="test_extract_complex_signature_all_kinds" time="0.001" /><testcase classname="tests.analytics.compute.test_functions_signatures" name="test_extract_no_defaults" time="0.000" /><testcase classname="tests.analytics.compute.test_functions_signatures" name="test_extract_with_default" time="0.000" /><testcase classname="tests.analytics.compute.test_functions_signatures" name="test_extract_mixed_defaults" time="0.001" /><testcase classname="tests.analytics.compute.test_functions_signatures" name="test_extract_keyword_only_default" time="0.001" /><testcase classname="tests.analytics.compute.test_functions_signatures" name="test_extract_default_qualname" time="0.001" /><testcase classname="tests.analytics.compute.test_functions_signatures" name="test_extract_custom_qualname" time="0.001" /><testcase classname="tests.analytics.compute.test_functions_signatures" name="test_extract_simple_annotation" time="0.001" /><testcase classname="tests.analytics.compute.test_functions_signatures" name="test_extract_complex_annotation" time="0.001" /><testcase classname="tests.analytics.core.test_registry" name="test_unregister_plugin" time="0.009" /><testcase classname="tests.analytics.core.test_registry" name="test_plan_with_explicit_plugins" time="0.009" /><testcase classname="tests.analytics.compute.test_semantic_roles" name="test_context_name_simple" time="0.001" /><testcase classname="tests.analytics.subsystems.test_affinity" name="test_reassign_small_clusters_no_change_when_all_large" time="0.001" /><testcase classname="tests.analytics.subsystems.test_affinity" name="test_reassign_small_clusters_min_size_one_no_change" time="0.000" /><testcase classname="tests.analytics.subsystems.test_affinity" name="test_reassign_small_clusters_reassigns_small" time="0.001" /><testcase classname="tests.analytics.subsystems.test_affinity" name="test_best_neighbor_label_no_neighbors" time="0.000" /><testcase classname="tests.analytics.subsystems.test_affinity" name="test_best_neighbor_label_selects_allowed" time="0.000" /><testcase classname="tests.analytics.compute.test_semantic_roles" name="test_classify_returns_signals" time="0.001" /><testcase classname="tests.analytics.subsystems.test_affinity" name="test_best_neighbor_label_selects_heaviest" time="0.000" /><testcase classname="tests.analytics.subsystems.test_affinity" name="test_cluster_sizes_map_empty" time="0.000" /><testcase classname="tests.analytics.test_ast_utils" name="test_literal_value_coercions" time="0.001" /><testcase classname="tests.analytics.subsystems.test_affinity" name="test_cluster_sizes_map_counts_clusters" time="0.000" /><testcase classname="tests.analytics.test_analytics_dataset_contracts" name="test_function_metrics_insertion_is_idempotent" time="1.631" /><testcase classname="tests.analytics.test_ast_utils" name="test_safe_unparse_survives_invalid_nodes" time="0.000" /><testcase classname="tests.analytics.test_ast_utils" name="test_snippet_from_lines_includes_range" time="0.000" /><testcase classname="tests.analytics.core.test_registry" name="test_plan_respects_dependencies" time="0.008" /><testcase classname="tests.analytics.core.test_builders" name="test_builder_stage" time="0.001" /><testcase classname="tests.analytics.test_entrypoint_detectors" name="test_detector_settings_defaults" time="0.000" /><testcase classname="tests.analytics.test_entrypoint_detectors" name="test_detector_settings_disabled" time="0.000" /><testcase classname="tests.analytics.core.test_registry" name="test_plan_detects_cycle" time="0.009" /><testcase classname="tests.analytics.test_entrypoint_detectors" name="test_detector_settings_immutable" time="0.000" /><testcase classname="tests.analytics.test_entrypoint_detectors" name="test_entrypoint_candidate_creation" time="0.000" /><testcase classname="tests.analytics.test_entrypoint_detectors" name="test_entrypoint_candidate_http_metadata" time="0.000" /><testcase classname="tests.analytics.test_entrypoint_detectors" name="test_entrypoint_candidate_cli_metadata" time="0.000" /><testcase classname="tests.analytics.test_entrypoint_detectors" name="test_entrypoint_candidate_job_metadata" time="0.000" /><testcase classname="tests.analytics.test_entrypoint_detectors" name="test_entrypoint_candidate_extra_metadata" time="0.000" /><testcase classname="tests.analytics.test_entrypoint_detectors" name="test_entrypoint_candidate_immutable" time="0.000" /><testcase classname="tests.analytics.core.test_registry" name="test_plan_with_disabled" time="0.009" /><testcase classname="tests.analytics.compute.test_functions_signatures" name="test_parameter_no_annotation" time="0.001" /><testcase classname="tests.analytics.test_entrypoint_detectors" name="test_entrypoint_candidate_optional_fields" time="0.000" /><testcase classname="tests.analytics.test_entrypoint_detectors" name="test_entrypoint_candidate_evidence_list" time="0.000" /><testcase classname="tests.analytics.test_entrypoint_detectors" name="test_detect_entrypoints_empty_source" time="0.001" /><testcase classname="tests.analytics.test_entrypoint_detectors" name="test_detect_entrypoints_syntax_error" time="0.000" /><testcase classname="tests.analytics.test_entrypoint_detectors" name="test_detect_entrypoints_no_frameworks" time="0.001" /><testcase classname="tests.analytics.test_entrypoint_detectors" name="test_detect_entrypoints_returns_list" time="0.000" /><testcase classname="tests.analytics.test_entrypoint_detectors" name="test_import_context_creation" time="0.000" /><testcase classname="tests.analytics.test_entrypoint_detectors" name="test_import_context_immutable" time="0.000" /><testcase classname="tests.analytics.test_entrypoint_detectors" name="test_detector_settings_partial_disable" time="0.000" /><testcase classname="tests.analytics.test_entrypoint_detectors" name="test_entrypoint_candidate_with_arguments_schema" time="0.000" /><testcase classname="tests.analytics.test_entrypoint_detectors" name="test_entrypoint_candidate_auth_required" time="0.000" /><testcase classname="tests.analytics.test_entrypoint_detectors" name="test_entrypoint_candidate_kinds[http_handler]" time="0.001" /><testcase classname="tests.analytics.test_entrypoint_detectors" name="test_entrypoint_candidate_kinds[cli_command]" time="0.000" /><testcase classname="tests.analytics.test_entrypoint_detectors" name="test_entrypoint_candidate_kinds[background_job]" time="0.000" /><testcase classname="tests.analytics.test_entrypoint_detectors" name="test_entrypoint_candidate_kinds[scheduled_job]" time="0.000" /><testcase classname="tests.analytics.compute.test_functions_signatures" name="test_extract_no_annotation" time="0.001" /><testcase classname="tests.cli.test_history_timeseries_cli" name="test_history_timeseries_cli_happy_path" time="22.119" /><testcase classname="tests.analytics.resources.test_resource_registry" name="test_resource_registry_invalidate_not_registered" time="0.001" /><testcase classname="tests.cli.test_op_dynamic_cli" name="test_build_operation_cli_metadata_for_function_summary" time="0.001" /><testcase classname="tests.cli.test_op_dynamic_cli" name="test_op_help_shows_core_commands" time="0.000" /><testcase classname="tests.cli.test_op_dynamic_cli" name="test_operation_metadata_available" time="0.001" /><testcase classname="tests.analytics.core.test_registry" name="test_plan_default_enabled_only" time="0.011" /><testcase classname="tests.cli.test_op_dynamic_cli" name="test_operation_validation_rejects_unknown" time="0.000" /><testcase classname="tests.cli.test_op_dynamic_cli" name="test_operation_validation_accepts_known" time="0.000" /><testcase classname="tests.cli.test_op_dynamic_cli" name="test_operation_has_required_datasets" time="0.000" /><testcase classname="tests.cli.test_op_dynamic_cli" name="test_cli_param_spec_has_correct_structure" time="0.001" /><testcase classname="tests.cli.test_op_dynamic_cli" name="test_selector_params_come_first_in_classification" time="0.001" /><testcase classname="tests.cli.test_op_dynamic_cli" name="test_dynamic_cli_respects_operation_defaults" time="0.001" /><testcase classname="tests.cli.test_pipeline_cli" name="test_list_steps_text_output" time="0.037" /><testcase classname="tests.analytics.resources.test_provider_factory" name="test_make_graph_provider_with_backend" time="0.002" /><testcase classname="tests.config.test_dataset_contract" name="test_contract_derived_columns_match_schemas" time="0.001" /><testcase classname="tests.analytics.compute.test_graphs_statistics" name="test_various_graph_sizes" time="0.001" /><testcase classname="tests.cli.test_typer_cli" name="test_op_list_shows_operations" time="0.041" /><testcase classname="tests.config.test_datasets_dataflow" name="test_dataflow_node_creation" time="0.001" /><testcase classname="tests.config.test_datasets_dataflow" name="test_dataflow_node_defaults" time="0.000" /><testcase classname="tests.config.test_datasets_dataflow" name="test_dataflow_edge_creation" time="0.000" /><testcase classname="tests.config.test_datasets_dataflow" name="test_node_kind_literal" time="0.000" /><testcase classname="tests.config.test_datasets_dataflow" name="test_edge_type_literal" time="0.000" /><testcase classname="tests.config.test_dataset_contract" name="test_delete_sql_covers_repo_commit_tables" time="0.001" /><testcase classname="tests.config.test_dataset_contract" name="test_row_models_column_constants_match_contracts" time="0.001" /><testcase classname="tests.config.test_dataset_contract_snapshot" name="test_dataset_contracts_count_snapshot" time="0.000" /><testcase classname="tests.config.test_dataset_contract_snapshot" name="test_dataset_contracts_by_table_key_count_snapshot" time="0.000" /><testcase classname="tests.config.test_dataset_contract_snapshot" name="test_table_schemas_count_snapshot" time="0.000" /><testcase classname="tests.config.test_dataset_contract_snapshot" name="test_row_bindings_count_snapshot" time="0.000" /><testcase classname="tests.config.test_dataset_contract_snapshot" name="test_all_tables_have_schemas" time="0.000" /><testcase classname="tests.config.test_datasets_dataflow" name="test_iter_dataset_nodes_returns_iterator" time="0.001" /><testcase classname="tests.config.test_datasets_dataflow" name="test_iter_composite_edges_returns_iterator" time="0.000" /><testcase classname="tests.config.test_datasets_dataflow" name="test_iter_dependency_edges_returns_iterator" time="0.000" /><testcase classname="tests.config.test_dataset_contract_snapshot" name="test_row_bindings_have_table_schemas" time="0.000" /><testcase classname="tests.config.test_datasets_contracts" name="test_get_table_schemas_returns_dict" time="0.000" /><testcase classname="tests.config.test_datasets_dataflow" name="test_build_contract_dataflow_graph_returns_tuple" time="0.001" /><testcase classname="tests.config.test_datasets_dataflow" name="test_build_contract_dataflow_graph_nodes_are_unique" time="0.001" /><testcase classname="tests.analytics.resources.test_graph_provider" name="test_provider_test_function_bipartite_property" time="0.001" /><testcase classname="tests.config.test_datasets_sql" name="test_build_insert_sql_invalid_table_raises" time="0.001" /><testcase classname="tests.config.test_datasets_sql" name="test_build_delete_sql_with_repo_commit" time="0.000" /><testcase classname="tests.config.test_datasets_contracts" name="test_get_table_schemas_contains_expected_keys" time="0.000" /><testcase classname="tests.config.test_datasets_contracts" name="test_get_table_schemas_values_are_table_schema" time="0.000" /><testcase classname="tests.config.test_datasets_dataflow" name="test_build_contract_dataflow_graph_edges_are_unique" time="0.001" /><testcase classname="tests.config.test_datasets_sql" name="test_build_delete_sql_returns_none_for_no_repo_commit" time="0.000" /><testcase classname="tests.config.test_datasets_contracts" name="test_get_composite_schemas_returns_dict" time="0.000" /><testcase classname="tests.config.test_datasets_dataflow" name="test_dataflow_graph_contains_expected_tables" time="0.001" /><testcase classname="tests.config.test_datasets_sql" name="test_build_insert_sql_by_table_returns_dict" time="0.003" /><testcase classname="tests.config.test_datasets_sql" name="test_build_insert_sql_by_table_excludes_views" time="0.003" /><testcase classname="tests.config.test_datasets_primitives" name="test_column_creation" time="0.000" /><testcase classname="tests.config.test_datasets_primitives" name="test_column_defaults" time="0.000" /><testcase classname="tests.config.test_datasets_primitives" name="test_index_creation" time="0.000" /><testcase classname="tests.config.test_datasets_primitives" name="test_index_defaults" time="0.000" /><testcase classname="tests.config.test_datasets_primitives" name="test_table_schema_fq_name" time="0.000" /><testcase classname="tests.config.test_datasets_contracts" name="test_get_dataset_contracts_returns_dict" time="0.000" /><testcase classname="tests.config.test_datasets_contracts" name="test_get_dataset_contracts_by_table_key_returns_dict" time="0.000" /><testcase classname="tests.config.test_datasets_contracts" name="test_dataset_contract_counts_match" time="0.000" /><testcase classname="tests.config.test_datasets_contracts" name="test_row_binding_dataclass" time="0.000" /><testcase classname="tests.config.test_datasets_contracts" name="test_dataset_contract_capabilities" time="0.000" /><testcase classname="tests.config.test_datasets_contracts" name="test_dataset_contract_column_names" time="0.000" /><testcase classname="tests.config.test_datasets_contracts" name="test_dataset_contract_has_row_binding" time="0.000" /><testcase classname="tests.config.test_datasets_primitives" name="test_table_schema_column_names" time="0.000" /><testcase classname="tests.config.test_datasets_primitives" name="test_table_schema_with_indexes_and_primary_key" time="0.000" /><testcase classname="tests.config.test_datasets_sql" name="test_build_delete_sql_by_table_returns_dict" time="0.004" /><testcase c
[...]
 classname="tests.storage.test_sql_builder" name="test_validate_identifier_raises_on_empty" time="0.001" /><testcase classname="tests.storage.test_sql_builder" name="test_validate_identifier_raises_on_too_long" time="0.000" /><testcase classname="tests.storage.test_sql_builder" name="test_validate_identifier_raises_on_invalid_chars" time="0.000" /><testcase classname="tests.storage.test_sql_builder" name="test_safe_table_stores_valid_name" time="0.001" /><testcase classname="tests.storage.test_sql_builder" name="test_safe_table_raises_on_invalid_name" time="0.000" /><testcase classname="tests.storage.test_sql_builder" name="test_safe_table_is_frozen" time="0.000" /><testcase classname="tests.storage.test_sql_builder" name="test_safe_column_stores_valid_name" time="0.000" /><testcase classname="tests.storage.test_sql_builder" name="test_safe_column_raises_on_dots" time="0.001" /><testcase classname="tests.storage.test_sql_builder" name="test_safe_column_raises_on_invalid_name" time="0.000" /><testcase classname="tests.storage.test_sql_builder" name="test_render_sql_joins_parts" time="0.000" /><testcase classname="tests.storage.test_sql_builder" name="test_render_sql_filters_empty_strings" time="0.000" /><testcase classname="tests.storage.test_sql_builder" name="test_count_builds_basic_query" time="0.000" /><testcase classname="tests.storage.test_sql_builder" name="test_count_with_where_clause" time="0.000" /><testcase classname="tests.storage.test_sql_builder" name="test_count_accepts_safe_table" time="0.000" /><testcase classname="tests.storage.test_sql_builder" name="test_count_where_null_builds_correct_query" time="0.000" /><testcase classname="tests.storage.test_sql_builder" name="test_count_where_null_with_additional_where" time="0.001" /><testcase classname="tests.storage.test_sql_builder" name="test_delete_builds_parameterized_query" time="0.000" /><testcase classname="tests.storage.test_sql_builder" name="test_delete_in_builds_in_clause" time="0.000" /><testcase classname="tests.storage.test_sql_builder" name="test_select_all_builds_query" time="0.000" /><testcase classname="tests.storage.test_sql_builder" name="test_select_all_validates_table" time="0.000" /><testcase classname="tests.storage.test_sql_builder" name="test_insert_builds_placeholder_query" time="0.000" /><testcase classname="tests.storage.test_sql_builder" name="test_insert_accepts_safe_columns" time="0.000" /><testcase classname="tests.storage.test_sql_builder" name="test_delete_repo_commit_builds_scoped_query" time="0.000" /><testcase classname="tests.storage.test_sql_builder" name="test_build_delete_query_with_scope" time="0.001" /><testcase classname="tests.storage.test_sql_builder" name="test_build_delete_query_without_scope" time="0.000" /><testcase classname="tests.storage.test_sql_builder" name="test_error_stores_identifier_and_reason" time="0.000" /><testcase classname="tests.storage.test_sql_builder" name="test_error_message_includes_details" time="0.000" /><testcase classname="tests.storage.test_sql_builder" name="test_sql_builder_error_is_base_exception" time="0.000" /><testcase classname="tests.storage.test_sql_helpers" name="test_quote_identifier_validates_simple_names" time="0.000" /><testcase classname="tests.storage.test_sql_helpers" name="test_quote_identifier_rejects_invalid[]" time="0.001" /><testcase classname="tests.storage.test_sql_helpers" name="test_quote_identifier_rejects_invalid[1foo]" time="0.000" /><testcase classname="tests.storage.test_sql_helpers" name="test_quote_identifier_rejects_invalid[foo-bar]" time="0.000" /><testcase classname="tests.storage.test_sql_helpers" name="test_quote_identifier_rejects_invalid[foo;drop]" time="0.001" /><testcase classname="tests.storage.test_sql_helpers" name="test_quote_identifier_rejects_invalid[foo bar]" time="0.000" /><testcase classname="tests.storage.test_sql_helpers" name="test_quote_table_key_validates_schema_and_table" time="0.000" /><testcase classname="tests.storage.test_sql_helpers" name="test_quote_table_key_rejects_bad_keys[]" time="0.001" /><testcase classname="tests.storage.test_sql_helpers" name="test_quote_table_key_rejects_bad_keys[notable]" time="0.000" /><testcase classname="tests.storage.test_sql_helpers" name="test_quote_table_key_rejects_bad_keys[foo..bar]" time="0.000" /><testcase classname="tests.storage.test_sql_helpers" name="test_safe_macro_call_validates_allowlist" time="0.001" /><testcase classname="tests.storage.test_subsystem_docs_views" name="test_subsystem_profile_columns" time="0.094" /><testcase classname="tests.storage.test_subsystem_docs_views" name="test_subsystem_coverage_columns" time="0.088" /><testcase classname="tests.storage.test_subsystem_docs_views" name="test_subsystem_profile_view_prefers_cache" time="0.089" /><testcase classname="tests.storage.repositories.test_subsystems" name="test_list_subsystems_returns_rows" time="6.930" /><testcase classname="tests.storage.test_subsystem_docs_views" name="test_subsystem_coverage_view_prefers_cache" time="0.101" /><testcase classname="tests.storage.test_views_scoping" name="test_call_graph_view_scopes_edges_to_repo_commit" time="1.979" /><testcase classname="tests.storage.test_ingest_perf" name="test_ingest_macro_perf_reasonable" time="6.564" /><testcase classname="tests.storage.test_registry_helpers" name="test_dataset_registry_table_for_name_raises_on_unknown" time="6.364" /><testcase classname="tests.storage.test_macro_performance" name="test_normalized_macro_latency_smoke[graph.call_graph_edges]" time="6.376" /><testcase classname="tests.storage.test_registry_helpers" name="test_dataset_registry_frozen" time="0.000" /><testcase classname="tests.test_pipeline_smoke" name="test_pipeline_export_docs_smoke" time="0.001"><skipped type="pytest.xfail" message="Pipeline export_docs currently fails in function_effects catalog integration" /></testcase><testcase classname="tests.test_testing_contract" name="test_testing_charter_forbidden_patterns" time="0.062"><failure message="AssertionError: Testing charter violations detected:&#10;unittest.mock: /home/paul/CodeIntel/tests/analytics/core/plugins/config_data_flow/test_compute.py&#10;unittest.mock: /home/paul/CodeIntel/tests/analytics/core/plugins/data_models/test_build.py&#10;unittest.mock: /home/paul/CodeIntel/tests/analytics/core/plugins/data_models/test_usage.py&#10;unittest.mock: /home/paul/CodeIntel/tests/analytics/core/plugins/dependencies/test_external.py&#10;unittest.mock: /home/paul/CodeIntel/tests/analytics/core/plugins/functions/test_ast_features.py&#10;unittest.mock: /home/paul/CodeIntel/tests/analytics/core/plugins/functions/test_contracts.py&#10;unittest.mock: /home/paul/CodeIntel/tests/analytics/core/plugins/functions/test_effects.py&#10;unittest.mock: /home/paul/CodeIntel/tests/analytics/core/plugins/functions/test_history.py&#10;unittest.mock: /home/paul/CodeIntel/tests/analytics/core/plugins/profiles/test_build.py&#10;unittest.mock: /home/paul/CodeIntel/tests/analytics/core/plugins/risk/test_factors.py&#10;unittest.mock: /home/paul/CodeIntel/tests/analytics/core/plugins/test_coverage_plugins/test_test_edges.py&#10;unittest.mock: /home/paul/CodeIntel/tests/analytics/core/plugins/test_plugins_tests/test_behavioral_coverage.py&#10;unittest.mock: /home/paul/CodeIntel/tests/analytics/core/test_base_plugins.py&#10;unittest.mock: /home/paul/CodeIntel/tests/analytics/functions/test_function_contracts_integration.py&#10;unittest.mock: /home/paul/CodeIntel/tests/analytics/resources/test_graph_provider.py&#10;unittest.mock: /home/paul/CodeIntel/tests/analytics/resources/test_provider_factory.py">def test_testing_charter_forbidden_patterns() -&gt; None:
        """
        Fail fast when tests use forbidden patching or path hacks.
    
        Enforces the charter: no monkeypatching/runtime patching, no sys.path edits,
        and no imports of underscore-prefixed production symbols from tests.
    
        Raises
        ------
        AssertionError
            If any forbidden pattern is detected in the test suite.
        """
        violations: list[str] = []
        for path in _iter_test_files():
            content = path.read_text(encoding="utf-8")
            for label, pattern in FORBIDDEN_PATTERNS.items():
                if pattern.search(content):
                    violations.append(f"{label}: {path}")
        if violations:
            message = "Testing charter violations detected:\n" + "\n".join(sorted(violations))
&gt;           raise AssertionError(message)
E           AssertionError: Testing charter violations detected:
E           unittest.mock: /home/paul/CodeIntel/tests/analytics/core/plugins/config_data_flow/test_compute.py
E           unittest.mock: /home/paul/CodeIntel/tests/analytics/core/plugins/data_models/test_build.py
E           unittest.mock: /home/paul/CodeIntel/tests/analytics/core/plugins/data_models/test_usage.py
E           unittest.mock: /home/paul/CodeIntel/tests/analytics/core/plugins/dependencies/test_external.py
E           unittest.mock: /home/paul/CodeIntel/tests/analytics/core/plugins/functions/test_ast_features.py
E           unittest.mock: /home/paul/CodeIntel/tests/analytics/core/plugins/functions/test_contracts.py
E           unittest.mock: /home/paul/CodeIntel/tests/analytics/core/plugins/functions/test_effects.py
E           unittest.mock: /home/paul/CodeIntel/tests/analytics/core/plugins/functions/test_history.py
E           unittest.mock: /home/paul/CodeIntel/tests/analytics/core/plugins/profiles/test_build.py
E           unittest.mock: /home/paul/CodeIntel/tests/analytics/core/plugins/risk/test_factors.py
E           unittest.mock: /home/paul/CodeIntel/tests/analytics/core/plugins/test_coverage_plugins/test_test_edges.py
E           unittest.mock: /home/paul/CodeIntel/tests/analytics/core/plugins/test_plugins_tests/test_behavioral_coverage.py
E           unittest.mock: /home/paul/CodeIntel/tests/analytics/core/test_base_plugins.py
E           unittest.mock: /home/paul/CodeIntel/tests/analytics/functions/test_function_contracts_integration.py
E           unittest.mock: /home/paul/CodeIntel/tests/analytics/resources/test_graph_provider.py
E           unittest.mock: /home/paul/CodeIntel/tests/analytics/resources/test_provider_factory.py

tests/test_testing_contract.py:47: AssertionError</failure></testcase><testcase classname="tests.storage.test_macro_performance" name="test_normalized_macro_latency_smoke[analytics.function_metrics]" time="6.388" /><testcase classname="tests.test_tests_analytics_unit" name="test_edges_for_file_uses_test_meta" time="0.001" /><testcase classname="tests.storage.test_run_tracking" name="test_pipeline_run_record_stores_fields" time="0.000" /><testcase classname="tests.orchestration.test_unified_pipeline" name="test_stage_descriptions_preserved" time="0.001" /><testcase classname="tests.orchestration.test_unified_pipeline" name="test_spec_exports" time="0.000" /><testcase classname="tests.orchestration.test_unified_pipeline" name="test_planner_exports" time="0.001" /><testcase classname="tests.orchestration.test_unified_pipeline" name="test_executor_exports" time="0.000" /><testcase classname="tests.pipeline.test_op_planner.TestBuildPipelineForOperation" name="test_function_summary_maps_to_full_pipeline" time="0.001" /><testcase classname="tests.pipeline.test_op_planner.TestBuildPipelineForOperation" name="test_datasets_list_is_noop" time="0.001" /><testcase classname="tests.pipeline.test_op_planner.TestBuildPipelineForOperation" name="test_include_analytics_false_excludes_analytics" time="0.001" /><testcase classname="tests.pipeline.test_op_planner.TestBuildPipelineForOperation" name="test_unknown_operation_raises_value_error" time="0.001" /><testcase classname="tests.pipeline.test_op_planner.TestBuildPipelineForOperation" name="test_graph_operation_requires_full_pipeline" time="0.001" /><testcase classname="tests.pipeline.test_op_planner.TestBuildPipelineForOperation" name="test_profiles_function_requires_full_pipeline" time="0.001" /><testcase classname="tests.storage.test_macro_schemas" name="test_macro_schemas_match_table_definitions" time="6.299" /><testcase classname="tests.storage.test_run_tracking" name="test_pipeline_step_record_stores_fields" time="0.001" /><testcase classname="tests.test_layering_serving_imports" name="test_no_serving_imports_in_middle_packages" time="0.928" /><testcase classname="tests.storage.test_metadata_bootstrap" name="test_load_dataset_schema_registry" time="6.191" /><testcase classname="tests.storage.test_run_tracking" name="test_complete_run_with_error_summary" time="6.204" /><testcase classname="tests.storage.test_run_tracking" name="test_fetch_run_returns_none_for_missing" time="6.186" /><testcase classname="tests.storage.test_run_tracking" name="test_start_run_inserts_record" time="6.169" /><testcase classname="tests.storage.test_metadata_bootstrap" name="test_validate_macro_registry_success" time="6.101" /><testcase classname="tests.storage.test_metadata_bootstrap" name="test_validate_dataset_schema_registry_success" time="6.120" /><testcase classname="tests.storage.test_metadata_bootstrap" name="test_validate_normalized_macro_schemas_success" time="6.170" /><testcase classname="tests.storage.test_module_index" name="test_load_module_map_filters_by_language" time="6.135" /><testcase classname="tests.storage.test_module_index" name="test_load_module_map_returns_normalized_paths" time="6.149" /><testcase classname="tests.analytics.functions.test_function_contracts_pure" name="test_compute_function_contracts_complex_assertions" time="6.140" /><testcase classname="tests.storage.test_metadata_bootstrap" name="test_validate_macro_registry_with_missing_entry" time="6.149" /><testcase classname="tests.analytics.functions.test_function_effects" name="test_effect_analysis_creation" time="0.001" /><testcase classname="tests.analytics.functions.test_function_effects" name="test_effect_analysis_pure_function" time="0.001" /><testcase classname="tests.analytics.functions.test_function_effects" name="test_effect_analysis_io_effect" time="0.000" /><testcase classname="tests.analytics.functions.test_function_effects" name="test_effect_analysis_db_effect" time="0.000" /><testcase classname="tests.analytics.functions.test_function_effects" name="test_effect_analysis_time_effect" time="0.001" /><testcase classname="tests.storage.test_module_index" name="test_load_module_map_handles_multiple_modules_same_path" time="6.135" /><testcase classname="tests.storage.test_module_index" name="test_load_module_map_uses_custom_logger" time="6.189" /><testcase classname="tests.storage.test_schema_alignment" name="test_create_schemas_creates_all_namespaces" time="6.186" /><testcase classname="tests.storage.test_normalized_macros_helper" name="test_dataset_rows_only_tables_parse" time="6.166" /><testcase classname="tests.storage.test_schema_generation" name="test_json_schema_from_typeddict_round_trip" time="0.001" /><testcase classname="tests.storage.test_registry_contracts" name="test_fetch_table_columns_returns_column_defs" time="6.146" /><testcase classname="tests.storage.test_schema_generation_validator" name="test_build_validator_accepts_mapping" time="0.001" /><testcase classname="tests.storage.test_normalized_macros" name="test_normalized_macros_execute" time="6.159" /><testcase classname="tests.storage.test_registry_contracts" name="test_fetch_table_columns_raises_on_invalid_key" time="6.123" /><testcase classname="tests.storage.test_schema_generation_validator" name="test_validate_row_with_schema_passes_valid_data" time="0.001" /><testcase classname="tests.storage.test_schema_roundtrip" name="test_call_graph_edge_round_trip" time="0.597" /><testcase classname="tests.storage.test_registry_contracts" name="test_build_registry_contracts_with_subset" time="6.133" /><testcase classname="tests.storage.test_registry_contracts" name="test_render_create_table_produces_valid_ddl" time="6.169" /><testcase classname="tests.storage.test_schema_roundtrip" name="test_test_coverage_round_trip" time="0.540" /><testcase classname="tests.storage.test_schema_roundtrip" name="test_symbol_use_round_trip" time="0.302" /><testcase classname="tests.storage.test_registry_contracts" name="test_render_create_table_includes_all_columns" time="6.164" /><testcase classname="tests.storage.test_schema_roundtrip" name="test_behavioral_coverage_round_trip" time="0.369" /><testcase classname="tests.storage.test_registry_helpers" name="test_dataset_registry_all_datasets_property" time="6.140" /><testcase classname="tests.storage.test_sql_builder" name="test_validate_identifier_accepts_schema_qualified" time="0.001" /><testcase classname="tests.test_tests_analytics_unit" name="test_compute_test_coverage_edges_respects_injected_loader" time="5.296" /><testcase classname="tests.orchestration.test_unified_pipeline" name="test_optional_stage_spec" time="0.001" /><testcase classname="tests.storage.test_registry_helpers" name="test_dataset_registry_table_for_name_returns_key" time="6.305" /><testcase classname="tests.storage.test_registry_helpers" name="test_build_dataset_registry_excludes_views_when_requested" time="6.276" /><testcase classname="tests.storage.test_subsystem_view_schema_drift" name="test_subsystem_docs_views_schema_stable" time="0.094" /><testcase classname="tests.storage.test_registry_helpers" name="test_build_dataset_registry_includes_jsonl_mapping" time="6.258" /><testcase classname="tests.test_core_dependency_hygiene" name="test_core_imports_are_stdlib_only" time="0.001" /><testcase classname="tests.storage.test_registry_helpers" name="test_describe_all_datasets_returns_serializable_list" time="6.323" /><testcase classname="tests.test_layering_serving_imports" name="test_no_pipeline_imports_in_middle_packages" time="0.848" /><testcase classname="tests.storage.test_registry_helpers" name="test_build_dataset_registry_includes_parquet_mapping" time="6.311" /><testcase classname="tests.test_tests_analytics_unit" name="test_backfill_test_goids_updates_catalog" time="1.682" /><testcase classname="tests.storage.test_registry_helpers" name="test_build_dataset_registry_includes_meta" time="6.325" /><testcase classname="tests.storage.test_run_tracking" name="test_complete_run_updates_status" time="6.333" /><testcase classname="tests.storage.test_run_tracking" name="test_fetch_run_returns_record" time="6.279" /><testcase classname="tests.storage.test_run_tracking" name="test_record_step_inserts_step" time="6.285" /><testcase classname="tests.storage.test_run_tracking" name="test_fetch_steps_returns_list" time="6.283" /><testcase classname="tests.storage.test_run_tracking" name="test_fetch_steps_orders_by_module_stage_name" time="6.270" /><testcase classname="tests.storage.test_run_tracking" name="test_start_step_returns_timestamp" time="6.302" /><testcase classname="tests.storage.test_run_tracking" name="test_record_step_with_none_row_counts" time="6.356" /><testcase classname="tests.storage.test_run_tracking" name="test_complete_step_updates_step" time="6.417" /><testcase classname="tests.storage.test_schema_alignment" name="test_ensure_schemas_preserve_creates_tables_idempotently" time="6.429" /><testcase classname="tests.storage.test_schema_alignment" name="test_apply_and_validate_schema_alignment" time="6.599" /><testcase classname="tests.storage.test_schema_alignment" name="test_assert_schema_alignment_detects_drift_nonstrict" time="6.497" /><testcase classname="tests.storage.test_schema_alignment" name="test_ensure_schemas_preserve_with_extra_ddl" time="6.386" /><testcase classname="tests.storage.test_schema_function_validation" name="test_apply_all_schemas_creates_function_validation" time="6.322" /><testcase classname="tests.test_tests_analytics_unit" name="test_compute_test_coverage_edges_with_real_coverage" time="5.096" /><testcase classname="tests.test_callgraph_alias_resolution" name="test_callgraph_resolves_import_alias" time="6.031" /></testsuite></testsuites>