<?xml version="1.0" encoding="utf-8"?><testsuites name="pytest tests"><testsuite name="pytest" errors="0" failures="1" skipped="0" tests="1" time="19.270" timestamp="2025-12-13T08:09:47.464570-05:00" hostname="paul-X870-AORUS-ELITE-WIFI7"><testcase classname="tests.docs_export.test_export_validation_flag" name="test_docs_export_validation_flag_triggers_schema_check" time="5.513"><failure message="Failed: Expected validation failure message in stderr">tmp_path = PosixPath('/tmp/pytest-of-paul/pytest-9/popen-gw0/test_docs_export_validation_fl0')

    def test_docs_export_validation_flag_triggers_schema_check(tmp_path: Path) -&gt; None:
        """Verify docs export honors validation toggle and surfaces failures."""
        db_path = tmp_path / "db.duckdb"
        _seed_invalid_function_profile(db_path, tmp_path)
    
        output_dir = tmp_path / "out_validate"
        args_validate = [
            "docs",
            "export",
            "--repo-root",
            str(tmp_path),
            "--repo",
            "demo/repo",
            "--commit",
            "deadbeef",
            "--db-path",
            str(db_path),
            "--build-dir",
            str(tmp_path / "build"),
            "--document-output-dir",
            str(output_dir),
            "--skip-prereqs",
            "--validate",
        ]
        result = run_cli(args_validate)
        if result.exit_code != 1:
            pytest.fail(f"Expected validation failure exit code 1, got {result.exit_code}")
        if "Validation failed" not in result.stderr:
&gt;           pytest.fail("Expected validation failure message in stderr")
E           Failed: Expected validation failure message in stderr

tests/docs_export/test_export_validation_flag.py:133: Failed</failure></testcase></testsuite></testsuites>