<?xml version="1.0" encoding="utf-8"?><testsuites name="pytest tests"><testsuite name="pytest" errors="0" failures="2" skipped="0" tests="2" time="9.882" timestamp="2025-12-09T01:02:01.744527-05:00" hostname="paul-X870-AORUS-ELITE-WIFI7"><testcase classname="tests.serving.mcp.test_mcp_backend_comprehensive" name="test_http_backend_retry_and_circuit_breaker" time="0.004"><failure message="AttributeError: 'HttpBackend' object has no attribute 'request_json'">def test_http_backend_retry_and_circuit_breaker() -&gt; None:
        """Cover retry path and circuit-open guard."""
        backend = make_http_backend_with_responses(
            [
                (200, {"ok": True}),  # health
                (
                    500,
                    {
                        "type": "about:blank",
                        "title": "retry",
                        "detail": "server error",
                        "status": 500,
                    },
                ),
                (200, {"ok": True}),
            ],
            retry_attempts=2,
            backoff=0.0,
            circuit_threshold=1,
            circuit_cooldown_s=100.0,
        )
    
&gt;       payload = backend.request_json("/functions/high-risk", {})
                  ^^^^^^^^^^^^^^^^^^^^
E       AttributeError: 'HttpBackend' object has no attribute 'request_json'

tests/serving/mcp/test_mcp_backend_comprehensive.py:1764: AttributeError</failure></testcase><testcase classname="tests.serving.mcp.test_mcp_backend_comprehensive" name="test_http_backend_health_and_request_success" time="0.002"><failure message="TypeError: '&gt;=' not supported between instances of 'int' and 'NoneType'">def test_http_backend_health_and_request_success() -&gt; None:
        """Verify HttpBackend health check and successful JSON request."""
&gt;       backend = make_http_backend_with_responses(
            [
                (200, {"ok": True}),
                (200, {"ok": True}),
            ]
        )

tests/serving/mcp/test_mcp_backend_comprehensive.py:1731: 
_ _ _ _ _ _ _ _ _ _ _ _ _ _ _ _ _ _ _ _ _ _ _ _ _ _ _ _ _ _ _ _ _ _ _ _ _ _ _ _ 
tests/_helpers/http_backend.py:37: in make_http_backend_with_responses
    return HttpBackend(
&lt;string&gt;:15: in __init__
    ???
src/codeintel/serving/mcp/backend.py:762: in __post_init__
    self._verify_health()
src/codeintel/serving/mcp/backend.py:843: in _verify_health
    _ = self._request_json("/health", {})
        ^^^^^^^^^^^^^^^^^^^^^^^^^^^^^^^^^
_ _ _ _ _ _ _ _ _ _ _ _ _ _ _ _ _ _ _ _ _ _ _ _ _ _ _ _ _ _ _ _ _ _ _ _ _ _ _ _ 

self = &lt;[AttributeError("'HttpBackend' object has no attribute 'service'") raised in repr()] HttpBackend object at 0x76e7f8bf9a90&gt;
path = '/health', params = {}

    def _request_json(self, path: str, params: dict[str, object]) -&gt; object:
        if self.client is None:
            message = "HTTP client is not initialized"
            raise errors.backend_failure(message)
        filtered_params = {k: v for k, v in params.items() if v is not None}
        normalized_params = {k: str(v) for k, v in filtered_params.items()}
        now = time.monotonic()
        if (
&gt;           self.consecutive_failures &gt;= self.circuit_threshold
            and self.last_failure_ts is not None
            and now - self.last_failure_ts &lt; self.circuit_cooldown_s
        ):
E       TypeError: '&gt;=' not supported between instances of 'int' and 'NoneType'

src/codeintel/serving/mcp/backend.py:792: TypeError</failure></testcase></testsuite></testsuites>