<?xml version="1.0" encoding="utf-8"?><testsuites name="pytest tests"><testsuite name="pytest" errors="0" failures="1" skipped="15" tests="23" time="17.643" timestamp="2025-12-13T17:21:39.407459-05:00" hostname="paul-X870-AORUS-ELITE-WIFI7"><testcase classname="tests.serving.services.test_functions_delegates" name="test_http_function_mixin_normalization_and_retry_metrics" time="0.002" /><testcase classname="tests.serving.services.test_functions_delegates" name="test_http_function_mixin_clamp_short_circuits" time="0.002"><failure message="pydantic_core._pydantic_core.ValidationError: 1 validation error for ResponseMeta&#10;messages.0&#10;  Input should be a valid dictionary or instance of Message [type=model_type, input_value=Message(code='limit_inval...ve, got -1', context={}), input_type=Message]&#10;    For further information visit https://errors.pydantic.dev/2.12/v/model_type">def test_http_function_mixin_clamp_short_circuits() -&gt; None:
        """Ensure HTTP mixin returns empty responses when clamp_limit errors."""
        requester = RequestRecorder({})
        http_funcs = HttpFunctionHarness(
            limits=BackendLimits(default_limit=1, max_rows_per_call=1),
            observability=None,
            requester=requester,
        )
    
&gt;       high_risk = http_funcs.list_high_risk_functions(limit=-1)
                    ^^^^^^^^^^^^^^^^^^^^^^^^^^^^^^^^^^^^^^^^^^^^^

tests/serving/services/test_functions_delegates.py:501: 
_ _ _ _ _ _ _ _ _ _ _ _ _ _ _ _ _ _ _ _ _ _ _ _ _ _ _ _ _ _ _ _ _ _ _ _ _ _ _ _ 
src/codeintel/serving/services/functions.py:185: in list_high_risk_functions
    return self._http_query(
src/codeintel/serving/services/transport.py:413: in _http_query
    pydantic_resp: ResponseT = self._http_call(name, _run, dataset=dataset)
                               ^^^^^^^^^^^^^^^^^^^^^^^^^^^^^^^^^^^^^^^^^^^^
src/codeintel/serving/services/transport.py:316: in _http_call
    result = _observe_call(
src/codeintel/serving/services/observability.py:257: in _observe_call
    result = func()
             ^^^^^^
_ _ _ _ _ _ _ _ _ _ _ _ _ _ _ _ _ _ _ _ _ _ _ _ _ _ _ _ _ _ _ _ _ _ _ _ _ _ _ _ 

    def _run() -&gt; ResponseT:
        request_params = dict(params)
        if empty_data is not None:
            clamped = clamp_limits(self.limits, limit, offset)
            if clamped.has_error:
                # Add error messages to empty response
                if hasattr(empty_data, "meta"):
&gt;                   empty_data.meta = ResponseMeta(messages=clamped.messages)  # type: ignore[union-attr]
                                      ^^^^^^^^^^^^^^^^^^^^^^^^^^^^^^^^^^^^^^^
E                   pydantic_core._pydantic_core.ValidationError: 1 validation error for ResponseMeta
E                   messages.0
E                     Input should be a valid dictionary or instance of Message [type=model_type, input_value=Message(code='limit_inval...ve, got -1', context={}), input_type=Message]
E                       For further information visit https://errors.pydantic.dev/2.12/v/model_type

src/codeintel/serving/services/transport.py:400: ValidationError</failure></testcase><testcase classname="tests.serving.services.test_functions_delegates" name="test_function_delegates_normalize_payloads_and_scope" time="0.942" /><testcase classname="tests.serving.services.test_functions_delegates" name="test_get_import_boundary_returns_domain_result" time="3.985"><skipped type="pytest.skip" message="No goid available in seeded analytics data">/home/paul/CodeIntel/tests/serving/services/test_functions_delegates.py:285: No goid available in seeded analytics data</skipped></testcase><testcase classname="tests.serving.services.test_functions_delegates" name="test_get_tests_for_function_returns_domain_result" time="4.038"><skipped type="pytest.skip" message="No goid available in seeded analytics data">/home/paul/CodeIntel/tests/serving/services/test_functions_delegates.py:217: No goid available in seeded analytics data</skipped></testcase><testcase classname="tests.serving.services.test_functions_delegates" name="test_get_file_summary_returns_domain_result" time="4.061"><skipped type="pytest.skip" message="No goid available in seeded analytics data">/home/paul/CodeIntel/tests/serving/services/test_functions_delegates.py:319: No goid available in seeded analytics data</skipped></testcase><testcase classname="tests.serving.services.test_functions_delegates" name="test_get_function_summary_returns_domain_result" time="4.065"><skipped type="pytest.skip" message="No goid available in seeded analytics data">/home/paul/CodeIntel/tests/serving/services/test_functions_delegates.py:67: No goid available in seeded analytics data</skipped></testcase><testcase classname="tests.serving.services.test_functions_delegates" name="test_list_high_risk_functions_returns_domain_result" time="4.274" /><testcase classname="tests.serving.services.test_functions_delegates" name="test_get_function_summary_with_rel_path_qualname" time="4.161"><skipped type="pytest.skip" message="No goid available in seeded analytics data">/home/paul/CodeIntel/tests/serving/services/test_functions_delegates.py:97: No goid available in seeded analytics data</skipped></testcase><testcase classname="tests.serving.services.test_functions_delegates" name="test_list_high_risk_functions_with_tested_only" time="4.324" /><testcase classname="tests.serving.services.test_functions_delegates" name="test_get_callgraph_neighbors_returns_domain_result" time="4.253"><skipped type="pytest.skip" message="No goid available in seeded analytics data">/home/paul/CodeIntel/tests/serving/services/test_functions_delegates.py:166: No goid available in seeded analytics data</skipped></testcase><testcase classname="tests.serving.services.test_functions_delegates" name="test_get_tests_for_function_with_urn" time="4.269"><skipped type="pytest.skip" message="No goid available in seeded analytics data">/home/paul/CodeIntel/tests/serving/services/test_functions_delegates.py:232: No goid available in seeded analytics data</skipped></testcase><testcase classname="tests.serving.services.test_functions_delegates" name="test_get_callgraph_neighbors_direction_outgoing" time="4.277"><skipped type="pytest.skip" message="No goid available in seeded analytics data">/home/paul/CodeIntel/tests/serving/services/test_functions_delegates.py:199: No goid available in seeded analytics data</skipped></testcase><testcase classname="tests.serving.services.test_functions_delegates" name="test_get_callgraph_neighborhood_returns_domain_result" time="4.320"><skipped type="pytest.skip" message="No goid available in seeded analytics data">/home/paul/CodeIntel/tests/serving/services/test_functions_delegates.py:247: No goid available in seeded analytics data</skipped></testcase><testcase classname="tests.serving.services.test_functions_delegates" name="test_get_import_boundary_with_max_edges" time="4.338"><skipped type="pytest.skip" message="No goid available in seeded analytics data">/home/paul/CodeIntel/tests/serving/services/test_functions_delegates.py:300: No goid available in seeded analytics data</skipped></testcase><testcase classname="tests.serving.services.test_functions_delegates" name="test_get_function_summary_not_found" time="4.478" /><testcase classname="tests.serving.services.test_functions_delegates" name="test_get_import_boundary_nonexistent_subsystem" time="4.352" /><testcase classname="tests.serving.services.test_functions_delegates" name="test_get_function_summary_with_urn" time="4.371"><skipped type="pytest.skip" message="No goid available in seeded analytics data">/home/paul/CodeIntel/tests/serving/services/test_functions_delegates.py:82: No goid available in seeded analytics data</skipped></testcase><testcase classname="tests.serving.services.test_functions_delegates" name="test_list_high_risk_functions_with_limit" time="4.566" /><testcase classname="tests.serving.services.test_functions_delegates" name="test_get_callgraph_neighbors_with_limit" time="4.419"><skipped type="pytest.skip" message="No goid available in seeded analytics data">/home/paul/CodeIntel/tests/serving/services/test_functions_delegates.py:349: No goid available in seeded analytics data</skipped></testcase><testcase classname="tests.serving.services.test_functions_delegates" name="test_get_tests_for_function_with_limit" time="4.433"><skipped type="pytest.skip" message="No goid available in seeded analytics data">/home/paul/CodeIntel/tests/serving/services/test_functions_delegates.py:368: No goid available in seeded analytics data</skipped></testcase><testcase classname="tests.serving.services.test_functions_delegates" name="test_get_callgraph_neighbors_direction_incoming" time="4.493"><skipped type="pytest.skip" message="No goid available in seeded analytics data">/home/paul/CodeIntel/tests/serving/services/test_functions_delegates.py:181: No goid available in seeded analytics data</skipped></testcase><testcase classname="tests.serving.services.test_functions_delegates" name="test_get_callgraph_neighborhood_with_max_nodes" time="4.509"><skipped type="pytest.skip" message="No goid available in seeded analytics data">/home/paul/CodeIntel/tests/serving/services/test_functions_delegates.py:265: No goid available in seeded analytics data</skipped></testcase></testsuite></testsuites>