<?xml version="1.0" encoding="utf-8"?><testsuites name="pytest tests"><testsuite name="pytest" errors="0" failures="0" skipped="0" tests="51" time="15.375" timestamp="2025-12-05T01:59:06.480291-05:00" hostname="paul-X870-AORUS-ELITE-WIFI7"><testcase classname="tests.core.build.test_targets.TestOutputTarget" name="test_create_target_with_all_fields" time="0.001" /><testcase classname="tests.core.build.test_registry.TestTargetsByModule" name="test_graphs_targets_exist" time="0.002" /><testcase classname="tests.core.build.test_targets.TestTargetGraph" name="test_get_nonexistent_raises" time="0.001" /><testcase classname="tests.core.build.test_registry.TestTargetRegistry" name="test_all_targets_have_tables" time="0.001" /><testcase classname="tests.core.build.test_targets.TestTargetGraph" name="test_validate_missing_dependency" time="0.000" /><testcase classname="tests.core.build.test_targets.TestTargetGraph" name="test_register_duplicate_raises" time="0.002" /><testcase classname="tests.core.build.test_registry.TestTargetRegistry" name="test_all_targets_not_empty" time="0.001" /><testcase classname="tests.core.build.test_targets.TestTargetGraph" name="test_dependents_of" time="0.000" /><testcase classname="tests.core.build.test_registry.TestTargetRegistry" name="test_modules_target_has_no_dependencies" time="0.001" /><testcase classname="tests.core.build.test_targets.TestTargetGraph" name="test_get_target" time="0.001" /><testcase classname="tests.core.build.test_registry" name="test_key_targets_are_registered[goids]" time="0.003" /><testcase classname="tests.core.build.test_targets.TestTargetGraph" name="test_topological_order_simple" time="0.000" /><testcase classname="tests.core.build.test_registry" name="test_key_targets_are_registered[call_graph]" time="0.002" /><testcase classname="tests.core.build.test_registry" name="test_key_targets_are_registered[ast]" time="0.002" /><testcase classname="tests.core.build.test_targets.TestOutputTarget" name="test_target_is_frozen" time="0.001" /><testcase classname="tests.core.build.test_registry" name="test_key_targets_are_registered[scip]" time="0.002" /><testcase classname="tests.core.build.test_targets.TestTargetGraph" name="test_transitive_deps" time="0.001" /><testcase classname="tests.core.build.test_targets.TestTargetGraph" name="test_all_targets" time="0.001" /><testcase classname="tests.core.build.test_registry.TestTargetRegistry" name="test_profiles_target_has_dependencies" time="0.001" /><testcase classname="tests.core.build.test_targets.TestTargetGraph" name="test_topological_order_multiple_roots" time="0.001" /><testcase classname="tests.core.build.test_registry" name="test_key_targets_are_registered[profiles]" time="0.002" /><testcase classname="tests.core.build.test_registry.TestTargetRegistry" name="test_ingestion_targets_come_before_graphs" time="0.002" /><testcase classname="tests.core.build.test_registry.TestTargetRegistry" name="test_build_target_graph_succeeds" time="0.002" /><testcase classname="tests.core.build.test_targets.TestTargetGraph" name="test_topological_order_cycle_raises" time="0.001" /><testcase classname="tests.core.build.test_registry.TestTargetsByModule" name="test_ingestion_targets_exist" time="0.002" /><testcase classname="tests.core.build.test_registry.TestTargetRegistry" name="test_topological_order_includes_all_deps" time="0.002" /><testcase classname="tests.core.build.test_registry.TestTargetsByModule" name="test_analytics_targets_exist" time="0.002" /><testcase classname="tests.core.build.test_targets.TestOutputTarget" name="test_create_target_with_required_fields" time="0.001" /><testcase classname="tests.core.build.test_registry.TestTargetsByModule" name="test_module_distribution_reasonable" time="0.002" /><testcase classname="tests.core.build.test_registry.TestTargetRegistry" name="test_all_targets_have_valid_modules" time="0.001" /><testcase classname="tests.core.build.test_targets.TestTargetGraph" name="test_validate_valid_graph" time="0.000" /><testcase classname="tests.core.build.test_registry.TestTargetRegistry" name="test_no_cycles_in_registry" time="0.002" /><testcase classname="tests.core.build.test_targets.TestTargetGraph" name="test_dependencies_of" time="0.001" /><testcase classname="tests.core.build.test_registry.TestTargetRegistry" name="test_get_target_graph_is_cached" time="0.002" /><testcase classname="tests.core.build.test_targets.TestTargetGraph" name="test_targets_for_module" time="0.000" /><testcase classname="tests.core.build.test_registry.TestTargetRegistry" name="test_target_names_are_unique" time="0.001" /><testcase classname="tests.core.build.test_targets.TestTargetGraph" name="test_iterate_over_graph" time="0.000" /><testcase classname="tests.core.build.test_targets.TestTargetGraph" name="test_register_target" time="0.001" /><testcase classname="tests.core.build.test_registry" name="test_key_targets_are_registered[function_metrics]" time="0.002" /><testcase classname="tests.core.build.test_registry" name="test_key_targets_are_registered[modules]" time="0.002" /><testcase classname="tests.storage.tracking.test_build_tracking.TestBuildRunOperations" name="test_start_and_fetch_run" time="6.420" /><testcase classname="tests.storage.tracking.test_build_tracking.TestBuildRunOperations" name="test_complete_run_succeeded" time="6.456" /><testcase classname="tests.storage.tracking.test_build_tracking.TestBuildRunOperations" name="test_complete_run_failed" time="6.460" /><testcase classname="tests.storage.tracking.test_build_tracking.TestBuildRunOperations" name="test_list_runs" time="6.472" /><testcase classname="tests.storage.tracking.test_build_tracking.TestOutputManifestOperations" name="test_delete_manifests" time="6.495" /><testcase classname="tests.storage.tracking.test_build_tracking.TestOutputManifestOperations" name="test_list_manifests" time="6.486" /><testcase classname="tests.storage.tracking.test_build_tracking.TestBuildRunOperations" name="test_list_runs_with_limit" time="6.499" /><testcase classname="tests.storage.tracking.test_build_tracking.TestOutputManifestOperations" name="test_save_and_load_manifest" time="6.497" /><testcase classname="tests.storage.tracking.test_build_tracking.TestOutputManifestOperations" name="test_load_nonexistent_manifest" time="6.487" /><testcase classname="tests.storage.tracking.test_build_tracking.TestBuildRunOperations" name="test_fetch_nonexistent_run" time="6.489" /><testcase classname="tests.storage.tracking.test_build_tracking.TestOutputManifestOperations" name="test_upsert_manifest" time="6.514" /></testsuite></testsuites>