<?xml version="1.0" encoding="utf-8"?><testsuites name="pytest tests"><testsuite name="pytest" errors="0" failures="3" skipped="2" tests="673" time="30.842" timestamp="2025-12-13T22:15:30.489514-05:00" hostname="paul-X870-AORUS-ELITE-WIFI7"><testcase classname="tests.core.config.test_accessor" name="test_optional_config_retrieval_polymorphic" time="0.001" /><testcase classname="tests.core.concurrency.test_workers.TestWorkerConfig" name="test_default_values" time="0.001" /><testcase classname="tests.core.execution.test_errors" name="test_plugin_catchable_errors_can_catch" time="0.001" /><testcase classname="tests.core.paths.test_paths.TestNormalizePath" name="test_removes_leading_dot_slash" time="0.001" /><testcase classname="tests.core.config.test_config_registry" name="test_config_registry_get_optional_returns_none" time="0.001" /><testcase classname="tests.core.config.test_config_registry" name="test_config_registry_types" time="0.001" /><testcase classname="tests.core.execution.test_errors" name="test_plugin_timeout_error_message_with_elapsed" time="0.001" /><testcase classname="tests.core.config.test_accessor" name="test_config_provider_has_returns_true" time="0.001" /><testcase classname="tests.core.execution.test_run_context.TestNewRunId" name="test_uniqueness" time="0.002" /><testcase classname="tests.core.config.test_accessor" name="test_config_accessor_is_runtime_checkable" time="0.001" /><testcase classname="tests.core.config.test_accessor" name="test_config_provider_has_returns_false" time="0.000" /><testcase classname="tests.core.config.test_accessor" name="test_config_provider_get_registered" time="0.001" /><testcase classname="tests.core.plugins.test_metadata.TestCorePluginMetadata" name="test_all_tables_property" time="0.001" /><testcase classname="tests.core.concurrency.test_workers.TestResolveWorkerCount" name="test_env_var_override" time="0.001" /><testcase classname="tests.core.concurrency.test_workers.TestResolveWorkerCount" name="test_invalid_env_var_ignored" time="0.001" /><testcase classname="tests.core.execution.test_errors" name="test_plugin_skipped_error_inherits_from_exception" time="0.001" /><testcase classname="tests.core.execution.test_errors" name="test_plugin_skipped_error_can_be_raised" time="0.000" /><testcase classname="tests.core.execution.test_errors" name="test_plugin_skipped_error_various_reasons" time="0.000" /><testcase classname="tests.core.config.test_accessor" name="test_config_presence_check_polymorphic" time="0.000" /><testcase classname="tests.core.config.test_config_registry" name="test_config_registry_empty_by_default" time="0.000" /><testcase classname="tests.core.execution.test_errors" name="test_plugin_timeout_error_inherits_from_exception" time="0.000" /><testcase classname="tests.core.config.test_config_registry" name="test_config_registry_register_and_get" time="0.000" /><testcase classname="tests.core.execution.test_errors" name="test_plugin_timeout_error_can_be_raised" time="0.000" /><testcase classname="tests.core.execution.test_errors" name="test_plugin_skipped_error_basic" time="0.000" /><testcase classname="tests.core.paths.test_paths.TestModuleToPath" name="test_simple_module" time="0.001" /><testcase classname="tests.core.paths.test_paths.TestModuleToPath" name="test_package_path" time="0.000" /><testcase classname="tests.core.paths.test_paths.TestModuleToPath" name="test_nested_module" time="0.000" /><testcase classname="tests.core.paths.test_paths.TestIsPackagePath" name="test_init_file" time="0.000" /><testcase classname="tests.core.execution.test_run_context.TestRunKindValues" name="test_all_run_kinds" time="0.001" /><testcase classname="tests.core.execution.test_run_context.TestTriggerKindValues" name="test_all_trigger_kinds" time="0.000" /><testcase classname="tests.core.paths.test_paths.TestNormalizePath" name="test_forward_slashes" time="0.001" /><testcase classname="tests.core.paths.test_paths.TestNormalizePath" name="test_simple_path" time="0.000" /><testcase classname="tests.core.plugins.test_metadata.TestCorePluginMetadata" name="test_empty_name_raises" time="0.001" /><testcase classname="tests.core.plugins.test_metadata.TestCorePluginMetadata" name="test_empty_version_raises" time="0.000" /><testcase classname="tests.core.plugins.test_metadata.TestCorePluginMetadata" name="test_metadata_is_frozen" time="0.000" /><testcase classname="tests.core.config.test_accessor" name="test_config_provider_get_raises_for_missing" time="0.001" /><testcase classname="tests.core.config.test_accessor" name="test_config_provider_get_optional_returns_config" time="0.000" /><testcase classname="tests.core.paths.test_paths.TestEnsureRepoRoot" name="test_returns_path" time="0.000" /><testcase classname="tests.core.paths.test_paths.TestEnsureRepoRoot" name="test_absolute_path" time="0.000" /><testcase classname="tests.core.paths.test_paths.TestEnsureRepoRoot" name="test_resolves_path" time="0.000" /><testcase classname="tests.core.plugins.test_options.TestEmptyConfigSource" name="test_implements_protocol" time="0.001" /><testcase classname="tests.core.plugins.test_options.TestPluginOptionsResolver" name="test_with_empty_source_uses_defaults" time="0.001" /><testcase classname="tests.core.plugins.test_options.TestPluginOptionsResolver" name="test_with_config_overrides_defaults" time="0.000" /><testcase classname="tests.core.execution.test_run_context.TestNewRunId" name="test_default_prefix" time="0.000" /><testcase classname="tests.core.execution.test_run_context.TestNewRunContext" name="test_graphs_kind_prefix" time="0.002" /><testcase classname="tests.core.execution.test_run_context.TestNewRunContext" name="test_analytics_kind_prefix" time="0.001" /><testcase classname="tests.core.execution.test_run_context.TestNewRunContext" name="test_preserves_snapshot" time="0.001" /><testcase classname="tests.core.execution.test_run_context.TestNewRunContext" name="test_requested_operation" time="0.001" /><testcase classname="tests.core.paths.test_paths.TestSafeRelpath" name="test_relative_path" time="0.001" /><testcase classname="tests.core.paths.test_paths.TestSafeRelpath" name="test_fallback_to_absolute" time="0.000" /><testcase classname="tests.core.paths.test_paths.TestSafeRelpath" name="test_string_inputs" time="0.000" /><testcase classname="tests.core.paths.test_paths.TestPathToModule" name="test_simple_module" time="0.000" /><testcase classname="tests.core.execution.test_run_context.TestNewRunId" name="test_hex_suffix_length" time="0.000" /><testcase classname="tests.core.execution.test_run_context.TestRunContext" name="test_construction" time="0.001" /><testcase classname="tests.core.execution.test_run_context.TestRunContext" name="test_with_operation" time="0.001" /><testcase classname="tests.core.execution.test_errors" name="test_plugin_fatal_error_with_chained_exception" time="0.002" /><testcase classname="tests.core.execution.test_errors" name="test_plugin_fatal_error_preserves_record" time="0.000" /><testcase classname="tests.core.execution.test_errors" name="test_plugin_timeout_error_basic" time="0.000" /><testcase classname="tests.core.execution.test_errors" name="test_plugin_timeout_error_message_basic" time="0.000" /><testcase classname="tests.core.config.test_accessor" name="test_config_registry_get_optional_as_accessor" time="0.001" /><testcase classname="tests.core.config.test_accessor" name="test_config_registry_has_as_accessor" time="0.000" /><testcase classname="tests.core.config.test_accessor" name="test_config_registry_register_as_accessor" time="0.000" /><testcase classname="tests.core.config.test_accessor" name="test_function_accepting_accessor_with_provider" time="0.000" /><testcase classname="tests.core.concurrency.test_workers.TestWorkerPool" name="test_process_pool_context" time="0.003" /><testcase classname="tests.core.concurrency.test_workers.TestWorkerPool" name="test_executor_shutdown_on_exit" time="0.001" /><testcase classname="tests.core.concurrency.test_workers.TestExecutorFactory" name="test_creates_factory" time="0.000" /><testcase classname="tests.core.concurrency.test_workers.TestExecutorFactory" name="test_factory_creates_thread_executor" time="0.000" /><testcase classname="tests.core.config.test_config_registry" name="test_config_type_error" time="0.001" /><testcase classname="tests.core.config.test_config_registry" name="test_config_validation_error" time="0.000" /><testcase classname="tests.core.execution.test_errors" name="test_plugin_catchable_errors_is_tuple" time="0.000" /><testcase classname="tests.core.execution.test_errors" name="test_plugin_catchable_errors_contains_exception_types" time="0.000" /><testcase classname="tests.core.paths.test_paths.TestRepoRelpath" name="test_basic_relpath" time="0.001" /><testcase classname="tests.core.paths.test_paths.TestRepoRelpath" name="test_nested_path" time="0.000" /><testcase classname="tests.core.paths.test_paths.TestRepoRelpath" name="test_posix_format" time="0.000" /><testcase classname="tests.core.paths.test_paths.TestRepoRelpath" name="test_not_under_root_raises" time="0.001" /><testcase classname="tests.core.concurrency.test_workers.TestWorkerConfig" name="test_custom_values" time="0.000" /><testcase classname="tests.core.concurrency.test_workers.TestWorkerConfig" name="test_frozen" time="0.000" /><testcase classname="tests.core.concurrency.test_workers.TestResolveWorkerCount" name="test_explicit_count_takes_precedence" time="0.000" /><testcase classname="tests.core.execution.test_errors" name="test_plugin_fatal_error_construction" time="0.001" /><testcase classname="tests.core.execution.test_errors" name="test_plugin_fatal_error_message" time="0.000" /><testcase classname="tests.core.execution.test_errors" name="test_plugin_fatal_error_inherits_from_exception" time="0.000" /><testcase classname="tests.core.plugins.test_options.TestPluginOptionsResolver" name="test_dynamic_overrides" time="0.000" /><testcase classname="tests.core.config.test_config_registry" name="test_config_registry_get_optional_returns_config" time="0.000" /><testcase classname="tests.core.config.test_config_registry" name="test_config_registry_has" time="0.000" /><testcase classname="tests.core.config.test_config_registry" name="test_config_registry_remove_existing" time="0.000" /><testcase classname="tests.core.config.test_accessor" name="test_config_provider_register_adds_config" time="0.000" /><testcase classname="tests.core.config.test_accessor" name="test_config_provider_initialized_with_configs" time="0.000" /><testcase classname="tests.core.paths.test_paths.TestPathToModule" name="test_nested_init" time="0.001" /><testcase classname="tests.core.paths.test_paths.TestPathToModule" name="test_no_extension" time="0.000" /><testcase classname="tests.core.paths.test_paths.TestPathToModule" name="test_backslashes" time="0.000" /><testcase classname="tests.core.paths.test_paths.TestRelpathToModule" name="test_is_alias" time="0.000" /><testcase classname="tests.core.config.test_config_registry" name="test_config_registry_clear" time="0.001" /><testcase classname="tests.core.config.test_config_registry" name="test_config_registry_register_type_mismatch" time="0.000" /><testcase classname="tests.core.config.test_config_registry" name="test_config_registry_multiple_types" time="0.000" /><testcase classname="tests.core.config.test_config_registry" name="test_config_registry_register_validator" time="0.000" /><testcase classname="tests.core.execution.test_run_context.TestRunContext" name="test_repo_property" time="0.002" /><testcase classname="tests.core.execution.test_run_context.TestRunContext" name="test_commit_property" time="0.001" /><testcase classname="tests.core.execution.test_run_context.TestRunContext" name="test_frozen" time="0.001" /><testcase classname="tests.core.execution.test_run_context.TestNewRunContext" name="test_generates_run_id" time="0.001" /><testcase classname="tests.core.plugins.test_options.TestPluginConfigBundle" name="test_get_existing_plugin" time="0.002" /><testcase classname="tests.core.plugins.test_options.TestPluginConfigBundle" name="test_get_missing_plugin" time="0.000" /><testcase classname="tests.core.plugins.test_options.TestPluginConfigBundle" name="test_none_plugin_options" time="0.000" /><testcase classname="tests.core.plugins.test_options.TestProfiledConfigSource" name="test_base_only" time="0.000" /><testcase classname="tests.core.config.test_config_registry" name="test_config_registry_as_mapping" time="0.000" /><testcase classname="tests.core.config.test_config_registry" name="test_config_registry_copy" time="0.000" /><testcase classname="tests.core.config.test_config_registry" name="test_config_registry_copy_includes_validators" time="0.000" /><testcase classname="tests.core.concurrency.test_workers.TestCreateExecutor" name="test_thread_executor" time="0.001" /><testcase classname="tests.core.concurrency.test_workers.TestCreateExecutor" name="test_process_executor" time="0.001" /><testcase classname="tests.core.concurrency.test_workers.TestCreateExecutor" name="test_default_config" time="0.000" /><testcase classname="tests.core.concurrency.test_workers.TestCreateExecutor" name="test_env_var_in_config" time="0.000" /><testcase classname="tests.core.config.test_config_registry" name="test_config_registry_validate_all" time="0.001" /><testcase classname="tests.core.config.test_config_registry" name="test_config_registry_validate_all_raises" time="0.000" /><testcase classname="tests.core.config.test_config_registry" name="test_config_registry_len" time="0.000" /><testcase classname="tests.core.config.test_config_registry" name="test_config_registry_iter" time="0.000" /><testcase classname="tests.core.paths.test_paths.TestIsPackagePath" name="test_nested_init" time="0.001" /><testcase classname="tests.core.paths.test_paths.TestIsPackagePath" name="test_standalone_init" time="0.000" /><testcase classname="tests.core.paths.test_paths.TestIsPackagePath" name="test_path_object" time="0.000" /><testcase classname="tests.core.paths.test_paths.TestImportsWork" name="test_all_functions_importable" time="0.000" /><testcase classname="tests.core.concurrency.test_workers.TestExecutorFactory" name="test_factory_creates_new_executor_each_call" time="0.001" /><testcase classname="tests.core.concurrency.test_workers.TestConstants" name="test_default_max_workers" time="0.000" /><testcase classname="tests.core.concurrency.test_workers.TestConstants" name="test_default_min_workers" time="0.000" /><testcase classname="tests.core.config.test_accessor" name="test_config_provider_implements_accessor" time="0.001" /><testcase classname="tests.core.concurrency.test_workers.TestResolveWorkerCount" name="test_zero_explicit_count_uses_default" time="0.000" /><testcase classname="tests.core.concurrency.test_workers.TestResolveWorkerCount" name="test_negative_explicit_count_uses_default" time="0.000" /><testcase classname="tests.core.plugins.test_metadata.TestPluginDomain" name="test_domain_is_string_enum" time="0.001" /><testcase classname="tests.core.plugins.test_metadata.TestCorePluginMetadata" name="test_minimal_metadata" time="0.001" /><testcase classname="tests.core.plugins.test_metadata.TestCorePluginMetadata" name="test_full_metadata" time="0.001" /><testcase classname="tests.core.plugins.test_metadata.TestCorePluginMetadata" name="test_has_options_without_model" time="0.000" /><testcase classname="tests.core.config.test_config_registry" name="test_config_registry_get_raises_config_not_found" time="0.000" /><testcase classname="tests.core.execution.test_errors" name="test_plugin_skipped_error_message" time="0.000" /><testcase classname="tests.core.concurrency.test_workers.TestResolveWorkerCount" name="test_custom_min_max" time="0.000" /><testcase classname="tests.core.plugins.test_options.TestProfiledConfigSource" name="test_cli_overrides_profile" time="0.001" /><testcase classname="tests.core.paths.test_paths.TestIsPackagePath" name="test_regular_file" time="0.000" /><testcase classname="tests.core.plugins.test_profiles.TestExecutionProfile" name="test_get_plugin_options_missing" time="0.000" /><testcase classname="tests.core.plugins.test_options.TestProfiledConfigSource" name="test_profile_not_applied_without_active_name" time="0.000" /><testcase classname="tests.core.plugins.test_profiles.TestBuiltinProfiles" name="test_ci_profile_has_balanced_settings" time="0.000" /><testcase classname="tests.core.concurrency.test_workers.TestWorkerPool" name="test_thread_pool_context" time="0.001" /><testcase classname="tests.core.plugins.test_registry" name="test_topological_sort_cycle_detection" time="0.001" /><testcase classname="tests.core.config.test_config_registry" name="test_config_registry_validator_raises" time="0.000" /><testcase classname="tests.core.plugins.test_registry" name="test_list_names" time="0.001" /><testcase classname="tests.core.plugins.test_registry" name="test_list_by_stage_empty" time="0.000" /><testcase classname="tests.core.plugins.test_registry" name="test_list_by_kind_empty" time="0.000" /><testcase classname="tests.core.execution.test_errors" name="test_plugin_fatal_error_can_be_raised" time="0.001" /><testcase classname="tests.core.plugins.test_registry" name="test_plugin_plan_dep_graph" time="0.000" /><testcase classname="tests.core.plugins.test_registry" name="test_plugin_plan_unique_ids" time="0.000" /><testcase classname="tests.core.plugins.test_registry" name="test_register_plugin" time="0.000" /><testcase classname="tests.core.plugins.test_profiles.TestExecutionProfile" name="test_get_effective_options_merges_shared" time="0.000" /><testcase classname="tests.core.plugins.test_profiles.TestExecutionProfile" name="test_plugin_options_override_shared" time="0.000" /><testcase classname="tests.core.plugins.test_profiles.TestBuiltinProfiles" name="test_fast_profile_disables_expensive_features" time="0.000" /><testcase classname="tests.core.config.test_config_registry" name="test_config_registry_remove_missing" time="0.000" /><testcase classname="tests.core.plugins.test_registry" name="test_unregister_removes_plugin" time="0.001" /><testcase classname="tests.core.plugins.test_registry" name="test_unregister_nonexistent_no_error" time="0.000" /><testcase classname="tests.core.plugins.test_registry" name="test_index_by_capability" time="0.000" /><testcase classname="tests.core.paths.test_paths.TestRepoRelpath" name="test_string_path" time="0.001" /><testcase classname="tests.core.plugins.test_protocol" name="test_non_conforming_class_fails_protocol_check" time="0.001" /><testcase classname="tests.core.plugins.test_registry" name="test_plugin_skip_construction" time="0.000" /><testcase classname="tests.core.plugins.test_registry" name="test_plugin_skip_is_frozen" time="0.000" /><testcase classname="tests.core.config.test_accessor" name="test_config_registry_get_as_accessor" time="0.001" /><testcase classname="tests.core.plugins.test_registry" name="test_index_by_kind" time="0.001" /><testcase classname="tests.core.plugins.test_registry" name="test_index_by_table" time="0.000" /><testcase classname="tests.core.plugins.test_registry" name="test_unindex_on_unregister" time="0.000" /><testcase classname="tests.core.concurrency.test_workers.TestExecutorFactory" name="test_factory_creates_process_executor" time="0.000" /><testcase classname="tests.core.plugins.test_protocol" name="test_capability_kind_values[dataset]" time="0.001" /><testcase classname="tests.core.plugins.test_protocol" name="test_capability_kind_values[artifact]" time="0.000" /><testcase classname="tests.core.plugins.test_protocol" name="test_capability_kind_values[service]" time="0.000" /><testcase classname="tests.core.config.test_accessor" name="test_function_accepting_accessor_with_registry" time="0.000" /><testcase classname="tests.core.plugins.test_protocol" name="test_plugin_severity_values[skip_on_error]" time="0.001" /><testcase classname="tests.core.plugins.test_protocol" name="test_plugin_isolation_values[process]" time="0.000" /><testcase classname="tests.core.plugins.test_protocol" name="test_plugin_isolation_values[thread]" time="0.000" /><testcase classname="tests.core.plugins.test_options.TestProfiledConfigSource" name="test_missing_plugin_returns_none" time="0.000" /><testcase classname="tests.core.plugins.test_options.TestProfiledConfigSource" name="test_implements_protocol" time="0.000" /><testcase classname="tests.core.config.test_config_registry" name="test_config_not_found_error" time="0.000" /><testcase classname="tests.core.plugins.test_registry" name="test_resolve_dependencies_missing_capability" time="0.001" /><testcase classname="tests.core.plugins.test_registry" name="test_resolve_dependencies_self_provide" time="0.000" /><testcase classname="tests.core.plugins.test_registry" name="test_topological_sort_linear" time="0.000" /><testcase classname="tests.core.execution.test_run_context.TestNewRunContext" name="test_requested_datasets_from_list" time="0.001" /><testcase classname="tests.core.plugins.test_protocol" name="test_plugin_stage_values[test]" time="0.000" /><testcase classname="tests.core.plugins.test_protocol" name="test_plugin_stage_values[coverage]" time="0.000" /><testcase classname="tests.core.plugins.test_protocol" name="test_plugin_stage_values[subsystem]" time="0.000" /><testcase classname="tests.core.plugins.test_protocol" name="test_plugin_stage_values[data_model]" time="0.000" /><testcase classname="tests.core.plugins.test_profiles.TestProfileRegistry" name="test_register_profile_duplicate_raises" time="0.001" /><testcase classname="tests.core.plugins.test_profiles.TestProfileRegistry" name="test_cannot_override_builtin" time="0.000" /><testcase classname="tests.core.plugins.test_protocol" name="test_plugin_capability_construction" time="0.000" /><testcase classname="tests.core.plugins.test_protocol" name="test_plugin_capability_with_kind" time="0.000" /><testcase classname="tests.core.execution.test_errors" name="test_plugin_timeout_error_with_elapsed" time="0.000" /><testcase classname="tests.core.plugins.test_protocol" name="test_plugin_stage_values[stats]" time="0.001" /><testcase classname="tests.core.plugins.test_protocol" name="test_plugin_stage_values[validation]" time="0.000" /><testcase classname="tests.core.plugins.test_protocol" name="test_plugin_stage_values[other]" time="0.000" /><testcase classname="tests.core.plugins.test_protocol" name="test_plugin_severity_values[fatal]" time="0.000" /><testcase classname="tests.core.plugins.test_registry" name="test_get_returns_plugin" time="0.000" /><testcase classname="tests.core.resources.test_protocol" name="test_lazy_resource_get_or_none_success" time="0.000" /><testcase classname="tests.core.resources.test_protocol" name="test_lazy_resource_get_or_none_on_failure" time="0.000" /><testcase classname="tests.core.resources.test_protocol" name="test_lazy_resource_get_raises_on_failure" time="0.000" /><testcase classname="tests.core.plugins.test_metadata.TestPluginDomain" name="test_domain_values" time="0.000" /><testcase classname="tests.core.plugins.test_result.TestBasePluginExecutionRecord" name="test_computed_duration_ms" time="0.000" /><testcase classname="tests.core.plugins.test_result.TestBasePluginExecutionRecord" name="test_computed_duration_ms_without_ended_at" time="0.000" /><testcase classname="tests.core.plugins.test_result.TestBasePluginExecutionRecord" name="test_fractional_duration" time="0.000" /><testcase classname="tests.core.plugins.test_options.TestProfiledConfigSource" name="test_profile_overrides_base" time="0.000" /><testcase classname="tests.core.plugins.test_registry" name="test_resolve_selection_uses_defaults" time="0.001" /><testcase classname="tests.core.plugins.test_registry" name="test_resolve_selection_missing_plugin" time="0.000" /><testcase classname="tests.core.plugins.test_registry" name="test_resolve_dependencies_explicit" time="0.000" /><testcase classname="tests.core.plugins.test_profiles.TestBuiltinProfiles" name="test_full_profile_enables_all_features" time="0.000" /><testcase classname="tests.core.resources.test_protocol" name="test_resource_provider_protocol_requires_get" time="0.000" /><testcase classname="tests.core.resources.test_protocol" name="test_resource_provider_protocol_requires_invalidate" time="0.000" /><testcase classname="tests.core.resources.test_protocol" name="test_provider_base_get_returns_value" time="0.000" /><testcase classname="tests.core.plugins.test_registry" name="test_index_by_stage" time="0.000" /><testcase classname="tests.core.resources.test_protocol" name="test_provider_base_invalidate_clears_cache" time="0.000" /><testcase classname="tests.core.resources.test_protocol" name="test_provider_base_not_implemented_load" time="0.000" /><testcase classname="tests.core.resources.test_protocol" name="test_provider_base_resource_name" time="0.000" /><testcase classname="tests.core.plugins.test_registry" name="test_topological_sort_independent" time="0.000" /><testcase classname="tests.core.plugins.test_registry" name="test_mock_plugin_implements_registrable" time="0.000" /><testcase classname="tests.core.execution.test_run_context.TestNewRunId" name="test_custom_prefix" time="0.000" /><testcase classname="tests.core.plugins.test_protocol" name="test_plugin_stage_values[structure]" time="0.001" /><testcase classname="tests.core.plugins.test_protocol" name="test_plugin_stage_values[core]" time="0.000" /><testcase classname="tests.core.plugins.test_protocol" name="test_plugin_stage_values[graph]" time="0.000" /><testcase classname="tests.core.plugins.test_protocol" name="test_plugin_stage_values[function]" time="0.000" /><testcase classname="tests.core.paths.test_paths.TestEnsureRepoRoot" name="test_path_object_input" time="0.000" /><testcase classname="tests.core.plugins.test_protocol" name="test_plugin_metadata_all_fields" time="0.000" /><testcase classname="tests.core.plugins.test_protocol" name="test_plugin_metadata_post_init_isolation_normalization" time="0.000" /><testcase classname="tests.core.plugins.test_protocol" name="test_plugin_metadata_post_init_no_change_for_none_isolation" time="0.000" /><testcase classname="tests.core.plugins.test_protocol" name="test_plugin_metadata_is_frozen" time="0.000" /><testcase classname="tests.core.config.test_accessor" name="test_config_registry_implements_accessor" time="0.000" /><testcase classname="tests.core.plugins.test_result.TestPluginExecutionRecordWithResult" name="test_result_field_none" time="0.000" /><testcase classname="tests.core.plugins.test_result.TestPluginExecutionRecordWithResult" name="test_row_counts_via_result" time="0.000" /><testcase classname="tests.core.plugins.test_result.TestBasePluginResult" name="test_ok_factory" time="0.000" /><testcase classname="tests.core.plugins.test_metadata.TestCorePluginMetadata" name="test_capability_names_property" time="0.000" /><testcase classname="tests.core.plugins.test_result.TestBasePluginResult" name="test_skip_factory" time="0.000" /><testcase classname="tests.core.paths.test_paths.TestRelpathToModule" name="test_works_correctly" time="0.000" /><testcase classname="tests.core.plugins.test_registry" name="test_get_unknown_raises" time="0.001" /><testcase classname="tests.core.plugins.test_registry" name="test_contains_true" time="0.000" /><testcase classname="tests.core.plugins.test_registry" name="test_contains_false" time="0.000" /><testcase classname="tests.core.plugins.test_registry" name="test_plugin_skip_common_reasons" time="0.000" /><testcase classname="tests.core.resources.test_protocol" name="test_lazy_resource_get" time="0.000" /><testcase classname="tests.core.resources.test_protocol" name="test_lazy_resource_is_loaded_initially_false" time="0.000" /><testcase classname="tests.core.resources.test_protocol" name="test_lazy_resource_is_loaded_after_get" time="0.000" /><testcase classname="tests.core.plugins.test_registry" name="test_list_providing_empty" time="0.000" /><testcase classname="tests.core.plugins.test_result.TestPluginResult" name="test_ok_with_artifacts" time="0.000" /><testcase classname="tests.core.plugins.test_result.TestPluginResult" name="test_fail_with_warnings" time="0.000" /><testcase classname="tests.core.resources.test_protocol" name="test_resource_error_is_exception" time="0.000" /><testcase classname="tests.core.plugins.test_registry" name="test_register_duplicate_raises" time="0.000" /><testcase classname="tests.core.resources.test_protocol" name="test_resource_not_loaded_error_message" time="0.000" /><testcase classname="tests.core.resources.test_protocol" name="test_resource_not_loaded_error_with_reason" time="0.000" /><testcase classname="tests.core.resources.test_protocol" name="test_resource_not_loaded_error_inheritance" time="0.000" /><testcase classname="tests.core.plugins.test_profiles.TestProfileRegistry" name="test_get_profile_builtin" time="0.000" /><testcase classname="tests.core.plugins.test_profiles.TestProfileRegistry" name="test_get_profile_unknown_raises" time="0.000" /><testcase classname="tests.core.plugins.test_profiles.TestProfileRegistry" name="test_list_profiles_includes_builtins" time="0.000" /><testcase classname="tests.core.plugins.test_options.TestPluginOptionsResolver" name="test_config_source_property" time="0.000" /><testcase classname="tests.core.plugins.test_protocol" name="test_plugin_kind_values[metric]" time="0.000" /><testcase classname="tests.core.plugins.test_protocol" name="test_plugin_kind_values[validation]" time="0.000" /><testcase classname="tests.core.plugins.test_protocol" name="test_plugin_kind_values[analytics]" time="0.000" /><testcase classname="tests.core.paths.test_paths.TestPathToModule" name="test_init_file" time="0.000" /><testcase classname="tests.core.plugins.test_protocol" name="test_plugin_stage_values[entrypoints]" time="0.001" /><testcase classname="tests.core.plugins.test_protocol" name="test_plugin_stage_values[profiles]" time="0.000" /><testcase classname="tests.core.plugins.test_protocol" name="test_plugin_stage_values[history]" time="0.000" /><testcase classname="tests.core.plugins.test_protocol" name="test_plugin_stage_values[semantic]" time="0.000" /><testcase classname="tests.core.config.test_accessor" name="test_config_provider_get_optional_returns_none" time="0.000" /><testcase classname="tests.core.plugins.test_protocol" name="test_validation_result_failure" time="0.001" /><testcase classname="tests.core.plugins.test_protocol" name="test_validation_result_with_warnings" time="0.000" /><testcase classname="tests.core.plugins.test_protocol" name="test_validation_result_is_frozen" time="0.000" /><testcase classname="tests.core.plugins.test_protocol" name="test_plugin_metadata_minimal" time="0.000" /><testcase classname="tests.core.execution.test_errors" name="test_plugin_catchable_errors_includes_common_exceptions" time="0.000" /><testcase classname="tests.core.plugins.test_protocol" name="test_input_source_values[config]" time="0.001" /><testcase classname="tests.core.plugins.test_protocol" name="test_input_source_values[runtime]" time="0.000" /><testcase classname="tests.core.plugins.test_protocol" name="test_input_source_values[prior_plugin]" time="0.000" /><testcase classname="tests.core.plugins.test_registry" name="test_topological_sort_diamond" time="0.000" /><testcase classname="tests.core.resources.test_registry" name="test_registry_register_by_name" time="0.000" /><testcase classname="tests.core.resources.test_registry" name="test_registry_register_or_replace" time="0.000" /><testcase classname="tests.core.resources.test_registry" name="test_registry_register_or_replace_returns_none" time="0.000" /><testcase classname="tests.core.plugins.test_protocol" name="test_plugin_capability_is_frozen" time="0.000" /><testcase classname="tests.core.resources.test_registry" name="test_registry_has_by_name_includes_factories" time="0.001" /><testcase classname="tests.core.resources.test_registry" name="test_registry_get" time="0.000" /><testcase classname="tests.core.resources.test_registry" name="test_registry_get_missing_raises" time="0.000" /><testcase classname="tests.core.plugins.test_result.TestPluginExecutionRecordWithResult" name="test_result_field_access" time="0.000" /><testcase classname="tests.core.resources.test_registry" name="test_registry_require_non_gettable" time="0.001" /><testcase classname="tests.core.resources.test_registry" name="test_registry_require_by_name" time="0.000" /><testcase classname="tests.core.plugins.test_result.TestBasePluginResult" name="test_status_property_succeeded" time="0.000" /><testcase classname="tests.core.plugins.test_result.TestBasePluginResult" name="test_status_property_failed" time="0.000" /><testcase classname="tests.core.plugins.test_registry" name="test_resolve_dependencies_capability_based" time="0.000" /><testcase classname="tests.core.resources.test_registry" name="test_registry_has_false" time="0.000" /><testcase classname="tests.core.resources.test_registry" name="test_registry_has_by_name_true" time="0.000" /><testcase classname="tests.core.plugins.test_profiles.TestExecutionProfile" name="test_get_plugin_options_existing" time="0.000" /><testcase classname="tests.core.resources.test_registry" name="test_resource_not_found_error_with_type" time="0.000" /><testcase classname="tests.core.resources.test_registry" name="test_resource_not_found_error_with_string" time="0.000" /><testcase classname="tests.core.resources.test_registry" name="test_registry_register" time="0.001" /><testcase classname="tests.core.plugins.test_options.TestEmptyConfigSource" name="test_always_returns_none" time="0.000" /><testcase classname="tests.core.plugins.test_protocol" name="test_plugin_output_spec_with_tables" time="0.000" /><testcase classname="tests.core.plugins.test_protocol" name="test_plugin_output_spec_with_artifact" time="0.000" /><testcase classname="tests.core.plugins.test_protocol" name="test_plugin_resource_hints_defaults" time="0.000" /><testcase classname="tests.core.plugins.test_protocol" name="test_plugin_resource_hints_all_fields" time="0.000" /><testcase classname="tests.core.config.test_config_registry" name="test_config_registry_contains" time="0.000" /><testcase classname="tests.core.plugins.test_registry_base" name="test_hooks_load_builtins_and_entrypoints" time="0.001" /><testcase classname="tests.core.plugins.test_registry_base" name="test_dependency_resolution_uses_requires_provides" time="0.000" /><testcase classname="tests.core.plugins.test_result.TestBasePluginExecutionRecord" name="test_duration_s_with_ended_at" time="0.000" /><testcase classname="tests.core.plugins.test_protocol" name="test_plugin_stage_values[goid]" time="0.000" /><testcase classname="tests.core.plugins.test_protocol" name="test_plugin_protocol_is_runtime_checkable" time="0.000" /><testcase classname="tests.ingestion.plugins.test_coverage_plugin" name="test_execute_ingests_coverage_with_fake_collector[asyncio]" time="3.652" /><testcase classname="tests.core.resources.test_protocol" name="test_resource_provider_protocol_conformance" time="0.000" /><testcase classname="tests.core.plugins.test_protocol" name="test_plugin_isolation_values[none]" time="0.000" /><testcase classname="tests.core.resources.test_protocol" name="test_lazy_resource_resource_name_property" time="0.000" /><testcase classname="tests.core.resources.test_protocol" name="test_lazy_resource_resource_name_fallback" time="0.000" /><testcase classname="tests.core.resources.test_protocol" name="test_provider_implements_protocol" time="0.000" /><testcase classname="tests.core.plugins.test_protocol" name="test_capability_kind_values[graph]" time="0.000" /><testcase classname="tests.core.resources.test_protocol" name="test_lazy_resource_invalidate" time="0.000" /><testcase classname="tests.core.resources.test_protocol" name="test_lazy_resource_invalidate_clears_error" time="0.000" /><testcase classname="tests.core.resources.test_protocol" name="test_lazy_resource_set_preloaded" time="0.000" /><testcase classname="tests.core.plugins.test_protocol" name="test_plugin_stage_values[function_history]" time="0.000" /><testcase classname="tests.core.resources.test_registry" name="test_registry_with_lazy_resource" time="0.000" /><testcase classname="tests.core.resources.test_registry" name="test_registry_full_lifecycle" time="0.000" /><testcase classname="tests.core.concurrency.test_workers.TestResolveWorkerCount" name="test_explicit_count_over_env_var" time="0.000" /><testcase classname="tests.core.plugins.test_registry" name="test_plugin_plan_empty" time="0.001" /><testcase classname="tests.core.plugins.test_registry" name="test_plugin_plan_with_plugins" time="0.000" /><testcase classname="tests.core.plugins.test_registry" name="test_plugin_plan_with_skipped" time="0.000" /><testcase classname="tests.core.resources.test_protocol" name="test_provider_base_get_caches_value" time="0.000" /><testcase classname="tests.core.resources.test_registry" name="test_registry_contains" time="0.000" /><testcase classname="tests.core.resources.test_registry" name="test_registry_invalidate_single" time="0.000" /><testcase classname="tests.core.resources.test_protocol" name="test_provider_base_default_resource_name" time="0.000" /><testcase classname="tests.core.resources.test_registry" name="test_registry_invalidate_missing_no_error" time="0.000" /><testcase classname="tests.core.resources.test_registry" name="test_registry_clear" time="0.000" /><testcase classname="tests.core.paths.test_paths.TestNormalizePath" name="test_path_object" time="0.000" /><testcase classname="tests.core.plugins.test_protocol" name="test_plugin_input_spec_construction" time="0.000" /><testcase classname="tests.core.plugins.test_protocol" name="test_plugin_input_spec_optional" time="0.000" /><testcase classname="tests.core.plugins.test_protocol" name="test_plugin_input_spec_runtime_source" time="0.000" /><testcase classname="tests.core.plugins.test_protocol" name="test_plugin_input_spec_is_frozen" time="0.000" /><testcase classname="tests.core.plugins.test_protocol" name="test_plugin_stage_values[hotspots]" time="0.000" /><testcase classname="tests.ingestion.plugins.test_config_plugin" name="test_execute_only_invalid_configs_fails[asyncio]" time="3.404" /><testcase classname="tests.core.resources.test_protocol" name="test_lazy_resource_get_raises_on_repeated_failure" time="0.000" /><testcase classname="tests.core.resources.test_registry" name="test_registry_require_missing_raises" time="0.001" /><testcase classname="tests.core.resources.test_registry" name="test_registry_require_or_none" time="0.000" /><testcase classname="tests.core.execution.test_run_context.TestNewRunContext" name="test_ingest_kind_prefix" time="0.001" /><testcase classname="tests.core.plugins.test_registry" name="test_metadata_for" time="0.001" /><testcase classname="tests.core.plugins.test_registry" name="test_dependency_graph" time="0.000" /><testcase classname="tests.core.plugins.test_registry" name="test_resolve_selection_with_enabled" time="0.000" /><testcase classname="tests.core.plugins.test_registry" name="test_non_conforming_not_registrable" time="0.000" /><testcase classname="tests.core.resources.test_registry" name="test_registry_registered_names" time="0.000" /><testcase classname="tests.core.resources.test_registry" name="test_registry_registered_types" time="0.000" /><testcase classname="tests.core.resources.test_protocol" name="test_lazy_resource_caches_value" time="0.000" /><testcase classname="tests.core.test_singleton" name="test_singleton_factory_called_only_once" time="0.000" /><testcase classname="tests.core.test_singleton" name="test_singleton_factory_returning_none_raises_error" time="0.000" /><testcase classname="tests.core.plugins.test_protocol" name="test_plugin_kind_values[builder]" time="0.001" /><testcase classname="tests.core.test_singleton" name="test_singleton_get_returns_same_instance" time="0.001" /><testcase classname="tests.core.test_singleton" name="test_singleton_get_or_none_before_initialization" time="0.000" /><testcase classname="tests.core.plugins.test_profiles.TestProfileRegistry" name="test_register_profile_custom" time="0.000" /><testcase classname="tests.ingestion.plugins.test_ast_extract_plugin" name="test_execute_custom_result[asyncio]" time="3.947" /><testcase classname="tests.core.plugins.test_registry" name="test_list_all" time="0.000" /><testcase classname="tests.core.test_singleton" name="test_singleton_reset_allows_new_instance" time="0.000" /><testcase classname="tests.core.test_singleton" name="test_singleton_subclasses_are_independent" time="0.000" /><testcase classname="tests.core.plugins.test_protocol" name="test_plugin_metadata_defaults" time="0.000" /><testcase classname="tests.core.resources.test_registry" name="test_registry_has_true" time="0.000" /><testcase classname="tests.core.plugins.test_result.TestBasePluginResult" name="test_status_property_skipped" time="0.000" /><testcase classname="tests.ingestion.plugins.test_docstrings_plugin" name="test_execute_logs_step_errors[asyncio]" time="3.313" /><testcase classname="tests.core.resources.test_registry" name="test_registry_register_provider" time="0.000" /><testcase classname="tests.ingestion.plugins.test_coverage_plugin" name="test_resolve_coverage_file_prefers_repo_dot_coverage" time="3.451" /><testcase classname="tests.core.execution.test_run_context.TestRunContext" name="test_with_datasets" time="0.001" /><testcase classname="tests.core.plugins.test_protocol" name="test_plugin_stage_values[risk]" time="0.000" /><testcase classname="tests.core.plugins.test_protocol" name="test_plugin_stage_values[cfg]" time="0.000" /><testcase classname="tests.core.plugins.test_protocol" name="test_plugin_stage_values[dfg]" time="0.000" /><testcase classname="tests.core.plugins.test_protocol" name="test_plugin_stage_values[symbol]" time="0.000" /><testcase classname="tests.core.plugins.test_protocol" name="test_validation_result_success" time="0.000" /><testcase classname="tests.ingestion.plugins.test_scip_metadata.TestScipIngestMetadata" name="test_metadata_capabilities" time="0.000" /><testcase classname="tests.core.plugins.test_result.TestBasePluginExecutionRecord" name="test_duration_s_without_ended_at" time="0.000" /><testcase classname="tests.ingestion.plugins.test_scip_metadata.TestScipIngestMetadata" name="test_metadata_is_scope_aware" time="0.000" /><testcase classname="tests.core.plugins.test_result.TestBasePluginResult" name="test_fail_factory" time="0.000" /><testcase classname="tests.core.test_singleton" name="test_singleton_is_initialized_false_initially" time="0.000" /><testcase classname="tests.core.resources.test_registry" name="test_registry_has_by_name_false" time="0.000" /><testcase classname="tests.core.plugins.test_protocol" name="test_plugin_stage_values[edges]" time="0.001" /><testcase classname="tests.ingestion.plugins.test_scip_metadata.TestScipIngestPluginOptionsIntegration" name="test_default_options_without_resolver" time="0.001" /><testcase classname="tests.core.plugins.test_protocol" name="test_plugin_stage_values[data_model_usage]" time="0.000" /><testcase classname="tests.core.resources.test_registry" name="test_registry_register_provider_without_name_raises" time="0.001" /><testcase classname="tests.core.resources.test_registry" name="test_registry_register_with_custom_name" time="0.000" /><testcase classname="tests.core.resources.test_registry" name="test_registry_register_factory" time="0.000" /><testcase classname="tests.core.resources.test_registry" name="test_registry_get_or_none" time="0.000" /><testcase classname="tests.core.test_singleton" name="test_singleton_is_initialized_true_after_get" time="0.000" /><testcase classname="tests.core.resources.test_registry" name="test_registry_register_duplicate_raises" time="0.000" /><testcase classname="tests.ingestion.plugins.test_scip_metadata.TestScipIngestMetadata" name="test_metadata_domain" time="0.000" /><testcase classname="tests.core.resources.test_protocol" name="test_lazy_resource_as_provider" time="0.000" /><testcase classname="tests.ingestion.plugins.test_scip_metadata.TestScipIngestPluginOptionsIntegration" name="test_dynamic_overrides" time="0.000" /><testcase classname="tests.core.plugins.test_protocol" name="test_plugin_severity_values[soft_fail]" time="0.000" /><testcase classname="tests.core.resources.test_registry" name="test_registry_get_or_none_missing" time="0.000" /><testcase classname="tests.core.resources.test_protocol" name="test_resource_error_can_be_raised" time="0.000" /><testcase classname="tests.core.test_singleton" name="test_singleton_concurrent_get_single_factory_call" time="0.002" /><testcase classname="tests.core.test_singleton" name="test_singleton_not_initialized_error_message" time="0.000" /><testcase classname="tests.core.test_singleton" name="test_singleton_get_creates_instance_via_factory" time="0.001" /><testcase classname="tests.core.plugins.test_registry" name="test_resolve_selection_with_disabled" time="0.001" /><testcase classname="tests.ingestion.plugins.test_tests_plugin" name="test_execute_fails_on_malformed_report[asyncio]" time="3.767" /><testcase classname="tests.core.resources.test_registry" name="test_registry_len" time="0.001" /><testcase classname="tests.ingestion.plugins.test_typing_plugin" name="test_typing_plugin_runs_step_and_returns_counts[asyncio]" time="3.605" /><testcase classname="tests.core.plugins.test_registry" name="test_plugin_plan_ordered_names" time="0.000" /><testcase classname="tests.core.resources.test_registry" name="test_registry_require_or_none_missing" time="0.001" /><testcase classname="tests.ingestion.plugins.test_tests_plugin" name="test_execute_ingests_test_results_and_summary[asyncio]" time="3.438" /><testcase classname="tests.core.plugins.test_protocol" name="test_plugin_output_spec_construction" time="0.001" /><testcase classname="tests.core.resources.test_registry" name="test_registry_cleanup" time="0.001" /><testcase classname="tests.core.test_singleton" name="test_singleton_get_or_none_after_initialization" time="0.001" /><testcase classname="tests.core.test_singleton" name="test_singleton_thread_safe_initialization" time="0.003" /><testcase classname="tests.core.resources.test_protocol" name="test_lazy_resource_set_preloaded_clears_error" time="0.000" /><testcase classname="tests.ingestion.plugins.test_scip_metadata.TestScipIngestPluginMetadataProperty" name="test_core_metadata_property" time="0.001" /><testcase classname="tests.core.resources.test_registry" name="test_registry_invalidate_all" time="0.001" /><testcase classname="tests.ingestion.plugins.test_scip_plugin" name="test_execute_ingests_symbols_and_occurrences[asyncio]" time="3.864" /><testcase classname="tests.core.resources.test_registry" name="test_registry_get_by_name" time="0.000" /><testcase classname="tests.core.resources.test_registry" name="test_registry_get_by_name_missing_raises" time="0.000" /><testcase classname="tests.ingestion.test_ast_utils" name="test_indexes_requested_kinds[case_kinds0-function defs]" time="0.001" /><testcase classname="tests.ingestion.test_ast_utils" name="test_indexes_requested_kinds[case_kinds2-mixed defs]" time="0.001" /><testcase classname="tests.core.plugins.test_protocol" name="test_plugin_stage_values[config]" time="0.001" /><testcase classname="tests.ingestion.test_ast_utils" name="test_lookup_cases[enclosing_span_match-&lt;lambda&gt;-enclosing]" time="0.001" /><testcase classname="tests.ingestion.plugins.test_scip_metadata.TestScipIngestMetadata" name="test_metadata_kind_and_stage" time="0.000" /><testcase classname="tests.ingestion.plugins.test_scip_metadata.TestScipIngestPluginOptionsIntegration" name="test_options_with_fast_profile" time="0.001" /><testcase classname="tests.ingestion.plugins.test_scip_metadata.TestScipIngestMetadata" name="test_metadata_tables" time="0.001" /><testcase classname="tests.ingestion.test_ast_utils" name="test_lookup_cases[none_end_line_uses_start-&lt;lambda&gt;-none_end]" time="0.001" /><testcase classname="tests.core.resources.test_registry" name="test_registry_factory_called_once" time="0.001" /><testcase classname="tests.ingestion.test_ast_utils" name="test_returns_none_for_missing_file" time="0.001" /><testcase classname="tests.core.test_singleton" name="test_singleton_reset_clears_instance" time="0.001" /><testcase classname="tests.ingestion.test_ast_utils" name="test_handles_unicode_content" time="0.001" /><testcase classname="tests.ingestion.plugins.test_scip_plugin" name="test_paths_to_modules_creates_records" time="0.001" /><testcase classname="tests.ingestion.test_ast_utils" name="test_duration_is_non_negative" time="0.001" /><testcase classname="tests.core.test_singleton" name="test_singleton_factory_exception_propagates" time="0.001" /><testcase classname="tests.ingestion.test_ast_utils" name="test_multiline_function_span" time="0.001" /><testcase classname="tests.ingestion.test_ast_utils" name="test_parses_empty_file" time="0.001" /><testcase classname="tests.core.test_singleton" name="test_singleton_reset_only_affects_own_subclass" time="0.001" /><testcase classname="tests.ingestion.test_ast_utils" name="test_ignores_nodes_without_lineno" time="0.001" /><testcase classname="tests.ingestion.test_ast_utils" name="test_lookup_cases[no_match_returns_none-&lt;lambda&gt;-missing]" time="0.001" /><testcase classname="tests.ingestion.test_db_queries" name="test_query_error_attributes" time="0.000" /><testcase classname="tests.ingestion.test_ast_utils" name="test_smallest_enclosing_span_preferred" time="0.001" /><testcase classname="tests.ingestion.test_db_queries" name="test_column_not_found_error" time="0.000" /><testcase classname="tests.ingestion.test_ast_utils" name="test_returns_none_for_binary_file" time="0.001" /><testcase classname="tests.ingestion.test_ast_utils" name="test_returns_none_for_syntax_error" time="0.001" /><testcase classname="tests.ingestion.test_ast_utils" name="test_timed_parse_returns_none_on_parse_failure" time="0.001" /><testcase classname="tests.ingestion.test_ast_utils" name="test_empty_tree_returns_empty_index" time="0.000" /><testcase classname="tests.ingestion.plugins.test_scip_metadata.TestScipIngestPluginMetadataProperty" name="test_metadata_property_returns_plugin_metadata" time="0.001" /><testcase classname="tests.ingestion.test_ast_utils" name="test_timed_parse_returns_none_for_missing_file" time="0.001" /><testcase classname="tests.core.resources.test_registry" name="test_registry_require" time="0.001" /><testcase classname="tests.ingestion.plugins.test_scip_metadata.TestScipIngestMetadata" name="test_metadata_resource_hints" time="0.001" /><testcase classname="tests.ingestion.test_ast_utils" name="test_parses_valid_file" time="0.002" /><testcase classname="tests.ingestion.test_ast_utils" name="test_returns_lines_tree_and_duration" time="0.001" /><testcase classname="tests.ingestion.test_ast_utils" name="test_ast_visitor_records_decorator_span" time="0.001" /><testcase classname="tests.ingestion.test_ast_utils" name="test_indexes_requested_kinds[case_kinds1-class defs]" time="0.001" /><testcase classname="tests.ingestion.test_db_queries" name="test_duckdb_query_errors_is_tuple" time="0.001" /><testcase classname="tests.ingestion.test_ast_utils" name="test_parse_and_index_workflow" time="0.001" /><testcase classname="tests.ingestion.test_db_queries" name="test_table_not_found_error" time="0.001" /><testcase classname="tests.ingestion.test_ast_utils" name="test_returns_source_lines" time="0.001" /><testcase classname="tests.ingestion.test_ast_utils" name="test_lookup_cases[exact_span_match-&lt;lambda&gt;-exact]" time="0.001" /><testcase classname="tests.ingestion.plugins.test_tests_plugin" name="test_module_path_resolution_scenarios[resources]" time="3.287" /><testcase classname="tests.ingestion.plugins.test_import_hygiene" name="test_plugin_tests_avoid_cross_test_imports" time="0.001" /><testcase classname="tests.ingestion.plugins.test_cst_extract_plugin" name="test_cst_extract_wiring_scenarios[asyncio-gateway_failure]" time="3.334" /><testcase classname="tests.ingestion.plugins.test_ast_extract_plugin" name="test_ast_extract_wiring_scenarios[asyncio-resources]" time="3.358" /><testcase classname="tests.ingestion.plugins.test_cst_extract_plugin" name="test_cst_extract_custom_result[asyncio]" time="3.536" /><testcase classname="tests.ingestion.test_db_queries" name="test_safe_count_with_special_characters" time="3.315" /><testcase classname="tests.ingestion.plugins.test_coverage_plugin" name="test_paths_to_modules_builds_metadata" time="0.001" /><testcase classname="tests.ingestion.plugins.test_repo_scan_plugin" name="test_compute_row_counts_handles_missing_table[asyncio]" time="3.527"><failure message="ibis.common.exceptions.TableNotFound: missing_table">self = &lt;ibis.backends.duckdb.Backend object at 0x7db3c1f1e710&gt;
table_name = 'missing_table'

    def get_schema(
        self,
        table_name: str,
        *,
        catalog: str | None = None,
        database: str | None = None,
    ) -&gt; sch.Schema:
        """Compute the schema of a `table`.
    
        Parameters
        ----------
        table_name
            May **not** be fully qualified. Use `database` if you want to
            qualify the identifier.
        catalog
            Catalog name
        database
            Database name
    
        Returns
        -------
        sch.Schema
            Ibis schema
        """
        query = sge.Describe(
            this=sg.table(
                table_name, db=database, catalog=catalog, quoted=self.compiler.quoted
            )
        ).sql(self.dialect)
    
        try:
&gt;           result = self.con.sql(query)
                     ^^^^^^^^^^^^^^^^^^^
E           _duckdb.CatalogException: Catalog Error: Table with name missing_table does not exist!
E           Did you mean "file_state"?

.venv/lib/python3.13/site-packages/ibis/backends/duckdb/__init__.py:317: CatalogException

During handling of the above exception, another exception occurred:

tmp_path = PosixPath('/tmp/pytest-of-paul/pytest-101/popen-gw31/test_compute_row_counts_handle0')
caplog = &lt;_pytest.logging.LogCaptureFixture object at 0x7db3f2379d30&gt;
ingestion_gateway = DuckDBGateway(config=StorageConfig(db_path=PosixPath(':memory:'), read_only=False, apply_schema=True, ensure_views=Tru...), graph=GraphTables(gateway=...), runs=PipelineRunTracking(con=&lt;_duckdb.DuckDBPyConnection object at 0x7db3f2215ab0&gt;))

    @pytest.mark.anyio
    async def test_compute_row_counts_handles_missing_table(
        tmp_path: Path, caplog: pytest.LogCaptureFixture, ingestion_gateway: StorageGateway
    ) -&gt; None:
        """Row count computation should return 0 for tables that are absent."""
        repo_root = build_repo_tree(
            tmp_path / "repo",
            {"pkg/mod.py": "x = 1\n", "pkg/nested/mod2.py": "y = 2\n"},
        )
        plugin = RepoScanPlugin()
        caplog.set_level("WARNING")
        ctx = build_target_context_for_plugin(
            plugin,
            tmp_path,
            config=TargetContextConfig(
                repo_root=repo_root,
                gateway=ingestion_gateway,
            ),
            target=build_repo_target(
                plugin,
                (
                    TableSchema(
                        "core",
                        "modules",
                        [
                            Column("module", "VARCHAR"),
                            Column("path", "VARCHAR"),
                            Column("repo", "VARCHAR"),
                            Column("commit", "VARCHAR"),
                            Column("language", "VARCHAR"),
                            Column("tags", "VARCHAR"),
                            Column("owners", "VARCHAR"),
                        ],
                    ),
                    TableSchema("core", "missing_table", [Column("id", "INTEGER")]),
                ),
            ),
        )
    
&gt;       result = await plugin.execute(ctx)
                 ^^^^^^^^^^^^^^^^^^^^^^^^^

tests/ingestion/plugins/test_repo_scan_plugin.py:150: 
_ _ _ _ _ _ _ _ _ _ _ _ _ _ _ _ _ _ _ _ _ _ _ _ _ _ _ _ _ _ _ _ _ _ _ _ _ _ _ _ 
src/codeintel/build/plugins/ingestion/repo_scan.py:127: in execute
    row_counts = compute_row_counts(ctx)
                 ^^^^^^^^^^^^^^^^^^^^^^^
src/codeintel/build/plugins/_helpers.py:79: in compute_row_counts
    table = ctx.gateway.ibis.table(table_key)
            ^^^^^^^^^^^^^^^^^^^^^^^^^^^^^^^^^
src/codeintel/storage/ibis_adapter.py:219: in table
    return self.con.table(name, database=database)
           ^^^^^^^^^^^^^^^^^^^^^^^^^^^^^^^^^^^^^^^
.venv/lib/python3.13/site-packages/ibis/backends/duckdb/__init__.py:275: in table
    table_schema = self.get_schema(name, catalog=catalog, database=database)
                   ^^^^^^^^^^^^^^^^^^^^^^^^^^^^^^^^^^^^^^^^^^^^^^^^^^^^^^^^^
_ _ _ _ _ _ _ _ _ _ _ _ _ _ _ _ _ _ _ _ _ _ _ _ _ _ _ _ _ _ _ _ _ _ _ _ _ _ _ _ 

self = &lt;ibis.backends.duckdb.Backend object at 0x7db3c1f1e710&gt;
table_name = 'missing_table'

    def get_schema(
        self,
        table_name: str,
        *,
        catalog: str | None = None,
        database: str | None = None,
    ) -&gt; sch.Schema:
        """Compute the schema of a `table`.
    
        Parameters
        ----------
        table_name
            May **not** be fully qualified. Use `database` if you want to
            qualify the identifier.
        catalog
            Catalog name
        database
            Database name
    
        Returns
        -------
        sch.Schema
            Ibis schema
        """
        query = sge.Describe(
            this=sg.table(
                table_name, db=database, catalog=catalog, quoted=self.compiler.quoted
            )
        ).sql(self.dialect)
    
        try:
            result = self.con.sql(query)
        except duckdb.CatalogException:
&gt;           raise exc.TableNotFound(table_name)
E           ibis.common.exceptions.TableNotFound: missing_table

.venv/lib/python3.13/site-packages/ibis/backends/duckdb/__init__.py:319: TableNotFound</failure></testcase><testcase classname="tests.ingestion.test_db_queries" name="test_safe_count_invalid_or_missing_table[no-dot-separator]" time="3.399" /><testcase classname="tests.ingestion.plugins.test_tests_plugin" name="test_module_path_resolution_scenarios[gateway_failure]" time="3.441" /><testcase classname="tests.ingestion.plugins.test_tests_plugin" name="test_execute_handles_missing_report[asyncio]" time="3.782" /><testcase classname="tests.ingestion.test_db_queries" name="test_safe_count_invalid_or_missing_table[]" time="3.439" /><testcase classname="tests.ingestion.plugins.test_tests_plugin" name="test_resolve_report_file_prefers_build_dir" time="3.745" /><testcase classname="tests.ingestion.test_db_queries" name="test_safe_count_existing_table" time="3.473" /><testcase classname="tests.ingestion.plugins.test_coverage_plugin" name="test_module_path_resolution_scenarios[db_fallback]" time="3.542" /><testcase classname="tests.ingestion.test_db_queries" name="test_safe_table_exists_sql_injection_protection" time="3.556" /><testcase classname="tests.ingestion.test_change_tracker" name="test_incremental_ingest_ops_reparse_changed_modules" time="3.684" /><testcase classname="tests.ingestion.test_db_queries" name="test_safe_count_invalid_or_missing_table[nonexistent.table_xyz]" time="3.581" /><testcase classname="tests.ingestion.plugins.test_docstrings_plugin" name="test_docstrings_wiring_scenarios[asyncio-db_fallback]" time="3.646" /><testcase classname="tests.ingestion.plugins.test_typing_plugin" name="test_typing_plugin_reports_failure[asyncio]" time="3.767" /><testcase classname="tests.ingestion.plugins.test_coverage_plugin" name="test_execute_fails_when_collector_missing[asyncio]" time="3.897" /><testcase classname="tests.ingestion.test_db_queries" name="test_safe_count_with_scope_filters_by_snapshot" time="3.649" /><testcase classname="tests.ingestion.plugins.test_typing_plugin" name="test_typing_plugin_skips_without_type_checker[asyncio]" time="3.711" /><testcase classname="tests.ingestion.test_db_queries" name="test_safe_table_exists_invalid_or_missing[nonexistent.table_xyz]" time="3.761" /><testcase classname="tests.ingestion.test_change_tracker" name="test_view_for_dataset_modes[filter_incremental]" time="3.815" /><testcase classname="tests.ingestion.test_db_queries" name="test_safe_count_sql_injection_protection" time="3.846" /><testcase classname="tests.ingestion.plugins.test_scip_plugin" name="test_execute_fails_when_indexer_returns_error[asyncio]" time="3.847" /><testcase classname="tests.ingestion.plugins.test_scip_plugin" name="test_module_path_resolution_scenarios[resources]" time="3.897" /><testcase classname="tests.ingestion.plugins.test_scip_plugin" name="test_module_path_resolution_scenarios[gateway_failure]" time="3.918" /><testcase classname="tests.ingestion.plugins.test_scip_plugin" name="test_execute_raises_when_indexer_missing[asyncio]" time="3.885" /><testcase classname="tests.ingestion.test_change_tracker" name="test_view_for_dataset_modes[incremental]" time="3.927" /><testcase classname="tests.ingestion.plugins.test_config_plugin" name="test_execute_with_no_config_files_returns_empty_result[asyncio]" time="3.555" /><testcase classname="tests.ingestion.test_db_queries" name="test_safe_table_exists_invalid_or_missing[invalid-key]" time="3.961" /><testcase classname="tests.ingestion.test_db_queries" name="test_safe_count_returns_correct_count" time="4.009" /><testcase classname="tests.ingestion.plugins.test_repo_scan_plugin" name="test_execute_populates_modules_and_repo_map[asyncio]" time="3.635" /><testcase classname="tests.ingestion.plugins.test_ast_extract_plugin" name="test_ast_extract_wiring_scenarios[asyncio-db_fallback]" time="3.571" /><testcase classname="tests.ingestion.plugins.test_tests_plugin" name="test_module_path_resolution_scenarios[db_fallback]" time="3.642" /><testcase classname="tests.ingestion.plugins.test_cst_extract_plugin" name="test_cst_extract_wiring_scenarios[asyncio-resources]" time="3.580" /><testcase classname="tests.ingestion.plugins.test_coverage_plugin" name="test_module_path_resolution_scenarios[resources]" time="3.749" /><testcase classname="tests.ingestion.test_db_queries" name="test_safe_count_with_scope_no_matches" time="3.658" /><testcase classname="tests.ingestion.test_db_queries" name="test_safe_min_value_with_data" time="3.595" /><testcase classname="tests.ingestion.plugins.test_coverage_plugin" name="test_module_path_resolution_scenarios[gateway_failure]" time="3.661" /><testcase classname="tests.ingestion.plugins.test_coverage_plugin" name="test_execute_skips_when_no_coverage_file[asyncio]" time="3.584" /><testcase classname="tests.ingestion.test_db_queries" name="test_safe_get_columns_nonexistent_or_invalid[nonexistent.table_xyz]" time="3.525" /><testcase classname="tests.ingestion.test_db_queries" name="test_safe_count_with_unicode" time="3.818" /><testcase classname="tests.ingestion.plugins.test_repo_scan_plugin" name="test_row_counts_ignore_absent_tables_without_errors[asyncio]" time="3.756"><failure message="ibis.common.exceptions.TableNotFound: absent_table">self = &lt;ibis.backends.duckdb.Backend object at 0x7db339b01590&gt;
table_name = 'absent_table'

    def get_schema(
        self,
        table_name: str,
        *,
        catalog: str | None = None,
        database: str | None = None,
    ) -&gt; sch.Schema:
        """Compute the schema of a `table`.
    
        Parameters
        ----------
        table_name
            May **not** be fully qualified. Use `database` if you want to
            qualify the identifier.
        catalog
            Catalog name
        database
            Database name
    
        Returns
        -------
        sch.Schema
            Ibis schema
        """
        query = sge.Describe(
            this=sg.table(
                table_name, db=database, catalog=catalog, quoted=self.compiler.quoted
            )
        ).sql(self.dialect)
    
        try:
&gt;           result = self.con.sql(query)
                     ^^^^^^^^^^^^^^^^^^^
E           _duckdb.CatalogException: Catalog Error: Table with name absent_table does not exist!
E           Did you mean "ast_metrics"?

.venv/lib/python3.13/site-packages/ibis/backends/duckdb/__init__.py:317: CatalogException

During handling of the above exception, another exception occurred:

tmp_path = PosixPath('/tmp/pytest-of-paul/pytest-101/popen-gw31/test_row_counts_ignore_absent_0')
caplog = &lt;_pytest.logging.LogCaptureFixture object at 0x7db339b002d0&gt;
ingestion_gateway = DuckDBGateway(config=StorageConfig(db_path=PosixPath(':memory:'), read_only=False, apply_schema=True, ensure_views=Tru...), graph=GraphTables(gateway=...), runs=PipelineRunTracking(con=&lt;_duckdb.DuckDBPyConnection object at 0x7db339b13b70&gt;))

    @pytest.mark.anyio
    async def test_row_counts_ignore_absent_tables_without_errors(
        tmp_path: Path, caplog: pytest.LogCaptureFixture, ingestion_gateway: StorageGateway
    ) -&gt; None:
        """Missing tables should not raise and should return zero counts."""
        repo_root = build_repo_tree(
            tmp_path / "repo",
            {"pkg/only.py": "y = 2\n", "pkg/deep/nested.py": "z = 3\n"},
        )
        plugin = RepoScanPlugin()
        caplog.set_level("WARNING")
        ctx = build_target_context_for_plugin(
            plugin,
            tmp_path,
            config=TargetContextConfig(
                repo_root=repo_root,
                gateway=ingestion_gateway,
            ),
            target=build_repo_target(
                plugin,
                (
                    TableSchema(
                        "core",
                        "modules",
                        [
                            Column("module", "VARCHAR"),
                            Column("path", "VARCHAR"),
                            Column("repo", "VARCHAR"),
                            Column("commit", "VARCHAR"),
                            Column("language", "VARCHAR"),
                            Column("tags", "VARCHAR"),
                            Column("owners", "VARCHAR"),
                        ],
                    ),
                    TableSchema("core", "absent_table", [Column("id", "INTEGER")]),
                ),
            ),
        )
    
&gt;       result = await plugin.execute(ctx)
                 ^^^^^^^^^^^^^^^^^^^^^^^^^

tests/ingestion/plugins/test_repo_scan_plugin.py:199: 
_ _ _ _ _ _ _ _ _ _ _ _ _ _ _ _ _ _ _ _ _ _ _ _ _ _ _ _ _ _ _ _ _ _ _ _ _ _ _ _ 
src/codeintel/build/plugins/ingestion/repo_scan.py:127: in execute
    row_counts = compute_row_counts(ctx)
                 ^^^^^^^^^^^^^^^^^^^^^^^
src/codeintel/build/plugins/_helpers.py:79: in compute_row_counts
    table = ctx.gateway.ibis.table(table_key)
            ^^^^^^^^^^^^^^^^^^^^^^^^^^^^^^^^^
src/codeintel/storage/ibis_adapter.py:219: in table
    return self.con.table(name, database=database)
           ^^^^^^^^^^^^^^^^^^^^^^^^^^^^^^^^^^^^^^^
.venv/lib/python3.13/site-packages/ibis/backends/duckdb/__init__.py:275: in table
    table_schema = self.get_schema(name, catalog=catalog, database=database)
                   ^^^^^^^^^^^^^^^^^^^^^^^^^^^^^^^^^^^^^^^^^^^^^^^^^^^^^^^^^
_ _ _ _ _ _ _ _ _ _ _ _ _ _ _ _ _ _ _ _ _ _ _ _ _ _ _ _ _ _ _ _ _ _ _ _ _ _ _ _ 

self = &lt;ibis.backends.duckdb.Backend object at 0x7db339b01590&gt;
table_name = 'absent_table'

    def get_schema(
        self,
        table_name: str,
        *,
        catalog: str | None = None,
        database: str | None = None,
    ) -&gt; sch.Schema:
        """Compute the schema of a `table`.
    
        Parameters
        ----------
        table_name
            May **not** be fully qualified. Use `database` if you want to
            qualify the identifier.
        catalog
            Catalog name
        database
            Database name
    
        Returns
        -------
        sch.Schema
            Ibis schema
        """
        query = sge.Describe(
            this=sg.table(
                table_name, db=database, catalog=catalog, quoted=self.compiler.quoted
            )
        ).sql(self.dialect)
    
        try:
            result = self.con.sql(query)
        except duckdb.CatalogException:
&gt;           raise exc.TableNotFound(table_name)
E           ibis.common.exceptions.TableNotFound: absent_table

.venv/lib/python3.13/site-packages/ibis/backends/duckdb/__init__.py:319: TableNotFound</failure></testcase><testcase classname="tests.ingestion.plugins.test_docstrings_plugin" name="test_docstrings_wiring_scenarios[asyncio-gateway_failure]" time="3.687" /><testcase classname="tests.ingestion.test_db_queries" name="test_safe_count_nulls_invalid_inputs[invalid.table-column]" time="4.022" /><testcase classname="tests.ingestion.test_db_queries" name="test_safe_count_with_scope_nonexistent_table" time="3.796" /><testcase classname="tests.ingestion.plugins.test_scip_metadata.TestScipIngestMetadata" name="test_metadata_name" time="0.001" /><testcase classname="tests.ingestion.test_scip_resolver" name="test_scip_resolver_input_frozen_dataclass" time="0.001" /><testcase classname="tests.ingestion.test_scip_resolver" name="test_resolve_scip_inputs_with_explicit_params" time="5.590" /><testcase classname="tests.ingestion.test_change_tracker" name="test_view_for_dataset_modes[flag_full_rebuild]" time="3.606" /><testcase classname="tests.ingestion.test_db_queries" name="test_safe_get_columns_existing_table" time="3.988" /><testcase classname="tests.ingestion.plugins.test_config_plugin" name="test_execute_ingests_valid_configs_and_logs_invalid[asyncio]" time="3.447" /><testcase classname="tests.ingestion.plugins.test_coverage_plugin" name="test_execute_fails_when_collector_raises[asyncio]" time="3.394" /><testcase classname="tests.ingestion.test_change_tracker" name="test_view_for_dataset_modes[ratio_full]" time="3.688" /><testcase classname="tests.ingestion.test_change_tracker" name="test_compute_changes_tracks_add_modify_delete" time="4.026" /><testcase classname="tests.ingestion.test_db_queries" name="test_foreign_key_ref_default_allow_null" time="0.001" /><testcase classname="tests.ingestion.test_scip_resolver" name="test_resolve_scip_inputs_missing_document_output_dir_raises_value_error" time="0.001" /><testcase classname="tests.ingestion.test_scip_resolver" name="test_resolve_scip_inputs_uses_inputs_values" time="5.487" /><testcase classname="tests.ingestion.test_db_queries" name="test_safe_count_nulls_no_nulls" time="3.681" /><testcase classname="tests.ingestion.test_db_queries" name="test_safe_count_nulls_invalid_inputs[core.modules-nonexistent_col]" time="3.949" /><testcase classname="tests.ingestion.test_db_queries" name="test_safe_get_columns_nonexistent_or_invalid[invalid-key]" time="3.765" /><testcase classname="tests.ingestion.test_db_queries" name="test_foreign_key_ref_dataclass" time="0.001" /><testcase classname="tests.ingestion.test_tools" name="test_tool_runner_unknown_tool_raises_value_error" time="0.002" /><testcase classname="tests.ingestion.test_tools" name="test_pyright_plugin_not_found_downgrades_to_not_found_status" time="0.003" /><testcase classname="tests.ingestion.test_tools" name="test_default_registry_contains_expected_plugins" time="0.004" /><testcase classname="tests.ingestion.plugins.test_scip_plugin" name="test_module_path_resolution_scenarios[db_fallback]" time="4.090" /><testcase classname="tests.ingestion.test_db_queries" name="test_safe_count_nulls_with_nulls" time="4.144" /><testcase classname="tests.ingestion.test_tools" name="test_tool_service_pyright_parses_errors" time="1.222" /><testcase classname="tests.ingestion.test_tools" name="test_tool_service_pyrefly_parses_errors" time="0.001" /><testcase classname="tests.ingestion.test_tools" name="test_diagnostic_entry_attributes" time="0.000" /><testcase classname="tests.ingestion.test_tools" name="test_diagnostic_result_errors_by_path" time="0.000" /><testcase classname="tests.ingestion.test_tools" name="test_diagnostic_result_failed_status" time="0.000" /><testcase classname="tests.ingestion.test_tools" name="test_coverage_result_ok_status" time="0.001" /><testcase classname="tests.ingestion.test_tools" name="test_coverage_result_with_files" time="0.001" /><testcase classname="tests.ingestion.test_tools" name="test_scip_symbol_attributes" time="0.001" /><testcase classname="tests.ingestion.test_tools" name="test_scip_symbol_defaults" time="0.001" /><testcase classname="tests.ingestion.test_tools" name="test_port_scip_occurrence_attributes" time="0.001" /><testcase classname="tests.ingestion.test_tools" name="test_port_scip_occurrence_required_fields_only" time="0.001" /><testcase classname="tests.ingestion.test_tools" name="test_port_scip_document_attributes" time="0.001" /><testcase classname="tests.ingestion.test_tools" name="test_port_scip_document_defaults" time="0.001" /><testcase classname="tests.ingestion.test_tools" name="test_scip_result_ok_status" time="0.000" /><testcase classname="tests.ingestion.test_tools" name="test_scip_result_with_documents" time="0.001" /><testcase classname="tests.ingestion.test_tools" name="test_test_case_attributes" time="0.000" /><testcase classname="tests.ingestion.test_tools" name="test_test_case_with_failure" time="0.000" /><testcase classname="tests.ingestion.test_tools" name="test_test_case_defaults" time="0.001" /><testcase classname="tests.ingestion.test_tools" name="test_test_result_ok_status" time="0.001" /><testcase classname="tests.ingestion.test_tools" name="test_test_result_with_tests" time="0.000" /><testcase classname="tests.ingestion.test_tools" name="test_test_result_passed_count" time="0.001" /><testcase classname="tests.ingestion.test_tools" name="test_test_result_failed_count" time="0.000" /><testcase classname="tests.ingestion.test_tools" name="test_tool_result_diagnostic_workflow" time="0.000" /><testcase classname="tests.ingestion.test_tools" name="test_tool_service_get_plugin_returns_registered_plugin" time="0.001" /><testcase classname="tests.ingestion.test_tools" name="test_tool_service_run_plugin_raises_key_error_for_unknown" time="0.001" /><testcase classname="tests.ingestion.test_tools" name="test_tool_service_run_plugin_success" time="0.001" /><testcase classname="tests.ingestion.test_tools" name="test_tool_service_run_pyright_not_found" time="0.002" /><testcase classname="tests.ingestion.test_tools" name="test_tool_service_run_pyright_success" time="0.002" /><testcase classname="tests.ingestion.test_tools" name="test_tool_service_run_pyrefly_not_found" time="0.003" /><testcase classname="tests.ingestion.test_tools" name="test_tool_service_run_ruff_not_found" time="0.003" /><testcase classname="tests.ingestion.test_tools" name="test_tool_service_run_coverage_not_found" time="0.004" /><testcase classname="tests.ingestion.test_tools" name="test_tool_service_run_pytest_raises_not_found" time="0.002" /><testcase classname="tests.ingestion.test_tools" name="test_tool_service_run_pytest_skips_if_exists" time="0.002" /><testcase classname="tests.ingestion.test_tools" name="test_tool_service_run_scip_not_found" time="0.002" /><testcase classname="tests.ingestion.test_tools" name="test_file_diagnostic_count_attributes" time="0.001" /><testcase classname="tests.ingestion.test_tools" name="test_diagnostic_report_from_error_counts" time="0.001" /><testcase classname="tests.ingestion.test_tools" name="test_diagnostic_report_errors_by_path" time="0.001" /><testcase classname="tests.ingestion.test_tools" name="test_diagnostic_report_empty" time="0.001" /><testcase classname="tests.ingestion.test_tools" name="test_coverage_file_summary_properties" time="0.001" /><testcase classname="tests.ingestion.test_tools" name="test_coverage_report_from_file_reports" time="0.001" /><testcase classname="tests.ingestion.test_tools" name="test_coverage_report_by_path" time="0.001" /><testcase classname="tests.ingestion.test_tools" name="test_parse_test_duration_valid" time="0.000" /><testcase classname="tests.ingestion.test_tools" name="test_parse_test_duration_missing" time="0.001" /><testcase classname="tests.ingestion.test_tools" name="test_parse_test_markers_dict" time="0.000" /><testcase classname="tests.ingestion.test_tools" name="test_parse_test_markers_list" time="0.001" /><testcase classname="tests.ingestion.test_tools" name="test_parse_test_markers_empty" time="0.000" /><testcase classname="tests.ingestion.test_tools" name="test_test_report_from_test_entries" time="0.001" /><testcase classname="tests.ingestion.test_tools" name="test_test_report_from_entries_skips_empty_nodeid" time="0.001" /><testcase classname="tests.ingestion.test_tools" name="test_test_report_empty" time="0.001" /><testcase classname="tests.ingestion.test_tools" name="test_results_scip_occurrence_attributes" time="0.001" /><testcase classname="tests.ingestion.test_tools" name="test_results_scip_document_attributes" time="0.001" /><testcase classname="tests.ingestion.test_tools" name="test_parse_scip_range_three_elements" time="0.001" /><testcase classname="tests.ingestion.test_tools" name="test_parse_scip_range_four_elements" time="0.001" /><testcase classname="tests.ingestion.test_tools" name="test_parse_scip_range_invalid" time="0.001" /><testcase classname="tests.ingestion.test_tools" name="test_parse_scip_occurrence_valid" time="0.001" /><testcase classname="tests.ingestion.test_tools" name="test_parse_scip_occurrence_invalid_symbol" time="0.001" /><testcase classname="tests.ingestion.test_tools" name="test_parse_scip_occurrence_invalid_range" time="0.000" /><testcase classname="tests.ingestion.test_tools" name="test_scip_index_result_from_json_documents" time="0.001" /><testcase classname="tests.ingestion.test_tools" name="test_scip_index_result_skips_invalid_docs" time="0.001" /><testcase classname="tests.ingestion.test_tools" name="test_scip_index_result_empty" time="0.001" /><testcase classname="tests.ingestion.test_tools" name="test_scip_plugin_not_found_during_scip_python" time="0.002" /><testcase classname="tests.ingestion.test_tools" name="test_scip_plugin_type_error_on_missing_output_scip" time="0.001" /><testcase classname="tests.ingestion.test_tools" name="test_scip_plugin_type_error_on_missing_output_json" time="0.001" /><testcase classname="tests.ingestion.test_tools" name="test_scip_plugin_type_error_on_invalid_target_dir" time="0.001" /><testcase classname="tests.ingestion.test_tools" name="test_scip_plugin_type_error_on_invalid_rel_paths" time="0.001" /><testcase classname="tests.ingestion.test_tools" name="test_pytest_plugin_not_found" time="0.003" /><testcase classname="tests.ingestion.test_tools" name="test_pytest_plugin_type_error_on_missing_json_report_path" time="0.001" /><testcase classname="tests.ingestion.test_tools" name="test_pytest_plugin_execution_error" time="0.001" /><testcase classname="tests.ingestion.test_tools" name="test_tool_service_run_ruff_execution_error" time="0.001" /><testcase classname="tests.ingestion.test_tools" name="test_tool_service_run_pyright_returns_errors_from_parsed_report" time="0.002" /><testcase classname="tests.ingestion.test_tools" name="test_tool_service_run_pyright_execution_error" time="0.001" /><testcase classname="tests.ingestion.test_tools" name="test_tool_service_run_pyrefly_failure_returns_empty" time="0.006" /><testcase classname="tests.ingestion.plugins.test_docstrings_plugin" name="test_docstrings_wiring_scenarios[asyncio-resources]" time="3.380" /><testcase classname="tests.ingestion.test_module_inventory" name="test_scanning_only_used_in_repo_scan_and_config_ingest" time="0.001" /><testcase classname="tests.ingestion.test_tools" name="test_tool_service_run_pytest_report_
[...]
_no_ad_hoc_changes" name="test_no_ad_hoc_change_detection[path2]" time="0.001" /><testcase classname="tests.ingestion.test_workers" name="test_resolve_worker_count_explicit_count_takes_precedence" time="0.001" /><testcase classname="tests.ingestion.test_workers" name="test_resolve_worker_count_explicit_zero_is_ignored" time="0.001" /><testcase classname="tests.ingestion.test_workers" name="test_resolve_worker_count_negative_explicit_is_ignored" time="0.000" /><testcase classname="tests.ingestion.test_workers" name="test_resolve_worker_count_env_var_takes_precedence_over_default" time="0.000" /><testcase classname="tests.ingestion.test_workers" name="test_resolve_worker_count_invalid_env_var_is_ignored" time="0.001" /><testcase classname="tests.ingestion.test_workers" name="test_resolve_worker_count_zero_env_var_is_ignored" time="0.001" /><testcase classname="tests.ingestion.test_workers" name="test_resolve_worker_count_default_calculation" time="0.001" /><testcase classname="tests.ingestion.test_workers" name="test_worker_config_frozen_dataclass" time="0.001" /><testcase classname="tests.ingestion.test_workers" name="test_resolve_worker_count_custom_max_workers" time="0.001" /><testcase classname="tests.ingestion.test_workers" name="test_create_executor_process_executor" time="0.002" /><testcase classname="tests.ingestion.test_workers" name="test_resolve_worker_count_custom_min_workers" time="0.001" /><testcase classname="tests.ingestion.test_workers" name="test_create_executor_thread_executor" time="0.000" /><testcase classname="tests.ingestion.test_workers" name="test_create_executor_unknown_kind_defaults_to_thread" time="0.001" /><testcase classname="tests.ingestion.test_workers" name="test_worker_pool_process" time="0.002" /><testcase classname="tests.ingestion.test_workers" name="test_worker_pool_thread" time="0.000" /><testcase classname="tests.ingestion.test_workers" name="test_executor_factory_creates_thread_executor" time="0.000" /><testcase classname="tests.ingestion.test_workers" name="test_worker_pool_shutdown_on_exit" time="0.004" /><testcase classname="tests.ingestion.test_workers" name="test_executor_factory_returns_callable" time="0.000" /><testcase classname="tests.ingestion.test_workers" name="test_executor_factory_creates_new_instance_each_call" time="0.000" /><testcase classname="tests.ingestion.test_workers" name="test_ast_worker_config" time="0.000" /><testcase classname="tests.ingestion.test_workers" name="test_executor_factory_creates_process_executor" time="0.002" /><testcase classname="tests.ingestion.test_workers" name="test_default_max_workers" time="0.001" /><testcase classname="tests.ingestion.test_workers" name="test_cst_worker_config" time="0.000" /><testcase classname="tests.ingestion.test_workers" name="test_default_min_workers" time="0.002" /><testcase classname="tests.ingestion.plugins.test_ast_extract_plugin" name="test_ast_extract_wiring_scenarios[asyncio-gateway_failure]" time="3.480" /><testcase classname="tests.ingestion.test_tools" name="test_tool_service_run_coverage_report_with_data" time="1.129" /><testcase classname="tests.ingestion.test_tools" name="test_tool_service_run_coverage_report_failure_returns_empty" time="0.004" /><testcase classname="tests.ingestion.test_module_inventory" name="test_module_inventory_round_trip" time="2.428" /><testcase classname="tests.ingestion.test_db_queries" name="test_safe_count_non_positive_with_negatives" time="3.332" /><testcase classname="tests.ingestion.test_scip_resolver" name="test_resolved_scip_config_create_with_modules" time="4.683" /><testcase classname="tests.ingestion.test_db_queries" name="test_safe_max_value_with_data" time="3.687" /><testcase classname="tests.ingestion.test_no_ad_hoc_changes" name="test_no_ad_hoc_change_detection[path0]" time="0.001" /><testcase classname="tests.ingestion.test_db_queries" name="test_safe_count_duplicates_no_dupes" time="3.479" /><testcase classname="tests.ingestion.test_scip_ingest" name="test_scip_ingest_result_factory" time="0.004" /><testcase classname="tests.ingestion.test_db_queries" name="test_safe_count_duplicates_with_dupes" time="3.555" /><testcase classname="tests.ingestion.test_db_queries" name="test_safe_max_value_invalid_column" time="3.484" /><testcase classname="tests.ingestion.test_db_queries" name="test_safe_not_null_fraction_half_null" time="3.528" /><testcase classname="tests.ingestion.test_scip_resolver" name="test_resolved_scip_config_frozen_dataclass" time="0.001" /><testcase classname="tests.ingestion.test_scip_resolver" name="test_resolved_scip_config_create_minimal" time="4.685" /><testcase classname="tests.ingestion.test_db_queries" name="test_safe_count_non_positive_invalid_table" time="3.313" /><testcase classname="tests.ingestion.test_runner_plumbing" name="test_typing_ingest_uses_shared_runner" time="0.000"><skipped type="pytest.skip" message="Schema mismatch: StaticDiagnosticRow (6 cols) vs static_diagnostics table (8 cols)">/home/paul/CodeIntel/tests/ingestion/test_runner_plumbing.py:93: Schema mismatch: StaticDiagnosticRow (6 cols) vs static_diagnostics table (8 cols)</skipped></testcase><testcase classname="tests.ingestion.test_scip_resolver" name="test_resolve_scip_inputs_missing_repo_raises_value_error" time="0.002" /><testcase classname="tests.ingestion.test_db_queries" name="test_safe_not_null_fraction_empty_table" time="3.330" /><testcase classname="tests.ingestion.test_db_queries" name="test_safe_count_non_positive_all_positive" time="3.631" /><testcase classname="tests.ingestion.plugins.test_docstrings_plugin" name="test_gateway_errors_log_warning[asyncio]" time="3.515"><failure message="AssertionError: Expected log record matching level='WARNING' containing='gateway error' but found none">tmp_path = PosixPath('/tmp/pytest-of-paul/pytest-101/popen-gw30/test_gateway_errors_log_warnin0')
caplog = &lt;_pytest.logging.LogCaptureFixture object at 0x73edbfc23230&gt;
ingestion_gateway = DuckDBGateway(config=StorageConfig(db_path=PosixPath(':memory:'), read_only=False, apply_schema=True, ensure_views=Tru...), graph=GraphTables(gateway=...), runs=PipelineRunTracking(con=&lt;_duckdb.DuckDBPyConnection object at 0x73ed300c65f0&gt;))

    @pytest.mark.anyio
    async def test_gateway_errors_log_warning(
        tmp_path: Path, caplog: pytest.LogCaptureFixture, ingestion_gateway: StorageGateway
    ) -&gt; None:
        """Database lookup failures should be logged and yield an empty module set."""
        capture = StepCallCapture()
        plugin = _make_plugin(capture)
        failing_gateway = FailingGateway(ingestion_gateway, "db down")
        caplog.set_level("WARNING")
    
        ctx = build_target_context_for_plugin(
            plugin,
            tmp_path,
            config=TargetContextConfig(
                gateway=failing_gateway,
                resources=TargetResourceOverrides(modules=()),
            ),
        )
        result = await plugin.execute(ctx)
    
        expect_true(result.success)
        expect_equal(capture.modules, [])
&gt;       assert_logged(caplog.records, level="WARNING", containing="gateway error")

tests/ingestion/plugins/test_docstrings_plugin.py:106: 
_ _ _ _ _ _ _ _ _ _ _ _ _ _ _ _ _ _ _ _ _ _ _ _ _ _ _ _ _ _ _ _ _ _ _ _ _ _ _ _ 

records = []

    def assert_logged(
        records: Iterable[LogRecord],
        *,
        level: str | None = None,
        containing: str | None = None,
    ) -&gt; None:
        r"""
        Assert that a log record matching the criteria exists.
    
        Parameters
        ----------
        records
            Iterable of log records (e.g., caplog.records).
        level
            Optional level name to filter (e.g., \"WARNING\").
        containing
            Optional substring that must appear in the message.
    
        Raises
        ------
        AssertionError
            If no matching record is found.
        """
        for record in records:
            if level is not None and record.levelname != level:
                continue
            if containing is not None and containing not in record.getMessage():
                continue
            return
    
        criteria = f"level={level!r} containing={containing!r}"
        error_message = f"Expected log record matching {criteria} but found none"
&gt;       raise AssertionError(error_message)
E       AssertionError: Expected log record matching level='WARNING' containing='gateway error' but found none

tests/_helpers/assertions/logging_assertions.py:44: AssertionError</failure></testcase><testcase classname="tests.ingestion.test_db_queries" name="test_safe_min_value_invalid_table" time="3.698" /><testcase classname="tests.ingestion.test_scip_resolver" name="test_resolve_scip_inputs_missing_repo_root_raises_value_error" time="0.002" /><testcase classname="tests.ingestion.test_db_queries" name="test_safe_not_null_fraction_all_not_null" time="3.449" /><testcase classname="tests.ingestion.test_runner_plumbing" name="test_repo_scan_honors_scan_profile" time="2.281" /><testcase classname="tests.ingestion.test_scip_resolver" name="test_scip_resolver_input_create_empty" time="0.001" /><testcase classname="tests.ingestion.test_scip_resolver" name="test_resolve_scip_inputs_with_modules_sequence" time="4.629" /><testcase classname="tests.ingestion.test_db_queries" name="test_safe_count_duplicates_invalid_table" time="3.547" /><testcase classname="tests.ingestion.test_scip_resolver" name="test_resolve_scip_inputs_missing_build_dir_raises_value_error" time="0.002" /><testcase classname="tests.ingestion.test_scip_resolver" name="test_resolve_scip_inputs_missing_commit_raises_value_error" time="0.001" /><testcase classname="tests.ingestion.test_db_queries" name="test_safe_count_orphan_refs_no_orphans" time="3.512" /><testcase classname="tests.ingestion.test_scip_resolver" name="test_scip_resolver_input_create_with_modules" time="4.640" /><testcase classname="tests.ingestion.test_scip_resolver" name="test_resolve_scip_inputs_with_modules_in_input" time="4.627" /><testcase classname="tests.ingestion.test_db_queries" name="test_safe_max_value_empty_table" time="3.637" /><testcase classname="tests.ingestion.test_scip_resolver" name="test_scip_resolver_input_create_with_explicit_params" time="4.612" /><testcase classname="tests.ingestion.test_docstrings_inventory" name="test_docstrings_respects_scan_profile_and_module_inventory" time="3.503" /><testcase classname="tests.ingestion.test_docstrings_inventory" name="test_docstrings_uses_module_inventory_not_filesystem_scan" time="3.375" /><testcase classname="tests.ingestion.test_db_queries" name="test_safe_not_null_fraction_invalid_table" time="3.453" /><testcase classname="tests.ingestion.test_tools" name="test_pyright_plugin_successful_run_returns_ok_status" time="0.002" /><testcase classname="tests.ingestion.test_scip_resolver" name="test_module_record_frozen" time="0.001" /><testcase classname="tests.ingestion.test_tools" name="test_tool_runner_missing_binary_raises_not_found_error" time="0.003" /><testcase classname="tests.ingestion.test_db_queries" name="test_safe_count_orphan_refs_with_orphans" time="3.580" /><testcase classname="tests.ingestion.test_subprocess_policy" name="test_no_direct_subprocess_usage_outside_tooling" time="0.060" /><testcase classname="tests.ingestion.test_db_queries" name="test_safe_count_orphan_refs_invalid_table" time="3.390" /><testcase classname="tests.ingestion.test_db_queries" name="test_safe_not_null_fraction_all_null" time="3.723" /><testcase classname="tests.ingestion.test_subprocess_policy" name="test_preset_runner_respects_tool_run_options" time="0.003" /><testcase classname="tests.ingestion.test_db_queries" name="test_safe_count_orphan_refs_with_nulls_allowed" time="3.571" /><testcase classname="tests.ingestion.test_tools" name="test_tool_status_enum_values" time="0.001" /><testcase classname="tests.ingestion.test_tools" name="test_tool_service_coverage_reports_normalization" time="0.739" /><testcase classname="tests.ingestion.test_scip_resolver" name="test_resolve_scip_inputs_with_scip_resolver_input" time="4.239" /><testcase classname="tests.ingestion.test_scip_resolver" name="test_module_record_create" time="4.183" /><testcase classname="tests.ingestion.test_runner_plumbing" name="test_coverage_ingest_uses_runner" time="2.827" /><testcase classname="tests.ingestion.test_scip_ingest" name="test_ingest_scip_produces_artifacts" time="5.417"><skipped type="pytest.skip" message="SCIP ingestion not successful in test environment: SCIP indexing failed: Tool scip-python failed (code=1)&#10;Args: ('index', '/tmp/pytest-of-paul/pytest-101/popen-gw18/test_ingest_scip_produces_arti0/repo', '--output', '/tmp/pytest-of-paul/pytest-101/popen-gw18/test_ingest_scip_produces_arti0/repo/build/scip/index.scip')&#10;stderr: fatal: not a git repository (or any of the parent directories): .git&#10;Warning: Could not find package information for: arelle, argcomplete, Babel, bcc, bcrypt, bioregistry, black, Brlapi, build, CacheControl, cfgv, chardet, class-resolver, cleo, cloud-init, cmake-annotate, cmake-format, cmake-lint, cmake-parse, cmakelang, colorlog, command-not-found, configobj, crashtest, crcmod, cupshelpers, curies, dash, dash-bootstrap-components, dbus-python, defer, distlib, distro, distro-info, docopt, dulwich, duplicity, fasteners, fastimport, fastjsonschema, fastobo, filelock, geopandas, gitdb, GitPython, hidapi, httplib2, identify, importlib-metadata, installer, iotop, jsonpatch, jsonpointer, language-selector, launchpadlib, lazr.restfulclient, lazr.uri, liquidctl, lockfile, louis, Mako, monotonic, more-click, msgpack, mypy, nest-asyncio, netaddr, netifaces, numpy-financial, oauthlib, olefile, ols-client, ontoportal-client, owlready2, paramiko, pexpect, pip, pipx, pkginfo, poetry, poetry-core, poetry-plugin-export, pooch, pre-commit, pronto, psutil, ptyprocess, pycairo, pycups, pydantic-extra-types, PyGObject, pylev, PyNaCl, pyogrio, pyproj, pyproject_hooks, pyrsistent, pyserial, pystow, python-apt, python-debian, pytokens, pyusb, pyxdg, rdflib, requests-toolbelt, retrying, s-tui, screen-resolution-extra, setuptools, shapely, smmap, sniffio, structlog, systemd-python, tensorrt, tensorrt_dispatch, tensorrt_lean, toml, trove-classifiers, ubuntu-drivers-common, ubuntu-pro-client, ufw, unattended-upgrades, urwid, usb-creator, userpath, virtualenv, wadllib, wcwidth, wheel, xdg, xdoctest, xkit&#10;&#10;&#10;Experienced Fatal Error While Indexing:&#10;Please create an issue at github.com/sourcegraph/scip-python: {&#10;  currentFilepath: '/tmp/pytest-of-paul/pytest-101/popen-gw18/test_ingest_scip_produces_arti0/repo/pkg/__init__.py',&#10;  error: TypeError: Cannot read properties of undefined (reading 'indexOf')&#10;      at normalizeNameOrVersion (/home/paul/.nvm/versions/node/v22.21.0/lib/node_modules/@sourcegraph/scip-python/dist/scip-python/src/ScipSymbol.ts:23:11)&#10;      at Function.static (/home/paul/.nvm/versions/node/v22.21.0/lib/node_modules/@sourcegraph/scip-python/dist/scip-python/src/ScipSymbol.ts:11:19)&#10;      at makePackage (/home/paul/.nvm/versions/node/v22.21.0/lib/node_modules/@sourcegraph/scip-python/dist/scip-python/src/symbols.ts:21:23)&#10;      at Object.makeModuleInit (/home/paul/.nvm/versions/node/v22.21.0/lib/node_modules/@sourcegraph/scip-python/dist/scip-python/src/symbols.ts:40:27)&#10;      at $.visitModule (/home/paul/.nvm/versions/node/v22.21.0/lib/node_modules/@sourcegraph/scip-python/dist/scip-python/src/treeVisitor.ts:230:40)&#10;      at $.visit (/home/paul/.nvm/versions/node/v22.21.0/lib/node_modules/@sourcegraph/scip-python/dist/pyright-internal/src/analyzer/parseTreeWalker.ts:475:29)&#10;      at $.visitNode (/home/paul/.nvm/versions/node/v22.21.0/lib/node_modules/@sourcegraph/scip-python/dist/pyright-internal/src/analyzer/parseTreeWalker.ts:933:21)&#10;      at $.walk (/home/paul/.nvm/versions/node/v22.21.0/lib/node_modules/@sourcegraph/scip-python/dist/pyright-internal/src/analyzer/parseTreeWalker.ts:915:37)&#10;      at &lt;anonymous&gt; (/home/paul/.nvm/versions/node/v22.21.0/lib/node_modules/@sourcegraph/scip-python/dist/scip-python/src/indexer.ts:252:29)&#10;      at Array.forEach (&lt;anonymous&gt;)&#10;}">/home/paul/CodeIntel/tests/ingestion/test_scip_ingest.py:79: SCIP ingestion not successful in test environment: SCIP indexing failed: Tool scip-python failed (code=1)
Args: ('index', '/tmp/pytest-of-paul/pytest-101/popen-gw18/test_ingest_scip_produces_arti0/repo', '--output', '/tmp/pytest-of-paul/pytest-101/popen-gw18/test_ingest_scip_produces_arti0/repo/build/scip/index.scip')
stderr: fatal: not a git repository (or any of the parent directories): .git
Warning: Could not find package information for: arelle, argcomplete, Babel, bcc, bcrypt, bioregistry, black, Brlapi, build, CacheControl, cfgv, chardet, class-resolver, cleo, cloud-init, cmake-annotate, cmake-format, cmake-lint, cmake-parse, cmakelang, colorlog, command-not-found, configobj, crashtest, crcmod, cupshelpers, curies, dash, dash-bootstrap-components, dbus-python, defer, distlib, distro, distro-info, docopt, dulwich, duplicity, fasteners, fastimport, fastjsonschema, fastobo, filelock, geopandas, gitdb, GitPython, hidapi, httplib2, identify, importlib-metadata, installer, iotop, jsonpatch, jsonpointer, language-selector, launchpadlib, lazr.restfulclient, lazr.uri, liquidctl, lockfile, louis, Mako, monotonic, more-click, msgpack, mypy, nest-asyncio, netaddr, netifaces, numpy-financial, oauthlib, olefile, ols-client, ontoportal-client, owlready2, paramiko, pexpect, pip, pipx, pkginfo, poetry, poetry-core, poetry-plugin-export, pooch, pre-commit, pronto, psutil, ptyprocess, pycairo, pycups, pydantic-extra-types, PyGObject, pylev, PyNaCl, pyogrio, pyproj, pyproject_hooks, pyrsistent, pyserial, pystow, python-apt, python-debian, pytokens, pyusb, pyxdg, rdflib, requests-toolbelt, retrying, s-tui, screen-resolution-extra, setuptools, shapely, smmap, sniffio, structlog, systemd-python, tensorrt, tensorrt_dispatch, tensorrt_lean, toml, trove-classifiers, ubuntu-drivers-common, ubuntu-pro-client, ufw, unattended-upgrades, urwid, usb-creator, userpath, virtualenv, wadllib, wcwidth, wheel, xdg, xdoctest, xkit


Experienced Fatal Error While Indexing:
Please create an issue at github.com/sourcegraph/scip-python: {
  currentFilepath: '/tmp/pytest-of-paul/pytest-101/popen-gw18/test_ingest_scip_produces_arti0/repo/pkg/__init__.py',
  error: TypeError: Cannot read properties of undefined (reading 'indexOf')
      at normalizeNameOrVersion (/home/paul/.nvm/versions/node/v22.21.0/lib/node_modules/@sourcegraph/scip-python/dist/scip-python/src/ScipSymbol.ts:23:11)
      at Function.static (/home/paul/.nvm/versions/node/v22.21.0/lib/node_modules/@sourcegraph/scip-python/dist/scip-python/src/ScipSymbol.ts:11:19)
      at makePackage (/home/paul/.nvm/versions/node/v22.21.0/lib/node_modules/@sourcegraph/scip-python/dist/scip-python/src/symbols.ts:21:23)
      at Object.makeModuleInit (/home/paul/.nvm/versions/node/v22.21.0/lib/node_modules/@sourcegraph/scip-python/dist/scip-python/src/symbols.ts:40:27)
      at $.visitModule (/home/paul/.nvm/versions/node/v22.21.0/lib/node_modules/@sourcegraph/scip-python/dist/scip-python/src/treeVisitor.ts:230:40)
      at $.visit (/home/paul/.nvm/versions/node/v22.21.0/lib/node_modules/@sourcegraph/scip-python/dist/pyright-internal/src/analyzer/parseTreeWalker.ts:475:29)
      at $.visitNode (/home/paul/.nvm/versions/node/v22.21.0/lib/node_modules/@sourcegraph/scip-python/dist/pyright-internal/src/analyzer/parseTreeWalker.ts:933:21)
      at $.walk (/home/paul/.nvm/versions/node/v22.21.0/lib/node_modules/@sourcegraph/scip-python/dist/pyright-internal/src/analyzer/parseTreeWalker.ts:915:37)
      at &lt;anonymous&gt; (/home/paul/.nvm/versions/node/v22.21.0/lib/node_modules/@sourcegraph/scip-python/dist/scip-python/src/indexer.ts:252:29)
      at Array.forEach (&lt;anonymous&gt;)
}</skipped></testcase></testsuite></testsuites>