<?xml version="1.0" encoding="utf-8"?><testsuites name="pytest tests"><testsuite name="pytest" errors="0" failures="0" skipped="0" tests="6" time="25.027" timestamp="2025-12-28T23:09:01.339236-05:00" hostname="MacBookPro"><testcase classname="tests.serving.semantic.test_query_builder" name="test_polars_ast_builder_validates_operators" time="0.007" /><testcase classname="tests.serving.semantic.test_query_builder" name="test_polars_ast_builder_rejects_unknown_column" time="0.014" /><testcase classname="tests.serving.semantic.test_duckdb_relation_builder" name="test_duckdb_ast_builder_filters_orders_and_paginates" time="0.026" /><testcase classname="tests.serving.semantic.test_duckdb_relation_builder" name="test_duckdb_ast_builder_rejects_invalid_operator" time="0.020" /><testcase classname="tests.serving.semantic.test_duckdb_relation_builder" name="test_duckdb_ast_builder_rejects_unknown_column" time="0.028" /><testcase classname="tests.serving.semantic.test_query_builder" name="test_polars_ast_builder_filters_orders_and_paginates" time="0.026" /></testsuite></testsuites>