<?xml version="1.0" encoding="utf-8"?><testsuites name="pytest tests"><testsuite name="pytest" errors="85" failures="23" skipped="4" tests="2930" time="879.875" timestamp="2025-12-23T02:33:20.952097-06:00" hostname="MacBookPro.lan"><testcase classname="tests._helpers.test_graphs_ast_lookup" name="test_build_ast_map_handles_functions_and_classes" time="0.005" /><testcase classname="tests.analytics.compute.test_entrypoints_detection" name="test_detector_settings_defaults_and_disable" time="0.003" /><testcase classname="tests.cli.test_build_cli.TestBuildStatusHelp" name="test_status_help_shows_description@cli_shared_flags" time="0.232" /><testcase classname="tests._helpers.test_graphs_ast_lookup" name="test_build_ast_map_raises_for_missing_target" time="0.010" /><testcase classname="tests._helpers.test_symbol_use_edges" name="test_make_symbol_use_edge_row_infers_same_flags" time="0.006" /><testcase classname="tests.analytics.compute.test_entrypoints_detection" name="test_entrypoint_candidate_core_metadata" time="0.002" /><testcase classname="tests.analytics.compute.test_entrypoints_detection" name="test_entrypoint_candidate_frameworks[fastapi]" time="0.001" /><testcase classname="tests.analytics.compute.test_entrypoints_detection" name="test_import_context_immutability" time="0.002" /><testcase classname="tests.analytics.compute.test_entrypoints_detection" name="test_entrypoint_candidate_frameworks[flask]" time="0.001" /><testcase classname="tests.analytics.compute.test_entrypoints_detection" name="test_entrypoint_candidate_kinds[cli_command]" time="0.003" /><testcase classname="tests.analytics.compute.test_entrypoints_detection" name="test_entrypoint_candidate_frameworks[click]" time="0.002" /><testcase classname="tests.analytics.compute.test_entrypoints_detection" name="test_entrypoint_candidate_frameworks[typer]" time="0.001" /><testcase classname="tests.analytics.compute.test_entrypoints_detection" name="test_entrypoint_candidate_frameworks[None]" time="0.001" /><testcase classname="tests.analytics.compute.test_entrypoints_detection" name="test_entrypoint_candidate_frameworks[airflow]" time="0.001" /><testcase classname="tests.analytics.compute.test_entrypoints_detection" name="test_entrypoint_candidate_frameworks[celery]" time="0.010" /><testcase classname="tests.analytics.compute.test_entrypoints_detection" name="test_entrypoint_candidate_frameworks[django]" time="0.002" /><testcase classname="tests.analytics.compute.test_entrypoints_detection" name="test_detects_click_typer_and_generic_routes" time="0.006" /><testcase classname="tests.analytics.compute.test_entrypoints_detection" name="test_detects_fastapi_and_flask_routes" time="0.007" /><testcase classname="tests.analytics.compute.test_entrypoints_detection" name="test_detect_entrypoints_basic_behaviors" time="0.005" /><testcase classname="tests.analytics.compute.test_evidence_collection" name="test_evidence_sample_from_ast_and_to_dict" time="0.001" /><testcase classname="tests.analytics.compute.test_entrypoints_detection" name="test_detects_celery_airflow_cron_and_django" time="0.003" /><testcase classname="tests.analytics.compute.test_evidence_collection" name="test_evidence_collector_deduplicates_and_caps" time="0.001" /><testcase classname="tests.analytics.compute.test_evidence_collection" name="test_evidence_collector_caps_and_retains_details" time="0.001" /><testcase classname="tests.analytics.compute.test_evidence_collection" name="test_evidence_collector_add_from_ast_and_extend" time="0.001" /><testcase classname="tests.analytics.compute.test_evidence_collection" name="test_validate_evidence_samples_errors" time="0.001" /><testcase classname="tests.analytics.compute.test_graphs_centrality" name="test_metrics_create_all_fields" time="0.001" /><testcase classname="tests.analytics.compute.test_graphs_centrality" name="test_metrics_is_frozen" time="0.001" /><testcase classname="tests.analytics.compute.test_graphs_centrality" name="test_pagerank_single_node" time="0.149" /><testcase classname="tests.analytics.compute.test_graphs_centrality" name="test_pagerank_empty_graph" time="0.002" /><testcase classname="tests.analytics.compute.test_graphs_centrality" name="test_pagerank_simple_chain" time="0.149" /><testcase classname="tests.analytics.compute.test_graphs_centrality" name="test_pagerank_reverse_star_hub_high" time="0.143" /><testcase classname="tests.cli.test_build_cli.TestBuildStatusHelp" name="test_status_help_shows_options@cli_shared_flags" time="0.039" /><testcase classname="tests.cli.test_build_cli.TestBuildStatusCommand" name="test_status_json_output_structure@cli_shared_flags" time="0.043" /><testcase classname="tests.cli.test_build_cli.TestBuildStatusCommand" name="test_status_invalid_module@cli_shared_flags" time="0.013" /><testcase classname="tests.analytics.compute.test_graphs_centrality" name="test_pagerank_realistic_call_graph" time="0.007" /><testcase classname="tests.analytics.compute.test_graphs_centrality" name="test_pagerank_cycle_equal" time="0.002" /><testcase classname="tests.analytics.compute.test_graphs_centrality" name="test_pagerank_star_hub_low" time="0.001" /><testcase classname="tests.analytics.compute.test_graphs_centrality" name="test_pagerank_custom_alpha" time="0.003" /><testcase classname="tests.analytics.compute.test_graphs_centrality" name="test_pagerank_custom_tolerance" time="0.004" /><testcase classname="tests.analytics.compute.test_graphs_centrality" name="test_pagerank_custom_max_iter" time="0.002" /><testcase classname="tests.cli.test_build_cli.TestBuildRunHelp" name="test_run_help_shows_description@cli_shared_flags" time="0.063" /><testcase classname="tests.analytics.compute.test_graphs_centrality" name="test_pagerank_disconnected_components" time="0.002" /><testcase classname="tests.analytics.compute.test_graphs_centrality" name="test_pagerank_sums_to_one" time="0.002" /><testcase classname="tests.analytics.compute.test_graphs_centrality" name="test_pagerank_keys_match_nodes" time="0.002" /><testcase classname="tests.analytics.compute.test_graphs_centrality" name="test_pagerank_values_are_floats" time="0.002" /><testcase classname="tests.analytics.compute.test_graphs_centrality" name="test_betweenness_empty_graph" time="0.001" /><testcase classname="tests.analytics.compute.test_graphs_centrality" name="test_betweenness_single_node_zero" time="0.002" /><testcase classname="tests.analytics.compute.test_graphs_centrality" name="test_betweenness_chain_middle_nodes_high" time="0.001" /><testcase classname="tests.analytics.compute.test_graphs_centrality" name="test_betweenness_star_hub_high" time="0.001" /><testcase classname="tests.analytics.compute.test_graphs_centrality" name="test_betweenness_normalized" time="0.001" /><testcase classname="tests.analytics.compute.test_graphs_centrality" name="test_betweenness_cycle_equal" time="0.001" /><testcase classname="tests.analytics.compute.test_graphs_centrality" name="test_betweenness_unnormalized" time="0.001" /><testcase classname="tests.analytics.compute.test_graphs_centrality" name="test_betweenness_sampled_with_k" time="0.001" /><testcase classname="tests.analytics.compute.test_graphs_centrality" name="test_betweenness_disconnected_components" time="0.001" /><testcase classname="tests.analytics.compute.test_graphs_centrality" name="test_betweenness_realistic_call_graph" time="0.001" /><testcase classname="tests.analytics.compute.test_graphs_centrality" name="test_betweenness_keys_match_nodes" time="0.001" /><testcase classname="tests.analytics.compute.test_graphs_centrality" name="test_betweenness_values_are_floats" time="0.001" /><testcase classname="tests.analytics.compute.test_graphs_centrality" name="test_both_metrics_same_nodes" time="0.002" /><testcase classname="tests.analytics.compute.test_graphs_centrality" name="test_metrics_identify_different_importance" time="0.002" /><testcase classname="tests.analytics.compute.test_graphs_centrality" name="test_dense_graph_metrics" time="0.002" /><testcase classname="tests.analytics.compute.test_graphs_centrality" name="test_centrality_directed_logs_eigen_warning" time="0.007" /><testcase classname="tests.analytics.compute.test_graphs_centrality" name="test_centrality_undirected_logs_eigen_warning" time="0.016" /><testcase classname="tests.analytics.compute.test_graphs_centrality" name="test_centrality_undirected_logs_structural_warning" time="0.010" /><testcase classname="tests.analytics.compute.test_graphs_conversions.TestNormalizeDecimalId" name="test_returns_none_for_none" time="0.001" /><testcase classname="tests.analytics.compute.test_graphs_conversions.TestNormalizeDecimalId" name="test_passes_through_integers[-1--1]" time="0.001" /><testcase classname="tests.analytics.compute.test_graphs_conversions.TestNormalizeDecimalId" name="test_passes_through_integers[0-0]" time="0.001" /><testcase classname="tests.analytics.compute.test_graphs_conversions.TestNormalizeDecimalId" name="test_converts_decimal_to_int[input_val0-123]" time="0.002" /><testcase classname="tests.analytics.compute.test_graphs_conversions.TestNormalizeDecimalId" name="test_converts_decimal_to_int[input_val1-0]" time="0.001" /><testcase classname="tests.analytics.compute.test_graphs_conversions.TestNormalizeDecimalId" name="test_passes_through_integers[123-123]" time="0.001" /><testcase classname="tests.analytics.compute.test_graphs_conversions.TestNormalizeDecimalId" name="test_converts_decimal_to_int[input_val2--456]" time="0.001" /><testcase classname="tests.cli.test_build_cli.TestBuildRunHelp" name="test_run_help_shows_options@cli_shared_flags" time="0.067" /><testcase classname="tests.analytics.compute.test_graphs_conversions.TestNormalizeDecimalId" name="test_decodes_bytes[456-456]" time="0.002" /><testcase classname="tests.analytics.compute.test_graphs_conversions.TestNormalizeDecimalId" name="test_converts_decimal_to_int[input_val3-999999999999999999]" time="0.001" /><testcase classname="tests.analytics.compute.test_graphs_conversions.TestNormalizeDecimalId" name="test_decodes_bytes[0-0]" time="0.002" /><testcase classname="tests.analytics.compute.test_graphs_conversions.TestNormalizeDecimalId" name="test_decodes_bytes[123-123]" time="0.001" /><testcase classname="tests.analytics.compute.test_graphs_conversions.TestNormalizeDecimalId" name="test_decodes_bytearray[input_val0-123]" time="0.002" /><testcase classname="tests.analytics.compute.test_graphs_conversions.TestNormalizeDecimalId" name="test_returns_none_for_invalid_bytes" time="0.001" /><testcase classname="tests.analytics.compute.test_graphs_conversions.TestNormalizeDecimalId" name="test_returns_none_for_non_numeric_bytes" time="0.001" /><testcase classname="tests.analytics.compute.test_graphs_conversions.TestNormalizeDecimalId" name="test_decodes_bytearray[input_val1-789]" time="0.001" /><testcase classname="tests.analytics.compute.test_graphs_conversions.TestNormalizeDecimalId" name="test_converts_string[123-123]" time="0.002" /><testcase classname="tests.analytics.compute.test_graphs_conversions.TestNormalizeDecimalId" name="test_converts_string[456-456]" time="0.001" /><testcase classname="tests.analytics.compute.test_graphs_conversions.TestNormalizeDecimalId" name="test_converts_float_via_string" time="0.000" /><testcase classname="tests.analytics.compute.test_graphs_conversions.TestSafeFloat" name="test_returns_none_for_none" time="0.001" /><testcase classname="tests.analytics.compute.test_graphs_conversions.TestSafeFloat" name="test_passes_through_floats[1.5-1.5]" time="0.001" /><testcase classname="tests.analytics.compute.test_graphs_conversions.TestSafeFloat" name="test_passes_through_floats[0.0-0.0]" time="0.001" /><testcase classname="tests.analytics.compute.test_graphs_conversions.TestNormalizeDecimalId" name="test_returns_none_for_unconvertible" time="0.003" /><testcase classname="tests.analytics.compute.test_graphs_conversions.TestSafeFloat" name="test_passes_through_floats[-3.14--3.14]" time="0.001" /><testcase classname="tests.analytics.compute.test_graphs_conversions.TestSafeFloat" name="test_converts_decimal[input_val2--3.14]" time="0.001" /><testcase classname="tests.analytics.compute.test_graphs_conversions.TestSafeFloat" name="test_converts_decimal[input_val1-0.0]" time="0.002" /><testcase classname="tests.analytics.compute.test_graphs_conversions.TestSafeFloat" name="test_converts_string[0.0-0.0]" time="0.001" /><testcase classname="tests.analytics.compute.test_graphs_conversions.TestSafeFloat" name="test_converts_decimal[input_val0-1.5]" time="0.002" /><testcase classname="tests.analytics.compute.test_graphs_conversions.TestSafeFloat" name="test_converts_string[1.5-1.5]" time="0.001" /><testcase classname="tests.analytics.compute.test_graphs_conversions.TestSafeFloat" name="test_returns_none_for_invalid" time="0.000" /><testcase classname="tests.analytics.compute.test_graphs_conversions.TestLogEmptyGraph" name="test_logs_for_empty_graph" time="0.002" /><testcase classname="tests.analytics.compute.test_graphs_conversions.TestLogEmptyGraph" name="test_no_log_for_nonempty_graph" time="0.001" /><testcase classname="tests.analytics.compute.test_graphs_conversions.TestSafeFloat" name="test_converts_string[-3.14--3.14]" time="0.002" /><testcase classname="tests.analytics.compute.test_graphs_conversions.TestLogEmptyGraph" name="test_works_with_digraph" time="0.001" /><testcase classname="tests.analytics.compute.test_graphs_conversions.TestLogProjectionSkipped" name="test_logs_info" time="0.002" /><testcase classname="tests.analytics.compute.test_graphs_conversions.TestLogProjectionSkipped" name="test_logs_with_different_reasons" time="0.002" /><testcase classname="tests.analytics.compute.test_graphs_conversions.TestIntegrationScenarios" name="test_graph_node_id_normalization" time="0.001" /><testcase classname="tests.analytics.compute.test_graphs_conversions.TestIntegrationScenarios" name="test_roundtrip_decimal_normalization" time="0.001" /><testcase classname="tests.analytics.compute.test_graphs_conversions.TestIntegrationScenarios" name="test_safe_float_for_metrics" time="0.001" /><testcase classname="tests.analytics.compute.test_graphs_statistics" name="test_statistics_create_all_fields" time="0.001" /><testcase classname="tests.analytics.compute.test_graphs_statistics" name="test_statistics_is_frozen" time="0.001" /><testcase classname="tests.analytics.compute.test_graphs_statistics" name="test_stats_empty_graph" time="0.002" /><testcase classname="tests.analytics.compute.test_graphs_statistics" name="test_stats_single_node" time="0.003" /><testcase classname="tests.analytics.compute.test_graphs_statistics" name="test_stats_simple_dag_is_dag" time="0.003" /><testcase classname="tests.analytics.compute.test_graphs_statistics" name="test_stats_cycle_is_not_dag" time="0.002" /><testcase classname="tests.analytics.compute.test_graphs_statistics" name="test_stats_node_and_edge_counts" time="0.001" /><testcase classname="tests.analytics.compute.test_graphs_statistics" name="test_stats_density_calculation" time="0.002" /><testcase classname="tests.analytics.compute.test_graphs_statistics" name="test_stats_multiple_components" time="0.002" /><testcase classname="tests.analytics.compute.test_graphs_statistics" name="test_stats_average_degrees" time="0.001" /><testcase classname="tests.analytics.compute.test_graphs_statistics" name="test_stats_strongly_connected_graph" time="0.001" /><testcase classname="tests.analytics.compute.test_graphs_statistics" name="test_in_degrees_empty_graph" time="0.001" /><testcase classname="tests.analytics.compute.test_graphs_statistics" name="test_stats_realistic_call_graph" time="0.001" /><testcase classname="tests.analytics.compute.test_graphs_statistics" name="test_in_degrees_star_graph" time="0.001" /><testcase classname="tests.cli.test_build_cli.TestBuildRunValidation" name="test_run_no_targets_no_module_error@cli_shared_flags" time="0.032" /><testcase classname="tests.analytics.compute.test_graphs_statistics" name="test_in_degrees_simple_chain" time="0.002" /><testcase classname="tests.analytics.compute.test_graphs_statistics" name="test_out_degrees_empty_graph" time="0.001" /><testcase classname="tests.analytics.compute.test_graphs_statistics" name="test_out_degrees_star_graph" time="0.001" /><testcase classname="tests.analytics.compute.test_graphs_statistics" name="test_out_degrees_simple_chain" time="0.001" /><testcase classname="tests.analytics.compute.test_graphs_statistics" name="test_degrees_empty_graph" time="0.001" /><testcase classname="tests.analytics.compute.test_graphs_statistics" name="test_degrees_simple_path" time="0.001" /><testcase classname="tests.analytics.compute.test_graphs_statistics" name="test_degrees_triangle" time="0.001" /><testcase classname="tests.analytics.compute.test_graphs_statistics" name="test_in_degree_values_empty_graph" time="0.001" /><testcase classname="tests.analytics.compute.test_graphs_statistics" name="test_in_degree_values_only" time="0.001" /><testcase classname="tests.analytics.compute.test_graphs_statistics" name="test_out_degree_values_empty_graph" time="0.000" /><testcase classname="tests.analytics.compute.test_graphs_statistics" name="test_out_degree_values_only" time="0.000" /><testcase classname="tests.analytics.compute.test_graphs_statistics" name="test_degree_values_empty_graph" time="0.001" /><testcase classname="tests.analytics.compute.test_graphs_statistics" name="test_statistics_consistency" time="0.001" /><testcase classname="tests.analytics.compute.test_graphs_statistics" name="test_degree_values_only" time="0.001" /><testcase classname="tests.analytics.compute.test_graphs_statistics" name="test_degree_functions_match_statistics" time="0.001" /><testcase classname="tests.analytics.compute.test_graphs_statistics" name="test_various_graph_sizes" time="0.001" /><testcase classname="tests.analytics.compute.test_graphs_wrappers" name="test_centrality_wrappers_and_neighbor_stats" time="0.011" /><testcase classname="tests.cli.test_build_cli.TestBuildRunValidation" name="test_run_invalid_module@cli_shared_flags" time="0.053" /><testcase classname="tests.analytics.compute.test_graphs_wrappers" name="test_structural_metrics_and_paths" time="0.010" /><testcase classname="tests.analytics.compute.test_graphs_wrappers" name="test_component_metadata_and_global_stats" time="0.004" /><testcase classname="tests.analytics.compute.test_graphs_wrappers" name="test_projection_metrics_and_degrees" time="0.002" /><testcase classname="tests.analytics.compute.test_graphs_wrappers" name="test_dfg_helpers_and_metrics" time="0.002" /><testcase classname="tests.analytics.compute.test_profiles" name="test_aggregates_default_values" time="0.000" /><testcase classname="tests.analytics.compute.test_profiles" name="test_metric_create" time="0.000" /><testcase classname="tests.analytics.compute.test_profiles" name="test_aggregates_custom_values" time="0.001" /><testcase classname="tests.analytics.compute.test_profiles" name="test_aggregate_single_function" time="0.000" /><testcase classname="tests.analytics.compute.test_graphs_wrappers" name="test_cfg_helpers_and_metrics" time="0.009" /><testcase classname="tests.analytics.compute.test_profiles" name="test_aggregate_multiple_functions" time="0.001" /><testcase classname="tests.analytics.compute.test_profiles" name="test_aggregate_typedness_counts" time="0.001" /><testcase classname="tests.analytics.compute.test_profiles" name="test_aggregate_complexity_buckets" time="0.000" /><testcase classname="tests.analytics.compute.test_profiles" name="test_aggregate_average_typedness" time="0.001" /><testcase classname="tests.analytics.compute.test_profiles" name="test_aggregate_realistic_codebase" time="0.001" /><testcase classname="tests.analytics.compute.test_profiles" name="test_stats_empty_aggregates" time="0.001" /><testcase classname="tests.analytics.compute.test_profiles" name="test_stats_all_typed" time="0.001" /><testcase classname="tests.analytics.compute.test_profiles" name="test_stats_mixed_typedness" time="0.000" /><testcase classname="tests.analytics.compute.test_profiles" name="test_stats_avg_loc" time="0.000" /><testcase classname="tests.analytics.compute.test_profiles" name="test_aggregate_empty_metrics" time="0.001" /><testcase classname="tests.analytics.compute.test_profiles" name="test_stats_all_present" time="0.000" /><testcase classname="tests.analytics.compute.test_profiles" name="test_features_is_frozen" time="0.001" /><testcase classname="tests.analytics.compute.test_profiles" name="test_extract_small_simple_typed" time="0.001" /><testcase classname="tests.analytics.compute.test_profiles" name="test_features_create" time="0.001" /><testcase classname="tests.analytics.compute.test_profiles" name="test_extract_large_complex_untyped" time="0.000" /><testcase classname="tests.analytics.compute.test_profiles" name="test_quality_score_bounds" time="0.000" /><testcase classname="tests.analytics.compute.test_profiles" name="test_extract_medium_moderate_partial" time="0.001" /><testcase classname="tests.analytics.compute.test_profiles" name="test_quality_score_weights" time="0.001" /><testcase classname="tests.analytics.compute.test_profiles" name="test_threshold_constants" time="0.001" /><testcase classname="tests.analytics.compute.test_profiles" name="test_size_boundary_medium_large" time="0.001" /><testcase classname="tests.analytics.compute.test_profiles" name="test_complexity_boundary" time="0.001" /><testcase classname="tests.analytics.compute.test_profiles" name="test_typedness_boundary" time="0.001" /><testcase classname="tests.analytics.compute.test_profiles" name="test_complexity_normalization" time="0.000" /><testcase classname="tests.analytics.compute.test_profiles" name="test_realistic_codebase_features" time="0.001" /><testcase classname="tests.analytics.compute.test_profiles" name="test_aggregate_then_extract" time="0.001" /><testcase classname="tests.analytics.compute.test_profiles" name="test_size_boundary_small_medium" time="0.001" /><testcase classname="tests.analytics.compute.test_row_builders.TestBuildFunctionGraphMetricRows" name="test_builds_empty_list_for_no_nodes" time="0.001" /><testcase classname="tests.cli.test_build_cli.TestBuildRunValidation" name="test_run_unknown_target@cli_shared_flags" time="0.039" /><testcase classname="tests.analytics.compute.test_row_builders.TestBuildFunctionGraphMetricRows" name="test_builds_rows_for_nodes" time="0.001" /><testcase classname="tests.analytics.compute.test_row_builders.TestMergeComponentMetadata" name="test_returns_computed_when_no_cache" time="0.002" /><testcase classname="tests.analytics.compute.test_row_builders.TestRowBuildersImport" name="test_import_from_row_builders_package" time="0.000" /><testcase classname="tests.analytics.compute.test_row_builders.TestBuildSubsystemGraphRows" name="test_builds_rows_for_subsystems" time="0.001" /><testcase classname="tests.analytics.compute.test_row_builders.TestMergeComponentMetadata" name="test_overlays_cached_values" time="0.002" /><testcase classname="tests.analytics.compute.test_semantic_roles" name="test_context_name_property" time="0.001" /><testcase classname="tests.analytics.compute.test_semantic_roles" name="test_context_name_simple" time="0.001" /><testcase classname="tests.analytics.compute.test_row_builders.TestBuildSymbolRows" name="test_builds_module_rows" time="0.001" /><testcase classname="tests.analytics.compute.test_semantic_roles" name="test_context_module_lower" time="0.001" /><testcase classname="tests.analytics.compute.test_semantic_roles" name="test_context_rel_path_lower" time="0.001" /><testcase classname="tests.analytics.compute.test_semantic_roles" name="test_context_tag_strings" time="0.001" /><testcase classname="tests.analytics.compute.test_semantic_roles" name="test_accumulator_bump_single" time="0.001" /><testcase classname="tests.analytics.compute.test_semantic_roles" name="test_context_module_lower_none" time="0.001" /><testcase classname="tests.analytics.compute.test_semantic_roles" name="test_accumulator_bump_with_framework" time="0.001" /><testcase classname="tests.analytics.compute.test_semantic_roles" name="test_accumulator_framework_first_wins" time="0.001" /><testcase classname="tests.analytics.compute.test_semantic_roles" name="test_accumulator_bump_accumulates" time="0.001" /><testcase classname="tests.analytics.compute.test_semantic_roles" name="test_accumulator_finalize_below_threshold" time="0.001" /><testcase classname="tests.analytics.compute.test_semantic_roles" name="test_accumulator_finalize_empty" time="0.001" /><testcase classname="tests.analytics.compute.test_semantic_roles" name="test_accumulator_finalize_above_threshold" time="0.001" /><testcase classname="tests.analytics.compute.test_semantic_roles" name="test_accumulator_finalize_picks_highest" time="0.001" /><testcase classname="tests.analytics.compute.test_semantic_roles" name="test_classify_test_function" time="0.001" /><testcase classname="tests.analytics.compute.test_semantic_roles" name="test_accumulator_finalize_caps_confidence" time="0.001" /><testcase classname="tests.analytics.compute.test_semantic_roles" name="test_classify_api_handler" time="0.001" /><testcase classname="tests.analytics.compute.test_semantic_roles" name="test_classify_pytest_fixture" time="0.001" /><testcase classname="tests.analytics.compute.test_semantic_roles" name="test_classify_test_prefix" time="0.001" /><testcase classname="tests.analytics.compute.test_semantic_roles" name="test_classify_cli_click" time="0.001" /><testcase classname="tests.cli.test_build_cli.TestBuildRunValidation" name="test_run_conflicting_selection_flags@cli_shared_flags" time="0.062" /><testcase classname="tests.analytics.compute.test_semantic_roles" name="test_classify_cli_typer" time="0.001" /><testcase classname="tests.analytics.compute.test_semantic_roles" name="test_classify_flask_route" time="0.001" /><testcase classname="tests.analytics.compute.test_semantic_roles" name="test_classify_cli_path" time="0.001" /><testcase classname="tests.analytics.compute.test_semantic_roles" name="test_classify_repository" time="0.001" /><testcase classname="tests.analytics.compute.test_semantic_roles" name="test_classify_service" time="0.001" /><testcase classname="tests.analytics.compute.test_semantic_roles" name="test_classify_validator_by_name[validate]" time="0.001" /><testcase classname="tests.analytics.compute.test_semantic_roles" name="test_classify_validator" time="0.002" /><testcase classname="tests.analytics.compute.test_semantic_roles" name="test_classify_validator_by_name[check]" time="0.001" /><testcase classname="tests.analytics.compute.test_semantic_roles" name="test_classify_validator_by_name[assert]" time="0.001" /><testcase classname="tests.analytics.compute.test_semantic_roles" name="test_classify_validator_by_name[ensure]" time="0.001" /><testcase classname="tests.analytics.compute.test_semantic_roles" name="test_classify_config_loader" time="0.001" /><testcase classname="tests.analytics.compute.test_semantic_roles" name="test_classify_helper" time="0.001" /><testcase classname="tests.analytics.compute.test_semantic_roles" name="test_classify_module_tags" time="0.001" /><testcase classname="tests.analytics.compute.test_semantic_roles" name="test_classify_returns_signals" time="0.001" /><testcase classname="tests.analytics.compute.test_semantic_roles" name="test_classify_other" time="0.001" /><testcase classname="tests.analytics.compute.test_semantic_roles" name="test_modules_classify_empty" time="0.001" /><testcase classname="tests.analytics.compute.test_semantic_roles" name="test_modules_classify_from_tags" time="0.000" /><testcase classname="tests.analytics.compute.test_semantic_roles" name="test_modules_classify_from_functions" time="0.000" /><testcase classname="tests.analytics.compute.test_semantic_roles" name="test_modules_classify_ignores_other" time="0.001" /><testcase classname="tests.analytics.compute.test_semantic_roles" name="test_modules_classify_multiple" time="0.001" /><testcase classname="tests.analytics.compute.test_semantic_roles" name="test_modules_classify_below_threshold" time="0.001" /><testcase classname="tests.analytics.compute.test_semantic_roles" name="test_decorator_names_simple" time="0.001" /><testcase classname="tests.analytics.compute.test_semantic_roles" name="test_decorator_names_attribute" time="0.001" /><testcase classname="tests.analytics.compute.test_semantic_roles" name="test_decorator_names_empty" time="0.001" /><testcase classname="tests.analytics.compute.test_semantic_roles" name="test_decorator_names_multiple" time="0.001" /><testcase classname="tests.analytics.compute.test_semantic_roles" name="test_decorator_names_call" time="0.001" /><testcase classname="tests.analytics.compute.test_semantic_roles" name="test_constants_role_threshold_positive" time="0.001" /><testcase classname="tests.analytics.compute.test_semantic_roles" name="test_constants_service_fan_thresholds_positive" time="0.000" /><testcase classname="tests.analytics.functions.test_function_contracts" name="test_condition_context_creation" time="0.001" /><testcase classname="tests.analytics.compute.test_semantic_roles" name="test_constants_helper_loc_threshold_positive" time="0.001" /><testcase classname="tests.analytics.functions.test_function_contracts" name="test_condition_context_with_none_line" time="0.001" /><testcase classname="tests.analytics.functions.test_function_contracts" name="test_condition_context_immutable" time="0.001" /><testcase classname="tests.cli.test_build_cli.TestBuildAppStructure" name="test_build_help_shows_commands@cli_shared_flags" time="0.034" /><testcase classname="tests.cli.test_build_cli.TestBuildAppStructure" name="test_build_no_args_shows_help@cli_shared_flags" time="0.021" /><testcase classname="tests.cli.test_build_cli.TestModuleOption" name="test_valid_module_names[ingestion]@cli_shared_flags" time="0.024" /><testcase classname="tests.cli.test_build_cli.TestModuleOption" name="test_valid_module_names[graphs]@cli_shared_flags" time="0.024" /><testcase classname="tests.cli.test_build_cli.TestModuleOption" name="test_valid_module_names[analytics]@cli_shared_flags" time="0.025" /><testcase classname="tests.cli.test_build_cli.TestDryRun" name="test_dry_run_flag_recognized@cli_shared_flags" time="0.058" /><testcase classname="tests.cli.test_build_cli.TestForceOption" name="test_force_flag_recognized@cli_shared_flags" time="0.059" /><testcase classname="tests.cli.test_build_cli.TestJsonOutput" name="test_json_flag_recognized_on_status@cli_shared_flags" time="0.054" /><testcase classname="tests.cli.test_build_cli.TestJsonOutput" name="test_json_flag_recognized_on_run@cli_shared_flags" time="0.088" /><testcase classname="tests.cli.test_build_command" name="test_build_run_success@cli_shared_flags" time="7.072" /><testcase classname="tests.cli.test_build_command" name="test_build_run_dry_run@cli_shared_flags" time="5.368" /><testcase classname="tests.analytics.functions.test_function_contracts" name="test_build_function_contracts_with_simple_function" time="16.202" /><testcase classname="tests._helpers.test_symbol_use_edges" name="test_load_symbol_module_graph_smoke" time="17.509"><error message="failed on setup with &quot;AssertionError: repo_map/modules inconsistency.&#10;  only_in_core.modules=[]&#10;  only_in_core.repo_map=['pkg.util']&#10;  mismatched_paths=[]&quot;">fixturedef = &lt;FixtureDef argname='core_ctx' scope='function' baseid='tests'&gt;
request = &lt;SubRequest 'core_ctx' for &lt;Function test_load_symbol_module_graph_smoke&gt;&gt;

    @pytest.hookimpl(wrapper=True)
    def pytest_fixture_setup(fixturedef: FixtureDef, request) -&gt; object | None:
        asyncio_mode = _get_asyncio_mode(request.config)
        if not _is_asyncio_fixture_function(fixturedef.func):
            if asyncio_mode == Mode.STRICT:
                # Ignore async fixtures without explicit asyncio mark in strict mode
                # This applies to pytest_trio fixtures, for example
                return (yield)
            if not _is_coroutine_or_asyncgen(fixturedef.func):
&gt;               return (yield)
                        ^^^^^

.venv/lib/python3.13/site-packages/pytest_asyncio/plugin.py:730: 
_ _ _ _ _ _ _ _ _ _ _ _ _ _ _ _ _ _ _ _ _ _ _ _ _ _ _
tests/conftest.py:109: in core_ctx
    ctx.require(CORE_PACK)
tests/_helpers/context.py:327: in require
    self._apply_pack(pack)
tests/_helpers/context.py:344: in _apply_pack
    pack.apply(self)
tests/_helpers/seeds/core.py:111: in apply
    ModulesAssertions(ctx.gateway, ctx.snapshot).inventory_consistent()
tests/_helpers/assertions/modules.py:494: in inventory_consistent
    assert_repo_map_consistent_with_modules(
_ _ _ _ _ _ _ _ _ _ _ _ _ _ _ _ _ _ _ _ _ _ _ _ _ _ _

gateway = DuckDBGateway(config=StorageConfig(db_path=PosixPath(':memory:'), read_only=False, apply_schema=True, ensure_views=Tru......), graph=GraphTables(gateway=...), runs=PipelineRunTracking(con=&lt;_duckdb.DuckDBPyConnection object at 0x12af28170&gt;))
snapshot = SnapshotRef(repo='demo/repo', commit='deadbeef', repo_root=PosixPath('/private/var/folders/70/h2nd1qjs1zngp8z6tt27_s9c0000gn/T/pytest-of-paulheyse/pytest-112/popen-gw9/test_load_symbol_module_graph_0/repo'), branch=None)

    def assert_repo_map_consistent_with_modules(
        gateway: StorageGateway,
        snapshot: SnapshotRef,
        *,
        message_prefix: str = "",
    ) -&gt; None:
        """Assert repo_map.modules and core.modules describe the same inventory.
    
        Raises
        ------
        AssertionError
            If the inventories are inconsistent.
        """
        modules_map = load_modules_module_map(gateway, snapshot)
        repo_map = load_repo_map_modules(gateway, snapshot)
        if modules_map != repo_map:
            only_modules = sorted(set(modules_map) - set(repo_map))
            only_repo_map = sorted(set(repo_map) - set(modules_map))
            mismatched = sorted(
                k for k in (set(modules_map) &amp; set(repo_map)) if modules_map[k] != repo_map[k]
            )
            message = (
                "repo_map/modules inconsistency.\n"
                f"  only_in_core.modules={only_modules}\n"
                f"  only_in_core.repo_map={only_repo_map}\n"
                f"  mismatched_paths={[(k, modules_map[k], repo_map[k]) for k in mismatched]}"
            )
&gt;           raise AssertionError(format_assertion_message(message_prefix, message))
E           AssertionError: repo_map/modules inconsistency.
E             only_in_core.modules=[]
E             only_in_core.repo_map=['pkg.util']
E             mismatched_paths=[]

tests/_helpers/assertions/modules.py:314: AssertionError</error></testcase><testcase classname="tests.analytics.compute.test_entrypoints_detection" name="test_entrypoint_candidate_kinds[scheduled_job]" time="0.005" /><testcase classname="tests._helpers.test_symbol_use_edges" name="test_load_symbol_function_graph_smoke" time="17.997" /><testcase classname="tests.analytics.compute.test_entrypoints_detection" name="test_entrypoint_candidate_kinds[websocket]" time="0.002" /><testcase classname="tests._helpers.test_symbol_use_edges" name="test_insert_symbol_use_edges_invalid_shape_raises" time="18.141" /><testcase classname="tests.analytics.compute.test_entrypoints_detection" name="test_entrypoint_candidate_kinds[background_job]" time="0.001" /><testcase classname="tests.analytics.functions.test_function_contracts" name="test_build_function_contracts_empty_catalog" time="17.583" /><testcase classname="tests.cli.test_build_command" name="test_build_run_unknown_target@cli_shared_flags" time="4.754" /><testcase classname="tests._helpers.test_symbol_use_edges" name="test_insert_symbol_use_edges_respects_explicit_goids" time="18.249" /><testcase classname="tests.analytics.functions.test_function_contracts" name="test_build_function_contracts_with_assert_guard" time="17.647" /><testcase classname="tests.analytics.compute.test_entrypoints_detection" name="test_entrypoint_candidate_kinds[http_handler]" time="0.005" /><testcase classname="tests.analytics.compute.test_entrypoints_detection" name="test_detect_entrypoints_with_seeded_pack" time="18.405"><error message="failed on setup with &quot;AssertionError: repo_map/modules inconsistency.&#10;  only_in_core.modules=[]&#10;  only_in_core.repo_map=['pkg.util']&#10;  mismatched_paths=[]&quot;">tmp_path = PosixPath('/private/var/folders/70/h2nd1qjs1zngp8z6tt27_s9c0000gn/T/pytest-of-paulheyse/pytest-112/popen-gw8/test_detect_entrypoints_with_s0')

    @pytest.fixture
    def entrypoints_ctx(tmp_path: Path) -&gt; Iterator[TestContext]:
        """Provide seeded context with canonical entrypoints source.
    
        Yields
        ------
        Iterator[TestContext]
            Seeded test context with entrypoints pack and source files.
        """
&gt;       ctx = TestScenario.minimal().with_seeds(ENTRYPOINTS_PACK).build(tmp_path)
              ^^^^^^^^^^^^^^^^^^^^^^^^^^^^^^^^^^^^^^^^^^^^^^^^^^^^^^^^^^^^^^^^^^^

tests/analytics/compute/test_entrypoints_detection.py:63: 
_ _ _ _ _ _ _ _ _ _ _ _ _ _ _ _ _ _ _ _ _ _ _ _ _ _ _
tests/_helpers/scenarios.py:253: in build
    ctx.require(pack)
tests/_helpers/context.py:327: in require
    self._apply_pack(pack)
tests/_helpers/context.py:344: in _apply_pack
    pack.apply(self)
tests/_helpers/seeds/core.py:111: in apply
    ModulesAssertions(ctx.gateway, ctx.snapshot).inventory_consistent()
tests/_helpers/assertions/modules.py:494: in inventory_consistent
    assert_repo_map_consistent_with_modules(
_ _ _ _ _ _ _ _ _ _ _ _ _ _ _ _ _ _ _ _ _ _ _ _ _ _ _

gateway = DuckDBGateway(config=StorageConfig(db_path=PosixPath(':memory:'), read_only=False, apply_schema=True, ensure_views=Tru......), graph=GraphTables(gateway=...), runs=PipelineRunTracking(con=&lt;_duckdb.DuckDBPyConnection object at 0x12aa53c30&gt;))
snapshot = SnapshotRef(repo='demo/repo', commit='deadbeef', repo_root=PosixPath('/private/var/folders/70/h2nd1qjs1zngp8z6tt27_s9c0000gn/T/pytest-of-paulheyse/pytest-112/popen-gw8/test_detect_entrypoints_with_s0/repo'), branch=None)

    def assert_repo_map_consistent_with_modules(
        gateway: StorageGateway,
        snapshot: SnapshotRef,
        *,
        message_prefix: str = "",
    ) -&gt; None:
        """Assert repo_map.modules and core.modules describe the same inventory.
    
        Raises
        ------
        AssertionError
            If the inventories are inconsistent.
        """
        modules_map = load_modules_module_map(gateway, snapshot)
        repo_map = load_repo_map_modules(gateway, snapshot)
        if modules_map != repo_map:
            only_modules = sorted(set(modules_map) - set(repo_map))
            only_repo_map = sorted(set(repo_map) - set(modules_map))
            mismatched = sorted(
                k for k in (set(modules_map) &amp; set(repo_map)) if modules_map[k] != repo_map[k]
            )
            message = (
                "repo_map/modules inconsistency.\n"
                f"  only_in_core.modules={only_modules}\n"
                f"  only_in_core.repo_map={only_repo_map}\n"
                f"  mismatched_paths={[(k, modules_map[k], repo_map[k]) for k in mismatched]}"
            )
&gt;           raise AssertionError(format_assertion_message(message_prefix, message))
E           AssertionError: repo_map/modules inconsistency.
E             only_in_core.modules=[]
E             only_in_core.repo_map=['pkg.util']
E             mismatched_paths=[]

tests/_helpers/assertions/modules.py:314: AssertionError</error></testcase><testcase classname="tests.analytics.compute.test_entrypoints_detection" name="test_detect_entrypoints_emits_snippet_evidence" time="0.004" /><testcase classname="tests._helpers.test_symbol_use_edges" name="test_insert_symbol_use_edges_coerces_five_field_rows" time="18.928" /><testcase classname="tests.analytics.compute.test_entrypoints_detection" name="test_entrypoint_candidate_optionals_and_schema" time="0.001" /><testcase classname="tests.cli.test_build_command" name="test_build_run_no_targets_raises@cli_shared_flags" time="4.972" /><testcase classname="tests.cli.test_build_command" name="test_build_run_conflicting_flags_raises@cli_shared_flags" time="4.669" /><testcase classname="tests.cli.test_build_command" name="test_build_run_invalid_module_raises@cli_shared_flags" time="4.780" /><testcase classname="tests.analytics.functions.test_function_contracts" name="test_build_function_contracts_with_len_guard" time="18.316" /><testcase classname="tests.analytics.functions.test_function_contracts" name="test_build_function_contracts_async_function" time="17.853" /><testcase classname="tests.analytics.functions.test_function_contracts" name="test_build_function_contracts_chained_exceptions" time="17.779" /><testcase classname="tests.analytics.functions.test_function_contracts" name="test_build_function_contracts_with_isinstance_check" time="17.884" /><testcase classname="tests.analytics.functions.test_function_contracts" name="test_build_function_contracts_with_raise" time="17.971" /><testcase classname="tests.analytics.functions.test_function_contracts" name="test_build_function_contracts_typed_function" time="18.422" /><testcase classname="tests.analytics.functions.test_function_contracts" name="test_build_function_contracts_numeric_guards" time="18.630" /><testcase classname="tests.analytics.functions.test_function_contracts" name="test_build_function_contracts_classmethod_with_cls" time="18.091" /><testcase classname="tests.analytics.functions.test_function_contracts" name="test_build_function_contracts_bool_predicate_name" time="18.386" /><testcase classname="tests.cli.test_build_parallel" name="test_build_run_with_threadpool_backend@cli_shared_flags" time="6.872" /><testcase classname="tests.cli.test_build_parallel" name="test_max_workers_implies_threadpool_backend@cli_shared_flags" time="0.001" /><testcase classname="tests.cli.test_cli_error_parity_apps" name="test_unknown_option_per_app[argv0---bogus]@cli_shared_flags" time="0.033" /><testcase classname="tests.cli.test_cli_error_parity_apps" name="test_unknown_option_per_app[argv1---bogus]@cli_shared_flags" time="0.018" /><testcase classname="tests.cli.test_cli_error_parity_apps" name="test_unknown_option_per_app[argv2---bogus]@cli_shared_flags" time="0.011" /><testcase classname="tests.cli.test_cli_error_parity_apps" name="test_unknown_option_per_app[argv3---bogus]@cli_shared_flags" time="0.015" /><testcase classname="tests.cli.test_cli_error_parity_apps" name="test_unknown_option_per_app[argv4---bogus]@cli_shared_flags" time="0.018" /><testcase classname="tests.cli.test_cli_error_parity_apps" name="test_unknown_option_per_app[argv5---bogus]@cli_shared_flags" time="0.013" /><testcase classname="tests.cli.test_cli_error_parity_apps" name="test_unknown_option_per_app[argv6---bogus]@cli_shared_flags" time="0.022" /><testcase classname="tests.cli.test_cli_error_parity_apps" name="test_unknown_option_per_app[argv7---bogus]@cli_shared_flags" time="0.012" /><testcase classname="tests.cli.test_cli_error_parity_apps" name="test_unknown_command_per_app[argv0-nonesuch]@cli_shared_flags" time="0.005" /><testcase classname="tests.cli.test_cli_error_parity_apps" name="test_unknown_command_per_app[argv1-nonesuch]@cli_shared_flags" time="0.004" /><testcase classname="tests.cli.test_cli_error_parity_apps" name="test_unknown_command_per_app[argv2-nonesuch]@cli_shared_flags" time="0.003" /><testcase classname="tests.cli.test_cli_error_parity_apps" name="test_unknown_command_per_app[argv3-nonesuch]@cli_shared_flags" time="0.007" /><testcase classname="tests.cli.test_cli_error_parity_apps" name="test_unknown_command_per_app[argv4-nonesuch]@cli_shared_flags" time="0.004" /><testcase classname="tests.cli.test_cli_error_parity_apps" name="test_unknown_command_per_app[argv5-nonesuch]@cli_shared_flags" time="0.003" /><testcase classname="tests.cli.test_cli_error_parity_apps" name="test_unknown_command_per_app[argv6-nonesuch]@cli_shared_flags" time="0.003" /><testcase classname="tests.cli.test_cli_error_parity_apps" name="test_unknown_command_per_app[argv7-nonesuch]@cli_shared_flags" time="0.007" /><testcase classname="tests.cli.test_cli_errors" name="test_unknown_option_normalized@cli_shared_flags" time="0.014" /><testcase classname="tests.cli.test_cli_errors" name="test_unknown_command_normalized@cli_shared_flags" time="0.004" /><testcase classname="tests.cli.test_cli_errors" name="test_validation_error_exit_code@cli_shared_flags" time="0.021" /><testcase classname="tests.cli.test_cli_scope_and_plan" name="test_cli_plan_outputs_isolation_and_scope_metadata@cli_shared_flags" time="0.028" /><testcase classname="tests.cli.test_cli_scope_and_plan" name="test_cli_plugins_json_includes_enriched_metadata@cli_shared_flags" time="0.000"><skipped type="pytest.skip" message="Plugin catalog deprecated - all plugins migrated to Hamilton native">/Users/paulheyse/CodeIntel/CodeIntel/tests/cli/test_cli_scope_and_plan.py:35: Plugin catalog deprecated - all plugins migrated to Hamilton native</skipped></testcase><testcase classname="tests.cli.test_datasets_command" name="test_datasets_list@cli_shared_flags" time="4.818" /><testcase classname="tests.cli.test_datasets_command" name="test_datasets_snapshot_to_file@cli_shared_flags" time="4.988" /><testcase classname="tests.analytics.functions.test_function_contracts" name="test_build_function_contracts_multiple_functions" time="17.785" /><testcase classname="tests.analytics.functions.test_function_contracts" name="test_build_function_contracts_table_exists" time="17.886" /><testcase classname="tests.analytics.functions.test_function_contracts" name="test_build_function_contracts_keyword_only_params" time="17.599" /><testcase classname="tests.analytics.functions.test_function_contracts" name="test_build_function_contracts_nested_conditions" time="17.733" /><testcase classname="tests.analytics.functions.test_function_contracts" name="test_build_function_contracts_varargs" time="17.296" /><testcase classname="tests.analytics.functions.test_function_contracts" name="test_build_function_contracts_complex_guards" time="18.243" /><testcase classname="tests.cli.test_datasets_command" name="test_datasets_scaffold_existing_name@cli_shared_flags" time="4.991" /><testcase classname="tests.analytics.functions.test_function_contracts" name="test_build_function_contracts_nullable_return" time="18.260" /><testcase classname="tests.analytics.functions.test_function_contracts" name="test_build_function_contracts_idempotent" time="17.781" /><testcase classname="tests.analytics.functions.test_function_contracts" name="test_build_function_contracts_method_with_self" time="17.815" /><testcase classname="tests.cli.test_datasets_command" name="test_dataset_describe_unknown_returns_nonzero@cli_shared_flags" time="4.506" /><testcase classname="tests.cli.test_docs_enums" name="test_docs_export_invalid_validation_mode@cli_shared_flags" time="0.026" /><testcase classname="tests.cli.test_help_rendering" name="test_docs_export_help_renders@cli_shared_flags" time="0.082" /><testcase classname="tests.cli.test_help_rendering" name="test_docs_export_help_repeatable@cli_shared_flags" time="0.123" /><testcase classname="tests.cli.test_help_rendering" name="test_build_help_rendering@cli_shared_flags" time="0.062" /><testcase classname="tests.cli.test_help_rendering" name="test_storage_help_rendering@cli_shared_flags" time="0.007" /><testcase classname="tests.cli.test_help_rendering" name="test_graphs_help_renders_enum_choices@cli_shared_flags" time="0.064" /><testcase classname="tests.cli.test_help_rendering" name="test_history_help_renders_positional@cli_shared_flags" time="0.069" /><testcase classname="tests.cli.test_help_rendering" name="test_storage_help_renders_nested@cli_shared_flags" time="0.030" /><testcase classname="tests.cli.test_help_rendering" name="test_build_run_help_renders_output_flags@cli_shared_flags" time="0.059" /><testcase classname="tests.cli.test_help_rendering" name="test_build_status_help_renders_core_flags@cli_shared_flags" time="0.032" /><testcase classname="tests.cli.test_help_rendering" name="test_build_history_help_renders_core_flags@cli_shared_flags" time="0.032" /><testcase classname="tests.cli.test_help_rendering" name="test_dataset_list_help@cli_shared_flags" time="0.028" /><testcase classname="tests.cli.test_help_rendering" name="test_datasets_lint_help@cli_shared_flags" time="0.029" /><testcase classname="tests.cli.test_help_rendering" name="test_serve_http_help@cli_shared_flags" time="0.037" /><testcase classname="tests.cli.test_history_timeseries_cli" name="test_history_timeseries_cli_happy_path@cli_shared_flags" time="16.516" /><testcase classname="tests.analytics.functions.test_function_contracts" name="test_build_function_contracts_complex_assertions" time="17.642" /><testcase classname="tests.analytics.functions.test_function_contracts_integration" name="test_compute_contracts_with_catalog_goid_iteration" time="17.999" /><testcase classname="tests.analytics.functions.test_function_contracts_integration" name="test_compute_contracts_with_type_annotations" time="17.822" /><testcase classname="tests.analytics.functions.test_function_contracts_integration" name="test_compute_contracts_with_docstring_data" time="18.175" /><testcase classname="tests.analytics.functions.test_function_contracts_integration" name="test_compute_contracts_with_guards_and_catalog" time="17.699" /><testcase classname="tests.analytics.functions.test_function_effects" name="test_effect_analysis_pure_function" time="0.001" /><testcase classname="tests.analytics.functions.test_function_effects" name="test_effect_analysis_thread_spawn" time="0.001" /><testcase classname="tests.analytics.functions.test_function_effects" name="test_effect_analysis_multiple_effects" time="0.001" /><testcase classname="tests.analytics.functions.test_function_effects" name="test_effect_analysis_immutable" time="0.001" /><testcase classname="tests.analytics.functions.test_function_effects" name="test_effect_analysis_evidence_structure" time="0.000" /><testcase classname="tests.analytics.functions.test_function_effects" name="test_function_effects_inputs_defaults" time="0.001" /><testcase classname="tests.analytics.functions.test_function_effects" name="test_function_effects_inputs_with_ast_map" time="0.001" /><testcase classname="tests.analytics.functions.test_function_effects" name="test_function_effects_inputs_immutable" time="0.000" /><testcase classname="tests.analytics.functions.test_function_effects" name="test_effect_analysis_direct_effectful_all_false" time="0.001" /><testcase classname="tests.analytics.functions.test_function_effects" name="test_effect_analysis_direct_effectful_any_true" time="0.001" /><testcase classname="tests.analytics.functions.test_function_effects" name="test_effect_analysis_no_io_no_db" time="0.001" /><testcase classname="tests.analytics.functions.test_function_contracts_integration" name="test_compute_contracts_with_missing_ast" time="18.203" /><testcase classname="tests.analytics.functions.test_function_effects" name="test_effect_analysis_io_no_db" time="0.001" /><testcase classname="tests.analytics.functions.test_function_effects" name="test_effect_analysis_no_io_db" time="0.001" /><testcase classname="tests.analytics.functions.test_function_effects" name="test_effect_analysis_io_and_db" time="0.001" /><testcase classname="tests.analytics.functions.test_function_effects_runtime" name="test_build_function_effects_with_transitive_and_missing" time="16.474"><failure message="AssertionError: repo_map/modules inconsistency.&#10;  only_in_core.modules=[]&#10;  only_in_core.repo_map=['pkg.util']&#10;  mismatched_paths=[]">tmp_path = PosixPath('/private/var/folders/70/h2nd1qjs1zngp8z6tt27_s9c0000gn/T/pytest-of-paulheyse/pytest-112/popen-gw5/test_build_function_effects_wi0')
caplog = &lt;_pytest.logging.LogCaptureFixture object at 0x12b0fd400&gt;

    def test_build_function_effects_with_transitive_and_missing(
        tmp_path: Path, caplog: pytest.LogCaptureFixture
    ) -&gt; None:
        """build_function_effects_rows records direct, transitive, and missing AST effects."""
        ctx = create_test_context(tmp_path)
&gt;       ctx.require(CORE_PACK)

tests/analytics/functions/test_function_effects_runtime.py:63: 
_ _ _ _ _ _ _ _ _ _ _ _ _ _ _ _ _ _ _ _ _ _ _ _ _ _ _
tests/_helpers/context.py:327: in require
    self._apply_pack(pack)
tests/_helpers/context.py:344: in _apply_pack
    pack.apply(self)
tests/_helpers/seeds/core.py:111: in apply
    ModulesAssertions(ctx.gateway, ctx.snapshot).inventory_consistent()
tests/_helpers/assertions/modules.py:494: in inventory_consistent
    assert_repo_map_consistent_with_modules(
_ _ _ _ _ _ _ _ _ _ _ _ _ _ _ _ _ _ _ _ _ _ _ _ _ _ _

gateway = DuckDBGateway(config=StorageConfig(db_path=PosixPath(':memory:'), read_only=False, apply_schema=True, ensure_views=Tru......), graph=GraphTables(gateway=...), runs=PipelineRunTracking(con=&lt;_duckdb.DuckDBPyConnection object at 0x12cb9f270&gt;))
snapshot = SnapshotRef(repo='demo/repo', commit='deadbeef', repo_root=PosixPath('/private/var/folders/70/h2nd1qjs1zngp8z6tt27_s9c0000gn/T/pytest-of-paulheyse/pytest-112/popen-gw5/test_build_function_effects_wi0/repo'), branch=None)

    def assert_repo_map_consistent_with_modules(
        gateway: StorageGateway,
        snapshot: SnapshotRef,
        *,
        message_prefix: str = "",
    ) -&gt; None:
        """Assert repo_map.modules and core.modules describe the same inventory.
    
        Raises
        ------
        AssertionError
            If the inventories are inconsistent.
        """
        modules_map = load_modules_module_map(gateway, snapshot)
        repo_map = load_repo_map_modules(gateway, snapshot)
        if modules_map != repo_map:
            only_modules = sorted(set(modules_map) - set(repo_map))
            only_repo_map = sorted(set(repo_map) - set(modules_map))
            mismatched = sorted(
                k for k in (set(modules_map) &amp; set(repo_map)) if modules_map[k] != repo_map[k]
            )
            message = (
                "repo_map/modules inconsistency.\n"
                f"  only_in_core.modules={only_modules}\n"
                f"  only_in_core.repo_map={only_repo_map}\n"
                f"  mismatched_paths={[(k, modules_map[k], repo_map[k]) for k in mismatched]}"
            )
&gt;           raise AssertionError(format_assertion_message(message_prefix, message))
E           AssertionError: repo_map/modules inconsistency.
E             only_in_core.modules=[]
E             only_in_core.repo_map=['pkg.util']
E             mismatched_paths=[]

tests/_helpers/assertions/modules.py:314: AssertionError</failure></testcase><testcase classname="tests.analytics.functions.test_function_effects" name="test_effect_analysis_creation" time="0.001" /><testcase classname="tests.analytics.profiles.test_utils.TestOptionalStr" name="test_returns_string_for_int_input" time="0.001" /><testcase classname="tests.analytics.profiles.test_utils.TestOptionalStr" name="test_returns_string_for_float_input" time="0.001" /><testcase classname="tests.analytics.profiles.test_utils.TestOptionalStr" name="test_returns_none_for_none_input" time="0.001" /><testcase classname="tests.analytics.profiles.test_utils.TestOptionalStr" name="test_returns_string_for_bool_true_input" time="0.001" /><testcase classname="tests.analytics.profiles.test_utils.TestOptionalStr" name="test_returns_string_for_bool_false_input" time="0.001" /><testcase classname="tests.analytics.profiles.test_utils.TestOptionalInt" name="test_returns_int_for_int_input" time="0.000" /><testcase classname="tests.analytics.profiles.test_utils.TestOptionalInt" name="test_returns_int_for_float_input" time="0.001" /><testcase classname="tests.analytics.profiles.test_utils.TestOptionalInt" name="test_returns_int_for_string_number" time="0.000" /><testcase classname="tests.analytics.profiles.test_utils.TestOptionalInt" name="test_returns_int_for_string_with_whitespace" time="0.000" /><testcase classname="tests.analytics.profiles.test_utils.TestOptionalInt" name="test_returns_none_for_empty_string" time="0.001" /><testcase classname="tests.analytics.profiles.test_utils.TestOptionalInt" name="test_returns_none_for_whitespace_only_string" time="0.001" /><testcase classname="tests.analytics.profiles.test_utils.TestOptionalInt" name="test_returns_none_for_invalid_string" time="0.000" /><testcase classname="tests.analytics.profiles.test_utils.TestOptionalInt" name="test_returns_none_for_none_input" time="0.001" /><testcase classname="tests.analytics.profiles.test_utils.TestOptionalInt" name="test_returns_int_for_bool_true" time="0.001" /><testcase classname="tests.analytics.profiles.test_utils.TestOptionalInt" name="test_returns_int_for_bool_false" time="0.000" /><testcase classname="tests.analytics.profiles.test_utils.TestIntOrDefault" name="test_returns_int_for_int_input" time="0.000" /><testcase classname="tests.analytics.profiles.test_utils.TestIntOrDefault" name="test_returns_default_for_none" time="0.001" /><testcase classname="tests.analytics.profiles.test_utils.TestIntOrDefault" name="test_returns_custom_default_for_none" time="0.001" /><testcase classname="tests.analytics.profiles.test_utils.TestIntOrDefault" name="test_returns_default_for_invalid_string" time="0.001" /><testcase classname="tests.analytics.functions.test_function_contracts_integration" name="test_compute_contracts_confidence_score" time="17.798" /><testcase classname="tests.analytics.profiles.test_utils.TestIntOrDefault" name="test_returns_int_for_valid_string" time="0.002" /><testcase classname="tests.analytics.functions.test_function_contracts_integration" name="test_compute_contracts_with_bool_return_type" time="18.538" /><testcase classname="tests.analytics.profiles.test_utils.TestOptionalFloat" name="test_returns_float_for_float_input" time="0.001" /><testcase classname="tests.analytics.profiles.test_utils.TestOptionalFloat" name="test_returns_float_for_int_input" time="0.001" /><testcase classname="tests.analytics.profiles.test_utils.TestOptionalFloat" name="test_returns_float_for_string_number" time="0.001" /><testcase classname="tests.analytics.profiles.test_utils.TestOptionalFloat" name="test_returns_float_for_string_with_whitespace" time="0.001" /><testcase classname="tests.analytics.profiles.test_utils.TestOptionalFloat" name="test_returns_none_for_empty_string" time="0.001" /><testcase classname="tests.analytics.profiles.test_utils.TestOptionalFloat" name="test_returns_none_for_whitespace_only_string" time="0.001" /><testcase classname="tests.analytics.profiles.test_utils.TestOptionalFloat" name="test_returns_none_for_invalid_string" time="0.001" /><testcase classname="tests.analytics.profiles.test_utils.TestOptionalFloat" name="test_returns_none_for_none_input" time="0.001" /><testcase classname="tests.analytics.profiles.test_utils.TestOptionalFloat" name="test_returns_float_for_bool_true" time="0.001" /><testcase classname="tests.analytics.profiles.test_utils.TestOptionalFloat" name="test_returns_float_for_bool_false" time="0.001" /><testcase classname="tests.analytics.profiles.test_utils.TestOptionalBool" name="test_returns_bool_for_bool_true" time="0.001" /><testcase classname="tests.analytics.profiles.test_utils.TestOptionalBool" name="test_returns_bool_for_bool_false" time="0.001" /><testcase classname="tests.analytics.profiles.test_utils.TestOptionalBool" name="test_returns_bool_for_int_nonzero" time="0.001" /><testcase classname="tests.analytics.profiles.test_utils.TestOptionalBool" name="test_returns_bool_for_int_zero" time="0.007" /><testcase classname="tests.analytics.profiles.test_utils.TestOptionalBool" name="test_returns_bool_for_float_nonzero" time="0.001" /><testcase classname="tests.analytics.profiles.test_utils.TestOptionalBool" name="test_returns_true_for_truthy_strings[true]" time="0.001" /><testcase classname="tests.analytics.functions.test_function_effects" name="test_effect_analysis_io_effect" time="0.001" /><testcase classname="tests.analytics.profiles.test_utils.TestOptionalBool" name="test_returns_true_for_truthy_strings[TRUE]" time="0.001" /><testcase classname="tests.analytics.profiles.test_utils.TestOptionalBool" name="test_returns_true_for_truthy_strings[1]" time="0.001" /><testcase classname="tests.analytics.profiles.test_utils.TestOptionalBool" name="test_returns_true_for_truthy_strings[True]" time="0.004" /><testcase classname="tests.analytics.profiles.test_utils.TestOptionalBool" name="test_returns_true_for_truthy_strings[YES]" time="0.001" /><testcase classname="tests.analytics.profiles.test_utils.TestOptionalBool" name="test_returns_false_for_falsy_strings[false]" time="0.001" /><testcase classname="tests.analytics.profiles.test_utils.TestOptionalBool" name="test_returns_false_for_falsy_strings[False]" time="0.003" /><testcase classname="tests.analytics.profiles.test_utils.TestOptionalBool" name="test_returns_false_for_falsy_strings[0]" time="0.001" /><testcase classname="tests.analytics.profiles.test_utils.TestOptionalBool" name="test_returns_true_for_truthy_strings[yes]" time="0.005" /><testcase classname="tests.analytics.profiles.test_utils.TestOptionalBool" name="test_returns_false_for_falsy_strings[no]" time="0.001" /><testcase classname="tests.analytics.profiles.test_utils.TestOptionalBool" name="test_returns_false_for_falsy_strings[NO]" time="0.001" /><testcase classname="tests.analytics.profiles.test_utils.TestOptionalBool" name="test_returns_true_for_string_with_whitespace" time="0.001" /><testcase classname="tests.analytics.profiles.test_utils.TestOptionalBool" name="test_returns_none_for_empty_string" time="0.001" /><testcase classname="tests.analytics.profiles.test_utils.TestOptionalBool" name="test_returns_false_for_falsy_strings[FALSE]" time="0.001" /><testcase classname="tests.analytics.profiles.test_utils.TestOptionalBool" name="test_returns_none_for_none_input" time="0.001" /><testcase classname="tests.analytics.profiles.test_utils.TestOptionalBool" name="test_returns_none_for_invalid_string" time="0.001" /><testcase classname="tests.analytics.profiles.test_utils.TestModuleTableConstants" name="test_default_module_table_value" time="0.001" /><testcase classname="tests.analytics.profiles.test_utils.TestModuleTableConstants" name="test_catalog_module_table_value" time="0.001" /><testcase classname="tests.analytics.resources.test_provider_factory" name="test_provider_factory_options_defaults" time="0.001" /><testcase classname="tests.analytics.resources.test_provider_factory" name="test_provider_factory_options_custom" time="0.001" /><testcase classname="tests.cli.test_history_timeseries_cli" name="test_history_timeseries_cli_missing_snapshot@cli_shared_flags" time="4.851" /><testcase classname="tests.cli.test_history_validation" name="test_history_timeseries_requires_commits@cli_shared_flags" time="0.035" /><testcase classname="tests.cli.test_storage_command" name="test_storage_validate_macros_success@cli_shared_flags" time="4.343" /><testcase classname="tests.analytics.functions.test_function_contracts_integration" name="test_compute_contracts_multiple_goids" time="33.853" /><testcase classname="tests.analytics.functions.test_function_effects" name="test_effect_analysis_db_effect" time="0.001" /><testcase classname="tests.analytics.resources.test_provider_factory" name="test_provider_factory_init" time="16.216" /><testcase classname="tests.analytics.profiles.test_utils.TestOptionalStr" name="test_returns_string_for_string_input" time="0.001" /><testcase classname="tests.analytics.resources.test_provider_factory" name="test_provider_factory_with_options" time="16.543" /><testcase classname="tests.analytics.resources.test_provider_factory" name="test_graph_provider_logs_when_graph_types_invalid" time="0.004" /><testcase classname="tests.cli.test_storage_command" name="test_storage_validate_macros_failure@cli_shared_flags" time="4.185" /><testcase classname="tests.cli.test_typer_cli" name="test_dataset_describe_known_dataset@cli_shared_flags" time="0.012" /><testcase classname="tests.cli.test_typer_cli" name="test_dataset_describe_unknown_dataset@cli_shared_flags" time="0.014" /><testcase classname="tests.cli.test_typer_cli" name="test_serve_http_help@cli_shared_flags" time="0.037" /><testcase classname="tests.cli.test_typer_cli" name="test_serve_mcp_help@cli_shared_flags" time="0.019" /><testcase classname="tests.cli.test_typer_cli" name="test_main_help@cli_shared_flags" time="0.043" /><testcase classname="tests.cli.test_typer_cli" name="test_pipeline_removed@cli_shared_flags" time="0.002" /><testcase classname="tests.cli.test_typer_cli" name="test_dataset_help@cli_shared_flags" time="0.007" /><testcase classname="tests.cli.test_typer_cli" name="test_build_help@cli_shared_flags" time="0.014" /><testcase classname="tests.cli.test_typer_cli" name="test_build_run_help@cli_shared_flags" time="0.054" /><testcase classname="tests.cli.test_typer_cli" name="test_build_run_all_requires_project@cli_shared_flags" time="0.019" /><testcase classname="tests.cli.test_typer_cli" name="test_build_status_requires_project@cli_shared_flags" time="0.010" /><testcase classname="tests.docs_export.test_export_validation_flag" name="test_docs_export_validation_flag_triggers_schema_check@cli_shared_flags" time="19.617" /><testcase classname="tests.analytics.functions.test_function_contracts_integration" name="test_compute_contracts_with_isinstance_guard" time="33.827" /><testcase classname="tests.analytics.functions.test_function_effects" name="test_effect_analysis_randomness_effect" time="0.001" /><testcase classname="tests.analytics.functions.test_function_contracts_integration" name="test_compute_contracts_with_nullable_return" time="34.755" /><testcase classname="tests.analytics.functions.test_function_effects" name="test_effect_analysis_time_effect" time="0.002" /><testcase classname="tests.analytics.functions.test_function_contracts_integration" name="test_compute_contracts_with_len_check" time="34.095" /><testcase classname="tests.analytics.functions.test_function_effects" name="test_effect_analysis_global_modification" time="0.001" /><testcase classname="tests.analytics.functions.test_function_contracts_integration" name="test_compute_contracts_with_doc_return_none" time="34.826" /><testcase classname="tests.analytics.profiles.test_utils.TestOptionalBool" name="test_returns_bool_for_float_zero" time="0.001" /><testcase classname="tests.analytics.resources.test_provider_factory" name="test_create_registry_no_graphs" time="18.737" /><testcase classname="tests.analytics.functions.test_function_contracts_integration" name="test_compute_contracts_with_predicate_name" time="35.581" /><testcase classname="tests.analytics.functions.test_function_effects" name="test_effect_analysis_closure_modification" time="0.001" /><testcase classname="tests.analytics.resources.test_provider_factory" name="test_create_registry_with_features" time="18.763" /><testcase classname="tests.analytics.resources.test_provider_factory" name="test_create_registry_default" time="19.237" /><testcase classname="tests.analytics.resources.test_provider_factory" name="test_create_registry_all_providers" time="19.161" /><testcase classname="tests.analytics.resources.test_provider_factory" name="test_function_catalog_service_module_lookup" time="0.002" /><testcase classname="tests.docs_export.test_export_validation_flag" name="test_docs_export_usage_error_exit_code@cli_shared_flags" time="0.022" /><testcase classname="tests.analytics.resources.test_provider_factory" name="test_make_catalog_provider_caches" time="18.109" /><testcase classname="tests.analytics.resources.test_provider_factory" name="test_make_graph_provider" time="18.562" /><testcase classname="tests.analytics.resources.test_provider_factory" name="test_make_graph_provider_with_runtime" time="18.287" /><testcase classname="tests.analytics.resources.test_provider_factory" name="test_create_registry_no_catalog" time="18.009" /><testcase classname="tests.analytics.resources.test_provider_factory" name="test_make_ast_provider_uses_factory_option" time="17.949" /><testcase classname="tests.analytics.resources.test_provider_factory" name="test_make_graph_provider_with_backend" time="18.513" /><testcase classname="tests.analytics.resources.test_provider_factory" name="test_create_registry_with_module_map" time="18.194" /><testcase classname="tests.analytics.resources.test_provider_factory" name="test_module_map_provider_loads_expected_map" time="18.099" /><testcase classname="tests.analytics.resources.test_provider_factory" name="test_create_registry_with_asts" time="18.436" /><testcase classname="tests.analytics.resources.test_provider_factory" name="test_make_catalog_provider" time="18.135" /><testcase classname="tests.analytics.resources.test_provider_factory" name="test_make_catalog_provider_with_catalog" time="17.436" /><testcase classname="tests.analytics.resources.test_resource_registry" name="test_resource_registry_empty" time="0.001" /><testcase classname="tests.analytics.resources.test_resource_registry" name="test_resource_registry_get_by_name" time="0.001" /><testcase classname="tests.analytics.resources.test_resource_registry" name="test_resource_registry_get_by_name_custom" time="0.001" /><testcase classname="tests.analytics.resources.test_resource_registry" name="test_resource_registry_get_by_name_not_found" time="0.020" /><testcase classname="tests.analytics.resources.test_resource_registry" name="test_resource_registry_has_by_name" time="0.009" /><testcase classname="tests.analytics.resources.test_resource_registry" name="test_resource_registry_require" time="0.001" /><testcase classname="tests.analytics.resources.test_resource_registry" name="test_resource_registry_require_not_found" time="0.001" /><testcase classname="tests.analytics.resources.test_resource_registry" name="test_resource_registry_require_by_name" time="0.001" /><testcase classname="tests.analytics.resources.test_resource_registry" name="test_resource_registry_require_or_none" time="0.001" /><testcase classname="tests.analytics.resources.test_resource_registry" name="test_resource_registry_require_or_none_not_found" time="0.001" /><testcase classname="tests.analytics.resources.test_resource_registry" name="test_resource_registry_require_or_none_not_loaded" time="0.001" /><testcase classname="tests.analytics.resources.test_resource_registry" name="test_resource_registry_invalidate_specific" time="0.001" /><testcase classname="tests.analytics.resources.test_resource_registry" name="test_resource_registry_invalidate_all" time="0.001" /><testcase classname="tests.analytics.resources.test_resource_registry" name="test_resource_registry_invalidate_not_registered" time="0.001" /><testcase classname="tests.analytics.resources.test_resource_registry" name="test_resource_registry_clear" time="0.002" /><testcase classname="tests.analytics.resources.test_resource_registry" name="test_resource_registry_registered_types" time="0.001" /><testcase classname="tests.analytics.resources.test_resource_registry" name="test_resource_not_found_error" time="0.001" /><testcase classname="tests.analytics.resources.test_resource_registry" name="test_resource_not_loaded_error" time="0.001" /><testcase classname="tests.analytics.resources.test_resource_registry" name="test_resource_not_loaded_error_no_reason" time="0.001" /><testcase classname="tests.analytics.resources.test_resource_registry" name="test_resource_error_hierarchy" time="0.001" /><testcase classname="tests.analytics.resources.test_resource_registry" name="test_mock_provider_protocol_compliance" time="0.001" /><testcase classname="tests.analytics.resources.test_resource_registry" name="test_resource_registry_multiple_registrations" time="0.002" /><testcase classname="tests.analytics.subsystems.test_affinity" name="test_parse_tags_none" time="0.002" /><testcase classname="tests.analytics.subsystems.test_affinity" name="test_parse_tags_json_list" time="0.001" /><testcase classname="tests.analytics.subsystems.test_affinity" name="test_parse_tags_json_single_value" time="0.001" /><testcase classname="tests.analytics.subsystems.test_affinity" name="test_parse_tags_plain_string" time="0.001" /><testcase classname="tests.analytics.subsystems.test_affinity" name="test_parse_tags_list" time="0.001" /><testcase classname="tests.analytics.subsystems.test_affinity" name="test_parse_tags_other_type" time="0.001" /><testcase classname="tests.analytics.subsystems.test_affinity" name="test_parse_tags_mixed_list" time="0.001" /><testcase classname="tests.analytics.subsystems.test_affinity" name="test_add_graph_weight_new_edge" time="0.005" /><testcase classname="tests.analytics.subsystems.test_affinity" name="test_add_graph_weight_accumulates" time="0.001" /><testcase classname="tests.analytics.subsystems.test_affinity" name="test_add_graph_weight_ignores_self_loop" time="0.001" /><testcase classname="tests.analytics.subsystems.test_affinity" name="test_add_graph_weight_ignores_zero_weight" time="0.001" /><testcase classname="tests.analytics.subsystems.test_affinity" name="test_add_graph_weight_ignores_negative_weight" time="0.001" /><testcase classname="tests.analytics.subsystems.test_affinity" name="test_graph_to_adjacency_empty" time="0.001" /><testcase classname="tests.analytics.subsystems.test_affinity" name="test_graph_to_adjacency_single_edge" time="0.001" /><testcase classname="tests.analytics.subsystems.test_affinity" name="test_graph_to_adjacency_multiple_edges" time="0.001" /><testcase classname="tests.analytics.subsystems.test_affinity" name="test_graph_to_adjacency_default_weight" time="0.001" /><testcase classname="tests.analytics.subsystems.test_affinity" name="test_seed_labels_from_tags_empty" time="0.001" /><testcase classname="tests.analytics.subsystems.test_affinity" name="test_seed_labels_from_tags_basic" time="0.001" /><testcase classname="tests.analytics.subsystems.test_affinity" name="test_seed_labels_from_tags_empty_tags_skipped" time="0.001" /><testcase classname="tests.analytics.subsystems.test_affinity" name="test_seed_labels_from_tags_none_first_tag_skipped" time="0.000" /><testcase classname="tests.analytics.subsystems.test_affinity" name="test_label_propagation_nx_preserves_seeds" time="0.002" /><testcase classname="tests.analytics.subsystems.test_affinity" name="test_label_propagation_nx_propagates_to_neighbors" time="0.001" /><testcase classname="tests.analytics.subsystems.test_affinity" name="test_label_propagation_nx_selects_heaviest_neighbor" time="0.002" /><testcase classname="tests.analytics.subsystems.test_affinity" name="test_label_propagation_nx_isolated_nodes_keep_fallback" time="0.001" /><testcase classname="tests.analytics.subsystems.test_affinity" name="test_reassign_small_clusters_no_change_when_all_large" time="0.001" /><testcase classname="tests.analytics.subsystems.test_affinity" name="test_reassign_small_clusters_min_size_one_no_change" time="0.001" /><testcase classname="tests.analytics.subsystems.test_affinity" name="test_reassign_small_clusters_reassigns_small" time="0.001" /><testcase classname="tests.analytics.subsystems.test_affinity" name="test_best_neighbor_label_no_neighbors" time="0.001" /><testcase classname="tests.analytics.subsystems.test_affinity" name="test_best_neighbor_label_selects_allowed" time="0.000" /><testcase classname="tests.analytics.subsystems.test_affinity" name="test_best_neighbor_label_selects_heaviest" time="0.001" /><testcase classname="tests.analytics.subsystems.test_affinity" name="test_cluster_sizes_map_empty" time="0.001" /><testcase classname="tests.analytics.subsystems.test_affinity" name="test_cluster_sizes_map_counts_clusters" time="0.001" /><testcase classname="tests.analytics.resources.test_provider_factory" name="test_make_graph_provider_caches" time="17.432" /><testcase classname="tests.analytics.resources.test_resource_registry" name="test_resource_registry_register" time="0.001" /><testcase classname="tests.analytics.test_analytics_contracts" name="test_row_model_matches_contract[AnalyticsFunctionMetricsRow-analytics.function_metrics]" time="0.221" /><testcase classname="tests.analytics.resources.test_provider_factory" name="test_make_graph_provider_with_options" time="17.419" /><testcase classname="tests.analytics.resources.test_resource_registry" name="test_resource_registry_register_duplicate_raises" time="0.001" /><testcase classname="tests.analytics.test_analytics_contracts" name="test_row_model_matches_contract[AnalyticsTestProfileRow-analytics.test_profile]" time="0.256" /><testcase classname="tests.analytics.test_analytics_contracts" name="test_row_model_matches_contract[AnalyticsFunctionTypesRow-analytics.function_types]" time="0.001" /><testcase classname="tests.analytics.test_analytics_contracts" name="test_row_model_matches_contract[AnalyticsGraphMetricsFunctionsRow-analytics.graph_metrics_functions]" time="0.001" /><testcase classname="tests.analytics.test_analytics_contracts" name="test_row_model_matches_contract[AnalyticsGraphMetricsModulesRow-analytics.graph_metrics_modules]" time="0.001" /><testcase classname="tests.analytics.test_analytics_contracts" name="test_row_model_matches_contract[AnalyticsGraphMetricsFunctionsExtRow-analytics.graph_metrics_functions_ext]" time="0.001" /><testcase classname="tests.analytics.test_analytics_contracts" name="test_row_model_matches_contract[AnalyticsGraphMetricsModulesExtRow-analytics.graph_metrics_modules_ext]" time="0.002" /><testcase classname="tests.analytics.test_ast_metrics" name="test_file_churn_creation" time="0.001" /><testcase classname="tests.analytics.test_ast_metrics" name="test_file_churn_accumulation" time="0.001" /><testcase classname="tests.analytics.test_ast_metrics" name="test_file_churn_empty_summary" time="0.001" /><testcase classname="tests.analytics.test_ast_metrics" name="test_file_churn_duplicate_commits" time="0.001" /><testcase classname="tests.analytics.test_ast_metrics" name="test_file_churn_multiple_authors" time="0.001" /><testcase classname="tests.analytics.test_ast_metrics" name="test_file_churn_to_summary_keys" time="0.001" /><testcase classname="tests.analytics.test_ast_metrics" name="test_compute_hotspots_empty_ast_metrics" time="0.001" /><testcase classname="tests.analytics.test_ast_metrics" name="test_compute_hotspots_with_ast_data" time="0.001" /><testcase classname="tests.analytics.test_ast_metrics" name="test_compute_hotspots_multiple_files" time="0.001" /><testcase classname="tests.analytics.test_ast_metrics" name="test_compute_hotspots_score_calculation" time="0.001" /><testcase classname="tests.analytics.test_ast_metrics" name="test_compute_hotspots_high_complexity" time="0.001" /><testcase classname="tests.analytics.test_ast_metrics" name="test_compute_hotspots_idempotent" time="0.001" /><testcase classname="tests.analytics.test_ast_metrics" name="test_file_churn_line_counts[0-0]" time="0.002" /><testcase classname="tests.analytics.test_ast_metrics" name="test_file_churn_line_counts[100-0]" time="0.001" /><testcase classname="tests.analytics.test_ast_metrics" name="test_file_churn_line_counts[0-100]" time="0.001" /><testcase classname="tests.analytics.test_ast_metrics" name="test_file_churn_line_counts[50-50]" time="0.001" /><testcase classname="tests.analytics.test_ast_metrics" name="test_file_churn_line_counts[1000-500]" time="0.001" /><testcase classname="tests.analytics.test_ast_metrics" name="test_compute_hotspots_windows_path_handling" time="0.000" /><testcase classname="tests.analytics.test_ast_metrics" name="test_compute_hotspots_zero_complexity" time="0.001" /><testcase classname="tests.analytics.test_ast_metrics" name="test_compute_hotspots_negative_complexity" time="0.000" /><test
[...]
                f"  only_in_core.repo_map={only_repo_map}\n"
                f"  mismatched_paths={[(k, modules_map[k], repo_map[k]) for k in mismatched]}"
            )
&gt;           raise AssertionError(format_assertion_message(message_prefix, message))
E           AssertionError: repo_map/modules inconsistency.
E             only_in_core.modules=[]
E             only_in_core.repo_map=['pkg.util']
E             mismatched_paths=[]

tests/_helpers/assertions/modules.py:314: AssertionError</failure></testcase><testcase classname="tests.storage.test_graphs_repository" name="test_get_incoming_callgraph_neighbors_returns_empty_list" time="17.011" /><testcase classname="tests.storage.test_ibis_write" name="test_upsert_selective_update_columns" time="4.395" /><testcase classname="tests.storage.test_graphs_repository" name="test_get_outgoing_callgraph_neighbors_filters_by_repo_commit" time="17.406" /><testcase classname="tests.storage.test_graphs_repository" name="test_graph_repository_inherits_base_repository" time="17.364" /><testcase classname="tests.storage.test_gateway_accessors" name="test_analytics_tables_relations_are_queryable" time="17.033" /><testcase classname="tests.storage.test_ibis_write" name="test_write_unqualified_table_key_raises" time="5.191" /><testcase classname="tests.storage.test_gateway_accessors" name="test_docs_views_relations_are_queryable" time="17.018" /><testcase classname="tests.storage.test_graphs_repository" name="test_get_outgoing_callgraph_neighbors_returns_empty_list" time="16.971" /><testcase classname="tests.storage.test_ibis_write" name="test_write_unsupported_type_raises" time="4.827" /><testcase classname="tests.storage.test_metadata_ddl_contracts" name="test_apply_metadata_ddl_is_idempotent" time="0.111" /><testcase classname="tests.storage.test_query_results" name="test_coerce_optional_float_treats_nan_as_missing" time="0.001" /><testcase classname="tests.storage.test_ibis_write" name="test_write_dataframe_fast_lane_does_not_iterate_rows" time="4.501" /><testcase classname="tests.storage.test_ibis_write" name="test_upsert_from_ibis_expression_does_not_materialize_to_pandas" time="4.400" /><testcase classname="tests.storage.test_query_results" name="test_coerce_int_rejects_non_integral_float" time="0.001" /><testcase classname="tests.storage.test_ibis_write" name="test_write_tuples_basic" time="4.384" /><testcase classname="tests.storage.test_ibis_write" name="test_upsert_insert_new_rows" time="3.824" /><testcase classname="tests.storage.test_query_results" name="test_coerce_float_accepts_numeric_values" time="0.001" /><testcase classname="tests.storage.test_graphs_repository" name="test_graph_repository_is_frozen" time="16.094" /><testcase classname="tests.storage.test_graphs_repository" name="test_get_outgoing_callgraph_neighbors_with_data" time="16.251" /><testcase classname="tests.storage.test_insert_helpers" name="test_insert_rows_normalizes_mapping" time="15.964" /><testcase classname="tests.storage.test_graphs_repository" name="test_get_outgoing_callgraph_neighbors_respects_limit" time="15.955" /><testcase classname="tests.storage.test_graphs_repository" name="test_get_incoming_callgraph_neighbors_with_data" time="16.162" /><testcase classname="tests.storage.test_insert_helpers" name="test_insert_rows_raises_on_missing_column" time="15.875" /><testcase classname="tests.storage.test_query_results" name="test_coerce_int_accepts_int_like_values" time="0.002" /><testcase classname="tests.storage.test_run_registry.TestStartAndFetchRun" name="test_start_run_creates_record" time="15.800" /><testcase classname="tests.storage.test_run_registry.TestCompleteRun" name="test_complete_run_updates_status" time="15.031" /><testcase classname="tests.storage.test_module_index" name="test_load_module_map_handles_multiple_modules_same_path" time="15.716" /><testcase classname="tests.storage.test_run_registry.TestRecordStep" name="test_record_step_creates_record" time="16.480" /><testcase classname="tests.storage.test_module_index" name="test_load_module_map_filters_by_language" time="18.505" /><testcase classname="tests.storage.test_module_index" name="test_load_module_map_returns_normalized_paths" time="19.190" /><testcase classname="tests.storage.test_module_index" name="test_load_module_map_uses_custom_logger" time="18.516" /><testcase classname="tests.storage.test_run_registry.TestDataclasses" name="test_pipeline_step_record_frozen" time="0.002" /><testcase classname="tests.storage.test_run_tracking" name="test_pipeline_run_record_stores_fields" time="0.001" /><testcase classname="tests.storage.test_run_tracking" name="test_pipeline_step_record_stores_fields" time="0.007" /><testcase classname="tests.storage.test_module_index" name="test_load_module_map_returns_empty_on_no_match" time="19.167" /><testcase classname="tests.storage.test_run_tracking" name="test_step_completion_params_to_record" time="0.001" /><testcase classname="tests.storage.test_module_index" name="test_load_module_map_normalizes_path_with_leading_slash" time="18.901" /><testcase classname="tests.storage.test_run_registry.TestDataclasses" name="test_pipeline_run_record_frozen" time="0.001" /><testcase classname="tests.storage.test_run_registry_integration.TestGatewayRunsApi" name="test_start_and_fetch_run_with_gateway" time="18.450" /><testcase classname="tests.storage.test_run_registry.TestStartAndFetchRun" name="test_fetch_nonexistent_run" time="19.002" /><testcase classname="tests.storage.test_run_registry.TestStartAndFetchRun" name="test_start_run_replaces_existing" time="19.956" /><testcase classname="tests.storage.test_run_registry.TestCompleteRun" name="test_complete_run_with_error" time="20.479" /><testcase classname="tests.storage.test_run_registry.TestRecordStep" name="test_fetch_steps_empty" time="20.039" /><testcase classname="tests.storage.test_run_registry.TestStartAndCompleteStep" name="test_start_step_creates_running_record" time="19.438" /><testcase classname="tests.storage.test_run_registry.TestStartAndCompleteStep" name="test_complete_step_updates_record" time="20.424" /><testcase classname="tests.storage.test_run_registry.TestMultipleSteps" name="test_run_with_multiple_steps" time="19.911" /><testcase classname="tests.storage.test_run_tracking" name="test_start_run_inserts_record" time="20.287" /><testcase classname="tests.storage.test_run_tracking" name="test_fetch_run_returns_record" time="20.107" /><testcase classname="tests.storage.test_run_registry_integration.TestGatewayRunsApi" name="test_complete_run_with_gateway" time="20.126" /><testcase classname="tests.storage.test_run_registry_integration.TestGatewayRunsApi" name="test_record_steps_with_gateway" time="20.277" /><testcase classname="tests.storage.test_run_registry_integration.TestNewRunContextIntegration" name="test_new_run_context_for_analytics" time="19.138" /><testcase classname="tests.storage.test_run_registry_integration.TestNewRunContextIntegration" name="test_new_run_context_for_ingest" time="18.725" /><testcase classname="tests.storage.test_run_registry.TestRecordStep" name="test_record_step_replaces_existing" time="16.992" /><testcase classname="tests.storage.test_run_registry_integration.TestFullRunLifecycle" name="test_failed_run_lifecycle" time="16.359" /><testcase classname="tests.storage.test_run_registry_integration.TestFullRunLifecycle" name="test_multi_engine_run_lifecycle" time="15.738" /><testcase classname="tests.storage.test_run_tracking" name="test_complete_run_with_error_summary" time="15.895" /><testcase classname="tests.storage.test_run_tracking" name="test_complete_run_updates_status" time="16.360" /><testcase classname="tests.storage.test_run_tracking" name="test_fetch_run_returns_none_for_missing" time="16.478" /><testcase classname="tests.storage.test_run_tracking" name="test_record_step_inserts_step" time="15.979" /><testcase classname="tests.storage.test_run_tracking" name="test_fetch_steps_returns_list" time="15.580" /><testcase classname="tests.storage.test_schema_helpers" name="test_json_schema_from_typeddict_round_trip" time="0.001" /><testcase classname="tests.storage.test_run_tracking" name="test_start_step_returns_timestamp" time="16.100" /><testcase classname="tests.storage.test_schema_helpers" name="test_validate_row_with_schema_passes_valid_data" time="0.002" /><testcase classname="tests.storage.test_sql_compiler_upgrade_gates" name="test_compiler_upgrade_gate_create_table_sql_is_stable" time="0.009" /><testcase classname="tests.storage.test_sql_compiler_upgrade_gates" name="test_compiler_upgrade_gate_create_table_executes" time="0.012" /><testcase classname="tests.storage.test_sqlglot_tools" name="test_parse_one_duckdb_parses_valid_sql" time="0.001" /><testcase classname="tests.storage.test_sqlglot_tools" name="test_parse_one_duckdb_raises_parse_error_on_invalid_sql" time="0.003" /><testcase classname="tests.storage.test_sqlglot_tools" name="test_extract_table_keys_is_cte_safe" time="0.003" /><testcase classname="tests.storage.test_sqlglot_tools" name="test_extract_table_keys_handles_nested_subqueries" time="0.002" /><testcase classname="tests.storage.test_sqlglot_tools" name="test_fingerprint_is_stable_for_equivalent_sql" time="0.005" /><testcase classname="tests.storage.test_sqlglot_tools" name="test_canonical_sql_is_stable_for_equivalent_sql" time="0.005" /><testcase classname="tests.storage.test_sqlglot_tools" name="test_extract_column_lineage_maps_output_columns" time="0.058" /><testcase classname="tests.storage.test_sqlglot_tools" name="test_summarize_sql_duckdb_emits_low_cardinality_select" time="0.002" /><testcase classname="tests.storage.test_sqlglot_tools" name="test_summarize_sql_duckdb_ignores_cte_aliases" time="0.004" /><testcase classname="tests.storage.test_sqlglot_tools" name="test_summarize_sql_duckdb_handles_insert_select" time="0.011" /><testcase classname="tests.storage.test_sqlglot_tools" name="test_summarize_sql_duckdb_hashes_suspicious_targets" time="0.002" /><testcase classname="tests.storage.test_sqlglot_tools" name="test_summarize_sql_duckdb_appends_ellipsis_for_target_cap" time="0.013" /><testcase classname="tests.storage.test_sqlglot_tools" name="test_summarize_sql_duckdb_appends_ellipsis_for_truncation" time="0.001" /><testcase classname="tests.storage.test_sqlglot_tools" name="test_summarize_sql_duckdb_includes_nested_subquery_operations" time="0.003" /><testcase classname="tests.storage.test_sqlglot_tools" name="test_summarize_sql_duckdb_handles_multi_statement" time="0.002" /><testcase classname="tests.storage.test_staging_lifecycle" name="test_registered_temp_relation_unregisters_on_success" time="0.001" /><testcase classname="tests.storage.test_staging_lifecycle" name="test_registered_temp_relation_unregisters_on_exception" time="0.007" /><testcase classname="tests.storage.test_storage_architecture_invariants" name="test_storage_has_no_build_imports" time="0.041" /><testcase classname="tests.storage.test_run_tracking" name="test_fetch_steps_orders_by_module_stage_name" time="16.662" /><testcase classname="tests.storage.test_storage_architecture_invariants" name="test_storage_legacy_modules_removed" time="0.003" /><testcase classname="tests.storage.test_storage_architecture_invariants" name="test_ibis_gateway_has_no_sql_escape_hatch" time="0.001" /><testcase classname="tests.storage.test_storage_architecture_invariants" name="test_no_gateway_accessor_inserts_in_src" time="0.391" /><testcase classname="tests.storage.test_schema_helpers" name="test_build_validator_accepts_mapping" time="0.004" /><testcase classname="tests.storage.test_storage_architecture_invariants" name="test_view_materialization_is_centralized" time="0.023" /><testcase classname="tests.storage.test_storage_architecture_invariants" name="test_no_dataset_name_schema_lookup_helpers" time="0.092" /><testcase classname="tests.storage.test_run_registry_integration.TestNewRunContextIntegration" name="test_new_run_context_for_graphs" time="19.563" /><testcase classname="tests.storage.test_run_tracking" name="test_record_step_with_none_row_counts" time="21.980" /><testcase classname="tests.storage.test_schema_roundtrip" name="test_call_graph_edge_round_trip" time="0.025" /><testcase classname="tests.storage.test_schema_alignment" name="test_apply_and_validate_schema_alignment" time="22.911" /><testcase classname="tests.storage.test_schema_alignment" name="test_ensure_schemas_preserve_with_extra_ddl" time="22.227" /><testcase classname="tests.storage.test_schema_roundtrip" name="test_symbol_use_round_trip" time="0.030" /><testcase classname="tests.storage.test_schema_alignment" name="test_assert_schema_alignment_detects_drift_nonstrict" time="22.256" /><testcase classname="tests.storage.test_schema_alignment" name="test_ensure_schemas_preserve_creates_tables_idempotently" time="23.639" /><testcase classname="tests.storage.test_schema_roundtrip" name="test_behavioral_coverage_round_trip" time="0.044" /><testcase classname="tests.storage.test_schema_alignment" name="test_create_schemas_creates_all_namespaces" time="21.751" /><testcase classname="tests.storage.test_schema_roundtrip_advanced_types" name="test_schema_roundtrip_supports_advanced_types" time="0.020" /><testcase classname="tests.storage.test_schema_roundtrip" name="test_test_coverage_round_trip" time="0.089" /><testcase classname="tests.storage.views.test_pr86_no_ibis_view_registry" name="test_ibis_view_registry_module_removed" time="0.001" /><testcase classname="tests.storage.views.test_pr86_no_ibis_view_registry" name="test_view_builders_discoverable_via_tags" time="0.038" /><testcase classname="tests.test_build_storage_architecture_invariants" name="test_no_direct_ibis_table_calls_outside_allowlist" time="0.492" /><testcase classname="tests.test_build_storage_architecture_invariants" name="test_no_build_policy_write_calls" time="0.042" /><testcase classname="tests.test_core_dependency_hygiene" name="test_core_imports_are_stdlib_only" time="0.002" /><testcase classname="tests.test_layering_serving_imports" name="test_no_serving_imports_in_middle_packages" time="4.321" /><testcase classname="tests.storage.test_snapshot_scoping" name="test_maybe_scope_by_repo_commit_adds_filter_when_columns_exist" time="22.847" /><testcase classname="tests.storage.test_warehouse_transaction_rollback" name="test_materialize_rows_replace_rolls_back_on_write_failure" time="21.158" /><testcase classname="tests.test_pipeline_smoke" name="test_build_export_smoke" time="0.007"><skipped type="pytest.xfail" message="Build smoke test currently fails in function_effects catalog integration" /></testcase><testcase classname="tests.test_tests_analytics_unit" name="test_edges_for_file_uses_test_meta" time="0.001" /><testcase classname="tests.storage.test_subsystem_view_schema_drift" name="test_subsystem_docs_views_schema_stable" time="23.129" /><testcase classname="tests.test_tests_analytics_unit" name="test_build_test_coverage_edges_with_real_coverage" time="5.274" /><testcase classname="tests.storage.test_run_tracking" name="test_complete_step_updates_step" time="22.851" /><testcase classname="tests.test_tests_analytics_unit" name="test_build_test_coverage_edges_respects_injected_loader" time="4.423" /><testcase classname="tests.storage.tracking.test_build_tracking.TestOutputManifestOperations" name="test_upsert_manifest" time="20.900" /><testcase classname="tests.storage.tracking.test_build_tracking.TestOutputManifestOperations" name="test_delete_manifests" time="20.158" /><testcase classname="tests.storage.tracking.test_build_tracking.TestBuildRunOperations" name="test_fetch_nonexistent_run" time="20.056" /><testcase classname="tests.storage.tracking.test_build_tracking.TestBuildRunOperations" name="test_list_runs" time="19.942" /><testcase classname="tests.storage.test_schema_roundtrip" name="test_generate_export_schemas_writes_files" time="21.271" /><testcase classname="tests.storage.test_snapshot_scoping" name="test_maybe_scope_by_repo_commit_is_noop_when_columns_missing" time="18.816" /><testcase classname="tests.test_testing_contract" name="test_testing_charter_forbidden_patterns" time="0.326" /><testcase classname="tests.storage.tracking.test_build_tracking.TestOutputManifestOperations" name="test_save_and_load_manifest" time="17.290" /><testcase classname="tests.test_tests_analytics_unit" name="test_backfill_test_goids_updates_catalog" time="13.081"><failure message="RuntimeError: SchemaService has not been configured">def test_backfill_test_goids_updates_catalog() -&gt; None:
        """Ensure test_catalog entries receive GOIDs and URNs when matched to GOIDs."""
        repo_root = Path(tempfile.mkdtemp())
&gt;       ctx = provision_graph_ready_repo(
            repo_root,
            repo="demo/repo",
            commit="deadbeef",
            options=ProvisionOptions(include_seed_goid=False, build_graph_metrics=True),
        )

tests/test_tests_analytics_unit.py:53: 
_ _ _ _ _ _ _ _ _ _ _ _ _ _ _ _ _ _ _ _ _ _ _ _ _ _ _
tests/_helpers/orchestration/provisioning.py:702: in provision_graph_ready_repo
    ctx = provision_ingested_repo(
tests/_helpers/orchestration/provisioning.py:475: in provision_ingested_repo
    scan_result = scan_step.execute(
src/codeintel/ingestion/compute/repo_scan.py:134: in execute
    change_set = self._change_detection.compute_changes(change_request, modules)
                 ^^^^^^^^^^^^^^^^^^^^^^^^^^^^^^^^^^^^^^^^^^^^^^^^^^^^^^^^^^^^^^^
src/codeintel/ingestion/adapters/hash_change_detection.py:121: in compute_changes
    state_rows = self._build_state_rows(
src/codeintel/ingestion/adapters/hash_change_detection.py:357: in _build_state_rows
    serializer = row_serializer_for_table_key(FILE_STATE_TABLE_KEY)
                 ^^^^^^^^^^^^^^^^^^^^^^^^^^^^^^^^^^^^^^^^^^^^^^^^^^
src/codeintel/core/schemas/row_serialization.py:35: in row_serializer_for_table_key
    service = get_schema_service()
              ^^^^^^^^^^^^^^^^^^^^
_ _ _ _ _ _ _ _ _ _ _ _ _ _ _ _ _ _ _ _ _ _ _ _ _ _ _

    def get_schema_service() -&gt; SchemaService:
        """Return the registered SchemaService instance.
    
        Returns
        -------
        SchemaService
            Registered SchemaService singleton.
    
        Raises
        ------
        RuntimeError
            If the SchemaService has not been configured.
        """
        service = _SchemaServiceHolder.get_or_none()
        if service is None:
            msg = "SchemaService has not been configured"
&gt;           raise RuntimeError(msg)
E           RuntimeError: SchemaService has not been configured

src/codeintel/core/schemas/service.py:384: RuntimeError</failure></testcase><testcase classname="tests.storage.test_warehouse_materialization_equivalence" name="test_warehouse_materialize_variants_write_equivalent_rows" time="16.998" /><testcase classname="tests.tools.test_tool_sandbox_integration" name="test_tool_sandbox_executes_pytest[asyncio]" time="0.385" /><testcase classname="tests.storage.test_schema_helpers" name="test_apply_all_schemas_creates_function_validation" time="14.885" /><testcase classname="tests.storage.tracking.test_build_tracking.TestOutputManifestOperations" name="test_list_manifests" time="13.160" /><testcase classname="tests.storage.tracking.test_build_tracking.TestBuildRunOperations" name="test_start_and_fetch_run" time="13.157" /><testcase classname="tests.storage.tracking.test_build_tracking.TestBuildRunOperations" name="test_complete_run_succeeded" time="12.951" /><testcase classname="tests.storage.tracking.test_build_tracking.TestBuildRunOperations" name="test_list_runs_with_limit" time="13.103" /><testcase classname="tests.storage.tracking.test_build_tracking.TestBuildRunOperations" name="test_complete_run_failed" time="12.829" /><testcase classname="tests.storage.tracking.test_build_tracking.TestOutputManifestOperations" name="test_load_nonexistent_manifest" time="11.818" /></testsuite></testsuites>