<?xml version="1.0" encoding="utf-8"?><testsuites name="pytest tests"><testsuite name="pytest" errors="0" failures="0" skipped="0" tests="15" time="10.935" timestamp="2025-12-10T13:19:43.139567-05:00" hostname="paul-X870-AORUS-ELITE-WIFI7"><testcase classname="tests.cli.unit.test_operation_handlers" name="test_op_call_with_unknown_operation" time="0.002" /><testcase classname="tests.cli.unit.test_resolution_integration" name="test_handler_context_creation" time="0.002" /><testcase classname="tests.cli.unit.test_operation_handlers" name="test_operations_have_required_fields" time="0.002" /><testcase classname="tests.cli.unit.test_operation_handlers" name="test_storage_status_returns_info" time="0.002" /><testcase classname="tests.cli.unit.test_operation_handlers" name="test_build_status_returns_structured_result" time="0.003" /><testcase classname="tests.cli.unit.test_resolution_integration" name="test_handler_context_str_param_with_default" time="0.002" /><testcase classname="tests.cli.unit.test_operation_handlers" name="test_registry_has_operations" time="0.002" /><testcase classname="tests.cli.unit.test_resolution_integration" name="test_resolution_missing_params_raises_error" time="0.003" /><testcase classname="tests.cli.unit.test_operation_handlers" name="test_op_list_returns_operations" time="0.003" /><testcase classname="tests.cli.unit.test_resolution_integration" name="test_resolution_from_explicit_params" time="0.004" /><testcase classname="tests.cli.unit.test_resolution_integration" name="test_handler_context_close_is_idempotent" time="0.002" /><testcase classname="tests.cli.unit.test_operation_handlers" name="test_dataset_list_returns_datasets" time="0.005" /><testcase classname="tests.cli.unit.test_operation_handlers" name="test_registry_lookup_nonexistent" time="0.002" /><testcase classname="tests.cli.unit.test_operation_handlers" name="test_build_operations_have_required_group" time="0.002" /><testcase classname="tests.cli.unit.test_operation_handlers" name="test_build_status_no_params" time="0.003" /></testsuite></testsuites>