<?xml version="1.0" encoding="utf-8"?><testsuites name="pytest tests"><testsuite name="pytest" errors="0" failures="0" skipped="0" tests="3" time="9.237" timestamp="2025-12-08T12:06:20.679887-05:00" hostname="paul-X870-AORUS-ELITE-WIFI7"><testcase classname="tests.mcp.test_architecture_tools" name="test_register_architecture_tools_registers_and_executes" time="0.002" /><testcase classname="tests.mcp.test_architecture_tools" name="test_architecture_tools_wrap_mcp_error" time="0.002" /><testcase classname="tests.mcp.test_architecture_tools" name="test_architecture_tools_type_error_matches_backend_signature" time="0.002" /></testsuite></testsuites>