<?xml version="1.0" encoding="utf-8"?><testsuites name="pytest tests"><testsuite name="pytest" errors="0" failures="0" skipped="6" tests="28" time="12.870" timestamp="2025-12-09T02:43:10.497827-05:00" hostname="paul-X870-AORUS-ELITE-WIFI7"><testcase classname="tests.serving.mcp.test_mcp_profile_tools" name="test_get_operation_profiles_function" time="0.001" /><testcase classname="tests.serving.mcp.test_mcp_profile_tools" name="test_profile_operations_have_backend_method" time="0.001" /><testcase classname="tests.serving.mcp.test_mcp_profile_tools" name="test_get_operation_profiles_module" time="0.002" /><testcase classname="tests.serving.mcp.test_mcp_profile_tools" name="test_get_operation_profiles_file" time="0.001" /><testcase classname="tests.serving.mcp.test_mcp_meta_tools" name="test_explain_tools_return_edges_and_nodes" time="3.237" /><testcase classname="tests.serving.mcp.test_mcp_meta_tools" name="test_invalid_payloads_return_problem_detail_and_log_warning" time="3.284" /><testcase classname="tests.serving.mcp.test_mcp_profile_tools" name="test_backend_with_custom_limits" time="3.282" /><testcase classname="tests.serving.mcp.test_mcp_profile_tools" name="test_register_profile_tools_success" time="3.297" /><testcase classname="tests.serving.mcp.test_mcp_profile_tools" name="test_backend_get_function_profile_not_found" time="3.315" /><testcase classname="tests.serving.mcp.test_mcp_profile_tools" name="test_register_profile_tools_preserves_backend_state" time="3.326" /><testcase classname="tests.serving.mcp.test_mcp_profile_tools" name="test_backend_get_module_profile_not_found" time="3.322" /><testcase classname="tests.serving.mcp.test_mcp_profile_tools" name="test_backend_get_file_profile_not_found" time="3.336" /><testcase classname="tests.serving.mcp.test_mcp_profile_tools" name="test_backend_get_function_profile" time="3.344"><skipped type="pytest.skip" message="No functions available">/home/paul/CodeIntel/tests/serving/mcp/test_mcp_profile_tools.py:237: No functions available</skipped></testcase><testcase classname="tests.serving.mcp.test_mcp_profile_tools" name="test_local_query_service_as_backend" time="3.363" /><testcase classname="tests.serving.mcp.test_mcp_meta_tools" name="test_unknown_ids_return_problem_detail_and_log_warning" time="3.358" /><testcase classname="tests.serving.mcp.test_mcp_profile_tools" name="test_register_profile_tools_with_config" time="3.375" /><testcase classname="tests.serving.mcp.test_mcp_registry" name="test_register_tools_with_config" time="3.379" /><testcase classname="tests.serving.mcp.test_mcp_profile_tools" name="test_backend_get_file_profile" time="3.382"><skipped type="pytest.skip" message="No functions available">/home/paul/CodeIntel/tests/serving/mcp/test_mcp_profile_tools.py:264: No functions available</skipped></testcase><testcase classname="tests.serving.mcp.test_mcp_profile_tools" name="test_module_profile_response_structure" time="3.397"><skipped type="pytest.skip" message="No functions available">/home/paul/CodeIntel/tests/serving/mcp/test_mcp_profile_tools.py:543: No functions available</skipped></testcase><testcase classname="tests.serving.mcp.test_mcp_registry" name="test_register_tools_with_service" time="3.418" /><testcase classname="tests.serving.mcp.test_mcp_registry" name="test_register_tools_with_backend" time="3.434" /><testcase classname="tests.serving.mcp.test_mcp_profile_tools" name="test_backend_get_module_profile" time="3.436"><skipped type="pytest.skip" message="No functions available">/home/paul/CodeIntel/tests/serving/mcp/test_mcp_profile_tools.py:291: No functions available</skipped></testcase><testcase classname="tests.serving.mcp.test_mcp_profile_tools" name="test_function_profile_response_structure" time="3.438"><skipped type="pytest.skip" message="No functions available">/home/paul/CodeIntel/tests/serving/mcp/test_mcp_profile_tools.py:483: No functions available</skipped></testcase><testcase classname="tests.serving.mcp.test_mcp_profile_tools" name="test_profile_tools_return_problem_detail_on_missing_function" time="3.445" /><testcase classname="tests.serving.mcp.test_mcp_meta_tools" name="test_meta_tools_list_payloads_with_unicode" time="3.451" /><testcase classname="tests.serving.mcp.test_mcp_profile_tools" name="test_register_profile_tools_on_multiple_servers" time="3.505" /><testcase classname="tests.serving.mcp.test_mcp_profile_tools" name="test_file_profile_response_structure" time="3.496"><skipped type="pytest.skip" message="No functions available">/home/paul/CodeIntel/tests/serving/mcp/test_mcp_profile_tools.py:513: No functions available</skipped></testcase><testcase classname="tests.serving.mcp.test_mcp_profile_tools" name="test_register_profile_tools_with_service" time="3.610" /></testsuite></testsuites>