<?xml version="1.0" encoding="utf-8"?><testsuites name="pytest tests"><testsuite name="pytest" errors="0" failures="0" skipped="0" tests="330" time="57.394" timestamp="2025-12-13T14:25:11.896675-05:00" hostname="paul-X870-AORUS-ELITE-WIFI7"><testcase classname="tests.storage.test_conformance" name="test_conformance_issue_stores_dataset_and_message" time="0.001" /><testcase classname="tests.storage.test_data_models" name="test_data_model_row_stores_all_fields" time="0.001" /><testcase classname="tests.storage.test_conformance" name="test_conformance_report_ok_when_no_issues" time="0.001" /><testcase classname="tests.storage.test_data_models" name="test_normalized_data_model_stores_nested_data" time="0.002" /><testcase classname="tests.storage.test_data_models" name="test_data_model_relationship_row_stores_all_fields" time="0.001" /><testcase classname="tests.storage.test_data_models" name="test_data_model_field_row_stores_all_fields" time="0.001" /><testcase classname="tests.storage.test_conformance" name="test_conformance_issue_allows_none_dataset" time="0.001" /><testcase classname="tests.storage.test_conformance" name="test_conformance_report_not_ok_when_issues_exist" time="0.006" /><testcase classname="tests.storage.test_data_models" name="test_data_model_field_row_is_frozen" time="0.001" /><testcase classname="tests.storage.test_data_models" name="test_data_model_relationship_row_is_frozen" time="0.004" /><testcase classname="tests.storage.test_data_models" name="test_normalized_data_model_is_frozen" time="0.001" /><testcase classname="tests.storage.repositories.test_functions" name="test_list_function_goids_returns_empty_when_no_data" time="3.835" /><testcase classname="tests.storage.test_conformance" name="test_conformance_reports_json_schema_errors" time="5.160" /><testcase classname="tests.storage.test_conformance" name="test_conformance_skips_missing_schema_files" time="5.234" /><testcase classname="tests.storage.test_conformance" name="test_conformance_passes_with_empty_db" time="5.214" /><testcase classname="tests.storage.repositories.test_modules" name="test_get_file_summary_returns_none_when_not_found" time="4.100" /><testcase classname="tests.storage.repositories.test_functions" name="test_list_function_summaries_for_file_returns_empty_when_no_match" time="4.410" /><testcase classname="tests.storage.repositories.test_functions" name="test_resolve_function_goid_returns_none_when_no_identifiers" time="4.336" /><testcase classname="tests.storage.repositories.test_modules" name="test_get_module_profile_returns_none_when_not_found" time="4.579" /><testcase classname="tests.storage.repositories.test_modules" name="test_list_modules_returns_sorted_list" time="4.823" /><testcase classname="tests.storage.repositories.test_dataflow" name="test_list_edges_returns_edges" time="4.557" /><testcase classname="tests.storage.repositories.test_modules" name="test_get_file_hints_returns_empty_when_not_found" time="4.738" /><testcase classname="tests.storage.repositories.test_dataflow" name="test_list_edges_filtered_by_dst" time="5.030" /><testcase classname="tests.storage.repositories.test_dataflow" name="test_list_edges_returns_empty_when_no_match" time="5.073" /><testcase classname="tests.storage.test_data_models" name="test_data_model_row_is_frozen" time="0.001" /><testcase classname="tests.storage.test_datasets" name="test_dataset_for_name_raises_on_unknown" time="0.001" /><testcase classname="tests.storage.test_datasets" name="test_dataset_for_table_returns_contract" time="0.001" /><testcase classname="tests.storage.test_datasets" name="test_dataset_for_table_raises_on_unknown" time="0.001" /><testcase classname="tests.storage.test_datasets" name="test_describe_dataset_returns_serializable_dict" time="0.001" /><testcase classname="tests.storage.test_datasets" name="test_list_dataset_specs_returns_list" time="0.001" /><testcase classname="tests.storage.test_datasets" name="test_build_dataset_dependency_graph_returns_mapping" time="0.001" /><testcase classname="tests.storage.repositories.test_dataflow" name="test_list_nodes_returns_nodes" time="5.300" /><testcase classname="tests.storage.test_data_models" name="test_fetch_fields_returns_empty_list" time="5.820" /><testcase classname="tests.storage.test_data_models" name="test_fetch_models_parses_base_classes_from_json" time="5.991" /><testcase classname="tests.storage.test_data_models" name="test_fetch_models_filters_by_repo_commit" time="6.239" /><testcase classname="tests.storage.repositories.test_functions" name="test_get_function_profile_returns_row" time="6.652" /><testcase classname="tests.storage.repositories.test_functions" name="test_list_high_risk_functions_with_tested_only_filter" time="7.403" /><testcase classname="tests.storage.test_data_models" name="test_fetch_models_returns_empty_list" time="6.473" /><testcase classname="tests.storage.test_data_models" name="test_fetch_models_normalized_returns_empty_list" time="6.740" /><testcase classname="tests.storage.test_data_models" name="test_fetch_models_normalized_filters_by_model_ids" time="6.843" /><testcase classname="tests.storage.test_dataflow_graph" name="test_contract_dataflow_includes_all_datasets" time="0.001" /><testcase classname="tests.storage.test_data_models" name="test_fetch_fields_without_model_ids_returns_all" time="7.061" /><testcase classname="tests.storage.repositories.test_subsystems" name="test_list_subsystems_respects_limit" time="7.432" /><testcase classname="tests.storage.repositories.test_subsystems" name="test_list_subsystem_coverage_returns_rows" time="7.588" /><testcase classname="tests.storage.repositories.test_subsystems" name="test_list_subsystem_modules_returns_rows" time="7.745" /><testcase classname="tests.storage.repositories.test_subsystems" name="test_list_subsystems_searches_by_query" time="8.019" /><testcase classname="tests.storage.repositories.test_subsystems" name="test_get_subsystem_summary_returns_none_for_missing" time="8.042" /><testcase classname="tests.storage.repositories.test_subsystems" name="test_list_subsystem_coverage_uses_cache_when_present" time="8.115" /><testcase classname="tests.storage.repositories.test_functions" name="test_get_function_summary_by_goid_returns_none_when_not_found" time="3.883" /><testcase classname="tests.storage.repositories.test_modules" name="test_get_module_architecture_returns_none_when_not_found" time="3.963" /><testcase classname="tests.storage.repositories.test_subsystems" name="test_list_subsystems_for_module_returns_rows" time="8.229" /><testcase classname="tests.storage.test_dataflow_graph" name="test_alias_docs_views_have_nodes" time="0.001" /><testcase classname="tests.storage.test_dataset_catalog" name="test_catalog_generation_writes_files" time="0.002" /><testcase classname="tests.storage.repositories.test_functions" name="test_list_high_risk_functions_returns_empty_when_no_match" time="3.756" /><testcase classname="tests.storage.test_catalog_describe" name="test_describe_dataset_warns_on_missing_schema" time="0.001" /><testcase classname="tests.storage.test_dataset_catalog" name="test_catalog_handles_missing_samples" time="0.002" /><testcase classname="tests.storage.repositories.test_modules" name="test_get_file_profile_returns_none_when_not_found" time="3.812" /><testcase classname="tests.storage.test_dataset_scaffold" name="test_scaffold_view_defaults_skip_exports" time="0.002" /><testcase classname="tests.storage.test_dataset_scaffold" name="test_scaffold_emits_bootstrap_snippet_when_requested" time="0.001" /><testcase classname="tests.storage.repositories.test_modules" name="test_list_modules_returns_empty_for_no_data" time="3.795" /><testcase classname="tests.storage.test_datasets" name="test_dataset_registry_datasets_with_json_schema" time="0.001" /><testcase classname="tests.storage.test_datasets" name="test_dataset_registry_dataset_dependencies" time="0.001" /><testcase classname="tests.storage.test_conformance" name="test_conformance_validates_schema_rows" time="4.919" /><testcase classname="tests.storage.test_conformance" name="test_conformance_with_sample_rows_enabled" time="4.623" /><testcase classname="tests.storage.test_datasets" name="test_load_dataset_registry_from_db" time="3.603" /><testcase classname="tests.storage.repositories.test_functions" name="test_resolve_function_goid_passthrough" time="3.702" /><testcase classname="tests.storage.test_datasets" name="test_dataset_registry_resolve_table_key_raises_on_unknown" time="0.001" /><testcase classname="tests.storage.test_datasets" name="test_dataset_for_name_returns_contract" time="0.001" /><testcase classname="tests.storage.test_datasets" name="test_dataset_registry_mapping_property" time="0.001" /><testcase classname="tests.storage.test_docs_views" name="test_call_graph_view_scopes_edges_to_repo_commit" time="12.697" /><testcase classname="tests.storage.repositories.test_dataflow" name="test_list_edges_filtered_by_src" time="4.485" /><testcase classname="tests.storage.test_dataset_scaffold" name="test_scaffold_respects_dry_run" time="0.001" /><testcase classname="tests.storage.test_dataset_scaffold" name="test_scaffold_blocks_overwrite_without_flag" time="0.001" /><testcase classname="tests.storage.repositories.test_repositories" name="test_data_model_accessors" time="9.456" /><testcase classname="tests.storage.repositories.test_dataflow" name="test_list_edges_filtered_by_both" time="4.675" /><testcase classname="tests.storage.test_datasets" name="test_dataset_registry_docs_dataset_names" time="0.001" /><testcase classname="tests.storage.test_datasets" name="test_dataset_registry_resolve_table_key_returns_qualified" time="0.003" /><testcase classname="tests.storage.test_file_module_test_behavioral_columns" name="test_module_profile_tuple_length_matches_columns" time="0.002" /><testcase classname="tests.storage.test_file_module_test_behavioral_columns" name="test_test_profile_tuple_length_matches_columns" time="0.002" /><testcase classname="tests.storage.test_file_module_test_behavioral_columns" name="test_behavioral_coverage_tuple_length_matches_columns" time="0.001" /><testcase classname="tests.storage.test_function_profile_rows" name="test_function_profile_tuple_length_matches_columns" time="0.004" /><testcase classname="tests.storage.test_datasets" name="test_dataset_registry_tables_property" time="0.001" /><testcase classname="tests.storage.test_datasets" name="test_dataset_registry_views_property" time="0.001" /><testcase classname="tests.storage.repositories.test_dataflow" name="test_list_nodes_includes_expected_columns" time="4.627" /><testcase classname="tests.storage.test_datasets" name="test_dataset_registry_parquet_mapping_property" time="0.001" /><testcase classname="tests.storage.test_datasets" name="test_dataset_registry_table_for_name" time="0.001" /><testcase classname="tests.storage.test_datasets" name="test_dataset_registry_meta_property" time="0.001" /><testcase classname="tests.storage.test_datasets" name="test_dataset_registry_jsonl_mapping_property" time="0.001" /><testcase classname="tests.storage.repositories.test_repositories" name="test_module_repository_reads" time="10.305" /><testcase classname="tests.storage.test_db_helpers" name="test_count_rows_for_tables_returns_dict" time="3.662" /><testcase classname="tests.storage.repositories.test_functions" name="test_get_function_architecture_returns_none_when_not_found" time="4.033" /><testcase classname="tests.storage.test_datasets" name="test_json_schema_ids_attached_to_datasets" time="3.728" /><testcase classname="tests.storage.repositories.test_functions" name="test_get_function_profile_returns_none_when_not_found" time="3.776" /><testcase classname="tests.storage.test_data_models" name="test_fetch_models_handles_goid_as_decimal" time="5.579" /><testcase classname="tests.storage.test_dataset_catalog" name="test_catalog_sampling_gracefully_falls_back" time="3.482" /><testcase classname="tests.storage.test_docs_view_profiling" name="test_main_with_missing_db_calls_parser_error" time="0.002" /><testcase classname="tests.storage.test_data_models" name="test_fetch_fields_parses_all_fields" time="6.039" /><testcase classname="tests.storage.test_dataset_catalog" name="test_catalog_sampling_strict_raises" time="3.813" /><testcase classname="tests.storage.test_dataset_scaffold" name="test_scaffold_writes_artifacts" time="0.002" /><testcase classname="tests.storage.test_data_models" name="test_fetch_models_parses_all_fields" time="6.160" /><testcase classname="tests.storage.test_datasets" name="test_dataset_registry_table_for_name_raises_on_unknown" time="0.005" /><testcase classname="tests.storage.test_data_models" name="test_fetch_relationships_parses_all_fields" time="5.991" /><testcase classname="tests.storage.repositories.test_functions" name="test_function_repository_with_docs_export" time="8.887" /><testcase classname="tests.storage.test_data_models" name="test_fetch_models_normalized_joins_data" time="5.907" /><testcase classname="tests.storage.test_datasets" name="test_describe_dataset_shape_with_json_schema" time="0.001" /><testcase classname="tests.storage.test_datasets" name="test_json_schema_datasets_have_row_bindings" time="3.527" /><testcase classname="tests.storage.test_dataflow_graph" name="test_composite_edges_align_with_composite_schemas" time="0.001" /><testcase classname="tests.storage.test_dataflow_graph" name="test_metadata_dataflow_tables_populated" time="4.229" /><testcase classname="tests.storage.test_data_models" name="test_fetch_fields_parses_constraints_json" time="5.924" /><testcase classname="tests.storage.test_gateway_accessors" name="test_core_tables_insert_modules_inserts_rows" time="3.371" /><testcase classname="tests.storage.test_gateway_accessors" name="test_core_tables_insert_repo_map_inserts_rows" time="3.147" /><testcase classname="tests.storage.test_gateway_accessors" name="test_core_tables_modules_returns_relation" time="3.512" /><testcase classname="tests.storage.test_gateway_accessors" name="test_core_tables_creates_with_connection" time="3.993" /><testcase classname="tests.storage.repositories.test_repositories" name="test_function_repository_reads" time="9.747" /><testcase classname="tests.storage.test_db_helpers" name="test_count_rows_for_tables_filters_by_repo_commit" time="3.711" /><testcase classname="tests.storage.test_datasets" name="test_require_row_binding_behavior" time="0.002" /><testcase classname="tests.storage.test_dataset_scaffold" name="test_scaffold_registry_conflict_blocks_creation" time="0.003" /><testcase classname="tests.storage.test_datasets" name="test_dataset_registry_all_datasets_returns_tuple" time="0.001" /><testcase classname="tests.storage.repositories.test_subsystems" name="test_list_subsystem_memberships_returns_rows" time="6.797" /><testcase classname="tests.storage.repositories.test_subsystems" name="test_list_subsystem_profiles_uses_cache_when_present" time="7.138" /><testcase classname="tests.storage.repositories.test_subsystems" name="test_list_subsystems_filters_by_role" time="7.287" /><testcase classname="tests.storage.test_db_helpers" name="test_count_rows_for_tables_returns_none_on_missing_table" time="3.892" /><testcase classname="tests.storage.repositories.test_subsystems" name="test_list_subsystem_profiles_returns_rows" time="7.013" /><testcase classname="tests.storage.repositories.test_subsystems" name="test_get_subsystem_summary_returns_row" time="7.469" /><testcase classname="tests.storage.test_docs_view_profiling" name="test_docs_views_contains_expected_views" time="0.001" /><testcase classname="tests.storage.test_docs_view_profiling" name="test_write_text_creates_file" time="0.002" /><testcase classname="tests.storage.test_gateway_accessors" name="test_graph_tables_call_graph_nodes_returns_relation" time="3.568" /><testcase classname="tests.storage.repositories.test_subsystems" name="test_search_subsystems_is_alias_for_list" time="7.892" /><testcase classname="tests.storage.test_docs_view_profiling" name="test_write_text_creates_nested_directories" time="0.002" /><testcase classname="tests.storage.test_datasets" name="test_describe_all_datasets_returns_serializable_list" time="3.889" /><testcase classname="tests.storage.repositories.test_subsystems" name="test_list_subsystems_returns_rows" time="7.125" /><testcase classname="tests.storage.test_file_module_test_behavioral_columns" name="test_file_profile_tuple_length_matches_columns" time="0.001" /><testcase classname="tests.storage.test_gateway_accessors" name="test_core_tables_insert_modules_adds_defaults" time="3.576" /><testcase classname="tests.storage.test_gateway_accessors" name="test_core_tables_insert_goids_inserts_rows" time="3.675" /><testcase classname="tests.storage.test_gateway_accessors" name="test_core_tables_repo_map_returns_relation" time="3.707" /><testcase classname="tests.storage.test_gateway_accessors" name="test_core_tables_goids_returns_relation" time="3.837" /><testcase classname="tests.storage.test_gateway_accessors" name="test_core_tables_insert_scip_occurrences_inserts_rows" time="3.334" /><testcase classname="tests.storage.test_data_models" name="test_fetch_models_returns_multiple" time="6.013" /><testcase classname="tests.storage.test_gateway_accessors" name="test_graph_tables_insert_dfg_edges" time="3.388" /><testcase classname="tests.storage.repositories.test_repositories" name="test_subsystem_repository_reads" time="7.864" /><testcase classname="tests.storage.test_db_helpers" name="test_safe_count_rows_returns_none_on_table_error" time="3.359" /><testcase classname="tests.storage.test_docs_view_profiling" name="test_docs_views_is_defined" time="0.001" /><testcase classname="tests.storage.test_db_helpers" name="test_count_rows_for_tables_handles_empty_tables" time="3.440" /><testcase classname="tests.storage.test_data_models" name="test_fetch_fields_filters_by_model_ids" time="6.314" /><testcase classname="tests.storage.test_db_helpers" name="test_safe_count_rows_tolerates_none_connection" time="0.001" /><testcase classname="tests.storage.test_data_models" name="test_fetch_relationships_filters_by_model_ids" time="5.746" /><testcase classname="tests.storage.test_db_helpers" name="test_count_rows_for_tables_handles_special_chars_in_repo" time="3.260" /><testcase classname="tests.storage.test_gateway_accessors" name="test_docs_views_creates_with_connection" time="3.888" /><testcase classname="tests.storage.test_db_helpers" name="test_safe_count_rows_returns_counts_with_valid_connection" time="4.295" /><testcase classname="tests.storage.test_gateway_accessors" name="test_docs_views_is_frozen" time="3.810" /><testcase classname="tests.storage.test_data_models" name="test_fetch_relationships_returns_empty_list" time="6.352" /><testcase classname="tests.storage.test_gateway_accessors" name="test_graph_tables_import_graph_edges_returns_relation" time="3.935" /><testcase classname="tests.storage.test_gateway_accessors" name="test_graph_tables_insert_call_graph_nodes" time="3.687" /><testcase classname="tests.storage.test_gateway_accessors" name="test_analytics_tables_test_catalog_returns_relation" time="3.874" /><testcase classname="tests.storage.test_docs_views" name="test_docs_views_expose_capabilities" time="12.419" /><testcase classname="tests.storage.test_docs_view_profiling" name="test_explain_analyze_returns_plan_text" time="12.448" /><testcase classname="tests.storage.test_gateway_accessors" name="test_graph_tables_insert_call_graph_edges" time="3.580" /><testcase classname="tests.storage.test_docs_view_profiling" name="test_run_profile_raises_on_missing_db" time="0.001" /><testcase classname="tests.storage.test_gateway_factory" name="test_storage_config_for_readonly" time="0.002" /><testcase classname="tests.storage.test_gateway_factory" name="test_storage_config_is_frozen" time="0.001" /><testcase classname="tests.storage.test_gateway_factory" name="test_open_memory_gateway_returns_gateway" time="0.996" /><testcase classname="tests.storage.test_gateway_accessors" name="test_graph_tables_insert_symbol_use_edges_with_5_fields" time="3.604" /><testcase classname="tests.storage.test_docs_views" name="test_docs_views_registered_in_metadata" time="12.578" /><testcase classname="tests.storage.test_gateway_accessors" name="test_graph_tables_symbol_use_edges_returns_relation" time="4.376" /><testcase classname="tests.storage.test_docs_views" name="test_test_profile_has_primary_subsystem_index" time="12.299" /><testcase classname="tests.storage.test_gateway_accessors" name="test_graph_tables_insert_symbol_use_edges_with_7_fields" time="3.835" /><testcase classname="tests.storage.test_gateway_accessors" name="test_graph_tables_insert_symbol_use_edges_rejects_invalid_length" time="3.918" /><testcase classname="tests.storage.test_gateway_accessors" name="test_core_tables_is_frozen" time="3.480" /><testcase classname="tests.storage.test_gateway_accessors" name="test_graph_tables_insert_cfg_blocks" time="3.518" /><testcase classname="tests.storage.test_gateway_accessors" name="test_graph_tables_insert_cfg_edges" time="3.634" /><testcase classname="tests.storage.test_gateway_accessors" name="test_gateway_creates_accessor_instances" time="3.378" /><testcase classname="tests.storage.test_gateway_factory" name="test_open_memory_gateway_with_defaults" time="1.046" /><testcase classname="tests.storage.test_gateway_accessors" name="test_graph_tables_is_frozen" time="3.843" /><testcase classname="tests.storage.test_docs_views" name="test_subsystem_profile_view_prefers_cache" time="13.361" /><testcase classname="tests.storage.test_gateway_accessors" name="test_gateway_graph_accessor_is_graph_tables" time="3.695" /><testcase classname="tests.storage.test_gateway_accessors" name="test_core_tables_insert_file_state_inserts_rows" time="3.775" /><testcase classname="tests.storage.test_gateway_accessors" name="test_graph_tables_call_graph_edges_returns_relation" time="3.745" /><testcase classname="tests.storage.test_gateway_accessors" name="test_docs_views_function_summary_returns_relation" time="3.577" /><testcase classname="tests.storage.test_gateway_accessors" name="test_docs_views_call_graph_enriched_returns_relation" time="3.937" /><testcase classname="tests.storage.test_gateway_factory" name="test_snapshot_resolver_opens_existing_snapshot" time="4.405" /><testcase classname="tests.storage.test_db_helpers" name="test_safe_count_rows_accepts_iterable_tables" time="3.659" /><testcase classname="tests.storage.test_gateway_accessors" name="test_analytics_tables_creates_with_connection" time="3.443" /><testcase classname="tests.storage.test_gateway_accessors" name="test_analytics_tables_function_metrics_returns_relation" time="3.292" /><testcase classname="tests.storage.test_gateway_factory" name="test_storage_config_creates_with_all_options" time="0.001" /><testcase classname="tests.storage.test_gateway_accessors" name="test_graph_tables_insert_import_graph_edges" time="3.572" /><testcase classname="tests.storage.test_gateway_factory" name="test_storage_config_creates_with_defaults" time="0.001" /><testcase classname="tests.storage.test_gateway_accessors" name="test_analytics_tables_coverage_functions_returns_relation" time="3.523" /><testcase classname="tests.storage.test_gateway_factory" name="test_storage_config_for_ingest" time="0.001" /><testcase classname="tests.storage.test_docs_view_profiling" name="test_run_profile_creates_artifacts" time="16.952" /><testcase classname="tests.storage.test_data_models" name="test_fetch_relationships_handles_nullable_fields" time="5.898" /><testcase classname="tests.storage.test_gateway_accessors" name="test_analytics_tables_test_coverage_edges_returns_relation" time="3.635" /><testcase classname="tests.storage.test_gateway_factory" name="test_storage_config_for_ingest_with_history" time="0.002" /><testcase classname="tests.storage.test_gateway_accessors" name="test_analytics_tables_coverage_lines_returns_relation" time="3.807" /><testcase classname="tests.storage.test_gateway_factory" name="test_open_memory_gateway_with_repo_and_commit" time="1.247" /><testcase classname="tests.storage.test_gateway_accessors" name="test_analytics_tables_insert_subsystems" time="3.994" /><testcase classname="tests.storage.test_gateway_factory" name="test_open_gateway_creates_file_database" time="3.852" /><testcase classname="tests.storage.test_gateway_accessors" name="test_insert_and_query_full_flow" time="3.385" /><testcase classname="tests.storage.test_gateway_accessors" name="test_analytics_tables_insert_config_values" time="4.267" /><testcase classname="tests.storage.test_gateway_accessors" name="test_gateway_execute_runs_sql" time="3.427" /><testcase classname="tests.storage.test_gateway_factory" name="test_open_memory_gateway_has_dataset_registry" time="0.838" /><testcase classname="tests.storage.test_gateway_factory" name="test_full_gateway_lifecycle" time="4.482" /><testcase classname="tests.storage.test_gateway_accessors" name="test_gateway_core_accessor_is_core_tables" time="4.102" /><testcase classname="tests.storage.test_gateway_factory" name="test_gateway_close_releases_connection" time="0.943" /><testcase classname="tests.storage.test_gateway_factory" name="test_snapshot_resolver_returns_callable" time="0.004" /><testcase classname="tests.storage.test_gateway_accessors" name="test_analytics_tables_is_frozen" time="3.851" /><testcase classname="tests.storage.test_gateway_factory" name="test_snapshot_resolver_reuses_primary_gateway" time="3.684" /><testcase classname="tests.storage.test_gateway_accessors" name="test_gateway_docs_accessor_is_docs_views" time="3.685" /><testcase classname="tests.storage.test_gateway_factory" name="test_snapshot_resolver_opens_different_commits" time="7.728" /><testcase classname="tests.storage.test_gateway_accessors" name="test_gateway_analytics_accessor_is_analytics_tables" time="4.002" /><testcase classname="tests.storage.test_gateway_factory" name="test_gateway_supports_context_manager" time="0.788" /><testcase classname="tests.storage.test_gateway_accessors" name="test_gateway_table_returns_relation" time="3.725" /><testcase classname="tests.storage.test_gateway_accessors" name="test_analytics_tables_insert_subsystem_modules" time="4.791" /><testcase classname="tests.storage.test_gateway_factory" name="test_multiple_memory_gateways_are_independent" time="1.705" /><testcase classname="tests.storage.test_gateway_factory" name="test_open_gateway_read_only_mode" time="3.605" /><testcase classname="tests.storage.test_gateway_accessors" name="test_analytics_tables_insert_test_catalog" time="5.614" /><testcase classname="tests.storage.test_gateway_factory" name="test_open_memory_gateway_without_views" time="0.787" /><testcase classname="tests.storage.test_gateway_accessors" name="test_relations_support_filtering" time="3.515" /><testcase classname="tests.storage.test_graphs_repository" name="test_get_incoming_callgraph_neighbors_returns_empty_list" time="3.552" /><testcase classname="tests.storage.test_gateway_accessors" name="test_accessors_share_same_connection" time="3.645" /><testcase classname="tests.storage.test_gateway_accessors" name="test_analytics_tables_insert_coverage_lines" time="5.691" /><testcase classname="tests.storage.test_gateway_factory" name="test_open_memory_gateway_exposes_ibis_backend" time="0.804" /><testcase classname="tests.storage.test_gateway_accessors" name="test_analytics_tables_insert_typedness" time="5.930" /><testcase classname="tests.storage.test_gateway_factory" name="test_open_memory_gateway_with_views" time="2.007" /><testcase classname="tests.storage.test_graphs_repository" name="test_get_incoming_callgraph_neighbors_with_data" time="3.810" /><testcase classname="tests.storage.test_graphs_repository" name="test_get_outgoing_callgraph_neighbors_respects_limit" time="3.412" /><testcase classname="tests.storage.test_gateway_accessors" name="test_analytics_tables_insert_static_diagnostics" time="6.232" /><testcase classname="tests.storage.test_gateway_factory" name="test_open_memory_gateway_supports_insert_and_query" time="0.815" /><testcase classname="tests.storage.test_gateway_accessors" name="test_gateway_execute_with_params" time="3.370" /><testcase classname="tests.storage.test_docs_view_profiling" name="test_explain_returns_plan_text" time="12.029" /><testcase classname="tests.storage.test_run_registry.TestDataclasses" name="test_pipeline_step_record_frozen" time="0.001" /><testcase classname="tests.storage.test_docs_view_profiling" name="test_main_with_valid_db_returns_success" time="17.126" /><testcase classname="tests.storage.test_graphs_repository" name="test_graph_repository_inherits_base_repository" time="2.755" /><testcase classname="tests.storage.test_graphs_repository" name="test_get_outgoing_callgraph_neighbors_returns_empty_list" time="2.682" /><testcase classname="tests.storage.test_graphs_repository" name="test_get_outgoing_callgraph_neighbors_with_data" time="2.849" /><testcase classname="tests.storage.test_module_index" name="test_load_module_map_returns_empty_on_no_match" time="2.808" /><testcase classname="tests.storage.test_graphs_repository" name="test_get_outgoing_callgraph_neighbors_filters_by_repo_commit" time="2.879" /><testcase classname="tests.storage.test_module_index" name="test_load_module_map_handles_multiple_modules_same_path" time="2.836" /><testcase classname="tests.storage.test_graphs_repository" name="test_graph_repository_is_frozen" time="2.899" /><testcase classname="tests.storage.test_run_registry.TestDataclasses" name="test_pipeline_run_record_frozen" time="0.001" /><testcase classname="tests.storage.test_run_registry.TestRecordStep" name="test_record_step_creates_record" time="2.894" /><testcase classname="tests.storage.test_module_index" name="test_load_module_map_uses_custom_logger" time="3.010" /><testcase classname="tests.storage.test_docs_view_profiling" name="test_main_with_analyze_flag" time="16.419" /><testcase classname="tests.storage.test_ibis_write" name="test_write_tuples_basic" time="6.509" /><testcase classname="tests.storage.test_gateway_accessors" name="test_analytics_tables_function_types_returns_relation" time="2.885" /><testcase classname="tests.storage.test_run_registry_integration.TestNewRunContextIntegration" name="test_new_run_context_for_analytics" time="2.826" /><testcase classname="tests.storage.test_run_registry.TestRecordStep" name="test_fetch_steps_empty" time="2.879" /><testcase classname="tests.storage.test_docs_views" name="test_subsystems_has_repo_commit_index" time="10.913" /><testcase classname="tests.storage.test_gateway_factory" name="test_open_memory_gateway_creates_accessors" time="0.908" /><testcase classname="tests.storage.test_docs_views" name="test_subsystem_coverage_columns" time="11.008" /><testcase classname="tests.storage.test_ibis_write" name="test_write_unsupported_type_raises" time="6.350" /><testcase classname="tests.storage.test_docs_views" name="test_subsystem_profile_columns" time="11.360" /><testcase classname="tests.storage.test_gateway_accessors" name="test_graph_tables_creates_with_connection" time="3.183" /><testcase classname="tests.storage.test_run_registry.TestStartAndFetchRun" name="test_fetch_nonexistent_run" time="3.077" /><testcase classname="tests.storage.test_ibis_write" name="test_write_ibis_expression_basic" time="6.293" /><testcase classname="tests.storage.test_run_tracking" name="test_pipeline_step_record_stores_fields" time="0.001" /><testcase classname="tests.storage.test_run_registry.TestCompleteRun" name="test_complete_run_with_error" time="3.120" /><testcase classname="tests.storage.test_run_registry.TestCompleteRun" name="test_complete_run_updates_status" time="3.032" /><testcase classname="tests.storage.test_run_tracking" name="test_step_completion_params_to_record" time="0.001" /><testcase classname="tests.storage.test_schema_roundtrip" name="test_test_coverage_round_trip" time="0.453" /><testcase classname="tests.storage.test_insert_helpers" name="test_insert_rows_raises_on_missing_column" time="3.140" /><testcase classname="tests.storage.test_docs_views" name="test_docs_view_readable_via_dataset_rows" time="11.988" /><testcase classname="tests.storage.test_gateway_factory" name="test_snapshot_resolver_raises_for_missing_file" time="0.001" /><testcase classname="tests.storage.test_gateway_factory" name="test_open_gateway_persists_data" time="4.035" /><testcase classname="tests.storage.test_ibis_write" name="test_write_tuples_without_columns_raises" time="6.268" /><testcase classname="tests.storage.test_ibis_write" name="test_upsert_selective_update_columns" time="6.450" /><testcase classname="tests.storage.test_schema_roundtrip" name="test_behavioral_coverage_round_trip" time="0.089" /><testcase classname="tests.storage.test_docs_views" name="test_subsystem_coverage_view_prefers_cache" time="11.077" /><testcase classname="tests.storage.test_run_registry.TestRecordStep" name="test_record_step_replaces_existing" time="3.291" /><testcase classname="tests.storage.test_run_registry.TestStartAndCompleteStep" name="test_start_step_creates_running_record" time="3.213" /><testcase classname="tests.storage.test_module_index" name="test_load_module_map_normalizes_path_with_leading_slash" time="3.328" /><testcase classname="tests.storage.test_run_registry.TestMultipleSteps" name="test_run_with_multiple_steps" time="3.220" /><testcase classname="tests.storage.test_ibis_write" name="test_write_dataframe_basic" time="6.298" /><testcase classname="tests.storage.test_run_tracking" name="test_fetch_steps_orders_by_module_stage_name" time="3.256" /><testcase classname="tests.storage.test_gateway_factory" name="test_open_gateway_creates_tables" time="3.804" /><testcase classname="tests.storage.test_run_registry_integration.TestGatewayRunsApi" name="test_start_and_fetch_run_with_gateway" time="3.344" /><testcase classname="tests.storage.test_run_registry_integration.TestGatewayRunsApi" name="test_record_steps_with_gateway" time="3.201" /><testcase classname="tests.storage.test_ibis_write" name="test_write_dataframe_with_columns" time="6.655" /><testcase classname="tests.storage.test_run_registry_integration.TestNewRunContextIntegration" name="test_new_run_context_for_graphs" time="3.348" /><testcase classname="tests.storage.test_run_registry_integration.TestNewRunContextIntegration" name="test_new_run_context_for_ingest" time="3.596" /><testcase classname="tests.storage.test_run_registry_integration.TestFullRunLifecycle" name="test_multi_engine_run_lifecycle" time="3.311" /><testcase classname="tests.storage.test_gateway_accessors" name="test_docs_views_function_profile_returns_relation" time="3.321" /><testcase classname="tests.storage.test_schema_helpers" name="test_json_schema_from_typeddict_round_trip" time="0.001" /><testcase classname="tests.storage.test_ibis_write" name="test_upsert_updates_on_conflict" time="6.492" /><testcase classname="tests.storage.test_run_tracking" name="test_complete_run_updates_status" time="3.214" /><testcase classname="tests.storage.test_run_tracking" name="test_pipeline_run_record_stores_fields" time="0.001" /><testcase classname="tests.storage.test_schema_helpers" name="test_apply_all_schemas_creates_function_validation" time="3.508" /><testcase classname="tests.storage.test_schema_roundtrip" name="test_call_graph_edge_round_trip" time="0.445" /><testcase classname="tests.storage.test_insert_helpers" name="test_insert_rows_normalizes_mapping" time="4.081" /><testcase classname="tests.storage.test_schema_helpers" name="test_build_validator_accepts_mapping" time="0.001" /><testcase classname="tests.storage.test_module_index" name="test_load_module_map_filters_by_language" time="3.961" /><testcase classname="tests.storage.test_schema_roundtrip" name="test_symbol_use_round_trip" time="0.401" /><testcase classname="tests.storage.tracking.test_build_tracking.TestOutputManifestOperations" name="test_save_and_load_manifest" time="3.579" /><testcase classname="tests.storage.test_run_registry_integration.TestFullRunLifecycle" name="test_failed_run_lifecycle" time="4.064" /><testcase classname="tests.storage.test_schema_helpers" name="test_validate_row_with_schema_passes_valid_data" time="0.002" /><testcase classname="tests.storage.test_run_tracking" name="test_fetch_run_returns_record" time="3.190" /><testcase classname="tests.storage.test_run_tracking" name="test_start_run_inserts_record" time="3.891" /><testcase classname="tests.storage.test_schema_alignment" name="test_create_schemas_creates_all_namespaces" time="3.708" /><testcase classname="tests.storage.test_run_tracking" name="test_start_step_returns_timestamp" time="3.082" /><testcase classname="tests.storage.test_run_tracking" name="test_complete_run_with_error_summary" time="3.388" /><testcase classname="tests.storage.test_run_tracking" name="test_record_step_inserts_step" time="3.299" /><testcase classname="tests.storage.test_ibis_write" name="test_write_unqualified_table_key_raises" time="6.516" /><testcase classname="tests.storage.tracking.test_build_tracking.TestBuildRunOperations" name="test_fetch_nonexistent_run" time="3.707" /><testcase classname="tests.storage.test_run_registry.TestStartAndCompleteStep" name="test_complete_step_updates_record" time="3.426" /><testcase classname="tests.storage.test_run_registry.TestStartAndFetchRun" name="test_start_run_replaces_existing" time="3.986" /><testcase classname="tests.storage.test_run_tracking" name="test_complete_step_updates_step" time="3.131" /><testcase classname="tests.storage.test_run_tracking" name="test_fetch_run_returns_none_for_missing" time="3.822" /><testcase classname="tests.storage.test_run_registry.TestStartAndFetchRun" name="test_start_run_creates_record" time="4.039" /><testcase classname="tests.storage.test_module_index" name="test_load_module_map_returns_normalized_paths" time="3.497" /><testcase classname="tests.storage.test_ibis_write" name="test_write_tuples_empty" time="6.305" /><testcase classname="tests.storage.test_run_tracking" name="test_record_step_with_none_row_counts" time="3.227" /><testcase classname="tests.storage.test_schema_alignment" name="test_ensure_schemas_preserve_with_extra_ddl" time="3.455" /><testcase classname="tests.storage.test_gateway_helpers" name="test_insert_helpers_write_expected_rows" time="8.306" /><testcase classname="tests.storage.test_run_registry_integration.TestGatewayRunsApi" name="test_complete_run_with_gateway" time="3.473" /><testcase classname="tests.storage.test_schema_alignment" name="test_ensure_schemas_preserve_creates_tables_idempotently" time="3.729" /><testcase classname="tests.storage.test_schema_alignment" name="test_assert_schema_alignment_detects_drift_nonstrict" time="3.505" /><testcase classname="tests.storage.test_schema_roundtrip" name="test_generate_export_schemas_writes_files" time="3.264" /><testcase classname="tests.storage.tracking.test_build_tracking.TestOutputManifestOperations" name="test_load_nonexistent_manifest" time="2.704" /><testcase classname="tests.storage.tracking.test_build_tracking.TestBuildRunOperations" name="test_list_runs_with_limit" time="2.687" /><testcase classname="tests.storage.tracking.test_build_tracking.TestOutputManifestOperations" name="test_upsert_manifest" time="2.721" /><testcase classname="tests.storage.test_subsystem_view_schema_drift" name="test_subsystem_docs_views_schema_stable" time="2.739" /><testcase classname="tests.storage.test_run_tracking" name="test_fetch_steps_returns_list" time="2.655" /><testcase classname="tests.storage.tracking.test_build_tracking.TestBuildRunOperations" name="test_list_runs" time="2.791" /><testcase classname="tests.storage.tracking.test_build_tracking.TestBuildRunOperations" name="test_complete_run_succeeded" time="2.605" /><testcase classname="tests.storage.tracking.test_build_tracking.TestOutputManifestOperations" name="test_list_manifests" time="2.513" /><testcase classname="tests.storage.tracking.test_build_tracking.TestOutputManifestOperations" name="test_delete_manifests" time="2.575" /><testcase classname="tests.storage.tracking.test_build_tracking.TestBuildRunOperations" name="test_complete_run_failed" time="2.495" /><testcase classname="tests.storage.tracking.test_build_tracking.TestBuildRunOperations" name="test_start_and_fetch_run" time="2.532" /><testcase classname="tests.storage.test_schema_alignment" name="test_apply_and_validate_schema_alignment" time="2.472" /><testcase classname="tests.storage.test_docs_view_profiling" name="test_run_profile_analyze_mode_creates_artifacts" time="14.853" /><testcase classname="tests.storage.test_ibis_write" name="test_upsert_insert_new_rows" time="3.302" /></testsuite></testsuites>