<?xml version="1.0" encoding="utf-8"?><testsuites name="pytest tests"><testsuite name="pytest" errors="0" failures="0" skipped="0" tests="2" time="34.051" timestamp="2025-12-24T22:53:15.627137-06:00" hostname="MacBookPro.lan"><testcase classname="tests.ingestion.test_scip_ingest_result" name="test_scip_ingest_parses_explicit_index_path" time="12.153" /><testcase classname="tests.ingestion.test_scip_ingest_result" name="test_scip_ingest_skips_when_run_skipped" time="12.077" /></testsuite></testsuites>