<?xml version="1.0" encoding="utf-8"?><testsuites name="pytest tests"><testsuite name="pytest" errors="0" failures="0" skipped="0" tests="58" time="20.130" timestamp="2025-12-04T12:53:57.270212-05:00" hostname="paul-X870-AORUS-ELITE-WIFI7"><testcase classname="tests.docs_export.test_export_defaults" name="test_schema_files_match_contract" time="0.002" /><testcase classname="tests.docs_export.test_mkdocs_generation" name="test_slugify_special_chars[Test (example)-test-example]" time="0.002" /><testcase classname="tests.docs_export.test_export_defaults" name="test_default_validation_schemas_match_dataset_contract" time="0.001" /><testcase classname="tests.docs_export.test_export_validation_flag" name="test_docs_export_validation_flag_triggers_schema_check" time="9.479" /><testcase classname="tests.docs_export.test_mkdocs_generation" name="test_slugify_basic[Hello World-hello-world]" time="0.002" /><testcase classname="tests.docs_export.test_mkdocs_generation" name="test_heading_equality" time="0.000" /><testcase classname="tests.docs_export.test_mkdocs_generation" name="test_slugify_special_chars[Hello &amp; World-hello-world]" time="0.002" /><testcase classname="tests.docs_export.test_validate_exports" name="test_docs_export_views_exist" time="6.363" /><testcase classname="tests.docs_export.test_mkdocs_generation" name="test_slugify_basic[Simple-simple]" time="0.002" /><testcase classname="tests.docs_export.test_mkdocs_generation" name="test_main_function_creates_file" time="0.002" /><testcase classname="tests.docs_export.test_mkdocs_generation" name="test_extract_headings_all_levels" time="0.002" /><testcase classname="tests.docs_export.test_mkdocs_generation" name="test_slugify_basic[Architecture Overview-architecture-overview]" time="0.002" /><testcase classname="tests.docs_export.test_mkdocs_generation" name="test_build_with_real_docs" time="0.004" /><testcase classname="tests.docs_export.test_export_edge_columns" name="test_call_graph_edges_export_includes_repo_commit" time="2.066" /><testcase classname="tests.docs_export.test_mkdocs_generation" name="test_slugify_basic[multiple   spaces-multiple-spaces]" time="0.002" /><testcase classname="tests.docs_export.test_validate_exports" name="test_validate_jsonl_happy_path" time="0.003" /><testcase classname="tests.docs_export.test_export_validation_models" name="test_data_model_field_schema_validates_fixture" time="0.004" /><testcase classname="tests.docs_export.test_mkdocs_generation" name="test_extract_headings_code_fence_skip" time="0.001" /><testcase classname="tests.docs_export.test_mkdocs_generation" name="test_slugify_leading_trailing_hyphens" time="0.001" /><testcase classname="tests.docs_export.test_export_edge_columns" name="test_import_graph_edges_export_includes_repo_commit" time="2.120" /><testcase classname="tests.docs_export.test_mkdocs_generation" name="test_extract_headings_tilde_fence" time="0.001" /><testcase classname="tests.docs_export.test_mkdocs_generation" name="test_slugify_special_chars[Path/To/File-pathtofile]" time="0.002" /><testcase classname="tests.docs_export.test_validate_exports" name="test_export_logs_problem_detail_on_validation_failure" time="7.466" /><testcase classname="tests.docs_export.test_mkdocs_generation" name="test_build_combined_markdown_anchors_valid" time="0.002" /><testcase classname="tests.docs_export.test_mkdocs_generation" name="test_slugify_special_chars[Code: Example-code-example]" time="0.002" /><testcase classname="tests.docs_export.test_mkdocs_generation" name="test_slugify_whitespace_only" time="0.001" /><testcase classname="tests.docs_export.test_mkdocs_generation" name="test_slugify_basic[UPPERCASE-uppercase]" time="0.002" /><testcase classname="tests.docs_export.test_validate_exports" name="test_validate_jsonl_failure" time="0.011" /><testcase classname="tests.docs_export.test_mkdocs_generation" name="test_slugify_empty" time="0.001" /><testcase classname="tests.docs_export.test_export_validation_models" name="test_data_model_relationship_schema_validates_fixture" time="0.004" /><testcase classname="tests.docs_export.test_mkdocs_generation" name="test_build_combined_markdown_empty_raises" time="0.004" /><testcase classname="tests.docs_export.test_mkdocs_generation" name="test_slugify_special_chars[100% Complete-100-complete]" time="0.002" /><testcase classname="tests.docs_export.test_validate_exports" name="test_export_raises_on_validation_failure" time="7.442" /><testcase classname="tests.docs_export.test_export_runner" name="test_run_validated_exports_invokes_validator_before_exports" time="7.426" /><testcase classname="tests.docs_export.test_export_smoke" name="test_export_validation_passes_on_minimal_data" time="2.178" /><testcase classname="tests.docs_export.test_export_smoke" name="test_export_subset_validates_dataset_names" time="2.070" /><testcase classname="tests.docs_export.test_export_smoke" name="test_export_all_writes_expected_files" time="2.817" /><testcase classname="tests.docs_export.test_export_smoke" name="test_export_subset_by_dataset_name" time="2.614" /><testcase classname="tests.docs_export.test_export_smoke" name="test_export_helpers_resolve_dataset_names" time="2.235" /><testcase classname="tests.docs_export.test_export_smoke" name="test_export_validation_runs_against_registry" time="1.629" /><testcase classname="tests.docs_export.test_mkdocs_generation" name="test_build_combined_markdown_toc_nesting" time="0.002" /><testcase classname="tests.docs_export.test_mkdocs_generation" name="test_extract_headings_trailing_hashes" time="0.001" /><testcase classname="tests.docs_export.test_mkdocs_generation" name="test_read_combined_body_preserves_content" time="0.001" /><testcase classname="tests.docs_export.test_mkdocs_generation" name="test_extract_headings_line_indices" time="0.001" /><testcase classname="tests.docs_export.test_mkdocs_generation" name="test_read_combined_body_missing_file" time="0.004" /><testcase classname="tests.docs_export.test_mkdocs_generation" name="test_build_combined_markdown_structure" time="0.002" /><testcase classname="tests.docs_export.test_mkdocs_generation" name="test_read_combined_body_all_missing" time="0.003" /><testcase classname="tests.docs_export.test_mkdocs_generation" name="test_read_combined_body_multiple_files" time="0.001" /><testcase classname="tests.docs_export.test_graph_validation_export" name="test_graph_validation_export" time="8.472" /><testcase classname="tests.docs_export.test_function_validation_export" name="test_function_validation_export" time="7.489" /><testcase classname="tests.docs_export.test_export_parity" name="test_export_mappings_registered_with_dataset_registry" time="7.425" /><testcase classname="tests.docs_export.test_export_parity" name="test_export_mappings_cover_required_tables" time="7.432" /><testcase classname="tests.docs_export.test_mkdocs_generation" name="test_extract_headings_no_headings" time="0.001" /><testcase classname="tests.docs_export.test_mkdocs_generation" name="test_read_combined_body_single_file" time="0.001" /><testcase classname="tests.docs_export.test_mkdocs_generation" name="test_extract_headings_empty_lines" time="0.001" /><testcase classname="tests.docs_export.test_mkdocs_generation" name="test_build_combined_markdown_code_fences_preserved" time="0.001" /><testcase classname="tests.docs_export.test_mkdocs_generation" name="test_heading_frozen" time="0.000" /><testcase classname="tests.docs_export.test_mkdocs_generation" name="test_build_combined_markdown_line_numbers" time="0.001" /></testsuite></testsuites>