<?xml version="1.0" encoding="utf-8"?><testsuites name="pytest tests"><testsuite name="pytest" errors="0" failures="0" skipped="0" tests="2" time="8.414" timestamp="2025-12-10T06:33:11.099069-05:00" hostname="paul-X870-AORUS-ELITE-WIFI7"><testcase classname="tests.analytics.plugins.test_entrypoints_plugin" name="test_entrypoints_plugin_requires_catalog" time="0.966" /><testcase classname="tests.analytics.plugins.test_entrypoints_plugin" name="test_entrypoints_plugin_handles_empty_features" time="0.982" /></testsuite></testsuites>