<?xml version="1.0" encoding="utf-8"?><testsuites name="pytest tests"><testsuite name="pytest" errors="0" failures="1" skipped="0" tests="1" time="6.878" timestamp="2025-12-16T00:57:10.943347-05:00" hostname="paul-X870-AORUS-ELITE-WIFI7"><testcase classname="tests.test_testing_contract" name="test_testing_charter_forbidden_patterns" time="0.106"><failure message="AssertionError: Testing charter violations detected:&#10;monkeypatch: /home/paul/CodeIntel/tests/build/hamilton/adapters/test_parallel.py&#10;monkeypatch: /home/paul/CodeIntel/tests/build/hamilton/hooks/test_lifecycle.py&#10;private-import: /home/paul/CodeIntel/tests/build/hamilton/native/analytics/test_parity.py&#10;private-import: /home/paul/CodeIntel/tests/build/hamilton/native/export/test_parity.py&#10;unittest.mock: /home/paul/CodeIntel/tests/build/hamilton/validators/test_migration.py&#10;unittest.mock: /home/paul/CodeIntel/tests/build/hamilton/validators/test_validation_poc.py">def test_testing_charter_forbidden_patterns() -&gt; None:
        """
        Fail fast when tests use forbidden patching or path hacks.
    
        Enforces the charter: no monkeypatching/runtime patching, no sys.path edits,
        and no imports of underscore-prefixed production symbols from tests.
    
        Raises
        ------
        AssertionError
            If any forbidden pattern is detected in the test suite.
        """
        violations: list[str] = []
        for path in _iter_test_files():
            content = path.read_text(encoding="utf-8")
            for label, pattern in FORBIDDEN_PATTERNS.items():
                if pattern.search(content):
                    violations.append(f"{label}: {path}")
        if violations:
            message = "Testing charter violations detected:\n" + "\n".join(sorted(violations))
&gt;           raise AssertionError(message)
E           AssertionError: Testing charter violations detected:
E           monkeypatch: /home/paul/CodeIntel/tests/build/hamilton/adapters/test_parallel.py
E           monkeypatch: /home/paul/CodeIntel/tests/build/hamilton/hooks/test_lifecycle.py
E           private-import: /home/paul/CodeIntel/tests/build/hamilton/native/analytics/test_parity.py
E           private-import: /home/paul/CodeIntel/tests/build/hamilton/native/export/test_parity.py
E           unittest.mock: /home/paul/CodeIntel/tests/build/hamilton/validators/test_migration.py
E           unittest.mock: /home/paul/CodeIntel/tests/build/hamilton/validators/test_validation_poc.py

tests/test_testing_contract.py:61: AssertionError</failure></testcase></testsuite></testsuites>