<?xml version="1.0" encoding="utf-8"?><testsuites name="pytest tests"><testsuite name="pytest" errors="0" failures="0" skipped="0" tests="7" time="14.223" timestamp="2025-12-13T10:10:14.130976-05:00" hostname="paul-X870-AORUS-ELITE-WIFI7"><testcase classname="tests.build.test_plugin_registry_plugins" name="test_missing_plugin_error_lists_available" time="0.002" /><testcase classname="tests.build.test_plugin_registry_plugins" name="test_get_all_plugins_returns_copy" time="0.001" /><testcase classname="tests.build.test_plugin_registry_plugins" name="test_lazy_registration_handles_attribute_error" time="0.002" /><testcase classname="tests.build.test_plugin_registry_plugins" name="test_registry_store_clear" time="0.001" /><testcase classname="tests.build.test_plugin_registry_plugins" name="test_lazy_registration_handles_import_error" time="0.002" /><testcase classname="tests.build.test_plugin_registry_plugins" name="test_duplicate_registration_logs_warning" time="0.002" /><testcase classname="tests.build.test_plugin_registry_plugins" name="test_register_and_get_plugin" time="0.001" /></testsuite></testsuites>