<?xml version="1.0" encoding="utf-8"?><testsuites name="pytest tests"><testsuite name="pytest" errors="0" failures="0" skipped="0" tests="25" time="8.992" timestamp="2025-12-03T08:27:21.332496-05:00" hostname="paul-X870-AORUS-ELITE-WIFI7"><testcase classname="tests.serving.test_observability" name="test_service_call_metrics_all_fields" time="0.001" /><testcase classname="tests.serving.test_observability" name="test_service_call_metrics_external_transport" time="0.001" /><testcase classname="tests.serving.test_observability" name="test_service_call_context_with_values" time="0.001" /><testcase classname="tests.serving.test_observability" name="test_service_observability_record_context_enrichment" time="0.001" /><testcase classname="tests.test_layering_serving_imports" name="test_no_serving_imports_in_middle_packages" time="0.719" /><testcase classname="tests.serving.test_observability" name="test_service_observability_record_logger_not_enabled" time="0.001" /><testcase classname="tests.serving.test_observability" name="test_service_observability_record_when_disabled" time="0.001" /><testcase classname="tests.serving.test_observability" name="test_service_observability_record_all_optional_fields" time="0.001" /><testcase classname="tests.serving.test_observability" name="test_service_observability_record_metric_overrides_context" time="0.001" /><testcase classname="tests.serving.test_observability" name="test_service_observability_record_when_enabled" time="0.001" /><testcase classname="tests.serving.test_observability" name="test_service_call_metrics_with_error" time="0.001" /><testcase classname="tests.serving.test_observability" name="test_service_observability_record_with_context" time="0.001" /><testcase classname="tests.test_layering_serving_imports" name="test_no_pipeline_imports_in_middle_packages" time="0.804" /><testcase classname="tests.serving.test_observability" name="test_service_observability_record_excludes_none_values" time="0.001" /><testcase classname="tests.serving.test_observability" name="test_service_observability_record_rounds_duration" time="0.001" /><testcase classname="tests.serving.test_observability" name="test_service_observability_enabled" time="0.001" /><testcase classname="tests.serving.test_observability" name="test_service_observability_record_with_error" time="0.001" /><testcase classname="tests.serving.test_observability" name="test_service_call_metrics_optional_fields_none" time="0.001" /><testcase classname="tests.serving.test_observability" name="test_service_call_metrics_required_fields" time="0.001" /><testcase classname="tests.serving.test_observability" name="test_service_call_metrics_repo_commit_fields" time="0.001" /><testcase classname="tests.serving.test_observability" name="test_service_observability_record_merges_context_values" time="0.001" /><testcase classname="tests.serving.test_observability" name="test_service_call_context_defaults" time="0.001" /><testcase classname="tests.serving.test_observability" name="test_service_observability_disabled_by_default" time="0.001" /><testcase classname="tests.serving.test_observability" name="test_service_observability_default_logger" time="0.001" /><testcase classname="tests.serving.test_observability" name="test_service_observability_custom_logger" time="0.001" /></testsuite></testsuites>