<?xml version="1.0" encoding="utf-8"?><testsuites name="pytest tests"><testsuite name="pytest" errors="0" failures="1" skipped="0" tests="1" time="31.983" timestamp="2025-12-11T04:00:41.807188-05:00" hostname="paul-X870-AORUS-ELITE-WIFI7"><testcase classname="tests.cli.handlers.test_subsystem" name="test_subsystem_list_handler_returns_ok_with_subsystems" time="12.503"><failure message="AssertionError: Expected 'mock' to be called once. Called 0 times.">architecture_service_context = ProvisionedServiceContext(context=ServiceContext(gateway=DuckDBGateway(config=StorageConfig(db_path=PosixPath('/tmp/py...services.query (WARNING)&gt;)), _factory=&lt;function build_provisioned_service_context.&lt;locals&gt;._factory at 0x7d47b2751620&gt;)
command_context_factory = &lt;function command_context_factory.&lt;locals&gt;._build at 0x7d47b260b600&gt;

    def test_subsystem_list_handler_returns_ok_with_subsystems(
        architecture_service_context: ProvisionedServiceContext,
        command_context_factory: CommandContextFactory,
    ) -&gt; None:
        """Handler returns success result with subsystem list."""
        mock_response = SubsystemSummaryResponse(
            subsystems=[
                SubsystemSummaryRow(
                    repo=TEST_REPO,
                    commit=TEST_COMMIT,
                    subsystem_id="core",
                    name="Core",
                    description="Core components",
                    module_count=10,
                ),
            ],
            meta=ResponseMeta(),
        )
    
        ctx_params: dict[str, object] = {"repo": TEST_REPO, "commit": TEST_COMMIT}
        backend = architecture_service_context.backend
        backend.list_subsystems = MagicMock(return_value=mock_response)  # type: ignore[attr-defined]
    
        with command_context_factory(ctx_params) as ctx:
            result = subsystem_list_handler(ctx)
    
&gt;       backend.list_subsystems.assert_called_once_with(limit=0, role=None, q=None)

tests/cli/handlers/test_subsystem.py:74: 
_ _ _ _ _ _ _ _ _ _ _ _ _ _ _ _ _ _ _ _ _ _ _ _ _ _ _ _ _ _ _ _ _ _ _ _ _ _ _ _ 

self = &lt;MagicMock id='137749576996512'&gt;, args = ()
kwargs = {'limit': 0, 'q': None, 'role': None}
msg = "Expected 'mock' to be called once. Called 0 times."

    def assert_called_once_with(self, /, *args, **kwargs):
        """assert that the mock was called exactly once and that that call was
        with the specified arguments."""
        if not self.call_count == 1:
            msg = ("Expected '%s' to be called once. Called %s times.%s"
                   % (self._mock_name or 'mock',
                      self.call_count,
                      self._calls_repr()))
&gt;           raise AssertionError(msg)
E           AssertionError: Expected 'mock' to be called once. Called 0 times.

../.local/share/uv/python/cpython-3.13.9-linux-x86_64-gnu/lib/python3.13/unittest/mock.py:990: AssertionError</failure></testcase></testsuite></testsuites>