<?xml version="1.0" encoding="utf-8"?><testsuites name="pytest tests"><testsuite name="pytest" errors="0" failures="0" skipped="23" tests="162" time="29.478" timestamp="2025-12-08T13:20:16.594348-05:00" hostname="paul-X870-AORUS-ELITE-WIFI7"><testcase classname="tests.serving.mcp.test_mcp_architecture_tools" name="test_graph_plugin_plan_basic" time="0.014" /><testcase classname="tests.serving.mcp.test_mcp_architecture_tools" name="test_graph_plugin_plan_disable_dependency_override" time="0.012" /><testcase classname="tests.serving.mcp.test_mcp_architecture_tools" name="test_graph_plugin_plan_with_disable" time="0.011" /><testcase classname="tests.serving.mcp.test_mcp_architecture_tools" name="test_graph_plugin_plan_auto_includes_dependencies" time="0.013" /><testcase classname="tests.serving.mcp.test_mcp_architecture_tools" name="test_graph_plugin_plan_with_enable" time="0.001" /><testcase classname="tests.serving.mcp.test_mcp_architecture_tools" name="test_graph_plugin_plan_with_names" time="0.001" /><testcase classname="tests.serving.mcp.test_mcp_architecture_tools" name="test_graph_plugin_plan_disable_dependency_errors" time="0.001" /><testcase classname="tests.serving.mcp.test_mcp_backend_comprehensive" name="test_duckdb_backend_creation" time="3.234" /><testcase classname="tests.serving.mcp.test_mcp_backend_comprehensive" name="test_duckdb_backend_get_module_profile" time="3.283" /><testcase classname="tests.serving.mcp.test_mcp_backend_comprehensive" name="test_duckdb_backend_get_module_architecture" time="3.309" /><testcase classname="tests.serving.mcp.test_mcp_architecture_tools" name="test_register_architecture_tools_service_with_repo_info" time="3.345" /><testcase classname="tests.serving.mcp.test_mcp_architecture_tools" name="test_backend_search_subsystems_with_limit" time="3.345" /><testcase classname="tests.serving.mcp.test_mcp_backend_comprehensive" name="test_duckdb_backend_with_custom_limits" time="3.377" /><testcase classname="tests.serving.mcp.test_mcp_architecture_tools" name="test_backend_list_subsystems_via_tools" time="3.393" /><testcase classname="tests.serving.mcp.test_mcp_architecture_tools" name="test_backend_list_subsystems_with_role" time="3.400" /><testcase classname="tests.serving.mcp.test_mcp_backend_comprehensive" name="test_duckdb_backend_list_datasets" time="3.401" /><testcase classname="tests.serving.mcp.test_mcp_backend_comprehensive" name="test_duckdb_backend_get_tests_for_function" time="3.425"><skipped type="pytest.skip" message="No goids available in test data">/home/paul/CodeIntel/tests/serving/mcp/test_mcp_backend_comprehensive.py:632: No goids available in test data</skipped></testcase><testcase classname="tests.serving.mcp.test_mcp_backend_comprehensive" name="test_duckdb_backend_get_function_summary" time="3.448"><skipped type="pytest.skip" message="No goids available in test data">/home/paul/CodeIntel/tests/serving/mcp/test_mcp_backend_comprehensive.py:471: No goids available in test data</skipped></testcase><testcase classname="tests.serving.mcp.test_mcp_backend_comprehensive" name="test_duckdb_backend_service_attribute" time="3.450" /><testcase classname="tests.serving.mcp.test_mcp_backend_comprehensive" name="test_duckdb_backend_list_high_risk_functions" time="3.463" /><testcase classname="tests.serving.mcp.test_mcp_architecture_tools" name="test_register_architecture_tools_with_local_query_service" time="3.500" /><testcase classname="tests.serving.mcp.test_mcp_backend_comprehensive" name="test_duckdb_backend_get_function_profile" time="3.471"><skipped type="pytest.skip" message="No goids available in test data">/home/paul/CodeIntel/tests/serving/mcp/test_mcp_backend_comprehensive.py:719: No goids available in test data</skipped></testcase><testcase classname="tests.serving.mcp.test_mcp_backend_comprehensive" name="test_duckdb_backend_get_callgraph_neighbors_direction_in" time="3.481"><skipped type="pytest.skip" message="No goids available in test data">/home/paul/CodeIntel/tests/serving/mcp/test_mcp_backend_comprehensive.py:553: No goids available in test data</skipped></testcase><testcase classname="tests.serving.mcp.test_mcp_backend_comprehensive" name="test_callgraph_neighbors_direction_outgoing" time="3.485"><skipped type="pytest.skip" message="No goids available in test data">/home/paul/CodeIntel/tests/serving/mcp/test_mcp_backend_comprehensive.py:1131: No goids available in test data</skipped></testcase><testcase classname="tests.serving.mcp.test_mcp_backend_comprehensive" name="test_duckdb_backend_read_dataset_rows" time="3.474" /><testcase classname="tests.serving.mcp.test_mcp_architecture_tools" name="test_backend_get_file_hints_via_tools" time="3.513" /><testcase classname="tests.serving.mcp.test_mcp_architecture_tools" name="test_register_architecture_tools_success" time="3.551" /><testcase classname="tests.serving.mcp.test_mcp_backend_comprehensive" name="test_duckdb_backend_get_tests_for_function_missing_identifier" time="3.501" /><testcase classname="tests.serving.mcp.test_mcp_backend_comprehensive" name="test_duckdb_backend_get_import_boundary" time="3.556" /><testcase classname="tests.serving.mcp.test_mcp_architecture_tools" name="test_register_architecture_tools_remote_api_config" time="3.646" /><testcase classname="tests.serving.mcp.test_mcp_architecture_tools" name="test_register_architecture_tools_local_db_config" time="3.016" /><testcase classname="tests.serving.mcp.test_mcp_architecture_tools" name="test_backend_search_subsystems_with_role" time="3.072" /><testcase classname="tests.serving.mcp.test_mcp_backend_comprehensive" name="test_duckdb_backend_get_callgraph_neighbors_invalid_direction" time="3.220" /><testcase classname="tests.serving.mcp.test_mcp_architecture_tools" name="test_backend_search_subsystems_via_tools" time="3.123" /><testcase classname="tests.serving.mcp.test_mcp_backend_comprehensive" name="test_duckdb_backend_get_file_profile" time="3.057" /><testcase classname="tests.serving.mcp.test_mcp_architecture_tools" name="test_backend_list_subsystems_with_limit" time="3.145" /><testcase classname="tests.serving.mcp.test_mcp_dataset_tools" name="test_dataset_operations_have_required_fields" time="0.001" /><testcase classname="tests.serving.mcp.test_mcp_function_tools" name="test_function_tool_categories_contains_function" time="0.000" /><testcase classname="tests.serving.mcp.test_mcp_function_tools" name="test_function_operations_have_tool_name" time="0.001" /><testcase classname="tests.serving.mcp.test_mcp_function_tools" name="test_function_operations_have_backend_method" time="0.000" /><testcase classname="tests.serving.mcp.test_mcp_function_tools" name="test_function_operations_have_output_model" time="0.000" /><testcase classname="tests.serving.mcp.test_mcp_dataset_tools" name="test_iter_operations_yields_dataset_operations" time="0.001" /><testcase classname="tests.serving.mcp.test_mcp_backend_comprehensive" name="test_duckdb_backend_dataset_specs" time="3.153" /><testcase classname="tests.serving.mcp.test_mcp_backend_comprehensive" name="test_duckdb_backend_limits_attribute" time="3.173" /><testcase classname="tests.serving.mcp.test_mcp_architecture_tools" name="test_register_architecture_tools_with_config" time="3.111" /><testcase classname="tests.serving.mcp.test_mcp_backend_comprehensive" name="test_duckdb_backend_dataset_schema_nonexistent" time="3.094" /><testcase classname="tests.serving.mcp.test_mcp_backend_comprehensive" name="test_duckdb_backend_with_service" time="3.313" /><testcase classname="tests.serving.mcp.test_mcp_backend_comprehensive" name="test_duckdb_backend_get_function_architecture" time="3.415"><skipped type="pytest.skip" message="No goids available in test data">/home/paul/CodeIntel/tests/serving/mcp/test_mcp_backend_comprehensive.py:848: No goids available in test data</skipped></testcase><testcase classname="tests.serving.mcp.test_mcp_backend_comprehensive" name="test_duckdb_backend_list_high_risk_functions_with_tested_only" time="3.264" /><testcase classname="tests.serving.mcp.test_mcp_backend_comprehensive" name="test_duckdb_backend_get_file_summary" time="3.339" /><testcase classname="tests.serving.mcp.test_mcp_backend_comprehensive" name="test_duckdb_backend_get_callgraph_neighborhood" time="3.284"><skipped type="pytest.skip" message="No goids available in test data">/home/paul/CodeIntel/tests/serving/mcp/test_mcp_backend_comprehensive.py:592: No goids available in test data</skipped></testcase><testcase classname="tests.serving.mcp.test_mcp_architecture_tools" name="test_backend_get_module_subsystems_via_tools" time="3.268" /><testcase classname="tests.serving.mcp.test_mcp_backend_comprehensive" name="test_duckdb_backend_read_dataset_rows_nonexistent" time="3.277" /><testcase classname="tests.serving.mcp.test_mcp_backend_comprehensive" name="test_duckdb_backend_dataset_schema" time="3.279" /><testcase classname="tests.serving.mcp.test_mcp_architecture_tools" name="test_register_architecture_tools_different_servers" time="3.363" /><testcase classname="tests.serving.mcp.test_mcp_backend_comprehensive" name="test_duckdb_backend_get_callgraph_neighbors" time="3.349"><skipped type="pytest.skip" message="No goids available in test data">/home/paul/CodeIntel/tests/serving/mcp/test_mcp_backend_comprehensive.py:514: No goids available in test data</skipped></testcase><testcase classname="tests.serving.mcp.test_mcp_architecture_tools" name="test_register_architecture_tools_custom_limits" time="3.203" /><testcase classname="tests.serving.mcp.test_mcp_backend_comprehensive" name="test_duckdb_backend_get_function_summary_missing_identifier" time="3.336" /><testcase classname="tests.serving.mcp.test_mcp_backend_comprehensive" name="test_duckdb_backend_get_file_hints" time="9.026" /><testcase classname="tests.serving.mcp.test_mcp_architecture_tools" name="test_backend_get_function_architecture_via_tools" time="9.091" /><testcase classname="tests.serving.mcp.test_mcp_backend_comprehensive" name="test_duckdb_backend_list_subsystems" time="9.131" /><testcase classname="tests.serving.mcp.test_mcp_backend_comprehensive" name="test_duckdb_backend_summarize_subsystem" time="9.149"><skipped type="pytest.skip" message="No subsystems available in test data">/home/paul/CodeIntel/tests/serving/mcp/test_mcp_backend_comprehensive.py:1064: No subsystems available in test data</skipped></testcase><testcase classname="tests.serving.mcp.test_mcp_architecture_tools" name="test_backend_get_module_architecture_via_tools" time="9.192" /><testcase classname="tests.serving.mcp.test_mcp_backend_comprehensive" name="test_duckdb_backend_list_subsystems_with_query_filter" time="9.170" /><testcase classname="tests.serving.mcp.test_mcp_architecture_tools" name="test_backend_get_subsystem_modules_via_tools" time="9.224" /><testcase classname="tests.serving.mcp.test_mcp_architecture_tools" name="test_register_architecture_tools_with_architecture_gateway" time="9.300" /><testcase classname="tests.serving.mcp.test_mcp_dataset_tools" name="test_register_dataset_tools_with_service" time="3.231" /><testcase classname="tests.serving.mcp.test_mcp_function_tools" name="test_function_tool_categories_contains_functions" time="0.001" /><testcase classname="tests.serving.mcp.test_mcp_meta_tools" name="test_build_serving_dataflow_graph" time="0.002" /><testcase classname="tests.serving.mcp.test_mcp_meta_tools" name="test_iter_registry_operations" time="0.000" /><testcase classname="tests.serving.mcp.test_mcp_backend_comprehensive" name="test_build_backend_resource_local_db_mode" time="4.114" /><testcase classname="tests.serving.mcp.test_mcp_dataset_tools" name="test_register_dataset_tools_with_config" time="3.323" /><testcase classname="tests.serving.mcp.test_mcp_function_tools" name="test_backend_list_high_risk_functions" time="3.213" /><testcase classname="tests.serving.mcp.test_mcp_function_tools" name="test_function_tool_categories_contains_graph" time="0.001" /><testcase classname="tests.serving.mcp.test_mcp_dataset_tools" name="test_backend_with_custom_limits" time="3.071" /><testcase classname="tests.serving.mcp.test_mcp_dataset_tools" name="test_backend_read_dataset_rows_nonexistent_dataset" time="3.327" /><testcase classname="tests.serving.mcp.test_mcp_function_tools" name="test_iter_operations_yields_function_operations" time="0.001" /><testcase classname="tests.serving.mcp.test_mcp_profile_tools" name="test_get_operation_profiles_file" time="0.000" /><testcase classname="tests.serving.mcp.test_mcp_profile_tools" name="test_get_operation_profiles_module" time="0.000" /><testcase classname="tests.serving.mcp.test_mcp_profile_tools" name="test_profile_operations_have_backend_method" time="0.001" /><testcase classname="tests.serving.mcp.test_mcp_dataset_tools" name="test_backend_list_datasets" time="3.337" /><testcase classname="tests.serving.mcp.test_mcp_dataset_tools" name="test_local_query_service_as_backend" time="3.241" /><testcase classname="tests.serving.mcp.test_mcp_dataset_tools" name="test_backend_read_dataset_rows_with_offset" time="3.404" /><testcase classname="tests.serving.mcp.test_mcp_function_tools" name="test_backend_get_callgraph_neighbors" time="3.497"><skipped type="pytest.skip" message="No functions available">/home/paul/CodeIntel/tests/serving/mcp/test_mcp_function_tools.py:302: No functions available</skipped></testcase><testcase classname="tests.serving.mcp.test_mcp_function_tools" name="test_register_function_tools_with_config" time="3.395" /><testcase classname="tests.serving.mcp.test_mcp_dataset_tools" name="test_backend_dataset_schema" time="3.329" /><testcase classname="tests.serving.mcp.test_mcp_dataset_tools" name="test_backend_read_dataset_rows" time="3.265" /><testcase classname="tests.serving.mcp.test_mcp_dataset_tools" name="test_backend_dataset_specs_returns_pydantic_models" time="3.200" /><testcase classname="tests.serving.mcp.test_mcp_backend_comprehensive" name="test_serving_config_remote_api_missing_url_raises" time="3.379" /><testcase classname="tests.serving.mcp.test_mcp_function_tools" name="test_register_function_tools_success" time="3.323" /><testcase classname="tests.serving.mcp.test_mcp_dataset_tools" name="test_backend_list_datasets_returns_descriptors" time="3.289" /><testcase classname="tests.serving.mcp.test_mcp_function_tools" name="test_register_function_tools_with_service" time="3.521" /><testcase classname="tests.serving.mcp.test_mcp_dataset_tools" name="test_backend_dataset_specs" time="3.422" /><testcase classname="tests.serving.mcp.test_mcp_dataset_tools" name="test_register_dataset_tools_on_multiple_servers" time="3.538" /><testcase classname="tests.serving.mcp.test_mcp_dataset_tools" name="test_register_dataset_tools_preserves_backend_state" time="3.460" /><testcase classname="tests.serving.mcp.test_mcp_function_tools" name="test_register_function_tools_on_multiple_servers" time="3.449" /><testcase classname="tests.serving.mcp.test_mcp_function_tools" name="test_function_tool_categories_contains_files" time="0.001" /><testcase classname="tests.serving.mcp.test_mcp_architecture_tools" name="test_register_architecture_tools_different_backends" time="12.204" /><testcase classname="tests.serving.mcp.test_mcp_backend_comprehensive" name="test_duckdb_backend_get_module_subsystems" time="8.825" /><testcase classname="tests.serving.mcp.test_mcp_backend_comprehensive" name="test_callgraph_neighbors_direction_incoming" time="3.638"><skipped type="pytest.skip" message="No goids available in test data">/home/paul/CodeIntel/tests/serving/mcp/test_mcp_backend_comprehensive.py:1102: No goids available in test data</skipped></testcase><testcase classname="tests.serving.mcp.test_mcp_meta_tools" name="test_registered_tools_after_meta_registration" time="3.288" /><testcase classname="tests.serving.mcp.test_mcp_architecture_tools" name="test_register_architecture_tools_without_config" time="3.657" /><testcase classname="tests.serving.mcp.test_mcp_profile_tools" name="test_backend_get_function_profile" time="3.318"><skipped type="pytest.skip" message="No functions available">/home/paul/CodeIntel/tests/serving/mcp/test_mcp_profile_tools.py:221: No functions available</skipped></testcase><testcase classname="tests.serving.mcp.test_mcp_profile_tools" name="test_register_profile_tools_with_service" time="3.575" /><testcase classname="tests.serving.mcp.test_mcp_function_tools" name="test_function_summary_response_structure" time="3.481"><skipped type="pytest.skip" message="No functions available">/home/paul/CodeIntel/tests/serving/mcp/test_mcp_function_tools.py:596: No functions available</skipped></testcase><testcase classname="tests.serving.mcp.test_mcp_profile_tools" name="test_get_operation_profiles_function" time="0.001" /><testcase classname="tests.serving.mcp.test_mcp_function_tools" name="test_backend_get_function_summary" time="3.665"><skipped type="pytest.skip" message="No functions available">/home/paul/CodeIntel/tests/serving/mcp/test_mcp_function_tools.py:275: No functions available</skipped></testcase><testcase classname="tests.serving.mcp.test_mcp_function_tools" name="test_register_function_tools_preserves_backend_state" time="3.568" /><testcase classname="tests.serving.mcp.test_mcp_function_tools" name="test_backend_get_function_summary_not_found" time="3.755" /><testcase classname="tests.serving.mcp.test_mcp_meta_tools" name="test_register_meta_tools_with_service_directly" time="3.620" /><testcase classname="tests.serving.mcp.test_mcp_function_tools" name="test_backend_get_callgraph_neighborhood" time="3.640"><skipped type="pytest.skip" message="No functions available">/home/paul/CodeIntel/tests/serving/mcp/test_mcp_function_tools.py:331: No functions available</skipped></testcase><testcase classname="tests.serving.mcp.test_mcp_meta_tools" name="test_register_meta_tools_backend_with_service" time="3.645" /><testcase classname="tests.serving.mcp.test_mcp_meta_tools" name="test_register_meta_tools_different_backend" time="3.885" /><testcase classname="tests.serving.mcp.test_mcp_function_tools" name="test_backend_get_callgraph_neighbors_outgoing" time="3.828"><skipped type="pytest.skip" message="No functions available">/home/paul/CodeIntel/tests/serving/mcp/test_mcp_function_tools.py:542: No functions available</skipped></testcase><testcase classname="tests.serving.mcp.test_mcp_function_tools" name="test_backend_get_callgraph_neighbors_not_found" time="3.883" /><testcase classname="tests.serving.mcp.test_mcp_meta_tools" name="test_register_meta_tools_different_servers" time="3.837" /><testcase classname="tests.serving.mcp.test_mcp_function_tools" name="test_backend_get_callgraph_neighbors_incoming" time="3.852"><skipped type="pytest.skip" message="No functions available">/home/paul/CodeIntel/tests/serving/mcp/test_mcp_function_tools.py:513: No functions available</skipped></testcase><testcase classname="tests.serving.mcp.test_mcp_meta_tools" name="test_register_meta_tools_backend_with_limits" time="3.682" /><testcase classname="tests.serving.mcp.test_mcp_meta_tools" name="test_register_meta_tools_with_local_query_service" time="3.860" /><testcase classname="tests.serving.mcp.test_mcp_function_tools" name="test_high_risk_functions_response_structure" time="3.787" /><testcase classname="tests.serving.mcp.test_mcp_server" name="test_create_mcp_server_with_custom_tools_registration" time="4.671" /><testcase classname="tests.serving.mcp.test_mcp_function_tools" name="test_backend_with_custom_limits" time="3.849" /><testcase classname="tests.serving.mcp.test_mcp_function_tools" name="test_local_query_service_as_backend" time="3.851" /><testcase classname="tests.serving.mcp.test_mcp_meta_tools" name="test_register_meta_tools_success" time="3.877" /><testcase classname="tests.serving.mcp.test_mcp_server" name="test_create_mcp_server_local_db_requires_gateway" time="0.001" /><testcase classname="tests.serving.mcp.test_mcp_architecture_tools" name="test_register_architecture_tools_duckdb_backend" time="3.691" /><testcase classname="tests.serving.mcp.test_mcp_dataset_tools" name="test_register_dataset_tools_success" time="3.917" /><testcase classname="tests.serving.mcp.test_mcp_meta_tools" name="test_build_dataset_meta" time="3.349" /><testcase classname="tests.serving.mcp.test_mcp_profile_tools" name="test_register_profile_tools_success" time="3.519" /><testcase classname="tests.serving.mcp.test_mcp_profile_tools" name="test_backend_get_file_profile" time="3.320"><skipped type="pytest.skip" message="No functions available">/home/paul/CodeIntel/tests/serving/mcp/test_mcp_profile_tools.py:248: No functions available</skipped></testcase><testcase classname="tests.serving.mcp.test_mcp_meta_tools" name="test_backend_list_datasets" time="3.826" /><testcase classname="tests.serving.mcp.test_mcp_profile_tools" name="test_register_profile_tools_on_multiple_servers" time="3.546" /><testcase classname="tests.serving.mcp.test_mcp_profile_tools" name="test_function_profile_response_structure" time="3.514"><skipped type="pytest.skip" message="No functions available">/home/paul/CodeIntel/tests/serving/mcp/test_mcp_profile_tools.py:467: No functions available</skipped></testcase><testcase classname="tests.serving.mcp.test_mcp_profile_tools" name="test_register_profile_tools_preserves_backend_state" time="3.545" /><testcase classname="tests.serving.mcp.test_mcp_profile_tools" name="test_register_profile_tools_with_config" time="3.839" /><testcase classname="tests.serving.mcp.test_mcp_profile_tools" name="test_backend_get_module_profile" time="3.635"><skipped type="pytest.skip" message="No functions available">/home/paul/CodeIntel/tests/serving/mcp/test_mcp_profile_tools.py:275: No functions available</skipped></testcase><testcase classname="tests.serving.mcp.test_mcp_profile_tools" name="test_backend_get_function_profile_not_found" time="3.482" /><testcase classname="tests.serving.mcp.test_mcp_profile_tools" name="test_backend_get_module_profile_not_found" time="3.813" /><testcase classname="tests.serving.mcp.test_mcp_server" name="test_create_mcp_server_with_custom_backend_factory" time="3.628" /><testcase classname="tests.serving.mcp.test_mcp_profile_tools" name="test_module_profile_response_structure" time="3.590"><skipped type="pytest.skip" message="No functions available">/home/paul/CodeIntel/tests/serving/mcp/test_mcp_profile_tools.py:527: No functions available</skipped></testcase><testcase classname="tests.serving.mcp.test_mcp_profile_tools" name="test_local_query_service_as_backend" time="3.848" /><testcase classname="tests.serving.mcp.test_mcp_profile_tools" name="test_backend_get_file_profile_not_found" time="3.641" /><testcase classname="tests.serving.mcp.test_mcp_profile_tools" name="test_backend_with_custom_limits" time="3.670" /><testcase classname="tests.serving.mcp.test_mcp_server" name="test_create_mcp_server_returns_server_and_close" time="4.269" /><testcase classname="tests.serving.mcp.test_mcp_registry" name="test_register_tools_with_config" time="3.725" /><testcase classname="tests.serving.mcp.test_mcp_registry" name="test_register_tools_with_service" time="3.755" /><testcase classname="tests.serving.mcp.test_mcp_profile_tools" name="test_file_profile_response_structure" time="3.784"><skipped type="pytest.skip" message="No functions available">/home/paul/CodeIntel/tests/serving/mcp/test_mcp_profile_tools.py:497: No functions available</skipped></testcase><testcase classname="tests.serving.mcp.test_mcp_registry" name="test_register_tools_with_backend" time="3.818" /><testcase classname="tests.serving.mcp.test_mcp_architecture_tools" name="test_backend_get_module_architecture_not_found" time="9.049" /><testcase classname="tests.serving.mcp.test_mcp_backend_comprehensive" name="test_duckdb_backend_list_subsystems_with_role_filter" time="9.128" /><testcase classname="tests.serving.mcp.test_mcp_backend_comprehensive" name="test_duckdb_backend_get_subsystem_modules" time="9.257"><skipped type="pytest.skip" message="No subsystems available in test data">/home/paul/CodeIntel/tests/serving/mcp/test_mcp_backend_comprehensive.py:1021: No subsystems available in test data</skipped></testcase><testcase classname="tests.serving.mcp.test_mcp_server" name="test_create_mcp_server_close_callback_callable" time="3.066" /><testcase classname="tests.serving.mcp.test_mcp_backend_comprehensive" name="test_duckdb_backend_search_subsystems" time="9.188" /><testcase classname="tests.serving.mcp.test_mcp_architecture_tools" name="test_backend_summarize_subsystem_via_tools" time="9.153" /><testcase classname="tests.serving.mcp.test_mcp_architecture_tools" name="test_backend_get_function_architecture_not_found" time="9.326" /><testcase classname="tests.serving.mcp.test_mcp_server" name="test_create_mcp_server_default_tools_registered" time="3.214" /><testcase classname="tests.serving.mcp.test_mcp_meta_tools" name="test_register_meta_tools_preserves_backend_properties" time="1.679" /><testcase classname="tests.serving.mcp.test_mcp_meta_tools" name="test_service_list_datasets" time="1.692" /><testcase classname="tests.serving.mcp.test_mcp_meta_tools" name="test_register_meta_tools_custom_limits" time="1.708" /><testcase classname="tests.serving.mcp.test_mcp_meta_tools" name="test_service_dataset_specs" time="1.662" /><testcase classname="tests.serving.mcp.test_mcp_meta_tools" name="test_backend_dataset_specs" time="1.694" /><testcase classname="tests.serving.mcp.test_mcp_meta_tools" name="test_register_meta_tools_duckdb_backend" time="1.694" /></testsuite></testsuites>