<?xml version="1.0" encoding="utf-8"?><testsuites name="pytest tests"><testsuite name="pytest" errors="0" failures="0" skipped="0" tests="36" time="7.997" timestamp="2025-12-15T23:10:53.864074-05:00" hostname="paul-X870-AORUS-ELITE-WIFI7"><testcase classname="tests.build.hamilton.native.analytics.test_parity.TestTargetPresence" name="test_required_target_exists[t__subsystem_graph_metrics]" time="0.001" /><testcase classname="tests.build.hamilton.native.analytics.test_parity.TestModuleDiscovery" name="test_analytics_modules_discovered" time="0.001" /><testcase classname="tests.build.hamilton.native.analytics.test_parity.TestTargetPresence" name="test_required_target_exists[t__hotspots]" time="0.002" /><testcase classname="tests.build.hamilton.native.analytics.test_parity.TestModuleDiscovery" name="test_analytics_domain_exists" time="0.002" /><testcase classname="tests.build.hamilton.native.analytics.test_parity.TestDomainDisjointness" name="test_no_overlap_with_ingestion_domain" time="0.000" /><testcase classname="tests.build.hamilton.native.analytics.test_parity.TestTargetPresence" name="test_required_target_exists[t__subsystems]" time="0.001" /><testcase classname="tests.build.hamilton.native.analytics.test_parity.TestTargetPresence" name="test_required_target_exists[t__profiles]" time="0.001" /><testcase classname="tests.build.hamilton.native.analytics.test_parity.TestTargetPresence" name="test_required_target_exists[t__function_contracts]" time="0.001" /><testcase classname="tests.build.hamilton.native.analytics.test_parity.TestTargetPresence" name="test_required_target_exists[t__coverage_functions]" time="0.001" /><testcase classname="tests.build.hamilton.native.analytics.test_parity.TestTargetPresence" name="test_required_target_exists[t__test_graph_metrics]" time="0.001" /><testcase classname="tests.build.hamilton.native.analytics.test_parity.TestModuleStructure" name="test_modules_export_materialize_node" time="0.001" /><testcase classname="tests.build.hamilton.native.analytics.test_parity.TestModuleStructure" name="test_compute_nodes_follow_pattern" time="0.001" /><testcase classname="tests.build.hamilton.native.analytics.test_parity.TestTargetPresence" name="test_required_target_exists[t__behavioral_coverage]" time="0.003" /><testcase classname="tests.build.hamilton.native.analytics.test_parity.TestTargetPresence" name="test_required_target_exists[t__function_history]" time="0.001" /><testcase classname="tests.build.hamilton.native.analytics.test_parity.TestTargetPresence" name="test_required_target_exists[t__test_profile]" time="0.001" /><testcase classname="tests.build.hamilton.native.analytics.test_parity.TestTargetPresence" name="test_required_target_exists[t__function_effects]" time="0.001" /><testcase classname="tests.build.hamilton.native.analytics.test_parity.TestDomainDisjointness" name="test_no_overlap_with_graphs_domain" time="0.000" /><testcase classname="tests.build.hamilton.native.analytics.test_parity.TestTargetPresence" name="test_required_target_exists[t__history_timeseries]" time="0.001" /><testcase classname="tests.build.hamilton.native.analytics.test_parity.TestTargetPresence" name="test_required_target_exists[t__coverage_test_edges]" time="0.001" /><testcase classname="tests.build.hamilton.native.analytics.test_parity.TestModuleStructure" name="test_modules_have_all_attribute" time="0.001" /><testcase classname="tests.build.hamilton.native.analytics.test_parity.TestRegistrations" name="test_no_analytics_targets_use_plugins" time="0.000" /><testcase classname="tests.build.hamilton.native.analytics.test_parity.TestTargetPresence" name="test_required_target_exists[t__risk_factors]" time="0.001" /><testcase classname="tests.build.hamilton.native.analytics.test_parity.TestTargetPresence" name="test_required_target_exists[t__symbol_graph_metrics]" time="0.001" /><testcase classname="tests.build.hamilton.native.analytics.test_parity.TestModuleDiscovery" name="test_all_module_paths_importable" time="0.001" /><testcase classname="tests.build.hamilton.native.analytics.test_parity.TestRegistrations" name="test_analytics_targets_use_native_modules" time="0.000" /><testcase classname="tests.build.hamilton.native.analytics.test_parity.TestTargetPresence" name="test_required_target_exists[t__function_metrics]" time="0.002" /><testcase classname="tests.build.hamilton.native.analytics.test_parity.TestTargetPresence" name="test_required_target_exists[t__subsystem_agreement]" time="0.001" /><testcase classname="tests.build.hamilton.native.analytics.test_parity.TestTargetPresence" name="test_required_target_exists[t__entrypoints]" time="0.001" /><testcase classname="tests.build.hamilton.native.analytics.test_parity.TestTargetPresence" name="test_required_target_exists[t__function_ast_features]" time="0.001" /><testcase classname="tests.build.hamilton.native.analytics.test_parity.TestTargetPresence" name="test_required_target_exists[t__data_models]" time="0.001" /><testcase classname="tests.build.hamilton.native.analytics.test_parity.TestTargetPresence" name="test_required_target_exists[t__config_data_flow]" time="0.001" /><testcase classname="tests.build.hamilton.native.analytics.test_parity.TestTargetPresence" name="test_required_target_exists[t__cfg_dfg_metrics]" time="0.002" /><testcase classname="tests.build.hamilton.native.analytics.test_parity.TestResultTypes" name="test_result_types_have_success_field" time="0.001" /><testcase classname="tests.build.hamilton.native.analytics.test_parity.TestTargetPresence" name="test_required_target_exists[t__external_deps]" time="0.001" /><testcase classname="tests.build.hamilton.native.analytics.test_parity.TestTargetPresence" name="test_required_target_exists[t__semantic_roles]" time="0.001" /><testcase classname="tests.build.hamilton.native.analytics.test_parity.TestResultTypes" name="test_result_types_are_dataclasses" time="0.001" /></testsuite></testsuites>