<?xml version="1.0" encoding="utf-8"?><testsuites name="pytest tests"><testsuite name="pytest" errors="0" failures="0" skipped="0" tests="121" time="24.141" timestamp="2025-12-14T11:24:41.861193-05:00" hostname="paul-X870-AORUS-ELITE-WIFI7"><testcase classname="tests.build.hamilton.test_pr51_data_models_native" name="test_native_module_exports" time="0.001" /><testcase classname="tests.build.hamilton.test_pr51_data_models_native" name="test_data_models_core_in_allowlist" time="0.001" /><testcase classname="tests.build.hamilton.test_pr50_architecture_guardrails" name="test_pr50_no_plugin_registry_imports" time="0.020" /><testcase classname="tests.build.hamilton.test_pr51_data_model_usage_native" name="test_module_exports_cols_constant" time="0.001" /><testcase classname="tests.build.hamilton.test_pr51_data_model_usage_native" name="test_data_model_usage_cols_count" time="0.001" /><testcase classname="tests.build.hamilton.test_pr51_cfg_dfg_native" name="test_native_module_exports" time="0.001" /><testcase classname="tests.build.hamilton.test_pr50_architecture_guardrails" name="test_pr50_no_ibis_write_outside_build_allowlist" time="1.389" /><testcase classname="tests.build.hamilton.test_pr51_dependencies_native" name="test_dependencies_core_in_allowlist" time="0.001" /><testcase classname="tests.build.hamilton.test_pr51_coverage_functions_native" name="test_native_module_exports" time="0.002" /><testcase classname="tests.build.hamilton.test_pr51_dependencies_native" name="test_hamilton_nodes_have_tags" time="0.001" /><testcase classname="tests.build.hamilton.test_pr51_dependencies_native" name="test_external_dependencies_cols_count" time="0.001" /><testcase classname="tests.build.hamilton.test_pr51_cfg_dfg_native" name="test_hamilton_nodes_have_tags" time="0.000" /><testcase classname="tests.build.hamilton.test_pr51_dependencies_native" name="test_external_dependency_calls_cols_count" time="0.001" /><testcase classname="tests.build.hamilton.test_pr51_coverage_functions_native" name="test_hamilton_nodes_have_tags" time="0.007" /><testcase classname="tests.build.hamilton.test_pr51_data_models_native" name="test_hamilton_nodes_have_tags" time="0.006" /><testcase classname="tests.build.hamilton.test_pr51_data_model_usage_native" name="test_module_exports_new_function" time="0.001" /><testcase classname="tests.build.hamilton.test_pr51_function_history_native" name="test_function_history_cols_count" time="0.001" /><testcase classname="tests.build.hamilton.test_pr51_entrypoints_native" name="test_entrypoints_core_in_allowlist" time="0.004" /><testcase classname="tests.build.hamilton.test_pr51_entrypoints_native" name="test_entrypoint_tests_cols_count" time="0.003" /><testcase classname="tests.build.hamilton.test_pr51_function_history_native" name="test_native_module_exports" time="0.001" /><testcase classname="tests.build.hamilton.test_pr50_architecture_guardrails" name="test_pr50_no_analytics_runtime_imports" time="0.032" /><testcase classname="tests.build.hamilton.test_pr51_entrypoints_native" name="test_native_module_exports" time="0.009" /><testcase classname="tests.build.hamilton.test_pr51_function_history_native" name="test_hamilton_nodes_have_tags" time="0.014" /><testcase classname="tests.build.hamilton.test_pr51_function_history_native" name="test_function_history_in_allowlist" time="0.014" /><testcase classname="tests.build.hamilton.test_pr51_entrypoints_native" name="test_entrypoints_cols_count" time="0.014" /><testcase classname="tests.build.hamilton.test_pr51_function_history_native" name="test_module_exports_function_history_cols" time="0.001" /><testcase classname="tests.build.hamilton.test_pr51_history_timeseries_native" name="test_history_timeseries_cols_count" time="0.001" /><testcase classname="tests.build.hamilton.test_pr51_history_timeseries_native" name="test_history_timeseries_in_allowlist" time="0.001" /><testcase classname="tests.build.hamilton.test_pr51_function_history_native" name="test_module_exports_build_function_history_rows" time="0.004" /><testcase classname="tests.build.hamilton.test_pr51_history_timeseries_native" name="test_module_exports_history_timeseries_cols" time="0.004" /><testcase classname="tests.build.hamilton.test_pr51_cfg_dfg_native" name="test_materialize_rows_writes_to_db" time="3.922" /><testcase classname="tests.build.hamilton.test_pr51_cfg_dfg_native" name="test_dfg_metrics_pure_returns_correct_type" time="4.916" /><testcase classname="tests.build.hamilton.test_pr51_dependencies_native" name="test_materialize_rows_writes_external_dependencies" time="3.987" /><testcase classname="tests.build.hamilton.test_pr51_coverage_functions_native" name="test_build_coverage_functions_expr_returns_table_with_empty_data" time="4.048" /><testcase classname="tests.build.hamilton.test_pr51_entrypoints_native" name="test_entrypoints_pure_empty_returns_empty" time="4.045" /><testcase classname="tests.build.hamilton.test_pr51_test_graph_metrics_native" name="test_test_graph_metrics_pure_empty_returns_empty" time="3.992" /><testcase classname="tests.build.hamilton.test_pr51_entrypoints_native" name="test_entrypoints_pure_returns_correct_type" time="4.048" /><testcase classname="tests.build.hamilton.test_pr51_dependencies_native" name="test_dependency_calls_pure_returns_correct_type" time="4.081" /><testcase classname="tests.build.hamilton.test_pr51_dependencies_native" name="test_external_dependencies_pure_empty_returns_empty" time="4.133" /><testcase classname="tests.build.hamilton.test_pr51_entrypoints_native" name="test_materialize_rows_writes_entrypoint_tests" time="4.163" /><testcase classname="tests.build.hamilton.test_pr51_data_model_usage_native" name="test_compute_data_model_usage_deprecation" time="4.224" /><testcase classname="tests.build.hamilton.test_pr51_test_graph_metrics_native" name="test_test_graph_metrics_pure_returns_correct_type" time="4.139" /><testcase classname="tests.build.hamilton.test_pr51_data_models_native" name="test_compute_data_models_deprecation" time="4.215" /><testcase classname="tests.build.hamilton.test_pr51_coverage_functions_native" name="test_compute_coverage_functions_deprecation" time="4.334" /><testcase classname="tests.build.hamilton.test_pr51_data_models_native" name="test_materialize_rows_writes_data_models" time="4.225" /><testcase classname="tests.build.hamilton.test_pr51_cfg_dfg_native" name="test_dfg_metrics_pure_produces_ext_rows" time="5.300" /><testcase classname="tests.build.hamilton.test_pr51_data_model_usage_native" name="test_data_model_usage_in_allowlist" time="0.001" /><testcase classname="tests.build.hamilton.test_pr51_entrypoints_native" name="test_hamilton_nodes_have_tags" time="0.000" /><testcase classname="tests.build.hamilton.test_pr51_validation_reporters_native" name="test_get_validation_rows_handles_none" time="0.001" /><testcase classname="tests.build.hamilton.test_pr51_cfg_dfg_native" name="test_cfg_metrics_pure_fn_rows_columns" time="5.517" /><testcase classname="tests.build.hamilton.test_pr51_dependencies_native" name="test_dependency_calls_pure_empty_returns_empty" time="4.316" /><testcase classname="tests.build.hamilton.test_pr51_coverage_functions_native" name="test_build_coverage_functions_expr_with_data" time="4.366" /><testcase classname="tests.build.hamilton.test_pr51_function_history_native" name="test_compute_function_history_deprecation" time="4.380" /><testcase classname="tests.build.hamilton.test_pr51_coverage_functions_native" name="test_coverage_functions_in_allowlist" time="0.001" /><testcase classname="tests.build.hamilton.test_pr51_validation_reporters_native" name="test_validation_in_allowlist" time="0.000" /><testcase classname="tests.build.hamilton.test_pr51_validation_reporters_native" name="test_function_validation_cols_count" time="0.000" /><testcase classname="tests.build.hamilton.test_pr51_validation_reporters_native" name="test_graph_validation_cols_count" time="0.000" /><testcase classname="tests.build.hamilton.test_pr51_dependencies_native" name="test_build_external_dependency_calls_deprecation" time="4.357" /><testcase classname="tests.build.hamilton.test_pr51_history_timeseries_native" name="test_compute_history_timeseries_deprecation" time="4.338" /><testcase classname="tests.build.hamilton.test_pr51_cfg_dfg_native" name="test_cfg_metrics_pure_produces_ext_rows" time="5.539" /><testcase classname="tests.build.hamilton.test_pr51_history_timeseries_native" name="test_native_module_exports" time="0.000" /><testcase classname="tests.build.hamilton.test_pr51_cfg_dfg_native" name="test_materialize_rows_handles_empty" time="4.427" /><testcase classname="tests.build.hamilton.test_pr51_cfg_dfg_native" name="test_materialize_py_deprecated_in_allowlist" time="0.001" /><testcase classname="tests.build.hamilton.test_pr51_cfg_dfg_native" name="test_compute_cfg_metrics_deprecation" time="4.478" /><testcase classname="tests.build.hamilton.test_pr51_coverage_functions_native" name="test_coverage_functions_output_column_count" time="4.511" /><testcase classname="tests.build.hamilton.test_pr51_history_timeseries_native" name="test_compute_history_timeseries_gateways_deprecation" time="4.450" /><testcase classname="tests.build.hamilton.test_pr51_dependencies_native" name="test_build_external_dependencies_deprecation" time="4.512" /><testcase classname="tests.build.hamilton.test_pr51_history_timeseries_native" name="test_module_exports_build_history_timeseries_rows" time="0.001" /><testcase classname="tests.build.hamilton.test_pr51_dependencies_native" name="test_native_module_exports" time="0.001" /><testcase classname="tests.build.hamilton.test_pr51_data_model_usage_native" name="test_build_data_model_usage_rows_returns_tuple" time="4.567" /><testcase classname="tests.build.hamilton.test_pr51_data_models_native" name="test_data_models_pure_empty_returns_empty" time="4.584" /><testcase classname="tests.build.hamilton.test_pr51_history_timeseries_native" name="test_build_history_timeseries_rows_empty_without_commits" time="4.716" /><testcase classname="tests.build.hamilton.test_pr51_history_timeseries_native" name="test_hamilton_nodes_have_tags" time="0.001" /><testcase classname="tests.build.hamilton.test_pr51_cfg_dfg_native" name="test_cfg_metrics_pure_returns_correct_type" time="5.015" /><testcase classname="tests.build.hamilton.test_pr51_cfg_dfg_native" name="test_materialize_rows_replaces_snapshot_data" time="3.493" /><testcase classname="tests.build.hamilton.test_pr51_coverage_functions_native" name="test_build_coverage_functions_expr_returns_ibis_table" time="3.386" /><testcase classname="tests.build.hamilton.test_pr51_dependencies_native" name="test_materialize_rows_handles_empty_dependencies" time="3.458" /><testcase classname="tests.build.hamilton.test_pr51_test_graph_metrics_native" name="test_graph_metrics_core_in_allowlist" time="0.001" /><testcase classname="tests.build.hamilton.test_pr51_function_history_native" name="test_build_function_history_rows_returns_tuple" time="3.429" /><testcase classname="tests.build.hamilton.test_pr51_test_graph_metrics_native" name="test_hamilton_nodes_have_tags" time="0.001" /><testcase classname="tests.build.hamilton.test_pr51_test_graph_metrics_native" name="test_test_graph_metrics_functions_cols_count" time="0.001" /><testcase classname="tests.build.hamilton.test_pr51_function_history_native" name="test_build_function_history_rows_empty_without_spans" time="3.465" /><testcase classname="tests.build.hamilton.test_pr51_entrypoints_native" name="test_materialize_rows_writes_entrypoints" time="3.487" /><testcase classname="tests.build.hamilton.test_pr51_test_graph_metrics_native" name="test_materialize_rows_writes_function_metrics" time="3.485" /><testcase classname="tests.build.hamilton.test_pr51_test_graph_metrics_native" name="test_native_module_exports" time="0.001" /><testcase classname="tests.build.hamilton.test_pr51_test_graph_metrics_native" name="test_test_graph_metrics_tests_cols_count" time="0.001" /><testcase classname="tests.build.hamilton.test_pr51_data_models_native" name="test_materialize_rows_handles_empty_data_models" time="3.364" /><testcase classname="tests.build.hamilton.test_pr51_validation_reporters_native" name="test_function_reporter_to_rows_returns_tuples" time="0.001" /><testcase classname="tests.build.hamilton.test_pr51_validation_reporters_native" name="test_get_validation_rows_returns_result" time="0.001" /><testcase classname="tests.build.hamilton.test_pr51_dependencies_native" name="test_materialize_rows_writes_dependency_calls" time="3.596" /><testcase classname="tests.build.hamilton.test_pr51_validation_reporters_native" name="test_graph_reporter_to_rows_returns_tuples" time="0.001" /><testcase classname="tests.build.hamilton.test_pr51_entrypoints_native" name="test_materialize_rows_handles_empty_entrypoints" time="3.630" /><testcase classname="tests.build.hamilton.test_pr51_writer_guard_native" name="test_write_rows_with_registry_guard_emits_deprecation_warning" time="3.478" /><testcase classname="tests.build.hamilton.test_pr51_validation_reporters_native" name="test_function_reporter_to_rows_empty" time="0.001" /><testcase classname="tests.build.hamilton.test_pr51_dependencies_native" name="test_external_dependencies_pure_returns_correct_type" time="3.507" /><testcase classname="tests.build.hamilton.test_pr51_writer_guard_native" name="test_create_profile_writer_emits_deprecation_warning" time="0.002" /><testcase classname="tests.build.hamilton.test_pr51_validation_reporters_native" name="test_function_reporter_flush_deprecation" time="3.621" /><testcase classname="tests.build.hamilton.test_pr51_test_graph_metrics_native" name="test_materialize_rows_writes_test_metrics" time="3.686" /><testcase classname="tests.build.hamilton.test_pr51_validation_reporters_native" name="test_graph_reporter_to_rows_empty" time="0.001" /><testcase classname="tests.build.hamilton.test_pr51_entrypoints_native" name="test_build_entrypoints_deprecation" time="3.564" /><testcase classname="tests.build.hamilton.test_pr51_writer_guard_native" name="test_create_profile_writer_produces_callable" time="0.001" /><testcase classname="tests.build.hamilton.test_pr51_validation_reporters_native" name="test_graph_reporter_flush_deprecation" time="3.732" /><testcase classname="tests.build.hamilton.test_pr51_writer_guard_native" name="test_write_rows_via_policy_backend_no_deprecation_warning" time="3.634" /><testcase classname="tests.build.hamilton.test_pr51_history_timeseries_native" name="test_build_history_timeseries_rows_returns_tuple" time="3.630" /><testcase classname="tests.build.hamilton.test_pr51_writer_guard_native" name="test_writer_guard_in_allowlist" time="0.001" /><testcase classname="tests.build.hamilton.test_pr51_writer_guard_native" name="test_module_exports_expected_symbols" time="0.001" /><testcase classname="tests.build.hamilton.test_pr51_coverage_functions_native" name="test_materialize_table_writes_coverage_functions" time="3.788" /><testcase classname="tests.build.hamilton.test_pr51_data_models_native" name="test_data_models_pure_returns_correct_type" time="3.586" /><testcase classname="tests.build.hamilton.test_pr51_data_model_usage_native" name="test_build_data_model_usage_rows_empty_when_no_models" time="3.559" /><testcase classname="tests.build.hamilton.test_pr51_data_models_native" name="test_data_models_pure_with_class_produces_rows" time="3.997" /><testcase classname="tests.build.hamilton.test_pr51_cfg_dfg_native" name="test_compute_dfg_metrics_deprecation" time="3.718" /><testcase classname="tests.build.hamilton.test_pr51_cfg_dfg_native" name="test_dfg_metrics_pure_fn_rows_columns" time="4.063" /><testcase classname="tests.build.hamilton.test_pr51_cfg_dfg_native" name="test_dfg_metrics_pure_empty_returns_empty" time="3.415" /><testcase classname="tests.build.hamilton.test_pr51_cfg_dfg_native" name="test_cfg_metrics_pure_produces_block_rows" time="3.983" /><testcase classname="tests.build.hamilton.test_pr51_cfg_dfg_native" name="test_cfg_metrics_pure_empty_returns_empty" time="3.346" /><testcase classname="tests.build.hamilton.test_pr51_test_graph_metrics_native" name="test_materialize_rows_handles_empty_test_metrics" time="2.956" /><testcase classname="tests.build.hamilton.test_pr51_test_graph_metrics_native" name="test_compute_test_graph_metrics_deprecation" time="2.556" /><testcase classname="tests.build.hamilton.test_pr51_validation_reporters_native" name="test_materialize_rows_handles_empty_function_validation" time="2.387" /><testcase classname="tests.build.hamilton.test_pr51_validation_reporters_native" name="test_materialize_function_validation_writes" time="2.398" /><testcase classname="tests.build.hamilton.test_pr51_validation_reporters_native" name="test_materialize_graph_validation_writes" time="2.318" /><testcase classname="tests.build.hamilton.test_pr51_writer_guard_native" name="test_write_rows_with_registry_guard_still_works" time="2.227" /></testsuite></testsuites>