<?xml version="1.0" encoding="utf-8"?><testsuites name="pytest tests"><testsuite name="pytest" errors="0" failures="0" skipped="1" tests="77" time="25.023" timestamp="2025-12-10T05:05:06.859360-05:00" hostname="paul-X870-AORUS-ELITE-WIFI7"><testcase classname="tests.ingestion.test_db_queries" name="test_column_not_found_error" time="0.001" /><testcase classname="tests.ingestion.test_db_queries" name="test_query_error_attributes" time="0.001" /><testcase classname="tests.ingestion.test_db_queries" name="test_foreign_key_ref_dataclass" time="0.001" /><testcase classname="tests.ingestion.test_ingest_service" name="test_ingest_macro_tables_is_frozenset" time="0.001" /><testcase classname="tests.ingestion.test_change_tracker" name="test_compute_changes_tracks_add_modify_delete" time="1.597" /><testcase classname="tests.ingestion.test_runner_plumbing" name="test_coverage_ingest_uses_runner" time="2.063" /><testcase classname="tests.ingestion.test_db_queries" name="test_foreign_key_ref_default_allow_null" time="0.002" /><testcase classname="tests.ingestion.test_ingest_service" name="test_ingest_macro_tables_contains_expected_tables" time="0.001" /><testcase classname="tests.ingestion.test_db_queries" name="test_table_not_found_error" time="0.001" /><testcase classname="tests.ingestion.test_db_queries" name="test_duckdb_query_errors_is_tuple" time="0.001" /><testcase classname="tests.ingestion.test_ingest_service" name="test_ingest_macro_tables_all_have_schema_prefix" time="0.000" /><testcase classname="tests.ingestion.test_ingest_service" name="test_ingest_macro_tables_not_empty" time="0.000" /><testcase classname="tests.ingestion.test_runner_plumbing" name="test_repo_scan_honors_scan_profile" time="1.337" /><testcase classname="tests.ingestion.test_runner_plumbing" name="test_typing_ingest_uses_shared_runner" time="0.000"><skipped type="pytest.skip" message="Schema mismatch: StaticDiagnosticRow (6 cols) vs static_diagnostics table (8 cols)">/home/paul/CodeIntel/tests/ingestion/test_runner_plumbing.py:94: Schema mismatch: StaticDiagnosticRow (6 cols) vs static_diagnostics table (8 cols)</skipped></testcase><testcase classname="tests.ingestion.test_subprocess_policy" name="test_no_direct_subprocess_usage_outside_tooling" time="0.031" /><testcase classname="tests.ingestion.test_subprocess_policy" name="test_preset_runner_respects_tool_run_options" time="0.001" /><testcase classname="tests.ingestion.test_ingest_service" name="test_fake_tool_service_uses_shared_runner" time="0.006" /><testcase classname="tests.ingestion.test_db_queries" name="test_safe_max_value_invalid_column" time="6.888" /><testcase classname="tests.ingestion.test_db_queries" name="test_safe_get_columns_existing_table" time="6.892" /><testcase classname="tests.ingestion.test_db_queries" name="test_safe_not_null_fraction_empty_table" time="6.933" /><testcase classname="tests.ingestion.test_db_queries" name="test_safe_count_nulls_invalid_inputs[invalid.table-column]" time="6.955" /><testcase classname="tests.ingestion.test_db_queries" name="test_safe_count_duplicates_invalid_table" time="6.973" /><testcase classname="tests.ingestion.test_db_queries" name="test_safe_count_with_special_characters" time="6.985" /><testcase classname="tests.ingestion.test_change_tracker" name="test_view_for_dataset_full_rebuild_when_changed_ratio_exceeds_policy" time="7.034" /><testcase classname="tests.ingestion.test_db_queries" name="test_safe_count_invalid_or_missing_table[no-dot-separator]" time="7.054" /><testcase classname="tests.ingestion.test_db_queries" name="test_safe_table_exists_invalid_or_missing[invalid-key]" time="7.087" /><testcase classname="tests.ingestion.test_db_queries" name="test_safe_count_existing_table" time="7.099" /><testcase classname="tests.ingestion.test_db_queries" name="test_safe_macro_exists_existing_macro" time="7.148" /><testcase classname="tests.ingestion.test_change_tracker" name="test_view_for_dataset_full_rebuild_flag_forces_rebuild" time="7.135" /><testcase classname="tests.ingestion.test_db_queries" name="test_safe_max_value_empty_table" time="7.164" /><testcase classname="tests.ingestion.test_db_queries" name="test_safe_max_value_with_data" time="7.186" /><testcase classname="tests.ingestion.test_db_queries" name="test_safe_count_returns_correct_count" time="7.185" /><testcase classname="tests.ingestion.test_db_queries" name="test_safe_not_null_fraction_half_null" time="7.193" /><testcase classname="tests.ingestion.test_ingest_service" name="test_macro_exists_returns_true_for_existing_macro" time="7.165" /><testcase classname="tests.ingestion.test_change_tracker" name="test_incremental_ingest_ops_reparse_changed_modules" time="1.388" /><testcase classname="tests.ingestion.test_ingest_service" name="test_macro_exists_with_various_schemas" time="7.199" /><testcase classname="tests.ingestion.test_ingest_service" name="test_macro_exists_with_multiple_dots_in_table_key" time="7.191" /><testcase classname="tests.ingestion.test_db_queries" name="test_safe_count_orphan_refs_no_orphans" time="7.222" /><testcase classname="tests.ingestion.test_db_queries" name="test_safe_count_with_scope_nonexistent_table" time="7.194" /><testcase classname="tests.ingestion.test_db_queries" name="test_safe_count_duplicates_with_dupes" time="7.238" /><testcase classname="tests.ingestion.test_db_queries" name="test_safe_count_orphan_refs_with_nulls_allowed" time="7.236" /><testcase classname="tests.ingestion.test_db_queries" name="test_safe_table_exists_for_existing_table" time="7.223" /><testcase classname="tests.ingestion.test_db_queries" name="test_safe_count_sql_injection_protection" time="7.212" /><testcase classname="tests.ingestion.test_ingest_service" name="test_macro_exists_returns_false_for_nonexistent_macro" time="7.209" /><testcase classname="tests.ingestion.test_db_queries" name="test_safe_macro_exists_builtin_function" time="7.228" /><testcase classname="tests.ingestion.test_db_queries" name="test_safe_get_columns_nonexistent_or_invalid[invalid-key]" time="7.225" /><testcase classname="tests.ingestion.test_db_queries" name="test_safe_count_nulls_with_nulls" time="7.245" /><testcase classname="tests.ingestion.test_db_queries" name="test_safe_count_non_positive_all_positive" time="7.239" /><testcase classname="tests.ingestion.test_db_queries" name="test_safe_get_columns_nonexistent_or_invalid[nonexistent.table_xyz]" time="6.664" /><testcase classname="tests.ingestion.test_db_queries" name="test_safe_count_non_positive_with_negatives" time="6.727" /><testcase classname="tests.ingestion.test_db_queries" name="test_safe_not_null_fraction_invalid_table" time="6.822" /><testcase classname="tests.ingestion.test_db_queries" name="test_safe_count_with_unicode" time="6.795" /><testcase classname="tests.ingestion.test_db_queries" name="test_safe_min_value_with_data" time="6.850" /><testcase classname="tests.ingestion.test_db_queries" name="test_safe_not_null_fraction_all_not_null" time="6.841" /><testcase classname="tests.ingestion.test_change_tracker" name="test_view_for_dataset_respects_module_filter_and_deleted_paths" time="6.934" /><testcase classname="tests.ingestion.test_db_queries" name="test_safe_count_invalid_or_missing_table[]" time="6.935" /><testcase classname="tests.ingestion.test_db_queries" name="test_safe_table_exists_different_schemas" time="7.005" /><testcase classname="tests.ingestion.test_db_queries" name="test_safe_count_invalid_or_missing_table[nonexistent.table_xyz]" time="7.179" /><testcase classname="tests.ingestion.test_ingest_service" name="test_macro_exists_handles_duckdb_errors_gracefully" time="7.102" /><testcase classname="tests.ingestion.test_db_queries" name="test_safe_count_with_scope_filters_by_snapshot" time="7.168" /><testcase classname="tests.ingestion.test_db_queries" name="test_safe_min_value_invalid_table" time="7.170" /><testcase classname="tests.ingestion.test_db_queries" name="test_safe_min_value_empty_table" time="7.161" /><testcase classname="tests.ingestion.test_db_queries" name="test_safe_count_non_positive_invalid_table" time="7.118" /><testcase classname="tests.ingestion.test_db_queries" name="test_safe_table_exists_sql_injection_protection" time="7.185" /><testcase classname="tests.ingestion.test_db_queries" name="test_safe_count_orphan_refs_invalid_table" time="7.154" /><testcase classname="tests.ingestion.test_db_queries" name="test_safe_not_null_fraction_all_null" time="7.209" /><testcase classname="tests.ingestion.test_db_queries" name="test_safe_macro_exists_nonexistent_macro" time="7.257" /><testcase classname="tests.ingestion.test_change_tracker" name="test_view_for_dataset_incremental" time="7.161" /><testcase classname="tests.ingestion.test_db_queries" name="test_safe_count_with_scope_no_matches" time="7.216" /><testcase classname="tests.ingestion.test_db_queries" name="test_safe_count_duplicates_no_dupes" time="7.182" /><testcase classname="tests.ingestion.test_ingest_service" name="test_macro_exists_extracts_correct_macro_name" time="7.209" /><testcase classname="tests.ingestion.test_ingest_service" name="test_macro_exists_handles_malformed_table_key" time="7.231" /><testcase classname="tests.ingestion.test_db_queries" name="test_safe_table_exists_invalid_or_missing[nonexistent.table_xyz]" time="7.197" /><testcase classname="tests.ingestion.test_db_queries" name="test_safe_count_nulls_no_nulls" time="7.217" /><testcase classname="tests.ingestion.test_ingest_service" name="test_ingest_macro_tables_members_can_be_checked" time="7.562" /><testcase classname="tests.ingestion.test_db_queries" name="test_safe_count_orphan_refs_with_orphans" time="7.227" /><testcase classname="tests.ingestion.test_db_queries" name="test_safe_count_nulls_invalid_inputs[core.modules-nonexistent_col]" time="7.193" /></testsuite></testsuites>