<?xml version="1.0" encoding="utf-8"?><testsuites name="pytest tests"><testsuite name="pytest" errors="0" failures="2" skipped="0" tests="210" time="18.015" timestamp="2025-12-15T19:04:07.598157-05:00" hostname="paul-X870-AORUS-ELITE-WIFI7"><testcase classname="tests.build.test_errors" name="test_tool_not_available_hint_fallback" time="0.001" /><testcase classname="tests.build.serving.test_publisher" name="test_publish_serving_snapshot_retention" time="0.048" /><testcase classname="tests.build.test_context_schema_aware" name="test_write_validated_table_integration" time="0.088" /><testcase classname="tests.build.serving.test_semantic_compile" name="test_compile_registry_uses_explicit_columns_when_present" time="0.001" /><testcase classname="tests.build.test_errors" name="test_missing_dependency_error_hint" time="0.001" /><testcase classname="tests.build.test_contracts_parameters_state" name="test_build_state_helpers" time="0.001" /><testcase classname="tests.build.test_errors" name="test_dependency_unavailable_hint" time="0.001" /><testcase classname="tests.build.test_errors" name="test_schema_not_found_messages" time="0.001" /><testcase classname="tests.build.test_config_parameters" name="test_load_build_config_missing_or_invalid_returns_empty" time="0.003" /><testcase classname="tests.build.test_contracts_parameters_state" name="test_target_parameters_access_and_merge" time="0.001" /><testcase classname="tests.build.test_contracts_parameters_state" name="test_state_validator_stale_and_blocked_propagation" time="0.002" /><testcase classname="tests.build.test_contracts_parameters_state" name="test_output_contract_accessors_and_validation" time="0.001" /><testcase classname="tests.build.test_errors" name="test_column_count_mismatch_hint" time="0.001" /><testcase classname="tests.build.test_contracts_parameters_state" name="test_state_validator_missing_and_current" time="0.002" /><testcase classname="tests.build.test_context_contracts_errors" name="test_build_error_collection_formats_and_filters" time="0.001" /><testcase classname="tests.build.test_context_contracts_errors" name="test_gateway_property_requires_resource" time="0.002" /><testcase classname="tests.build.test_context_contracts_errors" name="test_write_table_validation_and_recording" time="0.002" /><testcase classname="tests.build.test_config_parameters" name="test_load_build_config_merges_module_and_target" time="0.002" /><testcase classname="tests.build.test_config_parameters" name="test_target_parameters_success_and_merge" time="0.001" /><testcase classname="tests.build.test_errors" name="test_target_timeout_hint" time="0.001" /><testcase classname="tests.build.test_context_schema_aware" name="test_write_validated_table_missing_schema_key_error" time="0.084" /><testcase classname="tests.build.test_context_contracts_errors" name="test_write_table_requires_contract_schema" time="0.002" /><testcase classname="tests.build.test_context_contracts_errors" name="test_write_table_missing_schema_raises" time="0.003" /><testcase classname="tests.build.serving.test_publisher" name="test_publish_serving_snapshot_creates_snapshot_and_pointer" time="0.052" /><testcase classname="tests.build.test_context_contracts_errors" name="test_artifact_path_resolution" time="0.002" /><testcase classname="tests.build.test_contracts_parameters_state" name="test_target_parameters_empty_singleton" time="0.001" /><testcase classname="tests.build.test_config_parameters" name="test_target_parameters_errors" time="0.001" /><testcase classname="tests.build.test_config_parameters" name="test_build_config_get_nested_with_defaults" time="0.001" /><testcase classname="tests.build.test_context_contracts_errors" name="test_contract_validation_reports_duplicates" time="0.001" /><testcase classname="tests.build.serving.test_semantic_compile" name="test_compile_registry_filters_non_semantic_and_hidden" time="0.001" /><testcase classname="tests.build.test_errors" name="test_target_not_found_suggestions" time="0.001" /><testcase classname="tests.build.test_context_contracts_errors" name="test_write_table_column_mismatch_raises" time="0.003" /><testcase classname="tests.build.test_hamilton_phase0.TestDriverFactory" name="test_build_driver_returns_runtime" time="0.026" /><testcase classname="tests.build.test_hamilton_phase0.TestTargetNodeTags" name="test_nodes_have_domain_tags" time="0.031" /><testcase classname="tests.build.test_hamilton_phase0.TestMetadataBridge" name="test_from_target_extracts_description" time="0.001" /><testcase classname="tests.build.test_errors" name="test_error_collection_empty_summary" time="0.001" /><testcase classname="tests.build.test_hamilton_phase0.TestNamingConventions" name="test_node_to_target_roundtrip" time="0.001" /><testcase classname="tests.build.test_hamilton_phase0.TestNamingConventions" name="test_to_node_name[dotted_name]" time="0.001" /><testcase classname="tests.build.test_hamilton_phase0.TestDriverFactory" name="test_driver_node_dependencies" time="0.028" /><testcase classname="tests.build.test_hamilton_phase0.TestNamingConventions" name="test_to_node_name[analytics_target]" time="0.001" /><testcase classname="tests.build.test_hamilton_phase0.TestNamingConventions" name="test_node_to_target_non_target_returns_none" time="0.000" /><testcase classname="tests.build.test_hamilton_phase0.TestTargetNodeTags" name="test_nodes_have_target_tags" time="0.030" /><testcase classname="tests.build.test_hamilton_phase1.TestHamiltonNodeMode" name="test_target_to_node_name_without_runtime" time="0.025" /><testcase classname="tests.build.test_hamilton_phase0.TestPhase0NodeRegistry" name="test_node_names_are_valid_identifiers" time="0.028" /><testcase classname="tests.build.test_hamilton_phase1.TestHamiltonNodeMode" name="test_list_available_nodes" time="0.029" /><testcase classname="tests.build.test_hamilton_phase1.TestHamiltonNodeMode" name="test_build_driver_generated_mode" time="0.026" /><testcase classname="tests.build.test_hamilton_phase1.TestHamiltonNodeMode" name="test_runtime_has_target_to_node_mapping" time="0.026" /><testcase classname="tests.build.test_hamilton_phase0.TestNamingConventions" name="test_to_node_name[hyphenated_name]" time="0.001" /><testcase classname="tests.build.test_hamilton_phase0.TestDAGVisualization" name="test_driver_can_display_graph" time="0.047" /><testcase classname="tests.build.test_hamilton_phase0.TestDAGVisualization" name="test_driver_can_list_final_vars" time="0.031" /><testcase classname="tests.build.test_hamilton_phase0.TestNamingConventions" name="test_dataset_node_helper" time="0.000" /><testcase classname="tests.build.test_hamilton_phase1.TestHamiltonNodeMode" name="test_runtime_has_node_to_target_mapping" time="0.024" /><testcase classname="tests.build.test_hamilton_phase0.TestNamingConventions" name="test_target_node_helper" time="0.001" /><testcase classname="tests.build.test_hamilton_phase0.TestMetadataBridge" name="test_from_target_extracts_name" time="0.001" /><testcase classname="tests.build.test_hamilton_phase0.TestMetadataBridge" name="test_canonical_plugin_meta_frozen" time="0.000" /><testcase classname="tests.build.test_hamilton_phase0.TestNamingConventions" name="test_to_node_name[slash_path]" time="0.001" /><testcase classname="tests.build.test_hamilton_phase0.TestNamingConventions" name="test_to_node_name[simple_name]" time="0.001" /><testcase classname="tests.build.test_hamilton_phase0.TestPhase0NodeRegistry" name="test_all_phase0_targets_mapped" time="0.000" /><testcase classname="tests.build.test_hamilton_phase1.TestHamiltonNodeMode" name="test_target_to_node_name_with_runtime" time="0.026" /><testcase classname="tests.build.test_hamilton_phase0.TestMetadataBridge" name="test_from_target_extracts_domain" time="0.000" /><testcase classname="tests.build.test_hamilton_phase1.TestHamiltonNodeMode" name="test_generated_mode_has_nodes" time="0.030" /><testcase classname="tests.build.test_hamilton_phase1.TestDatasetRef" name="test_dataset_ref_schema_name_extraction" time="0.000" /><testcase classname="tests.build.test_hamilton_phase1.TestHamiltonBuildResult" name="test_result_has_run_id" time="0.000" /><testcase classname="tests.build.test_hamilton_phase1.TestDatasetRef" name="test_dataset_ref_frozen" time="0.001" /><testcase classname="tests.build.test_hamilton_phase1.TestRefsFromTargetResult" name="test_includes_row_counts" time="0.000" /><testcase classname="tests.build.test_hamilton_phase1.TestTargetRunRecordDatasets" name="test_datasets_field_exists" time="0.000" /><testcase classname="tests.build.test_hamilton_phase1.TestDatasetRef" name="test_dataset_ref_table_name_extraction" time="0.000" /><testcase classname="tests.build.test_hamilton_phase1.TestObservability" name="test_list_execution_order" time="0.028" /><testcase classname="tests.build.test_hamilton_phase1.TestHamiltonBuildResult" name="test_result_has_computed_targets" time="0.001" /><testcase classname="tests.build.test_hamilton_phase1.TestNodeFactory" name="test_build_target_module_has_dataset_to_node" time="0.010" /><testcase classname="tests.build.test_hamilton_phase1.TestObservability" name="test_get_dag_info_structure" time="0.027" /><testcase classname="tests.build.test_hamilton_phase1.TestRefsToTuple" name="test_converts_to_tuple" time="0.001" /><testcase classname="tests.build.test_hamilton_phase1.TestDatasetRef" name="test_dataset_ref_with_row_count" time="0.001" /><testcase classname="tests.build.test_hamilton_phase1.TestDriverWithGeneratedNodes" name="test_build_driver_with_generated_mode" time="0.027" /><testcase classname="tests.build.test_hamilton_phase1.TestNodeFactory" name="test_build_target_module_creates_module" time="0.010" /><testcase classname="tests.build.test_hamilton_phase1.TestObservability" name="test_export_dag_json_valid" time="0.028" /><testcase classname="tests.build.test_hamilton_phase1.TestDatasetNodeNaming" name="test_dataset_node_names_are_consistent" time="0.001" /><testcase classname="tests.build.test_hamilton_phase1.TestNodeFactory" name="test_get_generated_module_caches" time="0.010" /><testcase classname="tests.build.test_hamilton_phase1.TestDatasetNodeNaming" name="test_dataset_and_target_nodes_distinct" time="0.000" /><testcase classname="tests.build.test_hamilton_phase1.TestIbisIOConfig" name="test_ibis_io_config_creation" time="0.001" /><testcase classname="tests.build.test_hashing_plan_targets" name="test_target_graph_validation_and_topology" time="0.001" /><testcase classname="tests.build.test_hamilton_phase1.TestPanderaContractIntegration" name="test_with_contract_decorator_import" time="0.001" /><testcase classname="tests.build.test_hamilton_phase1.TestPanderaContractIntegration" name="test_contract_status_for_table" time="0.111" /><testcase classname="tests.build.test_hamilton_phase1.TestPanderaContractIntegration" name="test_get_pandera_schema_import" time="0.000" /><testcase classname="tests.build.test_providers" name="test_subprocess_runner_missing_binary[asyncio]" time="0.003" /><testcase classname="tests.build.test_providers" name="test_scip_indexer_index_failure[asyncio]" time="0.004" /><testcase classname="tests.build.test_providers" name="test_scip_parse_handles_invalid_json[asyncio]" time="0.004" /><testcase classname="tests.build.test_providers" name="test_type_checker_parses_diagnostics[asyncio]" time="0.003" /><testcase classname="tests.build.test_providers" name="test_scip_indexer_index_success[asyncio]" time="0.004" /><testcase classname="tests.build.test_providers" name="test_scip_parse_handles_failure[asyncio]" time="0.004" /><testcase classname="tests.build.test_providers" name="test_type_checker_handles_parse_failure[asyncio]" time="0.002" /><testcase classname="tests.build.test_hamilton_phase1.TestHamiltonBuildResult" name="test_result_has_closure_field" time="0.000" /><testcase classname="tests.build.test_providers" name="test_subprocess_runner_success[asyncio]" time="0.002" /><testcase classname="tests.build.test_hashing_plan_targets" name="test_target_table_keys_and_execution_duration" time="0.001" /><testcase classname="tests.build.test_providers" name="test_test_reporter_collects_results[asyncio]" time="0.002" /><testcase classname="tests.build.test_providers" name="test_git_history_log_parses_output[asyncio]" time="0.001" /><testcase classname="tests.build.test_providers" name="test_git_history_log_failure[asyncio]" time="0.001" /><testcase classname="tests.build.test_providers" name="test_subprocess_runner_unexpected_error[asyncio]" time="0.004" /><testcase classname="tests.build.test_providers" name="test_coverage_collector_parses_json[asyncio]" time="0.002" /><testcase classname="tests.build.test_providers" name="test_test_reporter_missing_file[asyncio]" time="0.002" /><testcase classname="tests.build.test_hamilton_phase1.TestHamiltonBuildResult" name="test_result_has_duration_ms" time="0.000" /><testcase classname="tests.build.test_hamilton_phase1.TestForceFlag" name="test_build_env_is_forced_method" time="0.000" /><testcase classname="tests.build.test_hamilton_phase1.TestRefsFromTargetResult" name="test_creates_refs_for_all_tables" time="0.001" /><testcase classname="tests.build.test_readiness_registry_resources_resolver" name="test_registry_get_target_by_table" time="0.001" /><testcase classname="tests.build.test_providers" name="test_git_history_blame_parses_output[asyncio]" time="0.001" /><testcase classname="tests.build.test_hamilton_phase1.TestTargetRunRecordDatasets" name="test_get_dataset_returns_matching_ref" time="0.000" /><testcase classname="tests.build.test_readiness_registry_resources_resolver" name="test_registry_derives_schemas_and_detects_duplicates" time="0.001" /><testcase classname="tests.build.test_hamilton_phase1.TestHamiltonBuildResult" name="test_result_has_skipped_targets" time="0.000" /><testcase classname="tests.build.test_hamilton_phase1.TestForceFlag" name="test_force_targets_default_empty" time="0.000" /><testcase classname="tests.build.test_providers" name="test_subprocess_runner_is_available" time="0.001" /><testcase classname="tests.build.test_hamilton_phase1.TestForceFlag" name="test_build_env_has_force_targets" time="0.001" /><testcase classname="tests.build.test_hamilton_phase1.TestDatasetRef" name="test_dataset_ref_creation" time="0.000" /><testcase classname="tests.build.test_errors" name="test_plugin_execution_error_chains_actionable_hint" time="0.001" /><testcase classname="tests.build.test_hamilton_phase1.TestRunTracking" name="test_result_includes_run_id" time="0.000" /><testcase classname="tests.build.test_registry.TestTargetRegistry" name="test_target_names_are_unique" time="0.000" /><testcase classname="tests.build.test_registry" name="test_key_targets_are_registered[modules]" time="0.001" /><testcase classname="tests.build.test_registry.TestTargetRegistry" name="test_registry_not_empty" time="0.000" /><testcase classname="tests.build.test_registry" name="test_key_targets_are_registered[ast]" time="0.000" /><testcase classname="tests.build.test_registry.TestTargetRegistry" name="test_get_target_graph_is_cached" time="0.001" /><testcase classname="tests.build.test_registry.TestTargetRegistry" name="test_no_cycles_in_registry" time="0.001" /><testcase classname="tests.build.test_providers" name="test_coverage_collector_missing_file[asyncio]" time="0.002" /><testcase classname="tests.build.test_registry.TestTargetRegistry" name="test_topological_order_includes_all_deps" time="0.000" /><testcase classname="tests.build.test_providers" name="test_subprocess_runner_timeout[asyncio]" time="0.002" /><testcase classname="tests.build.test_hamilton_phase1.TestUpstreamFailureGating" name="test_upstream_failed_error_format" time="0.000" /><testcase classname="tests.build.test_registry.TestTargetRegistry" name="test_all_targets_have_tables" time="0.000" /><testcase classname="tests.build.test_errors" name="test_build_error_collection_operations" time="0.001" /><testcase classname="tests.build.test_registry_consistency.TestRegistryConsistency" name="test_all_targets_registered_in_unified_registry" time="0.001" /><testcase classname="tests.build.test_state.TestTargetState" name="test_create_current_state" time="0.000" /><testcase classname="tests.build.test_registry.TestTargetsByModule" name="test_module_distribution_reasonable" time="0.000" /><testcase classname="tests.build.test_state.TestBuildState" name="test_by_status_stale" time="0.000" /><testcase classname="tests.build.test_state.TestBuildState" name="test_create_build_state" time="0.000" /><testcase classname="tests.build.test_hamilton_phase1.TestNodeFactory" name="test_build_target_module_respects_exclude" time="0.006" /><testcase classname="tests.build.test_registry" name="test_key_targets_are_registered[scip]" time="0.001" /><testcase classname="tests.build.test_registry.TestTargetRegistry" name="test_profiles_target_has_dependencies" time="0.000" /><testcase classname="tests.build.test_registry.TestTargetRegistry" name="test_modules_target_has_no_dependencies" time="0.000" /><testcase classname="tests.build.test_hashing_plan_targets" name="test_build_run_record_to_dict_handles_none_fields" time="0.000" /><testcase classname="tests.build.test_readiness_registry_resources_resolver" name="test_target_resources_and_execution_helpers" time="0.000" /><testcase classname="tests.build.test_state.TestTargetState" name="test_create_missing_state" time="0.000" /><testcase classname="tests.build.test_registry_consistency.TestRegistryConsistency" name="test_targets_with_plugin_field_have_implementations" time="0.000" /><testcase classname="tests.build.test_registry.TestTargetRegistry" name="test_get_target_graph_succeeds" time="0.001" /><testcase classname="tests.build.test_registry.TestTargetsByModule" name="test_ingestion_targets_exist" time="0.000" /><testcase classname="tests.build.test_state.TestBuildState" name="test_by_status_current" time="0.000" /><testcase classname="tests.build.test_registry.TestTargetRegistry" name="test_all_targets_have_valid_modules" time="0.000" /><testcase classname="tests.build.test_hamilton_phase1.TestNodeFactory" name="test_build_target_module_has_target_to_node" time="0.006" /><testcase classname="tests.build.test_state.TestBuildState" name="test_by_status_blocked" time="0.000" /><testcase classname="tests.build.test_state.TestBuildState" name="test_get_nonexistent_target_raises" time="0.001" /><testcase classname="tests.build.test_registry" name="test_key_targets_are_registered[call_graph]" time="0.000" /><testcase classname="tests.build.test_registry.TestTargetRegistry" name="test_ingestion_targets_come_before_graphs" time="0.000" /><testcase classname="tests.build.test_registry.TestTargetsByModule" name="test_analytics_targets_exist" time="0.000" /><testcase classname="tests.build.test_registry" name="test_key_targets_are_registered[goids]" time="0.001" /><testcase classname="tests.build.test_state.TestTargetState" name="test_create_stale_state" time="0.000" /><testcase classname="tests.build.test_registry.TestTargetsByModule" name="test_graphs_targets_exist" time="0.001" /><testcase classname="tests.build.test_state.TestTargetState" name="test_create_blocked_state" time="0.000" /><testcase classname="tests.build.test_hashing_plan_targets" name="test_compute_input_hash_differentiates_dependency_hashes" time="0.001" /><testcase classname="tests.build.test_state.TestBuildState" name="test_get_existing_target" time="0.000" /><testcase classname="tests.build.test_state.TestBuildState" name="test_by_status_missing" time="0.000" /><testcase classname="tests.build.test_registry" name="test_key_targets_are_registered[function_metrics]" time="0.001" /><testcase classname="tests.build.test_state.TestBuildState" name="test_is_current" time="0.001" /><testcase classname="tests.build.test_hashing_plan_targets" name="test_compute_options_hash_json_and_fallback" time="0.001" /><testcase classname="tests.build.test_registry" name="test_key_targets_are_registered[profiles]" time="0.001" /><testcase classname="tests.build.test_hamilton_phase1.TestObservability" name="test_list_execution_targets" time="0.027" /><testcase classname="tests.build.test_targets.TestTargetGraph" name="test_transitive_deps" time="0.001" /><testcase classname="tests.build.test_targets.TestTargetGraph" name="test_all_targets" time="0.001" /><testcase classname="tests.build.test_targets.TestTargetGraph" name="test_register_target" time="0.001" /><testcase classname="tests.build.test_unified_registry_plugins" name="test_unified_registry_instantiates_plugins" time="0.001" /><testcase classname="tests.build.test_targets.TestOutputTarget" name="test_create_target_with_all_fields" time="0.001" /><testcase classname="tests.build.test_targets.TestTargetGraph" name="test_targets_for_module" time="0.001" /><testcase classname="tests.build.test_targets.TestOutputTarget" name="test_create_target_with_required_fields" time="0.001" /><testcase classname="tests.build.test_hamilton_phase0.TestDriverFactory" name="test_driver_has_expected_nodes" time="0.040" /><testcase classname="tests.build.test_hamilton_phase0.TestDriverFactory" name="test_target_to_node_name_maps_correctly" time="0.001" /><testcase classname="tests.build.test_targets.TestTargetGraph" name="test_validate_valid_graph" time="0.004" /><testcase classname="tests.build.test_providers" name="test_scip_parse_success[asyncio]" time="0.008" /><testcase classname="tests.build.test_state_computer.TestStateComputer" name="test_missing_status_when_no_manifest" time="2.418" /><testcase classname="tests.build.test_state.TestValidateBlockedTargets" name="test_multiple_blocking_dependencies" time="2.464" /><testcase classname="tests.build.test_state.TestValidateBlockedTargets" name="test_blocked_by_stale_dependency" time="2.533" /><testcase classname="tests.build.test_state_computer.TestStateComputer" name="test_stale_status_when_hash_differs" time="2.530" /><testcase classname="tests.build.test_targets.TestTargetGraph" name="test_topological_order_multiple_roots" time="0.001" /><testcase classname="tests.build.test_targets.TestTargetGraph" name="test_iterate_over_graph" time="0.001" /><testcase classname="tests.build.test_state.TestValidateBlockedTargets" name="test_cascade_blocking" time="2.695" /><testcase classname="tests.build.test_state.TestValidateTarget" name="test_validate_nonexistent_target_raises" time="2.720" /><testcase classname="tests.build.test_targets.TestOutputTarget" name="test_target_is_frozen" time="0.001" /><testcase classname="tests.build.test_state.TestStateValidatorInit" name="test_invalid_graph_raises" time="2.732" /><testcase classname="tests.build.test_state_computer.TestStateComputer" name="test_build_state_query_methods" time="2.750" /><testcase classname="tests.build.test_targets.TestTargetGraph" name="test_dependents_of" time="0.001" /><testcase classname="tests.build.test_targets.TestTargetGraph" name="test_dependencies_of" time="0.001" /><testcase classname="tests.build.test_state.TestEdgeCases" name="test_empty_graph" time="2.779" /><testcase classname="tests.build.test_targets.TestTargetGraph" name="test_get_nonexistent_raises" time="0.001" /><testcase classname="tests.build.test_state.TestWithRealRegistry" name="test_validate_with_real_registry" time="2.814" /><testcase classname="tests.build.test_state.TestValidateTarget" name="test_validate_single_target" time="2.792" /><testcase classname="tests.build.test_state.TestStateValidatorInit" name="test_create_validator" time="2.817" /><testcase classname="tests.build.test_state.TestValidateCurrentTargets" name="test_single_current_target" time="2.830" /><testcase classname="tests.build.test_state.TestEdgeCases" name="test_manifest_for_unknown_target_logged" time="2.835"><failure message="AssertionError: Expected condition to be True.">test_graph = TargetGraph(_targets={'modules': OutputTarget(name='modules', module='ingestion', plugin='repo_scan', contract=OutputC...st'}, 'ast': {'goids', 'function_metrics'}, 'goids': {'function_metrics'}, 'typing': set(), 'function_metrics': set()})
fresh_gateway = DuckDBGateway(config=StorageConfig(db_path=PosixPath(':memory:'), read_only=False, apply_schema=True, ensure_views=Tru...), graph=GraphTables(gateway=...), runs=PipelineRunTracking(con=&lt;_duckdb.DuckDBPyConnection object at 0x6ffff229ed70&gt;))
snapshot = SnapshotRef(repo='test-org/test-repo', commit='abc123', repo_root=PosixPath('/tmp/pytest-of-paul/pytest-44/popen-gw16/test_manifest_for_unknown_targ0/repo'), branch=None)
caplog = &lt;_pytest.logging.LogCaptureFixture object at 0x70002d9e6120&gt;

    @staticmethod
    def test_manifest_for_unknown_target_logged(
        test_graph: TargetGraph,
        fresh_gateway: StorageGateway,
        snapshot: SnapshotRef,
        caplog: pytest.LogCaptureFixture,
    ) -&gt; None:
        """Manifest for unknown target should be logged but not crash."""
        unknown_manifest = OutputManifest(
            target="unknown_target",
            repo=snapshot.repo,
            commit=snapshot.commit,
            plugin="unknown_plugin",
            computed_at=datetime.now(tz=UTC),
            duration_ms=100.0,
            input_hash="hash123",
        )
        fresh_gateway.build.save_manifest(unknown_manifest)
    
        validator = StateValidator(test_graph, fresh_gateway, snapshot)
    
        with caplog.at_level("WARNING"):
            state = validator.validate()
    
        expect_is_not_none(state)
    
&gt;       expect_true("unknown_target" in caplog.text or len(caplog.records) &gt; 0)

tests/build/test_state.py:782: 
_ _ _ _ _ _ _ _ _ _ _ _ _ _ _ _ _ _ _ _ _ _ _ _ _ _ _ _ _ _ _ _ _ _ _ _ _ _ _ _ 

condition = False

    def expect_true(condition: object, *, message: str | None = None) -&gt; None:
        """Raise AssertionError when a boolean condition is not satisfied.
    
        Parameters
        ----------
        condition
            Value that must evaluate to True.
        message
            Optional override for the assertion message.
    
        Raises
        ------
        AssertionError
            If the condition evaluates to False.
        """
        if not condition:
&gt;           raise AssertionError(message or "Expected condition to be True.")
E           AssertionError: Expected condition to be True.

tests/_helpers/assertions/expectation_assertions.py:41: AssertionError</failure></testcase><testcase classname="tests.build.test_targets.TestTargetGraph" name="test_get_target" time="0.001" /><testcase classname="tests.build.test_targets.TestTargetGraph" name="test_validate_missing_dependency" time="0.001" /><testcase classname="tests.build.test_state.TestValidateCurrentTargets" name="test_chain_of_current_targets" time="2.863" /><testcase classname="tests.build.test_state.TestValidateBlockedTargets" name="test_blocked_by_missing_dependency" time="2.857" /><testcase classname="tests.build.test_targets.TestTargetGraph" name="test_topological_order_cycle_raises" time="0.001" /><testcase classname="tests.build.test_state.TestValidateEmptyDatabase" name="test_all_targets_missing" time="2.863" /><testcase classname="tests.build.test_state_computer.TestStateComputer" name="test_current_status_when_hash_matches" time="2.864" /><testcase classname="tests.build.test_state.TestValidateStaleTargets" name="test_stale_due_to_input_hash_mismatch" time="2.881" /><testcase classname="tests.build.test_targets.TestTargetGraph" name="test_register_duplicate_raises" time="0.001" /><testcase classname="tests.build.test_state.TestWithRealRegistry" name="test_real_registry_target_count" time="2.900" /><testcase classname="tests.build.test_targets.TestTargetGraph" name="test_topological_order_simple" time="0.001" /><testcase classname="tests.build.test_state_computer.TestStateValidatorEquivalence" name="test_validator_and_computer_agree_on_current" time="2.079" /><testcase classname="tests.build.test_state_computer.TestStateComputer" name="test_compute_single_target" time="2.056" /><testcase classname="tests.build.test_state_computer.TestStateComputer" name="test_blocked_when_dependency_stale" time="2.035" /><testcase classname="tests.build.test_state_computer.TestStateComputer" name="test_session_caching_efficiency" time="2.036"><failure message="AssertionError: Expected cached hash count">fresh_gateway = DuckDBGateway(config=StorageConfig(db_path=PosixPath(':memory:'), read_only=False, apply_schema=True, ensure_views=Tru...), graph=GraphTables(gateway=...), runs=PipelineRunTracking(con=&lt;_duckdb.DuckDBPyConnection object at 0x77ce10383970&gt;))
tmp_path = PosixPath('/tmp/pytest-of-paul/pytest-44/popen-gw12/test_session_caching_efficienc0')

    @staticmethod
    def test_session_caching_efficiency(
        fresh_gateway: StorageGateway,
        tmp_path: Path,
    ) -&gt; None:
        """Session caches hashes to avoid redundant computation."""
        target = OutputTarget(
            name="cached",
            module="ingestion",
            plugin="test_plugin",
            dependencies=(),
            contract=EMPTY_CONTRACT,
        )
    
        graph = TargetGraph()
        graph.register(target)
    
        snapshot = make_snapshot(tmp_path)
        session = BuildSession(snapshot=snapshot, gateway=fresh_gateway)
        computer = StateComputer(graph=graph, session=session)
    
        # Compute multiple times
        state1 = computer.compute_all()
        state2 = computer.compute_all()
    
        # Session should have cached the hash
&gt;       expect_true(session.cached_hash_count &gt;= 1, message="Expected cached hash count")

tests/build/test_state_computer.py:357: 
_ _ _ _ _ _ _ _ _ _ _ _ _ _ _ _ _ _ _ _ _ _ _ _ _ _ _ _ _ _ _ _ _ _ _ _ _ _ _ _ 

condition = False

    def expect_true(condition: object, *, message: str | None = None) -&gt; None:
        """Raise AssertionError when a boolean condition is not satisfied.
    
        Parameters
        ----------
        condition
            Value that must evaluate to True.
        message
            Optional override for the assertion message.
    
        Raises
        ------
        AssertionError
            If the condition evaluates to False.
        """
        if not condition:
&gt;           raise AssertionError(message or "Expected condition to be True.")
E           AssertionError: Expected cached hash count

tests/_helpers/assertions/expectation_assertions.py:41: AssertionError</failure></testcase><testcase classname="tests.build.test_state_computer.TestStateValidatorEquivalence" name="test_validator_and_computer_agree_on_missing" time="2.001" /><testcase classname="tests.build.test_state_computer.TestStateComputer" name="test_blocked_when_dependency_missing" time="2.065" /><testcase classname="tests.build.test_state_computer.TestStateValidatorEquivalence" name="test_validator_and_computer_agree_on_blocked" time="2.053" /></testsuite></testsuites>