<?xml version="1.0" encoding="utf-8"?><testsuites name="pytest tests"><testsuite name="pytest" errors="0" failures="2" skipped="0" tests="6" time="6.225" timestamp="2025-12-18T00:48:50.243507-05:00" hostname="paul-X870-AORUS-ELITE-WIFI7"><testcase classname="tests.build.hamilton.test_executor_pipeline_template" name="test_execution_result_contract" time="0.001" /><testcase classname="tests.build.hamilton.test_executor_pipeline_template" name="test_executor_materialize_success" time="1.386" /><testcase classname="tests.build.hamilton.test_executor_pipeline_template" name="test_executor_materialize_failure" time="1.203" /><testcase classname="tests.build.hamilton.test_executor_pipeline_template" name="test_executor_materialize_failure_default_error" time="1.175" /><testcase classname="tests.build.hamilton.test_executor_pipeline_template" name="test_executor_pipeline_via_subdag_success" time="1.177"><failure message="ValueError: Error: t__goids.duckdb_record is expecting t__goids.materialization:MaterializationMetadata, but found t__goids.materialization:dict[str, object]. &#10;Hamilton does not consider these types to be equivalent. If you believe they are equivalent, please reach out to the developers. Note that, if you have types that are equivalent for your purposes, you can create a graph adapter that checks the types against each other in a more lenient manner.">fresh_gateway = DuckDBGateway(config=StorageConfig(db_path=PosixPath(':memory:'), read_only=False, apply_schema=True, ensure_views=Tru...), graph=GraphTables(gateway=...), runs=PipelineRunTracking(con=&lt;_duckdb.DuckDBPyConnection object at 0x7c93d01ae970&gt;))
tmp_path = PosixPath('/tmp/pytest-of-paul/pytest-224/test_executor_pipeline_via_sub0')

    def test_executor_pipeline_via_subdag_success(
        fresh_gateway: StorageGateway,
        tmp_path: Path,
    ) -&gt; None:
        """Verify materialize_template works via @subdag with successful compute."""
        repo = "test/repo"
        commit = "abc123"
        snapshot = SnapshotRef(repo=repo, commit=commit, repo_root=tmp_path / "repo")
        env = _make_env(gateway=fresh_gateway, snapshot=snapshot)
        graph = _make_graph()
    
        compute_result = ExecutionResult.ok(table_counts={"core.goids": 42, "core.goid_crosswalk": 21})
        module = _build_subdag_module(compute_result)
    
&gt;       driver = h_driver.Builder().with_modules(module).build()
                 ^^^^^^^^^^^^^^^^^^^^^^^^^^^^^^^^^^^^^^^^^^^^^^^

tests/build/hamilton/test_executor_pipeline_template.py:244: 
_ _ _ _ _ _ _ _ _ _ _ _ _ _ _ _ _ _ _ _ _ _ _ _ _ _ _ _ _ _ _ _ _ _ _ _ _ _ _ _ 
.venv/lib/python3.13/site-packages/hamilton/driver.py:2189: in build
    return Driver(
.venv/lib/python3.13/site-packages/hamilton/driver.py:492: in __init__
    raise e
.venv/lib/python3.13/site-packages/hamilton/driver.py:466: in __init__
    self.graph = graph.FunctionGraph.from_modules(
.venv/lib/python3.13/site-packages/hamilton/graph.py:753: in from_modules
    nodes = create_function_graph(
.venv/lib/python3.13/site-packages/hamilton/graph.py:199: in create_function_graph
    nodes = update_dependencies(nodes, adapter, reset_dependencies=False)  # no dependencies
            ^^^^^^^^^^^^^^^^^^^^^^^^^^^^^^^^^^^^^^^^^^^^^^^^^^^^^^^^^^^^^
.venv/lib/python3.13/site-packages/hamilton/graph.py:158: in update_dependencies
    add_dependency(n, node_name, nodes, param_name, param_type, adapter)
_ _ _ _ _ _ _ _ _ _ _ _ _ _ _ _ _ _ _ _ _ _ _ _ _ _ _ _ _ _ _ _ _ _ _ _ _ _ _ _ 

func_node = &lt;t__goids.duckdb_record {'module': 'codeintel.build.hamilton.templates.materialize_template', 'node_type': 'materialize', 'hamilton.non_final_node': True}&gt;
func_name = 't__goids.duckdb_record'
nodes = {'t__goids': &lt;t__goids {'module': 'tests.build.hamilton._executor_pipeline_case', 'domain': 'graphs', 'target': 'goids...materialize', 'hamilton.non_final_node': True}&gt;, 't__goids.env': &lt;t__goids.env {'hamilton.non_final_node': True}&gt;, ...}
param_name = 't__goids.materialization', param_type = MaterializationMetadata
adapter = &lt;hamilton.lifecycle.base.LifecycleAdapterSet object at 0x7c93d2fcfce0&gt;

    def add_dependency(
        func_node: node.Node,
        func_name: str,
        nodes: Dict[str, node.Node],
        param_name: str,
        param_type: Type,
        adapter: lifecycle_base.LifecycleAdapterSet,
    ):
        """Adds dependencies to the node objects.
    
        This will add user defined inputs to the dictionary of nodes in the graph.
    
        :param func_node: the node we're pulling dependencies from.
        :param func_name: the name of the function we're inspecting.
        :param nodes: nodes representing the graph. This function mutates this object and underlying objects.
        :param param_name: the parameter name we're looking for/adding as a dependency.
        :param param_type: the type of the parameter.
        :param adapter: The adapter that adapts our node type checking based on the context.
        """
        adapter_checks_types = adapter.does_method("do_check_edge_types_match", is_async=False)
        if param_name in nodes:
            # validate types match
            required_node: Node = nodes[param_name]
            types_do_match = types_match(param_type, required_node.type)
            types_do_match |= adapter_checks_types and adapter.call_lifecycle_method_sync(
                "do_check_edge_types_match",
                type_from=param_type,
                type_to=required_node.type,
            )
            if not types_do_match and required_node.user_defined:
                # check the case that two input type expectations are compatible, e.g. is one a subset of the other
                # this could be the case when one is a union and the other is a subset of that union
                # which is fine for inputs. If they are not compatible, we raise an error.
                types_are_compatible = types_match(required_node.type, param_type)
                types_are_compatible |= adapter_checks_types and adapter.call_lifecycle_method_sync(
                    "do_check_edge_types_match",
                    type_from=param_type,
                    type_to=required_node.type,
                )
                if not types_are_compatible:
                    raise ValueError(
                        f"Error: Two or more functions are requesting {param_name}, but have incompatible types. "
                        f"{func_name} requires {param_name} to be {param_type}, but found another function(s) "
                        f"{[f.__name__ for f in required_node.originating_functions]} that minimally require {param_name} "
                        f"as {required_node.type}. Please fix this by ensuring that all functions requesting {param_name} "
                        f"have compatible types. If you believe they are equivalent, please reach out to the developers. "
                        f"Note that, if you have types that are equivalent for your purposes, you can create a "
                        f"graph adapter that checks the types against each other in a more lenient manner."
                    )
                else:
                    # replace the current type with this "tighter" type.
                    required_node.set_type(param_type)
                    # add to the originating functions
                    for og_func in func_node.originating_functions:
                        required_node.add_originating_function(og_func)
            elif not types_do_match:
&gt;               raise ValueError(
                    f"Error: {func_name} is expecting {param_name}:{param_type}, but found "
                    f"{param_name}:{required_node.type}. \nHamilton does not consider these types to be "
                    f"equivalent. If you believe they are equivalent, please reach out to the developers. "
                    f"Note that, if you have types that are equivalent for your purposes, you can create a "
                    f"graph adapter that checks the types against each other in a more lenient manner."
                )
E               ValueError: Error: t__goids.duckdb_record is expecting t__goids.materialization:MaterializationMetadata, but found t__goids.materialization:dict[str, object]. 
E               Hamilton does not consider these types to be equivalent. If you believe they are equivalent, please reach out to the developers. Note that, if you have types that are equivalent for your purposes, you can create a graph adapter that checks the types against each other in a more lenient manner.

.venv/lib/python3.13/site-packages/hamilton/graph.py:113: ValueError</failure></testcase><testcase classname="tests.build.hamilton.test_executor_pipeline_template" name="test_executor_pipeline_via_subdag_failure" time="1.172"><failure message="ValueError: Error: t__goids.duckdb_record is expecting t__goids.materialization:MaterializationMetadata, but found t__goids.materialization:dict[str, object]. &#10;Hamilton does not consider these types to be equivalent. If you believe they are equivalent, please reach out to the developers. Note that, if you have types that are equivalent for your purposes, you can create a graph adapter that checks the types against each other in a more lenient manner.">fresh_gateway = DuckDBGateway(config=StorageConfig(db_path=PosixPath(':memory:'), read_only=False, apply_schema=True, ensure_views=Tru...), graph=GraphTables(gateway=...), runs=PipelineRunTracking(con=&lt;_duckdb.DuckDBPyConnection object at 0x7c93d0177a30&gt;))
tmp_path = PosixPath('/tmp/pytest-of-paul/pytest-224/test_executor_pipeline_via_sub1')

    def test_executor_pipeline_via_subdag_failure(
        fresh_gateway: StorageGateway,
        tmp_path: Path,
    ) -&gt; None:
        """Verify materialize_template works via @subdag with failed compute."""
        repo = "test/repo"
        commit = "abc123"
        snapshot = SnapshotRef(repo=repo, commit=commit, repo_root=tmp_path / "repo")
        env = _make_env(gateway=fresh_gateway, snapshot=snapshot)
        graph = _make_graph()
    
        compute_result = ExecutionResult.failed("Test failure")
        module = _build_subdag_module(compute_result)
    
&gt;       driver = h_driver.Builder().with_modules(module).build()
                 ^^^^^^^^^^^^^^^^^^^^^^^^^^^^^^^^^^^^^^^^^^^^^^^

tests/build/hamilton/test_executor_pipeline_template.py:271: 
_ _ _ _ _ _ _ _ _ _ _ _ _ _ _ _ _ _ _ _ _ _ _ _ _ _ _ _ _ _ _ _ _ _ _ _ _ _ _ _ 
.venv/lib/python3.13/site-packages/hamilton/driver.py:2189: in build
    return Driver(
.venv/lib/python3.13/site-packages/hamilton/driver.py:492: in __init__
    raise e
.venv/lib/python3.13/site-packages/hamilton/driver.py:466: in __init__
    self.graph = graph.FunctionGraph.from_modules(
.venv/lib/python3.13/site-packages/hamilton/graph.py:753: in from_modules
    nodes = create_function_graph(
.venv/lib/python3.13/site-packages/hamilton/graph.py:199: in create_function_graph
    nodes = update_dependencies(nodes, adapter, reset_dependencies=False)  # no dependencies
            ^^^^^^^^^^^^^^^^^^^^^^^^^^^^^^^^^^^^^^^^^^^^^^^^^^^^^^^^^^^^^
.venv/lib/python3.13/site-packages/hamilton/graph.py:158: in update_dependencies
    add_dependency(n, node_name, nodes, param_name, param_type, adapter)
_ _ _ _ _ _ _ _ _ _ _ _ _ _ _ _ _ _ _ _ _ _ _ _ _ _ _ _ _ _ _ _ _ _ _ _ _ _ _ _ 

func_node = &lt;t__goids.duckdb_record {'module': 'codeintel.build.hamilton.templates.materialize_template', 'node_type': 'materialize', 'hamilton.non_final_node': True}&gt;
func_name = 't__goids.duckdb_record'
nodes = {'t__goids': &lt;t__goids {'module': 'tests.build.hamilton._executor_pipeline_case', 'domain': 'graphs', 'target': 'goids...materialize', 'hamilton.non_final_node': True}&gt;, 't__goids.env': &lt;t__goids.env {'hamilton.non_final_node': True}&gt;, ...}
param_name = 't__goids.materialization', param_type = MaterializationMetadata
adapter = &lt;hamilton.lifecycle.base.LifecycleAdapterSet object at 0x7c93e0177650&gt;

    def add_dependency(
        func_node: node.Node,
        func_name: str,
        nodes: Dict[str, node.Node],
        param_name: str,
        param_type: Type,
        adapter: lifecycle_base.LifecycleAdapterSet,
    ):
        """Adds dependencies to the node objects.
    
        This will add user defined inputs to the dictionary of nodes in the graph.
    
        :param func_node: the node we're pulling dependencies from.
        :param func_name: the name of the function we're inspecting.
        :param nodes: nodes representing the graph. This function mutates this object and underlying objects.
        :param param_name: the parameter name we're looking for/adding as a dependency.
        :param param_type: the type of the parameter.
        :param adapter: The adapter that adapts our node type checking based on the context.
        """
        adapter_checks_types = adapter.does_method("do_check_edge_types_match", is_async=False)
        if param_name in nodes:
            # validate types match
            required_node: Node = nodes[param_name]
            types_do_match = types_match(param_type, required_node.type)
            types_do_match |= adapter_checks_types and adapter.call_lifecycle_method_sync(
                "do_check_edge_types_match",
                type_from=param_type,
                type_to=required_node.type,
            )
            if not types_do_match and required_node.user_defined:
                # check the case that two input type expectations are compatible, e.g. is one a subset of the other
                # this could be the case when one is a union and the other is a subset of that union
                # which is fine for inputs. If they are not compatible, we raise an error.
                types_are_compatible = types_match(required_node.type, param_type)
                types_are_compatible |= adapter_checks_types and adapter.call_lifecycle_method_sync(
                    "do_check_edge_types_match",
                    type_from=param_type,
                    type_to=required_node.type,
                )
                if not types_are_compatible:
                    raise ValueError(
                        f"Error: Two or more functions are requesting {param_name}, but have incompatible types. "
                        f"{func_name} requires {param_name} to be {param_type}, but found another function(s) "
                        f"{[f.__name__ for f in required_node.originating_functions]} that minimally require {param_name} "
                        f"as {required_node.type}. Please fix this by ensuring that all functions requesting {param_name} "
                        f"have compatible types. If you believe they are equivalent, please reach out to the developers. "
                        f"Note that, if you have types that are equivalent for your purposes, you can create a "
                        f"graph adapter that checks the types against each other in a more lenient manner."
                    )
                else:
                    # replace the current type with this "tighter" type.
                    required_node.set_type(param_type)
                    # add to the originating functions
                    for og_func in func_node.originating_functions:
                        required_node.add_originating_function(og_func)
            elif not types_do_match:
&gt;               raise ValueError(
                    f"Error: {func_name} is expecting {param_name}:{param_type}, but found "
                    f"{param_name}:{required_node.type}. \nHamilton does not consider these types to be "
                    f"equivalent. If you believe they are equivalent, please reach out to the developers. "
                    f"Note that, if you have types that are equivalent for your purposes, you can create a "
                    f"graph adapter that checks the types against each other in a more lenient manner."
                )
E               ValueError: Error: t__goids.duckdb_record is expecting t__goids.materialization:MaterializationMetadata, but found t__goids.materialization:dict[str, object]. 
E               Hamilton does not consider these types to be equivalent. If you believe they are equivalent, please reach out to the developers. Note that, if you have types that are equivalent for your purposes, you can create a graph adapter that checks the types against each other in a more lenient manner.

.venv/lib/python3.13/site-packages/hamilton/graph.py:113: ValueError</failure></testcase></testsuite></testsuites>