<?xml version="1.0" encoding="utf-8"?><testsuites name="pytest tests"><testsuite name="pytest" errors="0" failures="0" skipped="0" tests="1544" time="73.218" timestamp="2025-12-04T15:10:20.863459-05:00" hostname="paul-X870-AORUS-ELITE-WIFI7"><testcase classname="tests.analytics.adapters.test_dependencies_adapter" name="test_dependency_call_row_is_frozen" time="0.002" /><testcase classname="tests.analytics.adapters.test_base_adapters" name="test_create_delete_scope" time="0.001" /><testcase classname="tests.analytics.adapters.test_base_adapters" name="test_delete_scope_defaults" time="0.000" /><testcase classname="tests.analytics.adapters.test_dependencies_adapter" name="test_dependency_aggregate_row_creation" time="0.000" /><testcase classname="tests.analytics.adapters.test_base_adapters" name="test_delete_scope_with_columns" time="0.000" /><testcase classname="tests.analytics.adapters.test_base_adapters" name="test_delete_scope_is_frozen" time="0.007" /><testcase classname="tests.analytics.adapters.test_dependencies_adapter" name="test_dependency_aggregate_row_optional_fields" time="0.001" /><testcase classname="tests.analytics.compute.test_dependencies_classification" name="test_severity_score_known_levels[high-3.0]" time="0.004" /><testcase classname="tests.analytics.compute.test_dependencies_detection.TestSeverityScore" name="test_known_severities[info-0.5]" time="0.002" /><testcase classname="tests.analytics.compute.test_dependencies_detection.TestSeverityScore" name="test_returns_none_for_none" time="0.004" /><testcase classname="tests.analytics.compute.test_dependencies_classification" name="test_risk_score_none_severity" time="0.009" /><testcase classname="tests.analytics.compute.test_dependencies_classification" name="test_requests_http_get" time="0.001" /><testcase classname="tests.analytics.compute.test_dependencies_classification" name="test_pattern_no_match_prefix_with_none_method" time="0.007" /><testcase classname="tests.analytics.compute.test_dependencies_classification" name="test_sqlalchemy_select_query" time="0.004" /><testcase classname="tests.analytics.adapters.test_dependencies_adapter" name="test_dependency_aggregate_row_numeric_fields" time="0.007" /><testcase classname="tests.analytics.adapters.test_dependencies_adapter" name="test_dependency_aggregate_row_list_fields" time="0.001" /><testcase classname="tests.analytics.compute.test_functions_complexity.TestComputeComplexityControlFlow" name="test_and_or_add_complexity" time="0.004" /><testcase classname="tests.analytics.compute.test_functions_complexity.TestComputeComplexityNesting" name="test_flat_function_depth_zero" time="0.004" /><testcase classname="tests.analytics.compute.test_functions_complexity.TestComputeComplexityNesting" name="test_single_if_depth_one" time="0.001" /><testcase classname="tests.analytics.compute.test_functions_complexity.TestComputeComplexityNesting" name="test_nested_depth" time="0.004" /><testcase classname="tests.analytics.compute.test_functions_signatures" name="test_extract_non_function_node" time="0.005" /><testcase classname="tests.analytics.compute.test_functions_signatures" name="test_extract_method_with_self" time="0.002" /><testcase classname="tests.analytics.compute.test_functions_signatures" name="test_extract_classmethod" time="0.002" /><testcase classname="tests.analytics.compute.test_dependencies_detection.TestSeverityScore" name="test_returns_none_for_unknown" time="0.001" /><testcase classname="tests.analytics.compute.test_functions_signatures" name="test_realistic_api_handler" time="0.002" /><testcase classname="tests.analytics.compute.test_functions_signatures" name="test_realistic_test_function" time="0.003" /><testcase classname="tests.analytics.compute.test_dependencies_classification" name="test_pattern_no_match_empty_pattern" time="0.000" /><testcase classname="tests.analytics.compute.test_dependencies_classification" name="test_risk_score_none_criticality" time="0.005" /><testcase classname="tests.analytics.compute.test_dependencies_classification" name="test_risk_score_unknown_severity" time="0.008" /><testcase classname="tests.analytics.compute.test_functions_signatures" name="test_extract_var_keyword_param" time="0.008" /><testcase classname="tests.analytics.compute.test_functions_signatures" name="test_extract_keyword_only_param" time="0.002" /><testcase classname="tests.analytics.compute.test_functions_signatures" name="test_extract_complex_signature_all_kinds" time="0.003" /><testcase classname="tests.analytics.compute.test_dependencies_classification" name="test_sqlalchemy_insert_is_write" time="0.000" /><testcase classname="tests.analytics.compute.test_dependencies_classification" name="test_sqlalchemy_delete_is_critical" time="0.004" /><testcase classname="tests.analytics.compute.test_graphs_conversions.TestSafeFloat" name="test_converts_string[0.0-0.0]" time="0.015" /><testcase classname="tests.analytics.compute.test_functions_complexity.TestComplexityBuckets" name="test_medium_complexity_bucket" time="0.008" /><testcase classname="tests.analytics.compute.test_functions_complexity.TestComplexityBuckets" name="test_complexity_thresholds_defined" time="0.006" /><testcase classname="tests.analytics.compute.test_dependencies_detection.TestDependencyCallDataclass" name="test_required_fields" time="0.004" /><testcase classname="tests.analytics.compute.test_dependencies_detection.TestDependencyCallDataclass" name="test_optional_fields_defaults" time="0.012" /><testcase classname="tests.analytics.compute.test_functions_signatures" name="test_extract_staticmethod" time="0.002" /><testcase classname="tests.analytics.compute.test_graphs_centrality" name="test_pagerank_custom_alpha" time="0.094" /><testcase classname="tests.analytics.compute.test_dependencies_classification" name="test_severity_score_known_levels[medium-2.0]" time="0.001" /><testcase classname="tests.analytics.compute.test_dependencies_classification" name="test_severity_score_known_levels[low-1.0]" time="0.001" /><testcase classname="tests.analytics.compute.test_dependencies_classification" name="test_severity_score_known_levels[info-0.5]" time="0.001" /><testcase classname="tests.analytics.compute.test_dependencies_classification" name="test_severity_score_unknown_returns_none" time="0.000" /><testcase classname="tests.analytics.compute.test_graphs_conversions.TestToDecimalId" name="test_converts_integers[456-expected2]" time="0.006" /><testcase classname="tests.analytics.compute.test_graphs_conversions.TestToDecimalId" name="test_converts_integers[0-expected3]" time="0.003" /><testcase classname="tests.analytics.compute.test_graphs_conversions.TestToDecimalId" name="test_converts_integers[-1-expected4]" time="0.001" /><testcase classname="tests.analytics.compute.test_graphs_conversions.TestToDecimalId" name="test_converts_string_integers[123-expected0]" time="0.001" /><testcase classname="tests.analytics.compute.test_dependencies_detection.TestSeverityScore" name="test_severity_scores_constant" time="0.000" /><testcase classname="tests.analytics.compute.test_dependencies_detection.TestRiskScore" name="test_computes_product[high-3.0-9.0]" time="0.001" /><testcase classname="tests.analytics.compute.test_dependencies_detection.TestRiskScore" name="test_computes_product[medium-2.0-4.0]" time="0.001" /><testcase classname="tests.analytics.adapters.test_dependencies_adapter" name="test_dependency_aggregate_row_is_frozen" time="0.000" /><testcase classname="tests.analytics.compute.test_dependencies_detection.TestRiskLevel" name="test_risk_levels[modes1-1-high]" time="0.007" /><testcase classname="tests.analytics.compute.test_dependencies_detection.TestRiskLevel" name="test_risk_levels[modes2-5-high]" time="0.020" /><testcase classname="tests.analytics.compute.test_functions_complexity.TestComputeComplexityCounts" name="test_return_count" time="0.001" /><testcase classname="tests.analytics.compute.test_functions_complexity.TestComputeComplexityCounts" name="test_yield_count" time="0.001" /><testcase classname="tests.analytics.compute.test_functions_complexity.TestComputeComplexityCounts" name="test_raise_count" time="0.001" /><testcase classname="tests.analytics.compute.test_functions_complexity.TestComputeComplexityAttributes" name="test_has_docstring" time="0.000" /><testcase classname="tests.analytics.compute.test_graphs_conversions.TestNormalizeNodeId" name="test_preserves_non_digit_strings[func_name-func_name]" time="0.003" /><testcase classname="tests.analytics.compute.test_graphs_centrality" name="test_betweenness_normalized" time="0.024" /><testcase classname="tests.analytics.compute.test_dependencies_detection.TestDependencyCallVisitor" name="test_detects_simple_call" time="0.017" /><testcase classname="tests.analytics.compute.test_dependencies_detection.TestDependencyCallVisitor" name="test_detects_multiple_calls" time="0.009" /><testcase classname="tests.analytics.compute.test_dependencies_detection.TestDependencyModePattern" name="test_multiple_match_conditions" time="0.014" /><testcase classname="tests.analytics.compute.test_dependencies_detection.TestClassifyModes" name="test_matches_single_mode" time="0.000" /><testcase classname="tests.analytics.compute.test_dependencies_classification" name="test_redis_get_by_prefix" time="0.000" /><testcase classname="tests.analytics.compute.test_dependencies_classification" name="test_redis_flushall_is_admin" time="0.000" /><testcase classname="tests.analytics.compute.test_dependencies_classification" name="test_risk_assessment_write_operations" time="0.000" /><testcase classname="tests.analytics.compute.test_dependencies_classification" name="test_risk_assessment_frequent_reads" time="0.000" /><testcase classname="tests.analytics.compute.test_graphs_conversions.TestNormalizeDecimalId" name="test_converts_decimal_to_int[input_val0-123]" time="0.002" /><testcase classname="tests.analytics.compute.test_graphs_conversions.TestNormalizeDecimalId" name="test_converts_decimal_to_int[input_val1-0]" time="0.001" /><testcase classname="tests.analytics.compute.test_graphs_conversions.TestNormalizeDecimalId" name="test_converts_decimal_to_int[input_val2--456]" time="0.001" /><testcase classname="tests.analytics.compute.test_graphs_conversions.TestNormalizeDecimalId" name="test_converts_decimal_to_int[input_val3-999999999999999999]" time="0.001" /><testcase classname="tests.analytics.compute.test_graphs_conversions.TestNormalizeDecimalId" name="test_decodes_bytes[123-123]" time="0.001" /><testcase classname="tests.analytics.compute.test_graphs_conversions.TestNormalizeDecimalId" name="test_decodes_bytes[456-456]" time="0.001" /><testcase classname="tests.analytics.compute.test_graphs_conversions.TestNormalizeDecimalId" name="test_decodes_bytes[0-0]" time="0.001" /><testcase classname="tests.analytics.compute.test_graphs_conversions.TestNormalizeDecimalId" name="test_decodes_bytearray[input_val0-123]" time="0.001" /><testcase classname="tests.analytics.compute.test_graphs_conversions.TestNormalizeDecimalId" name="test_decodes_bytearray[input_val1-789]" time="0.001" /><testcase classname="tests.analytics.compute.test_graphs_conversions.TestNormalizeDecimalId" name="test_returns_none_for_invalid_bytes" time="0.000" /><testcase classname="tests.analytics.compute.test_graphs_conversions.TestNormalizeDecimalId" name="test_returns_none_for_non_numeric_bytes" time="0.000" /><testcase classname="tests.analytics.compute.test_dependencies_detection.TestDependencyCallVisitor" name="test_ignores_non_dependency_calls" time="0.001" /><testcase classname="tests.analytics.compute.test_dependencies_detection.TestDependencyCallVisitor" name="test_ignores_unknown_libraries" time="0.000" /><testcase classname="tests.analytics.compute.test_dependencies_detection.TestDependencyCallVisitor" name="test_captures_snippet" time="0.001" /><testcase classname="tests.analytics.compute.test_dependencies_detection.TestGroupCallsByLibrary" name="test_groups_by_library" time="0.000" /><testcase classname="tests.analytics.compute.test_dependencies_detection.TestGroupCallsByLibrary" name="test_empty_list" time="0.001" /><testcase classname="tests.analytics.compute.test_dependencies_detection.TestGroupCallsByLibrary" name="test_single_library" time="0.000" /><testcase classname="tests.analytics.compute.test_dependencies_detection.TestBuildAliasMaps" name="test_builds_maps_for_multiple_files" time="0.002" /><testcase classname="tests.analytics.compute.test_dependencies_detection.TestBuildAliasMaps" name="test_handles_missing_files" time="0.001" /><testcase classname="tests.analytics.compute.test_functions_complexity.TestComputeComplexityAttributes" name="test_no_docstring" time="0.000" /><testcase classname="tests.analytics.compute.test_functions_complexity.TestComputeComplexityAttributes" name="test_async_function" time="0.000" /><testcase classname="tests.analytics.compute.test_functions_complexity.TestComputeComplexityAttributes" name="test_decorator_count" time="0.000" /><testcase classname="tests.analytics.compute.test_dependencies_detection.TestBuildAliasMaps" name="test_handles_syntax_errors" time="0.001" /><testcase classname="tests.analytics.compute.test_graphs_conversions.TestNormalizeDecimalId" name="test_converts_string[456-456]" time="0.015" /><testcase classname="tests.analytics.compute.test_dependencies_classification" name="test_severity_score_none_returns_none" time="0.000" /><testcase classname="tests.analytics.compute.test_dependencies_classification" name="test_severity_scores_constant" time="0.000" /><testcase classname="tests.analytics.compute.test_dependencies_detection.TestClassifyModes" name="test_returns_unknown_for_no_match" time="0.001" /><testcase classname="tests.analytics.compute.test_dependencies_detection.TestClassifyModes" name="test_deduplicates_modes" time="0.001" /><testcase classname="tests.analytics.compute.test_dependencies_detection.TestClassifyModes" name="test_multiple_modes_sorted" time="0.000" /><testcase classname="tests.analytics.compute.test_dependencies_detection.TestBuildAliasMap" name="test_simple_import" time="0.000" /><testcase classname="tests.analytics.compute.test_dependencies_detection.TestBuildAliasMap" name="test_aliased_import" time="0.000" /><testcase classname="tests.analytics.compute.test_dependencies_detection.TestBuildAliasMap" name="test_from_import" time="0.001" /><testcase classname="tests.analytics.compute.test_dependencies_detection.TestBuildAliasMap" name="test_from_import_with_alias" time="0.000" /><testcase classname="tests.analytics.compute.test_dependencies_detection.TestBuildAliasMap" name="test_dotted_import" time="0.000" /><testcase classname="tests.analytics.compute.test_dependencies_detection.TestRiskScore" name="test_computes_product[low-1.0-1.0]" time="0.001" /><testcase classname="tests.analytics.compute.test_dependencies_detection.TestRiskScore" name="test_computes_product[critical-5.0-20.0]" time="0.001" /><testcase classname="tests.analytics.compute.test_dependencies_detection.TestRiskScore" name="test_returns_none_for_none_severity" time="0.001" /><testcase classname="tests.analytics.compute.test_dependencies_detection.TestRiskScore" name="test_returns_none_for_none_criticality" time="0.000" /><testcase classname="tests.analytics.compute.test_functions_signatures" name="test_realistic_cli_command" time="0.004" /><testcase classname="tests.analytics.compute.test_graphs_centrality" name="test_metrics_create_all_fields" time="0.001" /><testcase classname="tests.analytics.compute.test_graphs_centrality" name="test_metrics_is_frozen" time="0.002" /><testcase classname="tests.analytics.compute.test_graphs_centrality" name="test_pagerank_empty_graph" time="0.001" /><testcase classname="tests.analytics.compute.test_graphs_centrality" name="test_pagerank_single_node" time="0.181" /><testcase classname="tests.analytics.compute.test_functions_signatures" name="test_extract_no_defaults" time="0.002" /><testcase classname="tests.analytics.compute.test_functions_signatures" name="test_extract_with_default" time="0.001" /><testcase classname="tests.analytics.compute.test_functions_signatures" name="test_extract_mixed_defaults" time="0.001" /><testcase classname="tests.analytics.compute.test_functions_signatures" name="test_extract_keyword_only_default" time="0.001" /><testcase classname="tests.analytics.compute.test_functions_signatures" name="test_extract_default_qualname" time="0.001" /><testcase classname="tests.analytics.compute.test_functions_signatures" name="test_extract_custom_qualname" time="0.001" /><testcase classname="tests.analytics.compute.test_functions_signatures" name="test_extract_simple_annotation" time="0.003" /><testcase classname="tests.analytics.compute.test_functions_signatures" name="test_extract_complex_annotation" time="0.007" /><testcase classname="tests.analytics.compute.test_graphs_conversions.TestNormalizeNodeId" name="test_preserves_non_digit_strings[module.function-module.function]" time="0.001" /><testcase classname="tests.analytics.compute.test_graphs_conversions.TestNormalizeNodeId" name="test_preserves_non_digit_strings[123abc-123abc]" time="0.001" /><testcase classname="tests.analytics.compute.test_graphs_conversions.TestNormalizeNodeId" name="test_raises_on_float_infinity" time="0.001" /><testcase classname="tests.analytics.compute.test_graphs_conversions.TestSafeFloat" name="test_returns_none_for_none" time="0.001" /><testcase classname="tests.analytics.compute.test_graphs_conversions.TestSafeFloat" name="test_passes_through_floats[1.5-1.5]" time="0.002" /><testcase classname="tests.analytics.compute.test_graphs_conversions.TestSafeFloat" name="test_passes_through_floats[0.0-0.0]" time="0.001" /><testcase classname="tests.analytics.compute.test_dependencies_detection.TestBuildAliasMap" name="test_multiple_imports" time="0.000" /><testcase classname="tests.analytics.compute.test_graphs_conversions.TestNormalizeDecimalId" name="test_converts_float_via_string" time="0.001" /><testcase classname="tests.analytics.compute.test_graphs_conversions.TestNormalizeDecimalId" name="test_returns_none_for_unconvertible" time="0.002" /><testcase classname="tests.analytics.compute.test_graphs_conversions.TestNormalizeNodeId" name="test_returns_none_for_none" time="0.000" /><testcase classname="tests.analytics.compute.test_dependencies_detection.TestRiskLevel" name="test_risk_levels[modes3-10-medium]" time="0.001" /><testcase classname="tests.analytics.compute.test_dependencies_detection.TestRiskLevel" name="test_risk_levels[modes4-15-medium]" time="0.006" /><testcase classname="tests.analytics.compute.test_dependencies_detection.TestRiskLevel" name="test_risk_levels[modes5-1-low]" time="0.001" /><testcase classname="tests.analytics.compute.test_dependencies_detection.TestRiskLevel" name="test_risk_levels[modes6-5-low]" time="0.005" /><testcase classname="tests.analytics.compute.test_dependencies_detection.TestRiskLevel" name="test_write_takes_precedence" time="0.000" /><testcase classname="tests.analytics.compute.test_dependencies_detection.TestRiskLevel" name="test_empty_modes_low" time="0.000" /><testcase classname="tests.analytics.compute.test_dependencies_classification" name="test_library_pattern_defaults" time="0.001" /><testcase classname="tests.analytics.compute.test_dependencies_classification" name="test_library_pattern_with_all_fields" time="0.001" /><testcase classname="tests.analytics.compute.test_dependencies_classification" name="test_classify_single_mode_match" time="0.001" /><testcase classname="tests.analytics.compute.test_dependencies_classification" name="test_classify_multiple_modes_match" time="0.004" /><testcase classname="tests.analytics.compute.test_dependencies_classification" name="test_classify_no_match_returns_unknown" time="0.000" /><testcase classname="tests.analytics.compute.test_dependencies_classification" name="test_classify_by_target_substring" time="0.001" /><testcase classname="tests.analytics.compute.test_dependencies_classification" name="test_classify_multiple_patterns_accumulate" time="0.001" /><testcase classname="tests.analytics.compute.test_dependencies_classification" name="test_classify_returns_first_matched_pattern" time="0.001" /><testcase classname="tests.analytics.compute.test_functions_signatures" name="test_extract_property" time="0.001" /><testcase classname="tests.analytics.compute.test_functions_signatures" name="test_extract_simple_decorator" time="0.000" /><testcase classname="tests.analytics.compute.test_functions_signatures" name="test_extract_multiple_decorators" time="0.001" /><testcase classname="tests.analytics.compute.test_functions_signatures" name="test_extract_attribute_decorator" time="0.001" /><testcase classname="tests.analytics.compute.test_functions_signatures" name="test_extract_call_decorator" time="0.000" /><testcase classname="tests.analytics.compute.test_functions_signatures" name="test_extract_positional_or_keyword_param" time="0.001" /><testcase classname="tests.analytics.compute.test_functions_signatures" name="test_extract_positional_only_param" time="0.001" /><testcase classname="tests.analytics.compute.test_dependencies_detection.TestSeverityScore" name="test_known_severities[critical-4.0]" time="0.007" /><testcase classname="tests.analytics.compute.test_dependencies_detection.TestSeverityScore" name="test_known_severities[high-3.0]" time="0.001" /><testcase classname="tests.analytics.compute.test_dependencies_detection.TestSeverityScore" name="test_known_severities[medium-2.0]" time="0.001" /><testcase classname="tests.analytics.compute.test_dependencies_detection.TestDependencyModePattern" name="test_matches_exact_method" time="0.000" /><testcase classname="tests.analytics.compute.test_graphs_conversions.TestToDecimalId" name="test_converts_string_integers[456-expected1]" time="0.001" /><testcase classname="tests.analytics.compute.test_dependencies_classification" name="test_risk_score_calculation[high-3.0-9.0]" time="0.001" /><testcase classname="tests.analytics.compute.test_graphs_conversions.TestSafeFloat" name="test_converts_string[-3.14--3.14]" time="0.001" /><testcase classname="tests.analytics.compute.test_graphs_conversions.TestSafeFloat" name="test_returns_none_for_invalid" time="0.001" /><testcase classname="tests.analytics.compute.test_graphs_conversions.TestLogEmptyGraph" name="test_logs_for_empty_graph" time="0.002" /><testcase classname="tests.analytics.compute.test_graphs_conversions.TestNormalizeNodeId" name="test_converts_decimal_to_int[input_val0-123]" time="0.001" /><testcase classname="tests.analytics.compute.test_graphs_conversions.TestNormalizeNodeId" name="test_converts_decimal_to_int[input_val1-999999999999]" time="0.001" /><testcase classname="tests.analytics.compute.test_graphs_conversions.TestNormalizeNodeId" name="test_converts_numeric_types[123-123]" time="0.001" /><testcase classname="tests.analytics.compute.test_graphs_conversions.TestNormalizeNodeId" name="test_converts_numeric_types[456.0-456]" time="0.000" /><testcase classname="tests.analytics.compute.test_graphs_conversions.TestNormalizeNodeId" name="test_converts_numeric_types[0.0-0]" time="0.001" /><testcase classname="tests.analytics.compute.test_dependencies_detection.TestDependencyCallDataclass" name="test_all_fields" time="0.002" /><testcase classname="tests.analytics.compute.test_dependencies_detection.TestDependencyCallDataclass" name="test_frozen_dataclass" time="0.001" /><testcase classname="tests.analytics.compute.test_functions_complexity.TestComplexityMetrics" name="test_creates_metrics" time="0.008" /><testcase classname="tests.analytics.compute.test_dependencies_classification" name="test_risk_score_calculation[critical-2.0-8.0]" time="0.002" /><testcase classname="tests.analytics.compute.test_dependencies_classification" name="test_risk_score_calculation[medium-1.5-3.0]" time="0.001" /><testcase classname="tests.analytics.compute.test_graphs_conversions.TestToDecimalId" name="test_converts_string_integers[0-expected2]" time="0.002" /><testcase classname="tests.analytics.compute.test_dependencies_detection.TestRiskScore" name="test_returns_none_for_unknown_severity" time="0.000" /><testcase classname="tests.analytics.compute.test_graphs_conversions.TestSafeFloat" name="test_passes_through_floats[-3.14--3.14]" time="0.004" /><testcase classname="tests.analytics.compute.test_graphs_conversions.TestSafeFloat" name="test_converts_decimal[input_val0-1.5]" time="0.001" /><testcase classname="tests.analytics.compute.test_graphs_conversions.TestSafeFloat" name="test_converts_decimal[input_val1-0.0]" time="0.001" /><testcase classname="tests.analytics.compute.test_graphs_conversions.TestSafeFloat" name="test_converts_decimal[input_val2--3.14]" time="0.001" /><testcase classname="tests.analytics.compute.test_dependencies_classification" name="test_classify_deduplicated_modes" time="0.001" /><testcase classname="tests.analytics.compute.test_functions_signatures" name="test_parameter_create_with_all_fields" time="0.004" /><testcase classname="tests.analytics.compute.test_functions_signatures" name="test_parameter_no_annotation" time="0.001" /><testcase classname="tests.analytics.compute.test_functions_signatures" name="test_parameter_is_frozen" time="0.002" /><testcase classname="tests.analytics.compute.test_functions_signatures" name="test_signature_create_with_all_fields" time="0.005" /><testcase classname="tests.analytics.compute.test_functions_signatures" name="test_signature_is_frozen" time="0.001" /><testcase classname="tests.analytics.compute.test_functions_signatures" name="test_extract_simple_function" time="0.001" /><testcase classname="tests.analytics.compute.test_functions_signatures" name="test_extract_typed_function" time="0.001" /><testcase classname="tests.analytics.compute.test_graphs_centrality" name="test_betweenness_unnormalized" time="0.001" /><testcase classname="tests.analytics.compute.test_dependencies_detection.TestDependencyModePattern" name="test_matches_method_prefix" time="0.001" /><testcase classname="tests.analytics.compute.test_dependencies_detection.TestDependencyModePattern" name="test_matches_target_substring" time="0.000" /><testcase classname="tests.analytics.compute.test_functions_complexity.TestComplexityMetrics" name="test_metrics_is_frozen" time="0.001" /><testcase classname="tests.analytics.compute.test_functions_complexity.TestComputeComplexityBasic" name="test_simple_function" time="0.001" /><testcase classname="tests.analytics.compute.test_functions_complexity.TestComputeComplexityBasic" name="test_function_with_if" time="0.001" /><testcase classname="tests.analytics.compute.test_functions_complexity.TestComputeComplexityBasic" name="test_function_with_nested_if" time="0.002" /><testcase classname="tests.analytics.compute.test_functions_complexity.TestComputeComplexityControlFlow" name="test_for_loop_adds_complexity" time="0.001" /><testcase classname="tests.analytics.compute.test_functions_complexity.TestComputeComplexityControlFlow" name="test_while_loop_adds_complexity" time="0.002" /><testcase classname="tests.analytics.compute.test_functions_signatures" name="test_extract_async_function" time="0.001" /><testcase classname="tests.analytics.compute.test_functions_signatures" name="test_extract_no_params" time="0.001" /><testcase classname="tests.analytics.compute.test_graphs_conversions.TestNormalizeNodeId" name="test_converts_digit_strings[123-123]" time="0.001" /><testcase classname="tests.analytics.compute.test_graphs_conversions.TestNormalizeNodeId" name="test_converts_digit_strings[456-456]" time="0.005" /><testcase classname="tests.analytics.compute.test_dependencies_classification" name="test_risk_score_calculation[low-4.0-4.0]" time="0.001" /><testcase classname="tests.analytics.compute.test_graphs_conversions.TestLogEmptyGraph" name="test_no_log_for_nonempty_graph" time="0.001" /><testcase classname="tests.analytics.compute.test_graphs_conversions.TestLogEmptyGraph" name="test_works_with_digraph" time="0.001" /><testcase classname="tests.analytics.compute.test_graphs_conversions.TestLogProjectionSkipped" name="test_logs_warning" time="0.003" /><testcase classname="tests.analytics.compute.test_graphs_conversions.TestLogProjectionSkipped" name="test_logs_with_different_reasons" time="0.005" /><testcase classname="tests.analytics.compute.test_graphs_centrality" name="test_betweenness_sampled_with_k" time="0.006" /><testcase classname="tests.analytics.compute.test_dependencies_classification" name="test_risk_score_zero_criticality" time="0.003" /><testcase classname="tests.analytics.compute.test_graphs_conversions.TestToDecimalId" name="test_converts_decimal_input" time="0.003" /><testcase classname="tests.analytics.compute.test_graphs_conversions.TestToDecimalId" name="test_handles_large_integers" time="0.001" /><testcase classname="tests.analytics.compute.test_graphs_conversions.TestNormalizeDecimalId" name="test_returns_none_for_none" time="0.000" /><testcase classname="tests.analytics.compute.test_graphs_conversions.TestNormalizeDecimalId" name="test_passes_through_integers[123-123]" time="0.001" /><testcase classname="tests.analytics.compute.test_graphs_conversions.TestNormalizeDecimalId" name="test_passes_through_integers[0-0]" time="0.001" /><testcase classname="tests.analytics.compute.test_dependencies_classification" name="test_risk_level_admin_mode_is_high" time="0.007" /><testcase classname="tests.analytics.compute.test_dependencies_classification" name="test_risk_level_write_mode_is_high" time="0.000" /><testcase classname="tests.analytics.compute.test_graphs_centrality" name="test_betweenness_disconnected_components" time="0.002" /><testcase classname="tests.analytics.compute.test_graphs_centrality" name="test_betweenness_realistic_call_graph" time="0.002" /><testcase classname="tests.analytics.compute.test_dependencies_classification" name="test_risk_level_mixed_modes_with_write_is_high" time="0.007" /><testcase classname="tests.analytics.compute.test_graphs_conversions.TestIntegrationScenarios" name="test_roundtrip_decimal_normalization" time="0.000" /><testcase classname="tests.analytics.compute.test_graphs_conversions.TestIntegrationScenarios" name="test_graph_node_id_normalization" time="0.002" /><testcase classname="tests.analytics.compute.test_graphs_conversions.TestIntegrationScenarios" name="test_safe_float_for_metrics" time="0.006" /><testcase classname="tests.analytics.compute.test_graphs_centrality" name="test_betweenness_keys_match_nodes" time="0.003" /><testcase classname="tests.analytics.compute.test_graphs_centrality" name="test_betweenness_values_are_floats" time="0.002" /><testcase classname="tests.analytics.compute.test_graphs_centrality" name="test_both_metrics_same_nodes" time="0.070" /><testcase classname="tests.analytics.compute.test_dependencies_classification" name="test_risk_level_many_callsites_is_medium" time="0.000" /><testcase classname="tests.analytics.compute.test_dependencies_classification" name="test_risk_level_above_threshold_is_medium" time="0.000" /><testcase classname="tests.analytics.compute.test_dependencies_classification" name="test_risk_level_few_callsites_is_low" time="0.001" /><testcase classname="tests.analytics.compute.test_dependencies_classification" name="test_risk_level_empty_modes_is_low" time="0.011" /><testcase classname="tests.analytics.compute.test_graphs_centrality" name="test_pagerank_custom_max_iter" time="0.002" /><testcase classname="tests.analytics.compute.test_graphs_centrality" name="test_pagerank_custom_tolerance" time="0.003" /><testcase classname="tests.analytics.compute.test_graphs_centrality" name="test_pagerank_disconnected_components" time="0.002" /><testcase classname="tests.analytics.compute.test_dependencies_detection.TestRiskLevel" name="test_risk_levels[modes0-1-high]" time="0.003" /><testcase classname="tests.analytics.compute.test_graphs_centrality" name="test_pagerank_sums_to_one" time="0.001" /><testcase classname="tests.analytics.compute.test_graphs_statistics" name="test_stats_realistic_call_graph" time="0.003" /><testcase classname="tests.analytics.compute.test_graphs_centrality" name="test_pagerank_keys_match_nodes" time="0.002" /><testcase classname="tests.analytics.compute.test_functions_complexity.TestComplexityBuckets" name="test_low_complexity_bucket" time="0.002" /><testcase classname="tests.analytics.compute.test_graphs_statistics" name="test_in_degree_values_empty_graph" time="0.006" /><testcase classname="tests.analytics.compute.test_dependencies_detection.TestSeverityScore" name="test_known_severities[low-1.0]" time="0.002" /><testcase classname="tests.analytics.compute.test_graphs_statistics" name="test_in_degrees_empty_graph" time="0.001" /><testcase classname="tests.analytics.compute.test_graphs_centrality" name="test_pagerank_values_are_floats" time="0.002" /><testcase classname="tests.analytics.compute.test_graphs_centrality" name="test_betweenness_empty_graph" time="0.000" /><testcase classname="tests.analytics.compute.test_graphs_centrality" name="test_betweenness_single_node_zero" time="0.001" /><testcase classname="tests.analytics.compute.test_graphs_statistics" name="test_in_degrees_simple_chain" time="0.003" /><testcase classname="tests.analytics.compute.test_graphs_statistics" name="test_in_degree_values_only" time="0.005" /><testcase classname="tests.analytics.compute.test_profiles" name="test_aggregates_custom_values" time="0.001" /><testcase classname="tests.analytics.compute.test_profiles" name="test_metric_create" time="0.004" /><testcase classname="tests.analytics.compute.test_graphs_centrality" name="test_betweenness_chain_middle_nodes_high" time="0.000" /><testcase classname="tests.analytics.compute.test_graphs_centrality" name="test_betweenness_star_hub_high" time="0.000" /><testcase classname="tests.analytics.compute.test_graphs_conversions.TestNormalizeDecimalId" name="test_converts_string[123-123]" time="0.001" /><testcase classname="tests.analytics.compute.test_graphs_statistics" name="test_in_degrees_star_graph" time="0.001" /><testcase classname="tests.analytics.compute.test_graphs_statistics" name="test_out_degrees_empty_graph" time="0.001" /><testcase classname="tests.analytics.compute.test_graphs_statistics" name="test_out_degrees_simple_chain" time="0.000" /><testcase classname="tests.analytics.compute.test_graphs_statistics" name="test_out_degrees_star_graph" time="0.001" /><testcase classname="tests.analytics.compute.test_graphs_statistics" name="test_degrees_empty_graph" time="0.001" /><testcase classname="tests.analytics.compute.test_graphs_statistics" name="test_degrees_simple_path" time="0.000" /><testcase classname="tests.analytics.compute.test_profiles" name="test_aggregate_empty_metrics" time="0.002" /><testcase classname="tests.analytics.compute.test_graphs_statistics" name="test_out_degree_values_empty_graph" time="0.000" /><testcase classname="tests.analytics.compute.test_graphs_statistics" name="test_out_degree_values_only" time="0.000" /><testcase classname="tests.analytics.compute.test_profiles" name="test_stats_all_typed" time="0.005" /><testcase classname="tests.analytics.compute.test_profiles" name="test_stats_mixed_typedness" time="0.000" /><testcase classname="tests.analytics.compute.test_profiles" name="test_stats_avg_loc" time="0.000" /><testcase classname="tests.analytics.compute.test_profiles" name="test_aggregate_single_function" time="0.004" /><testcase classname="tests.analytics.compute.test_graphs_statistics" name="test_degree_values_empty_graph" time="0.002" /><testcase classname="tests.analytics.compute.test_dependencies_detection.TestBuildAliasMaps" name="test_empty_module_map" time="0.001" /><testcase classname="tests.analytics.compute.test_profiles" name="test_quality_score_weights" time="0.000" /><testcase classname="tests.analytics.compute.test_profiles" name="test_threshold_constants" time="0.000" /><testcase classname="tests.analytics.compute.test_profiles" name="test_size_boundary_small_medium" time="0.001" /><testcase classname="tests.analytics.compute.test_graphs_centrality" name="test_metrics_identify_different_importance" time="0.001" /><testcase classname="tests.analytics.compute.test_graphs_centrality" name="test_dense_graph_metrics" time="0.001" /><testcase classname="tests.analytics.compute.test_profiles" name="test_aggregate_multiple_functions" time="0.005" /><testcase classname="tests.analytics.compute.test_graphs_statistics" name="test_degree_values_only" time="0.001" /><testcase classname="tests.analytics.compute.test_profiles" name="test_size_boundary_medium_large" time="0.000" /><testcase classname="tests.analytics.compute.test_graphs_conversions.TestToDecimalId" name="test_converts_integers[None-None]" time="0.001" /><testcase classname="tests.analytics.compute.test_profiles" name="test_stats_all_present" time="0.003" /><testcase classname="tests.analytics.compute.test_profiles" name="test_features_create" time="0.004" /><testcase classname="tests.analytics.compute.test_graphs_statistics" name="test_statistics_consistency" time="0.010" /><testcase classname="tests.analytics.compute.test_profiles" name="test_complexity_boundary" time="0.001" /><testcase classname="tests.analytics.compute.test_profiles" name="test_typedness_boundary" time="0.000" /><testcase classname="tests.analytics.compute.test_profiles" name="test_complexity_normalization" time="0.000" /><testcase classname="tests.analytics.compute.test_profiles" name="test_aggregate_then_extract" time="0.000" /><testcase classname="tests.analytics.compute.test_dependencies_classification" name="test_risk_score_calculation[info-2.0-1.0]" time="0.006" /><testcase classname="tests.analytics.compute.test_profiles" name="test_realistic_codebase_features" time="0.001" /><testcase classname="tests.analytics.compute.test_dependencies_detection.TestBuildAliasMap" name="test_empty_source" time="0.005" /><testcase classname="tests.analytics.compute.test_graphs_statistics" name="test_degree_functions_match_statistics" time="0.001" /><testcase classname="tests.analytics.compute.test_graphs_statistics" name="test_various_graph_sizes" time="0.006" /><testcase classname="tests.analytics.compute.test_profiles" name="test_aggregate_typedness_counts" time="0.005" /><testcase classname="tests.analytics.compute.test_profiles" name="test_features_is_frozen" time="0.001" /><testcase classname="tests.analytics.compute.test_profiles" name="test_extract_small_simple_typed" time="0.000" /><testcase classname="tests.analytics.compute.test_semantic_roles" name="test_context_name_simple" time="0.006" /><testcase classname="tests.analytics.compute.test_profiles" name="test_aggregate_complexity_buckets" time="0.004" /><testcase classname="tests.analytics.compute.test_profiles" name="test_extract_large_complex_untyped" time="0.010" /><testcase classname="tests.analytics.compute.test_semantic_roles" name="test_accumulator_finalize_below_threshold" time="0.005" /><testcase classname="tests.analytics.compute.test_profiles" name="test_extract_medium_moderate_partial" time="0.000" /><testcase classname="tests.analytics.compute.test_semantic_roles" name="test_context_rel_path_lower" time="0.003" /><testcase classname="tests.analytics.compute.test_profiles" name="test_aggregate_average_typedness" time="0.007" /><testcase classname="tests.analytics.compute.test_functions_signatures" name="test_extract_no_annotation" time="0.001" /><testcase classname="tests.analytics.compute.test_semantic_roles" name="test_accumulator_finalize_above_threshold" time="0.002" /><testcase classname="tests.analytics.compute.test_semantic_roles" name="test_accumulator_finalize_picks_highest" time="0.007" /><testcase classname="tests.analytics.compute.test_semantic_roles" name="test_accumulator_finalize_caps_confidence" time="0.002" /><testcase classname="tests.analytics.compute.test_semantic_roles" name="test_classify_test_function" time="0.005" /><testcase classname="tests.analytics.compute.test_dependencies_detection.TestDependencyModePattern" name="test_no_match_with_none_method" time="0.001" /><testcase classname="tests.analytics.compute.test_semantic_roles" name="test_constants_helper_loc_threshold_positive" time="0.000" /><testcase classname="tests.analytics.core.test_base_plugins" name="test_resolved_config_initial_state" time="0.010" /><testcase classname="tests.analytics.compute.test_semantic_roles" name="test_context_module_lower" time="0.000" /><testcase classname="tests.analytics.compute.test_semantic_roles" name="test_context_module_lower_none" time="0.000" /><testcase classname="tests.analytics.compute.test_semantic_roles" name="test_context_tag_strings" time="0.004" /><testcase classname="tests.analytics.compute.test_semantic_roles" name="test_classify_config_loader" time="0.001" /><testcase classname="tests.analytics.compute.test_semantic_roles" name="test_classify_helper" time="0.001" /><testcase classname="tests.analytics.compute.test_semantic_roles" name="test_classify_module_tags" time="0.001" /><testcase classname="tests.analytics.compute.test_semantic_roles" name="test_classify_returns_signals" time="0.009" /><testcase classname="tests.analytics.compute.test_semantic_roles" name="test_accumulator_bump_single" time="0.000" /><testcase classname="tests.analytics.compute.test_graphs_conversions.TestSafeFloat" name="test_converts_string[1.5-1.5]" time="0.001" /><testcase classname="tests.analytics.compute.test_semantic_roles" name="test_modules_classify_below_threshold" time="0.005" /><testcase classname="tests.analytics.compute.test_semantic_roles" name="test_modules_classify_multiple" time="0.009" /><testcase classname="tests.analytics.compute.test_profiles" name="test_aggregate_realistic_codebase" time="0.000" /><testcase classname="tests.analytics.core.test_base_plugins" name="test_resolved_config_set" time="0.005" /><testcase classname="tests.analytics.compute.test_functions_signatures" name="test_extract_var_positional_param" time="0.012" /><testcase classname="tests.analytics.compute.test_dependencies_classification" name="test_severity_score_known_levels[critical-4.0]" time="0.010" /><testcase classname="tests.analytics.compute.test_semantic_roles" name="test_classify_other" time="0.002" /><testcase classname="tests.analytics.compute.test_semantic_roles" name="test_classify_test_prefix" time="0.002" /><testcase classname="tests.analytics.compute.test_semantic_roles" name="test_classify_pytest_fixture" time="0.000" /><testcase classname="tests.analytics.compute.test_semantic_roles" name="test_decorator_names_empty" time="0.000" /><testcase classname="tests.analytics.compute.test_graphs_conversions.TestNormalizeNodeId" name="test_converts_digit_strings[0-0]" time="0.001" /><testcase classname="tests.analytics.compute.test_semantic_roles" name="test_decorator_names_simple" time="0.004" /><testcase classname="tests.analytics.core.test_base_plugins" name="test_base_plugin_validate_inputs_default" time="0.015" /><testcase classname="tests.analytics.compute.test_semantic_roles" name="test_accumulator_bump_accumulates" time="0.015" /><testcase classname="tests.analytics.compute.test_semantic_roles" name="test_accumulator_bump_with_framework" time="0.003" /><testcase classname="tests.analytics.compute.test_semantic_roles" name="test_accumulator_framework_first_wins" time="0.001" /><testcase classname="tests.analytics.core.test_builders" name="test_plugin_meta_section_defaults" time="0.001" /><testcase classname="tests.analytics.core.test_builders" name="test_plugin_meta_section_custom_values" time="0.009" /><testcase classname="tests.analytics.compute.test_semantic_roles" name="test_modules_classify_empty" time="0.010" /><testcase classname="tests.analytics.compute.test_semantic_roles" name="test_modules_classify_from_tags" time="0.000" /><testcase classname="tests.analytics.compute.test_semantic_roles" name="test_modules_classify_from_functions" time="0.008" /><testcase classname="tests.analytics.compute.test_semantic_roles" name="test_classify_api_handler" time="0.007" /><testcase classname="tests.analytics.compute.test_semantic_roles" name="test_classify_flask_route" time="0.001" /><testcase classname="tests.analytics.core.test_builders" name="test_plugin_contracts_section_defaults" time="0.003" /><testcase classname="tests.analytics.core.test_base_plugins" name="test_resolved_config_get" time="0.006" /><testcase classname="tests.analytics.core.test_base_plugins" name="test_resolved_config_get_not_resolved_raises" time="0.001" /><testcase classname="tests.analytics.core.test_base_plugins" name="test_resolved_config_get_or_none_resolved" time="0.006" /><testcase classname="tests.analytics.core.test_base_plugins" name="test_resolved_config_get_or_none_not_resolved" time="0.002" /><testcase classname="tests.analytics.core.test_base_plugins" name="test_base_plugin_metadata" time="0.006" /><testcase classname="tests.analytics.compute.test_graphs_centrality" name="test_pagerank_simple_chain" time="0.009" /><testcase classname="tests.analytics.compute.test_graphs_centrality" name="test_pagerank_cycle_equal" time="0.003" /><testcase classname="tests.analytics.compute.test_graphs_centrality" name="test_pagerank_star_hub_low" time="0.002" /><testcase classname="tests.analytics.compute.test_graphs_centrality" name="test_pagerank_reverse_star_hub_high" time="0.007" /><testcase classname="tests.analytics.core.test_base_plugins" name="test_base_plugin_execute_success" time="0.001" /><testcase classname="tests.analytics.compute.test_semantic_roles" name="test_decorator_names_attribute" time="0.000" /><testcase classname="tests.analytics.compute.test_semantic_roles" name="test_decorator_names_call" time="0.001" /><testcase classname="tests.analytics.core.test_builders" name="test_builder_severity" time="0.002" /><testcase classname="tests.analytics.core.test_builders" name="test_builder_input_from_type" time="0.000" /><testcase classname="tests.analytics.core.test_builders" name="test_builder_input_from_spec" time="0.000" /><testcase classname="tests.analytics.core.test_builders" name="test_builder_output_from_table_name" time="0.005" /><testcase classname="tests.analytics.core.test_builders" name="test_builder_output_from_spec" time="0.000" /><testcase classname="tests.analytics.core.test_builders" name="test_builder_provides_from_strings" time="0.000" /><testcase classname="tests.analytics.core.test_builders" name="test_builder_requires_from_strings" time="0.000" /><testcase classname="tests.analytics.core.test_builders" name="test_builder_depends_on" time="0.000" /><testcase classname="tests.analytics.compute.test_semantic_roles" name="test_decorator_names_multiple" time="0.003" /><testcase classname="tests.analytics.core.test_builders" name="test_plugin_runtime_section_defaults" time="0.001" /><testcase classname="tests.analytics.core.test_base_plugins" name="test_base_plugin_execute_failure" time="0.018" /><testcase classname="tests.analytics.compute.test_semantic_roles" name="test_constants_role_threshold_positive" time="0.006" /><testcase classname="tests.analytics.compute.test_graphs_centrality" name="test_pagerank_realistic_call_graph" time="0.004" /><testcase classname="tests.analytics.compute.test_functions_signatures" name="test_extract_no_docstring" time="0.001" /><testcase classname="tests.analytics.core.test_builders" name="test_builder_isolate_process" time="0.002" /><testcase classname="tests.analytics.compute.test_semantic_roles" name="test_classify_cli_typer" time="0.001" /><testcase classname="tests.analytics.compute.test_semantic_roles" name="test_classify_cli_path" time="0.003" /><testcase classname="tests.analytics.core.test_builders" name="test_builder_init" time="0.003" /><testcase classname="tests.analytics.compute.test_functions_complexity.TestComputeComplexityControlFlow" name="test_try_except_adds_complexity" time="0.003" /><testcase classname="tests.analytics.compute.test_semantic_roles" name="test_classify_repository" time="0.001" /><testcase classname="tests.analytics.compute.test_semantic_roles" name="test_classify_service" time="0.000" /><testcase classname="tests.analytics.compute.test_semantic_roles" name="test_classify_validator" time="0.001" /><testcase classname="tests.analytics.compute.test_semantic_roles" name="test_classify_validator_by_name[validate]" time="0.001" /><testcase classname="tests.analytics.compute.test_semantic_roles" name="test_classify_validator_by_name[check]" time="0.001" /><testcase classname="tests.analytics.core.test_builders" name="test_builder_isolate_thread" time="0.005" /><testcase classname="tests.analytics.core.test_builders" name="test_builder_tag" time="0.003" /><testcase classname="tests.analytics.core.test_config_registry.TestConfigPluginMapping" name="test_creates_mapping_with_defaults" time="0.006" /><testcase classname="tests.analytics.core.test_builders" name="test_builder_description" time="0.003" /><testcase classname="tests.analytics.core.test_builders" name="test_builder_stage" time="0.005" /><testcase classname="tests.analytics.core.test_base_plugins" name="test_base_plugin_build_input_specs_default" time="0.003" /><testcase classname="tests.analytics.core.test_base_plugins" name="test_table_writer_output_specs" time="0.006" /><testcase classname="tests.analytics.core.test_config_registry.TestConfigPluginMapping" name="test_creates_mapping_with_primary" time="0.000" /><testcase classname="tests.analytics.compute.test_semantic_roles" name="test_classify_validator_by_name[ensure]" time="0.001" /><testcase classname="tests.analytics.core.test_builders" name="test_builder_chaining" time="0.007" /><testcase classname="tests.analytics.core.test_builders" name="test_plugin_spec_create" time="0.001" /><testcase classname="tests.analytics.core.test_builders" name="test_builder_version" time="0.000" /><testcase classname="tests.analytics.core.test_base_plugins" name="test_table_writer_execute_success" time="0.001" /><testcase classname="tests.analytics.core.test_base_plugins" name="test_table_writer_execute_failure" time="0.003" /><testcase classname="tests.analytics.core.test_builders" name="test_plugin_spec_create_builds_valid_metadata" time="0.002" /><testcase classname="tests.analytics.compute.test_graphs_statistics" name="test_statistics_create_all_fields" time="0.001" /><testcase classname="tests.analytics.core.test_config_registry.TestConfigRegistry" name="test_get_primary_for_unregistered_returns_none" time="0.003" /><testcase classname="tests.analytics.core.test_config_registry.TestConfigPluginMapping" name="test_mapping_is_frozen" time="0.001" /><testcase classname="tests.analytics.core.test_base_plugins" name="test_table_writer_with_contract_specs" time="0.005" /><testcase classname="tests.analytics.compute.test_graphs_conversions.TestNormalizeDecimalId" name="test_passes_through_integers[-1--1]" time="0.006" /><testcase classname="tests.analytics.core.test_config_registry.TestConfigRegistry" name="test_register_config_type" time="0.001" /><testcase classname="tests.analytics.core.test_builders" name="test_builder_multiple_inputs" time="0.003" /><testcase classname="tests.analytics.core.test_config_registry.TestConfigRegistry" name="test_register_multiple_plugins" time="0.000" /><testcase classname="tests.analytics.core.test_config_registry.TestConfigRegistry" name="test_register_with_explicit_primary" time="0.000" /><testcase classname="tests.analytics.compute.test_dependencies_classification" name="test_callsite_threshold_constant" time="0.004" /><testcase classname="tests.analytics.core.test_builders" name="test_builder_multiple_outputs" time="0.003" /><testcase classname="tests.analytics.core.test_config_registry.TestConfigRegistry" name="test_register_uses_first_as_default_primary" time="0.000" /><testcase classname="tests.analytics.core.test_config_registry.TestConfigRegistry" name="test_register_duplicate_raises" time="0.001" /><testcase classname="tests.analytics.core.test_config_registry.TestConfigRegistry" name="test_get_required_configs" time="0.006" /><testcase classname="tests.analytics.core.test_config_registry.TestBaseStepConfig" name="test_creates_config_with_snapshot" time="0.006" /><testcase classname="tests.analytics.core.test_core_providers.TestAnalyticsSupportProviderProtocol" name="test_default_provider_has_required_methods" time="0.007" /><testcase classname="tests.analytics.core.test_config_registry.TestConfigRegistry" name="test_get_required_configs_unknown_plugin" time="0.006" /><testcase classname="tests.analytics.compute.test_graphs_conversions.TestToDecimalId" name="test_converts_integers[123-expected1]" time="0.005" /><testcase classname="tests.analytics.core.test_config_registry.TestBaseStepConfig" name="test_repo_property" time="0.004" /><testcase classname="tests.analytics.core.test_core_providers.TestGetSupportProvider" name="test_returns_provider_with_required_methods" time="0.003" /><testcase classname="tests.analytics.core.test_config_registry.TestConfigRegistry" name="test_resolve_plugins_from_configs" time="0.002" /><testcase classname="tests.analytics.core.test_executor_helpers" name="test_merge_configs_merges_without_mutation" time="0.003" /><testcase classname="tests.analytics.core.test_core_providers.TestGetSupportProvider" name="test_returns_same_provider_on_subsequent_calls" time="0.003" /><testcase classname="tests.analytics.core.test_config_registry.TestConfigRegistry" name="test_resolve_plugins_skips_unregistered" time="0.001" /><testcase classname="tests.analytics.compute.test_graphs_centrality" name="test_betweenness_cycle_equal" time="0.004" /><testcase classname="tests.analytics.core.test_config_registry.TestConfigRegistry" name="test_list_all_returns_all_mappings" time="0.001" /><testcase classname="tests.analytics.core.test_executor_helpers" name="test_execute_plugin_handles_validation_failure" time="3.018" /><testcase classname="tests.analytics.core.test_config_registry.TestBaseStepConfig" name="test_commit_property" time="0.002" /><testcase classname="tests.analytics.core.test_config_registry.TestBaseStepConfig" name="test_repo_root_property" time="0.010" /><testcase classname="tests.analytics.core.test_core_providers.TestSetSupportProvider" name="test_set_and_get_provider" time="0.000" /><testcase classname="tests.analytics.core.test_core_providers.TestSetSupportProvider" name="test_overwrites_previous_provider" time="0.003" /><testcase classname="tests.analytics.compute.test_graphs_statistics" name="test_degrees_triangle" time="0.001" /><testcase classname="tests.analytics.core.test_executor_contracts" name="test_contracts_cached_per_plugin_name" time="0.002" /><testcase classname="tests.analytics.core.test_plugin_registration" name="test_plugins_can_be_retrieved_by_name" time="0.059" /><testcase classname="tests.analytics.core.test_config_registry.TestBaseStepConfig" name="test_config_is_frozen" time="0.001" /><testcase classname="tests.analytics.core.test_contract_helpers" name="test_builds_contracts_from_metadata_outputs" time="0.002" /><testcase classname="tests.analytics.core.test_config_registry.TestGlobalRegistryFunctions" name="test_get_config_registry_returns_singleton" time="0.003" /><testcase classname="tests.analytics.core.test_config_registry.TestGlobalRegistryFunctions" name="test_reset_creates_new_instance" time="0.001" /><testcase classname="tests.analytics.core.test_executor_contracts" name="test_contracts_empty_when_no_outputs_or_explicit" time="0.000" /><testcase classname="tests.analytics.core.test_executor_contracts" name="test_contracts_not_rebuilt_after_cache_fill" time="0.000" /><testcase classname="tests.analytics.compute.test_profiles" name="test_stats_empty_aggregates" time="0.005" /><testcase classname="tests.analytics.core.test_protocol" name="test_plugin_input_spec_creation[case1]" time="0.001" /><testcase classname="tests.analytics.core.test_protocol" name="test_plugin_output_spec_creation[spec0-expected_tables0-None]" time="0.001" /><testcase classname="tests.analytics.core.test_protocol" name="test_plugin_output_spec_creation[spec1-expected_tables1-json_report]" time="0.001" /><testcase classname="tests.analytics.core.test_protocol" name="test_validation_result[case0]" time="0.001" /><testcase classname="tests.analytics.core.test_protocol" name="test_validation_result[case1]" time="0.001" /><testcase classname="tests.analytics.core.test_contract_helpers" name="test_prefers_explicit_output_contracts" time="0.008" /><testcase classname="tests.analytics.compute.test_profiles" name="test_aggregates_default_values" time="0.001" /><testcase classname="tests.analytics.compute.test_profiles" name="test_quality_score_bounds" time="0.002" /><testcase classname="tests.analytics.core.test_protocol" name="test_validation_result[case2]" time="0.000" /><testcase classname="tests.analytics.core.test_protocol" name="test_plugin_result_ok" time="0.000" /><testcase classname="tests.analytics.core.test_contract_helpers" name="test_returns_empty_when_no_contracts_available" time="0.003" /><testcase classname="tests.analytics.core.test_recipes" name="test_register_and_get_recipe" time="0.011" /><testcase classname="tests.analytics.compute.test_semantic_roles" name="test_context_name_property" time="0.003" /><testcase classname="tests.analytics.core.test_protocol" name="test_plugin_result_ok_variants[row_counts1-artifacts1-meta1]" time="0.012" /><testcase classname="tests.analytics.core.test_protocol" name="test_plugin_result_fail[Something went wrong-warnings0-artifacts0-row_counts0]" time="0.004" /><testcase classname="tests.analytics.core.test_recipes" name="test_register_duplicate_raises" time="0.001" /><testcase classname="tests.analytics.core.test_recipes" name="test_get_unknown_raises" time="0.001" /><testcase classname="tests.analytics.core.test_protocol" name="test_plugin_result_fail[Fatal error-warnings1-artifacts1-row_counts1]" time="0.001" /><testcase classname="tests.analytics.core.test_recipes" name="test_get_optional_unknown_returns_none" time="0.001" /><testcase classname="tests.analytics.core.test_recipes" name="test_list_by_tag_filters_recipes" time="0.001" /><testcase classname="tests.analytics.core.test_recipes" name="test_compose_recipes_deduplicates_plugins_and_merges_tags" time="0.001" /><testcase classname="tests.analytics.core.test_recipes" name="test_recipe_builder_variations[case0]" time="0.001" /><testcase classname="tests.analytics.core.test_protocol" name="test_plugin_resource_hints[hints0-expected0]" time="0.001" /><testcase classname="tests.analytics.core.test_protocol" name="test_plugin_resource_hints[hints1-expected1]" time="0.001" /><testcase classname="tests.analytics.core.test_protocol" name="test_plugin_metadata_minimal" time="0.001" /><testcase classname="tests.analytics.compute.test_semantic_roles" name="test_modules_classify_ignores_other" time="0.001" /><testcase classname="tests.analytics.core.test_protocol" name="test_plugin_metadata_full" time="0.000" /><testcase classname="tests.analytics.core.test_registry" name="test_plugin_decorator_simple" time="0.001" /><testcase classname="tests.analytics.compute.test_semantic_roles" name="test_classify_cli_click" time="0.004" /><testcase classname="tests.analytics.compute.test_semantic_roles" name="test_accumulator_finalize_empty" time="0.001" /><testcase classname="tests.analytics.core.test_registry" name="test_list_by_stage" time="0.030" /><testcase classname="tests.analytics.core.test_plugin_registration" name="test_nonexistent_plugin_raises_keyerror" time="0.001" /><testcase classname="tests.analytics.core.test_plugin_registration" name="test_plugins_providing_analytics_tables" time="0.000" /><testcase classname="tests.analytics.core.test_plugin_registration" name="test_plugins_by_stage" time="0.001" /><testcase classname="tests.analytics.core.test_plugin_registration" name="test_plan_single_plugin" time="0.001" /><testcase classname="tests.analytics.core.test_registry" name="test_plugin_decorator_with_capabilities" time="0.003" /><testcase classname="tests.analytics.core.test_registry" name="test_decorated_plugin_executes" time="3.063" /><testcase classname="tests.analytics.core.test_plugin_registration" name="test_plan_multiple_plugins" time="0.001" /><testcase classname="tests.analytics.core.test_recipes" name="test_recipe_builder_variations[case2]" time="0.002" /><testcase classname="tests.analytics.core.test_recipes" name="test_recipe_builder_variations[case3]" time="0.001" /><testcase classname="tests.analytics.core.test_recipes" name="test_recipe_function_creates_builder" time="0.005" /><testcase classname="tests.analytics.core.test_plugin_registration" name="test_plan_with_disabled_plugin" time="0.003" /><testcase classname="tests.analytics.core.test_plugin_registration" name="test_plan_unknown_plugin_skipped" time="0.002" /><testcase classname="tests.analytics.core.test_registry" name="test_register_plugins[plugins_to_register0]" time="0.071" /><testcase classname="tests.analytics.core.test_base_plugins" name="test_base_plugin_metadata_defaults_name_to_class" time="0.007" /><testcase classname="tests.analytics.core.test_registry" name="test_list_by_capability" time="0.014" /><testcase classname="tests.analytics.compute.test_semantic_roles" name="test_constants_service_fan_thresholds_positive" time="0.002" /><testcase classname="tests.analytics.functions.test_function_contracts" name="test_condition_context_creation" time="0.011" /><testcase classname="tests.analytics.core.test_registry" name="test_unregister_plugin" time="0.017" /><testcase classname="tests.analytics.functions.test_function_contracts" name="test_condition_context_immutable" time="0.014" /><testcase classname="tests.analytics.core.test_builders" name="test_builder_resources" time="0.007" /><testcase classname="tests.analytics.functions.test_function_contracts" name="test_condition_context_with_none_line" time="0.003" /><testcase classname="tests.analytics.core.test_builders" name="test_builder_enabled_by_default" time="0.003" /><testcase classname="tests.analytics.compute.test_semantic_roles" name="test_classify_validator_by_name[assert]" time="0.001" /><testcase classname="tests.analytics.core.test_registry" name="test_plan_with_explicit_plugins" time="0.019" /><testcase classname="tests.analytics.core.test_registry" name="test_plan_respects_dependencies" time="0.020" /><testcase classname="tests.analytics.core.test_builders" name="test_builder_output_with_custom_name" time="0.002" /><testcase classname="tests.analytics.core.test_base_plugins" name="test_table_writer_empty_output_tables" time="0.002" /><testcase classname="tests.analytics.core.test_registry" name="test_register_plugins[plugins_to_register1]" time="0.014" /><testcase classname="tests.analytics.core.test_config_registry.TestConfigRegistry" name="test_get_plugins_for_unregistered_returns_empty" time="0.001" /><testcase classname="tests.analytics.functions.test_function_effects" name="test_effect_analysis_randomness_effect" time="0.001" /><testcase classname="tests.analytics.functions.test_function_effects" name="test_effect_analysis_global_modification" time="0.000" /><testcase classname="tests.analytics.functions.test_function_effects" name="test_effect_analysis_closure_modification" time="0.000" /><testcase classname="tests.analytics.functions.test_function_effects" name="test_effect_analysis_thread_spawn" time="0.001" /><testcase classname="tests.analytics.core.test_config_registry.TestGlobalRegistryFunctions" name="test_register_config_uses_global_registry" time="0.002" /><testcase classname="tests.analytics.functions.test_function_effects" name="test_effect_analysis_multiple_effects" time="0.000" /><testcase classname="tests.analytics.functions.test_function_effects" name="test_effect_analysis_immutable" time="0.000" /><testcase classname="tests.analytics.functions.test_function_effects" name="test_effect_analysis_evidence_structure" time="0.004" /><testcase classname="tests.analytics.functions.test_function_effects" name="test_function_effects_inputs_with_ast_map" time="0.002" /><testcase classname="tests.analytics.functions.test_function_effects" name="test_function_effects_inputs_immutable" time="0.001" /><testcase classname="tests.analytics.functions.test_function_effects" name="test_effect_analysis_direct_effectful_all_false" time="0.000" /><testcase classname="tests.analytics.functions.test_function_effects" name="test_effect_analysis_direct_effectful_any_true" time="0.000" /><testcase classname="tests.analytics.functions.test_function_effects" name="test_effect_analysis_no_io_no_db" time="0.002" /><testcase classname="tests.analytics.core.test_registry" name="test_register_duplicate_raises" time="0.002" /><testcase classname="tests.analytics.core.test_registry" name="test_get_unknown_plugin_raises" time="0.014" /><testcase classname="tests.analytics.core.test_registry" name="test_plan_detects_cycle" time="0.021" /><testcase classname="tests.analytics.functions.test_function_effects" name="test_effect_analysis_io_no_db" time="0.002" /><testcase classname="tests.analytics.core.test_core_providers.TestAnalyticsSupportProviderProtocol" name="test_mock_provider_has_required_methods" time="0.003" /><testcase classname="tests.analytics.core.test_executor_contracts" name="test_execute_populates_contract_results_for_metadata_contracts" time="9.472" /><testcase classname="tests.analytics.core.test_registry" name="test_plan_with_disabled" time="0.017" /><testcase classname="tests.analytics.graphs.test_contracts" name="test_not_null_fraction_spec_creation" time="0.003" /><testcase classname="tests.analytics.core.test_protocol" name="test_plugin_result_ok_variants[row_counts0-artifacts0-meta0]" time="0.009" /><testcase classname="tests.analytics.graphs.test_contracts" name="test_not_null_fraction_spec_default_name" time="0.007" /><testcase classname="tests.analytics.graphs.test_contracts" name="test_safe_table_queries_contains_expected_tables" time="0.006" /><testcase classname="tests.analytics.graphs.test_contracts" name="test_safe_table_columns_contains_expected_tables" time="0.000" /><testcase classname="tests.analytics.graphs.test_contracts" name="test_safe_table_columns_has_expected_columns" time="0.000" /><testcase classname="tests.analytics.core.test_recipes" name="test_recipe_builder_variations[case1]" time="0.004" /><testcase classname="tests.analytics.core.test_providers_impl.TestDefaultAnalyticsSupportProvider" name="test_initialization" time="0.004" /><testcase classname="tests.analytics.core.test_protocol" name="test_plugin_input_spec_creation[case0]" time="0.010" /><testcase classname="tests.analytics.core.test_registry" name="test_list_all_plugins" time="0.033" /><testcase classname="tests.analytics.core.test_registry" name="test_plan_default_enabled_only" time="0.022" /><testcase classname="tests.analytics.functions.test_function_effects" name="test_function_effects_inputs_defaults" time="0.001" /><testcase classname="tests.analytics.functions.test_function_effects" name="test_effect_analysis_no_io_db" time="0.001" /><testcase classname="tests.analytics.plugins.config_data_flow.test_compute" name="test_plugin_metadata_is_consistent" time="0.003" /><testcase classname="tests.analytics.plugins.data_models.test_build" name="test_data_models_plugin_metadata_name" time="0.009" /><testcase classname="tests.analytics.plugins.data_models.test_build" name="test_data_models_plugin_metadata_depends_on" time="0.001" /><testcase classname="tests.analytics.plugins.data_models.test_build" name="test_validate_inputs_success_with_config" time="0.001" /><testcase classname="tests.analytics.plugins.data_models.test_build" name="test_data_models_plugin_metadata_stage" time="0.001" /><testcase classname="tests.analytics.plugins.data_models.test_build" name="test_data_models_plugin_metadata_version" time="0.000" /><testcase classname="tests.analytics.plugins.config_data_flow.test_compute" name="test_config_data_flow_plugin_metadata_stage" time="0.003" /><testcase classname="tests.analytics.plugins.config_data_flow.test_compute" name="test_config_data_flow_plugin_metadata_version" time="0.000" /><testcase classname="tests.analytics.plugins.config_data_flow.test_compute" name="test_config_data_flow_plugin_metadata_outputs" time="0.000" /><testcase classname="tests.analytics.plugins.config_data_flow.test_compute" name="test_config_data_flow_plugin_metadata_capabilities_provided" time="0.000" /><testcase classname="tests.analytics.plugins.data_models.test_build" name="test_validate_inputs_failure_without_config" time="0.002" /><testcase classname="tests.analytics.plugins.data_models.test_build" name="test_validate_inputs_returns_error_details" time="0.001" /><testcase classname="tests.analytics.plugins.config_data_flow.test_compute" name="test_validate_inputs_failure_without_config" time="0.005" /><testcase classname="tests.analytics.plugins.data_models.test_build" name="test_execute_fails_without_config" time="0.001" /><testcase classname="tests.analytics.plugins.config_data_flow.test_compute" name="test_config_data_flow_plugin_metadata_tags" time="0.000" /><testcase classname="tests.analytics.plugins.config_data_flow.test_compute" name="test_config_data_flow_plugin_metadata_depends_on" time="0.000" /><testcase classname="tests.analytics.plugins.config_data_flow.test_compute" name="test_validate_inputs_returns_error_details" time="0.004" /><testcase classname="tests.analytics.plugins.data_models.test_build" name="test_data_models_plugin_metadata_outputs" time="0.001" /><testcase classname="tests.analytics.plugins.data_models.test_build" name="test_data_models_plugin_metadata_capabilities_provided" time="0.000" /><testcase classname="tests.analytics.plugins.config_data_flow.test_compute" name="test_validate_inputs_success_with_config" time="0.002" /><testcase classname="tests.analytics.plugins.data_models.test_usage" name="test_validate_inputs_returns_error_details" time="0.003" /><testcase classname="tests.analytics.plugins.config_data_flow.test_compute" name="test_execute_fails_without_config" time="0.001" /><testcase classname="tests.analytics.plugins.data_models.test_build" name="test_data_models_plugin_metadata_tags" time="0.000" /><testcase classname="tests.analytics.plugins.data_models.test_usage" name="test_data_model_usage_plugin_metadata_version" time="0.001" /><testcase classname="tests.analytics.plugins.data_models.test_usage" name="test_data_model_usage_plugin_metadata_outputs" time="0.000" /><testcase classname="tests.analytics.plugins.data_models.test_usage" name="test_data_model_usage_plugin_metadata_capabilities_provided" time="0.002" /><testcase classname="tests.analytics.plugins.data_models.test_usage" name="test_data_model_usage_plugin_metadata_tags" time="0.000" /><testcase classname="tests.analytics.plugins.data_models.test_usage" name="test_data_model_usage_plugin_metadata_depends_on" time="0.000" /><testcase classname="tests.analytics.plugins.data_models.test_usage" name="test_validate_inputs_success_with_config" time="0.002" /><testcase classname="tests.analytics.plugins.data_models.test_usage" name="test_execute_fails_without_config" time="0.001" /><testcase classname="tests.analytics.plugins.data_models.test_usage" name="test_validate_inputs_failure_without_config" time="0.002" /><testcase classname="tests.analytics.plugins.dependencies.test_external" name="test_plugin_is_dataclass" time="0.001" /><testcase classname="tests.analytics.plugins.dependencies.test_external" name="test_plugin_metadata_is_consistent" time="0.001" /><testcase classname="tests.analytics.plugins.functions.test_ast_features" name="test_ast_features_plugin_metadata_name" time="0.001" /><testcase classname="tests.analytics.plugins.functions.test_ast_features" name="test_ast_features_plugin_metadata_stage" time="0.001" /><testcase classname="tests.analytics.plugins.functions.test_ast_features" name="test_ast_features_plugin_metadata_version" time="0.001" /><testcase classname="tests.analytics.plugins.functions.test_ast_features" name="test_ast_features_plugin_metadata_outputs" time="0.000" /><testcase classname="tests.analytics.plugins.functions.test_ast_features" name="test_ast_features_plugin_metadata_capabilities_provided" time="0.001" /><testcase classname="tests.analytics.plugins.functions.test_ast_features" name="test_ast_features_plugin_metadata_tags" time="0.001" /><testcase classname="tests.analytics.plugins.functions.test_ast_features" name="test_validate_inputs_success_with_config" time="0.001" /><testcase classname="tests.analytics.plugins.functions.test_ast_features" name="test_validate_inputs_failure_without_config" time="0.001" /><testcase classname="tests.analytics.plugins.functions.test_ast_features" name="test_validate_inputs_returns_error_details" time="0.002" /><testcase classname="tests.analytics.plugins.functions.test_ast_features" name="test_execute_fails_without_config" time="0.002" /><testcase classname="tests.analytics.plugins.functions.test_ast_features" name="test_execute_fails_without_features_provider" time="0.001" /><testcase classname="tests.analytics.adapters.test_dependencies_adapter" name="test_call_adapter_table_name" time="2.470" /><testcase classname="tests.analytics.adapters.test_subsystems_adapter" name="test_subsystem_modules_adapter_load_raises" time="2.574" /><testcase classname="tests.analytics.adapters.test_functions_adapter" name="test_loader_load_all_empty" time="2.613" /><testcase classname="tests.analytics.adapters.test_semantic_roles_adapter" name="test_modules_adapter_load_raises" time="2.591" /><testcase classname="tests.analytics.adapters.test_base_adapters" name="test_adapter_properties" time="2.802" /><testcase classname="tests.analytics.adapters.test_functions_adapter" name="test_types_adapter_load_raises_not_implemented" time="2.817" /><testcase classname="tests.analytics.adapters.test_entrypoints_adapter" name="test_entrypoints_adapter_persist_multiple" time="2.874" /><testcase classname="tests.analytics.adapters.test_dependencies_adapter" name="test_aggregate_adapter_table_name" time="2.870" /><testcase classname="tests.analytics.core.test_providers_impl.TestValidateContracts" name="test_mixed_contracts_filters_correctly" time="2.560" /><testcase classname="tests.analytics.adapters.test_data_models_adapter" name="test_adapter_persist_verifies_data" time="2.998" /><testcase classname="tests.analytics.core.test_recipes" name="test_create_minimal_recipe" time="0.003" /><testcase classname="tests.analytics.core.test_recipes" name="test_recipe_with_plugins_is_immutable" time="0.003" /><testcase classname="tests.analytics.core.test_recipes" name="test_recipe_with_config_returns_new_instance" time="0.001" /><testcase classname="tests.analytics.core.test_recipes" name="test_recipe_with_options_returns_new_instance[case0]" time="0.001" /><testcase classname="tests.analytics.core.test_recipes" name="test_recipe_with_options_returns_new_instance[case1]" time="0.001" /><testcase classname="tests.analytics.core.test_recipes" name="test_create_empty_scope" time="0.002" /><testcase classname="tests.analytics.core.test_recipes" name="test_create_scope_with_paths_and_modules" time="0.003" /><testcase classname="tests.analytics.graphs.test_contracts" name="test_run_contract_checkers_all_pass" time="2.381" /><testcase classname="tests.analytics.plugins.functions.test_contracts" name="test_contracts_plugin_metadata_version" time="0.003" /><testcase classname="tests.analytics.plugins.functions.test_contracts" name="test_contracts_plugin_metadata_outputs" time="0.003" /><testcase classname="tests.analytics.plugins.functions.test_contracts" name="test_contracts_plugin_metadata_capabilities_provided" time="0.003" /><testcase classname="tests.analytics.plugins.functions.test_contracts" name="test_contracts_plugin_metadata_tags" time="0.003" /><testcase classname="tests.analytics.plugins.functions.test_contracts" name="test_validate_inputs_success_with_config" time="0.006" /><testcase classname="tests.analytics.plugins.functions.test_contracts" name="test_validate_inputs_failure_without_config" time="0.010" /><testcase classname="tests.analytics.plugins.functions.test_contracts" name="test_validate_inputs_returns_error_details" time="0.006" /><testcase classname="tests.analytics.plugins.functions.test_contracts" name="test_execute_fails_without_config" time="0.006" /><testcase classname="tests.analytics.plugins.functions.test_contracts" name="test_execute_fails_without_ast_provider" time="0.001" /><testcase classname="tests.analytics.plugins.functions.test_contracts" name="test_execute_fails_without_catalog_provider" time="0.007" /><testcase classname="tests.analytics.graphs.test_contracts" name="test_assert_table_not_empty_unsafe_table" time="2.486" /><testcase classname="tests.analytics.adapters.test_dependencies_adapter" name="test_compute_dep_id_deterministic" time="0.001" /><testcase classname="tests.analytics.adapters.test_dependencies_adapter" name="test_compute_dep_id_length" time="0.000" /><testcase classname="tests.analytics.adapters.test_dependencies_adapter" name="test_compute_dep_id_unique_per_library" time="0.000" /><testcase classname="tests.analytics.adapters.test_dependencies_adapter" name="test_compute_dep_id_unique_per_repo" time="0.000" /><testcase classname="tests.analytics.adapters.test_dependencies_adapter" name="test_compute_dep_id_unique_per_commit" time="0.000" /><testcase classname="tests.analytics.adapters.test_dependencies_adapter" name="test_to_decimal_converts_int" time="0.000" /><testcase classname="tests.analytics.adapters.test_dependencies_adapter" name="test_to_decimal_handles_zero" time="0.000" /><testcase classname="tests.analytics.adapters.test_dependencies_adapter" name="test_to_decimal_handles_large_int" time="0.000" /><testcase classname="tests.analytics.adapters.test_dependencies_adapter" name="test_dependency_call_row_creation" time="0.000" /><testcase classname="tests.analytics.adapters.test_dependencies_adapter" name="test_dependency_call_row_goid_is_decimal" time="0.001" /><testcase classname="tests.analytics.adapters.test_dependencies_adapter" name="test_dependency_call_row_modes_is_list" time="0.001" /><testcase classname="tests.analytics.plugins.functions.test_effects" name="test_effects_plugin_metadata_tags" time="0.001" /><testcase classname="tests.analytics.plugins.functions.test_effects" name="test_validate_inputs_success_with_config" time="0.002" /><testcase classname="tests.analytics.plugins.functions.test_effects" name="test_validate_inputs_failure_without_config" time="0.001" /><testcase classname="tests.analytics.plugins.functions.test_effects" name="test_execute_fails_without_config" time="0.003" /><testcase classname="tests.analytics.core.test_providers_impl.TestComputeRowCounts" name="test_returns_empty_for_empty_tables" time="2.714" /><testcase classname="tests.analytics.adapters.test_base_adapters" name="test_batch_persist_without_delete" time="3.118" /><testcase classname="tests.analytics.graphs.test_contracts" name="test_assert_table_not_empty_with_empty_table" time="2.629" /><testcase classname="tests.analytics.functions.test_function_contracts" name="test_compute_function_contracts_with_len_guard" time="2.927" /><testcase classname="tests.analytics.adapters.test_profiles_adapter" name="test_module_profile_adapter_table_name" time="3.330" /><testcase classname="tests.analytics.functions.test_function_contracts" name="test_compute_function_contracts_empty_catalog" time="2.887" /><testcase classname="tests.analytics.core.test_executor_helpers" name="test_execute_plugin_handles_execution_error" time="2.341" /><testcase classname="tests.analytics.core.test_traits" name="test_filter_by_scope_respects_supported_scopes[case0]" time="0.001" /><testcase classname="tests.analytics.core.test_traits
[...]
builder.TestInferBehaviorTags" name="test_infers_tags_from_name[test_success_case-happy_path]" time="0.001" /><testcase classname="tests.analytics.testing.profiles.test_builder.TestInferBehaviorTags" name="test_infers_tags_from_name[test_error_handling-error_paths]" time="0.001" /><testcase classname="tests.analytics.testing.profiles.test_builder.TestInferBehaviorTags" name="test_infers_tags_from_name[test_invalid_input-error_paths]" time="0.001" /><testcase classname="tests.analytics.testing.profiles.test_builder.TestInferBehaviorTags" name="test_infers_tags_from_name[test_exception_raised-error_paths]" time="0.001" /><testcase classname="tests.analytics.testing.profiles.test_builder.TestInferBehaviorTags" name="test_infers_tags_from_name[test_edge_case-edge_cases]" time="0.001" /><testcase classname="tests.analytics.testing.profiles.test_builder.TestInferBehaviorTags" name="test_infers_tags_from_name[test_boundary_check-edge_cases]" time="0.001" /><testcase classname="tests.analytics.testing.profiles.test_builder.TestInferBehaviorTags" name="test_infers_tags_from_name[test_concurrent_access-concurrency]" time="0.001" /><testcase classname="tests.analytics.testing.profiles.test_builder.TestInferBehaviorTags" name="test_infers_tags_from_name[test_async_operation-concurrency]" time="0.001" /><testcase classname="tests.analytics.testing.profiles.test_builder.TestInferBehaviorTags" name="test_infers_tags_from_name[test_thread_safety-concurrency]" time="0.001" /><testcase classname="tests.analytics.testing.profiles.test_builder.TestInferBehaviorTags" name="test_infers_tags_from_markers[markers0-known_bug]" time="0.001" /><testcase classname="tests.analytics.testing.profiles.test_builder.TestInferBehaviorTags" name="test_infers_tags_from_markers[markers1-integration_scenario]" time="0.001" /><testcase classname="tests.analytics.testing.profiles.test_builder.TestInferBehaviorTags" name="test_infers_tags_from_markers[markers2-integration_scenario]" time="0.001" /><testcase classname="tests.analytics.testing.profiles.test_builder.TestInferBehaviorTags" name="test_infers_tags_from_markers[markers3-io_heavy]" time="0.001" /><testcase classname="tests.analytics.testing.profiles.test_builder.TestInferBehaviorTags" name="test_infers_tags_from_markers[markers4-network_interaction]" time="0.001" /><testcase classname="tests.analytics.testing.profiles.test_builder.TestInferBehaviorTags" name="test_infers_tags_from_markers[markers5-network_interaction]" time="0.001" /><testcase classname="tests.analytics.test_graph_stats_validation" name="test_graph_views_exist" time="3.676" /><testcase classname="tests.analytics.testing.profiles.test_builder.TestInferBehaviorTags" name="test_infers_tags_from_markers[markers6-network_interaction]" time="0.001" /><testcase classname="tests.analytics.testing.profiles.test_builder.TestInferBehaviorTags" name="test_infers_tags_from_markers[markers7-db_interaction]" time="0.001" /><testcase classname="tests.analytics.testing.profiles.test_builder.TestInferBehaviorTags" name="test_infers_tags_from_markers[markers8-db_interaction]" time="0.001" /><testcase classname="tests.analytics.testing.profiles.test_builder.TestInferBehaviorTags" name="test_infers_network_interaction_from_io_flags" time="0.001" /><testcase classname="tests.analytics.testing.profiles.test_builder.TestInferBehaviorTags" name="test_infers_db_interaction_from_io_flags" time="0.000" /><testcase classname="tests.analytics.testing.profiles.test_builder.TestInferBehaviorTags" name="test_infers_filesystem_interaction_from_io_flags" time="0.000" /><testcase classname="tests.analytics.testing.profiles.test_builder.TestInferBehaviorTags" name="test_infers_process_interaction_from_io_flags" time="0.001" /><testcase classname="tests.analytics.testing.profiles.test_builder.TestInferBehaviorTags" name="test_infers_error_paths_from_pytest_raises" time="0.001" /><testcase classname="tests.analytics.testing.profiles.test_builder.TestInferBehaviorTags" name="test_infers_concurrency_from_ast_info" time="0.000" /><testcase classname="tests.analytics.adapters.test_profiles_adapter" name="test_file_profile_adapter_persist_multiple_rows" time="2.130" /><testcase classname="tests.analytics.testing.profiles.test_builder.TestInferBehaviorTags" name="test_infers_edge_cases_from_boundary_asserts" time="0.001" /><testcase classname="tests.analytics.testing.profiles.test_builder.TestInferBehaviorTags" name="test_combines_tags_from_multiple_sources" time="0.001" /><testcase classname="tests.analytics.testing.profiles.test_builder.TestInferBehaviorTags" name="test_returns_sorted_tags" time="0.000" /><testcase classname="tests.analytics.test_semantic_roles_signals" name="test_flask_role_detected" time="0.001" /><testcase classname="tests.analytics.testing.profiles.test_builder.TestBuildBehavioralCoverage" name="test_build_behavioral_coverage_imports_correctly" time="0.001" /><testcase classname="tests.analytics.testing.profiles.test_builder.TestCoverageInputTypes" name="test_function_coverage_entry_constructor" time="0.000" /><testcase classname="tests.analytics.testing.profiles.test_builder.TestCoverageInputTypes" name="test_subsystem_coverage_entry_constructor" time="0.001" /><testcase classname="tests.analytics.testing.profiles.test_builder.TestCoverageInputTypes" name="test_test_graph_metrics_constructor" time="0.000" /><testcase classname="tests.analytics.testing.test_graph_metrics.TestTestMetricsContext" name="test_creates_frozen_context" time="0.001" /><testcase classname="tests.analytics.testing.test_graph_metrics.TestTestMetricsContext" name="test_stores_degrees_data" time="0.000" /><testcase classname="tests.analytics.testing.test_graph_metrics.TestTestMetricsContext" name="test_stores_datetime_correctly" time="0.001" /><testcase classname="tests.analytics.test_hexagonal_demo" name="test_metrics_ctx_provides_function_metrics" time="2.160" /><testcase classname="tests.analytics.test_semantic_roles_signals" name="test_pytest_fixture_vs_test_role" time="0.001" /><testcase classname="tests.analytics.plugins.test_coverage_plugins.test_test_edges" name="test_execute_succeeds_with_catalog_provider" time="10.113" /><testcase classname="tests.analytics.test_hexagonal_demo" name="test_risk_factors_correlate_with_metrics" time="2.122" /><testcase classname="tests.analytics.test_semantic_roles_signals" name="test_service_tag_and_graph_signal" time="0.001" /><testcase classname="tests.analytics.test_hexagonal_demo" name="test_pack_seeds_expected_table[pack2-analytics.function_metrics]" time="1.947" /><testcase classname="tests.analytics.test_span_resolver" name="test_build_span_index_skips_missing_goids" time="0.002" /><testcase classname="tests.analytics.testing.test_graph_metrics.TestDecimalConversion" name="test_decimal_conversion_matches_behavior[1-expected1]" time="0.001" /><testcase classname="tests.analytics.testing.test_graph_metrics.TestDecimalConversion" name="test_decimal_conversion_matches_behavior[42-expected2]" time="0.001" /><testcase classname="tests.analytics.testing.test_graph_metrics.TestDecimalConversion" name="test_decimal_conversion_matches_behavior[-1-expected3]" time="0.001" /><testcase classname="tests.analytics.testing.test_graph_metrics.TestDecimalConversion" name="test_decimal_conversion_matches_behavior[999999999-expected4]" time="0.001" /><testcase classname="tests.analytics.test_hexagonal_demo" name="test_pack_seeds_expected_table[pack1-analytics.test_catalog]" time="1.946" /><testcase classname="tests.analytics.test_span_resolver" name="test_resolve_span_success" time="0.001" /><testcase classname="tests.analytics.test_subsystem_cache_benchmark" name="test_refresh_and_benchmark_returns_timings" time="0.936" /><testcase classname="tests.analytics.test_symbol_config_metrics" name="test_subsystem_agreement_exposed_in_views" time="1.863" /><testcase classname="tests.analytics.test_tests_profile_plugin_runtime" name="test_tests_profile_plugin_runtime" time="2.063" /><testcase classname="tests.analytics.test_functions_validation" name="test_records_validation_when_parse_fails" time="9.912" /><testcase classname="tests.analytics.test_feature_flags_behavior" name="test_eager_hydration_respects_feature_override" time="9.884" /><testcase classname="tests.analytics.test_graph_features" name="test_summarize_graph_for_function_profile_contract" time="0.065" /><testcase classname="tests.analytics.plugins.config_data_flow.test_compute" name="test_execute_raises_with_graph_provider" time="9.793" /><testcase classname="tests.analytics.functions.test_function_contracts_pure" name="test_compute_function_contracts_complex_assertions" time="9.717" /><testcase classname="tests.analytics.plugins.config_data_flow.test_compute" name="test_plugin_is_dataclass" time="0.001" /><testcase classname="tests.analytics.plugins.dependencies.test_external" name="test_external_deps_plugin_metadata_tags" time="0.001" /><testcase classname="tests.analytics.plugins.dependencies.test_external" name="test_validate_inputs_success_with_config" time="0.002" /><testcase classname="tests.analytics.plugins.dependencies.test_external" name="test_validate_inputs_failure_without_config" time="0.002" /><testcase classname="tests.analytics.plugins.dependencies.test_external" name="test_execute_fails_without_config" time="0.001" /><testcase classname="tests.analytics.plugins.dependencies.test_external" name="test_execute_fails_without_catalog" time="0.001" /><testcase classname="tests.analytics.functions.test_function_effects" name="test_effect_analysis_creation" time="0.000" /><testcase classname="tests.analytics.functions.test_function_effects" name="test_effect_analysis_pure_function" time="0.001" /><testcase classname="tests.analytics.functions.test_function_effects" name="test_effect_analysis_io_effect" time="0.001" /><testcase classname="tests.analytics.functions.test_function_effects" name="test_effect_analysis_db_effect" time="0.000" /><testcase classname="tests.analytics.functions.test_function_effects" name="test_effect_analysis_time_effect" time="0.000" /><testcase classname="tests.analytics.testing.coverage.test_edges.TestComputeTestCoverageEdges" name="test_handles_empty_function_catalog" time="1.650" /><testcase classname="tests.analytics.testing.profiles.test_builder.TestBehavioralProfile" name="test_creates_behavioral_profile" time="0.001" /><testcase classname="tests.analytics.testing.coverage.test_edges.TestBackfillTestGoids" name="test_returns_empty_dicts_when_no_goids" time="1.714" /><testcase classname="tests.analytics.testing.coverage.test_edges.TestBackfillTestGoids" name="test_returns_empty_dicts_when_no_tests" time="1.729" /><testcase classname="tests.analytics.plugins.functions.test_ast_features" name="test_execute_returns_row_counts" time="9.719" /><testcase classname="tests.analytics.plugins.functions.test_ast_features" name="test_plugin_is_dataclass" time="0.001" /><testcase classname="tests.analytics.plugins.functions.test_ast_features" name="test_plugin_metadata_is_consistent" time="0.001" /><testcase classname="tests.analytics.plugins.functions.test_contracts" name="test_contracts_plugin_metadata_name" time="0.000" /><testcase classname="tests.analytics.plugins.functions.test_contracts" name="test_contracts_plugin_metadata_stage" time="0.000" /><testcase classname="tests.analytics.test_feature_flags_behavior" name="test_eager_hydration_off_defers_graph_loads" time="9.816" /><testcase classname="tests.analytics.test_graph_metric_filters" name="test_build_filters_safe_when_repos_empty" time="1.253" /><testcase classname="tests.analytics.test_hexagonal_demo" name="test_pack_seeds_expected_table[pack0-graph.call_graph_edges]" time="1.542" /><testcase classname="tests.analytics.testing.profiles.test_builder.TestInferBehaviorTags" name="test_infers_io_heavy_from_io_bound_property" time="0.001" /><testcase classname="tests.analytics.testing.profiles.test_builder.TestBuildTestProfile" name="test_returns_early_when_no_tests" time="1.593" /><testcase classname="tests.analytics.testing.test_graph_metrics.TestComputeTestGraphMetrics" name="test_creates_empty_tables_when_no_coverage" time="1.569" /><testcase classname="tests.analytics.plugins.data_models.test_usage" name="test_execute_succeeds_with_all_providers" time="9.759" /><testcase classname="tests.analytics.functions.test_function_contracts_pure" name="test_compute_function_contracts_with_len_check" time="9.723" /><testcase classname="tests.analytics.functions.test_function_contracts_integration" name="test_compute_contracts_with_predicate_name" time="9.980" /><testcase classname="tests.analytics.test_profiles" name="test_profile_builders_aggregate_expected_fields" time="2.762" /><testcase classname="tests.analytics.testing.test_graph_metrics.TestComputeTestGraphMetrics" name="test_clears_previous_metrics_on_recompute" time="1.629" /><testcase classname="tests.analytics.functions.test_function_contracts_integration" name="test_compute_contracts_with_type_annotations" time="9.575" /><testcase classname="tests.analytics.testing.test_graph_metrics.TestComputeTestGraphMetrics" name="test_integrates_with_graph_runtime_options" time="1.539" /><testcase classname="tests.analytics.testing.test_graph_metrics.TestDecimalConversion" name="test_decimal_conversion_matches_behavior[0-expected0]" time="0.001" /><testcase classname="tests.analytics.test_graph_metrics_calculations" name="test_compute_function_graph_metrics_counts_and_cycles" time="1.281" /><testcase classname="tests.analytics.testing.coverage.test_edges.TestComputeTestCoverageEdges" name="test_returns_early_when_no_coverage_file" time="1.326" /><testcase classname="tests.analytics.testing.coverage.test_edges.TestComputeTestCoverageEdges" name="test_accepts_custom_coverage_loader" time="1.344" /><testcase classname="tests.analytics.test_graph_runtime_cache" name="test_disk_cache_round_trip" time="0.003" /><testcase classname="tests.analytics.testing.profiles.test_builder.TestBuildTestProfile" name="test_builds_profiles_with_seeded_tests" time="1.285" /><testcase classname="tests.analytics.testing.test_graph_metrics.TestComputeTestGraphMetrics" name="test_computes_metrics_with_seeded_coverage" time="1.337" /><testcase classname="tests.analytics.plugins.functions.test_effects" name="test_execute_with_all_resources" time="8.748" /><testcase classname="tests.analytics.plugins.functions.test_effects" name="test_plugin_is_dataclass" time="0.001" /><testcase classname="tests.analytics.testing.test_graph_metrics.TestComputeTestGraphMetrics" name="test_handles_different_repo_commit_combinations" time="1.253" /><testcase classname="tests.analytics.plugins.functions.test_effects" name="test_plugin_metadata_is_consistent" time="0.000" /><testcase classname="tests.analytics.plugins.functions.test_effects" name="test_validate_inputs_returns_error_details" time="0.001" /><testcase classname="tests.analytics.plugins.functions.test_effects" name="test_execute_returns_error_on_config_missing" time="0.001" /><testcase classname="tests.analytics.plugins.functions.test_history" name="test_function_history_plugin_metadata_name" time="0.001" /><testcase classname="tests.analytics.test_subsystems" name="test_subsystems_cluster_and_risk_aggregation" time="1.256" /><testcase classname="tests.analytics.plugins.functions.test_history" name="test_execute_passes_tool_runner_to_domain" time="8.518" /><testcase classname="tests.analytics.plugins.functions.test_history" name="test_plugin_is_dataclass" time="0.000" /><testcase classname="tests.analytics.plugins.functions.test_history" name="test_plugin_metadata_is_consistent" time="0.000" /><testcase classname="tests.analytics.plugins.functions.test_history" name="test_plugin_capabilities_required" time="0.000" /><testcase classname="tests.analytics.plugins.functions.test_history" name="test_plugin_resource_hints" time="0.000" /><testcase classname="tests.analytics.plugins.groups.test_plugin_groups" name="test_plugin_group_creation" time="0.001" /><testcase classname="tests.analytics.test_runtime_pool" name="test_pool_reuses_runtime_within_ttl" time="7.768" /><testcase classname="tests.analytics.test_runtime_pool" name="test_pool_expires_runtime_after_ttl" time="7.798" /><testcase classname="tests.analytics.test_runtime_pool" name="test_pool_lru_eviction" time="7.706" /><testcase classname="tests.analytics.plugins.test_coverage_plugins.test_test_edges" name="test_execute_handles_error_gracefully" time="6.360" /><testcase classname="tests.analytics.plugins.test_coverage_plugins.test_test_edges" name="test_plugin_is_dataclass" time="0.000" /><testcase classname="tests.analytics.test_tests_profiles_coverage_inputs" name="test_aggregate_test_coverage_by_function_in_memory" time="0.044" /><testcase classname="tests.analytics.test_tests_profiles_coverage_inputs" name="test_aggregate_test_coverage_by_subsystem_in_memory" time="0.043" /><testcase classname="tests.analytics.test_functions_validation" name="test_span_not_found_is_recorded" time="6.253" /><testcase classname="tests.analytics.plugins.dependencies.test_external" name="test_execute_succeeds_with_minimal_resources" time="6.247" /><testcase classname="tests.analytics.plugins.data_models.test_usage" name="test_execute_handles_domain_error" time="6.226" /><testcase classname="tests.analytics.test_symbol_config_metrics" name="test_symbol_and_config_metrics_populate_and_views_create" time="1.020" /><testcase classname="tests.analytics.functions.test_function_contracts_pure" name="test_compute_function_contracts_with_isinstance" time="6.196" /><testcase classname="tests.analytics.plugins.data_models.test_usage" name="test_plugin_is_dataclass" time="0.000" /><testcase classname="tests.analytics.functions.test_function_contracts_integration" name="test_compute_contracts_with_doc_return_none" time="6.235" /><testcase classname="tests.analytics.functions.test_function_contracts_pure" name="test_condition_context_dataclass" time="0.000" /><testcase classname="tests.analytics.functions.test_function_contracts_pure" name="test_condition_context_is_frozen" time="0.000" /><testcase classname="tests.analytics.functions.test_function_contracts_integration" name="test_compute_contracts_with_guards_and_catalog" time="6.253" /><testcase classname="tests.analytics.plugins.dependencies.test_external" name="test_execute_with_all_resources" time="6.080" /><testcase classname="tests.analytics.functions.test_function_contracts_pure" name="test_compute_function_contracts_async_function" time="6.079" /><testcase classname="tests.analytics.functions.test_function_contracts_pure" name="test_compute_function_contracts_empty_catalog" time="6.082" /><testcase classname="tests.analytics.functions.test_function_contracts_integration" name="test_compute_contracts_with_bool_return_type" time="6.093" /><testcase classname="tests.analytics.test_span_resolver" name="test_resolve_span_missing" time="0.000" /><testcase classname="tests.analytics.functions.test_function_contracts_pure" name="test_compute_function_contracts_multiple_guards" time="5.891" /><testcase classname="tests.analytics.functions.test_function_contracts_pure" name="test_compute_function_contracts_simple_function" time="5.975" /><testcase classname="tests.analytics.functions.test_function_contracts_integration" name="test_compute_contracts_confidence_score" time="5.966" /><testcase classname="tests.analytics.functions.test_function_contracts_pure" name="test_compute_function_contracts_with_return_none" time="5.539" /><testcase classname="tests.analytics.functions.test_function_contracts_integration" name="test_compute_contracts_multiple_goids" time="5.584" /><testcase classname="tests.analytics.functions.test_function_contracts_pure" name="test_compute_function_contracts_with_raise" time="5.623" /><testcase classname="tests.analytics.functions.test_function_contracts_integration" name="test_compute_contracts_with_nullable_return" time="5.571" /></testsuite></testsuites>