<?xml version="1.0" encoding="utf-8"?><testsuites name="pytest tests"><testsuite name="pytest" errors="0" failures="0" skipped="0" tests="3" time="40.338" timestamp="2025-12-24T03:53:32.003429-06:00" hostname="MacBookPro.lan"><testcase classname="tests.ingestion.test_docstrings_inventory" name="test_docstrings_uses_module_inventory_not_filesystem_scan" time="14.127" /><testcase classname="tests.serving.test_serving_meta_tooling_mismatch_warnings" name="test_serving_meta_includes_tool_version_mismatch_warning[asyncio]" time="16.327" /><testcase classname="tests.storage.test_gateway_helpers" name="test_insert_helpers_write_expected_rows" time="13.635" /></testsuite></testsuites>