<?xml version="1.0" encoding="utf-8"?><testsuites name="pytest tests"><testsuite name="pytest" errors="0" failures="1" skipped="0" tests="1" time="4.532" timestamp="2025-12-12T13:24:46.871529-05:00" hostname="paul-X870-AORUS-ELITE-WIFI7"><testcase classname="tests.cli.test_storage_command" name="test_storage_validate_macros_failure" time="4.507"><failure message="AssertionError: Expected exit 1, got 0: status: valid&#10;missing_ingest: []&#10;present_ingest: ['metadata.ingest_ast_metrics', 'metadata.ingest_ast_nodes', 'metadata.ingest_behavioral_coverage', 'metadata.ingest_call_graph_edges', 'metadata.ingest_call_graph_nodes', 'metadata.ingest_cfg_block_metrics', 'metadata.ingest_cfg_blocks', 'metadata.ingest_cfg_edges', 'metadata.ingest_cfg_function_metrics', 'metadata.ingest_cfg_function_metrics_ext', 'metadata.ingest_config_data_flow', 'metadata.ingest_config_graph_metrics_keys', 'metadata.ingest_config_graph_metrics_modules', 'metadata.ingest_config_projection_key_edges', 'metadata.ingest_config_projection_module_edges', 'metadata.ingest_config_values', 'metadata.ingest_coverage_functions', 'metadata.ingest_coverage_lines', 'metadata.ingest_cst_nodes', 'metadata.ingest_data_model_fields', 'metadata.ingest_data_model_relationships', 'metadata.ingest_data_model_usage', 'metadata.ingest_data_models', 'metadata.ingest_dfg_block_metrics', 'metadata.ingest_dfg_edges', 'metadata.ingest_dfg_function_metrics', 'metadata.ingest_dfg_function_metrics_ext', 'metadata.ingest_docstrings', 'metadata.ingest_entrypoint_tests', 'metadata.ingest_entrypoints', 'metadata.ingest_external_dependencies', 'metadata.ingest_external_dependency_calls', 'metadata.ingest_file_profile', 'metadata.ingest_file_state', 'metadata.ingest_function_ast_features', 'metadata.ingest_function_contracts', 'metadata.ingest_function_effects', 'metadata.ingest_function_history', 'metadata.ingest_function_metrics', 'metadata.ingest_function_profile', 'metadata.ingest_function_types', 'metadata.ingest_function_validation', 'metadata.ingest_goid_crosswalk', 'metadata.ingest_goid_risk_factors', 'metadata.ingest_goids', 'metadata.ingest_graph_metrics_functions', 'metadata.ingest_graph_metrics_functions_ext', 'metadata.ingest_graph_metrics_modules', 'metadata.ingest_graph_metrics_modules_ext', 'metadata.ingest_graph_stats', 'metadata.ingest_graph_validation', 'metadata.ingest_history_timeseries', 'metadata.ingest_hotspots', 'metadata.ingest_import_graph_edges', 'metadata.ingest_import_modules', 'metadata.ingest_ingest_runs', 'metadata.ingest_module_profile', 'metadata.ingest_modules', 'metadata.ingest_output_manifests', 'metadata.ingest_repo_map', 'metadata.ingest_runs', 'metadata.ingest_scip_occurrences', 'metadata.ingest_scip_symbols', 'metadata.ingest_semantic_roles_functions', 'metadata.ingest_semantic_roles_modules', 'metadata.ingest_static_diagnostics', 'metadata.ingest_subsystem_agreement', 'metadata.ingest_subsystem_coverage_cache', 'metadata.ingest_subsystem_graph_metrics', 'metadata.ingest_subsystem_modules', 'metadata.ingest_subsystem_profile_cache', 'metadata.ingest_subsystems', 'metadata.ingest_symbol_graph_metrics_functions', 'metadata.ingest_symbol_graph_metrics_modules', 'metadata.ingest_symbol_use_edges', 'metadata.ingest_tags_index', 'metadata.ingest_test_catalog', 'metadata.ingest_test_coverage_edges', 'metadata.ingest_test_graph_metrics_functions', 'metadata.ingest_test_graph_metrics_tests', 'metadata.ingest_test_profile', 'metadata.ingest_test_results', 'metadata.ingest_test_summary', 'metadata.ingest_typedness', 'metadata.ingest_v_validation_summary']&#10;dataset_rows_only: ['analytics.config_graph_metrics_keys', 'analytics.config_graph_metrics_modules', 'analytics.config_projection_key_edges', 'analytics.config_projection_module_edges', 'analytics.config_values', 'analytics.coverage_lines', 'analytics.data_model_fields', 'analytics.data_model_relationships', 'analytics.data_models', 'analytics.external_dependencies', 'analytics.file_profile', 'analytics.graph_metrics_modules', 'analytics.graph_metrics_modules_ext', 'analytics.graph_stats', 'analytics.hotspots', 'analytics.module_profile', 'analytics.semantic_roles_modules', 'analytics.static_diagnostics', 'analytics.subsystem_agreement', 'analytics.subsystem_coverage_cache', 'analytics.subsystem_graph_metrics', 'analytics.subsystem_modules', 'analytics.subsystem_profile_cache', 'analytics.subsystems', 'analytics.symbol_graph_metrics_modules', 'analytics.tags_index', 'analytics.test_graph_metrics_tests', 'analytics.typedness', 'core.ast_metrics', 'core.ast_nodes', 'core.cst_nodes', 'core.docstrings', 'core.file_state', 'core.goid_crosswalk', 'core.goids', 'core.modules', 'core.repo_map', 'graph.call_graph_nodes', 'graph.import_graph_edges', 'graph.import_modules']">cli_project_harness = CLIProjectHarness(ctx=CLIProjectContext(repo_root=PosixPath('/tmp/pytest-of-paul/pytest-91/test_storage_validate_macro...d'}, config_overrides={}, working_dir=PosixPath('/tmp/pytest-of-paul/pytest-91/test_storage_validate_macros_f0/repo')))

    def test_storage_validate_macros_failure(cli_project_harness: CLIProjectHarness) -&gt; None:
        """Validation error should exit with code 1 when macros are missing."""
        db_path = cli_project_harness.ctx.db_path
        gateway = cli_project_harness.ctx.gateway
        con = expect_is_not_none(gateway, message="Expected gateway to be provisioned").con
        con.execute("DELETE FROM metadata.macro_registry")
        row = con.execute("SELECT COUNT(*) FROM metadata.macro_registry").fetchone()
        row = expect_is_not_none(row, message="Expected macro_registry count row")
        expect_equal(row[0], 0)
    
        result = cli_project_harness.invoke(["storage", "validate-macros", "--db-path", str(db_path)])
&gt;       assert_exit(result, 1)

tests/cli/test_storage_command.py:35: 
_ _ _ _ _ _ _ _ _ _ _ _ _ _ _ _ _ _ _ _ _ _ _ _ _ _ _ _ _ _ _ _ _ _ _ _ _ _ _ _ 

result = CliInvocationResult(exit_code=0, stdout="status: valid\nmissing_ingest: []\npresent_ingest: ['metadata.ingest_ast_metr...repo_map', 'graph.call_graph_nodes', 'graph.import_graph_edges', 'graph.import_modules']\n", stderr='', exception=None)
code = 1

    def assert_exit(result: CliResultType, code: int) -&gt; None:
        """Assert that a CLI invocation exited with the expected code.
    
        Raises
        ------
        AssertionError
            If the exit code differs from the expectation.
        """
        if result.exit_code != code:
            message = f"Expected exit {code}, got {result.exit_code}: {result.stdout}"
&gt;           raise AssertionError(message)
E           AssertionError: Expected exit 1, got 0: status: valid
E           missing_ingest: []
E           present_ingest: ['metadata.ingest_ast_metrics', 'metadata.ingest_ast_nodes', 'metadata.ingest_behavioral_coverage', 'metadata.ingest_call_graph_edges', 'metadata.ingest_call_graph_nodes', 'metadata.ingest_cfg_block_metrics', 'metadata.ingest_cfg_blocks', 'metadata.ingest_cfg_edges', 'metadata.ingest_cfg_function_metrics', 'metadata.ingest_cfg_function_metrics_ext', 'metadata.ingest_config_data_flow', 'metadata.ingest_config_graph_metrics_keys', 'metadata.ingest_config_graph_metrics_modules', 'metadata.ingest_config_projection_key_edges', 'metadata.ingest_config_projection_module_edges', 'metadata.ingest_config_values', 'metadata.ingest_coverage_functions', 'metadata.ingest_coverage_lines', 'metadata.ingest_cst_nodes', 'metadata.ingest_data_model_fields', 'metadata.ingest_data_model_relationships', 'metadata.ingest_data_model_usage', 'metadata.ingest_data_models', 'metadata.ingest_dfg_block_metrics', 'metadata.ingest_dfg_edges', 'metadata.ingest_dfg_function_metrics', 'metadata.ingest_dfg_function_metrics_ext', 'metadata.ingest_docstrings', 'metadata.ingest_entrypoint_tests', 'metadata.ingest_entrypoints', 'metadata.ingest_external_dependencies', 'metadata.ingest_external_dependency_calls', 'metadata.ingest_file_profile', 'metadata.ingest_file_state', 'metadata.ingest_function_ast_features', 'metadata.ingest_function_contracts', 'metadata.ingest_function_effects', 'metadata.ingest_function_history', 'metadata.ingest_function_metrics', 'metadata.ingest_function_profile', 'metadata.ingest_function_types', 'metadata.ingest_function_validation', 'metadata.ingest_goid_crosswalk', 'metadata.ingest_goid_risk_factors', 'metadata.ingest_goids', 'metadata.ingest_graph_metrics_functions', 'metadata.ingest_graph_metrics_functions_ext', 'metadata.ingest_graph_metrics_modules', 'metadata.ingest_graph_metrics_modules_ext', 'metadata.ingest_graph_stats', 'metadata.ingest_graph_validation', 'metadata.ingest_history_timeseries', 'metadata.ingest_hotspots', 'metadata.ingest_import_graph_edges', 'metadata.ingest_import_modules', 'metadata.ingest_ingest_runs', 'metadata.ingest_module_profile', 'metadata.ingest_modules', 'metadata.ingest_output_manifests', 'metadata.ingest_repo_map', 'metadata.ingest_runs', 'metadata.ingest_scip_occurrences', 'metadata.ingest_scip_symbols', 'metadata.ingest_semantic_roles_functions', 'metadata.ingest_semantic_roles_modules', 'metadata.ingest_static_diagnostics', 'metadata.ingest_subsystem_agreement', 'metadata.ingest_subsystem_coverage_cache', 'metadata.ingest_subsystem_graph_metrics', 'metadata.ingest_subsystem_modules', 'metadata.ingest_subsystem_profile_cache', 'metadata.ingest_subsystems', 'metadata.ingest_symbol_graph_metrics_functions', 'metadata.ingest_symbol_graph_metrics_modules', 'metadata.ingest_symbol_use_edges', 'metadata.ingest_tags_index', 'metadata.ingest_test_catalog', 'metadata.ingest_test_coverage_edges', 'metadata.ingest_test_graph_metrics_functions', 'metadata.ingest_test_graph_metrics_tests', 'metadata.ingest_test_profile', 'metadata.ingest_test_results', 'metadata.ingest_test_summary', 'metadata.ingest_typedness', 'metadata.ingest_v_validation_summary']
E           dataset_rows_only: ['analytics.config_graph_metrics_keys', 'analytics.config_graph_metrics_modules', 'analytics.config_projection_key_edges', 'analytics.config_projection_module_edges', 'analytics.config_values', 'analytics.coverage_lines', 'analytics.data_model_fields', 'analytics.data_model_relationships', 'analytics.data_models', 'analytics.external_dependencies', 'analytics.file_profile', 'analytics.graph_metrics_modules', 'analytics.graph_metrics_modules_ext', 'analytics.graph_stats', 'analytics.hotspots', 'analytics.module_profile', 'analytics.semantic_roles_modules', 'analytics.static_diagnostics', 'analytics.subsystem_agreement', 'analytics.subsystem_coverage_cache', 'analytics.subsystem_graph_metrics', 'analytics.subsystem_modules', 'analytics.subsystem_profile_cache', 'analytics.subsystems', 'analytics.symbol_graph_metrics_modules', 'analytics.tags_index', 'analytics.test_graph_metrics_tests', 'analytics.typedness', 'core.ast_metrics', 'core.ast_nodes', 'core.cst_nodes', 'core.docstrings', 'core.file_state', 'core.goid_crosswalk', 'core.goids', 'core.modules', 'core.repo_map', 'graph.call_graph_nodes', 'graph.import_graph_edges', 'graph.import_modules']

tests/_helpers/cli.py:165: AssertionError</failure></testcase></testsuite></testsuites>