<?xml version="1.0" encoding="utf-8"?><testsuites name="pytest tests"><testsuite name="pytest" errors="0" failures="3" skipped="3" tests="292" time="49.946" timestamp="2025-11-28T01:22:23.029296-05:00" hostname="paul-X870-AORUS-ELITE-WIFI7"><testcase classname="tests.analytics.test_domain_api_exports" name="test_graphs_api_exports_expected_symbols" time="0.001" /><testcase classname="tests.analytics.test_evidence" name="test_evidence_collector_deduplicates_and_truncates" time="0.001" /><testcase classname="tests.analytics.test_graph_service_unit" name="test_global_graph_stats_triangle" time="0.005" /><testcase classname="tests.analytics.test_ast_utils" name="test_safe_unparse_survives_invalid_nodes" time="0.001" /><testcase classname="tests.analytics.test_cli_parser" name="test_function_parser_invalid_exits" time="0.005" /><testcase classname="tests.analytics.test_span_resolver" name="test_build_span_index_skips_missing_goids" time="0.002" /><testcase classname="tests.analytics.test_semantic_roles_signals" name="test_flask_role_detected" time="0.001" /><testcase classname="tests.analytics.test_evidence" name="test_validate_evidence_samples_rejects_invalid_payloads" time="0.001" /><testcase classname="tests._helpers.test_helpers_roundtrip" name="test_symbol_and_config_metrics_builder_round_trip" time="3.971" /><testcase classname="tests.analytics.test_graph_service_unit" name="test_neighbor_stats_with_weights" time="0.002" /><testcase classname="tests.analytics.test_history_timeseries" name="test_history_timeseries_aggregates_functions" time="10.709" /><testcase classname="tests._helpers.test_helpers_roundtrip" name="test_provisioned_gateway_round_trip" time="5.018" /><testcase classname="tests.analytics.test_graph_metrics_calculations" name="test_graph_metrics_ready_gateway_smoke" time="3.142" /><testcase classname="tests.analytics.test_span_resolver" name="test_resolve_span_success" time="0.001" /><testcase classname="tests.analytics.test_domain_api_exports" name="test_history_api_exports_expected_symbols" time="0.000" /><testcase classname="tests.analytics.test_graph_service_unit" name="test_component_metadata_cycles_and_layers" time="0.002" /><testcase classname="tests.analytics.test_ast_utils" name="test_snippet_from_lines_includes_range" time="0.000" /><testcase classname="tests.analytics.test_semantic_roles_signals" name="test_typer_cli_detected" time="0.001" /><testcase classname="tests.analytics.test_semantic_roles_signals" name="test_pytest_fixture_vs_test_role" time="0.000" /><testcase classname="tests.analytics.test_entrypoint_evidence" name="test_detect_entrypoints_emits_snippet_evidence" time="0.001" /><testcase classname="tests.analytics.test_span_resolver" name="test_resolve_span_missing" time="0.000" /><testcase classname="tests.analytics.test_graph_service_unit" name="test_projection_metrics_basic" time="0.003" /><testcase classname="tests.analytics.test_cli_parser" name="test_function_parser_default_none" time="0.004" /><testcase classname="tests.analytics.test_graph_service_unit" name="test_bipartite_degrees_weight_and_centrality" time="0.001" /><testcase classname="tests.analytics.test_graph_service_unit" name="test_bounded_simple_path_count_caps_results" time="0.001" /><testcase classname="tests.analytics.test_dependencies_config_values" name="test_load_config_keys_filters_repo" time="4.387" /><testcase classname="tests.analytics.test_entrypoints_and_dependencies" name="test_entrypoints_and_dependencies_round_trip" time="9.559" /><testcase classname="tests.analytics.test_graph_service_unit" name="test_structural_metrics_triangle_and_core" time="0.065" /><testcase classname="tests.analytics.test_semantic_roles_signals" name="test_service_tag_and_graph_signal" time="0.001" /><testcase classname="tests.analytics.test_graph_stats_smoke" name="test_graph_stats_records_counts_for_basic_graphs" time="1.024" /><testcase classname="tests.architecture.test_analytics_exports" name="test_domain_exports[codeintel.analytics.parsing-expected3]" time="0.002" /><testcase classname="tests.architecture.test_analytics_graph_boundary" name="test_analytics_modules_do_not_import_nx_views" time="0.002" /><testcase classname="tests.architecture.test_analytics_imports" name="test_external_imports_use_domain_apis" time="0.008" /><testcase classname="tests.architecture.test_duckdb_boundaries" name="test_duckdb_usage_is_localized" time="0.005" /><testcase classname="tests.cli.test_pipeline_cli" name="test_parser_has_pipeline_command" time="0.005" /><testcase classname="tests.cli.test_pipeline_cli" name="test_parser_pipeline_run" time="0.005" /><testcase classname="tests.cli.test_pipeline_cli" name="test_parser_pipeline_deps" time="0.004" /><testcase classname="tests.cli.test_nx_backend" name="test_maybe_enable_nx_gpu_raises_when_strict" time="0.004" /><testcase classname="tests.cli.test_pipeline_cli" name="test_list_steps_text_output" time="0.006" /><testcase classname="tests.cli.test_pipeline_cli" name="test_list_steps_json_output" time="0.004" /><testcase classname="tests.cli.test_pipeline_cli" name="test_list_steps_filter_by_phase" time="0.005" /><testcase classname="tests.docs_export.test_export_edge_columns" name="test_call_graph_edges_export_includes_repo_commit" time="6.129" /><testcase classname="tests.cli.test_pipeline_cli" name="test_list_steps_all_phases_valid[ingestion]" time="0.006" /><testcase classname="tests.cli.test_pipeline_cli" name="test_list_steps_all_phases_valid[graphs]" time="0.005" /><testcase classname="tests.cli.test_pipeline_cli" name="test_list_steps_all_phases_valid[analytics]" time="0.007" /><testcase classname="tests.cli.test_pipeline_cli" name="test_list_steps_all_phases_valid[export]" time="0.005" /><testcase classname="tests.docs_export.test_export_runner" name="test_run_validated_exports_invokes_validator_before_exports" time="4.915" /><testcase classname="tests.analytics.test_graph_metrics_smoke" name="test_compute_graph_metrics_with_small_graph" time="0.865" /><testcase classname="tests.analytics.test_functions_validation" name="test_records_validation_when_parse_fails" time="5.643" /><testcase classname="tests.analytics.test_subsystems" name="test_subsystems_cluster_and_risk_aggregation" time="4.742"><failure message="ValueError: Graph engine is required for subsystem materialization.">fresh_gateway = _DuckDBGateway(config=StorageConfig(db_path=PosixPath('/tmp/pytest-of-paul/pytest-45/popen-gw13/test_subsystems_cluste...ction object at 0x7b896c276cf0&gt;), analytics=AnalyticsTables(con=&lt;_duckdb.DuckDBPyConnection object at 0x7b896c276cf0&gt;))

    def test_subsystems_cluster_and_risk_aggregation(fresh_gateway: StorageGateway) -&gt; None:
        """Clusters modules and aggregates risk across subsystems."""
        gateway = fresh_gateway
        con = gateway.con
        _seed_modules(gateway)
    
        cfg = ConfigBuilder.from_snapshot(repo=REPO, commit=COMMIT, repo_root=Path()).subsystems(
            max_subsystems=2,
            min_modules=1,
        )
&gt;       build_subsystems(gateway, cfg)

tests/analytics/test_subsystems.py:263: 
_ _ _ _ _ _ _ _ _ _ _ _ _ _ _ _ _ _ _ _ _ _ _ _ _ _ _ _ _ _ _ _ _ _ _ _ _ _ _ _ 

gateway = _DuckDBGateway(config=StorageConfig(db_path=PosixPath('/tmp/pytest-of-paul/pytest-45/popen-gw13/test_subsystems_cluste...ction object at 0x7b896c276cf0&gt;), analytics=AnalyticsTables(con=&lt;_duckdb.DuckDBPyConnection object at 0x7b896c276cf0&gt;))
cfg = SubsystemsStepConfig(snapshot=SnapshotRef(repo='demo/repo', commit='abc123', repo_root=PosixPath('/home/paul/CodeIntel'), branch=None), min_modules=1, max_subsystems=2, import_weight=1.0, symbol_weight=0.5, config_weight=0.3)

    def build_subsystems(
        gateway: StorageGateway,
        cfg: SubsystemsStepConfig,
        *,
        context: AnalyticsContext | None = None,
        engine: GraphEngine | None = None,
    ) -&gt; None:
        """
        Populate analytics.subsystems and analytics.subsystem_modules for a repo/commit.
    
        Raises
        ------
        ValueError
            When a graph engine is not provided.
        """
        con = gateway.con
        ensure_schema(con, "analytics.subsystems")
        ensure_schema(con, "analytics.subsystem_modules")
    
        con.execute(
            "DELETE FROM analytics.subsystems WHERE repo = ? AND commit = ?",
            [cfg.repo, cfg.commit],
        )
        con.execute(
            "DELETE FROM analytics.subsystem_modules WHERE repo = ? AND commit = ?",
            [cfg.repo, cfg.commit],
        )
    
        modules, tags_by_module = load_modules(gateway, cfg)
        if not modules:
            log.info("No modules available for subsystem inference; skipping.")
            return
    
        affinity_graph = build_weighted_graph(gateway, cfg, modules)
        adjacency = graph_to_adjacency(affinity_graph)
        labels = label_propagation_nx(affinity_graph, seed_labels_from_tags(tags_by_module))
        labels = reassign_small_clusters(labels, adjacency, cfg.min_modules)
        labels = limit_clusters(labels, adjacency, cfg.max_subsystems)
    
        if context is not None and (context.repo != cfg.repo or context.commit != cfg.commit):
            log.warning(
                "subsystems context mismatch: context=%s@%s cfg=%s@%s",
                context.repo,
                context.commit,
                cfg.repo,
                cfg.commit,
            )
        graph_engine = engine
        if graph_engine is None:
            message = "Graph engine is required for subsystem materialization."
&gt;           raise ValueError(message)
E           ValueError: Graph engine is required for subsystem materialization.

src/codeintel/analytics/subsystems/materialize.py:120: ValueError</failure></testcase><testcase classname="tests.analytics.test_function_history" name="test_function_history_populates_rows" time="4.473" /><testcase classname="tests.analytics.test_catalog_provider_usage" name="test_symbol_uses_respects_catalog_module_map" time="4.878" /><testcase classname="tests.config.test_ingestion_schema_registry" name="test_ingestion_sql_tables_match_schema" time="4.591" /><testcase classname="tests.analytics.test_catalog_provider_usage" name="test_graph_metrics_uses_catalog_for_symbol_modules" time="4.804" /><testcase classname="tests._helpers.test_helpers_roundtrip" name="test_file_backed_gateway_releases_handles" time="3.731" /><testcase classname="tests.analytics.test_graph_service_unit" name="test_centrality_directed_weighted_and_seeded" time="0.002" /><testcase classname="tests.analytics.test_graph_service_unit" name="test_centrality_undirected_empty_returns_zeroes" time="0.001" /><testcase classname="tests.analytics.test_domain_api_exports" name="test_functions_api_exports_expected_symbols" time="0.000" /><testcase classname="tests.cli.test_pipeline_cli" name="test_deps_text_output" time="0.006" /><testcase classname="tests.cli.test_pipeline_cli" name="test_deps_json_output" time="0.007" /><testcase classname="tests.cli.test_pipeline_cli" name="test_deps_unknown_step" time="0.007" /><testcase classname="tests.cli.test_pipeline_cli" name="test_deps_step_with_no_deps" time="0.005" /><testcase classname="tests.docs_export.test_export_validation_models" name="test_data_model_field_schema_validates_fixture" time="0.003" /><testcase classname="tests.docs_export.test_export_validation_models" name="test_data_model_relationship_schema_validates_fixture" time="0.002" /><testcase classname="tests.config.test_subsystems_config" name="test_overrides_are_applied_and_typed" time="0.001" /><testcase classname="tests.config.test_subsystems_config" name="test_invalid_overrides_raise[overrides0-integer]" time="0.001" /><testcase classname="tests.config.test_subsystems_config" name="test_invalid_overrides_raise[overrides1-integer]" time="0.001" /><testcase classname="tests.config.test_subsystems_config" name="test_invalid_overrides_raise[overrides2-numeric]" time="0.001" /><testcase classname="tests.docs_export.test_validate_exports" name="test_validate_jsonl_happy_path" time="0.003" /><testcase classname="tests.docs_export.test_validate_exports" name="test_validate_jsonl_failure" time="0.005" /><testcase classname="tests.docs_export.test_validate_exports" name="test_docs_export_views_exist" time="3.782" /><testcase classname="tests.cli.test_history_timeseries_cli" name="test_history_timeseries_cli_happy_path" time="10.442" /><testcase classname="tests.docs_export.test_export_smoke" name="test_export_subset_validates_dataset_names" time="1.373" /><testcase classname="tests._helpers.test_helpers_roundtrip" name="test_file_backed_gateway_creates_db" time="3.748" /><testcase classname="tests.docs_export.test_export_smoke" name="test_export_helpers_resolve_dataset_names" time="1.471" /><testcase classname="tests.analytics.test_graph_stats_validation" name="test_graph_views_exist" time="6.224" /><testcase classname="tests.docs_export.test_export_edge_columns" name="test_import_graph_edges_export_includes_repo_commit" time="5.955" /><testcase classname="tests.docs_export.test_export_smoke" name="test_export_all_writes_expected_files" time="2.153" /><testcase classname="tests.docs_export.test_export_smoke" name="test_export_validation_runs_against_registry" time="0.776" /><testcase classname="tests.docs_export.test_export_validation_flag" name="test_docs_export_validation_flag_triggers_schema_check" time="7.390" /><testcase classname="tests._helpers.test_helpers_roundtrip" name="test_strict_schema_flag_enforces_views" time="0.618" /><testcase classname="tests.docs_export.test_function_validation_export" name="test_function_validation_export" time="5.156" /><testcase classname="tests.analytics.test_function_history" name="test_function_history_respects_min_threshold" time="4.016" /><testcase classname="tests.docs_export.test_validate_exports" name="test_export_raises_on_validation_failure" time="5.366" /><testcase classname="tests.architecture.test_export_macro_paths" name="test_exporters_avoid_direct_table_reads" time="0.001" /><testcase classname="tests.architecture.test_nx_views_boundary" name="test_nx_views_only_used_in_graphs_layer" time="0.005" /><testcase classname="tests.architecture.test_query_layer_boundaries" name="test_adapters_do_not_embed_sql" time="0.001" /><testcase classname="tests.cli.test_docs_export_cli" name="test_cmd_docs_export_invokes_validator_before_exports" time="4.986" /><testcase classname="tests.analytics.test_catalog_provider_usage" name="test_profiles_use_catalog_module_map_when_modules_table_empty" time="4.462" /><testcase classname="tests.analytics.test_catalog_provider_usage" name="test_symbol_uses_falls_back_to_modules_when_catalog_partial" time="4.398" /><testcase classname="tests._helpers.test_helpers_roundtrip" name="test_builder_inserts_round_trip" time="3.867" /><testcase classname="tests.docs_export.test_export_smoke" name="test_export_validation_passes_on_minimal_data" time="1.418" /><testcase classname="tests.analytics.test_test_profiles" name="test_ast_index_detects_io_and_asserts" time="0.002" /><testcase classname="tests.architecture.test_analytics_exports" name="test_domain_exports[codeintel.analytics.functions-expected0]" time="0.001" /><testcase classname="tests.architecture.test_analytics_exports" name="test_domain_exports[codeintel.analytics.graphs-expected1]" time="0.001" /><testcase classname="tests.architecture.test_analytics_exports" name="test_domain_exports[codeintel.analytics.history-expected2]" time="0.001" /><testcase classname="tests.analytics.test_functions_validation" name="test_span_not_found_is_recorded" time="5.292" /><testcase classname="tests.analytics.test_graph_stats_validation" name="test_graph_stats_include_symbol_and_config_graphs" time="4.006" /><testcase classname="tests.docs_export.test_export_smoke" name="test_export_subset_by_dataset_name" time="1.950" /><testcase classname="tests.analytics.test_model_config_heuristics" name="test_data_models_and_usage_and_config_flow" time="1.767" /><testcase classname="tests.analytics.test_graph_metrics_calculations" name="test_compute_function_graph_metrics_counts_and_cycles" time="2.963" /><testcase classname="tests.graphs.test_import_resolver" name="test_collect_import_edges_relative_resolution" time="0.003" /><testcase classname="tests.graphs.test_import_resolver" name="test_collect_import_edges_deep_relative_and_multi_targets" time="0.001" /><testcase classname="tests.graphs.test_import_resolver" name="test_collect_aliases_handles_from_import_aliases_and_packages" time="0.001" /><testcase classname="tests._helpers.test_helpers_roundtrip" name="test_loose_gateway_allows_schema_drift" time="3.771" /><testcase classname="tests.graphs.test_callgraph_resolution" name="test_resolve_callee_import_alias_global_attr_chain" time="0.001" /><testcase classname="tests.graphs.test_callgraph_resolution" name="test_resolve_callee_unresolved_returns_none" time="0.001" /><testcase classname="tests.graphs.test_callgraph_resolution" name="test_resolve_via_scip_uses_crosswalk_mapping" time="0.000" /><testcase classname="tests.graphs.test_callgraph_resolution" name="test_dedupe_includes_repo_commit_scope" time="0.000" /><testcase classname="tests._helpers.test_helpers_roundtrip" name="test_docs_export_ready_has_non_nulls" time="0.671" /><testcase classname="tests.analytics.test_cfg_dfg_metrics_ext" name="test_cfg_metrics_ext_populates_loop_and_unreachable_counts" time="4.603" /><testcase classname="tests.graphs.test_graph_validation_catalog" name="test_graph_validation_orphan_uses_catalog_map" time="5.072" /><testcase classname="tests.ingestion.test_no_ad_hoc_changes" name="test_no_ad_hoc_change_detection[path0]" time="0.001" /><testcase classname="tests.ingestion.test_no_ad_hoc_changes" name="test_no_ad_hoc_change_detection[path1]" time="0.001" /><testcase classname="tests.ingestion.test_no_ad_hoc_changes" name="test_no_ad_hoc_change_detection[path2]" time="0.001" /><testcase classname="tests.ingestion.test_py_ast_extract" name="test_ast_visitor_records_decorator_span" time="0.001" /><testcase classname="tests.ingestion.test_runner_plumbing" name="test_repo_scan_honors_scan_profile" time="2.123" /><testcase classname="tests.analytics.test_symbol_config_metrics" name="test_symbol_and_config_metrics_populate_and_views_create" time="5.094" /><testcase classname="tests.docs_export.test_graph_validation_export" name="test_graph_validation_export" time="5.806" /><testcase classname="tests.graphs.test_function_index" name="test_lookup_prefers_exact_span_and_qualname" time="0.001" /><testcase classname="tests.graphs.test_function_index" name="test_lookup_falls_back_to_enclosing_and_same_line" time="0.000" /><testcase classname="tests.graphs.test_goid_builder_decorators" name="test_goid_start_line_includes_decorator_span" time="0.002" /><testcase classname="tests.ingestion.test_runner_plumbing" name="test_typing_ingest_uses_shared_runner" time="1.902" /><testcase classname="tests.graphs.test_engine_factory" name="test_build_graph_engine_uses_backend_flags" time="0.931" /><testcase classname="tests.analytics.test_graph_metrics_calculations" name="test_compute_module_graph_metrics_with_symbol_coupling" time="2.298" /><testcase classname="tests.analytics.test_graph_stats_validation" name="test_subsystem_agreement_summary_aggregates" time="4.115" /><testcase classname="tests.graphs.test_engine_factory" name="test_build_graph_engine_cpu_backend_leaves_env_clean" time="0.433" /><testcase classname="tests._helpers.test_helpers_roundtrip" name="test_strict_fixtures_expose_views" time="14.956" /><testcase classname="tests.analytics.test_ast_utils" name="test_call_name_resolves_attribute_chain" time="0.001" /><testcase classname="tests.analytics.test_ast_utils" name="test_resolve_call_target_uses_alias_map" time="0.000" /><testcase classname="tests.analytics.test_ast_utils" name="test_literal_value_coercions" time="0.000" /><testcase classname="tests.lint.test_no_legacy_data_model_json" name="test_no_legacy_json_usage_outside_whitelist" time="0.008" /><testcase classname="tests.docs_export.test_validate_exports" name="test_export_logs_problem_detail_on_validation_failure" time="4.941" /><testcase classname="tests.graphs.test_engine_nx" name="test_engine_matches_nx_views_for_core_graphs" time="0.441" /><testcase classname="tests.graphs.test_validation" name="test_run_graph_validations_emits_warnings" time="4.900" /><testcase classname="tests.cli.test_history_timeseries_cli" name="test_history_timeseries_cli_missing_snapshot" time="2.573" /><testcase classname="tests.ingestion.test_scip_ingest" name="test_ingest_scip_produces_artifacts" time="2.407"><skipped type="pytest.skip" message="SCIP ingestion not successful in test environment: Tool scip-python failed (code=127)&#10;Args: ('index', '/tmp/pytest-of-paul/pytest-45/popen-gw8/test_ingest_scip_produces_arti0/repo', '--output', '/tmp/pytest-of-paul/pytest-45/popen-gw8/test_ingest_scip_produces_arti0/repo/build/scip/index.scip')&#10;stderr: /usr/bin/env: 'node': No such file or directory">/home/paul/CodeIntel/tests/ingestion/test_scip_ingest.py:56: SCIP ingestion not successful in test environment: Tool scip-python failed (code=127)
Args: ('index', '/tmp/pytest-of-paul/pytest-45/popen-gw8/test_ingest_scip_produces_arti0/repo', '--output', '/tmp/pytest-of-paul/pytest-45/popen-gw8/test_ingest_scip_produces_arti0/repo/build/scip/index.scip')
stderr: /usr/bin/env: 'node': No such file or directory</skipped></testcase><testcase classname="tests.ingestion.test_runner_plumbing" name="test_coverage_ingest_uses_runner" time="1.426" /><testcase classname="tests.ingestion.test_change_tracker" name="test_view_for_dataset_respects_module_filter_and_deleted_paths" time="3.636" /><testcase classname="tests.ingestion.test_tool_runner" name="test_tool_runner_unknown_tool" time="0.001" /><testcase classname="tests.analytics.test_profiles" name="test_profile_builders_aggregate_expected_fields" time="4.712" /><testcase classname="tests.ingestion.test_tool_service" name="test_tool_service_pyright_parses_errors" time="0.510" /><testcase classname="tests.docs_export.test_export_parity" name="test_export_mappings_cover_required_tables" time="4.782" /><testcase classname="tests.analytics.test_semantic_roles_signals" name="test_fastapi_role_detected" time="0.001" /><testcase classname="tests.analytics.test_cfg_dfg_metrics_ext" name="test_dfg_metrics_ext_counts_use_kinds_and_paths" time="4.000" /><testcase classname="tests.analytics.test_graph_stats_validation" name="test_validation_flags_large_symbol_community_and_config_hubs" time="3.508" /><testcase classname="tests.ingestion.test_scip_ingest" name="test_ingest_scip_uses_injected_runner" time="2.420" /><testcase classname="tests.graphs.test_import_modules" name="test_import_modules_matches_condensation_layers" time="4.406" /><testcase classname="tests.cli.test_nx_backend" name="test_maybe_enable_nx_gpu_noop_when_disabled" time="0.000" /><testcase classname="tests.cli.test_nx_backend" name="test_maybe_enable_nx_gpu_soft_fallback" time="0.001" /><testcase classname="tests.mcp.test_duckdb_backend_engine" name="test_duckdb_backend_uses_injected_engine" time="0.411" /><testcase classname="tests.ingestion.test_scip_ingest_ops" name="test_scip_module_filter_limits_to_src_python_files" time="0.009" /><testcase classname="tests.ingestion.test_subprocess_policy" name="test_no_direct_subprocess_usage_outside_tooling" time="0.009" /><testcase classname="tests.ingestion.test_tool_runner" name="test_tool_runner_missing_binary" time="0.001" /><testcase classname="tests.mcp.test_registry_limits_parity" name="test_registry_helper_matches_base_registry" time="0.001" /><testcase classname="tests.analytics.test_symbol_config_metrics" name="test_subsystem_agreement_exposed_in_views" time="3.796" /><testcase classname="tests.mcp.test_registry_limits_parity" name="test_limits_parity_between_local_and_remote_configs" time="0.000" /><testcase classname="tests.orchestration.test_graph_engine_sharing" name="test_graph_runtime_reuses_engine" time="0.394" /><testcase classname="tests.ingestion.test_tool_service" name="test_tool_service_pyrefly_parses_errors" time="0.502" /><testcase classname="tests.analytics.test_test_profiles" name="test_flakiness_score_caps_at_one" time="0.000" /><testcase classname="tests.analytics.test_test_profiles" name="test_behavior_tags_include_ast_and_io_hints" time="0.000" /><testcase classname="tests.analytics.test_test_profiles" name="test_importance_score_includes_subsystem_risk" time="0.000" /><testcase classname="tests.orchestration.test_pipeline_catalog_reuse" name="test_steps_share_function_catalog" time="7.992" /><testcase classname="tests.mcp.test_backend" name="test_get_function_summary" time="3.544" /><testcase classname="tests.orchestration.test_graph_engine_sharing" name="test_runtime_reuse_with_graph_context" time="0.413" /><testcase classname="tests.graphs.test_import_resolver" name="test_collect_aliases_import_and_from_import" time="0.002" /><testcase classname="tests.graphs.test_span_consistency_integration" name="test_span_alignment_across_components" time="6.439" /><testcase classname="tests.ingestion.test_tool_service" name="test_tool_service_coverage_reports" time="0.503" /><testcase classname="tests.orchestration.test_prefect_flow_smoke" name="test_prefect_flow_imports" time="0.000" /><testcase classname="tests.orchestration.test_risk_factors_catalog_fallback" name="test_risk_factors_uses_catalog_modules_when_core_modules_empty" time="2.423" /><testcase classname="tests.mcp.test_backend" name="test_get_tests_for_function" time="3.553" /><testcase classname="tests.ingestion.test_change_tracker" name="test_view_for_dataset_full_rebuild_flag_forces_rebuild" time="3.440" /><testcase classname="tests.ingestion.test_common_changes" name="test_compute_changes_tracks_add_modify_delete" time="2.227" /><testcase classname="tests.ingestion.test_change_tracker" name="test_view_for_dataset_incremental" time="3.438" /><testcase classname="tests.graphs.test_callgraph_builder" name="test_callgraph_handles_aliases_and_relative_imports" time="2.831" /><testcase classname="tests.mcp.test_backend" name="test_tests_for_function_not_found" time="3.554" /><testcase classname="tests.mcp.test_backend" name="test_read_dataset_rows_unknown" time="3.539" /><testcase classname="tests.mcp.test_backend_adapter" name="test_require_identifier_validation" time="3.429" /><testcase classname="tests.mcp.test_wiring_smoke" name="test_mcp_wiring_smoke" time="4.051" /><testcase classname="tests.orchestration.test_step_registry" name="test_get_step" time="0.001" /><testcase classname="tests.orchestration.test_step_registry" name="test_dependency_graph" time="0.000" /><testcase classname="tests.orchestration.test_step_registry" name="test_expand_with_deps" time="0.000" /><testcase classname="tests.orchestration.test_step_registry" name="test_expand_with_deps_unknown_step" time="0.000" /><testcase classname="tests.orchestration.test_step_registry" name="test_topological_order" time="0.000" /><testcase classname="tests.orchestration.test_step_registry" name="test_topological_order_cycle_detection" time="0.001" /><testcase classname="tests.orchestration.test_step_registry" name="test_as_dict" time="0.000" /><testcase classname="tests.orchestration.test_step_registry" name="test_iteration" time="0.000" /><testcase classname="tests.orchestration.test_step_registry" name="test_run_records_context_repo" time="0.000" /><testcase classname="tests.orchestration.test_step_registry" name="test_registry_contains_all_steps" time="0.000" /><testcase classname="tests.orchestration.test_step_registry" name="test_backward_compat_exports" time="0.000" /><testcase classname="tests.orchestration.test_step_registry" name="test_all_steps_have_required_attributes" time="0.000" /><testcase classname="tests.orchestration.test_step_registry" name="test_step_metadata" time="0.000" /><testcase classname="tests.orchestration.test_step_registry" name="test_phase_coverage" time="0.000" /><testcase classname="tests.orchestration.test_step_registry" name="test_build_registry_from_dicts" time="0.000" /><testcase classname="tests.server.test_datasets_registry" name="test_function_validation_dataset_present" time="0.001" /><testcase classname="tests.docs_export.test_export_parity" name="test_export_mappings_registered_with_dataset_registry" time="4.655" /><testcase classname="tests.graphs.test_symbol_uses_module_fallback" name="test_partial_catalog_map_falls_back_to_db" time="2.911" /><testcase classname="tests.orchestration.test_graph_engine_sharing" name="test_graph_engine_reused_with_backend_flags" time="0.726" /><testcase classname="tests.mcp.test_backend" name="test_get_function_summary_invalid" time="3.582" /><testcase classname="tests.orchestration.test_graph_engine_sharing" name="test_engine_reuse_across_semantic_roles" time="1.599" /><testcase classname="tests.orchestration.test_prefect_flow_smoke" name="test_prefect_flow_preflight_only" time="7.427" /><testcase classname="tests.mcp.test_backend" name="test_get_tests_for_function_invalid" time="3.601" /><testcase classname="tests.orchestration.test_step_registry" name="test_getitem_raises_keyerror" time="0.001" /><testcase classname="tests.graphs.test_callgraph_fallback" name="test_callgraph_falls_back_to_ast" time="0.002" /><testcase classname="tests.graphs.test_callgraph_resolution" name="test_resolve_callee_precedence_local_then_alias" time="0.000" /><testcase classname="tests.orchestration.test_history_timeseries_prefect" name="test_prefect_history_timeseries_step" time="15.221" /><testcase classname="tests.ingestion.test_change_tracker" name="test_view_for_dataset_full_rebuild_when_changed_ratio_exceeds_policy" time="3.506" /><testcase classname="tests.orchestration.test_step_registry" name="test_list_all" time="0.000" /><testcase classname="tests.server.test_fastapi_endpoints" name="test_backend_registry_matches_gateway" time="2.799" /><testcase classname="tests.mcp.test_backend_adapter" name="test_backend_delegates_after_validation" time="3.516" /><testcase classname="tests.mcp.test_backend" name="test_read_function_validation_dataset" time="3.640" /><testcase classname="tests.orchestration.test_step_registry" name="test_list_by_phase[StepPhase.INGESTION-expected_names0]" time="0.001" /><testcase classname="tests.server.test_fastapi_endpoints" name="test_http_backend_against_fastapi" time="2.855" /><testcase classname="tests.mcp.test_backend" name="test_dataset_rows_clamping" time="3.639" /><testcase classname="tests.mcp.test_backend_adapter" name="test_validate_direction_accepts_expected" time="3.456" /><testcase classname="tests.orchestration.test_step_registry" name="test_list_by_phase[StepPhase.ANALYTICS-expected_names1]" time="0.001" /><testcase classname="tests.server.test_fastapi_endpoints" name="test_import_boundary_limits" time="2.792"><failure message="Failed: Expected 200 response, got 500">tmp_path = PosixPath('/tmp/pytest-of-paul/pytest-45/popen-gw1/test_import_boundary_limits0')

    def test_import_boundary_limits(tmp_path: Path) -&gt; None:
        """Import boundary endpoint enforces limit validation and truncation metadata."""
        repo = "demo/repo"
        commit = "deadbeef"
        db_path = tmp_path / "codeintel.duckdb"
        gateway = _seed_db(db_path, repo=repo, commit=commit)
        app = _build_app(gateway, db_path, repo=repo, commit=commit)
        with TestClient(app) as client:
            bad = client.get("/graph/import/boundary", params={"subsystem_id": "sub1", "max_edges": -5})
            if bad.status_code != HTTPStatus.BAD_REQUEST:
                pytest.fail(f"Expected 400 for invalid max_edges, got {bad.status_code}")
            resp = client.get("/graph/import/boundary", params={"subsystem_id": "sub1", "max_edges": 0})
            if resp.status_code != HTTPStatus.OK:
&gt;               pytest.fail(f"Expected 200 response, got {resp.status_code}")
E               Failed: Expected 200 response, got 500

tests/server/test_fastapi_endpoints.py:411: Failed</failure></testcase><testcase classname="tests.orchestration.test_step_registry" name="test_list_by_phase[StepPhase.EXPORT-expected_names2]" time="0.001" /><testcase classname="tests.services.test_backend_limits" name="test_clamp_limit_value_caps_and_reports" time="0.000" /><testcase classname="tests.services.test_backend_limits" name="test_http_service_applies_backend_limits" time="0.000" /><testcase classname="tests.services.test_errors" name="test_problem_defaults_and_to_dict" time="0.000" /><testcase classname="tests.services.test_errors" name="test_problem_allows_override_instance_and_type" time="0.000" /><testcase classname="tests.services.test_errors" name="test_problem_error_taxonomy_subclasses" time="0.000" /><testcase classname="tests.services.test_errors" name="test_log_problem_emits_json" time="0.001" /><testcase classname="tests.services.test_factory_wiring" name="test_build_backend_resource_local" time="3.627" /><testcase classname="tests.server.test_fastapi" name="test_function_summary_success" time="2.712" /><testcase classname="tests.graphs.test_symbol_uses_module_fallback" name="test_no_module_mapping_keeps_same_module_false" time="2.858" /><testcase classname="tests.server.test_dataset_registry_parity" name="test_dataset_registry_parity_across_factory_defaults" time="3.537" /><testcase classname="tests.mcp.test_backend" name="test_dataset_list_includes_function_validation" time="3.582" /><testcase classname="tests.server.test_fastapi" name="test_tests_for_function_success" time="2.649" /><testcase classname="tests.server.test_fastapi" name="test_dataset_rows_limit_clamped" time="2.655" /><testcase classname="tests.mcp.test_backend" name="test_callgraph_direction_validation" time="3.570" /><testcase classname="tests.orchestration.test_prefect_export_docs" name="test_t_export_docs_invokes_validator_before_export" time="2.577" /><testcase classname="tests.server.test_fastapi_endpoints" name="test_callgraph_neighborhood_limits" time="2.790"><failure message="Failed: Expected 200 response, got 500">tmp_path = PosixPath('/tmp/pytest-of-paul/pytest-45/popen-gw10/test_callgraph_neighborhood_li0')

    def test_callgraph_neighborhood_limits(tmp_path: Path) -&gt; None:
        """Call graph neighborhood enforces limit validation and truncation metadata."""
        repo = "demo/repo"
        commit = "deadbeef"
        db_path = tmp_path / "codeintel.duckdb"
        gateway = _seed_db(db_path, repo=repo, commit=commit)
        app = _build_app(gateway, db_path, repo=repo, commit=commit)
        with TestClient(app) as client:
            bad = client.get(
                "/graph/call/neighborhood", params={"goid_h128": 1, "radius": 1, "max_nodes": -1}
            )
            if bad.status_code != HTTPStatus.BAD_REQUEST:
                pytest.fail(f"Expected 400 for invalid max_nodes, got {bad.status_code}")
            resp = client.get(
                "/graph/call/neighborhood", params={"goid_h128": 1, "radius": 1, "max_nodes": 0}
            )
            if resp.status_code != HTTPStatus.OK:
&gt;               pytest.fail(f"Expected 200 response, got {resp.status_code}")
E               Failed: Expected 200 response, got 500

tests/server/test_fastapi_endpoints.py:385: Failed</failure></testcase><testcase classname="tests.server.test_fastapi" name="test_function_summary_not_found" time="2.638" /><testcase classname="tests.server.test_fastapi" name="test_backend_registry_matches_gateway" time="2.604" /><testcase classname="tests.mcp.test_backend_dataset_adapter" name="test_read_dataset_rows_delegates" time="3.456" /><testcase classname="tests.services.test_factory_wiring" name="test_build_backend_resource_remote" time="6.076" /><testcase classname="tests.server.test_fastapi" name="test_dataset_rows_unknown_dataset" time="2.632" /><testcase classname="tests.services.test_query_service" name="test_http_read_dataset_rows_invalid_offset" time="0.001" /><testcase classname="tests.server.test_fastapi" name="test_dataset_rows_success" time="2.644" /><testcase classname="tests.services.test_query_service" name="test_http_high_risk_clamps_using_limits" time="0.001" /><testcase classname="tests.server.test_fastapi" name="test_tests_for_function_validation" time="2.633" /><testcase classname="tests.services.test_query_service" name="test_fastapi_delegates_to_query_service" time="0.485" /><testcase classname="tests.server.test_dataset_registry_parity" name="test_backend_resource_limits_and_registry_align" time="3.614" /><testcase classname="tests.mcp.test_backend" name="test_function_validation_clamping" time="3.540" /><testcase classname="tests.services.test_query_service" name="test_http_read_dataset_rows_clamps_limit" time="0.001" /><testcase classname="tests.server.test_fastapi_endpoints" name="test_fastapi_endpoints_smoke" time="2.916" /><testcase classname="tests.services.test_query_service" name="test_local_read_dataset_rows_defaults_limit" time="3.238" /><testcase classname="tests.orchestration.test_prefect_flow_smoke" name="test_cli_docs_export_with_validation" time="10.019" /><testcase classname="tests.server.test_fastapi_endpoints" name="test_health_reports_limits" time="2.819" /><testcase classname="tests.services.test_factory_wiring" name="test_build_backend_resource_gateway_path" time="4.029" /><testcase classname="tests.server.test_wiring_smoke" name="test_fastapi_wiring_smoke" time="4.051" /><testcase classname="tests.services.test_query_service" name="test_local_read_dataset_rows_propagates_errors" time="3.203" /><testcase classname="tests.services.test_query_service" name="test_local_read_dataset_rows_records_observability" time="3.180" /><testcase classname="tests.storage.test_export_macro_strict" name="test_require_macros_rejects_dataset_rows_only" time="3.383" /><testcase classname="tests.storage.test_ingest_perf" name="test_ingest_macro_perf_reasonable" time="4.167" /><testcase classname="tests.services.test_query_service" name="test_query_service_contract_local_vs_http" time="3.307" /><testcase classname="tests.services.test_query_service" name="test_local_query_service_reads_architecture_seed" time="3.194" /><testcase classname="tests.storage.test_macro_performance" name="test_normalized_macro_latency_smoke[analytics.function_metrics]" time="3.353" /><testcase classname="tests.storage.test_ingest_prepared_dynamic" name="test_ingest_macros_registered" time="3.373" /><testcase classname="tests.storage.test_metadata_bootstrap" name="test_metadata_bootstrap_populates_catalog" time="0.237" /><testcase classname="tests.test_tests_analytics_unit" name="test_edges_for_file_uses_test_meta" time="0.001" /><testcase classname="tests.test_tests_analytics_unit" name="test_compute_test_coverage_edges_with_real_coverage" time="5.091" /><testcase classname="tests.storage.test_export_macro_invocation" name="test_export_calls_macro_sentinel" time="3.387" /><testcase classname="tests.orchestration.test_pipeline_catalog_entrypoint" name="test_pipeline_steps_use_function_catalog" time="8.394" /><testcase classname="tests.storage.repositories.test_repositories" name="test_function_repository_reads" time="4.524" /><testcase classname="tests.storage.test_export_macro_parity" name="test_macro_parity_exports_seeded_rows" time="3.386" /><testcase classname="tests.storage.repositories.test_repositories" name="test_data_model_repository_reads" time="4.536" /><testcase classname="tests.storage.test_normalized_macros_helper" name="test_normalized_macros_match_expected_sets" time="0.001" /><testcase classname="tests.storage.test_gateway_helpers" name="test_insert_helpers_write_expected_rows" time="3.808" /><testcase classname="tests.storage.test_macro_performance" name="test_normalized_macro_latency_smoke[graph.call_graph_edges]" time="3.365" /><testcase classname="tests.storage.test_views_scoping" name="test_call_graph_view_scopes_edges_to_repo_commit" time="4.557" /><testcase classname="tests.storage.repositories.test_repositories" name="test_module_repository_reads" time="4.538" /><testcase classname="tests.storage.repositories.test_repositories" name="test_subsystem_repository_reads" time="4.584" /><testcase classname="tests.storage.test_macro_registry" name="test_macro_registry_hashes" time="3.374" /><testcase classname="tests.storage.test_macro_schemas" name="test_macro_schemas_match_table_definitions" time="3.400" /><testcase classname="tests.test_pipeline_smoke" name="test_pipeline_export_docs_smoke" time="0.001"><skipped type="pytest.xfail" message="Pipeline export_docs currently fails in function_effects catalog integration" /></testcase><testcase classname="tests.storage.test_ingest_prepared_dynamic" name="test_dynamic_prepared_statements_match_registry" time="3.529" /><testcase classname="tests.storage.test_metadata_dataset_rows_macro" name="test_dataset_rows_macro_handles_registry_datasets" time="3.421" /><testcase classname="tests.test_tests_analytics_unit" name="test_backfill_test_goids_updates_catalog" time="4.582" /><testcase classname="tests.test_testing_contract" name="test_testing_charter_forbidden_patterns" time="0.011" /><testcase classname="tests.services.test_query_service" name="test_mcp_tool_delegation" time="0.475"><skipped type="pytest.skip" message="FastMCP tools registry not available">/home/paul/CodeIntel/tests/services/test_query_service.py:489: FastMCP tools registry not available</skipped></testcase><testcase classname="tests.storage.test_normalized_macros_helper" name="test_normalized_macros_defined" time="3.398" /><testcase classname="tests.storage.test_export_macro_strict" name="test_require_macros_allows_macro_backed_tables" time="3.400" /><testcase classname="tests.storage.test_normalized_macros" name="test_normalized_macros_execute" time="3.422" /><testcase classname="tests.storage.test_normalized_macros_helper" name="test_normalized_macro_schema_validation" time="3.425" /><testcase classname="tests.test_tests_analytics_unit" name="test_compute_test_coverage_edges_respects_injected_loader" time="4.699" /><testcase classname="tests.storage.test_schema_function_validation" name="test_apply_all_schemas_creates_function_validation" time="3.460" /><testcase classname="tests.storage.test_normalized_macros_helper" name="test_dataset_rows_only_tables_parse" time="3.479" /><testcase classname="tests.test_callgraph_alias_resolution" name="test_callgraph_resolves_import_alias" time="4.366" /><testcase classname="tests.storage.test_schema_alignment" name="test_apply_and_validate_schema_alignment" time="3.610" /></testsuite></testsuites>