<?xml version="1.0" encoding="utf-8"?><testsuites name="pytest tests"><testsuite name="pytest" errors="0" failures="32" skipped="0" tests="335" time="546.067" timestamp="2025-12-30T14:22:25.858919-05:00" hostname="MacBookPro"><testcase classname="tests.storage.manifests.test_manifest_io" name="test_manifest_hash_validation" time="28.168" /><testcase classname="tests.storage.repositories.test_functions" name="test_get_function_summary_by_goid_returns_none_when_not_found" time="34.512" /><testcase classname="tests.storage.repositories.test_dataflow" name="test_list_nodes_returns_nodes" time="56.617" /><testcase classname="tests.storage.repositories.test_dataflow" name="test_list_nodes_includes_expected_columns" time="59.107" /><testcase classname="tests.storage.repositories.test_dataflow" name="test_list_edges_filtered_by_src" time="59.710" /><testcase classname="tests.storage.repositories.test_dataflow" name="test_list_edges_filtered_by_both" time="59.793" /><testcase classname="tests.storage.repositories.test_functions" name="test_resolve_function_goid_returns_none_when_no_identifiers" time="59.865" /><testcase classname="tests.storage.repositories.test_functions" name="test_resolve_function_goid_passthrough" time="59.882" /><testcase classname="tests.storage.repositories.test_dataflow" name="test_list_edges_returns_empty_when_no_match" time="60.226" /><testcase classname="tests.storage.repositories.test_dataflow" name="test_list_edges_returns_edges" time="60.391" /><testcase classname="tests.storage.repositories.test_dataflow" name="test_list_edges_filtered_by_dst" time="60.625" /><testcase classname="tests.storage.repositories.test_functions" name="test_list_function_summaries_for_file_returns_empty_when_no_match" time="27.331" /><testcase classname="tests.storage.repositories.test_modules" name="test_list_modules_returns_sorted_list" time="13.970" /><testcase classname="tests.storage.repositories.test_functions" name="test_list_function_validation_filters_by_goid" time="21.099"><failure message="AssertionError: expected 2, got 0">metrics_ctx = TestContext(snapshot=SnapshotRef(repo='demo/repo', commit='deadbeef', repo_root=PosixPath('/private/var/folders/70/h2n...deintel_logs.duckdb')), seeds_applied={'metrics', 'function_types', 'core'}, extra={}, coverage_file=None, runner=None)

    def test_list_function_validation_filters_by_goid(metrics_ctx: TestContext) -&gt; None:
        """Verify list_function_validation filters by GOID and orders by newest first."""
        rows = [
            FunctionValidationRow(
                repo=metrics_ctx.repo,
                commit=metrics_ctx.commit,
                function_goid_h128=VALIDATION_GOID_ALPHA,
                rel_path="src/alpha.py",
                qualname="alpha",
                issue="parse_failed",
                detail="old",
                created_at=datetime(2024, 1, 1, tzinfo=UTC),
            ),
            FunctionValidationRow(
                repo=metrics_ctx.repo,
                commit=metrics_ctx.commit,
                function_goid_h128=VALIDATION_GOID_ALPHA,
                rel_path="src/alpha.py",
                qualname="alpha",
                issue="span_not_found",
                detail="new",
                created_at=datetime(2024, 1, 2, tzinfo=UTC),
            ),
            FunctionValidationRow(
                repo=metrics_ctx.repo,
                commit=metrics_ctx.commit,
                function_goid_h128=VALIDATION_GOID_BETA,
                rel_path="src/beta.py",
                qualname="beta",
                issue="unknown_function",
                detail="other",
                created_at=datetime(2024, 1, 3, tzinfo=UTC),
            ),
        ]
        insert_rows(metrics_ctx.gateway, rows)
    
        repo = FunctionRepository(
            gateway=metrics_ctx.gateway,
            repo=metrics_ctx.repo,
            commit=metrics_ctx.commit,
        )
    
        results = repo.list_function_validation(goid_h128=VALIDATION_GOID_ALPHA)
    
&gt;       expect_equal(len(results), 2)

tests/storage/repositories/test_functions.py:140: 
_ _ _ _ _ _ _ _ _ _ _ _ _ _ _ _ _ _ _ _ _ _ _ _ _ _ _ _ _ _ _ _ _ _ _ _

actual = 0, expected = 2

    def expect_equal(actual: object, expected: object, *, label: str | None = None) -&gt; None:
        """Raise AssertionError when two values differ.
    
        Parameters
        ----------
        actual
            Observed value.
        expected
            Expected value to compare against.
        label
            Optional label prefix for the failure message.
    
        Raises
        ------
        AssertionError
            If the values are not equal.
        """
        if actual != expected:
            failure_message = f"{_prefix(label)}expected {expected!r}, got {actual!r}"
&gt;           raise AssertionError(failure_message)
E           AssertionError: expected 2, got 0

tests/_helpers/assertions/expectation_assertions.py:75: AssertionError</failure></testcase><testcase classname="tests.storage.repositories.test_functions" name="test_list_function_goids_returns_empty_when_no_data" time="33.614" /><testcase classname="tests.storage.repositories.test_functions" name="test_list_high_risk_functions_with_tested_only_filter" time="20.725"><failure message="AssertionError: tested_only should include tested functions">metrics_ctx = TestContext(snapshot=SnapshotRef(repo='demo/repo', commit='deadbeef', repo_root=PosixPath('/private/var/folders/70/h2n...deintel_logs.duckdb')), seeds_applied={'function_types', 'metrics', 'core'}, extra={}, coverage_file=None, runner=None)

    def test_list_high_risk_functions_with_tested_only_filter(
        metrics_ctx: TestContext,
    ) -&gt; None:
        """Verify list_high_risk_functions applies tested_only filter."""
        untested_goid = 999_001
        insert_rows(
            metrics_ctx.gateway,
            [
                function_metrics_row(
                    goid=untested_goid,
                    rel_path="test.py",
                    qualname="untested_fn",
                    snapshot=(metrics_ctx.repo, metrics_ctx.commit),
                    metrics={"complexity_bucket": "high", "cyclomatic_complexity": 5},
                )
            ],
        )
        warehouse = Warehouse(metrics_ctx.gateway)
        warehouse.materialize_mappings(
            table_key="analytics.function_profile",
            rows=[
                function_profile_row(
                    goid=Decimal(untested_goid),
                    repo=metrics_ctx.repo,
                    commit=metrics_ctx.commit,
                    rel_path="test.py",
                    qualname="untested_fn",
                    tested=False,
                    risk_score=9.0,
                    risk_level="high",
                ),
                function_profile_row(
                    goid=Decimal(untested_goid + 1),
                    repo=metrics_ctx.repo,
                    commit=metrics_ctx.commit,
                    rel_path="test.py",
                    qualname="tested_fn",
                    tested=True,
                    risk_score=5.0,
                    risk_level="medium",
                ),
            ],
        )
    
        repo = FunctionRepository(
            gateway=metrics_ctx.gateway,
            repo=metrics_ctx.repo,
            commit=metrics_ctx.commit,
        )
    
        tested_only_result = repo.list_high_risk_functions(min_risk=0.0, limit=10, tested_only=True)
        all_result = repo.list_high_risk_functions(min_risk=0.0, limit=10, tested_only=False)
    
&gt;       expect_true(
            any(bool(row.get("tested")) for row in tested_only_result),
            message="tested_only should include tested functions",
        )

tests/storage/repositories/test_functions.py:216: 
_ _ _ _ _ _ _ _ _ _ _ _ _ _ _ _ _ _ _ _ _ _ _ _ _ _ _ _ _ _ _ _ _ _ _ _

condition = False

    def expect_true(condition: object, *, message: str | None = None) -&gt; None:
        """Raise AssertionError when a boolean condition is not satisfied.
    
        Parameters
        ----------
        condition
            Value that must evaluate to True.
        message
            Optional override for the assertion message.
    
        Raises
        ------
        AssertionError
            If the condition evaluates to False.
        """
        if not condition:
&gt;           raise AssertionError(message or "Expected condition to be True.")
E           AssertionError: tested_only should include tested functions

tests/_helpers/assertions/expectation_assertions.py:41: AssertionError</failure></testcase><testcase classname="tests.storage.repositories.test_functions" name="test_list_high_risk_functions_returns_empty_when_no_match" time="20.015" /><testcase classname="tests.storage.repositories.test_functions" name="test_get_function_architecture_returns_none_when_not_found" time="33.296" /><testcase classname="tests.storage.repositories.test_functions" name="test_get_function_profile_returns_row" time="20.982"><failure message="AssertionError: Expected function profile row to exist.">metrics_ctx = TestContext(snapshot=SnapshotRef(repo='demo/repo', commit='deadbeef', repo_root=PosixPath('/private/var/folders/70/h2n...deintel_logs.duckdb')), seeds_applied={'core', 'function_types', 'metrics'}, extra={}, coverage_file=None, runner=None)

    def test_get_function_profile_returns_row(metrics_ctx: TestContext) -&gt; None:
        """Verify get_function_profile returns row when found."""
        warehouse = Warehouse(metrics_ctx.gateway)
        warehouse.materialize_mappings(
            "analytics.function_profile",
            [
                function_profile_row(
                    goid=Decimal(1),
                    qualname="test_fn",
                    rel_path="test.py",
                    repo=metrics_ctx.repo,
                    commit=metrics_ctx.commit,
                    doc_short="Test function",
                )
            ],
        )
    
        repo = FunctionRepository(
            gateway=metrics_ctx.gateway,
            repo=metrics_ctx.repo,
            commit=metrics_ctx.commit,
        )
    
        result = repo.get_function_profile(1)
    
&gt;       expect_is_not_none(result, message="Expected function profile row to exist.")

tests/storage/repositories/test_functions.py:272: 
_ _ _ _ _ _ _ _ _ _ _ _ _ _ _ _ _ _ _ _ _ _ _ _ _ _ _ _ _ _ _ _ _ _ _ _

value = None

    def expect_is_not_none[T](
        value: T | None, *, label: str | None = None, message: str | None = None
    ) -&gt; T:
        """Raise AssertionError when value is None and return the unwrapped value.
    
        Returns
        -------
        T
            The provided ``value`` when it is not ``None``.
    
        Raises
        ------
        AssertionError
            If ``value`` is ``None``.
        """
        if value is None:
            failure_message = message or f"{_prefix(label)}unexpected None value"
&gt;           raise AssertionError(failure_message)
E           AssertionError: Expected function profile row to exist.

tests/_helpers/assertions/expectation_assertions.py:263: AssertionError</failure></testcase><testcase classname="tests.storage.repositories.test_functions" name="test_get_function_profile_returns_none_when_not_found" time="20.532" /><testcase classname="tests.storage.repositories.test_functions" name="test_function_repository_with_docs_export" time="22.038"><failure message="AssertionError: unexpected None value">docs_export_gateway = ProvisionedGateway(repo='demo/repo', commit='deadbeef', repo_root=PosixPath('/private/var/folders/70/h2nd1qjs1zngp8z6t...ng object at 0x12f4fc9d0&gt;), runner=&lt;codeintel.ingestion.engine.infrastructure.runner.ToolRunner object at 0x12d5f1950&gt;)

    def test_function_repository_with_docs_export(
        docs_export_gateway: TestContext,
    ) -&gt; None:
        """Verify FunctionRepository works with full docs export gateway."""
        repo = FunctionRepository(
            gateway=docs_export_gateway.gateway,
            repo=docs_export_gateway.repo,
            commit=docs_export_gateway.commit,
        )
    
&gt;       goid = expect_is_not_none(repo.resolve_function_goid(urn="urn:foo"))
               ^^^^^^^^^^^^^^^^^^^^^^^^^^^^^^^^^^^^^^^^^^^^^^^^^^^^^^^^^^^^^

tests/storage/repositories/test_functions.py:317: 
_ _ _ _ _ _ _ _ _ _ _ _ _ _ _ _ _ _ _ _ _ _ _ _ _ _ _ _ _ _ _ _ _ _ _ _

value = None

    def expect_is_not_none[T](
        value: T | None, *, label: str | None = None, message: str | None = None
    ) -&gt; T:
        """Raise AssertionError when value is None and return the unwrapped value.
    
        Returns
        -------
        T
            The provided ``value`` when it is not ``None``.
    
        Raises
        ------
        AssertionError
            If ``value`` is ``None``.
        """
        if value is None:
            failure_message = message or f"{_prefix(label)}unexpected None value"
&gt;           raise AssertionError(failure_message)
E           AssertionError: unexpected None value

tests/_helpers/assertions/expectation_assertions.py:263: AssertionError</failure></testcase><testcase classname="tests.storage.repositories.test_modules" name="test_get_file_summary_returns_none_when_not_found" time="28.835" /><testcase classname="tests.storage.repositories.test_modules" name="test_get_module_architecture_returns_none_when_not_found" time="28.671" /><testcase classname="tests.storage.repositories.test_modules" name="test_get_module_profile_returns_none_when_not_found" time="14.422" /><testcase classname="tests.storage.repositories.test_modules" name="test_get_file_profile_returns_none_when_not_found" time="14.445"><failure message="_duckdb.CatalogException: Catalog Error: Table with name analytics.file_profile does not exist!&#10;Did you mean &quot;pg_tablespace&quot;?&#10;&#10;LINE 1: from &quot;analytics.file_profile&quot;&#10;             ^">docs_views_inferred_gateway = DuckDBGateway(config=StorageConfig(db_path=PosixPath(':memory:'), read_only=False, apply_schema=False, ensure_views=Fa...ject at 0x12f18d770&gt;), schemas=&lt;codeintel.storage.tracking.schema_catalog.SchemaCatalogTracking object at 0x12f4fdcd0&gt;)

    def test_get_file_profile_returns_none_when_not_found(
        docs_views_inferred_gateway: StorageGateway,
    ) -&gt; None:
        """Verify get_file_profile returns None when file not found."""
        repo = _repo(docs_views_inferred_gateway, repo=TEST_REPO, commit=TEST_COMMIT)
    
&gt;       result = repo.get_file_profile("nonexistent.py")
                 ^^^^^^^^^^^^^^^^^^^^^^^^^^^^^^^^^^^^^^^

tests/storage/repositories/test_modules.py:120: 
_ _ _ _ _ _ _ _ _ _ _ _ _ _ _ _ _ _ _ _ _ _ _ _ _ _ _ _ _ _ _ _ _ _ _ _
src/codeintel/storage/repositories/modules.py:99: in get_file_profile
    relation = self._relation("analytics.file_profile")
               ^^^^^^^^^^^^^^^^^^^^^^^^^^^^^^^^^^^^^^^^
src/codeintel/storage/repositories/base.py:106: in _relation
    relation = self.gateway.relation_from_table_key(table_key)
               ^^^^^^^^^^^^^^^^^^^^^^^^^^^^^^^^^^^^^^^^^^^^^^^
src/codeintel/storage/gateway/accessors.py:513: in relation_from_table_key
    return _relation_from_table_key(self.con, table_key)
           ^^^^^^^^^^^^^^^^^^^^^^^^^^^^^^^^^^^^^^^^^^^^^
_ _ _ _ _ _ _ _ _ _ _ _ _ _ _ _ _ _ _ _ _ _ _ _ _ _ _ _ _ _ _ _ _ _ _ _

con = &lt;_duckdb.DuckDBPyConnection object at 0x12f18d770&gt;
table_key = 'analytics.file_profile'

    def relation_from_table_key(
        con: DuckDBPyConnection,
        table_key: str,
    ) -&gt; DuckDBPyRelation:
        """Return a relation for a fully qualified table or view key.
    
        Parameters
        ----------
        con
            DuckDB connection used to build the relation.
        table_key
            Fully qualified table/view key (schema.table).
    
        Returns
        -------
        DuckDBPyRelation
            Relation bound to the requested table or view.
        """
        table_ref = fully_qualified_table_ref(table_key)
&gt;       return con.table(table_ref)
               ^^^^^^^^^^^^^^^^^^^^
E       _duckdb.CatalogException: Catalog Error: Table with name analytics.file_profile does not exist!
E       Did you mean "pg_tablespace"?
E       
E       LINE 1: from "analytics.file_profile"
E                    ^

src/codeintel/storage/gateway/relation.py:32: CatalogException</failure></testcase><testcase classname="tests.storage.repositories.test_modules" name="test_list_modules_returns_empty_for_no_data" time="14.457" /><testcase classname="tests.storage.repositories.test_repositories" name="test_data_model_accessors" time="37.548"><failure message="_duckdb.BinderException: Binder Error: Referenced column &quot;repo&quot; not found in FROM clause!&#10;Candidate bindings: &quot;NULL&quot;">docs_export_gateway = ProvisionedGateway(repo='demo/repo', commit='deadbeef', repo_root=PosixPath('/private/var/folders/70/h2nd1qjs1zngp8z6t...ng object at 0x12ed1df30&gt;), runner=&lt;codeintel.ingestion.engine.infrastructure.runner.ToolRunner object at 0x1318b4f50&gt;)

    def test_data_model_accessors(docs_export_gateway: TestContext) -&gt; None:
        """Data model accessors should surface normalized rows directly."""
        ctx = docs_export_gateway
        gateway = ctx.gateway
        warehouse = Warehouse(gateway)
        repo = ctx.repo
        commit = ctx.commit
        now = datetime.now().astimezone()
    
        model_row = data_model_row(
            DataModelSeed(
                model_id="ModelA",
                model_name="ModelA",
                module="pkg.foo",
                rel_path="foo.py",
                model_kind="dataclass",
                repo=repo,
                commit=commit,
                doc_short="short",
                doc_long="long",
                created_at=now,
            )
        )
        field_row = data_model_field_row(
            DataModelFieldSeed(
                model_id="ModelA",
                field_name="field_a",
                field_type="int",
                required=True,
                has_default=False,
                repo=repo,
                commit=commit,
                source="source",
                rel_path="foo.py",
                lineno=1,
                created_at=now,
            )
        )
        relationship_row = data_model_relationship_row(
            DataModelRelationshipSeed(
                source_model_id="ModelA",
                target_model_id="ModelB",
                target_module=None,
                target_model_name=None,
                field_name="field_a",
                relationship_kind="association",
                multiplicity=None,
                repo=repo,
                commit=commit,
                rel_path="foo.py",
                lineno=1,
                created_at=now,
            )
        )
    
        warehouse.materialize_mappings(
            "analytics.data_models", [_as_mapping(model_row, "analytics.data_models")]
        )
        warehouse.materialize_mappings(
            "analytics.data_model_fields", [_as_mapping(field_row, "analytics.data_model_fields")]
        )
        warehouse.materialize_mappings(
            "analytics.data_model_relationships",
            [_as_mapping(relationship_row, "analytics.data_model_relationships")],
        )
    
&gt;       normalized = DataModelsRepository(gateway, repo, commit).list_models_normalized()
                     ^^^^^^^^^^^^^^^^^^^^^^^^^^^^^^^^^^^^^^^^^^^^^^^^^^^^^^^^^^^^^^^^^^^^

tests/storage/repositories/test_repositories.py:305: 
_ _ _ _ _ _ _ _ _ _ _ _ _ _ _ _ _ _ _ _ _ _ _ _ _ _ _ _ _ _ _ _ _ _ _ _

self = DataModelsRepository(gateway=DuckDBGateway(config=StorageConfig(db_path=PosixPath(':memory:'), read_only=False, apply_...tel.storage.tracking.schema_catalog.SchemaCatalogTracking object at 0x12ed1df30&gt;), repo='demo/repo', commit='deadbeef')

    def list_models_normalized(
        self,
        *,
        model_ids: Sequence[str] | None = None,
    ) -&gt; list[NormalizedDataModel]:
        """List normalized data models with decoded fields and relationships.
    
        Parameters
        ----------
        model_ids
            Optional filter restricting results to these model ids.
    
        Returns
        -------
        list[NormalizedDataModel]
            Fully decoded models with embedded field and relationship details.
        """
        if model_ids is not None and not model_ids:
            return []
        allowed = set(model_ids) if model_ids else None
        relation = self._relation("docs.v_data_models_normalized")
        if allowed is not None:
            literals = ", ".join(f"'{_sql_escape(model_id)}'" for model_id in allowed)
            relation = relation.filter(SQLExpression(f"model_id IN ({literals})"))
    
&gt;       relation = relation.select(
            "repo",
            "commit",
            "model_id",
            "goid_h128",
            "model_name",
            "module",
            "rel_path",
            "model_kind",
            "base_classes_json",
            "fields",
            "relationships",
            "doc_short",
            "doc_long",
            "created_at",
        )
E       _duckdb.BinderException: Binder Error: Referenced column "repo" not found in FROM clause!
E       Candidate bindings: "NULL"

src/codeintel/storage/repositories/data_models.py:388: BinderException</failure></testcase><testcase classname="tests.storage.repositories.test_repositories" name="test_module_repository_reads" time="36.300"><failure message="AssertionError: file summary exists">docs_export_gateway = ProvisionedGateway(repo='demo/repo', commit='deadbeef', repo_root=PosixPath('/private/var/folders/70/h2nd1qjs1zngp8z6t...ng object at 0x12fdc1810&gt;), runner=&lt;codeintel.ingestion.engine.infrastructure.runner.ToolRunner object at 0x12f76cb90&gt;)

    def test_module_repository_reads(docs_export_gateway: TestContext) -&gt; None:
        """
        Module repository should surface file metadata and IDE hints.
    
        Raises
        ------
        AssertionError
            If expected summary rows are missing.
        """
        _, modules, _, _, _, _ = _repos(docs_export_gateway)
    
        summary = modules.get_file_summary("foo.py")
        if summary is None:
            message = "file summary exists"
&gt;           raise AssertionError(message)
E           AssertionError: file summary exists

tests/storage/repositories/test_repositories.py:210: AssertionError</failure></testcase><testcase classname="tests.storage.repositories.test_repositories" name="test_subsystem_repository_reads" time="35.945"><failure message="AssertionError: subsystem summary count should be non-zero">subsystem_repo_ctx = TestContext(snapshot=SnapshotRef(repo='demo/repo', commit='deadbeef', repo_root=PosixPath('/private/var/folders/70/h2n...db/codeintel_logs.duckdb')), seeds_applied={'subsystems_analytics', 'core'}, extra={}, coverage_file=None, runner=None)

    def test_subsystem_repository_reads(subsystem_repo_ctx: TestContext) -&gt; None:
        """Subsystem repository should return seeded subsystem summaries and memberships."""
        subsystems = SubsystemRepository(
            subsystem_repo_ctx.gateway,
            subsystem_repo_ctx.repo,
            subsystem_repo_ctx.commit,
        )
    
        summaries = subsystems.list_subsystems(limit=5)
&gt;       _expect_true(len(summaries) &gt; 0, "subsystem summary count should be non-zero")

tests/storage/repositories/test_repositories.py:230: 
_ _ _ _ _ _ _ _ _ _ _ _ _ _ _ _ _ _ _ _ _ _ _ _ _ _ _ _ _ _ _ _ _ _ _ _

condition = False
message = 'subsystem summary count should be non-zero'

    def _expect_true(condition: object, message: str) -&gt; None:
        if bool(condition):
            return
&gt;       raise AssertionError(message)
E       AssertionError: subsystem summary count should be non-zero

tests/storage/repositories/test_repositories.py:45: AssertionError</failure></testcase><testcase classname="tests.storage.repositories.test_modules" name="test_get_file_hints_returns_empty_when_not_found" time="29.053" /><testcase classname="tests.storage.repositories.test_repositories" name="test_missing_docs_view_is_materialized" time="14.078"><failure message="AssertionError: expected docs view to materialize without fallback warnings">caplog = &lt;_pytest.logging.LogCaptureFixture object at 0x12dd8b380&gt;

    def test_missing_docs_view_is_materialized(
        caplog: pytest.LogCaptureFixture,
    ) -&gt; None:
        """Docs views should be materialized on demand."""
        gateway = GatewayFactory().without_schema().without_views().relaxed().open()
        try:
            repo = DatasetReadRepository(gateway, repo="demo/repo", commit="deadbeef")
            with caplog.at_level(logging.WARNING):
                rows = repo.read_dataset_rows("docs.v_function_summary", limit=5, offset=0)
            assert_view_invariants(
                gateway,
                "docs.v_function_summary",
                required_columns=("repo", "commit", "function_goid_h128"),
                repo="demo/repo",
                commit="deadbeef",
            )
            _expect_equal(rows, [], "expected empty docs view results")
&gt;           _expect_true(
                all("docs view missing" not in record.message for record in caplog.records),
                "expected docs view to materialize without fallback warnings",
            )

tests/storage/repositories/test_repositories.py:330: 
_ _ _ _ _ _ _ _ _ _ _ _ _ _ _ _ _ _ _ _ _ _ _ _ _ _ _ _ _ _ _ _ _ _ _ _

condition = False
message = 'expected docs view to materialize without fallback warnings'

    def _expect_true(condition: object, message: str) -&gt; None:
        if bool(condition):
            return
&gt;       raise AssertionError(message)
E       AssertionError: expected docs view to materialize without fallback warnings

tests/storage/repositories/test_repositories.py:45: AssertionError</failure></testcase><testcase classname="tests.storage.repositories.test_repositories" name="test_function_repository_reads" time="23.979"><failure message="AssertionError: resolve_function_goid should return goid">docs_export_gateway = ProvisionedGateway(repo='demo/repo', commit='deadbeef', repo_root=PosixPath('/private/var/folders/70/h2nd1qjs1zngp8z6t...ng object at 0x12cae96e0&gt;), runner=&lt;codeintel.ingestion.engine.infrastructure.runner.ToolRunner object at 0x12cdeaad0&gt;)

    def test_function_repository_reads(docs_export_gateway: TestContext) -&gt; None:
        """Function repository should resolve GOIDs and surface summaries."""
        functions, _, tests_repo, graphs, _, datasets = _repos(docs_export_gateway)
    
&gt;       goid = _require_function_goid(functions)
               ^^^^^^^^^^^^^^^^^^^^^^^^^^^^^^^^^

tests/storage/repositories/test_repositories.py:189: 
_ _ _ _ _ _ _ _ _ _ _ _ _ _ _ _ _ _ _ _ _ _ _ _ _ _ _ _ _ _ _ _ _ _ _ _

functions = FunctionRepository(gateway=DuckDBGateway(config=StorageConfig(db_path=PosixPath(':memory:'), read_only=False, apply_sc...tel.storage.tracking.schema_catalog.SchemaCatalogTracking object at 0x12cae96e0&gt;), repo='demo/repo', commit='deadbeef')

    def _require_function_goid(functions: FunctionRepository) -&gt; int:
        goid = functions.resolve_function_goid(urn="urn:foo")
        if goid is None:
            message = "resolve_function_goid should return goid"
&gt;           raise AssertionError(message)
E           AssertionError: resolve_function_goid should return goid

tests/storage/repositories/test_repositories.py:117: AssertionError</failure></testcase><testcase classname="tests.storage.test_arrow_type_compat" name="test_decimal_scale_zero_accepts_integer_and_float" time="0.002" /><testcase classname="tests.storage.test_compiled_select" name="test_sqlglot_tools_extracts_table_keys_and_fingerprint" time="0.006" /><testcase classname="tests.storage.test_conformance" name="test_conformance_report_ok_when_no_issues" time="0.001" /><testcase classname="tests.storage.test_conformance" name="test_conformance_report_not_ok_when_issues_exist" time="0.001" /><testcase classname="tests.storage.test_conformance" name="test_conformance_issue_stores_dataset_and_message" time="0.004" /><testcase classname="tests.storage.test_conformance" name="test_conformance_issue_allows_none_dataset" time="0.006" /><testcase classname="tests.storage.repositories.test_subsystems" name="test_list_subsystems_searches_by_query" time="49.443" /><testcase classname="tests.storage.repositories.test_subsystems" name="test_get_subsystem_summary_returns_none_for_missing" time="49.266" /><testcase classname="tests.storage.repositories.test_subsystems" name="test_search_subsystems_is_alias_for_list" time="62.963" /><testcase classname="tests.storage.repositories.test_subsystems" name="test_list_subsystems_filters_by_role" time="48.201" /><testcase classname="tests.storage.repositories.test_subsystems" name="test_list_subsystems_returns_rows" time="48.190" /><testcase classname="tests.storage.test_conformance" name="test_conformance_passes_with_empty_db" time="21.037" /><testcase classname="tests.storage.repositories.test_subsystems" name="test_list_subsystems_respects_limit" time="48.632" /><testcase classname="tests.storage.repositories.test_subsystems" name="test_get_subsystem_summary_returns_row" time="50.275" /><testcase classname="tests.storage.repositories.test_subsystems" name="test_list_subsystem_memberships_returns_rows" time="35.502" /><testcase classname="tests.storage.test_arrow_type_compat" name="test_nested_types_are_compatible" time="0.001" /><testcase classname="tests.storage.test_data_models" name="test_data_model_row_stores_all_fields" time="0.004" /><testcase classname="tests.storage.test_data_models" name="test_data_model_field_row_is_frozen" time="0.003" /><testcase classname="tests.storage.test_data_models" name="test_data_model_field_row_stores_all_fields" time="0.006" /><testcase classname="tests.storage.test_data_models" name="test_data_model_relationship_row_is_frozen" time="0.001" /><testcase classname="tests.storage.test_data_models" name="test_data_model_relationship_row_stores_all_fields" time="0.001" /><testcase classname="tests.storage.test_data_models" name="test_normalized_data_model_is_frozen" time="0.001" /><testcase classname="tests.storage.test_data_models" name="test_normalized_data_model_stores_nested_data" time="0.001" /><testcase classname="tests.storage.repositories.test_subsystems" name="test_list_subsystem_modules_returns_rows" time="49.316" /><testcase classname="tests.storage.test_arrow_type_compat" name="test_decimal_scale_allows_float_when_nonzero" time="0.001" /><testcase classname="tests.storage.test_arrow_type_compat" name="test_dictionary_encoded_string_is_compatible" time="0.002" /><testcase classname="tests.storage.test_bulk_insert_normalization" name="test_bulk_insert_normalizes_numpy_scalars" time="10.265" /><testcase classname="tests.storage.test_conformance" name="test_conformance_with_sample_rows_enabled" time="23.671" /><testcase classname="tests.storage.test_data_models" name="test_data_model_row_is_frozen" time="0.001" /><testcase classname="tests.storage.test_data_models" name="test_fetch_models_returns_empty_list" time="22.471" /><testcase classname="tests.storage.repositories.test_subsystems" name="test_list_subsystems_for_module_returns_rows" time="50.739" /><testcase classname="tests.storage.repositories.test_subsystems" name="test_list_subsystem_profiles_returns_rows" time="51.113" /><testcase classname="tests.storage.test_data_models" name="test_fetch_models_returns_multiple" time="21.721"><failure message="AssertionError: expected length 3, got 0">data_models_ctx = TestContext(snapshot=SnapshotRef(repo='demo/repo', commit='deadbeef', repo_root=PosixPath('/private/var/folders/70/h2n...t0/build/db/codeintel_logs.duckdb')), seeds_applied={'data_models', 'core'}, extra={}, coverage_file=None, runner=None)

    def test_fetch_models_returns_multiple(data_models_ctx: TestContext) -&gt; None:
        """Verify fetch_models returns multiple models."""
        now = datetime.now(tz=UTC)
    
        _insert_models(
            data_models_ctx,
            [
                DataModelSeed(
                    model_id=f"model_{i}",
                    model_name=f"Model{i}",
                    module="test.module",
                    rel_path="test/module.py",
                    model_kind="dataclass",
                    goid=1000 + i,
                    created_at=now,
                    repo=data_models_ctx.repo,
                    commit=data_models_ctx.commit,
                )
                for i in range(EXPECTED_COUNT_3)
            ],
        )
    
        result = DataModelsRepository(
            data_models_ctx.gateway, data_models_ctx.repo, data_models_ctx.commit
        ).list_models()
&gt;       expect_length(result, EXPECTED_COUNT_3)

tests/storage/test_data_models.py:542: 
_ _ _ _ _ _ _ _ _ _ _ _ _ _ _ _ _ _ _ _ _ _ _ _ _ _ _ _ _ _ _ _ _ _ _ _

sequence = [], expected = 3

    def expect_length(
        sequence: Iterable[object],
        expected: int,
        *,
        label: str | None = None,
    ) -&gt; None:
        """Assert that a sequence has the expected length.
    
        Parameters
        ----------
        sequence
            Iterable to measure.
        expected
            Expected length.
        label
            Optional label prefix for the failure message.
    
        Raises
        ------
        AssertionError
            If the length differs from ``expected``.
        """
        actual = len(list(sequence))
        if actual == expected:
            return
        failure_message = f"{_prefix(label)}expected length {expected}, got {actual}"
&gt;       raise AssertionError(failure_message)
E       AssertionError: expected length 3, got 0

tests/_helpers/assertions/expectation_assertions.py:293: AssertionError</failure></testcase><testcase classname="tests.storage.test_data_models" name="test_fetch_fields_parses_all_fields" time="22.443"><failure message="AssertionError: expected length 1, got 0">data_models_ctx = TestContext(snapshot=SnapshotRef(repo='demo/repo', commit='deadbeef', repo_root=PosixPath('/private/var/folders/70/h2n...f0/build/db/codeintel_logs.duckdb')), seeds_applied={'data_models', 'core'}, extra={}, coverage_file=None, runner=None)

    def test_fetch_fields_parses_all_fields(data_models_ctx: TestContext) -&gt; None:
        """Verify fetch_fields correctly parses all fields."""
        now = datetime.now(tz=UTC)
    
        _insert_fields(
            data_models_ctx,
            [
                DataModelFieldSeed(
                    model_id="model_1",
                    field_name="name",
                    field_type="str",
                    required=True,
                    has_default=False,
                    constraints_json={"max_length": 100},
                    source="annotation",
                    rel_path="test/module.py",
                    lineno=EXPECTED_LINENO_10,
                    created_at=now,
                    repo=data_models_ctx.repo,
                    commit=data_models_ctx.commit,
                )
            ],
        )
    
        result = DataModelsRepository(
            data_models_ctx.gateway, data_models_ctx.repo, data_models_ctx.commit
        ).list_fields()
&gt;       expect_length(result, 1)

tests/storage/test_data_models.py:581: 
_ _ _ _ _ _ _ _ _ _ _ _ _ _ _ _ _ _ _ _ _ _ _ _ _ _ _ _ _ _ _ _ _ _ _ _

sequence = [], expected = 1

    def expect_length(
        sequence: Iterable[object],
        expected: int,
        *,
        label: str | None = None,
    ) -&gt; None:
        """Assert that a sequence has the expected length.
    
        Parameters
        ----------
        sequence
            Iterable to measure.
        expected
            Expected length.
        label
            Optional label prefix for the failure message.
    
        Raises
        ------
        AssertionError
            If the length differs from ``expected``.
        """
        actual = len(list(sequence))
        if actual == expected:
            return
        failure_message = f"{_prefix(label)}expected length {expected}, got {actual}"
&gt;       raise AssertionError(failure_message)
E       AssertionError: expected length 1, got 0

tests/_helpers/assertions/expectation_assertions.py:293: AssertionError</failure></testcase><testcase classname="tests.storage.repositories.test_subsystems" name="test_list_subsystem_coverage_uses_cache_when_present" time="35.978"><failure message="AssertionError: Expected condition to be True.">subsystem_ctx = TestContext(snapshot=SnapshotRef(repo='demo/repo', commit='deadbeef', repo_root=PosixPath('/private/var/folders/70/h2n...db/codeintel_logs.duckdb')), seeds_applied={'core', 'subsystems_analytics'}, extra={}, coverage_file=None, runner=None)

    def test_list_subsystem_coverage_uses_cache_when_present(
        subsystem_ctx: TestContext,
    ) -&gt; None:
        """Verify list_subsystem_coverage uses cache table when available."""
        repo = subsystem_ctx.repo
        commit = subsystem_ctx.commit
    
        warehouse = Warehouse(subsystem_ctx.gateway)
        warehouse.materialize_mappings(
            "analytics.subsystem_coverage_cache",
            [
                {
                    "repo": repo,
                    "commit": commit,
                    "subsystem_id": "cached_cov",
                    "name": "Cached Coverage",
                    "description": None,
                    "module_count": None,
                    "test_count": 3,
                    "passed_test_count": None,
                    "failed_test_count": None,
                    "skipped_test_count": None,
                    "xfail_test_count": None,
                    "flaky_test_count": None,
                    "total_functions_covered": None,
                    "avg_functions_covered": None,
                    "max_functions_covered": None,
                    "min_functions_covered": None,
                    "function_count": None,
                    "risk_level": None,
                    "avg_risk_score": None,
                    "max_risk_score": None,
                    "function_coverage_ratio": None,
                    "function_gap_ratio": None,
                    "functions_tested": None,
                    "functions_untested": None,
                    "statement_gap_count": None,
                    "statement_coverage_ratio": None,
                    "statement_gap_ratio": None,
                    "created_at": datetime.now(tz=UTC),
                }
            ],
        )
    
        repository = SubsystemRepository(gateway=subsystem_ctx.gateway, repo=repo, commit=commit)
        result = repository.list_subsystem_coverage(limit=10)
    
        has_cached = any(row.get("subsystem_id") == "cached_cov" for row in result)
&gt;       expect_true(has_cached)

tests/storage/repositories/test_subsystems.py:295: 
_ _ _ _ _ _ _ _ _ _ _ _ _ _ _ _ _ _ _ _ _ _ _ _ _ _ _ _ _ _ _ _ _ _ _ _

condition = False

    def expect_true(condition: object, *, message: str | None = None) -&gt; None:
        """Raise AssertionError when a boolean condition is not satisfied.
    
        Parameters
        ----------
        condition
            Value that must evaluate to True.
        message
            Optional override for the assertion message.
    
        Raises
        ------
        AssertionError
            If the condition evaluates to False.
        """
        if not condition:
&gt;           raise AssertionError(message or "Expected condition to be True.")
E           AssertionError: Expected condition to be True.

tests/_helpers/assertions/expectation_assertions.py:41: AssertionError</failure></testcase><testcase classname="tests.storage.repositories.test_subsystems" name="test_list_subsystem_profiles_uses_cache_when_present" time="36.841"><failure message="AssertionError: Expected condition to be True.">subsystem_ctx = TestContext(snapshot=SnapshotRef(repo='demo/repo', commit='deadbeef', repo_root=PosixPath('/private/var/folders/70/h2n...db/codeintel_logs.duckdb')), seeds_applied={'subsystems_analytics', 'core'}, extra={}, coverage_file=None, runner=None)

    def test_list_subsystem_profiles_uses_cache_when_present(
        subsystem_ctx: TestContext,
    ) -&gt; None:
        """Verify list_subsystem_profiles uses cache table when available."""
        repo = subsystem_ctx.repo
        commit = subsystem_ctx.commit
    
        warehouse = Warehouse(subsystem_ctx.gateway)
        warehouse.materialize_mappings(
            "analytics.subsystem_profile_cache",
            [
                {
                    "repo": repo,
                    "commit": commit,
                    "subsystem_id": "cached_sub",
                    "name": "Cached Subsystem",
                    "description": None,
                    "module_count": 5,
                    "modules_json": None,
                    "entrypoints_json": None,
                    "internal_edge_count": None,
                    "external_edge_count": None,
                    "fan_in": None,
                    "fan_out": None,
                    "function_count": None,
                    "avg_risk_score": None,
                    "max_risk_score": None,
                    "high_risk_function_count": None,
                    "risk_level": None,
                    "import_in_degree": None,
                    "import_out_degree": None,
                    "import_pagerank": None,
                    "import_betweenness": None,
                    "import_closeness": None,
                    "import_layer": None,
                    "created_at": datetime.now(tz=UTC),
                }
            ],
        )
    
        repository = SubsystemRepository(gateway=subsystem_ctx.gateway, repo=repo, commit=commit)
        result = repository.list_subsystem_profiles(limit=10)
    
        has_cached = any(row.get("subsystem_id") == "cached_sub" for row in result)
&gt;       expect_true(has_cached)

tests/storage/repositories/test_subsystems.py:244: 
_ _ _ _ _ _ _ _ _ _ _ _ _ _ _ _ _ _ _ _ _ _ _ _ _ _ _ _ _ _ _ _ _ _ _ _

condition = False

    def expect_true(condition: object, *, message: str | None = None) -&gt; None:
        """Raise AssertionError when a boolean condition is not satisfied.
    
        Parameters
        ----------
        condition
            Value that must evaluate to True.
        message
            Optional override for the assertion message.
    
        Raises
        ------
        AssertionError
            If the condition evaluates to False.
        """
        if not condition:
&gt;           raise AssertionError(message or "Expected condition to be True.")
E           AssertionError: Expected condition to be True.

tests/_helpers/assertions/expectation_assertions.py:41: AssertionError</failure></testcase><testcase classname="tests.storage.test_data_models" name="test_fetch_fields_parses_constraints_json" time="22.336"><failure message="IndexError: list index out of range">data_models_ctx = TestContext(snapshot=SnapshotRef(repo='demo/repo', commit='deadbeef', repo_root=PosixPath('/private/var/folders/70/h2n...t0/build/db/codeintel_logs.duckdb')), seeds_applied={'core', 'data_models'}, extra={}, coverage_file=None, runner=None)

    def test_fetch_fields_parses_constraints_json(data_models_ctx: TestContext) -&gt; None:
        """Verify fetch_fields correctly parses constraints_json."""
        now = datetime.now(tz=UTC)
    
        _insert_fields(
            data_models_ctx,
            [
                DataModelFieldSeed(
                    model_id="model_1",
                    field_name="email",
                    field_type="str",
                    required=True,
                    has_default=False,
                    constraints_json={"pattern": "^.+@.+$", "max_length": 255},
                    source="annotation",
                    rel_path="test.py",
                    lineno=1,
                    created_at=now,
                    repo=data_models_ctx.repo,
                    commit=data_models_ctx.commit,
                )
            ],
        )
    
        result = DataModelsRepository(
            data_models_ctx.gateway, data_models_ctx.repo, data_models_ctx.commit
        ).list_fields()
&gt;       field = result[0]
                ^^^^^^^^^
E       IndexError: list index out of range

tests/storage/test_data_models.py:690: IndexError</failure></testcase><testcase classname="tests.storage.test_data_models" name="test_fetch_models_filters_by_repo_commit" time="22.721"><failure message="AssertionError: expected length 1, got 0">data_models_ctx = TestContext(snapshot=SnapshotRef(repo='demo/repo', commit='deadbeef', repo_root=PosixPath('/private/var/folders/70/h2n...r0/build/db/codeintel_logs.duckdb')), seeds_applied={'data_models', 'core'}, extra={}, coverage_file=None, runner=None)

    def test_fetch_models_filters_by_repo_commit(data_models_ctx: TestContext) -&gt; None:
        """Verify fetch_models filters by repo and commit."""
        now = datetime.now(tz=UTC)
    
        _insert_models(
            data_models_ctx,
            [
                DataModelSeed(
                    model_id="model_1",
                    model_name="TestModel",
                    module="test.module",
                    rel_path="test/module.py",
                    model_kind="dataclass",
                    goid=None,
                    doc_short="Short doc",
                    created_at=now,
                    repo=data_models_ctx.repo,
                    commit=data_models_ctx.commit,
                ),
                DataModelSeed(
                    model_id="model_other",
                    model_name="Other",
                    module="other.module",
                    rel_path="other/module.py",
                    model_kind="pydantic",
                    repo="other/repo",
                    commit="def456",
                    created_at=now,
                ),
            ],
        )
    
        result = DataModelsRepository(
            data_models_ctx.gateway, data_models_ctx.repo, data_models_ctx.commit
        ).list_models()
&gt;       expect_length(result, 1)

tests/storage/test_data_models.py:401: 
_ _ _ _ _ _ _ _ _ _ _ _ _ _ _ _ _ _ _ _ _ _ _ _ _ _ _ _ _ _ _ _ _ _ _ _

sequence = [], expected = 1

    def expect_length(
        sequence: Iterable[object],
        expected: int,
        *,
        label: str | None = None,
    ) -&gt; None:
        """Assert that a sequence has the expected length.
    
        Parameters
        ----------
        sequence
            Iterable to measure.
        expected
            Expected length.
        label
            Optional label prefix for the failure message.
    
        Raises
        ------
        AssertionError
            If the length differs from ``expected``.
        """
        actual = len(list(sequence))
        if actual == expected:
            return
        failure_message = f"{_prefix(label)}expected length {expected}, got {actual}"
&gt;       raise AssertionError(failure_message)
E       AssertionError: expected length 1, got 0

tests/_helpers/assertions/expectation_assertions.py:293: AssertionError</failure></testcase><testcase classname="tests.storage.repositories.test_subsystems" name="test_list_subsystem_coverage_returns_rows" time="50.809" /><testcase classname="tests.storage.test_data_models" name="test_fetch_fields_without_model_ids_returns_all" time="22.562"><failure message="AssertionError: expected length 2, got 0">data_models_ctx = TestContext(snapshot=SnapshotRef(repo='demo/repo', commit='deadbeef', repo_root=PosixPath('/private/var/folders/70/h2n...e0/build/db/codeintel_logs.duckdb')), seeds_applied={'data_models', 'core'}, extra={}, coverage_file=None, runner=None)

    def test_fetch_fields_without_model_ids_returns_all(
        data_models_ctx: TestContext,
    ) -&gt; None:
        """Verify fetch_fields returns all fields when model_ids is None."""
        now = datetime.now(tz=UTC)
    
        _insert_fields(
            data_models_ctx,
            [
                DataModelFieldSeed(
                    model_id=model_id,
                    field_name="field",
                    field_type="str",
                    required=True,
                    has_default=False,
                    rel_path="test.py",
                    lineno=1,
                    created_at=now,
                    repo=data_models_ctx.repo,
                    commit=data_models_ctx.commit,
                )
                for model_id in ["model_1", "model_2"]
            ],
        )
    
        result = DataModelsRepository(
            data_models_ctx.gateway, data_models_ctx.repo, data_models_ctx.commit
        ).list_fields()
&gt;       expect_length(result, EXPECTED_COUNT_2)

tests/storage/test_data_models.py:660: 
_ _ _ _ _ _ _ _ _ _ _ _ _ _ _ _ _ _ _ _ _ _ _ _ _ _ _ _ _ _ _ _ _ _ _ _

sequence = [], expected = 2

    def expect_length(
        sequence: Iterable[object],
        expected: int,
        *,
        label: str | None = None,
    ) -&gt; None:
        """Assert that a sequence has the expected length.
    
        Parameters
        ----------
        sequence
            Iterable to measure.
        expected
            Expected length.
        label
            Optional label prefix for the failure message.
    
        Raises
        ------
        AssertionError
            If the length differs from ``expected``.
        """
        actual = len(list(sequence))
        if actual == expected:
            return
        failure_message = f"{_prefix(label)}expected length {expected}, got {actual}"
&gt;       raise AssertionError(failure_message)
E       AssertionError: expected length 2, got 0

tests/_helpers/assertions/expectation_assertions.py:293: AssertionError</failure></testcase><testcase classname="tests.storage.test_data_models" name="test_fetch_fields_returns_empty_list" time="22.456" /><testcase classname="tests.storage.test_data_models" name="test_fetch_fields_filters_by_model_ids" time="22.173"><failure message="AssertionError: expected length 2, got 0">data_models_ctx = TestContext(snapshot=SnapshotRef(repo='demo/repo', commit='deadbeef', repo_root=PosixPath('/private/var/folders/70/h2n...m0/build/db/codeintel_logs.duckdb')), seeds_applied={'data_models', 'core'}, extra={}, coverage_file=None, runner=None)

    def test_fetch_fields_filters_by_model_ids(data_models_ctx: TestContext) -&gt; None:
        """Verify fetch_fields filters by model_ids when provided."""
        now = datetime.now(tz=UTC)
    
        _insert_fields(
            data_models_ctx,
            [
                DataModelFieldSeed(
                    model_id=model_id,
                    field_name="field",
                    field_type="str",
                    required=True,
                    has_default=False,
                    rel_path="test.py",
                    lineno=1,
                    created_at=now,
                    repo=data_models_ctx.repo,
                    commit=data_models_ctx.commit,
                )
                for model_id in ["model_1", "model_2", "model_3"]
            ],
        )
    
        result = DataModelsRepository(
            data_models_ctx.gateway, data_models_ctx.repo, data_models_ctx.commit
        ).list_fields(model_ids=["model_1", "model_2"])
&gt;       expect_length(result, EXPECTED_COUNT_2)

tests/storage/test_data_models.py:624: 
_ _ _ _ _ _ _ _ _ _ _ _ _ _ _ _ _ _ _ _ _ _ _ _ _ _ _ _ _ _ _ _ _ _ _ _

sequence = [], expected = 2

    def expect_length(
        sequence: Iterable[object],
        expected: int,
        *,
        label: str | None = None,
    ) -&gt; None:
        """Assert that a sequence has the expected length.
    
        Parameters
        ----------
        sequence
            Iterable to measure.
        expected
            Expected length.
        label
            Optional label prefix for the failure message.
    
        Raises
        ------
        AssertionError
            If the length differs from ``expected``.
        """
        actual = len(list(sequence))
        if actual == expected:
            return
        failure_message = f"{_prefix(label)}expected length {expected}, got {actual}"
&gt;       raise AssertionError(failure_message)
E       AssertionError: expected length 2, got 0

tests/_helpers/assertions/expectation_assertions.py:293: AssertionError</failure></testcase><testcase classname="tests.storage.test_data_models" name="test_fetch_models_parses_base_classes_from_json" time="21.919"><failure message="IndexError: list index out of range">data_models_ctx = TestContext(snapshot=SnapshotRef(repo='demo/repo', commit='deadbeef', repo_root=PosixPath('/private/var/folders/70/h2n..._0/build/db/codeintel_logs.duckdb')), seeds_applied={'data_models', 'core'}, extra={}, coverage_file=None, runner=None)

    def test_fetch_models_parses_base_classes_from_json(
        data_models_ctx: TestContext,
    ) -&gt; None:
        """Verify fetch_models correctly parses base_classes_json."""
        now = datetime.now(tz=UTC)
    
        _insert_models(
            data_models_ctx,
            [
                DataModelSeed(
                    model_id="model_1",
                    model_name="TestModel",
                    module="test.module",
                    rel_path="test/module.py",
                    model_kind="dataclass",
                    base_classes_json=[
                        {"name": "Base1", "qualname": "m.Base1"},
                        {"name": "Base2", "qualname": "m.Base2"},
                    ],
                    created_at=now,
                    repo=data_models_ctx.repo,
                    commit=data_models_ctx.commit,
                )
            ],
        )
    
        result = DataModelsRepository(
            data_models_ctx.gateway, data_models_ctx.repo, data_models_ctx.commit
        ).list_models()
&gt;       model = result[0]
                ^^^^^^^^^
E       IndexError: list index out of range

tests/storage/test_data_models.py:482: IndexError</failure></testcase><testcase classname="tests.storage.test_data_models" name="test_fetch_models_parses_all_fields" time="21.587"><failure message="AssertionError: expected length 1, got 0">data_models_ctx = TestContext(snapshot=SnapshotRef(repo='demo/repo', commit='deadbeef', repo_root=PosixPath('/private/var/folders/70/h2n...f0/build/db/codeintel_logs.duckdb')), seeds_applied={'data_models', 'core'}, extra={}, coverage_file=None, runner=None)

    def test_fetch_models_parses_all_fields(data_models_ctx: TestContext) -&gt; None:
        """Verify fetch_models correctly parses all fields."""
        now = datetime.now(tz=UTC)
    
        _insert_models(
            data_models_ctx,
            [
                DataModelSeed(
                    model_id="model_1",
                    model_name="TestModel",
                    module="test.module",
                    rel_path="test/module.py",
                    model_kind="pydantic",
                    goid=EXPECTED_GOID,
                    base_classes_json=[{"name": "BaseModel", "qualname": "pydantic.BaseModel"}],
                    doc_short="Short doc",
                    doc_long="Long documentation",
                    created_at=now,
                    repo=data_models_ctx.repo,
                    commit=data_models_ctx.commit,
                )
            ],
        )
    
        result = DataModelsRepository(
            data_models_ctx.gateway, data_models_ctx.repo, data_models_ctx.commit
        ).list_models()
&gt;       expect_length(result, 1)

tests/storage/test_data_models.py:436: 
_ _ _ _ _ _ _ _ _ _ _ _ _ _ _ _ _ _ _ _ _ _ _ _ _ _ _ _ _ _ _ _ _ _ _ _

sequence = [], expected = 1

    def expect_length(
        sequence: Iterable[object],
        expected: int,
        *,
        label: str | None = None,
    ) -&gt; None:
        """Assert that a sequence has the expected length.
    
        Parameters
        ----------
        sequence
            Iterable to measure.
        expected
            Expected length.
        label
            Optional label prefix for the failure message.
    
        Raises
        ------
        AssertionError
            If the length differs from ``expected``.
        """
        actual = len(list(sequence))
        if actual == expected:
            return
        failure_message = f"{_prefix(label)}expected length {expected}, got {actual}"
&gt;       raise AssertionError(failure_message)
E       AssertionError: expected length 1, got 0

tests/_helpers/assertions/expectation_assertions.py:293: AssertionError</failure></testcase><testcase classname="tests.storage.test_conformance" name="test_conformance_skips_missing_schema" time="21.209" /><testcase classname="tests.storage.test_dataflow_graph" name="test_contract_dataflow_includes_all_datasets" time="0.004" /><testcase classname="tests.storage.test_datasets" name="test_dataset_for_name_returns_contract" time="0.002" /><testcase classname="tests.storage.test_datasets" name="test_dataset_for_name_raises_on_unknown" time="0.004" /><testcase classname="tests.storage.test_datasets" name="test_dataset_for_table_returns_contract" time="0.001" /><testcase classname="tests.storage.test_datasets" name="test_dataset_for_table_raises_on_unknown" time="0.001" /><testcase classname="tests.storage.test_datasets" name="test_describe_dataset_returns_serializable_dict" time="0.001" /><testcase classname="tests.storage.test_datasets" name="test_list_dataset_specs_returns_list" time="0.001" /><testcase classname="tests.storage.test_datasets" name="test_build_dataset_dependency_graph_returns_mapping" time="0.002" /><testcase classname="tests.storage.test_data_models" name="test_fetch_relationships_returns_empty_list" time="21.195" /><testcase classname="tests.storage.test_dataflow_graph" name="test_composite_edges_align_with_composite_schemas" time="0.001" /><testcase classname="tests.storage.test_datasets" name="test_dataset_registry_tables_property" time="0.001" /><testcase classname="tests.storage.test_datasets" name="test_dataset_registry_views_property" time="0.001" /><testcase classname="tests.storage.test_datasets" name="test_dataset_registry_jsonl_datasets_contains_table_key" time="0.003" /><testcase classname="tests.storage.test_datasets" name="test_dataset_registry_parquet_datasets_contains_table_key" time="0.001" /><testcase classname="tests.storage.test_conformance" name="test_conformance_validates_schema_rows" time="21.231" /><testcase classname="tests.storage.test_dataflow_graph" name="test_metadata_dataflow_tables_populated" time="21.716" /><testcase classname="tests.storage.test_data_models" name="test_fetch_relationships_parses_all_fields" time="21.259"><failure message="AssertionError: expected length 1, got 0">data_models_ctx = TestContext(snapshot=SnapshotRef(repo='demo/repo', commit='deadbeef', repo_root=PosixPath('/private/var/folders/70/h2n...e0/build/db/codeintel_logs.duckdb')), seeds_applied={'data_models', 'core'}, extra={}, coverage_file=None, runner=None)

    def test_fetch_relationships_parses_all_fields(
        data_models_ctx: TestContext,
    ) -&gt; None:
        """Verify fetch_relationships correctly parses all fields."""
        now = datetime.now(tz=UTC)
    
        _insert_relationships(
            data_models_ctx,
            [
                DataModelRelationshipSeed(
                    source_model_id="model_1",
                    target_model_id="model_2",
                    target_module="target.module",
                    target_model_name="TargetModel",
                    field_name="items",
                    relationship_kind="has_many",
                    multiplicity="many",
                    via="foreign_key",
                    evidence_json={"confidence": 0.9},
                    rel_path="test/module.py",
                    lineno=EXPECTED_LINENO_25,
                    created_at=now,
                    repo=data_models_ctx.repo,
                    commit=data_models_ctx.commit,
                )
            ],
        )
    
        result = DataModelsRepository(
            data_models_ctx.gateway, data_models_ctx.repo, data_models_ctx.commit
        ).list_relationships()
&gt;       expect_length(result, 1)

tests/storage/test_data_models.py:736: 
_ _ _ _ _ _ _ _ _ _ _ _ _ _ _ _ _ _ _ _ _ _ _ _ _ _ _ _ _ _ _ _ _ _ _ _

sequence = [], expected = 1

    def expect_length(
        sequence: Iterable[object],
        expected: int,
        *,
        label: str | None = None,
    ) -&gt; None:
        """Assert that a sequence has the expected length.
    
        Parameters
        ----------
        sequence
            Iterable to measure.
        expected
            Expected length.
        label
            Optional label prefix for the failure message.
    
        Raises
        ------
        AssertionError
            If the length differs from ``expected``.
        """
        actual = len(list(sequence))
        if actual == expected:
            return
        failure_message = f"{_prefix(label)}expected length {expected}, got {actual}"
&gt;       raise AssertionError(failure_message)
E       AssertionError: expected length 1, got 0

tests/_helpers/assertions/expectation_assertions.py:293: AssertionError</failure></testcase><testcase classname="tests.storage.test_dataflow_graph" name="test_alias_docs_views_have_nodes" time="0.001" /><testcase classname="tests.storage.test_datasets" name="test_describe_dataset_shape_with_json_schema" time="0.001" /><testcase classname="tests.storage.test_datasets" name="test_json_schema_datasets_have_row_bindings" time="19.646" /><testcase classname="tests.storage.test_data_models" name="test_fetch_relationships_filters_by_model_ids" time="21.445"><failure message="AssertionError: expected length 1, got 0">data_models_ctx = TestContext(snapshot=SnapshotRef(repo='demo/repo', commit='deadbeef', repo_root=PosixPath('/private/var/folders/70/h2n...e0/build/db/codeintel_logs.duckdb')), seeds_applied={'data_models', 'core'}, extra={}, coverage_file=None, runner=None)

    def test_fetch_relationships_filters_by_model_ids(
        data_models_ctx: TestContext,
    ) -&gt; None:
        """Verify fetch_relationships filters by source model_ids when provided."""
        now = datetime.now(tz=UTC)
    
        _insert_relationships(
            data_models_ctx,
            [
                DataModelRelationshipSeed(
                    source_model_id=src_model,
                    target_model_id="target",
                    target_module="target.mod",
                    target_model_name="Target",
                    field_name="ref",
                    relationship_kind="has_one",
                    multiplicity="one",
                    evidence_json={},
                    rel_path="test.py",
                    lineno=1,
                    created_at=now,
                    repo=data_models_ctx.repo,
                    commit=data_models_ctx.commit,
                )
                for src_model in ["model_1", "model_2", "model_3"]
            ],
        )
    
        result = DataModelsRepository(
            data_models_ctx.gateway, data_models_ctx.repo, data_models_ctx.commit
        ).list_relationships(model_ids=["model_1"])
&gt;       expect_length(result, 1)

tests/storage/test_data_models.py:785: 
_ _ _ _ _ _ _ _ _ _ _ _ _ _ _ _ _ _ _ _ _ _ _ _ _ _ _ _ _ _ _ _ _ _ _ _

sequence = [], expected = 1

    def expect_length(
        sequence: Iterable[object],
        expected: int,
        *,
        label: str | None = None,
    ) -&gt; None:
        """Assert that a sequence has the expected length.
    
        Parameters
        ----------
        sequence
            Iterable to measure.
        expected
            Expected length.
        label
            Optional label prefix for the failure message.
    
        Raises
        ------
        AssertionError
            If the length differs from ``expected``.
        """
        actual = len(list(sequence))
        if actual == expected:
            return
        failure_message = f"{_prefix(label)}expected length {expected}, got {actual}"
&gt;       raise AssertionError(failure_message)
E       AssertionError: expected length 1, got 0

tests/_helpers/assertions/expectation_assertions.py:293: AssertionError</failure></testcase><testcase classname="tests.storage.test_datasets" name="test_dataset_registry_all_datasets_returns_tuple" time="0.001" /><testcase classname="tests.storage.test_data_models" name="test_fetch_relationships_handles_nullable_fields" time="21.799"><failure message="IndexError: list index out of range">data_models_ctx = TestContext(snapshot=SnapshotRef(repo='demo/repo', commit='deadbeef', repo_root=PosixPath('/private/var/folders/70/h2n...l0/build/db/codeintel_logs.duckdb')), seeds_applied={'data_models', 'core'}, extra={}, coverage_file=None, runner=None)

    def test_fetch_relationships_handles_nullable_fields(
        data_models_ctx: TestContext,
    ) -&gt; None:
        """Verify fetch_relationships handles null optional fields."""
        now = datetime.now(tz=UTC)
    
        _insert_relationships(
            data_models_ctx,
            [
                DataModelRelationshipSeed(
                    source_model_id="model_1",
                    target_model_id="model_2",
                    target_module=None,
                    target_model_name=None,
                    field_name="field_ref",
                    relationship_kind="references",
                    multiplicity=None,
                    via=None,
                    evidence_json={},
                    rel_path="test.py",
                    lineno=None,
                    created_at=now,
                    repo=data_models_ctx.repo,
                    commit=data_models_ctx.commit,
                )
            ],
        )
    
        result = DataModelsRepository(
            data_models_ctx.gateway, data_models_ctx.repo, data_models_ctx.commit
        ).list_relationships()
&gt;       rel = result[0]
              ^^^^^^^^^
E       IndexError: list index out of range

tests/storage/test_data_models.py:820: IndexError</failure></testcase><testcase classname="tests.storage.test_datasets" name="test_dataset_registry_datasets_with_json_schema" time="0.001" /><testcase classname="tests.storage.test_data_models" name="test_fetch_models_handles_goid_as_decimal" time="21.855"><failure message="IndexError: list index out of range">data_models_ctx = TestContext(snapshot=SnapshotRef(repo='demo/repo', commit='deadbeef', repo_root=PosixPath('/private/var/folders/70/h2n...d0/build/db/codeintel_logs.duckdb')), seeds_applied={'core', 'data_models'}, extra={}, coverage_file=None, runner=None)

    def test_fetch_models_handles_goid_as_decimal(data_models_ctx: TestContext) -&gt; None:
        """Verify fetch_models handles goid_h128 Decimal conversion."""
        now = datetime.now(tz=UTC)
    
        _insert_models(
            data_models_ctx,
            [
                DataModelSeed(
                    model_id="model_1",
                    model_name="TestModel",
                    module="test.module",
                    rel_path="test/module.py",
                    model_kind="dataclass",
                    goid=123456789012345,
                    created_at=now,
                    repo=data_models_ctx.repo,
                    commit=data_models_ctx.commit,
                )
            ],
        )
    
        result = DataModelsRepository(
            data_models_ctx.gateway, data_models_ctx.repo, data_models_ctx.commit
        ).list_models()
&gt;       model = result[0]
                ^^^^^^^^^
E       IndexError: list index out of range

tests/storage/test_data_models.py:512: IndexError</failure></testcase><testcase classname="tests.storage.test_data_models" name="test_fetch_models_normalized_returns_empty_list" time="35.500"><failure message="_duckdb.BinderException: Binder Error: Referenced column &quot;repo&quot; not found in FROM clause!&#10;Candidate bindings: &quot;NULL&quot;">data_models_ctx = TestContext(snapshot=SnapshotRef(repo='demo/repo', commit='deadbeef', repo_root=PosixPath('/private/var/folders/70/h2n...r0/build/db/codeintel_logs.duckdb')), seeds_applied={'data_models', 'core'}, extra={}, coverage_file=None, runner=None)

    def test_fetch_models_normalized_returns_empty_list(
        data_models_ctx: TestContext,
    ) -&gt; None:
        """Verify fetch_models_normalized returns empty list when no data."""
        result = DataModelsRepository(
            data_models_ctx.gateway, data_models_ctx.repo, data_models_ctx.commit
&gt;       ).list_models_normalized()
          ^^^^^^^^^^^^^^^^^^^^^^^^

tests/storage/test_data_models.py:835: 
_ _ _ _ _ _ _ _ _ _ _ _ _ _ _ _ _ _ _ _ _ _ _ _ _ _ _ _ _ _ _ _ _ _ _ _

self = DataModelsRepository(gateway=DuckDBGateway(config=StorageConfig(db_path=PosixPath(':memory:'), read_only=False, apply_...tel.storage.tracking.schema_catalog.SchemaCatalogTracking object at 0x12aa26450&gt;), repo='demo/repo', commit='deadbeef')

    def list_models_normalized(
        self,
        *,
        model_ids: Sequence[str] | None = None,
    ) -&gt; list[NormalizedDataModel]:
        """List normalized data models with decoded fields and relationships.
    
        Parameters
        ----------
        model_ids
            Optional filter restricting results to these model ids.
    
        Returns
        -------
        list[NormalizedDataModel]
            Fully decoded models with embedded field and relationship details.
        """
        if model_ids is not None and not model_ids:
            return []
        allowed = set(model_ids) if model_ids else None
        relation = self._relation("docs.v_data_models_normalized")
        if allowed is not None:
            literals = ", ".join(f"'{_sql_escape(model_id)}'" for model_id in allowed)
            relation = relation.filter(SQLExpression(f"model_id IN ({literals})"))
    
&gt;       relation = relation.select(
            "repo",
            "commit",
            "model_id",
            "goid_h128",
            "model_name",
            "module",
            "rel_path",
            "model_kind",
            "base_classes_json",
            "fields",
            "relationships",
            "doc_short",
            "doc_long",
            "created_at",
        )
E       _duckdb.BinderException: Binder Error: Referenced column "repo" not found in FROM clause!
E       Candidate bindings: "NULL"

src/codeintel/storage/repositories/data_models.py:388: BinderException</failure></testcase><testcase classname="tests.storage.test_datasets" name="test_dataset_registry_docs_dataset_names" time="0.002" /><testcase classname="tests.storage.test_db_helpers" name="test_safe_count_rows_tolerates_none_connection" time="0.002" /><testcase classname="tests.storage.test_data_models" name="test_fetch_models_normalized_joins_data" time="36.469"><failure message="_duckdb.BinderException: Binder Error: Referenced column &quot;repo&quot; not found in FROM clause!&#10;Candidate bindings: &quot;NULL&quot;">data_models_ctx = TestContext(snapshot=SnapshotRef(repo='demo/repo', commit='deadbeef', repo_root=PosixPath('/private/var/folders/70/h2n...j0/build/db/codeintel_logs.duckdb')), seeds_applied={'data_models', 'core'}, extra={}, coverage_file=None, runner=None)

    def test_fetch_models_normalized_joins_data(data_models_ctx: TestContext) -&gt; None:
        """Verify fetch_models_normalized returns joined fields and relationships."""
        now = datetime.now(tz=UTC)
    
        _insert_models(
            data_models_ctx,
            [
                DataModelSeed(
                    model_id="model_1",
                    model_name="TestModel",
                    module="test.module",
                    rel_path="test/module.py",
                    model_kind="dataclass",
                    goid=EXPECTED_GOID,
                    doc_short="Short doc",
                    created_at=now,
                    repo=data_models_ctx.repo,
                    commit=data_models_ctx.commit,
                )
            ],
        )
        _insert_fields(
            data_models_ctx,
            [
                DataModelFieldSeed(
                    model_id="model_1",
                    field_name="name",
                    field_type="str",
                    required=True,
                    has_default=False,
                    constraints_json={},
                    source="annotation",
                    rel_path="test/module.py",
                    lineno=EXPECTED_LINENO_10,
                    created_at=now,
                    repo=data_models_ctx.repo,
                    commit=data_models_ctx.commit,
                )
            ],
        )
        _insert_relationships(
            data_models_ctx,
            [
                DataModelRelationshipSeed(
                    source_model_id="model_1",
                    target_model_id="model_2",
                    target_module="target.mod",
                    target_model_name="Target",
                    field_name="ref",
                    relationship_kind="has_one",
                    multiplicity="one",
                    evidence_json={},
                    rel_path="test/module.py",
                    lineno=20,
                    created_at=now,
                    repo=data_models_ctx.repo,
                    commit=data_models_ctx.commit,
                )
            ],
        )
    
        result = DataModelsRepository(
            data_models_ctx.gateway, data_models_ctx.repo, data_models_ctx.commit
&gt;       ).list_models_normalized()
          ^^^^^^^^^^^^^^^^^^^^^^^^

tests/storage/test_data_models.py:910: 
_ _ _ _ _ _ _ _ _ _ _ _ _ _ _ _ _ _ _ _ _ _ _ _ _ _ _ _ _ _ _ _ _ _ _ _

self = DataModelsRepository(gateway=DuckDBGateway(config=StorageConfig(db_path=PosixPath(':memory:'), read_only=False, apply_...tel.storage.tracking.schema_catalog.SchemaCatalogTracking object at 0x131e61c50&gt;), repo='demo/repo', commit='deadbeef')

    def list_models_normalized(
        self,
        *,
        model_ids: Sequence[str] | None = None,
    ) -&gt; list[NormalizedDataModel]:
        """List normalized data models with decoded fields and relationships.
    
        Parameters
        ----------
        model_ids
            Optional filter restricting results to these model ids.
    
        Returns
        -------
        list[NormalizedDataModel]
            Fully decoded models with embedded field and relationship details.
        """
        if model_ids is not None and not model_ids:
            return []
        allowed = set(model_ids) if model_ids else None
        relation = self._relation("docs.v_data_models_normalized")
        if allowed is not None:
            literals = ", ".join(f"'{_sql_escape(model_id)}'" for model_id in allowed)
            relation = relation.filter(SQLExpression(f"model_id IN ({literals})"))
    
&gt;       relation = relation.select(
            "repo",
            "commit",
            "model_id",
            "goid_h128",
            "model_name",
            "module",
            "rel_path",
            "model_kind",
            "base_classes_json",
            "fields",
            "relationships",
            "doc_short",
            "doc_long",
            "created_at",
        )
E       _duckdb.BinderException: Binder Error: Referenced column "repo" not found in FROM clause!
E       Candidate bindings: "NULL"

src/codeintel/storage/repositories/data_models.py:388: BinderException</failure></testcase><testcase classname="tests.storage.test_datasets" name="test_describe_all_datasets_returns_serializable_list" time="21.288" /><testcase classname="tests.storage.test_datasets" name="test_json_schema_ids_attached_to_datasets" time="22.656" /><testcase classname="tests.storage.test_datasets" name="test_load_dataset_registry_from_db" time="21.450" /><testcase classname="tests.storage.test_datasets" name="test_dataset_registry_by_name_contains_contract" time="0.001" /><testcase classname="tests.storage.test_data_models" name="test_fetch_models_normalized_filters_by_model_ids" time="37.122"><failure message="_duckdb.BinderException: Binder Error: Referenced column &quot;model_id&quot; not found in FROM clause!&#10;Candidate bindings: &quot;NULL&quot;">data_models_ctx = TestContext(snapshot=SnapshotRef(repo='demo/repo', commit='deadbeef', repo_root=PosixPath('/private/var/folders/70/h2n...f0/build/db/codeintel_logs.duckdb')), seeds_applied={'data_models', 'core'}, extra={}, coverage_file=None, runner=None)

    def test_fetch_models_normalized_filters_by_model_ids(
        data_models_ctx: TestContext,
    ) -&gt; None:
        """Verify fetch_models_normalized filters by model_ids."""
        now = datetime.now(tz=UTC)
    
        _insert_models(
            data_models_ctx,
            [
                DataModelSeed(
                    model_id=f"model_{i}",
                    model_name=f"Model{i}",
                    module="test.module",
                    rel_path="test/module.py",
                    model_kind="dataclass",
                    goid=1000 + i,
                    created_at=now,
                    repo=data_models_ctx.repo,
                    commit=data_models_ctx.commit,
                )
                for i in range(EXPECTED_COUNT_3)
            ],
        )
    
        result = DataModelsRepository(
            data_models_ctx.gateway, data_models_ctx.repo, data_models_ctx.commit
&gt;       ).list_models_normalized(model_ids=["model_0", "model_1"])
          ^^^^^^^^^^^^^^^^^^^^^^^^^^^^^^^^^^^^^^^^^^^^^^^^^^^^^^^^

tests/storage/test_data_models.py:953: 
_ _ _ _ _ _ _ _ _ _ _ _ _ _ _ _ _ _ _ _ _ _ _ _ _ _ _ _ _ _ _ _ _ _ _ _

self = DataModelsRepository(gateway=DuckDBGateway(config=StorageConfig(db_path=PosixPath(':memory:'), read_only=False, apply_...tel.storage.tracking.schema_catalog.SchemaCatalogTracking object at 0x12a96e650&gt;), repo='demo/repo', commit='deadbeef')

    def list_models_normalized(
        self,
        *,
        model_ids: Sequence[str] | None = None,
    ) -&gt; list[NormalizedDataModel]:
        """List normalized data models with decoded fields and relationships.
    
        Parameters
        ----------
        model_ids
            Optional filter restricting results to these model ids.
    
        Returns
        -------
        list[NormalizedDataModel]
            Fully decoded models with embedded field and relationship details.
        """
        if model_ids is not None and not model_ids:
            return []
        allowed = set(model_ids) if model_ids else None
        relation = self._relation("docs.v_data_models_normalized")
        if allowed is not None:
            literals = ", ".join(f"'{_sql_escape(model_id)}'" for model_id in allowed)
&gt;           relation = relation.filter(SQLExpression(f"model_id IN ({literals})"))
                       ^^^^^^^^^^^^^^^^^^^^^^^^^^^^^^^^^^^^^^^^^^^^^^^^^^^^^^^^^^^
E           _duckdb.BinderException: Binder Error: Referenced column "model_id" not found in FROM clause!
E           Candidate bindings: "NULL"

[...]
2" /><testcase classname="tests.storage.test_storage_architecture_invariants" name="test_storage_has_no_build_imports" time="0.064" /><testcase classname="tests.storage.test_storage_architecture_invariants" name="test_storage_legacy_modules_removed" time="0.001" /><testcase classname="tests.storage.test_storage_architecture_invariants" name="test_ibis_gateway_has_no_sql_escape_hatch" time="0.001" /><testcase classname="tests.storage.test_storage_architecture_invariants" name="test_no_gateway_accessor_inserts_in_src" time="0.277" /><testcase classname="tests.storage.test_storage_architecture_invariants" name="test_no_dataset_name_schema_lookup_helpers" time="0.052" /><testcase classname="tests.storage.test_storage_architecture_invariants" name="test_view_materialization_is_centralized" time="0.016" /><testcase classname="tests.storage.test_run_tracking" name="test_start_step_returns_timestamp" time="19.956" /><testcase classname="tests.storage.test_run_tracking" name="test_complete_step_updates_step" time="20.161" /><testcase classname="tests.storage.test_schema_roundtrip" name="test_call_graph_edge_round_trip" time="0.018" /><testcase classname="tests.storage.test_table_key_helpers" name="test_try_parse_table_key_returns_none_for_invalid" time="0.001" /><testcase classname="tests.storage.test_table_key_helpers" name="test_parse_table_key_raises_for_unqualified" time="0.002" /><testcase classname="tests.storage.test_validation_lenient" name="test_lenient_validation_ignores_missing_tables" time="0.676" /><testcase classname="tests.storage.test_view_schema_inference" name="test_derive_view_schema_from_sqlglot" time="0.004" /><testcase classname="tests.storage.test_run_tracking" name="test_record_step_with_none_row_counts" time="19.914" /><testcase classname="tests.storage.test_schema_roundtrip" name="test_symbol_use_round_trip" time="0.017" /><testcase classname="tests.storage.test_schema_alignment" name="test_ensure_schemas_preserve_creates_tables_idempotently" time="20.862" /><testcase classname="tests.storage.test_schema_alignment" name="test_ensure_schemas_preserve_with_extra_ddl" time="20.857" /><testcase classname="tests.storage.test_schema_roundtrip" name="test_test_coverage_round_trip" time="0.020" /><testcase classname="tests.storage.test_schema_roundtrip" name="test_behavioral_coverage_round_trip" time="0.023" /><testcase classname="tests.storage.test_schema_alignment" name="test_assert_schema_alignment_detects_drift_nonstrict" time="20.475" /><testcase classname="tests.storage.test_schema_alignment" name="test_create_schemas_creates_all_namespaces" time="19.671" /><testcase classname="tests.storage.test_schema_roundtrip_advanced_types" name="test_schema_roundtrip_supports_advanced_types" time="0.006" /><testcase classname="tests.storage.test_search_index" name="test_search_documents_includes_function_metrics" time="19.069" /><testcase classname="tests.storage.test_snapshot_scoping" name="test_maybe_scope_by_repo_commit_is_noop_when_columns_missing" time="19.781" /><testcase classname="tests.storage.test_sql_compiler_upgrade_gates" name="test_compiler_upgrade_gate_create_table_sql_is_stable" time="0.008" /><testcase classname="tests.storage.test_subsystem_view_schema_drift" name="test_subsystem_docs_views_schema_stable" time="19.909" /><testcase classname="tests.storage.test_table_goldens" name="test_core_modules_table_matches_golden" time="1.699"><failure message="AssertionError: Schema mismatch for core.modules: tests/fixtures/goldens/tables/core_modules.arrow&#10;Expected:&#10;module: string not null&#10;  -- field metadata --&#10;  codeintel.column_type: 'VARCHAR'&#10;  codeintel.nullable: 'false'&#10;  codeintel.schema_hash: 'a4d4b6abffc597864d328d42109558904d5791e8fd882c1' + 17&#10;  codeintel.schema_digest: '6d5cfe622f9c7824779f594a5cb567709c47d3e78b297' + 19&#10;  codeintel.key_role: 'primary_key'&#10;path: string not null&#10;  -- field metadata --&#10;  codeintel.column_type: 'VARCHAR'&#10;  codeintel.nullable: 'false'&#10;  codeintel.schema_hash: 'a4d4b6abffc597864d328d42109558904d5791e8fd882c1' + 17&#10;  codeintel.schema_digest: '6d5cfe622f9c7824779f594a5cb567709c47d3e78b297' + 19&#10;  codeintel.key_role: 'primary_key'&#10;repo: string&#10;  -- field metadata --&#10;  codeintel.column_type: 'VARCHAR'&#10;  codeintel.nullable: 'true'&#10;  codeintel.schema_hash: 'a4d4b6abffc597864d328d42109558904d5791e8fd882c1' + 17&#10;  codeintel.schema_digest: '6d5cfe622f9c7824779f594a5cb567709c47d3e78b297' + 19&#10;commit: string&#10;  -- field metadata --&#10;  codeintel.column_type: 'VARCHAR'&#10;  codeintel.nullable: 'true'&#10;  codeintel.schema_hash: 'a4d4b6abffc597864d328d42109558904d5791e8fd882c1' + 17&#10;  codeintel.schema_digest: '6d5cfe622f9c7824779f594a5cb567709c47d3e78b297' + 19&#10;language: string&#10;  -- field metadata --&#10;  codeintel.column_type: 'VARCHAR'&#10;  codeintel.nullable: 'true'&#10;  codeintel.schema_hash: 'a4d4b6abffc597864d328d42109558904d5791e8fd882c1' + 17&#10;  codeintel.schema_digest: '6d5cfe622f9c7824779f594a5cb567709c47d3e78b297' + 19&#10;tags: string&#10;  -- field metadata --&#10;  codeintel.column_type: 'JSON'&#10;  codeintel.nullable: 'true'&#10;  codeintel.schema_hash: 'a4d4b6abffc597864d328d42109558904d5791e8fd882c1' + 17&#10;  codeintel.schema_digest: '6d5cfe622f9c7824779f594a5cb567709c47d3e78b297' + 19&#10;owners: string&#10;  -- field metadata --&#10;  codeintel.column_type: 'JSON'&#10;  codeintel.nullable: 'true'&#10;  codeintel.schema_hash: 'a4d4b6abffc597864d328d42109558904d5791e8fd882c1' + 17&#10;  codeintel.schema_digest: '6d5cfe622f9c7824779f594a5cb567709c47d3e78b297' + 19&#10;row_hash: string&#10;  -- field metadata --&#10;  codeintel.column_type: 'VARCHAR'&#10;  codeintel.nullable: 'true'&#10;  codeintel.schema_hash: 'a4d4b6abffc597864d328d42109558904d5791e8fd882c1' + 17&#10;  codeintel.schema_digest: '6d5cfe622f9c7824779f594a5cb567709c47d3e78b297' + 19&#10;-- schema metadata --&#10;codeintel.table_key: 'core.modules'&#10;codeintel.schema_hash: 'a4d4b6abffc597864d328d42109558904d5791e8fd882c13b' + 15&#10;codeintel.schema_digest: '6d5cfe622f9c7824779f594a5cb567709c47d3e78b297af' + 17&#10;codeintel.primary_key: '[&quot;module&quot;,&quot;path&quot;]'&#10;codeintel.schema_contract_version: 'v1'&#10;codeintel.extras_policy: 'reject'&#10;codeintel.extras_column: '_ci_extras'&#10;codeintel.description: 'Discovered modules per repo/commit'&#10;metadata: {&#10;  &quot;codeintel.description&quot;: &quot;Discovered modules per repo/commit&quot;,&#10;  &quot;codeintel.extras_column&quot;: &quot;_ci_extras&quot;,&#10;  &quot;codeintel.extras_policy&quot;: &quot;reject&quot;,&#10;  &quot;codeintel.primary_key&quot;: &quot;[\&quot;module\&quot;,\&quot;path\&quot;]&quot;,&#10;  &quot;codeintel.schema_contract_version&quot;: &quot;v1&quot;,&#10;  &quot;codeintel.schema_digest&quot;: &quot;6d5cfe622f9c7824779f594a5cb567709c47d3e78b297af44ad52dd8acbe0046&quot;,&#10;  &quot;codeintel.schema_hash&quot;: &quot;a4d4b6abffc597864d328d42109558904d5791e8fd882c13b73be67342c5e0f7&quot;,&#10;  &quot;codeintel.table_key&quot;: &quot;core.modules&quot;&#10;}&#10;Actual:&#10;module: string&#10;path: string&#10;repo: string&#10;commit: string&#10;language: string&#10;tags: string&#10;owners: string&#10;row_hash: string">tmp_path = PosixPath('/private/var/folders/70/h2nd1qjs1zngp8z6tt27_s9c0000gn/T/pytest-of-paulheyse/pytest-468/popen-gw9/test_core_modules_table_matche0')

    def test_core_modules_table_matches_golden(tmp_path: Path) -&gt; None:
        """Ensure core.modules output stays stable for demo snapshots."""
        snapshot = ServingSnapshotFactory(tmp_path, serve_dir=tmp_path).demo_snapshot(row_count=1)
        gateway = _open_snapshot_gateway(snapshot)
        try:
            golden_path = Path("tests/fixtures/goldens/tables/core_modules.arrow")
&gt;           assert_table_matches_golden(gateway, "core.modules", golden_path=golden_path)

tests/storage/test_table_goldens.py:36: 
_ _ _ _ _ _ _ _ _ _ _ _ _ _ _ _ _ _ _ _ _ _ _ _ _ _ _ _ _ _ _ _ _ _ _ _

gateway = DuckDBGateway(config=StorageConfig(db_path=PosixPath('/private/var/folders/70/h2nd1qjs1zngp8z6tt27_s9c0000gn/T/pytest-...ject at 0x12d5859b0&gt;), schemas=&lt;codeintel.storage.tracking.schema_catalog.SchemaCatalogTracking object at 0x12ddd6050&gt;)
table_key = 'core.modules'

    def assert_table_matches_golden(
        gateway: StorageGateway,
        table_key: str,
        *,
        golden_path: Path,
        update_mode: bool | None = None,
    ) -&gt; pa.Table:
        """Assert a table dump matches a golden IPC file.
    
        Parameters
        ----------
        gateway
            Storage gateway to query.
        table_key
            Schema-qualified table key.
        golden_path
            Expected golden IPC file path.
        update_mode
            When True, overwrite golden files with current output.
    
        Returns
        -------
        pyarrow.Table
            Table payload used for the comparison.
    
        Raises
        ------
        AssertionError
            If the golden file is missing or differs from current output.
        """
        actual_table = dump_table(gateway, table_key)
        actual_payload = _ipc_bytes_for_table(actual_table)
        should_update = update_mode if update_mode is not None else _update_enabled()
    
        if should_update:
            golden_path.parent.mkdir(parents=True, exist_ok=True)
            golden_path.write_bytes(actual_payload)
            return actual_table
    
        if not golden_path.exists():
            message = (
                f"Golden file not found: {golden_path}\n"
                "Run with UPDATE_GOLDEN=1 to create it.\n"
                f"Schema:\n{_format_schema(actual_table.schema)}"
            )
            raise AssertionError(message)
    
        expected_table = _table_from_ipc(golden_path)
        if not actual_table.schema.equals(expected_table.schema, check_metadata=True):
            message = (
                f"Schema mismatch for {table_key}: {golden_path}\n"
                f"Expected:\n{_format_schema(expected_table.schema)}\n"
                f"Actual:\n{_format_schema(actual_table.schema)}"
            )
&gt;           raise AssertionError(message)
E           AssertionError: Schema mismatch for core.modules: tests/fixtures/goldens/tables/core_modules.arrow
E           Expected:
E           module: string not null
E             -- field metadata --
E             codeintel.column_type: 'VARCHAR'
E             codeintel.nullable: 'false'
E             codeintel.schema_hash: 'a4d4b6abffc597864d328d42109558904d5791e8fd882c1' + 17
E             codeintel.schema_digest: '6d5cfe622f9c7824779f594a5cb567709c47d3e78b297' + 19
E             codeintel.key_role: 'primary_key'
E           path: string not null
E             -- field metadata --
E             codeintel.column_type: 'VARCHAR'
E             codeintel.nullable: 'false'
E             codeintel.schema_hash: 'a4d4b6abffc597864d328d42109558904d5791e8fd882c1' + 17
E             codeintel.schema_digest: '6d5cfe622f9c7824779f594a5cb567709c47d3e78b297' + 19
E             codeintel.key_role: 'primary_key'
E           repo: string
E             -- field metadata --
E             codeintel.column_type: 'VARCHAR'
E             codeintel.nullable: 'true'
E             codeintel.schema_hash: 'a4d4b6abffc597864d328d42109558904d5791e8fd882c1' + 17
E             codeintel.schema_digest: '6d5cfe622f9c7824779f594a5cb567709c47d3e78b297' + 19
E           commit: string
E             -- field metadata --
E             codeintel.column_type: 'VARCHAR'
E             codeintel.nullable: 'true'
E             codeintel.schema_hash: 'a4d4b6abffc597864d328d42109558904d5791e8fd882c1' + 17
E             codeintel.schema_digest: '6d5cfe622f9c7824779f594a5cb567709c47d3e78b297' + 19
E           language: string
E             -- field metadata --
E             codeintel.column_type: 'VARCHAR'
E             codeintel.nullable: 'true'
E             codeintel.schema_hash: 'a4d4b6abffc597864d328d42109558904d5791e8fd882c1' + 17
E             codeintel.schema_digest: '6d5cfe622f9c7824779f594a5cb567709c47d3e78b297' + 19
E           tags: string
E             -- field metadata --
E             codeintel.column_type: 'JSON'
E             codeintel.nullable: 'true'
E             codeintel.schema_hash: 'a4d4b6abffc597864d328d42109558904d5791e8fd882c1' + 17
E             codeintel.schema_digest: '6d5cfe622f9c7824779f594a5cb567709c47d3e78b297' + 19
E           owners: string
E             -- field metadata --
E             codeintel.column_type: 'JSON'
E             codeintel.nullable: 'true'
E             codeintel.schema_hash: 'a4d4b6abffc597864d328d42109558904d5791e8fd882c1' + 17
E             codeintel.schema_digest: '6d5cfe622f9c7824779f594a5cb567709c47d3e78b297' + 19
E           row_hash: string
E             -- field metadata --
E             codeintel.column_type: 'VARCHAR'
E             codeintel.nullable: 'true'
E             codeintel.schema_hash: 'a4d4b6abffc597864d328d42109558904d5791e8fd882c1' + 17
E             codeintel.schema_digest: '6d5cfe622f9c7824779f594a5cb567709c47d3e78b297' + 19
E           -- schema metadata --
E           codeintel.table_key: 'core.modules'
E           codeintel.schema_hash: 'a4d4b6abffc597864d328d42109558904d5791e8fd882c13b' + 15
E           codeintel.schema_digest: '6d5cfe622f9c7824779f594a5cb567709c47d3e78b297af' + 17
E           codeintel.primary_key: '["module","path"]'
E           codeintel.schema_contract_version: 'v1'
E           codeintel.extras_policy: 'reject'
E           codeintel.extras_column: '_ci_extras'
E           codeintel.description: 'Discovered modules per repo/commit'
E           metadata: {
E             "codeintel.description": "Discovered modules per repo/commit",
E             "codeintel.extras_column": "_ci_extras",
E             "codeintel.extras_policy": "reject",
E             "codeintel.primary_key": "[\"module\",\"path\"]",
E             "codeintel.schema_contract_version": "v1",
E             "codeintel.schema_digest": "6d5cfe622f9c7824779f594a5cb567709c47d3e78b297af44ad52dd8acbe0046",
E             "codeintel.schema_hash": "a4d4b6abffc597864d328d42109558904d5791e8fd882c13b73be67342c5e0f7",
E             "codeintel.table_key": "core.modules"
E           }
E           Actual:
E           module: string
E           path: string
E           repo: string
E           commit: string
E           language: string
E           tags: string
E           owners: string
E           row_hash: string

tests/_helpers/goldens/table_goldens.py:108: AssertionError</failure></testcase><testcase classname="tests.storage.test_schema_helpers" name="test_apply_all_schemas_creates_function_validation" time="19.730" /><testcase classname="tests.storage.test_table_key_helpers" name="test_try_parse_table_key_returns_none_for_unqualified" time="0.001" /><testcase classname="tests.storage.tracking.test_observation_codec" name="test_encode_dataset_stats_payload" time="0.001" /><testcase classname="tests.storage.tracking.test_observation_codec" name="test_encode_derived_settings_payload" time="0.005" /><testcase classname="tests.storage.tracking.test_observation_codec" name="test_decode_column_stats_valid_payload" time="0.002" /><testcase classname="tests.storage.tracking.test_observation_codec" name="test_decode_column_stats_invalid_payload" time="0.002" /><testcase classname="tests.storage.tracking.test_observation_codec" name="test_decode_dataset_stats_invalid_payload" time="0.001" /><testcase classname="tests.storage.tracking.test_observation_codec" name="test_decode_dataset_stats_with_iceberg_stats" time="0.001" /><testcase classname="tests.storage.tracking.test_observation_codec" name="test_decode_derived_settings_valid_payload" time="0.001" /><testcase classname="tests.storage.tracking.test_observation_codec" name="test_decode_derived_settings_invalid_payload" time="0.001" /><testcase classname="tests.storage.tracking.test_observation_payloads" name="test_schema_observation_includes_dataset_stats" time="0.006" /><testcase classname="tests.storage.tracking.test_observation_payloads" name="test_schema_observation_column_stats_are_populated" time="0.002" /><testcase classname="tests.storage.tracking.test_observation_payloads" name="test_schema_observation_includes_iceberg_stats" time="0.002" /><testcase classname="tests.storage.tracking.test_observation_codec" name="test_encode_column_stats_payload" time="0.006" /><testcase classname="tests.storage.test_warehouse_materialization_equivalence" name="test_warehouse_materialize_variants_write_equivalent_rows" time="20.172" /><testcase classname="tests.storage.tracking.test_build_tracking.TestOutputManifestOperations" name="test_save_and_load_manifest" time="20.011" /><testcase classname="tests.storage.tracking.test_build_tracking.TestOutputManifestOperations" name="test_delete_manifests" time="19.695" /><testcase classname="tests.storage.tracking.test_build_tracking.TestOutputManifestOperations" name="test_upsert_manifest" time="20.130" /><testcase classname="tests.storage.test_schema_roundtrip" name="test_generate_export_schemas_writes_files" time="19.636" /><testcase classname="tests.storage.tracking.test_build_tracking.TestBuildRunOperations" name="test_fetch_nonexistent_run" time="19.919" /><testcase classname="tests.storage.test_snapshot_scoping" name="test_maybe_scope_by_repo_commit_adds_filter_when_columns_exist" time="19.704" /><testcase classname="tests.storage.tracking.test_build_tracking.TestBuildRunOperations" name="test_list_runs" time="20.095" /><testcase classname="tests.storage.tracking.test_schema_catalog" name="test_schema_manifest_roundtrip_from_metadata" time="20.031" /><testcase classname="tests.storage.tracking.test_schema_catalog" name="test_override_registry_refresh_populates_registry" time="20.876" /><testcase classname="tests.storage.test_warehouse_transaction_rollback" name="test_materialize_rows_replace_rolls_back_on_write_failure" time="20.237" /><testcase classname="tests.storage.tracking.test_build_tracking.TestOutputManifestOperations" name="test_load_nonexistent_manifest" time="20.422" /><testcase classname="tests.storage.tracking.test_build_tracking.TestScipRunTracking" name="test_record_scip_run_persists_row" time="19.613" /><testcase classname="tests.storage.tracking.test_build_tracking.TestOutputManifestOperations" name="test_list_manifests" time="19.987" /><testcase classname="tests.storage.views.test_pr86_no_ibis_view_registry" name="test_ibis_view_registry_module_removed" time="0.013" /><testcase classname="tests.storage.tracking.test_build_tracking.TestBuildRunOperations" name="test_start_and_fetch_run" time="19.972" /><testcase classname="tests.storage.views.test_pr86_no_ibis_view_registry" name="test_view_builders_discoverable_via_tags" time="0.014" /><testcase classname="tests.storage.tracking.test_build_tracking.TestBuildRunOperations" name="test_complete_run_succeeded" time="19.861" /><testcase classname="tests.storage.tracking.test_build_tracking.TestBuildRunOperations" name="test_complete_run_failed" time="19.559" /><testcase classname="tests.storage.tracking.test_build_tracking.TestBuildRunOperations" name="test_list_runs_with_limit" time="19.725" /><testcase classname="tests.storage.tracking.test_schema_catalog" name="test_schema_index_prefill_avoids_inference" time="19.057" /><testcase classname="tests.storage.tracking.test_schema_catalog" name="test_override_registry_pin_restores_prior_version" time="18.812" /><testcase classname="tests.storage.tracking.test_schema_catalog" name="test_registry_health_snapshot_reflects_latest_manifest" time="18.437" /><testcase classname="tests.storage.tracking.test_schema_catalog" name="test_schema_versions_persist_arrow_contract_payload" time="18.303" /><testcase classname="tests.storage.tracking.test_schema_catalog" name="test_schema_versions_backfill_renderer_cache" time="17.014" /></testsuite></testsuites>