<?xml version="1.0" encoding="utf-8"?><testsuites name="pytest tests"><testsuite name="pytest" errors="0" failures="0" skipped="0" tests="2" time="3.693" timestamp="2025-12-02T23:31:12.077448-05:00" hostname="paul-X870-AORUS-ELITE-WIFI7"><testcase classname="tests.ingestion.test_steps_comprehensive" name="test_tests_ingest_step_invalid_json" time="0.002" /><testcase classname="tests.ingestion.test_steps_comprehensive" name="test_tests_ingest_step_missing_report" time="0.002" /></testsuite></testsuites>