<?xml version="1.0" encoding="utf-8"?><testsuites name="pytest tests"><testsuite name="pytest" errors="0" failures="1" skipped="0" tests="90" time="11.964" timestamp="2025-12-10T08:23:46.851851-05:00" hostname="paul-X870-AORUS-ELITE-WIFI7"><testcase classname="tests.ingestion.test_tools" name="test_parse_test_duration_valid" time="0.001" /><testcase classname="tests.ingestion.test_tools" name="test_tool_service_run_pytest_raises_not_found" time="0.006" /><testcase classname="tests.ingestion.test_tools" name="test_test_result_with_tests" time="0.001" /><testcase classname="tests.ingestion.test_tools" name="test_port_scip_occurrence_attributes" time="0.001" /><testcase classname="tests.ingestion.test_tools" name="test_test_case_attributes" time="0.001" /><testcase classname="tests.ingestion.test_tools" name="test_test_report_from_entries_skips_empty_nodeid" time="0.001" /><testcase classname="tests.ingestion.test_tools" name="test_parse_test_markers_dict" time="0.001" /><testcase classname="tests.ingestion.test_tools" name="test_parse_test_markers_empty" time="0.001" /><testcase classname="tests.ingestion.test_tools" name="test_coverage_report_from_file_reports" time="0.001" /><testcase classname="tests.ingestion.test_tools" name="test_diagnostic_report_empty" time="0.001" /><testcase classname="tests.ingestion.test_tools" name="test_parse_scip_range_three_elements" time="0.001" /><testcase classname="tests.ingestion.test_tools" name="test_coverage_result_ok_status" time="0.001" /><testcase classname="tests.ingestion.test_tools" name="test_tool_service_get_test_report_returns_parsed" time="0.001" /><testcase classname="tests.ingestion.test_tools" name="test_diagnostic_result_errors_by_path" time="0.001" /><testcase classname="tests.ingestion.test_tools" name="test_parse_scip_range_invalid" time="0.001" /><testcase classname="tests.ingestion.test_tools" name="test_tool_service_get_plugin_returns_registered_plugin" time="0.003" /><testcase classname="tests.ingestion.test_tools" name="test_tool_service_run_plugin_success" time="0.006" /><testcase classname="tests.ingestion.test_tools" name="test_default_registry_contains_expected_plugins" time="0.004" /><testcase classname="tests.ingestion.test_tools" name="test_tool_service_run_scip_not_found" time="0.005" /><testcase classname="tests.ingestion.test_tools" name="test_results_scip_occurrence_attributes" time="0.001" /><testcase classname="tests.ingestion.test_tools" name="test_tool_runner_missing_binary_raises_not_found_error" time="0.003" /><testcase classname="tests.ingestion.test_tools" name="test_test_result_failed_count" time="0.001" /><testcase classname="tests.ingestion.test_tools" name="test_scip_result_ok_status" time="0.001" /><testcase classname="tests.ingestion.test_tools" name="test_pyright_plugin_not_found_downgrades_to_not_found_status" time="0.003" /><testcase classname="tests.ingestion.test_tools" name="test_port_scip_document_attributes" time="0.001" /><testcase classname="tests.ingestion.test_tools" name="test_tool_service_run_ruff_not_found" time="0.005" /><testcase classname="tests.ingestion.test_tools" name="test_tool_status_enum_values" time="0.001" /><testcase classname="tests.ingestion.test_tools" name="test_tool_service_run_pyright_success" time="0.006" /><testcase classname="tests.ingestion.test_tools" name="test_diagnostic_report_from_error_counts" time="0.001" /><testcase classname="tests.ingestion.test_tools" name="test_scip_symbol_attributes" time="0.001" /><testcase classname="tests.ingestion.test_tools" name="test_test_case_defaults" time="0.001" /><testcase classname="tests.ingestion.test_tools" name="test_test_result_passed_count" time="0.000" /><testcase classname="tests.ingestion.test_tools" name="test_parse_test_markers_list" time="0.000" /><testcase classname="tests.ingestion.test_tools" name="test_port_scip_occurrence_required_fields_only" time="0.000" /><testcase classname="tests.ingestion.test_tools" name="test_test_report_empty" time="0.000" /><testcase classname="tests.ingestion.test_tools" name="test_test_case_with_failure" time="0.000" /><testcase classname="tests.ingestion.test_tools" name="test_test_report_from_test_entries" time="0.000" /><testcase classname="tests.ingestion.test_tools" name="test_parse_scip_range_four_elements" time="0.000" /><testcase classname="tests.ingestion.test_tools" name="test_coverage_file_summary_properties" time="0.000" /><testcase classname="tests.ingestion.test_tools" name="test_coverage_report_by_path" time="0.000" /><testcase classname="tests.ingestion.test_tools" name="test_coverage_result_with_files" time="0.000" /><testcase classname="tests.ingestion.test_tools" name="test_tool_service_run_plugin_raises_key_error_for_unknown" time="0.001" /><testcase classname="tests.ingestion.test_tools" name="test_diagnostic_result_failed_status" time="0.001" /><testcase classname="tests.ingestion.test_tools" name="test_tool_service_get_test_report_returns_empty_for_none" time="0.000" /><testcase classname="tests.ingestion.test_tools" name="test_parse_scip_occurrence_valid" time="0.001" /><testcase classname="tests.ingestion.test_tools" name="test_parse_test_duration_missing" time="0.000" /><testcase classname="tests.ingestion.test_tools" name="test_results_scip_document_attributes" time="0.000" /><testcase classname="tests.ingestion.test_tools" name="test_tool_runner_unknown_tool_raises_value_error" time="0.001" /><testcase classname="tests.ingestion.test_tools" name="test_tool_result_diagnostic_workflow" time="0.000" /><testcase classname="tests.ingestion.test_tools" name="test_scip_result_with_documents" time="0.000" /><testcase classname="tests.ingestion.test_tools" name="test_pyright_plugin_successful_run_returns_ok_status" time="0.001" /><testcase classname="tests.ingestion.test_tools" name="test_port_scip_document_defaults" time="0.000" /><testcase classname="tests.ingestion.test_tools" name="test_tool_service_run_pytest_skips_if_exists" time="0.001" /><testcase classname="tests.ingestion.test_tools" name="test_tool_service_run_coverage_not_found" time="0.002" /><testcase classname="tests.ingestion.test_tools" name="test_diagnostic_entry_attributes" time="0.001" /><testcase classname="tests.ingestion.test_tools" name="test_tool_service_run_pyright_not_found" time="0.001" /><testcase classname="tests.ingestion.test_tools" name="test_diagnostic_report_errors_by_path" time="0.000" /><testcase classname="tests.ingestion.test_tools" name="test_tool_service_run_pyrefly_not_found" time="0.002" /><testcase classname="tests.ingestion.test_tools" name="test_test_result_ok_status" time="0.000" /><testcase classname="tests.ingestion.test_tools" name="test_scip_index_result_from_json_documents" time="0.000" /><testcase classname="tests.ingestion.test_tools" name="test_parse_scip_occurrence_invalid_range" time="0.001" /><testcase classname="tests.ingestion.test_tools" name="test_parse_scip_occurrence_invalid_symbol" time="0.001" /><testcase classname="tests.ingestion.test_tools" name="test_scip_symbol_defaults" time="0.000" /><testcase classname="tests.ingestion.test_tools" name="test_scip_plugin_type_error_on_missing_output_scip" time="0.002" /><testcase classname="tests.ingestion.test_tools" name="test_file_diagnostic_count_attributes" time="0.001" /><testcase classname="tests.ingestion.test_tools" name="test_scip_plugin_type_error_on_invalid_rel_paths" time="0.002" /><testcase classname="tests.ingestion.test_tools" name="test_tool_service_run_pyright_returns_errors_from_parsed_report" time="0.004" /><testcase classname="tests.ingestion.test_tools" name="test_tool_service_run_coverage_report_with_data" time="1.177"><failure message="NameError: name 'write_coverage_file' is not defined">tmp_path = PosixPath('/tmp/pytest-of-paul/pytest-255/popen-gw0/test_tool_service_run_coverage0')

    def test_tool_service_run_coverage_report_with_data(tmp_path: Path) -&gt; None:
        """ToolService.run_coverage_report should return report from parsed data."""
        artifacts = build_tooling_artifacts(tmp_path)
&gt;       coverage_path = write_coverage_file(
                        ^^^^^^^^^^^^^^^^^^^
            tmp_path,
            content={"files": {"mod.py": {"executed_lines": [1, 2], "missing_lines": [3]}}},
        )
E       NameError: name 'write_coverage_file' is not defined

tests/ingestion/test_tools.py:1220: NameError</failure></testcase><testcase classname="tests.ingestion.test_tools" name="test_pytest_plugin_not_found" time="0.002" /><testcase classname="tests.ingestion.test_tools" name="test_scip_index_result_skips_invalid_docs" time="0.000" /><testcase classname="tests.ingestion.test_tools" name="test_tool_service_run_coverage_report_failure_returns_empty" time="0.005" /><testcase classname="tests.ingestion.test_tools" name="test_scip_plugin_type_error_on_invalid_target_dir" time="0.002" /><testcase classname="tests.ingestion.test_tools" name="test_scip_plugin_not_found_during_scip_python" time="0.004" /><testcase classname="tests.ingestion.test_tools" name="test_scip_index_result_empty" time="0.000" /><testcase classname="tests.ingestion.test_tools" name="test_pytest_plugin_execution_error" time="0.002" /><testcase classname="tests.ingestion.test_tools" name="test_scip_plugin_type_error_on_missing_output_json" time="0.002" /><testcase classname="tests.ingestion.test_tools" name="test_pytest_plugin_type_error_on_missing_json_report_path" time="0.002" /><testcase classname="tests.ingestion.test_tools" name="test_tool_service_run_pytest_report_creates_file" time="0.006" /><testcase classname="tests.ingestion.test_tools" name="test_tool_service_run_pyrefly_failure_returns_empty" time="0.007" /><testcase classname="tests.ingestion.test_tools" name="test_tool_service_run_scip_full_not_found_raises" time="0.006" /><testcase classname="tests.ingestion.test_tools" name="test_tool_service_run_scip_shard_not_found_raises" time="0.008" /><testcase classname="tests.ingestion.test_tools" name="test_tool_service_run_ruff_execution_error" time="0.002" /><testcase classname="tests.ingestion.test_tools" name="test_tool_service_run_scip_full_execution_error" time="0.007" /><testcase classname="tests.ingestion.test_tools" name="test_tool_service_run_pytest_report_execution_error" time="0.009" /><testcase classname="tests.ingestion.test_tools" name="test_tool_service_run_pyrefly_success" time="0.014" /><testcase classname="tests.ingestion.test_tools" name="test_tool_service_run_scip_shard_execution_error" time="0.010" /><testcase classname="tests.ingestion.test_tools" name="test_tool_service_pyright_parses_errors" time="1.110" /><testcase classname="tests.ingestion.test_tools" name="test_tool_service_run_pyright_execution_error" time="0.001" /><testcase classname="tests.ingestion.test_tools" name="test_tool_service_pyrefly_parses_errors" time="1.230" /><testcase classname="tests.ingestion.test_tools" name="test_tool_service_coverage_reports_normalization" time="0.453" /></testsuite></testsuites>