<?xml version="1.0" encoding="utf-8"?><testsuites name="pytest tests"><testsuite name="pytest" errors="0" failures="4" skipped="76" tests="5684" time="261.018" timestamp="2025-12-05T01:12:03.002153-05:00" hostname="paul-X870-AORUS-ELITE-WIFI7"><testcase classname="tests.analytics.compute.test_profiles" name="test_complexity_normalization" time="0.001" /><testcase classname="tests.analytics.compute.test_profiles" name="test_aggregate_then_extract" time="0.000" /><testcase classname="tests.analytics.compute.test_profiles" name="test_realistic_codebase_features" time="0.000" /><testcase classname="tests.analytics.adapters.test_base_adapters" name="test_create_delete_scope" time="0.001" /><testcase classname="tests.analytics.adapters.test_base_adapters" name="test_delete_scope_defaults" time="0.000" /><testcase classname="tests.analytics.adapters.test_base_adapters" name="test_delete_scope_with_columns" time="0.000" /><testcase classname="tests.analytics.adapters.test_base_adapters" name="test_delete_scope_is_frozen" time="0.000" /><testcase classname="tests.analytics.compute.test_dependencies_detection.TestDependencyCallVisitor" name="test_captures_snippet" time="0.002" /><testcase classname="tests.analytics.compute.test_dependencies_detection.TestGroupCallsByLibrary" name="test_groups_by_library" time="0.000" /><testcase classname="tests.analytics.compute.test_dependencies_detection.TestGroupCallsByLibrary" name="test_empty_list" time="0.000" /><testcase classname="tests.analytics.compute.test_dependencies_detection.TestGroupCallsByLibrary" name="test_single_library" time="0.000" /><testcase classname="tests.analytics.plugins.test_coverage_plugins.test_test_edges" name="test_coverage_test_edges_plugin_metadata_capabilities_provided" time="0.001" /><testcase classname="tests.analytics.plugins.test_coverage_plugins.test_test_edges" name="test_coverage_test_edges_plugin_metadata_tags" time="0.000" /><testcase classname="tests.analytics.plugins.test_coverage_plugins.test_test_edges" name="test_coverage_test_edges_plugin_metadata_depends_on" time="0.000" /><testcase classname="tests.analytics.core.test_builders" name="test_builder_isolate_thread" time="0.001" /><testcase classname="tests.analytics.core.test_builders" name="test_builder_tag" time="0.000" /><testcase classname="tests.analytics.core.test_builders" name="test_builder_chaining" time="0.000" /><testcase classname="tests.analytics.core.test_builders" name="test_plugin_spec_create" time="0.000" /><testcase classname="tests.analytics.compute.test_functions_signatures" name="test_extract_non_function_node" time="0.001" /><testcase classname="tests.analytics.compute.test_functions_signatures" name="test_extract_method_with_self" time="0.001" /><testcase classname="tests.analytics.compute.test_functions_signatures" name="test_extract_classmethod" time="0.000" /><testcase classname="tests.analytics.compute.test_functions_signatures" name="test_extract_staticmethod" time="0.000" /><testcase classname="tests.analytics.compute.test_functions_signatures" name="test_extract_property" time="0.000" /><testcase classname="tests.analytics.compute.test_functions_signatures" name="test_extract_simple_decorator" time="0.000" /><testcase classname="tests.analytics.profiles.test_utils.TestOptionalStr" name="test_returns_string_for_float_input" time="0.001" /><testcase classname="tests.analytics.profiles.test_utils.TestOptionalStr" name="test_returns_none_for_none_input" time="0.000" /><testcase classname="tests.analytics.profiles.test_utils.TestOptionalStr" name="test_returns_string_for_bool_true_input" time="0.000" /><testcase classname="tests.analytics.profiles.test_utils.TestOptionalStr" name="test_returns_string_for_bool_false_input" time="0.000" /><testcase classname="tests.analytics.profiles.test_utils.TestOptionalInt" name="test_returns_int_for_int_input" time="0.000" /><testcase classname="tests.analytics.profiles.test_utils.TestOptionalInt" name="test_returns_int_for_float_input" time="0.000" /><testcase classname="tests.analytics.plugins.data_models.test_usage" name="test_validate_inputs_success_with_config" time="2.016" /><testcase classname="tests.analytics.plugins.middleware.test_tracing.TestSpanContext" name="test_span_context_allows_none_parent" time="0.001" /><testcase classname="tests.analytics.plugins.middleware.test_tracing.TestSpanContext" name="test_span_context_is_frozen" time="0.000" /><testcase classname="tests.analytics.plugins.middleware.test_tracing.TestSpan" name="test_creates_span" time="0.000" /><testcase classname="tests.analytics.plugins.middleware.test_tracing.TestSpan" name="test_span_finish_sets_end_time" time="0.000" /><testcase classname="tests.analytics.plugins.middleware.test_tracing.TestSpan" name="test_span_finish_sets_status" time="0.000" /><testcase classname="tests.analytics.plugins.middleware.test_tracing.TestSpan" name="test_span_duration_ms_returns_zero_when_not_finished" time="0.000" /><testcase classname="tests.analytics.plugins.middleware.test_tracing.TestSpan" name="test_span_duration_ms_returns_positive_when_finished" time="0.001" /><testcase classname="tests.analytics.compute.test_dependencies_detection.TestBuildAliasMaps" name="test_builds_maps_for_multiple_files" time="0.002" /><testcase classname="tests.analytics.profiles.test_utils.TestOptionalBool" name="test_returns_false_for_falsy_strings[0]" time="0.002" /><testcase classname="tests.analytics.profiles.test_utils.TestOptionalBool" name="test_returns_false_for_falsy_strings[no]" time="0.000" /><testcase classname="tests.analytics.profiles.test_utils.TestOptionalBool" name="test_returns_false_for_falsy_strings[NO]" time="0.000" /><testcase classname="tests.analytics.profiles.test_utils.TestOptionalBool" name="test_returns_true_for_string_with_whitespace" time="0.000" /><testcase classname="tests.analytics.profiles.test_utils.TestOptionalBool" name="test_returns_none_for_empty_string" time="0.000" /><testcase classname="tests.analytics.profiles.test_utils.TestOptionalBool" name="test_returns_none_for_invalid_string" time="0.000" /><testcase classname="tests.analytics.profiles.test_utils.TestOptionalBool" name="test_returns_none_for_none_input" time="0.000" /><testcase classname="tests.analytics.profiles.test_utils.TestModuleTableConstants" name="test_catalog_module_table_value" time="0.000" /><testcase classname="tests.analytics.profiles.test_utils.TestModuleTableConstants" name="test_default_module_table_value" time="0.000" /><testcase classname="tests.analytics.compute.test_dependencies_classification" name="test_pattern_no_match_prefix_with_none_method" time="0.001" /><testcase classname="tests.analytics.compute.test_dependencies_classification" name="test_pattern_no_match_empty_pattern" time="0.000" /><testcase classname="tests.analytics.compute.test_dependencies_classification" name="test_library_pattern_defaults" time="0.000" /><testcase classname="tests.analytics.compute.test_dependencies_classification" name="test_library_pattern_with_all_fields" time="0.000" /><testcase classname="tests.analytics.compute.test_dependencies_classification" name="test_classify_single_mode_match" time="0.000" /><testcase classname="tests.analytics.compute.test_dependencies_classification" name="test_classify_multiple_modes_match" time="0.000" /><testcase classname="tests.analytics.compute.test_dependencies_classification" name="test_classify_no_match_returns_unknown" time="0.000" /><testcase classname="tests.analytics.compute.test_dependencies_classification" name="test_classify_by_target_substring" time="0.000" /><testcase classname="tests.analytics.compute.test_dependencies_classification" name="test_classify_multiple_patterns_accumulate" time="0.000" /><testcase classname="tests.analytics.compute.test_dependencies_classification" name="test_classify_returns_first_matched_pattern" time="0.000" /><testcase classname="tests.analytics.compute.test_dependencies_classification" name="test_classify_deduplicated_modes" time="0.000" /><testcase classname="tests.analytics.compute.test_dependencies_classification" name="test_severity_score_known_levels[critical-4.0]" time="0.001" /><testcase classname="tests.analytics.plugins.risk.test_factors" name="test_risk_factors_plugin_metadata_depends_on" time="0.002" /><testcase classname="tests.analytics.plugins.risk.test_factors" name="test_validate_inputs_always_succeeds" time="1.922" /><testcase classname="tests.analytics.compute.test_dependencies_detection.TestSeverityScore" name="test_known_severities[critical-4.0]" time="0.002" /><testcase classname="tests.analytics.compute.test_dependencies_detection.TestSeverityScore" name="test_known_severities[high-3.0]" time="0.001" /><testcase classname="tests.analytics.compute.test_dependencies_detection.TestSeverityScore" name="test_known_severities[medium-2.0]" time="0.001" /><testcase classname="tests.analytics.subsystems.test_affinity" name="test_seed_labels_from_tags_empty" time="0.001" /><testcase classname="tests.analytics.subsystems.test_affinity" name="test_seed_labels_from_tags_basic" time="0.000" /><testcase classname="tests.analytics.subsystems.test_affinity" name="test_seed_labels_from_tags_empty_tags_skipped" time="0.000" /><testcase classname="tests.analytics.subsystems.test_affinity" name="test_seed_labels_from_tags_none_first_tag_skipped" time="0.000" /><testcase classname="tests.analytics.compute.test_graphs_conversions.TestNormalizeNodeId" name="test_converts_decimal_to_int[input_val0-123]" time="0.002" /><testcase classname="tests.analytics.compute.test_graphs_conversions.TestNormalizeNodeId" name="test_converts_decimal_to_int[input_val1-999999999999]" time="0.001" /><testcase classname="tests.analytics.compute.test_graphs_conversions.TestNormalizeNodeId" name="test_converts_numeric_types[123-123]" time="0.001" /><testcase classname="tests.analytics.compute.test_graphs_conversions.TestNormalizeNodeId" name="test_converts_numeric_types[456.0-456]" time="0.001" /><testcase classname="tests.analytics.profiles.test_utils.TestOptionalInt" name="test_returns_int_for_string_number" time="0.000" /><testcase classname="tests.analytics.profiles.test_utils.TestOptionalInt" name="test_returns_int_for_string_with_whitespace" time="0.000" /><testcase classname="tests.analytics.profiles.test_utils.TestOptionalInt" name="test_returns_none_for_empty_string" time="0.000" /><testcase classname="tests.analytics.profiles.test_utils.TestOptionalInt" name="test_returns_none_for_whitespace_only_string" time="0.000" /><testcase classname="tests.analytics.core.test_recipes" name="test_recipe_with_plugins_is_immutable" time="0.001" /><testcase classname="tests.analytics.core.test_recipes" name="test_recipe_with_config_returns_new_instance" time="0.000" /><testcase classname="tests.analytics.compute.test_functions_signatures" name="test_extract_multiple_decorators" time="0.001" /><testcase classname="tests.analytics.compute.test_functions_signatures" name="test_extract_attribute_decorator" time="0.001" /><testcase classname="tests.analytics.compute.test_graphs_centrality" name="test_betweenness_single_node_zero" time="0.002" /><testcase classname="tests.analytics.compute.test_graphs_centrality" name="test_betweenness_chain_middle_nodes_high" time="0.000" /><testcase classname="tests.analytics.compute.test_graphs_centrality" name="test_betweenness_star_hub_high" time="0.000" /><testcase classname="tests.analytics.compute.test_graphs_centrality" name="test_betweenness_cycle_equal" time="0.000" /><testcase classname="tests.analytics.compute.test_graphs_centrality" name="test_betweenness_normalized" time="0.001" /><testcase classname="tests.analytics.compute.test_graphs_centrality" name="test_betweenness_unnormalized" time="0.001" /><testcase classname="tests.analytics.compute.test_graphs_centrality" name="test_betweenness_sampled_with_k" time="0.001" /><testcase classname="tests.analytics.plugins.functions.test_contracts" name="test_validate_inputs_failure_without_config" time="1.842" /><testcase classname="tests.analytics.compute.test_dependencies_detection.TestSeverityScore" name="test_known_severities[low-1.0]" time="0.001" /><testcase classname="tests.analytics.compute.test_dependencies_detection.TestSeverityScore" name="test_known_severities[info-0.5]" time="0.001" /><testcase classname="tests.analytics.compute.test_dependencies_detection.TestSeverityScore" name="test_returns_none_for_none" time="0.000" /><testcase classname="tests.analytics.compute.test_dependencies_detection.TestSeverityScore" name="test_returns_none_for_unknown" time="0.000" /><testcase classname="tests.analytics.compute.test_dependencies_detection.TestSeverityScore" name="test_severity_scores_constant" time="0.000" /><testcase classname="tests.analytics.compute.test_dependencies_detection.TestRiskScore" name="test_computes_product[high-3.0-9.0]" time="0.001" /><testcase classname="tests.analytics.compute.test_dependencies_detection.TestRiskScore" name="test_computes_product[medium-2.0-4.0]" time="0.001" /><testcase classname="tests.analytics.compute.test_dependencies_detection.TestRiskScore" name="test_computes_product[low-1.0-1.0]" time="0.001" /><testcase classname="tests.analytics.compute.test_dependencies_detection.TestRiskScore" name="test_computes_product[critical-5.0-20.0]" time="0.001" /><testcase classname="tests.analytics.compute.test_dependencies_detection.TestRiskScore" name="test_returns_none_for_none_severity" time="0.000" /><testcase classname="tests.analytics.compute.test_dependencies_detection.TestRiskScore" name="test_returns_none_for_none_criticality" time="0.000" /><testcase classname="tests.analytics.compute.test_dependencies_detection.TestRiskScore" name="test_returns_none_for_unknown_severity" time="0.000" /><testcase classname="tests.analytics.subsystems.test_affinity" name="test_label_propagation_nx_preserves_seeds" time="0.001" /><testcase classname="tests.analytics.subsystems.test_affinity" name="test_label_propagation_nx_propagates_to_neighbors" time="0.000" /><testcase classname="tests.analytics.subsystems.test_affinity" name="test_label_propagation_nx_selects_heaviest_neighbor" time="0.000" /><testcase classname="tests.analytics.compute.test_semantic_roles" name="test_context_name_property" time="0.000" /><testcase classname="tests.analytics.compute.test_semantic_roles" name="test_context_name_simple" time="0.000" /><testcase classname="tests.analytics.compute.test_semantic_roles" name="test_context_rel_path_lower" time="0.000" /><testcase classname="tests.analytics.compute.test_semantic_roles" name="test_context_module_lower" time="0.000" /><testcase classname="tests.analytics.compute.test_semantic_roles" name="test_context_module_lower_none" time="0.000" /><testcase classname="tests.analytics.compute.test_semantic_roles" name="test_context_tag_strings" time="0.000" /><testcase classname="tests.analytics.compute.test_semantic_roles" name="test_accumulator_bump_single" time="0.000" /><testcase classname="tests.analytics.compute.test_semantic_roles" name="test_accumulator_bump_accumulates" time="0.000" /><testcase classname="tests.analytics.compute.test_semantic_roles" name="test_accumulator_bump_with_framework" time="0.000" /><testcase classname="tests.analytics.core.test_builders" name="test_plugin_spec_create_builds_valid_metadata" time="0.000" /><testcase classname="tests.analytics.core.test_builders" name="test_builder_multiple_inputs" time="0.000" /><testcase classname="tests.analytics.core.test_builders" name="test_builder_multiple_outputs" time="0.000" /><testcase classname="tests.analytics.core.test_builders" name="test_builder_output_with_custom_name" time="0.000" /><testcase classname="tests.analytics.core.test_config_registry.TestConfigPluginMapping" name="test_creates_mapping_with_defaults" time="0.001" /><testcase classname="tests.analytics.subsystems.test_affinity" name="test_label_propagation_nx_isolated_nodes_keep_fallback" time="0.001" /><testcase classname="tests.analytics.subsystems.test_affinity" name="test_reassign_small_clusters_no_change_when_all_large" time="0.000" /><testcase classname="tests.analytics.plugins.middleware.test_tracing.TestSpan" name="test_span_attributes_can_be_modified" time="0.000" /><testcase classname="tests.analytics.plugins.middleware.test_tracing.TestSpanExporter" name="test_exporter_has_export_method" time="0.000" /><testcase classname="tests.analytics.plugins.middleware.test_tracing.TestSpanExporter" name="test_export_method_accepts_span" time="0.000" /><testcase classname="tests.analytics.plugins.middleware.test_tracing.TestInMemoryExporter" name="test_exporter_starts_empty" time="0.000" /><testcase classname="tests.analytics.plugins.middleware.test_tracing.TestInMemoryExporter" name="test_export_stores_span" time="0.000" /><testcase classname="tests.analytics.plugins.middleware.test_tracing.TestInMemoryExporter" name="test_export_stores_multiple_spans" time="0.000" /><testcase classname="tests.analytics.compute.test_graphs_conversions.TestNormalizeNodeId" name="test_converts_numeric_types[0.0-0]" time="0.001" /><testcase classname="tests.analytics.compute.test_graphs_conversions.TestNormalizeNodeId" name="test_converts_digit_strings[123-123]" time="0.000" /><testcase classname="tests.analytics.compute.test_graphs_conversions.TestNormalizeNodeId" name="test_converts_digit_strings[456-456]" time="0.000" /><testcase classname="tests.analytics.compute.test_functions_signatures" name="test_extract_call_decorator" time="0.000" /><testcase classname="tests.analytics.compute.test_functions_signatures" name="test_extract_positional_or_keyword_param" time="0.000" /><testcase classname="tests.analytics.core.test_recipes" name="test_recipe_with_options_returns_new_instance[case0]" time="0.001" /><testcase classname="tests.analytics.core.test_recipes" name="test_recipe_with_options_returns_new_instance[case1]" time="0.001" /><testcase classname="tests.analytics.plugins.middleware.test_tracing.TestInMemoryExporter" name="test_clear_removes_all_spans" time="0.000" /><testcase classname="tests.analytics.plugins.middleware.test_tracing.TestTracingMiddleware" name="test_middleware_name" time="0.000" /><testcase classname="tests.analytics.plugins.test_coverage_plugins.test_test_edges" name="test_validate_inputs_success_with_config" time="1.829" /><testcase classname="tests.analytics.profiles.test_utils.TestOptionalInt" name="test_returns_none_for_invalid_string" time="0.000" /><testcase classname="tests.analytics.profiles.test_utils.TestOptionalInt" name="test_returns_none_for_none_input" time="0.000" /><testcase classname="tests.analytics.profiles.test_utils.TestOptionalInt" name="test_returns_int_for_bool_true" time="0.000" /><testcase classname="tests.analytics.profiles.test_utils.TestOptionalInt" name="test_returns_int_for_bool_false" time="0.000" /><testcase classname="tests.analytics.profiles.test_utils.TestIntOrDefault" name="test_returns_int_for_int_input" time="0.000" /><testcase classname="tests.analytics.profiles.test_utils.TestIntOrDefault" name="test_returns_default_for_none" time="0.000" /><testcase classname="tests.analytics.profiles.test_utils.TestIntOrDefault" name="test_returns_custom_default_for_none" time="0.000" /><testcase classname="tests.analytics.profiles.test_utils.TestIntOrDefault" name="test_returns_default_for_invalid_string" time="0.000" /><testcase classname="tests.analytics.profiles.test_utils.TestIntOrDefault" name="test_returns_int_for_valid_string" time="0.000" /><testcase classname="tests.analytics.profiles.test_utils.TestOptionalFloat" name="test_returns_float_for_float_input" time="0.000" /><testcase classname="tests.analytics.profiles.test_utils.TestOptionalFloat" name="test_returns_float_for_int_input" time="0.000" /><testcase classname="tests.analytics.profiles.test_utils.TestOptionalFloat" name="test_returns_float_for_string_number" time="0.000" /><testcase classname="tests.analytics.compute.test_graphs_centrality" name="test_betweenness_disconnected_components" time="0.000" /><testcase classname="tests.analytics.compute.test_dependencies_detection.TestBuildAliasMaps" name="test_handles_missing_files" time="0.001" /><testcase classname="tests.analytics.compute.test_dependencies_detection.TestBuildAliasMaps" name="test_handles_syntax_errors" time="0.002" /><testcase classname="tests.analytics.compute.test_dependencies_detection.TestBuildAliasMaps" name="test_empty_module_map" time="0.001" /><testcase classname="tests.analytics.compute.test_dependencies_detection.TestDependencyCallDataclass" name="test_required_fields" time="0.000" /><testcase classname="tests.analytics.compute.test_dependencies_detection.TestDependencyCallDataclass" name="test_optional_fields_defaults" time="0.000" /><testcase classname="tests.analytics.compute.test_dependencies_detection.TestDependencyCallDataclass" name="test_all_fields" time="0.000" /><testcase classname="tests.analytics.compute.test_dependencies_detection.TestDependencyCallDataclass" name="test_frozen_dataclass" time="0.001" /><testcase classname="tests.analytics.compute.test_functions_complexity.TestComplexityMetrics" name="test_creates_metrics" time="0.000" /><testcase classname="tests.analytics.compute.test_functions_complexity.TestComplexityMetrics" name="test_metrics_is_frozen" time="0.000" /><testcase classname="tests.analytics.compute.test_functions_complexity.TestComputeComplexityBasic" name="test_simple_function" time="0.000" /><testcase classname="tests.analytics.plugins.groups.test_plugin_groups" name="test_plugin_group_get_plugin_names" time="0.001" /><testcase classname="tests.analytics.plugins.groups.test_plugin_groups" name="test_plugin_group_with_plugins" time="0.000" /><testcase classname="tests.analytics.plugins.groups.test_plugin_groups" name="test_plugin_group_without_plugins" time="0.000" /><testcase classname="tests.analytics.plugins.groups.test_plugin_groups" name="test_plugin_group_without_multiple_plugins" time="0.000" /><testcase classname="tests.analytics.plugins.groups.test_plugin_groups" name="test_plugin_group_get_plugins_found" time="0.000" /><testcase classname="tests.analytics.plugins.groups.test_plugin_groups" name="test_plugin_group_get_plugins_partial" time="0.000" /><testcase classname="tests.analytics.plugins.groups.test_plugin_groups" name="test_plugin_group_get_plugins_none_found" time="0.000" /><testcase classname="tests.analytics.plugins.groups.test_plugin_groups" name="test_group_registry_register_and_get" time="0.000" /><testcase classname="tests.analytics.plugins.groups.test_plugin_groups" name="test_group_registry_get_missing" time="0.000" /><testcase classname="tests.analytics.plugins.groups.test_plugin_groups" name="test_group_registry_resolve_dependencies_no_deps" time="0.000" /><testcase classname="tests.analytics.plugins.groups.test_plugin_groups" name="test_group_registry_resolve_dependencies_with_deps" time="0.000" /><testcase classname="tests.analytics.plugins.groups.test_plugin_groups" name="test_group_registry_resolve_dependencies_chain" time="0.000" /><testcase classname="tests.analytics.plugins.groups.test_plugin_groups" name="test_group_registry_resolve_dependencies_deduplicates" time="0.000" /><testcase classname="tests.analytics.compute.test_functions_complexity.TestComputeComplexityBasic" name="test_function_with_if" time="0.000" /><testcase classname="tests.analytics.compute.test_functions_complexity.TestComputeComplexityBasic" name="test_function_with_nested_if" time="0.000" /><testcase classname="tests.analytics.compute.test_functions_complexity.TestComputeComplexityControlFlow" name="test_for_loop_adds_complexity" time="0.000" /><testcase classname="tests.analytics.compute.test_functions_complexity.TestComputeComplexityControlFlow" name="test_while_loop_adds_complexity" time="0.000" /><testcase classname="tests.analytics.compute.test_functions_complexity.TestComputeComplexityControlFlow" name="test_try_except_adds_complexity" time="0.000" /><testcase classname="tests.analytics.compute.test_functions_complexity.TestComputeComplexityControlFlow" name="test_and_or_add_complexity" time="0.000" /><testcase classname="tests.analytics.compute.test_functions_complexity.TestComputeComplexityNesting" name="test_flat_function_depth_zero" time="0.000" /><testcase classname="tests.analytics.compute.test_functions_complexity.TestComputeComplexityNesting" name="test_single_if_depth_one" time="0.000" /><testcase classname="tests.analytics.compute.test_functions_complexity.TestComputeComplexityNesting" name="test_nested_depth" time="0.000" /><testcase classname="tests.analytics.resources.test_resource_registry" name="test_resource_registry_get" time="0.001" /><testcase classname="tests.analytics.resources.test_resource_registry" name="test_resource_registry_get_not_found_raises" time="0.001" /><testcase classname="tests.analytics.resources.test_resource_registry" name="test_resource_registry_get_or_none" time="0.000" /><testcase classname="tests.analytics.resources.test_resource_registry" name="test_resource_registry_get_or_none_not_found" time="0.000" /><testcase classname="tests.analytics.resources.test_resource_registry" name="test_resource_registry_has" time="0.000" /><testcase classname="tests.analytics.resources.test_resource_registry" name="test_resource_registry_register_or_replace" time="0.000" /><testcase classname="tests.analytics.resources.test_resource_registry" name="test_resource_registry_register_or_replace_new" time="0.000" /><testcase classname="tests.analytics.resources.test_resource_registry" name="test_resource_registry_get_by_name" time="0.000" /><testcase classname="tests.analytics.resources.test_resource_registry" name="test_resource_registry_get_by_name_custom" time="0.000" /><testcase classname="tests.analytics.resources.test_resource_registry" name="test_resource_registry_get_by_name_not_found" time="0.001" /><testcase classname="tests.analytics.resources.test_graph_provider" name="test_provider_cfg_graph_property" time="0.002" /><testcase classname="tests.analytics.resources.test_graph_provider" name="test_provider_runtime_property" time="0.000" /><testcase classname="tests.analytics.resources.test_graph_provider" name="test_provider_backend_property" time="0.000" /><testcase classname="tests.analytics.resources.test_graph_provider" name="test_provider_use_gpu_property" time="0.000" /><testcase classname="tests.analytics.resources.test_graph_provider" name="test_provider_use_gpu_false_by_default" time="0.000" /><testcase classname="tests.analytics.resources.test_graph_provider" name="test_provider_backend_none_when_no_runtime" time="0.000" /><testcase classname="tests.analytics.resources.test_graph_provider" name="test_provider_without_runtime_raises_on_load" time="0.001" /><testcase classname="tests.analytics.resources.test_graph_provider" name="test_provider_get_or_none_returns_none_on_error" time="0.000" /><testcase classname="tests.analytics.resources.test_graph_provider" name="test_single_graph_loads_call_graph" time="0.000" /><testcase classname="tests.analytics.core.test_executor_helpers" name="test_merge_configs_merges_without_mutation" time="0.001" /><testcase classname="tests.analytics.core.test_executor_helpers" name="test_execute_plugin_handles_validation_failure" time="1.839" /><testcase classname="tests.analytics.compute.test_graphs_statistics" name="test_in_degrees_simple_chain" time="0.002" /><testcase classname="tests.analytics.compute.test_graphs_statistics" name="test_in_degrees_star_graph" time="0.000" /><testcase classname="tests.analytics.compute.test_graphs_statistics" name="test_out_degrees_empty_graph" time="0.000" /><testcase classname="tests.analytics.subsystems.test_affinity" name="test_reassign_small_clusters_min_size_one_no_change" time="0.000" /><testcase classname="tests.analytics.subsystems.test_affinity" name="test_reassign_small_clusters_reassigns_small" time="0.000" /><testcase classname="tests.analytics.subsystems.test_affinity" name="test_best_neighbor_label_no_neighbors" time="0.000" /><testcase classname="tests.analytics.subsystems.test_affinity" name="test_best_neighbor_label_selects_allowed" time="0.000" /><testcase classname="tests.analytics.subsystems.test_affinity" name="test_best_neighbor_label_selects_heaviest" time="0.000" /><testcase classname="tests.analytics.subsystems.test_affinity" name="test_cluster_sizes_map_empty" time="0.001" /><testcase classname="tests.analytics.compute.test_semantic_roles" name="test_decorator_names_empty" time="0.001" /><testcase classname="tests.analytics.compute.test_semantic_roles" name="test_decorator_names_simple" time="0.000" /><testcase classname="tests.analytics.compute.test_semantic_roles" name="test_decorator_names_attribute" time="0.000" /><testcase classname="tests.analytics.compute.test_semantic_roles" name="test_decorator_names_call" time="0.000" /><testcase classname="tests.analytics.compute.test_semantic_roles" name="test_decorator_names_multiple" time="0.000" /><testcase classname="tests.analytics.compute.test_semantic_roles" name="test_constants_role_threshold_positive" time="0.000" /><testcase classname="tests.analytics.functions.test_function_effects" name="test_function_effects_inputs_defaults" time="0.001" /><testcase classname="tests.analytics.functions.test_function_effects" name="test_function_effects_inputs_with_ast_map" time="0.000" /><testcase classname="tests.analytics.functions.test_function_effects" name="test_function_effects_inputs_immutable" time="0.000" /><testcase classname="tests.analytics.functions.test_function_effects" name="test_effect_analysis_direct_effectful_all_false" time="0.000" /><testcase classname="tests.analytics.functions.test_function_effects" name="test_effect_analysis_direct_effectful_any_true" time="0.000" /><testcase classname="tests.analytics.functions.test_function_effects" name="test_effect_analysis_no_io_no_db" time="0.000" /><testcase classname="tests.analytics.functions.test_function_effects" name="test_effect_analysis_io_no_db" time="0.000" /><testcase classname="tests.analytics.functions.test_function_effects" name="test_effect_analysis_no_io_db" time="0.000" /><testcase classname="tests.analytics.functions.test_function_effects" name="test_effect_analysis_io_and_db" time="0.000" /><testcase classname="tests.analytics.graphs.test_contracts" name="test_plugin_contract_result_passed" time="0.001" /><testcase classname="tests.analytics.graphs.test_contracts" name="test_plugin_contract_result_failed" time="0.000" /><testcase classname="tests.analytics.graphs.test_contracts" name="test_plugin_contract_result_soft_failed" time="0.000" /><testcase classname="tests.analytics.graphs.test_contracts" name="test_plugin_contract_result_immutable" time="0.000" /><testcase classname="tests.analytics.graphs.test_contracts" name="test_snapshot_key_creation" time="0.000" /><testcase classname="tests.analytics.graphs.test_contracts" name="test_snapshot_key_immutable" time="0.000" /><testcase classname="tests.analytics.graphs.test_contracts" name="test_not_null_fraction_spec_creation" time="0.000" /><testcase classname="tests.analytics.graphs.test_contracts" name="test_not_null_fraction_spec_default_name" time="0.000" /><testcase classname="tests.analytics.graphs.test_contracts" name="test_safe_table_queries_contains_expected_tables" time="0.000" /><testcase classname="tests.analytics.graphs.test_contracts" name="test_safe_table_columns_contains_expected_tables" time="0.000" /><testcase classname="tests.analytics.compute.test_semantic_roles" name="test_accumulator_framework_first_wins" time="0.000" /><testcase classname="tests.analytics.compute.test_semantic_roles" name="test_accumulator_finalize_empty" time="0.000" /><testcase classname="tests.analytics.compute.test_graphs_conversions.TestNormalizeNodeId" name="test_converts_digit_strings[0-0]" time="0.000" /><testcase classname="tests.analytics.compute.test_graphs_statistics" name="test_out_degrees_simple_chain" time="0.000" /><testcase classname="tests.analytics.compute.test_graphs_statistics" name="test_out_degrees_star_graph" time="0.000" /><testcase classname="tests.analytics.compute.test_graphs_statistics" name="test_degrees_empty_graph" time="0.001" /><testcase classname="tests.analytics.compute.test_graphs_statistics" name="test_degrees_simple_path" time="0.000" /><testcase classname="tests.analytics.compute.test_graphs_statistics" name="test_degrees_triangle" time="0.000" /><testcase classname="tests.analytics.compute.test_graphs_statistics" name="test_in_degree_values_empty_graph" time="0.000" /><testcase classname="tests.analytics.compute.test_graphs_statistics" name="test_in_degree_values_only" time="0.000" /><testcase classname="tests.analytics.compute.test_graphs_statistics" name="test_out_degree_values_empty_graph" time="0.000" /><testcase classname="tests.analytics.compute.test_graphs_statistics" name="test_out_degree_values_only" time="0.002" /><testcase classname="tests.analytics.compute.test_graphs_statistics" name="test_degree_values_empty_graph" time="0.001" /><testcase classname="tests.analytics.compute.test_graphs_statistics" name="test_degree_values_only" time="0.000" /><testcase classname="tests.analytics.compute.test_graphs_statistics" name="test_statistics_consistency" time="0.002" /><testcase classname="tests.analytics.compute.test_graphs_statistics" name="test_degree_functions_match_statistics" time="0.001" /><testcase classname="tests.analytics.compute.test_graphs_statistics" name="test_various_graph_sizes" time="0.001" /><testcase classname="tests.analytics.compute.test_profiles" name="test_aggregates_default_values" time="0.001" /><testcase classname="tests.analytics.compute.test_profiles" name="test_aggregates_custom_values" time="0.000" /><testcase classname="tests.analytics.compute.test_profiles" name="test_metric_create" time="0.000" /><testcase classname="tests.analytics.compute.test_profiles" name="test_aggregate_empty_metrics" time="0.000" /><testcase classname="tests.analytics.compute.test_functions_signatures" name="test_extract_positional_only_param" time="0.001" /><testcase classname="tests.analytics.compute.test_functions_signatures" name="test_extract_var_positional_param" time="0.001" /><testcase classname="tests.analytics.compute.test_functions_signatures" name="test_extract_var_keyword_param" time="0.001" /><testcase classname="tests.analytics.compute.test_functions_signatures" name="test_extract_keyword_only_param" time="0.001" /><testcase classname="tests.analytics.compute.test_functions_signatures" name="test_extract_complex_signature_all_kinds" time="0.001" /><testcase classname="tests.analytics.compute.test_functions_signatures" name="test_extract_no_defaults" time="0.001" /><testcase classname="tests.analytics.compute.test_functions_signatures" name="test_extract_with_default" time="0.000" /><testcase classname="tests.analytics.compute.test_functions_signatures" name="test_extract_mixed_defaults" time="0.001" /><testcase classname="tests.analytics.compute.test_functions_signatures" name="test_extract_keyword_only_default" time="0.001" /><testcase classname="tests.analytics.compute.test_functions_signatures" name="test_extract_default_qualname" time="0.000" /><testcase classname="tests.analytics.compute.test_functions_signatures" name="test_extract_custom_qualname" time="0.000" /><testcase classname="tests.analytics.compute.test_functions_signatures" name="test_extract_simple_annotation" time="0.000" /><testcase classname="tests.analytics.compute.test_functions_signatures" name="test_extract_complex_annotation" time="0.001" /><testcase classname="tests.analytics.compute.test_functions_signatures" name="test_extract_no_annotation" time="0.000" /><testcase classname="tests.analytics.compute.test_functions_signatures" name="test_realistic_api_handler" time="0.000" /><testcase classname="tests.analytics.compute.test_functions_signatures" name="test_realistic_test_function" time="0.001" /><testcase classname="tests.analytics.compute.test_functions_signatures" name="test_realistic_cli_command" time="0.001" /><testcase classname="tests.analytics.compute.test_graphs_centrality" name="test_metrics_create_all_fields" time="0.000" /><testcase classname="tests.analytics.compute.test_graphs_centrality" name="test_metrics_is_frozen" time="0.001" /><testcase classname="tests.analytics.compute.test_graphs_centrality" name="test_pagerank_empty_graph" time="0.002" /><testcase classname="tests.analytics.compute.test_functions_complexity.TestComputeComplexityCounts" name="test_return_count" time="0.000" /><testcase classname="tests.analytics.compute.test_functions_complexity.TestComputeComplexityCounts" name="test_yield_count" time="0.000" /><testcase classname="tests.analytics.compute.test_dependencies_detection.TestRiskLevel" name="test_risk_levels[modes0-1-high]" time="0.001" /><testcase classname="tests.analytics.compute.test_dependencies_detection.TestRiskLevel" name="test_risk_levels[modes1-1-high]" time="0.001" /><testcase classname="tests.analytics.compute.test_dependencies_detection.TestRiskLevel" name="test_risk_levels[modes2-5-high]" time="0.001" /><testcase classname="tests.analytics.compute.test_dependencies_detection.TestRiskLevel" name="test_risk_levels[modes3-10-medium]" time="0.001" /><testcase classname="tests.analytics.compute.test_dependencies_detection.TestRiskLevel" name="test_risk_levels[modes4-15-medium]" time="0.001" /><testcase classname="tests.analytics.compute.test_dependencies_detection.TestRiskLevel" name="test_risk_levels[modes5-1-low]" time="0.001" /><testcase classname="tests.analytics.compute.test_dependencies_detection.TestRiskLevel" name="test_risk_levels[modes6-5-low]" time="0.001" /><testcase classname="tests.analytics.compute.test_dependencies_detection.TestRiskLevel" name="test_write_takes_precedence" time="0.000" /><testcase classname="tests.analytics.compute.test_dependencies_detection.TestRiskLevel" name="test_empty_modes_low" time="0.000" /><testcase classname="tests.analytics.compute.test_dependencies_detection.TestDependencyModePattern" name="test_matches_exact_method" time="0.000" /><testcase classname="tests.analytics.compute.test_dependencies_detection.TestDependencyModePattern" name="test_matches_method_prefix" time="0.000" /><testcase classname="tests.analytics.compute.test_dependencies_detection.TestDependencyModePattern" name="test_matches_target_substring" time="0.000" /><testcase classname="tests.analytics.compute.test_dependencies_detection.TestDependencyModePattern" name="test_no_match_with_none_method" time="0.000" /><testcase classname="tests.analytics.core.test_recipes" name="test_create_empty_scope" time="0.000" /><testcase classname="tests.analytics.core.test_recipes" name="test_create_scope_with_paths_and_modules" time="0.000" /><testcase classname="tests.analytics.core.test_recipes" name="test_register_and_get_recipe" time="0.000" /><testcase classname="tests.analytics.core.test_recipes" name="test_register_duplicate_raises" time="0.001" /><testcase classname="tests.analytics.core.test_recipes" name="test_get_unknown_raises" time="0.001" /><testcase classname="tests.analytics.recipes.test_recipe_registry" name="test_registry_empty" time="0.001" /><testcase classname="tests.analytics.recipes.test_recipe_registry" name="test_registry_register" time="0.001" /><testcase classname="tests.analytics.compute.test_graphs_centrality" name="test_betweenness_realistic_call_graph" time="0.001" /><testcase classname="tests.analytics.compute.test_graphs_centrality" name="test_betweenness_keys_match_nodes" time="0.000" /><testcase classname="tests.analytics.compute.test_graphs_centrality" name="test_betweenness_values_are_floats" time="0.000" /><testcase classname="tests.analytics.compute.test_graphs_centrality" name="test_both_metrics_same_nodes" time="0.219" /><testcase classname="tests.analytics.compute.test_functions_complexity.TestComputeComplexityCounts" name="test_raise_count" time="0.000" /><testcase classname="tests.analytics.compute.test_functions_complexity.TestComputeComplexityAttributes" name="test_has_docstring" time="0.000" /><testcase classname="tests.analytics.compute.test_functions_complexity.TestComputeComplexityAttributes" name="test_no_docstring" time="0.000" /><testcase classname="tests.analytics.compute.test_functions_complexity.TestComputeComplexityAttributes" name="test_async_function" time="0.000" /><testcase classname="tests.analytics.compute.test_functions_complexity.TestComputeComplexityAttributes" name="test_decorator_count" time="0.000" /><testcase classname="tests.analytics.compute.test_functions_complexity.TestComplexityBuckets" name="test_low_complexity_bucket" time="0.000" /><testcase classname="tests.analytics.compute.test_functions_complexity.TestComplexityBuckets" name="test_medium_complexity_bucket" time="0.000" /><testcase classname="tests.analytics.compute.test_functions_complexity.TestComplexityBuckets" name="test_complexity_thresholds_defined" time="0.002" /><testcase classname="tests.analytics.compute.test_functions_signatures" name="test_parameter_create_with_all_fields" time="0.000" /><testcase classname="tests.analytics.compute.test_functions_signatures" name="test_parameter_no_annotation" time="0.001" /><testcase classname="tests.analytics.compute.test_functions_signatures" name="test_parameter_is_frozen" time="0.000" /><testcase classname="tests.analytics.compute.test_functions_signatures" name="test_signature_create_with_all_fields" time="0.000" /><testcase classname="tests.analytics.compute.test_functions_signatures" name="test_signature_is_frozen" time="0.000" /><testcase classname="tests.analytics.compute.test_functions_signatures" name="test_extract_simple_function" time="0.000" /><testcase classname="tests.analytics.compute.test_functions_signatures" name="test_extract_typed_function" time="0.000" /><testcase classname="tests.analytics.compute.test_dependencies_classification" name="test_severity_score_known_levels[high-3.0]" time="0.001" /><testcase classname="tests.analytics.compute.test_dependencies_classification" name="test_severity_score_known_levels[medium-2.0]" time="0.001" /><testcase classname="tests.analytics.compute.test_dependencies_classification" name="test_severity_score_known_levels[low-1.0]" time="0.001" /><testcase classname="tests.analytics.compute.test_dependencies_classification" name="test_severity_score_known_levels[info-0.5]" time="0.001" /><testcase classname="tests.analytics.compute.test_dependencies_classification" name="test_severity_score_unknown_returns_none" time="0.000" /><testcase classname="tests.analytics.compute.test_dependencies_classification" name="test_severity_score_none_returns_none" time="0.000" /><testcase classname="tests.analytics.compute.test_dependencies_classification" name="test_severity_scores_constant" time="0.000" /><testcase classname="tests.analytics.compute.test_dependencies_classification" name="test_risk_score_calculation[high-3.0-9.0]" time="0.001" /><testcase classname="tests.analytics.compute.test_dependencies_classification" name="test_risk_score_calculation[critical-2.0-8.0]" time="0.001" /><testcase classname="tests.analytics.graphs.test_contracts" name="test_safe_table_columns_has_expected_columns" time="0.000" /><testcase classname="tests.analytics.subsystems.test_affinity" name="test_cluster_sizes_map_counts_clusters" time="0.000" /><testcase classname="tests.analytics.test_analytics_dataset_contracts" name="test_function_metrics_insertion_is_idempotent" time="2.047" /><testcase classname="tests.analytics.resources.test_graph_provider" name="test_single_graph_raises_if_unavailable" time="0.001" /><testcase classname="tests.analytics.resources.test_graph_provider" name="test_single_graph_resource_name" time="0.000" /><testcase classname="tests.analytics.resources.test_graph_provider" name="test_single_graph_caches_result" time="0.000" /><testcase classname="tests.analytics.resources.test_graph_provider" name="test_single_graph_invalidate" time="0.000" /><testcase classname="tests.analytics.compute.test_dependencies_detection.TestDependencyModePattern" name="test_multiple_match_conditions" time="0.000" /><testcase classname="tests.analytics.compute.test_dependencies_detection.TestClassifyModes" name="test_matches_single_mode" time="0.000" /><testcase classname="tests.analytics.compute.test_dependencies_detection.TestClassifyModes" name="test_returns_unknown_for_no_match" time="0.000" /><testcase classname="tests.analytics.compute.test_dependencies_detection.TestClassifyModes" name="test_deduplicates_modes" time="0.000" /><testcase classname="tests.analytics.compute.test_dependencies_detection.TestClassifyModes" name="test_multiple_modes_sorted" time="0.000" /><testcase classname="tests.analytics.compute.test_dependencies_detection.TestBuildAliasMap" name="test_simple_import" time="0.000" /><testcase classname="tests.analytics.compute.test_dependencies_detection.TestBuildAliasMap" name="test_aliased_import" time="0.000" /><testcase classname="tests.analytics.compute.test_dependencies_detection.TestBuildAliasMap" name="test_from_import" time="0.000" /><testcase classname="tests.analytics.compute.test_dependencies_detection.TestBuildAliasMap" name="test_from_import_with_alias" time="0.000" /><testcase classname="tests.analytics.compute.test_dependencies_detection.TestBuildAliasMap" name="test_dotted_import" time="0.000" /><testcase classname="tests.analytics.compute.test_dependencies_detection.TestBuildAliasMap" name="test_multiple_imports" time="0.000" /><testcase classname="tests.analytics.compute.test_dependencies_detection.TestBuildAliasMap" name="test_empty_source" time="0.000" /><testcase classname="tests.analytics.compute.test_dependencies_detection.TestDependencyCallVisitor" name="test_detects_simple_call" time="0.001" /><testcase classname="tests.analytics.compute.test_dependencies_detection.TestDependencyCallVisitor" name="test_detects_multiple_calls" time="0.001" /><testcase classname="tests.analytics.compute.test_dependencies_detection.TestDependencyCallVisitor" name="test_ignores_non_dependency_calls" time="0.000" /><testcase classname="tests.analytics.compute.test_graphs_centrality" name="test_pagerank_single_node" time="0.188" /><testcase classname="tests.analytics.resources.test_resource_registry" name="test_resource_registry_has_by_name" time="0.000" /><testcase classname="tests.analytics.resources.test_resource_registry" name="test_resource_registry_require" time="0.000" /><testcase classname="tests.analytics.resources.test_resource_registry" name="test_resource_registry_require_not_found" time="0.000" /><testcase classname="tests.analytics.resources.test_resource_registry" name="test_resource_registry_require_by_name" time="0.000" /><testcase classname="tests.analytics.resources.test_resource_registry" name="test_resource_registry_require_or_none" time="0.000" /><testcase classname="tests.analytics.resources.test_resource_registry" name="test_resource_registry_require_or_none_not_found" time="0.000" /><testcase classname="tests.analytics.recipes.test_recipe_registry" name="test_registry_register_duplicate_raises" time="0.001" /><testcase classname="tests.analytics.recipes.test_recipe_registry" name="test_registry_get" time="0.001" /><testcase classname="tests.analytics.compute.test_semantic_roles" name="test_accumulator_finalize_below_threshold" time="0.000" /><testcase classname="tests.analytics.compute.test_semantic_roles" name="test_accumulator_finalize_above_threshold" time="0.000" /><testcase classname="tests.analytics.compute.test_semantic_roles" name="test_constants_service_fan_thresholds_positive" time="0.000" /><testcase classname="tests.analytics.compute.test_graphs_conversions.TestNormalizeNodeId" name="test_preserves_non_digit_strings[func_name-func_name]" time="0.000" /><testcase classname="tests.analytics.compute.test_graphs_conversions.TestNormalizeNodeId" name="test_preserves_non_digit_strings[module.function-module.function]" time="0.001" /><testcase classname="tests.analytics.compute.test_graphs_conversions.TestNormalizeNodeId" name="test_preserves_non_digit_strings[123abc-123abc]" time="0.001" /><testcase classname="tests.analytics.compute.test_graphs_conversions.TestNormalizeNodeId" name="test_raises_on_float_infinity" time="0.001" /><testcase classname="tests.analytics.compute.test_graphs_conversions.TestSafeFloat" name="test_returns_none_for_none" time="0.000" /><testcase classname="tests.analytics.compute.test_graphs_conversions.TestSafeFloat" name="test_passes_through_floats[1.5-1.5]" time="0.001" /><testcase classname="tests.analytics.compute.test_graphs_conversions.TestSafeFloat" name="test_passes_through_floats[0.0-0.0]" time="0.001" /><testcase classname="tests.analytics.compute.test_graphs_conversions.TestSafeFloat" name="test_passes_through_floats[-3.14--3.14]" time="0.001" /><testcase classname="tests.analytics.compute.test_graphs_conversions.TestSafeFloat" name="test_converts_decimal[input_val0-1.5]" time="0.001" /><testcase classname="tests.analytics.core.test_recipes" name="test_get_optional_unknown_returns_none" time="0.001" /><testcase classname="tests.analytics.plugins.groups.test_plugin_groups" name="test_group_registry_resolve_dependencies_missing_group" time="0.000" /><testcase classname="tests.analytics.compute.test_semantic_roles" name="test_accumulator_finalize_picks_highest" time="0.000" /><testcase classname="tests.analytics.compute.test_semantic_roles" name="test_accumulator_finalize_caps_confidence" time="0.000" /><testcase classname="tests.analytics.compute.test_semantic_roles" name="test_classify_test_function" time="0.001" /><testcase classname="tests.analytics.compute.test_semantic_roles" name="test_classify_test_prefix" time="0.000" /><testcase classname="tests.analytics.compute.test_semantic_roles" name="test_classify_pytest_fixture" time="0.000" /><testcase classname="tests.analytics.recipes.test_recipe_registry" name="test_registry_get_not_found" time="0.001" /><testcase classname="tests.analytics.recipes.test_recipe_registry" name="test_registry_get_optional" time="0.001" /><testcase classname="tests.analytics.recipes.test_recipe_registry" name="test_registry_get_optional_not_found" time="0.000" /><testcase classname="tests.analytics.recipes.test_recipe_registry" name="test_registry_unregister" time="0.001" /><testcase classname="tests.analytics.test_entrypoint_detectors" name="test_entrypoint_candidate_creation" time="0.005" /><testcase classname="tests.analytics.test_entrypoint_detectors" name="test_entrypoint_candidate_http_metadata" time="0.001" /><testcase classname="tests.analytics.compute.test_semantic_roles" name="test_classify_api_handler" time="0.001" /><testcase classname="tests.analytics.compute.test_semantic_roles" name="test_classify_flask_route" time="0.000" /><testcase classname="tests.analytics.compute.test_semantic_roles" name="test_classify_cli_click" time="0.000" /><testcase classname="tests.analytics.compute.test_semantic_roles" name="test_classify_cli_typer" time="0.001" /><testcase classname="tests.analytics.compute.test_semantic_roles" name="test_classify_cli_path" time="0.001" /><testcase classname="tests.analytics.compute.test_semantic_roles" name="test_classify_repository" time="0.000" /><testcase classname="tests.analytics.compute.test_semantic_roles" name="test_classify_service" time="0.001" /><testcase classname="tests.analytics.compute.test_semantic_roles" name="test_classify_validator" time="0.001" /><testcase classname="tests.analytics.compute.test_semantic_roles" name="test_classify_validator_by_name[validate]" time="0.001" /><testcase classname="tests.analytics.compute.test_dependencies_classification" name="test_risk_score_calculation[medium-1.5-3.0]" time="0.001" /><testcase classname="tests.analytics.compute.test_dependencies_classification" name="test_risk_score_calculation[low-4.0-4.0]" time="0.001" /><testcase classname="tests.analytics.compute.test_dependencies_classification" name="test_risk_score_calculation[info-2.0-1.0]" time="0.001" /><testcase classname="tests.analytics.resources.test_provider_factory" name="test_provider_factory_options_defaults" time="0.000" /><testcase classname="tests.analytics.resources.test_provider_factory" name="test_provider_factory_options_custom" time="0.000" /><testcase classname="tests.analytics.compute.test_graphs_conversions.TestSafeFloat" name="test_converts_decimal[input_val1-0.0]" time="0.001" /><testcase classname="tests.analytics.compute.test_graphs_conversions.TestSafeFloat" name="test_converts_decimal[input_val2--3.14]" time="0.001" /><testcase classname="tests.analytics.compute.test_graphs_conversions.TestSafeFloat" name="test_converts_string[1.5-1.5]" time="0.001" /><testcase classname="tests.analytics.compute.test_graphs_conversions.TestSafeFloat" name="test_converts_string[0.0-0.0]" time="0.001" /><testcase classname="tests.analytics.profiles.test_utils.TestOptionalFloat" name="test_returns_float_for_string_with_whitespace" time="0.000" /><testcase classname="tests.analytics.profiles.test_utils.TestOptionalFloat" name="test_returns_none_for_empty_string" time="0.000" /><testcase classname="tests.analytics.profiles.test_utils.TestOptionalFloat" name="test_returns_none_for_whitespace_only_string" time="0.000" /><testcase classname="tests.analytics.profiles.test_utils.TestOptionalFloat" name="test_returns_none_for_invalid_string" time="0.000" /><testcase classname="tests.analytics.test_entrypoint_detectors" name="test_entrypoint_candidate_cli_metadata" time="0.000" /><testcase classname="tests.analytics.test_entrypoint_detectors" name="test_entrypoint_candidate_job_metadata" time="0.000" /><testcase classname="tests.analytics.test_entrypoint_detectors" name="test_entrypoint_candidate_extra_metadata" time="0.000" /><testcase classname="tests.analytics.test_entrypoint_detectors" name="test_entrypoint_candidate_immutable" time="0.000" /><testcase classname="tests.analytics.test_entrypoint_detectors" name="test_entrypoint_candidate_optional_fields" time="0.000" /><testcase classname="tests.analytics.test_entrypoint_detectors" name="test_entrypoint_candidate_evidence_list" time="0.000" /><testcase classname="tests.analytics.compute.test_semantic_roles" name="test_classify_validator_by_name[check]" time="0.000" /><testcase classname="tests.analytics.compute.test_semantic_roles" name="test_classify_validator_by_name[ensure]" time="0.000" /><testcase classname="tests.analytics.compute.test_semantic_roles" name="test_classify_validator_by_name[assert]" time="0.000" /><testcase classname="tests.analytics.compute.test_semantic_roles" name="test_classify_config_loader" time="0.001" /><testcase classname="tests.analytics.compute.test_semantic_roles" name="test_classify_helper" time="0.000" /><testcase classname="tests.analytics.test_function_profile_contract" name="test_behavioral_coverage_tuple_alignment" time="0.002" /><testcase classname="tests.analytics.test_function_profile_contract" name="test_function_profile_writer_registry_and_prepared_statements" time="0.001" /><testcase classname="tests.analytics.compute.test_semantic_roles" name="test_classify_module_tags" time="0.002" /><testcase classname="tests.analytics.compute.test_semantic_roles" name="test_classify_returns_signals" time="0.001" /><testcase classname="tests.analytics.compute.test_semantic_roles" name="test_classify_other" time="0.001" /><testcase classname="tests.analytics.compute.test_semantic_roles" name="test_modules_classify_empty" time="0.001" /><testcase classname="tests.analytics.compute.test_semantic_roles" name="test_modules_classify_from_tags" time="0.001" /><testcase classname="tests.analytics.compute.test_semantic_roles" name="test_modules_classify_from_functions" time="0.001" /><testcase classname="tests.analytics.compute.test_semantic_roles" name="test_modules_classify_ignores_other" time="0.000" /><testcase classname="tests.analytics.compute.test_semantic_roles" name="test_modules_classify_below_threshold" time="0.000" /><testcase classname="tests.analytics.core.test_recipes" name="test_list_by_tag_filters_recipes" time="0.001" /><testcase classname="tests.analytics.profiles.test_utils.TestOptionalFloat" name="test_returns_none_for_none_input" time="0.000" /><testcase classname="tests.analytics.profiles.test_utils.TestOptionalFloat" name="test_returns_float_for_bool_true" time="0.000" /><testcase classname="tests.analytics.plugins.groups.test_plugin_groups" name="test_group_registry_get_all_plugins" time="0.000" /><testcase classname="tests.analytics.plugins.groups.test_plugin_groups" name="test_group_registry_get_all_plugins_deduplicates" time="0.000" /><testcase classname="tests.analytics.plugins.groups.test_plugin_groups" name="test_group_registry_get_all_plugins_respects_dependency_order" time="0.001" /><testcase classname="tests.analytics.plugins.groups.test_plugin_groups" name="test_function_plugins_group_defined" time="0.000" /><testcase classname="tests.analytics.plugins.groups.test_plugin_groups" name="test_graph_plugins_group_defined" time="0.001" /><testcase classname="tests.analytics.compute.test_graphs_conversions.TestSafeFloat" name="test_converts_string[-3.14--3.14]" time="0.001" /><testcase classname="tests.analytics.compute.test_graphs_conversions.TestSafeFloat" name="test_returns_none_for_invalid" time="0.000" /><testcase classname="tests.analytics.compute.test_semantic_roles" name="test_constants_helper_loc_threshold_positive" time="0.000" /><testcase classname="tests.analytics.compute.test_functions_signatures" name="test_extract_async_function" time="0.000" /><testcase classname="tests.analytics.compute.test_functions_signatures" name="test_extract_no_params" time="0.000" /><testcase classname="tests.analytics.compute.test_dependencies_classification" name="test_risk_score_none_severity" time="0.000" /><testcase classname="tests.analytics.compute.test_dependencies_classification" name="test_risk_score_none_criticality" time="0.000" /><testcase classname="tests.analytics.core.test_recipes" name="test_compose_recipes_deduplicates_plugins_and_merges_tags" time="0.001" /><testcase classname="tests.analytics.core.test_recipes" name="test_recipe_builder_variations[case0]" time="0.001" /><testcase classname="tests.analytics.core.test_recipes" name="test_recipe_builder_variations[case1]" time="0.001" /><testcase classname="tests.analytics.core.test_recipes" name="test_recipe_builder_variations[case2]" time="0.000" /><testcase classname="tests.analytics.core.test_recipes" name="test_recipe_builder_variations[case3]" time="0.000" /><testcase classname="tests.analytics.core.test_recipes" name="test_recipe_function_creates_builder" time="0.000" /><testcase classname="tests.analytics.core.test_registry" name="test_register_plugins[plugins_to_register0]" time="0.010" /><testcase classname="tests.analytics.core.test_registry" name="test_register_plugins[plugins_to_register1]" time="0.010" /><testcase classname="tests.analytics.core.test_registry" name="test_register_duplicate_raises" time="0.001" /><testcase classname="tests.analytics.core.test_registry" name="test_get_unknown_plugin_raises" time="0.008" /><testcase classname="tests.analytics.core.test_registry" name="test_list_all_plugins" time="0.014" /><testcase classname="tests.analytics.core.test_registry" name="test_list_by_stage" time="0.009" /><testcase classname="tests.analytics.core.test_registry" name="test_list_by_capability" time="0.010" /><testcase classname="tests.analytics.core.test_registry" name="test_unregister_plugin" time="0.009" /><testcase classname="tests.analytics.compute.test_profiles" name="test_aggregate_single_function" time="0.000" /><testcase classname="tests.analytics.compute.test_profiles" name="test_aggregate_multiple_functions" time="0.001" /><testcase classname="tests.analytics.compute.test_profiles" name="test_aggregate_typedness_counts" time="0.000" /><testcase classname="tests.analytics.compute.test_profiles" name="test_aggregate_complexity_buckets" time="0.000" /><testcase classname="tests.analytics.compute.test_profiles" name="test_aggregate_average_typedness" time="0.000" /><testcase classname="tests.analytics.compute.test_profiles" name="test_aggregate_realistic_codebase" time="0.001" /><testcase classname="tests.analytics.compute.test_profiles" name="test_stats_empty_aggregates" time="0.000" /><testcase classname="tests.analytics.compute.test_profiles" name="test_stats_all_typed" time="0.001" /><testcase classname="tests.analytics.compute.test_profiles" name="test_stats_mixed_typedness" time="0.000" /><testcase classname="tests.analytics.compute.test_profiles" name="test_stats_avg_loc" time="0.000" /><testcase classname="tests.analytics.compute.test_profiles" name="test_stats_all_present" time="0.000" /><testcase classname="tests.analytics.compute.test_profiles" name="test_features_create" time="0.000" /><testcase classname="tests.analytics.test_entrypoint_detectors" name="test_detect_entrypoints_empty_source" time="0.001" /><testcase classname="tests.analytics.test_entrypoint_detectors" name="test_detect_entrypoints_syntax_error" time="0.000" /><testcase classname="tests.analytics.test_entrypoint_detectors" name="test_detect_entrypoints_no_frameworks" time="0.001" /><testcase classname="tests.analytics.test_entrypoint_detectors" name="test_detect_entrypoints_returns_list" time="0.000" /><testcase classname="tests.analytics.test_entrypoint_detectors" name="test_import_context_creation" time="0.000" /><testcase classname="tests.analytics.test_entrypoint_detectors" name="test_import_context_immutable" time="0.000" /><testcase classname="tests.analytics.test_entrypoint_detectors" name="test_detector_settings_partial_disable" time="0.000" /><testcase classname="tests.analytics.test_entrypoint_detectors" name="test_entrypoint_candidate_with_arguments_schema" time="0.000" /><testcase classname="tests.analytics.test_entrypoint_detectors" name="test_entrypoint_candidate_auth_required" time="0.000" /><testcase classname="tests.analytics.test_entrypoint_detectors" name="test_entrypoint_candidate_kinds[http_handler]" time="0.001" /><testcase classname="tests.analytics.test_entrypoint_detectors" name="test_entrypoint_candidate_kinds[cli_command]" time="0.001" /><testcase classname="tests.analytics.test_entrypoint_detectors" name="test_entrypoint_candidate_kinds[background_job]" time="0.001" /><testcase classname="tests.analytics.test_entrypoint_detectors" name="test_entrypoint_candidate_kinds[scheduled_job]" time="0.001" /><testcase classname="tests.analytics.test_entrypoint_detectors" name="test_entrypoint_candidate_kinds[websocket]" time="0.000" /><testcase classname="tests.analytics.test_entrypoint_detectors" name="test_entrypoint_candidate_frameworks[fastapi]" time="0.001" /><testcase classname="tests.analytics.test_entrypoint_detectors" name="test_entrypoint_candidate_frameworks[flask]" time="0.000" /><testcase classname="tests.analytics.compute.test_profiles" name="test_features_is_frozen" time="0.001" /><testcase classname="tests.analytics.compute.test_profiles" name="test_extract_small_simple_typed" time="0.000" /><testcase classname="tests.analytics.compute.test_profiles" name="test_extract_large_complex_untyped" time="0.000" /><testcase classname="tests.analytics.compute.test_profiles" name="test_extract_medium_moderate_partial" time="0.000" /><testcase classname="tests.analytics.compute.test_profiles" name="test_quality_score_bounds" time="0.000" /><testcase classname="tests.analytics.compute.test_profiles" name="test_quality_score_weights" time="0.000" /><testcase classname="tests.analytics.compute.test_profiles" name="test_threshold_constants" time="0.000" /><testcase classname="tests.analytics.compute.test_profiles" name="test_size_boundary_small_medium" time="0.000" /><testcase classname="tests.analytics.compute.test_profiles" name="test_size_boundary_medium_large" time="0.000" /><testcase classname="tests.analytics.compute.test_profiles" name="test_complexity_boundary" time="0.000" /><testcase classname="tests.analytics.core.test_base_plugins" name="test_resolved_config_initial_state" time="0.001" /><testcase classname="tests.analytics.core.test_base_plugins" name="test_resolved_config_set" time="0.000" /><testcase classname="tests.analytics.core.test_base_plugins" name="test_resolved_config_get" time="0.000" /><testcase classname="tests.analytics.core.test_base_plugins" name="test_resolved_config_get_not_resolved_raises" time="0.001" /><testcase classname="tests.analytics.core.test_base_plugins" name="test_resolved_config_get_or_none_resolved" time="0.000" /><testcase classname="tests.analytics.core.test_base_plugins" name="test_resolved_config_get_or_none_not_resolved" time="0.000" /><testcase classname="tests.analytics.core.test_base_plugins" name="test_base_plugin_metadata" time="0.000" /><testcase classname="tests.analytics.core.test_base_plugins" name="test_base_plugin_metadata_defaults_name_to_class" time="0.001" /><testcase classname="tests.analytics.plugins.groups.test_plugin_groups" name="test_risk_plugins_group_defined" time="0.001" /><testcase classname="tests.analytics.plugins.groups.test_plugin_groups" name="test_all_groups_contains_expected_groups" time="0.000" /><testcase classname="tests.analytics.recipes.test_recipe_registry" name="test_registry_unregister_nonexistent" time="0.000" /><testcase classname="tests.analytics.core.test_registry" name="test_plan_with_explicit_plugins" time="0.008" /><testcase classname="tests.analytics.resources.test_resource_registry" name="test_resource_registry_require_or_none_not_loaded" time="0.000" /><testcase classname="tests.analytics.resources.test_resource_registry" name="test_resource_registry_invalidate_specific" time="0.000" /><testcase classname="tests.analytics.test_function_profile_contract" name="test_file_profile_writer_registry_and_prepared_statements" time="0.001" /><testcase classname="tests.analytics.compute.test_dependencies_classification" name="test_risk_score_unknown_severity" time="0.000" /><testcase classname="tests.analytics.compute.test_dependencies_classification" name="test_risk_score_zero_criticality" time="0.000" /><testcase classname="tests.analytics.core.test_config_registry.TestConfigPluginMapping" name="test_creates_mapping_with_primary" time="0.001" /><testcase classname="tests.analytics.plugins.groups.test_plugin_groups" name="test_plugin_group_with_declaration_order" time="0.000" /><testcase classname="tests.analytics.plugins.groups.test_plugin_groups" name="test_plugin_group_disabled" time="0.001" /><testcase classname="tests.analytics.compute.test_graphs_conversions.TestLogEmptyGraph" name="test_logs_for_empty_graph" time="0.002" /><testcase classname="tests.analytics.compute.test_graphs_conversions.TestLogEmptyGraph" name="test_no_log_for_nonempty_graph" time="0.003" /><testcase classname="tests.analytics.compute.test_graphs_conversions.TestLogEmptyGraph" name="test_works_with_digraph" time="0.001" /><testcase classname="tests.analytics.compute.test_graphs_conversions.TestLogProjectionSkipped" name="test_logs_warning" time="0.001" /><testcase classname="tests.analytics.compute.test_graphs_conversions.TestLogProjectionSkipped" name="test_logs_with_different_reasons" time="0.001" /><testcase classname="tests.analytics.compute.test_graphs_conversions.TestIntegrationScenarios" name="test_roundtrip_decimal_normalization" time="0.000" /><testcase classname="tests.analytics.compute.test_graphs_conversions.TestIntegrationScenarios" name="test_graph_node_id_normalization" time="0.000" /><testcase classname="tests.analytics.compute.test_graphs_conversions.TestIntegrationScenarios" name="test_safe_float_for_metrics" time="0.000" /><testcase classname="tests.analytics.compute.test_graphs_statistics" name="test_statistics_create_all_fields" time="0.000" /><testcase classname="tests.analytics.compute.test_graphs_statistics" name="test_statistics_is_frozen" time="0.000" /><testcase classname="tests.analytics.compute.test_graphs_statistics" name="test_stats_empty_graph" time="0.000" /><testcase classname="tests.analytics.compute.test_graphs_statistics" name="test_stats_single_node" time="0.002" /><testcase classname="tests.analytics.compute.test_graphs_statistics" name="test_stats_simple_dag_is_dag" time="0.001" /><testcase classname="tests.analytics.compute.test_graphs_statistics" name="test_stats_cycle_is_not_dag" time="0.000" /><testcase classname="tests.analytics.compute.test_graphs_statistics" name="test_stats_node_and_edge_counts" time="0.001" /><testcase classname="tests.analytics.compute.test_graphs_statistics" name="test_stats_density_calculation" time="0.000" /><testcase classname="tests.analytics.compute.test_graphs_statistics" name="test_stats_average_degrees" time="0.001" /><testcase classname="tests.analytics.compute.test_graphs_statistics" name="test_stats_multiple_components" time="0.000" /><testcase classname="tests.analytics.compute.test_graphs_statistics" name="test_stats_strongly_connected_graph" time="0.001" /><testcase classname="tests.analytics.compute.test_graphs_statistics" name="test_stats_realistic_call_graph" time="0.000" /><testcase classname="tests.analytics.test_entrypoint_detectors" name="test_entrypoint_candidate_frameworks[click]" time="0.000" /><testcase classname="tests.analytics.test_entrypoint_detectors" name="test_entrypoint_candidate_frameworks[typer]" time="0.000" /><testcase classname="tests.analytics.test_entrypoint_detectors" name="test_entrypoint_candidate_frameworks[celery]" time="0.000" /><testcase classname="tests.analytics.test_entrypoint_detectors" name="test_entrypoint_candidate_frameworks[django]" time="0.000" /><testcase classname="tests.analytics.test_entrypoint_detectors" name="test_entrypoint_candidate_frameworks[airflow]" time="0.000" /><testcase classname="tests.analytics.test_entrypoint_detectors" name="test_entrypoint_candidate_frameworks[None]" time="0.000" /><testcase classname="tests.analytics.test_entrypoint_evidence" name="test_detect_entrypoints_emits_snippet_evidence" time="0.001" /><testcase classname="tests.analytics.test_entrypoints_and_dependencies" name="test_entrypoints_and_dependencies_round_trip" time="8.024" /><testcase classname="tests.analytics.core.test_config_registry.TestConfigPluginMapping" name="test_mapping_is_frozen" time="0.001" /><testcase classname="tests.analytics.recipes.test_recipe_registry" name="test_registry_unregister_removes_from_tags" time="0.001" /><testcase classname="tests.analytics.recipes.test_recipe_registry" name="test_registry_list_all" time="0.001" /><testcase classname="tests.analytics.recipes.test_recipe_registry" name="test_registry_list_names" time="0.001" /><testcase classname="tests.analytics.recipes.test_recipe_registry" name="test_registry_list_tags" time="0.001" /><testcase classname="tests.analytics.recipes.test_recipe_registry" name="test_registry_list_by_tag" time="0.001" /><testcase classname="tests.analytics.recipes.test_recipe_registry" name="test_registry_list_by_tag_unknown" time="0.000" /><testcase classname="tests.analytics.recipes.test_recipe_registry" name="test_registry_compose" time="0.001" /><testcase classname="tests.analytics.recipes.test_recipe_registry" name="test_registry_compose_with_instances" time="0.001" /><testcase classname="tests.analytics.recipes.test_recipe_registry" name="test_registry_compose_deduplicates_plugins" time="0.001" /><testcase classname="tests.analytics.recipes.test_recipe_registry" name="test_registry_compose_merges_tags" time="0.001" /><testcase classname="tests.analytics.recipes.test_recipe_registry" name="test_global_registry_singleton" time="0.001" /><testcase classname="tests.analytics.recipes.test_recipe_registry" name="test_global_registry_reset" time="0.001" /><testcase classname="tests.analytics.recipes.test_recipe_registry" name="test_global_registry_has_builtins" time="0.000" /><testcase classname="tests.analytics.recipes.test_recipe_registry" name="test_register_recipe_function" time="0.000" /><testcase classname="tests.analytics.resources.test_graph_provider" name="test_graph_resources_empty" time="0.001" /><testcase classname="tests.analytics.core.test_registry" name="test_plan_respects_dependencies" time="0.010" /><testcase classname="tests.analytics.test_function_profile_contract" name="test_module_profile_writer_registry_and_prepared_statements" time="0.001" /><testcase classname="tests.analytics.test_function_profile_contract" name="test_test_profile_writer_registry_and_prepared_statements" time="0.001" /><testcase classname="tests.analytics.test_function_profile_contract" name="test_behavioral_coverage_writer_registry_and_prepared_statements" time="0.001" /><testcase classname="tests.analytics.resources.test_resource_registry" name="test_resource_registry_invalidate_all" time="0.000" /><testcase classname="tests.analytics.resources.test_resource_registry" name="test_resource_registry_invalidate_not_registered" time="0.000" /><testcase classname="tests.analytics.resources.test_resource_registry" name="test_resource_registry_clear" time="0.002" /><testcase classname="tests.analytics.resources.test_resource_registry" name="test_resource_registry_registered_types" time="0.000" /><testcase classname="tests.analytics.resources.test_resource_registry" name="test_resource_not_found_error" time="0.000" /><testcase classname="tests.analytics.resources.test_resource_registry" name="test_resource_not_loaded_error" time="0.000" /><testcase classname="tests.analytics.resources.test_resource_registry" name="test_resource_not_loaded_error_no_reason" time="0.001" /><testcase classname="tests.analytics.resources.test_resource_registry" name="test_resource_error_hierarchy" time="0.000" /><testcase classname="tests.analytics.resources.test_resource_registry" name="test_mock_provider_protocol_compliance" time="0.000" /><testcase classname="tests.analytics.resources.test_resource_registry" name="test_resource_registry_multiple_registrations" time="0.000" /><testcase classname="tests.analytics.subsystems.test_affinity" name="test_parse_tags_none" time="0.001" /><testcase classname="tests.analytics.subsystems.test_affinity" name="test_parse_tags_json_list" time="0.000" /><testcase classname="tests.analytics.plugins.groups.test_plugin_groups" name="test_group_registry_empty" time="0.000" /><testcase classname="tests.analytics.plugins.groups.test_plugin_groups" name="test_group_registry_overwrite_group" time="0.001" /><testcase classname="tests.analytics.compute.test_dependencies_classification" name="test_risk_level_admin_mode_is_high" time="0.000" /><testcase classname="tests.analytics.compute.test_dependencies_classification" name="test_risk_level_write_mode_is_high" time="0.000" /><testcase classname="tests.analytics.compute.test_dependencies_classification" name="test_risk_level_mixed_modes_with_write_is_high" time="0.001" /><testcase classname="tests.analytics.compute.test_dependencies_classification" name="test_risk_level_many_callsites_is_medium" time="0.000" /><testcase classname="tests.analytics.compute.test_dependencies_classification" name="test_risk_level_above_threshold_is_medium" time="0.000" /><testcase classname="tests.analytics.compute.test_dependencies_classification" name="test_risk_level_few_callsites_is_low" time="0.000" /><testcase classname="tests.analytics.compute.test_dependencies_classification" name="test_risk_level_empty_modes_is_low" time="0.000" /><testcase classname="tests.analytics.compute.test_dependencies_classification" name="test_callsite_threshold_constant" time="0.000" /><testcase classname="tests.analytics.compute.test_dependencies_classification" name="test_requests_http_get" time="0.000" /><testcase classname="tests.analytics.compute.test_dependencies_classification" name="test_sqlalchemy_select_query" time="0.000" /><testcase classname="tests.analytics.compute.test_dependencies_classification" name="test_sqlalchemy_insert_is_write" time="0.000" /><testcase classname="tests.analytics.compute.test_dependencies_classification" name="test_sqlalchemy_delete_is_critical" time="0.000" /><testcase classname="tests.analytics.compute.test_dependencies_classification" name="test_redis_get_by_prefix" time="0.000" /><testcase classname="tests.analytics.compute.test_dependencies_classification" name="test_redis_flushall_is_admin" time="0.001" /><testcase classname="tests.analytics.compute.test_dependencies_classification" name="test_risk_assessment_write_operations" time="0.000" /><testcase classname="tests.analytics.subsystems.test_affinity" name="test_parse_tags_json_single_value" time="0.001" /><testcase classname="tests.analytics.subsystems.test_affinity" name="test_parse_tags_plain_string" time="0.001" /><testcase classname="tests.analytics.subsystems.test_affinity" name="test_parse_tags_list" time="0.000" /><testcase classname="tests.analytics.subsystems.test_affinity" name="test_parse_tags_other_type" time="0.000" /><testcase classname="tests.analytics.subsystems.test_affinity" name="test_parse_tags_mixed_list" time="0.001" /><testcase classname="tests.analytics.subsystems.test_affinity" name="test_add_graph_weight_new_edge" time="0.001" /><testcase classname="tests.analytics.subsystems.test_affinity" name="test_add_graph_weight_accumulates" time="0.000" /><testcase classname="tests.analytics.subsystems.test_affinity" name="test_add_graph_weight_ignores_self_loop" time="0.001" /><testcase classname="tests.analytics.subsystems.test_affinity" name="test_add_graph_weight_ignores_zero_weight" time="0.001" /><testcase classname="tests.analytics.subsystems.test_affinity" name="test_add_graph_weight_ignores_negative_weight" time="0.000" /><testcase classname="tests.analytics.subsystems.test_affinity" name="test_graph_to_adjacency_empty" time="0.000" /><testcase classname="tests.analytics.subsystems.test_affinity" name="test_graph_to_adjacency_single_edge" time="0.000" /><testcase classname="tests.analytics.subsystems.test_affinity" name="test_graph_to_adjacency_multiple_edges" time="0.000" /><testcase classname="tests.analytics.resources.test_graph_provider" name="test_graph_resources_with_graphs" time="0.001" /><testcase classname="tests.analytics.resources.test_graph_provider" name="test_provider_from_runtime" time="0.000" /><testcase classname="tests.analytics.resources.test_graph_provider" name="test_provider_loads_on_get" time="0.001" /><testcase classname="tests.analytics.resources.test_graph_provider" name="test_provider_caches_resources" time="0.000" /><testcase classname="tests.analytics.resources.test_graph_provider" name="test_provider_invalidate_clears_cache" time="0.000" /><testcase classname="tests.analytics.resources.test_graph_provider" name="test_provider_call_graph_property" time="0.001" /><testcase classname="tests.analytics.resources.test_graph_provider" name="test_provider_import_graph_property" time="0.000" /><testcase classname="tests.analytics.resources.test_graph_provider" name="test_provider_symbol_module_graph_property" time="0.001" /><testcase classname="tests.analytics.resources.test_graph_provider" name="test_provider_symbol_function_graph_property" time="0.001" /><testcase classname="tests.analytics.resources.test_graph_provider" name="test_provider_config_module_bipartite_property" time="0.000" /><testcase classname="tests.analytics.profiles.test_utils.TestOptionalFloat" name="test_returns_float_for_bool_false" time="0.000" /><testcase classname="tests.analytics.profiles.test_utils.TestOptionalBool" name="test_returns_bool_for_bool_true" time="0.000" /><testcase classname="tests.analytics.profiles.test_utils.TestOptionalBool" name="test_returns_bool_for_bool_false" time="0.000" /><testcase classname="tests.analytics.profiles.test_utils.TestOptionalBool" name="test_returns_bool_for_int_nonzero" time="0.000" /><testcase classname="tests.analytics.plugins.history.test_time
[...]
l_primitives" name="test_query_builder_count_without_where" time="0.000" /><testcase classname="tests.storage.test_sql_primitives" name="test_query_builder_count_with_where" time="0.001" /><testcase classname="tests.storage.test_sql_primitives" name="test_validate_identifier_rejects_invalid_patterns[has.multiple.dots]" time="0.001" /><testcase classname="tests.storage.test_sql_primitives" name="test_query_builder_count_null_with_where" time="0.000" /><testcase classname="tests.storage.test_sql_primitives" name="test_query_builder_count_null_with_safe_column" time="0.000" /><testcase classname="tests.storage.test_sql_primitives" name="test_query_builder_delete_with_single_condition" time="0.000" /><testcase classname="tests.storage.test_sql_primitives" name="test_query_builder_delete_with_multiple_conditions" time="0.000" /><testcase classname="tests.storage.test_sql_primitives" name="test_query_builder_delete_with_safe_table" time="0.000" /><testcase classname="tests.storage.test_sql_primitives" name="test_query_builder_delete_in_basic" time="0.000" /><testcase classname="tests.storage.test_sql_primitives" name="test_query_builder_delete_in_single_value" time="0.000" /><testcase classname="tests.storage.test_sql_primitives" name="test_query_builder_delete_in_with_safe_column" time="0.000" /><testcase classname="tests.storage.test_sql_primitives" name="test_query_builder_select_all_basic" time="0.001" /><testcase classname="tests.storage.test_sql_primitives" name="test_query_builder_select_all_with_safe_table" time="0.000" /><testcase classname="tests.storage.test_normalized_macros" name="test_render_macro_includes_date_cast" time="0.001" /><testcase classname="tests.storage.test_sql_primitives" name="test_query_builder_insert_single_column" time="0.001" /><testcase classname="tests.storage.test_sql_primitives" name="test_query_builder_insert_with_safe_columns" time="0.000" /><testcase classname="tests.storage.test_sql_primitives" name="test_query_builder_delete_repo_commit_basic" time="0.000" /><testcase classname="tests.storage.test_sql_primitives" name="test_query_builder_delete_repo_commit_with_safe_table" time="0.000" /><testcase classname="tests.storage.test_sql_primitives" name="test_build_delete_query_returns_query_when_has_scope" time="0.001" /><testcase classname="tests.storage.test_sql_primitives" name="test_build_delete_query_returns_none_when_no_scope" time="0.000" /><testcase classname="tests.storage.test_sql_primitives" name="test_prepared_statements_creates_with_required_field" time="0.000" /><testcase classname="tests.storage.test_sql_primitives" name="test_prepared_statements_creates_with_all_fields" time="0.000" /><testcase classname="tests.storage.test_sql_primitives" name="test_prepared_statements_is_frozen" time="0.000" /><testcase classname="tests.storage.test_sql_primitives" name="test_render_sql_joins_parts_with_spaces" time="0.000" /><testcase classname="tests.storage.test_sql_primitives" name="test_render_sql_filters_empty_parts" time="0.000" /><testcase classname="tests.storage.test_sql_primitives" name="test_render_sql_handles_single_part" time="0.000" /><testcase classname="tests.storage.test_sql_primitives" name="test_render_sql_handles_empty_list" time="0.000" /><testcase classname="tests.storage.test_sql_primitives" name="test_quote_identifier_quotes_simple" time="0.000" /><testcase classname="tests.storage.test_sql_primitives" name="test_quote_identifier_quotes_underscore_prefix" time="0.000" /><testcase classname="tests.storage.test_sql_primitives" name="test_quote_identifier_rejects_unsafe[]" time="0.001" /><testcase classname="tests.storage.test_sql_primitives" name="test_quote_identifier_rejects_unsafe[1foo]" time="0.001" /><testcase classname="tests.storage.test_sql_primitives" name="test_quote_identifier_rejects_unsafe[foo-bar]" time="0.000" /><testcase classname="tests.storage.test_sql_primitives" name="test_quote_identifier_rejects_unsafe[foo;drop]" time="0.000" /><testcase classname="tests.storage.test_sql_primitives" name="test_quote_identifier_rejects_unsafe[foo bar]" time="0.001" /><testcase classname="tests.storage.test_sql_primitives" name="test_quote_identifier_rejects_unsafe[foo.bar]" time="0.001" /><testcase classname="tests.storage.test_sql_primitives" name="test_quote_table_key_quotes_schema_and_table" time="0.000" /><testcase classname="tests.storage.test_sql_primitives" name="test_quote_table_key_rejects_invalid[]" time="0.001" /><testcase classname="tests.storage.test_sql_primitives" name="test_quote_table_key_rejects_invalid[table_only]" time="0.000" /><testcase classname="tests.storage.test_sql_primitives" name="test_quote_table_key_rejects_invalid[.table]" time="0.000" /><testcase classname="tests.storage.test_sql_primitives" name="test_quote_table_key_rejects_invalid[schema.]" time="0.000" /><testcase classname="tests.storage.test_sql_primitives" name="test_quote_table_key_rejects_invalid[a.b.c]" time="0.000" /><testcase classname="tests.storage.test_sql_primitives" name="test_macro_select_sql_builds_select" time="0.000" /><testcase classname="tests.storage.test_sql_primitives" name="test_macro_select_sql_preserves_placeholders" time="0.000" /><testcase classname="tests.storage.test_sql_primitives" name="test_macro_select_sql_rejects_unqualified" time="0.000" /><testcase classname="tests.storage.test_sql_primitives" name="test_safe_macro_call_generates_sql_and_preserves_args" time="0.000" /><testcase classname="tests.storage.test_sql_primitives" name="test_safe_macro_call_validates_against_allowlist" time="0.000" /><testcase classname="tests.storage.test_sql_primitives" name="test_safe_macro_call_rejects_non_allowlisted" time="0.000" /><testcase classname="tests.storage.test_sql_primitives" name="test_safe_macro_call_allows_any_without_allowlist" time="0.001" /><testcase classname="tests.storage.test_sql_primitives" name="test_build_insert_sql_builds_basic" time="0.000" /><testcase classname="tests.storage.test_sql_primitives" name="test_build_insert_sql_single_column" time="0.000" /><testcase classname="tests.storage.test_sql_primitives" name="test_build_insert_sql_identifier_already_quoted" time="0.000" /><testcase classname="tests.storage.test_ingest_prepared_dynamic" name="test_dynamic_prepared_statements_match_registry" time="6.010" /><testcase classname="tests.storage.test_graphs_repository" name="test_get_outgoing_callgraph_neighbors_filters_by_repo_commit" time="6.055" /><testcase classname="tests.storage.test_normalized_macros" name="test_render_macro_outputs_ddl_to_buffer" time="0.001" /><testcase classname="tests.analytics.adapters.test_functions_adapter" name="test_loader_resolve_abs_path" time="6.056" /><testcase classname="tests.analytics.adapters.test_subsystems_adapter" name="test_subsystems_adapter_persist_empty" time="6.026" /><testcase classname="tests.storage.test_ingest_macros" name="test_macro_registry_hashes" time="5.994" /><testcase classname="tests.storage.test_ingest_perf" name="test_ingest_macro_perf_reasonable" time="6.206" /><testcase classname="tests.storage.test_normalized_macros" name="test_normalized_macros_match_expected_sets" time="0.001" /><testcase classname="tests.test_layering_serving_imports" name="test_no_serving_imports_in_middle_packages" time="0.630" /><testcase classname="tests.storage.test_normalized_macros" name="test_normalized_macro_schema_validation" time="5.980" /><testcase classname="tests.storage.test_ingest_prepared_dynamic" name="test_ingest_macros_registered" time="6.145" /><testcase classname="tests.test_layering_serving_imports" name="test_no_pipeline_imports_in_middle_packages" time="0.716" /><testcase classname="tests.storage.test_metadata_bootstrap" name="test_load_macro_registry" time="5.909" /><testcase classname="tests.storage.test_run_tracking" name="test_start_run_inserts_record" time="5.877" /><testcase classname="tests.storage.test_metadata_bootstrap" name="test_validate_dataset_schema_registry_success" time="5.851" /><testcase classname="tests.test_tests_analytics_unit" name="test_edges_for_file_uses_test_meta" time="0.001" /><testcase classname="tests.storage.test_metadata_bootstrap" name="test_validate_dataset_schema_registry_detects_drift" time="5.867" /><testcase classname="tests.storage.test_metadata_bootstrap" name="test_validate_normalized_macro_schemas_success" time="5.870" /><testcase classname="tests.storage.test_module_index" name="test_load_module_map_handles_multiple_modules_same_path" time="5.855" /><testcase classname="tests.storage.test_module_index" name="test_load_module_map_filters_by_language" time="5.898" /><testcase classname="tests.storage.test_run_tracking" name="test_fetch_run_returns_none_for_missing" time="5.881" /><testcase classname="tests.storage.test_module_index" name="test_load_module_map_returns_empty_on_no_match" time="5.859" /><testcase classname="tests.storage.test_module_index" name="test_load_module_map_uses_custom_logger" time="5.906" /><testcase classname="tests.storage.test_module_index" name="test_load_module_map_normalizes_path_with_leading_slash" time="5.866" /><testcase classname="tests.storage.test_graphs_repository" name="test_graph_repository_inherits_base_repository" time="5.854" /><testcase classname="tests.storage.test_normalized_macros" name="test_normalized_macros_execute" time="5.863" /><testcase classname="tests.storage.test_schema_helpers" name="test_json_schema_from_typeddict_round_trip" time="0.002" /><testcase classname="tests.storage.test_schema_alignment" name="test_ensure_schemas_preserve_with_extra_ddl" time="5.888" /><testcase classname="tests.storage.test_schema_helpers" name="test_build_validator_accepts_mapping" time="0.001" /><testcase classname="tests.storage.test_schema_helpers" name="test_apply_all_schemas_creates_function_validation" time="5.862" /><testcase classname="tests.storage.test_schema_roundtrip" name="test_call_graph_edge_round_trip" time="0.393" /><testcase classname="tests.storage.test_sql_primitives" name="test_query_builder_count_executes_on_real_db" time="5.871" /><testcase classname="tests.storage.test_graphs_repository" name="test_get_incoming_callgraph_neighbors_with_data" time="5.930" /><testcase classname="tests.storage.test_sql_primitives" name="test_query_builder_count_null_basic" time="0.001" /><testcase classname="tests.storage.test_sql_primitives" name="test_query_builder_select_all_executes_on_real_db" time="5.888" /><testcase classname="tests.storage.test_sql_primitives" name="test_query_builder_count_with_safe_table" time="0.001" /><testcase classname="tests.storage.test_sql_primitives" name="test_query_builder_insert_basic" time="0.001" /><testcase classname="tests.storage.test_schema_roundtrip" name="test_generate_export_schemas_writes_files" time="8.085" /><testcase classname="tests.storage.test_sql_primitives" name="test_build_insert_sql_executes_on_real_db" time="5.873" /><testcase classname="tests.storage.test_sql_primitives" name="test_delete_removes_rows" time="5.891" /><testcase classname="tests.storage.test_graphs_repository" name="test_get_outgoing_callgraph_neighbors_respects_limit" time="6.100" /><testcase classname="tests.analytics.adapters.test_functions_adapter" name="test_loader_filters_by_snapshot" time="5.945" /><testcase classname="tests.analytics.adapters.test_subsystems_adapter" name="test_subsystems_adapter_persist_single" time="5.985" /><testcase classname="tests.storage.test_run_tracking" name="test_complete_run_with_error_summary" time="5.928" /><testcase classname="tests.storage.test_normalized_macros" name="test_dataset_rows_macro_handles_registry_datasets" time="5.968" /><testcase classname="tests.storage.test_normalized_macros" name="test_normalized_macros_defined" time="5.915" /><testcase classname="tests.test_core_dependency_hygiene" name="test_core_imports_are_stdlib_only" time="0.001" /><testcase classname="tests.storage.test_run_tracking" name="test_fetch_steps_returns_list" time="5.949" /><testcase classname="tests.test_pipeline_smoke" name="test_pipeline_export_docs_smoke" time="0.002"><skipped type="pytest.xfail" message="Pipeline export_docs currently fails in function_effects catalog integration" /></testcase><testcase classname="tests.storage.test_normalized_macros" name="test_dataset_rows_only_tables_parse" time="5.919" /><testcase classname="tests.test_testing_contract" name="test_testing_charter_forbidden_patterns" time="0.071"><failure message="AssertionError: Testing charter violations detected:&#10;unittest.mock: /home/paul/CodeIntel/tests/core/plugins/test_base_executor.py">def test_testing_charter_forbidden_patterns() -&gt; None:
        """
        Fail fast when tests use forbidden patching or path hacks.
    
        Enforces the charter: no monkeypatching/runtime patching, no sys.path edits,
        and no imports of underscore-prefixed production symbols from tests.
    
        Raises
        ------
        AssertionError
            If any forbidden pattern is detected in the test suite.
        """
        violations: list[str] = []
        for path in _iter_test_files():
            content = path.read_text(encoding="utf-8")
            for label, pattern in FORBIDDEN_PATTERNS.items():
                if pattern.search(content):
                    violations.append(f"{label}: {path}")
        if violations:
            message = "Testing charter violations detected:\n" + "\n".join(sorted(violations))
&gt;           raise AssertionError(message)
E           AssertionError: Testing charter violations detected:
E           unittest.mock: /home/paul/CodeIntel/tests/core/plugins/test_base_executor.py

tests/test_testing_contract.py:47: AssertionError</failure></testcase><testcase classname="tests.storage.test_normalized_macros" name="test_macro_schemas_match_table_definitions" time="5.946" /><testcase classname="tests.test_tests_analytics_unit" name="test_backfill_test_goids_updates_catalog" time="1.563" /><testcase classname="tests.storage.test_sql_primitives" name="test_quote_table_key_rejects_invalid[a..b]" time="0.001" /><testcase classname="tests.storage.test_normalized_macros" name="test_normalized_macro_latency_smoke[graph.call_graph_edges]" time="6.101" /><testcase classname="tests.storage.test_normalized_macros" name="test_normalized_macro_latency_smoke[analytics.function_metrics]" time="6.090" /><testcase classname="tests.storage.test_run_tracking" name="test_complete_run_updates_status" time="6.154" /><testcase classname="tests.storage.test_run_tracking" name="test_fetch_run_returns_record" time="6.115" /><testcase classname="tests.storage.test_run_tracking" name="test_record_step_inserts_step" time="6.036" /><testcase classname="tests.storage.test_run_tracking" name="test_fetch_steps_orders_by_module_stage_name" time="6.127" /><testcase classname="tests.storage.test_run_tracking" name="test_start_step_returns_timestamp" time="6.138" /><testcase classname="tests.storage.test_run_tracking" name="test_complete_step_updates_step" time="6.160" /><testcase classname="tests.storage.test_schema_alignment" name="test_ensure_schemas_preserve_creates_tables_idempotently" time="6.178" /><testcase classname="tests.storage.test_run_tracking" name="test_record_step_with_none_row_counts" time="6.202" /><testcase classname="tests.storage.test_schema_alignment" name="test_apply_and_validate_schema_alignment" time="6.336" /><testcase classname="tests.storage.test_schema_alignment" name="test_assert_schema_alignment_detects_drift_nonstrict" time="6.341" /><testcase classname="tests.storage.test_schema_alignment" name="test_create_schemas_creates_all_namespaces" time="6.187" /><testcase classname="tests.storage.test_sql_primitives" name="test_count_after_insert" time="6.212" /><testcase classname="tests.storage.test_sql_primitives" name="test_delete_in_removes_specific_rows" time="6.224" /><testcase classname="tests.storage.test_sql_primitives" name="test_select_all_returns_data" time="6.243" /><testcase classname="tests.analytics.adapters.test_functions_adapter" name="test_metrics_adapter_table_name" time="6.267" /><testcase classname="tests.analytics.adapters.test_subsystems_adapter" name="test_subsystems_adapter_persist_multiple" time="6.268" /><testcase classname="tests.storage.test_subsystem_view_schema_drift" name="test_subsystem_docs_views_schema_stable" time="6.268" /><testcase classname="tests.test_callgraph_alias_resolution" name="test_callgraph_resolves_import_alias" time="6.277" /><testcase classname="tests.test_tests_analytics_unit" name="test_compute_test_coverage_edges_respects_injected_loader" time="5.160" /><testcase classname="tests.test_tests_analytics_unit" name="test_compute_test_coverage_edges_with_real_coverage" time="5.173" /><testcase classname="tests.analytics.adapters.test_functions_adapter" name="test_metrics_adapter_goid_loader_property" time="5.765" /><testcase classname="tests.analytics.adapters.test_subsystems_adapter" name="test_subsystems_adapter_persist_verifies_data" time="5.723" /><testcase classname="tests.analytics.adapters.test_functions_adapter" name="test_metrics_adapter_load_inputs" time="5.695" /><testcase classname="tests.analytics.adapters.test_functions_adapter" name="test_metrics_adapter_load_outputs_empty" time="0.000" /><testcase classname="tests.analytics.adapters.test_subsystems_adapter" name="test_subsystem_modules_adapter_table_name" time="5.697" /><testcase classname="tests.analytics.adapters.test_functions_adapter" name="test_metrics_adapter_load_empty" time="5.689" /><testcase classname="tests.analytics.adapters.test_subsystems_adapter" name="test_subsystem_modules_adapter_load_raises" time="5.669" /><testcase classname="tests.analytics.adapters.test_functions_adapter" name="test_metrics_adapter_persist_empty" time="5.693" /><testcase classname="tests.analytics.adapters.test_subsystems_adapter" name="test_subsystem_modules_adapter_persist_empty" time="5.712" /><testcase classname="tests.analytics.adapters.test_functions_adapter" name="test_types_adapter_table_name" time="5.689" /><testcase classname="tests.analytics.adapters.test_subsystems_adapter" name="test_subsystem_modules_adapter_persist_single" time="5.720" /><testcase classname="tests.analytics.adapters.test_functions_adapter" name="test_types_adapter_load_raises_not_implemented" time="5.686" /><testcase classname="tests.analytics.adapters.test_subsystems_adapter" name="test_subsystem_modules_adapter_persist_multiple" time="5.711" /><testcase classname="tests.analytics.adapters.test_functions_adapter" name="test_types_adapter_persist_empty" time="5.573" /><testcase classname="tests.analytics.adapters.test_subsystems_adapter" name="test_subsystem_modules_adapter_persist_verifies_data" time="5.610" /><testcase classname="tests.analytics.compute.test_dependencies_classification" name="test_pattern_matches_exact_method" time="0.000" /><testcase classname="tests.analytics.compute.test_dependencies_classification" name="test_pattern_no_match_different_method" time="0.000" /><testcase classname="tests.analytics.compute.test_dependencies_classification" name="test_pattern_matches_method_prefix" time="0.000" /><testcase classname="tests.analytics.compute.test_dependencies_classification" name="test_pattern_no_match_wrong_prefix" time="0.000" /><testcase classname="tests.analytics.compute.test_dependencies_classification" name="test_pattern_matches_target_substring" time="0.000" /><testcase classname="tests.analytics.compute.test_dependencies_classification" name="test_pattern_no_match_missing_substring" time="0.000" /><testcase classname="tests.analytics.compute.test_dependencies_classification" name="test_pattern_matches_with_none_method" time="0.000" /><testcase classname="tests.analytics.adapters.test_profiles_adapter" name="test_function_profile_adapter_table_name" time="3.812" /><testcase classname="tests.analytics.adapters.test_profiles_adapter" name="test_function_profile_adapter_load_raises" time="3.754" /></testsuite></testsuites>