<?xml version="1.0" encoding="utf-8"?><testsuites name="pytest tests"><testsuite name="pytest" errors="0" failures="0" skipped="0" tests="4" time="17.331" timestamp="2025-12-10T06:16:38.408045-05:00" hostname="paul-X870-AORUS-ELITE-WIFI7"><testcase classname="tests.ingestion.test_tools" name="test_tool_service_run_coverage_report_with_data" time="0.007" /><testcase classname="tests.ingestion.test_db_queries" name="test_safe_count_orphan_refs_with_orphans" time="6.842" /><testcase classname="tests.ingestion.test_db_queries" name="test_safe_count_orphan_refs_no_orphans" time="6.855" /><testcase classname="tests.ingestion.test_db_queries" name="test_safe_count_orphan_refs_with_nulls_allowed" time="6.855" /></testsuite></testsuites>