<?xml version="1.0" encoding="utf-8"?><testsuites name="pytest tests"><testsuite name="pytest" errors="6" failures="0" skipped="0" tests="6" time="44.172" timestamp="2025-12-28T18:22:02.042015-05:00" hostname="MacBookPro"><testcase classname="tests.serving.semantic.test_routing" name="test_auto_preference_prefers_polars_for_tables" time="20.177"><error message="failed on setup with &quot;_duckdb.InvalidInputException: Invalid Input Error: Attempted to convert a STRUCT with no fields to DuckDB which is not supported&quot;">fixturedef = &lt;FixtureDef argname='_session_schema_service' scope='session' baseid='tests'&gt;
request = &lt;SubRequest '_session_schema_service' for &lt;Function test_auto_preference_prefers_polars_for_tables&gt;&gt;

    @pytest.hookimpl(wrapper=True)
    def pytest_fixture_setup(fixturedef: FixtureDef, request) -&gt; object | None:
        asyncio_mode = _get_asyncio_mode(request.config)
        if not _is_asyncio_fixture_function(fixturedef.func):
            if asyncio_mode == Mode.STRICT:
                # Ignore async fixtures without explicit asyncio mark in strict mode
                # This applies to pytest_trio fixtures, for example
                return (yield)
            if not _is_coroutine_or_asyncgen(fixturedef.func):
&gt;               return (yield)
                        ^^^^^

.venv/lib/python3.13/site-packages/pytest_asyncio/plugin.py:730: 
_ _ _ _ _ _ _ _ _ _ _ _ _ _ _ _ _ _ _ _ _ _ _ _ _ _ _ _ _ _ _ _ _ _ _ _ _ _ _ _ 
tests/conftest.py:313: in _session_schema_service
    runtime: RuntimeBundle = request.getfixturevalue("hamilton_runtime")
                             ^^^^^^^^^^^^^^^^^^^^^^^^^^^^^^^^^^^^^^^^^^^
.venv/lib/python3.13/site-packages/pytest_asyncio/plugin.py:730: in pytest_fixture_setup
    return (yield)
            ^^^^^
tests/conftest.py:267: in runtime_env
    ctx = TestScenario.minimal().build(tmp_path_factory.mktemp("hamilton-runtime"))
          ^^^^^^^^^^^^^^^^^^^^^^^^^^^^^^^^^^^^^^^^^^^^^^^^^^^^^^^^^^^^^^^^^^^^^^^^^
tests/_helpers/scenarios.py:251: in build
    ctx.require(pack)
tests/_helpers/context.py:328: in require
    self._apply_pack(pack)
tests/_helpers/context.py:345: in _apply_pack
    pack.apply(self)
tests/_helpers/seeds/core.py:108: in apply
    self._seed_repo_map(ctx, now, selected_modules)
tests/_helpers/seeds/core.py:136: in _seed_repo_map
    insert_rows(
tests/_helpers/builders/row_protocol.py:140: in insert_rows
    result = materialize_table_from_rows(
tests/_helpers/columnar_tables.py:85: in materialize_table_from_rows
    return warehouse.materialize_table(table_key, table, options=options)
           ^^^^^^^^^^^^^^^^^^^^^^^^^^^^^^^^^^^^^^^^^^^^^^^^^^^^^^^^^^^^^^
src/codeintel/storage/warehouse.py:274: in materialize_table
    return _materialize_with_writer(ctx, options=active, writer=_write)
           ^^^^^^^^^^^^^^^^^^^^^^^^^^^^^^^^^^^^^^^^^^^^^^^^^^^^^^^^^^^^
src/codeintel/storage/warehouse.py:671: in _materialize_with_writer
    rows_written = writer()
                   ^^^^^^^^
src/codeintel/storage/warehouse.py:260: in _write
    return _write_tabular(
src/codeintel/storage/warehouse.py:810: in _write_tabular
    with registered_temp_relation(gateway.con, relation, prefix="ci_tab_") as name:
         ^^^^^^^^^^^^^^^^^^^^^^^^^^^^^^^^^^^^^^^^^^^^^^^^^^^^^^^^^^^^^^^^^
/opt/homebrew/Cellar/python@3.13/3.13.11/Frameworks/Python.framework/Versions/3.13/lib/python3.13/contextlib.py:141: in __enter__
    return next(self.gen)
           ^^^^^^^^^^^^^^
_ _ _ _ _ _ _ _ _ _ _ _ _ _ _ _ _ _ _ _ _ _ _ _ _ _ _ _ _ _ _ _ _ _ _ _ _ _ _ _ 

con = &lt;_duckdb.DuckDBPyConnection object at 0x125179c70&gt;
obj = pyarrow.Table
repo: string
commit: string
modules: struct&lt;pkg.mod_a: string, pkg.mod_b: string, pkg.mod_c: string&gt;
  c... string
["pkg/mod_c.py"]]
overlays: [
  -- is_valid: all not null]
generated_at: [["2025-12-28T23:22:31.607811+00:00"]]

    @contextmanager
    def registered_temp_relation(
        con: object,
        obj: object,
        *,
        prefix: str = "ci_tmp_",
    ) -&gt; Iterator[str]:
        """Register an object on a DuckDB connection and unregister it on exit.
    
        Parameters
        ----------
        con
            DuckDB connection object exposing `register(name, obj)` and
            `unregister(name)` methods.
        obj
            Object to register (e.g., Polars DataFrame, pyarrow Table).
        prefix
            Prefix used to generate a unique registered name.
    
        Yields
        ------
        str
            Registered relation name.
    
        Raises
        ------
        TypeError
            If the connection does not support `register`/`unregister`.
        """
        register = getattr(con, "register", None)
        unregister = getattr(con, "unregister", None)
        if not callable(register) or not callable(unregister):
            msg = "DuckDB connection must support register(name, obj) and unregister(name)"
            raise TypeError(msg)
    
        safe_prefix = prefix.strip() or "ci_tmp_"
        name = f"{safe_prefix}{new_uuid_hex()}"
&gt;       register(name, obj)
E       _duckdb.InvalidInputException: Invalid Input Error: Attempted to convert a STRUCT with no fields to DuckDB which is not supported

src/codeintel/storage/staging.py:56: InvalidInputException</error></testcase><testcase classname="tests.serving.semantic.test_routing" name="test_ast_supports_polars_simple_select" time="20.217"><error message="failed on setup with &quot;_duckdb.InvalidInputException: Invalid Input Error: Attempted to convert a STRUCT with no fields to DuckDB which is not supported&quot;">fixturedef = &lt;FixtureDef argname='_session_schema_service' scope='session' baseid='tests'&gt;
request = &lt;SubRequest '_session_schema_service' for &lt;Function test_ast_supports_polars_simple_select&gt;&gt;

    @pytest.hookimpl(wrapper=True)
    def pytest_fixture_setup(fixturedef: FixtureDef, request) -&gt; object | None:
        asyncio_mode = _get_asyncio_mode(request.config)
        if not _is_asyncio_fixture_function(fixturedef.func):
            if asyncio_mode == Mode.STRICT:
                # Ignore async fixtures without explicit asyncio mark in strict mode
                # This applies to pytest_trio fixtures, for example
                return (yield)
            if not _is_coroutine_or_asyncgen(fixturedef.func):
&gt;               return (yield)
                        ^^^^^

.venv/lib/python3.13/site-packages/pytest_asyncio/plugin.py:730: 
_ _ _ _ _ _ _ _ _ _ _ _ _ _ _ _ _ _ _ _ _ _ _ _ _ _ _ _ _ _ _ _ _ _ _ _ _ _ _ _ 
tests/conftest.py:313: in _session_schema_service
    runtime: RuntimeBundle = request.getfixturevalue("hamilton_runtime")
                             ^^^^^^^^^^^^^^^^^^^^^^^^^^^^^^^^^^^^^^^^^^^
.venv/lib/python3.13/site-packages/pytest_asyncio/plugin.py:730: in pytest_fixture_setup
    return (yield)
            ^^^^^
tests/conftest.py:267: in runtime_env
    ctx = TestScenario.minimal().build(tmp_path_factory.mktemp("hamilton-runtime"))
          ^^^^^^^^^^^^^^^^^^^^^^^^^^^^^^^^^^^^^^^^^^^^^^^^^^^^^^^^^^^^^^^^^^^^^^^^^
tests/_helpers/scenarios.py:251: in build
    ctx.require(pack)
tests/_helpers/context.py:328: in require
    self._apply_pack(pack)
tests/_helpers/context.py:345: in _apply_pack
    pack.apply(self)
tests/_helpers/seeds/core.py:108: in apply
    self._seed_repo_map(ctx, now, selected_modules)
tests/_helpers/seeds/core.py:136: in _seed_repo_map
    insert_rows(
tests/_helpers/builders/row_protocol.py:140: in insert_rows
    result = materialize_table_from_rows(
tests/_helpers/columnar_tables.py:85: in materialize_table_from_rows
    return warehouse.materialize_table(table_key, table, options=options)
           ^^^^^^^^^^^^^^^^^^^^^^^^^^^^^^^^^^^^^^^^^^^^^^^^^^^^^^^^^^^^^^
src/codeintel/storage/warehouse.py:274: in materialize_table
    return _materialize_with_writer(ctx, options=active, writer=_write)
           ^^^^^^^^^^^^^^^^^^^^^^^^^^^^^^^^^^^^^^^^^^^^^^^^^^^^^^^^^^^^
src/codeintel/storage/warehouse.py:671: in _materialize_with_writer
    rows_written = writer()
                   ^^^^^^^^
src/codeintel/storage/warehouse.py:260: in _write
    return _write_tabular(
src/codeintel/storage/warehouse.py:810: in _write_tabular
    with registered_temp_relation(gateway.con, relation, prefix="ci_tab_") as name:
         ^^^^^^^^^^^^^^^^^^^^^^^^^^^^^^^^^^^^^^^^^^^^^^^^^^^^^^^^^^^^^^^^^
/opt/homebrew/Cellar/python@3.13/3.13.11/Frameworks/Python.framework/Versions/3.13/lib/python3.13/contextlib.py:141: in __enter__
    return next(self.gen)
           ^^^^^^^^^^^^^^
_ _ _ _ _ _ _ _ _ _ _ _ _ _ _ _ _ _ _ _ _ _ _ _ _ _ _ _ _ _ _ _ _ _ _ _ _ _ _ _ 

con = &lt;_duckdb.DuckDBPyConnection object at 0x12a426330&gt;
obj = pyarrow.Table
repo: string
commit: string
modules: struct&lt;pkg.mod_a: string, pkg.mod_b: string, pkg.mod_c: string&gt;
  c... string
["pkg/mod_c.py"]]
overlays: [
  -- is_valid: all not null]
generated_at: [["2025-12-28T23:22:31.647819+00:00"]]

    @contextmanager
    def registered_temp_relation(
        con: object,
        obj: object,
        *,
        prefix: str = "ci_tmp_",
    ) -&gt; Iterator[str]:
        """Register an object on a DuckDB connection and unregister it on exit.
    
        Parameters
        ----------
        con
            DuckDB connection object exposing `register(name, obj)` and
            `unregister(name)` methods.
        obj
            Object to register (e.g., Polars DataFrame, pyarrow Table).
        prefix
            Prefix used to generate a unique registered name.
    
        Yields
        ------
        str
            Registered relation name.
    
        Raises
        ------
        TypeError
            If the connection does not support `register`/`unregister`.
        """
        register = getattr(con, "register", None)
        unregister = getattr(con, "unregister", None)
        if not callable(register) or not callable(unregister):
            msg = "DuckDB connection must support register(name, obj) and unregister(name)"
            raise TypeError(msg)
    
        safe_prefix = prefix.strip() or "ci_tmp_"
        name = f"{safe_prefix}{new_uuid_hex()}"
&gt;       register(name, obj)
E       _duckdb.InvalidInputException: Invalid Input Error: Attempted to convert a STRUCT with no fields to DuckDB which is not supported

src/codeintel/storage/staging.py:56: InvalidInputException</error></testcase><testcase classname="tests.serving.semantic.test_routing" name="test_ast_supports_polars_rejects_join" time="20.232"><error message="failed on setup with &quot;_duckdb.InvalidInputException: Invalid Input Error: Attempted to convert a STRUCT with no fields to DuckDB which is not supported&quot;">fixturedef = &lt;FixtureDef argname='_session_schema_service' scope='session' baseid='tests'&gt;
request = &lt;SubRequest '_session_schema_service' for &lt;Function test_ast_supports_polars_rejects_join&gt;&gt;

    @pytest.hookimpl(wrapper=True)
    def pytest_fixture_setup(fixturedef: FixtureDef, request) -&gt; object | None:
        asyncio_mode = _get_asyncio_mode(request.config)
        if not _is_asyncio_fixture_function(fixturedef.func):
            if asyncio_mode == Mode.STRICT:
                # Ignore async fixtures without explicit asyncio mark in strict mode
                # This applies to pytest_trio fixtures, for example
                return (yield)
            if not _is_coroutine_or_asyncgen(fixturedef.func):
&gt;               return (yield)
                        ^^^^^

.venv/lib/python3.13/site-packages/pytest_asyncio/plugin.py:730: 
_ _ _ _ _ _ _ _ _ _ _ _ _ _ _ _ _ _ _ _ _ _ _ _ _ _ _ _ _ _ _ _ _ _ _ _ _ _ _ _ 
tests/conftest.py:313: in _session_schema_service
    runtime: RuntimeBundle = request.getfixturevalue("hamilton_runtime")
                             ^^^^^^^^^^^^^^^^^^^^^^^^^^^^^^^^^^^^^^^^^^^
.venv/lib/python3.13/site-packages/pytest_asyncio/plugin.py:730: in pytest_fixture_setup
    return (yield)
            ^^^^^
tests/conftest.py:267: in runtime_env
    ctx = TestScenario.minimal().build(tmp_path_factory.mktemp("hamilton-runtime"))
          ^^^^^^^^^^^^^^^^^^^^^^^^^^^^^^^^^^^^^^^^^^^^^^^^^^^^^^^^^^^^^^^^^^^^^^^^^
tests/_helpers/scenarios.py:251: in build
    ctx.require(pack)
tests/_helpers/context.py:328: in require
    self._apply_pack(pack)
tests/_helpers/context.py:345: in _apply_pack
    pack.apply(self)
tests/_helpers/seeds/core.py:108: in apply
    self._seed_repo_map(ctx, now, selected_modules)
tests/_helpers/seeds/core.py:136: in _seed_repo_map
    insert_rows(
tests/_helpers/builders/row_protocol.py:140: in insert_rows
    result = materialize_table_from_rows(
tests/_helpers/columnar_tables.py:85: in materialize_table_from_rows
    return warehouse.materialize_table(table_key, table, options=options)
           ^^^^^^^^^^^^^^^^^^^^^^^^^^^^^^^^^^^^^^^^^^^^^^^^^^^^^^^^^^^^^^
src/codeintel/storage/warehouse.py:274: in materialize_table
    return _materialize_with_writer(ctx, options=active, writer=_write)
           ^^^^^^^^^^^^^^^^^^^^^^^^^^^^^^^^^^^^^^^^^^^^^^^^^^^^^^^^^^^^
src/codeintel/storage/warehouse.py:671: in _materialize_with_writer
    rows_written = writer()
                   ^^^^^^^^
src/codeintel/storage/warehouse.py:260: in _write
    return _write_tabular(
src/codeintel/storage/warehouse.py:810: in _write_tabular
    with registered_temp_relation(gateway.con, relation, prefix="ci_tab_") as name:
         ^^^^^^^^^^^^^^^^^^^^^^^^^^^^^^^^^^^^^^^^^^^^^^^^^^^^^^^^^^^^^^^^^
/opt/homebrew/Cellar/python@3.13/3.13.11/Frameworks/Python.framework/Versions/3.13/lib/python3.13/contextlib.py:141: in __enter__
    return next(self.gen)
           ^^^^^^^^^^^^^^
_ _ _ _ _ _ _ _ _ _ _ _ _ _ _ _ _ _ _ _ _ _ _ _ _ _ _ _ _ _ _ _ _ _ _ _ _ _ _ _ 

con = &lt;_duckdb.DuckDBPyConnection object at 0x12b589ef0&gt;
obj = pyarrow.Table
repo: string
commit: string
modules: struct&lt;pkg.mod_a: string, pkg.mod_b: string, pkg.mod_c: string&gt;
  c... string
["pkg/mod_c.py"]]
overlays: [
  -- is_valid: all not null]
generated_at: [["2025-12-28T23:22:31.663362+00:00"]]

    @contextmanager
    def registered_temp_relation(
        con: object,
        obj: object,
        *,
        prefix: str = "ci_tmp_",
    ) -&gt; Iterator[str]:
        """Register an object on a DuckDB connection and unregister it on exit.
    
        Parameters
        ----------
        con
            DuckDB connection object exposing `register(name, obj)` and
            `unregister(name)` methods.
        obj
            Object to register (e.g., Polars DataFrame, pyarrow Table).
        prefix
            Prefix used to generate a unique registered name.
    
        Yields
        ------
        str
            Registered relation name.
    
        Raises
        ------
        TypeError
            If the connection does not support `register`/`unregister`.
        """
        register = getattr(con, "register", None)
        unregister = getattr(con, "unregister", None)
        if not callable(register) or not callable(unregister):
            msg = "DuckDB connection must support register(name, obj) and unregister(name)"
            raise TypeError(msg)
    
        safe_prefix = prefix.strip() or "ci_tmp_"
        name = f"{safe_prefix}{new_uuid_hex()}"
&gt;       register(name, obj)
E       _duckdb.InvalidInputException: Invalid Input Error: Attempted to convert a STRUCT with no fields to DuckDB which is not supported

src/codeintel/storage/staging.py:56: InvalidInputException</error></testcase><testcase classname="tests.serving.semantic.test_ipc_stream" name="test_query_ipc_stream_includes_metadata_and_rows[asyncio]" time="20.237"><error message="failed on setup with &quot;_duckdb.InvalidInputException: Invalid Input Error: Attempted to convert a STRUCT with no fields to DuckDB which is not supported&quot;">self = &lt;Coroutine test_query_ipc_stream_includes_metadata_and_rows[asyncio]&gt;

    def setup(self) -&gt; None:
        runner_fixture_id = f"_{self._loop_scope}_scoped_runner"
        if runner_fixture_id not in self.fixturenames:
            self.fixturenames.append(runner_fixture_id)
&gt;       return super().setup()
               ^^^^^^^^^^^^^^^

.venv/lib/python3.13/site-packages/pytest_asyncio/plugin.py:458: 
_ _ _ _ _ _ _ _ _ _ _ _ _ _ _ _ _ _ _ _ _ _ _ _ _ _ _ _ _ _ _ _ _ _ _ _ _ _ _ _ 
.venv/lib/python3.13/site-packages/pytest_asyncio/plugin.py:730: in pytest_fixture_setup
    return (yield)
            ^^^^^
tests/conftest.py:313: in _session_schema_service
    runtime: RuntimeBundle = request.getfixturevalue("hamilton_runtime")
                             ^^^^^^^^^^^^^^^^^^^^^^^^^^^^^^^^^^^^^^^^^^^
.venv/lib/python3.13/site-packages/pytest_asyncio/plugin.py:730: in pytest_fixture_setup
    return (yield)
            ^^^^^
tests/conftest.py:267: in runtime_env
    ctx = TestScenario.minimal().build(tmp_path_factory.mktemp("hamilton-runtime"))
          ^^^^^^^^^^^^^^^^^^^^^^^^^^^^^^^^^^^^^^^^^^^^^^^^^^^^^^^^^^^^^^^^^^^^^^^^^
tests/_helpers/scenarios.py:251: in build
    ctx.require(pack)
tests/_helpers/context.py:328: in require
    self._apply_pack(pack)
tests/_helpers/context.py:345: in _apply_pack
    pack.apply(self)
tests/_helpers/seeds/core.py:108: in apply
    self._seed_repo_map(ctx, now, selected_modules)
tests/_helpers/seeds/core.py:136: in _seed_repo_map
    insert_rows(
tests/_helpers/builders/row_protocol.py:140: in insert_rows
    result = materialize_table_from_rows(
tests/_helpers/columnar_tables.py:85: in materialize_table_from_rows
    return warehouse.materialize_table(table_key, table, options=options)
           ^^^^^^^^^^^^^^^^^^^^^^^^^^^^^^^^^^^^^^^^^^^^^^^^^^^^^^^^^^^^^^
src/codeintel/storage/warehouse.py:274: in materialize_table
    return _materialize_with_writer(ctx, options=active, writer=_write)
           ^^^^^^^^^^^^^^^^^^^^^^^^^^^^^^^^^^^^^^^^^^^^^^^^^^^^^^^^^^^^
src/codeintel/storage/warehouse.py:671: in _materialize_with_writer
    rows_written = writer()
                   ^^^^^^^^
src/codeintel/storage/warehouse.py:260: in _write
    return _write_tabular(
src/codeintel/storage/warehouse.py:810: in _write_tabular
    with registered_temp_relation(gateway.con, relation, prefix="ci_tab_") as name:
         ^^^^^^^^^^^^^^^^^^^^^^^^^^^^^^^^^^^^^^^^^^^^^^^^^^^^^^^^^^^^^^^^^
/opt/homebrew/Cellar/python@3.13/3.13.11/Frameworks/Python.framework/Versions/3.13/lib/python3.13/contextlib.py:141: in __enter__
    return next(self.gen)
           ^^^^^^^^^^^^^^
_ _ _ _ _ _ _ _ _ _ _ _ _ _ _ _ _ _ _ _ _ _ _ _ _ _ _ _ _ _ _ _ _ _ _ _ _ _ _ _ 

con = &lt;_duckdb.DuckDBPyConnection object at 0x12b72de30&gt;
obj = pyarrow.Table
repo: string
commit: string
modules: struct&lt;pkg.mod_a: string, pkg.mod_b: string, pkg.mod_c: string&gt;
  c... string
["pkg/mod_c.py"]]
overlays: [
  -- is_valid: all not null]
generated_at: [["2025-12-28T23:22:31.667250+00:00"]]

    @contextmanager
    def registered_temp_relation(
        con: object,
        obj: object,
        *,
        prefix: str = "ci_tmp_",
    ) -&gt; Iterator[str]:
        """Register an object on a DuckDB connection and unregister it on exit.
    
        Parameters
        ----------
        con
            DuckDB connection object exposing `register(name, obj)` and
            `unregister(name)` methods.
        obj
            Object to register (e.g., Polars DataFrame, pyarrow Table).
        prefix
            Prefix used to generate a unique registered name.
    
        Yields
        ------
        str
            Registered relation name.
    
        Raises
        ------
        TypeError
            If the connection does not support `register`/`unregister`.
        """
        register = getattr(con, "register", None)
        unregister = getattr(con, "unregister", None)
        if not callable(register) or not callable(unregister):
            msg = "DuckDB connection must support register(name, obj) and unregister(name)"
            raise TypeError(msg)
    
        safe_prefix = prefix.strip() or "ci_tmp_"
        name = f"{safe_prefix}{new_uuid_hex()}"
&gt;       register(name, obj)
E       _duckdb.InvalidInputException: Invalid Input Error: Attempted to convert a STRUCT with no fields to DuckDB which is not supported

src/codeintel/storage/staging.py:56: InvalidInputException</error></testcase><testcase classname="tests.serving.semantic.test_scan_metrics" name="test_query_scan_metrics_from_manifest[asyncio]" time="20.260"><error message="failed on setup with &quot;_duckdb.InvalidInputException: Invalid Input Error: Attempted to convert a STRUCT with no fields to DuckDB which is not supported&quot;">self = &lt;Coroutine test_query_scan_metrics_from_manifest[asyncio]&gt;

    def setup(self) -&gt; None:
        runner_fixture_id = f"_{self._loop_scope}_scoped_runner"
        if runner_fixture_id not in self.fixturenames:
            self.fixturenames.append(runner_fixture_id)
&gt;       return super().setup()
               ^^^^^^^^^^^^^^^

.venv/lib/python3.13/site-packages/pytest_asyncio/plugin.py:458: 
_ _ _ _ _ _ _ _ _ _ _ _ _ _ _ _ _ _ _ _ _ _ _ _ _ _ _ _ _ _ _ _ _ _ _ _ _ _ _ _ 
.venv/lib/python3.13/site-packages/pytest_asyncio/plugin.py:730: in pytest_fixture_setup
    return (yield)
            ^^^^^
tests/conftest.py:313: in _session_schema_service
    runtime: RuntimeBundle = request.getfixturevalue("hamilton_runtime")
                             ^^^^^^^^^^^^^^^^^^^^^^^^^^^^^^^^^^^^^^^^^^^
.venv/lib/python3.13/site-packages/pytest_asyncio/plugin.py:730: in pytest_fixture_setup
    return (yield)
            ^^^^^
tests/conftest.py:267: in runtime_env
    ctx = TestScenario.minimal().build(tmp_path_factory.mktemp("hamilton-runtime"))
          ^^^^^^^^^^^^^^^^^^^^^^^^^^^^^^^^^^^^^^^^^^^^^^^^^^^^^^^^^^^^^^^^^^^^^^^^^
tests/_helpers/scenarios.py:251: in build
    ctx.require(pack)
tests/_helpers/context.py:328: in require
    self._apply_pack(pack)
tests/_helpers/context.py:345: in _apply_pack
    pack.apply(self)
tests/_helpers/seeds/core.py:108: in apply
    self._seed_repo_map(ctx, now, selected_modules)
tests/_helpers/seeds/core.py:136: in _seed_repo_map
    insert_rows(
tests/_helpers/builders/row_protocol.py:140: in insert_rows
    result = materialize_table_from_rows(
tests/_helpers/columnar_tables.py:85: in materialize_table_from_rows
    return warehouse.materialize_table(table_key, table, options=options)
           ^^^^^^^^^^^^^^^^^^^^^^^^^^^^^^^^^^^^^^^^^^^^^^^^^^^^^^^^^^^^^^
src/codeintel/storage/warehouse.py:274: in materialize_table
    return _materialize_with_writer(ctx, options=active, writer=_write)
           ^^^^^^^^^^^^^^^^^^^^^^^^^^^^^^^^^^^^^^^^^^^^^^^^^^^^^^^^^^^^
src/codeintel/storage/warehouse.py:671: in _materialize_with_writer
    rows_written = writer()
                   ^^^^^^^^
src/codeintel/storage/warehouse.py:260: in _write
    return _write_tabular(
src/codeintel/storage/warehouse.py:810: in _write_tabular
    with registered_temp_relation(gateway.con, relation, prefix="ci_tab_") as name:
         ^^^^^^^^^^^^^^^^^^^^^^^^^^^^^^^^^^^^^^^^^^^^^^^^^^^^^^^^^^^^^^^^^
/opt/homebrew/Cellar/python@3.13/3.13.11/Frameworks/Python.framework/Versions/3.13/lib/python3.13/contextlib.py:141: in __enter__
    return next(self.gen)
           ^^^^^^^^^^^^^^
_ _ _ _ _ _ _ _ _ _ _ _ _ _ _ _ _ _ _ _ _ _ _ _ _ _ _ _ _ _ _ _ _ _ _ _ _ _ _ _ 

con = &lt;_duckdb.DuckDBPyConnection object at 0x12c08dc30&gt;
obj = pyarrow.Table
repo: string
commit: string
modules: struct&lt;pkg.mod_a: string, pkg.mod_b: string, pkg.mod_c: string&gt;
  c... string
["pkg/mod_c.py"]]
overlays: [
  -- is_valid: all not null]
generated_at: [["2025-12-28T23:22:31.690791+00:00"]]

    @contextmanager
    def registered_temp_relation(
        con: object,
        obj: object,
        *,
        prefix: str = "ci_tmp_",
    ) -&gt; Iterator[str]:
        """Register an object on a DuckDB connection and unregister it on exit.
    
        Parameters
        ----------
        con
            DuckDB connection object exposing `register(name, obj)` and
            `unregister(name)` methods.
        obj
            Object to register (e.g., Polars DataFrame, pyarrow Table).
        prefix
            Prefix used to generate a unique registered name.
    
        Yields
        ------
        str
            Registered relation name.
    
        Raises
        ------
        TypeError
            If the connection does not support `register`/`unregister`.
        """
        register = getattr(con, "register", None)
        unregister = getattr(con, "unregister", None)
        if not callable(register) or not callable(unregister):
            msg = "DuckDB connection must support register(name, obj) and unregister(name)"
            raise TypeError(msg)
    
        safe_prefix = prefix.strip() or "ci_tmp_"
        name = f"{safe_prefix}{new_uuid_hex()}"
&gt;       register(name, obj)
E       _duckdb.InvalidInputException: Invalid Input Error: Attempted to convert a STRUCT with no fields to DuckDB which is not supported

src/codeintel/storage/staging.py:56: InvalidInputException</error></testcase><testcase classname="tests.serving.semantic.test_routing" name="test_auto_preference_prefers_duckdb_for_unregistered_views" time="20.312"><error message="failed on setup with &quot;_duckdb.InvalidInputException: Invalid Input Error: Attempted to convert a STRUCT with no fields to DuckDB which is not supported&quot;">fixturedef = &lt;FixtureDef argname='_session_schema_service' scope='session' baseid='tests'&gt;
request = &lt;SubRequest '_session_schema_service' for &lt;Function test_auto_preference_prefers_duckdb_for_unregistered_views&gt;&gt;

    @pytest.hookimpl(wrapper=True)
    def pytest_fixture_setup(fixturedef: FixtureDef, request) -&gt; object | None:
        asyncio_mode = _get_asyncio_mode(request.config)
        if not _is_asyncio_fixture_function(fixturedef.func):
            if asyncio_mode == Mode.STRICT:
                # Ignore async fixtures without explicit asyncio mark in strict mode
                # This applies to pytest_trio fixtures, for example
                return (yield)
            if not _is_coroutine_or_asyncgen(fixturedef.func):
&gt;               return (yield)
                        ^^^^^

.venv/lib/python3.13/site-packages/pytest_asyncio/plugin.py:730: 
_ _ _ _ _ _ _ _ _ _ _ _ _ _ _ _ _ _ _ _ _ _ _ _ _ _ _ _ _ _ _ _ _ _ _ _ _ _ _ _ 
tests/conftest.py:313: in _session_schema_service
    runtime: RuntimeBundle = request.getfixturevalue("hamilton_runtime")
                             ^^^^^^^^^^^^^^^^^^^^^^^^^^^^^^^^^^^^^^^^^^^
.venv/lib/python3.13/site-packages/pytest_asyncio/plugin.py:730: in pytest_fixture_setup
    return (yield)
            ^^^^^
tests/conftest.py:267: in runtime_env
    ctx = TestScenario.minimal().build(tmp_path_factory.mktemp("hamilton-runtime"))
          ^^^^^^^^^^^^^^^^^^^^^^^^^^^^^^^^^^^^^^^^^^^^^^^^^^^^^^^^^^^^^^^^^^^^^^^^^
tests/_helpers/scenarios.py:251: in build
    ctx.require(pack)
tests/_helpers/context.py:328: in require
    self._apply_pack(pack)
tests/_helpers/context.py:345: in _apply_pack
    pack.apply(self)
tests/_helpers/seeds/core.py:108: in apply
    self._seed_repo_map(ctx, now, selected_modules)
tests/_helpers/seeds/core.py:136: in _seed_repo_map
    insert_rows(
tests/_helpers/builders/row_protocol.py:140: in insert_rows
    result = materialize_table_from_rows(
tests/_helpers/columnar_tables.py:85: in materialize_table_from_rows
    return warehouse.materialize_table(table_key, table, options=options)
           ^^^^^^^^^^^^^^^^^^^^^^^^^^^^^^^^^^^^^^^^^^^^^^^^^^^^^^^^^^^^^^
src/codeintel/storage/warehouse.py:274: in materialize_table
    return _materialize_with_writer(ctx, options=active, writer=_write)
           ^^^^^^^^^^^^^^^^^^^^^^^^^^^^^^^^^^^^^^^^^^^^^^^^^^^^^^^^^^^^
src/codeintel/storage/warehouse.py:671: in _materialize_with_writer
    rows_written = writer()
                   ^^^^^^^^
src/codeintel/storage/warehouse.py:260: in _write
    return _write_tabular(
src/codeintel/storage/warehouse.py:810: in _write_tabular
    with registered_temp_relation(gateway.con, relation, prefix="ci_tab_") as name:
         ^^^^^^^^^^^^^^^^^^^^^^^^^^^^^^^^^^^^^^^^^^^^^^^^^^^^^^^^^^^^^^^^^
/opt/homebrew/Cellar/python@3.13/3.13.11/Frameworks/Python.framework/Versions/3.13/lib/python3.13/contextlib.py:141: in __enter__
    return next(self.gen)
           ^^^^^^^^^^^^^^
_ _ _ _ _ _ _ _ _ _ _ _ _ _ _ _ _ _ _ _ _ _ _ _ _ _ _ _ _ _ _ _ _ _ _ _ _ _ _ _ 

con = &lt;_duckdb.DuckDBPyConnection object at 0x12beca270&gt;
obj = pyarrow.Table
repo: string
commit: string
modules: struct&lt;pkg.mod_a: string, pkg.mod_b: string, pkg.mod_c: string&gt;
  c... string
["pkg/mod_c.py"]]
overlays: [
  -- is_valid: all not null]
generated_at: [["2025-12-28T23:22:31.741341+00:00"]]

    @contextmanager
    def registered_temp_relation(
        con: object,
        obj: object,
        *,
        prefix: str = "ci_tmp_",
    ) -&gt; Iterator[str]:
        """Register an object on a DuckDB connection and unregister it on exit.
    
        Parameters
        ----------
        con
            DuckDB connection object exposing `register(name, obj)` and
            `unregister(name)` methods.
        obj
            Object to register (e.g., Polars DataFrame, pyarrow Table).
        prefix
            Prefix used to generate a unique registered name.
    
        Yields
        ------
        str
            Registered relation name.
    
        Raises
        ------
        TypeError
            If the connection does not support `register`/`unregister`.
        """
        register = getattr(con, "register", None)
        unregister = getattr(con, "unregister", None)
        if not callable(register) or not callable(unregister):
            msg = "DuckDB connection must support register(name, obj) and unregister(name)"
            raise TypeError(msg)
    
        safe_prefix = prefix.strip() or "ci_tmp_"
        name = f"{safe_prefix}{new_uuid_hex()}"
&gt;       register(name, obj)
E       _duckdb.InvalidInputException: Invalid Input Error: Attempted to convert a STRUCT with no fields to DuckDB which is not supported

src/codeintel/storage/staging.py:56: InvalidInputException</error></testcase></testsuite></testsuites>