<?xml version="1.0" encoding="utf-8"?><testsuites name="pytest tests"><testsuite name="pytest" errors="0" failures="0" skipped="0" tests="51" time="8.803" timestamp="2025-12-01T12:33:03.524676-05:00" hostname="paul-X870-AORUS-ELITE-WIFI7"><testcase classname="tests.config.test_composite_schemas" name="test_source_column_names_includes_shared" time="0.001" /><testcase classname="tests.config.test_composite_schemas" name="test_composition_matches_composite_schemas" time="0.001" /><testcase classname="tests.config.test_composite_schemas" name="test_composite_schema_validation_passes[function_profile]" time="0.001" /><testcase classname="tests.config.test_composite_schemas" name="test_source_column_names_applies_mappings" time="0.001" /><testcase classname="tests.config.test_composite_schemas" name="test_composite_schema_validation_passes[module_profile]" time="0.001" /><testcase classname="tests.config.test_composite_schemas" name="test_composite_has_sources[test_profile]" time="0.001" /><testcase classname="tests.config.test_composite_schemas" name="test_composite_schema_sources_exist[module_profile]" time="0.001" /><testcase classname="tests.config.test_composite_schemas" name="test_get_source_for_column_shared" time="0.001" /><testcase classname="tests.config.test_composite_schemas" name="test_composite_schema_profile_exists[function_profile]" time="0.001" /><testcase classname="tests.config.test_composite_schemas" name="test_profile_contracts_have_composition" time="0.001" /><testcase classname="tests.config.test_composite_schemas" name="test_get_source_for_column_additional" time="0.001" /><testcase classname="tests.config.test_composite_schemas" name="test_composite_has_shared_fragments[test_profile]" time="0.001" /><testcase classname="tests.config.test_composite_schemas" name="test_composite_schema_profile_exists[module_profile]" time="0.001" /><testcase classname="tests.config.test_composite_schemas" name="test_composite_schema_sources_exist[function_profile]" time="0.001" /><testcase classname="tests.config.test_composite_schemas" name="test_composite_has_shared_fragments[file_profile]" time="0.001" /><testcase classname="tests.config.test_composite_schemas" name="test_composite_has_sources[file_profile]" time="0.001" /><testcase classname="tests.config.test_composite_schemas" name="test_source_column_names_excludes_excluded" time="0.000" /><testcase classname="tests.config.test_composite_schemas" name="test_get_source_for_column_mapped" time="0.000" /><testcase classname="tests.config.test_composite_schemas" name="test_composite_has_shared_fragments[module_profile]" time="0.001" /><testcase classname="tests.config.test_composite_schemas" name="test_all_profiles_have_composite_schemas" time="0.000" /><testcase classname="tests.config.test_composite_schemas" name="test_composite_schema_sources_exist[file_profile]" time="0.000" /><testcase classname="tests.config.test_composite_schemas" name="test_composite_schema_validation_passes[test_profile]" time="0.000" /><testcase classname="tests.config.test_composite_schemas" name="test_get_source_for_column_unique" time="0.000" /><testcase classname="tests.config.test_composite_schemas" name="test_composite_schema_sources_exist[test_profile]" time="0.000" /><testcase classname="tests.config.test_composite_schemas" name="test_composite_has_sources[module_profile]" time="0.000" /><testcase classname="tests.config.test_composite_schemas" name="test_composite_has_shared_fragments[function_profile]" time="0.001" /><testcase classname="tests.config.test_dataset_contract" name="test_json_schema_map_matches_contracts" time="0.000" /><testcase classname="tests.config.test_dataset_contract" name="test_all_tables_have_contracts" time="0.000" /><testcase classname="tests.config.test_composite_schemas" name="test_composite_has_sources[function_profile]" time="0.001" /><testcase classname="tests.config.test_composite_schemas" name="test_composite_schema_profile_exists[test_profile]" time="0.000" /><testcase classname="tests.config.test_dataset_contract" name="test_capabilities_shape" time="0.000" /><testcase classname="tests.config.test_composite_schemas" name="test_non_profile_contracts_no_composition" time="0.000" /><testcase classname="tests.config.test_composite_schemas" name="test_composite_schema_validation_passes[file_profile]" time="0.000" /><testcase classname="tests.config.test_composite_schemas" name="test_composite_schema_profile_exists[file_profile]" time="0.001" /><testcase classname="tests.config.test_serving_models_paths" name="test_serving_config_normalizes_db_path_when_provided" time="0.001" /><testcase classname="tests.config.test_dataset_contract" name="test_contract_derived_columns_match_schemas" time="0.001" /><testcase classname="tests.config.test_dataset_contract" name="test_row_models_column_constants_match_contracts" time="0.000" /><testcase classname="tests.config.test_subsystems_config" name="test_overrides_are_applied_and_typed" time="0.001" /><testcase classname="tests.config.test_serving_models_paths" name="test_serving_config_defaults_db_path_when_missing" time="0.001" /><testcase classname="tests.config.test_graph_feature_flags" name="test_graph_runtime_options_resolve_eager_flag" time="0.001" /><testcase classname="tests.config.test_serving_graph_features" name="test_serving_config_from_env_graph_features" time="0.001" /><testcase classname="tests.config.test_serving_models_paths" name="test_normalize_optional_path_resolves_strings" time="0.001" /><testcase classname="tests.config.test_serving_models_paths" name="test_normalize_optional_path_handles_none" time="0.000" /><testcase classname="tests.config.test_dataset_contract" name="test_column_names_method" time="0.000" /><testcase classname="tests.config.test_subsystems_config" name="test_invalid_overrides_raise[overrides0-integer]" time="0.001" /><testcase classname="tests.config.test_subsystems_config" name="test_invalid_overrides_raise[overrides1-integer]" time="0.001" /><testcase classname="tests.config.test_dataset_contract" name="test_delete_sql_covers_repo_commit_tables" time="0.000" /><testcase classname="tests.config.test_graph_feature_flags" name="test_graph_feature_flags_validate_limit" time="0.001" /><testcase classname="tests.config.test_serving_graph_features" name="test_serving_config_validates_graph_features" time="0.002" /><testcase classname="tests.config.test_subsystems_config" name="test_invalid_overrides_raise[overrides2-numeric]" time="0.001" /><testcase classname="tests.config.test_ingestion_schema_registry" name="test_ingestion_sql_tables_match_schema" time="3.840" /></testsuite></testsuites>