<?xml version="1.0" encoding="utf-8"?><testsuites name="pytest tests"><testsuite name="pytest" errors="0" failures="0" skipped="0" tests="17" time="48.718" timestamp="2025-12-25T13:38:11.022782-06:00" hostname="MacBookPro.lan"><testcase classname="tests.analytics.test_profiles_and_functions" name="test_complexity_metrics_and_buckets" time="0.003" /><testcase classname="tests.analytics.test_profiles_and_functions" name="test_complexity_counts_and_attributes" time="0.004" /><testcase classname="tests.analytics.test_profiles_and_functions" name="test_exports_helper_lists_public_names" time="0.001" /><testcase classname="tests.analytics.test_profiles_and_functions" name="test_loc_and_logical_line_counts" time="0.002" /><testcase classname="tests.analytics.test_profiles_and_functions" name="test_param_stats_and_typedness_flags" time="0.005" /><testcase classname="tests.analytics.test_profiles_and_functions" name="test_profile_tuple_alignment" time="0.004" /><testcase classname="tests.analytics.test_profiles_and_functions" name="test_extract_profile_features_classifies_boundaries" time="0.001" /><testcase classname="tests.analytics.test_profiles_and_functions" name="test_test_and_behavioral_profile_writers" time="13.353" /><testcase classname="tests.analytics.test_functions_validation" name="test_records_validation_when_parse_fails" time="13.030" /><testcase classname="tests.analytics.test_functions_validation" name="test_span_not_found_is_recorded" time="13.071" /><testcase classname="tests.analytics.test_profiles_and_functions" name="test_signature_extraction_variants" time="0.001" /><testcase classname="tests.analytics.test_profiles_and_functions" name="test_coverage_aggregates_and_function_metrics" time="13.147" /><testcase classname="tests.analytics.test_profiles_and_functions" name="test_profile_builders_aggregate_expected_fields" time="13.826" /><testcase classname="tests.analytics.test_profiles_and_functions" name="test_aggregate_function_metrics_and_stats" time="0.001" /><testcase classname="tests.analytics.test_profiles_and_functions" name="test_profile_quality_score_bounds_and_weights" time="0.001" /><testcase classname="tests.analytics.test_profiles_and_functions" name="test_function_metric_inputs_and_aggregates_defaults" time="0.001" /><testcase classname="tests.analytics.test_profiles_and_functions" name="test_function_types_seed_alignment" time="11.858" /></testsuite></testsuites>