<?xml version="1.0" encoding="utf-8"?><testsuites name="pytest tests"><testsuite name="pytest" errors="0" failures="0" skipped="2" tests="70" time="22.119" timestamp="2025-12-08T12:47:21.608318-05:00" hostname="paul-X870-AORUS-ELITE-WIFI7"><testcase classname="tests.mcp.test_architecture_tools" name="test_graph_plugin_plan_parsing_strict_selection_raises" time="0.009" /><testcase classname="tests.mcp.test_function_tools" name="test_function_tool_sets_scope_and_resets_context" time="0.001" /><testcase classname="tests.mcp.test_server" name="test_create_mcp_server_requires_gateway_for_local_db" time="0.001" /><testcase classname="tests.mcp.test_profile_tools" name="test_profile_tools_skip_auto_pipeline_without_gateway" time="0.001" /><testcase classname="tests.mcp.test_registry_limits_parity" name="test_registry_helper_matches_base_registry" time="0.001" /><testcase classname="tests.mcp.test_function_tools" name="test_function_tool_invokes_auto_pipeline" time="0.001" /><testcase classname="tests.mcp.test_architecture_tools" name="test_graph_plugin_plan_validation_style_strict_failure" time="0.009" /><testcase classname="tests.mcp.test_dataset_tools" name="test_register_dataset_tools_registers_and_executes" time="0.001" /><testcase classname="tests.mcp.test_function_tools" name="test_register_function_tools_registers_and_executes" time="0.001" /><testcase classname="tests.mcp.test_meta_tools" name="test_list_operations_applies_limit_defaults" time="0.001" /><testcase classname="tests.mcp.test_backend_surface" name="test_dataset_rows_and_schema_forwarding" time="0.002" /><testcase classname="tests.mcp.test_architecture_tools" name="test_register_architecture_tools_registers_and_executes" time="0.002" /><testcase classname="tests.mcp.test_profile_tools" name="test_register_profile_tools_registers_and_serializes" time="0.001" /><testcase classname="tests.mcp.test_architecture_tools" name="test_graph_plugin_plan_selection_policy_behavior[SelectionPolicy.LENIENT-skip-missing_graph]" time="0.011" /><testcase classname="tests.mcp.test_meta_tools" name="test_register_meta_tools_registers_expected_tools" time="0.001" /><testcase classname="tests.mcp.test_dataset_tools" name="test_dataset_tool_invokes_auto_pipeline" time="0.001" /><testcase classname="tests.mcp.test_architecture_tools" name="test_architecture_tools_type_error_matches_backend_signature" time="0.002" /><testcase classname="tests.mcp.test_architecture_tools" name="test_graph_plugin_plan_dependency_skip_records_missing" time="0.009" /><testcase classname="tests.mcp.test_dataset_tools" name="test_serialize_payload_uses_validator_fallback" time="0.001" /><testcase classname="tests.mcp.test_dataset_tools" name="test_serialize_list_payload_passes_through_raw_dicts" time="0.001" /><testcase classname="tests.mcp.test_backend_surface" name="test_list_datasets_serializes_mixed_inputs" time="0.001" /><testcase classname="tests.mcp.test_tool_builder" name="test_build_tool_from_operation_missing_backend_method" time="0.001" /><testcase classname="tests.mcp.test_server" name="test_main_uses_register_tools_and_runs" time="0.001" /><testcase classname="tests.mcp.test_function_tools" name="test_function_tool_from_domain_path" time="0.001" /><testcase classname="tests.mcp.test_registry_limits_parity" name="test_limits_parity_between_local_and_remote_configs" time="0.001" /><testcase classname="tests.mcp.test_dataset_tools" name="test_serialize_list_payload_prefers_model_dump_when_no_model_cls" time="0.001" /><testcase classname="tests.mcp.test_meta_dataflow_tools" name="test_explain_dataset_tool_smoke" time="0.008"><skipped type="pytest.skip" message="FastMCP tools registry not available">/home/paul/CodeIntel/tests/mcp/test_meta_dataflow_tools.py:17: FastMCP tools registry not available</skipped></testcase><testcase classname="tests.mcp.test_meta_tools" name="test_explain_dataset_returns_error_for_unknown_id" time="0.001" /><testcase classname="tests.mcp.test_server" name="test_create_mcp_server_uses_register_tools_fn" time="0.007" /><testcase classname="tests.mcp.test_architecture_tools" name="test_architecture_tools_wrap_mcp_error" time="0.001" /><testcase classname="tests.mcp.test_backend_surface" name="test_backend_raises_problem_detail_on_service_errors" time="0.000" /><testcase classname="tests.mcp.test_function_tools" name="test_function_tool_resets_context_on_error" time="0.001" /><testcase classname="tests.mcp.test_meta_tools" name="test_list_datasets_returns_problem_on_missing_field" time="0.001" /><testcase classname="tests.mcp.test_dataset_tools" name="test_serialize_payload_passes_through_raw_dict_when_no_model" time="0.001" /><testcase classname="tests.mcp.test_architecture_tools" name="test_graph_plugin_plan_lenient_selection_skips_unknown" time="0.013" /><testcase classname="tests.mcp.test_profile_tools" name="test_profile_tools_wrap_mcp_error" time="0.001" /><testcase classname="tests.mcp.test_function_tools" name="test_serialize_payload_validator_path" time="0.001" /><testcase classname="tests.mcp.test_backend_surface" name="test_backend_forwards_service_calls_and_serializes_profiles" time="0.001" /><testcase classname="tests.mcp.test_dataset_tools" name="test_dataset_tool_resets_context_on_error" time="0.001" /><testcase classname="tests.mcp.test_duckdb_backend_engine" name="test_duckdb_backend_uses_injected_engine" time="1.227" /><testcase classname="tests.mcp.test_tool_builder" name="test_register_tools_for_category_registers_expected_tools" time="0.001" /><testcase classname="tests.mcp.test_tools_base" name="test_register_tools_registers_all_categories" time="0.001" /><testcase classname="tests.mcp.test_architecture_tools" name="test_graph_plugin_plan_parsing_defaults_lenient_skip" time="0.011" /><testcase classname="tests.mcp.test_architecture_tools" name="test_graph_plugin_plan_selection_policy_behavior[SelectionPolicy.STRICT-raise-is not registered]" time="0.017" /><testcase classname="tests.mcp.test_architecture_tools" name="test_graph_plugin_plan_dependency_strict_raises_missing" time="0.012" /><testcase classname="tests.mcp.test_function_tools" name="test_function_tool_passes_through_raw_dict_when_no_model" time="0.001" /><testcase classname="tests.mcp.test_tool_builder" name="test_build_tool_from_operation_model_serialization" time="0.001" /><testcase classname="tests.mcp.test_tool_builder" name="test_build_tool_auto_pipeline_invokes_prereqs" time="0.001" /><testcase classname="tests.mcp.test_auto_pipeline_wrapper" name="test_wrap_tool_with_prereqs_invokes_prereq_then_tool" time="0.001" /><testcase classname="tests.mcp.test_tools" name="test_tools_exports_serving_config_and_mode" time="0.002" /><testcase classname="tests.mcp.test_tools_module" name="test_tools_exports_serving_config_and_mode" time="0.002" /><testcase classname="tests.mcp.test_backend_dataset_adapter" name="test_read_dataset_rows_delegates" time="6.734" /><testcase classname="tests.mcp.test_backend" name="test_dataset_rows_clamping" time="6.734" /><testcase classname="tests.mcp.test_backend_adapter" name="test_validate_direction_accepts_expected" time="6.734" /><testcase classname="tests.mcp.test_wiring_smoke" name="test_mcp_wiring_smoke" time="7.301" /><testcase classname="tests.mcp.test_backend" name="test_get_tests_for_function_invalid" time="6.751" /><testcase classname="tests.mcp.test_backend" name="test_function_validation_clamping" time="6.753" /><testcase classname="tests.mcp.test_backend" name="test_callgraph_direction_validation" time="6.758" /><testcase classname="tests.mcp.test_backend" name="test_read_function_validation_dataset" time="6.778" /><testcase classname="tests.mcp.test_backend" name="test_get_function_summary" time="6.776" /><testcase classname="tests.mcp.test_backend_surface" name="test_async_get_and_close_use_client_methods[asyncio]" time="0.002" /><testcase classname="tests.mcp.test_request_context_mcp" name="test_mcp_tools_set_request_context" time="7.012"><skipped type="pytest.skip" message="FastMCP tools registry not available">/home/paul/CodeIntel/tests/mcp/test_request_context_mcp.py:39: FastMCP tools registry not available</skipped></testcase><testcase classname="tests.mcp.test_tools_base" name="test_register_tools_for_category_type_error_propagates" time="0.001" /><testcase classname="tests.mcp.test_backend_adapter" name="test_backend_delegates_after_validation" time="6.572" /><testcase classname="tests.mcp.test_backend_adapter" name="test_require_identifier_validation" time="6.558" /><testcase classname="tests.mcp.test_backend" name="test_tests_for_function_not_found" time="6.614" /><testcase classname="tests.mcp.test_backend" name="test_get_tests_for_function" time="6.589" /><testcase classname="tests.mcp.test_backend" name="test_read_dataset_rows_unknown" time="6.611" /><testcase classname="tests.mcp.test_backend" name="test_get_function_summary_invalid" time="6.587" /><testcase classname="tests.mcp.test_backend" name="test_dataset_list_includes_function_validation" time="6.590" /></testsuite></testsuites>