<?xml version="1.0" encoding="utf-8"?><testsuites name="pytest tests"><testsuite name="pytest" errors="0" failures="7" skipped="0" tests="558" time="37.192" timestamp="2025-12-14T12:52:00.538275-05:00" hostname="paul-X870-AORUS-ELITE-WIFI7"><testcase classname="tests.cli.commands.test_jobs.TestGetJobOutput" name="test_get_nonexistent_job_output" time="0.002" /><testcase classname="tests.cli.commands.test_dataset_info_flow" name="test_dataset_info_structured_for_registered_dataset" time="0.100" /><testcase classname="tests.cli.commands.test_decorators" name="test_extract_params_excludes_infrastructure_fields" time="0.003" /><testcase classname="tests.cli.commands.test_decorators" name="test_cli_command_extracts_group_from_operation_id" time="0.080" /><testcase classname="tests.cli.golden.test_golden_output" name="test_validation_error_format" time="0.030" /><testcase classname="tests.cli.commands.test_jobs.TestGetJobStatus" name="test_get_existing_job" time="0.003" /><testcase classname="tests.cli.commands.test_dataset_info_flow" name="test_dataset_info_handler_with_valid_table_key" time="0.086" /><testcase classname="tests.cli.commands.test_jobs.TestCleanupJobs" name="test_cleanup_custom_age" time="0.003" /><testcase classname="tests.cli.commands.test_decorators" name="test_command_config_is_frozen" time="0.002" /><testcase classname="tests.cli.config.test_service" name="test_config_service_load_with_overrides" time="0.002" /><testcase classname="tests.cli.commands.test_decorators" name="test_get_output_format_defaults_to_text" time="0.003" /><testcase classname="tests.cli.config.test_service" name="test_config_service_cyclopts_config_chain_first_is_callable" time="0.002" /><testcase classname="tests.cli.contract.test_cli_result_contract" name="test_fail_classmethod_creates_failure" time="0.002" /><testcase classname="tests.cli.execution.test_bootstrap.TestBootstrapCli" name="test_configures_logging_at_info" time="0.004" /><testcase classname="tests.cli.config.test_config_integration" name="test_make_root_app_has_expected_properties" time="0.003" /><testcase classname="tests.cli.commands.test_decorators" name="test_cli_command_generates_call_method" time="0.083" /><testcase classname="tests.cli.commands.test_dataset_info_flow" name="test_dataset_info_result_to_dict" time="0.002" /><testcase classname="tests.cli.config.test_config_integration" name="test_default_path_when_no_file" time="0.002" /><testcase classname="tests.cli.execution.test_registry" name="test_hidden_and_group_filter" time="0.002" /><testcase classname="tests.cli.golden.test_golden_output" name="test_build_status_text_output" time="0.032" /><testcase classname="tests.cli.execution.test_registry" name="test_registry_contains" time="0.002" /><testcase classname="tests.cli.execution.test_registry" name="test_global_get_registry_returns_same_instance" time="0.077" /><testcase classname="tests.cli.commands.test_decorators" name="test_extract_params_from_non_dataclass" time="0.001" /><testcase classname="tests.cli.commands.test_decorators" name="test_get_output_format_prefers_field_over_flag" time="0.001" /><testcase classname="tests.cli.commands.test_jobs.TestGetJobStatus" name="test_get_nonexistent_job" time="0.001" /><testcase classname="tests.cli.contract.test_cli_result_contract" name="test_fail_with_warnings" time="0.001" /><testcase classname="tests.cli.contract.test_cli_result_contract" name="test_json_serialization_roundtrip" time="0.001" /><testcase classname="tests.cli.execution.test_bootstrap.TestBootstrapCli" name="test_returns_config" time="0.003" /><testcase classname="tests.cli.execution.test_bootstrap.TestBootstrapCli" name="test_loads_config_when_not_provided" time="0.002" /><testcase classname="tests.cli.contract.test_cli_result_contract" name="test_problem_detail_required_fields" time="0.002" /><testcase classname="tests.cli.contract.test_cli_result_contract" name="test_problem_detail_optional_fields" time="0.001" /><testcase classname="tests.cli.contract.test_cli_result_contract" name="test_full_problem_detail" time="0.001" /><testcase classname="tests.cli.execution.test_registry" name="test_global_register_operation_returns_spec" time="0.090" /><testcase classname="tests.cli.config.test_service" name="test_config_service_get_toml_config_path_returns_path_or_none" time="0.001" /><testcase classname="tests.cli.config.test_service" name="test_config_service_load_from_explicit_path" time="0.003" /><testcase classname="tests.cli.config.test_config_integration" name="test_env_overrides_file" time="0.002" /><testcase classname="tests.cli.config.test_config_integration" name="test_cli_overrides_env" time="0.001" /><testcase classname="tests.cli.execution.test_registry" name="test_registry_get_existing" time="0.002" /><testcase classname="tests.cli.execution.test_registry" name="test_registry_get_missing_returns_none" time="0.001" /><testcase classname="tests.cli.execution.test_registry" name="test_registry_require_existing" time="0.001" /><testcase classname="tests.cli.execution.test_bootstrap.TestBootstrapCli" name="test_idempotent_second_call_returns_cached" time="0.001" /><testcase classname="tests.cli.execution.test_bootstrap.TestBootstrapCli" name="test_configures_logging_at_warning" time="0.001" /><testcase classname="tests.cli.execution.test_bootstrap.TestResetBootstrap" name="test_allows_reinitialize" time="0.001" /><testcase classname="tests.cli.execution.test_registry" name="test_spec_creation_with_all_fields" time="0.003" /><testcase classname="tests.cli.execution.test_registry" name="test_spec_immutability" time="0.001" /><testcase classname="tests.cli.execution.test_registry" name="test_registry_register_operation" time="0.001" /><testcase classname="tests.cli.execution.test_bootstrap.TestIsBootstrapped" name="test_true_after_bootstrap" time="0.003" /><testcase classname="tests.cli.execution.test_bootstrap.TestIsBootstrapped" name="test_false_after_reset" time="0.002" /><testcase classname="tests.cli.execution.test_registry" name="test_spec_creation_required_fields" time="0.000" /><testcase classname="tests.cli.commands.test_jobs.TestListJobs" name="test_list_all_jobs" time="0.001" /><testcase classname="tests.cli.commands.test_jobs.TestListJobs" name="test_list_filtered_by_status" time="0.001" /><testcase classname="tests.cli.commands.test_decorators" name="test_get_path_field_returns_path" time="0.001" /><testcase classname="tests.cli.commands.test_jobs.TestGetJobOutput" name="test_get_completed_job_output" time="0.001" /><testcase classname="tests.cli.commands.test_jobs.TestCancelJob" name="test_cancel_running_job" time="0.001" /><testcase classname="tests.cli.commands.test_jobs.TestCancelJob" name="test_cancel_completed_job" time="0.000" /><testcase classname="tests.cli.config.test_service" name="test_config_service_with_overrides" time="0.001" /><testcase classname="tests.cli.config.test_service" name="test_config_service_sources_tracking" time="0.001" /><testcase classname="tests.cli.commands.test_decorators" name="test_get_path_field_returns_none_when_missing" time="0.003" /><testcase classname="tests.cli.commands.test_decorators" name="test_get_path_field_tries_multiple_names" time="0.001" /><testcase classname="tests.cli.commands.test_decorators" name="test_get_path_field_returns_none_for_none_value" time="0.001" /><testcase classname="tests.cli.commands.test_decorators" name="test_get_output_format_from_field" time="0.002" /><testcase classname="tests.cli.execution.test_registry" name="test_registry_list_groups" time="0.002" /><testcase classname="tests.cli.execution.test_registry" name="test_registry_unregister_existing" time="0.001" /><testcase classname="tests.cli.execution.test_registry" name="test_registry_unregister_missing" time="0.001" /><testcase classname="tests.cli.execution.test_registry" name="test_registry_list_operations_empty" time="0.002" /><testcase classname="tests.cli.execution.test_registry" name="test_registry_list_operations_sorted" time="0.001" /><testcase classname="tests.cli.execution.test_registry" name="test_registry_list_operations_by_group" time="0.001" /><testcase classname="tests.cli.commands.test_dataset_info_flow" name="test_dataset_info_result_empty_metadata" time="0.001" /><testcase classname="tests.cli.commands.test_dataset_info_flow" name="test_dataset_flow_result_to_dict" time="0.000" /><testcase classname="tests.cli.contract.test_cli_result_contract" name="test_error_result_has_problem_detail" time="0.002" /><testcase classname="tests.cli.contract.test_cli_result_contract" name="test_json_serialization_success" time="0.001" /><testcase classname="tests.cli.contract.test_cli_result_contract" name="test_json_serialization_error" time="0.001" /><testcase classname="tests.cli.contract.test_cli_result_contract" name="test_metadata_preserved" time="0.002" /><testcase classname="tests.cli.contract.test_cli_result_contract" name="test_to_dict_structure" time="0.001" /><testcase classname="tests.cli.contract.test_cli_result_contract" name="test_error_to_dict_structure" time="0.001" /><testcase classname="tests.cli.config.test_config_integration" name="test_env_override_path" time="0.001" /><testcase classname="tests.cli.config.test_config_integration" name="test_search_default_locations" time="0.001" /><testcase classname="tests.cli.commands.test_jobs.TestGetJobOutput" name="test_get_running_job_output" time="0.000" /><testcase classname="tests.cli.commands.test_decorators" name="test_get_path_field_converts_string" time="0.001" /><testcase classname="tests.cli.contract.test_cli_result_contract" name="test_dataclass_data_serialization" time="0.001" /><testcase classname="tests.cli.handlers.test_deprecation_warnings" name="test_placeholder" time="0.000" /><testcase classname="tests.cli.contract.test_cli_result_contract" name="test_to_dict_rfc9457_compliance" time="0.001" /><testcase classname="tests.cli.commands.test_jobs.TestJobInfoSerialization" name="test_to_dict_omits_none" time="0.000" /><testcase classname="tests.cli.commands.test_jobs.TestJobInfoSerialization" name="test_to_dict_includes_values" time="0.000" /><testcase classname="tests.cli.contract.test_cli_result_contract" name="test_success_result_has_data" time="0.001" /><testcase classname="tests.cli.handlers.test_docs" name="test_docs_export_result_to_dict" time="0.000" /><testcase classname="tests.cli.commands.test_decorators" name="test_get_output_format_from_json_flag" time="0.001" /><testcase classname="tests.cli.handlers.test_datasets" name="test_dataset_snapshot_result_to_dict" time="0.001" /><testcase classname="tests.cli.handlers.test_datasets" name="test_dataset_diff_result_to_dict" time="0.000" /><testcase classname="tests.cli.handlers.test_datasets" name="test_dataset_diff_result_no_differences" time="0.000" /><testcase classname="tests.cli.handlers.test_docs" name="test_docs_validate_result_with_issues" time="0.001" /><testcase classname="tests.cli.handlers.test_docs" name="test_export_mode_values" time="0.000" /><testcase classname="tests.cli.config.test_config_integration" name="test_sources_tracking" time="0.001" /><testcase classname="tests.cli.handlers.test_docs" name="test_docs_export_result_with_none_datasets" time="0.000" /><testcase classname="tests.cli.golden.test_golden_output" name="test_update_mode_creates_file" time="0.002" /><testcase classname="tests.cli.handlers.test_datasets" name="test_datasets_list_result_to_dict" time="0.001" /><testcase classname="tests.cli.handlers.test_datasets" name="test_dataset_lint_result_to_dict" time="0.000" /><testcase classname="tests.cli.golden.test_golden_output" name="test_not_found_error_json" time="0.010" /><testcase classname="tests.cli.execution.test_registry" name="test_registry_require_missing_raises" time="0.001" /><testcase classname="tests.cli.execution.test_bootstrap.TestBootstrapCli" name="test_configures_logging_at_debug" time="0.001" /><testcase classname="tests.cli.commands.test_decorators" name="test_command_config_defaults" time="0.000" /><testcase classname="tests.cli.execution.test_bootstrap.TestIsBootstrapped" name="test_false_before_bootstrap" time="0.001" /><testcase classname="tests.cli.handlers.test_ops" name="test_dataset_describe_result_to_dict" time="0.000" /><testcase classname="tests.cli.handlers.test_ops" name="test_dataset_verify_result_to_dict" time="0.000" /><testcase classname="tests.cli.handlers.test_ops" name="test_op_call_result_to_dict" time="0.000" /><testcase classname="tests.cli.golden.test_golden_output" name="test_build_status_json_structure" time="0.010" /><testcase classname="tests.cli.commands.test_jobs.TestListJobs" name="test_list_with_limit" time="0.001" /><testcase classname="tests.cli.execution.test_registry" name="test_registry_register_duplicate_raises" time="0.001" /><testcase classname="tests.cli.config.test_service" name="test_config_service_cyclopts_config_chain" time="0.001" /><testcase classname="tests.cli.integration.test_full_pipeline" name="test_config_affects_output_format" time="0.042" /><testcase classname="tests.cli.commands.test_jobs.TestCleanupJobs" name="test_cleanup_default_age" time="0.001" /><testcase classname="tests.cli.handlers.test_ops" name="test_op_list_handler_returns_ok" time="0.001" /><testcase classname="tests.cli.handlers.test_ops" name="test_op_list_handler_filters_by_category" time="0.000" /><testcase classname="tests.cli.handlers.test_ops" name="test_op_list_result_to_dict" time="0.000" /><testcase classname="tests.cli.execution.test_registry" name="test_spec_creation_with_defaults" time="0.001" /><testcase classname="tests.cli.execution.test_registry" name="test_registry_clear" time="0.001" /><testcase classname="tests.cli.integration.test_full_pipeline" name="test_help_shows_commands" time="0.081" /><testcase classname="tests.cli.integration.test_full_pipeline" name="test_error_includes_problem_detail_structure" time="0.038" /><testcase classname="tests.cli.golden.test_golden_output" name="test_normalize_whitespace" time="0.001" /><testcase classname="tests.cli.execution.test_registry" name="test_registry_list_excludes_hidden" time="0.001" /><testcase classname="tests.cli.commands.test_dataset_info_flow" name="test_dataset_flow_result_empty_flow" time="0.001" /><testcase classname="tests.cli.performance.test_performance" name="test_middleware_overhead_acceptable" time="0.008" /><testcase classname="tests.cli.contract.test_cli_result_contract" name="test_ok_classmethod_creates_success" time="0.001" /><testcase classname="tests.cli.performance.test_performance" name="test_version_command_fast" time="0.044" /><testcase classname="tests.cli.contract.test_cli_result_contract" name="test_warnings_preserved" time="0.001" /><testcase classname="tests.cli.property.test_validators_property" name="test_valid_strings_pass" time="0.001" /><testcase classname="tests.cli.property.test_validators_property" name="test_min_length_constraint" time="0.001" /><testcase classname="tests.cli.config.test_config_integration" name="test_make_root_app_uses_config_service" time="0.001" /><testcase classname="tests.cli.property.test_validators_property" name="test_min_value_constraint" time="0.001" /><testcase classname="tests.cli.property.test_validators_property" name="test_max_value_constraint" time="0.001" /><testcase classname="tests.cli.config.test_service" name="test_config_service_load_defaults" time="0.001" /><testcase classname="tests.cli.property.test_validators_property" name="test_boolean_config_values[False]" time="0.014" /><testcase classname="tests.cli.property.test_validators_property" name="test_unknown_keys_handled" time="0.014" /><testcase classname="tests.cli.property.test_validators_property" name="test_max_length_constraint" time="0.001" /><testcase classname="tests.cli.rendering.test_service" name="test_render_message_text" time="0.001" /><testcase classname="tests.cli.rendering.test_service" name="test_render_message_json" time="0.001" /><testcase classname="tests.cli.performance.test_performance" name="test_repeated_operations_no_memory_leak" time="0.207" /><testcase classname="tests.cli.handlers.test_docs" name="test_docs_validate_result_to_dict" time="0.001" /><testcase classname="tests.cli.handlers.test_datasets" name="test_dataset_lint_result_with_issues_to_dict" time="0.001" /><testcase classname="tests.cli.rendering.test_service" name="test_render_result_failure" time="0.001" /><testcase classname="tests.cli.rendering.test_service" name="test_render_table_text" time="0.001" /><testcase classname="tests.cli.rendering.test_service" name="test_get_renderer_respects_jsonl_format" time="0.001" /><testcase classname="tests.cli.rendering.test_service" name="test_get_renderer_respects_color_override" time="0.001" /><testcase classname="tests.cli.rendering.test_service" name="test_get_renderer_uses_custom_writer" time="0.000" /><testcase classname="tests.cli.handlers.test_ops" name="test_serve_start_result_to_dict" time="0.001" /><testcase classname="tests.cli.rendering.test_service" name="test_render_result_with_warnings" time="0.001" /><testcase classname="tests.cli.rendering.test_service" name="test_get_renderer_returns_unified_renderer" time="0.001" /><testcase classname="tests.cli.rendering.test_service" name="test_render_cli_result_success_returns_zero" time="0.001" /><testcase classname="tests.cli.handlers.test_ops" name="test_dataset_list_result_to_dict" time="0.001" /><testcase classname="tests.cli.property.test_validators_property" name="test_ok_result_is_valid" time="0.001" /><testcase classname="tests.cli.rendering.test_service" name="test_render_cli_result_failure_returns_nonzero" time="0.001" /><testcase classname="tests.cli.property.test_validators_property" name="test_fail_result_is_invalid" time="0.001" /><testcase classname="tests.cli.rendering.test_types" name="test_output_format_values" time="0.001" /><testcase classname="tests.cli.rendering.test_service" name="test_render_cli_result_creates_renderer" time="0.001" /><testcase classname="tests.cli.golden.test_golden_output" name="test_json_ignore_keys" time="0.001" /><testcase classname="tests.cli.rendering.test_types" name="test_render_context_auto_detect_tty" time="0.001" /><testcase classname="tests.cli.rendering.test_types" name="test_render_context_for_testing" time="0.001" /><testcase classname="tests.cli.rendering.test_types" name="test_render_context_auto_detect_non_tty" time="0.000" /><testcase classname="tests.cli.golden.test_golden_output" name="test_op_list_text_output" time="0.011" /><testcase classname="tests.cli.resolution.test_params" name="test_backend_flags_defaults" time="0.001" /><testcase classname="tests.cli.property.test_validators_property" name="test_integers_validate_correctly" time="0.001" /><testcase classname="tests.cli.rendering.test_service" name="test_render_table_json" time="0.001" /><testcase classname="tests.cli.resolution.test_params" name="test_runtime_params_to_dict" time="0.001" /><testcase classname="tests.cli.rendering.test_service" name="test_get_renderer_uses_custom_err_writer" time="0.001" /><testcase classname="tests.cli.resolution.test_params" name="test_runtime_params_from_cyclopts" time="0.001" /><testcase classname="tests.cli.integration.test_full_pipeline" name="test_debug_mode_includes_stack_trace" time="0.043" /><testcase classname="tests.cli.services.test_context" name="test_build_creates_context" time="0.002" /><testcase classname="tests.cli.services.test_context" name="test_with_verbosity" time="0.002" /><testcase classname="tests.cli.rendering.test_service" name="test_get_renderer_respects_json_format" time="0.001" /><testcase classname="tests.cli.services.test_context" name="test_has_storage_without_config" time="0.002" /><testcase classname="tests.cli.services.test_context" name="test_with_params_sets_params" time="0.001" /><testcase classname="tests.cli.execution.test_registry" name="test_global_reset_creates_new_instance" time="0.168" /><testcase classname="tests.cli.integration.test_full_pipeline" name="test_env_override_takes_precedence" time="0.009" /><testcase classname="tests.cli.services.test_context" name="test_with_operation_id" time="0.001" /><testcase classname="tests.cli.commands.test_decorators" name="test_cli_command_with_custom_description" time="0.082" /><testcase classname="tests.cli.resolution.test_params" name="test_runtime_params_minimal_factory" time="0.001" /><testcase classname="tests.cli.services.test_context" name="test_has_serving_without_config" time="0.001" /><testcase classname="tests.cli.resolution.test_params" name="test_runtime_params_minimal_factory_no_args" time="0.000" /><testcase classname="tests.cli.property.test_validators_property" name="test_boolean_config_values[True]" time="0.015" /><testcase classname="tests.cli.property.test_validators_property" name="test_empty_errors_means_valid" time="0.001" /><testcase classname="tests.cli.commands.test_decorators" name="test_cli_command_registers_operation" time="0.078" /><testcase classname="tests.cli.services.test_jobs" name="test_default_uses_global_manager" time="0.001" /><testcase classname="tests.cli.rendering.test_service" name="test_render_cli_result_uses_table_spec" time="0.001" /><testcase classname="tests.cli.rendering.test_types" name="test_render_context_auto_detect_with_override" time="0.001" /><testcase classname="tests.cli.services.test_jobs" name="test_with_custom_manager" time="0.001" /><testcase classname="tests.cli.commands.test_dataset_info_flow" name="test_dataset_flow_handler_with_valid_table_key" time="0.030" /><testcase classname="tests.cli.services.test_jobs" name="test_list_jobs_delegates" time="0.002" /><testcase classname="tests.cli.services.test_jobs" name="test_submit_delegates" time="0.002" /><testcase classname="tests.cli.resolution.test_params" name="test_runtime_params_defaults" time="0.001" /><testcase classname="tests.cli.services.test_jobs" name="test_get_status_delegates" time="0.001" /><testcase classname="tests.cli.services.test_jobs" name="test_cancel_delegates" time="0.002" /><testcase classname="tests.cli.integration.test_full_pipeline" name="test_telemetry_middleware_creates_spans" time="0.010" /><testcase classname="tests.cli.services.test_jobs" name="test_full_job_lifecycle" time="0.002" /><testcase classname="tests.cli.execution.test_registry" name="test_filter_by_group" time="0.001" /><testcase classname="tests.cli.resolution.test_params" name="test_runtime_params_immutable" time="0.001" /><testcase classname="tests.cli.services.test_params" name="test_get_str_returns_value" time="0.001" /><testcase classname="tests.cli.execution.test_registry" name="test_filter_by_nonexistent_group" time="0.001" /><testcase classname="tests.cli.services.test_params" name="test_get_str_converts_non_string" time="0.001" /><testcase classname="tests.cli.services.test_params" name="test_get_str_returns_none_when_missing_no_default" time="0.000" /><testcase classname="tests.cli.services.test_context" name="test_with_output_format" time="0.001" /><testcase classname="tests.cli.services.test_context" name="test_has_runtime_without_config" time="0.001" /><testcase classname="tests.cli.services.test_params" name="test_get_bool_returns_bool_value" time="0.000" /><testcase classname="tests.cli.services.test_params" name="test_get_int_parses_string" time="0.000" /><testcase classname="tests.cli.services.test_params" name="test_get_int_returns_default_for_invalid" time="0.000" /><testcase classname="tests.cli.services.test_context" name="test_storage_raises_without_config" time="0.002" /><testcase classname="tests.cli.resolution.test_params" name="test_runtime_params_from_dict" time="0.001" /><testcase classname="tests.cli.commands.test_dataset_info_flow" name="test_dataset_info_structured_for_unregistered_dataset" time="0.001" /><testcase classname="tests.cli.services.test_context" name="test_runtime_raises_without_config" time="0.001" /><testcase classname="tests.cli.services.test_params" name="test_get_path_returns_default" time="0.001" /><testcase classname="tests.cli.commands.test_dataset_info_flow" name="test_dataset_flow_structured_for_registered_dataset" time="0.031" /><testcase classname="tests.cli.services.test_params" name="test_get_str_returns_default_when_missing" time="0.001" /><testcase classname="tests.cli.services.test_context" name="test_serving_raises_without_config" time="0.001" /><testcase classname="tests.cli.execution.test_registry" name="test_include_hidden" time="0.001" /><testcase classname="tests.cli.services.test_params" name="test_get_bool_parses_truthy_strings" time="0.000" /><testcase classname="tests.cli.services.test_jobs" name="test_cleanup_delegates" time="0.002" /><testcase classname="tests.cli.services.test_jobs" name="test_get_output_delegates" time="0.001" /><testcase classname="tests.cli.services.test_params" name="test_get_list_converts_tuple" time="0.001" /><testcase classname="tests.cli.services.test_jobs" name="test_with_store" time="0.001" /><testcase classname="tests.cli.services.test_params" name="test_get_enum_parses_string_by_name" time="0.001" /><testcase classname="tests.cli.services.test_params" name="test_get_enum_returns_enum_value" time="0.001" /><testcase classname="tests.cli.services.test_params" name="test_require_int_raises_for_invalid" time="0.001" /><testcase classname="tests.cli.services.test_params" name="test_get_bool_returns_default_when_missing" time="0.001" /><testcase classname="tests.cli.services.test_params" name="test_get_path_returns_path" time="0.001" /><testcase classname="tests.cli.services.test_params" name="test_get_enum_returns_default_for_unknown" time="0.001" /><testcase classname="tests.cli.services.test_params" name="test_get_int_returns_int_value" time="0.001" /><testcase classname="tests.cli.services.test_params" name="test_get_output_format_with_json_flag" time="0.000" /><testcase classname="tests.cli.services.test_params" name="test_get_output_format_explicit" time="0.000" /><testcase classname="tests.cli.services.test_params" name="test_coerce_cli_value_int" time="0.001" /><testcase classname="tests.cli.services.test_params" name="test_require_str_returns_value" time="0.001" /><testcase classname="tests.cli.services.test_params" name="test_require_str_raises_for_missing" time="0.001" /><testcase classname="tests.cli.services.test_params" name="test_require_path_returns_value" time="0.001" /><testcase classname="tests.cli.services.test_params" name="test_get_list_wraps_single_value" time="0.001" /><testcase classname="tests.cli.services.test_params" name="test_get_int_returns_default_for_bool" time="0.001" /><testcase classname="tests.cli.services.test_params" name="test_merge_overrides_existing" time="0.001" /><testcase classname="tests.cli.integration.test_full_pipeline" name="test_validation_middleware_rejects_invalid_params" time="0.012" /><testcase classname="tests.cli.services.test_context" name="test_with_storage_enables_runtime" time="0.002" /><testcase classname="tests.cli.services.test_params" name="test_get_bool_parses_falsy_strings" time="0.001" /><testcase classname="tests.cli.services.test_runtime" name="test_from_param_service" time="0.001" /><testcase classname="tests.cli.services.test_params" name="test_coerce_cli_value_string" time="0.000" /><testcase classname="tests.cli.services.test_params" name="test_get_enum_parses_string_by_value" time="0.001" /><testcase classname="tests.cli.commands.test_dataset_info_flow" name="test_dataset_info_includes_column_names" time="0.001" /><testcase classname="tests.cli.services.test_params" name="test_get_list_returns_empty_default" time="0.001" /><testcase classname="tests.cli.services.test_runtime" name="test_is_resolved_initially_false" time="0.001" /><testcase classname="tests.cli.services.test_params" name="test_require_int_returns_value" time="0.001" /><testcase classname="tests.cli.services.test_params" name="test_get_path_preserves_path_object" time="0.001" /><testcase classname="tests.cli.services.test_runtime" name="test_runtime_property_resolves_lazily" time="0.003" /><testcase classname="tests.cli.services.test_params" name="test_get_output_format_default" time="0.001" /><testcase classname="tests.cli.services.test_serving" name="test_invoke_unknown_operation" time="0.002" /><testcase classname="tests.cli.services.test_params" name="test_get_list_returns_list" time="0.001" /><testcase classname="tests.cli.services.test_runtime" name="test_resolution_error_propagates" time="0.001" /><testcase classname="tests.cli.services.test_params" name="test_merge_creates_new_service" time="0.001" /><testcase classname="tests.cli.services.test_storage" name="test_close_is_idempotent" time="0.001" /><testcase classname="tests.cli.integration.test_full_pipeline" name="test_json_output_is_valid_json" time="0.009" /><testcase classname="tests.cli.services.test_params" name="test_require_path_raises_for_missing" time="0.001" /><testcase classname="tests.cli.services.test_serving" name="test_serialize_pydantic_model" time="0.001" /><testcase classname="tests.cli.integration.test_full_pipeline" name="test_subcommand_help" time="0.011" /><testcase classname="tests.cli.services.test_serving" name="test_serialize_primitive" time="0.001" /><testcase classname="tests.cli.services.test_runtime" name="test_explicit_overrides" time="0.001" /><testcase classname="tests.cli.services.test_storage" name="test_from_runtime" time="0.001" /><testcase classname="tests.cli.services.test_params" name="test_coerce_cli_value_float" time="0.001" /><testcase classname="tests.cli.services.test_serving" name="test_invoke_skips_prereqs_when_requested" time="0.003" /><testcase classname="tests.cli.services.test_runtime" name="test_from_dict" time="0.001" /><testcase classname="tests.cli.services.test_storage" name="test_context_manager_closes" time="0.002" /><testcase classname="tests.cli.services.test_serving" name="test_invoke_batch_success" time="0.003" /><testcase classname="tests.cli.services.test_runtime" name="test_db_path_property" time="0.002" /><testcase classname="tests.cli.services.test_params" name="test_coerce_cli_value_bool_true" time="0.001" /><testcase classname="tests.cli.services.test_serving" name="test_invoke_backend_method_not_found" time="0.004" /><testcase classname="tests.cli.services.test_serving" name="test_init" time="0.001" /><testcase classname="tests.cli.services.test_runtime" name="test_invalidate_clears_cache" time="0.001" /><testcase classname="tests.cli.services.test_storage" name="test_write_gateway_opens_writable" time="0.001" /><testcase classname="tests.cli.services.test_storage" name="test_db_path_from_runtime" time="0.001" /><testcase classname="tests.cli.services.test_serving" name="test_serialize_dataclass" time="0.001" /><testcase classname="tests.cli.shell.test_shell_mode" name="test_completer_initialization" time="0.001" /><testcase classname="tests.cli.services.test_serving" name="test_invoke_runs_prereqs_by_default" time="0.003" /><testcase classname="tests.cli.shell.test_shell_mode" name="test_parse_params_with_spaces" time="0.001" /><testcase classname="tests.cli.shell.test_shell_mode" name="test_complete_operations" time="0.001" /><testcase classname="tests.cli.services.test_storage" name="test_gateway_opens_lazily" time="0.002" /><testcase classname="tests.cli.commands.test_dataset_info_flow" name="test_dataset_info_json_schema_is_valid" time="0.001" /><testcase classname="tests.cli.services.test_storage" name="test_gateway_cached" time="0.002" /><testcase classname="tests.cli.integration.test_full_pipeline" name="test_text_output_is_human_readable" time="0.007" /><testcase classname="tests.cli.services.test_storage" name="test_is_open_initially_false" time="0.001" /><testcase classname="tests.cli.shell.test_shell_mode" name="test_session_variables" time="0.001" /><testcase classname="tests.cli.services.test_serving" name="test_invoke_batch_partial_failure" time="0.001" /><testcase classname="tests.cli.shell.test_shell_mode" name="test_get_unknown_variable" time="0.001" /><testcase classname="tests.cli.services.test_storage" name="test_gateway_raises_after_close" time="0.001" /><testcase classname="tests.cli.shell.test_shell_mode" name="test_parse_params_simple" time="0.001" /><testcase classname="tests.cli.commands.test_dataset_info_flow" name="test_dataset_flow_structured_for_unregistered_dataset" time="0.001" /><testcase classname="tests.cli.shell.test_shell_mode" name="test_quit_command" time="0.001" /><testcase classname="tests.cli.shell.test_shell_mode" name="test_set_command" time="0.089" /><testcase classname="tests.cli.services.test_storage" name="test_gateway_scope_read_only" time="0.002" /><testcase classname="tests.cli.shell.test_shell_mode" name="test_help_shows_usage" time="0.001" /><testcase classname="tests.cli.shell.test_shell_mode" name="test_variable_substitution" time="0.001" /><testcase classname="tests.cli.services.test_storage" name="test_db_path_raises_without_source" time="0.001" /><testcase classname="tests.cli.shell.test_shell_mode" name="test_complete_partial_match" time="0.089" /><testcase classname="tests.cli.shell.test_shell_mode" name="test_history_command" time="0.001" /><testcase classname="tests.cli.services.test_params" name="test_coerce_cli_value_bool_false" time="0.001" /><testcase classname="tests.cli.shell.test_shell_mode" name="test_list_shows_operations" time="0.001" /><testcase classname="tests.cli.integration.test_full_pipeline" name="test_version_shows_version" time="0.003" /><testcase classname="tests.cli.services.test_storage" name="test_from_path" time="0.002" /><testcase classname="tests.cli.shell.test_shell_mode" name="test_session_initialization" time="0.001" /><testcase classname="tests.cli.shell.test_shell_mode" name="test_shell_initialization" time="0.001" /><testcase classname="tests.cli.shell.test_shell_mode" name="test_call_missing_operation" time="0.001" /><testcase classname="tests.cli.test_build_cli.TestBuildRunHelp" name="test_run_help_shows_options" time="0.078" /><testcase classname="tests.cli.shell.test_shell_mode" name="test_complete_builtin_commands" time="0.001" /><testcase classname="tests.cli.test_build_cli.TestBuildStatusCommand" name="test_status_json_output_structure" time="0.013" /><testcase classname="tests.cli.shell.test_shell_mode" name="test_last_result_storage" time="0.001" /><testcase classname="tests.cli.shell.test_shell_mode" name="test_completer_has_operations" time="0.099" /><testcase classname="tests.cli.services.test_storage" name="test_db_path_from_explicit" time="0.001" /><testcase classname="tests.cli.shell.test_shell_mode" name="test_session_persists_across_commands" time="0.001" /><testcase classname="tests.cli.shell.test_shell_mode" name="test_parse_params_multiple" time="0.001" /><testcase classname="tests.cli.shell.test_shell_mode" name="test_export_command" time="0.001" /><testcase classname="tests.cli.shell.test_shell_mode" name="test_search_filters_operations" time="0.001" /><testcase classname="tests.cli.test_build_cli.TestBuildStatusCommand" name="test_status_invalid_module" time="0.015" /><testcase classname="tests.cli.performance.test_performance" name="test_cli_startup_time" time="0.018" /><testcase classname="tests.cli.shell.test_shell_mode" name="test_add_to_history" time="0.001" /><testcase classname="tests.cli.test_build_cli.TestBuildStatusHelp" name="test_status_help_shows_options" time="0.056" /><testcase classname="tests.cli.test_build_cli.TestBuildRunValidation" name="test_run_unknown_target" time="0.018" /><testcase classname="tests.cli.test_build_cli.TestBuildRunValidation" name="test_run_no_targets_no_module_error" time="0.019" /><testcase classname="tests.cli.test_build_cli.TestBuildRunValidation" name="test_run_invalid_module" time="0.019" /><testcase classname="tests.cli.shell.test_shell_mode" name="test_history_accumulates" time="0.001" /><testcase classname="tests.cli.test_build_cli.TestBuildStatusHelp" name="test_status_help_shows_description" time="0.061" /><testcase classname="tests.cli.test_build_cli.TestBuildRunHelp" name="test_run_help_shows_description" time="0.073" /><testcase classname="tests.cli.commands.test_decorators" name="test_cli_command_uses_docstring_as_description" time="0.085" /><testcase classname="tests.cli.test_build_cli.TestDryRun" name="test_dry_run_flag_recognized" time="0.074" /><testcase classname="tests.cli.commands.test_decorators" name="test_cli_command_sets_resource_requirements" time="0.096" /><testcase classname="tests.cli.test_build_cli.TestModuleOption" name="test_valid_module_names[graphs]" time="0.018" /><testcase classname="tests.cli.test_build_cli.TestBuildRunValidation" name="test_run_conflicting_selection_flags" time="0.015" /><testcase classname="tests.cli.performance.test_performance" name="test_read_operations_are_fast" time="2.772" /><testcase classname="tests.cli.test_build_cli.TestModuleOption" name="test_valid_module_names[ingestion]" time="0.016" /><testcase classname="tests.cli.test_build_cli.TestModuleOption" name="test_valid_module_names[analytics]" time="0.018" /><testcase classname="tests.cli.test_build_cli.TestJsonOutput" name="test_json_flag_recognized_on_status" time="0.054" /><testcase classname="tests.cli.test_cli_error_parity_apps" name="test_unknown_option_per_app[argv1---bogus]" time="0.010" /><testcase classname="tests.cli.test_cli_error_parity_apps" name="test_unknown_option_per_app[argv2---bogus]" time="0.008" /><testcase classname="tests.cli.test_cli_error_parity_apps" name="test_unknown_option_per_app[argv7---bogus]" time="0.009" /><testcase classname="tests.cli.test_cli_error_parity_apps" name="test_unknown_option_per_app[argv3---bogus]" time="0.009" /><testcase classname="tests.cli.test_cli_error_parity_apps" name="test_unknown_option_per_app[argv9---bogus]" time="0.013" /><testcase classname="tests.cli.test_cli_error_parity_apps" name="test_unknown_command_per_app[argv0-nonesuch]" time="0.003" /><testcase classname="tests.cli.test_cli_error_parity_apps" name="test_unknown_option_per_app[argv10---bogus]" time="0.009" /><testcase classname="tests.cli.test_cli_error_parity_apps" name="test_unknown_command_per_app[argv2-nonesuch]" time="0.004" /><testcase classname="tests.cli.test_build_cli.TestForceOption" name="test_force_flag_recognized" time="0.035" /><testcase classname="tests.cli.test_cli_error_parity_apps" name="test_unknown_command_per_app[argv4-nonesuch]" time="0.003" /><testcase classname="tests.cli.test_cli_error_parity_apps" name="test_unknown_command_per_app[argv3-nonesuch]" time="0.004" /><testcase classname="tests.cli.test_cli_error_parity_apps" name="test_unknown_command_per_app[argv1-nonesuch]" time="0.003" /><testcase classname="tests.cli.test_build_cli.TestJsonOutput" name="test_json_flag_recognized_on_run" time="0.034" /><testcase classname="tests.cli.test_cli_error_parity_apps" name="test_unknown_command_per_app[argv8-nonesuch]" time="0.003" /><testcase classname="tests.cli.test_cli_error_parity_apps" name="test_unknown_command_per_app[argv7-nonesuch]" time="0.003" /><testcase classname="tests.cli.test_cli_error_parity_apps" name="test_unknown_command_per_app[argv6-nonesuch]" time="0.003" /><testcase classname="tests.cli.shell.test_shell_mode" name="test_complete_no_match" time="0.001" /><testcase classname="tests.cli.test_cli_error_parity_apps" name="test_unknown_command_per_app[argv10-nonesuch]" time="0.003" /><testcase classname="tests.cli.test_cli_errors" name="test_unknown_command_normalized" time="0.003" /><testcase classname="tests.cli.test_cli_errors" name="test_unknown_option_normalized" time="0.013" /><testcase classname="tests.cli.shell.test_shell_mode" name="test_get_command" time="0.001" /><testcase classname="tests.cli.test_cli_errors" name="test_validation_error_exit_code" time="0.019"><failure message="AssertionError: 'codeintel.yaml' not found in 'Error: 1 validation error for SharedFlags\n  Input should be a dictionary or an instance of SharedFlags [type=dataclass_type, input_value=SharedFlags(project_root=..., json=False, verbose=0), input_type=SharedFlags]\n    For further information visit https://errors.pydantic.dev/2.12/v/dataclass_type\n'">tests/cli/test_cli_errors.py:41: in test_validation_error_exit_code
    expect_in("codeintel.yaml", result.stderr)
tests/_helpers/assertions/expectation_assertions.py:111: in expect_in
    raise AssertionError(failure_message)
E   AssertionError: 'codeintel.yaml' not found in 'Error: 1 validation error for SharedFlags\n  Input should be a dictionary or an instance of SharedFlags [type=dataclass_type, input_value=SharedFlags(project_root=..., json=False, verbose=0), input_type=SharedFlags]\n    For further information visit https://errors.pydantic.dev/2.12/v/dataclass_type\n'</failure></testcase><testcase classname="tests.cli.test_cli_scope_and_plan" name="test_cli_plan_outputs_isolation_and_scope_metadata" time="0.044" /><testcase classname="tests.cli.test_common_module" name="test_resolve_flag_and_backend_config" time="0.001" /><testcase classname="tests.cli.test_cli_error_parity_apps" name="test_unknown_option_per_app[argv4---bogus]" time="0.010" /><testcase classname="tests.cli.test_common_module" name="test_output_field_returns_none_by_default" time="0.001" /><testcase classname="tests.cli.test_common_module" name="test_resolve_output_format_precedence" time="0.001" /><testcase classname="tests.cli.test_common_module" name="test_runtime_required_raises_for_missing_fields" time="0.001" /><testcase classname="tests.cli.test_common_module" name="test_get_verbose_extracts_verbose_level" time="0.001" /><testcase classname="tests.cli.execution.test_registry" name="test_global_register_operation_uses_global" time="0.096" /><testcase classname="tests.cli.test_common_module" name="test_runtime_required_includes_all_missing_in_message" time="0.001" /><testcase classname="tests.cli.test_cli_scope_and_plan" name="test_cli_plugins_json_includes_enriched_metadata" time="0.012" /><testcase classname="tests.cli.commands.test_decorators" name="test_cli_command_uses_first_line_of_multiline_docstring" time="0.097" /><testcase classname="tests.cli.test_build_cli.TestBuildAppStructure" name="test_build_help_shows_commands" time="0.040" /><testcase classname="tests.cli.performance.test_performance" name="test_executor_cleanup" time="0.195" /><testcase classname="tests.cli.test_build_cli.TestBuildAppStructure" name="test_build_no_args_shows_help" time="0.020" /><testcase classname="tests.cli.test_cli_error_parity_apps" name="test_unknown_command_per_app[argv5-nonesuch]" time="0.004" /><testcase classname="tests.cli.test_cli_error_parity_apps" name="test_unknown_command_per_app[argv9-nonesuch]" time="0.003" /><testcase classname="tests.cli.commands.test_decorators" name="test_extract_params_from_dataclass" time="0.001" /><testcase classname="tests.cli.test_common_module" name="test_build_config_from_options_creates_paths" time="0.002" /><testcase classname="tests.cli.test_help_defaults_unit" name="test_display_default_repr_is_clean" time="0.001" /><testcase classname="tests.cli.test_help_defaults_unit" name="test_help_renders_enum_choices_and_default" time="0.006" /><testcase classname="tests.cli.test_help_rendering" name="test_docs_export_help_renders" time="0.088" /><testcase classname="tests.cli.test_help_rendering" name="test_storage_help_rendering" time="0.008" /><testcase classname="tests.cli.test_help_rendering" name="test_docs_export_help_repeatable" time="0.119" /><testcase classname="tests.cli.test_help_defaults_unit" name="test_patched_app_help_with_missing_metadata" time="0.041" /><testcase classname="tests.cli.test_help_rendering" name="test_ops_help_rendering" time="0.022" /><testcase classname="tests.cli.test_help_rendering" name="test_graphs_help_renders_enum_choices" time="0.025" /><testcase classname="tests.cli.test_common_module" name="test_get_output_format_resolves_correctly" time="0.001" /><testcase classname="tests.cli.test_help_rendering" name="test_build_history_help_renders_core_flags" time="0.059" /><testcase classname="tests.cli.test_help_defaults_unit" name="test_help_renders_nested_defaults" time="0.012" /><testcase classname="tests.cli.test_help_rendering" name="test_build_run_help_renders_output_flags" time="0.033" /><testcase classname="tests.cli.test_help_defaults_unit" name="test_help_renders_custom_show_default_callable" time="0.006" /><testcase classname="tests.cli.test_help_rendering" name="test_build_status_help_renders_core_flags" time="0.017" /><testcase classname="tests.cli.test_help_rendering" name="test_op_profiles_function_help" time="0.033" /><testcase classname="tests.cli.test_help_rendering" name="test_op_call_help_renders_core_options" time="0.030" /><testcase classname="tests.cli.test_help_rendering" name="test_storage_help_renders_nested" time="0.020" /><testcase classname="tests.cli.test_help_rendering" name="test_op_datasets_list_help" time="0.032" /><testcase classname="tests.cli.test_help_rendering" name="test_op_graph_neighbors_help" time="0.041" /><testcase classname="tests.cli.test_help_rendering" name="test_serve_http_help" time="0.022" /><testcase classname="tests.cli.test_help_rendering" name="test_op_list_help_renders_core_options" time="0.021" /><testcase classname="tests.cli.test_help_rendering" name="test_dataset_list_help" time="0.018" /><testcase classname="tests.cli.test_help_rendering" name="test_build_help_rendering" time="0.038" /><testcase classname="tests.cli.test_help_rendering" name="test_datasets_lint_help" time="0.023" /><testcase classname="tests.cli.test_help_rendering" name="test_ide_hints_help" time="0.020" /><testcase classname="tests.cli.test_help_defaults_unit" name="test_help_renders_positional_defaults" time="0.048" /><testcase classname="tests.cli.test_history_timeseries_cli" name="test_history_timeseries_cli_happy_path" time="17.002" /><testcase classname="tests.cli.test_history_validation" name="test_history_timeseries_requires_commits" time="0.014"><failure message="AssertionError: 'At least one commit is required' not found in 'Error: 1 validation error for SharedFlags\n  Input should be a dictionary or an instance of SharedFlags [type=dataclass_type, input_value=SharedFlags(project_root=..., json=False, verbose=0), input_type=SharedFlags]\n    For further information visit https://errors.pydantic.dev/2.12/v/dataclass_type\n'">tests/cli/test_history_validation.py:24: in test_history_timeseries_requires_commits
    expect_in("At least one commit is required", result.stderr)
tests/_helpers/assertions/expectation_assertions.py:111: in expect_in
    raise AssertionError(failure_message)
E   AssertionError: 'At least one commit is required' not found in 'Error: 1 validation error for SharedFlags\n  Input should be a dictionary or an instance of SharedFlags [type=dataclass_type, input_value=SharedFlags(project_root=..., json=False, verbose=0), input_type=SharedFlags]\n    For further information visit https://errors.pydantic.dev/2.12/v/dataclass_type\n'</failure></testcase><testcase classname="tests.cli.test_history_timeseries_cli" name="test_history_timeseries_cli_missing_snapshot" time="5.794" /><testcase classname="tests.cli.test_help_rendering" name="test_subsystem_list_help" time="0.024" /><testcase classname="tests.cli.test_op_dynamic_cli" name="test_classify_param_role_categorizes_correctly[function_goid_h128-selector]" time="0.001" /><testcase classname="tests.cli.test_op_dynamic_cli" name="test_classify_param_role_categorizes_correctly[subsystem_id-selector]" time="0.001" /><testcase classname="tests.cli.test_op_dynamic_cli" name="test_classify_param_role_categorizes_correctly[limit-filter]" time="0.001" /><testcase classname="tests.cli.test_op_dynamic_cli" name="test_classify_param_role_categorizes_correctly[offset-filter]" time="0.001" /><testcase classname="tests.cli.test_main_cli" name="test_cli_unknown_command" time="0.004" /><testcase classname="tests.cli.test_op_dynamic_cli" name="test_classify_param_role_categorizes_correctly[rel_path-selector]" time="0.001" /><testcase classname="tests.cli.test_help_rendering" name="test_history_help_renders_positional" time="0.033" /><testcase classname="tests.cli.test_op_dynamic_cli" name="test_classify_param_role_categorizes_correctly[max_depth-filter]" time="0.001" /><testcase classname="tests.cli.test_op_dynamic_cli" name="test_classify_param_role_categorizes_correctly[goid_h128-selector]" time="0.001" /><testcase classname="tests.cli.test_op_dynamic_cli" name="test_classify_param_role_categorizes_correctly[min_risk-filter]" time="0.001" /><testcase classname="tests.cli.test_op_dynamic_cli" name="test_classify_param_role_categorizes_correctly[tested_only-filter]" time="0.001" /><testcase classname="tests.cli.test_op_dynamic_cli" name="test_classify_param_role_categorizes_correctly[scope-advanced]" time="0.001" /><testcase classname="tests.cli.test_op_dynamic_cli" name="test_classify_param_role_categorizes_correctly[graph_scope-advanced]" time="0.001" /><testcase classname="tests.cli.test_op_dynamic_cli" name="test_classify_param_role_categorizes_correctly[radius-advanced]" time="0.001" /><testcase classname="tests.cli.test_op_dynamic_cli" name="test_classify_param_role_categorizes_correctly[max_nodes-advanced]" time="0.001" /><testcase classname="tests.cli.test_op_dynamic_cli" name="test_classify_param_role_categorizes_correctly[some_unknown_param-filter]" time="0.001" /><testcase classname="tests.cli.test_op_dynamic_cli" name="test_classify_param_role_categorizes_correctly[qualname-selector]" time="0.002" /><testcase classname="tests.cli.test_op_dynamic_cli" name="test_get_operations_with_cli_support_returns_list" time="0.001" /><testcase classname="tests.cli.test_op_dynamic_cli" name="test_classify_param_role_with_graph_operation_context" time="0.001" /><testcase classname="tests.cli.test_op_dynamic_cli" name="test_build_operation_cli_metadata_for_function_summary" time="0.001" /><testcase classname="tests.cli.test_op_dynamic_cli" name="test_get_backend_signature_for_known_operation" time="0.001" /><testcase classname="tests.cli.test_op_dynamic_cli" name="test_operation_validation_accepts_known" time="0.001" /><testcase classname="tests.cli.test_op_dynamic_cli" name="test_op_help_shows_core_commands" time="0.001" /><testcase classname="tests.cli.test_op_dynamic_cli" name="test_operation_metadata_available" time="0.002" /><testcase classname="tests.cli.test_op_dynamic_cli" name="test_classify_param_role_categorizes_correctly[urn-selector]" time="0.001" /><testcase classname="tests.cli.test_op_dynamic_cli" name="test_operation_validation_rejects_unknown" time="0.001" /><testcase classname="tests.cli.test_op_dynamic_cli" name="test_operation_has_required_datasets" time="0.001" /><testcase classname="tests.cli.test_op_dynamic_cli" name="test_dynamic_op_skip_prereqs_defaults_false" time="0.001" /><testcase classname="tests.cli.test_op_dynamic_cli" name="test_dynamic_op_help_available" time="0.040" /><testcase classname="tests.cli.test_op_dynamic_cli" name="test_dynamic_op_prereq_toggle_default_and_flag" time="0.001" /><testcase classname="tests.cli.test_op_dynamic_cli" name="test_dynamic_op_parses_and_forwards_params" time="0.001" /><testcase classname="tests.cli.test_op_dynamic_cli" name="test_dynamic_param_literal_shows_choices" time="0.001" /><testcase classname="tests.cli.test_op_dynamic_cli" name="test_cli_param_spec_has_correct_structure" time="0.001" /><testcase classname="tests.cli.test_op_dynamic_cli" name="test_dynamic_param_groups_match_role_titles" time="0.001" /><testcase classname="tests.cli.test_op_dynamic_cli" name="test_dynamic_param_env_path_defaults_to_venv" time="0.001" /><testcase classname="tests.cli.test_op_dynamic_cli" name="test_dynamic_cli_respects_operation_defaults" time="0.001" /><testcase classname="tests.cli.test_op_dynamic_cli" name="test_selector_params_come_first_in_classification" time="0.001" /><testcase classname="tests.cli.test_op_dynamic_cli" name="test_dynamic_op_path_and_literal_handling_end_to_end" time="0.002" /><testcase classname="tests.cli.test_op_dynamic_cli" name="test_dynamic_op_env_default_requires_existing_venv" time="0.002" /><testcase classname="tests.cli.test_op_dynamic_cli" name="test_dynamic_op_env_default_uses_existing_venv" time="0.001" /><testcase classname="tests.cli.test_op_dynamic_cli" name="test_dynamic_op_literal_choice_parsing" time="0.001" /><testcase classname="tests.cli.test_op_dynamic_cli" name="test_dynamic_op_returns_kwargs_with_converted_types" time="0.002" /><testcase classname="tests.cli.test_op_dynamic_cli" name="test_dynamic_op_bool_flag_without_negative" time="0.001" /><testcase classname="tests.cli.test_op_dynamic_cli" name="test_dynamic_op_required_vs_optional" time="0.002" /><testcase classname="tests.cli.test_op_dynamic_cli" name="test_dynamic_op_output_and_input_paths" time="0.002" /><testcase classname="tests.cli.test_op_dynamic_cli" name="test_op_list_succeeds_with_defaults" time="0.013"><failure message="SystemExit: 1">.venv/lib/python3.13/site-packages/cyclopts/argument/_argument.py:781: in validate_pydantic
    pydantic.TypeAdapter(hint).validate_python(val)
.venv/lib/python3.13/site-packages/pydantic/type_adapter.py:441: in validate_python
    return self.validator.validate_python(
E   pydantic_core._pydantic_core.ValidationError: 1 validation error for SharedFlags
E     Input should be a dictionary or an instance of SharedFlags [type=dataclass_type, input_value=SharedFlags(project_root=..., json=False, verbose=0), input_type=SharedFlags]
E       For further information visit https://errors.pydantic.dev/2.12/v/dataclass_type

The above exception was the direct cause of the following exception:
.venv/lib/python3.13/site-packages/cyclopts/core.py:1745: in parse_args
    command, bound, _, ignored, _ = self._parse_known_args(
.venv/lib/python3.13/site-packages/cyclopts/core.py:1608: in _parse_known_args
    bound, unused_tokens = create_bound_arguments(
.venv/lib/python3.13/site-packages/cyclopts/bind.py:488: in create_bound_arguments
    argument_collection._convert()
.venv/lib/python3.13/site-packages/cyclopts/argument/_collection.py:228: in _convert
    argument.convert_and_validate()
.venv/lib/python3.13/site-packages/cyclopts/argument/_argument.py:824: in convert_and_validate
    self.validate(self.field_info.default)
.venv/lib/python3.13/site-packages/cyclopts/argument/_argument.py:803: in validate
    validate_pydantic(self.field_info.annotation, value)
.venv/lib/python3.13/site-packages/cyclopts/argument/_argument.py:783: in validate_pydantic
    self._handle_pydantic_validation_error(e)
.venv/lib/python3.13/site-packages/cyclopts/argument/_argument.py:1043: in _handle_pydantic_validation_error
    raise ValidationError(exception_message=str(exc), argument=self) from exc
E   cyclopts.exceptions.ValidationError: 1 validation error for SharedFlags
E     Input should be a dictionary or an instance of SharedFlags [type=dataclass_type, input_value=SharedFlags(project_root=..., json=False, verbose=0), input_type=SharedFlags]
E       For further information visit https://errors.pydantic.dev/2.12/v/dataclass_type

During handling of the above exception, another exception occurred:
tests/cli/test_op_dynamic_cli.py:847: in test_op_list_succeeds_with_defaults
    ns = ops.app_proxy(["op", "list"], result_action="return_value")
         ^^^^^^^^^^^^^^^^^^^^^^^^^^^^^^^^^^^^^^^^^^^^^^^^^^^^^^^^^^^
src/codeintel/cli/commands/ops.py:184: in app_proxy
    result = root_app(tokens, **call_kwargs)
             ^^^^^^^^^^^^^^^^^^^^^^^^^^^^^^^
.venv/lib/python3.13/site-packages/cyclopts/core.py:1857: in __call__
    command, bound, _ = self.parse_args(
.venv/lib/python3.13/site-packages/cyclopts/core.py:1763: in parse_args
    sys.exit(1)
E   SystemExit: 1</failure></testcase><testcase classname="tests.cli.test_op_dynamic_cli" name="test_dynamic_op_numeric_coercion_and_failure" time="0.001" /><testcase classname="tests.cli.test_op_dynamic_cli" name="test_classify_param_role_categorizes_correctly[kind-filter]" time="0.001" /><testcase classname="tests.cli.test_op_dynamic_cli" name="test_dynamic_op_env_path_heuristics" time="0.002" /><testcase classname="tests.cli.test_op_dynamic_cli" name="test_get_app_returns_root_application" time="0.001" /><testcase classname="tests.cli.test_op_dynamic_cli" name="test_app_proxy_with_invalid_command_raises" time="0.001" /><testcase classname="tests.cli.test_op_dynamic_cli" name="test_run_cli_embedding_returns_parsed_command" time="0.011" /><testcase classname="tests.cli.test_op_params" name="test_coerce_params_from_strings_skips_none" time="0.001" /><testcase classname="tests.cli.test_typer_cli" name="test_find_project_root_raises_without_config" time="0.001" /><testcase classname="tests.cli.test_typer_cli" name="test_load_project_config_parses_yaml" time="0.003" /><testcase classname="tests.cli.test_project_module" name="test_find_and_load_project_config" time="0.007" /><testcase classname="tests.cli.test_project_module" name="test_missing_and_invalid_project_file" time="0.002" /><testcase classname="tests.cli.test_typer_cli" name="test_find_project_root_finds_config" time="0.002" /><testcase classname="tests.cli.test_typer_cli" name="test_op_list_filter_by_category" time="0.012" /><testcase classname="tests.cli.test_typer_cli" name="test_dataset_describe_known_dataset" time="0.009" /><testcase classname="tests.cli.test_typer_cli" name="test_dataset_describe_unknown_dataset" time="0.009" /><testcase classname="tests.cli.performance.test_performance" name="test_sequential_operations" time="0.004" /><testcase classname="tests.cli.test_op_dynamic_cli" name="test_dynamic_param_output_path_allows_missing_file" time="0.001" /><testcase classname="tests.cli.test_typer_cli" name="test_serve_mcp_help" time="0.021" /><testcase classname="tests.cli.test_typer_cli" name="test_main_help" time="0.017" /><testcase classname="tests.cli.test_typer_cli" name="test_serve_http_help" time="0.025" /><testcase classname="tests.cli.test_typer_cli" name="test_pipeline_removed" time="0.003" /><testcase classname="tests.cli.test_typer_cli" name="test_op_help" time="0.050" /><testcase classname="tests.cli.test_typer_cli" name="test_build_run_help" time="0.035" /><testcase classname="tests.cli.test_typer_cli" name="test_build_help" time="0.011" /><testcase classname="tests.cli.test_typer_cli" name="test_build_run_all_requires_project" time="0.015" /><testcase classname="tests.cli.unit.test_operation_handlers" name="test_build_status_no_params" time="2.510" /><testcase classname="tests.cli.test_typer_cli" name="test_dataset_help" time="0.013" /><testcase classname="tests.cli.unit.test_operation_handlers" name="test_build_status_returns_structured_result" time="2.559" /><testcase classname="tests.cli.unit.test_operation_handlers" name="test_build_operations_have_required_group" time="0.001" /><testcase classname="tests.cli.unit.test_operation_handlers" name="test_storage_status_returns_info" time="0.001" /><testcase classname="tests.cli.test_typer_cli" name="test_build_status_requires_project" time="0.020" /><testcase classname="tests.cli.unit.test_operation_handlers" name="test_op_list_returns_operations" time="0.006" /><testcase classname="tests.cli.unit.test_operation_handlers" name="test_registry_has_operations" time="0.003" /><testcase classname="tests.cli.unit.test_operation_handlers" name="test_registry_lookup_nonexistent" time="0.001" /><testcase classname="tests.cli.unit.test_resolution_integration" name="test_resolution_from_explicit_params" time="0.003" /><testcase classname="tests.cli.unit.test_resolution_integration" name="test_resolution_missing_params_raises_error" time="0.001" /><testcase classname="tests.cli.unit.test_operation_handlers" name="test_operations_have_required_fields" time="0.001" /><testcase classname="tests.cli.test_op_params" name="test_coerce_string_param_basic_types" time="0.001" /><testcase classname="tests.cli.performance.test_performance" name="test_operation_registry_lookup_fast" time="0.001" /><testcase classname="tests.cli.performance.test_performance" name="test_json_output_overhead" time="0.012" /><testcase classname="tests.cli.unit.test_operation_handlers" name="test_op_call_with_unknown_operation" time="2.233" /><testcase classname="tests.cli.unit.test_operation_handlers" name="test_dataset_list_returns_datasets" time="0.001" /><testcase classname="tests.cli.handlers.test_docs" name="test_docs_export_handler_default_params" time="3.416" /><testcase classname="tests.cli.handlers.test_subsystem" name="test_subsystem_list_handler_returns_ok_with_subsystems" time="3.542" /><testcase classname="tests.cli.handlers.test_subsystem" name="test_subsystem_show_handler_raises_when_id_missing" time="3.424" /><testcase classname="tests.cli.handlers.test_datasets" name="test_datasets_lint_handler_success" time="3.686" /><testcase classname="tests.cli.handlers.test_docs" name="test_docs_export_handler_skip_prereqs" time="3.465" /><testcase classname="tests.cli.handlers.test_docs" name="test_docs_validate_handler_success" time="3.464" /><testcase classname="tests.cli.handlers.test_datasets" name="test_datasets_list_handler_success" time="3.478" /><testcase classname="tests.cli.handlers.test_subsystem" name="test_subsystem_profiles_handler_returns_ok" time="0.210" /><testcase classname="tests.cli.rendering.test_service" name="test_render_table_empty" time="0.001" /><testcase classname="tests.cli.handlers.test_datasets" name="test_datasets_diff_handler_missing_baseline" time="3.517" /><testcase classname="tests.cli.rendering.test_service" name="test_render_error_text" time="0.001" /><testcase classname="tests.cli.rendering.test_service" name="test_render_error_json" time="0.000" /><testcase classname="tests.cli.rendering.test_service" name="test_render_result_success" time="0.000" /><testcase classname="tests.cli.handlers.test_subsystem" name="test_subsystem_list_handler_passes_filter_params" time="0.091" /><testcase classname="tests.cli.handlers.test_ide" name="test_ide_hints_handler_returns_fail_when_no_hints" time="5.513" /><testcase classname="tests.cli.handlers.test_subsystem" name="test_subsystem_coverage_handler_returns_ok" time="0.099" /><testcase classname="tests.cli.handlers.test_subsystem" name="test_subsystem_show_handler_returns_ok_when_found" time="0.141" /><testcase classname="tests.cli.handlers.test_subsystem" name="test_subsystem_module_memberships_handler_returns_ok" time="0.199" /><testcase classname="tests.cli.handlers.test_subsystem" name="test_subsystem_show_handler_returns_fail_when_not_found" time="0.106" /><testcase classname="tests.cli.handlers.test_ide" name="test_ide_hints_handler_raises_when_rel_path_missing" time="0.065" /><testcase classname="tests.cli.handlers.test_ide" name="test_ide_hints_handler_raises_when_rel_path_empty" time="0.057" /><testcase classname="tests.cli.handlers.test_ide" name="test_ide_hints_result_to_dict" time="0.012" /><testcase classname="tests.cli.test_build_command" name="test_build_run_dry_run" time="7.601" /><testcase classname="tests.cli.test_build_command" name="test_build_run_invalid_module_raises" time="5.657" /><testcase classname="tests.cli.test_build_command" name="test_build_run_unknown_target" time="5.698" /><testcase classname="tests.cli.test_cli_error_parity_apps" name="test_unknown_option_per_app[argv8---bogus]" time="0.008" /><testcase classname="tests.cli.test_cli_error_parity_apps" name="test_unknown_option_per_app[argv5---bogus]" time="0.012" /><testcase classname="tests.cli.test_build_command" name="test_build_run_no_targets_raises" time="5.807" /><testcase classname="tests.cli.test_datasets_command" name="test_dataset_describe_unknown_returns_nonzero" time="5.736" /><testcase classname="tests.cli.test_cli_error_parity_apps" name="test_unknown_option_per_app[argv6---bogus]" time="0.007" /><testcase classname="tests.cli.test_help_defaults_unit" name="test_display_default_equality" time="0.001" /><testcase classname="tests.cli.test_datasets_command" name="test_datasets_snapshot_to_file" time="5.870" /><testcase classname="tests.cli.test_build_command" name="test_build_run_success" time="7.719" /><testcase classname="tests.cli.test_datasets_command" name="test_datasets_list" time="5.875"><failure message="AssertionError: Expected success, got 1:">tests/cli/test_datasets_command.py:21: in test_datasets_list
    assert_success(result)
tests/_helpers/cli.py:184: in assert_success
    raise AssertionError(message)
E   AssertionError: Expected success, got 1:</failure></testcase><testcase classname="tests.cli.test_datasets_command" name="test_datasets_scaffold_existing_name" time="5.842" /><testcase classname="tests.cli.test_help_defaults_unit" name="test_argument_collection_type_preserved" time="0.006" /><testcase classname="tests.cli.test_docs_enums" name="test_docs_export_invalid_validation_mode" time="0.015"><failure message="AssertionError: 'Invalid value for &quot;--validation-mode&quot;' not found in 'Error: 1 validation error for SharedFlags\n  Input should be a dictionary or an instance of SharedFlags [type=dataclass_type, input_value=SharedFlags(project_root=..., json=False, verbose=0), input_type=SharedFlags]\n    For further information visit https://errors.pydantic.dev/2.12/v/dataclass_type\n'">tests/cli/test_docs_enums.py:24: in test_docs_export_invalid_validation_mode
    expect_in('Invalid value for "--validation-mode"', result.stderr)
tests/_helpers/assertions/expectation_assertions.py:111: in expect_in
    raise AssertionError(failure_message)
E   AssertionError: 'Invalid value for "--validation-mode"' not found in 'Error: 1 validation error for SharedFlags\n  Input should be a dictionary or an instance of SharedFlags [type=dataclass_type, input_value=SharedFlags(project_root=..., json=False, verbose=0), input_type=SharedFlags]\n    For further information visit https://errors.pydantic.dev/2.12/v/dataclass_type\n'</failure></testcase><testcase classname="tests.cli.test_build_command" name="test_build_run_conflicting_flags_raises" time="5.944" /><testcase classname="tests.cli.test_op_dynamic_cli" name="test_classify_param_role_categorizes_correctly[module-selector]" time="0.001" /><testcase classname="tests.cli.test_storage_command" name="test_storage_validate_macros_failure" time="5.786" /><testcase classname="tests.cli.test_main_cli" name="test_cli_help" time="0.036" /><testcase classname="tests.cli.test_storage_command" name="test_storage_validate_macros_success" time="5.834"><failure message="AssertionError: Expected success, got 1:">tests/cli/test_storage_command.py:21: in test_storage_validate_macros_success
    assert_success(result)
tests/_helpers/cli.py:184: in assert_success
    raise AssertionError(message)
E   AssertionError: Expected success, got 1:</failure></testcase><testcase classname="tests.cli.test_typer_cli" name="test_op_list_json_output" time="0.009" /><testcase classname="tests.cli.test_help_defaults_unit" name="test_all_cyclopts_locations_are_patched" time="0.001" /><testcase classname="tests.cli.test_typer_cli" name="test_op_list_shows_operations" time="0.007"><failure message="AssertionError: expected 0, got 1">tests/cli/test_typer_cli.py:81: in test_op_list_shows_operations
    expect_equal(result.exit_code, 0)
tests/_helpers/assertions/expectation_assertions.py:75: in expect_equal
    raise AssertionError(failure_message)
E   AssertionError: expected 0, got 1</failure></testcase><testcase classname="tests.cli.handlers.test_docs" name="test_docs_export_handler_dry_run_mode" time="3.212" /><testcase classname="tests.cli.handlers.test_docs" name="test_docs_export_handler_project_error" time="3.240" /><testcase classname="tests.cli.handlers.test_datasets" name="test_datasets_diff_handler_baseline_not_found" time="3.242" /><testcase classname="tests.cli.handlers.test_docs" name="test_docs_export_handler_with_datasets_filter" time="3.381" /><testcase classname="tests.cli.handlers.test_datasets" name="test_datasets_lint_handler_with_issues" time="3.297" /><testcase classname="tests.cli.handlers.test_storage" name="test_profile_storage_handler_returns_ok" time="7.541" /><testcase classname="tests.cli.handlers.test_storage" name="test_validate_macros_result_to_dict" time="0.001" /><testcase classname="tests.cli.handlers.test_storage" name="test_generate_macros_result_to_dict" time="0.000" /><testcase classname="tests.cli.handlers.test_storage" name="test_profile_storage_result_to_dict" time="0.000" /><testcase classname="tests.cli.handlers.test_storage" name="test_validate_macros_handler_returns_ok_when_valid" time="7.600" /><testcase classname="tests.cli.test_cli_error_parity_apps" name="test_unknown_option_per_app[argv0---bogus]" time="0.008" /><testcase classname="tests.cli.test_common_module" name="test_runtime_field_returns_none_by_default" time="0.001" /><testcase classname="tests.cli.handlers.test_docs" name="test_docs_validate_handler_project_error" time="2.283" /><testcase classname="tests.cli.handlers.test_datasets" name="test_datasets_diff_handler_success" time="2.257" /><testcase classname="tests.cli.handlers.test_docs" name="test_docs_export_handler_with_schemas_filter" time="2.265" /><testcase classname="tests.cli.handlers.test_datasets" name="test_datasets_snapshot_handler_missing_output" time="2.243" /><testcase classname="tests.cli.handlers.test_datasets" name="test_datasets_diff_handler_no_differences" time="2.201" /><testcase classname="tests.cli.handlers.test_docs" name="test_docs_export_handler_custom_validation" time="2.193" /><testcase classname="tests.cli.handlers.test_ide" name="test_ide_hints_handler_returns_ok_when_hints_found" time="3.554" /><testcase classname="tests.cli.handlers.test_datasets" name="test_datasets_snapshot_handler_success" time="2.169" /><testcase classname="tests.cli.handlers.test_storage" name="test_generate_macros_handler_fails_when_no_tables" time="5.831" /><testcase classname="tests.cli.test_op_dynamic_cli" name="test_classify_param_role_categorizes_correctly[path-selector]" time="0.001" /><testcase classname="tests.cli.handlers.test_storage" name="test_generate_macros_handler_returns_ok_with_tables" time="5.151" /><testcase classname="tests.cli.handlers.test_storage" name="test_profile_storage_handler_fails_when_no_output_dir" time="4.452" /></testsuite></testsuites>