<?xml version="1.0" encoding="utf-8"?><testsuites name="pytest tests"><testsuite name="pytest" errors="0" failures="0" skipped="0" tests="2" time="14.627" timestamp="2025-12-13T21:11:01.236154-05:00" hostname="paul-X870-AORUS-ELITE-WIFI7"><testcase classname="tests.serving.test_operation_contracts_dataset" name="test_operation_contract_reflection_validates" time="0.313" /><testcase classname="tests.serving.test_operation_contracts_dataset" name="test_operation_contract_schema_registered" time="0.121" /></testsuite></testsuites>