<?xml version="1.0" encoding="utf-8"?><testsuites name="pytest tests"><testsuite name="pytest" errors="0" failures="0" skipped="2" tests="1790" time="93.053" timestamp="2025-12-04T10:58:52.082804-05:00" hostname="paul-X870-AORUS-ELITE-WIFI7"><testcase classname="tests.ingestion.test_config_factory" name="test_config_factory_build_with_extra_values" time="0.001" /><testcase classname="tests.ingestion.test_ingest_runs" name="test_classify_error_tool_execution_timeout" time="0.001" /><testcase classname="tests.ingestion.test_core" name="test_ingest_plugin_metadata_frozen" time="0.001" /><testcase classname="tests.ingestion.test_plugins" name="test_plugin_metadata_with_resource_hints" time="0.001" /><testcase classname="tests.ingestion.test_no_ad_hoc_changes" name="test_no_ad_hoc_change_detection[path1]" time="0.002" /><testcase classname="tests.ingestion.test_plugin_registry" name="test_plugin_registry_list_names" time="0.014" /><testcase classname="tests.ingestion.test_core" name="test_base_ingest_plugin_name" time="0.001" /><testcase classname="tests.ingestion.test_plugin_registry" name="test_unregister_cleanup_removes_from_capability_index" time="0.013" /><testcase classname="tests.ingestion.test_ingest_service" name="test_ingest_macro_tables_all_have_schema_prefix" time="0.001" /><testcase classname="tests.ingestion.test_core" name="test_base_ingest_plugin_default_depends_on" time="0.000" /><testcase classname="tests.ingestion.test_core" name="test_base_ingest_plugin_default_provides" time="0.000" /><testcase classname="tests.core.test_core_types_normalizers" name="test_normalize_scip_document_filters_invalid_occurrences" time="0.001" /><testcase classname="tests.core.test_core_types_normalizers" name="test_normalize_pytest_entry_sanitizes_keywords_and_durations" time="0.000" /><testcase classname="tests.ingestion.test_adapters" name="test_quote_identifier_valid_simple" time="0.001" /><testcase classname="tests.ingestion.test_adapters" name="test_quote_identifier_valid_with_numbers" time="0.000" /><testcase classname="tests.ingestion.test_core" name="test_base_ingest_plugin_default_requires" time="0.000" /><testcase classname="tests.ingestion.test_core" name="test_ingest_resource_hints_defaults" time="0.000" /><testcase classname="tests.ingestion.test_plugins" name="test_ingest_isolation_values[none]" time="0.001" /><testcase classname="tests.ingestion.test_config_factory" name="test_config_factory_build_with_custom_mapping" time="0.001" /><testcase classname="tests.ingestion.test_resources" name="test_resource_not_found_inherits_resource_error" time="0.001" /><testcase classname="tests.ingestion.test_resources" name="test_registry_init" time="0.000" /><testcase classname="tests.ingestion.test_ast_utils" name="test_multiline_function_span" time="0.003" /><testcase classname="tests.ingestion.test_plugins" name="test_result_ok_factory" time="0.000" /><testcase classname="tests.ingestion.test_plugins" name="test_result_ok_with_row_counts" time="0.000" /><testcase classname="tests.ingestion.test_plugins" name="test_result_ok_with_artifacts" time="0.001" /><testcase classname="tests.ingestion.test_recipe_executor" name="test_plugin_plan_with_skipped" time="0.001" /><testcase classname="tests.ingestion.test_recipe_executor" name="test_plugin_registry_plan_basic" time="0.013" /><testcase classname="tests.ingestion.test_core" name="test_base_ingest_plugin_default_supports_incremental" time="0.000" /><testcase classname="tests.ingestion.test_adapters" name="test_ingest_macros_not_empty" time="0.001" /><testcase classname="tests.ingestion.test_adapters" name="test_ingest_macros_keys_are_table_format" time="0.000" /><testcase classname="tests.ingestion.test_adapters" name="test_ingest_macros_values_start_with_metadata" time="0.000" /><testcase classname="tests.ingestion.test_adapters" name="test_batch_result_attributes" time="0.000" /><testcase classname="tests.ingestion.test_adapters" name="test_batch_result_defaults" time="0.000" /><testcase classname="tests.ingestion.test_adapters" name="test_query_result_attributes" time="0.000" /><testcase classname="tests.ingestion.test_plugins" name="test_scratch_cleanup_handles_callback_errors" time="0.003" /><testcase classname="tests.ingestion.test_config_factory" name="test_build_options_create_with_extra" time="0.001" /><testcase classname="tests.ingestion.test_config_factory" name="test_build_options_create_with_tracker" time="0.000" /><testcase classname="tests.ingestion.test_config_factory" name="test_build_options_create_with_tool_service" time="0.000" /><testcase classname="tests.ingestion.test_config_factory" name="test_build_options_frozen_dataclass" time="0.001" /><testcase classname="tests.ingestion.test_config_factory" name="test_get_config_fields_dataclass" time="0.000" /><testcase classname="tests.ingestion.test_config_factory" name="test_get_config_fields_non_dataclass" time="0.000" /><testcase classname="tests.ingestion.test_adapters" name="test_quote_identifier_valid_uppercase" time="0.000" /><testcase classname="tests.ingestion.test_adapters" name="test_quote_identifier_rejects_spaces" time="0.001" /><testcase classname="tests.ingestion.test_adapters" name="test_quote_identifier_rejects_dashes" time="0.000" /><testcase classname="tests.ingestion.test_adapters" name="test_tool_runner_adapter_run_scip_failure" time="0.010" /><testcase classname="tests.ingestion.test_adapters" name="test_tool_runner_adapter_run_pytest_no_report" time="0.001" /><testcase classname="tests.ingestion.test_ast_utils" name="test_smallest_enclosing_span_preferred" time="0.001" /><testcase classname="tests.ingestion.test_ast_utils" name="test_parses_valid_file" time="0.001" /><testcase classname="tests.ingestion.test_ast_utils" name="test_returns_source_lines" time="0.001" /><testcase classname="tests.ingestion.test_ast_utils" name="test_returns_none_for_missing_file" time="0.001" /><testcase classname="tests.ingestion.test_ast_utils" name="test_returns_none_for_syntax_error" time="0.001" /><testcase classname="tests.ingestion.test_ast_utils" name="test_handles_unicode_content" time="0.001" /><testcase classname="tests.ingestion.test_no_ad_hoc_changes" name="test_no_ad_hoc_change_detection[path2]" time="0.001" /><testcase classname="tests.ingestion.test_pipeline_integration" name="test_registry_returns_all_default_plugins" time="0.013" /><testcase classname="tests.ingestion.test_adapters" name="test_query_result_defaults" time="0.000" /><testcase classname="tests.ingestion.test_plugins" name="test_plugin_skip_basic" time="0.000" /><testcase classname="tests.ingestion.test_plugins" name="test_plugin_plan_ordered_names" time="0.001" /><testcase classname="tests.ingestion.test_plugins" name="test_plugin_plan_with_skipped" time="0.000" /><testcase classname="tests.ingestion.test_plugins" name="test_plugin_plan_plugin_count" time="0.000" /><testcase classname="tests.ingestion.test_plugins" name="test_is_ingest_plugin_true_for_valid" time="0.000" /><testcase classname="tests.ingestion.test_plugins" name="test_is_ingest_plugin_false_for_non_plugin" time="0.000" /><testcase classname="tests.ingestion.test_plugins" name="test_is_ingest_plugin_false_for_none" time="0.000" /><testcase classname="tests.ingestion.test_plugins" name="test_base_plugin_metadata_property" time="0.000" /><testcase classname="tests.ingestion.test_adapters" name="test_tool_runner_adapter_run_pytest_with_report" time="0.001" /><testcase classname="tests.ingestion.test_adapters" name="test_tool_runner_adapter_run_pytest_failure" time="0.001" /><testcase classname="tests.ingestion.test_recipe_executor" name="test_recipe_stage_to_dict" time="0.001" /><testcase classname="tests.ingestion.test_recipe_executor" name="test_recipe_stage_to_dict_minimal" time="0.000" /><testcase classname="tests.ingestion.test_recipe_executor" name="test_recipe_options_defaults" time="0.000" /><testcase classname="tests.ingestion.test_recipe_executor" name="test_recipe_options_custom" time="0.000" /><testcase classname="tests.ingestion.test_recipe_executor" name="test_ingest_recipe_all_plugins" time="0.000" /><testcase classname="tests.ingestion.test_recipe_executor" name="test_ingest_recipe_disabled_plugins" time="0.000" /><testcase classname="tests.ingestion.test_recipe_executor" name="test_ingest_recipe_from_dict" time="0.000" /><testcase classname="tests.ingestion.test_recipe_executor" name="test_ingest_recipe_to_dict" time="0.000" /><testcase classname="tests.ingestion.test_recipe_executor" name="test_recipe_stage_result_success" time="0.000" /><testcase classname="tests.ingestion.test_recipe_executor" name="test_recipe_stage_result_with_failures" time="0.000" /><testcase classname="tests.ingestion.test_recipe_executor" name="test_recipe_execution_result_success" time="0.000" /><testcase classname="tests.ingestion.test_recipe_executor" name="test_recipe_execution_result_with_error" time="0.000" /><testcase classname="tests.ingestion.test_ingest_run_reporting" name="test_plugin_execution_success" time="1.756" /><testcase classname="tests.ingestion.test_plugin_registry" name="test_plugin_capabilities_list_providing" time="0.010" /><testcase classname="tests.ingestion.test_core" name="test_validation_result_success" time="0.001" /><testcase classname="tests.ingestion.test_core" name="test_validation_result_failure" time="0.000" /><testcase classname="tests.ingestion.test_core" name="test_validation_result_failure_single_error" time="0.000" /><testcase classname="tests.ingestion.test_core" name="test_validation_result_direct_construction" time="0.000" /><testcase classname="tests.ingestion.test_core" name="test_resolved_config_initial_state" time="0.000" /><testcase classname="tests.ingestion.test_core" name="test_resolved_config_set_marks_resolved" time="0.000" /><testcase classname="tests.ingestion.test_core" name="test_resolved_config_get_returns_value" time="0.000" /><testcase classname="tests.ingestion.test_core" name="test_resolved_config_get_raises_when_not_resolved" time="0.001" /><testcase classname="tests.ingestion.test_core" name="test_resolved_config_get_includes_plugin_name_in_error" time="0.000" /><testcase classname="tests.ingestion.test_core" name="test_resolved_config_get_or_none_when_resolved" time="0.000" /><testcase classname="tests.ingestion.test_core" name="test_resolved_config_get_or_none_when_not_resolved" time="0.000" /><testcase classname="tests.ingestion.test_core" name="test_resolved_config_with_dataclass_type" time="0.001" /><testcase classname="tests.ingestion.test_core" name="test_base_ingest_plugin_resource_hints" time="0.000" /><testcase classname="tests.ingestion.test_pipeline_integration" name="test_plan_respects_dependency_ordering" time="0.001" /><testcase classname="tests.ingestion.test_pipeline_integration" name="test_plan_excludes_disabled_plugins" time="0.000" /><testcase classname="tests.ingestion.test_core" name="test_tracker_requiring_plugin_tracker_required" time="0.000" /><testcase classname="tests.ingestion.test_core" name="test_ingest_plugin_result_ok" time="0.000" /><testcase classname="tests.ingestion.test_core" name="test_ingest_plugin_result_fail" time="0.000" /><testcase classname="tests.ingestion.test_core" name="test_ingest_plugin_result_fail_with_kind" time="0.000" /><testcase classname="tests.ingestion.test_core" name="test_ingest_plugin_result_skip" time="0.000" /><testcase classname="tests.ingestion.test_core" name="test_ingest_plugin_result_ok_with_empty_counts" time="0.000" /><testcase classname="tests.ingestion.test_config_factory" name="test_get_config_fields_config_with_many_fields" time="0.000" /><testcase classname="tests.ingestion.test_config_factory" name="test_infer_config_mapping_basic" time="0.000" /><testcase classname="tests.ingestion.test_config_factory" name="test_infer_config_mapping_with_tools" time="0.000" /><testcase classname="tests.ingestion.test_config_factory" name="test_infer_config_mapping_non_dataclass" time="0.000" /><testcase classname="tests.ingestion.test_config_factory" name="test_config_factory_create_with_default_mappings" time="0.000" /><testcase classname="tests.ingestion.test_config_factory" name="test_config_factory_create_with_custom_mappings" time="0.000" /><testcase classname="tests.ingestion.test_ast_utils" name="test_indexes_function_defs" time="0.001" /><testcase classname="tests.ingestion.test_ast_utils" name="test_indexes_class_defs" time="0.001" /><testcase classname="tests.ingestion.test_ast_utils" name="test_indexes_multiple_kinds" time="0.000" /><testcase classname="tests.ingestion.test_ast_utils" name="test_empty_tree_returns_empty_index" time="0.000" /><testcase classname="tests.ingestion.test_plugins" name="test_result_fail_factory" time="0.000" /><testcase classname="tests.ingestion.test_plugins" name="test_result_fail_with_error_kind" time="0.000" /><testcase classname="tests.ingestion.test_plugins" name="test_result_skip_factory" time="0.000" /><testcase classname="tests.ingestion.test_plugins" name="test_scratch_declare_and_consume" time="0.000" /><testcase classname="tests.ingestion.test_plugins" name="test_scratch_consume_missing_returns_default" time="0.000" /><testcase classname="tests.ingestion.test_plugins" name="test_scratch_has_key" time="0.000" /><testcase classname="tests.ingestion.test_plugins" name="test_scratch_len_and_keys" time="0.000" /><testcase classname="tests.ingestion.test_plugins" name="test_scratch_cleanup_runs_callbacks" time="0.000" /><testcase classname="tests.ingestion.test_plugin_registry" name="test_unregister_cleanup_removes_from_stage_index" time="0.012" /><testcase classname="tests.ingestion.test_plugins" name="test_registry_plan_basic" time="0.014" /><testcase classname="tests.ingestion.test_plugins" name="test_registry_plan_disabled" time="0.010" /><testcase classname="tests.ingestion.test_config_factory" name="test_config_factory_build_with_tracker" time="0.000" /><testcase classname="tests.ingestion.test_config_factory" name="test_config_factory_build_with_tool_service" time="0.000" /><testcase classname="tests.ingestion.test_config_factory" name="test_config_factory_build_with_tools_from_context" time="0.000" /><testcase classname="tests.ingestion.test_config_factory" name="test_config_factory_build_non_dataclass_config" time="0.000" /><testcase classname="tests.ingestion.test_config_factory" name="test_config_factory_build_ignores_unknown_extra_fields" time="0.001" /><testcase classname="tests.ingestion.test_config_factory" name="test_config_factory_custom_mapping_overrides_default" time="0.001" /><testcase classname="tests.ingestion.test_config_factory" name="test_get_context_value_existing_attribute" time="0.001" /><testcase classname="tests.ingestion.test_config_factory" name="test_get_context_value_none_attribute" time="0.000" /><testcase classname="tests.ingestion.test_config_factory" name="test_tracker_from_options_takes_precedence" time="0.001" /><testcase classname="tests.ingestion.test_config_factory" name="test_default_context_mappings_contains_expected_keys" time="0.000" /><testcase classname="tests.ingestion.test_ingest_runs" name="test_classify_error_duckdb_error" time="0.000" /><testcase classname="tests.ingestion.test_ingest_runs" name="test_classify_error_value_error" time="0.000" /><testcase classname="tests.ingestion.test_ingest_runs" name="test_classify_error_other_error" time="0.000" /><testcase classname="tests.ingestion.test_ingest_runs" name="test_jsonl_sink_record_creates_file" time="0.002" /><testcase classname="tests.ingestion.test_ingest_runs" name="test_jsonl_sink_record_appends_jsonl" time="0.001" /><testcase classname="tests.ingestion.test_ingest_runs" name="test_jsonl_sink_record_includes_timestamps" time="0.001" /><testcase classname="tests.ingestion.test_plugins" name="test_registry_list_plugins" time="0.012" /><testcase classname="tests.ingestion.test_core" name="test_ingest_resource_hints_custom_values" time="0.000" /><testcase classname="tests.ingestion.test_coverage_incremental" name="test_coverage_ingest_runs_full_rebuild_with_tracker" time="1.628" /><testcase classname="tests.ingestion.test_plugin_registry" name="test_unregister_cleanup_removes_from_table_index" time="0.012" /><testcase classname="tests.ingestion.test_ast_utils" name="test_ignores_nodes_without_lineno" time="0.000" /><testcase classname="tests.ingestion.test_ast_utils" name="test_exact_span_match" time="0.000" /><testcase classname="tests.ingestion.test_ast_utils" name="test_enclosing_span_match" time="0.000" /><testcase classname="tests.ingestion.test_ast_utils" name="test_no_match_returns_none" time="0.000" /><testcase classname="tests.ingestion.test_adapters" name="test_quote_identifier_rejects_sql_injection" time="0.000" /><testcase classname="tests.ingestion.test_adapters" name="test_quote_identifier_rejects_quotes" time="0.000" /><testcase classname="tests.ingestion.test_adapters" name="test_quote_identifier_rejects_semicolons" time="0.000" /><testcase classname="tests.ingestion.test_adapters" name="test_quote_table_key_valid" time="0.000" /><testcase classname="tests.ingestion.test_adapters" name="test_quote_table_key_unknown_table" time="0.001" /><testcase classname="tests.ingestion.test_recipe_executor" name="test_plugin_registry_plan_disabled" time="0.011" /><testcase classname="tests.ingestion.test_recipe_executor" name="test_recipe_executor_with_real_repo_scan" time="1.778" /><testcase classname="tests.ingestion.test_ingest_service" name="test_ingest_macro_tables_not_empty" time="0.000" /><testcase classname="tests.ingestion.test_plugins" name="test_base_plugin_implements_protocol" time="0.000" /><testcase classname="tests.ingestion.test_plugins" name="test_table_writer_plugin_produces_tables" time="0.000" /><testcase classname="tests.ingestion.test_plugins" name="test_registry_register_and_get" time="0.009" /><testcase classname="tests.ingestion.test_resources" name="test_registry_register_and_get" time="0.000" /><testcase classname="tests.ingestion.test_resources" name="test_registry_get_resource_value" time="0.000" /><testcase classname="tests.ingestion.test_resources" name="test_registry_get_nonexistent_raises" time="0.001" /><testcase classname="tests.ingestion.test_resources" name="test_registry_duplicate_registration_raises" time="0.000" /><testcase classname="tests.ingestion.test_resources" name="test_registry_register_or_replace" time="0.000" /><testcase classname="tests.ingestion.test_resources" name="test_registry_get_by_name" time="0.000" /><testcase classname="tests.ingestion.test_resources" name="test_registry_get_by_name_nonexistent_raises" time="0.000" /><testcase classname="tests.ingestion.test_resources" name="test_registry_has_registered" time="0.000" /><testcase classname="tests.ingestion.test_resources" name="test_registry_has_unregistered" time="0.000" /><testcase classname="tests.ingestion.test_resources" name="test_registry_has_by_name" time="0.000" /><testcase classname="tests.ingestion.test_pipeline_integration" name="test_custom_registry_with_plan" time="0.009" /><testcase classname="tests.ingestion.test_pipeline_integration" name="test_repo_scan_plugin_execution" time="1.760" /><testcase classname="tests.ingestion.test_plugin_registry" name="test_plugin_capabilities_list_providing_multiple" time="0.010" /><testcase classname="tests.ingestion.test_ast_utils" name="test_returns_none_for_binary_file" time="0.001" /><testcase classname="tests.ingestion.test_ast_utils" name="test_parses_empty_file" time="0.001" /><testcase classname="tests.ingestion.test_ast_utils" name="test_returns_lines_tree_and_duration" time="0.001" /><testcase classname="tests.ingestion.test_plugins" name="test_registry_includes_all_expected_plugins" time="0.011" /><testcase classname="tests.ingestion.test_plugins" name="test_ingest_stage_values[scan]" time="0.001" /><testcase classname="tests.ingestion.test_plugins" name="test_ingest_stage_values[parse]" time="0.001" /><testcase classname="tests.ingestion.test_ast_utils" name="test_duration_is_non_negative" time="0.001" /><testcase classname="tests.ingestion.test_ast_utils" name="test_timed_parse_returns_none_on_parse_failure" time="0.001" /><testcase classname="tests.ingestion.test_ast_utils" name="test_timed_parse_returns_none_for_missing_file" time="0.001" /><testcase classname="tests.ingestion.test_plugins" name="test_ingest_stage_values[index]" time="0.001" /><testcase classname="tests.ingestion.test_plugins" name="test_ingest_stage_values[enrich]" time="0.001" /><testcase classname="tests.ingestion.test_plugin_registry" name="test_plugin_capabilities_list_providing_empty" time="0.009" /><testcase classname="tests.ingestion.test_plugins" name="test_ingest_stage_values[validate]" time="0.001" /><testcase classname="tests.ingestion.test_plugin_registry" name="test_plugin_stages_list_by_stage" time="0.009" /><testcase classname="tests.ingestion.test_plugins" name="test_ingest_severity_values[fatal]" time="0.001" /><testcase classname="tests.ingestion.test_plugins" name="test_ingest_severity_values[soft_fail]" time="0.001" /><testcase classname="tests.ingestion.test_plugins" name="test_ingest_severity_values[skip_on_error]" time="0.001" /><testcase classname="tests.ingestion.test_plugins" name="test_ingest_isolation_values[process]" time="0.000" /><testcase classname="tests.ingestion.test_plugins" name="test_scratch_cleanup_clears_store" time="0.001" /><testcase classname="tests.ingestion.test_core" name="test_ingest_plugin_metadata_create_minimal" time="0.001" /><testcase classname="tests.ingestion.test_resources" name="test_registry_get_or_none_not_found" time="0.000" /><testcase classname="tests.ingestion.test_plugins" name="test_metadata_exposes_tables_and_deps" time="0.000" /><testcase classname="tests.ingestion.test_plugins" name="test_plan_respects_dependencies" time="0.001" /><testcase classname="tests.ingestion.test_plugins" name="test_disabled_plugins_are_skipped" time="0.001" /><testcase classname="tests.ingestion.test_config_factory" name="test_config_factory_build_simple_config" time="0.001" /><testcase classname="tests.ingestion.test_plugin_registry" name="test_plugin_stages_list_by_stage_multiple" time="0.010" /><testcase classname="tests.ingestion.test_resources" name="test_tools_provider_creates_service_lazily" time="0.004" /><testcase classname="tests.ingestion.test_adapters" name="test_small_batch_threshold_positive" time="0.001" /><testcase classname="tests.ingestion.test_scip_resolver" name="test_scip_resolver_input_create_with_modules" time="0.001" /><testcase classname="tests.ingestion.test_resources" name="test_resource_not_loaded_error_with_reason" time="0.001" /><testcase classname="tests.ingestion.test_resources" name="test_registry_require_found" time="0.000" /><testcase classname="tests.ingestion.test_resources" name="test_registry_require_not_found" time="0.001" /><testcase classname="tests.ingestion.test_resources" name="test_registry_require_by_name_found" time="0.000" /><testcase classname="tests.ingestion.test_resources" name="test_registry_clear" time="0.000" /><testcase classname="tests.ingestion.test_resources" name="test_registry_multiple_different_types" time="0.000" /><testcase classname="tests.ingestion.test_runner_plumbing" name="test_repo_scan_honors_scan_profile" time="1.664" /><testcase classname="tests.ingestion.test_resources" name="test_tools_provider_runner_property_before_load" time="0.001" /><testcase classname="tests.ingestion.test_resources" name="test_tools_provider_runner_property_with_preconfigured" time="0.001" /><testcase classname="tests.ingestion.test_scip_resolver" name="test_scip_resolver_input_frozen_dataclass" time="0.000" /><testcase classname="tests.ingestion.test_ast_utils" name="test_parse_and_index_workflow" time="0.002" /><testcase classname="tests.ingestion.test_resources" name="test_tools_provider_runner_property_after_load" time="0.001" /><testcase classname="tests.ingestion.test_scip_resolver" name="test_resolve_scip_inputs_uses_inputs_values" time="0.001" /><testcase classname="tests.ingestion.test_scip_resolver" name="test_module_record_create" time="0.001" /><testcase classname="tests.ingestion.test_scip_resolver" name="test_resolve_scip_inputs_with_explicit_params" time="0.001" /><testcase classname="tests.ingestion.test_scip_resolver" name="test_resolve_scip_inputs_with_scip_resolver_input" time="0.001" /><testcase classname="tests.ingestion.test_scip_resolver" name="test_resolve_scip_inputs_with_modules_sequence" time="0.001" /><testcase classname="tests.ingestion.test_resources" name="test_provider_resource_name_attribute" time="0.000" /><testcase classname="tests.ingestion.test_resources" name="test_failing_provider_raises" time="0.001" /><testcase classname="tests.ingestion.test_resources" name="test_registry_workflow" time="0.000" /><testcase classname="tests.ingestion.test_resources" name="test_registry_optional_access" time="0.000" /><testcase classname="tests.ingestion.test_resources" name="test_registry_registered_types" time="0.000" /><testcase classname="tests.ingestion.test_scip_resolver" name="test_resolve_scip_inputs_with_modules_in_input" time="0.001" /><testcase classname="tests.ingestion.test_scip_resolver" name="test_module_record_frozen" time="0.001" /><testcase classname="tests.ingestion.test_steps_comprehensive" name="test_flatten_dict_simple" time="0.001" /><testcase classname="tests.ingestion.test_plugin_registry" name="test_plugin_tables_list_by_table" time="0.011" /><testcase classname="tests.ingestion.test_scip_resolver" name="test_resolve_scip_inputs_missing_repo_raises_value_error" time="0.001" /><testcase classname="tests.ingestion.test_steps_comprehensive" name="test_flatten_dict_nested" time="0.000" /><testcase classname="tests.ingestion.test_steps_comprehensive" name="test_flatten_dict_deeply_nested" time="0.001" /><testcase classname="tests.ingestion.test_scip_resolver" name="test_resolve_scip_inputs_missing_commit_raises_value_error" time="0.001" /><testcase classname="tests.ingestion.test_scip_resolver" name="test_resolve_scip_inputs_missing_repo_root_raises_value_error" time="0.001" /><testcase classname="tests.ingestion.test_plugins" name="test_registry_get_nonexistent_raises_key_error" time="0.009" /><testcase classname="tests.ingestion.test_steps_comprehensive" name="test_flatten_dict_empty" time="0.001" /><testcase classname="tests.ingestion.test_steps_comprehensive" name="test_flatten_dict_with_none" time="0.000" /><testcase classname="tests.ingestion.test_scip_resolver" name="test_resolve_scip_inputs_missing_build_dir_raises_value_error" time="0.001" /><testcase classname="tests.ingestion.test_steps_comprehensive" name="test_flatten_dict_with_mixed_types" time="0.001" /><testcase classname="tests.ingestion.test_recipe_executor" name="test_plugin_plan_ordered_names" time="0.001" /><testcase classname="tests.ingestion.test_steps_comprehensive" name="test_flatten_list_items_simple" time="0.000" /><testcase classname="tests.ingestion.test_steps_comprehensive" name="test_parse_json_non_dict" time="0.000" /><testcase classname="tests.ingestion.test_steps_comprehensive" name="test_parse_ini_valid" time="0.001" /><testcase classname="tests.ingestion.test_steps_comprehensive" name="test_parse_ini_invalid" time="0.000" /><testcase classname="tests.ingestion.test_plugin_registry" name="test_plugin_tables_list_by_table_multiple" time="0.010" /><testcase classname="tests.ingestion.test_core" name="test_base_ingest_plugin_metadata_property" time="0.001" /><testcase classname="tests.ingestion.test_steps_comprehensive" name="test_compute_annotation_info_async_function" time="0.001" /><testcase classname="tests.ingestion.test_steps_comprehensive" name="test_parse_ini_multiple_sections" time="0.000" /><testcase classname="tests.ingestion.test_steps_comprehensive" name="test_compute_annotation_info_handles_empty_module" time="0.000" /><testcase classname="tests.ingestion.test_steps_comprehensive" name="test_compute_annotation_info_no_functions" time="0.001" /><testcase classname="tests.ingestion.test_steps_comprehensive" name="test_parse_config_file_by_extension" time="0.002" /><testcase classname="tests.ingestion.test_steps_comprehensive" name="test_parse_config_file_unknown_extension" time="0.000" /><testcase classname="tests.ingestion.test_steps_comprehensive" name="test_parse_config_file_case_insensitive_extension" time="0.000" /><testcase classname="tests.ingestion.test_steps_comprehensive" name="test_flatten_list_items_empty" time="0.000" /><testcase classname="tests.ingestion.test_steps_comprehensive" name="test_flatten_list_items_with_strings" time="0.000" /><testcase classname="tests.ingestion.test_steps_comprehensive" name="test_parse_toml_valid" time="0.000" /><testcase classname="tests.ingestion.test_steps_comprehensive" name="test_parse_toml_invalid" time="0.000" /><testcase classname="tests.ingestion.test_steps_comprehensive" name="test_parse_toml_with_nested_sections" time="0.000" /><testcase classname="tests.ingestion.test_steps_comprehensive" name="test_parse_yaml_valid" time="0.001" /><testcase classname="tests.ingestion.test_steps_comprehensive" name="test_parse_yaml_invalid" time="0.001" /><testcase classname="tests.ingestion.test_ast_utils" name="test_none_end_line_uses_start" time="0.001" /><testcase classname="tests.ingestion.test_steps_comprehensive" name="test_is_fully_typed_empty_params" time="0.000" /><testcase classname="tests.ingestion.test_steps_comprehensive" name="test_annotation_info_dataclass" time="0.001" /><testcase classname="tests.ingestion.test_steps_comprehensive" name="test_compute_annotation_info_fully_typed" time="0.001" /><testcase classname="tests.ingestion.test_steps_comprehensive" name="test_compute_annotation_info_partially_typed" time="0.001" /><testcase classname="tests.ingestion.test_steps_comprehensive" name="test_compute_annotation_info_untyped" time="0.001" /><testcase classname="tests.ingestion.test_steps_comprehensive" name="test_parse_yaml_non_dict" time="0.000" /><testcase classname="tests.ingestion.test_steps_comprehensive" name="test_parse_yaml_empty" time="0.000" /><testcase classname="tests.ingestion.test_steps_comprehensive" name="test_parse_json_valid" time="0.000" /><testcase classname="tests.ingestion.test_plugin_registry" name="test_plan_options_defaults" time="0.000" /><testcase classname="tests.ingestion.test_steps_comprehensive" name="test_tests_ingest_step_success" time="0.001" /><testcase classname="tests.ingestion.test_config_factory" name="test_default_context_mappings_are_identity" time="0.000" /><testcase classname="tests.ingestion.test_tools" name="test_pyright_plugin_successful_run_returns_ok_status" time="0.001" /><testcase classname="tests.ingestion.test_tools" name="test_default_registry_contains_expected_plugins" time="0.002" /><testcase classname="tests.ingestion.test_steps_comprehensive" name="test_compute_annotation_info_multiple_functions" time="0.001" /><testcase classname="tests.ingestion.test_steps_comprehensive" name="test_compute_annotation_info_with_decorators" time="0.001" /><testcase classname="tests.ingestion.test_steps_comprehensive" name="test_collect_function_params_posonlyargs" time="0.001" /><testcase classname="tests.ingestion.test_steps_comprehensive" name="test_collect_function_params_varargs" time="0.000" /><testcase classname="tests.ingestion.test_steps_comprehensive" name="test_is_fully_typed_true" time="0.000" /><testcase classname="tests.ingestion.test_steps_comprehensive" name="test_is_fully_typed_false_missing_annotation" time="0.000" /><testcase classname="tests.ingestion.test_steps_comprehensive" name="test_is_fully_typed_false_no_return" time="0.000" /><testcase classname="tests.ingestion.test_resources" name="test_registry_get_or_none_found" time="0.000" /><testcase classname="tests.ingestion.test_plugin_registry" name="test_plan_options_with_values" time="0.000" /><testcase classname="tests.ingestion.test_plugin_registry" name="test_plugin_plan_with_custom_plugins" time="0.010" /><testcase classname="tests.ingestion.test_steps_comprehensive" name="test_tests_ingest_step_missing_report" time="0.001" /><testcase classname="tests.ingestion.test_tools" name="test_scip_result_ok_status" time="0.000" /><testcase classname="tests.ingestion.test_tools" name="test_scip_result_with_documents" time="0.000" /><testcase classname="tests.ingestion.test_steps_comprehensive" name="test_tests_ingest_step_invalid_json" time="0.001" /><testcase classname="tests.ingestion.test_steps_comprehensive" name="test_tests_ingest_step_empty_tests" time="0.001" /><testcase classname="tests.ingestion.test_steps_comprehensive" name="test_tests_ingest_step_long_longrepr_truncated" time="0.001" /><testcase classname="tests.ingestion.test_subprocess_policy" name="test_no_direct_subprocess_usage_outside_tooling" time="0.030" /><testcase classname="tests.ingestion.test_tools" name="test_test_case_attributes" time="0.000" /><testcase classname="tests.ingestion.test_tools" name="test_test_case_with_failure" time="0.000" /><testcase classname="tests.ingestion.test_tools" name="test_test_case_defaults" time="0.000" /><testcase classname="tests.ingestion.test_tools" name="test_test_result_ok_status" time="0.000" /><testcase classname="tests.ingestion.test_tools" name="test_test_result_with_tests" time="0.000" /><testcase classname="tests.ingestion.test_tools" name="test_test_result_passed_count" time="0.000" /><testcase classname="tests.ingestion.test_plugin_registry" name="test_plugin_plan_respects_dependencies" time="0.010" /><testcase classname="tests.ingestion.test_plugins" name="test_ingest_isolation_values[thread]" time="0.001" /><testcase classname="tests.ingestion.test_tools" name="test_test_result_failed_count" time="0.000" /><testcase classname="tests.ingestion.test_tools" name="test_tool_service_run_scip_not_found" time="0.005" /><testcase classname="tests.ingestion.test_tools" name="test_tool_result_diagnostic_workflow" time="0.000" /><testcase classname="tests.ingestion.test_resources" name="test_tools_provider_with_pre_configured_service" time="0.004" /><testcase classname="tests.ingestion.test_tools" name="test_file_diagnostic_count_attributes" time="0.000" /><testcase classname="tests.ingestion.test_tools" name="test_diagnostic_report_from_error_counts" time="0.000" /><testcase classname="tests.ingestion.test_steps_comprehensive" name="test_flatten_list_items_with_dicts" time="0.001" /><testcase classname="tests.ingestion.test_plugin_registry" name="test_plugin_plan_with_disabled" time="0.009" /><testcase classname="tests.ingestion.test_tools" name="test_scip_plugin_type_error_on_missing_output_json" time="0.002" /><testcase classname="tests.ingestion.test_tools" name="test_diagnostic_report_errors_by_path" time="0.000" /><testcase classname="tests.ingestion.test_tools" name="test_diagnostic_report_empty" time="0.000" /><testcase classname="tests.ingestion.test_tools" name="test_coverage_file_summary_properties" time="0.000" /><testcase classname="tests.ingestion.test_tools" name="test_coverage_file_summary_zero_lines" time="0.000" /><testcase classname="tests.ingestion.test_scip_resolver" name="test_resolve_scip_inputs_missing_document_output_dir_raises_value_error" time="0.001" /><testcase classname="tests.ingestion.test_workers" name="test_resolve_worker_count_invalid_env_var_is_ignored" time="0.001" /><testcase classname="tests.ingestion.test_workers" name="test_resolve_worker_count_zero_env_var_is_ignored" time="0.000" /><testcase classname="tests.ingestion.test_workers" name="test_resolve_worker_count_default_calculation" time="0.000" /><testcase classname="tests.ingestion.test_workers" name="test_resolve_worker_count_custom_max_workers" time="0.000" /><testcase classname="tests.ingestion.test_tools" name="test_coverage_report_from_file_reports" time="0.000" /><testcase classname="tests.ingestion.test_tools" name="test_coverage_report_empty" time="0.000" /><testcase classname="tests.ingestion.test_workers" name="test_worker_pool_shutdown_on_exit" time="0.001" /><testcase classname="tests.ingestion.test_tools" name="test_scip_plugin_type_error_on_invalid_target_dir" time="0.001" /><testcase classname="tests.ingestion.test_workers" name="test_resolve_worker_count_custom_min_workers" time="0.000" /><testcase classname="tests.ingestion.test_workers" name="test_create_executor_process_executor" time="0.002" /><testcase classname="tests.ingestion.test_workers" name="test_executor_factory_returns_callable" time="0.000" /><testcase classname="tests.ingestion.test_tools" name="test_coverage_report_by_path" time="0.000" /><testcase classname="tests.ingestion.test_tools" name="test_scip_plugin_type_error_on_invalid_rel_paths" time="0.001" /><testcase classname="tests.ingestion.test_tools" name="test_pytest_plugin_not_found" time="0.002" /><testcase classname="tests.ingestion.test_steps_comprehensive" name="test_compute_annotation_info_excludes_self_cls" time="0.001" /><testcase classname="tests.ingestion.test_steps_comprehensive" name="test_parse_json_invalid" time="0.001" /><testcase classname="tests.ingestion.test_workers" name="test_create_executor_thread_executor" time="0.000" /><testcase classname="tests.ingestion.test_tools" name="test_parse_scip_range_four_elements" time="0.000" /><testcase classname="tests.analytics.adapters.test_base_adapters" name="test_delete_scope_defaults" time="0.001" /><testcase classname="tests.ingestion.test_workers" name="test_create_executor_unknown_kind_defaults_to_thread" time="0.000" /><testcase classname="tests.ingestion.test_workers" name="test_worker_pool_process" time="0.000" /><testcase classname="tests.analytics.adapters.test_base_adapters" name="test_delete_scope_with_columns" time="0.000" /><testcase classname="tests.analytics.adapters.test_base_adapters" name="test_delete_scope_is_frozen" time="0.000" /><testcase classname="tests.ingestion.test_workers" name="test_executor_factory_creates_thread_executor" time="0.000" /><testcase classname="tests.ingestion.test_workers" name="test_executor_factory_creates_process_executor" time="0.002" /><testcase classname="tests.ingestion.test_workers" name="test_executor_factory_creates_new_instance_each_call" time="0.000" /><testcase classname="tests.ingestion.test_workers" name="test_ast_worker_config" time="0.000" /><testcase classname="tests.ingestion.test_workers" name="test_cst_worker_config" time="0.000" /><testcase classname="tests.ingestion.test_workers" name="test_default_max_workers" time="0.000" /><testcase classname="tests.ingestion.test_workers" name="test_default_min_workers" time="0.000" /><testcase classname="tests.ingestion.test_tools" name="test_parse_scip_range_invalid" time="0.000" /><testcase classname="tests.ingestion.test_tools" name="test_parse_scip_occurrence_valid" time="0.000" /><testcase classname="tests.ingestion.test_tools" name="test_parse_scip_occurrence_invalid_symbol" time="0.000" /><testcase classname="tests.ingestion.test_tools" name="test_parse_scip_occurrence_invalid_range" time="0.000" /><testcase classname="tests.ingestion.test_tools" name="test_scip_index_result_from_json_documents" time="0.001" /><testcase classname="tests.ingestion.test_tools" name="test_scip_index_result_skips_invalid_docs" time="0.000" /><testcase classname="tests.ingestion.test_tools" name="test_pytest_plugin_type_error_on_missing_json_report_path" time="0.001" /><testcase classname="tests.ingestion.test_tools" name="test_pytest_plugin_execution_error" time="0.001" /><testcase classname="tests.ingestion.test_tools" name="test_tool_service_run_ruff_execution_error" time="0.001" /><testcase classname="tests.ingestion.test_tools" name="test_tool_service_run_pyright_returns_errors_from_parsed_report" time="0.001" /><testcase classname="tests.ingestion.test_tools" name="test_tool_service_run_coverage_report_with_data" time="0.001" /><testcase classname="tests.ingestion.test_steps_comprehensive" name="test_is_fully_typed_ignores_self_cls" time="0.001" /><testcase classname="tests.ingestion.test_tools" name="test_scip_index_result_empty" time="0.000" /><testcase classname="tests.ingestion.test_tools" name="test_scip_plugin_not_found_during_scip_python" time="0.003" /><testcase classname="tests.ingestion.test_workers" name="test_worker_pool_thread" time="0.000" /><testcase classname="tests.ingestion.test_tools" name="test_tool_runner_missing_binary_raises_not_found_error" time="0.002" /><testcase classname="tests.ingestion.test_tools" name="test_tool_runner_unknown_tool_raises_value_error" time="0.001" /><testcase classname="tests.ingestion.test_tools" name="test_pyright_plugin_not_found_downgrades_to_not_found_status" time="0.001" /><testcase classname="tests.analytics.adapters.test_dependencies_adapter" name="test_to_decimal_handles_zero" time="0.001" /><testcase classname="tests.analytics.adapters.test_dependencies_adapter" name="test_to_decimal_handles_large_int" time="0.000" /><testcase classname="tests.analytics.adapters.test_dependencies_adapter" name="test_dependency_call_row_creation" time="0.000" /><testcase classname="tests.analytics.adapters.test_dependencies_adapter" name="test_dependency_call_row_goid_is_decimal" time="0.000" /><testcase classname="tests.analytics.adapters.test_dependencies_adapter" name="test_dependency_call_row_modes_is_list" time="0.000" /><testcase classname="tests.analytics.adapters.test_dependencies_adapter" name="test_dependency_call_row_is_frozen" time="0.000" /><testcase classname="tests.analytics.adapters.test_dependencies_adapter" name="test_dependency_aggregate_row_creation" time="0.000" /><testcase classname="tests.ingestion.test_tools" name="test_parse_test_duration_valid" time="0.000" /><testcase classname="tests.ingestion.test_tools" name="test_tool_service_get_plugin_returns_registered_plugin" time="0.002" /><testcase classname="tests.analytics.adapters.test_dependencies_adapter" name="test_dependency_aggregate_row_is_frozen" time="0.001" /><testcase classname="tests.analytics.adapters.test_dependencies_adapter" name="test_dependency_aggregate_row_optional_fields" time="0.000" /><testcase classname="tests.analytics.adapters.test_dependencies_adapter" name="test_dependency_aggregate_row_numeric_fields" time="0.000" /><testcase classname="tests.ingestion.test_tools" name="test_tool_service_run_pytest_report_creates_file" time="0.001" /><testcase classname="tests.analytics.adapters.test_functions_adapter" name="test_function_goid_is_frozen" time="0.001" /><testcase classname="tests.analytics.adapters.test_base_adapters" name="test_create_delete_scope" time="0.001" /><testcase classname="tests.ingestion.test_tools" name="test_scip_plugin_type_error_on_missing_output_scip" time="0.001" /><testcase classname="tests.analytics.adapters.test_dependencies_adapter" name="test_dependency_aggregate_row_list_fields" time="0.000" /><testcase classname="tests.ingestion.test_tools" name="test_tool_service_pyright_parses_errors" time="0.614" /><testcase classname="tests.ingestion.test_coverage_incremental" name="test_coverage_plugin_executes_with_tracker" time="1.648" /><testcase classname="tests.ingestion.test_runner_plumbing" name="test_coverage_ingest_uses_runner" time="2.253" /><testcase classname="tests.analytics.adapters.test_entrypoints_adapter" name="test_entrypoint_tests_adapter_table_name" time="1.600" /><testcase classname="tests.analytics.adapters.test_data_models_adapter" name="test_adapter_persist_single" time="1.637" /><testcase classname="tests.analytics.adapters.test_profiles_adapter" name="test_function_profile_adapter_persist_empty" time="1.601" /><testcase classname="tests.ingestion.test_tools" name="test_tool_service_pyrefly_parses_errors" time="1.031" /><testcase classname="tests.ingestion.test_ingest_run_reporting" name="test_plugin_execution_succeeds_without_tracker_in_scratch" time="1.765" /><testcase classname="tests.analytics.adapters.test_semantic_roles_adapter" name="test_functions_adapter_persist_verifies_data" time="1.670" /><testcase classname="tests.ingestion.test_pipeline_integration" name="test_ast_extract_plugin_execution_after_repo_scan" time="1.856" /><testcase classname="tests.ingestion.test_recipe_executor" name="test_recipe_executor_multi_stage_with_dependencies" time="1.814" /><testcase classname="tests.analytics.adapters.test_profiles_adapter" name="test_module_profile_adapter_load_raises" time="1.674" /><testcase classname="tests.analytics.adapters.test_base_adapters" name="test_batch_persist_with_delete" time="1.705" /><testcase classname="tests.analytics.adapters.test_dependencies_adapter" name="test_aggregate_adapter_persist_single_row" time="1.697" /><testcase classname="tests.analytics.adapters.test_base_adapters" name="test_adapter_properties" time="1.735" /><testcase classname="tests.analytics.adapters.test_functions_adapter" name="test_loader_load_all" time="1.721" /><testcase classname="tests.analytics.adapters.test_dependencies_adapter" name="test_call_adapter_table_name" time="1.727" /><testcase classname="tests.ingestion.test_tools" name="test_tool_service_coverage_reports_normalization" time="0.619" /><testcase classname="tests.ingestion.test_tools" name="test_tool_status_enum_values" time="0.001" /><testcase classname="tests.ingestion.test_tools" name="test_tool_status_enum_comparison" time="0.000" /><testcase classname="tests.ingestion.test_tools" name="test_diagnostic_entry_attributes" time="0.000" /><testcase classname="tests.ingestion.test_tools" name="test_diagnostic_result_ok_status" time="0.000" /><testcase classname="tests.ingestion.test_tools" name="test_diagnostic_result_with_diagnostics" time="0.000" /><testcase classname="tests.ingestion.test_tools" name="test_diagnostic_result_errors_by_path" time="0.000" /><testcase classname="tests.ingestion.test_pipeline_integration" name="test_recipe_with_provisioned_gateway" time="2.592" /><testcase classname="tests.ingestion.test_pipeline_integration" name="test_pipeline_rejects_missing_dependency" time="1.598" /><testcase classname="tests.analytics.adapters.test_data_models_adapter" name="test_adapter_persist_multiple" time="1.527" /><testcase classname="tests.ingestion.test_coverage_incremental" name="test_coverage_plugin_without_coverage_file_skips" time="1.525" /><testcase classname="tests.analytics.adapters.test_profiles_adapter" name="test_function_profile_adapter_persist_single_row" time="1.587" /><testcase classname="tests.analytics.adapters.test_semantic_roles_adapter" name="test_modules_adapter_table_name" time="1.527" /><testcase classname="tests.analytics.adapters.test_entrypoints_adapter" name="test_entrypoint_tests_adapter_load_raises" time="1.624" /><testcase classname="tests.analytics.adapters.test_dependencies_adapter" name="test_aggregate_adapter_persist_multiple_rows" time="1.626" /><testcase classname="tests.analytics.adapters.test_profiles_adapter" name="test_module_profile_adapter_persist_empty" time="1.637" /><testcase classname="tests.analytics.adapters.test_base_adapters" name="test_batch_persist_without_delete" time="1.634" /><testcase classname="tests.analytics.adapters.test_dependencies_adapter" name="test_call_adapter_load_returns_empty" time="1.616" /><testcase classname="tests.analytics.adapters.test_functions_adapter" name="test_loader_load_all_empty" time="1.631" /><testcase classname="tests.analytics.adapters.test_base_adapters" name="test_adapter_load_empty" time="1.669" /><testcase classname="tests.ingestion.test_ingest_run_reporting" name="test_plugin_skip_result" time="0.001" /><testcase classname="tests.ingestion.test_ingest_run_reporting" name="test_plugin_fail_result" time="0.000" /><testcase classname="tests.ingestion.test_ingest_runs" name="test_ingest_run_status_values" time="0.000" /><testcase classname="tests.ingestion.test_ingest_runs" name="test_ingest_run_mode_values" time="0.000" /><testcase classname="tests.ingestion.test_ingest_runs" name="test_ingest_run_create_minimal" time="0.000" /><testcase classname="tests.ingestion.test_ingest_runs" name="test_ingest_run_create_with_metrics" time="0.000" /><testcase classname="tests.ingestion.test_ingest_runs" name="test_ingest_run_create_with_error" time="0.000" /><testcase classname="tests.ingestion.test_ingest_runs" name="test_ingest_run_create_with_incremental_metrics" time="0.000" /><testcase classname="tests.ingestion.test_ingest_runs" name="test_ingest_run_to_row_tuple" time="0.001" /><testcase classname="tests.ingestion.test_ingest_runs" name="test_classify_error_tool_not_found_error" time="0.001" /><testcase classname="tests.ingestion.test_ingest_runs" name="test_classify_error_tool_execution_error" time="0.000" /><testcase classname="tests.analytics.compute.test_dependencies_classification" name="test_pattern_no_match_different_method" time="0.001" /><testcase classname="tests.analytics.compute.test_dependencies_classification" name="test_pattern_matches_method_prefix" time="0.000" /><testcase classname="tests.analytics.compute.test_dependencies_classification" name="test_pattern_no_match_wrong_prefix" time="0.000" /><testcase classname="tests.analytics.compute.test_dependencies_classification" name="test_pattern_matches_target_substring" time="0.001" /><testcase classname="tests.analytics.compute.test_dependencies_classification" name="test_pattern_no_match_missing_substring" time="0.000" /><testcase classname="tests.analytics.compute.test_dependencies_classification" name="test_pattern_matches_with_none_method" time="0.000" /><testcase classname="tests.analytics.compute.test_dependencies_classification" name="test_pattern_no_match_prefix_with_none_method" time="0.000" /><testcase classname="tests.analytics.compute.test_dependencies_classification" name="test_pattern_no_match_empty_pattern" time="0.000" /><testcase classname="tests.analytics.compute.test_dependencies_classification" name="test_library_pattern_defaults" time="0.000" /><testcase classname="tests.analytics.compute.test_dependencies_classification" name="test_library_pattern_with_all_fields" time="0.000" /><testcase classname="tests.analytics.compute.test_dependencies_classification" name="test_classify_single_mode_match" time="0.000" /><testcase classname="tests.analytics.compute.test_dependencies_classification" name="test_classify_multiple_modes_match" time="0.000" /><testcase classname="tests.analytics.compute.test_dependencies_classification" name="test_classify_no_match_returns_unknown" time="0.001" /><testcase classname="tests.analytics.compute.test_dependencies_classification" name="test_classify_by_target_substring" time="0.000" /><testcase classname="tests.analytics.compute.test_dependencies_classification" name="test_classify_multiple_patterns_accumulate" time="0.000" /><testcase classname="tests.analytics.compute.test_dependencies_classification" name="test_classify_returns_first_matched_pattern" time="0.000" /><testcase classname="tests.analytics.compute.test_dependencies_classification" name="test_classify_deduplicated_modes" time="0.000" /><testcase classname="tests.analytics.compute.test_dependencies_classification" name="test_severity_score_known_levels[critical-4.0]" time="0.001" /><testcase classname="tests.analytics.compute.test_dependencies_classification" name="test_severity_score_known_levels[high-3.0]" time="0.000" /><testcase classname="tests.analytics.compute.test_dependencies_classification" name="test_severity_score_known_levels[medium-2.0]" time="0.000" /><testcase classname="tests.analytics.compute.test_dependencies_classification" name="test_severity_score_known_levels[low-1.0]" time="0.000" /><testcase classname="tests.analytics.compute.test_dependencies_classification" name="test_severity_score_known_levels[info-0.5]" time="0.001" /><testcase classname="tests.analytics.compute.test_dependencies_classification" name="test_severity_score_unknown_returns_none" time="0.000" /><testcase classname="tests.analytics.compute.test_dependencies_classification" name="test_severity_score_none_returns_none" time="0.000" /><testcase classname="tests.analytics.compute.test_dependencies_classification" name="test_severity_scores_constant" time="0.000" /><testcase classname="tests.analytics.compute.test_dependencies_classification" name="test_risk_score_calculation[high-3.0-9.0]" time="0.001" /><testcase classname="tests.analytics.compute.test_dependencies_classification" name="test_risk_score_calculation[critical-2.0-8.0]" time="0.000" /><testcase classname="tests.analytics.compute.test_dependencies_classification" name="test_risk_score_calculation[medium-1.5-3.0]" time="0.001" /><testcase classname="tests.analytics.compute.test_dependencies_classification" name="test_risk_score_calculation[low-4.0-4.0]" time="0.001" /><testcase classname="tests.analytics.compute.test_dependencies_classification" name="test_risk_score_calculation[info-2.0-1.0]" time="0.001" /><testcase classname="tests.analytics.compute.test_dependencies_classification" name="test_risk_score_none_severity" time="0.000" /><testcase classname="tests.analytics.compute.test_dependencies_classification" name="test_risk_score_none_criticality" time="0.000" /><testcase classname="tests.analytics.compute.test_dependencies_classification" name="test_risk_score_unknown_severity" time="0.000" /><testcase classname="tests.analytics.compute.test_dependencies_classification" name="test_risk_score_zero_criticality" time="0.000" /><testcase classname="tests.analytics.compute.test_dependencies_classification" name="test_risk_level_admin_mode_is_high" time="0.000" /><testcase classname="tests.analytics.compute.test_dependencies_classification" name="test_risk_level_write_mode_is_high" time="0.000" /><testcase classname="tests.analytics.compute.test_dependencies_classification" name="test_risk_level_mixed_modes_with_write_is_high" time="0.000" /><testcase classname="tests.analytics.compute.test_dependencies_classification" name="test_risk_level_many_callsites_is_medium" time="0.000" /><testcase classname="tests.analytics.compute.test_dependencies_classification" name="test_risk_level_above_threshold_is_medium" time="0.000" /><testcase classname="tests.analytics.compute.test_dependencies_classification" name="test_risk_level_few_callsites_is_low" time="0.000" /><testcase classname="tests.analytics.compute.test_dependencies_classification" name="test_risk_level_empty_modes_is_low" time="0.000" /><testcase classname="tests.analytics.compute.test_dependencies_classification" name="test_callsite_threshold_constant" time="0.000" /><testcase classname="tests.analytics.compute.test_dependencies_classification" name="test_requests_http_get" time="0.000" /><testcase classname="tests.analytics.compute.test_dependencies_classification" name="test_sqlalchemy_select_query" time="0.000" /><testcase classname="tests.analytics.compute.test_dependencies_classification" name="test_sqlalchemy_insert_is_write" time="0.000" /><testcase classname="tests.analytics.compute.test_dependencies_classification" name="test_sqlalchemy_delete_is_critical" time="0.000" /><testcase classname="tests.analytics.compute.test_dependencies_classification" name="test_redis_get_by_prefix" time="0.000" /><testcase classname="tests.analytics.compute.test_dependencies_classification" name="test_redis_flushall_is_admin" time="0.000" /><testcase classname="tests.analytics.compute.test_dependencies_classification" name="test_risk_assessment_write_operations" time="0.001" /><testcase classname="tests.analytics.compute.test_dependencies_classification" name="test_risk_assessment_frequent_reads" time="0.001" /><testcase classname="tests.analytics.compute.test_functions_signatures" name="test_parameter_create_with_all_fields" time="0.000" /><testcase classname="tests.analytics.compute.test_functions_signatures" name="test_parameter_no_annotation" time="0.000" /><testcase classname="tests.analytics.compute.test_functions_signatures" name="test_parameter_is_frozen" time="0.001" /><testcase classname="tests.analytics.compute.test_functions_signatures" name="test_signature_create_with_all_fields" time="0.000" /><testcase classname="tests.analytics.compute.test_functions_signatures" name="test_signature_is_frozen" time="0.000" /><testcase classname="tests.analytics.compute.test_functions_signatures" name="test_extract_simple_function" time="0.001" /><testcase classname="tests.analytics.compute.test_functions_signatures" name="test_extract_typed_function" time="0.000" /><testcase classname="tests.analytics.compute.test_functions_signatures" name="test_extract_async_function" time="0.001" /><testcase classname="tests.analytics.compute.test_functions_signatures" name="test_extract_no_params" time="0.000" /><testcase classname="tests.analytics.compute.test_functions_signatures" name="test_extract_no_docstring" time="0.000" /><testcase classname="tests.analytics.compute.test_functions_signatures" name="test_extract_non_function_node" time="0.000" /><testcase classname="tests.analytics.compute.test_functions_signatures" name="test_extract_method_with_self" time="0.000" /><testcase classname="tests.analytics.compute.test_functions_signatures" name="test_extract_classmethod" time="0.000" /><testcase classname="tests.analytics.compute.test_functions_signatures" name="test_extract_staticmethod" time="0.000" /><testcase classname="tests.analytics.compute.test_functions_signatures" name="test_extract_property" time="0.001" /><testcase classname="tests.analytics.compute.test_functions_signatures" name="test_extract_simple_decorator" time="0.000" /><testcase classname="tests.analytics.compute.test_functions_signatures" name="test_extract_multiple_decorators" time="0.000" /><testcase classname="tests.analytics.compute.test_functions_signatures" name="test_extract_attribute_decorator" time="0.000" /><testcase classname="tests.analytics.compute.test_functions_signatures" name="test_extract_call_decorator" time="0.000" /><testcase classname="tests.analytics.compute.test_functions_signatures" name="test_extract_positional_or_keyword_param" time="0.000" /><testcase classname="tests.analytics.compute.test_functions_signatures" name="test_extract_positional_only_param" time="0.000" /><testcase classname="tests.analytics.compute.test_functions_signatures" name="test_extract_var_positional_param" time="0.000" /><testcase classname="tests.analytics.compute.test_functions_signatures" name="test_extract_var_keyword_param" time="0.000" /><testcase classname="tests.ingestion.test_recipe_executor" name="test_recipe_executor_fail_fast_stops_on_error" time="1.674" /><testcase classname="tests.analytics.compute.test_functions_signatures" name="test_extract_keyword_only_param" time="0.001" /><testcase classname="tests.analytics.compute.test_functions_signatures" name="test_extract_complex_signature_all_kinds" time="0.000" /><testcase classname="tests.analytics.compute.test_functions_signatures" name="test_extract_no_defaults" time="0.000" /><testcase classname="tests.analytics.compute.test_functions_signatures" name="test_extract_with_default" time="0.000" /><testcase classname="tests.analytics.compute.test_functions_signatures" name="test_extract_mixed_defaults" time="0.000" /><testcase classname="tests.analytics.compute.test_functions_signatures" name="test_extract_keyword_only_default" time="0.000" /><testcase classname="tests.analytics.compute.test_functions_signatures" name="test_extract_default_qualname" time="0.000" /><testcase classname="tests.analytics.compute.test_functions_signatures" name="test_extract_custom_qualname" time="0.000" /><testcase classname="tests.analytics.compute.test_functions_signatures" name="test_extract_simple_annotation" time="0.001" /><testcase classname="tests.analytics.compute.test_functions_signatures" name="test_extract_complex_annotation" time="0.000" /><testcase classname="tests.analytics.compute.test_functions_signatures" name="test_extract_no_annotation" time="0.000" /><testcase classname="tests.analytics.compute.test_functions_signatures" name="test_realistic_api_handler" time="0.000" /><testcase classname="tests.analytics.compute.test_functions_signatures" name="test_realistic_test_function" time="0.000" /><testcase classname="tests.analytics.compute.test_functions_signatures" name="test_realistic_cli_command" time="0.000" /><testcase classname="tests.analytics.compute.test_graphs_centrality" name="test_metrics_create_all_fields" time="0.000" /><testcase classname="tests.analytics.compute.test_graphs_centrality" name="test_metrics_is_frozen" time="0.000" /><testcase classname="tests.analytics.compute.test_graphs_centrality" name="test_pagerank_empty_graph" time="0.002" /><testcase classname="tests.analytics.compute.test_graphs_centrality" name="test_pagerank_single_node" time="0.064" /><testcase classname="tests.ingestion.test_pipeline_integration" name="test_full_pipeline_repo_scan_to_ast_extract" time="1.812" /><testcase classname="tests.analytics.compute.test_graphs_centrality" name="test_pagerank_simple_chain" time="0.002" /><testcase classname="tests.analytics.compute.test_graphs_centrality" name="test_pagerank_cycle_equal" time="0.001" /><testcase classname="tests.analytics.compute.test_graphs_centrality" name="test_pagerank_star_hub_low" time="0.001" /><testcase classname="tests.analytics.compute.test_graphs_centrality" name="test_pagerank_reverse_star_hub_high" time="0.002" /><testcase classname="tests.analytics.compute.test_graphs_centrality" name="test_pagerank_realistic_call_graph" time="0.001" /><testcase classname="tests.analytics.compute.test_graphs_centrality" name="test_pagerank_custom_alpha" time="0.002" /><testcase classname="tests.analytics.compute.test_graphs_centrality" name="test_pagerank_custom_max_iter" time="0.002" /><testcase classname="tests.analytics.compute.test_graphs_centrality" name="test_pagerank_custom_tolerance" time="0.003" /><testcase classname="tests.analytics.compute.test_graphs_centrality" name="test_pagerank_disconnected_components" time="0.002" /><testcase classname="tests.analytics.compute.test_graphs_centrality" name="test_pagerank_sums_to_one" time="0.001" /><testcase classname="tests.analytics.compute.test_graphs_centrality" name="test_pagerank_keys_match_nodes" time="0.001" /><testcase classname="tests.analytics.compute.test_graphs_centrality" name="test_pagerank_values_are_floats" time="0.001" /><testcase classname="tests.analytics.compute.test_graphs_centrality" name="test_betweenness_empty_graph" time="0.000" /><testcase classname="tests.analytics.compute.test_graphs_centrality" name="test_betweenness_single_node_zero" time="0.001" /><testcase classname="tests.analytics.compute.test_graphs_centrality" name="test_betweenness_chain_middle_nodes_high" time="0.001" /><testcase classname="tests.analytics.compute.test_graphs_centrality" name="test_betweenness_star_hub_high" time="0.000" /><testcase classname="tests.analytics.compute.test_graphs_centrality" name="test_betweenness_cycle_equal" time="0.000" /><testcase classname="tests.analytics.compute.test_graphs_centrality" name="test_betweenness_normalized" time="0.001" /><testcase classname="tests.analytics.compute.test_graphs_centrality" name="test_betweenness_unnormalized" time="0.001" /><testcase classname="tests.analytics.compute.test_graphs_centrality" name="test_betweenness_sampled_with_k" time="0.001" /><testcase classname="tests.analytics.compute.test_graphs_centrality" name="test_betweenness_disconnected_components" time="0.000" /><testcase classname="tests.analytics.compute.test_graphs_centrality" name="test_betweenness_realistic_call_graph" time="0.001" /><testcase classname="tests.analytics.compute.test_graphs_centrality" name="test_betweenness_keys_match_nodes" time="0.001" /><testcase classname="tests.analytics.compute.test_graphs_centrality" name="test_betweenness_values_are_floats" time="0.000" /><testcase classname="tests.analytics.compute.test_graphs_centrality" name="test_both_metrics_same_nodes" time="0.002" /><testcase classname="tests.analytics.compute.test_graphs_centrality" name="test_metrics_identify_different_importance" time="0.001" /><testcase classname="tests.analytics.compute.test_graphs_centrality" name="test_dense_graph_metrics" time="0.001" /><testcase classname="tests.analytics.compute.test_graphs_statistics" name="test_statistics_create_all_fields" time="0.000" /><testcase classname="tests.analytics.compute.test_graphs_statistics" name="test_statistics_is_frozen" time="0.000" /><testcase classname="tests.analytics.compute.test_graphs_statistics" name="test_stats_empty_graph" time="0.001" /><testcase classname="tests.analytics.compute.test_graphs_statistics" name="test_stats_single_node" time="0.002" /><testcase classname="tests.analytics.compute.test_graphs_statistics" name="test_stats_simple_dag_is_dag" time="0.001" /><testcase classname="tests.analytics.compute.test_graphs_statistics" name="test_stats_cycle_is_not_dag" time="0.000" /><testcase classname="tests.analytics.compute.test_graphs_statistics" name="test_stats_node_and_edge_counts" time="0.000" /><testcase classname="tests.analytics.compute.test_graphs_statistics" name="test_stats_density_calculation" time="0.000" /><testcase classname="tests.analytics.compute.test_graphs_statistics" name="test_stats_average_degrees" time="0.001" /><testcase classname="tests.analytics.compute.test_graphs_statistics" name="test_stats_multiple_components" time="0.001" /><testcase classname="tests.analytics.compute.test_graphs_statistics" name="test_stats_strongly_connected_graph" time="0.000" /><testcase classname="tests.analytics.compute.test_graphs_statistics" name="test_stats_realistic_call_graph" time="0.001" /><testcase classname="tests.analytics.compute.test_graphs_statistics" name="test_in_degrees_empty_graph" time="0.001" /><testcase classname="tests.analytics.compute.test_graphs_statistics" name="test_in_degrees_simple_chain" time="0.000" /><testcase classname="tests.analytics.compute.test_graphs_statistics" name="test_in_degrees_star_graph" time="0.000" /><testcase classname="tests.analytics.compute.test_graphs_statistics" name="test_out_degrees_empty_graph" time="0.000" /><testcase classname="tests.analytics.compute.test_graphs_statistics" name="test_out_degrees_simple_chain" time="0.001" /><testcase classname="tests.analytics.compute.test_graphs_statistics" name="test_out_degrees_star_graph" time="0.000" /><testcase classname="tests.analytics.compute.test_graphs_statistics" name="test_degrees_empty_graph" time="0.002" /><testcase classname="tests.analytics.compute.test_graphs_statistics" name="test_degrees_simple_path" time="0.000" /><testcase classname="tests.analytics.compute.test_graphs_statistics" name="test_degrees_triangle" time="0.001" /><testcase classname="tests.analytics.compute.test_graphs_statistics" name="test_in_degree_values_empty_graph" time="0.000" /><testcase classname="tests.analytics.compute.test_graphs_statistics" name="test_in_degree_values_only" time="0.000" /><testcase classname="tests.analytics.compute.test_graphs_statistics" name="test_out_degree_values_empty_graph" time="0.000" /><testcase classname="tests.analytics.compute.test_graphs_statistics" name="test_out_degree_values_only" time="0.000" /><testcase classname="tests.analytics.compute.test_graphs_statistics" name="test_degree_values_empty_graph" time="0.000" /><testcase classname="tests.analytics.compute.test_graphs_statistics" name="test_degree_values_only" time="0.000" /><testcase classname="tests.analytics.compute.test_graphs_statistics" name="test_statistics_consistency" time="0.000" /><testcase classname="tests.analytics.compute.test_graphs_statistics" name="test_degree_functions_match_statistics" time="0.001" /><testcase classname="tests.analytics.compute.test_graphs_statistics" name="test_various_graph_sizes" time="0.003" /><testcase classname="tests.analytics.compute.test_profiles" name="test_aggregates_default_values" time="0.000" /><testcase classname="tests.analytics.compute.test_profiles" name="test_aggregates_custom_values" time="0.000" /><testcase classname="tests.analytics.compute.test_profiles" name="test_metric_create" time="0.000" /><testcase classname="tests.analytics.compute.test_profiles" name="test_aggregate_empty_metrics" time="0.000" /><testcase classname="tests.analytics.compute.test_profiles" name="test_aggregate_single_function" time="0.000" /><testcase classname="tests.analytics.compute.test_profiles" name="test_aggregate_multiple_functions" time="0.000" /><testcase classname="tests.analytics.compute.test_profiles" name="test_aggregate_typedness_counts" time="0.001" /><testcase classname="tests.analytics.compute.test_profiles" name="test_aggregate_complexity_buckets" time="0.000" /><testcase classname="tests.analytics.compute.test_profiles" name="test_aggregate_average_typedness" time="0.000" /><testcase classname="tests.analytics.compute.test_profiles" name="test_aggregate_realistic_codebase" time="0.000" /><testcase classname="tests.analytics.compute.test_profiles" name="test_stats_empty_aggregates" time="0.000" /><testcase classname="tests.analytics.compute.test_profiles" name="test_stats_all_typed" time="0.000" /><testcase classname="tests.analytics.compute.test_profiles" name="test_stats_mixed_typedness" time="0.000" /><testcase classname="tests.analytics.compute.test_profiles" name="test_stats_avg_loc" time="0.000" /><testcase classname="tests.analytics.compute.test_profiles" name="test_stats_all_present" time="0.001" /><testcase classname="tests.analytics.compute.test_profiles" name="test_features_create" time="0.001" /><testcase classname="tests.analytics.compute.test_profiles" name="test_features_is_frozen" time="0.000" /><testcase classname="tests.analytics.compute.test_profiles" name="test_extract_small_simple_typed" time="0.000" /><testcase classname="tests.analytics.compute.test_profiles" name="test_extract_large_complex_untyped" time="0.000" /><testcase classname="tests.analytics.compute.test_profiles" name="test_extract_medium_moderate_partial" time="0.000" /><testcase classname="tests.analytics.compute.test_profiles" name="test_quality_score_bounds" time="0.000" /><testcase classname="tests.analytics.compute.test_profiles" name="test_quality_score_weights" time="0.000" /><testcase classname="tests.analytics.compute.test_profiles" name="test_threshold_constants" time="0.000" /><testcase classname="tests.analytics.compute.test_profiles" name="test_size_boundary_small_medium" time="0.000" /><testcase classname="tests.analytics.compute.test_profiles" name="test_size_boundary_medium_large" time="0.000" /><testcase classname="tests.analytics.compute.test_profiles" name="test_complexity_boundary" time="0.000" /><testcase classname="tests.analytics.compute.test_profiles" name="test_typedness_boundary" time="0.000" /><testcase classname="tests.analytics.compute.test_profiles" name="test_complexity_normalization" time="0.000" /><testcase classname="tests.analytics.compute.test_profiles" name="test_aggregate_then_extract" time="0.000" /><testcase classname="tests.analytics.compute.test_profiles" name="test_realistic_codebase_features" time="0.000" /><testcase classname="tests.analytics.compute.test_semantic_roles" name="test_context_name_property" time="0.001" /><testcase classname="tests.analytics.compute.test_semantic_roles" name="test_context_name_simple" time="0.000" /><testcase classname="tests.analytics.compute.test_semantic_roles" name="test_context_rel_path_lower" time="0.000" /><testcase classname="tests.analytics.compute.test_semantic_roles" name="test_context_module_lower" time="0.000" /><testcase classname="tests.analytics.compute.test_semantic_roles" name="test_context_module_lower_none" time="0.000" /><testcase classname="tests.analytics.compute.test_semantic_roles" name="test_context_tag_strings" time="0.000" /><testcase classname="tests.analytics.compute.test_semantic_roles" name="test_accumulator_bump_single" time="0.000" /><testcase classname="tests.analytics.compute.test_semantic_roles" name="test_accumulator_bump_accumulates" time="0.000" /><testcase classname="tests.analytics.compute.test_semantic_roles" name="test_accumulator_bump_with_framework" time="0.000" /><testcase classname="tests.analytics.compute.test_semantic_roles" name="test_accumulator_framework_first_wins" time="0.000" /><testcase classname="tests.analytics.compute.test_semantic_roles" name="test_accumulator_finalize_empty" time="0.000" /><testcase classname="tests.analytics.compute.test_semantic_roles" name="test_accumulator_finalize_below_threshold" time="0.000" /><testcase classname="tests.analytics.compute.test_semantic_roles" name="test_accumulator_finalize_above_threshold" time="0.000" /><testcase classname="tests.analytics.compute.test_semantic_roles" name="test_accumulator_finalize_picks_highest" time="0.000" /><testcase classname="tests.analytics.compute.test_semantic_roles" name="test_accumulator_finalize_caps_confidence" time="0.000" /><testcase classname="tests.analytics.compute.test_semantic_roles" name="test_classify_test_function" time="0.001" /><testcase classname="tests.analytics.compute.test_semantic_roles" name="test_classify_test_prefix" time="0.000" /><testcase classname="tests.analytics.compute.test_semantic_roles" name="test_classify_pytest_fixture" time="0.000" /><testcase classname="tests.analytics.compute.test_semantic_roles" name="test_classify_api_handler" time="0.000" /><testcase classname="tests.analytics.compute.test_semantic_roles" name="test_classify_flask_route" time="0.001" /><testcase classname="tests.analytics.compute.test_semantic_roles" name="test_classify_cli_click" time="0.000" /><testcase classname="tests.analytics.compute.test_semantic_roles" name="test_classify_cli_typer" time="0.000" /><testcase classname="tests.analytics.compute.test_semantic_roles" name="test_classify_cli_path" time="0.001" /><testcase classname="tests.analytics.compute.test_semantic_roles" name="test_classify_repository" time="0.000" /><testcase classname="tests.analytics.compute.test_semantic_roles" name="test_classify_service" time="0.000" /><testcase classname="tests.analytics.compute.test_semantic_roles" name="test_classify_validator" time="0.000" /><testcase classname="tests.analytics.compute.test_semantic_roles" name="test_classify_validator_by_name[validate]" time="0.001" /><testcase classname="tests.analytics.compute.test_semantic_roles" name="test_classify_validator_by_name[check]" time="0.001" /><testcase classname="tests.analytics.compute.test_semantic_roles" name="test_classify_validator_by_name[ensure]" time="0.001" /><testcase classname="tests.analytics.compute.test_semantic_roles" name="test_classify_validator_by_name[assert]" time="0.000" /><testcase classname="tests.analytics.compute.test_semantic_roles" name="test_classify_config_loader" time="0.000" /><testcase classname="tests.analytics.compute.test_semantic_roles" name="test_classify_helper" time="0.000" /><testcase classname="tests.analytics.compute.test_semantic_roles" name="test_classify_module_tags" time="0.000" /><testcase classname="tests.analytics.compute.test_semantic_roles" name="test_classify_returns_signals" time="0.000" /><testcase classname="tests.analytics.compute.test_semantic_roles" name="test_classify_other" time="0.000" /><testcase classname="tests.analytics.compute.test_semantic_roles" name="test_modules_classify_empty" time="0.000" /><testcase classname="tests.analytics.compute.test_semantic_roles" name="test_modules_classify_from_tags" time="0.001" /><testcase classname="tests.analytics.compute.test_semantic_roles" name="test_modules_classify_from_functions" time="0.000" /><testcase classname="tests.analytics.compute.test_semantic_roles" name="test_modules_classify_ignores_other" time="0.000" /><testcase classname="tests.analytics.compute.test_semantic_roles" name="test_modules_classify_below_threshold" time="0.000" /><testcase classname="tests.analytics.compute.test_semantic_roles" name="test_modules_classify_multiple" time="0.000" /><testcase classname="tests.analytics.compute.test_semantic_roles" name="test_decorator_names_empty" time="0.001" /><testcase classname="tests.analytics.compute.test_semantic_roles" name="test_decorator_names_simple" time="0.001" /><testcase classname="tests.analytics.compute.test_semantic_roles" name="test_decorator_names_attribute" time="0.000" /><testcase classname="tests.analytics.compute.test_semantic_roles" name="test_decorator_names_call" time="0.000" /><testcase classname="tests.analytics.compute.test_semantic_roles" name="test_decorator_names_multiple" time="0.000" /><testcase classname="tests.analytics.compute.test_semantic_roles" name="test_constants_role_threshold_positive" time="0.000" /><testcase classname="tests.analytics.compute.test_semantic_roles" name="test_constants_service_fan_thresholds_positive" time="0.000" /><testcase classname="tests.analytics.compute.test_semantic_roles" name="test_constants_helper_loc_threshold_positive" time="0.000" /><testcase classname="tests.analytics.core.test_base_plugins" name="test_resolved_config_initial_state" time="0.001" /><testcase classname="tests.analytics.core.test_base_plugins" name="test_resolved_config_set" time="0.001" /><testcase classname="tests.analytics.core.test_base_plugins" name="test_resolved_config_get" time="0.000" /><testcase classname="tests.analytics.core.test_base_plugins" name="test_resolved_config_get_not_resolved_raises" time="0.000" /><testcase classname="tests.analytics.core.test_base_plugins" name="test_resolved_config_get_or_none_resolved" time="0.000" /><testcase classname="tests.analytics.core.test_base_plugins" name="test_resolved_config_get_or_none_not_resolved" time="0.000" /><testcase classname="tests.analytics.core.test_base_plugins" name="test_base_plugin_metadata" time="0.000" /><testcase classname="tests.analytics.core.test_base_plugins" name="test_base_plugin_metadata_defaults_name_to_class" time="0.001" /><testcase classname="tests.analytics.core.test_base_plugins" name="test_base_plugin_validate_inputs_default" time="0.001" /><testcase classname="tests.analytics.core.test_base_plugins" name="test_base_plugin_execute_success" time="0.001" /><testcase classname="tests.analytics.core.test_base_plugins" name="test_base_plugin_execute_failure" time="0.002" /><testcase classname="tests.analytics.core.test_base_plugins" name="test_base_plugin_build_input_specs_default" time="0.000" /><testcase classname="tests.analytics.core.test_base_plugins" name="test_table_writer_output_specs" time="0.000" /><testcase classname="tests.analytics.core.test_base_plugins" name="test_table_writer_execute_success" time="0.000" /><testcase classname="tests.analytics.core.test_base_plugins" name="test_table_writer_execute_failure" time="0.001" /><testcase classname="tests.analytics.core.test_base_plugins" name="test_table_writer_with_contract_specs" time="0.001" /><testcase classname="tests.analytics.core.test_base_plugins" name="test_table_writer_empty_output_tables" time="0.001" /><testcase classname="tests.analytics.core.test_builders" name="test_plugin_meta_section_defaults" time="0.000" /><testcase classname="tests.analytics.core.test_builders" name="test_plugin_meta_section_custom_values" time="0.000" /><testcase classname="tests.analytics.adapters.test_subsystems_adapter" name="test_subsystems_adapter_persist_empty" time="1.561" /><testcase classname="tests.analytics.core.test_builders" name="test_plugin_contracts_section_defaults" time="0.000" /><testcase classname="tests.analytics.core.test_builders" name="test_plugin_runtime_section_defaults" time="0.000" /><testcase classname="tests.analytics.core.test_builders" name="test_builder_init" time="0.000" /><testcase classname="tests.analytics.core.test_builders" name="test_builder_description" time="0.000" /><testcase classname="tests.analytics.core.test_builders" name="test_builder_stage" time="0.000" /><testcase classname="te
[...]
"tests.ingestion.test_plugin_contracts" name="test_validator_not_null_constraint_fail" time="6.300" /><testcase classname="tests.analytics.test_hexagonal_demo" name="test_full_stack_provides_all_data" time="1.241" /><testcase classname="tests.ingestion.test_db_queries" name="test_safe_count_duplicates_no_dupes" time="6.313" /><testcase classname="tests.analytics.test_entrypoint_detectors" name="test_entrypoint_candidate_http_metadata" time="0.001" /><testcase classname="tests.analytics.test_semantic_roles_signals" name="test_flask_role_detected" time="0.001" /><testcase classname="tests.analytics.test_semantic_roles_signals" name="test_typer_cli_detected" time="0.000" /><testcase classname="tests.analytics.test_semantic_roles_signals" name="test_pytest_fixture_vs_test_role" time="0.000" /><testcase classname="tests.analytics.test_semantic_roles_signals" name="test_service_tag_and_graph_signal" time="0.001" /><testcase classname="tests.analytics.test_span_resolver" name="test_build_span_index_skips_missing_goids" time="0.001" /><testcase classname="tests.analytics.test_span_resolver" name="test_resolve_span_success" time="0.001" /><testcase classname="tests.analytics.test_span_resolver" name="test_resolve_span_missing" time="0.000" /><testcase classname="tests.analytics.test_subsystem_cache_benchmark" name="test_refresh_and_benchmark_returns_timings" time="0.837" /><testcase classname="tests.analytics.test_hexagonal_demo" name="test_query_helper_returns_typed_rows" time="1.255" /><testcase classname="tests.ingestion.test_db_queries" name="test_safe_count_nulls_with_nulls" time="6.335" /><testcase classname="tests.analytics.test_feature_flags_behavior" name="test_eager_hydration_respects_feature_override" time="6.360" /><testcase classname="tests.analytics.test_hexagonal_demo" name="test_metrics_ctx_provides_function_metrics" time="1.265" /><testcase classname="tests.analytics.test_history_timeseries" name="test_history_timeseries_aggregates_functions" time="17.923" /><testcase classname="tests.ingestion.test_db_queries" name="test_safe_count_with_scope_no_matches" time="6.377" /><testcase classname="tests.analytics.test_evidence" name="test_evidence_collector_deduplicates_and_truncates" time="0.000" /><testcase classname="tests.analytics.test_tests_profiles_coverage_inputs" name="test_aggregate_test_coverage_by_function_in_memory" time="0.050" /><testcase classname="tests.analytics.test_tests_profiles_coverage_inputs" name="test_aggregate_test_coverage_by_subsystem_in_memory" time="0.049" /><testcase classname="tests.analytics.plugins.data_models.test_usage" name="test_execute_succeeds_with_all_providers" time="6.410" /><testcase classname="tests.analytics.test_tests_profiles_helpers" name="test_importance_guardrails_and_monotonicity" time="0.000" /><testcase classname="tests.analytics.test_tests_profiles_helpers" name="test_build_test_profile_rows_round_trip" time="0.001" /><testcase classname="tests.analytics.test_tests_profiles_helpers" name="test_build_behavioral_coverage_rows_normalization" time="0.000" /><testcase classname="tests.analytics.test_tests_profiles_helpers" name="test_build_behavior_rows_mixed_sources" time="0.001" /><testcase classname="tests.analytics.test_tests_profiles_helpers" name="test_write_test_profile_rows_with_stubs" time="0.001" /><testcase classname="tests.analytics.test_tests_profiles_registry_and_snapshots" name="test_test_profile_model_snapshot" time="0.001" /><testcase classname="tests.analytics.test_tests_profiles_registry_and_snapshots" name="test_behavioral_writer_registry_guard" time="0.000" /><testcase classname="tests.ingestion.test_adapters" name="test_duckdb_adapter_execute_query_with_params" time="6.397" /><testcase classname="tests.analytics.test_tests_profiles_wrappers" name="test_coverage_wrappers_empty" time="0.047" /><testcase classname="tests.analytics.test_tests_profiles_wrappers" name="test_importance_and_flakiness_scoring" time="0.000" /><testcase classname="tests.analytics.test_tests_profiles_wrappers" name="test_infer_behavior_tags_basic" time="0.000" /><testcase classname="tests.analytics.test_writer_guard" name="test_writer_guard_happy_path_executes_delete_and_insert" time="0.001" /><testcase classname="tests.analytics.test_writer_guard" name="test_writer_guard_empty_rows[True-1]" time="0.003" /><testcase classname="tests.analytics.test_writer_guard" name="test_writer_guard_empty_rows[False-0]" time="0.001" /><testcase classname="tests.analytics.test_writer_guard" name="test_writer_guard_columns_mismatch_raises" time="0.001" /><testcase classname="tests.analytics.test_writer_guard" name="test_writer_guard_columns_order_drift_raises" time="0.000" /><testcase classname="tests.analytics.test_writer_guard" name="test_writer_guard_nonexistent_table_raises" time="0.001" /><testcase classname="tests.analytics.test_functions_validation" name="test_records_validation_when_parse_fails" time="6.424" /><testcase classname="tests.analytics.test_functions_validation" name="test_span_not_found_is_recorded" time="6.436" /><testcase classname="tests.ingestion.test_db_queries" name="test_safe_macro_exists_builtin_function" time="6.397" /><testcase classname="tests.ingestion.test_adapters" name="test_duckdb_adapter_write_batch_empty" time="6.395" /><testcase classname="tests.ingestion.test_ingest_service" name="test_macro_exists_extracts_correct_macro_name" time="6.377" /><testcase classname="tests.analytics.test_hexagonal_demo" name="test_require_packs_idempotently" time="1.290" /><testcase classname="tests.analytics.test_graph_features" name="test_summarize_graph_for_function_profile_contract" time="0.057" /><testcase classname="tests.analytics.test_graph_metric_filters" name="test_filter_call_graph_prunes_nodes" time="0.001" /><testcase classname="tests.ingestion.test_docstrings_inventory" name="test_docstrings_respects_scan_profile_and_module_inventory" time="1.334" /><testcase classname="tests.analytics.test_model_config_heuristics" name="test_data_models_and_usage_and_config_flow" time="1.315" /><testcase classname="tests.ingestion.test_resources" name="test_tracker_provider_with_config" time="6.380" /><testcase classname="tests.analytics.functions.test_function_contracts_pure" name="test_compute_function_contracts_nested_conditions" time="6.392" /><testcase classname="tests.ingestion.test_tools" name="test_tool_service_run_scip_full_not_found_raises" time="0.004" /><testcase classname="tests.ingestion.test_tools" name="test_tool_service_run_scip_shard_not_found_raises" time="0.003" /><testcase classname="tests.ingestion.test_tools" name="test_tool_service_run_pyrefly_success" time="0.002" /><testcase classname="tests.ingestion.test_workers" name="test_worker_config_create_with_defaults" time="0.000" /><testcase classname="tests.ingestion.test_workers" name="test_worker_config_create_with_custom_values" time="0.000" /><testcase classname="tests.ingestion.test_workers" name="test_worker_config_frozen_dataclass" time="0.000" /><testcase classname="tests.ingestion.test_workers" name="test_resolve_worker_count_explicit_count_takes_precedence" time="0.000" /><testcase classname="tests.ingestion.test_workers" name="test_resolve_worker_count_explicit_zero_is_ignored" time="0.000" /><testcase classname="tests.ingestion.test_workers" name="test_resolve_worker_count_negative_explicit_is_ignored" time="0.000" /><testcase classname="tests.ingestion.test_workers" name="test_resolve_worker_count_env_var_takes_precedence_over_default" time="0.001" /><testcase classname="tests.analytics.test_hexagonal_demo" name="test_risk_factors_correlate_with_metrics" time="1.307" /><testcase classname="tests.analytics.plugins.functions.test_ast_features" name="test_execute_returns_row_counts" time="6.403" /><testcase classname="tests.analytics.plugins.functions.test_ast_features" name="test_plugin_is_dataclass" time="0.000" /><testcase classname="tests.analytics.plugins.functions.test_ast_features" name="test_plugin_metadata_is_consistent" time="0.000" /><testcase classname="tests.analytics.test_hexagonal_demo" name="test_pack_seeds_expected_table[pack0-graph.call_graph_edges]" time="1.302" /><testcase classname="tests.analytics.test_hexagonal_demo" name="test_pack_seeds_expected_table[pack1-analytics.test_catalog]" time="1.274" /><testcase classname="tests.analytics.test_semantic_roles_signals" name="test_fastapi_role_detected" time="0.001" /><testcase classname="tests.analytics.test_hexagonal_demo" name="test_pack_seeds_expected_table[pack2-analytics.function_metrics]" time="1.328" /><testcase classname="tests.analytics.plugins.functions.test_effects" name="test_execute_with_all_resources" time="6.346" /><testcase classname="tests.analytics.plugins.functions.test_effects" name="test_plugin_is_dataclass" time="0.001" /><testcase classname="tests.analytics.test_graph_metrics_calculations" name="test_compute_function_graph_metrics_counts_and_cycles" time="1.259" /><testcase classname="tests.ingestion.test_docstrings_inventory" name="test_docstrings_uses_module_inventory_not_filesystem_scan" time="1.106" /><testcase classname="tests.analytics.functions.test_function_contracts_integration" name="test_compute_contracts_with_type_annotations" time="6.507" /><testcase classname="tests.analytics.test_subsystems" name="test_subsystems_cluster_and_risk_aggregation" time="1.286" /><testcase classname="tests.analytics.functions.test_function_contracts_pure" name="test_compute_function_contracts_simple_function" time="6.511" /><testcase classname="tests.analytics.functions.test_function_contracts_pure" name="test_compute_function_contracts_async_function" time="6.489" /><testcase classname="tests.analytics.functions.test_function_contracts_integration" name="test_compute_contracts_with_nullable_return" time="6.547" /><testcase classname="tests.analytics.test_symbol_config_metrics" name="test_symbol_and_config_metrics_populate_and_views_create" time="1.184" /><testcase classname="tests.analytics.plugins.functions.test_history" name="test_execute_passes_tool_runner_to_domain" time="6.472" /><testcase classname="tests.analytics.test_profiles" name="test_profile_builders_aggregate_expected_fields" time="1.998" /><testcase classname="tests.ingestion.test_ingest_run_incremental_ast" name="test_ast_extract_plugin_succeeds_with_tracker" time="1.104" /><testcase classname="tests.analytics.test_graph_stats_validation" name="test_graph_stats_include_symbol_and_config_graphs" time="1.071" /><testcase classname="tests.ingestion.test_ingest_run_incremental_ast" name="test_ast_extract_plugin_succeeds_with_no_modules" time="1.011" /><testcase classname="tests.analytics.plugins.test_coverage_plugins.test_test_edges" name="test_execute_handles_error_gracefully" time="6.514" /><testcase classname="tests.analytics.plugins.test_coverage_plugins.test_test_edges" name="test_plugin_is_dataclass" time="0.001" /><testcase classname="tests.ingestion.test_ingest_run_incremental_ast" name="test_plugin_result_ok_with_row_counts" time="0.000" /><testcase classname="tests.ingestion.test_ingest_run_incremental_ast" name="test_cst_extract_plugin_succeeds_with_tracker" time="0.985" /><testcase classname="tests.analytics.test_runtime_pool" name="test_pool_reuses_runtime_within_ttl" time="7.426" /><testcase classname="tests.ingestion.test_plugin_contracts" name="test_validator_min_value_fail" time="6.420" /><testcase classname="tests.ingestion.test_db_queries" name="test_safe_count_duplicates_invalid_table" time="6.414" /><testcase classname="tests.ingestion.test_db_queries" name="test_safe_count_nulls_invalid_column" time="6.419" /><testcase classname="tests.analytics.test_feature_flags_behavior" name="test_eager_hydration_off_defers_graph_loads" time="6.453" /><testcase classname="tests.ingestion.test_db_queries" name="test_safe_table_exists_for_existing_table" time="6.471" /><testcase classname="tests.ingestion.test_adapters" name="test_duckdb_adapter_write_batch_small" time="6.460" /><testcase classname="tests.analytics.plugins.data_models.test_usage" name="test_execute_handles_domain_error" time="6.469" /><testcase classname="tests.analytics.plugins.data_models.test_usage" name="test_plugin_is_dataclass" time="0.000" /><testcase classname="tests.analytics.plugins.data_models.test_usage" name="test_plugin_metadata_is_consistent" time="0.001" /><testcase classname="tests.ingestion.test_adapters" name="test_duckdb_adapter_write_batch_no_scope" time="6.459" /><testcase classname="tests.ingestion.test_ingest_service" name="test_macro_exists_with_various_schemas" time="6.471" /><testcase classname="tests.analytics.functions.test_function_contracts_pure" name="test_compute_function_contracts_complex_assertions" time="6.437" /><testcase classname="tests.analytics.functions.test_function_effects" name="test_effect_analysis_creation" time="0.000" /><testcase classname="tests.analytics.functions.test_function_effects" name="test_effect_analysis_pure_function" time="0.000" /><testcase classname="tests.analytics.test_runtime_pool" name="test_pool_lru_eviction" time="7.361" /><testcase classname="tests.analytics.test_symbol_config_metrics" name="test_subsystem_agreement_exposed_in_views" time="0.970" /><testcase classname="tests.analytics.functions.test_function_contracts_integration" name="test_compute_contracts_with_guards_and_catalog" time="6.309" /><testcase classname="tests.analytics.functions.test_function_contracts_pure" name="test_compute_function_contracts_with_assert" time="6.272" /><testcase classname="tests.analytics.functions.test_function_contracts_pure" name="test_compute_function_contracts_multiple_guards" time="6.275" /><testcase classname="tests.analytics.functions.test_function_contracts_integration" name="test_compute_contracts_with_isinstance_guard" time="6.283" /><testcase classname="tests.ingestion.test_plugin_contracts" name="test_validator_max_value_fail" time="6.108" /><testcase classname="tests.ingestion.test_db_queries" name="test_safe_not_null_fraction_all_not_null" time="6.118" /><testcase classname="tests.ingestion.test_db_queries" name="test_safe_count_nulls_invalid_table" time="6.098" /><testcase classname="tests.ingestion.test_db_queries" name="test_safe_table_exists_for_nonexistent_table" time="6.097" /><testcase classname="tests.analytics.test_runtime_pool" name="test_pool_expires_runtime_after_ttl" time="7.084" /><testcase classname="tests.ingestion.test_resources" name="test_tracker_provider_get_or_create_alias" time="6.173" /><testcase classname="tests.ingestion.test_adapters" name="test_duckdb_adapter_write_batch_larger" time="6.157" /><testcase classname="tests.ingestion.test_ingest_service" name="test_macro_exists_handles_duckdb_errors_gracefully" time="6.111" /><testcase classname="tests.analytics.functions.test_function_contracts_pure" name="test_compute_function_contracts_with_return_none" time="6.084" /><testcase classname="tests.analytics.functions.test_function_contracts_integration" name="test_compute_contracts_with_len_check" time="6.110" /><testcase classname="tests.analytics.test_tests_profile_plugin_runtime" name="test_tests_profile_plugin_runtime" time="1.502" /><testcase classname="tests.ingestion.test_plugin_contracts" name="test_validator_positive_fail" time="6.075" /><testcase classname="tests.ingestion.test_db_queries" name="test_safe_not_null_fraction_half_null" time="6.087" /><testcase classname="tests.ingestion.test_db_queries" name="test_safe_min_value_with_data" time="6.066" /><testcase classname="tests.ingestion.test_db_queries" name="test_safe_table_exists_invalid_table_key" time="6.066" /><testcase classname="tests.ingestion.test_resources" name="test_tracker_provider_load_creates_tracker" time="6.146" /><testcase classname="tests.ingestion.test_ingest_service" name="test_ingest_macro_tables_members_can_be_checked" time="6.284" /><testcase classname="tests.ingestion.test_resources" name="test_lazy_resource_initial_state" time="0.000" /><testcase classname="tests.ingestion.test_resources" name="test_lazy_resource_get_loads_value" time="0.000" /><testcase classname="tests.ingestion.test_resources" name="test_lazy_resource_get_caches_value" time="0.000" /><testcase classname="tests.ingestion.test_resources" name="test_lazy_resource_get_or_none_success" time="0.000" /><testcase classname="tests.ingestion.test_resources" name="test_lazy_resource_get_or_none_failure" time="0.000" /><testcase classname="tests.ingestion.test_resources" name="test_lazy_resource_invalidate" time="0.000" /><testcase classname="tests.ingestion.test_resources" name="test_lazy_resource_set_preloaded" time="0.000" /><testcase classname="tests.ingestion.test_resources" name="test_lazy_resource_error_handling" time="0.000" /><testcase classname="tests.ingestion.test_adapters" name="test_duckdb_adapter_delete_by_paths_empty" time="6.085" /><testcase classname="tests.ingestion.test_resources" name="test_lazy_resource_error_cached" time="0.000" /><testcase classname="tests.ingestion.test_resources" name="test_resource_not_loaded_error_basic" time="0.000" /><testcase classname="tests.ingestion.test_module_inventory" name="test_scanning_only_used_in_repo_scan_and_config_ingest" time="0.001" /><testcase classname="tests.ingestion.test_module_inventory" name="test_module_inventory_round_trip" time="0.957" /><testcase classname="tests.ingestion.test_no_ad_hoc_changes" name="test_no_ad_hoc_change_detection[path0]" time="0.001" /><testcase classname="tests.ingestion.test_plugin_contracts" name="test_validator_unique_fail" time="6.075" /><testcase classname="tests.ingestion.test_db_queries" name="test_safe_not_null_fraction_all_null" time="6.140" /><testcase classname="tests.ingestion.test_db_queries" name="test_safe_max_value_with_data" time="6.139" /><testcase classname="tests.ingestion.test_db_queries" name="test_safe_table_exists_different_schemas" time="6.133" /><testcase classname="tests.ingestion.test_adapters" name="test_duckdb_adapter_delete_by_params" time="6.148" /><testcase classname="tests.ingestion.test_plugin_contracts" name="test_validator_min_fraction_not_null_fail" time="6.107" /><testcase classname="tests.ingestion.test_db_queries" name="test_safe_not_null_fraction_empty_table" time="6.035" /><testcase classname="tests.ingestion.test_db_queries" name="test_safe_min_value_empty_table" time="6.043" /><testcase classname="tests.ingestion.test_db_queries" name="test_safe_count_sql_injection_protection" time="6.047" /><testcase classname="tests.ingestion.test_adapters" name="test_duckdb_adapter_execute_query_no_params" time="6.039" /><testcase classname="tests.ingestion.test_plugin_contracts" name="test_validator_foreign_key_pass" time="6.038" /><testcase classname="tests.ingestion.test_db_queries" name="test_safe_not_null_fraction_invalid_table" time="6.030" /><testcase classname="tests.ingestion.test_db_queries" name="test_safe_max_value_empty_table" time="6.025" /><testcase classname="tests.ingestion.test_db_queries" name="test_safe_table_exists_sql_injection_protection" time="6.035" /><testcase classname="tests.ingestion.test_plugin_contracts" name="test_validator_foreign_key_fail" time="6.025" /><testcase classname="tests.ingestion.test_db_queries" name="test_safe_count_orphan_refs_no_orphans" time="6.035" /><testcase classname="tests.ingestion.test_db_queries" name="test_safe_min_value_invalid_table" time="6.001" /><testcase classname="tests.ingestion.test_db_queries" name="test_safe_count_with_special_characters" time="6.005" /><testcase classname="tests.ingestion.test_plugin_contracts" name="test_validator_severity_warning_does_not_cause_failure" time="6.020" /><testcase classname="tests.ingestion.test_db_queries" name="test_safe_count_orphan_refs_with_orphans" time="6.023" /><testcase classname="tests.ingestion.test_db_queries" name="test_safe_max_value_invalid_column" time="6.009" /><testcase classname="tests.ingestion.test_db_queries" name="test_safe_count_with_unicode" time="5.977" /></testsuite></testsuites>