<?xml version="1.0" encoding="utf-8"?><testsuites name="pytest tests"><testsuite name="pytest" errors="0" failures="0" skipped="7" tests="2949" time="128.990" timestamp="2025-12-16T09:40:14.306215-05:00" hostname="paul-X870-AORUS-ELITE-WIFI7"><testcase classname="tests.analytics.compute.test_entrypoints_detection" name="test_entrypoint_candidate_frameworks[celery]" time="0.002" /><testcase classname="tests.analytics.compute.test_entrypoints_detection" name="test_entrypoint_candidate_kinds[cli_command]" time="0.002" /><testcase classname="tests.analytics.compute.test_entrypoints_detection" name="test_entrypoint_candidate_frameworks[django]" time="0.002" /><testcase classname="tests.analytics.compute.test_entrypoints_detection" name="test_entrypoint_candidate_optionals_and_schema" time="0.002" /><testcase classname="tests.analytics.compute.test_entrypoints_detection" name="test_entrypoint_candidate_frameworks[flask]" time="0.002" /><testcase classname="tests.analytics.compute.test_entrypoints_detection" name="test_detects_fastapi_and_flask_routes" time="0.002" /><testcase classname="tests.analytics.compute.test_entrypoints_detection" name="test_detect_entrypoints_emits_snippet_evidence" time="0.002" /><testcase classname="tests.analytics.compute.test_entrypoints_detection" name="test_entrypoint_candidate_frameworks[airflow]" time="0.002" /><testcase classname="tests.analytics.compute.test_entrypoints_detection" name="test_entrypoint_candidate_frameworks[None]" time="0.002" /><testcase classname="tests.analytics.compute.test_entrypoints_detection" name="test_entrypoint_candidate_frameworks[typer]" time="0.002" /><testcase classname="tests._helpers.test_graphs_ast_lookup" name="test_build_ast_map_raises_for_missing_target" time="0.003" /><testcase classname="tests.analytics.compute.test_entrypoints_detection" name="test_entrypoint_candidate_kinds[http_handler]" time="0.002" /><testcase classname="tests.cli.test_build_cli.TestBuildStatusHelp" name="test_status_help_shows_description@cli_shared_flags" time="0.046" /><testcase classname="tests.analytics.compute.test_entrypoints_detection" name="test_entrypoint_candidate_kinds[websocket]" time="0.002" /><testcase classname="tests.analytics.compute.test_entrypoints_detection" name="test_entrypoint_candidate_kinds[scheduled_job]" time="0.002" /><testcase classname="tests.analytics.compute.test_entrypoints_detection" name="test_entrypoint_candidate_core_metadata" time="0.002" /><testcase classname="tests.analytics.compute.test_entrypoints_detection" name="test_detects_click_typer_and_generic_routes" time="0.003" /><testcase classname="tests.analytics.compute.test_entrypoints_detection" name="test_entrypoint_candidate_frameworks[fastapi]" time="0.002" /><testcase classname="tests.analytics.compute.test_entrypoints_detection" name="test_import_context_immutability" time="0.001" /><testcase classname="tests._helpers.test_symbol_use_edges" name="test_make_symbol_use_edge_row_infers_same_flags" time="0.001" /><testcase classname="tests._helpers.test_graphs_ast_lookup" name="test_build_ast_map_handles_functions_and_classes" time="0.002" /><testcase classname="tests.analytics.compute.test_entrypoints_detection" name="test_entrypoint_candidate_frameworks[click]" time="0.002" /><testcase classname="tests.analytics.compute.test_entrypoints_detection" name="test_entrypoint_candidate_kinds[background_job]" time="0.002" /><testcase classname="tests.analytics.compute.test_entrypoints_detection" name="test_detect_entrypoints_basic_behaviors" time="0.002" /><testcase classname="tests.analytics.compute.test_entrypoints_detection" name="test_detects_celery_airflow_cron_and_django" time="0.003" /><testcase classname="tests.analytics.compute.test_entrypoints_detection" name="test_detector_settings_defaults_and_disable" time="0.002" /><testcase classname="tests.analytics.compute.test_graphs_centrality" name="test_pagerank_star_hub_low" time="0.062" /><testcase classname="tests.analytics.compute.test_graphs_centrality" name="test_pagerank_sums_to_one" time="0.065" /><testcase classname="tests.analytics.compute.test_graphs_centrality" name="test_betweenness_realistic_call_graph" time="0.001" /><testcase classname="tests.analytics.compute.test_graphs_centrality" name="test_pagerank_reverse_star_hub_high" time="0.068" /><testcase classname="tests.analytics.compute.test_graphs_centrality" name="test_pagerank_custom_tolerance" time="0.061" /><testcase classname="tests.analytics.compute.test_graphs_centrality" name="test_pagerank_values_are_floats" time="0.067" /><testcase classname="tests.analytics.compute.test_graphs_centrality" name="test_pagerank_cycle_equal" time="0.062" /><testcase classname="tests.analytics.compute.test_graphs_centrality" name="test_betweenness_unnormalized" time="0.002" /><testcase classname="tests.analytics.compute.test_evidence_collection" name="test_evidence_collector_deduplicates_and_caps" time="0.001" /><testcase classname="tests.analytics.compute.test_graphs_centrality" name="test_betweenness_empty_graph" time="0.001" /><testcase classname="tests.analytics.compute.test_graphs_centrality" name="test_pagerank_simple_chain" time="0.066" /><testcase classname="tests.analytics.compute.test_graphs_centrality" name="test_betweenness_star_hub_high" time="0.002" /><testcase classname="tests.analytics.compute.test_graphs_centrality" name="test_betweenness_chain_middle_nodes_high" time="0.001" /><testcase classname="tests.analytics.compute.test_graphs_centrality" name="test_pagerank_realistic_call_graph" time="0.062" /><testcase classname="tests.analytics.compute.test_graphs_centrality" name="test_pagerank_custom_max_iter" time="0.061" /><testcase classname="tests.analytics.compute.test_graphs_centrality" name="test_pagerank_disconnected_components" time="0.059" /><testcase classname="tests.analytics.compute.test_evidence_collection" name="test_validate_evidence_samples_errors" time="0.001" /><testcase classname="tests.analytics.compute.test_graphs_centrality" name="test_betweenness_single_node_zero" time="0.001" /><testcase classname="tests.analytics.compute.test_graphs_centrality" name="test_pagerank_keys_match_nodes" time="0.063" /><testcase classname="tests.analytics.compute.test_evidence_collection" name="test_evidence_sample_from_ast_and_to_dict" time="0.001" /><testcase classname="tests.analytics.compute.test_graphs_centrality" name="test_pagerank_custom_alpha" time="0.068" /><testcase classname="tests.analytics.compute.test_graphs_centrality" name="test_betweenness_sampled_with_k" time="0.002" /><testcase classname="tests.analytics.compute.test_graphs_centrality" name="test_betweenness_disconnected_components" time="0.001" /><testcase classname="tests.analytics.compute.test_graphs_centrality" name="test_betweenness_cycle_equal" time="0.001" /><testcase classname="tests.analytics.compute.test_graphs_centrality" name="test_pagerank_single_node" time="0.067" /><testcase classname="tests.analytics.compute.test_graphs_centrality" name="test_metrics_identify_different_importance" time="0.061" /><testcase classname="tests.analytics.compute.test_graphs_conversions.TestToDecimalId" name="test_converts_integers[None-None]" time="0.001" /><testcase classname="tests.analytics.compute.test_graphs_centrality" name="test_centrality_undirected_logs_eigen_warning" time="0.063" /><testcase classname="tests.analytics.compute.test_graphs_conversions.TestNormalizeDecimalId" name="test_returns_none_for_none" time="0.000" /><testcase classname="tests.analytics.compute.test_graphs_centrality" name="test_dense_graph_metrics" time="0.062" /><testcase classname="tests.analytics.compute.test_graphs_conversions.TestToDecimalId" name="test_handles_large_integers" time="0.001" /><testcase classname="tests.analytics.compute.test_graphs_conversions.TestToDecimalId" name="test_converts_string_integers[456-expected1]" time="0.001" /><testcase classname="tests.analytics.compute.test_graphs_conversions.TestNormalizeDecimalId" name="test_converts_decimal_to_int[input_val0-123]" time="0.001" /><testcase classname="tests.analytics.compute.test_graphs_centrality" name="test_centrality_directed_logs_eigen_warning" time="0.068" /><testcase classname="tests.analytics.compute.test_graphs_conversions.TestNormalizeDecimalId" name="test_passes_through_integers[123-123]" time="0.001" /><testcase classname="tests.analytics.compute.test_graphs_conversions.TestToDecimalId" name="test_converts_integers[123-expected1]" time="0.001" /><testcase classname="tests.analytics.compute.test_graphs_conversions.TestNormalizeDecimalId" name="test_returns_none_for_invalid_bytes" time="0.000" /><testcase classname="tests.analytics.compute.test_graphs_conversions.TestNormalizeDecimalId" name="test_decodes_bytearray[input_val1-789]" time="0.001" /><testcase classname="tests.analytics.compute.test_graphs_conversions.TestNormalizeDecimalId" name="test_converts_float_via_string" time="0.001" /><testcase classname="tests.analytics.compute.test_graphs_conversions.TestNormalizeDecimalId" name="test_converts_string[456-456]" time="0.001" /><testcase classname="tests.analytics.compute.test_graphs_conversions.TestNormalizeDecimalId" name="test_converts_decimal_to_int[input_val1-0]" time="0.001" /><testcase classname="tests.analytics.compute.test_graphs_conversions.TestNormalizeDecimalId" name="test_converts_string[123-123]" time="0.001" /><testcase classname="tests.analytics.compute.test_graphs_conversions.TestNormalizeDecimalId" name="test_decodes_bytes[456-456]" time="0.001" /><testcase classname="tests.analytics.compute.test_graphs_conversions.TestNormalizeDecimalId" name="test_returns_none_for_unconvertible" time="0.001" /><testcase classname="tests.analytics.compute.test_graphs_conversions.TestNormalizeNodeId" name="test_converts_decimal_to_int[input_val1-999999999999]" time="0.001" /><testcase classname="tests.analytics.compute.test_graphs_conversions.TestNormalizeNodeId" name="test_converts_numeric_types[456.0-456]" time="0.001" /><testcase classname="tests.analytics.compute.test_graphs_conversions.TestNormalizeDecimalId" name="test_decodes_bytes[123-123]" time="0.001" /><testcase classname="tests.analytics.compute.test_graphs_conversions.TestNormalizeNodeId" name="test_returns_none_for_none" time="0.001" /><testcase classname="tests.analytics.compute.test_graphs_conversions.TestNormalizeNodeId" name="test_converts_decimal_to_int[input_val0-123]" time="0.001" /><testcase classname="tests.analytics.compute.test_graphs_conversions.TestNormalizeNodeId" name="test_converts_numeric_types[0.0-0]" time="0.001" /><testcase classname="tests.analytics.compute.test_graphs_conversions.TestNormalizeNodeId" name="test_converts_digit_strings[123-123]" time="0.001" /><testcase classname="tests.analytics.compute.test_graphs_conversions.TestNormalizeNodeId" name="test_converts_digit_strings[456-456]" time="0.001" /><testcase classname="tests.analytics.compute.test_graphs_conversions.TestNormalizeNodeId" name="test_converts_numeric_types[123-123]" time="0.001" /><testcase classname="tests.analytics.compute.test_graphs_conversions.TestNormalizeNodeId" name="test_preserves_non_digit_strings[func_name-func_name]" time="0.001" /><testcase classname="tests.analytics.compute.test_graphs_conversions.TestNormalizeNodeId" name="test_preserves_non_digit_strings[module.function-module.function]" time="0.001" /><testcase classname="tests.analytics.compute.test_graphs_conversions.TestNormalizeNodeId" name="test_preserves_non_digit_strings[123abc-123abc]" time="0.001" /><testcase classname="tests.analytics.compute.test_graphs_conversions.TestNormalizeNodeId" name="test_converts_digit_strings[0-0]" time="0.001" /><testcase classname="tests.analytics.compute.test_graphs_conversions.TestNormalizeNodeId" name="test_raises_on_float_infinity" time="0.001" /><testcase classname="tests.analytics.compute.test_graphs_conversions.TestSafeFloat" name="test_passes_through_floats[0.0-0.0]" time="0.001" /><testcase classname="tests.analytics.compute.test_graphs_conversions.TestSafeFloat" name="test_returns_none_for_none" time="0.001" /><testcase classname="tests.cli.test_build_cli.TestBuildStatusHelp" name="test_status_help_shows_options@cli_shared_flags" time="0.018" /><testcase classname="tests.analytics.compute.test_graphs_conversions.TestSafeFloat" name="test_passes_through_floats[1.5-1.5]" time="0.001" /><testcase classname="tests.analytics.compute.test_graphs_conversions.TestSafeFloat" name="test_converts_decimal[input_val0-1.5]" time="0.002" /><testcase classname="tests.analytics.compute.test_graphs_conversions.TestSafeFloat" name="test_converts_decimal[input_val1-0.0]" time="0.001" /><testcase classname="tests.analytics.compute.test_graphs_conversions.TestSafeFloat" name="test_converts_string[1.5-1.5]" time="0.001" /><testcase classname="tests.analytics.compute.test_graphs_conversions.TestSafeFloat" name="test_passes_through_floats[-3.14--3.14]" time="0.001" /><testcase classname="tests.analytics.compute.test_graphs_conversions.TestSafeFloat" name="test_converts_string[-3.14--3.14]" time="0.001" /><testcase classname="tests.analytics.compute.test_graphs_conversions.TestSafeFloat" name="test_converts_decimal[input_val2--3.14]" time="0.001" /><testcase classname="tests.analytics.compute.test_graphs_conversions.TestSafeFloat" name="test_converts_string[0.0-0.0]" time="0.003" /><testcase classname="tests.analytics.compute.test_graphs_conversions.TestSafeFloat" name="test_returns_none_for_invalid" time="0.001" /><testcase classname="tests.analytics.compute.test_graphs_conversions.TestLogEmptyGraph" name="test_logs_for_empty_graph" time="0.002" /><testcase classname="tests.analytics.compute.test_graphs_conversions.TestLogEmptyGraph" name="test_no_log_for_nonempty_graph" time="0.002" /><testcase classname="tests.analytics.compute.test_graphs_conversions.TestLogProjectionSkipped" name="test_logs_info" time="0.002" /><testcase classname="tests.analytics.compute.test_graphs_conversions.TestIntegrationScenarios" name="test_safe_float_for_metrics" time="0.001" /><testcase classname="tests.analytics.compute.test_graphs_conversions.TestLogProjectionSkipped" name="test_logs_with_different_reasons" time="0.003" /><testcase classname="tests.analytics.compute.test_graphs_conversions.TestLogEmptyGraph" name="test_works_with_digraph" time="0.002" /><testcase classname="tests.analytics.compute.test_graphs_conversions.TestIntegrationScenarios" name="test_roundtrip_decimal_normalization" time="0.001" /><testcase classname="tests.cli.test_build_cli.TestBuildStatusCommand" name="test_status_json_output_structure@cli_shared_flags" time="0.012" /><testcase classname="tests.analytics.compute.test_graphs_conversions.TestIntegrationScenarios" name="test_graph_node_id_normalization" time="0.001" /><testcase classname="tests.analytics.compute.test_graphs_statistics" name="test_statistics_is_frozen" time="0.001" /><testcase classname="tests.analytics.compute.test_graphs_statistics" name="test_statistics_create_all_fields" time="0.001" /><testcase classname="tests.analytics.compute.test_graphs_statistics" name="test_stats_cycle_is_not_dag" time="0.002" /><testcase classname="tests.analytics.compute.test_graphs_statistics" name="test_stats_density_calculation" time="0.003" /><testcase classname="tests.analytics.compute.test_graphs_statistics" name="test_stats_simple_dag_is_dag" time="0.003" /><testcase classname="tests.analytics.compute.test_graphs_statistics" name="test_stats_single_node" time="0.002" /><testcase classname="tests.analytics.compute.test_graphs_statistics" name="test_stats_node_and_edge_counts" time="0.002" /><testcase classname="tests.analytics.compute.test_graphs_statistics" name="test_stats_empty_graph" time="0.001" /><testcase classname="tests.analytics.compute.test_graphs_statistics" name="test_stats_multiple_components" time="0.002" /><testcase classname="tests.cli.test_build_cli.TestBuildStatusCommand" name="test_status_invalid_module@cli_shared_flags" time="0.009" /><testcase classname="tests.analytics.compute.test_graphs_statistics" name="test_in_degrees_empty_graph" time="0.000" /><testcase classname="tests.analytics.compute.test_graphs_statistics" name="test_stats_strongly_connected_graph" time="0.002" /><testcase classname="tests.analytics.compute.test_graphs_statistics" name="test_stats_average_degrees" time="0.001" /><testcase classname="tests.analytics.compute.test_graphs_statistics" name="test_in_degrees_simple_chain" time="0.000" /><testcase classname="tests.analytics.compute.test_graphs_centrality" name="test_betweenness_values_are_floats" time="0.001" /><testcase classname="tests.analytics.compute.test_graphs_statistics" name="test_out_degrees_simple_chain" time="0.001" /><testcase classname="tests.analytics.compute.test_graphs_conversions.TestToDecimalId" name="test_converts_integers[-1-expected4]" time="0.001" /><testcase classname="tests.analytics.compute.test_graphs_centrality" name="test_betweenness_keys_match_nodes" time="0.001" /><testcase classname="tests.analytics.compute.test_graphs_statistics" name="test_degrees_simple_path" time="0.001" /><testcase classname="tests.analytics.compute.test_graphs_centrality" name="test_both_metrics_same_nodes" time="0.002" /><testcase classname="tests.analytics.compute.test_graphs_conversions.TestToDecimalId" name="test_converts_integers[0-expected3]" time="0.001" /><testcase classname="tests.analytics.compute.test_graphs_statistics" name="test_degrees_empty_graph" time="0.001" /><testcase classname="tests.analytics.compute.test_graphs_statistics" name="test_in_degrees_star_graph" time="0.001" /><testcase classname="tests.analytics.compute.test_graphs_conversions.TestToDecimalId" name="test_converts_string_integers[0-expected2]" time="0.001" /><testcase classname="tests.analytics.compute.test_graphs_statistics" name="test_in_degree_values_empty_graph" time="0.001" /><testcase classname="tests.analytics.compute.test_graphs_statistics" name="test_out_degrees_empty_graph" time="0.001" /><testcase classname="tests.analytics.compute.test_graphs_conversions.TestToDecimalId" name="test_converts_string_integers[123-expected0]" time="0.001" /><testcase classname="tests.analytics.compute.test_graphs_statistics" name="test_in_degree_values_only" time="0.001" /><testcase classname="tests.analytics.compute.test_graphs_statistics" name="test_degree_values_only" time="0.001" /><testcase classname="tests.analytics.compute.test_graphs_statistics" name="test_out_degree_values_only" time="0.001" /><testcase classname="tests.analytics.compute.test_graphs_wrappers" name="test_component_metadata_and_global_stats" time="0.003" /><testcase classname="tests.analytics.compute.test_graphs_statistics" name="test_degree_values_empty_graph" time="0.000" /><testcase classname="tests.analytics.compute.test_graphs_conversions.TestNormalizeDecimalId" name="test_passes_through_integers[0-0]" time="0.001" /><testcase classname="tests.analytics.compute.test_graphs_statistics" name="test_statistics_consistency" time="0.001" /><testcase classname="tests.analytics.compute.test_graphs_conversions.TestNormalizeDecimalId" name="test_converts_decimal_to_int[input_val3-999999999999999999]" time="0.001" /><testcase classname="tests.analytics.compute.test_graphs_conversions.TestToDecimalId" name="test_converts_decimal_input" time="0.000" /><testcase classname="tests.cli.test_build_cli.TestBuildRunHelp" name="test_run_help_shows_description@cli_shared_flags" time="0.033" /><testcase classname="tests.analytics.compute.test_graphs_statistics" name="test_stats_realistic_call_graph" time="0.001" /><testcase classname="tests.analytics.compute.test_graphs_statistics" name="test_out_degree_values_empty_graph" time="0.000" /><testcase classname="tests.analytics.compute.test_graphs_wrappers" name="test_dfg_helpers_and_metrics" time="0.057" /><testcase classname="tests.analytics.compute.test_graphs_wrappers" name="test_structural_metrics_and_paths" time="0.052" /><testcase classname="tests.analytics.compute.test_graphs_wrappers" name="test_centrality_wrappers_and_neighbor_stats" time="0.007" /><testcase classname="tests.analytics.compute.test_graphs_statistics" name="test_out_degrees_star_graph" time="0.001" /><testcase classname="tests.analytics.compute.test_profiles" name="test_aggregate_typedness_counts" time="0.001" /><testcase classname="tests.analytics.compute.test_graphs_conversions.TestNormalizeDecimalId" name="test_returns_none_for_non_numeric_bytes" time="0.001" /><testcase classname="tests.analytics.compute.test_profiles" name="test_aggregates_custom_values" time="0.000" /><testcase classname="tests.analytics.compute.test_graphs_conversions.TestNormalizeDecimalId" name="test_converts_decimal_to_int[input_val2--456]" time="0.001" /><testcase classname="tests.analytics.compute.test_graphs_conversions.TestNormalizeDecimalId" name="test_passes_through_integers[-1--1]" time="0.001" /><testcase classname="tests.analytics.compute.test_profiles" name="test_aggregate_average_typedness" time="0.001" /><testcase classname="tests.analytics.compute.test_graphs_wrappers" name="test_projection_metrics_and_degrees" time="0.002" /><testcase classname="tests.analytics.compute.test_profiles" name="test_aggregate_single_function" time="0.000" /><testcase classname="tests.analytics.compute.test_graphs_wrappers" name="test_cfg_helpers_and_metrics" time="0.005" /><testcase classname="tests.analytics.compute.test_profiles" name="test_aggregates_default_values" time="0.000" /><testcase classname="tests.analytics.compute.test_graphs_conversions.TestNormalizeDecimalId" name="test_decodes_bytes[0-0]" time="0.001" /><testcase classname="tests.analytics.compute.test_profiles" name="test_aggregate_empty_metrics" time="0.000" /><testcase classname="tests.analytics.compute.test_graphs_statistics" name="test_degrees_triangle" time="0.001" /><testcase classname="tests.analytics.compute.test_graphs_statistics" name="test_various_graph_sizes" time="0.002" /><testcase classname="tests.analytics.compute.test_profiles" name="test_aggregate_multiple_functions" time="0.001" /><testcase classname="tests.analytics.compute.test_graphs_statistics" name="test_degree_functions_match_statistics" time="0.001" /><testcase classname="tests.analytics.compute.test_graphs_centrality" name="test_centrality_undirected_logs_structural_warning" time="0.006" /><testcase classname="tests.analytics.compute.test_profiles" name="test_extract_large_complex_untyped" time="0.000" /><testcase classname="tests.analytics.compute.test_profiles" name="test_metric_create" time="0.000" /><testcase classname="tests.analytics.compute.test_profiles" name="test_quality_score_bounds" time="0.000" /><testcase classname="tests.analytics.compute.test_graphs_conversions.TestToDecimalId" name="test_converts_integers[456-expected2]" time="0.001" /><testcase classname="tests.analytics.compute.test_profiles" name="test_aggregate_complexity_buckets" time="0.000" /><testcase classname="tests.analytics.compute.test_profiles" name="test_features_create" time="0.001" /><testcase classname="tests.analytics.compute.test_profiles" name="test_quality_score_weights" time="0.000" /><testcase classname="tests.analytics.compute.test_profiles" name="test_extract_small_simple_typed" time="0.001" /><testcase classname="tests.analytics.compute.test_profiles" name="test_typedness_boundary" time="0.000" /><testcase classname="tests.analytics.compute.test_profiles" name="test_size_boundary_small_medium" time="0.000" /><testcase classname="tests.analytics.compute.test_semantic_roles" name="test_context_name_property" time="0.000" /><testcase classname="tests.analytics.compute.test_profiles" name="test_complexity_boundary" time="0.000" /><testcase classname="tests.analytics.compute.test_profiles" name="test_stats_all_present" time="0.001" /><testcase classname="tests.analytics.compute.test_profiles" name="test_extract_medium_moderate_partial" time="0.000" /><testcase classname="tests.analytics.compute.test_profiles" name="test_size_boundary_medium_large" time="0.001" /><testcase classname="tests.analytics.compute.test_profiles" name="test_stats_mixed_typedness" time="0.000" /><testcase classname="tests.analytics.compute.test_profiles" name="test_complexity_normalization" time="0.000" /><testcase classname="tests.analytics.compute.test_semantic_roles" name="test_accumulator_framework_first_wins" time="0.001" /><testcase classname="tests.analytics.compute.test_profiles" name="test_aggregate_then_extract" time="0.000" /><testcase classname="tests.analytics.compute.test_semantic_roles" name="test_context_module_lower" time="0.000" /><testcase classname="tests.analytics.compute.test_row_builders.TestBuildFunctionGraphMetricRows" name="test_builds_empty_list_for_no_nodes" time="0.000" /><testcase classname="tests.analytics.compute.test_row_builders.TestMergeComponentMetadata" name="test_overlays_cached_values" time="0.001" /><testcase classname="tests.analytics.compute.test_semantic_roles" name="test_context_module_lower_none" time="0.001" /><testcase classname="tests.analytics.compute.test_row_builders.TestBuildSubsystemGraphRows" name="test_builds_rows_for_subsystems" time="0.001" /><testcase classname="tests.analytics.compute.test_profiles" name="test_realistic_codebase_features" time="0.000" /><testcase classname="tests.analytics.compute.test_row_builders.TestBuildFunctionGraphMetricRows" name="test_builds_rows_for_nodes" time="0.000" /><testcase classname="tests.analytics.compute.test_profiles" name="test_stats_avg_loc" time="0.000" /><testcase classname="tests.analytics.compute.test_profiles" name="test_stats_all_typed" time="0.000" /><testcase classname="tests.analytics.compute.test_semantic_roles" name="test_classify_flask_route" time="0.000" /><testcase classname="tests.analytics.compute.test_semantic_roles" name="test_accumulator_bump_with_framework" time="0.000" /><testcase classname="tests.analytics.compute.test_semantic_roles" name="test_accumulator_finalize_caps_confidence" time="0.000" /><testcase classname="tests.analytics.compute.test_semantic_roles" name="test_classify_cli_click" time="0.001" /><testcase classname="tests.analytics.compute.test_profiles" name="test_threshold_constants" time="0.000" /><testcase classname="tests.analytics.compute.test_row_builders.TestRowBuildersImport" name="test_import_from_row_builders_package" time="0.000" /><testcase classname="tests.analytics.compute.test_semantic_roles" name="test_classify_cli_path" time="0.000" /><testcase classname="tests.analytics.compute.test_semantic_roles" name="test_context_name_simple" time="0.001" /><testcase classname="tests.analytics.compute.test_semantic_roles" name="test_accumulator_bump_accumulates" time="0.000" /><testcase classname="tests.analytics.compute.test_semantic_roles" name="test_classify_validator_by_name[ensure]" time="0.001" /><testcase classname="tests.analytics.compute.test_semantic_roles" name="test_classify_service" time="0.001" /><testcase classname="tests.analytics.compute.test_graphs_conversions.TestNormalizeDecimalId" name="test_decodes_bytearray[input_val0-123]" time="0.001" /><testcase classname="tests.analytics.compute.test_profiles" name="test_features_is_frozen" time="0.001" /><testcase classname="tests.analytics.compute.test_semantic_roles" name="test_accumulator_finalize_below_threshold" time="0.000" /><testcase classname="tests.analytics.compute.test_semantic_roles" name="test_classify_api_handler" time="0.001" /><testcase classname="tests.analytics.compute.test_semantic_roles" name="test_classify_other" time="0.001" /><testcase classname="tests.analytics.compute.test_semantic_roles" name="test_classify_test_function" time="0.001" /><testcase classname="tests.analytics.compute.test_semantic_roles" name="test_classify_helper" time="0.001" /><testcase classname="tests.analytics.compute.test_semantic_roles" name="test_modules_classify_from_tags" time="0.000" /><testcase classname="tests.analytics.compute.test_semantic_roles" name="test_modules_classify_below_threshold" time="0.000" /><testcase classname="tests.analytics.compute.test_semantic_roles" name="test_classify_test_prefix" time="0.001" /><testcase classname="tests.analytics.compute.test_semantic_roles" name="test_accumulator_finalize_picks_highest" time="0.000" /><testcase classname="tests.analytics.compute.test_semantic_roles" name="test_context_tag_strings" time="0.001" /><testcase classname="tests.analytics.compute.test_row_builders.TestMergeComponentMetadata" name="test_returns_computed_when_no_cache" time="0.000" /><testcase classname="tests.analytics.compute.test_semantic_roles" name="test_classify_validator_by_name[check]" time="0.001" /><testcase classname="tests.analytics.compute.test_semantic_roles" name="test_accumulator_finalize_empty" time="0.000" /><testcase classname="tests.analytics.compute.test_semantic_roles" name="test_classify_repository" time="0.001" /><testcase classname="tests.analytics.compute.test_semantic_roles" name="test_modules_classify_from_functions" time="0.000" /><testcase classname="tests.analytics.compute.test_semantic_roles" name="test_classify_validator_by_name[validate]" time="0.001" /><testcase classname="tests.analytics.compute.test_semantic_roles" name="test_accumulator_finalize_above_threshold" time="0.001" /><testcase classname="tests.analytics.compute.test_semantic_roles" name="test_classify_module_tags" time="0.000" /><testcase classname="tests.analytics.compute.test_semantic_roles" name="test_modules_classify_ignores_other" time="0.000" /><testcase classname="tests.analytics.compute.test_semantic_roles" name="test_classify_cli_typer" time="0.001" /><testcase classname="tests.analytics.compute.test_semantic_roles" name="test_context_rel_path_lower" time="0.001" /><testcase classname="tests.analytics.compute.test_semantic_roles" name="test_accumulator_bump_single" time="0.000" /><testcase classname="tests.analytics.compute.test_semantic_roles" name="test_classify_returns_signals" time="0.001" /><testcase classname="tests.cli.test_build_cli.TestBuildRunHelp" name="test_run_help_shows_options@cli_shared_flags" time="0.036" /><testcase classname="tests.analytics.compute.test_semantic_roles" name="test_decorator_names_simple" time="0.001" /><testcase classname="tests.analytics.compute.test_semantic_roles" name="test_decorator_names_attribute" time="0.000" /><testcase classname="tests.analytics.compute.test_semantic_roles" name="test_classify_validator" time="0.000" /><testcase classname="tests.analytics.compute.test_semantic_roles" name="test_constants_helper_loc_threshold_positive" time="0.001" /><testcase classname="tests.analytics.functions.test_function_contracts" name="test_condition_context_with_none_line" time="0.001" /><testcase classname="tests.analytics.compute.test_semantic_roles" name="test_constants_role_threshold_positive" time="0.000" /><testcase classname="tests.analytics.compute.test_semantic_roles" name="test_constants_service_fan_thresholds_positive" time="0.000" /><testcase classname="tests.analytics.functions.test_function_contracts" name="test_condition_context_immutable" time="0.001" /><testcase classname="tests.analytics.compute.test_semantic_roles" name="test_modules_classify_multiple" time="0.000" /><testcase classname="tests.analytics.compute.test_semantic_roles" name="test_decorator_names_call" time="0.000" /><testcase classname="tests.analytics.functions.test_function_contracts" name="test_condition_context_creation" time="0.001" /><testcase classname="tests.analytics.compute.test_semantic_roles" name="test_classify_validator_by_name[assert]" time="0.001" /><testcase classname="tests.analytics.compute.test_semantic_roles" name="test_decorator_names_multiple" time="0.000" /><testcase classname="tests.analytics.compute.test_semantic_roles" name="test_decorator_names_empty" time="0.000" /><testcase classname="tests.analytics.compute.test_semantic_roles" name="test_classify_config_loader" time="0.001" /><testcase classname="tests.analytics.compute.test_row_builders.TestBuildSymbolRows" name="test_builds_module_rows" time="0.001" /><testcase classname="tests.analytics.compute.test_semantic_roles" name="test_modules_classify_empty" time="0.000" /><testcase classname="tests.analytics.compute.test_semantic_roles" name="test_classify_pytest_fixture" time="0.001" /><testcase classname="tests.analytics.compute.test_profiles" name="test_aggregate_realistic_codebase" time="0.001" /><testcase classname="tests.analytics.functions.test_function_effects" name="test_effect_analysis_closure_modification" time="0.003" /><testcase classname="tests.analytics.compute.test_profiles" name="test_stats_empty_aggregates" time="0.001" /><testcase classname="tests.analytics.functions.test_function_effects" name="test_effect_analysis_immutable" time="0.001" /><testcase classname="tests.analytics.functions.test_function_effects" name="test_function_effects_inputs_defaults" time="0.001" /><testcase classname="tests.analytics.functions.test_function_effects" name="test_function_effects_inputs_with_ast_map" time="0.001" /><testcase classname="tests.cli.test_build_cli.TestBuildRunValidation" name="test_run_no_targets_no_module_error@cli_shared_flags" time="0.016" /><testcase classname="tests.analytics.functions.test_function_effects" name="test_function_effects_inputs_immutable" time="0.000" /><testcase classname="tests.analytics.functions.test_function_effects" name="test_effect_analysis_evidence_structure" time="0.001" /><testcase classname="tests.analytics.functions.test_function_effects" name="test_effect_analysis_io_no_db" time="0.001" /><testcase classname="tests.analytics.functions.test_function_effects" name="test_effect_analysis_direct_effectful_any_true" time="0.001" /><testcase classname="tests.analytics.functions.test_function_effects" name="test_effect_analysis_direct_effectful_all_false" time="0.001" /><testcase classname="tests.analytics.functions.test_function_effects" name="test_effect_analysis_no_io_db" time="0.001" /><testcase classname="tests.analytics.functions.test_function_effects" name="test_effect_analysis_io_and_db" time="0.001" /><testcase classname="tests.analytics.functions.test_function_effects" name="test_effect_analysis_no_io_no_db" time="0.001" /><testcase classname="tests.analytics.graphs.test_contracts" name="test_plugin_contract_result_passed" time="0.001" /><testcase classname="tests.analytics.graphs.test_contracts" name="test_plugin_contract_result_soft_failed" time="0.002" /><testcase classname="tests.analytics.graphs.test_contracts" name="test_plugin_contract_result_failed" time="0.001" /><testcase classname="tests.analytics.functions.test_function_effects_runtime" name="test_compute_function_effects_with_transitive_and_missing" time="6.481" /><testcase classname="tests.cli.test_build_cli.TestBuildRunValidation" name="test_run_invalid_module@cli_shared_flags" time="0.016" /><testcase classname="tests.analytics.graphs.test_contracts" name="test_snapshot_key_immutable" time="0.001" /><testcase classname="tests.analytics.graphs.test_contracts" name="test_snapshot_key_creation" time="0.000" /><testcase classname="tests.analytics.graphs.test_contracts" name="test_not_null_fraction_spec_creation" time="0.001" /><testcase classname="tests.analytics.graphs.test_contracts" name="test_not_null_fraction_spec_default_name" time="0.000" /><testcase classname="tests.analytics.graphs.test_contracts" name="test_safe_table_queries_contains_expected_tables" time="0.000" /><testcase classname="tests.analytics.graphs.test_contracts" name="test_safe_table_columns_contains_expected_tables" time="0.000" /><testcase classname="tests.analytics.graphs.test_contracts" name="test_safe_table_columns_has_expected_columns" time="0.000" /><testcase classname="tests.cli.test_build_cli.TestBuildRunValidation" name="test_run_unknown_target@cli_shared_flags" time="0.016" /><testcase classname="tests.cli.test_build_cli.TestBuildRunValidation" name="test_run_conflicting_selection_flags@cli_shared_flags" time="0.017" /><testcase classname="tests.cli.test_build_cli.TestBuildAppStructure" name="test_build_help_shows_commands@cli_shared_flags" time="0.015" /><testcase classname="tests.cli.test_build_cli.TestBuildAppStructure" name="test_build_no_args_shows_help@cli_shared_flags" time="0.019" /><testcase classname="tests.cli.test_build_cli.TestModuleOption" name="test_valid_module_names[ingestion]@cli_shared_flags" time="0.020" /><testcase classname="tests.cli.test_build_cli.TestModuleOption" name="test_valid_module_names[graphs]@cli_shared_flags" time="0.024" /><testcase classname="tests.cli.test_build_cli.TestModuleOption" name="test_valid_module_names[analytics]@cli_shared_flags" time="0.017" /><testcase classname="tests.cli.test_build_cli.TestDryRun" name="test_dry_run_flag_recognized@cli_shared_flags" time="0.044" /><testcase classname="tests.cli.test_build_cli.TestForceOption" name="test_force_flag_recognized@cli_shared_flags" time="0.045" /><testcase classname="tests.cli.test_build_cli.TestJsonOutput" name="test_json_flag_recognized_on_status@cli_shared_flags" time="0.021" /><testcase classname="tests.cli.test_build_cli.TestJsonOutput" name="test_json_flag_recognized_on_run@cli_shared_flags" time="0.046" /><testcase classname="tests.analytics.functions.test_function_contracts" name="test_compute_function_contracts_table_exists" time="3.901" /><testcase classname="tests.analytics.functions.test_function_effects" name="test_effect_analysis_pure_function" time="0.001" /><testcase classname="tests.analytics.functions.test_function_contracts" name="test_compute_function_contracts_chained_exceptions" time="3.971" /><testcase classname="tests.analytics.functions.test_function_contracts" name="test_compute_function_contracts_with_isinstance_check" time="4.015" /><testcase classname="tests.analytics.functions.test_function_contracts" name="test_compute_function_contracts_bool_predicate_name" time="4.018" /><testcase classname="tests.analytics.functions.test_function_effects" name="test_effect_analysis_randomness_effect" time="0.001" /><testcase classname="tests.analytics.functions.test_function_contracts" name="test_compute_function_contracts_with_assert_guard" time="4.182" /><testcase classname="tests.analytics.functions.test_function_contracts" name="test_compute_function_contracts_varargs" time="4.197" /><testcase classname="tests.analytics.functions.test_function_contracts" name="test_compute_function_contracts_with_simple_function" time="4.219" /><testcase classname="tests.analytics.functions.test_function_contracts" name="test_compute_function_contracts_with_raise" time="4.236" /><testcase classname="tests.analytics.graphs.test_contracts" name="test_assert_table_not_empty_with_data" time="4.200" /><testcase classname="tests._helpers.test_symbol_use_edges" name="test_insert_symbol_use_edges_invalid_shape_raises" time="4.408" /><testcase classname="tests.analytics.compute.test_graphs_centrality" name="test_metrics_create_all_fields" time="0.001" /><testcase classname="tests.analytics.functions.test_function_contracts" name="test_compute_function_contracts_idempotent" time="4.385" /><testcase classname="tests.analytics.functions.test_function_contracts" name="test_compute_function_contracts_method_with_self" time="4.345" /><testcase classname="tests.analytics.functions.test_function_contracts" name="test_compute_function_contracts_empty_catalog" time="4.346" /><testcase classname="tests.analytics.functions.test_function_contracts" name="test_compute_function_contracts_nullable_return" time="4.367" /><testcase classname="tests.analytics.functions.test_function_contracts_integration" name="test_compute_contracts_with_guards_and_catalog" time="4.396" /><testcase classname="tests.analytics.functions.test_function_contracts" name="test_compute_function_contracts_multiple_functions" time="4.421" /><testcase classname="tests.analytics.functions.test_function_contracts" name="test_compute_function_contracts_async_function" time="4.422" /><testcase classname="tests._helpers.test_symbol_use_edges" name="test_load_symbol_function_graph_smoke" time="4.531" /><testcase classname="tests.analytics.functions.test_function_contracts" name="test_compute_function_contracts_complex_assertions" time="4.421" /><testcase classname="tests.analytics.graphs.test_contracts" name="test_assert_table_not_empty_with_empty_table" time="4.372" /><testcase classname="tests.analytics.compute.test_graphs_centrality" name="test_pagerank_empty_graph" time="0.005" /><testcase classname="tests.analytics.functions.test_function_effects" name="test_effect_analysis_thread_spawn" time="0.001" /><testcase classname="tests.analytics.functions.test_function_contracts" name="test_compute_function_contracts_with_len_guard" time="4.480" /><testcase classname="tests.analytics.functions.test_function_effects" name="test_effect_analysis_time_effect" time="0.001" /><testcase classname="tests.analytics.graphs.test_contracts" name="test_contract_result_default_name_format" time="0.001" /><testcase classname="tests.analytics.functions.test_function_effects" name="test_effect_analysis_global_modification" time="0.001" /><testcase classname="tests.analytics.functions.test_function_contracts" name="test_compute_function_contracts_keyword_only_params" time="4.607" /><testcase classname="tests.analytics.functions.test_function_contracts_integration" name="test_compute_contracts_with_docstring_data" time="4.595" /><testcase classname="tests.analytics.functions.test_function_contracts_integration" name="test_compute_contracts_with_catalog_goid_iteration" time="4.592" /><testcase classname="tests._helpers.test_symbol_use_edges" name="test_insert_symbol_use_edges_coerces_five_field_rows" time="4.759" /><testcase classname="tests.analytics.functions.test_function_effects" name="test_effect_analysis_db_effect" time="0.002" /><testcase classname="tests.analytics.functions.test_function_effects" name="test_effect_analysis_io_effect" time="0.001" /><testcase classname="tests.analytics.profiles.test_utils.TestOptionalStr" name="test_returns_string_for_int_input" time="0.001" /><testcase classname="tests.analytics.profiles.test_utils.TestOptionalStr" name="test_returns_string_for_string_input" time="0.001" /><testcase classname="tests.analytics.profiles.test_utils.TestOptionalStr" name="test_returns_none_for_none_input" time="0.000" /><testcase classname="tests.analytics.profiles.test_utils.TestOptionalStr" name="test_returns_string_for_float_input" time="0.000" /><testcase classname="tests.analytics.profiles.test_utils.TestOptionalStr" name="test_returns_string_for_bool_true_input" time="0.000" /><testcase classname="tests.analytics.profiles.test_utils.TestOptionalInt" name="test_returns_int_for_int_input" time="0.000" /><testcase classname="tests.analytics.profiles.test_utils.TestOptionalInt" name="test_returns_int_for_float_input" time="0.000" /><testcase classname="tests.analytics.profiles.test_utils.TestOptionalInt" name="test_returns_int_for_string_number" time="0.000" /><testcase classname="tests.analytics.profiles.test_utils.TestOptionalInt" name="test_returns_int_for_string_with_whitespace" time="0.001" /><testcase classname="tests.analytics.profiles.test_utils.TestOptionalInt" name="test_returns_none_for_empty_string" time="0.001" /><testcase classname="tests.analytics.compute.test_evidence_collection" name="test_evidence_collector_add_from_ast_and_extend" time="0.002" /><testcase classname="tests.analytics.profiles.test_utils.TestOptionalInt" name="test_returns_none_for_whitespace_only_string" time="0.001" /><testcase classname="tests.analytics.profiles.test_utils.TestOptionalInt" name="test_returns_none_for_none_input" time="0.001" /><testcase classname="tests.analytics.profiles.test_utils.TestOptionalInt" name="test_returns_none_for_invalid_string" time="0.001" /><testcase classname="tests.analytics.profiles.test_utils.TestOptionalInt" name="test_returns_int_for_bool_false" time="0.001" /><testcase classname="tests.analytics.profiles.test_utils.TestOptionalInt" name="test_returns_int_for_bool_true" time="0.001" /><testcase classname="tests.analytics.profiles.test_utils.TestIntOrDefault" name="test_returns_custom_default_for_none" time="0.000" /><testcase classname="tests.analytics.profiles.test_utils.TestIntOrDefault" name="test_returns_int_for_int_input" time="0.001" /><testcase classname="tests.analytics.profiles.test_utils.TestIntOrDefault" name="test_returns_default_for_none" time="0.001" /><testcase classname="tests.analytics.profiles.test_utils.TestIntOrDefault" name="test_returns_int_for_valid_string" time="0.000" /><testcase classname="tests.analytics.profiles.test_utils.TestIntOrDefault" name="test_returns_default_for_invalid_string" time="0.000" /><testcase classname="tests.analytics.profiles.test_utils.TestOptionalFloat" name="test_returns_float_for_float_input" time="0.001" /><testcase classname="tests._helpers.test_symbol_use_edges" name="test_insert_symbol_use_edges_respects_explicit_goids" time="4.807" /><testcase classname="tests.analytics.profiles.test_utils.TestOptionalFloat" name="test_returns_float_for_int_input" time="0.000" /><testcase classname="tests.analytics.profiles.test_utils.TestOptionalFloat" name="test_returns_float_for_string_number" time="0.002" /><testcase classname="tests.analytics.profiles.test_utils.TestOptionalFloat" name="test_returns_float_for_string_with_whitespace" time="0.001" /><testcase classname="tests.analytics.profiles.test_utils.TestOptionalFloat" name="test_returns_none_for_empty_string" time="0.000" /><testcase classname="tests.analytics.profiles.test_utils.TestOptionalFloat" name="test_returns_none_for_whitespace_only_string" time="0.001" /><testcase classname="tests.analytics.profiles.test_utils.TestOptionalFloat" name="test_returns_none_for_none_input" time="0.000" /><testcase classname="tests.analytics.profiles.test_utils.TestOptionalFloat" name="test_returns_none_for_invalid_string" time="0.001" /><testcase classname="tests.analytics.profiles.test_utils.TestOptionalFloat" name="test_returns_float_for_bool_true" time="0.001" /><testcase classname="tests.analytics.profiles.test_utils.TestOptionalFloat" name="test_returns_float_for_bool_false" time="0.000" /><testcase classname="tests.analytics.profiles.test_utils.TestOptionalBool" name="test_returns_bool_for_bool_true" time="0.001" /><testcase classname="tests.analytics.profiles.test_utils.TestOptionalBool" name="test_returns_bool_for_bool_false" time="0.000" /><testcase classname="tests.analytics.profiles.test_utils.TestOptionalBool" name="test_returns_bool_for_int_nonzero" time="0.000" /><testcase classname="tests.analytics.profiles.test_utils.TestOptionalBool" name="test_returns_bool_for_int_zero" time="0.001" /><testcase classname="tests.analytics.profiles.test_utils.TestOptionalBool" name="test_returns_bool_for_float_zero" time="0.000" /><testcase classname="tests.analytics.profiles.test_utils.TestOptionalBool" name="test_returns_bool_for_float_nonzero" time="0.001" /><testcase classname="tests.analytics.profiles.test_utils.TestOptionalBool" name="test_returns_true_for_truthy_strings[True]" time="0.002" /><testcase classname="tests.analytics.profiles.test_utils.TestOptionalBool" name="test_returns_true_for_truthy_strings[TRUE]" time="0.001" /><testcase classname="tests.analytics.profiles.test_utils.TestOptionalBool" name="test_returns_true_for_truthy_strings[true]" time="0.001" /><testcase classname="tests.analytics.profiles.test_utils.TestOptionalBool" name="test_returns_true_for_truthy_strings[yes]" time="0.001" /><testcase classname="tests.analytics.profiles.test_utils.TestOptionalBool" name="test_returns_true_for_truthy_strings[YES]" time="0.001" /><testcase classname="tests.analytics.profiles.test_utils.TestOptionalBool" name="test_returns_true_for_truthy_strings[1]" time="0.006" /><testcase classname="tests.analytics.profiles.test_utils.TestOptionalBool" name="test_returns_false_for_falsy_strings[False]" time="0.001" /><testcase classname="tests.analytics.profiles.test_utils.TestOptionalBool" name="test_returns_false_for_falsy_strings[false]" time="0.001" /><testcase classname="tests.analytics.profiles.test_utils.TestOptionalBool" name="test_returns_false_for_falsy_strings[no]" time="0.001" /><testcase classname="tests.analytics.profiles.test_utils.TestOptionalBool" name="test_returns_false_for_falsy_strings[0]" time="0.001" /><testcase classname="tests.analytics.compute.test_evidence_collection" name="test_evidence_collector_caps_and_retains_details" time="0.001" /><testcase classname="tests.analytics.profiles.test_utils.TestOptionalBool" name="test_returns_false_for_falsy_strings[NO]" time="0.003" /><testcase classname="tests.analytics.profiles.test_utils.TestOptionalBool" name="test_returns_false_for_falsy_strings[FALSE]" time="0.001" /><testcase classname="tests.analytics.profiles.test_utils.TestOptionalBool" name="test_returns_true_for_string_with_whitespace" time="0.001" /><testcase classname="tests.analytics.profiles.test_utils.TestModuleTableConstants" name="test_catalog_module_table_value" time="0.003" /><testcase classname="tests.analytics.profiles.test_utils.TestOptionalBool" name="test_returns_none_for_invalid_string" time="0.000" /><testcase classname="tests.analytics.profiles.test_utils.TestOptionalBool" name="test_returns_none_for_empty_string" time="0.001" /><testcase classname="tests.analytics.profiles.test_utils.TestOptionalBool" name="test_returns_none_for_none_input" time="0.002" /><testcase classname="tests.analytics.profiles.test_utils.TestModuleTableConstants" name="test_default_module_table_value" time="0.001" /><testcase classname="tests.analytics.resources.test_provider_factory" name="test_provider_factory_options_defaults" time="0.001" /><testcase classname="tests.analytics.resources.test_provider_factory" name="test_provider_factory_options_custom" time="0.004" /><testcase classname="tests.analytics.resources.test_provider_factory" name="test_graph_provider_logs_when_graph_types_invalid" time="0.003" /><testcase classname="tests.analytics.functions.test_function_contracts_integration" name="test_compute_contracts_with_missing_ast" time="4.985" /><testcase classname="tests.analytics.functions.test_function_effects" name="test_effect_analysis_creation" time="0.001" /><testcase classname="tests._helpers.test_symbol_use_edges" name="test_load_symbol_module_graph_smoke" time="5.373" /><testcase classname="tests.analytics.compute.test_graphs_centrality" name="test_metrics_is_frozen" time="0.001" /><testcase classname="tests.analytics.compute.test_entrypoints_detection" name="test_detect_entrypoints_with_seeded_pack" time="6.535" /><testcase classname="tests.analytics.compute.test_graphs_centrality" name="test_betweenness_normalized" time="0.002" /><testcase classname="tests.analytics.graphs.test_contracts" name="test_plugin_contract_result_immutable" time="0.001" /><testcase classname="tests.cli.test_build_command" name="test_build_run_success@cli_shared_flags" time="8.598" /><testcase classname="tests.analytics.graphs.test_contracts" name="test_assert_table_exists_with_existing_table" time="3.968" /><testcase classname="tests.analytics.functions.test_function_contracts_integration" name="test_compute_contracts_with_type_annotations" time="4.224" /><testcase classname="tests.analytics.functions.test_function_contracts" name="test_compute_function_contracts_complex_guards" time="4.059" /><testcase classname="tests.analytics.functions.test_function_contracts_integration" name="test_compute_contracts_with_nullable_return" time="8.409" /><testcase classname="tests.analytics.graphs.test_contracts" name="test_run_contract_checkers_all_pass" time="4.013" /><testcase classname="tests.analytics.functions.test_function_effects" name="test_effect_analysis_multiple_effects" time="0.001" /><testcase classname="tests.analytics.functions.test_function_contracts" name="test_compute_function_contracts_typed_function" time="4.224" /><testcase classname="tests.analytics.graphs.test_contracts" name="test_not_null_fraction_checker" time="4.193" /><testcase classname="tests.analytics.functions.test_function_contracts" name="test_compute_function_contracts_classmethod_with_cls" time="4.244" /><testcase classname="tests.analytics.graphs.test_contracts" name="test_assert_table_not_empty_custom_name" time="4.394" /><testcase classname="tests.analytics.graphs.test_contracts" name="test_table_not_empty_checker" time="4.440" /><testcase classname="tests.analytics.graphs.test_contracts" name="test_graph_metrics_modules_table_operations" time="4.279" /><testcase classname="tests.analytics.graphs.test_contracts" name="test_assert_columns_present_with_disallowed_columns" time="4.684" /><testcase classname="tests.analytics.functions.test_function_contracts" name="test_compute_function_contracts_numeric_guards" time="4.592" /><testcase classname="tests.analytics.graphs.test_contracts" name="test_assert_table_not_empty_unsafe_table" time="4.367" /><testcase classname="tests.analytics.graphs.test_contracts" name="test_graph_stats_table_operations" time="4.385" /><testcase classname="tests.analytics.functions.test_function_contracts_integration" name="test_compute_contracts_with_bool_return_type" time="4.689" /><testcase classname="tests.analytics.graphs.test_graph_metrics_integration" name="test_compute_function_graph_metrics_counts_and_cycles" time="6.044" /><testcase classname="tests.analytics.functions.test_function_contracts_integration" name="test_compute_contracts_confidence_score" time="4.799" /><testcase classname="tests.analytics.functions.test_function_contracts" name="test_compute_function_contracts_nested_conditions" time="4.652" /><testcase classname="tests.analytics.graphs.test_graph_metrics_integration" name="test_compute_module_graph_metrics_with_symbol_coupling" time="6.251" /><testcase classname="tests.analytics.resources.test_provider_factory" name="test_provider_factory_with_options" time="4.472" /><testcase classname="tests.analytics.resources.test_provider_factory" name="test_provider_factory_init" time="4.706" /><testcase classname="tests.analytics.resources.test_provider_factory" name="test_create_registry_with_asts" time="4.779" /><testcase classname="tests.analytics.resources.test_provider_factory" name="test_create_registry_default" time="4.898" /><testcase classname="tests.analytics.resources.test_provider_factory" name="test_make_catalog_provider" time="4.493" /><testcase classname="tests.analytics.resources.test_provider_factory" name="test_create_registry_all_providers" time="4.788" /><testcase classname="tests.analytics.resources.test_provider_factory" name="test_function_catalog_service_module_lookup" time="0.001" /><testcase classname="tests.analytics.resources.test_resource_registry" name="test_resource_registry_has_by_name" time="0.001" /><testcase classname="tests.analytics.resources.test_resource_registry" name="test_resource_registry_require" time="0.002" /><testcase classname="tests.analytics.resources.test_resource_registry" name="test_resource_registry_require_not_found" time="0.004" /><testcase classname="tests.analytics.resources.test_resource_registry" name="test_resource_registry_require_by_name" time="0.003" /><testcase classname="tests.analytics.resources.test_resource_registry" name="test_resource_registry_require_or_none" time="0.005" /><testcase classname="tests.analytics.resources.test_resource_registry" name="test_resource_registry_require_or_none_not_found" time="0.004" /><testcase classname="tests.analytics.resources.test_resource_registry" name="test_resource_registry_require_or_none_not_loaded" time="0.001" /><testcase classname="tests.analytics.resources.test_resource_registry" name="test_resource_registry_invalidate_specific" time="0.001" /><testcase classname="tests.analytics.resources.test_resource_registry" name="test_resource_registry_invalidate_all" time="0.001" /><testcase classname="tests.analytics.resources.test_resource_registry" name="test_resource_registry_invalidate_not_registered" time="0.000" /><testcase classname="tests.analytics.resources.test_resource_registry" name="test_resource_registry_clear" time="0.000" /><testcase classname="tests.analytics.resources.test_resource_registry" name="test_resource_registry_registered_types" time="0.000" /><testcase classname="tests.analytics.resources.test_resource_registry" name="test_resource_not_found_error" time="0.001" /><testcase classname="tests.analytics.resources.test_resource_registry" name="test_resource_not_loaded_error" time="0.000" /><testcase classname="tests.analytics.resources.test_resource_registry" name="test_resource_not_loaded_error_no_reason" time="0.000" /><testcase classname="tests.analytics.resources.test_resource_registry" name="test_resource_error_hierarchy" time="0.001" /><testcase classname="tests.analytics.resources.test_resource_registry" name="test_mock_provider_protocol_compliance" time="0.000" /><testcase classname="tests.analytics.resources.test_resource_registry" name="test_resource_registry_multiple_registrations" time="0.001" /><testcase classname="tests.analytics.subsystems.test_affinity" name="test_parse_tags_none" time="0.001" /><testcase classname="tests.analytics.subsystems.test_affinity" name="test_parse_tags_json_list" time="0.001" /><testcase classname="tests.analytics.subsystems.test_affinity" name="test_parse_tags_json_single_value" time="0.000" /><testcase classname="tests.analytics.subsystems.test_affinity" name="test_parse_tags_plain_string" time="0.001" /><testcase classname="tests.analytics.subsystems.test_affinity" name="test_parse_tags_list" time="0.001" /><testcase classname="tests.analytics.subsystems.test_affinity" name="test_parse_tags_other_type" time="0.000" /><testcase classname="tests.analytics.subsystems.test_affinity" name="test_parse_tags_mixed_list" time="0.001" /><testcase classname="tests.analytics.subsystems.test_affinity" name="test_add_graph_weight_new_edge" time="0.001" /><testcase classname="tests.analytics.subsystems.test_affinity" name="test_add_graph_weight_accumulates" time="0.001" /><testcase classname="tests.analytics.subsystems.test_affinity" name="test_add_graph_weight_ignores_self_loop" time="0.000" /><testcase classname="tests.analytics.subsystems.test_affinity" name="test_add_graph_weight_ignores_zero_weight" time="0.000" /><testcase classname="tests.analytics.subsystems.test_affinity" name="test_add_graph_weight_ignores_negative_weight" time="0.000" /><testcase classname="tests.analytics.subsystems.test_affinity" name="test_graph_to_adjacency_empty" time="0.001" /><testcase classname="tests.analytics.subsystems.test_affinity" name="test_graph_to_adjacency_single_edge" time="0.000" /><testcase classname="tests.analytics.subsystems.test_affinity" name="test_graph_to_adjacency_multiple_edges" time="0.001" /><testcase classname="tests.analytics.subsystems.test_affinity" name="test_graph_to_adjacency_default_weight" time="0.001" /><testcase classname="tests.analytics.subsystems.test_affinity" name="test_seed_labels_from_tags_empty" time="0.001" /><testcase classname="tests.analytics.subsystems.test_affinity" name="test_seed_labels_from_tags_basic" time="0.000" /><testcase classname="tests.analytics.subsystems.test_affinity" name="test_seed_labels_from_tags_empty_tags_skipped" time="0.000" /><testcase classname="tests.analytics.subsystems.test_affinity" name="test_seed_labels_from_tags_none_first_tag_skipped" time="0.001" /><testcase classname="tests.analytics.subsystems.test_affinity" name="test_label_propagation_nx_preserves_seeds" time="0.001" /><testcase classname="tests.analytics.subsystems.test_affinity" name="test_label_propagation_nx_propagates_to_neighbors" time="0.001" /><testcase classname="tests.analytics.subsystems.test_affinity" name="test_label_propagation_nx_selects_heaviest_neighbor" time="0.000" /><testcase classname="tests.analytics.subsystems.test_affinity" name="test_label_propagation_nx_isolated_nodes_keep_fallback" time="0.001" /><testcase classname="tests.analytics.subsystems.test_affinity" name="test_reassign_small_clusters_no_change_when_all_large" time="0.000" /><testcase classname="tests.analytics.subsystems.test_affinity" name="test_reassign_small_clusters_min_size_one_no_change" time="0.001" /><testcase classname="tests.analytics.subsystems.test_affinity" name="test_reassign_small_clusters_reassigns_small" time="0.000" /><testcase classname="tests.analytics.subsystems.test_affinity" name="test_best_neighbor_label_no_neighbors" time="0.001" /><testcase classname="tests.analytics.subsystems.test_affinity" name="test_best_neighbor_label_selects_allowed" time="0.002" /><testcase classname="tests.analytics.subsystems.test_affinity" name="test_best_neighbor_label_selects_heaviest" time="0.000" /><testcase classname="tests.analytics.subsystems.test_affinity" name="test_cluster_sizes_map_empty" time="0.000" /><testcase classname="tests.analytics.subsystems.test_affinity" name="test_cluster_sizes_map_counts_clusters" time="0.000" /><testcase classname="tests.analytics.resources.test_provider_factory" name="test_make_catalog_provider_with_catalog" time="4.324" /><testcase classname="tests.analytics.resources.test_provider_factory" name="test_make_graph_provider_caches" time="4.432" /><testcase classname="tests.analytics.graphs.test_contracts" name="test_assert_table_exists_custom_name" time="4.152" /><testcase classname="tests.analytics.graphs.test_contracts" name="test_run_contract_checkers_some_fail" time="3.901" /><testcase classname="tests.analytics.graphs.test_contracts" name="test_assert_columns_present_with_valid_columns" time="4.133" /><testcase classname="tests.analytics.graphs.test_contracts" name="test_assert_not_null_fraction_disallowed_column" time="4.091" /><testcase classname="tests.analytics.resources.test_provider_factory" name="test_make_ast_provider_with_max_functions" time="4.109" /><testcase classname="tests.analytics.functions.test_function_contracts_integration" name="test_compute_contracts_with_doc_return_none" time="8.238" /><testcase classname="tests.analytics.graphs.test_contracts" name="test_table_exists_checker" time="4.023" /><testcase classname="tests.analytics.functions.test_function_contracts_integration" name="test_compute_contracts_with_predicate_name" time="8.336" /><testcase classname="tests.analytics.graphs.test_contracts" name="test_assert_not_null_fraction_with_data" time="3.946" /><testcase classname="tests.analytics.graphs.test_contracts" name="test_assert_not_null_fraction_unsafe_table" time="4.108" /><testcase classname="tests.analytics.resources.test_resource_registry" name="test_resource_registry_get" time="0.001" /><testcase classname="tests.analytics.test_ast_metrics" name="test_file_churn_empty_summary" time="0.001" /><testcase classname="tests.analytics.test_ast_metrics" name="test_file_churn_multiple_authors" time="0.001" /><testcase classname="tests.analytics.test_ast_metrics" name="test_file_churn_to_summary_keys" time="0.001" /><testcase classname="tests.analytics.functions.test_function_contracts_integration" name="test_compute_contracts_with_isinstance_guard" time="8.930" /><testcase classname="tests.analytics.graphs.test_contracts" name="test_not_null_fraction_checker_custom_name" time="4.307" /><testcase classname="tests.analytics.graphs.test_contracts" name="test_assert_columns_present_custom_name" time="4.215" /><testcase classname="tests.analytics.resources.test_resource_registry" name="test_resource_registry_register" time="0.001" /><testcase classname="tests.analytics.graphs.test_contracts" name="test_run_contract_checkers_empty_checkers" time="4.304" /><testcase classname="tests.analytics.graphs.test_contracts" name="test_table_not_empty_checker_custom_name" time="4.345" /><testcase classname="tests.analytics.resources.test_resource_registry" name="test_resource_registry_empty" time="0.001" /><testcase classname="tests.analytics.graphs.test_contracts" name="test_assert_not_null_fraction_empty_table" time="4.086" /><testcase classname="tests.analytics.test_ast_metrics" name="test_file_churn_line_counts[100-0]" time="0.001" /><testcase classname="tests.analytics.test_ast_metrics" name="test_file_churn_line_counts[0-100]" time="0.003" /><testcase classname="tests.analytics.test_ast_metrics" name="test_file_churn_line_counts[50-50]" time="0.001" /><testcase classname="tests.analytics.test_ast_metrics" name="test_file_churn_line_counts[1000-500]" time="0.001" /><testcase classname="tests.analytics.resources.test_resource_registry" name="test_resource_registry_get_or_none_not_found" time="0.001" /><testcase classname="tests.analytics.graphs.test_contracts" name="test_assert_columns_present_unsafe_table" time="4.304" /><testcase classname="tests.analytics.resources.test_resource_registry" name="test_resource_registry_get_or_none" time="0.001" /><testcase classname="tests.analytics.functions.test_function_contracts_integration" name="test_compute_contracts_with_len_check" time="9.060" /><testcase classname="tests.analytics.resources.test_provider_factory" name="test_create_registry_no_catalog" time="4.528" /><testcase classname="tests.analytics.resources.test_resource_registry" name="test_resource_registry_register_or_replace" time="0.001" /><testcase classname="tests.analytics.resources.test_provider_factory" name="test_create_registry_no_graphs" time="4.439" /><testcase classname="tests.analytics.resources.test_resource_registry" name="test_resource_registry_register_or_replace_new" time="0.001" /><testcase classname="tests.analytics.resources.test_provider_factory" name="test_create_registry_with_features" time="4.331" /><testcase classname="tests.analytics.resources.test_resource_registry" name="test_resource_registry_get_by_name_custom" time="0.001" /><testcase classname="tests.analytics.functions.test_function_contracts_integration" name="test_compute_contracts_multiple_goids" time="9.403" /><testcase classname="tests.analytics.profiles.test_utils.TestOptionalStr" name="test_returns_string_for_bool_false_input" time="0.001" /><testcase classname="tests.analytics.test_ast_metrics" name="test_parse_git_log_empty_lines" time="0.001" /><testcase classname="tests.analytics.test_ast_metrics" name="test_parse_git_log_simple_commit" time="0.001" /><testcase classname="tests.analytics.test_ast_metrics" name="test_parse_git_log_multiple_commits_same_file" time="0.001" /><testcase classname="tests.analytics.test_ast_metrics" name="test_parse_git_log_multiple_files" time="0.004" /><testcase classname="tests.analytics.test_ast_metrics" name="test_parse_git_log_empty_line_handling" time="0.001" /><testcase classname="tests.analytics.test_ast_metrics" name="test_parse_git_log_binary_file_numstat" time="0.001" /><testcase classname="tests.analytics.test_ast_metrics" name="test_parse_git_log_normalize_path_separators" time="0.004" /><testcase classname="tests.analytics.resources.test_provider_factory" name="test_create_registry_with_module_map" time="4.596" /><testcase classname="tests.analytics.test_ast_metrics" name="test_parse_git_log_skip_lines_before_commit" time="0.001" /><testcase classname="tests.analytics.test_ast_metrics" name="test_parse_git_log_malformed_numstat_line" time="0.000" /><testcase classname="tests.analytics.resources.test_resource_registry" name="test_resource_registry_get_by_name" time="0.001" /><testcase classname="tests.analytics.test_ast_metrics" name="test_parse_git_log_same_author_multiple_commits" time="0.000" /><testcase classname="tests.analytics.test_ast_utils" name="test_call_name_resolves_attribute_chain" time="0.000" /><testcase classname="tests.analytics.test_ast_utils" name="test_resolve_call_target_uses_alias_map" time="0.000" /><testcase classname="tests.analytics.test_ast_utils" name="test_literal_value_coercions" time="0.002" /><testcase classname="tests.analytics.test_ast_utils" name="test_snippet_from_lines_includes_range" time="0.001" /><testcase classname="tests.analytics.test_ast_utils" name="test_safe_unparse_survives_invalid_nodes" time="0.001" /><testcase classname="tests.analytics.resources.test_provider_factory" name="test_make_catalog_provider_caches" time="4.440" /><testcase classname="tests.analytics.resources.test_resource_registry" name="test_resource_registry_get_by_name_not_found" time="0.003" /><testcase classname="tests.analytics.test_dependencies" name="test_severity_scores_constant" time="0.001" /><testcase classname="tests.analytics.graphs.test_graph_metrics_integration" name="test_contracts_and_catalog" time="6.625" /><testcase classname="tests.analytics.resources.test_resource_registry" name="test_resource_registry_register_duplicate_raises" time="0.004" /><testcase classname="tests.analytics.graphs.test_graph_metrics_integration" name="test_graph_metrics_end_to_end" time="7.046"><skipped type="pytest.skip" message="config_data_flow not produced for canonical sample">/home/paul/CodeIntel/tests/analytics/graphs/test_graph_metrics_integration.py:89: config_data_flow not produced for canonical sample</skipped></testcase><testcase classname="tests.analytics.test_analytics_contracts" name="test_dataset_insertion_idempotent[analytics.function_metrics-_function_metrics_row-None]" time="5.214" /><testcase classname="tests.analytics.resources.test_provider_factory" name="test_make_graph_provider" time="4.454" /><testcase classname="tests.analytics.test_analytics_contracts" name="test_row_model_matches_contract[AnalyticsFunctionMetricsRow-analytics.function_metrics]" time="0.002" /><testcase classname="tests.analytics.test_dependencies" name="test_dependency_mode_pattern_matching" time="0.001" /><testcase classname="tests.cli.test_build_command" name="test_build_run_dry_run@cli_shared_flags" time="8.240" /><testcase classname="tests.analytics.resources.test_resource_registry" name="test_resource_registry_has" time="0.001" /><testcase classname="tests.analytics.resources.test_provider_factory" name="test_make_graph_provider_with_runtime" time="4.804" /><testcase classname="tests.analytics.test_analytics_contracts" name="test_row_model_matches_contract[AnalyticsFunctionTypesRow-analytics.function_types]" time="0.004" /><testcase classname="tests.analytics.test_graph_features" name="test_summarize_graph_for_function_profile_contract" time="0.694" /><testcase classname="tests.analytics.resources.test_resource_registry" name="test_resource_registry_get_not_found_raises" time="0.001" /><testcase classname="tests.analytics.test_graph_metric_filters_integration" name="test_filter_call_graph_prunes_nodes" time="0.001" /><testcase classname="tests.analytics.test_graph_metric_filters_integration" name="test_filter_import_graph_noop_without_modules" time="0.001" /><testcase classname="tests.analytics.test_graph_metric_filters_integration" name="test_build_filters_safe_when_repos_empty" time="4.596" /><testcase classname="tests.analytics.graphs.test_contracts" name="test_columns_present_checker" time="3.720" /><testcase classname="tests.analytics.test_ast_metrics" name="test_file_churn_creation" time="0.001" /><testcase classname="tests.analytics.test_graph_metric_filters_integration" name="test_filter_subsystem_graph_prunes_nodes" time="0.002" /><testcase classname="tests.analytics.test_graph_metric_filters_integration" name="test_filter_call_graph_preserves_component_counts" time="0.001" /><testcase classname="tests.analytics.test_graph_plugin_catalog" name="test_build_plugin_catalog_includes_expected_fields" time="0.000"><skipped type="pytest.skip" message="Plugin catalog deprecated - all plugins migrated to Hamilton native">/home/paul/CodeIntel/tests/analytics/test_graph_plugin_catalog.py:20: Plugin catalog deprecated - all plugins migrated to Hamilton native</skipped></testcase><testcase classname="tests.analytics.test_graph_plugin_catalog" name="test_render_plugin_catalog_markdown_contains_examples" time="0.000"><skipped type="pytest.skip" message="Plugin catalog deprecated - all plugins migrated to Hamilton native">/home/paul/CodeIntel/tests/analytics/test_graph_plugin_catalog.py:47: Plugin catalog deprecated - all plugins migrated to Hamilton native</skipped></testcase><testcase classname="tests.analytics.resources.test_provider_factory" name="test_make_graph_provider_with_backend" time="4.104" /><testcase classname="tests.analytics.test_analytics_contracts" name="test_row_model_matches_contract[AnalyticsGraphMetricsFunctionsRow-analytics.graph_metrics_functions]" time="0.002" /><testcase classname="tests.analytics.resources.test_provider_factory" name="test_make_features_provider" time="4.277" /><testcase classname="tests.analytics.test_analytics_contracts" name="test_row_model_matches_contract[AnalyticsBehavioralCoverageRow-analytics.behavioral_coverage]" time="0.002" /><testcase classname="tests.analytics.test_ast_metrics" name="test_build_hotspots_empty_ast_metrics" time="3.887" /><testcase classname="tests.analytics.test_profiles_and_functions" name="test_profile_tuple_alignment" time="0.002" /><testcase classname="tests.analytics.test_profiles_and_functions" name="test_test_and_behavioral_profile_writers" time="6.310" /><testcase classname="tests.analytics.resources.test_provider_factory" name="test_make_graph_provider_with_options" time="4.685" /><testcase classname="tests.analytics.test_analytics_contracts" name="test_row_model_matches_contract[AnalyticsTestProfileRow-analytics.test_profile]" time="0.002" /><testcase classname="tests.analytics.test_profiles_and_functions" name="test_loc_and_logical_line_counts" time="0.002" /><testcase classname="tests.analytics.test_profiles_and_functions" name="test_param_stats_and_typedness_flags" time="0.001" /><testcase classname="tests.analytics.test_profiles_and_functions" name="test_signature_extraction_variants" time="0.001" /><testcase classname="tests.analytics.graphs.test_contracts" name="test_columns_present_checker_custom_name" time="4.114" /><testcase classname="tests.analytics.test_ast_metrics" name="test_file_churn_accumulation" time="0.001" /><testcase classname="tests.analytics.test_profiles_and_functions" name="test_aggregate_function_metrics_and_stats" time="0.002" /><testcase classname="tests.analytics.test_profiles_and_functions" name="test_extract_profile_features_classifies_boundaries" time="0.001" /><testcase classname="tests.analytics.test_profiles_and_functions" name="test_profile_quality_score_bounds_and_weights" time="0.001" /><testcase classname="tests.analytics.test_profiles_and_functions" name="test_exports_helper_lists_public_names" time="0.001" /><testcase classname="tests.analytics.test_public_exports" name="test_functions_module_exports" time="0.001" /><testcase classname="tests.analytics.test_public_exports" name="test_graphs_module_exports" time="0.001" /><testcase classname="tests.analytics.test_public_exports" name="test_history_module_exports" time="0.001" /><testcase classname="tests.analytics.test_span_resolver" name="test_build_span_index_skips_missing_goids" time="0.001" /><testcase classname="tests.analytics.test_span_resolver" name="test_resolve_span_success" time="0.001" /><testcase classname="tests.analytics.test_span_resolver" name="test_resolve_span_missing" time="0.001" /><testcase classname="tests.analytics.test_subsystem_cache_benchmark" name="test_refresh_and_benchmark_returns_timings" time="4.770" /><testcase classname="tests.analytics.resources.test_provider_factory" name="test_make_features_provider_with_max_functions" time="4.504" /><testcase classname="tests.analytics.test_analytics_contracts" name="test_row_model_matches_contract[AnalyticsGraphMetricsModulesExtRow-analytics.graph_metrics_modules_ext]" time="0.001" /><testcase classname="tests.analytics.test_ast_metrics" name="test_build_hotspots_windows_path_handling" time="4.108" /><testcase classname="tests.analytics.resources.test_provider_factory" name="test_make_ast_provider" time="4.786" /><testcase classname="tests.analytics.test_analytics_contracts" name="test_row_model_matches_contract[AnalyticsGraphMetricsModulesRow-analytics.graph_metrics_modules]" time="0.003" /><testcase classname="tests.analytics.test_tests_profiles_unit" name="test_importance_guardrails_and_monotonicity" time="0.001" /><testcase classname="tests.analytics.test_tests_profiles_unit" name="test_importance_and_flakiness_scoring" time="0.001" /><testcase classname="tests.analytics.test_tests_profiles_unit" name="test_build_test_profile_rows_round_trip" time="0.001" /><testcase classname="tests.analytics.test_tests_profiles_unit" name="test_build_behavioral_coverage_rows_normalization" time="0.001" /><testcase classname="tests.analytics.test_tests_profiles_unit" name="test_build_behavior_rows_mixed_sources" time="0.001" /><testcase classname="tests.analytics.test_tests_profiles_unit" name="test_coverage_wrappers_empty" time="0.018" /><testcase classname="tests.analytics.test_tests_profiles_unit" name="test_test_profile_model_snapshot" time="0.002" /><testcase classname="tests.analytics.test_tests_profiles_unit" name="test_behavioral_coverage_serialization" time="0.001" /><testcase classname="tests.analytics.test_tests_profiles_unit" name="test_test_profile_serialization" time="0.001" /><testcase classname="tests.analytics.test_ast_metrics" name="test_build_hotspots_high_complexity" time="4.322" /><testcase classname="tests.analytics.graphs.test_contracts" name="test_assert_table_exists_unsafe_table" time="4.373" /><testcase classname="tests.analytics.resources.test_provider_factory" name="test_make_module_map_provider" time="4.385" /><testcase classname="tests.analytics.graphs.test_contracts" name="test_table_exists_checker_custom_name" time="3.950" /><testcase classname="tests.analytics.resources.test_provider_factory" name="test_make_ast_provider_uses_factory_option" time="4.844" /><testcase classname="tests.analytics.test_analytics_contracts" name="test_row_model_matches_contract[AnalyticsGraphMetricsFunctionsExtRow-analytics.graph_metrics_functions_ext]" time="0.002" /><testcase classname="tests.analytics.testing.coverage.test_edges.TestBuildEdgesForFile" name="test_uses_unknown_status_for_unmapped_test" time="0.001" /><testcase classname="tests.analytics.test_ast_metrics" name="test_build_hotspots_negative_complexity" time="4.371" /><testcase classname="tests.analytics.resources.test_provider_factory" name="test_make_module_map_provider_with_language" time="4.797" /><testcase classname="tests.analytics.test_ast_metrics" name="test_file_churn_duplicate_commits" time="0.001" /><testcase classname="tests.analytics.resources.test_provider_factory" name="test_make_module_map_provider_uses_factory_option" time="5.108" /><testcase classname="tests.analytics.test_ast_metrics" name="test_file_churn_line_counts[0-0]" time="0.001" /><testcase classname="tests.analytics.testing.profiles.test_builder.TestInferBehaviorTags" name="test_returns_empty_tags_for_generic_test" time="0.001" /><testcase classname="tests.analytics.testing.profiles.test_builder.TestInferBehaviorTags" name="test_infers_tags_from_name[test_happy_path_scenario-happy_path]" time="0.002" /><testcase classname="tests.analytics.testing.profiles.test_builder.TestInferBehaviorTags" name="test_infers_tags_from_name[test_success_case-happy_path]" time="0.001" /><testcase classname="tests.analytics.testing.profiles.test_builder.TestInferBehaviorTags" name="test_infers_tags_from_name[test_error_handling-error_paths]" time="0.001" /><testcase classname="tests.analytics.testing.profiles.test_builder.TestInferBehaviorTags" name="test_infers_tags_from_name[test_invalid_input-error_paths]" time="0.001" /><testcase classname="tests.analytics.testing.profiles.test_builder.TestInferBehaviorTags" name="test_infers_tags_from_name[test_exception_raised-error_paths]" time="0.001" /><testcase classname="tests.analytics.testing.profiles.test_builder.TestInferBehaviorTags" name="test_infers_tags_from_name[test_edg
[...]
ame="test_analytics_tables_insert_config_values" time="4.306" /><testcase classname="tests.storage.test_gateway_factory" name="test_open_memory_gateway_returns_gateway" time="0.966" /><testcase classname="tests.storage.test_gateway_accessors" name="test_gateway_docs_accessor_is_docs_views" time="3.936" /><testcase classname="tests.storage.test_docs_view_profiling" name="test_main_with_valid_db_returns_success" time="17.872" /><testcase classname="tests.storage.test_gateway_factory" name="test_open_memory_gateway_creates_accessors" time="0.910" /><testcase classname="tests.storage.test_gateway_accessors" name="test_gateway_analytics_accessor_is_analytics_tables" time="3.958" /><testcase classname="tests.storage.test_gateway_factory" name="test_open_memory_gateway_exposes_ibis_backend" time="0.921" /><testcase classname="tests.storage.test_gateway_accessors" name="test_gateway_graph_accessor_is_graph_tables" time="3.944" /><testcase classname="tests.storage.test_gateway_factory" name="test_open_memory_gateway_supports_insert_and_query" time="0.995" /><testcase classname="tests.storage.test_gateway_accessors" name="test_gateway_execute_with_params" time="4.007" /><testcase classname="tests.storage.test_gateway_factory" name="test_open_memory_gateway_has_dataset_registry" time="0.940" /><testcase classname="tests.storage.test_gateway_accessors" name="test_gateway_execute_runs_sql" time="3.945" /><testcase classname="tests.storage.test_gateway_factory" name="test_open_gateway_creates_file_database" time="3.431" /><testcase classname="tests.storage.test_gateway_accessors" name="test_relations_support_filtering" time="3.848" /><testcase classname="tests.storage.test_gateway_factory" name="test_open_gateway_persists_data" time="3.483" /><testcase classname="tests.storage.test_docs_views" name="test_docs_views_expose_capabilities" time="13.374" /><testcase classname="tests.storage.test_gateway_accessors" name="test_gateway_table_returns_relation" time="3.761" /><testcase classname="tests.storage.test_gateway_factory" name="test_snapshot_resolver_raises_for_missing_file" time="0.002" /><testcase classname="tests.storage.test_gateway_accessors" name="test_accessors_share_same_connection" time="3.972" /><testcase classname="tests.storage.test_gateway_factory" name="test_snapshot_resolver_returns_callable" time="0.002" /><testcase classname="tests.storage.test_gateway_accessors" name="test_insert_and_query_full_flow" time="4.177" /><testcase classname="tests.storage.test_gateway_factory" name="test_open_gateway_read_only_mode" time="3.336" /><testcase classname="tests.storage.test_gateway_factory" name="test_snapshot_resolver_reuses_primary_gateway" time="3.377" /><testcase classname="tests.storage.test_gateway_accessors" name="test_analytics_tables_insert_static_diagnostics" time="6.894" /><testcase classname="tests.storage.test_gateway_factory" name="test_storage_config_for_readonly" time="0.001" /><testcase classname="tests.storage.test_docs_views" name="test_subsystem_coverage_view_prefers_cache" time="13.777" /><testcase classname="tests.storage.test_docs_views" name="test_subsystem_profile_columns" time="14.280" /><testcase classname="tests.storage.test_docs_views" name="test_docs_views_registered_in_metadata" time="12.803" /><testcase classname="tests.storage.test_docs_views" name="test_docs_view_readable_via_dataset_rows" time="12.890" /><testcase classname="tests.storage.test_graphs_repository" name="test_get_incoming_callgraph_neighbors_with_data" time="3.468" /><testcase classname="tests.storage.test_graphs_repository" name="test_get_incoming_callgraph_neighbors_returns_empty_list" time="3.718" /><testcase classname="tests.storage.test_docs_view_profiling" name="test_run_profile_creates_artifacts" time="17.335" /><testcase classname="tests.storage.test_graphs_repository" name="test_graph_repository_inherits_base_repository" time="3.455" /><testcase classname="tests.storage.test_graphs_repository" name="test_get_outgoing_callgraph_neighbors_returns_empty_list" time="3.476" /><testcase classname="tests.storage.test_graphs_repository" name="test_get_outgoing_callgraph_neighbors_respects_limit" time="3.664" /><testcase classname="tests.storage.test_insert_helpers" name="test_insert_rows_raises_on_missing_column" time="3.170" /><testcase classname="tests.storage.test_module_index" name="test_load_module_map_filters_by_language" time="3.283" /><testcase classname="tests.storage.test_gateway_accessors" name="test_graph_tables_insert_cfg_edges" time="3.195" /><testcase classname="tests.storage.test_gateway_factory" name="test_gateway_close_releases_connection" time="0.812" /><testcase classname="tests.storage.test_run_registry.TestStartAndFetchRun" name="test_start_run_replaces_existing" time="3.286" /><testcase classname="tests.storage.test_gateway_helpers" name="test_insert_helpers_write_expected_rows" time="12.158" /><testcase classname="tests.storage.test_gateway_accessors" name="test_docs_views_function_summary_returns_relation" time="3.514" /><testcase classname="tests.storage.test_gateway_accessors" name="test_graph_tables_insert_dfg_edges" time="3.372" /><testcase classname="tests.storage.test_docs_view_profiling" name="test_run_profile_analyze_mode_creates_artifacts" time="17.262" /><testcase classname="tests.storage.test_graphs_repository" name="test_get_outgoing_callgraph_neighbors_filters_by_repo_commit" time="3.602" /><testcase classname="tests.storage.test_graphs_repository" name="test_get_outgoing_callgraph_neighbors_with_data" time="3.467" /><testcase classname="tests.storage.test_graphs_repository" name="test_graph_repository_is_frozen" time="3.295" /><testcase classname="tests.storage.test_run_registry.TestDataclasses" name="test_pipeline_run_record_frozen" time="0.001" /><testcase classname="tests.storage.test_docs_view_profiling" name="test_explain_analyze_returns_plan_text" time="11.630" /><testcase classname="tests.storage.test_gateway_factory" name="test_open_memory_gateway_with_repo_and_commit" time="0.940" /><testcase classname="tests.storage.test_ibis_write" name="test_write_dataframe_basic" time="6.332" /><testcase classname="tests.storage.test_ibis_write" name="test_write_dataframe_with_columns" time="6.451" /><testcase classname="tests.storage.test_ibis_write" name="test_upsert_insert_new_rows" time="6.408" /><testcase classname="tests.storage.test_module_index" name="test_load_module_map_returns_normalized_paths" time="3.438" /><testcase classname="tests.storage.test_ibis_write" name="test_write_tuples_basic" time="6.689" /><testcase classname="tests.storage.test_gateway_accessors" name="test_graph_tables_call_graph_edges_returns_relation" time="3.515" /><testcase classname="tests.storage.test_module_index" name="test_load_module_map_returns_empty_on_no_match" time="3.648" /><testcase classname="tests.storage.test_docs_views" name="test_subsystems_has_repo_commit_index" time="11.481" /><testcase classname="tests.storage.test_gateway_factory" name="test_open_gateway_creates_tables" time="3.454" /><testcase classname="tests.storage.test_module_index" name="test_load_module_map_normalizes_path_with_leading_slash" time="3.724" /><testcase classname="tests.storage.test_run_tracking" name="test_pipeline_run_record_stores_fields" time="0.001" /><testcase classname="tests.storage.test_schema_roundtrip" name="test_call_graph_edge_round_trip" time="0.783" /><testcase classname="tests.storage.test_gateway_accessors" name="test_analytics_tables_insert_subsystems" time="3.977" /><testcase classname="tests.storage.test_run_registry.TestStartAndFetchRun" name="test_fetch_nonexistent_run" time="3.835" /><testcase classname="tests.storage.test_run_tracking" name="test_pipeline_step_record_stores_fields" time="0.001" /><testcase classname="tests.storage.test_schema_roundtrip" name="test_behavioral_coverage_round_trip" time="0.744" /><testcase classname="tests.storage.test_run_registry.TestCompleteRun" name="test_complete_run_updates_status" time="3.727" /><testcase classname="tests.storage.test_gateway_accessors" name="test_analytics_tables_insert_test_catalog" time="5.901" /><testcase classname="tests.storage.test_run_registry.TestStartAndFetchRun" name="test_start_run_creates_record" time="4.159" /><testcase classname="tests.storage.test_run_tracking" name="test_step_completion_params_to_record" time="0.001" /><testcase classname="tests.storage.test_schema_roundtrip" name="test_symbol_use_round_trip" time="0.048" /><testcase classname="tests.storage.test_gateway_accessors" name="test_analytics_tables_insert_typedness" time="6.126" /><testcase classname="tests.storage.test_run_tracking" name="test_start_run_inserts_record" time="3.691" /><testcase classname="tests.storage.test_docs_views" name="test_subsystem_profile_view_prefers_cache" time="12.071" /><testcase classname="tests.storage.test_run_registry.TestRecordStep" name="test_record_step_creates_record" time="3.755" /><testcase classname="tests.storage.test_run_registry.TestRecordStep" name="test_fetch_steps_empty" time="3.853" /><testcase classname="tests.storage.test_gateway_factory" name="test_multiple_memory_gateways_are_independent" time="1.968" /><testcase classname="tests.storage.test_run_registry.TestStartAndCompleteStep" name="test_start_step_creates_running_record" time="3.841" /><testcase classname="tests.storage.test_ibis_write" name="test_write_tuples_empty" time="6.829" /><testcase classname="tests.storage.test_run_registry.TestDataclasses" name="test_pipeline_step_record_frozen" time="0.001" /><testcase classname="tests.storage.views.test_pr86_no_ibis_view_registry" name="test_view_builders_discoverable_via_tags" time="0.006" /><testcase classname="tests.test_core_dependency_hygiene" name="test_core_imports_are_stdlib_only" time="0.001" /><testcase classname="tests.test_layering_serving_imports" name="test_no_serving_imports_in_middle_packages" time="1.648" /><testcase classname="tests.storage.test_run_tracking" name="test_fetch_steps_orders_by_module_stage_name" time="3.825" /><testcase classname="tests.storage.test_ibis_write" name="test_upsert_updates_on_conflict" time="6.850" /><testcase classname="tests.storage.test_ibis_write" name="test_write_ibis_expression_basic" time="6.956" /><testcase classname="tests.storage.test_run_registry.TestMultipleSteps" name="test_run_with_multiple_steps" time="4.299" /><testcase classname="tests.storage.test_ibis_write" name="test_write_unqualified_table_key_raises" time="6.676" /><testcase classname="tests.storage.test_ibis_write" name="test_upsert_selective_update_columns" time="7.120" /><testcase classname="tests.storage.test_gateway_accessors" name="test_analytics_tables_test_catalog_returns_relation" time="4.282" /><testcase classname="tests.storage.test_run_registry_integration.TestNewRunContextIntegration" name="test_new_run_context_for_ingest" time="4.076" /><testcase classname="tests.storage.test_insert_helpers" name="test_insert_rows_normalizes_mapping" time="4.351" /><testcase classname="tests.storage.test_run_registry_integration.TestFullRunLifecycle" name="test_failed_run_lifecycle" time="3.916" /><testcase classname="tests.storage.test_module_index" name="test_load_module_map_handles_multiple_modules_same_path" time="4.296" /><testcase classname="tests.storage.test_module_index" name="test_load_module_map_uses_custom_logger" time="4.136" /><testcase classname="tests.storage.test_schema_helpers" name="test_build_validator_accepts_mapping" time="0.006" /><testcase classname="tests.storage.test_run_registry_integration.TestNewRunContextIntegration" name="test_new_run_context_for_analytics" time="4.245" /><testcase classname="tests.storage.test_schema_helpers" name="test_json_schema_from_typeddict_round_trip" time="0.002" /><testcase classname="tests.test_pipeline_smoke" name="test_build_export_smoke" time="0.002"><skipped type="pytest.xfail" message="Build smoke test currently fails in function_effects catalog integration" /></testcase><testcase classname="tests.storage.test_run_tracking" name="test_record_step_with_none_row_counts" time="4.191" /><testcase classname="tests.storage.test_schema_helpers" name="test_validate_row_with_schema_passes_valid_data" time="0.001" /><testcase classname="tests.storage.test_run_registry_integration.TestNewRunContextIntegration" name="test_new_run_context_for_graphs" time="4.238" /><testcase classname="tests.storage.test_schema_roundtrip" name="test_test_coverage_round_trip" time="0.662" /><testcase classname="tests.storage.test_run_tracking" name="test_complete_run_updates_status" time="4.143" /><testcase classname="tests.storage.tracking.test_build_tracking.TestOutputManifestOperations" name="test_list_manifests" time="3.936" /><testcase classname="tests.storage.test_run_registry.TestRecordStep" name="test_record_step_replaces_existing" time="4.276" /><testcase classname="tests.storage.test_run_registry.TestStartAndCompleteStep" name="test_complete_step_updates_record" time="4.032" /><testcase classname="tests.storage.tracking.test_build_tracking.TestOutputManifestOperations" name="test_load_nonexistent_manifest" time="4.382" /><testcase classname="tests.storage.test_run_tracking" name="test_complete_run_with_error_summary" time="4.029" /><testcase classname="tests.storage.test_run_tracking" name="test_fetch_run_returns_record" time="3.963" /><testcase classname="tests.storage.test_schema_roundtrip" name="test_generate_export_schemas_writes_files" time="4.922" /><testcase classname="tests.cli.test_history_timeseries_cli" name="test_history_timeseries_cli_missing_snapshot@cli_shared_flags" time="4.842" /><testcase classname="tests.storage.test_ibis_write" name="test_write_unsupported_type_raises" time="6.631" /><testcase classname="tests.storage.test_run_tracking" name="test_fetch_run_returns_none_for_missing" time="4.184" /><testcase classname="tests.storage.test_run_tracking" name="test_record_step_inserts_step" time="3.941" /><testcase classname="tests.storage.views.test_pr86_no_ibis_view_registry" name="test_ibis_view_registry_module_removed" time="0.002" /><testcase classname="tests.storage.test_run_tracking" name="test_start_step_returns_timestamp" time="3.817" /><testcase classname="tests.test_testing_contract" name="test_testing_charter_forbidden_patterns" time="0.115" /><testcase classname="tests.storage.test_run_registry_integration.TestFullRunLifecycle" name="test_multi_engine_run_lifecycle" time="3.640" /><testcase classname="tests.storage.test_run_registry_integration.TestGatewayRunsApi" name="test_start_and_fetch_run_with_gateway" time="3.989" /><testcase classname="tests.test_tests_analytics_unit" name="test_edges_for_file_uses_test_meta" time="0.001" /><testcase classname="tests.storage.test_run_registry_integration.TestGatewayRunsApi" name="test_complete_run_with_gateway" time="4.132" /><testcase classname="tests.test_tests_analytics_unit" name="test_backfill_test_goids_updates_catalog" time="3.928" /><testcase classname="tests.storage.test_run_tracking" name="test_fetch_steps_returns_list" time="3.938" /><testcase classname="tests.storage.test_run_tracking" name="test_complete_step_updates_step" time="3.836" /><testcase classname="tests.storage.test_schema_helpers" name="test_apply_all_schemas_creates_function_validation" time="3.592" /><testcase classname="tests.storage.test_run_registry_integration.TestGatewayRunsApi" name="test_record_steps_with_gateway" time="3.925" /><testcase classname="tests.storage.test_schema_alignment" name="test_ensure_schemas_preserve_creates_tables_idempotently" time="4.163" /><testcase classname="tests.storage.test_schema_alignment" name="test_assert_schema_alignment_detects_drift_nonstrict" time="4.104" /><testcase classname="tests.storage.tracking.test_build_tracking.TestBuildRunOperations" name="test_list_runs_with_limit" time="3.277" /><testcase classname="tests.storage.test_schema_alignment" name="test_create_schemas_creates_all_namespaces" time="3.723" /><testcase classname="tests.storage.test_schema_alignment" name="test_ensure_schemas_preserve_with_extra_ddl" time="3.994" /><testcase classname="tests.storage.tracking.test_build_tracking.TestOutputManifestOperations" name="test_delete_manifests" time="3.152" /><testcase classname="tests.storage.test_subsystem_view_schema_drift" name="test_subsystem_docs_views_schema_stable" time="3.453" /><testcase classname="tests.storage.tracking.test_build_tracking.TestOutputManifestOperations" name="test_save_and_load_manifest" time="3.346" /><testcase classname="tests.storage.tracking.test_build_tracking.TestBuildRunOperations" name="test_start_and_fetch_run" time="3.300" /><testcase classname="tests.storage.tracking.test_build_tracking.TestOutputManifestOperations" name="test_upsert_manifest" time="3.328" /><testcase classname="tests.storage.tracking.test_build_tracking.TestBuildRunOperations" name="test_complete_run_succeeded" time="3.296" /><testcase classname="tests.storage.tracking.test_build_tracking.TestBuildRunOperations" name="test_complete_run_failed" time="3.350" /><testcase classname="tests.storage.test_docs_view_profiling" name="test_main_with_analyze_flag" time="16.413" /><testcase classname="tests.storage.test_run_registry.TestCompleteRun" name="test_complete_run_with_error" time="2.995" /><testcase classname="tests.storage.test_schema_alignment" name="test_apply_and_validate_schema_alignment" time="3.279" /><testcase classname="tests.storage.tracking.test_build_tracking.TestBuildRunOperations" name="test_list_runs" time="3.102" /><testcase classname="tests.storage.tracking.test_build_tracking.TestBuildRunOperations" name="test_fetch_nonexistent_run" time="2.983" /><testcase classname="tests.cli.test_history_validation" name="test_history_timeseries_requires_commits@cli_shared_flags" time="0.009" /><testcase classname="tests.test_tests_analytics_unit" name="test_compute_test_coverage_edges_respects_injected_loader" time="5.249" /><testcase classname="tests.test_tests_analytics_unit" name="test_compute_test_coverage_edges_with_real_coverage" time="5.368" /><testcase classname="tests.storage.test_ibis_write" name="test_write_tuples_without_columns_raises" time="3.922" /><testcase classname="tests.cli.test_storage_command" name="test_storage_validate_macros_success@cli_shared_flags" time="4.019" /><testcase classname="tests.cli.test_storage_command" name="test_storage_validate_macros_failure@cli_shared_flags" time="3.307" /><testcase classname="tests.cli.test_typer_cli" name="test_dataset_describe_known_dataset@cli_shared_flags" time="0.006" /><testcase classname="tests.cli.test_typer_cli" name="test_dataset_describe_unknown_dataset@cli_shared_flags" time="0.005" /><testcase classname="tests.cli.test_typer_cli" name="test_serve_http_help@cli_shared_flags" time="0.013" /><testcase classname="tests.cli.test_typer_cli" name="test_serve_mcp_help@cli_shared_flags" time="0.009" /><testcase classname="tests.cli.test_typer_cli" name="test_main_help@cli_shared_flags" time="0.009" /><testcase classname="tests.cli.test_typer_cli" name="test_pipeline_removed@cli_shared_flags" time="0.001" /><testcase classname="tests.cli.test_typer_cli" name="test_dataset_help@cli_shared_flags" time="0.005" /><testcase classname="tests.cli.test_typer_cli" name="test_build_help@cli_shared_flags" time="0.008" /><testcase classname="tests.cli.test_typer_cli" name="test_build_run_help@cli_shared_flags" time="0.026" /><testcase classname="tests.cli.test_typer_cli" name="test_build_run_all_requires_project@cli_shared_flags" time="0.010" /><testcase classname="tests.cli.test_typer_cli" name="test_build_status_requires_project@cli_shared_flags" time="0.006" /><testcase classname="tests.docs_export.test_export_validation_flag" name="test_docs_export_validation_flag_triggers_schema_check@cli_shared_flags" time="4.439" /><testcase classname="tests.docs_export.test_export_validation_flag" name="test_docs_export_usage_error_exit_code@cli_shared_flags" time="0.008" /></testsuite></testsuites>