<?xml version="1.0" encoding="utf-8"?><testsuites name="pytest tests"><testsuite name="pytest" errors="0" failures="0" skipped="0" tests="51" time="122.297" timestamp="2025-12-03T18:04:59.482558-05:00" hostname="paul-X870-AORUS-ELITE-WIFI7"><testcase classname="tests.analytics.functions.test_function_contracts_integration" name="test_compute_contracts_with_catalog_goid_iteration" time="3.834" /><testcase classname="tests.analytics.functions.test_function_contracts_integration" name="test_compute_contracts_with_missing_ast" time="3.986" /><testcase classname="tests.analytics.functions.test_function_contracts_integration" name="test_compute_contracts_with_docstring_data" time="3.893" /><testcase classname="tests.analytics.functions.test_function_contracts_integration" name="test_compute_contracts_with_type_annotations" time="3.869" /><testcase classname="tests.analytics.functions.test_function_contracts_integration" name="test_compute_contracts_with_guards_and_catalog" time="3.836" /><testcase classname="tests.analytics.functions.test_function_contracts_integration" name="test_compute_contracts_with_bool_return_type" time="3.848" /><testcase classname="tests.analytics.functions.test_function_contracts_integration" name="test_compute_contracts_confidence_score" time="3.835" /><testcase classname="tests.analytics.functions.test_function_contracts_integration" name="test_compute_contracts_multiple_goids" time="3.847" /><testcase classname="tests.analytics.functions.test_function_contracts_integration" name="test_compute_contracts_with_nullable_return" time="3.828" /><testcase classname="tests.analytics.functions.test_function_contracts_integration" name="test_compute_contracts_with_isinstance_guard" time="3.828" /><testcase classname="tests.analytics.functions.test_function_contracts_integration" name="test_compute_contracts_with_len_check" time="3.899" /><testcase classname="tests.analytics.functions.test_function_contracts_integration" name="test_compute_contracts_with_predicate_name" time="3.852" /><testcase classname="tests.analytics.functions.test_function_contracts_integration" name="test_compute_contracts_with_doc_return_none" time="3.858" /><testcase classname="tests.analytics.functions.test_function_contracts_pure" name="test_condition_context_dataclass" time="0.000" /><testcase classname="tests.analytics.functions.test_function_contracts_pure" name="test_condition_context_is_frozen" time="0.000" /><testcase classname="tests.analytics.functions.test_function_contracts_pure" name="test_compute_function_contracts_empty_catalog" time="3.920" /><testcase classname="tests.analytics.functions.test_function_contracts_pure" name="test_compute_function_contracts_simple_function" time="3.821" /><testcase classname="tests.analytics.functions.test_function_contracts_pure" name="test_compute_function_contracts_with_assert" time="3.821" /><testcase classname="tests.analytics.functions.test_function_contracts_pure" name="test_compute_function_contracts_with_guard" time="3.816" /><testcase classname="tests.analytics.functions.test_function_contracts_pure" name="test_compute_function_contracts_with_len_check" time="3.833" /><testcase classname="tests.analytics.functions.test_function_contracts_pure" name="test_compute_function_contracts_with_isinstance" time="3.823" /><testcase classname="tests.analytics.functions.test_function_contracts_pure" name="test_compute_function_contracts_async_function" time="3.812" /><testcase classname="tests.analytics.functions.test_function_contracts_pure" name="test_compute_function_contracts_multiple_guards" time="3.878" /><testcase classname="tests.analytics.functions.test_function_contracts_pure" name="test_compute_function_contracts_with_return_none" time="3.828" /><testcase classname="tests.analytics.functions.test_function_contracts_pure" name="test_compute_function_contracts_with_raise" time="3.826" /><testcase classname="tests.analytics.functions.test_function_contracts_pure" name="test_compute_function_contracts_idempotent" time="3.807" /><testcase classname="tests.analytics.functions.test_function_contracts_pure" name="test_compute_function_contracts_nested_conditions" time="3.804" /><testcase classname="tests.analytics.functions.test_function_contracts_pure" name="test_compute_function_contracts_complex_assertions" time="3.898" /><testcase classname="tests.analytics.functions.test_function_contracts" name="test_condition_context_creation" time="0.000" /><testcase classname="tests.analytics.functions.test_function_contracts" name="test_condition_context_immutable" time="0.000" /><testcase classname="tests.analytics.functions.test_function_contracts" name="test_condition_context_with_none_line" time="0.000" /><testcase classname="tests.analytics.functions.test_function_contracts" name="test_compute_function_contracts_empty_catalog" time="0.832" /><testcase classname="tests.analytics.functions.test_function_contracts" name="test_compute_function_contracts_with_simple_function" time="0.863" /><testcase classname="tests.analytics.functions.test_function_contracts" name="test_compute_function_contracts_with_assert_guard" time="0.808" /><testcase classname="tests.analytics.functions.test_function_contracts" name="test_compute_function_contracts_with_raise" time="0.813" /><testcase classname="tests.analytics.functions.test_function_contracts" name="test_compute_function_contracts_with_isinstance_check" time="0.802" /><testcase classname="tests.analytics.functions.test_function_contracts" name="test_compute_function_contracts_with_len_guard" time="0.790" /><testcase classname="tests.analytics.functions.test_function_contracts" name="test_compute_function_contracts_multiple_functions" time="0.787" /><testcase classname="tests.analytics.functions.test_function_contracts" name="test_compute_function_contracts_async_function" time="0.786" /><testcase classname="tests.analytics.functions.test_function_contracts" name="test_compute_function_contracts_table_exists" time="0.783" /><testcase classname="tests.analytics.functions.test_function_contracts" name="test_compute_function_contracts_typed_function" time="0.791" /><testcase classname="tests.analytics.functions.test_function_contracts" name="test_compute_function_contracts_nullable_return" time="0.806" /><testcase classname="tests.analytics.functions.test_function_contracts" name="test_compute_function_contracts_numeric_guards" time="0.803" /><testcase classname="tests.analytics.functions.test_function_contracts" name="test_compute_function_contracts_varargs" time="0.796" /><testcase classname="tests.analytics.functions.test_function_contracts" name="test_compute_function_contracts_keyword_only_params" time="0.791" /><testcase classname="tests.analytics.functions.test_function_contracts" name="test_compute_function_contracts_chained_exceptions" time="0.805" /><testcase classname="tests.analytics.functions.test_function_contracts" name="test_compute_function_contracts_complex_guards" time="0.870" /><testcase classname="tests.analytics.functions.test_function_contracts" name="test_compute_function_contracts_nested_conditions" time="0.884" /><testcase classname="tests.analytics.functions.test_function_contracts" name="test_compute_function_contracts_bool_predicate_name" time="0.793" /><testcase classname="tests.analytics.functions.test_function_contracts" name="test_compute_function_contracts_method_with_self" time="0.798" /><testcase classname="tests.analytics.functions.test_function_contracts" name="test_compute_function_contracts_classmethod_with_cls" time="0.784" /></testsuite></testsuites>