<?xml version="1.0" encoding="utf-8"?><testsuites name="pytest tests"><testsuite name="pytest" errors="0" failures="0" skipped="0" tests="924" time="26.936" timestamp="2025-12-08T20:56:31.196785-05:00" hostname="paul-X870-AORUS-ELITE-WIFI7"><testcase classname="tests.graphs.test_adapters_libcst_extended" name="test_extract_call_sites_no_ast_returns_empty" time="0.010" /><testcase classname="tests.graphs.test_adapters_libcst_extended" name="test_parse_module_simple_success" time="0.011" /><testcase classname="tests.graphs.test_compute_centrality_extended" name="test_compute_betweenness_empty_graph" time="0.002" /><testcase classname="tests.graphs.test_compute_components_extended" name="test_condensation_layers_cycle" time="0.003" /><testcase classname="tests.graphs.test_adapters_libcst_extended" name="test_parse_module_with_ast_module" time="0.010" /><testcase classname="tests.graphs.test_compute_components_extended" name="test_find_strongly_connected_dag" time="0.002" /><testcase classname="tests.graphs.test_callgraph_resolution" name="test_resolve_callee_precedence_local_then_alias" time="0.001" /><testcase classname="tests.graphs.test_compute_coupling_extended" name="test_compute_coupling_god" time="0.002" /><testcase classname="tests.graphs.test_compute_imports_extended" name="test_import_edge_row_attributes" time="0.001" /><testcase classname="tests.graphs.test_adapters_libcst_extended" name="test_parsed_function_qualname_top_level" time="0.010" /><testcase classname="tests.graphs.test_compute_layer" name="test_compute_scc_single_node" time="0.002" /><testcase classname="tests.graphs.test_compute_layer" name="test_resolve_callee_global_name" time="0.001" /><testcase classname="tests.graphs.test_compute_imports_extended" name="test_compute_scc_no_cycles" time="0.002" /><testcase classname="tests.graphs.test_compute_centrality_extended" name="test_compute_in_degree_centrality_reverse_star" time="0.002" /><testcase classname="tests.graphs.test_callgraph_resolution" name="test_resolve_callee_import_alias_global_attr_chain" time="0.001" /><testcase classname="tests.graphs.test_adapters_libcst_extended" name="test_extract_imports_aliased" time="0.007" /><testcase classname="tests.graphs.test_compute_components_extended" name="test_find_strongly_connected_with_condensation" time="0.003" /><testcase classname="tests.graphs.test_compute_centrality_extended" name="test_compute_all_centralities_empty_graph" time="0.008" /><testcase classname="tests.graphs.test_compute_imports_extended" name="test_compute_layers_cycle" time="0.004" /><testcase classname="tests.graphs.test_compute_coupling_extended" name="test_compute_coupling_bidirectional" time="0.000" /><testcase classname="tests.graphs.test_compute_centrality_extended" name="test_compute_betweenness_disconnected" time="0.002" /><testcase classname="tests.graphs.test_compute_metrics" name="test_closeness_empty_graph_returns_empty" time="0.002" /><testcase classname="tests.graphs.test_compute_metrics" name="test_closeness_complete_graph_uniform" time="0.002" /><testcase classname="tests.graphs.test_compute_coupling_extended" name="test_distance_from_main_ideal_stable" time="0.001" /><testcase classname="tests.graphs.test_compute_coupling_extended" name="test_distance_from_main_ideal_unstable" time="0.000" /><testcase classname="tests.graphs.test_compute_coupling_extended" name="test_distance_from_main_zone_of_pain" time="0.000" /><testcase classname="tests.graphs.test_compute_metrics" name="test_all_centralities_returns_dataclass" time="0.060" /><testcase classname="tests.graphs.test_compute_components_extended" name="test_component_info_attributes" time="0.000" /><testcase classname="tests.graphs.test_compute_centrality_extended" name="test_compute_pagerank_reverse_star" time="0.056" /><testcase classname="tests.graphs.test_compute_components_extended" name="test_scc_result_attributes" time="0.000" /><testcase classname="tests.graphs.test_compute_components_extended" name="test_find_strongly_connected_condensation_is_dag" time="0.001" /><testcase classname="tests.graphs.test_compute_imports_extended" name="test_import_edge_row_frozen" time="0.000" /><testcase classname="tests.graphs.test_compute_imports_extended" name="test_import_analysis_result_attributes" time="0.000" /><testcase classname="tests.graphs.test_compute_imports_extended" name="test_import_analysis_result_frozen" time="0.000" /><testcase classname="tests.graphs.test_compute_layer" name="test_resolve_callee_local_name" time="0.000" /><testcase classname="tests.graphs.test_compute_layer" name="test_resolve_callee_local_attr" time="0.000" /><testcase classname="tests.graphs.test_compute_layer" name="test_build_evidence_with_attr_chain" time="0.001" /><testcase classname="tests.graphs.test_compute_layer" name="test_build_evidence_with_scip_candidates" time="0.000" /><testcase classname="tests.graphs.test_compute_layer" name="test_extract_callee_cst_simple_name" time="0.002" /><testcase classname="tests.graphs.test_compute_imports_extended" name="test_analyze_imports_basic" time="0.001" /><testcase classname="tests.graphs.test_compute_imports_extended" name="test_analyze_imports_scc_map" time="0.001" /><testcase classname="tests.graphs.test_compute_imports_extended" name="test_analyze_imports_layer_map" time="0.001" /><testcase classname="tests.graphs.test_compute_centrality_extended" name="test_compute_closeness_chain" time="0.001" /><testcase classname="tests.graphs.test_compute_centrality_extended" name="test_compute_closeness_star" time="0.001" /><testcase classname="tests.graphs.test_compute_centrality_extended" name="test_compute_closeness_empty_graph" time="0.000" /><testcase classname="tests.graphs.test_compute_components_extended" name="test_condensation_layers_dag" time="0.001" /><testcase classname="tests.graphs.test_compute_coupling_extended" name="test_coupling_metrics_frozen" time="0.001" /><testcase classname="tests.graphs.test_compute_imports_extended" name="test_import_edge_attributes" time="0.001" /><testcase classname="tests.graphs.test_compute_imports_extended" name="test_import_edge_frozen" time="0.000" /><testcase classname="tests.graphs.test_compute_layer" name="test_symbol_occurrence_is_definition" time="0.001" /><testcase classname="tests.graphs.test_compute_layer" name="test_symbol_occurrence_is_reference" time="0.000" /><testcase classname="tests.graphs.test_compute_layer" name="test_symbol_occurrence_combined_roles" time="0.000" /><testcase classname="tests.graphs.test_compute_layer" name="test_build_def_map_basic" time="0.001" /><testcase classname="tests.graphs.test_compute_layer" name="test_build_def_map_first_definition_wins" time="0.000" /><testcase classname="tests.graphs.test_compute_layer" name="test_build_def_map_ignores_references" time="0.001" /><testcase classname="tests.graphs.test_callgraph_resolution" name="test_resolve_callee_unresolved_returns_none" time="0.000" /><testcase classname="tests.graphs.test_callgraph_resolution" name="test_resolve_via_scip_uses_crosswalk_mapping" time="0.000" /><testcase classname="tests.graphs.test_callgraph_resolution" name="test_dedupe_includes_repo_commit_scope" time="0.000" /><testcase classname="tests.graphs.test_compute_centrality_extended" name="test_compute_pagerank_simple_chain" time="0.051" /><testcase classname="tests.graphs.test_compute_metrics" name="test_scc_condensation_graph_computed" time="0.003" /><testcase classname="tests.graphs.test_compute_metrics" name="test_wcc_empty_graph_returns_empty" time="0.000" /><testcase classname="tests.graphs.test_compute_metrics" name="test_wcc_connected_graph_is_one_wcc" time="0.001" /><testcase classname="tests.graphs.test_compute_metrics" name="test_wcc_component_info_structure" time="0.001" /><testcase classname="tests.graphs.test_compute_metrics" name="test_connected_empty_graph_returns_empty" time="0.001" /><testcase classname="tests.graphs.test_compute_metrics" name="test_connected_graph_is_one_component" time="0.001" /><testcase classname="tests.graphs.test_compute_layer" name="test_dedupe_edges_empty" time="0.001" /><testcase classname="tests.graphs.test_compute_layer" name="test_dedupe_edges_no_duplicates" time="0.000" /><testcase classname="tests.graphs.test_compute_layer" name="test_dedupe_edges_keeps_highest_confidence" time="0.001" /><testcase classname="tests.graphs.test_compute_layer" name="test_build_callee_map_empty" time="0.001" /><testcase classname="tests.graphs.test_compute_layer" name="test_collect_import_edges_basic" time="0.000" /><testcase classname="tests.graphs.test_compute_layer" name="test_collect_import_edges_empty_import" time="0.000" /><testcase classname="tests.graphs.test_adapters_libcst_extended" name="test_parse_async_functions_detected" time="0.005" /><testcase classname="tests.graphs.test_adapters_libcst_extended" name="test_extract_imports_star" time="0.005" /><testcase classname="tests.graphs.test_adapters_libcst_extended" name="test_extract_imports_nested_modules" time="0.002" /><testcase classname="tests.graphs.test_compute_layer" name="test_parse_symbol_roles_invalid_string" time="0.001" /><testcase classname="tests.graphs.test_compute_components_extended" name="test_condensation_layers_diamond_dag" time="0.001" /><testcase classname="tests.graphs.test_compute_components_extended" name="test_condensation_layers_two_sccs" time="0.001" /><testcase classname="tests.graphs.test_compute_components_extended" name="test_condensation_layers_empty_graph" time="0.000" /><testcase classname="tests.graphs.test_compute_centrality_extended" name="test_compute_out_degree_centrality_star" time="0.001" /><testcase classname="tests.graphs.test_compute_centrality_extended" name="test_compute_degree_empty_graph" time="0.000" /><testcase classname="tests.graphs.test_compute_centrality_extended" name="test_compute_in_degree_empty_graph" time="0.000" /><testcase classname="tests.graphs.test_compute_centrality_extended" name="test_compute_out_degree_empty_graph" time="0.000" /><testcase classname="tests.graphs.test_compute_centrality_extended" name="test_compute_all_centralities_simple_chain" time="0.056" /><testcase classname="tests.graphs.test_compute_layer" name="test_resolve_callee_unresolved" time="0.000" /><testcase classname="tests.graphs.test_compute_layer" name="test_resolve_callee_priority_local_over_global" time="0.000" /><testcase classname="tests.graphs.test_compute_layer" name="test_resolve_via_scip_found" time="0.004" /><testcase classname="tests.graphs.test_compute_layer" name="test_resolve_via_scip_not_found" time="0.000" /><testcase classname="tests.graphs.test_compute_layer" name="test_resolve_via_scip_empty_candidates" time="0.000" /><testcase classname="tests.graphs.test_compute_coupling_extended" name="test_distance_from_main_zone_of_uselessness" time="0.000" /><testcase classname="tests.graphs.test_compute_coupling_extended" name="test_distance_from_main_balanced" time="0.000" /><testcase classname="tests.graphs.test_compute_coupling_extended" name="test_coupling_metrics_attributes" time="0.000" /><testcase classname="tests.graphs.test_adapters_libcst_extended" name="test_libcst_adapter_implements_parsing_port" time="0.000" /><testcase classname="tests.graphs.test_backend_selection" name="test_maybe_enable_nx_gpu_success" time="0.000" /><testcase classname="tests.graphs.test_backend_selection" name="test_maybe_enable_nx_gpu_fallback" time="0.001" /><testcase classname="tests.graphs.test_backend_selection" name="test_maybe_enable_nx_gpu_strict_raises" time="0.001" /><testcase classname="tests.graphs.test_adapters_libcst_extended" name="test_extract_imports_syntax_error_returns_empty" time="0.000" /><testcase classname="tests.graphs.test_adapters_libcst_extended" name="test_extract_call_sites_basic" time="0.004" /><testcase classname="tests.graphs.test_compute_imports_extended" name="test_import_edge_equality" time="0.000" /><testcase classname="tests.graphs.test_compute_imports_extended" name="test_collect_import_edges_simple" time="0.000" /><testcase classname="tests.graphs.test_compute_imports_extended" name="test_collect_import_edges_empty" time="0.000" /><testcase classname="tests.graphs.test_compute_centrality_extended" name="test_compute_all_centralities_single_node" time="0.055" /><testcase classname="tests.graphs.test_compute_imports_extended" name="test_compute_scc_with_cycle" time="0.000" /><testcase classname="tests.graphs.test_compute_imports_extended" name="test_compute_scc_multiple_components" time="0.000" /><testcase classname="tests.graphs.test_compute_imports_extended" name="test_compute_scc_empty" time="0.000" /><testcase classname="tests.graphs.test_compute_imports_extended" name="test_compute_layers_linear" time="0.001" /><testcase classname="tests.graphs.test_compute_imports_extended" name="test_compute_layers_diamond" time="0.001" /><testcase classname="tests.graphs.test_compute_components_extended" name="test_find_strongly_connected_single_cycle" time="0.000" /><testcase classname="tests.graphs.test_compute_components_extended" name="test_find_strongly_connected_two_sccs" time="0.000" /><testcase classname="tests.graphs.test_compute_components_extended" name="test_find_strongly_connected_complex" time="0.000" /><testcase classname="tests.graphs.test_compute_components_extended" name="test_find_strongly_connected_empty_graph" time="0.000" /><testcase classname="tests.graphs.test_compute_components_extended" name="test_find_strongly_connected_single_node" time="0.000" /><testcase classname="tests.graphs.test_compute_components_extended" name="test_scc_result_with_condensation" time="0.000" /><testcase classname="tests.graphs.test_compute_coupling_extended" name="test_compute_coupling_independent" time="0.000" /><testcase classname="tests.graphs.test_compute_coupling_extended" name="test_compute_coupling_linear" time="0.000" /><testcase classname="tests.graphs.test_adapters_libcst_extended" name="test_extract_call_sites_method_calls" time="0.003" /><testcase classname="tests.graphs.test_adapters_libcst_extended" name="test_parse_function_finds_function_in_range" time="0.005" /><testcase classname="tests.graphs.test_adapters_libcst_extended" name="test_parse_function_returns_none_for_invalid_source" time="0.000" /><testcase classname="tests.graphs.test_adapters_libcst_extended" name="test_parse_function_returns_none_for_empty_range" time="0.000" /><testcase classname="tests.graphs.test_adapters_libcst_extended" name="test_parse_result_ok_creates_success" time="0.000" /><testcase classname="tests.graphs.test_adapters_libcst_extended" name="test_parse_result_fail_creates_failure" time="0.000" /><testcase classname="tests.graphs.test_compute_layer" name="test_extract_callee_cst_attribute" time="0.001" /><testcase classname="tests.graphs.test_compute_layer" name="test_extract_callee_cst_nested_attribute" time="0.001" /><testcase classname="tests.graphs.test_compute_layer" name="test_extract_callee_ast_simple_name" time="0.000" /><testcase classname="tests.graphs.test_compute_metrics" name="test_closeness_wf_improved_parameter" time="0.001" /><testcase classname="tests.graphs.test_compute_metrics" name="test_degree_centrality_empty_graph_returns_empty" time="0.000" /><testcase classname="tests.graphs.test_compute_metrics" name="test_in_degree_centrality" time="0.001" /><testcase classname="tests.graphs.test_compute_metrics" name="test_out_degree_centrality" time="0.001" /><testcase classname="tests.graphs.test_compute_layer" name="test_parse_symbol_roles_none" time="0.000" /><testcase classname="tests.graphs.test_compute_layer" name="test_call_edge_frozen" time="0.001" /><testcase classname="tests.graphs.test_compute_layer" name="test_build_use_edges_same_file" time="0.001" /><testcase classname="tests.graphs.test_compute_layer" name="test_build_use_edges_same_module" time="0.001" /><testcase classname="tests.graphs.test_compute_layer" name="test_build_use_edges_deduplicates" time="0.000" /><testcase classname="tests.graphs.test_compute_layer" name="test_build_use_def_mapping" time="0.000" /><testcase classname="tests.graphs.test_compute_layer" name="test_edges_to_rows" time="0.000" /><testcase classname="tests.graphs.test_compute_layer" name="test_parse_symbol_roles_int" time="0.000" /><testcase classname="tests.graphs.test_adapters_libcst_extended" name="test_parse_module_extracts_functions" time="0.004" /><testcase classname="tests.graphs.test_adapters_libcst_extended" name="test_parse_module_extracts_imports" time="0.004" /><testcase classname="tests.graphs.test_adapters_libcst_extended" name="test_parse_module_preserves_source" time="0.005" /><testcase classname="tests.graphs.test_adapters_libcst_extended" name="test_parse_module_with_syntax_error" time="0.001" /><testcase classname="tests.graphs.test_adapters_libcst_extended" name="test_parse_module_empty_source" time="0.000" /><testcase classname="tests.graphs.test_compute_coupling_extended" name="test_compute_coupling_empty_graph" time="0.001" /><testcase classname="tests.graphs.test_compute_coupling_extended" name="test_compute_abstractness_no_abstracts" time="0.000" /><testcase classname="tests.graphs.test_compute_coupling_extended" name="test_compute_abstractness_all_abstract" time="0.000" /><testcase classname="tests.graphs.test_compute_coupling_extended" name="test_compute_abstractness_partial" time="0.000" /><testcase classname="tests.graphs.test_compute_centrality_extended" name="test_compute_closeness_disconnected" time="0.000" /><testcase classname="tests.graphs.test_compute_layer" name="test_resolution_result_frozen" time="0.000" /><testcase classname="tests.graphs.test_compute_layer" name="test_import_edge_frozen" time="0.000" /><testcase classname="tests.graphs.test_compute_layer" name="test_symbol_occurrence_frozen" time="0.000" /><testcase classname="tests.graphs.test_compute_imports_extended" name="test_analyze_imports_empty" time="0.000" /><testcase classname="tests.graphs.test_compute_imports_extended" name="test_import_module_row_attributes" time="0.000" /><testcase classname="tests.graphs.test_compute_layer" name="test_compute_scc_simple_cycle" time="0.001" /><testcase classname="tests.graphs.test_compute_metrics" name="test_pagerank_empty_graph_returns_empty" time="0.002" /><testcase classname="tests.graphs.test_adapters_libcst_extended" name="test_parse_decorated_functions" time="0.004" /><testcase classname="tests.graphs.test_adapters_libcst_extended" name="test_parse_class_methods" time="0.004" /><testcase classname="tests.graphs.test_adapters_libcst_extended" name="test_parse_nested_class_methods" time="0.002" /><testcase classname="tests.graphs.test_adapters_libcst_extended" name="test_extract_imports_simple" time="0.003" /><testcase classname="tests.graphs.test_compute_metrics" name="test_pagerank_simple_cycle" time="0.053" /><testcase classname="tests.graphs.test_compute_coupling_extended" name="test_coupling_metrics_equality" time="0.001" /><testcase classname="tests.graphs.test_compute_metrics" name="test_bridges_path_graph_all_edges_are_bridges" time="0.002" /><testcase classname="tests.graphs.test_compute_layer" name="test_compute_layers_empty" time="0.000" /><testcase classname="tests.graphs.test_compute_layer" name="test_compute_layers_chain" time="0.001" /><testcase classname="tests.graphs.test_compute_layer" name="test_analyze_imports_full" time="0.001" /><testcase classname="tests.graphs.test_compute_layer" name="test_build_import_module_rows" time="0.001" /><testcase classname="tests.graphs.test_compute_components_extended" name="test_condensation_layers_single_node" time="0.001" /><testcase classname="tests.graphs.test_compute_metrics" name="test_bridges_cycle_has_no_bridges" time="0.001" /><testcase classname="tests.graphs.test_compute_centrality_extended" name="test_compute_degree_centrality_star" time="0.001" /><testcase classname="tests.graphs.test_compute_metrics" name="test_coupling_instability_calculation" time="0.001" /><testcase classname="tests.graphs.test_compute_metrics" name="test_coupling_isolated_node_zero_instability" time="0.000" /><testcase classname="tests.graphs.test_compute_metrics" name="test_coupling_sink_node_zero_instability" time="0.000" /><testcase classname="tests.graphs.test_compute_metrics" name="test_coupling_source_node_full_instability" time="0.000" /><testcase classname="tests.graphs.test_compute_layer" name="test_resolve_callee_import_alias" time="0.000" /><testcase classname="tests.graphs.test_compute_metrics" name="test_component_stats_computes_correct" time="0.000" /><testcase classname="tests.graphs.test_compute_metrics" name="test_cycles_empty_graph_returns_empty" time="0.001" /><testcase classname="tests.graphs.test_compute_imports_extended" name="test_import_module_row_frozen" time="0.001" /><testcase classname="tests.graphs.test_compute_metrics" name="test_topological_layers_chain_graph" time="0.001" /><testcase classname="tests.graphs.test_compute_metrics" name="test_topological_layers_root_nodes_layer_zero" time="0.000" /><testcase classname="tests.graphs.test_compute_metrics" name="test_condensation_layers_no_condensation_returns_empty" time="0.000" /><testcase classname="tests.graphs.test_compute_metrics" name="test_condensation_layers_with_condensation" time="0.000" /><testcase classname="tests.graphs.test_compute_metrics" name="test_coupling_empty_graph_returns_empty" time="0.000" /><testcase classname="tests.graphs.test_compute_metrics" name="test_abstractness_zero_total_returns_zero" time="0.000" /><testcase classname="tests.graphs.test_compute_metrics" name="test_cycles_simple_cycle_detected" time="0.001" /><testcase classname="tests.graphs.test_compute_metrics" name="test_cycles_limit_parameter_respected" time="0.000" /><testcase classname="tests.graphs.test_compute_metrics" name="test_cycles_dag_has_no_cycles" time="0.000" /><testcase classname="tests.graphs.test_compute_layer" name="test_build_use_edges_basic" time="0.001" /><testcase classname="tests.graphs.test_compute_metrics" name="test_label_propagation_empty_graph_returns_empty" time="0.001" /><testcase classname="tests.graphs.test_compute_metrics" name="test_label_propagation_returns_communities" time="0.001" /><testcase classname="tests.graphs.test_compute_metrics" name="test_modularity_empty_graph_returns_zero" time="0.000" /><testcase classname="tests.graphs.test_compute_metrics" name="test_modularity_empty_communities_returns_zero" time="0.000" /><testcase classname="tests.graphs.test_compute_metrics" name="test_modularity_in_valid_range" time="0.001" /><testcase classname="tests.graphs.test_compute_metrics" name="test_abstractness_all_abstract_returns_one" time="0.000" /><testcase classname="tests.graphs.test_compute_metrics" name="test_distance_main_sequence_on_main_returns_zero" time="0.000" /><testcase classname="tests.graphs.test_compute_metrics" name="test_distance_main_sequence_off_main_returns_distance" time="0.000" /><testcase classname="tests.graphs.test_compute_metrics" name="test_louvain_empty_graph_returns_empty" time="0.000" /><testcase classname="tests.graphs.test_compute_metrics" name="test_louvain_disconnected_separate_communities" time="0.001" /><testcase classname="tests.graphs.test_compute_metrics" name="test_bridges_empty_graph_returns_empty" time="0.001" /><testcase classname="tests.graphs.test_compute_metrics" name="test_boundary_nodes_empty_communities_returns_empty" time="0.000" /><testcase classname="tests.graphs.test_compute_metrics" name="test_boundary_nodes_finds_boundary" time="0.000" /><testcase classname="tests.graphs.test_compute_metrics" name="test_coupling_to_rows_converts_metrics" time="0.000" /><testcase classname="tests.graphs.test_compute_metrics" name="test_centrality_metrics_frozen" time="0.000" /><testcase classname="tests.graphs.test_compute_metrics" name="test_component_info_frozen" time="0.000" /><testcase classname="tests.graphs.test_compute_layer" name="test_build_evidence_basic" time="0.000" /><testcase classname="tests.graphs.test_compute_metrics_bipartite" name="test_bipartite_degrees_empty_secondary_partition" time="0.001" /><testcase classname="tests.graphs.test_compute_metrics_bipartite" name="test_bipartite_degrees_simple_bipartite" time="0.001" /><testcase classname="tests.graphs.test_compute_metrics_bipartite" name="test_bipartite_degrees_unweighted" time="0.000" /><testcase classname="tests.graphs.test_compute_metrics_bipartite" name="test_bipartite_degrees_weighted" time="0.000" /><testcase classname="tests.graphs.test_compute_metrics_bipartite" name="test_bipartite_degrees_degree_centrality" time="0.000" /><testcase classname="tests.graphs.test_adapters_libcst_extended" name="test_extract_call_sites_empty_span" time="0.004" /><testcase classname="tests.graphs.test_compute_layer" name="test_compute_scc_empty" time="0.001" /><testcase classname="tests.graphs.test_compute_metrics" name="test_community_frozen" time="0.000" /><testcase classname="tests.graphs.test_compute_metrics" name="test_scc_result_frozen" time="0.000" /><testcase classname="tests.graphs.test_compute_metrics" name="test_realistic_pagerank_identifies_hub_functions" time="0.051" /><testcase classname="tests.graphs.test_compute_imports_extended" name="test_collect_import_edges_multiple" time="0.000" /><testcase classname="tests.graphs.test_compute_metrics_bipartite" name="test_projection_matches_shared_neighbors_count" time="0.001" /><testcase classname="tests.graphs.test_compute_metrics" name="test_articulation_empty_graph_returns_empty" time="0.000" /><testcase classname="tests.graphs.test_compute_metrics" name="test_articulation_path_graph_middle_nodes" time="0.001" /><testcase classname="tests.graphs.test_compute_metrics" name="test_articulation_complete_graph_no_articulation" time="0.001" /><testcase classname="tests.graphs.test_compute_centrality_extended" name="test_compute_pagerank_star_graph" time="0.001" /><testcase classname="tests.graphs.test_compute_metrics_bipartite" name="test_degree_centrality_sums_correctly" time="0.001" /><testcase classname="tests.graphs.test_compute_centrality_extended" name="test_compute_pagerank_cyclic" time="0.001" /><testcase classname="tests.graphs.test_compute_centrality_extended" name="test_compute_pagerank_empty_graph" time="0.000" /><testcase classname="tests.graphs.test_compute_centrality_extended" name="test_compute_pagerank_single_node" time="0.001" /><testcase classname="tests.graphs.test_compute_centrality_extended" name="test_compute_betweenness_chain" time="0.001" /><testcase classname="tests.graphs.test_compute_imports_extended" name="test_compute_layers_empty" time="0.000" /><testcase classname="tests.graphs.test_compute_metrics_bipartite" name="test_complete_bipartite_projection_edges[2-1-1]" time="0.001" /><testcase classname="tests.graphs.test_compute_metrics_bipartite" name="test_complete_bipartite_projection_edges[3-1-3]" time="0.001" /><testcase classname="tests.graphs.test_compute_metrics_bipartite" name="test_complete_bipartite_projection_edges[3-2-3]" time="0.001" /><testcase classname="tests.graphs.test_compute_components_extended" name="test_find_strongly_connected_node_to_component_mapping" time="0.000" /><testcase classname="tests.graphs.test_adapters_libcst_extended" name="test_parsed_function_has_parameters" time="0.004" /><testcase classname="tests.graphs.test_compute_metrics" name="test_clustering_complete_graph_full" time="0.001" /><testcase classname="tests.graphs.test_compute_metrics" name="test_average_clustering" time="0.001" /><testcase classname="tests.graphs.test_compute_metrics" name="test_average_clustering_empty_graph" time="0.000" /><testcase classname="tests.graphs.test_compute_metrics" name="test_hub_nodes_empty_graph_returns_empty" time="0.000" /><testcase classname="tests.graphs.test_compute_metrics" name="test_hub_nodes_star_graph_center_is_hub" time="0.001" /><testcase classname="tests.graphs.test_compute_centrality_extended" name="test_compute_all_centralities_returns_centrality_metrics" time="0.002" /><testcase classname="tests.graphs.test_compute_layer" name="test_extract_callee_ast_attribute" time="0.001" /><testcase classname="tests.graphs.test_compute_centrality_extended" name="test_compute_betweenness_star" time="0.000" /><testcase classname="tests.graphs.test_compute_metrics" name="test_all_centralities_empty_graph_returns_empty" time="0.000" /><testcase classname="tests.graphs.test_compute_metrics_cfg" name="test_longest_path_empty_graph_returns_zero" time="0.000" /><testcase classname="tests.graphs.test_compute_metrics_cfg" name="test_longest_path_single_node_returns_zero" time="0.001" /><testcase classname="tests.graphs.test_compute_metrics_bipartite" name="test_complete_bipartite_degrees[2-3]" time="0.001" /><testcase classname="tests.graphs.test_compute_metrics_bipartite" name="test_complete_bipartite_degrees[3-3]" time="0.000" /><testcase classname="tests.graphs.test_compute_metrics_bipartite" name="test_complete_bipartite_degrees[4-2]" time="0.001" /><testcase classname="tests.graphs.test_compute_metrics" name="test_all_centralities_degree_calculation" time="0.003" /><testcase classname="tests.graphs.test_compute_metrics" name="test_centrality_to_rows_converts_metrics" time="0.000" /><testcase classname="tests.graphs.test_compute_metrics" name="test_scc_empty_graph_returns_empty" time="0.000" /><testcase classname="tests.graphs.test_compute_metrics" name="test_scc_simple_cycle_is_one_scc" time="0.001" /><testcase classname="tests.graphs.test_compute_metrics" name="test_scc_disconnected_nodes_are_separate" time="0.000" /><testcase classname="tests.graphs.test_compute_metrics_cfg" name="test_dominator_depths_empty_returns_empty" time="0.000" /><testcase classname="tests.graphs.test_compute_metrics_cfg" name="test_dominator_depths_single_root" time="0.000" /><testcase classname="tests.graphs.test_compute_metrics_cfg" name="test_dominator_depths_chain" time="0.000" /><testcase classname="tests.graphs.test_compute_metrics_bipartite" name="test_weighted_projection_complete_bipartite" time="0.001" /><testcase classname="tests.graphs.test_compute_metrics_bipartite" name="test_weighted_projection_weights" time="0.000" /><testcase classname="tests.graphs.test_compute_metrics_bipartite" name="test_weighted_projection_partial_overlap" time="0.000" /><testcase classname="tests.graphs.test_compute_metrics_bipartite" name="test_weighted_projection_secondary_partition" time="0.000" /><testcase classname="tests.graphs.test_compute_metrics_bipartite" name="test_weighted_projection_single_node" time="0.000" /><testcase classname="tests.graphs.test_compute_metrics_cfg" name="test_loop_headers_entry_not_in_graph_returns_empty" time="0.002" /><testcase classname="tests.graphs.test_compute_metrics_cfg" name="test_loop_headers_dag_has_no_loops" time="0.001" /><testcase classname="tests.graphs.test_compute_metrics_cfg" name="test_loop_headers_simple_cycle" time="0.000" /><testcase classname="tests.graphs.test_compute_metrics_bipartite" name="test_projection_with_varying_shared_neighbors[1]" time="0.000" /><testcase classname="tests.graphs.test_compute_metrics_bipartite" name="test_projection_with_varying_shared_neighbors[2]" time="0.000" /><testcase classname="tests.graphs.test_compute_metrics" name="test_realistic_component_stats" time="0.001" /><testcase classname="tests.graphs.test_compute_metrics" name="test_realistic_community_detection" time="0.002" /><testcase classname="tests.graphs.test_compute_metrics" name="test_realistic_hub_detection" time="0.000" /><testcase classname="tests.graphs.test_compute_metrics" name="test_realistic_coupling_metrics" time="0.000" /><testcase classname="tests.graphs.test_compute_metrics_bipartite" name="test_bipartite_degrees_empty_graph" time="0.000" /><testcase classname="tests.graphs.test_compute_centrality_extended" name="test_compute_all_centralities_diamond" time="0.002" /><testcase classname="tests.graphs.test_compute_centrality_extended" name="test_compute_all_centralities_disconnected" time="0.002" /><testcase classname="tests.graphs.test_compute_centrality_extended" name="test_centrality_metrics_all_fields" time="0.000" /><testcase classname="tests.graphs.test_compute_centrality_extended" name="test_centrality_metrics_equality" time="0.000" /><testcase classname="tests.graphs.test_compute_layer" name="test_parse_symbol_roles_string" time="0.000" /><testcase classname="tests.graphs.test_compute_metrics_cfg" name="test_all_dominance_empty_graph_returns_empty" time="0.001" /><testcase classname="tests.graphs.test_compute_metrics_cfg" name="test_all_dominance_returns_dataclass" time="0.001" /><testcase classname="tests.graphs.test_compute_metrics_cfg" name="test_all_dominance_chain_graph" time="0.000" /><testcase classname="tests.graphs.test_compute_metrics_cfg" name="test_all_dominance_diamond_graph" time="0.000" /><testcase classname="tests.graphs.test_compute_coupling_extended" name="test_compute_abstractness_empty" time="0.000" /><testcase classname="tests.graphs.test_compute_metrics_cfg" name="test_longest_path_chain_graph" time="0.000" /><testcase classname="tests.graphs.test_compute_metrics_cfg" name="test_longest_path_diamond_graph" time="0.000" /><testcase classname="tests.graphs.test_compute_metrics_cfg" name="test_longest_path_cyclic_graph_uses_condensation" time="0.001" /><testcase classname="tests.graphs.test_compute_metrics_cfg" name="test_loop_headers_self_loop" time="0.000" /><testcase classname="tests.graphs.test_compute_metrics_cfg" name="test_loop_headers_nested_loops" time="0.000" /><testcase classname="tests.graphs.test_compute_metrics_cfg" name="test_dominator_depths_tree" time="0.000" /><testcase classname="tests.graphs.test_compute_metrics_cfg" name="test_dominator_depths_from_chain_graph" time="0.001" /><testcase classname="tests.graphs.test_compute_metrics_cfg" name="test_cycle_graphs_have_loop_headers[2]" time="0.001" /><testcase classname="tests.graphs.test_adapters_libcst_extended" name="test_extract_imports_from" time="0.004" /><testcase classname="tests.graphs.test_compute_coupling_extended" name="test_compute_coupling_hub" time="0.001" /><testcase classname="tests.graphs.test_compute_metrics_cfg" name="test_dominator_tree_multiple_paths" time="0.001" /><testcase classname="tests.graphs.test_compute_metrics_cfg" name="test_dominance_frontier_empty_graph_returns_empty" time="0.000" /><testcase classname="tests.graphs.test_compute_metrics_cfg" name="test_dominance_frontier_entry_not_in_graph_returns_empty" time="0.001" /><testcase classname="tests.graphs.test_compute_metrics_cfg" name="test_dominance_frontier_chain_graph_empty_frontiers" time="0.001" /><testcase classname="tests.graphs.test_compute_metrics_cfg" name="test_dominance_frontier_diamond_graph" time="0.000" /><testcase classname="tests.graphs.test_compute_metrics" name="test_pagerank_star_graph_center_has_highest" time="0.002" /><testcase classname="tests.graphs.test_compute_metrics" name="test_pagerank_custom_alpha" time="0.002" /><testcase classname="tests.graphs.test_compute_metrics" name="test_betweenness_empty_graph_returns_empty" time="0.000" /><testcase classname="tests.graphs.test_compute_metrics" name="test_betweenness_path_graph_middle_node_highest" time="0.001" /><testcase classname="tests.graphs.test_adapters_libcst_extended" name="test_parse_module_with_cst_module" time="0.005" /><testcase classname="tests.graphs.test_compute_metrics_cfg" name="test_dominance_metrics_frozen" time="0.000" /><testcase classname="tests.graphs.test_compute_metrics_cfg" name="test_chain_graph_depths_parametrized[2-1]" time="0.001" /><testcase classname="tests.graphs.test_compute_metrics_cfg" name="test_chain_graph_depths_parametrized[3-2]" time="0.000" /><testcase classname="tests.graphs.test_compute_metrics_cfg" name="test_chain_graph_depths_parametrized[5-4]" time="0.000" /><testcase classname="tests.graphs.test_compute_metrics_cfg" name="test_cycle_graphs_have_loop_headers[3]" time="0.000" /><testcase classname="tests.graphs.test_compute_metrics_cfg" name="test_cycle_graphs_have_loop_headers[5]" time="0.000" /><testcase classname="tests.graphs.test_compute_metrics_cfg" name="test_cycle_graphs_have_loop_headers[10]" time="0.000" /><testcase classname="tests.graphs.test_compute_metrics" name="test_abstractness_computes_ratio" time="0.000" /><testcase classname="tests.graphs.test_compute_metrics_community" name="test_label_propagation_empty_graph_returns_empty" time="0.001" /><testcase classname="tests.graphs.test_compute_metrics_community" name="test_label_propagation_single_node" time="0.001" /><testcase classname="tests.graphs.test_compute_metrics_community" name="test_label_propagation_complete_graph" time="0.001" /><testcase classname="tests.graphs.test_compute_metrics_community" name="test_label_propagation_disconnected_components" time="0.000" /><testcase classname="tests.graphs.test_compute_metrics_community" name="test_greedy_resolution_parameter" time="0.003" /><testcase classname="tests.graphs.test_compute_metrics_community" name="test_louvain_empty_graph_returns_empty" time="0.000" /><testcase classname="tests.graphs.test_compute_metrics_community" name="test_louvain_single_node" time="0.001" /><testcase classname="tests.graphs.test_compute_metrics_community" name="test_louvain_complete_graph" time="0.001" /><testcase classname="tests.graphs.test_compute_metrics_bipartite" name="test_projection_with_varying_shared_neighbors[5]" time="0.001" /><testcase classname="tests.graphs.test_compute_metrics_cfg" name="test_dominator_tree_empty_graph_returns_empty" time="0.000" /><testcase classname="tests.graphs.test_compute_metrics_cfg" name="test_dominator_tree_entry_not_in_graph_returns_empty" time="0.001" /><testcase classname="tests.graphs.test_compute_metrics_cfg" name="test_dominator_tree_single_node" time="0.001" /><testcase classname="tests.graphs.test_compute_metrics_cfg" name="test_dominator_tree_chain_graph" time="0.000" /><testcase classname="tests.graphs.test_compute_metrics" name="test_topological_layers_empty_graph_returns_empty" time="0.000" /><testcase classname="tests.graphs.test_compute_metrics_community" name="test_modularity_poor_partition" time="0.001" /><testcase classname="tests.graphs.test_compute_metrics_community" name="test_modularity_directed_graph_converted" time="0.000" /><testcase classname="tests.graphs.test_compute_metrics_community" name="test_modularity_resolution_parameter" time="0.001" /><testcase classname="tests.graphs.test_compute_metrics_community" name="test_modularity_weighted_graph" time="0.000" /><testcase classname="tests.graphs.test_compute_metrics" name="test_clustering_empty_graph_returns_empty" time="0.000" /><testcase classname="tests.graphs.test_compute_metrics_community" name="test_all_algorithms_same_graph" time="0.002" /><testcase classname="tests.graphs.test_compute_metrics_community" name="test_modularity_comparison_across_algorithms" time="0.001" /><testcase classname="tests.graphs.test_compute_layer" name="test_symbol_use_edge_frozen" time="0.001" /><testcase classname="tests.graphs.test_compute_metrics_community" name="test_greedy_single_node_single_community" time="0.001" /><testcase classname="tests.graphs.test_compute_metrics_community" name="test_greedy_complete_graph" time="0.001" /><testcase classname="tests.graphs.test_compute_metrics_community" name="test_greedy_disconnected_components_separate_communities" time="0.000" /><testcase classname="tests.graphs.test_compute_metrics_community" name="test_greedy_directed_graph_converted" time="0.001" /><testcase classname="tests.graphs.test_compute_metrics" name="test_louvain_returns_community_dataclass" time="0.001" /><testcase classname="tests.graphs.test_compute_metrics_community" name="test_greedy_various_sizes[20]" time="0.007" /><testcase classname="tests.graphs.test_compute_metrics_community" name="test_greedy_various_sizes[5]" time="0.001" /><testcase classname="tests.graphs.test_compute_metrics" name="test_coupling_computes_afferent_efferent" time="0.000" /><testcase classname="tests.graphs.test_compute_metrics_community" name="test_label_propagation_chain_graph" time="0.001" /><testcase classname="tests.graphs.test_compute_metrics_community" name="test_modularity_empty_graph_returns_zero" time="0.000" /><testcase classname="tests.graphs.test_compute_metrics_community" name="test_modularity_empty_communities_returns_zero" time="0.001" /><testcase classname="tests.graphs.test_compute_metrics_community" name="test_modularity_single_community" time="0.000" /><testcase classname="tests.graphs.test_compute_metrics_cfg" name="test_all_dominance_cyclic_graph_identifies_headers" time="0.000" /><testcase classname="tests.graphs.test_compute_metrics_community" name="test_greedy_various_sizes[10]" time="0.001" /><testcase classname="tests.graphs.test_compute_layer" name="test_build_import_edge_rows" time="0.001" /><testcase classname="tests.graphs.test_compute_metrics_community" name="test_louvain_directed_graph_converted" time="0.002" /><testcase classname="tests.graphs.test_compute_metrics_community" name="test_louvain_seed_reproducibility" time="0.001" /><testcase classname="tests.graphs.test_compute_metrics_community" name="test_louvain_different_seeds_may_differ" time="0.004" /><testcase classname="tests.graphs.test_compute_metrics_community" name="test_louvain_resolution_parameter" time="0.001" /><testcase classname="tests.graphs.test_compute_metrics_cfg" name="test_longest_path_mixed_dag_and_cycle" time="0.001" /><testcase classname="tests.graphs.test_compute_metrics_paths" name="test_simple_paths_no_sources" time="0.000" /><testcase classname="tests.graphs.test_compute_metrics_paths" name="test_simple_paths_no_targets" time="0.000" /><testcase classname="tests.graphs.test_compute_metrics_paths" name="test_simple_paths_unreachable_target" time="0.001" /><testcase classname="tests.graphs.test_compute_metrics_paths" name="test_simple_paths_chain_graph" time="0.000" /><testcase classname="tests.graphs.test_compute_metrics_community" name="test_greedy_empty_graph_returns_empty" time="0.001" /><testcase classname="tests.graphs.test_compute_metrics_paths" name="test_reachable_nodes_cyclic_graph" time="0.001" /><testcase classname="tests.graphs.test_compute_metrics_paths" name="test_integration_reachable_matches_path_count" time="0.001" /><testcase classname="tests.graphs.test_compute_metrics_paths" name="test_integration_avg_path_length_consistency" time="0.001" /><testcase classname="tests.graphs.test_compute_metrics" name="test_betweenness_sampling_parameter" time="0.001" /><testcase classname="tests.graphs.test_compute_metrics_paths" name="test_reachable_nodes_single_node" time="0.001" /><testcase classname="tests.graphs.test_compute_metrics_paths" name="test_reachable_nodes_chain_graph" time="0.000" /><testcase classname="tests.graphs.test_compute_metrics_paths" name="test_reachable_nodes_from_middle" time="0.000" /><testcase classname="tests.graphs.test_compute_metrics_paths" name="test_reachable_nodes_from_sink" time="0.000" /><testcase classname="tests.graphs.test_compute_metrics_bipartite" name="test_bipartite_degrees_empty_primary_partition" time="0.000" /><testcase classname="tests.graphs.test_compute_metrics_dfg" name="test_path_lengths_various_chains[5-4]" time="0.001" /><testcase classname="tests.graphs.test_compute_metrics_dfg" name="test_path_lengths_various_chains[10-9]" time="0.001" /><testcase classname="tests.graphs.test_compute_metrics_dfg" name="test_cycles_detected_various_sizes[2]" time="0.001" /><testcase classname="tests.graphs.test_compute_metrics_dfg" name="test_cycles_detected_various_sizes[3]" time="0.000" /><testcase classname="tests.graphs.test_compute_metrics_cfg" name="test_dominance_frontier_if_then_else" time="0.001" /><testcase classname="tests.graphs.test_compute_metrics_paths" name="test_avg_shortest_path_from_sink" time="0.001" /><testcase classname="tests.graphs.test_compute_metrics_paths" name="test_avg_shortest_path_disconnected_source" time="0.000" /><testcase classname="tests.graphs.test_compute_metrics_paths" name="test_avg_shortest_path_source_not_in_graph" time="0.000" /><testcase classname="tests.graphs.test_compute_metrics_paths" name="test_avg_shortest_path_diamond_graph" time="0.000" /><testcase classname="tests.graphs.test_compute_metrics" name="test_scc_node_to_component_mapping" time="0.001" /><testcase classname="tests.graphs.test_compute_metrics_dfg" name="test_dfg_density_complete_graph" time="0.001" /><testcase classname="tests.graphs.test_compute_metrics_dfg" name="test_dfg_density_chain_graph" time="0.000" /><testcase classname="tests.graphs.test_compute_metrics_dfg" name="test_dfg_density_star_graph" time="0.000" /><testcase classname="tests.graphs.test_compute_metrics_dfg" name="test_dfg_density_two_node_graph" time="0.000" /><testcase classname="tests.graphs.test_compute_metrics" name="test_hub_nodes_threshold_ratio_parameter" time="0.001" /><testcase classname="tests.graphs.test_compute_metrics_dfg" name="test_def_use_chains_chain_graph" time="0.000" /><testcase classname="tests.graphs.test_compute_metrics_dfg" name="test_def_use_chains_star_graph" time="0.000" /><testcase classname="tests.graphs.test_compute_metrics_dfg" name="test_def_use_chains_diamond_graph" time="0.000" /><testcase classname="tests.graphs.test_compute_metrics_dfg" name="test_use_def_chains_empty_graph_returns_empty" time="0.000" /><testcase classname="tests.graphs.test_compute_metrics" name="test_realistic_scc_finds_cycles" time="0.001" /><testcase classname="tests.graphs.test_compute_metrics" name="test_realistic_import_layers_computed" time="0.001" /><testcase classname="tests.graphs.test_compute_centrality_extended" name="test_centrality_metrics_default_values" time="0.000" /><testcase classname="tests.graphs.test_compute_metrics_dfg" name="test_cycles_detected_various_sizes[10]" time="0.002" /><testcase classname="tests.graphs.test_compute_metrics_dfg" name="test_density_various_graphs[3-2-0.3333333333333333]" time="0.001" /><testcase classname="tests.graphs.test_compute_metrics_dfg" name="test_density_various_graphs[4-6-0.5]" time="0.000" /><testcase classname="tests.graphs.test_compute_metrics_dfg" name="test_density_various_graphs[5-10-0.5]" time="0.000" /><testcase classname="tests.graphs.test_compute_metrics_cfg" name="test_dominator_tree_diamond_graph" time="0.001" /><testcase classname="tests.graphs.test_compute_metrics_paths" name="test_paths_with_various_cutoffs[3-2-1]" time="0.001" /><testcase classname="tests.graphs.test_compute_metrics_paths" name="test_paths_with_various_cutoffs[4-2-0]" time="0.001" /><testcase classname="tests.graphs.test_compute_metrics_paths" name="test_paths_with_various_cutoffs[4-3-1]" time="0.001" /><testcase classname="tests.graphs.test_compute_centrality_extended" name="test_compute_betweenness_diamond" time="0.000" /><testcase classname="tests.graphs.test_compute_metrics_dfg" name="test_dfg_components_cyclic_graph" time="0.001" /><testcase classname="tests.graphs.test_compute_metrics_dfg" name="test_dfg_components_disconnected_graph" time="0.000" /><testcase classname="tests.graphs.test_compute_metrics_dfg" name="test_dfg_components_mixed_graph" time="0.000" /><testcase classname="tests.graphs.test_compute_metrics_dfg" name="test_def_use_chains_empty_graph_returns_empty" time="0.000" /><testcase classname="tests.graphs.test_compute_metrics" name="test_component_stats_empty_returns_zeros" time="0.000" /><testcase classname="tests.graphs.test_compute_metrics_dfg" name="test_path_lengths_avg_calculation" time="0.000" /><testcase classname="tests.graphs.test_compute_metrics_dfg" name="test_path_lengths_returns_dataclass" time="0.000" /><testcase classname="tests.graphs.test_compute_metrics_dfg" name="test_dfg_components_empty_graph_returns_empty" time="0.000" /><testcase classname="tests.graphs.test_compute_metrics_dfg" name="test_dfg_components_single_node" time="0.001" /><testcase classname="tests.graphs.test_compute_metrics" name="test_coupling_metrics_frozen" time="0.000" /><testcase classname="tests.graphs.test_compute_metrics_community" name="test_two_cliques_detected_separately[3-3]" time="0.002" /><testcase classname="tests.graphs.test_compute_metrics_community" name="test_two_cliques_detected_separately[5-5]" time="0.001" /><testcase classname="tests.graphs.test_compute_metrics_community" name="test_two_cliques_detected_separately[3-7]" time="0.001" /><testcase classname="tests.graphs.test_compute_metrics_community" name="test_two_cliques_detected_separately[10-10]" time="0.003" /><testcase classname="tests.graphs.test_compute_metrics_cfg" name="test_loop_headers_empty_graph_returns_empty" time="0.000" /><testcase classname="tests.graphs.test_compute_metrics_paths" name="test_simple_paths_node_not_in_graph" time="0.001" /><testcase classname="tests.graphs.test_compute_metrics_paths" name="test_avg_shortest_path_empty_graph" time="0.000" /><testcase classname="tests.graphs.test_compute_metrics_paths" name="test_avg_shortest_path_single_node" time="0.000" /><testcase classname="tests.graphs.test_compute_metrics_paths" name="test_avg_shortest_path_chain_graph" time="0.000" /><testcase classname="tests.graphs.test_compute_metrics_bipartite" name="test_complete_bipartite_degrees[5-5]" time="0.001" /><testcase classname="tests.graphs.test_compute_metrics_dfg" name="test_use_def_chains_chain_graph" time="0.001" /><testcase classname="tests.graphs.test_compute_metrics_dfg" name="test_use_def_chains_diamond_graph" time="0.000" /><testcase classname="tests.graphs.test_compute_metrics_dfg" name="test_use_def_chains_star_inward" time="0.000" /><testcase classname="tests.graphs.test_compute_metrics_dfg" name="test_dfg_density_empty_graph_returns_zero" time="0.000" /><testcase classname="tests.graphs.test_compute_metrics_community" name="test_label_propagation_directed_graph_converted" time="0.000" /><testcase classname="tests.graphs.test_compute_metrics_paths" name="test_reachable_various_chains[3-3]" time="0.001" /><testcase classname="tests.graphs.test_compute_metrics_paths" name="test_reachable_various_chains[5-5]" time="0.000" /><testcase classname="tests.graphs.test_compute_metrics_paths" name="test_reachable_various_chains[10-10]" time="0.001" /><testcase classname="tests.graphs.test_compute_metrics_community" name="test_louvain_various_sizes[5]" time="0.001" /><testcase classname="tests.graphs.test_compute_metrics_community" name="test_louvain_various_sizes[10]" time="0.001" /><testcase classname="tests.graphs.test_compute_metrics_community" name="test_louvain_various_sizes[15]" time="0.001" /><testcase classname="tests.graphs.test_compute_metrics_community" name="test_louvain_disconnected_separate_communities" time="0.001" /><testcase classname="tests.graphs.test_compute_metrics_paths" name="test_reachable_star_graphs[3-4]" time="0.001" /><testcase classname="tests.graphs.test_compute_metrics_paths" name="test_reachable_star_graphs[5-6]" time="0.000" /><testcase classname="tests.graphs.test_compute_metrics_paths" name="test_reachable_star_graphs[10-11]" time="0.000" /><testcase classname="tests.graphs.test_compute_metrics_bipartite" name="test_bipartite_degree_metrics_frozen" time="0.000" /><testcase classname="tests.graphs.test_compute_metrics_dfg" name="test_find_cycles_dag_returns_empty" time="0.001" /><testcase classname="tests.graphs.test_compute_metrics_dfg" name="test_find_cycles_simple_cycle" time="0.001" /><testcase classname="tests.graphs.test_compute_metrics_dfg" name="test_find_cycles_self_loop" time="0.000" /><testcase classname="tests.graphs.test_compute_metrics_dfg" name="test_find_cycles_multiple_cycles" time="0.000" /><testcase classname="tests.graphs.test_compute_metrics_community" name="test_greedy_weighted_edges" time="0.001" /><testcase classname="tests.graphs.test_compute_metrics_statistics" name="test_out_degrees_empty_graph" time="0.000" /><testcase classname="tests.graphs.test_compute_metrics_statistics" name="test_out_degrees_chain_graph" time="0.000" /><testcase classname="tests.graphs.test_compute_metrics_statistics" name="test_out_degrees_star_graph" time="0.000" /><testcase classname="tests.graphs.test_compute_metrics_community" name="test_modularity_with_detected_communities" time="0.001" /><testcase classname="tests.graphs.test_compute_metrics_statistics" name="test_in_degrees_single_node" time="0.000" /><testcase classname="tests.graphs.test_compute_metrics_statistics" name="test_in_degrees_chain_graph" time="0.000" /><testcase classname="tests.graphs.test_compute_metrics_statistics" name="test_in_degrees_star_graph" time="0.000" /><testcase classname="tests.graphs.test_compute_metrics_bipartite" name="test_projection_with_varying_shared_neighbors[3]" time="0.001" /><testcase classname="tests.graphs.test_compute_metrics_dfg" name="test_find_cycles_nested_cycles" time="0.001" /><testcase classname="tests.graphs.test_compute_metrics_dfg" name="test_find_cycles_with_dag_part" time="0.001" /><testcase classname="tests.graphs.test_compute_metrics_dfg" name="test_dfg_path_stats_frozen" time="0.001" /><testcase classname="tests.graphs.test_compute_metrics_dfg" name="test_path_lengths_various_chains[2-1]" time="0.001" /><testcase classname="tests.graphs.test_compute_metrics_dfg" name="test_def_use_chains_single_node" time="0.000" /><testcase classname="tests.graphs.test_compute_metrics_structural" name="test_triangles_complete_graph" time="0.001" /><testcase classname="tests.graphs.test_compute_metrics_structural" name="test_triangles_star_graph" time="0.000" /><testcase classname="tests.graphs.test_compute_metrics_structural" name="test_triangles_directed_converted" time="0.000" /><testcase classname="tests.graphs.test_compute_metrics_community" name="test_modularity_optimal_partition" time="0.001" /><testcase classname="tests.graphs.test_compute_metrics_statistics" name="test_degrees_empty_graph" time="0.000" /><testcase classname="tests.graphs.test_compute_metrics_statistics" name="test_degrees_chain_undirected" time="0.000" /><testcase classname="tests.graphs.test_compute_metrics_statistics" name="test_degrees_complete_graph" time="0.000" /><testcase classname="tests.graphs.test_compute_metrics_paths" name="test_reachable_nodes_empty_graph" time="0.001" /><testcase classname="tests.graphs.test_compute_metrics_statistics" name="test_graph_statistics_frozen" time="0.000" /><testcase classname="tests.graphs.test_compute_metrics_statistics" name="test_chain_scc_counts[2-2]" time="0.001" /><testcase classname="tests.graphs.test_compute_metrics_statistics" name="test_chain_scc_counts[5-5]" time="0.000" /><testcase classname="tests.graphs.test_compute_metrics_dfg" name="test_dfg_density_single_node_returns_zero" time="0.000" /><testcase classname="tests.graphs.test_compute_metrics_structural" name="test_effective_size_empty_graph" time="0.000" /><testcase classname="tests.graphs.test_compute_metrics_structural" name="test_effective_size_single_node" time="0.052" /><testcase classname="tests.graphs.test_compute_metrics_dfg" name="test_cycles_detected_various_sizes[5]" time="0.001" /><testcase classname="tests.graphs.test_compute_metrics_statistics" name="test_statistics_disconnected_graph" time="0.001" /><testcase classname="tests.graphs.test_compute_metrics_statistics" name="test_statistics_star_graph" time="0.000" /><testcase classname="tests.graphs.test_compute_metrics_statistics" name="test_statistics_returns_dataclass" time="0.000" /><testcase classname="tests.graphs.test_compute_metrics_community" name="test_louvain_weighted_edges" time="0.001" /><testcase classname="tests.graphs.test_compute_metrics_statistics" name="test_avg_path_length_empty_graph" time="0.000" /><testcase classname="tests.graphs.test_compute_metrics_statistics" name="test_avg_path_length_single_node" time="0.001" /><testcase classname="tests.graphs.test_compute_metrics_statistics" name="test_avg_path_length_chain_graph" time="0.001" /><testcase classname="tests.graphs.test_compute_metrics_statistics" name="test_in_degrees_diamond_graph" time="0.001" /><testcase classname="tests.graphs.test_compute_metrics_structural" name="test_chain_core_numbers[5-1]" time="0.003" /><testcase classname="tests.graphs.test_compute_metrics_dfg" name="test_find_cycles_empty_graph_returns_empty" time="0.001" /><testcase classname="tests.graphs.test_compute_metrics_statistics" name="test_cycle_single_scc[3]" time="0.002" /><testcase classname="tests.graphs.test_compute_metrics_statistics" name="test_cycle_single_scc[5]" time="0.001" /><testcase classname="tests.graphs.test_compute_metrics_statistics" name="test_cycle_single_scc[10]" time="0.000" /><testcase classname="tests.graphs.test_compute_metrics" name="test_realistic_centrality_metrics" time="0.004" /><testcase classname="tests.graphs.test_compute_metrics_structural" name="test_clustering_empty_graph" time="0.000" /><testcase classname="tests.graphs.test_compute_metrics_structural" name="test_clustering_single_node" time="0.001" /><testcase classname="tests.graphs.test_compute_metrics_structural" name="test_clustering_chain_graph" time="0.000" /><testcase classname="tests.graphs.test_compute_metrics_cfg" name="test_all_dominance_complex_cfg" time="0.001" /><testcase classname="tests.graphs.test_compute_metrics_statistics" name="test_out_degree_values" time="0.000" /><testcase classname="tests.graphs.test_compute_metrics_statistics" name="test_degree_values" time="0.001" /><testcase classname="tests.graphs.test_compute_metrics_statistics" name="test_diameter_empty_graph" time="0.000" /><testcase classname="tests.graphs.test_compute_metrics_dfg" name="test_path_lengths_empty_graph_returns_empty" time="0.000" /><testcase classname="tests.graphs.test_compute_metrics_structural" name="test_core_number_triangle" time="0.001" /><testcase classname="tests.graphs.test_compute_metrics_structural" name="test_core_number_directed_converted" time="0.001" /><testcase classname="tests.graphs.test_compute_metrics_structural" name="test_constraint_empty_graph" time="0.000" /><testcase classname="tests.graphs.test_compute_metrics_statistics" name="test_out_degrees_diamond_graph" time="0.001" /><testcase classname="tests.graphs.test_compute_metrics_structural" name="test_star_graph_clustering_zero[3]" time="0.001" /><testcase classname="tests.graphs.test_compute_metrics_structural" name="test_star_graph_clustering_zero[5]" time="0.000" /><testcase classname="tests.graphs.test_compute_metrics_structural" name="test_star_graph_clustering_zero[10]" time="0.000" /><testcase classname="tests.graphs.test_compute_metrics_community" name="test_greedy_various_sizes[15]" time="0.005" /><testcase classname="tests.graphs.test_compute_metrics_statistics" name="test_diameter_chain_graph" time="0.001" /><testcase classname="tests.graphs.test_compute_metrics_statistics" name="test_diameter_complete_graph" time="0.001" /><testcase classname="tests.graphs.test_compute_metrics_statistics" name="test_diameter_disconnected_uses_largest_component" time="0.000" /><testcase classname="tests.graphs.test_compute_metrics_community" name="test_louvain_various_sizes[20]" time="0.002" /><testcase classname="tests.graphs.test_compute_metrics_structural" name="test_all_structural_chain_graph" time="0.059" /><testcase classname="tests.graphs.test_compute_metrics_statistics" name="test_in_degrees_empty_graph" time="0.001" /><testcase classname="tests.graphs.test_compute_metrics_structural" name="test_triangles_empty_graph" time="0.000" /><testcase classname="tests.graphs.test_compute_metrics_structural" name="test_triangles_single_node" time="0.001" /><testcase classname="tests.graphs.test_compute_metrics_structural" name="test_triangles_chain_graph" time="0.001" /><testcase classname="tests.graphs.test_compute_metrics_bipartite" name="test_bipartite_degrees_returns_dataclass" time="0.001" /><testcase classname="tests.graphs.test_compute_metrics_dfg" name="test_path_lengths_single_node" time="0.000" /><testcase classname="tests.graphs.test_compute_metrics_dfg" name="test_path_lengths_chain_graph" time="0.000" /><testcase classname="tests.graphs.test_compute_metrics_dfg" name="test_path_lengths_diamond_graph" time="0.000" /><testcase classname="tests.graphs.test_compute_metrics_dfg" name="test_path_lengths_star_graph" time="0.000" /><testcase classname="tests.graphs.test_compute_metrics_statistics" name="test_statistics_avg_degrees" time="0.001" /><testcase classname="tests.graphs.test_compute_symbols_extended" name="test_build_use_edges_no_definition_skipped" time="0.000" /><testcase classname="tests.graphs.test_compute_metrics_paths" name="test_simple_paths_diamond_graph" time="0.001" /><testcase classname="tests.graphs.test_compute_metrics_statistics" name="test_avg_path_length_disconnected_uses_largest" time="0.003" /><testcase classname="tests.graphs.test_compute_metrics_statistics" name="test_condensation_layers_empty_graph" time="0.000" /><testcase classname="tests.graphs.test_compute_metrics_statistics" name="test_condensation_layers_single_node" time="0.000" /><testcase classname="tests.graphs.test_compute_metrics_dfg" name="test_find_cycles_limit_respected" time="0.001" /><testcase classname="tests.graphs.test_compute_metrics_structural" name="test_complete_graph_core_numbers[5-4]" time="0.001" /><testcase classname="tests.graphs.test_compute_metrics_structural" name="test_complete_graph_triangles[3-1]" time="0.001" /><testcase classname="tests.graphs.test_compute_metrics_structural" name="test_complete_graph_triangles[4-3]" time="0.000" /><testcase classname="tests.graphs.test_compute_metrics_dfg" name="test_use_def_chains_single_node" time="0.000" /><testcase classname="tests.graphs.test_compute_metrics_statistics" name="test_chain_is_dag[5]" time="0.001" /><testcase classname="tests.graphs.test_compute_metrics_statistics" name="test_complete_edge_counts[3-6]" time="0.001" /><testcase classname="tests.graphs.test_compute_metrics_statistics" name="test_complete_edge_counts[4-12]" time="0.001" /><testcase classname="tests.graphs.test_compute_metrics_paths" name="test_paths_with_various_cutoffs[3-1-0]" time="0.001" /><testcase classname="tests.graphs.test_compute_metrics_structural" name="test_all_structural_directed_converted" time="0.057" /><testcase classname="tests.graphs.test_compute_metrics_paths" name="test_reachable_various_chains[2-2]" time="0.001" /><testcase classname="tests.graphs.test_compute_metrics_statistics" name="test_condensation_layers_cycle_graph" time="0.001" /><testcase classname="tests.graphs.test_compute_metrics_statistics" name="test_condensation_layers_diamond_graph" time="0.000" /><testcase classname="tests.graphs.test_compute_metrics_statistics" name="test_condensation_layers_mixed_graph" time="0.000" /><testcase classname="tests.graphs.test_compute_metrics_paths" name="test_avg_shortest_path_star_graph" time="0.000" /><testcase classname="tests.graphs.test_compute_metrics_structural" name="test_constraint_chain_graph" time="0.050" /><testcase classname="tests.graphs.test_compute_metrics_dfg" name="test_path_lengths_various_chains[3-2]" time="0.001" /><testcase classname="tests.graphs.test_compute_symbols_extended" name="test_symbol_occurrence_is_call" time="0.000" /><testcase classname="tests.graphs.test_compute_symbols_extended" name="test_symbol_occurrence_is_import" time="0.000" /><testcase classname="tests.graphs.test_compute_metrics_statistics" name="test_in_degree_values" time="0.001" /><testcase classname="tests.graphs.test_compute_symbols_extended" name="test_build_def_map_first_definition_wins" time="0.000" /><testcase classname="tests.graphs.test_compute_symbols_extended" name="test_build_def_map_ignores_references" time="0.000" /><testcase classname="tests.graphs.test_compute_metrics_dfg" name="test_dfg_components_chain_graph" time="0.001" /><testcase classname="tests.graphs.test_compute_metrics_structural" name="test_core_number_single_node" time="0.001" /><testcase classname="tests.graphs.test_compute_metrics_structural" name="test_core_number_chain_graph" time="0.001" /><testcase classname="tests.graphs.test_compute_metrics_structural" name="test_core_number_complete_graph" time="0.000" /><testcase classname="tests.graphs.test_compute_metrics_paths" name="test_simple_paths_empty_graph" time="0.001" /><testcase classname="tests.graphs.test_compute_metrics_structural" name="test_clustering_triangle" time="0.001" /><testcase classname="tests.graphs.test_compute_metrics_structural" name="test_clustering_star_graph" time="0.000" /><testcase classname="tests.graphs.test_compute_symbols_extended" name="test_build_use_edges_multiple_uses" time="0.000" /><testcase classname="tests.graphs.test_compute_metrics_cfg" name="test_loop_headers_while_loop_pattern" time="0.001" /><testcase classname="tests.graphs.test_compute_metrics_paths" name="test_simple_paths_multiple_sources" time="0.001" /><testcase classname="tests.graphs.test_compute_metrics_paths" name="test_simple_paths_multiple_targets" time="0.001" /><testcase classname="tests.graphs.test_compute_metrics_paths" name="test_simple_paths_max_paths_limit" time="0.000" /><testcase classname="tests.graphs.test_compute_metrics_paths" name="test_simple_paths_cutoff_limit" time="0.000" /><testcase classname="tests.graphs.test_compute_metrics_structural" name="test_core_number_empty_graph" time="0.001" /><testcase classname="tests.graphs.test_compute_symbols_extended" name="test_symbol_occurrence_no_roles" time="0.000" /><testcase classname="tests.graphs.test_compute_symbols_extended" name="test_symbol_occurrence_frozen" time="0.000" /><testcase classname="tests.graphs.test_compute_metrics_structural" name="test_clustering_directed_graph_converted" time="0.001" /><testcase classname="tests.graphs.test_compute_metrics_statistics" name="test_avg_path_length_complete_graph" time="0.001" /><testcase classname="tests.graphs.test_compute_symbols_extended" name="test_symbol_use_edge_attributes" time="0.000" /><testcase classname="tests.graphs.test_compute_symbols_extended" name="test_symbol_use_edge_optional_goids" time="0.000" /><testcase classname="tests.graphs.test_compute_metrics_paths" name="test_reachable_nodes_star_graph" time="0.001" /><testcase classname="tests.graphs.test_compute_metrics_statistics" name="test_statistics_single_node" time="0.001" /><testcase classname="tests.graphs.test_compute_metrics_statistics" name="test_statistics_chain_graph" time="0.000" /><testcase classname="tests.graphs.test_compute_metrics_statistics" name="test_statistics_cyclic_graph" time="0.000" /><testcase classname="tests.graphs.test_compute_metrics_cfg" name="test_chain_graph_depths_parametrized[10-9]" time="0.001" /><testcase classname="tests.graphs.test_compute_metrics_paths" name="test_reachable_nodes_star_spoke" time="0.001" /><testcase classname="tests.graphs.test_compute_metrics_paths" name="test_reachable_nodes_disconnected" time="0.000" /><testcase classname="tests.graphs.test_compute_metrics_paths" name="test_reachable_nodes_diamond" time="0.000" /><testcase classname="tests.graphs.test_compute_metrics_paths" name="test_reachable_star_graphs[1-2]" time="0.001" /><testcase classname="tests.graphs.test_compute_metrics_structural" name="test_effective_size_chain_graph" time="0.052" /><testcase classname="tests.graphs.test_compute_metrics_structural" name="test_complete_graph_triangles[5-6]" time="0.001" /><testcase classname="tests.graphs.test_core_registry_extended" name="test_resolve_dependencies_by_capability" time="0.016" /><testcase classname="tests.graphs.test_compute_metrics_statistics" name="test_diameter_star_graph" time="0.001" /><testcase classname="tests.graphs.test_core_registry_extended" name="test_list_all_returns_registered" time="0.017" /><testcase classname="tests.graphs.test_compute_symbols_extended" name="test_build_use_edges_empty" time="0.001" /><testcase classname="tests.graphs.test_core_registry_extended" name="test_graph_plugin_skip_has_name_and_reason" time="0.010" /><testcase classname="tests.graphs.test_compute_metrics_structural" name="test_clustering_complete_graph" time="0.001" /><testcase classname="tests.graphs.test_core_registry_extended" name="test_register_plugin_duplicate_raises" time="0.008" /><testcase classname="tests.graphs.test_core_registry_extended" name="test_register_plugin_indexes_by_capability" time="0.009" /><testcase classname="tests.graphs.test_compute_symbols_extended" name="test_symbol_occurrence_combined_roles" time="0.001" /><testcase classname="tests.graphs.test_core_registry_extended" name="test_plan_duplicate_plugin_raises" time="0.023" /><testcase classname="tests.graphs.test_compute_metrics_statistics" name="test_chain_scc_counts[10-10]" time="0.001" /><testcase classname="tests.graphs.test_compute_symbols_extended" name="test_build_use_edges_simple" time="0.000" /><testcase classname="tests.graphs.test_compute_symbols_extended" name="test_build_use_edges_same_file" time="0.000" /><testcase classname="tests.graphs.test_compute_metrics_paths" name="test_simple_paths_self_loop_handled" time="0.001" /><testcase classname="tests.graphs.test_engine_factory" name="test_build_graph_engine_cpu_backend_leaves_env_clean" time="1.907" /><testcase classname="tests.graphs.test_compute_symbols_extended" name="test_build_def_map_empty" time="0.000" /><testcase classname="tests.graphs.test_core_registry_extended" name="test_register_graph_plugin_uses_global" time="0.012" /><testcase classname="tests.graphs.test_compute_metrics_structural" name="test_core_number_star_graph" time="0.001" /><testcase classname="tests.graphs.test_core_registry_extended" name="test_dependency_graph_returns_deps" time="0.021" /><testcase classname="tests.graphs.test_compute_metrics_structural" name="test_chain_core_numbers[10-1]" time="0.001" /><testcase classname="tests.graphs.test_compute_symbols_extended" name="test_symbol_occurrence_is_definition" time="0.000" /><testcase classname="tests.graphs.test_compute_metrics_statistics" name="test_statistics_empty_graph" time="0.001" /><testcase classname="tests.graphs.test_core_registry_extended" name="test_plan_includes_dep_graph" time="0.023" /><testcase classname="tests.graphs.test_compute_metrics_structural" name="test_triangles_single_triangle" time="0.001" /><testcase classname="tests.graphs.test_core_registry_extended" name="test_list_by_kind_empty_for_unknown_kind" time="0.022" /><testcase classname="tests.graphs.test_compute_metrics_statistics" name="test_diameter_single_node" time="0.001" /><testcase classname="tests.graphs.test_core_registry_extended" name="test_register_plugin_indexes_by_stage" time="0.020" /><testcase classname="tests.graphs.test_compute_metrics_statistics" name="test_statistics_complete_graph" time="0.001" /><testcase classname="tests.graphs.test_engine_nx" name="test_cache_invalidate_with_missing_key_is_noop" time="0.000" /><testcase classname="tests.graphs.test_compute_metrics_statistics" name="test_condensation_layers_chain_graph" time="0.001" /><testcase classname="tests.graphs.test_core_registry_extended" name="test_missing_dependency_policy_controls_skip[DependencyPolicy.SKIP-False-False]" time="0.016" /><testcase classname="tests.graphs.test_compute_metrics_paths" name="test_reachable_nodes_source_not_in_graph" time="0.001" /><testcase classname="tests.graphs.test_function_index" name="test_lookup_falls_back_to_enclosing_and_same_line" time="0.001" /><testcase classname="tests.graphs.test_compute_metrics_structural" name="test_constraint_single_node" time="0.061" /><testcase classname="tests.graphs.test_compute_metrics_structural" name="test_chain_core_numbers[3-1]" time="0.001" /><testcase classname="tests.graphs.test_core_registry_extended" name="test_get_plugin_unknown_raises" time="0.017" /><testcase classname="tests.graphs.test_core_registry_extended" name="test_contains_returns_true_for_registered" time="0.008" /><testcase classname="tests.graphs.test_compute_symbols_extended" name="test_symbol_use_edge_frozen" time="0.001" /><testcase classname="tests.graphs.test_engine_nx" name="test_cache_clear_removes_all_entries" time="0.001" /><testcase classname="tests.graphs.test_compute_symbols_extended" name="test_build_def_map_simple" time="0.001" /><testcase classname="tests.graphs.test_engine_nx" name="test_cache_seed_with_none_is_noop" time="0.000" /><testcase classname="tests.graphs.test_compute_metrics_structural" name="test_clustering_diamond_graph" time="0.001" /><testcase classname="tests.graphs.test_engine_nx" name="test_cache_get_returns_cached_graph" time="0.001" /><testcase classname="tests.graphs.test_core_registry_extended" name="test_list_names_returns_names" time="0.008" /><testcase classname="tests.graphs.test_compute_metrics_statistics" name="test_complete_edge_counts[5-20]" time="0.001" /><testcase classname="tests.graphs.test_core_registry_extended" name="test_topological_sort_orders_dependencies" time="0.018" /><testcase classname="tests.graphs.test_core_registry_extended" name="test_topological_sort_cycle_detection" time="0.008" /><testcase classname="tests.graphs.test_compute_metrics_structural" name="test_effective_size_directed_converted" time="0.002" /><testcase classname="tests.graphs.test_compute_metrics_structural" name="test_all_structural_empty_graph" time="0.000" /><testcase classname="tests.graphs.test_compute_symbols_extended" name="test_symbol_occurrence_is_reference" time="0.001" /><testcase classname="tests.graphs.test_gpu_backend" name="test_maybe_enable_nx_gpu_raises_when_strict" time="0.001" /><testcase classname="tests.graphs.test_core_registry_extended" name="test_register_plugin_indexes_by_table" time="0.009" /><testcase classname="tests.graphs.test_core_registry_extended" name="test_resolve_dependencies_missing_capability_raises" time="0.008" /><testcase classname="tests.graphs.test_core_registry_extended" name="test_missing_dependency_policy_controls_skip[DependencyPolicy.STRICT-False-True]" time="0.008" /><testcase classname="tests.graphs.test_compute_metrics_dfg" name="test_path_lengths_max_depth_limiting" time="0.001" /><testcase classname="tests.graphs.test_core_registry_extended" name="test_resolve_dependencies_missing_raises" time="0.022" /><testcase classname="tests.graphs.test_core_registry_extended" name="test_unknown_plugin_selection_policy[SelectionPolicy.LENIENT-False]" time="0.009" /><testcase classname="tests.graphs.test_compute_symbols_extended" name="test_build_use_edges_same_module" time="0.001" /><testcase classname="tests.graphs.test_gpu_backend" name="test_enable_nx_cugraph_backend_invokes_setter" time="0.001" /><testcase classname="tests.graphs.test_core_registry_extended" name="test_unregister_graph_plugin_uses_global" time="0.001" /><testcase classname="tests.graphs.test_compute_metrics_structural" name="test_constraint_star_graph" time="0.002" /><testcase classname="tests.graphs.test_compute_metrics_structural" name="test_constraint_complete_graph" time="0.002" /><testcase classname="tests.graphs.test_core_registry_extended" name="test_plan_tracks_skipped_plugins" time="0.008" /><testcase classname="tests.graphs.test_compute_metrics_structural" name="test_structural_metrics_frozen" time="0.001" /><testcase classname="tests.graphs.test_core_registry_extended" name="test_list_by_stage_empty_for_unknown_stage" time="0.007" /><testcase classname="tests.graphs.test_core_registry_extended" name="test_graph_plugin_plan_plugins_tuple" time="0.008" /><testcase classname="tests.graphs.test_compute_metrics_statistics" name="test_chain_is_dag[3]" time="0.001" /><testcase classname="tests.graphs.test_compute_symbols_extended" name="test_symbol_use_row_attributes" time="0.000" /><testcase classname="tests.graphs.test_compute_symbols_extended" name="test_symbol_use_row_frozen" time="0.000" /><testcase classname="tests.graphs.test_compute_metrics_structural" name="test_complete_graph_core_numbers[3-2]" time="0.001" /><testcase classname="tests.graphs.test_engine_nx" name="test_cache_seed_stores_graph" time="0.001" /><testcase classname="tests.graphs.test_gpu_backend" name="test_enable_nx_cugraph_backend_missing_module" time="0.001" /><testcase classname="tests.graphs.test_libcst_parsing" name="test_parse_module_simple_function" time="0.002" /><testcase classname="tests.graphs.test_core_registry_extended" name="test_register_plugin_indexes_by_kind" time="0.008" /><testcase classname="tests.graphs.test_core_registry_extended" name="test_plan_with_enabled_overrides_defaults" time="0.008" /><testcase classname="tests.graphs.test_engine_nx" name="test_cache_invalidate_removes_specific_entry" time="0.001" /><testcase classname="tests.graphs.test_libcst_parsing" name="test_parse_module_with_imports" time="0.003" /><testcase classname="tests.graphs.test_function_index" name="test_lookup_prefers_exact_span_and_qualname" time="0.001" /><testcase classname="tests.graphs.test_libcst_parsing" name="test_extract_imports_invalid_source" time="0.001" /><testcase classname="tests.graphs.test_core_registry_extended" name="test_register_plugin_basic" time="0.015" /><testcase classname="tests.graphs.test_core_registry_extended" name="test_unregister_plugin_removes" time="0.010" /><testcase classname="tests.graphs.test_compute_metrics_structural" name="test_effective_size_star_graph" time="0.002" /><testcase classname="tests.graphs.test_compute_metrics_structural" name="test_all_structural_returns_dataclass" time="0.004" /><testcase classname="tests.graphs.test_libcst_parsing" name="test_extract_call_sites_no_ast_module" time="0.000" /><testcase classname="tests.graphs.test_core_registry_extended" name="test_metadata_for_returns_metadata" time="0.001" /><testcase classname="tests.graphs.test_libcst_parsing" name="test_parse_empty_module" time="0.002" /><testcase classname="tests.graphs.test_libcst_parsing" name="test_extract_imports_simple" time="0.002" /><testcase classname="tests.graphs.test_core_registry_extended" name="test_list_providing_empty_for_unknown_capability" time="0.007" /><testcase classname="tests.graphs.test_core_registry_extended" name="test_resolve_dependencies_ambiguous_capability_raises" time="0.010" /><testcase classname="tests.graphs.test_core_registry_extended" name="test_missing_dependency_policy_controls_skip[DependencyPolicy.SKIP-True-False]" time="0.009" /><testcase classname="tests.graphs.test_core_registry_extended" name="test_unknown_plugin_selection_policy[SelectionPolicy.STRICT-True]" time="0.010" /><testcase classname="tests.graphs.test_libcst_parsing" name="test_parse_module_with_decorators" time="0.003" /><testcase classname="tests.graphs.test_compute_metrics_structural" name="test_all_structural_complete_graph" time="0.002" /><testcase classname="tests.graphs.test_engine_nx" name="test_cache_get_calls_loader_when_not_cached" time="0.000" /><testcase classname="tests.graphs.test_libcst_parsing" name="test_extract_imports_from_package" time="0.003" /><testcase classname="tests.graphs.test_engine_factory" name="test_build_graph_engine_uses_backend_flags" time="2.334" /><testcase classname="tests.graphs.test_compute_metrics_structural" name="test_constraint_directed_converted" time="0.001" /><testcase classname="tests.graphs.test_mock_runtime_scenarios.TestGraphProviderWithMockRuntime" name="test_provider_loads_import_graph_from_mock" time="0.001" /><testcase classname="tests.graphs.test_core_registry_extended" name="test_resolve_dependencies_explicit" time="0.009" /><testcase classname="tests.graphs.test_compute_metrics_structural" name="test_all_structural_star_graph" time="0.002" /><testcase classname="tests.graphs.test_compute_metrics_structural" name="test_complete_graph_core_numbers[4-3]" time="0.001" /><testcase classname="tests.graphs.test_mock_runtime_scenarios.TestEnsureMethods" name="test_ensure_call_graph_returns_graph" time="0.001" /><testcase classname="tests.graphs.test_gpu_backend" name="tes
[...]
as_all_properties" time="0.001" /><testcase classname="tests.graphs.test_resources_catalog" name="test_spans_for_path_count[pkg/module_a.py-2]" time="0.001" /><testcase classname="tests.graphs.test_resources_catalog" name="test_urn_lookup_parametrized[1001-urn:test:func1]" time="0.001" /><testcase classname="tests.graphs.test_resources_storage_extended" name="test_storage_resource_require_missing_raises" time="0.001" /><testcase classname="tests.graphs.test_resources_storage_extended" name="test_storage_resource_not_registered" time="0.001" /><testcase classname="tests.graphs.test_runtime_manifest" name="test_compute_input_hash_deterministic" time="0.001" /><testcase classname="tests.graphs.test_runtime_manifest" name="test_compute_input_hash_scope_paths_included" time="0.004" /><testcase classname="tests.graphs.test_runtime_manifest" name="test_compute_options_hash_serialization_failure_returns_none" time="0.002" /><testcase classname="tests.graphs.test_runtime_manifest" name="test_compute_options_hash_varies_with_options" time="0.000" /><testcase classname="tests.graphs.test_runtime_manifest" name="test_compute_options_hash_deterministic" time="0.001" /><testcase classname="tests.graphs.test_adapters_duckdb_extended" name="test_duckdb_adapter_batch_insert" time="1.799" /><testcase classname="tests.graphs.test_adapters_duckdb_extended" name="test_duckdb_adapter_init_with_gateway" time="1.841" /><testcase classname="tests.graphs.test_resources_storage_extended" name="test_storage_resource_gateway_access" time="1.933" /><testcase classname="tests.graphs.test_runtime_executor" name="test_graph_run_report_captures_all_fields" time="0.001" /><testcase classname="tests.graphs.test_runtime_manifest" name="test_is_unchanged_when_input_hash_differs" time="1.946" /><testcase classname="tests.graphs.test_resources_storage_extended" name="test_storage_resource_connection_usable" time="1.981" /><testcase classname="tests.graphs.test_resources_storage_extended" name="test_storage_resource_retrieval" time="1.988" /><testcase classname="tests.graphs.test_runtime_executor" name="test_graph_plugin_executor_fatal_stops_remaining" time="1.990" /><testcase classname="tests.graphs.test_runtime_executor" name="test_plugin_fatal_error_preserves_context" time="0.001" /><testcase classname="tests.graphs.test_runtime_manifest" name="test_graph_plugin_manifest_empty" time="0.001" /><testcase classname="tests.graphs.test_runtime_manifest" name="test_input_hash_payload_frozen" time="0.001" /><testcase classname="tests.graphs.test_runtime_manifest" name="test_input_hash_payload_equality" time="0.000" /><testcase classname="tests.graphs.test_runtime_manifest" name="test_compute_options_hash_with_dict_options" time="0.001" /><testcase classname="tests.graphs.test_runtime_planning" name="test_resolve_plugin_options_map_config_overrides_default" time="0.001" /><testcase classname="tests.graphs.test_runtime_planning" name="test_resolve_plugin_options_map_runtime_overrides_config" time="0.000" /><testcase classname="tests.graphs.test_runtime_planning" name="test_resolve_plugin_options_map_merges_multiple_plugins" time="0.001" /><testcase classname="tests.graphs.test_runtime_planning" name="test_resolve_plugin_options_map_unknown_plugin_raises" time="0.001" /><testcase classname="tests.graphs.test_runtime_planning" name="test_resolve_plugin_options_map_unknown_runtime_plugin_raises" time="0.001" /><testcase classname="tests.graphs.test_runtime_planning" name="test_effective_severity_uses_policy_default" time="0.001" /><testcase classname="tests.graphs.test_runtime_planning" name="test_effective_severity_uses_override" time="0.000" /><testcase classname="tests.graphs.test_runtime_planning" name="test_effective_timeout_uses_policy_override" time="0.000" /><testcase classname="tests.graphs.test_resources_storage_extended" name="test_storage_resource_multiple_resources_same_gateway" time="2.025" /><testcase classname="tests.graphs.test_runtime_planning" name="test_effective_timeout_uses_resource_hints" time="0.000" /><testcase classname="tests.graphs.test_runtime_planning" name="test_effective_timeout_none_when_no_hints_or_override" time="0.000" /><testcase classname="tests.graphs.test_runtime_planning" name="test_resolve_target_from_cfg" time="0.000" /><testcase classname="tests.graphs.test_runtime_planning" name="test_resolve_target_from_explicit_tuple" time="0.000" /><testcase classname="tests.graphs.test_runtime_planning" name="test_resolve_target_from_runtime_snapshot" time="0.001" /><testcase classname="tests.graphs.test_resources_storage_extended" name="test_storage_resource_init" time="2.043" /><testcase classname="tests.graphs.test_runtime_planning" name="test_resolve_target_missing_raises" time="0.001" /><testcase classname="tests.graphs.test_resources_storage_extended" name="test_storage_resource_registration" time="2.043" /><testcase classname="tests.graphs.test_runtime_planning" name="test_build_plugin_settings_computes_hashes" time="0.001" /><testcase classname="tests.graphs.test_runtime_planning" name="test_build_plugin_settings_includes_policy_values" time="0.000" /><testcase classname="tests.graphs.test_runtime_planning" name="test_plan_graph_plugin_run_basic" time="0.001" /><testcase classname="tests.graphs.test_resources_storage_extended" name="test_storage_resource_require" time="2.055" /><testcase classname="tests.graphs.test_runtime_planning" name="test_plan_graph_plugin_run_with_scope_override" time="0.001" /><testcase classname="tests.graphs.test_runtime_planning" name="test_plan_graph_plugin_run_with_plugin_options" time="0.000" /><testcase classname="tests.graphs.test_runtime_planning" name="test_plan_graph_plugin_run_with_prior_manifest" time="0.001" /><testcase classname="tests.graphs.test_runtime_planning" name="test_plan_graph_plugin_run_includes_settings" time="0.001" /><testcase classname="tests.graphs.test_runtime_planning" name="test_plan_graph_plugin_run_with_dependencies" time="0.001" /><testcase classname="tests.graphs.test_runtime_executor" name="test_status_counts_empty_records" time="0.004" /><testcase classname="tests.graphs.test_runtime_planning" name="test_graph_plugin_execution_plan_requested_required_raises" time="0.001" /><testcase classname="tests.graphs.test_runtime_planning" name="test_graph_plugin_execution_plan_unknown_strict_raises" time="0.000" /><testcase classname="tests.graphs.test_runtime_executor" name="test_status_counts_aggregates_correctly" time="0.003" /><testcase classname="tests.graphs.test_runtime_manifest" name="test_compute_input_hash_scope_modules_included" time="0.001" /><testcase classname="tests.graphs.test_runtime_planning" name="test_plan_coordinates_equality" time="0.002" /><testcase classname="tests.graphs.test_runtime_planning" name="test_graph_plugin_execution_plan_skipped_plugins" time="0.002" /><testcase classname="tests.graphs.test_runtime_planning" name="test_graph_plugin_execution_plan_dep_graph" time="0.001" /><testcase classname="tests.graphs.test_target_plugin_adapter_metadata" name="test_adapter_infers_metadata_from_target_graph" time="0.001" /><testcase classname="tests.graphs.test_target_plugin_adapter_metadata" name="test_adapter_normalizes_tuple_attributes[plugin_requires-needs_x-requires]" time="0.001" /><testcase classname="tests.graphs.test_runtime_planning" name="test_plan_coordinates_frozen" time="0.002" /><testcase classname="tests.graphs.test_target_plugin_adapter_metadata" name="test_adapter_normalizes_tuple_attributes[plugin_cache_consumes-attr_value3-cache_consumes]" time="0.001" /><testcase classname="tests.graphs.test_target_plugin_adapter_metadata" name="test_adapter_normalizes_tuple_attributes[plugin_contract_checkers-attr_value4-contract_checkers]" time="0.001" /><testcase classname="tests.graphs.test_runtime_manifest" name="test_is_unchanged_when_hashes_match" time="2.091" /><testcase classname="tests.graphs.test_target_plugin_adapter_metadata" name="test_adapter_sets_metric_requirements" time="0.005" /><testcase classname="tests.graphs.test_target_plugin_adapter_metadata" name="test_adapter_applies_options_model_and_default" time="0.003" /><testcase classname="tests.graphs.test_target_plugin_adapter_metadata" name="test_adapter_appends_plugin_depends_on" time="0.000" /><testcase classname="tests.graphs.test_target_plugin_adapter_metadata" name="test_adapter_normalizes_tuple_attributes[plugin_cache_populates-attr_value2-cache_populates]" time="0.001" /><testcase classname="tests.graphs.test_target_plugin_adapter_metadata" name="test_adapter_respects_plugin_resource_hints_and_incremental_override" time="0.003" /><testcase classname="tests.graphs.test_runtime_executor" name="test_graph_plugin_executor_skip_on_unchanged" time="2.113" /><testcase classname="tests.graphs.test_runtime_manifest" name="test_compute_options_hash_none_returns_none" time="0.000" /><testcase classname="tests.graphs.test_validation" name="test_call_graph_findings_empty_graph" time="0.001" /><testcase classname="tests.graphs.test_resources_storage_extended" name="test_storage_resource_path_absolute" time="2.140" /><testcase classname="tests.graphs.test_validation" name="test_import_cycle_findings_detects_large_cycles" time="0.001" /><testcase classname="tests.graphs.test_validation" name="test_import_cycle_findings_detects_cross_package_cycles" time="0.001" /><testcase classname="tests.graphs.test_validation" name="test_import_hub_findings_detects_hubs" time="0.001" /><testcase classname="tests.graphs.test_validation" name="test_import_upward_findings_detects_layer_violations" time="0.000" /><testcase classname="tests.graphs.test_validation" name="test_import_upward_findings_ignores_downward" time="0.000" /><testcase classname="tests.graphs.test_validation" name="test_import_bridge_findings_detects_bridges" time="0.001" /><testcase classname="tests.graphs.test_validation" name="test_import_graph_findings_combines_checks" time="0.001" /><testcase classname="tests.graphs.test_validation" name="test_symbol_graph_findings_detects_hubs" time="0.001" /><testcase classname="tests.graphs.test_validation" name="test_config_key_findings_detects_broad_usage" time="0.001" /><testcase classname="tests.graphs.test_validation" name="test_config_key_findings_empty_graph" time="0.000" /><testcase classname="tests.graphs.test_resources_storage_extended" name="test_storage_resource_path_is_pathlib" time="2.170" /><testcase classname="tests.graphs.test_runtime_executor" name="test_graph_plugin_executor_dry_run_skips_execution" time="2.181" /><testcase classname="tests.graphs.test_runtime_manifest" name="test_compute_input_hash_varies_with_commit" time="0.001" /><testcase classname="tests.graphs.test_libcst_parsing" name="test_parse_module_function_parameters" time="0.004" /><testcase classname="tests.graphs.test_libcst_parsing" name="test_extract_call_sites" time="0.003" /><testcase classname="tests.graphs.test_adapters_duckdb_extended" name="test_duckdb_adapter_invalid_query_raises" time="1.723" /><testcase classname="tests.graphs.test_adapters_duckdb_extended" name="test_duckdb_adapter_connection_accessible" time="1.815" /><testcase classname="tests.graphs.test_engine_nx" name="test_engine_matches_nx_views_for_core_graphs" time="1.649" /><testcase classname="tests.graphs.test_runtime_manifest" name="test_is_unchanged_missing_plugin_in_prior_returns_false" time="1.692" /><testcase classname="tests.graphs.test_runtime_manifest" name="test_manifest_state_frozen" time="1.652" /><testcase classname="tests.graphs.test_runtime_manifest" name="test_is_unchanged_missing_input_hash_returns_false" time="1.692" /><testcase classname="tests.graphs.test_runtime_planning" name="test_resolve_plugin_options_map_uses_default" time="0.001" /><testcase classname="tests.graphs.test_runtime_manifest" name="test_graph_plugin_manifest_record_and_to_dict" time="0.001" /><testcase classname="tests.graphs.test_runtime_executor" name="test_graph_plugin_executor_batch_executes_multiple" time="1.674" /><testcase classname="tests.graphs.test_resources_storage_extended" name="test_storage_resource_different_paths" time="1.719" /><testcase classname="tests.graphs.test_runtime_manifest" name="test_graph_plugin_manifest_overwrite_existing" time="0.001" /><testcase classname="tests.graphs.test_runtime_planning" name="test_build_plugin_settings_includes_version_hash" time="0.001" /><testcase classname="tests.graphs.test_runtime_executor" name="test_graph_plugin_executor_builds_manifest" time="1.578" /><testcase classname="tests.graphs.test_runtime_manifest" name="test_is_unchanged_when_options_hash_differs" time="1.660" /><testcase classname="tests.graphs.test_runtime_executor" name="test_graph_plugin_executor_batch_with_mixed_results" time="1.638" /><testcase classname="tests.graphs.test_validation" name="test_call_graph_findings_with_hub_nodes" time="0.002" /><testcase classname="tests.graphs.test_validation" name="test_symbol_graph_findings_empty_graph" time="0.000" /><testcase classname="tests.graphs.test_adapters_duckdb_extended" name="test_duckdb_adapter_missing_table_raises" time="1.338" /><testcase classname="tests.graphs.test_adapters_duckdb_extended" name="test_duckdb_adapter_execute_simple_query" time="1.292" /><testcase classname="tests.graphs.test_runtime_manifest" name="test_is_unchanged_missing_prior_input_hash_returns_false" time="1.234" /><testcase classname="tests.graphs.test_runtime_manifest" name="test_is_unchanged_no_prior_manifest" time="1.264" /><testcase classname="tests.graphs.test_adapters_duckdb_extended" name="test_duckdb_adapter_list_tables" time="1.263" /><testcase classname="tests.graphs.test_adapters_duckdb_extended" name="test_duckdb_adapter_execute_with_params" time="1.270" /><testcase classname="tests.graphs.test_backend_selection" name="test_build_graph_runtime_captures_backend_info" time="8.085" /><testcase classname="tests.graphs.test_adapters_duckdb_extended" name="test_duckdb_adapter_table_columns" time="1.173" /><testcase classname="tests.graphs.test_adapters_duckdb_extended" name="test_duckdb_adapter_execute_fetch_all" time="1.161" /><testcase classname="tests.graphs.test_resources" name="test_storage_resource_read_source" time="7.527" /><testcase classname="tests.graphs.test_resources" name="test_storage_resource_read_source_not_found" time="7.549" /><testcase classname="tests.graphs.test_resources" name="test_storage_resource_execute_mutation" time="7.546" /><testcase classname="tests.graphs.test_resources_catalog" name="test_paths_returns_all_paths" time="0.001" /><testcase classname="tests.graphs.test_resources_catalog" name="test_spans_for_path_returns_span_data" time="0.001" /><testcase classname="tests.graphs.test_resources_catalog" name="test_function_spans_repopulates_after_invalidate" time="0.001" /><testcase classname="tests.graphs.test_resources" name="test_storage_resource_execute_query" time="7.591" /><testcase classname="tests.graphs.test_resources" name="test_storage_resource_execute_query_with_params" time="7.594" /><testcase classname="tests.graphs.test_resources_catalog" name="test_module_by_path_empty_catalog" time="0.001" /><testcase classname="tests.graphs.test_resources_catalog" name="test_paths_empty_catalog" time="0.001" /><testcase classname="tests.graphs.test_resources" name="test_storage_resource_protocol_conformance" time="7.693" /><testcase classname="tests.graphs.test_graph_validation_catalog" name="test_graph_validation_orphan_uses_catalog_map" time="8.726" /><testcase classname="tests.graphs.test_resources" name="test_storage_resource_invalidate_noop" time="7.702" /><testcase classname="tests.graphs.test_resources" name="test_storage_resource_execute_mutation_with_params" time="7.711" /><testcase classname="tests.graphs.test_resources_catalog" name="test_local_name_map_returns_mapping" time="0.001" /><testcase classname="tests.graphs.test_resources_catalog" name="test_local_name_map_nonexistent_file" time="0.001" /><testcase classname="tests.graphs.test_resources" name="test_storage_resource_get_returns_self" time="7.752" /><testcase classname="tests.graphs.test_resources_catalog" name="test_lookup_goid_not_found" time="0.001" /><testcase classname="tests.graphs.test_resources_catalog" name="test_function_spans_caches_result" time="0.001" /><testcase classname="tests.graphs.test_resources" name="test_storage_resource_execute_mutation_multiple_rows" time="7.803" /><testcase classname="tests.graphs.test_resources" name="test_storage_resource_execute_query_empty_result" time="7.818" /><testcase classname="tests.graphs.test_resources" name="test_storage_resource_creation" time="7.826" /><testcase classname="tests.graphs.test_resources_catalog" name="test_lookup_goid_finds_method" time="0.001" /><testcase classname="tests.graphs.test_resources_catalog" name="test_spans_for_path_returns_file_spans" time="0.001" /><testcase classname="tests.graphs.test_resources_catalog" name="test_function_spans_contains_expected_goids" time="0.001" /><testcase classname="tests.graphs.test_callgraph_builder" name="test_callgraph_handles_aliases_and_relative_imports" time="1.272" /><testcase classname="tests.graphs.test_adapters_duckdb_extended" name="test_duckdb_adapter_transaction_commit" time="1.178" /><testcase classname="tests.graphs.test_adapters_duckdb_extended" name="test_duckdb_adapter_create_temp_table" time="1.166" /><testcase classname="tests.graphs.test_mock_runtime_scenarios.TestMockRuntimeFactories" name="test_create_mock_runtime_with_import_graph_defaults" time="0.001" /><testcase classname="tests.graphs.test_mock_runtime_scenarios.TestMockRuntimeFactories" name="test_create_mock_runtime_all_graphs_coverage" time="0.001" /><testcase classname="tests.graphs.test_compute_metrics_bipartite" name="test_bipartite_degrees_no_weight_attribute" time="0.001" /><testcase classname="tests.graphs.test_compute_metrics_bipartite" name="test_weighted_projection_empty_nodes" time="0.001" /><testcase classname="tests.graphs.test_compute_metrics_bipartite" name="test_weighted_projection_nodes_not_in_graph" time="0.000" /><testcase classname="tests.graphs.test_compute_metrics_bipartite" name="test_weighted_projection_all_nodes" time="0.000" /><testcase classname="tests.graphs.test_compute_metrics_bipartite" name="test_weighted_projection_simple_bipartite" time="0.001" /><testcase classname="tests.graphs.test_compute_metrics_bipartite" name="test_weighted_projection_no_shared_neighbors" time="0.000" /><testcase classname="tests.graphs.test_adapters_duckdb_extended" name="test_duckdb_adapter_aggregate_query" time="1.039" /><testcase classname="tests.graphs.test_validation" name="test_run_graph_validations_emits_warnings" time="8.305" /><testcase classname="tests.graphs.test_validation" name="test_run_graph_validations_caps_findings" time="8.289" /><testcase classname="tests.graphs.test_validation_flags" name="test_validation_strict_escalates_findings" time="7.129" /><testcase classname="tests.graphs.test_validation" name="test_run_graph_validations_hard_fail_on_error" time="8.310" /><testcase classname="tests.graphs.test_adapters_duckdb_extended" name="test_duckdb_adapter_insert_and_select" time="1.035" /><testcase classname="tests.graphs.test_span_consistency_integration" name="test_span_alignment_across_components" time="7.407" /><testcase classname="tests.graphs.test_target_plugin_adapter_metadata" name="test_adapter_normalizes_tuple_attributes[plugin_provides-attr_value0-provides]" time="0.001" /><testcase classname="tests.graphs.test_validation" name="test_call_graph_findings_with_scc" time="0.001" /><testcase classname="tests.graphs.test_validation" name="test_call_graph_findings_with_isolated_nodes" time="0.001" /><testcase classname="tests.graphs.test_validation_flags" name="test_validation_non_strict_allows_warnings" time="6.202" /><testcase classname="tests.graphs.test_validation" name="test_run_graph_validations_snapshot_mismatch_raises" time="6.514" /></testsuite></testsuites>