<?xml version="1.0" encoding="utf-8"?><testsuites name="pytest tests"><testsuite name="pytest" errors="0" failures="0" skipped="0" tests="4" time="8.877" timestamp="2025-12-15T15:14:45.990298-05:00" hostname="paul-X870-AORUS-ELITE-WIFI7"><testcase time="0.001" /><testcase classname="tests.build.hamilton.test_cli_snapshots" name="test_cli_snapshot[pr23_plan_export_parquet_native]" time="0.069" /><testcase time="0.001" /><testcase time="0.001" /><testcase time="0.001" /><testcase time="0.001" /><testcase time="0.001" /><testcase time="0.001" /><testcase time="0.001" /><testcase classname="tests.build.hamilton.test_cli_snapshots" name="test_cli_snapshot[pr28_assets_help]" time="0.069" /><testcase time="0.001" /><testcase time="0.002" /><testcase time="0.002" /><testcase time="0.002" /><testcase classname="tests.build.hamilton.test_cli_snapshots" name="test_cli_snapshot[pr13_history_help]" time="0.062" /><testcase time="0.001" /><testcase time="0.001" /><testcase time="0.001" /><testcase time="0.001" /><testcase time="0.002" /><testcase time="0.001" /><testcase time="0.001" /><testcase time="0.003" /><testcase time="0.001" /><testcase classname="tests.build.hamilton.test_cli_snapshots" name="test_cli_snapshot[pr32_resolve_help]" time="0.065" /></testsuite></testsuites>