<?xml version="1.0" encoding="utf-8"?><testsuites name="pytest tests"><testsuite name="pytest" errors="0" failures="1" skipped="0" tests="1" time="16.850" timestamp="2025-12-17T01:25:17.923124-05:00" hostname="paul-X870-AORUS-ELITE-WIFI7"><testcase classname="tests.build.hamilton.test_pr64_all_nodes_have_node_type_tag" name="test_pr64_all_nodes_have_node_type_tag" time="0.528"><failure message="Failed: Nodes missing canonical node_type tags: ['test_profile__rows']">def test_pr64_all_nodes_have_node_type_tag() -&gt; None:
        """All Hamilton nodes should have a canonical node_type tag.
    
        Notes
        -----
        This test skips:
        - User-defined input nodes (node.user_defined = True)
        - Hamilton-generated decorator nodes (e.g., *_validator, *_raw)
        """
        runtime = build_driver()
    
        missing: list[str] = []
        for node_name, node in runtime.dr.graph.nodes.items():
            if node.user_defined:
                continue
            # Skip Hamilton-generated decorator nodes (Phase 1.5 validators, etc.)
            if _is_hamilton_generated_node(node_name):
                continue
            tags = node.tags
            if isinstance(tags, dict) and tags.get("hamilton.data_saver") is True:
                continue
            node_type = tags.get("node_type")
            if not isinstance(node_type, str) or not node_type:
                missing.append(node_name)
            if "node_kind" in tags:
                missing.append(node_name)
    
        if missing:
&gt;           pytest.fail(f"Nodes missing canonical node_type tags: {sorted(set(missing))}")
E           Failed: Nodes missing canonical node_type tags: ['test_profile__rows']

tests/build/hamilton/test_pr64_all_nodes_have_node_type_tag.py:64: Failed</failure></testcase></testsuite></testsuites>