<?xml version="1.0" encoding="utf-8"?><testsuites name="pytest tests"><testsuite name="pytest" errors="2" failures="6" skipped="0" tests="30" time="10.914" timestamp="2025-12-02T06:58:09.789743-05:00" hostname="paul-X870-AORUS-ELITE-WIFI7"><testcase classname="tests.analytics.test_graph_service_unit" name="test_centrality_directed_weighted_and_seeded" time="0.071" /><testcase classname="tests.analytics.test_graph_service_unit" name="test_bipartite_degrees_weight_and_centrality" time="0.002" /><testcase classname="tests.analytics.test_graph_service_unit" name="test_projection_metrics_basic" time="0.004" /><testcase classname="tests.analytics.test_graph_metric_filters" name="test_filter_subsystem_memberships_respects_allowlists" time="0.001" /><testcase classname="tests.analytics.test_graph_plugin_catalog" name="test_render_plugin_catalog_markdown_contains_examples" time="0.014" /><testcase classname="tests.analytics.test_graph_metric_filters" name="test_filter_subsystem_graph_prunes_nodes" time="0.002" /><testcase classname="tests.analytics.test_graph_service_unit" name="test_structural_metrics_triangle_and_core" time="0.103" /><testcase classname="tests.analytics.test_graph_metrics_calculations" name="test_compute_function_graph_metrics_counts_and_cycles" time="1.411"><failure message="AttributeError: 'RepoScanStepConfig' object has no attribute 'code_profile'">tests/analytics/test_graph_metrics_calculations.py:27: in test_compute_function_graph_metrics_counts_and_cycles
    ctx = graph_metrics_ready_gateway(
tests/_helpers/fixtures.py:2073: in graph_metrics_ready_gateway
    ctx = provision_existing_repo(
tests/_helpers/fixtures.py:672: in provision_existing_repo
    ingest_repo(
src/codeintel/ingestion/repo_scan.py:68: in ingest_repo
    profile=cfg.code_profile,
            ^^^^^^^^^^^^^^^^
E   AttributeError: 'RepoScanStepConfig' object has no attribute 'code_profile'</failure></testcase><testcase classname="tests.analytics.test_graph_metric_filters" name="test_build_filters_safe_when_repos_empty" time="1.394" /><testcase classname="tests.analytics.test_graph_runtime_cache" name="test_disk_cache_mismatch_falls_back_to_loader" time="0.003" /><testcase classname="tests.analytics.test_graph_metric_filters_integration" name="test_filters_prune_architecture_metrics" time="6.990"><failure message="AttributeError: 'GraphRuntimeOptions' object has no attribute 'context'">tests/analytics/test_graph_metric_filters_integration.py:48: in test_filters_prune_architecture_metrics
    compute_graph_metrics_functions_ext(
src/codeintel/analytics/graphs/graph_metrics_ext.py:210: in compute_graph_metrics_functions_ext
    context=runtime_opts.context,
            ^^^^^^^^^^^^^^^^^^^^
E   AttributeError: 'GraphRuntimeOptions' object has no attribute 'context'</failure></testcase><testcase classname="tests.analytics.test_graph_runtime_cache" name="test_disk_cache_round_trip" time="0.004" /><testcase classname="tests.analytics.test_graph_service_unit" name="test_centrality_undirected_empty_returns_zeroes" time="0.002" /><testcase classname="tests.analytics.test_graph_service_unit" name="test_component_metadata_cycles_and_layers" time="0.005" /><testcase classname="tests.analytics.test_graph_metrics_calculations" name="test_compute_module_graph_metrics_with_symbol_coupling" time="1.418"><failure message="AttributeError: 'RepoScanStepConfig' object has no attribute 'code_profile'">tests/analytics/test_graph_metrics_calculations.py:64: in test_compute_module_graph_metrics_with_symbol_coupling
    ctx = graph_metrics_ready_gateway(
tests/_helpers/fixtures.py:2073: in graph_metrics_ready_gateway
    ctx = provision_existing_repo(
tests/_helpers/fixtures.py:672: in provision_existing_repo
    ingest_repo(
src/codeintel/ingestion/repo_scan.py:68: in ingest_repo
    profile=cfg.code_profile,
            ^^^^^^^^^^^^^^^^
E   AttributeError: 'RepoScanStepConfig' object has no attribute 'code_profile'</failure></testcase><testcase classname="tests.analytics.test_graph_service_unit" name="test_neighbor_stats_with_weights" time="0.002" /><testcase classname="tests.analytics.test_graph_stats_smoke" name="test_graph_stats_records_counts_for_basic_graphs" time="1.367"><failure message="AttributeError: 'GraphRuntimeOptions' object has no attribute 'context'">tests/analytics/test_graph_stats_smoke.py:63: in test_graph_stats_records_counts_for_basic_graphs
    compute_graph_stats(gateway, repo="demo/repo", commit="deadbeef")
src/codeintel/analytics/graphs/__init__.py:77: in _wrapper
    return _call_lazy(name, *args, **kwargs)
           ^^^^^^^^^^^^^^^^^^^^^^^^^^^^^^^^^
src/codeintel/analytics/graphs/__init__.py:72: in _call_lazy
    return attr(*args, **kwargs)
           ^^^^^^^^^^^^^^^^^^^^^
src/codeintel/analytics/graphs/graph_stats.py:57: in compute_graph_stats
    context=runtime_opts.context,
            ^^^^^^^^^^^^^^^^^^^^
E   AttributeError: 'GraphRuntimeOptions' object has no attribute 'context'</failure></testcase><testcase classname="tests.analytics.test_graph_metrics_smoke" name="test_compute_graph_metrics_with_small_graph" time="1.521" /><testcase classname="tests.analytics.test_graph_plugin_catalog" name="test_build_plugin_catalog_includes_expected_fields" time="0.015" /><testcase classname="tests.analytics.test_graph_service_unit" name="test_global_graph_stats_triangle" time="0.005" /><testcase classname="tests.analytics.test_graph_metric_filters" name="test_filter_import_graph_noop_without_modules" time="0.002" /><testcase classname="tests.analytics.test_graph_metrics_calculations" name="test_graph_metrics_ready_gateway_smoke" time="1.368"><failure message="AttributeError: 'RepoScanStepConfig' object has no attribute 'code_profile'">tests/analytics/test_graph_metrics_calculations.py:107: in test_graph_metrics_ready_gateway_smoke
    ctx = graph_metrics_ready_gateway(
tests/_helpers/fixtures.py:2073: in graph_metrics_ready_gateway
    ctx = provision_existing_repo(
tests/_helpers/fixtures.py:672: in provision_existing_repo
    ingest_repo(
src/codeintel/ingestion/repo_scan.py:68: in ingest_repo
    profile=cfg.code_profile,
            ^^^^^^^^^^^^^^^^
E   AttributeError: 'RepoScanStepConfig' object has no attribute 'code_profile'</failure></testcase><testcase classname="tests.analytics.test_graph_features" name="test_summarize_graph_for_function_profile_contract" time="0.076" /><testcase classname="tests.analytics.test_graph_metric_filters" name="test_filter_call_graph_prunes_nodes" time="0.002" /><testcase classname="tests.analytics.test_graph_service_unit" name="test_bounded_simple_path_count_caps_results" time="0.002" /><testcase classname="tests.analytics.test_graph_stats_validation" name="test_graph_views_exist" time="1.386"><error message="failed on setup with &quot;AttributeError: 'RepoScanStepConfig' object has no attribute 'code_profile'&quot;">tests/conftest.py:62: in graph_ready_gateway
    with provision_graph_ready_repo(tmp_path / "repo") as ctx:
         ^^^^^^^^^^^^^^^^^^^^^^^^^^^^^^^^^^^^^^^^^^^^^
tests/_helpers/fixtures.py:1330: in provision_graph_ready_repo
    ctx = provision_ingested_repo(
tests/_helpers/fixtures.py:576: in provision_ingested_repo
    tracker = ingest_repo(
src/codeintel/ingestion/repo_scan.py:68: in ingest_repo
    profile=cfg.code_profile,
            ^^^^^^^^^^^^^^^^
E   AttributeError: 'RepoScanStepConfig' object has no attribute 'code_profile'</error></testcase><testcase classname="tests.analytics.test_graph_metrics_runtime_reuse" name="test_compute_graph_metrics_reuses_runtime_engine" time="1.439"><error message="failed on setup with &quot;AttributeError: 'RepoScanStepConfig' object has no attribute 'code_profile'&quot;">tests/conftest.py:49: in provisioned_repo
    with provision_ingested_repo(tmp_path / "repo") as ctx:
         ^^^^^^^^^^^^^^^^^^^^^^^^^^^^^^^^^^^^^^^^^^
tests/_helpers/fixtures.py:576: in provision_ingested_repo
    tracker = ingest_repo(
src/codeintel/ingestion/repo_scan.py:68: in ingest_repo
    profile=cfg.code_profile,
            ^^^^^^^^^^^^^^^^
E   AttributeError: 'RepoScanStepConfig' object has no attribute 'code_profile'</error></testcase><testcase classname="tests.analytics.test_graph_stats_validation" name="test_graph_stats_include_symbol_and_config_graphs" time="6.565"><failure message="AttributeError: 'GraphRuntimeOptions' object has no attribute 'context'">tests/analytics/test_graph_stats_validation.py:96: in test_graph_stats_include_symbol_and_config_graphs
    compute_graph_stats(gateway, repo=REPO, commit=COMMIT)
src/codeintel/analytics/graphs/__init__.py:77: in _wrapper
    return _call_lazy(name, *args, **kwargs)
           ^^^^^^^^^^^^^^^^^^^^^^^^^^^^^^^^^
src/codeintel/analytics/graphs/__init__.py:72: in _call_lazy
    return attr(*args, **kwargs)
           ^^^^^^^^^^^^^^^^^^^^^
src/codeintel/analytics/graphs/graph_stats.py:57: in compute_graph_stats
    context=runtime_opts.context,
            ^^^^^^^^^^^^^^^^^^^^
E   AttributeError: 'GraphRuntimeOptions' object has no attribute 'context'</failure></testcase><testcase classname="tests.analytics.test_graph_stats_validation" name="test_validation_flags_large_symbol_community_and_config_hubs" time="6.591" /><testcase classname="tests.analytics.test_graph_stats_validation" name="test_subsystem_agreement_summary_aggregates" time="6.696" /></testsuite></testsuites>