<?xml version="1.0" encoding="utf-8"?><testsuites name="pytest tests"><testsuite name="pytest" errors="0" failures="1" skipped="0" tests="1" time="14.169" timestamp="2025-12-17T16:39:50.595232-05:00" hostname="paul-X870-AORUS-ELITE-WIFI7"><testcase classname="tests.build.hamilton.test_pr21_analytics_native_driver" name="test_auto_driver_includes_native_analytics_nodes" time="0.083"><failure message="Failed: Expected compute node 't__subsystems__compute' not found in auto driver">def test_auto_driver_includes_native_analytics_nodes() -&gt; None:
        """Verify auto driver includes compute and materialize nodes for native analytics."""
        all_nodes = list_available_nodes()
    
        # Expected native analytics compute nodes
        expected_compute_nodes = [
            "t__coverage_functions__compute",
            "t__hotspots__compute",
            "t__subsystems__compute",
        ]
    
        # Expected native analytics materialize nodes
        expected_materialize_nodes = [
            "t__coverage_functions",
            "t__hotspots",
            "t__subsystems",
        ]
    
        # Check compute nodes
        for node_name in expected_compute_nodes:
            if node_name not in all_nodes:
&gt;               pytest.fail(f"Expected compute node '{node_name}' not found in auto driver")
E               Failed: Expected compute node 't__subsystems__compute' not found in auto driver

tests/build/hamilton/test_pr21_analytics_native_driver.py:35: Failed</failure></testcase></testsuite></testsuites>