<?xml version="1.0" encoding="utf-8"?><testsuites name="pytest tests"><testsuite name="pytest" errors="0" failures="0" skipped="2" tests="2" time="26.629" timestamp="2025-12-25T17:48:48.836226-06:00" hostname="MacBookPro.lan"><testcase classname="tests.build.hamilton.test_phase5_replication_targets" name="test_function_ast_features_target_materializes_schema" time="3.794"><skipped type="pytest.skip" message="Missing tool binaries: scip='scip' (searched configured_path -&gt; PATH -&gt; node_modules -&gt; extra_bin_dirs)">/Users/paulheyse/CodeIntel/CodeIntel/tests/_helpers/tooling_audit.py:106: Missing tool binaries: scip='scip' (searched configured_path -&gt; PATH -&gt; node_modules -&gt; extra_bin_dirs)</skipped></testcase><testcase classname="tests.build.hamilton.test_phase5_replication_targets" name="test_data_models_target_materializes_tables" time="3.802"><skipped type="pytest.skip" message="Missing tool binaries: scip='scip' (searched configured_path -&gt; PATH -&gt; node_modules -&gt; extra_bin_dirs)">/Users/paulheyse/CodeIntel/CodeIntel/tests/_helpers/tooling_audit.py:106: Missing tool binaries: scip='scip' (searched configured_path -&gt; PATH -&gt; node_modules -&gt; extra_bin_dirs)</skipped></testcase></testsuite></testsuites>