<?xml version="1.0" encoding="utf-8"?><testsuites name="pytest tests"><testsuite name="pytest" errors="0" failures="0" skipped="0" tests="18" time="15.387" timestamp="2025-12-15T02:48:34.002957-05:00" hostname="paul-X870-AORUS-ELITE-WIFI7"><testcase classname="tests.build.hamilton.test_pr71_schema_diff.TestSchemaDiffFormatting" name="test_format_changes_shows_breaking_markers" time="0.001" /><testcase classname="tests.build.hamilton.test_pr71_schema_diff.TestComputeManifestDiffs" name="test_manifest_diff_detects_table_removal" time="0.001" /><testcase classname="tests.build.hamilton.test_pr71_schema_diff.TestManifestDiffResultFormatting" name="test_format_summary_no_changes" time="0.001" /><testcase classname="tests.build.hamilton.test_pr71_schema_diff.TestComputeSchemaDiff" name="test_schema_diff_detects_nonnull_to_nullable" time="0.001" /><testcase classname="tests.build.hamilton.test_pr71_schema_diff.TestComputeManifestDiffs" name="test_manifest_diff_tracks_per_table_changes" time="0.001" /><testcase classname="tests.build.hamilton.test_pr71_schema_diff.TestComputeSchemaDiff" name="test_schema_diff_detects_column_addition" time="0.001" /><testcase classname="tests.build.hamilton.test_pr71_schema_diff.TestBreakingChangeClassification" name="test_classification_rules[nullable_true_to_false-True]" time="0.002" /><testcase classname="tests.build.hamilton.test_pr71_schema_diff.TestComputeSchemaDiff" name="test_schema_diff_no_changes" time="0.001" /><testcase classname="tests.build.hamilton.test_pr71_schema_diff.TestComputeSchemaDiff" name="test_breaking_change_count" time="0.001" /><testcase classname="tests.build.hamilton.test_pr71_schema_diff.TestComputeManifestDiffs" name="test_manifest_diff_detects_table_addition" time="0.001" /><testcase classname="tests.build.hamilton.test_pr71_schema_diff.TestBreakingChangeClassification" name="test_classification_rules[column_added-False]" time="0.002" /><testcase classname="tests.build.hamilton.test_pr71_schema_diff.TestBreakingChangeClassification" name="test_classification_rules[column_removed-True]" time="0.002" /><testcase classname="tests.build.hamilton.test_pr71_schema_diff.TestBreakingChangeClassification" name="test_classification_rules[nullable_false_to_true-False]" time="0.002" /><testcase classname="tests.build.hamilton.test_pr71_schema_diff.TestComputeSchemaDiff" name="test_schema_diff_detects_nullable_to_nonnull" time="0.001" /><testcase classname="tests.build.hamilton.test_pr71_schema_diff.TestBreakingChangeClassification" name="test_classification_rules[type_changed-True]" time="0.002" /><testcase classname="tests.build.hamilton.test_pr71_schema_diff.TestComputeSchemaDiff" name="test_schema_diff_detects_column_removal" time="0.001" /><testcase classname="tests.build.hamilton.test_pr71_schema_diff.TestManifestDiffResultFormatting" name="test_format_summary_with_changes" time="0.001" /><testcase classname="tests.build.hamilton.test_pr71_schema_diff.TestComputeSchemaDiff" name="test_schema_diff_detects_type_change" time="0.001" /></testsuite></testsuites>