<?xml version="1.0" encoding="utf-8"?><testsuites name="pytest tests"><testsuite name="pytest" errors="0" failures="1" skipped="0" tests="1" time="11.940" timestamp="2025-12-09T20:33:17.321934-05:00" hostname="paul-X870-AORUS-ELITE-WIFI7"><testcase classname="tests.cli.test_typer_cli" name="test_op_list_shows_operations" time="0.018"><failure message="AssertionError: expected 0, got 1">def test_op_list_shows_operations() -&gt; None:
        """Verify op list shows available operations."""
        result = run_cli(["op", "list"])
    
&gt;       expect_equal(result.exit_code, 0)

tests/cli/test_typer_cli.py:95: 
_ _ _ _ _ _ _ _ _ _ _ _ _ _ _ _ _ _ _ _ _ _ _ _ _ _ _ _ _ _ _ _ _ _ _ _ _ _ _ _ 

actual = 1, expected = 0

    def expect_equal(actual: object, expected: object, *, label: str | None = None) -&gt; None:
        """Raise AssertionError when two values differ.
    
        Parameters
        ----------
        actual
            Observed value.
        expected
            Expected value to compare against.
        label
            Optional label prefix for the failure message.
    
        Raises
        ------
        AssertionError
            If the values are not equal.
        """
        if actual != expected:
            failure_message = f"{_prefix(label)}expected {expected!r}, got {actual!r}"
&gt;           raise AssertionError(failure_message)
E           AssertionError: expected 0, got 1

tests/_helpers/assertions/expectation_assertions.py:70: AssertionError</failure></testcase></testsuite></testsuites>