<?xml version="1.0" encoding="utf-8"?><testsuites name="pytest tests"><testsuite name="pytest" errors="0" failures="0" skipped="0" tests="12" time="9.762" timestamp="2025-12-08T12:19:24.592984-05:00" hostname="paul-X870-AORUS-ELITE-WIFI7"><testcase classname="tests.mcp.test_backend_surface" name="test_backend_raises_problem_detail_on_service_errors" time="0.002" /><testcase classname="tests.mcp.test_backend_surface" name="test_list_datasets_serializes_mixed_inputs" time="0.002" /><testcase classname="tests.mcp.test_architecture_tools" name="test_architecture_tools_wrap_mcp_error" time="0.002" /><testcase classname="tests.mcp.test_auto_pipeline_wrapper" name="test_wrap_tool_with_prereqs_invokes_prereq_then_tool" time="0.002" /><testcase classname="tests.mcp.test_architecture_tools" name="test_register_architecture_tools_registers_and_executes" time="0.002" /><testcase classname="tests.mcp.test_server" name="test_main_uses_register_tools_and_runs" time="0.002" /><testcase classname="tests.mcp.test_server" name="test_create_mcp_server_requires_gateway_for_local_db" time="0.002" /><testcase classname="tests.mcp.test_backend_surface" name="test_async_get_and_close_use_client_methods[asyncio]" time="0.005" /><testcase classname="tests.mcp.test_backend_surface" name="test_dataset_rows_and_schema_forwarding" time="0.003" /><testcase classname="tests.mcp.test_backend_surface" name="test_backend_forwards_service_calls_and_serializes_profiles" time="0.001" /><testcase classname="tests.mcp.test_architecture_tools" name="test_architecture_tools_type_error_matches_backend_signature" time="0.002" /><testcase classname="tests.mcp.test_server" name="test_create_mcp_server_uses_register_tools_fn" time="0.014" /></testsuite></testsuites>