<?xml version="1.0" encoding="utf-8"?><testsuites name="pytest tests"><testsuite name="pytest" errors="0" failures="0" skipped="2" tests="702" time="42.271" timestamp="2025-12-03T00:25:47.892444-05:00" hostname="paul-X870-AORUS-ELITE-WIFI7"><testcase classname="tests.ingestion.test_core.TestResolvedConfig" name="test_get_raises_when_not_resolved" time="0.001" /><testcase classname="tests.ingestion.test_adapters" name="test_tool_runner_adapter_run_pyright_success" time="0.002" /><testcase classname="tests.ingestion.test_adapters" name="test_quote_identifier_valid_simple" time="0.001" /><testcase classname="tests.ingestion.test_adapters" name="test_quote_identifier_valid_with_numbers" time="0.000" /><testcase classname="tests.ingestion.test_adapters" name="test_quote_identifier_valid_uppercase" time="0.000" /><testcase classname="tests.ingestion.test_config_factory.TestGetContextValue" name="test_tracker_from_options_takes_precedence" time="0.002" /><testcase classname="tests.ingestion.test_config_factory.TestDefaultContextMappings" name="test_contains_expected_keys" time="0.000" /><testcase classname="tests.ingestion.test_core.TestValidationResult" name="test_failure_single_error" time="0.001" /><testcase classname="tests.ingestion.test_core.TestValidationResult" name="test_direct_construction" time="0.000" /><testcase classname="tests.ingestion.test_core.TestResolvedConfig" name="test_initial_state" time="0.000" /><testcase classname="tests.ingestion.test_core.TestIngestResourceHints" name="test_defaults" time="0.001" /><testcase classname="tests.ingestion.test_core.TestIngestResourceHints" name="test_custom_values" time="0.000" /><testcase classname="tests.ingestion.test_adapters" name="test_tool_runner_adapter_run_ruff_failure" time="0.002" /><testcase classname="tests.ingestion.test_adapters" name="test_tool_runner_adapter_run_coverage_success" time="0.001" /><testcase classname="tests.ingestion.test_adapters" name="test_tool_runner_adapter_run_coverage_failure" time="0.001" /><testcase classname="tests.ingestion.test_core.TestResolvedConfig" name="test_get_includes_plugin_name_in_error" time="0.000" /><testcase classname="tests.ingestion.test_core.TestResolvedConfig" name="test_get_or_none_when_resolved" time="0.000" /><testcase classname="tests.ingestion.test_core.TestResolvedConfig" name="test_get_or_none_when_not_resolved" time="0.000" /><testcase classname="tests.ingestion.test_config_factory.TestBuildOptions" name="test_create_empty" time="0.001" /><testcase classname="tests.ingestion.test_config_factory.TestBuildOptions" name="test_create_with_mapping" time="0.000" /><testcase classname="tests.ingestion.test_config_factory.TestBuildOptions" name="test_create_with_extra" time="0.000" /><testcase classname="tests.ingestion.test_config_factory.TestBuildOptions" name="test_create_with_tracker" time="0.000" /><testcase classname="tests.ingestion.test_config_factory.TestBuildOptions" name="test_frozen_dataclass" time="0.001" /><testcase classname="tests.ingestion.test_config_factory.TestGetConfigFields" name="test_dataclass_fields" time="0.000" /><testcase classname="tests.ingestion.test_config_factory.TestGetConfigFields" name="test_non_dataclass_fields" time="0.000" /><testcase classname="tests.ingestion.test_config_factory.TestGetConfigFields" name="test_config_with_many_fields" time="0.000" /><testcase classname="tests.ingestion.test_adapters" name="test_convert_scip_documents_with_content" time="0.001" /><testcase classname="tests.ingestion.test_adapters" name="test_parse_pytest_report_valid" time="0.001" /><testcase classname="tests.ingestion.test_ast_utils" name="test_indexes_function_defs" time="0.001" /><testcase classname="tests.ingestion.test_ast_utils" name="test_indexes_class_defs" time="0.000" /><testcase classname="tests.ingestion.test_core.TestBaseIngestPlugin" name="test_metadata_property" time="0.001" /><testcase classname="tests.ingestion.test_core.TestBaseIngestPlugin" name="test_plugin_name" time="0.000" /><testcase classname="tests.ingestion.test_core.TestBaseIngestPlugin" name="test_default_depends_on" time="0.000" /><testcase classname="tests.ingestion.test_core.TestBaseIngestPlugin" name="test_default_provides" time="0.000" /><testcase classname="tests.ingestion.test_common_changes" name="test_compute_changes_tracks_add_modify_delete" time="1.545" /><testcase classname="tests.ingestion.test_config_factory.TestDefaultContextMappings" name="test_mappings_are_identity" time="0.000" /><testcase classname="tests.ingestion.test_core.TestValidationResult" name="test_success" time="0.000" /><testcase classname="tests.ingestion.test_config_factory.TestConfigFactory" name="test_build_with_extra_values" time="0.001" /><testcase classname="tests.ingestion.test_config_factory.TestConfigFactory" name="test_build_with_custom_mapping" time="0.001" /><testcase classname="tests.ingestion.test_config_factory.TestConfigFactory" name="test_build_with_tracker" time="0.000" /><testcase classname="tests.ingestion.test_config_factory.TestConfigFactory" name="test_build_with_tool_service" time="0.000" /><testcase classname="tests.ingestion.test_coverage_incremental" name="test_coverage_ingest_runs_full_rebuild_with_tracker" time="1.556" /><testcase classname="tests.ingestion.test_adapters" name="test_quote_identifier_rejects_spaces" time="0.001" /><testcase classname="tests.ingestion.test_core.TestIngestPluginResult" name="test_fail_with_kind" time="0.001" /><testcase classname="tests.ingestion.test_core.TestIngestPluginResult" name="test_skip" time="0.000" /><testcase classname="tests.ingestion.test_core.TestIngestPluginResult" name="test_ok_with_empty_counts" time="0.000" /><testcase classname="tests.ingestion.test_core.TestIngestPluginMetadata" name="test_create_minimal" time="0.000" /><testcase classname="tests.ingestion.test_ast_utils" name="test_returns_none_for_syntax_error" time="0.002" /><testcase classname="tests.ingestion.test_ast_utils" name="test_handles_unicode_content" time="0.001" /><testcase classname="tests.ingestion.test_ast_utils" name="test_returns_none_for_binary_file" time="0.001" /><testcase classname="tests.ingestion.test_ast_utils" name="test_parses_empty_file" time="0.001" /><testcase classname="tests.ingestion.test_adapters" name="test_tool_runner_adapter_run_scip_failure" time="0.003" /><testcase classname="tests.ingestion.test_adapters" name="test_tool_runner_adapter_run_pytest_no_report" time="0.001" /><testcase classname="tests.ingestion.test_adapters" name="test_tool_runner_adapter_run_pytest_with_report" time="0.001" /><testcase classname="tests.ingestion.test_adapters" name="test_tool_runner_adapter_run_pytest_failure" time="0.001" /><testcase classname="tests.ingestion.test_adapters" name="test_batch_result_defaults" time="0.001" /><testcase classname="tests.ingestion.test_adapters" name="test_query_result_attributes" time="0.000" /><testcase classname="tests.ingestion.test_adapters" name="test_query_result_defaults" time="0.000" /><testcase classname="tests.ingestion.test_config_factory.TestInferConfigMapping" name="test_infer_mapping_with_tools" time="0.001" /><testcase classname="tests.ingestion.test_config_factory.TestInferConfigMapping" name="test_infer_mapping_non_dataclass" time="0.000" /><testcase classname="tests.ingestion.test_config_factory.TestConfigFactory" name="test_create_with_default_mappings" time="0.000" /><testcase classname="tests.ingestion.test_config_factory.TestConfigFactory" name="test_create_with_custom_mappings" time="0.000" /><testcase classname="tests.ingestion.test_core.TestBaseIngestPlugin" name="test_default_supports_incremental" time="0.001" /><testcase classname="tests.ingestion.test_core.TestBaseIngestPlugin" name="test_resource_hints" time="0.000" /><testcase classname="tests.ingestion.test_core.TestTrackerRequiringPlugin" name="test_tracker_required_class_var" time="0.000" /><testcase classname="tests.ingestion.test_core.TestIngestPluginResult" name="test_ok" time="0.000" /><testcase classname="tests.ingestion.test_ast_utils" name="test_empty_tree_returns_empty_index" time="0.001" /><testcase classname="tests.ingestion.test_ast_utils" name="test_ignores_nodes_without_lineno" time="0.000" /><testcase classname="tests.ingestion.test_ast_utils" name="test_exact_span_match" time="0.000" /><testcase classname="tests.ingestion.test_ast_utils" name="test_enclosing_span_match" time="0.000" /><testcase classname="tests.ingestion.test_config_factory.TestConfigFactory" name="test_build_non_dataclass_config" time="0.001" /><testcase classname="tests.ingestion.test_config_factory.TestConfigFactory" name="test_build_ignores_unknown_extra_fields" time="0.000" /><testcase classname="tests.ingestion.test_config_factory.TestConfigFactory" name="test_custom_mapping_overrides_default" time="0.001" /><testcase classname="tests.ingestion.test_config_factory.TestGetContextValue" name="test_get_existing_attribute" time="0.000" /><testcase classname="tests.ingestion.test_adapters" name="test_tool_runner_adapter_run_pyright_failure" time="0.002" /><testcase classname="tests.ingestion.test_adapters" name="test_tool_runner_adapter_run_pyrefly_success" time="0.000" /><testcase classname="tests.ingestion.test_adapters" name="test_tool_runner_adapter_run_pyrefly_failure" time="0.000" /><testcase classname="tests.ingestion.test_core.TestResolvedConfig" name="test_set_marks_resolved" time="0.000" /><testcase classname="tests.ingestion.test_ast_utils" name="test_duration_is_non_negative" time="0.002" /><testcase classname="tests.ingestion.test_ast_utils" name="test_timed_parse_returns_none_on_parse_failure" time="0.001" /><testcase classname="tests.ingestion.test_db_queries" name="test_query_error_attributes" time="0.001" /><testcase classname="tests.ingestion.test_db_queries" name="test_table_not_found_error" time="0.000" /><testcase classname="tests.ingestion.test_db_queries" name="test_column_not_found_error" time="0.000" /><testcase classname="tests.ingestion.test_db_queries" name="test_duckdb_query_errors_is_tuple" time="0.000" /><testcase classname="tests.ingestion.test_ast_utils" name="test_timed_parse_returns_none_for_missing_file" time="0.001" /><testcase classname="tests.ingestion.test_ast_utils" name="test_parse_and_index_workflow" time="0.001" /><testcase classname="tests.ingestion.test_adapters" name="test_small_batch_threshold_positive" time="0.001" /><testcase classname="tests.ingestion.test_adapters" name="test_ingest_macros_not_empty" time="0.000" /><testcase classname="tests.ingestion.test_adapters" name="test_ingest_macros_keys_are_table_format" time="0.000" /><testcase classname="tests.ingestion.test_adapters" name="test_ingest_macros_values_start_with_metadata" time="0.000" /><testcase classname="tests.ingestion.test_adapters" name="test_check_file_exists_false" time="0.002" /><testcase classname="tests.ingestion.test_adapters" name="test_tool_runner_adapter_run_scip_full_success" time="0.001" /><testcase classname="tests.ingestion.test_adapters" name="test_quote_identifier_rejects_sql_injection" time="0.002" /><testcase classname="tests.ingestion.test_adapters" name="test_quote_identifier_rejects_quotes" time="0.000" /><testcase classname="tests.ingestion.test_adapters" name="test_quote_identifier_rejects_semicolons" time="0.000" /><testcase classname="tests.ingestion.test_adapters" name="test_quote_table_key_valid" time="0.000" /><testcase classname="tests.ingestion.test_adapters" name="test_convert_scip_occurrence_full_range" time="0.000" /><testcase classname="tests.ingestion.test_adapters" name="test_convert_scip_occurrence_partial_range" time="0.000" /><testcase classname="tests.ingestion.test_adapters" name="test_convert_scip_occurrence_empty_range" time="0.000" /><testcase classname="tests.ingestion.test_ast_utils" name="test_none_end_line_uses_start" time="0.001" /><testcase classname="tests.ingestion.test_ast_utils" name="test_smallest_enclosing_span_preferred" time="0.000" /><testcase classname="tests.ingestion.test_ast_utils" name="test_parses_valid_file" time="0.001" /><testcase classname="tests.ingestion.test_ast_utils" name="test_returns_source_lines" time="0.001" /><testcase classname="tests.ingestion.test_adapters" name="test_quote_identifier_rejects_dashes" time="0.000" /><testcase classname="tests.ingestion.test_core.TestResolvedConfig" name="test_get_returns_value" time="0.000" /><testcase classname="tests.ingestion.test_adapters" name="test_tool_runner_adapter_run_scip_shard_success" time="0.001" /><testcase classname="tests.ingestion.test_core.TestValidationResult" name="test_failure" time="0.000" /><testcase classname="tests.ingestion.test_config_factory.TestBuildOptions" name="test_create_with_tool_service" time="0.000" /><testcase classname="tests.ingestion.test_core.TestResolvedConfig" name="test_with_dataclass_type" time="0.001" /><testcase classname="tests.ingestion.test_config_factory.TestInferConfigMapping" name="test_infer_basic_mapping" time="0.001" /><testcase classname="tests.ingestion.test_core.TestIngestPluginMetadata" name="test_frozen" time="0.001" /><testcase classname="tests.ingestion.test_config_factory.TestConfigFactory" name="test_build_with_tools_from_context" time="0.001" /><testcase classname="tests.ingestion.test_ast_utils" name="test_indexes_multiple_kinds" time="0.000" /><testcase classname="tests.ingestion.test_core.TestBaseIngestPlugin" name="test_default_requires" time="0.000" /><testcase classname="tests.ingestion.test_infrastructure_logging" name="test_change_log_handler_initializes_with_file" time="0.001" /><testcase classname="tests.ingestion.test_ast_utils" name="test_returns_lines_tree_and_duration" time="0.001" /><testcase classname="tests.ingestion.test_infrastructure_logging" name="test_change_log_handler_can_log_messages" time="0.001" /><testcase classname="tests.ingestion.test_infrastructure_logging" name="test_change_log_handler_creates_file_on_log" time="0.001" /><testcase classname="tests.ingestion.test_infrastructure_logging" name="test_log_progress_with_large_row_count" time="0.001" /><testcase classname="tests.ingestion.test_infrastructure_logging" name="test_get_change_logger_without_env_var" time="0.000" /><testcase classname="tests.ingestion.test_infrastructure_logging" name="test_get_change_logger_with_env_var" time="0.001" /><testcase classname="tests.ingestion.test_ast_utils" name="test_no_match_returns_none" time="0.001" /><testcase classname="tests.ingestion.test_infrastructure_logging" name="test_get_change_logger_propagates_messages" time="0.001" /><testcase classname="tests.ingestion.test_ingest_run_incremental_ast" name="test_ast_extract_plugin_succeeds_with_tracker" time="1.604" /><testcase classname="tests.ingestion.test_config_factory.TestGetContextValue" name="test_get_none_attribute" time="0.001" /><testcase classname="tests.ingestion.test_ingest_service" name="test_ingest_macro_tables_contains_expected_tables" time="0.000" /><testcase classname="tests.ingestion.test_ingest_service" name="test_ingest_macro_tables_all_have_schema_prefix" time="0.000" /><testcase classname="tests.ingestion.test_ingest_service" name="test_ingest_macro_tables_not_empty" time="0.000" /><testcase classname="tests.ingestion.test_adapters" name="test_check_file_exists_true" time="0.001" /><testcase classname="tests.ingestion.test_ingest_run_reporting" name="test_plugin_execution_success" time="1.648" /><testcase classname="tests.ingestion.test_config_factory.TestConfigFactory" name="test_build_simple_config" time="0.000" /><testcase classname="tests.ingestion.test_ingest_runs.TestIngestRun" name="test_to_row_tuple" time="0.001" /><testcase classname="tests.ingestion.test_ingest_runs.TestClassifyError" name="test_tool_not_found_error" time="0.000" /><testcase classname="tests.ingestion.test_ingest_runs.TestClassifyError" name="test_tool_execution_error" time="0.000" /><testcase classname="tests.ingestion.test_ingest_runs.TestClassifyError" name="test_tool_execution_timeout" time="0.000" /><testcase classname="tests.ingestion.test_infrastructure_logging" name="test_log_progress_logs_structured_message" time="0.001" /><testcase classname="tests.ingestion.test_infrastructure_logging" name="test_get_change_logger_does_not_add_duplicate_handlers" time="0.001" /><testcase classname="tests.ingestion.test_adapters" name="test_tool_runner_adapter_run_ruff_success" time="0.001" /><testcase classname="tests.ingestion.test_core.TestIngestPluginResult" name="test_fail" time="0.001" /><testcase classname="tests.ingestion.test_ingest_runs.TestClassifyError" name="test_value_error" time="0.000" /><testcase classname="tests.ingestion.test_ingest_runs.TestClassifyError" name="test_other_error" time="0.000" /><testcase classname="tests.ingestion.test_ingest_runs.TestJsonlIngestRunSink" name="test_record_creates_file" time="0.002" /><testcase classname="tests.ingestion.test_ingest_runs.TestJsonlIngestRunSink" name="test_record_appends_jsonl" time="0.001" /><testcase classname="tests.ingestion.test_ast_utils" name="test_multiline_function_span" time="0.001" /><testcase classname="tests.ingestion.test_middleware" name="test_run_after_calls_all_middleware_with_real_plugin" time="1.538" /><testcase classname="tests.ingestion.test_adapters" name="test_quote_table_key_unknown_table" time="0.001" /><testcase classname="tests.ingestion.test_adapters" name="test_batch_result_attributes" time="0.001" /><testcase classname="tests.ingestion.test_adapters" name="test_convert_scip_documents_empty" time="0.001" /><testcase classname="tests.ingestion.test_middleware" name="test_middleware_failure_logged_for_on_error" time="1.527" /><testcase classname="tests.ingestion.test_middleware" name="test_logging_after_execute_logs_failure" time="1.468" /><testcase classname="tests.ingestion.test_ast_utils" name="test_returns_none_for_missing_file" time="0.001" /><testcase classname="tests.ingestion.test_middleware" name="test_metrics_records_duration_on_success" time="1.544" /><testcase classname="tests.ingestion.test_middleware" name="test_metrics_on_error_records_metrics" time="1.498" /><testcase classname="tests.ingestion.test_infrastructure_logging" name="test_log_progress_with_zero_rows" time="0.001" /><testcase classname="tests.ingestion.test_infrastructure_logging" name="test_get_change_logger_writes_to_file" time="0.002" /><testcase classname="tests.ingestion.test_middleware" name="test_tracing_span_attributes_on_skip" time="1.533" /><testcase classname="tests.ingestion.test_ingest_runs.TestClassifyError" name="test_duckdb_error" time="0.001" /><testcase classname="tests.ingestion.test_middleware" name="test_tracing_after_without_before_handles_gracefully" time="1.491" /><testcase classname="tests.ingestion.test_ingest_runs.TestJsonlIngestRunSink" name="test_record_includes_timestamps" time="0.004" /><testcase classname="tests.ingestion.test_no_ad_hoc_changes" name="test_no_ad_hoc_change_detection[path1]" time="0.001" /><testcase classname="tests.ingestion.test_no_ad_hoc_changes" name="test_no_ad_hoc_change_detection[path2]" time="0.001" /><testcase classname="tests.ingestion.test_pipeline_integration" name="test_registry_returns_all_default_plugins" time="0.017" /><testcase classname="tests.ingestion.test_pipeline_integration" name="test_plan_respects_dependency_ordering" time="0.001" /><testcase classname="tests.ingestion.test_pipeline_integration" name="test_plan_excludes_disabled_plugins" time="0.001" /><testcase classname="tests.ingestion.test_pipeline_integration" name="test_custom_registry_with_plan" time="0.013" /><testcase classname="tests.ingestion.test_pipeline_integration" name="test_repo_scan_plugin_execution" time="1.596" /><testcase classname="tests.ingestion.test_middleware" name="test_logging_on_error_logs_exception" time="1.388" /><testcase classname="tests.ingestion.test_config_factory.TestConfigMapping" name="test_create_minimal" time="0.000" /><testcase classname="tests.ingestion.test_config_factory.TestConfigMapping" name="test_create_with_field_map" time="0.001" /><testcase classname="tests.ingestion.test_config_factory.TestConfigMapping" name="test_create_with_extra_fields" time="0.000" /><testcase classname="tests.ingestion.test_config_factory.TestConfigMapping" name="test_frozen_dataclass" time="0.001" /><testcase classname="tests.ingestion.test_pipeline_integration" name="test_incremental_scan_detects_changes" time="1.641" /><testcase classname="tests.ingestion.test_middleware" name="test_in_memory_metrics_clear_resets_metrics" time="0.000" /><testcase classname="tests.ingestion.test_middleware" name="test_tracing_creates_span_on_execute" time="1.369" /><testcase classname="tests.ingestion.test_middleware" name="test_tracing_custom_span_name_prefix" time="1.372" /><testcase classname="tests.ingestion.test_coverage_incremental" name="test_coverage_plugin_executes_with_tracker" time="1.474" /><testcase classname="tests.ingestion.test_middleware" name="test_logging_before_execute_logs_start_with_real_plugin" time="1.467" /><testcase classname="tests.ingestion.test_middleware" name="test_run_on_error_calls_all_middleware_with_real_plugin" time="1.457" /><testcase classname="tests.ingestion.test_middleware" name="test_tracing_span_attributes_on_error_result" time="1.428" /><testcase classname="tests.ingestion.test_middleware" name="test_metrics_records_row_counts" time="1.497" /><testcase classname="tests.ingestion.test_ingest_run_incremental_ast" name="test_ast_extract_plugin_succeeds_with_no_modules" time="1.388" /><testcase classname="tests.ingestion.test_ingest_run_reporting" name="test_plugin_execution_succeeds_without_tracker_in_scratch" time="1.496" /><testcase classname="tests.ingestion.test_pipeline_integration" name="test_ast_extract_plugin_execution_after_repo_scan" time="1.646" /><testcase classname="tests.ingestion.test_middleware" name="test_middleware_chain_error_handling_integration" time="2.217" /><testcase classname="tests.ingestion.test_module_inventory" name="test_source_scanner_only_used_in_repo_scan_and_config_ingest" time="0.001" /><testcase classname="tests.ingestion.test_module_inventory" name="test_module_inventory_round_trip" time="1.463" /><testcase classname="tests.ingestion.test_middleware" name="test_logging_without_start_time_handles_gracefully" time="1.209" /><testcase classname="tests.ingestion.test_middleware" name="test_tracing_span_attributes_on_success" time="1.213" /><testcase classname="tests.ingestion.test_middleware" name="test_in_memory_tracer_clear" time="0.000" /><testcase classname="tests.ingestion.test_middleware" name="test_middleware_implements_protocol[LoggingMiddleware]" time="0.001" /><testcase classname="tests.ingestion.test_plugin_contracts" name="test_foreign_key_constraint_basic" time="0.000" /><testcase classname="tests.ingestion.test_plugin_contracts" name="test_ingest_contract_spec_minimal" time="0.000" /><testcase classname="tests.ingestion.test_plugin_contracts" name="test_contract_violation_basic" time="0.000" /><testcase classname="tests.ingestion.test_plugin_contracts" name="test_contract_validation_result_success" time="0.001" /><testcase classname="tests.ingestion.test_plugin_contracts" name="test_contract_validation_result_failure" time="0.001" /><testcase classname="tests.ingestion.test_plugin_contracts" name="test_constraint_checkers_registry" time="0.000" /><testcase classname="tests.ingestion.test_middleware" name="test_tracing_on_error_records_exception" time="1.226" /><testcase classname="tests.ingestion.test_ingest_run_incremental_ast" name="test_plugin_result_ok_with_row_counts" time="0.001" /><testcase classname="tests.ingestion.test_ingest_run_incremental_ast" name="test_cst_extract_plugin_succeeds_with_tracker" time="1.337" /><testcase classname="tests.ingestion.test_coverage_incremental" name="test_coverage_plugin_without_coverage_file_skips" time="1.236" /><testcase classname="tests.ingestion.test_middleware" name="test_middleware_failure_does_not_break_chain" time="1.235" /><testcase classname="tests.ingestion.test_middleware" name="test_logging_after_execute_logs_success_with_real_plugin" time="1.267" /><testcase classname="tests.ingestion.test_middleware" name="test_metrics_records_skipped_status" time="1.238" /><testcase classname="tests.ingestion.test_ingest_run_reporting" name="test_plugin_skip_result" time="0.000" /><testcase classname="tests.ingestion.test_ingest_run_reporting" name="test_plugin_fail_result" time="0.000" /><testcase classname="tests.ingestion.test_ingest_runs.TestIngestRunStatus" name="test_status_values" time="0.000" /><testcase classname="tests.ingestion.test_pipeline_integration" name="test_full_pipeline_repo_scan_to_ast_extract" time="1.505" /><testcase classname="tests.ingestion.test_no_ad_hoc_changes" name="test_no_ad_hoc_change_detection[path0]" time="0.001" /><testcase classname="tests.ingestion.test_middleware" name="test_logging_custom_logger_name" time="1.356" /><testcase classname="tests.ingestion.test_pipeline_integration" name="test_recipe_fail_fast_behavior" time="1.354" /><testcase classname="tests.ingestion.test_middleware" name="test_tracing_no_tracer_configured" time="1.293" /><testcase classname="tests.ingestion.test_middleware" name="test_middleware_failure_logged_for_after_execute" time="1.290" /><testcase classname="tests.ingestion.test_middleware" name="test_logging_after_execute_logs_skipped" time="1.303" /><testcase classname="tests.ingestion.test_middleware" name="test_metrics_records_error_on_failure" time="1.282" /><testcase classname="tests.ingestion.test_pipeline_integration" name="test_pipeline_with_middleware" time="1.354" /><testcase classname="tests.ingestion.test_pipeline_integration" name="test_plugin_execution_with_provisioned_gateway" time="2.253" /><testcase classname="tests.ingestion.test_plugin_contracts" name="test_column_constraint_not_null" time="0.001" /><testcase classname="tests.ingestion.test_plugin_contracts" name="test_column_constraint_min_value" time="0.000" /><testcase classname="tests.ingestion.test_plugin_contracts" name="test_column_constraint_is_frozen" time="0.000" /><testcase classname="tests.ingestion.test_plugin_registry.TestPluginTables" name="test_list_by_table_multiple" time="0.010" /><testcase classname="tests.ingestion.test_plugin_registry.TestPlanOptions" name="test_defaults" time="0.000" /><testcase classname="tests.ingestion.test_plugin_registry.TestPlanOptions" name="test_with_values" time="0.000" /><testcase classname="tests.ingestion.test_plugin_registry.TestPluginPlan" name="test_plan_with_custom_plugins" time="0.011" /><testcase classname="tests.ingestion.test_plugin_registry.TestPluginPlan" name="test_plan_respects_dependencies" time="0.010" /><testcase classname="tests.ingestion.test_plugin_registry.TestPluginPlan" name="test_plan_with_disabled" time="0.012" /><testcase classname="tests.ingestion.test_plugin_contracts" name="test_foreign_key_contract_with_spec" time="0.000" /><testcase classname="tests.ingestion.test_plugin_registry.TestIngestPluginRegistry" name="test_register_plugin" time="0.012" /><testcase classname="tests.ingestion.test_plugin_registry.TestUnregisterCleanup" name="test_unregister_removes_from_capability_index" time="0.012" /><testcase classname="tests.ingestion.test_plugin_registry.TestIngestPluginRegistry" name="test_register_duplicate_raises" time="0.001" /><testcase classname="tests.ingestion.test_plugin_registry.TestIngestPluginRegistry" name="test_unregister_plugin" time="0.011" /><testcase classname="tests.ingestion.test_plugin_registry.TestUnregisterCleanup" name="test_unregister_removes_from_stage_index" time="0.011" /><testcase classname="tests.ingestion.test_plugin_registry.TestIngestPluginRegistry" name="test_unregister_nonexistent_is_noop" time="0.001" /><testcase classname="tests.ingestion.test_plugin_registry.TestUnregisterCleanup" name="test_unregister_removes_from_table_index" time="0.012" /><testcase classname="tests.ingestion.test_plugins" name="test_disabled_plugins_are_skipped" time="0.011" /><testcase classname="tests.ingestion.test_plugin_registry.TestIngestPluginRegistry" name="test_get_plugin" time="0.011" /><testcase classname="tests.ingestion.test_plugin_registry.TestIngestPluginRegistry" name="test_get_nonexistent_raises" time="0.000" /><testcase classname="tests.ingestion.test_plugins" name="test_registry_includes_all_expected_plugins" time="0.011" /><testcase classname="tests.ingestion.test_plugins" name="test_custom_plugin_registry_execution" time="1.235" /><testcase classname="tests.ingestion.test_plugin_registry.TestIngestPluginRegistry" name="test_contains" time="0.011" /><testcase classname="tests.ingestion.test_plugins" name="test_metadata_exposes_tables_and_deps" time="0.000" /><testcase classname="tests.ingestion.test_plugins" name="test_plugin_metadata_required_fields" time="0.000" /><testcase classname="tests.ingestion.test_plugins" name="test_plan_respects_dependencies" time="0.001" /><testcase classname="tests.ingestion.test_plugins" name="test_result_ok_factory" time="0.000" /><testcase classname="tests.ingestion.test_plugins" name="test_plugin_metadata_defaults" time="0.000" /><testcase classname="tests.ingestion.test_plugins" name="test_plugin_metadata_custom_dependencies" time="0.000" /><testcase classname="tests.ingestion.test_plugins" name="test_result_ok_with_row_counts" time="0.000" /><testcase classname="tests.ingestion.test_plugins" name="test_result_ok_with_artifacts" time="0.000" /><testcase classname="tests.ingestion.test_plugins" name="test_plugin_metadata_with_resource_hints" time="0.000" /><testcase classname="tests.ingestion.test_plugins" name="test_result_fail_with_error_kind" time="0.000" /><testcase classname="tests.ingestion.test_plugins" name="test_result_fail_factory" time="0.000" /><testcase classname="tests.ingestion.test_plugins" name="test_result_skip_factory" time="0.000" /><testcase classname="tests.ingestion.test_plugins" name="test_scratch_consume_missing_returns_default" time="0.000" /><testcase classname="tests.ingestion.test_plugins" name="test_scratch_has_key" time="0.000" /><testcase classname="tests.ingestion.test_plugins" name="test_scratch_declare_and_consume" time="0.000" /><testcase classname="tests.ingestion.test_plugins" name="test_scratch_len_and_keys" time="0.000" /><testcase classname="tests.ingestion.test_plugins" name="test_scratch_cleanup_runs_callbacks" time="0.000" /><testcase classname="tests.ingestion.test_plugins" name="test_plugin_skip_basic" time="0.000" /><testcase classname="tests.ingestion.test_plugins" name="test_scratch_cleanup_clears_store" time="0.000" /><testcase classname="tests.ingestion.test_plugins" name="test_plugin_plan_ordered_names" time="0.000" /><testcase classname="tests.ingestion.test_plugins" name="test_scratch_cleanup_handles_callback_errors" time="0.001" /><testcase classname="tests.ingestion.test_plugins" name="test_plugin_plan_with_skipped" time="0.000" /><testcase classname="tests.ingestion.test_plugins" name="test_plugin_plan_plugin_count" time="0.000" /><testcase classname="tests.ingestion.test_plugins" name="test_is_ingest_plugin_false_for_none" time="0.000" /><testcase classname="tests.ingestion.test_plugins" name="test_is_ingest_plugin_true_for_valid" time="0.000" /><testcase classname="tests.ingestion.test_plugins" name="test_base_plugin_metadata_property" time="0.000" /><testcase classname="tests.ingestion.test_plugins" name="test_is_ingest_plugin_false_for_non_plugin" time="0.000" /><testcase classname="tests.ingestion.test_plugins" name="test_base_plugin_implements_protocol" time="0.000" /><testcase classname="tests.ingestion.test_plugins" name="test_table_writer_plugin_produces_tables" time="0.000" /><testcase classname="tests.ingestion.test_plugins" name="test_registry_plan_basic" time="0.013" /><testcase classname="tests.ingestion.test_plugins" name="test_registry_register_and_get" time="0.011" /><testcase classname="tests.ingestion.test_plugin_registry.TestPluginCapabilities" name="test_list_providing_empty" time="0.011" /><testcase classname="tests.ingestion.test_plugin_registry.TestIngestPluginRegistry" name="test_list_all" time="0.013" /><testcase classname="tests.ingestion.test_plugins" name="test_registry_plan_disabled" time="0.011" /><testcase classname="tests.ingestion.test_plugin_registry.TestPluginStages" name="test_list_by_stage" time="0.010" /><testcase classname="tests.ingestion.test_plugins" name="test_registry_get_nonexistent_raises_key_error" time="0.011" /><testcase classname="tests.ingestion.test_plugin_registry.TestIngestPluginRegistry" name="test_list_names" time="0.011" /><testcase classname="tests.ingestion.test_plugin_registry.TestPluginStages" name="test_list_by_stage_multiple" time="0.011" /><testcase classname="tests.ingestion.test_plugins" name="test_registry_list_plugins" time="0.010" /><testcase classname="tests.ingestion.test_plugins" name="test_ingest_stage_values[scan]" time="0.000" /><testcase classname="tests.ingestion.test_plugins" name="test_ingest_stage_values[parse]" time="0.001" /><testcase classname="tests.ingestion.test_plugins" name="test_ingest_stage_values[index]" time="0.000" /><testcase classname="tests.ingestion.test_plugins" name="test_ingest_severity_values[soft_fail]" time="0.000" /><testcase classname="tests.ingestion.test_plugin_registry.TestPluginCapabilities" name="test_list_providing" time="0.012" /><testcase classname="tests.ingestion.test_plugins" name="test_ingest_severity_values[skip_on_error]" time="0.000" /><testcase classname="tests.ingestion.test_plugins" name="test_ingest_isolation_values[process]" time="0.000" /><testcase classname="tests.ingestion.test_plugins" name="test_ingest_isolation_values[thread]" time="0.000" /><testcase classname="tests.ingestion.test_plugins" name="test_ingest_isolation_values[none]" time="0.000" /><testcase classname="tests.ingestion.test_py_ast_extract" name="test_ast_visitor_records_decorator_span" time="0.001" /><testcase classname="tests.ingestion.test_plugins" name="test_ingest_stage_values[enrich]" time="0.000" /><testcase classname="tests.ingestion.test_recipe_executor" name="test_executor_config_defaults" time="0.000" /><testcase classname="tests.ingestion.test_plugins" name="test_ingest_stage_values[validate]" time="0.000" /><testcase classname="tests.ingestion.test_plugin_registry.TestPluginTables" name="test_list_by_table" time="0.010" /><testcase classname="tests.ingestion.test_recipe_executor" name="test_executor_config_custom_values" time="0.000" /><testcase classname="tests.ingestion.test_recipe_executor" name="test_executor_config_run_id_is_unique" time="0.000" /><testcase classname="tests.ingestion.test_plugins" name="test_ingest_severity_values[fatal]" time="0.000" /><testcase classname="tests.ingestion.test_recipe_executor" name="test_recipe_stage_to_dict" time="0.000" /><testcase classname="tests.ingestion.test_recipe_executor" name="test_plugin_execution_record_default_values" time="0.000" /><testcase classname="tests.ingestion.test_recipe_executor" name="test_recipe_stage_to_dict_minimal" time="0.000" /><testcase classname="tests.ingestion.test_recipe_executor" name="test_recipe_stage_from_dict" time="0.000" /><testcase classname="tests.ingestion.test_recipe_executor" name="test_recipe_stage_from_dict_defaults" time="0.000" /><testcase classname="tests.ingestion.test_recipe_executor" name="test_recipe_options_defaults" time="0.000" /><testcase classname="tests.ingestion.test_plugin_registry.TestPluginCapabilities" name="test_list_providing_multiple" time="0.012" /><testcase classname="tests.ingestion.test_recipe_executor" name="test_recipe_options_custom" time="0.000" /><testcase classname="tests.ingestion.test_recipe_executor" name="test_recipe_stage_result_with_failures" time="0.000" /><testcase classname="tests.ingestion.test_recipe_executor" name="test_ingest_recipe_all_plugins" time="0.000" /><testcase classname="tests.ingestion.test_recipe_executor" name="test_recipe_execution_result_success" time="0.000" /><testcase classname="tests.ingestion.test_recipe_executor" name="test_ingest_recipe_disabled_plugins" time="0.000" /><testcase classname="tests.ingestion.test_recipe_executor" name="test_recipe_execution_result_with_error" time="0.000" /><testcase classname="tests.ingestion.test_recipe_executor" name="test_runtime_scratch_cleanup" time="0.000" /><testcase classname="tests.ingestion.test_recipe_executor" name="test_runtime_scratch_declare_and_consume" time="0.000" /><testcase classname="tests.ingestion.test_recipe_executor" name="test_runtime_scratch_consume_missing_key" time="0.000" /><testcase classname="tests.ingestion.test_recipe_executor" name="test_runtime_scratch_len_and_keys" time="0.000" /><testcase classname="tests.ingestion.test_recipe_executor" name="test_runtime_scratch_has_key" time="0.000" /><testcase classname="tests.ingestion.test_recipe_executor" name="test_plugin_plan_with_skipped" time="0.000" /><testcase classname="tests.ingestion.test_recipe_executor" name="test_plugin_plan_ordered_names" time="0.000" /><testcase classname="tests.ingestion.test_recipe_executor" name="test_plugin_registry_plan_basic" time="0.010" /><testcase classname="tests.ingestion.test_recipe_executor" name="test_recipe_executor_with_real_repo_scan" time="1.293" /><testcase classname="tests.ingestion.test_recipe_executor" name="test_ingest_recipe_from_dict" time="0.000" /><testcase classname="tests.ingestion.test_recipe_executor" name="test_ingest_recipe_to_dict" time="0.000" /><testcase classname="tests.ingestion.test_recipe_executor" name="test_recipe_stage_result_success" time="0.000" /><testcase classname="tests.ingestion.test_recipe_executor" name="test_recipe_executor_fail_fast_stops_on_error" time="1.234" /><testcase classname="tests.ingestion.test_recipe_executor" name="test_plugin_registry_plan_disabled" time="0.009" /><testcase classname="tests.ingestion.test_recipe_executor" name="test_recipe_executor_empty_stage_skipped" time="1.277" /><testcase classname="tests.ingestion.test_pipeline_integration" name="test_recipe_executor_single_stage" time="1.189" /><testcase classname="tests.ingestion.test_plugins" name="test_resource_hints_defaults" time="0.000" /><testcase classname="tests.ingestion.test_plugins" name="test_resource_hints_custom_values" time="0.000" /><testcase classname="tests.ingestion.test_recipe_executor" name="test_recipe_executor_duration_tracking" time="1.221" /><testcase classname="tests.ingestion.test_recipe_executor" name="test_recipe_executor_continue_on_soft_fail" time="1.284" /><testcase classname="tests.ingestion.test_recipe_executor" name="test_recipe_executor_multi_stage_with_dependencies" time="1.394" /><testcase classname="tests.ingestion.test_db_queries" name="test_safe_count_non_positive_invalid_table" time="6.998" /><testcase classname="tests.ingestion.test_db_queries" name="test_safe_max_value_empty_table" time="7.007" /><testcase classname="tests.ingestion.test_adapters" name="test_duckdb_adapter_ensure_schema_unknown_table" time="7.053" /><testcase classname="tests.ingestion.test_change_tracker" name="test_view_for_dataset_incremental" time="7.069" /><testcase classname="tests.ingestion.test_adapters" name="test_duckdb_adapter_con_property" time="7.070" /><testcase classname="tests.ingestion.test_db_queries" name="test_safe_macro_exists_existing_macro" time="7.071" /><testcase classname="tests.ingestion.test_db_queries" name="test_safe_count_with_scope_nonexistent_table" time="7.102" /><testcase classname="tests.ingestion.test_db_queries" name="test_safe_table_exists_different_schemas" time="7.122" /><testcase classname="tests.ingestion.test_db_queries" name="test_safe_not_null_fraction_half_null" time="7.129" /><testcase classname="tests.ingestion.test_adapters" name="test_duckdb_adapter_delete_by_params" time="7.183" /><testcase classname="tests.ingestion.test_adapters" name="test_duckdb_adapter_fetch_dataframe" time="7.158" /><testcase classname="tests.ingestion.test_db_queries" name="test_safe_count_nonexistent_table" time="7.142" /><testcase classname="tests.ingestion.test_ingest_service" name="test_macro_exists_returns_true_for_existing_macro" time="7.179" /><testcase classname="tests.ingestion.test_ingest_service" name="test_macro_exists_handles_malformed_table_key" time="7.190" /><testcase classname="tests.ingestion.test_db_queries" name="test_safe_count_nulls_invalid_column" time="7.203" /><testcase classname="tests.ingestion.test_db_queries" name="test_safe_count_existing_table" time="7.183" /><testcase classname="tests.ingestion.test_ingest_runs.TestDuckDBIngestRunSink" name="test_record_inserts_row" time="7.226" /><testcase classname="tests.ingestion.test_db_queries" name="test_safe_count_orphan_refs_with_orphans" time="7.235" /><testcase classname="tests.ingestion.test_adapters" name="test_duckdb_adapter_initialization" time="7.247" /><testcase classname="tests.ingestion.test_ingest_runs.TestMultiSink" name="test_record_fans_out" time="0.002" /><testcase classname="tests.ingestion.test_ingest_runs.TestMultiSink" name="test_record_continues_on_sink_failure" time="0.002" /><testcase classname="tests.ingestion.test_ingest_runs.TestMultiSink" name="test_empty_sinks" time="0.000" /><testcase classname="tests.ingestion.test_ingest_service" name="test_ingest_macro_tables_is_frozenset" time="0.000" /><testcase classname="tests.ingestion.test_resources" name="test_registry_get_nonexistent_raises" time="0.001" /><testcase classname="tests.ingestion.test_resources" name="test_registry_duplicate_registration_raises" time="0.001" /><testcase classname="tests.ingestion.test_resources" name="test_registry_register_or_replace" time="0.000" /><testcase classname="tests.ingestion.test_resources" name="test_registry_get_by_name" time="0.000" /><testcase classname="tests.ingestion.test_resources" name="test_registry_get_by_name_nonexistent_raises" time="0.000" /><testcase classname="tests.ingestion.test_resources" name="test_registry_has_registered" time="0.000" /><testcase classname="tests.ingestion.test_resources" name="test_registry_has_unregistered" time="0.000" /><testcase classname="tests.ingestion.test_resources" name="test_registry_has_by_name" time="0.000" /><testcase classname="tests.ingestion.test_resources" name="test_registry_get_or_none_found" time="0.000" /><testcase classname="tests.ingestion.test_resources" name="test_registry_get_or_none_not_found" time="0.000" /><testcase classname="tests.ingestion.test_resources" name="test_registry_require_found" time="0.000" /><testcase classname="tests.ingestion.test_resources" name="test_registry_require_not_found" time="0.000" /><testcase classname="tests.ingestion.test_resources" name="test_registry_require_by_name_found" time="0.000" /><testcase classname="tests.ingestion.test_resources" name="test_registry_clear" time="0.001" /><testcase classname="tests.ingestion.test_resources" name="test_registry_multiple_different_types" time="0.000" /><testcase classname="tests.ingestion.test_resources" name="test_provider_resource_name_attribute" time="0.000" /><testcase classname="tests.ingestion.test_resources" name="test_failing_provider_raises" time="0.001" /><testcase classname="tests.ingestion.test_resources" name="test_registry_workflow" time="0.001" /><testcase classname="tests.ingestion.test_resources" name="test_registry_optional_access" time="0.000" /><testcase classname="tests.ingestion.test_resources" name="test_registry_registered_types" time="0.000" /><testcase classname="tests.ingestion.test_resources" name="test_tools_provider_with_pre_configured_service" time="0.003" /><testcase classname="tests.ingestion.test_resources" name="test_tools_provider_creates_service_lazily" time="0.001" /><testcase classname="tests.ingestion.test_resources" name="test_tools_provider_runner_property_before_load" time="0.001" /><testcase classname="tests.ingestion.test_resources" name="test_tools_provider_runner_property_with_preconfigured" time="0.001" /><testcase classname="tests.ingestion.test_resources" name="test_tools_provider_runner_property_after_load" time="0.001" /><testcase classname="tests.ingestion.test_pipeline_integration" name="test_recipe_with_provisioned_gateway" time="2.045" /><testcase classname="tests.ingestion.test_pipeline_integration" name="test_recipe_executor_multi_stage" time="1.358" /><testcase classname="tests.ingestion.test_pipeline_integration" name="test_pipeline_rejects_missing_dependency" time="1.227" /><testcase classname="tests.ingestion.test_recipe_executor" name="test_recipe_executor_parallel_disabled" time="1.216" /><testcase classname="tests.ingestion.test_resources" name="test_resource_not_found_error_from_type" time="0.000" /><testcase classname="tests.ingestion.test_resources" name="test_resource_not_found_error_from_string" time="0.001" /><testcase classname="tests.ingestion.test_resources" name="test_resource_not_found_inherits_resource_error" time="0.000" /><testcase classname="tests.ingestion.test_resources" name="test_registry_init" time="0.001" /><testcase classname="tests.ingestion.test_resources" name="test_lazy_resource_get_loads_value" time="0.000" /><testcase classname="tests.ingestion.test_resources" name="test_lazy_resource_get_caches_value" time="0.000" /><testcase classname="tests.ingestion.test_resources" name="test_lazy_resource_get_or_none_success" time="0.000" /><testcase classname="tests.ingestion.test_resources" name="test_lazy_resource_get_or_none_failure" time="0.000" /><testcase classname="tests.ingestion.test_resources" name="test_lazy_resource_invalidate" time="0.000" /><testcase classname="tests.ingestion.test_resources" name="test_lazy_resource_set_preloaded" time="0.001" /><testcase classname="tests.ingestion.test_resources" name="test_lazy_resource_error_handling" time="0.000" /><testcase classname="tests.ingestion.test_resources" name="test_lazy_resource_error_cached" time="0.001" /><testcase classname="tests.ingestion.test_resources" name="test_resource_not_loaded_error_basic" time="0.000" /><testcase classname="tests.ingestion.test_resources" name="test_resource_not_loaded_error_with_reason" time="0.000" /><testcase classname="tests.ingestion.test_runner_plumbing" name="test_repo_scan_honors_scan_profile" time="1.060" /><testcase classname="tests.ingestion.test_resources" name="test_tracker_config_with_profile" time="0.001" /><testcase classname="tests.ingestion.test_resources" name="test_tracker_config_defaults" time="0.000" /><testcase classname="tests.ingestion.test_resources" name="test_tracker_config_with_full_rebuild" time="0.000" /><testcase classname="tests.ingestion.test_scip_ingest" name="test_ingest_scip_produces_artifacts" time="4.875"><skipped type="pytest.skip" message="SCIP ingestion not successful in test environment: SCIP indexing failed: Tool scip-python failed (code=127)&#10;Args: ('index', '/tmp/pytest-of-paul/pytest-611/popen-gw27/test_ingest_scip_produces_arti0/repo', '--output', '/tmp/pytest-of-paul/pytest-611/popen-gw27/test_ingest_scip_produces_arti0/repo/build/scip/index.scip')&#10;stderr: /usr/bin/env: 'node': No such file or directory">/home/paul/CodeIntel/tests/ingestion/test_scip_ingest.py:116: SCIP ingestion not successful in test environment: SCIP indexing failed: Tool scip-python failed (code=127)
Args: ('index', '/tmp/pytest-of-paul/pytest-611/popen-gw27/test_ingest_scip_produces_arti0/repo', '--output', '/tmp/pytest-of-paul/pytest-611/popen-gw27/test_ingest_scip_produces_arti0/repo/build/scip/index.scip')
stderr: /usr/bin/env: 'node': No such file or directory</skipped></testcase><testcase classname="tests.ingestion.test_recipe_executor" name="test_recipe_executor_with_provisioned_gateway" time="2.065" /><testcase classname="tests.ingestion.test_resources" name="test_registry_register_and_get" time="0.000" /><testcase classname="tests.ingestion.test_resources" name="test_registry_get_resource_value" time="0.000" /><testcase classname="tests.ingestion.test_scip_resolver.TestResolvedScipConfig" name="test_create_minimal" time="0.001" /><testcase classname="tests.ingestion.test_scip_resolver.TestResolvedScipConfig" name="test_create_with_modules" time="0.001" /><testcase classname="tests.ingestion.test_scip_resolver.TestResolvedScipConfig" name="test_frozen_dataclass" time="0.000" /><testcase classname="tests.ingestion.test_scip_resolver.TestScipResolverInput" name="test_create_empty" time="0.000" /><testcase classname="tests.ingestion.test_scip_resolver.TestScipResolverInput" name="test_create_with_explicit_params" time="0.000" /><testcase classname="tests.ingestion.test_scip_resolver.TestScipResolverInput" name="test_create_with_modules" time="0.001" /><testcase classname="tests.ingestion.test_scip_resolver.TestScipResolverInput" name="test_frozen_dataclass" time="0.000" /><testcase classname="tests.ingestion.test_plugin_contracts" name="test_validator_table_not_exists" time="6.406" /><testcase classname="tests.ingestion.test_runner_plumbing" name="test_coverage_ingest_uses_runner" time="1.678" /><testcase classname="tests.ingestion.test_plugin_contracts" name="test_validator_min_value_fail" time="6.374" /><testcase classname="tests.ingestion.test_plugin_contracts" name="test_validator_min_fraction_not_null_fail" time="6.351" /><testcase classname="tests.ingestion.test_db_queries" name="test_safe_get_columns_existing_table" time="6.331" /><testcase classname="tests.ingestion.test_plugin_contracts" name="test_validator_skip_if_empty" time="6.258" /><testcase classname="tests.ingestion.test_plugin_contracts" name="test_validator_multiple_contracts" time="6.160" /><testcase classname="tests.ingestion.test_plugin_contracts" name="test_row_count_contract_builder" time="0.000" /><testcase classname="tests.ingestion.test_plugin_contracts" name="test_not_null_contract_builder" time="0.000" /><testcase classname="tests.ingestion.test_plugin_contracts" name="test_foreign_key_contract_builder" time="0.000" /><testcase classname="tests.ingestion.test_recipe_executor" name="test_recipe_executor_context_minimal" time="6.241" /><testcase classname="tests.ingestion.test_recipe_executor" name="test_plugin_execution_record_success" time="0.000" /><testcase classname="tests.ingestion.test_recipe_executor" name="test_plugin_execution_record_with_error" time="0.000" /><testcase classname="tests.ingestion.test_db_queries" name="test_safe_min_value_invalid_table" time="6.090" /><testcase classname="tests.ingestion.test_adapters" name="test_duckdb_adapter_write_batch_empty" time="6.054" /><testcase classname="tests.ingestion.test_db_queries" name="test_safe_count_duplicates_with_dupes" time="6.160" /><testcase classname="tests.ingestion.test_db_queries" name="test_safe_count_sql_injection_protection" time="6.045" /><testcase classname="tests.ingestion.test_adapters" name="test_duckdb_adapter_execute_query" time="6.151" /><testcase classname="tests.ingestion.test_db_queries" name="test_safe_macro_exists_nonexistent_macro" time="6.127" /><testcase classname="tests.ingestion.test_change_tracker" name="test_view_for_dataset_full_rebuild_when_changed_ratio_exceeds_policy" time="6.168" /><testcase classname="tests.ingestion.test_db_queries" name="test_safe_not_null_fraction_all_null" time="6.097" /><testcase classname="tests.ingestion.test_db_queries" name="test_safe_count_with_scope_no_matches" time="6.135" /><testcase classname="tests.ingestion.test_adapters" name="test_adapter_write_and_query_cycle" time="6.191" /><testcase classname="tests.ingestion.test_adapters" name="test_duckdb_adapter_execute_query_no_params" time="6.140" /><testcase classname="tests.ingestion.test_db_queries" name="test_safe_count_invalid_table_key" time="6.165" /><testcase classname="tests.ingestion.test_ingest_service" name="test_macro_exists_with_multiple_dots_in_table_key" time="6.135" /><testcase classname="tests.ingestion.test_ingest_service" name="test_macro_exists_returns_false_for_nonexistent_macro" time="6.154" /><testcase classname="tests.ingestion.test_ingest_service" name="test_macro_exists_handles_duckdb_errors_gracefully" time="6.156" /><testcase classname="tests.ingestion.test_db_queries" name="test_safe_count_nulls_invalid_table" time="6.152" /><testcase classname="tests.ingestion.test_adapters" name="test_build_delete_in_query" time="0.000" /><testcase classname="tests.ingestion.test_adapters" name="test_quote_macro_name_simple" time="0.000" /><testcase classname="tests.ingestion.test_adapters" name="test_quote_macro_name_invalid" time="0.000" /><testcase classname="tests.ingestion.test_db_queries" name="test_safe_count_orphan_refs_with_nulls_allowed" time="6.144" /><testcase classname="tests.ingestion.test_adapters" name="test_duckdb_adapter_ensure_schema" time="6.153" /><testcase classname="tests.ingestion.test_resources" name="test_ingest_storage_service_from_gateway" time="6.102" /><testcase classname="tests.ingestion.test_middleware" name="test_middleware_implements_protocol[MetricsMiddleware]" time="0.001" /><testcase classname="tests.ingestion.test_middleware" name="test_middleware_implements_protocol[TracingMiddleware]" time="0.001" /><testcase classname="tests.ingestion.test_middleware" name="test_recording_middleware_implements_protocol" time="0.000" /><testcase classname="tests.ingestion.test_ingest_runs.TestIngestRunMode" name="test_mode_values" time="0.001" /><testcase classname="tests.ingestion.test_ingest_runs.TestIngestRun" name="test_create_minimal" time="0.000" /><testcase classname="tests.ingestion.test_ingest_runs.TestIngestRun" name="test_create_with_metrics" time="0.000" /><testcase classname="tests.ingestion.test_ingest_runs.TestIngestRun" name="test_create_with_error" time="0.000" /><testcase classname="tests.ingestion.test_ingest_runs.TestIngestRun" name="test_create_with_incremental_metrics" time="0.000" /><testcase classname="tests.ingestion.test_steps_comprehensive" name="test_flatten_dict_simple" time="0.000" /><testcase classname="tests.ingestion.test_steps_comprehensive" name="test_flatten_dict_nested" time="0.000" /><testcase classname="tests.ingestion.test_steps_comprehensive" name="test_flatten_dict_deeply_nested" time="0.000" /><testcase classname="tests.ingestion.test_steps_comprehensive" name="test_flatten_dict_empty" time="0.000" /><testcase classname="tests.ingestion.test_steps_comprehensive" name="test_flatten_dict_with_none" time="0.000" /><testcase classname="tests.ingestion.test_steps_comprehensive" name="test_flatten_dict_with_mixed_types" time="0.000" /><testcase classname="tests.ingestion.test_steps_comprehensive" name="test_flatten_list_items_simple" time="0.000" /><testcase classname="tests.ingestion.test_steps_comprehensive" name="test_flatten_list_items_with_dicts" time="0.000" /><testcase classname="tests.ingestion.test_steps_comprehensive" name="test_flatten_list_items_empty" time="0.000" /><testcase classname="tests.ingestion.test_steps_comprehensive" name="test_flatten_list_items_with_strings" time="0.000" /><testcase classname="tests.ingestion.test_steps_comprehensive" name="test_parse_toml_valid" time="0.000" /><testcase classname="tests.ingestion.test_steps_comprehensive" name="test_parse_toml_invalid" time="0.001" /><testcase classname="tests.ingestion.test_steps_comprehensive" name="test_parse_toml_with_nested_sections" time="0.000" /><testcase classname="tests.ingestion.test_steps_comprehensive" name="test_parse_yaml_valid" time="0.001" /><testcase classname="tests.ingestion.test_steps_comprehensive" name="test_parse_yaml_invalid" time="0.001" /><testcase classname="tests.ingestion.test_steps_comprehensive" name="test_parse_yaml_non_dict" time="0.000" /><testcase classname="tests.ingestion.test_steps_comprehensive" name="test_parse_yaml_empty" time="0.000" /><testcase classname="tests.ingestion.test_steps_comprehensive" name="test_parse_json_valid" time="0.000" /><testcase classname="tests.ingestion.test_steps_comprehensive" name="test_parse_json_invalid" time="0.000" /><testcase classname="tests.ingestion.test_steps_comprehensive" name="test_parse_json_non_dict" time="0.000" /><testcase classname="tests.ingestion.test_steps_comprehensive" name="test_parse_ini_valid" time="0.001" /><testcase classname="tests.ingestion.test_steps_comprehensive" name="test_parse_ini_invalid" time="0.000" /><testcase classname="tests.ingestion.test_steps_comprehensive" name="test_parse_ini_multiple_sections" time="0.000" /><testcase classname="tests.ingestion.test_steps_comprehensive" name="test_parse_config_file_by_extension" time="0.001" /><testcase classname="tests.ingestion.test_steps_comprehensive" name="test_parse_config_file_unknown_extension" time="0.000" /><testcase classname="tests.ingestion.test_steps_comprehensive" name="test_parse_config_file_case_insensitive_extension" time="0.000" /><testcase classname="tests.ingestion.test_steps_comprehensive" name="test_compute_annotation_info_fully_typed" time="0.001" /><testcase classname="tests.ingestion.test_steps_comprehensive" name="test_compute_annotation_info_partially_typed" time="0.000" /><testcase classname="tests.ingestion.test_steps_comprehensive" name="test_compute_annotation_info_untyped" time="0.000" /><testcase classname="tests.ingestion.test_steps_comprehensive" name="test_compute_annotation_info_excludes_self_cls" time="0.000" /><testcase classname="tests.ingestion.test_steps_comprehensive" name="test_compute_annotation_info_async_function" time="0.000" /><testcase classname="tests.ingestion.test_steps_comprehensive" name="test_compute_annotation_info_syntax_error" time="0.000" /><testcase classname="tests.ingestion.test_steps_comprehensive" name="test_compute_annotation_info_no_functions" time="0.000" /><testcase classname="tests.ingestion.test_steps_comprehensive" name="test_compute_annotation_info_multiple_functions" time="0.000" /><testcase classname="tests.ingestion.test_steps_comprehensive" name="test_compute_annotation_info_with_decorators" time="0.000" /><testcase classname="tests.ingestion.test_steps_comprehensive" name="test_collect_function_params_posonlyargs" time="0.000" /><testcase classname="tests.ingestion.test_steps_comprehensive" name="test_collect_function_params_varargs" time="0.000" /><testcase classname="tests.ingestion.test_steps_comprehensive" name="test_is_fully_typed_true" time="0.000" /><testcase classname="tests.ingestion.test_steps_comprehensive" name="test_is_fully_typed_false_missing_annotation" time="0.000" /><testcase classname="tests.ingestion.test_steps_comprehensive" name="test_is_fully_typed_false_no_return" time="0.000" /><testcase classname="tests.ingestion.test_steps_comprehensive" name="test_is_fully_typed_ignores_self_cls" time="0.000" /><testcase classname="tests.ingestion.test_steps_comprehensive" name="test_is_fully_typed_empty_params" time="0.000" /><testcase classname="tests.ingestion.test_steps_comprehensive" name="test_annotation_info_dataclass" time="0.000" /><testcase classname="tests.ingestion.test_steps_comprehensive" name="test_tests_ingest_step_success" time="0.001" /><testcase classname="tests.ingestion.test_steps_comprehensive" name="test_tests_ingest_step_missing_report" time="0.001" /><testcase classname="tests.ingestion.test_steps_comprehensive" name="test_tests_ingest_step_invalid_json" time="0.001" /><testcase classname="tests.ingestion.test_steps_comprehensive" name="test_tests_ingest_step_empty_tests" time="0.001" /><testcase classname="tests.ingestion.test_steps_comprehensive" name="test_tests_ingest_step_long_longrepr_truncated" time="0.001" /><testcase classname="tests.ingestion.test_subprocess_policy" name="test_no_direct_subprocess_usage_outside_tooling" time="0.026" /><testcase classname="tests.ingestion.test_tools" name="test_tool_runner_missing_binary_raises_not_found_error" time="0.001" /><testcase classname="tests.ingestion.test_tools" name="test_tool_runner_unknown_tool_raises_value_error" time="0.001" /><testcase classname="tests.ingestion.test_tools" name="test_pyright_plugin_not_found_downgrades_to_not_found_status" time="0.001" /><testcase classname="tests.ingestion.test_tools" name="test_pyright_plugin_successful_run_returns_ok_status" time="0.001" /><testcase classname="tests.ingestion.test_tools" name="test_default_registry_contains_expected_plugins" time="0.003" /><testcase classname="tests.ingestion.test_scip_ingest" name="test_scip_ingest_result_factory" time="0.000" /><testcase classname="tests.ingestion.test_resources" name="test_tracker_provider_load_creates_tracker" time="5.920" /><testcase classname="tests.ingestion.test_tools" name="test_tool_service_pyright_parses_errors" time="0.562" /><testcase classname="tests.ingestion.test_resources" name="test_lazy_resource_initial_state" time="0.001" /><testcase classname="tests.ingestion.test_tools" name="test_diagnostic_entry_attributes" time="0.001" /><testcase classname="tests.ingestion.test_tools" name="test_diagnostic_result_ok_status" time="0.000" /><testcase classname="tests.ingestion.test_tools" name="test_diagnostic_result_with_diagnostics" time="0.000" /><testcase classname="tests.ingestion.test_tools" name="test_diagnostic_result_errors_by_path" time="0.001" /><testcase classname="tests.ingestion.test_tools" name="test_diagnostic_result_failed_status" time="0.000" /><testcase classname="tests.ingestion.test_tools" name="test_coverage_file_data_attributes" time="0.000" /><testcase classname="tests.ingestion.test_tools" name="test_coverage_file_data_default_excluded_lines" time="0.000" /><testcase classname="tests.ingestion.test_tools" name="test_coverage_result_ok_status" time="0.000" /><testcase classname="tests.ingestion.test_tools" name="test_coverage_result_with_files" time="0.000" /><testcase classname="tests.ingestion.test_tools" name="test_scip_symbol_attributes" time="0.000" /><testcase classname="tests.ingestion.test_tools" name="test_scip_symbol_defaults" time="0.000" /><testcase classname="tests.ingestion.test_tools" name="test_port_scip_occurrence_attributes" time="0.000" /><testcase classname="tests.ingestion.test_tools" name="test_port_scip_occurrence_required_fields_only" time="0.001" /><testcase classname="tests.ingestion.test_tools" name="test_port_scip_document_attributes" time="0.001" /><testcase classname="tests.ingestion.test_tools" name="test_port_scip_document_defaults" time="0.000" /><testcase classname="tests.ingestion.test_tools" name="test_scip_result_ok_status" time="0.000" /><testcase classname="tests.ingestion.test_tools" name="test_scip_result_with_documents" time="0.000" /><testcase classname="tests.ingestion.test_tools" name="test_test_case_attributes" time="0.000" /><testcase classname="tests.ingestion.test_tools" name="test_test_case_with_failure" time="0.000" /><testcase classname="tests.ingestion.test_tools" name="test_test_case_defaults" time="0.001" /><testcase classname="tests.ingestion.test_tools" name="test_test_result_ok_status" time="0.000" /><testcase classname="tests.ingestion.test_tools" name="test_test_result_with_tests" time="0.000" /><testcase classname="tests.ingestion.test_tools" name="test_test_result_passed_count" time="0.000" /><testcase classname="tests.ingestion.test_tools" name="test_test_result_failed_count" time="0.000" /><testcase classname="tests.ingestion.test_tools" name="test_tool_result_diagnostic_workflow" time="0.000" /><testcase classname="tests.ingestion.test_tools" name="test_tool_service_get_plugin_returns_registered_plugin" time="0.004" /><testcase classname="tests.ingestion.test_tools" name="test_tool_service_run_plugin_raises_key_error_for_unknown" time="0.001" /><testcase classname="tests.ingestion.test_tools" name="test_tool_service_run_plugin_success" time="0.001" /><testcase classname="tests.ingestion.test_tools" name="test_tool_service_run_pyright_not_found" time="0.001" /><testcase classname="tests.ingestion.test_tools" name="test_tool_service_run_pyright_success" time="0.001" /><testcase classname="tests.ingestion.test_tools" name="test_tool_service_run_pyrefly_not_found" time="0.002" /><testcase classname="tests.ingestion.test_tools" name="test_tool_service_run_ruff_not_found" time="0.002" /><testcase classname="tests.ingestion.test_tools" name="test_tool_service_run_coverage_not_found" time="0.003" /><testcase classname="tests.ingestion.test_tools" name="test_coverage_file_report_from_summary" time="0.000" /><testcase classname="tests.ingestion.test_tools" name="test_coverage_file_report_attributes" time="0.000" /><testcase classname="tests.ingestion.test_tools" name="test_tool_service_get_test_report_returns_parsed" time="0.001" /><testcase classname="tests.ingestion.test_tools" name="test_tool_service_get_test_report_returns_empty_for_none" time="0.000" /><testcase classname="tests.ingestion.test_tools" name="test_tool_service_run_pytest_raises_not_found" time="0.003" /><testcase classname="tests.ingestion.test_tools" name="test_tool_service_run_pytest_skips_if_exists" time="0.002" /><testcase classname="tests.ingestion.test_tools" name="test_tool_service_run_scip_not_found" time="0.002" /><testcase classname="tests.ingestion.test_tools" name="test_file_diagnostic_count_attributes" time="0.001" /><testcase classname="tests.ingestion.test_tools" name="test_diagnostic_report_from_error_counts" time="0.001" /><testcase classname="tests.ingestion.test_tools" name="test_diagnostic_report_errors_by_path" time="0.000" /><testcase classname="tests.ingestion.test_tools" name="test_diagnostic_report_empty" time="0.000" /><testcase classname="tests.ingestion.test_tools" name="test_coverage_file_summary_properties" time="0.000" /><testcase classname="tests.ingestion.test_tools" name="test_coverage_file_summary_zero_lines" time="0.000" /><testcase classname="tests.ingestion.test_tools" name="test_coverage_report_from_file_reports" time="0.000" /><testcase classname="tests.ingestion.test_tools" name="test_coverage_report_empty" time="0.000" /><testcase classname="tests.ingestion.test_tools" name="test_coverage_report_by_path" time="0.000" /><testcase classname="tests.ingestion.test_tools" name="test_parse_test_duration_valid" time="0.001" /><testcase classname="tests.ingestion.test_tools" name="test_parse_test_duration_missing" time="0.000" /><testcase classname="tests.ingestion.test_tools" name="test_parse_test_markers_dict" time="0.000" /><testcase classname="tests.ingestion.test_tools" name="test_parse_test_markers_list" time="0.000" /><testcase classname="tests.ingestion.test_tools" name="test_parse_test_markers_empty" time="0.001" /><testcase classname="tests.ingestion.test_tools" name="test_test_report_from_test_entries" time="0.000" /><testcase classname="tests.ingestion.test_tools" name="test_test_report_from_entries_skips_empty_nodeid" time="0.000" /><testcase classname="tests.ingestion.test_tools" name="test_test_report_empty" time="0.000" /><testcase classname="tests.ingestion.test_tools" name="test_results_scip_occurrence_attributes" time="0.000" /><testcase classname="tests.ingestion.test_tools" name="test_tool_service_coverage_reports_normalization" time="0.607" /><testcase classname="tests.ingestion.test_tools" name="test_results_scip_document_attributes" time="0.001" /><testcase classname="tests.ingestion.test_tools" name="test_tool_status_enum_values" time="0.001" /><testcase classname="tests.ingestion.test_tools" name="test_parse_scip_range_three_elements" time="0.000" /><testcase classname="tests.ingestion.test_tools" name="test_parse_scip_range_four_elements" time="0.001" /><testcase classname="tests.ingestion.test_tools" name="test_parse_scip_range_invalid" time="0.000" /><testcase classname="tests.ingestion.test_tools" name="test_parse_scip_occurrence_invalid_symbol" time="0.000" /><testcase classname="tests.ingestion.test_tools" name="test_parse_scip_occurrence_valid" time="0.000" /><testcase classname="tests.ingestion.test_tools" name="test_parse_scip_occurrence_invalid_range" time="0.000" /><testcase classname="tests.ingestion.test_tools" name="test_scip_index_result_from_json_documents" time="0.000" /><testcase classname="tests.ingestion.test_tools" name="test_scip_index_result_empty" time="0.000" /><testcase classname="tests.ingestion.test_tools" name="test_scip_index_result_skips_invalid_docs" time="0.000" /><testcase classname="tests.ingestion.test_tools" name="test_scip_plugin_not_found_during_scip_python" time="0.002" /><testcase classname="tests.ingestion.test_tools" name="test_scip_plugin_type_error_on_missing_output_scip" time="0.001" /><testcase classname="tests.ingestion.test_tools" name="test_scip_plugin_type_error_on_invalid_target_dir" time="0.001" /><testcase classname="tests.ingestion.test_tools" name="test_scip_plugin_type_error_on_missing_output_json" time="0.001" /><testcase classname="tests.ingestion.test_tools" name="test_scip_plugin_type_error_on_invalid_rel_paths" time="0.001" /><testcase classname="tests.ingestion.test_tools" name="test_parse_scip_json_valid_dict_payload" time="0.001" /><testcase classname="tests.ingestion.test_tools" name="test_parse_scip_json_valid_list_payload" time="0.001" /><testcase classname="tests.ingestion.test_tools" name="test_parse_scip_json_invalid_json" time="0.001" /><testcase classname="tests.ingestion.test_tools" name="test_parse_scip_json_missing_file" time="0.001" /><testcase classname="tests.ingestion.test_tools" name="test_pytest_plugin_not_found" time="0.002" /><testcase classname="tests.ingestion.test_tools" name="test_pytest_plugin_type_error_on_missing_json_report_path" time="0.001" /><testcase classname="tests.ingestion.test_tools" name="test_pytest_plugin_execution_error" time="0.002" /><testcase classname="tests.ingestion.test_tools" name="test_parse_pytest_json_top_level_tests" time="0.000" /><testcase classname="tests.ingestion.test_tools" name="test_parse_pytest_json_missing_tests" time="0.001" /><testcase classname="tests.ingestion.test_tools" name="test_parse_pytest_json_nested_report" time="0.001" /><testcase classname="tests.ingestion.test_tools" name="test_parse_pytest_json_invalid_tests_type" time="0.001" /><testcase classname="tests.ingestion.test_workers.TestWorkerConfig" name="test_create_with_defaults" time="0.001" /><testcase classname="tests.ingestion.test_workers.TestWorkerConfig" name="test_create_with_custom_values" time="0.000" /><testcase classname="tests.ingestion.test_workers.TestResolveWorkerCount" name="test_explicit_count_takes_precedence" time="0.001" /><testcase classname="tests.ingestion.test_workers.TestWorkerConfig" name="test_frozen_dataclass" time="0.000" /><testcase classname="tests.ingestion.test_workers.TestResolveWorkerCount" name="test_explicit_zero_is_ignored" time="0.000" /><testcase classname="tests.ingestion.test_workers.TestResolveWorkerCount" name="test_negative_explicit_is_ignored" time="0.001" /><testcase classname="tests.ingestion.test_workers.TestResolveWorkerCount" name="test_env_var_takes_precedence_over_default" time="0.000" /><testcase classname="tests.ingestion.test_workers.TestResolveWorkerCount" name="test_invalid_env_var_is_ignored" time="0.001" /><testcase classname="tests.ingestion.test_workers.TestResolveWorkerCount" name="test_zero_env_var_is_ignored" time="0.000" /><testcase classname="tests.ingestion.test_workers.TestResolveWorkerCount" name="test_default_calculation" time="0.000" /><testcase classname="tests.ingestion.test_workers.TestResolveWorkerCount" name="test_custom_max_workers" time="0.001" /><testcase classname="tests.ingestion.test_workers.TestResolveWorkerCount" name="test_custom_min_workers" time="0.001" /><testcase classname="tests.ingestion.test_workers.TestCreateExecutor" name="test_create_process_executor" time="0.002" /><testcase classname="tests.ingestion.test_workers.TestCreateExecutor" name="test_create_thread_executor" time="0.000" /><testcase classname="tests.ingestion.test_workers.TestWorkerPool" name="test_worker_pool_process" time="0.002" /><testcase classname="tests.ingestion.test_workers.TestCreateExecutor" name="test_unknown_kind_defaults_to_thread" time="0.001" /><testcase classname="tests.ingestion.test_workers.TestWorkerPool" name="test_worker_pool_shutdown_on_exit" time="0.001" /><testcase classname="tests.ingestion.test_workers.TestWorkerPool" name="test_worker_pool_thread" time="0.000" /><testcase classname="tests.ingestion.test_workers.TestExecutorFactory" name="test_factory_creates_thread_executor" time="0.000" /><testcase classname="tests.ingestion.test_workers.TestExecutorFactory" name="test_factory_returns_callable" time="0.000" /><testcase classname="tests.ingestion.test_workers.TestExecutorFactory" name="test_factory_creates_new_instance_each_call" time="0.000" /><testcase classname="tests.ingestion.test_workers.TestExecutorFactory" name="test_factory_creates_process_executor" time="0.001" /><testcase classname="tests.ingestion.test_workers.TestPreConfiguredConfigs" name="test_ast_worker_config" time="0.000" /><testcase classname="tests.ingestion.test_workers.TestPreConfiguredConfigs" name="test_cst_worker_config" time="0.001" /><testcase classname="tests.ingestion.test_workers.TestDefaultConstants" name="test_default_max_workers" time="0.000" /><testcase classname="tests.ingestion.test_workers.TestDefaultConstants" name="test_default_min_workers" time="0.001" /><testcase classname="tests.ingestion.test_resources" name="test_tracker_provider_initialization" time="5.905" /><testcase classname="tests.ingestion.test_runner_plumbing" name="test_typing_ingest_uses_shared_runner" time="0.000"><skipped type="pytest.skip" message="Schema mismatch: StaticDiagnosticRow (6 cols) vs static_diagnostics table (8 cols)">/home/paul/CodeIntel/tests/ingestion/test_runner_plumbing.py:121: Schema mismatch: StaticDiagnosticRow (6 cols) vs static_diagnostics table (8 cols)</skipped></testcase><testcase classname="tests.ingestion.test_tools" name="test_tool_service_pyrefly_parses_errors" time="0.589" /><testcase classname="tests.ingestion.test_tools" name="test_tool_status_enum_comparison" time="0.001" /><testcase classname="tests.ingestion.test_scip_resolver.TestResolveScipInputs" name="test_resolve_with_explicit_params" time="5.901" /><testcase classname="tests.ingestion.test_resources" name="test_tracker_provider_with_config" time="5.927" /><testcase classname="tests.ingestion.test_middleware" name="test_middleware_chain_with_real_plugin_execution" time="1.816" /><testcase classname="tests.ingestion.test_plugin_contracts" name="test_validator_min_rows_violation" time="5.872" /><testcase classname="tests.ingestion.test_scip_resolver.TestModuleRecord" name="test_module_record_frozen" time="0.001" /><testcase classname="tests.ingestion.test_plugin_contracts" name="test_validator_max_value_fail" time="5.836" /><testcase classname="tests.ingestion.test_plugin_contracts" name="test_validator_foreign_key_pass" time="5.855" /><testcase classname="tests.ingestion.test_db_queries" name="test_safe_get_columns_nonexistent_table" time="5.934" /><testcase classname="tests.ingestion.test_plugin_contracts" name="test_validator_required_columns_missing" time="5.943" /><testcase classname="tests.ingestion.test_scip_resolver.TestResolveScipInputs" name="test_resolve_with_modules_kwarg" time="5.777" /><testcase classname="tests.ingestion.test_scip_resolver.TestResolveScipInputs" name="test_resolve_missing_commit_raises_value_error" time="5.902" /><testcase classname="tests.ingestion.test_scip_resolver.TestResolveScipInputs" name="test_resolve_missing_build_dir_raises_value_error" time="5.941" /><testcase classname="tests.ingestion.test_db_queries" name="test_safe_max_value_invalid_column" time="5.954" /><testcase classname="tests.ingestion.test_adapters" name="test_duckdb_adapter_write_batch_no_scope" time="6.011" /><testcase classname="tests.ingestion.test_db_queries" name="test_safe_table_exists_sql_injection_protection" time="5.978" /><testcase classname="tests.ingestion.test_db_queries" name="test_safe_count_duplicates_no_dupes" time="6.033" /><testcase classname="tests.ingestion.test_adapters" name="test_duckdb_adapter_execute_query_with_params" time="6.014" /><testcase classname="tests.ingestion.test_db_queries" name="test_safe_macro_exists_builtin_function" time="6.030" /><testcase classname="tests.ingestion.test_change_tracker" name="test_view_for_dataset_respects_module_filter_and_deleted_paths" time="6.029" /><testcase classname="tests.ingestion.test_db_queries" name="test_safe_not_null_fraction_empty_table" time="6.026" /><testcase classname="tests.ingestion.test_docstrings_inventory" name="test_docstrings_respects_scan_profile_and_module_inventory" time="1.081" /><testcase classname="tests.ingestion.test_db_queries" name="test_safe_table_exists_for_existing_table" time="6.045" /><testcase classname="tests.ingestion.test_adapters" name="test_duckdb_adapter_fetch_dataframe_with_params" time="6.053" /><testcase classname="tests.ingestion.test_db_queries" name="test_safe_count_empty_table_key" time="6.043" /><testcase classname="tests.ingestion.test_scip_resolver.TestResolveScipInputs" name="test_resolve_inputs_override_kwargs" time="6.043" /><testcase classname="tests.ingestion.test_resources" name="test_ingest_storage_service_run_batch" time="6.028" /><testcase classname="tests.ingestion.test_db_queries" name="test_safe_min_value_with_data" time="6.035" /><testcase classname="tests.ingestion.test_adapters" name="test_ingest_macros_has_core_modules" time="0.000" /><testcase classname="tests.ingestion.test_adapters" name="test_tool_runner_adapter_initialization" time="0.000" /><testcase classname="tests.ingestion.test_ingest_service" name="test_ingest_macro_tables_members_can_be_checked" time="6.236" /><testcase classname="tests.ingestion.test_ingest_service" name="test_macro_exists_extracts_correct_macro_name" time="6.068" /><testcase classname="tests.ingestion.test_db_queries" name="test_safe_count_orphan_refs_invalid_table" time="6.014" /><testcase classname="tests.ingestion.test_scip_resolver.TestModuleRecord" name="test_create_module_record" time="0.001" /><testcase classname="tests.ingestion.test_db_queries" name="test_foreign_key_ref_dataclass" time="0.001" /><testcase classname="tests.ingestion.test_db_queries" name="test_foreign_key_ref_default_allow_null" time="0.001" /><testcase classname="tests.ingestion.test_middleware" name="test_empty_chain_runs_without_error_with_real_plugin" time="1.015" /><testcase classname="tests.ingestion.test_docstrings_inventory" name="test_docstrings_uses_module_inventory_not_filesystem_scan" time="1.066" /><testcase classname="tests.ingestion.test_middleware" name="test_run_before_calls_all_middleware_with_real_plugin" time="1.067" /><testcase classname="tests.ingestion.test_scip_resolver.TestResolveScipInputs" name="test_resolve_with_scip_resolver_input" time="5.931" /><testcase classname="tests.ingestion.test_resources" name="test_tracker_provider_get_or_create_alias" time="6.037" /><testcase classname="tests.ingestion.test_scip_resolver.TestResolveScipInputs" name="test_resolve_with_modules_sequence" time="5.941" /><testcase classname="tests.ingestion.test_plugin_contracts" name="test_validator_positive_fail" time="5.968" /><testcase classname="tests.ingestion.test_plugin_contracts" name="test_validator_foreign_key_fail" time="6.041" /><testcase classname="tests.ingestion.test_db_queries" name="test_safe_get_columns_invalid_table_key" time="6.088" /><testcase classname="tests.ingestion.test_plugin_contracts" name="test_validator_not_null_constraint_pass" time="6.069" /><testcase classname="tests.ingestion.test_scip_resolver.TestResolveScipInputs" name="test_resolve_missing_repo_raises_value_error" time="6.035" /><testcase classname="tests.ingestion.test_scip_resolver.TestResolveScipInputs" name="test_resolve_missing_repo_root_raises_value_error" time="6.170" /><testcase classname="tests.ingestion.test_scip_resolver.TestResolveScipInputs" name="test_resolve_missing_document_output_dir_raises_value_error" time="6.238" /><testcase classname="tests.ingestion.test_db_queries" name="test_safe_count_non_positive_with_negatives" time="6.311" /><testcase classname="tests.ingestion.test_adapters" name="test_duckdb_adapter_write_batch_larger" time="6.380" /><testcase classname="tests.ingestion.test_db_queries" name="test_safe_count_with_special_characters" time="6.342" /><testcase classname="tests.ingestion.test_db_queries" name="test_safe_count_duplicates_invalid_table" time="6.382" /><testcase classname="tests.ingestion.test_adapters" name="test_duckdb_adapter_write_batch_small" time="6.428" /><testcase classname="tests.ingestion.test_db_queries" name="test_safe_not_null_fraction_invalid_table" time="6.340" /><testcase classname="tests.ingestion.test_change_tracker" name="test_view_for_dataset_full_rebuild_flag_forces_rebuild" time="6.380" /><testcase classname="tests.ingestion.test_change_tracker" name="test_incremental_ingest_ops_reparse_changed_modules" time="0.996" /><testcase classname="tests.ingestion.test_db_queries" name="test_safe_table_exists_for_nonexistent_table" time="6.380" /><testcase classname="tests.ingestion.test_db_queries" name="test_safe_count_returns_correct_count" time="6.344" /><testcase classname="tests.ingestion.test_db_queries" name="test_safe_max_value_with_data" time="6.335" /><testcase classname="tests.ingestion.test_resources" name="test_ingest_storage_service_run_batch_with_delete" time="6.370" /><testcase classname="tests.ingestion.test_ingest_service" name="test_macro_exists_with_various_schemas" time="6.357" /><testcase classname="tests.ingestion.test_plugin_contracts" name="test_validator_unique_fail" time="6.217" /><testcase classname="tests.ingestion.test_plugin_contracts" name="test_validator_severity_warning_does_not_cause_failure" time="6.167" /><testcase classname="tests.ingestion.test_db_queries" name="test_safe_count_nulls_no_nulls" time="6.230" /><testcase classname="tests.ingestion.test_plugin_contracts" name="test_validator_not_null_constraint_fail" time="6.235" /><testcase classname="tests.ingestion.test_db_queries" name="test_safe_count_non_positive_all_positive" time="6.220" /><testcase classname="tests.ingestion.test_adapters" name="test_duckdb_adapter_delete_by_paths_empty" time="6.245" /><testcase classname="tests.ingestion.test_db_queries" name="test_safe_count_with_unicode" time="6.250" /><testcase classname="tests.ingestion.test_db_queries" name="test_safe_not_null_fraction_all_not_null" time="6.286" /><testcase classname="tests.ingestion.test_db_queries" name="test_safe_count_orphan_refs_no_orphans" time="6.295" /><testcase classname="tests.ingestion.test_adapters" name="test_duckdb_adapter_delete_by_paths" time="6.289" /><testcase classname="tests.ingestion.test_db_queries" name="test_safe_table_exists_invalid_table_key" time="6.271" /><testcase classname="tests.ingestion.test_db_queries" name="test_safe_count_with_scope_filters_by_snapshot" time="6.269" /><testcase classname="tests.ingestion.test_db_queries" name="test_safe_min_value_empty_table" time="6.253" /><testcase classname="tests.ingestion.test_db_queries" name="test_safe_count_nulls_with_nulls" time="5.101" /></testsuite></testsuites>