<?xml version="1.0" encoding="utf-8"?><testsuites name="pytest tests"><testsuite name="pytest" errors="0" failures="46" skipped="5" tests="730" time="117.333" timestamp="2025-12-25T23:36:37.248456-06:00" hostname="MacBookPro.lan"><testcase classname="tests.build.hamilton.adapters.test_parallel.TestExecutionBackend" name="test_from_string" time="0.008" /><testcase classname="tests.build.hamilton.adapters.test_parallel.TestParallelConfig" name="test_from_env" time="0.013" /><testcase classname="tests.build.hamilton.adapters.test_parallel.TestExecutionBackend" name="test_values" time="0.013" /><testcase classname="tests.build.hamilton.adapters.test_parallel.TestParallelConfig" name="test_default_config" time="0.004" /><testcase classname="tests.build.hamilton.adapters.test_parallel.TestParallelConfig" name="test_from_cli_args" time="0.015" /><testcase classname="tests.build.exports.test_streaming_defaults" name="test_write_jsonl_records_uses_default_batch_size" time="0.006" /><testcase classname="tests.build.hamilton.adapters.test_parallel.TestParallelConfig" name="test_custom_config" time="0.015" /><testcase classname="tests.build.hamilton.adapters.test_parallel.TestParallelConfig" name="test_from_env_invalid_backend" time="0.017" /><testcase classname="tests.build.hamilton.adapters.test_parallel.TestParallelConfig" name="test_from_env_defaults" time="0.018" /><testcase classname="tests.build.exports.test_export_service_boundary" name="test_build_export_relation_uses_storage_export_service" time="0.849" /><testcase classname="tests.build.hamilton.adapters.test_parallel.TestCreateParallelAdapter" name="test_with_enum" time="0.001" /><testcase classname="tests.build.hamilton.adapters.test_parallel.TestCreateParallelAdapter" name="test_sequential_returns_none" time="0.001" /><testcase classname="tests.build.hamilton.adapters.test_parallel.TestCreateParallelAdapter" name="test_auto_selects_threadpool" time="0.001" /><testcase classname="tests.build.hamilton.adapters.test_parallel.TestThreadPoolAdapter" name="test_creation" time="0.001" /><testcase classname="tests.build.hamilton.adapters.test_parallel.TestCreateParallelAdapter" name="test_threadpool_returns_adapter" time="0.001" /><testcase classname="tests.build.hamilton.adapters.test_parallel.TestCreateParallelAdapter" name="test_with_max_workers" time="0.001" /><testcase classname="tests.build.hamilton.adapters.test_parallel.TestThreadPoolAdapter" name="test_implements_remote_execute_and_build_result" time="0.001" /><testcase classname="tests.build.hamilton.adapters.test_parallel.TestGetAvailableBackends" name="test_always_includes_basic" time="0.003" /><testcase classname="tests.build.hamilton.adapters.test_parallel" name="test_backend_string_normalization[mixedcase]" time="0.001" /><testcase classname="tests.build.hamilton.adapters.test_parallel" name="test_backend_string_normalization[uppercase]" time="0.001" /><testcase classname="tests.build.hamilton.adapters.test_parallel.TestCreateParallelAdapter" name="test_invalid_backend_falls_back" time="0.001" /><testcase classname="tests.build.hamilton.hooks.test_lifecycle.TestNodeTimingRecord" name="test_creation_with_task_id" time="0.001" /><testcase classname="tests.build.hamilton.adapters.test_parallel" name="test_backend_string_normalization[sequential]" time="0.001" /><testcase classname="tests.build.hamilton.hooks.test_lifecycle.TestProgressBarHook" name="test_creation_disabled" time="0.001" /><testcase classname="tests.build.hamilton.adapters.test_parallel" name="test_backend_string_normalization[threadpool]" time="0.002" /><testcase classname="tests.build.hamilton.hooks.test_lifecycle.TestProgressBarHook" name="test_run_before_disabled" time="0.002" /><testcase classname="tests.build.hamilton.hooks.test_lifecycle.TestNodeTimingRecord" name="test_creation" time="0.002" /><testcase classname="tests.build.hamilton.hooks.test_lifecycle.TestBuildTimingHook" name="test_records_timing" time="0.015" /><testcase classname="tests.build.hamilton.hooks.test_lifecycle.TestProgressBarHook" name="test_creation_with_desc" time="0.001" /><testcase classname="tests.build.hamilton.hooks.test_lifecycle.TestBuildTimingHook" name="test_creation" time="0.001" /><testcase classname="tests.build.hamilton.hooks.test_lifecycle.TestBuildTimingHook" name="test_get_slowest_nodes" time="0.001" /><testcase classname="tests.build.hamilton.hooks.test_lifecycle.TestProgressBarHook" name="test_run_after_disabled" time="0.001" /><testcase classname="tests.build.hamilton.hooks.test_lifecycle.TestBuildTimingHook" name="test_reset" time="0.001" /><testcase classname="tests.build.hamilton.hooks.test_lifecycle.TestConditionalHook" name="test_condition_cached" time="0.001" /><testcase classname="tests.build.hamilton.hooks.test_lifecycle.TestConditionalHook" name="test_enabled_condition" time="0.001" /><testcase classname="tests.build.hamilton.hooks.test_lifecycle.TestConditionalHook" name="test_disabled_condition" time="0.001" /><testcase classname="tests.build.hamilton.hooks.test_lifecycle.TestCreateProgressHook" name="test_creates_hook" time="0.000" /><testcase classname="tests.build.hamilton.hooks.test_lifecycle.TestBuildTimingHook" name="test_total_duration" time="0.001" /><testcase classname="tests.build.hamilton.hooks.test_lifecycle.TestCreateProgressHook" name="test_respects_ci_environment" time="0.001" /><testcase classname="tests.build.hamilton.hooks.test_lifecycle" name="test_timing_hook_logging_threshold[zero_threshold]" time="0.003" /><testcase classname="tests.build.hamilton.hooks.test_lifecycle" name="test_timing_hook_logging_threshold[above_threshold]" time="0.003" /><testcase classname="tests.build.hamilton.native.test_skip_logic.TestTargetRunRecord" name="test_target_run_record_skipped" time="0.001" /><testcase classname="tests.build.hamilton.hooks.test_lifecycle.TestCreateProgressHook" name="test_enabled_when_not_ci" time="0.001" /><testcase classname="tests.build.hamilton.native.test_skip_logic.TestSkipCheckRequest" name="test_skip_check_request_frozen" time="0.001" /><testcase classname="tests.build.hamilton.native.test_skip_logic.TestSkipCheckRequest" name="test_skip_check_with_manifest_index" time="0.002" /><testcase classname="tests.build.hamilton.native.test_skip_logic.TestTargetRunRecord" name="test_target_run_record_success" time="0.002" /><testcase classname="tests.build.hamilton.native.test_skip_logic.TestSkipCheckRequest" name="test_skip_check_no_manifest_returns_false" time="0.001" /><testcase classname="tests.build.hamilton.native.test_skip_logic.TestTargetRunRecord" name="test_target_run_record_failed" time="0.002" /><testcase classname="tests.build.hamilton.native.test_skip_logic.TestNativeTargetExecutorSkipLogic" name="test_executor_skip_returns_correct_status" time="0.001" /><testcase classname="tests.build.hamilton.native.test_skip_logic.TestSkipLogicIntegration" name="test_force_overrides_skip" time="0.001"><skipped type="pytest.skip" message="Requires full integration test infrastructure">/Users/paulheyse/CodeIntel/CodeIntel/tests/build/hamilton/native/test_skip_logic.py:262: Requires full integration test infrastructure</skipped></testcase><testcase classname="tests.build.hamilton.native.test_skip_logic.TestSkipLogicIntegration" name="test_manifest_persistence_enables_skip" time="0.001"><skipped type="pytest.skip" message="Requires full integration test infrastructure">/Users/paulheyse/CodeIntel/CodeIntel/tests/build/hamilton/native/test_skip_logic.py:251: Requires full integration test infrastructure</skipped></testcase><testcase classname="tests.build.hamilton.native.test_skip_logic.TestNativeTargetExecutorSkipLogic" name="test_executor_fail_returns_correct_status" time="0.001" /><testcase classname="tests.build.hamilton.native.test_skip_logic.TestNativeTargetExecutorSkipLogic" name="test_executor_execute_returns_correct_status" time="0.001" /><testcase classname="tests.build.hamilton.native.test_skip_logic.TestSkipLogicIntegration" name="test_input_change_triggers_recompute" time="0.001"><skipped type="pytest.skip" message="Requires full integration test infrastructure">/Users/paulheyse/CodeIntel/CodeIntel/tests/build/hamilton/native/test_skip_logic.py:273: Requires full integration test infrastructure</skipped></testcase><testcase classname="tests.build.hamilton.hooks.test_lifecycle" name="test_timing_hook_logging_threshold[below_threshold]" time="0.002" /><testcase classname="tests.build.hamilton.test_build_guardrails" name="test_no_forbidden_any_cast_in_native_targets" time="0.019" /><testcase classname="tests.build.hamilton.test_build_guardrails" name="test_no_compute_result_any_in_build" time="0.079" /><testcase classname="tests.build.hamilton.test_build_native_module_scans" name="test_build_native_modules_do_not_call_gateway_policy_writes" time="0.014" /><testcase classname="tests.build.hamilton.test_build_native_module_scans" name="test_build_native_modules_do_not_use_direct_ibis_table_accessor" time="0.014" /><testcase classname="tests.build.hamilton.test_cli_snapshots" name="test_cli_snapshot[pr21_plan_coverage_functions_native]" time="0.151"><failure message="AssertionError: Snapshot mismatch: /Users/paulheyse/CodeIntel/CodeIntel/tests/build/hamilton/snapshots/pr21_plan_coverage_functions_native.json&#10;--- Expected ---&#10;Usage: codeintel build plan [ARGS]&#10;&#10;Show build plan with status and reason for each target.&#10;&#10;╭─ Parameters ─────────────────────────────────────────────────────────────────╮&#10;│ TARGETS --targets            Target names to plan (e.g., function_metrics,   │&#10;│   --empty-targets            call_graph). [env var:                          │&#10;│                              CODEINTEL_BUILD_PLAN_TARGETS] [default: (none)] │&#10;│ MODULE --module -m           Plan all targets in a module (ingestion,        │&#10;│                              graphs, analytics, export). [env var:           │&#10;│                              CODEINTEL_BUILD_PLAN_MODULE] [default: (none)]  │&#10;│ ALL --all -a                 Plan all targets across all modules. [env var:  │&#10;│                              CODEINTEL_BUILD_PLAN_ALL] [default: false]      │&#10;│ FORCE --force --empty-force  Mark specific targets as forced (repeatable).   │&#10;│   -f                         [env var: CODEINTEL_BUILD_PLAN_FORCE] [default: │&#10;│                              (none)]                                         │&#10;│ OUTPUT --output -o           Output file path (stdout if not specified).     │&#10;│                              [env var: CODEINTEL_BUILD_PLAN_OUTPUT]          │&#10;│                              [default: (none)]                               │&#10;│ --flags                      [env var: CODEINTEL_BUILD_PLAN_FLAGS] [default: │&#10;│                              --flags]                                        │&#10;│ ROOT --root -r               Explicit project root directory. [env var:      │&#10;│                              CODEINTEL_BUILD_PLAN_ROOT] [default: (none)]    │&#10;│ OUTPUT-FORMAT                Output format. [choices: text, json, jsonl]     │&#10;│   --output-format            [env var: CODEINTEL_BUILD_PLAN_OUTPUT_FORMAT]   │&#10;│                              [default: text]                                 │&#10;│ JSON --json                  Alias for --output-format json. [env var:       │&#10;│                              CODEINTEL_BUILD_PLAN_JSON] [default: false]     │&#10;│ VERBOSE --verbose -v         Increase verbosity (0=warnings, 1=info,         │&#10;│                              2=debug). [env var:                             │&#10;│                              CODEINTEL_BUILD_PLAN_VERBOSE] [default: 0]      │&#10;╰──────────────────────────────────────────────────────────────────────────────╯&#10;&#10;--- Actual ---&#10;Usage: codeintel build plan [ARGS]&#10;&#10;Show build plan with status and reason for each target.&#10;&#10;╭─ Parameters ─────────────────────────────────────────────────────────────────╮&#10;│ TARGETS --targets            Target names to plan (e.g., function_metrics,   │&#10;│   --empty-targets            call_graph). [env var:                          │&#10;│                              CODEINTEL_BUILD_PLAN_TARGETS,                   │&#10;│                              CODEINTEL_BUILD_PLAN_TARGETS] [default: (none)] │&#10;│ MODULE --module -m           Plan all targets in a module (ingestion,        │&#10;│                              graphs, analytics, export). [env var:           │&#10;│                              CODEINTEL_BUILD_PLAN_MODULE,                    │&#10;│                              CODEINTEL_BUILD_PLAN_MODULE] [default: (none)]  │&#10;│ ALL --all -a                 Plan all targets across all modules. [env var:  │&#10;│                              CODEINTEL_BUILD_PLAN_ALL,                       │&#10;│                              CODEINTEL_BUILD_PLAN_ALL] [default: false]      │&#10;│ FORCE --force --empty-force  Mark specific targets as forced (repeatable).   │&#10;│   -f                         [env var: CODEINTEL_BUILD_PLAN_FORCE,           │&#10;│                              CODEINTEL_BUILD_PLAN_FORCE] [default: (none)]   │&#10;│ OUTPUT --output -o           Output file path (stdout if not specified).     │&#10;│                              [env var: CODEINTEL_BUILD_PLAN_OUTPUT,          │&#10;│                              CODEINTEL_BUILD_PLAN_OUTPUT] [default: (none)]  │&#10;│ *                            [env var: CODEINTEL_BUILD_PLAN_*] [default: *]  │&#10;│ ROOT --root -r               Explicit project root directory. [env var:      │&#10;│                              CODEINTEL_BUILD_PLAN_ROOT,                      │&#10;│                              CODEINTEL_BUILD_PLAN_ROOT] [default: (none)]    │&#10;│ OUTPUT-FORMAT                Output format. [choices: text, json, jsonl]     │&#10;│   --output-format            [env var: CODEINTEL_BUILD_PLAN_OUTPUT_FORMAT,   │&#10;│                              CODEINTEL_BUILD_PLAN_OUTPUT_FORMAT] [default:   │&#10;│                              text]                                           │&#10;│ JSON --json                  Alias for --output-format json. [env var:       │&#10;│                              CODEINTEL_BUILD_PLAN_JSON,                      │&#10;│                              CODEINTEL_BUILD_PLAN_JSON] [default: false]     │&#10;│ VERBOSE --verbose -v         Increase verbosity (0=warnings, 1=info,         │&#10;│                              2=debug). [env var:                             │&#10;│                              CODEINTEL_BUILD_PLAN_VERBOSE,                   │&#10;│                              CODEINTEL_BUILD_PLAN_VERBOSE] [default: 0]      │&#10;╰──────────────────────────────────────────────────────────────────────────────╯&#10;&#10;Run with --update-cli-snapshots to update.">snapshot_case = SnapshotCase(name='pr21_plan_coverage_functions_native', args=('build', 'plan', 'coverage_functions', '--format', 'jso...verage_functions_native.json', strip_keys=(), replace=(), tags=('pr21', 'plan', 'native', 'json', 'analytics', 'tiny'))
cli_snapshot_context = (PosixPath('/Users/paulheyse/CodeIntel/CodeIntel/tests/build/hamilton/snapshots'), SnapshotManifest(app_import='codein...apshot='pr78_build_validate_auto.json', strip_keys=(), replace=(), tags=('pr78', 'validate', 'json', 'integration')))))
request = &lt;FixtureRequest for &lt;Function test_cli_snapshot[pr21_plan_coverage_functions_native]&gt;&gt;

    @pytest.mark.cli_snapshot
    def test_cli_snapshot(
        snapshot_case: SnapshotCase,
        cli_snapshot_context: tuple[Path, SnapshotManifest],
        request: pytest.FixtureRequest,
    ) -&gt; None:
        """Execute CLI command and compare output to golden snapshot.
    
        Parameters
        ----------
        snapshot_case
            Test case from manifest.
        cli_snapshot_context
            Shared context with manifest and directory.
        request
            Pytest fixture request for config access.
        """
        snapshots_dir, manifest = cli_snapshot_context
        update = bool(request.config.getoption("--update-cli-snapshots"))
    
&gt;       execute_and_assert_snapshot(
            manifest=manifest,
            snapshots_dir=snapshots_dir,
            case=snapshot_case,
            update=update,
        )

tests/build/hamilton/test_cli_snapshots.py:234: 
_ _ _ _ _ _ _ _ _ _ _ _ _ _ _ _ _ _ _ _ _ _ _ _ _ _ _ _ _ _ _ _ _ _ _ _ _
tests/build/hamilton/snapshots/_runner.py:169: in execute_and_assert_snapshot
    assert_or_update_snapshot(actual=rendered, snapshot_path=snapshot_path, update=update)
_ _ _ _ _ _ _ _ _ _ _ _ _ _ _ _ _ _ _ _ _ _ _ _ _ _ _ _ _ _ _ _ _ _ _ _ _

    def assert_or_update_snapshot(
        *,
        actual: str,
        snapshot_path: Path,
        update: bool,
    ) -&gt; None:
        """Assert content matches snapshot or update the snapshot file.
    
        When update is True, writes actual content to snapshot_path.
        When update is False, compares actual to existing snapshot.
    
        Parameters
        ----------
        actual
            Actual content from CLI output (normalized).
        snapshot_path
            Path to snapshot file.
        update
            If True, update snapshot instead of comparing.
    
        Raises
        ------
        AssertionError
            If update is False and actual doesn't match expected.
        FileNotFoundError
            If update is False and snapshot file doesn't exist.
        """
        if update:
            snapshot_path.parent.mkdir(parents=True, exist_ok=True)
            snapshot_path.write_text(actual, encoding="utf-8")
            return
    
        if not snapshot_path.exists():
            msg = (
                f"Snapshot file not found: {snapshot_path}\n"
                f"Run with --update-cli-snapshots to create it."
            )
            raise FileNotFoundError(msg)
    
        expected = snapshot_path.read_text(encoding="utf-8")
        if actual != expected:
            msg = (
                f"Snapshot mismatch: {snapshot_path}\n"
                f"--- Expected ---\n{expected}\n"
                f"--- Actual ---\n{actual}\n"
                f"Run with --update-cli-snapshots to update."
            )
&gt;           raise AssertionError(msg)
E           AssertionError: Snapshot mismatch: /Users/paulheyse/CodeIntel/CodeIntel/tests/build/hamilton/snapshots/pr21_plan_coverage_functions_native.json
E           --- Expected ---
E           Usage: codeintel build plan [ARGS]
E           
E           Show build plan with status and reason for each target.
E           
E           ╭─ Parameters ─────────────────────────────────────────────────────────────────╮
E           │ TARGETS --targets            Target names to plan (e.g., function_metrics,   │
E           │   --empty-targets            call_graph). [env var:                          │
E           │                              CODEINTEL_BUILD_PLAN_TARGETS] [default: (none)] │
E           │ MODULE --module -m           Plan all targets in a module (ingestion,        │
E           │                              graphs, analytics, export). [env var:           │
E           │                              CODEINTEL_BUILD_PLAN_MODULE] [default: (none)]  │
E           │ ALL --all -a                 Plan all targets across all modules. [env var:  │
E           │                              CODEINTEL_BUILD_PLAN_ALL] [default: false]      │
E           │ FORCE --force --empty-force  Mark specific targets as forced (repeatable).   │
E           │   -f                         [env var: CODEINTEL_BUILD_PLAN_FORCE] [default: │
E           │                              (none)]                                         │
E           │ OUTPUT --output -o           Output file path (stdout if not specified).     │
E           │                              [env var: CODEINTEL_BUILD_PLAN_OUTPUT]          │
E           │                              [default: (none)]                               │
E           │ --flags                      [env var: CODEINTEL_BUILD_PLAN_FLAGS] [default: │
E           │                              --flags]                                        │
E           │ ROOT --root -r               Explicit project root directory. [env var:      │
E           │                              CODEINTEL_BUILD_PLAN_ROOT] [default: (none)]    │
E           │ OUTPUT-FORMAT                Output format. [choices: text, json, jsonl]     │
E           │   --output-format            [env var: CODEINTEL_BUILD_PLAN_OUTPUT_FORMAT]   │
E           │                              [default: text]                                 │
E           │ JSON --json                  Alias for --output-format json. [env var:       │
E           │                              CODEINTEL_BUILD_PLAN_JSON] [default: false]     │
E           │ VERBOSE --verbose -v         Increase verbosity (0=warnings, 1=info,         │
E           │                              2=debug). [env var:                             │
E           │                              CODEINTEL_BUILD_PLAN_VERBOSE] [default: 0]      │
E           ╰──────────────────────────────────────────────────────────────────────────────╯
E           
E           --- Actual ---
E           Usage: codeintel build plan [ARGS]
E           
E           Show build plan with status and reason for each target.
E           
E           ╭─ Parameters ─────────────────────────────────────────────────────────────────╮
E           │ TARGETS --targets            Target names to plan (e.g., function_metrics,   │
E           │   --empty-targets            call_graph). [env var:                          │
E           │                              CODEINTEL_BUILD_PLAN_TARGETS,                   │
E           │                              CODEINTEL_BUILD_PLAN_TARGETS] [default: (none)] │
E           │ MODULE --module -m           Plan all targets in a module (ingestion,        │
E           │                              graphs, analytics, export). [env var:           │
E           │                              CODEINTEL_BUILD_PLAN_MODULE,                    │
E           │                              CODEINTEL_BUILD_PLAN_MODULE] [default: (none)]  │
E           │ ALL --all -a                 Plan all targets across all modules. [env var:  │
E           │                              CODEINTEL_BUILD_PLAN_ALL,                       │
E           │                              CODEINTEL_BUILD_PLAN_ALL] [default: false]      │
E           │ FORCE --force --empty-force  Mark specific targets as forced (repeatable).   │
E           │   -f                         [env var: CODEINTEL_BUILD_PLAN_FORCE,           │
E           │                              CODEINTEL_BUILD_PLAN_FORCE] [default: (none)]   │
E           │ OUTPUT --output -o           Output file path (stdout if not specified).     │
E           │                              [env var: CODEINTEL_BUILD_PLAN_OUTPUT,          │
E           │                              CODEINTEL_BUILD_PLAN_OUTPUT] [default: (none)]  │
E           │ *                            [env var: CODEINTEL_BUILD_PLAN_*] [default: *]  │
E           │ ROOT --root -r               Explicit project root directory. [env var:      │
E           │                              CODEINTEL_BUILD_PLAN_ROOT,                      │
E           │                              CODEINTEL_BUILD_PLAN_ROOT] [default: (none)]    │
E           │ OUTPUT-FORMAT                Output format. [choices: text, json, jsonl]     │
E           │   --output-format            [env var: CODEINTEL_BUILD_PLAN_OUTPUT_FORMAT,   │
E           │                              CODEINTEL_BUILD_PLAN_OUTPUT_FORMAT] [default:   │
E           │                              text]                                           │
E           │ JSON --json                  Alias for --output-format json. [env var:       │
E           │                              CODEINTEL_BUILD_PLAN_JSON,                      │
E           │                              CODEINTEL_BUILD_PLAN_JSON] [default: false]     │
E           │ VERBOSE --verbose -v         Increase verbosity (0=warnings, 1=info,         │
E           │                              2=debug). [env var:                             │
E           │                              CODEINTEL_BUILD_PLAN_VERBOSE,                   │
E           │                              CODEINTEL_BUILD_PLAN_VERBOSE] [default: 0]      │
E           ╰──────────────────────────────────────────────────────────────────────────────╯
E           
E           Run with --update-cli-snapshots to update.

tests/build/hamilton/snapshots/_snapshot.py:218: AssertionError</failure></testcase><testcase classname="tests.build.hamilton.test_cli_snapshots" name="test_cli_snapshot[pr16_plan_function_metrics_contract]" time="0.168"><failure message="AssertionError: Snapshot mismatch: /Users/paulheyse/CodeIntel/CodeIntel/tests/build/hamilton/snapshots/pr16_plan_function_metrics_contract.json&#10;--- Expected ---&#10;Usage: codeintel build plan [ARGS]&#10;&#10;Show build plan with status and reason for each target.&#10;&#10;╭─ Parameters ─────────────────────────────────────────────────────────────────╮&#10;│ TARGETS --targets            Target names to plan (e.g., function_metrics,   │&#10;│   --empty-targets            call_graph). [env var:                          │&#10;│                              CODEINTEL_BUILD_PLAN_TARGETS] [default: (none)] │&#10;│ MODULE --module -m           Plan all targets in a module (ingestion,        │&#10;│                              graphs, analytics, export). [env var:           │&#10;│                              CODEINTEL_BUILD_PLAN_MODULE] [default: (none)]  │&#10;│ ALL --all -a                 Plan all targets across all modules. [env var:  │&#10;│                              CODEINTEL_BUILD_PLAN_ALL] [default: false]      │&#10;│ FORCE --force --empty-force  Mark specific targets as forced (repeatable).   │&#10;│   -f                         [env var: CODEINTEL_BUILD_PLAN_FORCE] [default: │&#10;│                              (none)]                                         │&#10;│ OUTPUT --output -o           Output file path (stdout if not specified).     │&#10;│                              [env var: CODEINTEL_BUILD_PLAN_OUTPUT]          │&#10;│                              [default: (none)]                               │&#10;│ --flags                      [env var: CODEINTEL_BUILD_PLAN_FLAGS] [default: │&#10;│                              --flags]                                        │&#10;│ ROOT --root -r               Explicit project root directory. [env var:      │&#10;│                              CODEINTEL_BUILD_PLAN_ROOT] [default: (none)]    │&#10;│ OUTPUT-FORMAT                Output format. [choices: text, json, jsonl]     │&#10;│   --output-format            [env var: CODEINTEL_BUILD_PLAN_OUTPUT_FORMAT]   │&#10;│                              [default: text]                                 │&#10;│ JSON --json                  Alias for --output-format json. [env var:       │&#10;│                              CODEINTEL_BUILD_PLAN_JSON] [default: false]     │&#10;│ VERBOSE --verbose -v         Increase verbosity (0=warnings, 1=info,         │&#10;│                              2=debug). [env var:                             │&#10;│                              CODEINTEL_BUILD_PLAN_VERBOSE] [default: 0]      │&#10;╰──────────────────────────────────────────────────────────────────────────────╯&#10;&#10;--- Actual ---&#10;Usage: codeintel build plan [ARGS]&#10;&#10;Show build plan with status and reason for each target.&#10;&#10;╭─ Parameters ─────────────────────────────────────────────────────────────────╮&#10;│ TARGETS --targets            Target names to plan (e.g., function_metrics,   │&#10;│   --empty-targets            call_graph). [env var:                          │&#10;│                              CODEINTEL_BUILD_PLAN_TARGETS,                   │&#10;│                              CODEINTEL_BUILD_PLAN_TARGETS] [default: (none)] │&#10;│ MODULE --module -m           Plan all targets in a module (ingestion,        │&#10;│                              graphs, analytics, export). [env var:           │&#10;│                              CODEINTEL_BUILD_PLAN_MODULE,                    │&#10;│                              CODEINTEL_BUILD_PLAN_MODULE] [default: (none)]  │&#10;│ ALL --all -a                 Plan all targets across all modules. [env var:  │&#10;│                              CODEINTEL_BUILD_PLAN_ALL,                       │&#10;│                              CODEINTEL_BUILD_PLAN_ALL] [default: false]      │&#10;│ FORCE --force --empty-force  Mark specific targets as forced (repeatable).   │&#10;│   -f                         [env var: CODEINTEL_BUILD_PLAN_FORCE,           │&#10;│                              CODEINTEL_BUILD_PLAN_FORCE] [default: (none)]   │&#10;│ OUTPUT --output -o           Output file path (stdout if not specified).     │&#10;│                              [env var: CODEINTEL_BUILD_PLAN_OUTPUT,          │&#10;│                              CODEINTEL_BUILD_PLAN_OUTPUT] [default: (none)]  │&#10;│ *                            [env var: CODEINTEL_BUILD_PLAN_*] [default: *]  │&#10;│ ROOT --root -r               Explicit project root directory. [env var:      │&#10;│                              CODEINTEL_BUILD_PLAN_ROOT,                      │&#10;│                              CODEINTEL_BUILD_PLAN_ROOT] [default: (none)]    │&#10;│ OUTPUT-FORMAT                Output format. [choices: text, json, jsonl]     │&#10;│   --output-format            [env var: CODEINTEL_BUILD_PLAN_OUTPUT_FORMAT,   │&#10;│                              CODEINTEL_BUILD_PLAN_OUTPUT_FORMAT] [default:   │&#10;│                              text]                                           │&#10;│ JSON --json                  Alias for --output-format json. [env var:       │&#10;│                              CODEINTEL_BUILD_PLAN_JSON,                      │&#10;│                              CODEINTEL_BUILD_PLAN_JSON] [default: false]     │&#10;│ VERBOSE --verbose -v         Increase verbosity (0=warnings, 1=info,         │&#10;│                              2=debug). [env var:                             │&#10;│                              CODEINTEL_BUILD_PLAN_VERBOSE,                   │&#10;│                              CODEINTEL_BUILD_PLAN_VERBOSE] [default: 0]      │&#10;╰──────────────────────────────────────────────────────────────────────────────╯&#10;&#10;Run with --update-cli-snapshots to update.">snapshot_case = SnapshotCase(name='pr16_plan_function_metrics_contract', args=('build', 'plan', 'function_metrics', '--format', 'json'... snapshot='pr16_plan_function_metrics_contract.json', strip_keys=(), replace=(), tags=('pr16', 'plan', 'json', 'tiny'))
cli_snapshot_context = (PosixPath('/Users/paulheyse/CodeIntel/CodeIntel/tests/build/hamilton/snapshots'), SnapshotManifest(app_import='codein...apshot='pr78_build_validate_auto.json', strip_keys=(), replace=(), tags=('pr78', 'validate', 'json', 'integration')))))
request = &lt;FixtureRequest for &lt;Function test_cli_snapshot[pr16_plan_function_metrics_contract]&gt;&gt;

    @pytest.mark.cli_snapshot
    def test_cli_snapshot(
        snapshot_case: SnapshotCase,
        cli_snapshot_context: tuple[Path, SnapshotManifest],
        request: pytest.FixtureRequest,
    ) -&gt; None:
        """Execute CLI command and compare output to golden snapshot.
    
        Parameters
        ----------
        snapshot_case
            Test case from manifest.
        cli_snapshot_context
            Shared context with manifest and directory.
        request
            Pytest fixture request for config access.
        """
        snapshots_dir, manifest = cli_snapshot_context
        update = bool(request.config.getoption("--update-cli-snapshots"))
    
&gt;       execute_and_assert_snapshot(
            manifest=manifest,
            snapshots_dir=snapshots_dir,
            case=snapshot_case,
            update=update,
        )

tests/build/hamilton/test_cli_snapshots.py:234: 
_ _ _ _ _ _ _ _ _ _ _ _ _ _ _ _ _ _ _ _ _ _ _ _ _ _ _ _ _ _ _ _ _ _ _ _ _
tests/build/hamilton/snapshots/_runner.py:169: in execute_and_assert_snapshot
    assert_or_update_snapshot(actual=rendered, snapshot_path=snapshot_path, update=update)
_ _ _ _ _ _ _ _ _ _ _ _ _ _ _ _ _ _ _ _ _ _ _ _ _ _ _ _ _ _ _ _ _ _ _ _ _

    def assert_or_update_snapshot(
        *,
        actual: str,
        snapshot_path: Path,
        update: bool,
    ) -&gt; None:
        """Assert content matches snapshot or update the snapshot file.
    
        When update is True, writes actual content to snapshot_path.
        When update is False, compares actual to existing snapshot.
    
        Parameters
        ----------
        actual
            Actual content from CLI output (normalized).
        snapshot_path
            Path to snapshot file.
        update
            If True, update snapshot instead of comparing.
    
        Raises
        ------
        AssertionError
            If update is False and actual doesn't match expected.
        FileNotFoundError
            If update is False and snapshot file doesn't exist.
        """
        if update:
            snapshot_path.parent.mkdir(parents=True, exist_ok=True)
            snapshot_path.write_text(actual, encoding="utf-8")
            return
    
        if not snapshot_path.exists():
            msg = (
                f"Snapshot file not found: {snapshot_path}\n"
                f"Run with --update-cli-snapshots to create it."
            )
            raise FileNotFoundError(msg)
    
        expected = snapshot_path.read_text(encoding="utf-8")
        if actual != expected:
            msg = (
                f"Snapshot mismatch: {snapshot_path}\n"
                f"--- Expected ---\n{expected}\n"
                f"--- Actual ---\n{actual}\n"
                f"Run with --update-cli-snapshots to update."
            )
&gt;           raise AssertionError(msg)
E           AssertionError: Snapshot mismatch: /Users/paulheyse/CodeIntel/CodeIntel/tests/build/hamilton/snapshots/pr16_plan_function_metrics_contract.json
E           --- Expected ---
E           Usage: codeintel build plan [ARGS]
E           
E           Show build plan with status and reason for each target.
E           
E           ╭─ Parameters ─────────────────────────────────────────────────────────────────╮
E           │ TARGETS --targets            Target names to plan (e.g., function_metrics,   │
E           │   --empty-targets            call_graph). [env var:                          │
E           │                              CODEINTEL_BUILD_PLAN_TARGETS] [default: (none)] │
E           │ MODULE --module -m           Plan all targets in a module (ingestion,        │
E           │                              graphs, analytics, export). [env var:           │
E           │                              CODEINTEL_BUILD_PLAN_MODULE] [default: (none)]  │
E           │ ALL --all -a                 Plan all targets across all modules. [env var:  │
E           │                              CODEINTEL_BUILD_PLAN_ALL] [default: false]      │
E           │ FORCE --force --empty-force  Mark specific targets as forced (repeatable).   │
E           │   -f                         [env var: CODEINTEL_BUILD_PLAN_FORCE] [default: │
E           │                              (none)]                                         │
E           │ OUTPUT --output -o           Output file path (stdout if not specified).     │
E           │                              [env var: CODEINTEL_BUILD_PLAN_OUTPUT]          │
E           │                              [default: (none)]                               │
E           │ --flags                      [env var: CODEINTEL_BUILD_PLAN_FLAGS] [default: │
E           │                              --flags]                                        │
E           │ ROOT --root -r               Explicit project root directory. [env var:      │
E           │                              CODEINTEL_BUILD_PLAN_ROOT] [default: (none)]    │
E           │ OUTPUT-FORMAT                Output format. [choices: text, json, jsonl]     │
E           │   --output-format            [env var: CODEINTEL_BUILD_PLAN_OUTPUT_FORMAT]   │
E           │                              [default: text]                                 │
E           │ JSON --json                  Alias for --output-format json. [env var:       │
E           │                              CODEINTEL_BUILD_PLAN_JSON] [default: false]     │
E           │ VERBOSE --verbose -v         Increase verbosity (0=warnings, 1=info,         │
E           │                              2=debug). [env var:                             │
E           │                              CODEINTEL_BUILD_PLAN_VERBOSE] [default: 0]      │
E           ╰──────────────────────────────────────────────────────────────────────────────╯
E           
E           --- Actual ---
E           Usage: codeintel build plan [ARGS]
E           
E           Show build plan with status and reason for each target.
E           
E           ╭─ Parameters ─────────────────────────────────────────────────────────────────╮
E           │ TARGETS --targets            Target names to plan (e.g., function_metrics,   │
E           │   --empty-targets            call_graph). [env var:                          │
E           │                              CODEINTEL_BUILD_PLAN_TARGETS,                   │
E           │                              CODEINTEL_BUILD_PLAN_TARGETS] [default: (none)] │
E           │ MODULE --module -m           Plan all targets in a module (ingestion,        │
E           │                              graphs, analytics, export). [env var:           │
E           │                              CODEINTEL_BUILD_PLAN_MODULE,                    │
E           │                              CODEINTEL_BUILD_PLAN_MODULE] [default: (none)]  │
E           │ ALL --all -a                 Plan all targets across all modules. [env var:  │
E           │                              CODEINTEL_BUILD_PLAN_ALL,                       │
E           │                              CODEINTEL_BUILD_PLAN_ALL] [default: false]      │
E           │ FORCE --force --empty-force  Mark specific targets as forced (repeatable).   │
E           │   -f                         [env var: CODEINTEL_BUILD_PLAN_FORCE,           │
E           │                              CODEINTEL_BUILD_PLAN_FORCE] [default: (none)]   │
E           │ OUTPUT --output -o           Output file path (stdout if not specified).     │
E           │                              [env var: CODEINTEL_BUILD_PLAN_OUTPUT,          │
E           │                              CODEINTEL_BUILD_PLAN_OUTPUT] [default: (none)]  │
E           │ *                            [env var: CODEINTEL_BUILD_PLAN_*] [default: *]  │
E           │ ROOT --root -r               Explicit project root directory. [env var:      │
E           │                              CODEINTEL_BUILD_PLAN_ROOT,                      │
E           │                              CODEINTEL_BUILD_PLAN_ROOT] [default: (none)]    │
E           │ OUTPUT-FORMAT                Output format. [choices: text, json, jsonl]     │
E           │   --output-format            [env var: CODEINTEL_BUILD_PLAN_OUTPUT_FORMAT,   │
E           │                              CODEINTEL_BUILD_PLAN_OUTPUT_FORMAT] [default:   │
E           │                              text]                                           │
E           │ JSON --json                  Alias for --output-format json. [env var:       │
E           │                              CODEINTEL_BUILD_PLAN_JSON,                      │
E           │                              CODEINTEL_BUILD_PLAN_JSON] [default: false]     │
E           │ VERBOSE --verbose -v         Increase verbosity (0=warnings, 1=info,         │
E           │                              2=debug). [env var:                             │
E           │                              CODEINTEL_BUILD_PLAN_VERBOSE,                   │
E           │                              CODEINTEL_BUILD_PLAN_VERBOSE] [default: 0]      │
E           ╰──────────────────────────────────────────────────────────────────────────────╯
E           
E           Run with --update-cli-snapshots to update.

tests/build/hamilton/snapshots/_snapshot.py:218: AssertionError</failure></testcase><testcase classname="tests.build.hamilton.test_cli_env_vars" name="test_cli_env_vars_include_command_path" time="0.177" /><testcase classname="tests.build.hamilton.test_cli_snapshots" name="test_cli_snapshot[pr23_plan_export_jsonl_native]" time="0.154"><failure message="AssertionError: Snapshot mismatch: /Users/paulheyse/CodeIntel/CodeIntel/tests/build/hamilton/snapshots/pr23_plan_export_jsonl_native.json&#10;--- Expected ---&#10;Usage: codeintel build plan [ARGS]&#10;&#10;Show build plan with status and reason for each target.&#10;&#10;╭─ Parameters ─────────────────────────────────────────────────────────────────╮&#10;│ TARGETS --targets            Target names to plan (e.g., function_metrics,   │&#10;│   --empty-targets            call_graph). [env var:                          │&#10;│                              CODEINTEL_BUILD_PLAN_TARGETS] [default: (none)] │&#10;│ MODULE --module -m           Plan all targets in a module (ingestion,        │&#10;│                              graphs, analytics, export). [env var:           │&#10;│                              CODEINTEL_BUILD_PLAN_MODULE] [default: (none)]  │&#10;│ ALL --all -a                 Plan all targets across all modules. [env var:  │&#10;│                              CODEINTEL_BUILD_PLAN_ALL] [default: false]      │&#10;│ FORCE --force --empty-force  Mark specific targets as forced (repeatable).   │&#10;│   -f                         [env var: CODEINTEL_BUILD_PLAN_FORCE] [default: │&#10;│                              (none)]                                         │&#10;│ OUTPUT --output -o           Output file path (stdout if not specified).     │&#10;│                              [env var: CODEINTEL_BUILD_PLAN_OUTPUT]          │&#10;│                              [default: (none)]                               │&#10;│ --flags                      [env var: CODEINTEL_BUILD_PLAN_FLAGS] [default: │&#10;│                              --flags]                                        │&#10;│ ROOT --root -r               Explicit project root directory. [env var:      │&#10;│                              CODEINTEL_BUILD_PLAN_ROOT] [default: (none)]    │&#10;│ OUTPUT-FORMAT                Output format. [choices: text, json, jsonl]     │&#10;│   --output-format            [env var: CODEINTEL_BUILD_PLAN_OUTPUT_FORMAT]   │&#10;│                              [default: text]                                 │&#10;│ JSON --json                  Alias for --output-format json. [env var:       │&#10;│                              CODEINTEL_BUILD_PLAN_JSON] [default: false]     │&#10;│ VERBOSE --verbose -v         Increase verbosity (0=warnings, 1=info,         │&#10;│                              2=debug). [env var:                             │&#10;│                              CODEINTEL_BUILD_PLAN_VERBOSE] [default: 0]      │&#10;╰──────────────────────────────────────────────────────────────────────────────╯&#10;&#10;--- Actual ---&#10;Usage: codeintel build plan [ARGS]&#10;&#10;Show build plan with status and reason for each target.&#10;&#10;╭─ Parameters ─────────────────────────────────────────────────────────────────╮&#10;│ TARGETS --targets            Target names to plan (e.g., function_metrics,   │&#10;│   --empty-targets            call_graph). [env var:                          │&#10;│                              CODEINTEL_BUILD_PLAN_TARGETS,                   │&#10;│                              CODEINTEL_BUILD_PLAN_TARGETS] [default: (none)] │&#10;│ MODULE --module -m           Plan all targets in a module (ingestion,        │&#10;│                              graphs, analytics, export). [env var:           │&#10;│                              CODEINTEL_BUILD_PLAN_MODULE,                    │&#10;│                              CODEINTEL_BUILD_PLAN_MODULE] [default: (none)]  │&#10;│ ALL --all -a                 Plan all targets across all modules. [env var:  │&#10;│                              CODEINTEL_BUILD_PLAN_ALL,                       │&#10;│                              CODEINTEL_BUILD_PLAN_ALL] [default: false]      │&#10;│ FORCE --force --empty-force  Mark specific targets as forced (repeatable).   │&#10;│   -f                         [env var: CODEINTEL_BUILD_PLAN_FORCE,           │&#10;│                              CODEINTEL_BUILD_PLAN_FORCE] [default: (none)]   │&#10;│ OUTPUT --output -o           Output file path (stdout if not specified).     │&#10;│                              [env var: CODEINTEL_BUILD_PLAN_OUTPUT,          │&#10;│                              CODEINTEL_BUILD_PLAN_OUTPUT] [default: (none)]  │&#10;│ *                            [env var: CODEINTEL_BUILD_PLAN_*] [default: *]  │&#10;│ ROOT --root -r               Explicit project root directory. [env var:      │&#10;│                              CODEINTEL_BUILD_PLAN_ROOT,                      │&#10;│                              CODEINTEL_BUILD_PLAN_ROOT] [default: (none)]    │&#10;│ OUTPUT-FORMAT                Output format. [choices: text, json, jsonl]     │&#10;│   --output-format            [env var: CODEINTEL_BUILD_PLAN_OUTPUT_FORMAT,   │&#10;│                              CODEINTEL_BUILD_PLAN_OUTPUT_FORMAT] [default:   │&#10;│                              text]                                           │&#10;│ JSON --json                  Alias for --output-format json. [env var:       │&#10;│                              CODEINTEL_BUILD_PLAN_JSON,                      │&#10;│                              CODEINTEL_BUILD_PLAN_JSON] [default: false]     │&#10;│ VERBOSE --verbose -v         Increase verbosity (0=warnings, 1=info,         │&#10;│                              2=debug). [env var:                             │&#10;│                              CODEINTEL_BUILD_PLAN_VERBOSE,                   │&#10;│                              CODEINTEL_BUILD_PLAN_VERBOSE] [default: 0]      │&#10;╰──────────────────────────────────────────────────────────────────────────────╯&#10;&#10;Run with --update-cli-snapshots to update.">snapshot_case = SnapshotCase(name='pr23_plan_export_jsonl_native', args=('build', 'plan', 'export_jsonl', '--format', 'json', '--help'...3_plan_export_jsonl_native.json', strip_keys=(), replace=(), tags=('pr23', 'plan', 'native', 'json', 'export', 'tiny'))
cli_snapshot_context = (PosixPath('/Users/paulheyse/CodeIntel/CodeIntel/tests/build/hamilton/snapshots'), SnapshotManifest(app_import='codein...apshot='pr78_build_validate_auto.json', strip_keys=(), replace=(), tags=('pr78', 'validate', 'json', 'integration')))))
request = &lt;FixtureRequest for &lt;Function test_cli_snapshot[pr23_plan_export_jsonl_native]&gt;&gt;

    @pytest.mark.cli_snapshot
    def test_cli_snapshot(
        snapshot_case: SnapshotCase,
        cli_snapshot_context: tuple[Path, SnapshotManifest],
        request: pytest.FixtureRequest,
    ) -&gt; None:
        """Execute CLI command and compare output to golden snapshot.
    
        Parameters
        ----------
        snapshot_case
            Test case from manifest.
        cli_snapshot_context
            Shared context with manifest and directory.
        request
            Pytest fixture request for config access.
        """
        snapshots_dir, manifest = cli_snapshot_context
        update = bool(request.config.getoption("--update-cli-snapshots"))
    
&gt;       execute_and_assert_snapshot(
            manifest=manifest,
            snapshots_dir=snapshots_dir,
            case=snapshot_case,
            update=update,
        )

tests/build/hamilton/test_cli_snapshots.py:234: 
_ _ _ _ _ _ _ _ _ _ _ _ _ _ _ _ _ _ _ _ _ _ _ _ _ _ _ _ _ _ _ _ _ _ _ _ _
tests/build/hamilton/snapshots/_runner.py:169: in execute_and_assert_snapshot
    assert_or_update_snapshot(actual=rendered, snapshot_path=snapshot_path, update=update)
_ _ _ _ _ _ _ _ _ _ _ _ _ _ _ _ _ _ _ _ _ _ _ _ _ _ _ _ _ _ _ _ _ _ _ _ _

    def assert_or_update_snapshot(
        *,
        actual: str,
        snapshot_path: Path,
        update: bool,
    ) -&gt; None:
        """Assert content matches snapshot or update the snapshot file.
    
        When update is True, writes actual content to snapshot_path.
        When update is False, compares actual to existing snapshot.
    
        Parameters
        ----------
        actual
            Actual content from CLI output (normalized).
        snapshot_path
            Path to snapshot file.
        update
            If True, update snapshot instead of comparing.
    
        Raises
        ------
        AssertionError
            If update is False and actual doesn't match expected.
        FileNotFoundError
            If update is False and snapshot file doesn't exist.
        """
        if update:
            snapshot_path.parent.mkdir(parents=True, exist_ok=True)
            snapshot_path.write_text(actual, encoding="utf-8")
            return
    
        if not snapshot_path.exists():
            msg = (
                f"Snapshot file not found: {snapshot_path}\n"
                f"Run with --update-cli-snapshots to create it."
            )
            raise FileNotFoundError(msg)
    
        expected = snapshot_path.read_text(encoding="utf-8")
        if actual != expected:
            msg = (
                f"Snapshot mismatch: {snapshot_path}\n"
                f"--- Expected ---\n{expected}\n"
                f"--- Actual ---\n{actual}\n"
                f"Run with --update-cli-snapshots to update."
            )
&gt;           raise AssertionError(msg)
E           AssertionError: Snapshot mismatch: /Users/paulheyse/CodeIntel/CodeIntel/tests/build/hamilton/snapshots/pr23_plan_export_jsonl_native.json
E           --- Expected ---
E           Usage: codeintel build plan [ARGS]
E           
E           Show build plan with status and reason for each target.
E           
E           ╭─ Parameters ─────────────────────────────────────────────────────────────────╮
E           │ TARGETS --targets            Target names to plan (e.g., function_metrics,   │
E           │   --empty-targets            call_graph). [env var:                          │
E           │                              CODEINTEL_BUILD_PLAN_TARGETS] [default: (none)] │
E           │ MODULE --module -m           Plan all targets in a module (ingestion,        │
E           │                              graphs, analytics, export). [env var:           │
E           │                              CODEINTEL_BUILD_PLAN_MODULE] [default: (none)]  │
E           │ ALL --all -a                 Plan all targets across all modules. [env var:  │
E           │                              CODEINTEL_BUILD_PLAN_ALL] [default: false]      │
E           │ FORCE --force --empty-force  Mark specific targets as forced (repeatable).   │
E           │   -f                         [env var: CODEINTEL_BUILD_PLAN_FORCE] [default: │
E           │                              (none)]                                         │
E           │ OUTPUT --output -o           Output file path (stdout if not specified).     │
E           │                              [env var: CODEINTEL_BUILD_PLAN_OUTPUT]          │
E           │                              [default: (none)]                               │
E           │ --flags                      [env var: CODEINTEL_BUILD_PLAN_FLAGS] [default: │
E           │                              --flags]                                        │
E           │ ROOT --root -r               Explicit project root directory. [env var:      │
E           │                              CODEINTEL_BUILD_PLAN_ROOT] [default: (none)]    │
E           │ OUTPUT-FORMAT                Output format. [choices: text, json, jsonl]     │
E           │   --output-format            [env var: CODEINTEL_BUILD_PLAN_OUTPUT_FORMAT]   │
E           │                              [default: text]                                 │
E           │ JSON --json                  Alias for --output-format json. [env var:       │
E           │                              CODEINTEL_BUILD_PLAN_JSON] [default: false]     │
E           │ VERBOSE --verbose -v         Increase verbosity (0=warnings, 1=info,         │
E           │                              2=debug). [env var:                             │
E           │                              CODEINTEL_BUILD_PLAN_VERBOSE] [default: 0]      │
E           ╰──────────────────────────────────────────────────────────────────────────────╯
E           
E           --- Actual ---
E           Usage: codeintel build plan [ARGS]
E           
E           Show build plan with status and reason for each target.
E           
E           ╭─ Parameters ─────────────────────────────────────────────────────────────────╮
E           │ TARGETS --targets            Target names to plan (e.g., function_metrics,   │
E           │   --empty-targets            call_graph). [env var:                          │
E           │                              CODEINTEL_BUILD_PLAN_TARGETS,                   │
E           │                              CODEINTEL_BUILD_PLAN_TARGETS] [default: (none)] │
E           │ MODULE --module -m           Plan all targets in a module (ingestion,        │
E           │                              graphs, analytics, export). [env var:           │
E           │                              CODEINTEL_BUILD_PLAN_MODULE,                    │
E           │                              CODEINTEL_BUILD_PLAN_MODULE] [default: (none)]  │
E           │ ALL --all -a                 Plan all targets across all modules. [env var:  │
E           │                              CODEINTEL_BUILD_PLAN_ALL,                       │
E           │                              CODEINTEL_BUILD_PLAN_ALL] [default: false]      │
E           │ FORCE --force --empty-force  Mark specific targets as forced (repeatable).   │
E           │   -f                         [env var: CODEINTEL_BUILD_PLAN_FORCE,           │
E           │                              CODEINTEL_BUILD_PLAN_FORCE] [default: (none)]   │
E           │ OUTPUT --output -o           Output file path (stdout if not specified).     │
E           │                              [env var: CODEINTEL_BUILD_PLAN_OUTPUT,          │
E           │                              CODEINTEL_BUILD_PLAN_OUTPUT] [default: (none)]  │
E           │ *                            [env var: CODEINTEL_BUILD_PLAN_*] [default: *]  │
E           │ ROOT --root -r               Explicit project root directory. [env var:      │
E           │                              CODEINTEL_BUILD_PLAN_ROOT,                      │
E           │                              CODEINTEL_BUILD_PLAN_ROOT] [default: (none)]    │
E           │ OUTPUT-FORMAT                Output format. [choices: text, json, jsonl]     │
E           │   --output-format            [env var: CODEINTEL_BUILD_PLAN_OUTPUT_FORMAT,   │
E           │                              CODEINTEL_BUILD_PLAN_OUTPUT_FORMAT] [default:   │
E           │                              text]                                           │
E           │ JSON --json                  Alias for --output-format json. [env var:       │
E           │                              CODEINTEL_BUILD_PLAN_JSON,                      │
E           │                              CODEINTEL_BUILD_PLAN_JSON] [default: false]     │
E           │ VERBOSE --verbose -v         Increase verbosity (0=warnings, 1=info,         │
E           │                              2=debug). [env var:                             │
E           │                              CODEINTEL_BUILD_PLAN_VERBOSE,                   │
E           │                              CODEINTEL_BUILD_PLAN_VERBOSE] [default: 0]      │
E           ╰──────────────────────────────────────────────────────────────────────────────╯
E           
E           Run with --update-cli-snapshots to update.

tests/build/hamilton/snapshots/_snapshot.py:218: AssertionError</failure></testcase><testcase classname="tests.build.hamilton.test_cli_snapshots" name="test_cli_snapshot[pr08_graph_default_mode]" time="0.141"><failure message="AssertionError: Snapshot mismatch: /Users/paulheyse/CodeIntel/CodeIntel/tests/build/hamilton/snapshots/pr08_graph_help.json&#10;--- Expected ---&#10;Usage: codeintel build graph [ARGS]&#10;&#10;Export Hamilton DAG for specified targets.&#10;&#10;╭─ Parameters ─────────────────────────────────────────────────────────────────╮&#10;│ TARGETS --targets     Target names to show DAG for (e.g., function_metrics,  │&#10;│   --empty-targets     call_graph). [env var: CODEINTEL_BUILD_GRAPH_TARGETS]  │&#10;│                       [default: (none)]                                      │&#10;│ MODULE --module -m    Show DAG for all targets in a module (ingestion,       │&#10;│                       graphs, analytics, export). [env var:                  │&#10;│                       CODEINTEL_BUILD_GRAPH_MODULE] [default: (none)]        │&#10;│ ALL --all -a          Show DAG for all targets across all modules. [env var: │&#10;│                       CODEINTEL_BUILD_GRAPH_ALL] [default: false]            │&#10;│ FORMAT --format -f    Output format: json (default), mermaid, or dot. [env   │&#10;│                       var: CODEINTEL_BUILD_GRAPH_FORMAT] [default: json]     │&#10;│ OUTPUT --output -o    Output file path (stdout if not specified). [env var:  │&#10;│                       CODEINTEL_BUILD_GRAPH_OUTPUT] [default: (none)]        │&#10;│ --flags               [env var: CODEINTEL_BUILD_GRAPH_FLAGS] [default:       │&#10;│                       --flags]                                               │&#10;│ ROOT --root -r        Explicit project root directory. [env var:             │&#10;│                       CODEINTEL_BUILD_GRAPH_ROOT] [default: (none)]          │&#10;│ OUTPUT-FORMAT         Output format. [choices: text, json, jsonl] [env var:  │&#10;│   --output-format     CODEINTEL_BUILD_GRAPH_OUTPUT_FORMAT] [default: text]   │&#10;│ JSON --json           Alias for --output-format json. [env var:              │&#10;│                       CODEINTEL_BUILD_GRAPH_JSON] [default: false]           │&#10;│ VERBOSE --verbose -v  Increase verbosity (0=warnings, 1=info, 2=debug). [env │&#10;│                       var: CODEINTEL_BUILD_GRAPH_VERBOSE] [default: 0]       │&#10;╰──────────────────────────────────────────────────────────────────────────────╯&#10;&#10;--- Actual ---&#10;Usage: codeintel build graph [ARGS]&#10;&#10;Export Hamilton DAG for specified targets.&#10;&#10;╭─ Parameters ─────────────────────────────────────────────────────────────────╮&#10;│ TARGETS --targets     Target names to show DAG for (e.g., function_metrics,  │&#10;│   --empty-targets     call_graph). [env var: CODEINTEL_BUILD_GRAPH_TARGETS,  │&#10;│                       CODEINTEL_BUILD_GRAPH_TARGETS] [default: (none)]       │&#10;│ MODULE --module -m    Show DAG for all targets in a module (ingestion,       │&#10;│                       graphs, analytics, export). [env var:                  │&#10;│                       CODEINTEL_BUILD_GRAPH_MODULE,                          │&#10;│                       CODEINTEL_BUILD_GRAPH_MODULE] [default: (none)]        │&#10;│ ALL --all -a          Show DAG for all targets across all modules. [env var: │&#10;│                       CODEINTEL_BUILD_GRAPH_ALL, CODEINTEL_BUILD_GRAPH_ALL]  │&#10;│                       [default: false]                                       │&#10;│ FORMAT --format -f    Output format: json (default), mermaid, or dot. [env   │&#10;│                       var: CODEINTEL_BUILD_GRAPH_FORMAT,                     │&#10;│                       CODEINTEL_BUILD_GRAPH_FORMAT] [default: json]          │&#10;│ OUTPUT --output -o    Output file path (stdout if not specified). [env var:  │&#10;│                       CODEINTEL_BUILD_GRAPH_OUTPUT,                          │&#10;│                       CODEINTEL_BUILD_GRAPH_OUTPUT] [default: (none)]        │&#10;│ *                     [env var: CODEINTEL_BUILD_GRAPH_*] [default: *]        │&#10;│ ROOT --root -r        Explicit project root directory. [env var:             │&#10;│                       CODEINTEL_BUILD_GRAPH_ROOT,                            │&#10;│                       CODEINTEL_BUILD_GRAPH_ROOT] [default: (none)]          │&#10;│ OUTPUT-FORMAT         Output format. [choices: text, json, jsonl] [env var:  │&#10;│   --output-format     CODEINTEL_BUILD_GRAPH_OUTPUT_FORMAT,                   │&#10;│                       CODEINTEL_BUILD_GRAPH_OUTPUT_FORMAT] [default: text]   │&#10;│ JSON --json           Alias for --output-format json. [env var:              │&#10;│                       CODEINTEL_BUILD_GRAPH_JSON,                            │&#10;│                       CODEINTEL_BUILD_GRAPH_JSON] [default: false]           │&#10;│ VERBOSE --verbose -v  Increase verbosity (0=warnings, 1=info, 2=debug). [env │&#10;│                       var: CODEINTEL_BUILD_GRAPH_VERBOSE,                    │&#10;│                       CODEINTEL_BUILD_GRAPH_VERBOSE] [default: 0]            │&#10;╰──────────────────────────────────────────────────────────────────────────────╯&#10;&#10;Run with --update-cli-snapshots to update.">snapshot_case = SnapshotCase(name='pr08_graph_default_mode', args=('build', 'graph', 'modules', '--format', 'json', '--help'), kind='t...ING'}, snapshot='pr08_graph_help.json', strip_keys=(), replace=(), tags=('pr08', 'graph', 'json', 'generated', 'tiny'))
cli_snapshot_context = (PosixPath('/Users/paulheyse/CodeIntel/CodeIntel/tests/build/hamilton/snapshots'), SnapshotManifest(app_import='codein...apshot='pr78_build_validate_auto.json', strip_keys=(), replace=(), tags=('pr78', 'validate', 'json', 'integration')))))
request = &lt;FixtureRequest for &lt;Function test_cli_snapshot[pr08_graph_default_mode]&gt;&gt;

    @pytest.mark.cli_snapshot
    def test_cli_snapshot(
        snapshot_case: SnapshotCase,
        cli_snapshot_context: tuple[Path, SnapshotManifest],
        request: pytest.FixtureRequest,
    ) -&gt; None:
        """Execute CLI command and compare output to golden snapshot.
    
        Parameters
        ----------
        snapshot_case
            Test case from manifest.
        cli_snapshot_context
            Shared context with manifest and directory.
        request
            Pytest fixture request for config access.
        """
        snapshots_dir, manifest = cli_snapshot_context
        update = bool(request.config.getoption("--update-cli-snapshots"))
    
&gt;       execute_and_assert_snapshot(
            manifest=manifest,
            snapshots_dir=snapshots_dir,
            case=snapshot_case,
            update=update,
        )

tests/build/hamilton/test_cli_snapshots.py:234: 
_ _ _ _ _ _ _ _ _ _ _ _ _ _ _ _ _ _ _ _ _ _ _ _ _ _ _ _ _ _ _ _ _ _ _ _ _
tests/build/hamilton/snapshots/_runner.py:169: in execute_and_assert_snapshot
    assert_or_update_snapshot(actual=rendered, snapshot_path=snapshot_path, update=update)
_ _ _ _ _ _ _ _ _ _ _ _ _ _ _ _ _ _ _ _ _ _ _ _ _ _ _ _ _ _ _ _ _ _ _ _ _

    def assert_or_update_snapshot(
        *,
        actual: str,
        snapshot_path: Path,
        update: bool,
    ) -&gt; None:
        """Assert content matches snapshot or update the snapshot file.
    
        When update is True, writes actual content to snapshot_path.
        When update is False, compares actual to existing snapshot.
    
        Parameters
        ----------
        actual
            Actual content from CLI output (normalized).
        snapshot_path
            Path to snapshot file.
        update
            If True, update snapshot instead of comparing.
    
        Raises
        ------
        AssertionError
            If update is False and actual doesn't match expected.
        FileNotFoundError
            If update is False and snapshot file doesn't exist.
        """
        if update:
            snapshot_path.parent.mkdir(parents=True, exist_ok=True)
            snapshot_path.write_text(actual, encoding="utf-8")
            return
    
        if not snapshot_path.exists():
            msg = (
                f"Snapshot file not found: {snapshot_path}\n"
                f"Run with --update-cli-snapshots to create it."
            )
            raise FileNotFoundError(msg)
    
        expected = snapshot_path.read_text(encoding="utf-8")
        if actual != expected:
            msg = (
                f"Snapshot mismatch: {snapshot_path}\n"
                f"--- Expected ---\n{expected}\n"
                f"--- Actual ---\n{actual}\n"
                f"Run with --update-cli-snapshots to update."
            )
&gt;           raise AssertionError(msg)
E           AssertionError: Snapshot mismatch: /Users/paulheyse/CodeIntel/CodeIntel/tests/build/hamilton/snapshots/pr08_graph_help.json
E           --- Expected ---
E           Usage: codeintel build graph [ARGS]
E           
E           Export Hamilton DAG for specified targets.
E           
E           ╭─ Parameters ─────────────────────────────────────────────────────────────────╮
E           │ TARGETS --targets     Target names to show DAG for (e.g., function_metrics,  │
E           │   --empty-targets     call_graph). [env var: CODEINTEL_BUILD_GRAPH_TARGETS]  │
E           │                       [default: (none)]                                      │
E           │ MODULE --module -m    Show DAG for all targets in a module (ingestion,       │
E           │                       graphs, analytics, export). [env var:                  │
E           │                       CODEINTEL_BUILD_GRAPH_MODULE] [default: (none)]        │
E           │ ALL --all -a          Show DAG for all targets across all modules. [env var: │
E           │                       CODEINTEL_BUILD_GRAPH_ALL] [default: false]            │
E           │ FORMAT --format -f    Output format: json (default), mermaid, or dot. [env   │
E           │                       var: CODEINTEL_BUILD_GRAPH_FORMAT] [default: json]     │
E           │ OUTPUT --output -o    Output file path (stdout if not specified). [env var:  │
E           │                       CODEINTEL_BUILD_GRAPH_OUTPUT] [default: (none)]        │
E           │ --flags               [env var: CODEINTEL_BUILD_GRAPH_FLAGS] [default:       │
E           │                       --flags]                                               │
E           │ ROOT --root -r        Explicit project root directory. [env var:             │
E           │                       CODEINTEL_BUILD_GRAPH_ROOT] [default: (none)]          │
E           │ OUTPUT-FORMAT         Output format. [choices: text, json, jsonl] [env var:  │
E           │   --output-format     CODEINTEL_BUILD_GRAPH_OUTPUT_FORMAT] [default: text]   │
E           │ JSON --json           Alias for --output-format json. [env var:              │
E           │                       CODEINTEL_BUILD_GRAPH_JSON] [default: false]           │
E           │ VERBOSE --verbose -v  Increase verbosity (0=warnings, 1=info, 2=debug). [env │
E           │                       var: CODEINTEL_BUILD_GRAPH_VERBOSE] [default: 0]       │
E           ╰──────────────────────────────────────────────────────────────────────────────╯
E           
E           --- Actual ---
E           Usage: codeintel build graph [ARGS]
E           
E           Export Hamilton DAG for specified targets.
E           
E           ╭─ Parameters ─────────────────────────────────────────────────────────────────╮
E           │ TARGETS --targets     Target names to show DAG for (e.g., function_metrics,  │
E           │   --empty-targets     call_graph). [env var: CODEINTEL_BUILD_GRAPH_TARGETS,  │
E           │                       CODEINTEL_BUILD_GRAPH_TARGETS] [default: (none)]       │
E           │ MODULE --module -m    Show DAG for all targets in a module (ingestion,       │
E           │                       graphs, analytics, export). [env var:                  │
E           │                       CODEINTEL_BUILD_GRAPH_MODULE,                          │
E           │                       CODEINTEL_BUILD_GRAPH_MODULE] [default: (none)]        │
E           │ ALL --all -a          Show DAG for all targets across all modules. [env var: │
E           │                       CODEINTEL_BUILD_GRAPH_ALL, CODEINTEL_BUILD_GRAPH_ALL]  │
E           │                       [default: false]                                       │
E           │ FORMAT --format -f    Output format: json (default), mermaid, or dot. [env   │
E           │                       var: CODEINTEL_BUILD_GRAPH_FORMAT,                     │
E           │                       CODEINTEL_BUILD_GRAPH_FORMAT] [default: json]          │
E           │ OUTPUT --output -o    Output file path (stdout if not specified). [env var:  │
E           │                       CODEINTEL_BUILD_GRAPH_OUTPUT,                          │
E           │                       CODEINTEL_BUILD_GRAPH_OUTPUT] [default: (none)]        │
E           │ *                     [env var: CODEINTEL_BUILD_GRAPH_*] [default: *]        │
E           │ ROOT --root -r        Explicit project root directory. [env var:             │
E           │                       CODEINTEL_BUILD_GRAPH_ROOT,                            │
E           │                       CODEINTEL_BUILD_GRAPH_ROOT] [default: (none)]          │
E           │ OUTPUT-FORMAT         Output format. [choices: text, json, jsonl] [env var:  │
E           │   --output-format     CODEINTEL_BUILD_GRAPH_OUTPUT_FORMAT,                   │
E           │                       CODEINTEL_BUILD_GRAPH_OUTPUT_FORMAT] [default: text]   │
E           │ JSON --json           Alias for --output-format json. [env var:              │
E           │                       CODEINTEL_BUILD_GRAPH_JSON,                            │
E           │                       CODEINTEL_BUILD_GRAPH_JSON] [default: false]           │
E           │ VERBOSE --verbose -v  Increase verbosity (0=warnings, 1=info, 2=debug). [env │
E           │                       var: CODEINTEL_BUILD_GRAPH_VERBOSE,                    │
E           │                       CODEINTEL_BUILD_GRAPH_VERBOSE] [default: 0]            │
E           ╰──────────────────────────────────────────────────────────────────────────────╯
E           
E           Run with --update-cli-snapshots to update.

tests/build/hamilton/snapshots/_snapshot.py:218: AssertionError</failure></testcase><testcase classname="tests.build.hamilton.test_cli_snapshots" name="test_cli_snapshot[pr23_plan_export_parquet_native]" time="0.139"><failure message="AssertionError: Snapshot mismatch: /Users/paulheyse/CodeIntel/CodeIntel/tests/build/hamilton/snapshots/pr23_plan_export_parquet_native.json&#10;--- Expected ---&#10;Usage: codeintel build plan [ARGS]&#10;&#10;Show build plan with status and reason for each target.&#10;&#10;╭─ Parameters ─────────────────────────────────────────────────────────────────╮&#10;│ TARGETS --targets            Target names to plan (e.g., function_metrics,   │&#10;│   --empty-targets            call_graph). [env var:                          │&#10;│                              CODEINTEL_BUILD_PLAN_TARGETS] [default: (none)] │&#10;│ MODULE --module -m           Plan all targets in a module (ingestion,        │&#10;│                              graphs, analytics, export). [env var:           │&#10;│                              CODEINTEL_BUILD_PLAN_MODULE] [default: (none)]  │&#10;│ ALL --all -a                 Plan all targets across all modules. [env var:  │&#10;│                              CODEINTEL_BUILD_PLAN_ALL] [default: false]      │&#10;│ FORCE --force --empty-force  Mark specific targets as forced (repeatable).   │&#10;│   -f                         [env var: CODEINTEL_BUILD_PLAN_FORCE] [default: │&#10;│                              (none)]                                         │&#10;│ OUTPUT --output -o           Output file path (stdout if not specified).     │&#10;│                              [env var: CODEINTEL_BUILD_PLAN_OUTPUT]          │&#10;│                              [default: (none)]                               │&#10;│ --flags                      [env var: CODEINTEL_BUILD_PLAN_FLAGS] [default: │&#10;│                              --flags]                                        │&#10;│ ROOT --root -r               Explicit project root directory. [env var:      │&#10;│                              CODEINTEL_BUILD_PLAN_ROOT] [default: (none)]    │&#10;│ OUTPUT-FORMAT                Output format. [choices: text, json, jsonl]     │&#10;│   --output-format            [env var: CODEINTEL_BUILD_PLAN_OUTPUT_FORMAT]   │&#10;│                              [default: text]                                 │&#10;│ JSON --json                  Alias for --output-format json. [env var:       │&#10;│                              CODEINTEL_BUILD_PLAN_JSON] [default: false]     │&#10;│ VERBOSE --verbose -v         Increase verbosity (0=warnings, 1=info,         │&#10;│                              2=debug). [env var:                             │&#10;│                              CODEINTEL_BUILD_PLAN_VERBOSE] [default: 0]      │&#10;╰──────────────────────────────────────────────────────────────────────────────╯&#10;&#10;--- Actual ---&#10;Usage: codeintel build plan [ARGS]&#10;&#10;Show build plan with status and reason for each target.&#10;&#10;╭─ Parameters ─────────────────────────────────────────────────────────────────╮&#10;│ TARGETS --targets            Target names to plan (e.g., function_metrics,   │&#10;│   --empty-targets            call_graph). [env var:                          │&#10;│                              CODEINTEL_BUILD_PLAN_TARGETS,                   │&#10;│                              CODEINTEL_BUILD_PLAN_TARGETS] [default: (none)] │&#10;│ MODULE --module -m           Plan all targets in a module (ingestion,        │&#10;│                              graphs, analytics, export). [env var:           │&#10;│                              CODEINTEL_BUILD_PLAN_MODULE,                    │&#10;│                              CODEINTEL_BUILD_PLAN_MODULE] [default: (none)]  │&#10;│ ALL --all -a                 Plan all targets across all modules. [env var:  │&#10;│                              CODEINTEL_BUILD_PLAN_ALL,                       │&#10;│                              CODEINTEL_BUILD_PLAN_ALL] [default: false]      │&#10;│ FORCE --force --empty-force  Mark specific targets as forced (repeatable).   │&#10;│   -f                         [env var: CODEINTEL_BUILD_PLAN_FORCE,           │&#10;│                              CODEINTEL_BUILD_PLAN_FORCE] [default: (none)]   │&#10;│ OUTPUT --output -o           Output file path (stdout if not specified).     │&#10;│                              [env var: CODEINTEL_BUILD_PLAN_OUTPUT,          │&#10;│                              CODEINTEL_BUILD_PLAN_OUTPUT] [default: (none)]  │&#10;│ *                            [env var: CODEINTEL_BUILD_PLAN_*] [default: *]  │&#10;│ ROOT --root -r               Explicit project root directory. [env var:      │&#10;│                              CODEINTEL_BUILD_PLAN_ROOT,                      │&#10;│                              CODEINTEL_BUILD_PLAN_ROOT] [default: (none)]    │&#10;│ OUTPUT-FORMAT                Output format. [choices: text, json, jsonl]     │&#10;│   --output-format            [env var: CODEINTEL_BUILD_PLAN_OUTPUT_FORMAT,   │&#10;│                              CODEINTEL_BUILD_PLAN_OUTPUT_FORMAT] [default:   │&#10;│                              text]                                           │&#10;│ JSON --json                  Alias for --output-format json. [env var:       │&#10;│                              CODEINTEL_BUILD_PLAN_JSON,                      │&#10;│                              CODEINTEL_BUILD_PLAN_JSON] [default: false]     │&#10;│ VERBOSE --verbose -v         Increase verbosity (0=warnings, 1=info,         │&#10;│                              2=debug). [env var:                             │&#10;│                              CODEINTEL_BUILD_PLAN_VERBOSE,                   │&#10;│                              CODEINTEL_BUILD_PLAN_VERBOSE] [default: 0]      │&#10;╰──────────────────────────────────────────────────────────────────────────────╯&#10;&#10;Run with --update-cli-snapshots to update.">snapshot_case = SnapshotCase(name='pr23_plan_export_parquet_native', args=('build', 'plan', 'export_parquet', '--format', 'json', '--h...plan_export_parquet_native.json', strip_keys=(), replace=(), tags=('pr23', 'plan', 'native', 'json', 'export', 'tiny'))
cli_snapshot_context = (PosixPath('/Users/paulheyse/CodeIntel/CodeIntel/tests/build/hamilton/snapshots'), SnapshotManifest(app_import='codein...apshot='pr78_build_validate_auto.json', strip_keys=(), replace=(), tags=('pr78', 'validate', 'json', 'integration')))))
request = &lt;FixtureRequest for &lt;Function test_cli_snapshot[pr23_plan_export_parquet_native]&gt;&gt;

    @pytest.mark.cli_snapshot
    def test_cli_snapshot(
        snapshot_case: SnapshotCase,
        cli_snapshot_context: tuple[Path, SnapshotManifest],
        request: pytest.FixtureRequest,
    ) -&gt; None:
        """Execute CLI command and compare output to golden snapshot.
    
        Parameters
        ----------
        snapshot_case
            Test case from manifest.
        cli_snapshot_context
            Shared context with manifest and directory.
        request
            Pytest fixture request for config access.
        """
        snapshots_dir, manifest = cli_snapshot_context
        update = bool(request.config.getoption("--update-cli-snapshots"))
    
&gt;       execute_and_assert_snapshot(
            manifest=manifest,
            snapshots_dir=snapshots_dir,
            case=snapshot_case,
            update=update,
        )

tests/build/hamilton/test_cli_snapshots.py:234: 
_ _ _ _ _ _ _ _ _ _ _ _ _ _ _ _ _ _ _ _ _ _ _ _ _ _ _ _ _ _ _ _ _ _ _ _ _
tests/build/hamilton/snapshots/_runner.py:169: in execute_and_assert_snapshot
    assert_or_update_snapshot(actual=rendered, snapshot_path=snapshot_path, update=update)
_ _ _ _ _ _ _ _ _ _ _ _ _ _ _ _ _ _ _ _ _ _ _ _ _ _ _ _ _ _ _ _ _ _ _ _ _

    def assert_or_update_snapshot(
        *,
        actual: str,
        snapshot_path: Path,
        update: bool,
    ) -&gt; None:
        """Assert content matches snapshot or update the snapshot file.
    
        When update is True, writes actual content to snapshot_path.
        When update is False, compares actual to existing snapshot.
    
        Parameters
        ----------
        actual
            Actual content from CLI output (normalized).
        snapshot_path
            Path to snapshot file.
        update
            If True, update snapshot instead of comparing.
    
        Raises
        ------
        AssertionError
            If update is False and actual doesn't match expected.
        FileNotFoundError
            If update is False and snapshot file doesn't exist.
        """
        if update:
            snapshot_path.parent.mkdir(parents=True, exist_ok=True)
            snapshot_path.write_text(actual, encoding="utf-8")
            return
    
        if not snapshot_path.exists():
            msg = (
                f"Snapshot file not found: {snapshot_path}\n"
                f"Run with --update-cli-snapshots to create it."
            )
            raise FileNotFoundError(msg)
    
        expected = snapshot_path.read_text(encoding="utf-8")
[...]
tcase classname="tests.build.test_hashing_plan_targets" name="test_compute_input_hash_differentiates_dependency_hashes" time="0.003" /><testcase classname="tests.build.test_hashing_plan_targets" name="test_compute_input_hash_includes_file_state_hash" time="0.001" /><testcase classname="tests.build.test_hashing_plan_targets" name="test_compute_options_hash_json_and_fallback" time="0.002" /><testcase classname="tests.build.test_hashing_plan_targets" name="test_build_run_record_to_dict_handles_none_fields" time="0.002" /><testcase classname="tests.build.test_hamilton_phase1.TestSupportFactory" name="test_build_support_module_respects_exclude" time="0.230" /><testcase classname="tests.build.test_hashing_plan_targets" name="test_target_graph_validation_and_topology" time="0.001" /><testcase classname="tests.build.test_providers" name="test_create_default_providers_wires_tooling" time="0.001" /><testcase classname="tests.build.test_readiness_registry_resources_resolver" name="test_registry_derives_schemas_and_detects_duplicates" time="0.001" /><testcase classname="tests.build.test_readiness_registry_resources_resolver" name="test_registry_get_target_by_table" time="0.001" /><testcase classname="tests.build.test_readiness_registry_resources_resolver" name="test_target_resources_and_execution_helpers" time="0.001" /><testcase classname="tests.build.test_registry.TestTargetRegistry" name="test_registry_not_empty" time="0.001" /><testcase classname="tests.build.test_registry.TestTargetRegistry" name="test_modules_target_has_no_dependencies" time="0.001" /><testcase classname="tests.build.test_registry.TestTargetRegistry" name="test_profiles_target_has_dependencies" time="0.002" /><testcase classname="tests.build.test_registry.TestTargetRegistry" name="test_get_target_graph_succeeds" time="0.001" /><testcase classname="tests.build.test_registry.TestTargetRegistry" name="test_get_target_graph_is_cached" time="0.001" /><testcase classname="tests.build.test_registry.TestTargetRegistry" name="test_all_targets_have_valid_modules" time="0.001" /><testcase classname="tests.build.test_registry.TestTargetRegistry" name="test_all_targets_have_tables" time="0.001" /><testcase classname="tests.build.test_registry.TestTargetRegistry" name="test_topological_order_includes_all_deps" time="0.001" /><testcase classname="tests.build.test_hamilton_phase1.TestDatasetNodeNaming" name="test_dataset_and_target_nodes_distinct" time="0.008" /><testcase classname="tests.build.test_registry.TestTargetRegistry" name="test_ingestion_targets_come_before_graphs" time="0.001" /><testcase classname="tests.build.test_registry.TestTargetRegistry" name="test_no_cycles_in_registry" time="0.001" /><testcase classname="tests.build.test_registry.TestTargetRegistry" name="test_target_names_are_unique" time="0.001" /><testcase classname="tests.build.test_registry.TestTargetsByModule" name="test_ingestion_targets_exist" time="0.001" /><testcase classname="tests.build.test_registry.TestTargetsByModule" name="test_graphs_targets_exist" time="0.001" /><testcase classname="tests.build.test_registry.TestTargetsByModule" name="test_analytics_targets_exist" time="0.001" /><testcase classname="tests.build.test_registry.TestTargetsByModule" name="test_module_distribution_reasonable" time="0.001" /><testcase classname="tests.build.test_registry" name="test_key_targets_are_registered[modules]" time="0.001" /><testcase classname="tests.build.test_registry" name="test_key_targets_are_registered[scip]" time="0.001" /><testcase classname="tests.build.test_registry" name="test_key_targets_are_registered[ast]" time="0.001" /><testcase classname="tests.build.test_registry" name="test_key_targets_are_registered[call_graph]" time="0.001" /><testcase classname="tests.build.test_registry" name="test_key_targets_are_registered[goids]" time="0.002" /><testcase classname="tests.build.test_registry" name="test_key_targets_are_registered[profiles]" time="0.001" /><testcase classname="tests.build.test_registry" name="test_key_targets_are_registered[function_metrics]" time="0.002" /><testcase classname="tests.build.test_registry_has_no_static_dependencies" name="test_target_graph_dependencies_match_hamilton" time="0.002" /><testcase classname="tests.build.test_registry_consistency.TestRegistryConsistency" name="test_all_targets_have_hamilton_nodes" time="0.002" /><testcase classname="tests.build.test_state.TestTargetState" name="test_create_missing_state" time="0.002" /><testcase classname="tests.build.test_state.TestTargetState" name="test_create_current_state" time="0.003" /><testcase classname="tests.build.test_state.TestTargetState" name="test_create_stale_state" time="0.001" /><testcase classname="tests.build.test_state.TestTargetState" name="test_create_blocked_state" time="0.002" /><testcase classname="tests.build.test_state.TestBuildState" name="test_get_existing_target" time="0.001" /><testcase classname="tests.build.test_state.TestBuildState" name="test_create_build_state" time="0.003" /><testcase classname="tests.build.test_state.TestBuildState" name="test_get_nonexistent_target_raises" time="0.002" /><testcase classname="tests.build.test_state.TestBuildState" name="test_by_status_stale" time="0.001" /><testcase classname="tests.build.test_state.TestBuildState" name="test_by_status_missing" time="0.001" /><testcase classname="tests.build.test_state.TestBuildState" name="test_by_status_blocked" time="0.006" /><testcase classname="tests.build.test_state.TestBuildState" name="test_by_status_current" time="0.006" /><testcase classname="tests.build.test_state.TestBuildState" name="test_is_current" time="0.001" /><testcase classname="tests.build.test_hamilton_phase1.TestDatasetNodeNaming" name="test_dataset_node_names_are_consistent" time="0.001" /><testcase classname="tests.build.test_hashing_plan_targets" name="test_target_table_keys_and_execution_duration" time="0.001" /><testcase classname="tests.build.test_hamilton_phase1.TestIbisIOConfig" name="test_ibis_io_config_creation" time="0.001" /><testcase classname="tests.build.serving.test_semantic_compile" name="test_compile_registry_uses_explicit_columns_when_present" time="0.001" /><testcase classname="tests.build.hamilton.test_target_harness_wrappers" name="test_graph_target_harness_skips_with_primed_manifest" time="8.109"><failure message="AssertionError: target_status: expected 'skipped', got 'failed'">graph_target_harness = GraphTargetHarness(harness=HamiltonBuildHarness(ctx=TestContext(snapshot=SnapshotRef(repo='demo/repo', commit='deadbee...y=ValidationSummary(total_nodes=0, passed_count=0, failed_count=0, skipped_count=0, failed_nodes=[])), _owns_ctx=True))

    def test_graph_target_harness_skips_with_primed_manifest(
        graph_target_harness: GraphTargetHarness,
    ) -&gt; None:
        """Prime call_graph manifest so the target skips cleanly."""
        harness = graph_target_harness.harness
        input_hash, options_hash = compute_input_hash(harness, "call_graph")
        harness.priming.prime_manifest(
            ManifestPriming.ManifestSpec(
                target="call_graph",
                input_hash=input_hash,
                options_hash=options_hash,
                row_count=0,
            )
        )
        records = harness.run_targets(["call_graph"])
        record = harness.record("call_graph", result=records)
&gt;       assert_skipped(record)

tests/build/hamilton/test_target_harness_wrappers.py:49: 
_ _ _ _ _ _ _ _ _ _ _ _ _ _ _ _ _ _ _ _ _ _ _ _ _ _ _ _ _ _ _ _ _ _ _ _ _
tests/_helpers/manifests.py:39: in assert_skipped
    assert_target_ok(record, expected_status="skipped")
tests/_helpers/assertions/target_record_assertions.py:28: in assert_target_ok
    expect_equal(record.status, expected_status, label="target_status")
_ _ _ _ _ _ _ _ _ _ _ _ _ _ _ _ _ _ _ _ _ _ _ _ _ _ _ _ _ _ _ _ _ _ _ _ _

actual = 'failed', expected = 'skipped'

    def expect_equal(actual: object, expected: object, *, label: str | None = None) -&gt; None:
        """Raise AssertionError when two values differ.
    
        Parameters
        ----------
        actual
            Observed value.
        expected
            Expected value to compare against.
        label
            Optional label prefix for the failure message.
    
        Raises
        ------
        AssertionError
            If the values are not equal.
        """
        if actual != expected:
            failure_message = f"{_prefix(label)}expected {expected!r}, got {actual!r}"
&gt;           raise AssertionError(failure_message)
E           AssertionError: target_status: expected 'skipped', got 'failed'

tests/_helpers/assertions/expectation_assertions.py:75: AssertionError</failure></testcase><testcase classname="tests.build.hamilton.test_target_harness_wrappers" name="test_serving_target_harness_skips_with_primed_manifest" time="7.974"><failure message="AssertionError: target_status: expected 'skipped', got 'failed'">serving_target_harness = ServingTargetHarness(harness=HamiltonBuildHarness(ctx=TestContext(snapshot=SnapshotRef(repo='demo/repo', commit='deadb...y=ValidationSummary(total_nodes=0, passed_count=0, failed_count=0, skipped_count=0, failed_nodes=[])), _owns_ctx=True))

    def test_serving_target_harness_skips_with_primed_manifest(
        serving_target_harness: ServingTargetHarness,
    ) -&gt; None:
        """Prime serving_artifacts manifest so the target skips cleanly."""
        harness = serving_target_harness.harness
        input_hash, options_hash = compute_input_hash(harness, "serving_artifacts")
        harness.priming.prime_manifest(
            ManifestPriming.ManifestSpec(
                target="serving_artifacts",
                input_hash=input_hash,
                options_hash=options_hash,
                row_count=0,
            )
        )
        records = harness.run_targets(["serving_artifacts"])
        record = harness.record("serving_artifacts", result=records)
&gt;       assert_skipped(record)

tests/build/hamilton/test_target_harness_wrappers.py:106: 
_ _ _ _ _ _ _ _ _ _ _ _ _ _ _ _ _ _ _ _ _ _ _ _ _ _ _ _ _ _ _ _ _ _ _ _ _
tests/_helpers/manifests.py:39: in assert_skipped
    assert_target_ok(record, expected_status="skipped")
tests/_helpers/assertions/target_record_assertions.py:28: in assert_target_ok
    expect_equal(record.status, expected_status, label="target_status")
_ _ _ _ _ _ _ _ _ _ _ _ _ _ _ _ _ _ _ _ _ _ _ _ _ _ _ _ _ _ _ _ _ _ _ _ _

actual = 'failed', expected = 'skipped'

    def expect_equal(actual: object, expected: object, *, label: str | None = None) -&gt; None:
        """Raise AssertionError when two values differ.
    
        Parameters
        ----------
        actual
            Observed value.
        expected
            Expected value to compare against.
        label
            Optional label prefix for the failure message.
    
        Raises
        ------
        AssertionError
            If the values are not equal.
        """
        if actual != expected:
            failure_message = f"{_prefix(label)}expected {expected!r}, got {actual!r}"
&gt;           raise AssertionError(failure_message)
E           AssertionError: target_status: expected 'skipped', got 'failed'

tests/_helpers/assertions/expectation_assertions.py:75: AssertionError</failure></testcase><testcase classname="tests.build.test_config_parameters" name="test_load_build_config_merges_module_and_target" time="0.007" /><testcase classname="tests.build.test_config_parameters" name="test_load_build_config_missing_or_invalid_returns_empty" time="0.005" /><testcase classname="tests.build.hamilton.validators.test_validation_poc.TestBuildHooksValidation" name="test_build_hooks_validation_can_be_disabled" time="18.456" /><testcase classname="tests.build.hamilton.validators.test_validation_poc.TestBuildHooksValidation" name="test_build_hooks_includes_validation_by_default" time="18.480" /><testcase classname="tests.build.hamilton.validators.test_validation_poc.TestTableContractBuilders" name="test_build_enum_column_contract" time="0.003" /><testcase classname="tests.build.hamilton.validators.test_validation_poc.TestTableContractBuilders" name="test_build_table_contract_creates_validators" time="0.004" /><testcase classname="tests.build.test_state.TestValidateCurrentTargets" name="test_chain_of_current_targets" time="19.352" /><testcase classname="tests.build.test_state.TestValidateBlockedTargets" name="test_blocked_by_missing_dependency" time="19.811" /><testcase classname="tests.build.test_state.TestStateValidatorInit" name="test_invalid_graph_raises" time="20.081" /><testcase classname="tests.build.test_state.TestStateValidatorInit" name="test_create_validator" time="20.575" /><testcase classname="tests.build.test_state.TestValidateBlockedTargets" name="test_cascade_blocking" time="20.518" /><testcase classname="tests.build.test_state.TestValidateTarget" name="test_validate_single_target" time="20.491" /><testcase classname="tests.build.test_state.TestEdgeCases" name="test_manifest_for_unknown_target_logged" time="19.568" /><testcase classname="tests.build.test_state.TestWithRealRegistry" name="test_validate_with_real_registry" time="19.862" /><testcase classname="tests.build.test_state_computer.TestStateComputer" name="test_stale_status_when_hash_differs" time="20.928" /><testcase classname="tests.build.test_state_computer.TestStateComputer" name="test_missing_status_when_no_manifest" time="21.641" /><testcase classname="tests.build.test_state.TestValidateStaleTargets" name="test_stale_due_to_input_hash_mismatch" time="20.426" /><testcase classname="tests.build.test_state.TestValidateBlockedTargets" name="test_blocked_by_stale_dependency" time="21.073" /><testcase classname="tests.build.test_state.TestValidateTarget" name="test_validate_nonexistent_target_raises" time="20.352" /><testcase classname="tests.build.test_state.TestValidateCurrentTargets" name="test_single_current_target" time="21.336" /><testcase classname="tests.build.test_state.TestValidateBlockedTargets" name="test_multiple_blocking_dependencies" time="20.731" /><testcase classname="tests.build.test_state.TestValidateEmptyDatabase" name="test_all_targets_missing" time="21.096" /><testcase classname="tests.build.test_state.TestWithRealRegistry" name="test_real_registry_target_count" time="20.316" /><testcase classname="tests.build.test_targets.TestOutputTarget" name="test_create_target_with_required_fields" time="0.006" /><testcase classname="tests.build.test_targets.TestTargetGraph" name="test_transitive_deps" time="0.001" /><testcase classname="tests.build.test_targets.TestTargetGraph" name="test_dependents_of" time="0.001" /><testcase classname="tests.build.test_targets.TestTargetGraph" name="test_topological_order_simple" time="0.002" /><testcase classname="tests.build.test_targets.TestTargetGraph" name="test_topological_order_multiple_roots" time="0.001" /><testcase classname="tests.build.test_targets.TestTargetGraph" name="test_topological_order_cycle_raises" time="0.002" /><testcase classname="tests.build.test_targets.TestTargetGraph" name="test_targets_for_module" time="0.001" /><testcase classname="tests.build.test_targets.TestTargetGraph" name="test_validate_valid_graph" time="0.001" /><testcase classname="tests.build.test_targets.TestTargetGraph" name="test_validate_missing_dependency" time="0.001" /><testcase classname="tests.build.test_targets.TestTargetGraph" name="test_iterate_over_graph" time="0.002" /><testcase classname="tests.build.test_state.TestEdgeCases" name="test_empty_graph" time="20.835" /><testcase classname="tests.build.test_state_computer.TestStateComputer" name="test_blocked_when_dependency_missing" time="18.665" /><testcase classname="tests.build.test_targets.TestOutputTarget" name="test_create_target_with_all_fields" time="0.005" /><testcase classname="tests.build.test_state_computer.TestStateComputer" name="test_current_status_when_hash_matches" time="18.806" /><testcase classname="tests.build.test_targets.TestOutputTarget" name="test_target_is_frozen" time="0.006" /><testcase classname="tests.build.test_state_computer.TestStateComputer" name="test_blocked_when_dependency_stale" time="15.889" /><testcase classname="tests.build.test_targets.TestTargetGraph" name="test_register_target" time="0.001" /><testcase classname="tests.build.test_state_computer.TestStateComputer" name="test_build_state_query_methods" time="15.088" /><testcase classname="tests.build.test_targets.TestTargetGraph" name="test_register_duplicate_raises" time="0.002" /><testcase classname="tests.build.test_state_computer.TestStateValidatorEquivalence" name="test_validator_and_computer_agree_on_current" time="15.434" /><testcase classname="tests.build.test_state_computer.TestStateComputer" name="test_compute_single_target" time="15.144" /><testcase classname="tests.build.test_targets.TestTargetGraph" name="test_get_target" time="0.001" /><testcase classname="tests.build.test_targets.TestTargetGraph" name="test_get_nonexistent_raises" time="0.001" /><testcase classname="tests.build.test_state_computer.TestStateValidatorEquivalence" name="test_validator_and_computer_agree_on_missing" time="15.263" /><testcase classname="tests.build.test_targets.TestTargetGraph" name="test_all_targets" time="0.002" /><testcase classname="tests.build.test_state_computer.TestStateComputer" name="test_session_caching_efficiency" time="15.174"><failure message="AssertionError: Expected cached hash count">fresh_gateway = DuckDBGateway(config=StorageConfig(db_path=PosixPath(':memory:'), read_only=False, apply_schema=True, ensure_views=Tru......), graph=GraphTables(gateway=...), runs=PipelineRunTracking(con=&lt;_duckdb.DuckDBPyConnection object at 0x1292f48f0&gt;))
tmp_path = PosixPath('/private/var/folders/70/h2nd1qjs1zngp8z6tt27_s9c0000gn/T/pytest-of-paulheyse/pytest-224/popen-gw9/test_session_caching_efficienc0')

    @staticmethod
    def test_session_caching_efficiency(
        fresh_gateway: StorageGateway,
        tmp_path: Path,
    ) -&gt; None:
        """Session caches hashes to avoid redundant computation."""
        target = OutputTarget(
            name="cached",
            module="ingestion",
            dependencies=(),
            contract=EMPTY_CONTRACT,
        )
    
        graph = TargetGraph()
        graph.register(target)
    
        snapshot = make_snapshot(tmp_path)
        session = BuildSession(
            snapshot=snapshot,
            gateway=fresh_gateway,
            settings=TEST_BUILD_SETTINGS,
        )
        computer = StateComputer(graph=graph, session=session)
    
        # Compute multiple times
        state1 = computer.compute_all()
        state2 = computer.compute_all()
    
        # Session should have cached the hash
&gt;       expect_true(session.cached_hash_count &gt;= 1, message="Expected cached hash count")

tests/build/test_state_computer.py:383: 
_ _ _ _ _ _ _ _ _ _ _ _ _ _ _ _ _ _ _ _ _ _ _ _ _ _ _ _ _ _ _ _ _ _ _ _ _

condition = False

    def expect_true(condition: object, *, message: str | None = None) -&gt; None:
        """Raise AssertionError when a boolean condition is not satisfied.
    
        Parameters
        ----------
        condition
            Value that must evaluate to True.
        message
            Optional override for the assertion message.
    
        Raises
        ------
        AssertionError
            If the condition evaluates to False.
        """
        if not condition:
&gt;           raise AssertionError(message or "Expected condition to be True.")
E           AssertionError: Expected cached hash count

tests/_helpers/assertions/expectation_assertions.py:41: AssertionError</failure></testcase><testcase classname="tests.build.test_targets.TestTargetGraph" name="test_dependencies_of" time="0.001" /><testcase classname="tests.build.test_state_computer.TestStateValidatorEquivalence" name="test_validator_and_computer_agree_on_blocked" time="14.663" /></testsuite></testsuites>