<?xml version="1.0" encoding="utf-8"?><testsuites name="pytest tests"><testsuite name="pytest" errors="0" failures="0" skipped="23" tests="162" time="30.072" timestamp="2025-12-08T14:04:21.833539-05:00" hostname="paul-X870-AORUS-ELITE-WIFI7"><testcase classname="tests.serving.mcp.test_mcp_architecture_tools" name="test_graph_plugin_plan_auto_includes_dependencies" time="0.012" /><testcase classname="tests.serving.mcp.test_mcp_architecture_tools" name="test_graph_plugin_plan_with_disable" time="0.013" /><testcase classname="tests.serving.mcp.test_mcp_architecture_tools" name="test_graph_plugin_plan_disable_dependency_override" time="0.012" /><testcase classname="tests.serving.mcp.test_mcp_architecture_tools" name="test_graph_plugin_plan_basic" time="0.013" /><testcase classname="tests.serving.mcp.test_mcp_architecture_tools" name="test_graph_plugin_plan_with_enable" time="0.001" /><testcase classname="tests.serving.mcp.test_mcp_architecture_tools" name="test_graph_plugin_plan_with_names" time="0.001" /><testcase classname="tests.serving.mcp.test_mcp_architecture_tools" name="test_graph_plugin_plan_disable_dependency_errors" time="0.001" /><testcase classname="tests.serving.mcp.test_mcp_backend_comprehensive" name="test_duckdb_backend_get_function_profile" time="3.365"><skipped type="pytest.skip" message="No goids available in test data">/home/paul/CodeIntel/tests/serving/mcp/test_mcp_backend_comprehensive.py:719: No goids available in test data</skipped></testcase><testcase classname="tests.serving.mcp.test_mcp_backend_comprehensive" name="test_duckdb_backend_creation" time="3.437" /><testcase classname="tests.serving.mcp.test_mcp_backend_comprehensive" name="test_duckdb_backend_get_function_summary" time="3.484"><skipped type="pytest.skip" message="No goids available in test data">/home/paul/CodeIntel/tests/serving/mcp/test_mcp_backend_comprehensive.py:471: No goids available in test data</skipped></testcase><testcase classname="tests.serving.mcp.test_mcp_backend_comprehensive" name="test_callgraph_neighbors_direction_outgoing" time="3.522"><skipped type="pytest.skip" message="No goids available in test data">/home/paul/CodeIntel/tests/serving/mcp/test_mcp_backend_comprehensive.py:1131: No goids available in test data</skipped></testcase><testcase classname="tests.serving.mcp.test_mcp_backend_comprehensive" name="test_duckdb_backend_get_module_architecture" time="3.535" /><testcase classname="tests.serving.mcp.test_mcp_architecture_tools" name="test_register_architecture_tools_success" time="3.611" /><testcase classname="tests.serving.mcp.test_mcp_architecture_tools" name="test_register_architecture_tools_remote_api_config" time="3.618" /><testcase classname="tests.serving.mcp.test_mcp_backend_comprehensive" name="test_duckdb_backend_list_high_risk_functions" time="3.605" /><testcase classname="tests.serving.mcp.test_mcp_backend_comprehensive" name="test_duckdb_backend_get_callgraph_neighbors_invalid_direction" time="3.591" /><testcase classname="tests.serving.mcp.test_mcp_backend_comprehensive" name="test_duckdb_backend_list_datasets" time="3.623" /><testcase classname="tests.serving.mcp.test_mcp_backend_comprehensive" name="test_duckdb_backend_get_tests_for_function_missing_identifier" time="3.610" /><testcase classname="tests.serving.mcp.test_mcp_architecture_tools" name="test_backend_get_file_hints_via_tools" time="3.655" /><testcase classname="tests.serving.mcp.test_mcp_architecture_tools" name="test_register_architecture_tools_service_with_repo_info" time="3.700" /><testcase classname="tests.serving.mcp.test_mcp_backend_comprehensive" name="test_duckdb_backend_read_dataset_rows" time="3.655" /><testcase classname="tests.serving.mcp.test_mcp_backend_comprehensive" name="test_duckdb_backend_get_callgraph_neighbors_direction_in" time="3.691"><skipped type="pytest.skip" message="No goids available in test data">/home/paul/CodeIntel/tests/serving/mcp/test_mcp_backend_comprehensive.py:553: No goids available in test data</skipped></testcase><testcase classname="tests.serving.mcp.test_mcp_backend_comprehensive" name="test_duckdb_backend_service_attribute" time="3.699" /><testcase classname="tests.serving.mcp.test_mcp_architecture_tools" name="test_backend_list_subsystems_via_tools" time="3.758" /><testcase classname="tests.serving.mcp.test_mcp_architecture_tools" name="test_backend_list_subsystems_with_role" time="3.781" /><testcase classname="tests.serving.mcp.test_mcp_backend_comprehensive" name="test_duckdb_backend_get_module_profile" time="3.789" /><testcase classname="tests.serving.mcp.test_mcp_architecture_tools" name="test_backend_search_subsystems_with_limit" time="3.809" /><testcase classname="tests.serving.mcp.test_mcp_backend_comprehensive" name="test_duckdb_backend_with_custom_limits" time="3.831" /><testcase classname="tests.serving.mcp.test_mcp_architecture_tools" name="test_register_architecture_tools_with_local_query_service" time="3.943" /><testcase classname="tests.serving.mcp.test_mcp_backend_comprehensive" name="test_duckdb_backend_get_tests_for_function" time="3.927"><skipped type="pytest.skip" message="No goids available in test data">/home/paul/CodeIntel/tests/serving/mcp/test_mcp_backend_comprehensive.py:632: No goids available in test data</skipped></testcase><testcase classname="tests.serving.mcp.test_mcp_backend_comprehensive" name="test_duckdb_backend_get_file_profile" time="3.444" /><testcase classname="tests.serving.mcp.test_mcp_backend_comprehensive" name="test_duckdb_backend_dataset_specs" time="3.208" /><testcase classname="tests.serving.mcp.test_mcp_backend_comprehensive" name="test_duckdb_backend_get_callgraph_neighbors" time="3.361"><skipped type="pytest.skip" message="No goids available in test data">/home/paul/CodeIntel/tests/serving/mcp/test_mcp_backend_comprehensive.py:514: No goids available in test data</skipped></testcase><testcase classname="tests.serving.mcp.test_mcp_backend_comprehensive" name="test_duckdb_backend_get_import_boundary" time="3.481" /><testcase classname="tests.serving.mcp.test_mcp_architecture_tools" name="test_register_architecture_tools_with_config" time="3.411" /><testcase classname="tests.serving.mcp.test_mcp_backend_comprehensive" name="test_duckdb_backend_dataset_schema" time="3.372" /><testcase classname="tests.serving.mcp.test_mcp_dataset_tools" name="test_iter_operations_yields_dataset_operations" time="0.001" /><testcase classname="tests.serving.mcp.test_mcp_function_tools" name="test_function_operations_have_tool_name" time="0.001" /><testcase classname="tests.serving.mcp.test_mcp_function_tools" name="test_function_operations_have_backend_method" time="0.001" /><testcase classname="tests.serving.mcp.test_mcp_function_tools" name="test_function_operations_have_output_model" time="0.001" /><testcase classname="tests.serving.mcp.test_mcp_backend_comprehensive" name="test_duckdb_backend_get_callgraph_neighborhood" time="3.354"><skipped type="pytest.skip" message="No goids available in test data">/home/paul/CodeIntel/tests/serving/mcp/test_mcp_backend_comprehensive.py:592: No goids available in test data</skipped></testcase><testcase classname="tests.serving.mcp.test_mcp_backend_comprehensive" name="test_duckdb_backend_get_function_summary_missing_identifier" time="3.541" /><testcase classname="tests.serving.mcp.test_mcp_architecture_tools" name="test_backend_get_module_subsystems_via_tools" time="3.490" /><testcase classname="tests.serving.mcp.test_mcp_backend_comprehensive" name="test_duckdb_backend_list_high_risk_functions_with_tested_only" time="3.554" /><testcase classname="tests.serving.mcp.test_mcp_architecture_tools" name="test_register_architecture_tools_custom_limits" time="3.597" /><testcase classname="tests.serving.mcp.test_mcp_backend_comprehensive" name="test_duckdb_backend_limits_attribute" time="3.497" /><testcase classname="tests.serving.mcp.test_mcp_architecture_tools" name="test_backend_list_subsystems_with_limit" time="3.470" /><testcase classname="tests.serving.mcp.test_mcp_backend_comprehensive" name="test_duckdb_backend_read_dataset_rows_nonexistent" time="3.591" /><testcase classname="tests.serving.mcp.test_mcp_backend_comprehensive" name="test_duckdb_backend_dataset_schema_nonexistent" time="3.529" /><testcase classname="tests.serving.mcp.test_mcp_dataset_tools" name="test_dataset_operations_have_required_fields" time="0.002" /><testcase classname="tests.serving.mcp.test_mcp_architecture_tools" name="test_register_architecture_tools_local_db_config" time="3.693" /><testcase classname="tests.serving.mcp.test_mcp_architecture_tools" name="test_backend_search_subsystems_with_role" time="3.547" /><testcase classname="tests.serving.mcp.test_mcp_architecture_tools" name="test_register_architecture_tools_different_servers" time="3.522" /><testcase classname="tests.serving.mcp.test_mcp_architecture_tools" name="test_backend_search_subsystems_via_tools" time="3.632" /><testcase classname="tests.serving.mcp.test_mcp_backend_comprehensive" name="test_duckdb_backend_get_function_architecture" time="3.628"><skipped type="pytest.skip" message="No goids available in test data">/home/paul/CodeIntel/tests/serving/mcp/test_mcp_backend_comprehensive.py:848: No goids available in test data</skipped></testcase><testcase classname="tests.serving.mcp.test_mcp_backend_comprehensive" name="test_duckdb_backend_get_file_summary" time="3.639" /><testcase classname="tests.serving.mcp.test_mcp_backend_comprehensive" name="test_duckdb_backend_with_service" time="3.758" /><testcase classname="tests.serving.mcp.test_mcp_architecture_tools" name="test_backend_get_function_architecture_via_tools" time="9.115" /><testcase classname="tests.serving.mcp.test_mcp_architecture_tools" name="test_backend_get_module_architecture_via_tools" time="9.193" /><testcase classname="tests.serving.mcp.test_mcp_backend_comprehensive" name="test_duckdb_backend_get_file_hints" time="9.337" /><testcase classname="tests.serving.mcp.test_mcp_architecture_tools" name="test_backend_get_subsystem_modules_via_tools" time="9.355" /><testcase classname="tests.serving.mcp.test_mcp_architecture_tools" name="test_register_architecture_tools_with_architecture_gateway" time="9.380" /><testcase classname="tests.serving.mcp.test_mcp_backend_comprehensive" name="test_duckdb_backend_summarize_subsystem" time="9.376"><skipped type="pytest.skip" message="No subsystems available in test data">/home/paul/CodeIntel/tests/serving/mcp/test_mcp_backend_comprehensive.py:1064: No subsystems available in test data</skipped></testcase><testcase classname="tests.serving.mcp.test_mcp_backend_comprehensive" name="test_duckdb_backend_list_subsystems" time="9.414" /><testcase classname="tests.serving.mcp.test_mcp_backend_comprehensive" name="test_duckdb_backend_list_subsystems_with_query_filter" time="9.519" /><testcase classname="tests.serving.mcp.test_mcp_dataset_tools" name="test_backend_dataset_specs" time="3.209" /><testcase classname="tests.serving.mcp.test_mcp_function_tools" name="test_function_tool_categories_contains_graph" time="0.001" /><testcase classname="tests.serving.mcp.test_mcp_dataset_tools" name="test_register_dataset_tools_success" time="3.346" /><testcase classname="tests.serving.mcp.test_mcp_function_tools" name="test_function_tool_categories_contains_files" time="0.001" /><testcase classname="tests.serving.mcp.test_mcp_meta_tools" name="test_iter_registry_operations" time="0.000" /><testcase classname="tests.serving.mcp.test_mcp_backend_comprehensive" name="test_serving_config_remote_api_missing_url_raises" time="3.282" /><testcase classname="tests.serving.mcp.test_mcp_function_tools" name="test_function_tool_categories_contains_function" time="0.002" /><testcase classname="tests.serving.mcp.test_mcp_dataset_tools" name="test_backend_read_dataset_rows" time="3.462" /><testcase classname="tests.serving.mcp.test_mcp_function_tools" name="test_iter_operations_yields_function_operations" time="0.001" /><testcase classname="tests.serving.mcp.test_mcp_function_tools" name="test_backend_list_high_risk_functions" time="3.476" /><testcase classname="tests.serving.mcp.test_mcp_backend_comprehensive" name="test_build_backend_resource_local_db_mode" time="4.653" /><testcase classname="tests.serving.mcp.test_mcp_dataset_tools" name="test_backend_read_dataset_rows_with_offset" time="3.494" /><testcase classname="tests.serving.mcp.test_mcp_dataset_tools" name="test_backend_list_datasets" time="3.476" /><testcase classname="tests.serving.mcp.test_mcp_dataset_tools" name="test_register_dataset_tools_with_service" time="3.669" /><testcase classname="tests.serving.mcp.test_mcp_dataset_tools" name="test_local_query_service_as_backend" time="3.362" /><testcase classname="tests.serving.mcp.test_mcp_dataset_tools" name="test_backend_read_dataset_rows_nonexistent_dataset" time="3.850" /><testcase classname="tests.serving.mcp.test_mcp_dataset_tools" name="test_register_dataset_tools_on_multiple_servers" time="3.792" /><testcase classname="tests.serving.mcp.test_mcp_dataset_tools" name="test_register_dataset_tools_preserves_backend_state" time="3.541" /><testcase classname="tests.serving.mcp.test_mcp_function_tools" name="test_register_function_tools_on_multiple_servers" time="3.497" /><testcase classname="tests.serving.mcp.test_mcp_function_tools" name="test_register_function_tools_with_config" time="3.445" /><testcase classname="tests.serving.mcp.test_mcp_dataset_tools" name="test_backend_list_datasets_returns_descriptors" time="3.793" /><testcase classname="tests.serving.mcp.test_mcp_function_tools" name="test_backend_get_callgraph_neighbors_incoming" time="3.787"><skipped type="pytest.skip" message="No functions available">/home/paul/CodeIntel/tests/serving/mcp/test_mcp_function_tools.py:513: No functions available</skipped></testcase><testcase classname="tests.serving.mcp.test_mcp_function_tools" name="test_register_function_tools_success" time="3.676" /><testcase classname="tests.serving.mcp.test_mcp_function_tools" name="test_register_function_tools_with_service" time="3.454" /><testcase classname="tests.serving.mcp.test_mcp_dataset_tools" name="test_backend_dataset_specs_returns_pydantic_models" time="3.813" /><testcase classname="tests.serving.mcp.test_mcp_dataset_tools" name="test_backend_dataset_schema" time="3.846" /><testcase classname="tests.serving.mcp.test_mcp_dataset_tools" name="test_backend_with_custom_limits" time="3.701" /><testcase classname="tests.serving.mcp.test_mcp_function_tools" name="test_function_tool_categories_contains_functions" time="0.000" /><testcase classname="tests.serving.mcp.test_mcp_architecture_tools" name="test_register_architecture_tools_different_backends" time="12.741" /><testcase classname="tests.serving.mcp.test_mcp_backend_comprehensive" name="test_duckdb_backend_get_module_subsystems" time="9.351" /><testcase classname="tests.serving.mcp.test_mcp_architecture_tools" name="test_register_architecture_tools_without_config" time="3.756" /><testcase classname="tests.serving.mcp.test_mcp_backend_comprehensive" name="test_callgraph_neighbors_direction_incoming" time="3.841"><skipped type="pytest.skip" message="No goids available in test data">/home/paul/CodeIntel/tests/serving/mcp/test_mcp_backend_comprehensive.py:1102: No goids available in test data</skipped></testcase><testcase classname="tests.serving.mcp.test_mcp_meta_tools" name="test_build_dataset_meta" time="3.388" /><testcase classname="tests.serving.mcp.test_mcp_meta_tools" name="test_build_serving_dataflow_graph" time="0.001" /><testcase classname="tests.serving.mcp.test_mcp_meta_tools" name="test_registered_tools_after_meta_registration" time="3.762" /><testcase classname="tests.serving.mcp.test_mcp_profile_tools" name="test_register_profile_tools_with_service" time="3.793" /><testcase classname="tests.serving.mcp.test_mcp_profile_tools" name="test_register_profile_tools_on_multiple_servers" time="3.598" /><testcase classname="tests.serving.mcp.test_mcp_profile_tools" name="test_get_operation_profiles_function" time="0.003" /><testcase classname="tests.serving.mcp.test_mcp_function_tools" name="test_backend_get_callgraph_neighborhood" time="3.477"><skipped type="pytest.skip" message="No functions available">/home/paul/CodeIntel/tests/serving/mcp/test_mcp_function_tools.py:331: No functions available</skipped></testcase><testcase classname="tests.serving.mcp.test_mcp_function_tools" name="test_backend_get_function_summary_not_found" time="3.706" /><testcase classname="tests.serving.mcp.test_mcp_profile_tools" name="test_get_operation_profiles_module" time="0.001" /><testcase classname="tests.serving.mcp.test_mcp_meta_tools" name="test_register_meta_tools_with_service_directly" time="3.638" /><testcase classname="tests.serving.mcp.test_mcp_function_tools" name="test_backend_get_function_summary" time="3.890"><skipped type="pytest.skip" message="No functions available">/home/paul/CodeIntel/tests/serving/mcp/test_mcp_function_tools.py:275: No functions available</skipped></testcase><testcase classname="tests.serving.mcp.test_mcp_profile_tools" name="test_get_operation_profiles_file" time="0.001" /><testcase classname="tests.serving.mcp.test_mcp_function_tools" name="test_backend_get_callgraph_neighbors_outgoing" time="3.476"><skipped type="pytest.skip" message="No functions available">/home/paul/CodeIntel/tests/serving/mcp/test_mcp_function_tools.py:542: No functions available</skipped></testcase><testcase classname="tests.serving.mcp.test_mcp_function_tools" name="test_register_function_tools_preserves_backend_state" time="3.827" /><testcase classname="tests.serving.mcp.test_mcp_profile_tools" name="test_profile_operations_have_backend_method" time="0.001" /><testcase classname="tests.serving.mcp.test_mcp_meta_tools" name="test_register_meta_tools_different_backend" time="3.635" /><testcase classname="tests.serving.mcp.test_mcp_function_tools" name="test_function_summary_response_structure" time="3.553"><skipped type="pytest.skip" message="No functions available">/home/paul/CodeIntel/tests/serving/mcp/test_mcp_function_tools.py:596: No functions available</skipped></testcase><testcase classname="tests.serving.mcp.test_mcp_meta_tools" name="test_register_meta_tools_with_local_query_service" time="3.708" /><testcase classname="tests.serving.mcp.test_mcp_function_tools" name="test_high_risk_functions_response_structure" time="3.596" /><testcase classname="tests.serving.mcp.test_mcp_function_tools" name="test_local_query_service_as_backend" time="3.647" /><testcase classname="tests.serving.mcp.test_mcp_function_tools" name="test_backend_get_callgraph_neighbors" time="3.827"><skipped type="pytest.skip" message="No functions available">/home/paul/CodeIntel/tests/serving/mcp/test_mcp_function_tools.py:302: No functions available</skipped></testcase><testcase classname="tests.serving.mcp.test_mcp_function_tools" name="test_backend_with_custom_limits" time="3.788" /><testcase classname="tests.serving.mcp.test_mcp_meta_tools" name="test_register_meta_tools_different_servers" time="3.874" /><testcase classname="tests.serving.mcp.test_mcp_meta_tools" name="test_register_meta_tools_backend_with_limits" time="3.826" /><testcase classname="tests.serving.mcp.test_mcp_function_tools" name="test_backend_get_callgraph_neighbors_not_found" time="3.923" /><testcase classname="tests.serving.mcp.test_mcp_meta_tools" name="test_register_meta_tools_success" time="3.950" /><testcase classname="tests.serving.mcp.test_mcp_registry" name="test_register_tools_with_config" time="4.072" /><testcase classname="tests.serving.mcp.test_mcp_server" name="test_create_mcp_server_local_db_requires_gateway" time="0.002" /><testcase classname="tests.serving.mcp.test_mcp_dataset_tools" name="test_register_dataset_tools_with_config" time="3.431" /><testcase classname="tests.serving.mcp.test_mcp_architecture_tools" name="test_register_architecture_tools_duckdb_backend" time="3.779" /><testcase classname="tests.serving.mcp.test_mcp_meta_tools" name="test_backend_list_datasets" time="3.469" /><testcase classname="tests.serving.mcp.test_mcp_server" name="test_create_mcp_server_default_tools_registered" time="4.725" /><testcase classname="tests.serving.mcp.test_mcp_meta_tools" name="test_backend_dataset_specs" time="3.892" /><testcase classname="tests.serving.mcp.test_mcp_profile_tools" name="test_register_profile_tools_with_config" time="3.291" /><testcase classname="tests.serving.mcp.test_mcp_profile_tools" name="test_backend_get_function_profile" time="3.273"><skipped type="pytest.skip" message="No functions available">/home/paul/CodeIntel/tests/serving/mcp/test_mcp_profile_tools.py:221: No functions available</skipped></testcase><testcase classname="tests.serving.mcp.test_mcp_profile_tools" name="test_register_profile_tools_preserves_backend_state" time="3.125" /><testcase classname="tests.serving.mcp.test_mcp_profile_tools" name="test_register_profile_tools_success" time="3.685" /><testcase classname="tests.serving.mcp.test_mcp_registry" name="test_register_tools_with_backend" time="3.264" /><testcase classname="tests.serving.mcp.test_mcp_profile_tools" name="test_module_profile_response_structure" time="3.355"><skipped type="pytest.skip" message="No functions available">/home/paul/CodeIntel/tests/serving/mcp/test_mcp_profile_tools.py:527: No functions available</skipped></testcase><testcase classname="tests.serving.mcp.test_mcp_profile_tools" name="test_backend_get_module_profile_not_found" time="3.368" /><testcase classname="tests.serving.mcp.test_mcp_profile_tools" name="test_backend_get_function_profile_not_found" time="3.549" /><testcase classname="tests.serving.mcp.test_mcp_profile_tools" name="test_function_profile_response_structure" time="3.540"><skipped type="pytest.skip" message="No functions available">/home/paul/CodeIntel/tests/serving/mcp/test_mcp_profile_tools.py:467: No functions available</skipped></testcase><testcase classname="tests.serving.mcp.test_mcp_profile_tools" name="test_backend_with_custom_limits" time="3.411" /><testcase classname="tests.serving.mcp.test_mcp_profile_tools" name="test_backend_get_module_profile" time="3.500"><skipped type="pytest.skip" message="No functions available">/home/paul/CodeIntel/tests/serving/mcp/test_mcp_profile_tools.py:275: No functions available</skipped></testcase><testcase classname="tests.serving.mcp.test_mcp_architecture_tools" name="test_backend_get_function_architecture_not_found" time="9.190" /><testcase classname="tests.serving.mcp.test_mcp_profile_tools" name="test_file_profile_response_structure" time="3.355"><skipped type="pytest.skip" message="No functions available">/home/paul/CodeIntel/tests/serving/mcp/test_mcp_profile_tools.py:497: No functions available</skipped></testcase><testcase classname="tests.serving.mcp.test_mcp_profile_tools" name="test_backend_get_file_profile" time="3.820"><skipped type="pytest.skip" message="No functions available">/home/paul/CodeIntel/tests/serving/mcp/test_mcp_profile_tools.py:248: No functions available</skipped></testcase><testcase classname="tests.serving.mcp.test_mcp_profile_tools" name="test_backend_get_file_profile_not_found" time="3.370" /><testcase classname="tests.serving.mcp.test_mcp_profile_tools" name="test_local_query_service_as_backend" time="3.391" /><testcase classname="tests.serving.mcp.test_mcp_backend_comprehensive" name="test_duckdb_backend_get_subsystem_modules" time="9.057"><skipped type="pytest.skip" message="No subsystems available in test data">/home/paul/CodeIntel/tests/serving/mcp/test_mcp_backend_comprehensive.py:1021: No subsystems available in test data</skipped></testcase><testcase classname="tests.serving.mcp.test_mcp_architecture_tools" name="test_backend_get_module_architecture_not_found" time="9.234" /><testcase classname="tests.serving.mcp.test_mcp_registry" name="test_register_tools_with_service" time="3.398" /><testcase classname="tests.serving.mcp.test_mcp_backend_comprehensive" name="test_duckdb_backend_list_subsystems_with_role_filter" time="9.093" /><testcase classname="tests.serving.mcp.test_mcp_backend_comprehensive" name="test_duckdb_backend_search_subsystems" time="9.158" /><testcase classname="tests.serving.mcp.test_mcp_architecture_tools" name="test_backend_summarize_subsystem_via_tools" time="9.356" /><testcase classname="tests.serving.mcp.test_mcp_server" name="test_create_mcp_server_with_custom_backend_factory" time="3.050" /><testcase classname="tests.serving.mcp.test_mcp_server" name="test_create_mcp_server_returns_server_and_close" time="3.518" /><testcase classname="tests.serving.mcp.test_mcp_server" name="test_create_mcp_server_close_callback_callable" time="2.952" /><testcase classname="tests.serving.mcp.test_mcp_server" name="test_create_mcp_server_with_custom_tools_registration" time="3.304" /><testcase classname="tests.serving.mcp.test_mcp_meta_tools" name="test_register_meta_tools_backend_with_service" time="2.128" /><testcase classname="tests.serving.mcp.test_mcp_meta_tools" name="test_register_meta_tools_duckdb_backend" time="2.042" /><testcase classname="tests.serving.mcp.test_mcp_meta_tools" name="test_register_meta_tools_custom_limits" time="2.077" /><testcase classname="tests.serving.mcp.test_mcp_meta_tools" name="test_service_list_datasets" time="1.998" /><testcase classname="tests.serving.mcp.test_mcp_meta_tools" name="test_register_meta_tools_preserves_backend_properties" time="1.912" /><testcase classname="tests.serving.mcp.test_mcp_meta_tools" name="test_service_dataset_specs" time="1.938" /></testsuite></testsuites>