<?xml version="1.0" encoding="utf-8"?><testsuites name="pytest tests"><testsuite name="pytest" errors="0" failures="1" skipped="0" tests="21" time="14.052" timestamp="2025-12-10T08:42:19.276521-05:00" hostname="paul-X870-AORUS-ELITE-WIFI7"><testcase classname="tests.ingestion.test_scip_resolver" name="test_scip_resolver_input_create_empty" time="0.001" /><testcase classname="tests.ingestion.test_scip_resolver" name="test_scip_resolver_input_create_with_modules" time="0.002" /><testcase classname="tests.ingestion.test_scip_resolver" name="test_scip_resolver_input_frozen_dataclass" time="0.001" /><testcase classname="tests.ingestion.test_scip_resolver" name="test_resolved_scip_config_frozen_dataclass" time="0.002" /><testcase classname="tests.ingestion.test_scip_resolver" name="test_resolved_scip_config_create_with_modules" time="1.625" /><testcase classname="tests.ingestion.test_scip_resolver" name="test_resolve_scip_inputs_with_modules_sequence" time="1.610" /><testcase classname="tests.ingestion.test_scip_resolver" name="test_resolve_scip_inputs_missing_commit_raises_value_error" time="0.003" /><testcase classname="tests.ingestion.test_scip_resolver" name="test_resolve_scip_inputs_with_explicit_params" time="1.636" /><testcase classname="tests.ingestion.test_scip_ingest" name="test_scip_ingest_result_factory" time="0.001" /><testcase classname="tests.ingestion.test_scip_resolver" name="test_resolve_scip_inputs_with_modules_in_input" time="1.526" /><testcase classname="tests.ingestion.test_scip_resolver" name="test_scip_resolver_input_create_with_explicit_params" time="0.002" /><testcase classname="tests.ingestion.test_scip_resolver" name="test_resolve_scip_inputs_with_scip_resolver_input" time="1.562" /><testcase classname="tests.ingestion.test_scip_resolver" name="test_resolve_scip_inputs_missing_repo_root_raises_value_error" time="0.002" /><testcase classname="tests.ingestion.test_scip_resolver" name="test_module_record_frozen" time="0.002" /><testcase classname="tests.ingestion.test_scip_resolver" name="test_resolve_scip_inputs_uses_inputs_values" time="0.003" /><testcase classname="tests.ingestion.test_scip_resolver" name="test_resolve_scip_inputs_missing_repo_raises_value_error" time="0.002" /><testcase classname="tests.ingestion.test_scip_resolver" name="test_resolved_scip_config_create_minimal" time="0.006" /><testcase classname="tests.ingestion.test_scip_resolver" name="test_resolve_scip_inputs_missing_build_dir_raises_value_error" time="0.002" /><testcase classname="tests.ingestion.test_scip_resolver" name="test_resolve_scip_inputs_missing_document_output_dir_raises_value_error" time="0.003" /><testcase classname="tests.ingestion.test_scip_resolver" name="test_module_record_create" time="1.647" /><testcase classname="tests.ingestion.test_scip_ingest" name="test_ingest_scip_produces_artifacts" time="3.983"><failure message="Failed: core.scip_symbols is empty; expected rows after ingest">scip_ingest_context = ScipIngestContext(repo_root=PosixPath('/tmp/pytest-of-paul/pytest-286/popen-gw19/test_ingest_scip_produces_arti0/repo'...1b048c20&gt;, build_dir=PosixPath('/tmp/pytest-of-paul/pytest-286/popen-gw19/test_ingest_scip_produces_arti0/repo/build'))

    def test_ingest_scip_produces_artifacts(scip_ingest_context: ScipIngestContext) -&gt; None:
        """Ensure scip_ingest generates SCIP artifacts and registers scip_index_view.
    
        Skip if scip-python or scip binaries are unavailable.
        """
        if shutil.which("scip-python") is None or shutil.which("scip") is None:
            pytest.skip("scip-python or scip not available on PATH")
    
        context = scip_ingest_context
        repo_root = context.repo_root
        gateway = context.gateway
        build_dir = context.build_dir
        document_output_dir = repo_root / "document_output"
        db_path = gateway.config.db_path
    
        _ = BuildPaths.from_layout(
            repo_root=repo_root,
            overrides=BuildLayoutOptions(
                build_dir=build_dir,
                db_path=db_path,
                document_output_dir=document_output_dir,
            ),
        )
    
        try:
            scip_dir = build_dir / "scip"
    
            config = ScipIngestConfig(
                repo="demo/repo",
                commit="deadbeef",
                repo_root=repo_root,
                output_scip=scip_dir / "index.scip",
                output_json=scip_dir / "index.scip.json",
            )
    
            step = ScipIngestStep(storage=context.storage, tools=context.tools)
            result = asyncio.run(step.execute_async([], config))
    
            if not result.success:
                errors = "; ".join(result.errors) if result.errors else "unknown"
                pytest.skip(f"SCIP ingestion not successful in test environment: {errors}")
    
            if not (scip_dir / "index.scip").is_file():
                pytest.fail("index.scip was not created under build/scip")
            if not (scip_dir / "index.scip.json").is_file():
                pytest.fail("index.scip.json was not created under build/scip")
    
            count = count_table_rows(gateway.con, "core.scip_symbols")
            if count == 0:
&gt;               pytest.fail("core.scip_symbols is empty; expected rows after ingest")
E               Failed: core.scip_symbols is empty; expected rows after ingest

tests/ingestion/test_scip_ingest.py:82: Failed</failure></testcase></testsuite></testsuites>