<?xml version="1.0" encoding="utf-8"?><testsuites name="pytest tests"><testsuite name="pytest" errors="0" failures="21" skipped="3" tests="501" time="97.114" timestamp="2025-12-30T13:03:46.307452-05:00" hostname="MacBookPro"><testcase classname="tests.build.exports.test_streaming_defaults" name="test_write_jsonl_records_uses_default_batch_size" time="25.053" /><testcase classname="tests.build.hamilton.adapters.test_parallel.TestGetAvailableBackends" name="test_always_includes_basic" time="0.006" /><testcase classname="tests.build.hamilton.adapters.test_parallel.TestParallelConfig" name="test_from_env_defaults" time="25.103" /><testcase classname="tests.build.hamilton.adapters.test_parallel" name="test_backend_string_normalization[sequential]" time="0.005" /><testcase classname="tests.build.hamilton.adapters.test_parallel.TestCreateParallelAdapter" name="test_with_max_workers" time="0.015" /><testcase classname="tests.build.hamilton.adapters.test_parallel" name="test_backend_string_normalization[threadpool]" time="0.006" /><testcase classname="tests.build.hamilton.adapters.test_parallel" name="test_backend_string_normalization[uppercase]" time="0.002" /><testcase classname="tests.build.hamilton.hooks.test_lifecycle.TestNodeTimingRecord" name="test_creation" time="0.001" /><testcase classname="tests.build.hamilton.adapters.test_parallel" name="test_backend_string_normalization[mixedcase]" time="0.001" /><testcase classname="tests.build.hamilton.hooks.test_lifecycle.TestNodeTimingRecord" name="test_creation_with_task_id" time="0.001" /><testcase classname="tests.build.hamilton.hooks.test_lifecycle.TestProgressBarHook" name="test_creation_disabled" time="0.004" /><testcase classname="tests.build.hamilton.hooks.test_lifecycle.TestProgressBarHook" name="test_run_before_disabled" time="0.002" /><testcase classname="tests.build.hamilton.hooks.test_lifecycle.TestBuildTimingHook" name="test_creation" time="0.002" /><testcase classname="tests.build.hamilton.hooks.test_lifecycle.TestProgressBarHook" name="test_creation_with_desc" time="0.005" /><testcase classname="tests.build.hamilton.hooks.test_lifecycle.TestBuildTimingHook" name="test_records_timing" time="0.017" /><testcase classname="tests.build.hamilton.hooks.test_lifecycle.TestProgressBarHook" name="test_run_after_disabled" time="0.001" /><testcase classname="tests.build.hamilton.hooks.test_lifecycle.TestBuildTimingHook" name="test_total_duration" time="0.004" /><testcase classname="tests.build.hamilton.hooks.test_lifecycle.TestBuildTimingHook" name="test_get_slowest_nodes" time="0.004" /><testcase classname="tests.build.hamilton.hooks.test_lifecycle.TestBuildTimingHook" name="test_reset" time="0.001" /><testcase classname="tests.build.hamilton.hooks.test_lifecycle.TestConditionalHook" name="test_enabled_condition" time="0.001" /><testcase classname="tests.build.hamilton.hooks.test_lifecycle.TestConditionalHook" name="test_disabled_condition" time="0.001" /><testcase classname="tests.build.hamilton.hooks.test_lifecycle.TestConditionalHook" name="test_condition_cached" time="0.001" /><testcase classname="tests.build.hamilton.hooks.test_lifecycle.TestCreateProgressHook" name="test_respects_ci_environment" time="0.001" /><testcase classname="tests.build.hamilton.hooks.test_lifecycle.TestCreateProgressHook" name="test_creates_hook" time="0.001" /><testcase classname="tests.build.hamilton.hooks.test_lifecycle.TestCreateProgressHook" name="test_enabled_when_not_ci" time="0.002" /><testcase classname="tests.build.hamilton.hooks.test_lifecycle" name="test_timing_hook_logging_threshold[below_threshold]" time="0.005" /><testcase classname="tests.build.hamilton.hooks.test_lifecycle" name="test_timing_hook_logging_threshold[zero_threshold]" time="0.004" /><testcase classname="tests.build.hamilton.hooks.test_lifecycle" name="test_timing_hook_logging_threshold[above_threshold]" time="0.003" /><testcase classname="tests.build.hamilton.native.patterns.test_target_builder" name="test_attach_tool_target_template_sets_anchor_docstring" time="0.003" /><testcase classname="tests.build.hamilton.native.patterns.test_target_builder" name="test_attach_tool_target_template_requires_ingest_for_tables" time="0.002" /><testcase classname="tests.build.hamilton.adapters.test_parallel.TestParallelConfig" name="test_from_env" time="25.453" /><testcase classname="tests.build.hamilton.adapters.test_parallel.TestCreateParallelAdapter" name="test_auto_selects_threadpool" time="0.002" /><testcase classname="tests.build.hamilton.test_build_native_module_scans" name="test_build_native_modules_do_not_call_gateway_policy_writes" time="0.012" /><testcase classname="tests.build.hamilton.adapters.test_parallel.TestParallelConfig" name="test_from_env_invalid_backend" time="25.481" /><testcase classname="tests.build.hamilton.test_build_native_module_scans" name="test_build_native_modules_do_not_use_direct_ibis_table_accessor" time="0.010" /><testcase classname="tests.build.hamilton.adapters.test_parallel.TestCreateParallelAdapter" name="test_invalid_backend_falls_back" time="0.004" /><testcase classname="tests.build.hamilton.test_cli_env_vars" name="test_cli_env_vars_include_command_path" time="0.220" /><testcase classname="tests.build.hamilton.test_cli_snapshots" name="test_cli_snapshot[pr16_plan_function_metrics_contract]" time="0.167" /><testcase classname="tests.build.hamilton.adapters.test_parallel.TestParallelConfig" name="test_from_cli_args" time="25.517" /><testcase classname="tests.build.hamilton.adapters.test_parallel.TestCreateParallelAdapter" name="test_with_enum" time="0.002" /><testcase classname="tests.build.hamilton.test_cli_snapshots" name="test_cli_snapshot[pr21_plan_hotspots_native]" time="0.152" /><testcase classname="tests.build.hamilton.adapters.test_parallel.TestParallelConfig" name="test_default_config" time="25.666" /><testcase classname="tests.build.hamilton.test_cli_snapshots" name="test_cli_snapshot[pr21_plan_coverage_functions_native]" time="0.063" /><testcase classname="tests.build.hamilton.adapters.test_parallel.TestCreateParallelAdapter" name="test_sequential_returns_none" time="0.001" /><testcase classname="tests.build.hamilton.test_cli_snapshots" name="test_cli_snapshot[pr23_plan_export_parquet_native]" time="0.125" /><testcase classname="tests.build.hamilton.test_cli_snapshots" name="test_cli_snapshot[pr22_plan_call_graph_views]" time="0.061" /><testcase classname="tests.build.hamilton.test_cli_snapshots" name="test_cli_snapshot[pr16_plan_risk_factors_contract]" time="0.060" /><testcase classname="tests.build.hamilton.test_cli_snapshots" name="test_cli_snapshot[pr23_plan_export_jsonl_native]" time="0.050" /><testcase classname="tests.build.hamilton.adapters.test_parallel.TestParallelConfig" name="test_custom_config" time="25.740" /><testcase classname="tests.build.hamilton.adapters.test_parallel.TestCreateParallelAdapter" name="test_threadpool_returns_adapter" time="0.002" /><testcase classname="tests.build.hamilton.test_cli_snapshots" name="test_cli_snapshot[pr09_plan_help]" time="0.056" /><testcase classname="tests.build.hamilton.test_cli_snapshots" name="test_cli_snapshot[pr13_history_help]" time="0.110" /><testcase classname="tests.build.hamilton.test_cli_snapshots" name="test_cli_snapshot[pr14_graph_help]" time="0.049" /><testcase classname="tests.build.hamilton.test_cli_snapshots" name="test_cli_snapshot[pr15_explain_help]" time="0.045" /><testcase classname="tests.build.hamilton.test_cli_snapshots" name="test_cli_snapshot[pr08_graph_default_mode]" time="0.044" /><testcase classname="tests.build.hamilton.test_cli_snapshots" name="test_cli_snapshot[build_status_help]" time="0.024" /><testcase classname="tests.build.hamilton.test_cli_snapshots" name="test_cli_snapshot[pr28_assets_help]" time="0.049" /><testcase classname="tests.build.hamilton.test_cli_snapshots" name="test_cli_snapshot[pr32_resolve_help]" time="0.032" /><testcase classname="tests.build.hamilton.test_cli_snapshots" name="test_cli_snapshot[pr28_lineage_help]" time="0.037" /><testcase classname="tests.build.hamilton.test_cli_snapshots" name="test_cli_snapshot[pr32_promote_help]" time="0.053" /><testcase classname="tests.build.hamilton.adapters.test_parallel.TestExecutionBackend" name="test_values" time="25.867" /><testcase classname="tests.build.exports.test_export_service_boundary" name="test_build_export_relation_uses_storage_export_service" time="26.862" /><testcase classname="tests.build.hamilton.adapters.test_parallel.TestThreadPoolAdapter" name="test_creation" time="0.002" /><testcase classname="tests.build.hamilton.test_cli_snapshots" name="test_cli_snapshot[pr90_targets_list_show_tags]" time="1.276" /><testcase classname="tests.build.hamilton.test_cli_snapshots" name="test_cli_snapshot[build_run_help]" time="0.120" /><testcase classname="tests.build.hamilton.test_cli_snapshots" name="test_cli_snapshot[pr59_schema_help]" time="0.017" /><testcase classname="tests.build.hamilton.test_cli_snapshots" name="test_cli_snapshot[pr63_schema_manifest_native]" time="1.207" /><testcase classname="tests.build.hamilton.test_cli_snapshots" name="test_cli_snapshot[pr33_diff_help]" time="0.051" /><testcase classname="tests.build.hamilton.test_cli_snapshots" name="test_cli_snapshot[pr77_build_spec_help]" time="0.005" /><testcase classname="tests.build.hamilton.test_cli_snapshots" name="test_cli_snapshot[pr77_build_spec_compile_auto]" time="1.243" /><testcase classname="tests.build.hamilton.test_cli_snapshots" name="test_cli_snapshot[pr59_schema_compile_help]" time="0.085" /><testcase classname="tests.build.hamilton.test_cli_snapshots" name="test_cli_snapshot[pr77_build_spec_compile_help]" time="0.033" /><testcase classname="tests.build.hamilton.test_dag_catalog_compiler" name="test_duplicate_anchor_nodes_rejected" time="0.003" /><testcase classname="tests.build.hamilton.test_dag_catalog_compiler" name="test_closure_deterministic_order" time="0.005" /><testcase classname="tests.build.hamilton.test_dag_catalog_compiler" name="test_duplicate_contract_outputs_rejected" time="5.146" /><testcase classname="tests.build.hamilton.test_cli_snapshots" name="test_cli_snapshot[pr71_schema_migrate_help]" time="0.055" /><testcase classname="tests.build.hamilton.test_cli_snapshots" name="test_cli_snapshot[pr78_build_validate_auto]" time="1.292" /><testcase classname="tests.build.hamilton.test_decision_trace" name="test_decision_trace_payload_preserves_entry_order" time="0.001" /><testcase classname="tests.build.hamilton.test_extraction_target_tags" name="test_extraction_table_nodes_have_dataset_tags" time="0.012" /><testcase classname="tests.build.hamilton.adapters.test_parallel.TestExecutionBackend" name="test_from_string" time="26.302" /><testcase classname="tests.build.hamilton.adapters.test_parallel.TestThreadPoolAdapter" name="test_implements_remote_execute_and_build_result" time="0.003" /><testcase classname="tests.build.hamilton.test_import_time_schema_safety" name="test_contract_enumeration_initializes_targets" time="0.003" /><testcase classname="tests.build.hamilton.adapters.test_parallel.TestParallelConfig" name="test_from_cli_args_none" time="0.004" /><testcase classname="tests.build.hamilton.test_cli_snapshots" name="test_cli_snapshot[pr72_schema_compile_with_views_artifacts_help]" time="0.104" /><testcase classname="tests.build.hamilton.test_cli_snapshots" name="test_cli_snapshot[pr71_schema_diff_help]" time="0.077" /><testcase classname="tests.build.hamilton.test_cli_snapshots" name="test_cli_snapshot[pr78_build_validate_help]" time="0.029" /><testcase classname="tests.build.hamilton.test_decision_trace" name="test_decision_trace_payload_includes_cache_fields" time="0.001" /><testcase classname="tests.build.hamilton.test_dag_catalog_compiler" name="test_io_surfaces_include_reads_and_writes" time="0.009" /><testcase classname="tests.build.hamilton.test_pr08_defaults.TestHamiltonDriverDefaults" name="test_runtime_constructs_runtime" time="0.001" /><testcase classname="tests.build.hamilton.test_pr08_defaults.TestHamiltonDriverDefaults" name="test_list_available_nodes_includes_target_and_support_nodes" time="0.011" /><testcase classname="tests.build.hamilton.test_pr09_planner.TestPlanEntryStructure" name="test_plan_entry_has_required_fields" time="0.001" /><testcase classname="tests.build.hamilton.test_pr09_planner.TestHamiltonBuildPlanStructure" name="test_plan_has_entries" time="0.001" /><testcase classname="tests.build.hamilton.test_pr09_planner.TestHamiltonBuildPlanStructure" name="test_plan_get_entry_method" time="0.002" /><testcase classname="tests.build.hamilton.test_pr09_planner.TestPlanComputation" name="test_compute_plan_closure" time="0.010" /><testcase classname="tests.build.hamilton.test_pr11_datasetref_v2.TestDatasetRefV2Fields" name="test_datasetref_has_repo_field" time="0.001" /><testcase classname="tests.build.hamilton.test_pr11_datasetref_v2.TestDatasetRefV2Fields" name="test_datasetref_has_commit_field" time="0.002" /><testcase classname="tests.build.hamilton.test_pr11_datasetref_v2.TestDatasetRefV2Fields" name="test_datasetref_defaults_to_empty_strings" time="0.001" /><testcase classname="tests.build.hamilton.test_pr11_datasetref_v2.TestDatasetRefV2Fields" name="test_datasetref_is_frozen" time="0.001" /><testcase classname="tests.build.hamilton.test_pr11_datasetref_v2.TestRefsFromTargetResult" name="test_refs_from_target_result_includes_snapshot" time="0.002" /><testcase classname="tests.build.hamilton.test_pr11_datasetref_v2.TestRefsFromTargetResult" name="test_refs_from_target_result_without_snapshot" time="0.001" /><testcase classname="tests.build.hamilton.test_pr11_datasetref_v2.TestArtifactRef" name="test_artifactref_has_required_fields" time="0.001" /><testcase classname="tests.build.hamilton.test_pr11_datasetref_v2.TestArtifactRef" name="test_artifactref_has_metadata_field" time="0.001" /><testcase classname="tests.build.hamilton.test_pr11_datasetref_v2.TestArtifactRef" name="test_artifactref_is_frozen" time="0.002" /><testcase classname="tests.build.hamilton.test_pr11_datasetref_v2.TestTargetRunRecordArtifacts" name="test_target_run_record_has_artifacts_field" time="0.001" /><testcase classname="tests.build.hamilton.test_pr11_datasetref_v2.TestTargetRunRecordArtifacts" name="test_target_run_record_accepts_artifacts" time="0.001" /><testcase classname="tests.build.hamilton.test_pr11_datasetref_v2.TestSkippedTargetsDatasetRef" name="test_skipped_target_has_datasets_field" time="0.002" /><testcase classname="tests.build.hamilton.test_pr11_datasetref_v2.TestSkippedTargetsDatasetRef" name="test_skipped_target_datasets_have_lineage" time="0.002" /><testcase classname="tests.build.hamilton.test_pr11_datasetref_v2.TestSkippedTargetsDatasetRef" name="test_refs_from_target_result_multiple_tables" time="0.001" /><testcase classname="tests.build.hamilton.test_pr11_datasetref_v2.TestSkippedTargetsDatasetRef" name="test_dataset_ref_fields_accessible" time="0.001" /><testcase classname="tests.build.hamilton.test_pr12_loader_nodes.TestLoaderNodeNaming" name="test_query_node_naming" time="0.001" /><testcase classname="tests.build.hamilton.test_pr12_loader_nodes.TestDriverLoaderNodes" name="test_generated_module_has_query_nodes" time="0.001" /><testcase classname="tests.build.hamilton.test_pr12_loader_nodes.TestDriverLoaderNodes" name="test_loader_nodes_disabled_by_config" time="0.405"><failure message="Failed: Query nodes should be external inputs when include_loader_nodes=False">runtime_env = BuildEnv(gateway=DuckDBGateway(config=StorageConfig(db_path=PosixPath(':memory:'), read_only=False, apply_schema=True,...erprint_policy=FingerprintPolicy(mode=&lt;FingerprintMode.STABLE_V1: 'stable_v1'&gt;), execution_context=None, registry=None)

    @staticmethod
    def test_loader_nodes_disabled_by_config(runtime_env: BuildEnv) -&gt; None:
        """Verify loader nodes are not generated when flag is False."""
        config: dict[str, object] = {"ci_support_include_loader_nodes": False}
        if runtime_env.profile:
            config["profile"] = runtime_env.profile
        config.update(runtime_env.variants.as_hamilton_config())
        config["variant_fingerprint"] = runtime_env.variants.variant_fingerprint
        runtime = compose_runtime(env=runtime_env, config=config).bundle
        query_name = query_node("analytics.function_metrics")
        variables = list(runtime.dr.list_available_variables())
        var_by_name = {getattr(var, "name", None): var for var in variables}
        query_var = var_by_name.get(query_name)
        if query_var is None:
            return
        if not getattr(query_var, "user_defined", False):
&gt;           pytest.fail("Query nodes should be external inputs when include_loader_nodes=False")
E           Failed: Query nodes should be external inputs when include_loader_nodes=False

tests/build/hamilton/test_pr12_loader_nodes.py:62: Failed</failure></testcase><testcase classname="tests.build.hamilton.test_pr12_loader_nodes.TestBuildEnvValidateOutputsFlag" name="test_build_env_has_validate_outputs_field" time="0.001" /><testcase classname="tests.build.hamilton.test_pr12_loader_nodes.TestValidateOutputsBehavior" name="test_validate_outputs_flag_exists_in_build_run_command" time="0.001" /><testcase classname="tests.build.hamilton.test_pr12_loader_nodes.TestValidateOutputsBehavior" name="test_validation_result_dataclass_exists" time="0.001"><skipped type="pytest.skip" message="ValidationResult not yet implemented">/Users/paulheyse/CodeIntel/CodeIntel/tests/build/hamilton/test_pr12_loader_nodes.py:102: ValidationResult not yet implemented</skipped></testcase><testcase classname="tests.build.hamilton.test_pr12_loader_nodes.TestValidateOutputsBehavior" name="test_validation_failure_blocks_downstream_conceptually" time="0.002" /><testcase classname="tests.build.hamilton.test_pr12_loader_nodes.TestValidateOutputsBehavior" name="test_target_run_record_has_validation_fields" time="0.004" /><testcase classname="tests.build.hamilton.test_pr14_graph_exports.TestMermaidExport" name="test_export_dag_mermaid_returns_string" time="0.001" /><testcase classname="tests.build.hamilton.test_pr14_graph_exports.TestMermaidExport" name="test_mermaid_output_starts_with_graph" time="0.001" /><testcase classname="tests.build.hamilton.test_pr14_graph_exports.TestMermaidExport" name="test_mermaid_output_contains_target_nodes" time="0.001" /><testcase classname="tests.build.hamilton.test_pr14_graph_exports.TestDotExport" name="test_export_dag_dot_returns_string" time="0.001" /><testcase classname="tests.build.hamilton.test_pr14_graph_exports.TestDotExport" name="test_dot_output_is_valid_digraph" time="0.001" /><testcase classname="tests.build.hamilton.test_pr14_graph_exports.TestDotExport" name="test_dot_output_contains_target_nodes" time="0.001" /><testcase classname="tests.build.hamilton.test_pr14_graph_exports.TestGraphExportConsistency" name="test_mermaid_and_dot_have_same_nodes" time="0.001" /><testcase classname="tests.build.hamilton.test_pr17_generated_assets_module" name="test_assets_module_has_dataset_nodes" time="0.001" /><testcase classname="tests.build.hamilton.test_pr17_generated_assets_module" name="test_assets_module_has_loader_nodes" time="0.003" /><testcase classname="tests.build.hamilton.test_pr17_generated_assets_module" name="test_assets_module_has_artifact_nodes" time="0.001" /><testcase classname="tests.build.hamilton.test_pr17_generated_assets_module" name="test_assets_module_all_node_types_independent" time="0.001" /><testcase classname="tests.build.hamilton.test_pr21_analytics_native_driver" name="test_auto_driver_includes_native_analytics_nodes" time="0.007" /><testcase classname="tests.build.hamilton.test_pr21_analytics_native_driver" name="test_auto_driver_resolves_native_target_nodes" time="0.005" /><testcase classname="tests.build.hamilton.test_pr21_analytics_native_driver" name="test_risk_factors_native_still_present_in_wave2" time="0.004" /><testcase classname="tests.build.hamilton.test_artifact_path_templates" name="test_file_artifact_saver_resolves_path_from_template" time="11.362" /><testcase classname="tests.build.hamilton.test_build_guardrails" name="test_no_compute_result_any_in_build" time="0.063" /><testcase classname="tests.build.hamilton.test_artifact_path_templates" name="test_file_artifact_saver_requires_template" time="11.534" /><testcase classname="tests.build.hamilton.test_build_guardrails" name="test_no_forbidden_any_cast_in_native_targets" time="0.007" /><testcase classname="tests.build.hamilton.test_pr28_phase4_asset_catalog" name="test_pr28_phase4_asset_catalog_insert_and_resolve" time="2.070" /><testcase classname="tests.build.hamilton.test_graphs_end_to_end" name="test_call_graph_import_graph_end_to_end" time="24.307"><failure message="AssertionError: target_status: expected 'succeeded', got 'failed'">graph_target_harness = GraphTargetHarness(harness=HamiltonBuildHarness(ctx=TestContext(snapshot=SnapshotRef(repo='demo/repo', commit='deadbee...27ac7d619ed19dc75b9b05dced2ffc209', created_at_utc='2025-12-30T18:04:35.133943+00:00')), runtime=None, _owns_ctx=True))

    def test_call_graph_import_graph_end_to_end(graph_target_harness: GraphTargetHarness) -&gt; None:
        """Run call_graph/import_graph end-to-end and assert materialized outputs."""
        records = graph_target_harness.run_targets(("call_graph", "import_graph"))
        call_graph_record = records["call_graph"]
        import_record = records["import_graph"]
    
&gt;       assert_target_ok(call_graph_record)

tests/build/hamilton/test_graphs_end_to_end.py:23: 
_ _ _ _ _ _ _ _ _ _ _ _ _ _ _ _ _ _ _ _ _ _ _ _ _ _ _ _ _ _ _ _ _ _ _ _
tests/_helpers/assertions/target_record_assertions.py:28: in assert_target_ok
    expect_equal(record.status, expected_status, label="target_status")
_ _ _ _ _ _ _ _ _ _ _ _ _ _ _ _ _ _ _ _ _ _ _ _ _ _ _ _ _ _ _ _ _ _ _ _

actual = 'failed', expected = 'succeeded'

    def expect_equal(actual: object, expected: object, *, label: str | None = None) -&gt; None:
        """Raise AssertionError when two values differ.
    
        Parameters
        ----------
        actual
            Observed value.
        expected
            Expected value to compare against.
        label
            Optional label prefix for the failure message.
    
        Raises
        ------
        AssertionError
            If the values are not equal.
        """
        if actual != expected:
            failure_message = f"{_prefix(label)}expected {expected!r}, got {actual!r}"
&gt;           raise AssertionError(failure_message)
E           AssertionError: target_status: expected 'succeeded', got 'failed'

tests/_helpers/assertions/expectation_assertions.py:75: AssertionError</failure></testcase><testcase classname="tests.build.hamilton.test_materializer" name="test_iceberg_saver_writes_table" time="12.263"><failure message="AssertionError: expected 'succeeded', got 'failed' (error='Iceberg does not support write policy mode: upsert')">build_harness = HamiltonBuildHarness(ctx=TestContext(snapshot=SnapshotRef(repo='demo/repo', commit='deadbeef', repo_root=PosixPath('/p...workers=4, enable_hamilton_cache=False, cache_dir=None), repo_files=(), last_result=None, runtime=None, _owns_ctx=True)

    def test_iceberg_saver_writes_table(
        build_harness: HamiltonBuildHarness,
    ) -&gt; None:
        """IcebergDatasetSaver should persist rows and expose snapshot metadata."""
        harness = build_harness.with_force_targets("modules")
        env = harness.build_env()
        snapshot = env.snapshot
        graph = _make_graph()
        saver = IcebergDatasetSaver(
            env=env,
            catalog=graph,
            target_name="modules",
            table_key="core.modules",
        )
    
        df = _modules_rows(repo=snapshot.repo, commit=snapshot.commit, count=2)
        meta = saver.save_data(df.lazy())
&gt;       _assert_status(meta, "succeeded")

tests/build/hamilton/test_materializer.py:176: 
_ _ _ _ _ _ _ _ _ _ _ _ _ _ _ _ _ _ _ _ _ _ _ _ _ _ _ _ _ _ _ _ _ _ _ _

meta = {'artifact_name': None, 'duration_ms': 72.81762501224875, 'error': 'Iceberg does not support write policy mode: upsert', 'iceberg_snapshot_id': None, ...}
expected = 'succeeded'

    def _assert_status(meta: Mapping[str, object], expected: str) -&gt; None:
        status = meta.get("status")
        if status == expected:
            return
        error = meta.get("error")
        details = f"expected {expected!r}, got {status!r}"
        if error:
            details = f"{details} (error={error!r})"
&gt;       raise AssertionError(details)
E       AssertionError: expected 'succeeded', got 'failed' (error='Iceberg does not support write policy mode: upsert')

tests/build/hamilton/test_materializer.py:93: AssertionError</failure></testcase><testcase classname="tests.build.hamilton.test_pr28_phase4_asset_catalog" name="test_pr28_phase4_asset_catalog_lineage_edges_upsert" time="1.476" /><testcase classname="tests.build.hamilton.test_materializer" name="test_iceberg_saver_snapshot_properties_persisted" time="12.272"><failure message="AssertionError: expected 'succeeded', got 'failed' (error='Iceberg does not support write policy mode: upsert')">build_harness = HamiltonBuildHarness(ctx=TestContext(snapshot=SnapshotRef(repo='demo/repo', commit='deadbeef', repo_root=PosixPath('/p...workers=4, enable_hamilton_cache=False, cache_dir=None), repo_files=(), last_result=None, runtime=None, _owns_ctx=True)

    def test_iceberg_saver_snapshot_properties_persisted(
        build_harness: HamiltonBuildHarness,
    ) -&gt; None:
        """IcebergDatasetSaver should persist snapshot properties."""
        harness = build_harness.with_force_targets("modules")
        env = harness.build_env()
        graph = _make_graph()
        saver = IcebergDatasetSaver(
            env=env,
            catalog=graph,
            target_name="modules",
            table_key="core.modules",
        )
    
        df = _modules_rows(repo=env.snapshot.repo, commit=env.snapshot.commit, count=1)
        meta = saver.save_data(df.lazy())
&gt;       _assert_status(meta, "succeeded")

tests/build/hamilton/test_materializer.py:237: 
_ _ _ _ _ _ _ _ _ _ _ _ _ _ _ _ _ _ _ _ _ _ _ _ _ _ _ _ _ _ _ _ _ _ _ _

meta = {'artifact_name': None, 'duration_ms': 64.82429197058082, 'error': 'Iceberg does not support write policy mode: upsert', 'iceberg_snapshot_id': None, ...}
expected = 'succeeded'

    def _assert_status(meta: Mapping[str, object], expected: str) -&gt; None:
        status = meta.get("status")
        if status == expected:
            return
        error = meta.get("error")
        details = f"expected {expected!r}, got {status!r}"
        if error:
            details = f"{details} (error={error!r})"
&gt;       raise AssertionError(details)
E       AssertionError: expected 'succeeded', got 'failed' (error='Iceberg does not support write policy mode: upsert')

tests/build/hamilton/test_materializer.py:93: AssertionError</failure></testcase><testcase classname="tests.build.hamilton.test_materializer" name="test_materialize_table_validates_when_schema_available" time="12.560"><failure message="AssertionError: expected 'succeeded', got 'failed' (error='Iceberg does not support write policy mode: upsert')">build_harness = HamiltonBuildHarness(ctx=TestContext(snapshot=SnapshotRef(repo='demo/repo', commit='deadbeef', repo_root=PosixPath('/p...workers=4, enable_hamilton_cache=False, cache_dir=None), repo_files=(), last_result=None, runtime=None, _owns_ctx=True)

    def test_materialize_table_validates_when_schema_available(
        build_harness: HamiltonBuildHarness,
    ) -&gt; None:
        """IcebergDatasetSaver should succeed when schema validation is enabled."""
        harness = build_harness.with_force_targets("modules")
        env = replace(harness.build_env(), validate_outputs=True)
        repo = env.snapshot.repo
        commit = env.snapshot.commit
        graph = _make_graph()
        saver = IcebergDatasetSaver(
            env=env,
            catalog=graph,
            target_name="modules",
            table_key="core.modules",
        )
    
        df = _modules_rows(repo=repo, commit=commit, count=2)
        meta = saver.save_data(df.lazy())
&gt;       _assert_status(meta, "succeeded")

tests/build/hamilton/test_materializer.py:377: 
_ _ _ _ _ _ _ _ _ _ _ _ _ _ _ _ _ _ _ _ _ _ _ _ _ _ _ _ _ _ _ _ _ _ _ _

meta = {'artifact_name': None, 'duration_ms': 63.17774998024106, 'error': 'Iceberg does not support write policy mode: upsert', 'iceberg_snapshot_id': None, ...}
expected = 'succeeded'

    def _assert_status(meta: Mapping[str, object], expected: str) -&gt; None:
        status = meta.get("status")
        if status == expected:
            return
        error = meta.get("error")
        details = f"expected {expected!r}, got {status!r}"
        if error:
            details = f"{details} (error={error!r})"
&gt;       raise AssertionError(details)
E       AssertionError: expected 'succeeded', got 'failed' (error='Iceberg does not support write policy mode: upsert')

tests/build/hamilton/test_materializer.py:93: AssertionError</failure></testcase><testcase classname="tests.build.hamilton.test_materializer" name="test_iceberg_saver_appends_tombstones" time="12.648"><failure message="AssertionError: expected 'succeeded', got 'failed' (error='Iceberg does not support write policy mode: upsert')">build_harness = HamiltonBuildHarness(ctx=TestContext(snapshot=SnapshotRef(repo='demo/repo', commit='deadbeef', repo_root=PosixPath('/p...workers=4, enable_hamilton_cache=False, cache_dir=None), repo_files=(), last_result=None, runtime=None, _owns_ctx=True)

    def test_iceberg_saver_appends_tombstones(
        build_harness: HamiltonBuildHarness,
    ) -&gt; None:
        """IcebergDatasetSaver should emit tombstones for deleted rows."""
        harness = build_harness.with_force_targets("modules")
        env = harness.build_env()
        settings = replace(
            env.settings,
            iceberg=replace(env.settings.iceberg, tombstones_enabled=True),
        )
        env = replace(env, settings=settings)
        graph = _make_graph()
        saver = IcebergDatasetSaver(
            env=env,
            catalog=graph,
            target_name="modules",
            table_key="core.modules",
        )
    
        df_first = _modules_rows(repo=env.snapshot.repo, commit=env.snapshot.commit, count=2)
        first_meta = saver.save_data(df_first.lazy())
&gt;       _assert_status(first_meta, "succeeded")

tests/build/hamilton/test_materializer.py:343: 
_ _ _ _ _ _ _ _ _ _ _ _ _ _ _ _ _ _ _ _ _ _ _ _ _ _ _ _ _ _ _ _ _ _ _ _

meta = {'artifact_name': None, 'duration_ms': 44.23187498468906, 'error': 'Iceberg does not support write policy mode: upsert', 'iceberg_snapshot_id': None, ...}
expected = 'succeeded'

    def _assert_status(meta: Mapping[str, object], expected: str) -&gt; None:
        status = meta.get("status")
        if status == expected:
            return
        error = meta.get("error")
        details = f"expected {expected!r}, got {status!r}"
        if error:
            details = f"{details} (error={error!r})"
&gt;       raise AssertionError(details)
E       AssertionError: expected 'succeeded', got 'failed' (error='Iceberg does not support write policy mode: upsert')

tests/build/hamilton/test_materializer.py:93: AssertionError</failure></testcase><testcase classname="tests.build.hamilton.test_materializer" name="test_iceberg_saver_schema_evolution_preserves_field_ids" time="12.928"><failure message="AssertionError: expected 'succeeded', got 'failed' (error='Iceberg does not support write policy mode: upsert')">build_harness = HamiltonBuildHarness(ctx=TestContext(snapshot=SnapshotRef(repo='demo/repo', commit='deadbeef', repo_root=PosixPath('/p...workers=4, enable_hamilton_cache=False, cache_dir=None), repo_files=(), last_result=None, runtime=None, _owns_ctx=True)

    def test_iceberg_saver_schema_evolution_preserves_field_ids(
        build_harness: HamiltonBuildHarness,
    ) -&gt; None:
        """IcebergDatasetSaver should preserve field IDs across schema evolution."""
        harness = build_harness.with_force_targets("modules")
        env = harness.build_env()
        graph = _make_graph()
        saver = IcebergDatasetSaver(
            env=env,
            catalog=graph,
            target_name="modules",
            table_key="core.modules",
        )
    
        frame = _modules_rows(repo=env.snapshot.repo, commit=env.snapshot.commit, count=1)
        meta = saver.save_data(frame.lazy())
&gt;       _assert_status(meta, "succeeded")

tests/build/hamilton/test_materializer.py:300: 
_ _ _ _ _ _ _ _ _ _ _ _ _ _ _ _ _ _ _ _ _ _ _ _ _ _ _ _ _ _ _ _ _ _ _ _

meta = {'artifact_name': None, 'duration_ms': 49.860875005833805, 'error': 'Iceberg does not support write policy mode: upsert', 'iceberg_snapshot_id': None, ...}
expected = 'succeeded'

    def _assert_status(meta: Mapping[str, object], expected: str) -&gt; None:
        status = meta.get("status")
        if status == expected:
            return
        error = meta.get("error")
        details = f"expected {expected!r}, got {status!r}"
        if error:
            details = f"{details} (error={error!r})"
&gt;       raise AssertionError(details)
E       AssertionError: expected 'succeeded', got 'failed' (error='Iceberg does not support write policy mode: upsert')

tests/build/hamilton/test_materializer.py:93: AssertionError</failure></testcase><testcase classname="tests.build.hamilton.test_pr50_architecture_guardrails" name="test_pr50_no_plugin_registry_imports" time="0.311" /><testcase classname="tests.build.hamilton.test_materializer" name="test_internal_outputs_skip_contract_checks" time="13.259"><failure message="AssertionError: expected 'succeeded', got 'failed' (error='Iceberg does not support write policy mode: upsert')">build_harness = HamiltonBuildHarness(ctx=TestContext(snapshot=SnapshotRef(repo='demo/repo', commit='deadbeef', repo_root=PosixPath('/p...workers=4, enable_hamilton_cache=False, cache_dir=None), repo_files=(), last_result=None, runtime=None, _owns_ctx=True)

    def test_internal_outputs_skip_contract_checks(
        build_harness: HamiltonBuildHarness,
    ) -&gt; None:
        """Internal outputs should skip contract validations even in strict mode."""
        harness = build_harness.with_force_targets("modules")
        env = replace(
            harness.build_env(),
            validate_outputs=True,
            validation_mode=ContractValidationMode.STRICT,
        )
        internal_graph = build_catalog(
            targets=(make_target_descriptor(name="modules", module="ingestion"),),
            options=CatalogBuildOptions(
                table_outputs_by_target={
                    "modules": (
                        make_table_output(
                            table_key="core.modules",
                            target="modules",
                            role="internal",
                        ),
                    )
                }
            ),
        )
        saver = IcebergDatasetSaver(
            env=env,
            catalog=internal_graph,
            target_name="modules",
            table_key="core.modules",
            output_role="internal",
        )
    
        frame = pl.DataFrame(
            {
                "module": ["m1"],
                "path": ["pkg/mod.py"],
                "repo": [env.snapshot.repo],
                "commit": [env.snapshot.commit],
            }
        ).lazy()
    
        meta = saver.save_data(frame)
&gt;       _assert_status(meta, "succeeded")

tests/build/hamilton/test_materializer.py:531: 
_ _ _ _ _ _ _ _ _ _ _ _ _ _ _ _ _ _ _ _ _ _ _ _ _ _ _ _ _ _ _ _ _ _ _ _

meta = {'artifact_name': None, 'duration_ms': 45.452916994690895, 'error': 'Iceberg does not support write policy mode: upsert', 'iceberg_snapshot_id': None, ...}
expected = 'succeeded'

    def _assert_status(meta: Mapping[str, object], expected: str) -&gt; None:
        status = meta.get("status")
        if status == expected:
            return
        error = meta.get("error")
        details = f"expected {expected!r}, got {status!r}"
        if error:
            details = f"{details} (error={error!r})"
&gt;       raise AssertionError(details)
E       AssertionError: expected 'succeeded', got 'failed' (error='Iceberg does not support write policy mode: upsert')

tests/build/hamilton/test_materializer.py:93: AssertionError</failure></testcase><testcase classname="tests.build.hamilton.test_no_env_gateway_in_compute_nodes" name="test_no_env_gateway_in_compute_nodes" time="0.012" /><testcase classname="tests.build.hamilton.test_pr52_no_legacy_orchestrators" name="test_pr52_migrated_plugins_exist_as_native_modules" time="0.001" /><testcase classname="tests.build.hamilton.test_pr53_compute_hierarchy.TestComputeHierarchy" name="test_core_compute_has_centrality" time="0.001" /><testcase classname="tests.build.hamilton.test_pr53_compute_hierarchy.TestComputeHierarchy" name="test_analytics_centrality_delegates_to_core" time="0.001" /><testcase classname="tests.build.hamilton.test_pr52_no_legacy_orchestrators" name="test_pr52_empty_plugin_directories_removed" time="0.001" /><testcase classname="tests.build.hamilton.test_pr53_compute_hierarchy.TestComputeHierarchy" name="test_analytics_components_delegates_to_graphs" time="0.001" /><testcase classname="tests.build.hamilton.test_pr53_compute_hierarchy.TestComputeHierarchy" name="test_analytics_structural_delegates_to_graphs" time="0.001" /><testcase classname="tests.build.hamilton.test_pr53_compute_hierarchy.TestAnalyticsComputeDelegation" name="test_no_direct_networkx_algorithms_in_analytics_compute" time="0.005" /><testcase classname="tests.build.hamilton.test_pr53_compute_hierarchy.TestComputeHierarchy" name="test_no_circular_imports" time="0.002" /><testcase classname="tests.build.hamilton.test_pr53_compute_hierarchy.TestComputeExports" name="test_graphs_compute_metrics_exports" time="0.001" /><testcase classname="tests.build.hamilton.test_pr53_compute_hierarchy.TestComputeExports" name="test_core_compute_exports" time="0.001" /><testcase classname="tests.build.hamilton.test_pr55_final_sweep.TestSnapshotManifestTaxonomy" name="test_manifest_tags_are_valid" time="0.065" /><testcase classname="tests.build.hamilton.test_pr55_final_sweep.TestSnapshotManifestTaxonomy" name="test_all_snapshots_referenced" time="0.044" /><testcase classname="tests.build.hamilton.test_pr55_final_sweep.TestPublicApiClean" name="test_build_hamilton_no_legacy_exports" time="0.001" /><testcase classname="tests.build.hamilton.test_pr55_final_sweep.TestNoDeadImports" name="test_no_deleted_module_imports" time="0.085" /><testcase classname="tests.build.hamilton.test_pr55_final_sweep.TestPublicApiClean" name="test_analytics_no_deprecated_exports" time="0.001" /><testcase classname="tests.build.hamilton.test_pr56_schema_hashing" name="test_schema_hash_is_stable_for_identical_schemas" time="0.001" /><testcase classname="tests.build.hamilton.test_pr56_schema_hashing" name="test_schema_hash_changes_when_column_order_changes" time="0.001" /><testcase classname="tests.build.hamilton.test_pr57_duckdb_policy_schema_provider" name="test_ensure_table_creates_table_from_schema_provider" time="0.028" /><testcase classname="tests.build.hamilton.test_pr58_fingerprinting_schema_hash" name="test_compute_table_schema_hash_delegates_to_schema_provider" time="0.001" /><testcase classname="tests.build.hamilton.test_pr58_fingerprinting_schema_hash" name="test_compute_table_schema_hash_returns_none_when_unknown" time="0.001" /><testcase classname="tests.build.hamilton.test_pr59_schema_compile_manifest" name="test_compile_manifest_orders_tables_by_table_key" time="0.001" /><testcase classname="tests.build.hamilton.test_pr59_schema_compile_manifest" name="test_manifest_json_roundtrip_is_valid_json" time="0.004" /><testcase classname="tests.build.hamilton.test_pr60_provider_hamilton_fallback" name="test_pr60_provider_hamilton_prefers_inferred_for_inferable_keys" time="0.002" /><testcase classname="tests.build.hamilton.test_pr56_schema_hashing" name="test_canonical_type_normalizes_timestamp_with_time_zone" time="0.001" /><testcase classname="tests.build.hamilton.test_pr62_row_model_cache_keys_on_schema_hash" name="test_pr62_row_model_cache_keys_on_schema_signature" time="0.003" /><testcase classname="tests.build.hamilton.test_pr62_row_model_generation" name="test_pr62_row_model_generation_has_expected_fields_and_name" time="0.006" /><testcase classname="tests.build.hamilton.test_pr63_schema_manifest_is_stable" name="test_pr63_schema_manifest_is_stable" time="0.006" /><testcase classname="tests.build.hamilton.test_pr63_schema_manifest_is_stable" name="test_schema_manifest_includes_derived_views" time="5.119" /><testcase classname="tests.build.hamilton.test_pr64_all_nodes_have_node_type_tag" name="test_pr64_all_nodes_have_node_type_tag" time="0.010" /><testcase classname="tests.build.hamilton.test_pr66_schema_provider_registry" name="test_get_schema_provider_returns_valid_provider" time="0.002" /><testcase classname="tests.build.hamilton.test_pr66_schema_provider_registry" name="test_get_schema_provider_is_cached" time="0.001" /><testcase classname="tests.build.hamilton.test_pr66_schema_provider_registry" name="test_require_table_schema_for_known_key" time="0.003" /><testcase classname="tests.build.hamilton.test_pr66_schema_provider_registry" name="test_require_table_schema_raises_for_unknown_key" time="5.174" /><testcase classname="tests.build.hamilton.test_pr21_analytics_native_impl_kind" name="test_risk_factors_still_native_after_wave2" time="5.898" /><testcase classname="tests.build.hamilton.test_pr28_phase4_asset_catalog" name="test_pr28_phase4_asset_catalog_tables_exist" time="1.529" /><testcase classname="tests.build.hamilton.test_pr21_analytics_native_impl_kind" name="test_native_analytics_marked_in_plan" time="11.958" /><testcase classname="tests.build.hamilton.test_pr66_schema_provider_registry" name="test_iter_table_schemas_contains_expected_keys" time="0.001" /><testcase classname="tests.build.hamilton.test_pr66_schema_provider_registry" name="test_every_declared_key_resolves_via_provider" time="0.002" /><testcase classname="tests.build.hamilton.test_pr66_schema_provider_registry" name="test_provider_schemas_match_declared_schemas" time="0.001" /><testcase classname="tests.build.hamilton.test_pr66_schema_provider_registry" name="test_provider_schema_count_at_least_declared" time="0.001" /><testcase classname="tests.build.hamilton.test_pr66_schema_provider_registry" name="test_schema_hash_is_consistent" time="0.001" /><testcase classname="tests.build.hamilton.test_pr66_schema_provider_registry" name="test_schema_hash_is_deterministic_across_provider_calls" time="0.003" /><testcase classname="tests.build.hamilton.test_pr66_schema_provider_registry" name="test_all_provider_schemas_are_hashable" time="0.004" /><testcase classname="tests.build.hamilton.test_pr66_schema_provider_registry" name="test_clear_cache_allows_fresh_provider" time="0.006" /><testcase classname="tests.build.hamilton.test_pr67_row_binding_parity" name="test_get_row_binding_returns_generated_binding" time="0.001" /><testcase classname="tests.build.hamilton.test_pr67_row_binding_parity" name="test_get_row_binding_has_schema_hash" time="0.002" /><testcase classname="tests.build.hamilton.test_pr67_row_binding_parity" name="test_get_row_binding_is_cached" time="0.002" /><testcase classname="tests.build.hamilton.test_pr67_row_binding_parity" name="test_clear_row_binding_cache_works" time="0.001" /><testcase classname="tests.build.hamilton.test_pr67_row_binding_parity" name="test_get_row_binding_raises_for_unknown_key" time="5.075" /><testcase classname="tests.build.hamilton.test_pr64_loader_tags_are_canonical" name="test_pr64_loader_tags_are_canonical" time="0.004"><failure message="Failed: q__ node tag mismatch missing=['q__analytics__test_coverage_edges', 'q__analytics__test_graph_metrics_tests'] extra=[]">hamilton_runtime = RuntimeBundle(driver=&lt;hamilton.driver.Driver object at 0x12bf70d60&gt;, catalog=DagCatalog(nodes=mappingproxy({'ast__mate...='4159e7a82e999e6493dfea6030ea8bc67c37469eb1c55e5c728028d73a4d01d0', created_at_utc='2025-12-30T18:04:21.824360+00:00')

    def test_pr64_loader_tags_are_canonical(hamilton_runtime: RuntimeBundle) -&gt; None:
        """q__ nodes should be tagged with loader.* node types."""
        variables = list(hamilton_runtime.dr.list_available_variables())
        expected_tagged = {
            _variable_name(var)
            for var in variables
            if _variable_name(var).startswith("q__")
            and not getattr(var, "user_defined", False)
        }
    
        q_vars = hamilton_runtime.tag_query.query({ht.TAG_NODE_TYPE: NODE_TYPE_LOADER_QUERY})
    
        q_tagged = {_variable_name(var) for var in q_vars}
    
        if expected_tagged != q_tagged:
            missing = sorted(expected_tagged - q_tagged)
            extra = sorted(q_tagged - expected_tagged)
&gt;           pytest.fail(f"q__ node tag mismatch missing={missing} extra={extra}")
E           Failed: q__ node tag mismatch missing=['q__analytics__test_coverage_edges', 'q__analytics__test_graph_metrics_tests'] extra=[]

tests/build/hamilton/test_pr64_loader_tags_are_canonical.py:36: Failed</failure></testcase><testcase classname="tests.build.hamilton.test_pr67_row_binding_parity" name="test_generated_binding_has_canonical_properties" time="0.001" /><testcase classname="tests.build.hamilton.test_pr67_row_binding_parity" name="test_row_model_fields_match_schema_order" time="0.005" /><testcase classname="tests.build.hamilton.test_pr67_row_binding_parity" name="test_serializer_column_order_matches_schema" time="0.018" /><testcase classname="tests.build.hamilton.test_pr66_schema_provider_registry" name="test_iter_table_schemas_returns_all_schemas" time="0.002" /><testcase classname="tests.build.hamilton.test_pr67_row_binding_parity" name="test_generated_serializer_matches_legacy_output" time="0.002" /><testcase classname="tests.build.hamilton.test_pr67_row_binding_parity" name="test_generated_serializer_produces_tuples" time="0.002" /><testcase classname="tests.build.hamilton.test_pr67_row_binding_parity" name="test_row_binding_uses_schema_provider" time="0.002" /><testcase classname="tests.build.hamilton.test_pr67_row_binding_parity" name="test_row_binding_cache_uses_schema_hash" time="0.002" /><testcase classname="tests.build.hamilton.test_pr67_row_binding_parity" name="test_generated_binding_handles_nullable_columns" time="0.001" /><testcase classname="tests.build.hamilton.test_pr68_contract_provider_parity.TestIsViewFunction" name="test_docs_view_prefix_returns_true" time="0.001" /><testcase classname="tests.build.hamilton.test_pr67_row_binding_parity" name="test_generated_binding_handles_all_column_types" time="0.002" /><testcase classname="tests.build.hamilton.test_pr68_contract_provider_parity.TestIsViewFunction" name="test_analytics_tables_return_false" time="0.001" /><testcase classname="tests.build.hamilton.test_pr68_contract_provider_parity.TestIsViewFunction" name="test_core_tables_return_false" time="0.002" /><testcase classname="tests.build.hamilton.test_pr68_contract_provider_parity.TestIsViewFunction" name="test_derived_docs_views_returns_true" time="0.003" /><testcase classname="tests.build.hamilton.test_pr68_contract_provider_parity.TestIsViewFunction" name="test_graph_tables_return_false" time="0.001" /><testcase classname="tests.build.hamilton.test_pr68_contract_provider_parity.TestGetContractForTableKey" name="test_returns_contract_for_view" time="4.846" /><testcase classname="tests.build.hamilton.test_pr68_contract_provider_parity.TestGetContractForTableKey" name="test_returns_contract_for_known_table" time="0.003" /><testcase classname="tests.build.hamilton.test_pr68_contract_provider_parity.TestGetContractForTableKey" name="test_raises_keyerror_for_unknown_table" time="0.001" /><testcase classname="tests.build.hamilton.test_pr68_contract_provider_parity.TestGetContractForTableKey" name="test_contract_has_required_fields" time="0.001" /><testcase classname="tests.build.hamilton.test_pr68_contract_provider_parity.TestIterContracts" name="test_yields_multiple_contracts" time="0.008" /><testcase classname="tests.build.hamilton.test_pr68_contract_provider_parity.TestIterContracts" name="test_each_contract_is_dataset_contract" time="0.007" /><testcase classname="tests.build.hamilton.test_pr68_contract_provider_parity.TestIterContracts" name="test_includes_tables_and_views" time="0.010" /><testcase classname="tests.build.hamilton.test_pr68_contract_provider_parity.TestIterContractsByTableKey" name="test_yields_tuples_of_key_and_contract" time="0.033" /><testcase classname="tests.build.hamilton.test_pr68_contract_provider_parity.TestViewHandling" name="test_views_have_no_producing_target" time="0.006" /><testcase classname="tests.build.hamilton.test_pr68_contract_provider_parity.TestViewHandling" name="test_views_have_docs_view_tag" time="0.003" /><testcase classname="tests.build.hamilton.test_pr68_contract_provider_parity.TestTableHandling" name="test_tables_have_base_table_tag" time="0.002" /><testcase classname="tests.build.hamilton.test_pr68_contract_provider_parity.TestTableHandling" name="test_tables_have_owner_package" time="0.001" /><testcase classname="tests.build.hamilton.test_pr68_contract_provider_parity.TestContractCacheManagement" name="test_clear_contract_cache_clears_all_cached_contracts" time="0.002" /><testcase classname="tests.build.hamilton.test_pr68_contract_provider_parity.TestBuildStorageContractParity" name="test_storage_contract_matches_build_contract" time="0.007" /><testcase classname="tests.build.hamilton.test_pr68_contract_provider_parity.TestContractMetadataDerivation" name="test_schema_description_used_when_available" time="0.001" /><testcase classname="tests.build.hamilton.test_pr68_contract_provider_parity.TestContractMetadataDerivation" name="test_family_derived_from_schema_prefix" time="0.002" /><testcase classname="tests.build.hamilton.test_pr68_contract_provider_parity.TestContractMetadataDerivation" name="test_validation_profile_defaults_to_lenient" time="0.001" /><testcase classname="tests.build.hamilton.test_pr69_unified_schema_provider" name="test_unified_provider_is_returned_by_get_schema_provider" time="0.003" /><testcase classname="tests.build.hamilton.test_pr69_unified_schema_provider" name="test_unified_provider_has_schema_provider_interface" time="0.002" /><testcase classname="tests.build.hamilton.test_pr69_unified_schema_provider" name="test_unified_provider_is_cached" time="0.001" /><testcase classname="tests.build.hamilton.test_pr69_unified_schema_provider" name="test_clear_unified_provider_cache_works" time="0.001" /><testcase classname="tests.build.hamilton.test_pr69_unified_schema_provider" name="test_unified_provider_resolves_declared_source_keys" time="0.003" /><testcase classname="tests.build.hamilton.test_pr69_unified_schema_provider" name="test_unified_provider_source_schemas_match_declared" time="0.002" /><testcase classname="tests.build.hamilton.test_pr69_unified_schema_provider" name="test_unified_provider_has_inferable_table_keys" time="0.001" /><testcase classname="tests.build.hamilton.test_pr69_unified_schema_provider" name="test_inferable_table_keys_not_empty" time="0.001"><skipped type="pytest.skip" message="No inferable table keys found - may be expected in test env">/Users/paulheyse/CodeIntel/CodeIntel/tests/build/hamilton/test_pr69_unified_schema_provider.py:205: No inferable table keys found - may be expected in test env</skipped></testcase><testcase classname="tests.build.hamilton.test_pr69_unified_schema_provider" name="test_schema_index_covers_target_table_keys" time="0.002" /><testcase classname="tests.build.hamilton.test_pr69_unified_schema_provider" name="test_unified_provider_has_declared_fallback" time="0.002" /><testcase classname="tests.build.hamilton.test_pr69_unified_schema_provider" name="test_unified_provider_fallback_to_declared_for_sources" time="0.001" /><testcase classname="tests.build.hamilton.test_pr69_unified_schema_provider" name="test_iter_table_schemas_no_duplicates" time="5.078" /><testcase classname="tests.build.hamilton.test_pr67_row_binding_parity" name="test_iter_row_bindings_returns_all" time="0.010" /><testcase classname="tests.build.hamilton.test_pr69_unified_schema_provider" name="test_iter_table_schemas_returns_valid_schemas" time="0.002" /><testcase classname="tests.build.hamilton.test_pr69_unified_schema_provider" name="test_require_table_schema_raises_for_unknown_key" time="0.005" /><testcase classname="tests.build.hamilton.test_pr69_unified_schema_provider" name="test_get_table_schema_returns_none_for_unknown_key" time="0.001" /><testcase classname="tests.build.hamilton.test_pr69_unified_schema_provider" name="test_unified_provider_caches_resolved_schemas" time="0.001" /><testcase classname="tests.build.hamilton.test_pr69_unified_schema_provider" name="test_unified_provider_has_dataclass_fields" time="0.001" /><testcase classname="tests.build.hamilton.test_pr69_unified_schema_provider" name="test_catalog_output_schemas_accessible" time="0.001" /><testcase classname="tests.build.hamilton.test_pr69_unified_schema_provider" name="test_unified_provider_works_with_get_schema_provider" time="0.001" /><testcase classname="tests.build.hamilton.test_pr69_unified_schema_provider" name="test_unified_provider_works_with_require_table_schema" time="0.002" /><testcase classname="tests.build.hamilton.test_pr71_schema_diff.TestComputeSchemaDiff" name="test_schema_diff_detects_column_addition" time="0.002" /><testcase classname="tests.build.hamilton.test_pr71_schema_diff.TestComputeSchemaDiff" name="test_schema_diff_detects_column_removal" time="0.001" /><testcase classname="tests.build.hamilton.test_pr71_schema_diff.TestComputeSchemaDiff" name="test_schema_diff_detects_type_change" time="0.001" /><testcase classname="tests.build.hamilton.test_pr71_schema_diff.TestComputeSchemaDiff" name="test_schema_diff_detects_nullable_to_nonnull" time="0.001" /><testcase classname="tests.build.hamilton.test_pr71_schema_diff.TestComputeSchemaDiff" name="test_schema_diff_detects_nonnull_to_nullable" time="0.001" /><testcase classname="tests.build.hamilton.test_pr71_schema_diff.TestComputeSchemaDiff" name="test_schema_diff_no_changes" time="0.001" /><testcase classname="tests.build.hamilton.test_pr71_schema_diff.TestComputeSchemaDiff" name="test_breaking_change_count" time="0.001" /><testcase classname="tests.build.hamilton.test_pr71_schema_diff.TestComputeManifestDiffs" name="test_manifest_diff_detects_table_addition" time="0.001" /><testcase classname="tests.build.hamilton.test_pr71_schema_diff.TestComputeManifestDiffs" name="test_manifest_diff_detects_table_removal" time="0.002" /><testcase classname="tests.build.hamilton.test_pr71_schema_diff.TestComputeManifestDiffs" name="test_manifest_diff_tracks_per_table_changes" time="0.001" /><testcase classname="tests.build.hamilton.test_pr71_schema_diff.TestSchemaDiffFormatting" name="test_format_changes_shows_breaking_markers" time="0.001" /><testcase classname="tests.build.hamilton.test_pr21_analytics_native_impl_kind" name="test_function_metrics_now_native_after_phase4" time="5.535" /><testcase classname="tests.build.hamilton.test_pr71_schema_diff.TestManifestDiffResultFormatting" name="test_format_summary_no_changes" time="0.001" /><testcase classname="tests.build.hamilton.test_pr71_schema_diff.TestManifestDiffResultFormatting" name="test_format_summary_with_changes" time="0.001" /><testcase classname="tests.build.hamilton.test_pr71_schema_diff.TestBreakingChangeClassification" name="test_classification_rules[column_removed-True]" time="0.001" /><testcase classname="tests.build.hamilton.test_pr71_schema_diff.TestBreakingChangeClassification" name="test_classification_rules[type_changed-True]" time="0.002" /><testcase classname="tests.build.hamilton.test_pr71_schema_diff.TestBreakingChangeClassification" name="test_classification_rules[nullable_true_to_false-True]" time="0.002" /><testcase classname="tests.build.hamilton.test_pr66_schema_provider_registry" name="test_declared_schema_provider_is_source_only" time="0.002" /><testcase classname="tests.build.hamilton.test_pr71_schema_diff.TestBreakingChangeClassification" name="test_classification_rules[column_added-False]" time="0.001" /><testcase classname="tests.build.hamilton.test_pr71_schema_diff.TestBreakingChangeClassification" name="test_classification_rules[nullable_false_to_true-False]" time="0.001" /><testcase classname="tests.build.hamilton.test_pr72_manifest_v2.TestExportArtifact" name="test_create_parquet_artifact" time="0.002" /><testcase classname="tests.build.hamilton.test_pr72_manifest_v2.TestExportArtifact" name="test_artifact_without_table_key" time="0.001" /><testcase classname="tests.build.hamilton.test_pr72_manifest_v2.TestExportArtifact" name="test_artifact_to_json_obj" time="0.001" /><testcase classname="tests.build.hamilton.test_pr72_manifest_v2.TestExportArtifact" name="test_create_jsonl_artifact_with_description" time="0.003" /><testcase classname="tests.build.hamilton.test_pr72_manifest_v2.TestSchemaManifestV2" name="test_v2_manifest_with_views" time="0.004" /><testcase classname="tests.build.hamilton.test_pr72_manifest_v2.TestSchemaManifestV2" name="test_v2_manifest_with_artifacts" time="0.001" /><testcase classname="tests.build.hamilton.test_pr72_manifest_v2.TestSchemaManifestV2" name="test_v2_manifest_to_json_complete" time="0.005" /><testcase classname="tests.build.hamilton.test_pr72_manifest_v2.TestSchemaManifestV2" name="test_v2_manifest_to_json_omits_empty" time="0.001" /><testcase classname="tests.build.hamilton.test_pr72_manifest_v2.TestSchemaManifestV2" name="test_v2_manifest_to_json_omits_provenance" time="0.001" /><testcase classname="tests.build.hamilton.test_pr72_manifest_v2.TestExportArtifact" name="test_artifact_to_json_obj_omits_none" time="0.003" /><testcase classname="tests.build.hamilton.test_pr72_manifest_v2.TestSchemaManifestV2" name="test_manifest_json_roundtrip" time="0.007" /><testcase classname="tests.build.hamilton.test_pr72_manifest_v2.TestManifestDiffV2" name="test_diff_no_changes" time="0.004" /><testcase classname="tests.build.hamilton.test_pr72_manifest_v2.TestSchemaManifestV2" name="test_v2_manifest_includes_provenance" time="0.010" /><testcase classname="tests.build.hamilton.test_pr72_manifest_v2.TestManifestDiffV2" name="test_diff_view_added" time="0.007" /><testcase classname="tests.build.hamilton.test_pr72_manifest_v2.TestManifestDiffV2" name="test_diff_ignores_provenance_changes" time="0.007" /><testcase classname="tests.build.hamilton.test_pr72_manifest_v2.TestManifestDiffV2" name="test_diff_view_removed_is_breaking" time="0.007" /><testcase classname="tests.build.hamilton.test_pr72_manifest_v2.TestManifestDiffV2" name="test_diff_artifact_added" time="0.001" /><testcase classname="tests.build.hamilton.test_pr72_manifest_v2.TestManifestDiffV2" name="test_diff_artifact_removed_is_breaking" time="0.001" /><testcase classname="tests.build.hamilton.test_pr72_manifest_v2.TestManifestDiffV2" name="test_diff_view_column_changed" time="0.007" /><testcase classname="tests.build.hamilton.test_pr72_manifest_v2.TestManifestDiffFormatSummary" name="test_format_summary_view_changes" time="0.001" /><testcase classname="tests.build.hamilton.test_pr72_manifest_v2.TestManifestDiffFormatSummary" name="test_format_summary_artifact_changes" time="0.001" /><testcase classname="tests.build.hamilton.test_pr72_manifest_v2.TestManifestDiffFormatSummary" name="test_format_summary_mixed_changes" time="0.000" /><testcase classname="tests.build.hamilton.test_pr72_manifest_v2.TestManifestDiffV2" name="test_breaking_change_count_includes_views_and_artifacts" time="0.004" /><testcase classname="tests.build.hamilton.test_pr73_json_schema_generation.TestJsonSchemaFromTableSchema" name="test_generates_object_type" time="0.001" /><testcase classname="tests.build.hamilton.test_pr73_json_schema_generation.TestJsonSchemaFromTableSchema" name="test_generates_valid_json_schema_version" time="0.001" /><testcase classname="tests.build.hamilton.test_pr73_json_schema_generation.TestJsonSchemaFromTableSchema" name="test_includes_schema_id_when_provided" time="0.001" /><testcase classname="tests.build.hamilton.test_pr73_json_schema_generation.TestJsonSchemaFromTableSchema" name="test_includes_description_when_present" time="0.001" /><testcase classname="tests.build.hamilton.test_pr73_json_schema_generation.TestJsonSchemaFromTableSchema" name="test_uses_table_key_as_title" time="0.001" /><testcase classname="tests.build.hamilton.test_pr73_json_schema_generation.TestJsonSchemaFromTableSchema" name="test_sets_additional_properties_false" time="0.001" /><testcase classname="tests.build.hamilton.test_pr73_json_schema_generation.TestJsonSchemaFromTableSchema" name="test_generates_properties_for_all_columns" time="0.006" /><testcase classname="tests.build.hamilton.test_pr73_json_schema_generation.TestNullableColumnHandling" name="test_nullable_column_uses_array_type" time="0.005" /><testcase classname="tests.build.hamilton.test_pr73_json_schema_generation.TestNullableColumnHandling" name="test_non_nullable_columns_in_required" time="0.001" /><testcase classname="tests.build.hamilton.test_pr73_json_schema_generation.TestNullableColumnHandling" name="test_non_nullable_column_uses_scalar_type" time="0.002" /><testcase classname="tests.build.hamilton.test_pr73_json_schema_generation.TestColumnTypeMapping" name="test_boolean_maps_to_boolean" time="0.002" /><testcase classname="tests.build.hamilton.test_pr73_json_schema_generation.TestNullableColumnHandling" name="test_nullable_columns_not_in_required" time="0.001" /><testcase classname="tests.build.hamilton.test_pr73_json_schema_generation.TestColumnTypeMapping" name="test_bigint_maps_to_integer" time="0.001" /><testcase classname="tests.build.hamilton.test_pr73_json_schema_generation.TestColumnTypeMapping" name="test_integer_maps_to_integer" time="0.001" /><testcase classname="tests.build.hamilton.test_pr73_json_schema_generation.TestColumnTypeMapping" name="test_decimal10_maps_to_integer" time="0.001" /><testcase classname="tests.build.hamilton.test_pr73_json_schema_generation.TestColumnTypeMapping" name="test_decimal38_maps_to_integer" time="0.002" /><testcase classname="tests.build.hamilton.test_pr73_json_schema_generation.TestColumnTypeMapping" name="test_decimal_maps_to_number" time="0.001" /><testcase classname="tests.build.hamilton.test_pr73_json_schema_generation.TestColumnTypeMapping" name="test_double_maps_to_number" time="0.002" /><testcase classname="tests.build.hamilton.test_pr73_json_schema_generation.TestColumnTypeMapping" name="test_decimal_scale_maps_to_number" time="0.001" /><testcase classname="tests.build.hamilton.test_pr73_json_schema_generation.TestColumnTypeMapping" name="test_json_maps_to_any" time="0.001" /><testcase classname="tests.build.hamilton.test_pr73_json_schema_generation.TestColumnTypeMapping" name="test_varchar_maps_to_string" time="0.001" /><testcase classname="tests.build.hamilton.test_pr73_json_schema_generation.TestColumnTypeMapping" name="test_timestamptz_maps_to_datetime_string" time="0.002" /><testcase classname="tests.build.hamilton.test_pr73_json_schema_generation.TestColumnTypeMapping" name="test_timestamp_maps_to_datetime_string" time="0.003" /><testcase classname="tests.build.hamilton.test_pr73_json_schema_generation.TestMetaSchemaValidation" name="test_generated_schema_is_valid_json_schema" time="0.008" /><testcase classname="tests.build.hamilton.test_pr73_json_schema_generation.TestMetaSchemaValidation" name="test_all_types_schema_is_valid" time="0.010" /><testcase classname="tests.build.hamilton.test_pr73_json_schema_generation.TestRecordValidation" name="test_valid_record_passes_validation" time="0.001" /><testcase classname="tests.build.hamilton.test_pr73_json_schema_generation.TestRecordValidation" name="test_null_in_nullable_field_passes" time="0.001" /><testcase classname="tests.build.hamilton.test_pr73_json_schema_generation.TestRecordValidation" name="test_missing_required_field_fails" time="0.001" /><testcase classname="tests.build.hamilton.test_pr73_json_schema_generation.TestRecordValidation" name="test_wrong_type_fails" time="0.001" /><testcase classname="tests.build.hamilton.test_pr73_json_schema_generation.TestRecordValidation" name="test_additional_property_fails" time="0.001" /><testcase classname="tests.build.hamilton.test_pr73_json_schema_generation.TestJsonSchemaRegistry" name="test_get_json_schema_returns_valid_schema" time="0.001" /><testcase classname="tests.build.hamilton.test_pr73_json_schema_generation.TestJsonSchemaRegistry" name="test_get_json_schema_is_cached" time="0.001" /><testcase classname="tests.build.hamilton.test_pr73_json_schema_generation.TestJsonSchemaRegistry" name="test_get_json_schema_for_table_key" time="0.001" /><testcase classname="tests.build.hamilton.test_pr73_json_schema_generation.TestJsonSchemaRegistry" name="test_compute_json_schema_digest_is_deterministic" time="0.001" /><testcase classname="tests.build.hamilton.test_pr73_json_schema_generation.TestJsonSchemaRegistry" name="test_compute_json_schema_digest_returns_hex_string" time="0.001" /><testcase classname="tests.build.hamilton.test_pr74_auto_mode_native_outputs_have_helpers" name="test_auto_mode_native_outputs_have_helpers" time="0.001" /><testcase classname="tests.build.hamilton.test_pr73_json_schema_generation.TestParityWithHandMaintained" name="test_generated_schema_has_same_properties_as_hand_maintained" time="0.001"><skipped type="pytest.skip" message="Hand-maintained schema not found">/Users/paulheyse/CodeIntel/CodeIntel/tests/build/hamilton/test_pr73_json_schema_generation.py:546: Hand-maintained schema not found</skipped></testcase><testcase classname="tests.build.hamilton.test_pr75_buildspec_serdes_is_deterministic" name="test_buildspec_serdes_is_deterministic" time="0.002" /><testcase classname="tests.build.hamilton.test_pr75_buildspec_serdes_is_deterministic" name="test_buildspec_roundtrip_preserves_hash" time="0.002" /><testcase classname="tests.build.hamilton.test_pr76_buildspec_compiler_is_stable" name="test_buildspec_compiler_is_stable" time="0.004" /><testcase classname="tests.build.hamilton.test_pr76_buildspec_compiler_outputs_match_dag" name="test_buildspec_compiler_outputs_match_dag" time="0.003" /><testcase classname="tests.build.hamilton.test_pr78_graph_validator_clean_auto" name="test_pr78_graph_validator_clean_auto" time="0.045" /><testcase classname="tests.build.hamilton.test_pr77_build_spec_cli_outputs_valid_json" name="test_build_spec_cli_compile_outputs_valid_json" time="1.113" /><testcase classname="tests.build.hamilton.test_pr80_schema_compile_uses_batch_inference" name="test_pr80_schema_compile_uses_batch_inference" time="0.002" /><testcase classname="tests.build.hamilton.test_pr80_schema_manifest_identical_batch_vs_individual" name="test_pr80_schema_manifest_identical_batch_vs_individual" time="0.002" /><testcase classname="tests.build.hamilton.test_pr96_parallel_execution_smoke" name="test_pr96_threadpool_write_lock_serializes_materialize_nodes" time="0.220" /><testcase classname="tests.build.hamilton.test_materializer" name="test_iceberg_saver_creates_snapshot_refs" time="11.173"><failure message="AssertionError: expected 'succeeded', got 'failed' (error='Iceberg does not support write policy mode: upsert')">build_harness = HamiltonBuildHarness(ctx=TestContext(snapshot=SnapshotRef(repo='demo/repo', commit='deadbeef', repo_root=PosixPath('/p...workers=4, enable_hamilton_cache=False, cache_dir=None), repo_files=(), last_result=None, runtime=None, _owns_ctx=True)

    def test_iceberg_saver_creates_snapshot_refs(
        build_harness: HamiltonBuildHarness,
    ) -&gt; None:
        """IcebergDatasetSaver should tag commit/run refs for snapshots."""
        harness = build_harness.with_force_targets("modules")
        env = harness.build_env()
        graph = _make_graph()
        saver = IcebergDatasetSaver(
            env=env,
            catalog=graph,
            target_name="modules",
            table_key="core.modules",
        )
    
        df = _modules_rows(repo=env.snapshot.repo, commit=env.snapshot.commit, count=1)
        meta = saver.save_data(df.lazy())
&gt;       _assert_status(meta, "succeeded")

tests/build/hamilton/test_materializer.py:204: 
_ _ _ _ _ _ _ _ _ _ _ _ _ _ _ _ _ _ _ _ _ _ _ _ _ _ _ _ _ _ _ _ _ _ _ _

meta = {'artifact_name': None, 'duration_ms': 26.938125025480986, 'error': 'Iceberg does not support write policy mode: upsert', 'iceberg_snapshot_id': None, ...}
expected = 'succeeded'

    def _assert_status(meta: Mapping[str, object], expected: str) -&gt; None:
        status = meta.get("status")
        if status == expected:
            return
        error = meta.get("error")
        details = f"expected {expected!r}, got {status!r}"
        if error:
            details = f"{details} (error={error!r})"
&gt;       raise AssertionError(details)
E       AssertionError: expected 'succeeded', got 'failed' (error='Iceberg does not support write policy mode: upsert')

tests/build/hamilton/test_materializer.py:93: AssertionError</failure></testcase><testcase classname="tests.build.hamilton.test_row_serialization_registry" name="test_row_serializer_matches_schema_order" time="0.001" /><testcase classname="tests.build.hamilton.test_saver_declared_output_inventory" name="test_catalog_outputs_derived_from_savers" time="4.427" /><testcase classname="tests.build.hamilton.test_pr49_no_reexport_modules" name="test_pr49_compat_reexport_modules_removed" time="0.048" /><testcase classname="tests.build.hamilton.test_schema_index_overrides" name="test_schema_index_accepts_explicit_override_for_non_inferable_outputs" time="0.004" /><testcase classname="tests.build.hamilton.test_schema_index_overrides" name="test_schema_index_records_inference_errors" time="0.001" /><testcase classname="tests.build.hamilton.test_schema_index_overrides" name="test_schema_index_inference_error_rows" time="0.001" /><testcase classname="tests.build.hamilton.test_schema_manifest_provenance_inference" name="test_manifest_provenance_includes_inference_status" time="0.003" /><testcase classname="tests.build.hamilton.test_scip_proto_dependency" name="test_scip_depends_on_proto_codegen" time="0.001" /><testcase classname="tests.build.hamilton.test_storage_boundary" name="test_graph_modules_avoid_direct_ibis_facade_reads" time="0.001" /><testcase classname="tests.build.hamilton.test_tabular_steps" name="test_sort_columns_uses_polars_selectors" time="0.026" /><testcase classname="tests.build.hamilton.test_tag_guardrails" name="test_validate_graph_has_no_errors" time="0.050" /><testcase classname="tests.build.hamilton.test_materializer" name="test_iceberg_saver_refreshes_metadata_cache" time="10.944"><failure message="AssertionError: expected 'succeeded', got 'failed' (error='Iceberg does not support write policy mode: upsert')">build_harness = HamiltonBuildHarness(ctx=TestContext(snapshot=SnapshotRef(repo='demo/repo', commit='deadbeef', repo_root=PosixPath('/p...workers=4, enable_hamilton_cache=False, cache_dir=None), repo_files=(), last_result=None, runtime=None, _owns_ctx=True)

    def test_iceberg_saver_refreshes_metadata_cache(
        build_harness: HamiltonBuildHarness,
    ) -&gt; None:
        """IcebergDatasetSaver should refresh the metadata cache."""
        harness = build_harness.with_force_targets("modules")
        env = harness.build_env()
        graph = _make_graph()
        saver = IcebergDatasetSaver(
            env=env,
            catalog=graph,
            target_name="modules",
            table_key="core.modules",
        )
    
        df = _modules_rows(repo=env.snapshot.repo, commit=env.snapshot.commit, count=1)
        meta = saver.save_data(df.lazy())
&gt;       _assert_status(meta, "succeeded")

tests/build/hamilton/test_materializer.py:271: 
_ _ _ _ _ _ _ _ _ _ _ _ _ _ _ _ _ _ _ _ _ _ _ _ _ _ _ _ _ _ _ _ _ _ _ _

meta = {'artifact_name': None, 'duration_ms': 41.220083949156106, 'error': 'Iceberg does not support write policy mode: upsert', 'iceberg_snapshot_id': None, ...}
expected = 'succeeded'

    def _assert_status(meta: Mapping[str, object], expected: str) -&gt; None:
        status = meta.get("status")
        if status == expected:
            return
        error = meta.get("error")
        details = f"expected {expected!r}, got {status!r}"
        if error:
            details = f"{details} (error={error!r})"
&gt;       raise AssertionError(details)
E       AssertionError: expected 'succeeded', got 'failed' (error='Iceberg does not support write policy mode: upsert')

tests/build/hamilton/test_materializer.py:93: AssertionError</failure></testcase><testcase classname="tests.build.hamilton.test_tag_spec" name="test_tag_spec_requires_table_key_for_loader" time="0.004" /><testcase classname="tests.build.hamilton.test_tag_spec" name="test_tag_spec_from_tags_parses_extra_tags" time="0.005" /><testcase classname="tests.build.hamilton.test_tag_spec" name="test_tag_spec_rejects_primary_tag_overrides" time="0.002" /><testcase classname="tests.build.hamilton.test_tag_taxonomy_guardrails" name="test_validation_result_includes_node_provenance" time="0.001" /><testcase classname="tests.build.hamilton.test_pr50_architecture_guardrails" name="test_pr50_no_analytics_runtime_imports" time="0.230" /><testcase classname="tests.build.hamilton.test_materializer" name="test_iceberg_saver_accepts_duckdb_relation" time="10.572"><failure message="AssertionError: expected 'succeeded', got 'failed' (error='Iceberg does not support write policy mode: upsert')">build_harness = HamiltonBuildHarness(ctx=TestContext(snapshot=SnapshotRef(repo='demo/repo', commit='deadbeef', repo_root=PosixPath('/p...workers=4, enable_hamilton_cache=False, cache_dir=None), repo_files=(), last_result=None, runtime=None, _owns_ctx=True)

    def test_iceberg_saver_accepts_duckdb_relation(
        build_harness: HamiltonBuildHarness,
    ) -&gt; None:
        """IcebergDatasetSaver should persist DuckDBRelation inputs."""
        harness = build_harness.with_force_targets("modules")
        env = harness.build_env()
        repo = env.snapshot.repo
        commit = env.snapshot.commit
        graph = _make_graph()
        table_key = "core.modules"
        schema = get_schema_service().require_table_schema(table_key)
        row = _module_row_for_schema(
            repo=repo,
            commit=commit,
            schema_columns=tuple(schema.columns),
        )
        column_names = tuple(column.name for column in schema.columns)
        frame = pl.DataFrame([row], schema=list(column_names))
        env.gateway.con.register("tmp_modules_relation", frame)
        relation = env.gateway.con.table("tmp_modules_relation")
    
        saver = IcebergDatasetSaver(
            env=env,
            catalog=graph,
            target_name="modules",
            table_key=table_key,
        )
    
        meta = saver.save_data(relation)
    
&gt;       _assert_status(meta, "succeeded")

tests/build/hamilton/test_materializer.py:413: 
_ _ _ _ _ _ _ _ _ _ _ _ _ _ _ _ _ _ _ _ _ _ _ _ _ _ _ _ _ _ _ _ _ _ _ _

meta = {'artifact_name': None, 'duration_ms': 30.365459038875997, 'error': 'Iceberg does not support write policy mode: upsert', 'iceberg_snapshot_id': None, ...}
expected = 'succeeded'

    def _assert_status(meta: Mapping[str, object], expected: str) -&gt; None:
        status = meta.get("status")
        if status == expected:
            return
        error = meta.get("error")
        details = f"expected {expected!r}, got {status!r}"
        if error:
            details = f"{details} (error={error!r})"
&gt;       raise AssertionError(details)
E       AssertionError: expected 'succeeded', got 'failed' (error='Iceberg does not support write policy mode: upsert')

tests/build/hamilton/test_materializer.py:93: AssertionError</failure></testcase><testcase classname="tests.build.hamilton.test_import_time_schema_safety" name="test_history_helper_does_not_resolve_contracts_on_import" time="0.007" /><testcase classname="tests.build.hamilton.test_target_harness_wrappers" name="test_harness_record_missing_includes_error_context" time="4.717" /><testcase classname="tests.build.hamilton.test_materializer" name="test_strict_validation_fails_on_missing_columns" time="10.599"><failure message="AssertionError: Expected validation record">build_harness = HamiltonBuildHarness(ctx=TestContext(snapshot=SnapshotRef(repo='demo/repo', commit='deadbeef', repo_root=PosixPath('/p...workers=4, enable_hamilton_cache=False, cache_dir=None), repo_files=(), last_result=None, runtime=None, _owns_ctx=True)

    def test_strict_validation_fails_on_missing_columns(
        build_harness: HamiltonBuildHarness,
    ) -&gt; None:
        """Strict validation should fail when required columns are missing."""
        harness = build_harness.with_force_targets("modules")
        env = replace(
            harness.build_env(),
            validate_outputs=True,
            validation_mode=ContractValidationMode.STRICT,
        )
        graph = _make_graph()
        saver = IcebergDatasetSaver(
            env=env,
            catalog=graph,
            target_name="modules",
            table_key="core.modules",
        )
    
        frame = pl.DataFrame(
            {
                "module": ["m1"],
                "path": ["pkg/mod.py"],
                "repo": [env.snapshot.repo],
                "commit": [env.snapshot.commit],
            }
        ).lazy()
    
        meta = saver.save_data(frame)
    
        _assert_status(meta, "failed")
        validations_ref = meta_table_ref("metadata.materialization_validations")
        row = env.gateway.con.execute(
            f"SELECT status FROM {validations_ref} WHERE table_key = ? "
            "ORDER BY created_at DESC LIMIT 1",
            ["core.modules"],
        ).fetchone()
&gt;       expect_true(row is not None, message="Expected validation record")

tests/build/hamilton/test_materializer.py:484: 
_ _ _ _ _ _ _ _ _ _ _ _ _ _ _ _ _ _ _ _ _ _ _ _ _ _ _ _ _ _ _ _ _ _ _ _

condition = False

    def expect_true(condition: object, *, message: str | None = None) -&gt; None:
        """Raise AssertionError when a boolean condition is not satisfied.
    
        Parameters
        ----------
        condition
            Value that must evaluate to True.
        message
            Optional override for the assertion message.
    
        Raises
        ------
        AssertionError
            If the condition evaluates to False.
        """
        if not condition:
&gt;           raise AssertionError(message or "Expected condition to be True.")
E           AssertionError: Expected validation record

[...]
001" /><testcase classname="tests.build.test_registry.TestTargetRegistry" name="test_modules_target_has_no_dependencies" time="0.001" /><testcase classname="tests.build.test_registry.TestTargetRegistry" name="test_profiles_target_has_dependencies" time="0.001" /><testcase classname="tests.build.test_registry.TestTargetRegistry" name="test_get_target_graph_succeeds" time="0.001" /><testcase classname="tests.build.test_registry.TestTargetRegistry" name="test_get_target_graph_is_cached" time="0.001" /><testcase classname="tests.build.test_registry.TestTargetRegistry" name="test_all_targets_have_valid_modules" time="0.001" /><testcase classname="tests.build.test_registry.TestTargetRegistry" name="test_all_targets_have_tables" time="0.001" /><testcase classname="tests.build.test_registry.TestTargetRegistry" name="test_target_names_are_unique" time="0.001" /><testcase classname="tests.build.test_registry.TestTargetRegistry" name="test_topological_order_includes_all_deps" time="0.001" /><testcase classname="tests.build.test_registry.TestTargetRegistry" name="test_ingestion_targets_come_before_graphs" time="0.001" /><testcase classname="tests.build.test_registry.TestTargetRegistry" name="test_no_cycles_in_registry" time="0.001" /><testcase classname="tests.build.test_registry.TestTargetsByModule" name="test_ingestion_targets_exist" time="0.000" /><testcase classname="tests.build.test_registry.TestTargetsByModule" name="test_graphs_targets_exist" time="0.001" /><testcase classname="tests.build.test_registry.TestTargetsByModule" name="test_analytics_targets_exist" time="0.001" /><testcase classname="tests.build.test_registry.TestTargetsByModule" name="test_module_distribution_reasonable" time="0.001" /><testcase classname="tests.build.test_registry" name="test_key_targets_are_registered[modules]" time="0.001" /><testcase classname="tests.build.test_registry" name="test_key_targets_are_registered[ast]" time="0.002" /><testcase classname="tests.build.test_registry" name="test_key_targets_are_registered[scip]" time="0.001" /><testcase classname="tests.build.test_registry" name="test_key_targets_are_registered[goids]" time="0.001" /><testcase classname="tests.build.test_registry" name="test_key_targets_are_registered[call_graph]" time="0.002" /><testcase classname="tests.build.test_registry" name="test_key_targets_are_registered[function_metrics]" time="0.001" /><testcase classname="tests.build.test_registry" name="test_key_targets_are_registered[profiles]" time="0.001" /><testcase classname="tests.build.test_registry_consistency.TestRegistryConsistency" name="test_all_targets_have_hamilton_nodes" time="0.002" /><testcase classname="tests.build.test_state.TestTargetState" name="test_create_missing_state" time="0.001" /><testcase classname="tests.build.test_state.TestTargetState" name="test_create_current_state" time="0.001" /><testcase classname="tests.build.test_state.TestTargetState" name="test_blocked_state_flags" time="0.001" /><testcase classname="tests.build.test_state.TestBuildState" name="test_build_state_filters" time="0.001" /><testcase classname="tests.build.test_state.TestStateValidator" name="test_empty_state_is_missing" time="0.008" /><testcase classname="tests.build.hamilton.test_saver_nodes_have_canonical_tags" name="test_saver_nodes_have_canonical_tags" time="0.007" /><testcase classname="tests.build.test_state.TestStateValidator" name="test_cache_presence_marks_current" time="0.007" /><testcase classname="tests.build.test_state.TestStateValidator" name="test_blocked_when_dependency_blocked" time="0.004" /><testcase classname="tests.build.test_state.TestStateValidator" name="test_blocked_when_dependency_missing" time="0.016" /><testcase classname="tests.build.test_state_computer.TestStateComputer" name="test_compute_all_missing" time="0.010" /><testcase classname="tests.build.test_state_computer.TestStateComputer" name="test_blocked_when_dependency_missing" time="0.005" /><testcase classname="tests.build.test_state_computer.TestStateComputer" name="test_compute_single_missing" time="0.005" /><testcase classname="tests.build.test_state_computer.TestStateComputer" name="test_compute_single_blocked" time="0.017" /><testcase classname="tests.build.test_state_computer.TestTargetStateEquivalence" name="test_current_state_consistency" time="0.015" /><testcase classname="tests.build.hamilton.test_target_harness_wrappers" name="test_graph_target_harness_runs" time="12.428"><failure message="AssertionError: target_status: expected 'succeeded', got 'failed'">graph_target_harness = GraphTargetHarness(harness=HamiltonBuildHarness(ctx=TestContext(snapshot=SnapshotRef(repo='demo/repo', commit='deadbee...27ac7d619ed19dc75b9b05dced2ffc209', created_at_utc='2025-12-30T18:04:52.016101+00:00')), runtime=None, _owns_ctx=True))

    def test_graph_target_harness_runs(graph_target_harness: GraphTargetHarness) -&gt; None:
        """Run graph targets using the graph harness.
    
        Parameters
        ----------
        graph_target_harness
            Graph target harness fixture.
        """
        records = graph_target_harness.run_targets()
        record = records["call_graph"]
&gt;       assert_target_ok(record)

tests/build/hamilton/test_target_harness_wrappers.py:26: 
_ _ _ _ _ _ _ _ _ _ _ _ _ _ _ _ _ _ _ _ _ _ _ _ _ _ _ _ _ _ _ _ _ _ _ _
tests/_helpers/assertions/target_record_assertions.py:28: in assert_target_ok
    expect_equal(record.status, expected_status, label="target_status")
_ _ _ _ _ _ _ _ _ _ _ _ _ _ _ _ _ _ _ _ _ _ _ _ _ _ _ _ _ _ _ _ _ _ _ _

actual = 'failed', expected = 'succeeded'

    def expect_equal(actual: object, expected: object, *, label: str | None = None) -&gt; None:
        """Raise AssertionError when two values differ.
    
        Parameters
        ----------
        actual
            Observed value.
        expected
            Expected value to compare against.
        label
            Optional label prefix for the failure message.
    
        Raises
        ------
        AssertionError
            If the values are not equal.
        """
        if actual != expected:
            failure_message = f"{_prefix(label)}expected {expected!r}, got {actual!r}"
&gt;           raise AssertionError(failure_message)
E           AssertionError: target_status: expected 'succeeded', got 'failed'

tests/_helpers/assertions/expectation_assertions.py:75: AssertionError</failure></testcase><testcase classname="tests.build.hamilton.test_target_spec_tags" name="test_all_targets_compile_from_dag" time="0.060" /><testcase classname="tests.build.hamilton.test_target_harness_wrappers" name="test_serving_target_harness_publishes_snapshot" time="15.985"><failure message="AssertionError: target_status: expected 'succeeded', got 'failed'">serving_target_harness = ServingTargetHarness(harness=HamiltonBuildHarness(ctx=TestContext(snapshot=SnapshotRef(repo='demo/repo', commit='deadb...27ac7d619ed19dc75b9b05dced2ffc209', created_at_utc='2025-12-30T18:04:52.296820+00:00')), runtime=None, _owns_ctx=True))

    def test_serving_target_harness_publishes_snapshot(
        serving_target_harness: ServingTargetHarness,
    ) -&gt; None:
        """Publish a serving snapshot using the serving harness.
    
        Parameters
        ----------
        serving_target_harness
            Serving target harness fixture.
        """
        records = serving_target_harness.run_targets()
        record = records["serving_artifacts"]
&gt;       assert_target_ok(record)

tests/build/hamilton/test_target_harness_wrappers.py:59: 
_ _ _ _ _ _ _ _ _ _ _ _ _ _ _ _ _ _ _ _ _ _ _ _ _ _ _ _ _ _ _ _ _ _ _ _
tests/_helpers/assertions/target_record_assertions.py:28: in assert_target_ok
    expect_equal(record.status, expected_status, label="target_status")
_ _ _ _ _ _ _ _ _ _ _ _ _ _ _ _ _ _ _ _ _ _ _ _ _ _ _ _ _ _ _ _ _ _ _ _

actual = 'failed', expected = 'succeeded'

    def expect_equal(actual: object, expected: object, *, label: str | None = None) -&gt; None:
        """Raise AssertionError when two values differ.
    
        Parameters
        ----------
        actual
            Observed value.
        expected
            Expected value to compare against.
        label
            Optional label prefix for the failure message.
    
        Raises
        ------
        AssertionError
            If the values are not equal.
        """
        if actual != expected:
            failure_message = f"{_prefix(label)}expected {expected!r}, got {actual!r}"
&gt;           raise AssertionError(failure_message)
E           AssertionError: target_status: expected 'succeeded', got 'failed'

tests/_helpers/assertions/expectation_assertions.py:75: AssertionError</failure></testcase><testcase classname="tests.build.serving.test_pr84_semantic_view_hamilton_tags" name="test_serving_harness_emits_semantic_artifacts" time="15.782"><failure message="AssertionError: target_status: expected 'succeeded', got 'failed'">serving_target_harness = ServingTargetHarness(harness=HamiltonBuildHarness(ctx=TestContext(snapshot=SnapshotRef(repo='demo/repo', commit='deadb...27ac7d619ed19dc75b9b05dced2ffc209', created_at_utc='2025-12-30T18:04:52.588655+00:00')), runtime=None, _owns_ctx=True))

    def test_serving_harness_emits_semantic_artifacts(
        serving_target_harness: ServingTargetHarness,
    ) -&gt; None:
        """Serving harness should emit semantic registry artifacts."""
        records = serving_target_harness.run_targets([SERVING_ARTIFACTS_TARGET_NAME])
        record = records[SERVING_ARTIFACTS_TARGET_NAME]
&gt;       assert_target_ok(record)

tests/build/serving/test_pr84_semantic_view_hamilton_tags.py:50: 
_ _ _ _ _ _ _ _ _ _ _ _ _ _ _ _ _ _ _ _ _ _ _ _ _ _ _ _ _ _ _ _ _ _ _ _
tests/_helpers/assertions/target_record_assertions.py:28: in assert_target_ok
    expect_equal(record.status, expected_status, label="target_status")
_ _ _ _ _ _ _ _ _ _ _ _ _ _ _ _ _ _ _ _ _ _ _ _ _ _ _ _ _ _ _ _ _ _ _ _

actual = 'failed', expected = 'succeeded'

    def expect_equal(actual: object, expected: object, *, label: str | None = None) -&gt; None:
        """Raise AssertionError when two values differ.
    
        Parameters
        ----------
        actual
            Observed value.
        expected
            Expected value to compare against.
        label
            Optional label prefix for the failure message.
    
        Raises
        ------
        AssertionError
            If the values are not equal.
        """
        if actual != expected:
            failure_message = f"{_prefix(label)}expected {expected!r}, got {actual!r}"
&gt;           raise AssertionError(failure_message)
E           AssertionError: target_status: expected 'succeeded', got 'failed'

tests/_helpers/assertions/expectation_assertions.py:75: AssertionError</failure></testcase><testcase classname="tests.build.test_contract_resolution_seams" name="test_contract_resolution_uses_injected_target_metadata_provider" time="0.006" /><testcase classname="tests.build.serving.test_publisher" name="test_serving_harness_publishes_snapshot" time="15.269"><failure message="AssertionError: target_status: expected 'succeeded', got 'failed'">serving_target_harness = ServingTargetHarness(harness=HamiltonBuildHarness(ctx=TestContext(snapshot=SnapshotRef(repo='demo/repo', commit='deadb...27ac7d619ed19dc75b9b05dced2ffc209', created_at_utc='2025-12-30T18:04:54.666557+00:00')), runtime=None, _owns_ctx=True))

    def test_serving_harness_publishes_snapshot(
        serving_target_harness: ServingTargetHarness,
    ) -&gt; None:
        """Run serving_artifacts and publish a snapshot via the harness."""
        records = serving_target_harness.run_targets([SERVING_ARTIFACTS_TARGET_NAME])
        record = records[SERVING_ARTIFACTS_TARGET_NAME]
&gt;       assert_target_ok(record)

tests/build/serving/test_publisher.py:417: 
_ _ _ _ _ _ _ _ _ _ _ _ _ _ _ _ _ _ _ _ _ _ _ _ _ _ _ _ _ _ _ _ _ _ _ _
tests/_helpers/assertions/target_record_assertions.py:28: in assert_target_ok
    expect_equal(record.status, expected_status, label="target_status")
_ _ _ _ _ _ _ _ _ _ _ _ _ _ _ _ _ _ _ _ _ _ _ _ _ _ _ _ _ _ _ _ _ _ _ _

actual = 'failed', expected = 'succeeded'

    def expect_equal(actual: object, expected: object, *, label: str | None = None) -&gt; None:
        """Raise AssertionError when two values differ.
    
        Parameters
        ----------
        actual
            Observed value.
        expected
            Expected value to compare against.
        label
            Optional label prefix for the failure message.
    
        Raises
        ------
        AssertionError
            If the values are not equal.
        """
        if actual != expected:
            failure_message = f"{_prefix(label)}expected {expected!r}, got {actual!r}"
&gt;           raise AssertionError(failure_message)
E           AssertionError: target_status: expected 'succeeded', got 'failed'

tests/_helpers/assertions/expectation_assertions.py:75: AssertionError</failure></testcase><testcase classname="tests.build.serving.test_pilot_end_to_end" name="test_pilot_end_to_end_function_metrics_snapshot" time="15.390"><failure message="AssertionError: target_status: expected 'succeeded', got 'failed'">serving_target_harness = ServingTargetHarness(harness=HamiltonBuildHarness(ctx=TestContext(snapshot=SnapshotRef(repo='demo/repo', commit='deadb...27ac7d619ed19dc75b9b05dced2ffc209', created_at_utc='2025-12-30T18:04:55.777074+00:00')), runtime=None, _owns_ctx=True))

    def test_pilot_end_to_end_function_metrics_snapshot(
        serving_target_harness: ServingTargetHarness,
    ) -&gt; None:
        """Pilot path should produce serving snapshot data for function metrics."""
        records = serving_target_harness.run_targets(["function_metrics", "serving_artifacts"])
&gt;       assert_target_ok(records["function_metrics"])

tests/build/serving/test_pilot_end_to_end.py:23: 
_ _ _ _ _ _ _ _ _ _ _ _ _ _ _ _ _ _ _ _ _ _ _ _ _ _ _ _ _ _ _ _ _ _ _ _
tests/_helpers/assertions/target_record_assertions.py:28: in assert_target_ok
    expect_equal(record.status, expected_status, label="target_status")
_ _ _ _ _ _ _ _ _ _ _ _ _ _ _ _ _ _ _ _ _ _ _ _ _ _ _ _ _ _ _ _ _ _ _ _

actual = 'failed', expected = 'succeeded'

    def expect_equal(actual: object, expected: object, *, label: str | None = None) -&gt; None:
        """Raise AssertionError when two values differ.
    
        Parameters
        ----------
        actual
            Observed value.
        expected
            Expected value to compare against.
        label
            Optional label prefix for the failure message.
    
        Raises
        ------
        AssertionError
            If the values are not equal.
        """
        if actual != expected:
            failure_message = f"{_prefix(label)}expected {expected!r}, got {actual!r}"
&gt;           raise AssertionError(failure_message)
E           AssertionError: target_status: expected 'succeeded', got 'failed'

tests/_helpers/assertions/expectation_assertions.py:75: AssertionError</failure></testcase><testcase classname="tests.build.serving.test_pr90_search_index_builds" name="test_pr90_search_index_with_serving_harness" time="18.958"><failure message="AssertionError: target_status: expected 'succeeded', got 'failed'">serving_target_harness = ServingTargetHarness(harness=HamiltonBuildHarness(ctx=TestContext(snapshot=SnapshotRef(repo='demo/repo', commit='deadb...27ac7d619ed19dc75b9b05dced2ffc209', created_at_utc='2025-12-30T18:04:56.001049+00:00')), runtime=None, _owns_ctx=True))

    def test_pr90_search_index_with_serving_harness(
        serving_target_harness: ServingTargetHarness,
    ) -&gt; None:
        """Ensure search index schema can be created in a harness-backed gateway."""
        records = serving_target_harness.run_targets()
&gt;       assert_target_ok(records["serving_artifacts"])

tests/build/serving/test_pr90_search_index_builds.py:54: 
_ _ _ _ _ _ _ _ _ _ _ _ _ _ _ _ _ _ _ _ _ _ _ _ _ _ _ _ _ _ _ _ _ _ _ _
tests/_helpers/assertions/target_record_assertions.py:28: in assert_target_ok
    expect_equal(record.status, expected_status, label="target_status")
_ _ _ _ _ _ _ _ _ _ _ _ _ _ _ _ _ _ _ _ _ _ _ _ _ _ _ _ _ _ _ _ _ _ _ _

actual = 'failed', expected = 'succeeded'

    def expect_equal(actual: object, expected: object, *, label: str | None = None) -&gt; None:
        """Raise AssertionError when two values differ.
    
        Parameters
        ----------
        actual
            Observed value.
        expected
            Expected value to compare against.
        label
            Optional label prefix for the failure message.
    
        Raises
        ------
        AssertionError
            If the values are not equal.
        """
        if actual != expected:
            failure_message = f"{_prefix(label)}expected {expected!r}, got {actual!r}"
&gt;           raise AssertionError(failure_message)
E           AssertionError: target_status: expected 'succeeded', got 'failed'

tests/_helpers/assertions/expectation_assertions.py:75: AssertionError</failure></testcase><testcase classname="tests.build.hamilton.test_target_harness_wrappers" name="test_analytics_target_harness_runs" time="7.195"><failure message="AssertionError: target_status: expected 'succeeded', got 'failed'">analytics_target_harness = AnalyticsTargetHarness(harness=HamiltonBuildHarness(ctx=TestContext(snapshot=SnapshotRef(repo='demo/repo', commit='dea...27ac7d619ed19dc75b9b05dced2ffc209', created_at_utc='2025-12-30T18:05:02.801487+00:00')), runtime=None, _owns_ctx=True))

    def test_analytics_target_harness_runs(
        analytics_target_harness: AnalyticsTargetHarness,
    ) -&gt; None:
        """Run analytics targets using the analytics harness.
    
        Parameters
        ----------
        analytics_target_harness
            Analytics target harness fixture.
        """
        records = analytics_target_harness.run_targets()
        record = records["function_metrics"]
&gt;       assert_target_ok(record)

tests/build/hamilton/test_target_harness_wrappers.py:43: 
_ _ _ _ _ _ _ _ _ _ _ _ _ _ _ _ _ _ _ _ _ _ _ _ _ _ _ _ _ _ _ _ _ _ _ _
tests/_helpers/assertions/target_record_assertions.py:28: in assert_target_ok
    expect_equal(record.status, expected_status, label="target_status")
_ _ _ _ _ _ _ _ _ _ _ _ _ _ _ _ _ _ _ _ _ _ _ _ _ _ _ _ _ _ _ _ _ _ _ _

actual = 'failed', expected = 'succeeded'

    def expect_equal(actual: object, expected: object, *, label: str | None = None) -&gt; None:
        """Raise AssertionError when two values differ.
    
        Parameters
        ----------
        actual
            Observed value.
        expected
            Expected value to compare against.
        label
            Optional label prefix for the failure message.
    
        Raises
        ------
        AssertionError
            If the values are not equal.
        """
        if actual != expected:
            failure_message = f"{_prefix(label)}expected {expected!r}, got {actual!r}"
&gt;           raise AssertionError(failure_message)
E           AssertionError: target_status: expected 'succeeded', got 'failed'

tests/_helpers/assertions/expectation_assertions.py:75: AssertionError</failure></testcase><testcase classname="tests.build.serving.test_pr84_semantic_view_hamilton_tags" name="test_semantic_view_decorator_applies_hamilton_tags" time="0.013" /><testcase classname="tests.build.hamilton.test_target_spec_tags" name="test_target_anchors_have_spec_version" time="0.006" /><testcase classname="tests.build.serving.test_pr85_semantic_registry_compiles_from_tags" name="test_semantic_registry_compiles_from_hamilton_tags" time="3.880" /><testcase classname="tests.build.test_errors" name="test_column_count_mismatch_hint" time="0.005" /><testcase classname="tests.build.serving.test_publisher" name="test_publish_serving_snapshot_creates_snapshot_and_pointer" time="0.807" /></testsuite></testsuites>