<?xml version="1.0" encoding="utf-8"?><testsuites name="pytest tests"><testsuite name="pytest" errors="0" failures="0" skipped="0" tests="93" time="29.882" timestamp="2025-12-08T19:37:22.704887-05:00" hostname="paul-X870-AORUS-ELITE-WIFI7"><testcase classname="tests.cli.test_build_cli.TestBuildRunValidation" name="test_run_unknown_target" time="0.014" /><testcase classname="tests.cli.test_build_cli.TestDryRun" name="test_dry_run_flag_recognized" time="0.056" /><testcase classname="tests.cli.test_build_cli.TestJsonOutput" name="test_json_flag_recognized_on_status" time="0.053" /><testcase classname="tests.cli.test_build_cli.TestBuildRunHelp" name="test_run_help_shows_description" time="0.057" /><testcase classname="tests.cli.test_build_cli.TestBuildStatusHelp" name="test_status_help_shows_description" time="0.051" /><testcase classname="tests.cli.test_cli_scope_and_plan" name="test_cli_plugins_json_includes_enriched_metadata" time="0.020" /><testcase classname="tests.cli.test_build_cli.TestModuleOption" name="test_valid_module_names[graphs]" time="0.015" /><testcase classname="tests.cli.test_op_dynamic_cli" name="test_classify_param_role_categorizes_correctly[scope-advanced]" time="0.002" /><testcase classname="tests.cli.test_op_dynamic_cli" name="test_classify_param_role_categorizes_correctly[goid_h128-selector]" time="0.002" /><testcase classname="tests.cli.test_history_timeseries_cli" name="test_history_timeseries_cli_happy_path" time="16.385" /><testcase classname="tests.cli.test_build_cli.TestBuildAppStructure" name="test_build_no_args_shows_help" time="0.039" /><testcase classname="tests.cli.test_build_cli.TestBuildRunValidation" name="test_run_no_targets_no_module_error" time="0.013" /><testcase classname="tests.cli.test_op_dynamic_cli" name="test_classify_param_role_categorizes_correctly[urn-selector]" time="0.002" /><testcase classname="tests.cli.test_op_dynamic_cli" name="test_classify_param_role_categorizes_correctly[radius-advanced]" time="0.002" /><testcase classname="tests.cli.test_op_dynamic_cli" name="test_classify_param_role_categorizes_correctly[rel_path-selector]" time="0.002" /><testcase classname="tests.cli.test_build_cli.TestBuildStatusCommand" name="test_status_json_output_structure" time="0.013" /><testcase classname="tests.cli.test_op_dynamic_cli" name="test_build_operation_cli_metadata_for_function_summary" time="0.002" /><testcase classname="tests.cli.test_op_dynamic_cli" name="test_classify_param_role_categorizes_correctly[max_depth-filter]" time="0.002" /><testcase classname="tests.cli.test_main_cli" name="test_cli_help" time="0.048" /><testcase classname="tests.cli.test_common_module" name="test_build_config_from_options_creates_paths" time="0.005" /><testcase classname="tests.cli.test_graph_cli_policies" name="test_cli_lenient_selection_skips_unknown_plugin" time="0.011" /><testcase classname="tests.cli.test_op_dynamic_cli" name="test_classify_param_role_categorizes_correctly[some_unknown_param-filter]" time="0.002" /><testcase classname="tests.cli.test_op_dynamic_cli" name="test_operation_metadata_available" time="0.003" /><testcase classname="tests.cli.test_op_dynamic_cli" name="test_classify_param_role_categorizes_correctly[qualname-selector]" time="0.002" /><testcase classname="tests.cli.test_graph_cli_policies" name="test_cli_dependency_skip_records_missing_dependency" time="0.011" /><testcase classname="tests.cli.test_op_dynamic_cli" name="test_classify_param_role_categorizes_correctly[limit-filter]" time="0.002" /><testcase classname="tests.cli.test_op_dynamic_cli" name="test_classify_param_role_categorizes_correctly[graph_scope-advanced]" time="0.001" /><testcase classname="tests.cli.test_op_dynamic_cli" name="test_get_operations_with_cli_support_returns_list" time="0.002" /><testcase classname="tests.cli.test_op_dynamic_cli" name="test_classify_param_role_categorizes_correctly[path-selector]" time="0.001" /><testcase classname="tests.cli.test_op_dynamic_cli" name="test_classify_param_role_categorizes_correctly[max_nodes-advanced]" time="0.001" /><testcase classname="tests.cli.test_op_dynamic_cli" name="test_classify_param_role_categorizes_correctly[tested_only-filter]" time="0.002" /><testcase classname="tests.cli.test_op_dynamic_cli" name="test_classify_param_role_categorizes_correctly[module-selector]" time="0.001" /><testcase classname="tests.cli.test_op_dynamic_cli" name="test_op_help_shows_core_commands" time="0.001" /><testcase classname="tests.cli.test_common_module" name="test_build_runtime_or_exit_fallback_and_missing" time="5.479" /><testcase classname="tests.cli.test_op_dynamic_cli" name="test_classify_param_role_categorizes_correctly[function_goid_h128-selector]" time="0.001" /><testcase classname="tests.cli.test_op_dynamic_cli" name="test_classify_param_role_categorizes_correctly[kind-filter]" time="0.001" /><testcase classname="tests.cli.test_build_cli.TestBuildStatusCommand" name="test_status_invalid_module" time="0.008" /><testcase classname="tests.cli.test_op_dynamic_cli" name="test_classify_param_role_with_graph_operation_context" time="0.001" /><testcase classname="tests.cli.test_build_cli.TestModuleOption" name="test_valid_module_names[analytics]" time="0.010" /><testcase classname="tests.cli.test_build_cli.TestBuildRunValidation" name="test_run_invalid_module" time="0.010" /><testcase classname="tests.cli.test_graph_cli_policies" name="test_cli_strict_selection_falls_back_on_unknown_plugin" time="0.009" /><testcase classname="tests.cli.test_op_dynamic_cli" name="test_operation_has_required_datasets" time="0.001" /><testcase classname="tests.cli.test_graph_cli_policies" name="test_cli_validation_mode_enforces_strict_policy" time="0.009" /><testcase classname="tests.cli.test_op_dynamic_cli" name="test_classify_param_role_categorizes_correctly[offset-filter]" time="0.001" /><testcase classname="tests.cli.test_op_dynamic_cli" name="test_classify_param_role_categorizes_correctly[subsystem_id-selector]" time="0.001" /><testcase classname="tests.cli.test_op_params" name="test_coerce_params_from_strings_skips_none" time="0.001" /><testcase classname="tests.cli.test_op_dynamic_cli" name="test_classify_param_role_categorizes_correctly[min_risk-filter]" time="0.001" /><testcase classname="tests.cli.test_op_dynamic_cli" name="test_cli_param_spec_has_correct_structure" time="0.001" /><testcase classname="tests.cli.test_op_dynamic_cli" name="test_operation_validation_rejects_unknown" time="0.001" /><testcase classname="tests.cli.test_build_cli.TestBuildAppStructure" name="test_build_help_shows_commands" time="0.038" /><testcase classname="tests.cli.test_op_dynamic_cli" name="test_get_backend_signature_for_known_operation" time="0.001" /><testcase classname="tests.cli.test_op_dynamic_cli" name="test_dynamic_cli_respects_operation_defaults" time="0.001" /><testcase classname="tests.cli.test_op_dynamic_cli" name="test_operation_validation_accepts_known" time="0.001" /><testcase classname="tests.cli.test_op_params" name="test_coerce_string_param_basic_types" time="0.001" /><testcase classname="tests.cli.test_typer_cli" name="test_main_help" time="0.052" /><testcase classname="tests.cli.test_op_dynamic_cli" name="test_selector_params_come_first_in_classification" time="0.001" /><testcase classname="tests.cli.test_common_module" name="test_resolve_flag_and_backend_config" time="0.001" /><testcase classname="tests.cli.test_project_module" name="test_missing_and_invalid_project_file" time="0.002" /><testcase classname="tests.cli.test_typer_cli" name="test_dataset_describe_unknown_dataset" time="0.010" /><testcase classname="tests.cli.test_typer_cli" name="test_serve_http_help" time="0.052" /><testcase classname="tests.cli.test_typer_cli" name="test_load_project_config_parses_yaml" time="0.003" /><testcase classname="tests.cli.test_typer_cli" name="test_pipeline_removed" time="0.002" /><testcase classname="tests.cli.test_typer_cli" name="test_op_list_json_output" time="0.010" /><testcase classname="tests.cli.test_typer_cli" name="test_build_help" time="0.040" /><testcase classname="tests.cli.test_typer_cli" name="test_op_list_shows_operations" time="0.006" /><testcase classname="tests.cli.test_typer_cli" name="test_build_run_help" time="0.051" /><testcase classname="tests.cli.test_typer_cli" name="test_dataset_describe_known_dataset" time="0.011" /><testcase classname="tests.cli.test_typer_cli" name="test_find_project_root_raises_without_config" time="0.002" /><testcase classname="tests.cli.test_typer_cli" name="test_build_run_all_requires_project" time="0.016" /><testcase classname="tests.cli.test_typer_cli" name="test_dataset_help" time="0.043" /><testcase classname="tests.cli.test_typer_cli" name="test_op_list_filter_by_category" time="0.009" /><testcase classname="tests.cli.test_typer_cli" name="test_find_project_root_finds_config" time="0.002" /><testcase classname="tests.cli.test_typer_cli" name="test_serve_mcp_help" time="0.049" /><testcase classname="tests.cli.test_typer_cli" name="test_build_status_requires_project" time="0.010" /><testcase classname="tests.cli.test_build_cli.TestModuleOption" name="test_valid_module_names[ingestion]" time="0.015" /><testcase classname="tests.cli.test_main_cli" name="test_cli_unknown_command" time="0.003" /><testcase classname="tests.cli.test_build_cli.TestBuildStatusHelp" name="test_status_help_shows_options" time="0.013" /><testcase classname="tests.cli.test_build_cli.TestJsonOutput" name="test_json_flag_recognized_on_run" time="0.025" /><testcase classname="tests.cli.test_build_cli.TestForceOption" name="test_force_flag_recognized" time="0.024" /><testcase classname="tests.cli.test_build_cli.TestBuildRunHelp" name="test_run_help_shows_options" time="0.019" /><testcase classname="tests.cli.test_typer_cli" name="test_op_help" time="0.005" /><testcase classname="tests.cli.test_storage_command" name="test_storage_validate_macros_failure" time="5.442" /><testcase classname="tests.cli.test_datasets_command" name="test_datasets_list" time="5.478" /><testcase classname="tests.cli.test_build_command" name="test_build_run_unknown_target" time="5.494" /><testcase classname="tests.cli.test_datasets_command" name="test_datasets_scaffold_existing_name" time="5.509" /><testcase classname="tests.cli.test_storage_command" name="test_storage_validate_macros_success" time="5.497" /><testcase classname="tests.cli.test_build_command" name="test_build_run_success" time="5.505" /><testcase classname="tests.cli.test_cli_scope_and_plan" name="test_cli_plan_outputs_isolation_and_scope_metadata" time="0.016" /><testcase classname="tests.cli.test_project_module" name="test_find_and_load_project_config" time="0.002" /><testcase classname="tests.cli.test_docs_export_cli" name="test_docs_export_invokes_validator_before_exports" time="7.645" /><testcase classname="tests.cli.test_datasets_command" name="test_datasets_snapshot_to_file" time="5.193" /><testcase classname="tests.cli.test_build_command" name="test_build_run_dry_run" time="5.198" /><testcase classname="tests.cli.test_history_timeseries_cli" name="test_history_timeseries_cli_missing_snapshot" time="3.380" /></testsuite></testsuites>