<?xml version="1.0" encoding="utf-8"?><testsuites name="pytest tests"><testsuite name="pytest" errors="0" failures="0" skipped="0" tests="41" time="5.151" timestamp="2025-12-09T09:14:40.256054-05:00" hostname="paul-X870-AORUS-ELITE-WIFI7"><testcase classname="tests.architecture.test_analytics_exports" name="test_domain_exports[codeintel.analytics.graphs-expected1]" time="0.001" /><testcase classname="tests.cli.test_help_rendering" name="test_op_graph_neighbors_help" time="0.031" /><testcase classname="tests.cli.test_help_rendering" name="test_storage_help_renders_nested" time="0.032" /><testcase classname="tests.architecture.test_analytics_exports" name="test_domain_exports[codeintel.analytics.functions-expected0]" time="0.001" /><testcase classname="tests.cli.test_help_rendering" name="test_dataset_list_help" time="0.041" /><testcase classname="tests.cli.test_help_rendering" name="test_op_profiles_function_help" time="0.037" /><testcase classname="tests.cli.test_help_rendering" name="test_build_status_help_renders_core_flags" time="0.046" /><testcase classname="tests.cli.test_help_rendering" name="test_history_help_renders_positional" time="0.054" /><testcase classname="tests.cli.test_help_defaults_unit" name="test_patched_app_help_with_missing_metadata" time="0.023" /><testcase classname="tests.cli.test_help_defaults_unit" name="test_help_renders_nested_defaults" time="0.023" /><testcase classname="tests.cli.test_help_defaults_unit" name="test_help_renders_enum_choices_and_default" time="0.021" /><testcase classname="tests.cli.test_help_rendering" name="test_storage_help_rendering" time="0.023" /><testcase classname="tests.cli.test_help_rendering" name="test_ide_hints_help" time="0.032" /><testcase classname="tests.cli.test_help_defaults_unit" name="test_display_default_equality" time="0.001" /><testcase classname="tests.architecture.test_query_layer_boundaries" name="test_adapters_do_not_embed_sql" time="0.002" /><testcase classname="tests.cli.test_help_defaults_unit" name="test_help_renders_positional_defaults" time="0.019" /><testcase classname="tests.cli.test_help_rendering" name="test_docs_export_help_renders" time="0.045" /><testcase classname="tests.cli.test_help_rendering" name="test_op_list_help_renders_core_options" time="0.028" /><testcase classname="tests.cli.test_help_rendering" name="test_build_help_rendering" time="0.037" /><testcase classname="tests.cli.test_help_defaults_unit" name="test_argument_collection_type_preserved" time="0.023" /><testcase classname="tests.cli.test_help_rendering" name="test_build_history_help_renders_core_flags" time="0.035" /><testcase classname="tests.cli.test_help_rendering" name="test_docs_export_help_repeatable" time="0.067" /><testcase classname="tests.cli.test_help_rendering" name="test_graphs_help_renders_enum_choices" time="0.033" /><testcase classname="tests.cli.test_help_rendering" name="test_build_run_help_renders_output_flags" time="0.038" /><testcase classname="tests.cli.test_help_rendering" name="test_op_call_help_renders_core_options" time="0.036" /><testcase classname="tests.cli.test_help_rendering" name="test_ops_help_rendering" time="0.027" /><testcase classname="tests.cli.test_help_rendering" name="test_datasets_lint_help" time="0.029" /><testcase classname="tests.cli.test_help_rendering" name="test_serve_http_help" time="0.034" /><testcase classname="tests.cli.test_help_rendering" name="test_subsystem_list_help" time="0.035" /><testcase classname="tests.cli.test_help_defaults_unit" name="test_all_cyclopts_locations_are_patched" time="0.001" /><testcase classname="tests.architecture.test_graph_engine_entrypoints" name="test_build_graph_engine_entrypoints_are_restricted" time="0.019" /><testcase classname="tests.cli.test_help_rendering" name="test_op_datasets_list_help" time="0.046" /><testcase classname="tests.cli.test_help_defaults_unit" name="test_help_renders_custom_show_default_callable" time="0.020" /><testcase classname="tests.cli.test_help_defaults_unit" name="test_display_default_repr_is_clean" time="0.001" /><testcase classname="tests.architecture.test_nx_views_boundary" name="test_nx_views_only_used_in_graphs_layer" time="0.011" /><testcase classname="tests.architecture.test_analytics_exports" name="test_domain_exports[codeintel.analytics.parsing-expected3]" time="0.001" /><testcase classname="tests.architecture.test_duckdb_boundaries" name="test_duckdb_usage_is_localized" time="0.016" /><testcase classname="tests.architecture.test_analytics_graph_boundary" name="test_analytics_modules_do_not_import_nx_views" time="0.004" /><testcase classname="tests.architecture.test_analytics_imports" name="test_external_imports_use_domain_apis" time="0.017" /><testcase classname="tests.architecture.test_export_macro_paths" name="test_exporters_avoid_direct_table_reads" time="0.001" /><testcase classname="tests.architecture.test_analytics_exports" name="test_domain_exports[codeintel.analytics.history-expected2]" time="0.001" /></testsuite></testsuites>