<?xml version="1.0" encoding="utf-8"?><testsuites name="pytest tests"><testsuite name="pytest" errors="0" failures="0" skipped="0" tests="25" time="13.971" timestamp="2025-12-15T19:00:00.558581-05:00" hostname="paul-X870-AORUS-ELITE-WIFI7"><testcase classname="tests.build.test_registry.TestTargetRegistry" name="test_profiles_target_has_dependencies" time="0.001" /><testcase classname="tests.build.test_registry.TestTargetRegistry" name="test_no_cycles_in_registry" time="0.001" /><testcase classname="tests.build.test_readiness_registry_resources_resolver" name="test_registry_derives_schemas_and_detects_duplicates" time="0.002" /><testcase classname="tests.build.test_registry.TestTargetRegistry" name="test_topological_order_includes_all_deps" time="0.001" /><testcase classname="tests.build.test_registry" name="test_key_targets_are_registered[scip]" time="0.001" /><testcase classname="tests.build.test_registry" name="test_key_targets_are_registered[modules]" time="0.001" /><testcase classname="tests.build.test_registry.TestTargetRegistry" name="test_get_target_graph_is_cached" time="0.001" /><testcase classname="tests.build.test_registry.TestTargetsByModule" name="test_module_distribution_reasonable" time="0.001" /><testcase classname="tests.build.test_registry" name="test_key_targets_are_registered[function_metrics]" time="0.001" /><testcase classname="tests.build.test_registry" name="test_key_targets_are_registered[call_graph]" time="0.001" /><testcase classname="tests.build.test_registry.TestTargetRegistry" name="test_all_targets_have_valid_modules" time="0.001" /><testcase classname="tests.build.test_registry" name="test_key_targets_are_registered[profiles]" time="0.001" /><testcase classname="tests.build.test_registry.TestTargetRegistry" name="test_modules_target_has_no_dependencies" time="0.001" /><testcase classname="tests.build.test_registry.TestTargetRegistry" name="test_registry_not_empty" time="0.001" /><testcase classname="tests.build.test_registry.TestTargetsByModule" name="test_analytics_targets_exist" time="0.001" /><testcase classname="tests.build.test_registry" name="test_key_targets_are_registered[ast]" time="0.001" /><testcase classname="tests.build.test_registry.TestTargetRegistry" name="test_ingestion_targets_come_before_graphs" time="0.001" /><testcase classname="tests.build.test_registry.TestTargetRegistry" name="test_target_names_are_unique" time="0.001" /><testcase classname="tests.build.test_registry.TestTargetsByModule" name="test_ingestion_targets_exist" time="0.001" /><testcase classname="tests.build.test_readiness_registry_resources_resolver" name="test_target_resources_and_execution_helpers" time="0.001" /><testcase classname="tests.build.test_registry" name="test_key_targets_are_registered[goids]" time="0.001" /><testcase classname="tests.build.test_registry.TestTargetRegistry" name="test_get_target_graph_succeeds" time="0.001" /><testcase classname="tests.build.test_readiness_registry_resources_resolver" name="test_registry_get_target_by_table" time="0.001" /><testcase classname="tests.build.test_registry.TestTargetsByModule" name="test_graphs_targets_exist" time="0.001" /><testcase classname="tests.build.test_registry.TestTargetRegistry" name="test_all_targets_have_tables" time="0.001" /></testsuite></testsuites>