<?xml version="1.0" encoding="utf-8"?><testsuites name="pytest tests"><testsuite name="pytest" errors="0" failures="0" skipped="0" tests="143" time="10.571" timestamp="2025-12-04T13:56:29.614602-05:00" hostname="paul-X870-AORUS-ELITE-WIFI7"><testcase classname="tests.core.runtime.test_errors" name="test_plugin_catchable_errors_is_tuple" time="0.001" /><testcase classname="tests.core.runtime.test_retry" name="test_with_retry_with_kwargs" time="0.002" /><testcase classname="tests.core.runtime.test_errors" name="test_plugin_fatal_error_construction" time="0.002" /><testcase classname="tests.core.runtime.test_retry" name="test_get_wait_strategy_with_jitter" time="0.001" /><testcase classname="tests.core.runtime.test_retry" name="test_no_retry_policy" time="0.001" /><testcase classname="tests.core.runtime.test_errors" name="test_plugin_catchable_errors_includes_common_exceptions" time="0.001" /><testcase classname="tests.core.runtime.test_errors" name="test_plugin_timeout_error_basic" time="0.001" /><testcase classname="tests.core.runtime.test_retry" name="test_get_retry_policy_for_retryable" time="0.001" /><testcase classname="tests.core.runtime.test_retry" name="test_create_retrying_success_after_retry" time="0.012" /><testcase classname="tests.core.runtime.test_errors" name="test_plugin_skipped_error_inherits_from_exception" time="0.001" /><testcase classname="tests.core.runtime.test_errors" name="test_plugin_skipped_error_various_reasons" time="0.001" /><testcase classname="tests.core.runtime.test_telemetry" name="test_plugin_span_elapsed_s" time="0.051" /><testcase classname="tests.core.runtime.test_retry" name="test_plugin_retry_policy" time="0.001" /><testcase classname="tests.core.runtime.test_telemetry" name="test_telemetry_config_is_frozen" time="0.001" /><testcase classname="tests.core.runtime.test_retry" name="test_retry_policy_custom_values" time="0.001" /><testcase classname="tests.core.runtime.test_telemetry" name="test_default_duration_buckets_sorted" time="0.001" /><testcase classname="tests.core.runtime.test_retry" name="test_get_stop_strategy" time="0.001" /><testcase classname="tests.core.runtime.test_errors" name="test_plugin_timeout_error_with_elapsed" time="0.001" /><testcase classname="tests.core.runtime.test_retry" name="test_with_retry_raises_after_exhaustion" time="0.013" /><testcase classname="tests.core.runtime.test_errors" name="test_plugin_fatal_error_inherits_from_exception" time="0.003" /><testcase classname="tests.core.runtime.test_errors" name="test_plugin_timeout_error_inherits_from_exception" time="0.001" /><testcase classname="tests.core.runtime.test_retry" name="test_with_retry_success" time="0.002" /><testcase classname="tests.core.runtime.test_telemetry" name="test_runtime_telemetry_initialization" time="0.001" /><testcase classname="tests.core.runtime.test_errors" name="test_plugin_fatal_error_with_chained_exception" time="0.002" /><testcase classname="tests.core.runtime.test_telemetry" name="test_plugin_span_elapsed_ns" time="0.011" /><testcase classname="tests.core.runtime.test_retry" name="test_as_decorator" time="0.001" /><testcase classname="tests.core.runtime.test_telemetry" name="test_telemetry_config_defaults" time="0.001" /><testcase classname="tests.core.runtime.test_telemetry" name="test_plugin_span_attributes_default_empty" time="0.001" /><testcase classname="tests.core.runtime.test_retry" name="test_with_max_attempts" time="0.001" /><testcase classname="tests.core.runtime.test_errors" name="test_plugin_skipped_error_basic" time="0.001" /><testcase classname="tests.core.runtime.test_retry" name="test_get_retry_policy_for_retryable_single_retry" time="0.001" /><testcase classname="tests.core.runtime.test_retry" name="test_create_retrying_respects_max_attempts" time="0.033" /><testcase classname="tests.core.runtime.test_errors" name="test_plugin_catchable_errors_can_catch" time="0.000" /><testcase classname="tests.core.runtime.test_errors" name="test_plugin_skipped_error_can_be_raised" time="0.000" /><testcase classname="tests.core.runtime.test_errors" name="test_plugin_timeout_error_message_basic" time="0.000" /><testcase classname="tests.core.runtime.test_retry" name="test_database_retry_policy" time="0.000" /><testcase classname="tests.core.runtime.test_retry" name="test_network_retry_policy" time="0.000" /><testcase classname="tests.core.runtime.test_telemetry" name="test_default_duration_buckets" time="0.000" /><testcase classname="tests.core.runtime.test_retry" name="test_with_retry_retries_on_exception" time="0.011" /><testcase classname="tests.core.runtime.test_telemetry" name="test_default_duration_buckets_range" time="0.000" /><testcase classname="tests.core.runtime.test_errors" name="test_plugin_timeout_error_message_with_elapsed" time="0.000" /><testcase classname="tests.core.runtime.test_retry" name="test_get_retry_policy_for_retryable_zero_backoff" time="0.000" /><testcase classname="tests.core.runtime.test_telemetry" name="test_runtime_telemetry_with_config" time="0.000" /><testcase classname="tests.core.runtime.test_errors" name="test_plugin_fatal_error_preserves_record" time="0.000" /><testcase classname="tests.core.runtime.test_errors" name="test_plugin_timeout_error_can_be_raised" time="0.000" /><testcase classname="tests.core.runtime.test_retry" name="test_retry_policy_is_frozen" time="0.000" /><testcase classname="tests.core.runtime.test_retry" name="test_with_retry_with_args" time="0.001" /><testcase classname="tests.core.runtime.test_errors" name="test_plugin_fatal_error_can_be_raised" time="0.000" /><testcase classname="tests.core.runtime.test_retry" name="test_retry_policy_defaults" time="0.000" /><testcase classname="tests.core.runtime.test_errors" name="test_plugin_fatal_error_message" time="0.000" /><testcase classname="tests.core.runtime.test_retry" name="test_as_decorator_application" time="0.011" /><testcase classname="tests.core.runtime.test_retry" name="test_create_retrying_returns_retrying" time="0.000" /><testcase classname="tests.core.runtime.test_telemetry" name="test_telemetry_config_custom" time="0.000" /><testcase classname="tests.core.runtime.test_telemetry" name="test_runtime_telemetry_start_span" time="0.001" /><testcase classname="tests.core.runtime.test_errors" name="test_plugin_catchable_errors_contains_exception_types" time="0.000" /><testcase classname="tests.core.runtime.test_telemetry" name="test_runtime_telemetry_record_run_metrics" time="0.000" /><testcase classname="tests.core.runtime.test_telemetry" name="test_full_span_lifecycle" time="0.011" /><testcase classname="tests.core.runtime.test_telemetry" name="test_plugin_span_construction" time="0.000" /><testcase classname="tests.core.runtime.test_telemetry" name="test_otel_available_is_bool" time="0.000" /><testcase classname="tests.core.runtime.test_retry" name="test_get_wait_strategy_without_jitter" time="0.000" /><testcase classname="tests.core.runtime.test_telemetry" name="test_get_runtime_telemetry_is_singleton" time="0.001" /><testcase classname="tests.core.runtime.test_telemetry" name="test_plugin_span_elapsed_ms" time="0.011" /><testcase classname="tests.core.runtime.test_retry" name="test_create_async_retrying_returns_async_retrying" time="0.000" /><testcase classname="tests.core.runtime.test_telemetry" name="test_prometheus_available_is_bool" time="0.000" /><testcase classname="tests.core.runtime.test_telemetry" name="test_get_runtime_telemetry_returns_instance" time="0.001" /><testcase classname="tests.core.runtime.test_telemetry" name="test_runtime_telemetry_start_span_with_attributes" time="0.001" /><testcase classname="tests.core.runtime.test_telemetry" name="test_telemetry_disabled_tracing" time="0.001" /><testcase classname="tests.core.runtime.test_timing" name="test_timing_result_construction" time="0.000" /><testcase classname="tests.core.runtime.test_timing" name="test_timing_result_is_stopped_false" time="0.000" /><testcase classname="tests.core.runtime.test_timing" name="test_timing_result_custom_start" time="0.001" /><testcase classname="tests.core.runtime.test_telemetry" name="test_telemetry_works_without_otel" time="0.001" /><testcase classname="tests.core.runtime.test_telemetry" name="test_multiple_spans" time="0.011" /><testcase classname="tests.core.runtime.test_telemetry" name="test_runtime_telemetry_end_span_failure" time="0.001" /><testcase classname="tests.core.runtime.test_telemetry" name="test_runtime_telemetry_config_properties" time="0.000" /><testcase classname="tests.core.runtime.test_telemetry" name="test_plugin_span_with_attributes" time="0.000" /><testcase classname="tests.core.runtime.test_timing" name="test_timing_result_stop" time="0.000" /><testcase classname="tests.core.runtime.test_telemetry" name="test_runtime_telemetry_end_span_success" time="0.011" /><testcase classname="tests.core.runtime.test_errors" name="test_plugin_skipped_error_message" time="0.000" /><testcase classname="tests.core.runtime.test_retry" name="test_with_exceptions" time="0.000" /><testcase classname="tests.core.runtime.test_retry" name="test_with_retry_async_is_coroutine_function" time="0.001" /><testcase classname="tests.core.runtime.test_timing" name="test_timing_result_elapsed_ms" time="0.011" /><testcase classname="tests.core.runtime.test_timing" name="test_measure_duration_returns_result" time="0.000" /><testcase classname="tests.core.runtime.test_timing" name="test_timing_result_elapsed_consistency" time="0.010" /><testcase classname="tests.core.runtime.test_timing" name="test_timed_stops_on_exception" time="0.011" /><testcase classname="tests.core.runtime.test_telemetry" name="test_runtime_telemetry_end_span_returns_duration" time="0.021" /><testcase classname="tests.core.runtime.test_timing" name="test_measure_duration_ms_with_args" time="0.000" /><testcase classname="tests.core.runtime.test_timing" name="test_timing_result_elapsed_ns_before_stop" time="0.011" /><testcase classname="tests.core.runtime.test_timing" name="test_measure_duration_ms_accuracy" time="0.015" /><testcase classname="tests.core.runtime.test_timing" name="test_measure_duration_ms_returns_result" time="0.000" /><testcase classname="tests.core.runtime.test_timing" name="test_measure_duration_with_kwargs" time="0.000" /><testcase classname="tests.core.runtime.test_validation" name="test_base_validation_options_defaults" time="0.000" /><testcase classname="tests.core.runtime.test_timing" name="test_timing_result_in_loop" time="0.031" /><testcase classname="tests.core.runtime.test_timing" name="test_measure_duration_measures_work" time="0.020" /><testcase classname="tests.core.runtime.test_validation" name="test_base_validation_options_custom" time="0.000" /><testcase classname="tests.core.runtime.test_timing" name="test_measure_duration_vs_timed_equivalence" time="0.021" /><testcase classname="tests.core.runtime.test_timing" name="test_measure_duration_with_exception" time="0.011" /><testcase classname="tests.core.runtime.test_timing" name="test_measure_duration_returns_timing" time="0.011" /><testcase classname="tests.core.runtime.test_timing" name="test_timing_result_elapsed_s" time="0.051" /><testcase classname="tests.core.runtime.test_timing" name="test_timing_result_is_stopped_true" time="0.000" /><testcase classname="tests.core.runtime.test_timing" name="test_timed_yields_timing_result" time="0.000" /><testcase classname="tests.core.runtime.test_timing" name="test_timing_result_stop_idempotent" time="0.011" /><testcase classname="tests.core.runtime.test_validation" name="test_has_error_findings_no_errors" time="0.000" /><testcase classname="tests.core.runtime.test_timing" name="test_timing_result_elapsed_ns" time="0.011" /><testcase classname="tests.core.runtime.test_validation" name="test_cap_findings_caps_single_rule" time="0.001" /><testcase classname="tests.core.runtime.test_validation" name="test_has_error_findings_empty" time="0.000" /><testcase classname="tests.core.runtime.test_telemetry" name="test_telemetry_disabled_metrics" time="0.001" /><testcase classname="tests.core.runtime.test_timing" name="test_timing_result_elapsed_frozen_after_stop" time="0.011" /><testcase classname="tests.core.runtime.test_validation" name="test_cap_findings_caps_per_rule" time="0.000" /><testcase classname="tests.core.runtime.test_timing" name="test_measure_duration_with_args" time="0.000" /><testcase classname="tests.core.runtime.test_validation" name="test_cap_findings_no_limit" time="0.000" /><testcase classname="tests.core.runtime.test_validation" name="test_apply_severity_overrides_wildcard" time="0.000" /><testcase classname="tests.core.runtime.test_timing" name="test_timed_measures_work" time="0.020" /><testcase classname="tests.core.runtime.test_timing" name="test_timed_starts_timing" time="0.000" /><testcase classname="tests.core.runtime.test_timing" name="test_timed_stops_on_exit" time="0.011" /><testcase classname="tests.core.runtime.test_validation" name="test_filter_by_severity_warning_threshold" time="0.000" /><testcase classname="tests.core.runtime.test_validation" name="test_full_pipeline" time="0.000" /><testcase classname="tests.core.runtime.test_retry" name="test_create_retrying_success_on_first_try" time="0.001" /><testcase classname="tests.core.runtime.test_validation" name="test_combined_override_and_filter" time="0.000" /><testcase classname="tests.core.runtime.test_validation" name="test_apply_severity_overrides_empty_overrides" time="0.000" /><testcase classname="tests.core.runtime.test_validation" name="test_group_findings_by_key_single_group" time="0.000" /><testcase classname="tests.core.runtime.test_timing" name="test_measure_duration_ms_with_kwargs" time="0.000" /><testcase classname="tests.core.runtime.test_timing" name="test_measure_duration_ms_returns_float" time="0.010" /><testcase classname="tests.core.runtime.test_validation" name="test_base_validation_options_is_frozen" time="0.001" /><testcase classname="tests.core.runtime.test_validation" name="test_apply_severity_overrides_specific_over_wildcard" time="0.000" /><testcase classname="tests.core.runtime.test_validation" name="test_apply_severity_overrides_specific_rule" time="0.000" /><testcase classname="tests.core.runtime.test_validation" name="test_group_findings_by_key_with_severity" time="0.001" /><testcase classname="tests.core.runtime.test_timing" name="test_timed_nested" time="0.032" /><testcase classname="tests.core.runtime.test_validation" name="test_group_findings_by_key_multiple_groups" time="0.001" /><testcase classname="tests.core.runtime.test_validation" name="test_cap_findings_negative_limit" time="0.001" /><testcase classname="tests.core.runtime.test_validation" name="test_group_findings_by_key_empty" time="0.000" /><testcase classname="tests.core.runtime.test_validation" name="test_combined_cap_and_group" time="0.000" /><testcase classname="tests.core.runtime.test_validation" name="test_apply_severity_overrides_no_overrides" time="0.001" /><testcase classname="tests.core.runtime.test_validation" name="test_group_findings_by_key_preserves_order" time="0.000" /><testcase classname="tests.core.runtime.test_validation" name="test_has_error_findings_with_error" time="0.001" /><testcase classname="tests.core.runtime.test_validation" name="test_apply_severity_overrides_preserves_message" time="0.000" /><testcase classname="tests.core.runtime.test_validation" name="test_filter_by_severity_preserves_order" time="0.001" /><testcase classname="tests.core.runtime.test_validation" name="test_cap_findings_preserves_order" time="0.001" /><testcase classname="tests.core.runtime.test_validation" name="test_cap_findings_zero_limit" time="0.000" /><testcase classname="tests.core.runtime.test_telemetry" name="test_plugin_span_elapsed_consistency" time="0.012" /><testcase classname="tests.core.runtime.test_validation" name="test_filter_by_severity_info_threshold" time="0.001" /><testcase classname="tests.core.runtime.test_validation" name="test_filter_by_severity_error_threshold" time="0.000" /><testcase classname="tests.core.runtime.test_validation" name="test_has_error_findings_all_errors" time="0.001" /><testcase classname="tests.core.runtime.test_validation" name="test_filter_by_severity_empty_list" time="0.001" /></testsuite></testsuites>