<?xml version="1.0" encoding="utf-8"?><testsuites name="pytest tests"><testsuite name="pytest" errors="0" failures="0" skipped="0" tests="74" time="15.982" timestamp="2025-12-04T09:43:02.510986-05:00" hostname="paul-X870-AORUS-ELITE-WIFI7"><testcase classname="tests.graphs.test_graph_registry" name="test_plan_ambiguous_capability_raises" time="0.005" /><testcase classname="tests.graphs.test_graph_registry" name="test_unregister_plugin" time="0.006" /><testcase classname="tests.graphs.test_resources" name="test_registry_has_factory" time="0.001" /><testcase classname="tests.graphs.test_resources" name="test_registry_require_by_name" time="0.001" /><testcase classname="tests.graphs.test_graph_registry" name="test_plan_with_disabled_plugins" time="0.006" /><testcase classname="tests.graphs.test_graph_registry" name="test_register_and_unregister_global" time="0.006" /><testcase classname="tests.graphs.test_graph_registry" name="test_plan_with_dependencies" time="0.006" /><testcase classname="tests.graphs.test_graph_registry" name="test_register_plugin" time="0.007" /><testcase classname="tests.graphs.test_resources" name="test_registry_invalidate_all" time="0.001" /><testcase classname="tests.graphs.test_resources_storage_extended" name="test_storage_resource_resource_name" time="0.001" /><testcase classname="tests.graphs.test_graph_registry" name="test_contains" time="0.006" /><testcase classname="tests.graphs.test_resources" name="test_resource_not_found_error_is_exception" time="0.000" /><testcase classname="tests.graphs.test_resources" name="test_registry_require_by_name_not_found" time="0.001" /><testcase classname="tests.graphs.test_graph_registry" name="test_list_by_table" time="0.005" /><testcase classname="tests.graphs.test_resources" name="test_base_provider_lazy_loading" time="0.001" /><testcase classname="tests.graphs.test_graph_registry" name="test_get_plugin" time="0.005" /><testcase classname="tests.graphs.test_graph_registry" name="test_list_names" time="0.005" /><testcase classname="tests.graphs.test_graph_registry" name="test_table_index_maintained" time="0.006" /><testcase classname="tests.graphs.test_graph_registry" name="test_plan_missing_dependency_raises" time="0.006" /><testcase classname="tests.graphs.test_graph_registry" name="test_dependency_graph" time="0.005" /><testcase classname="tests.graphs.test_graph_registry" name="test_capability_index_updated_on_register" time="0.004" /><testcase classname="tests.graphs.test_resources" name="test_base_provider_load_not_implemented" time="0.001" /><testcase classname="tests.graphs.test_resources" name="test_registry_require_not_found" time="0.000" /><testcase classname="tests.graphs.test_resources" name="test_registry_has_registered" time="0.000" /><testcase classname="tests.graphs.test_resources" name="test_registry_cleanup" time="0.000" /><testcase classname="tests.graphs.test_graph_registry" name="test_list_by_stage" time="0.006" /><testcase classname="tests.graphs.test_resources" name="test_base_provider_reloads_after_invalidate" time="0.001" /><testcase classname="tests.graphs.test_resources" name="test_resource_provider_base_protocol_conformance" time="0.001" /><testcase classname="tests.graphs.test_resources" name="test_registry_registered_names" time="0.001" /><testcase classname="tests.graphs.test_resources" name="test_registry_factory_lazy_creation" time="0.000" /><testcase classname="tests.graphs.test_graph_registry" name="test_get_unknown_raises" time="0.006" /><testcase classname="tests.graphs.test_resources" name="test_base_provider_invalidate" time="0.000" /><testcase classname="tests.graphs.test_graph_registry" name="test_metadata_for" time="0.004" /><testcase classname="tests.graphs.test_graph_registry" name="test_list_by_kind" time="0.006" /><testcase classname="tests.graphs.test_graph_registry" name="test_capability_index_updated_on_unregister" time="0.004" /><testcase classname="tests.graphs.test_resources" name="test_resource_provider_protocol_conformance" time="0.000" /><testcase classname="tests.graphs.test_graph_registry" name="test_plan_simple" time="0.005" /><testcase classname="tests.graphs.test_graph_registry" name="test_list_all" time="0.005" /><testcase classname="tests.graphs.test_resources" name="test_base_provider_resource_name" time="0.000" /><testcase classname="tests.graphs.test_graph_registry" name="test_unregister_nonexistent_is_silent" time="0.000" /><testcase classname="tests.graphs.test_graph_registry" name="test_plan_cycle_detection" time="0.006" /><testcase classname="tests.graphs.test_graph_registry" name="test_get_graph_registry_singleton" time="0.000" /><testcase classname="tests.graphs.test_graph_registry" name="test_plan_missing_capability_raises" time="0.005" /><testcase classname="tests.graphs.test_resources" name="test_registry_register_and_require" time="0.000" /><testcase classname="tests.graphs.test_graph_registry" name="test_plan_capability_based_dependency" time="0.006" /><testcase classname="tests.graphs.test_graph_registry" name="test_register_duplicate_raises" time="0.001" /><testcase classname="tests.graphs.test_graph_registry" name="test_list_graph_plugins" time="0.000" /><testcase classname="tests.graphs.test_resources" name="test_registry_overwrite_allows_new_value" time="0.001" /><testcase classname="tests.graphs.test_graph_registry" name="test_list_providing" time="0.007" /><testcase classname="tests.graphs.test_resources_storage_extended" name="test_storage_resource_registration" time="1.337" /><testcase classname="tests.graphs.test_resources_storage_extended" name="test_storage_resource_gateway_access" time="1.365" /><testcase classname="tests.graphs.test_resources_storage_extended" name="test_storage_resource_require" time="1.365" /><testcase classname="tests.graphs.test_resources_storage_extended" name="test_storage_resource_retrieval" time="1.371" /><testcase classname="tests.graphs.test_resources_storage_extended" name="test_storage_resource_init" time="1.376" /><testcase classname="tests.graphs.test_resources_storage_extended" name="test_storage_resource_not_registered" time="0.000" /><testcase classname="tests.graphs.test_resources_storage_extended" name="test_storage_resource_multiple_resources_same_gateway" time="1.375" /><testcase classname="tests.graphs.test_resources_storage_extended" name="test_storage_resource_require_missing_raises" time="0.000" /><testcase classname="tests.graphs.test_resources_storage_extended" name="test_storage_resource_connection_usable" time="1.376" /><testcase classname="tests.graphs.test_resources_storage_extended" name="test_storage_resource_different_paths" time="1.375" /><testcase classname="tests.graphs.test_resources_storage_extended" name="test_storage_resource_path_absolute" time="1.392" /><testcase classname="tests.graphs.test_resources_storage_extended" name="test_storage_resource_path_is_pathlib" time="1.404" /><testcase classname="tests.graphs.test_resources" name="test_storage_resource_execute_query_empty_result" time="6.340" /><testcase classname="tests.graphs.test_resources" name="test_storage_resource_execute_mutation_with_params" time="6.340" /><testcase classname="tests.graphs.test_resources" name="test_storage_resource_creation" time="6.342" /><testcase classname="tests.graphs.test_resources" name="test_storage_resource_read_source" time="6.356" /><testcase classname="tests.graphs.test_resources" name="test_storage_resource_execute_query" time="6.364" /><testcase classname="tests.graphs.test_resources" name="test_storage_resource_get_returns_self" time="6.362" /><testcase classname="tests.graphs.test_resources" name="test_storage_resource_protocol_conformance" time="6.371" /><testcase classname="tests.graphs.test_resources" name="test_resource_not_found_error_message" time="0.000" /><testcase classname="tests.graphs.test_resources" name="test_storage_resource_execute_mutation_multiple_rows" time="6.056" /><testcase classname="tests.graphs.test_resources" name="test_storage_resource_execute_mutation" time="6.052" /><testcase classname="tests.graphs.test_resources" name="test_storage_resource_execute_query_with_params" time="6.031" /><testcase classname="tests.graphs.test_resources" name="test_storage_resource_read_source_not_found" time="6.037" /><testcase classname="tests.graphs.test_resources" name="test_storage_resource_invalidate_noop" time="6.033" /></testsuite></testsuites>