<?xml version="1.0" encoding="utf-8"?><testsuites name="pytest tests"><testsuite name="pytest" errors="0" failures="0" skipped="0" tests="32" time="3.798" timestamp="2025-12-03T01:28:08.647482-05:00" hostname="paul-X870-AORUS-ELITE-WIFI7"><testcase classname="tests.ingestion.test_config_factory.TestBuildOptions" name="test_create_with_mapping" time="0.001" /><testcase classname="tests.ingestion.test_config_factory.TestGetContextValue" name="test_get_existing_attribute" time="0.001" /><testcase classname="tests.ingestion.test_config_factory.TestGetContextValue" name="test_get_none_attribute" time="0.001" /><testcase classname="tests.ingestion.test_config_factory.TestConfigFactory" name="test_build_with_extra_values" time="0.001" /><testcase classname="tests.ingestion.test_config_factory.TestConfigFactory" name="test_build_non_dataclass_config" time="0.001" /><testcase classname="tests.ingestion.test_config_factory.TestConfigFactory" name="test_build_simple_config" time="0.001" /><testcase classname="tests.ingestion.test_config_factory.TestConfigMapping" name="test_create_with_extra_fields" time="0.001" /><testcase classname="tests.ingestion.test_config_factory.TestConfigFactory" name="test_build_with_tracker" time="0.001" /><testcase classname="tests.ingestion.test_config_factory.TestBuildOptions" name="test_create_with_tool_service" time="0.001" /><testcase classname="tests.ingestion.test_config_factory.TestConfigMapping" name="test_frozen_dataclass" time="0.001" /><testcase classname="tests.ingestion.test_config_factory.TestGetConfigFields" name="test_config_with_many_fields" time="0.001" /><testcase classname="tests.ingestion.test_config_factory.TestConfigFactory" name="test_build_with_tool_service" time="0.001" /><testcase classname="tests.ingestion.test_config_factory.TestInferConfigMapping" name="test_infer_mapping_with_tools" time="0.001" /><testcase classname="tests.ingestion.test_config_factory.TestConfigFactory" name="test_custom_mapping_overrides_default" time="0.001" /><testcase classname="tests.ingestion.test_config_factory.TestBuildOptions" name="test_create_with_extra" time="0.001" /><testcase classname="tests.ingestion.test_config_factory.TestBuildOptions" name="test_create_with_tracker" time="0.001" /><testcase classname="tests.ingestion.test_config_factory.TestConfigFactory" name="test_create_with_custom_mappings" time="0.001" /><testcase classname="tests.ingestion.test_config_factory.TestConfigMapping" name="test_create_with_field_map" time="0.001" /><testcase classname="tests.ingestion.test_config_factory.TestGetContextValue" name="test_tracker_from_options_takes_precedence" time="0.001" /><testcase classname="tests.ingestion.test_config_factory.TestDefaultContextMappings" name="test_contains_expected_keys" time="0.001" /><testcase classname="tests.ingestion.test_config_factory.TestInferConfigMapping" name="test_infer_mapping_non_dataclass" time="0.001" /><testcase classname="tests.ingestion.test_config_factory.TestConfigFactory" name="test_build_ignores_unknown_extra_fields" time="0.001" /><testcase classname="tests.ingestion.test_config_factory.TestInferConfigMapping" name="test_infer_basic_mapping" time="0.001" /><testcase classname="tests.ingestion.test_config_factory.TestGetConfigFields" name="test_dataclass_fields" time="0.001" /><testcase classname="tests.ingestion.test_config_factory.TestGetConfigFields" name="test_non_dataclass_fields" time="0.001" /><testcase classname="tests.ingestion.test_config_factory.TestConfigMapping" name="test_create_minimal" time="0.001" /><testcase classname="tests.ingestion.test_config_factory.TestConfigFactory" name="test_create_with_default_mappings" time="0.001" /><testcase classname="tests.ingestion.test_config_factory.TestDefaultContextMappings" name="test_mappings_are_identity" time="0.000" /><testcase classname="tests.ingestion.test_config_factory.TestBuildOptions" name="test_frozen_dataclass" time="0.001" /><testcase classname="tests.ingestion.test_config_factory.TestBuildOptions" name="test_create_empty" time="0.001" /><testcase classname="tests.ingestion.test_config_factory.TestConfigFactory" name="test_build_with_tools_from_context" time="0.001" /><testcase classname="tests.ingestion.test_config_factory.TestConfigFactory" name="test_build_with_custom_mapping" time="0.001" /></testsuite></testsuites>