<?xml version="1.0" encoding="utf-8"?><testsuites name="pytest tests"><testsuite name="pytest" errors="0" failures="0" skipped="0" tests="335" time="13.090" timestamp="2025-12-13T21:12:35.289001-05:00" hostname="paul-X870-AORUS-ELITE-WIFI7"><testcase classname="tests.core.config.test_config_registry" name="test_config_registry_as_mapping" time="0.001" /><testcase classname="tests.core.config.test_accessor" name="test_config_provider_has_returns_false" time="0.001" /><testcase classname="tests.core.config.test_accessor" name="test_config_provider_initialized_with_configs" time="0.001" /><testcase classname="tests.core.config.test_config_registry" name="test_config_registry_contains" time="0.001" /><testcase classname="tests.core.config.test_config_registry" name="test_config_registry_len" time="0.001" /><testcase classname="tests.core.config.test_accessor" name="test_config_accessor_is_runtime_checkable" time="0.001" /><testcase classname="tests.core.config.test_accessor" name="test_config_registry_get_optional_as_accessor" time="0.001" /><testcase classname="tests.core.config.test_accessor" name="test_function_accepting_accessor_with_registry" time="0.001" /><testcase classname="tests.core.config.test_accessor" name="test_config_provider_get_raises_for_missing" time="0.002" /><testcase classname="tests.core.config.test_config_registry" name="test_config_registry_has" time="0.001" /><testcase classname="tests.core.config.test_config_registry" name="test_config_type_error" time="0.001" /><testcase classname="tests.core.config.test_config_registry" name="test_config_registry_register_and_get" time="0.001" /><testcase classname="tests.core.config.test_accessor" name="test_config_provider_implements_accessor" time="0.001" /><testcase classname="tests.core.execution.test_errors" name="test_plugin_skipped_error_inherits_from_exception" time="0.001" /><testcase classname="tests.core.config.test_accessor" name="test_config_provider_get_optional_returns_none" time="0.001" /><testcase classname="tests.core.config.test_config_registry" name="test_config_registry_validate_all" time="0.001" /><testcase classname="tests.core.execution.test_errors" name="test_plugin_skipped_error_basic" time="0.001" /><testcase classname="tests.core.execution.test_errors" name="test_plugin_fatal_error_construction" time="0.001" /><testcase classname="tests.core.config.test_config_registry" name="test_config_registry_remove_missing" time="0.001" /><testcase classname="tests.core.execution.test_errors" name="test_plugin_catchable_errors_is_tuple" time="0.001" /><testcase classname="tests.core.config.test_accessor" name="test_config_presence_check_polymorphic" time="0.001" /><testcase classname="tests.core.config.test_config_registry" name="test_config_registry_copy_includes_validators" time="0.001" /><testcase classname="tests.core.config.test_accessor" name="test_config_registry_register_as_accessor" time="0.001" /><testcase classname="tests.core.config.test_config_registry" name="test_config_registry_register_validator" time="0.001" /><testcase classname="tests.core.execution.test_errors" name="test_plugin_timeout_error_basic" time="0.001" /><testcase classname="tests.core.execution.test_errors" name="test_plugin_catchable_errors_includes_common_exceptions" time="0.003" /><testcase classname="tests.core.execution.test_errors" name="test_plugin_fatal_error_with_chained_exception" time="0.001" /><testcase classname="tests.core.execution.test_errors" name="test_plugin_fatal_error_inherits_from_exception" time="0.001" /><testcase classname="tests.core.execution.test_errors" name="test_plugin_timeout_error_inherits_from_exception" time="0.001" /><testcase classname="tests.core.config.test_config_registry" name="test_config_registry_get_optional_returns_none" time="0.001" /><testcase classname="tests.core.config.test_config_registry" name="test_config_registry_register_type_mismatch" time="0.001" /><testcase classname="tests.core.execution.test_errors" name="test_plugin_timeout_error_with_elapsed" time="0.001" /><testcase classname="tests.core.config.test_accessor" name="test_config_provider_register_adds_config" time="0.000" /><testcase classname="tests.core.config.test_config_registry" name="test_config_registry_types" time="0.000" /><testcase classname="tests.core.execution.test_run_context.TestNewRunId" name="test_uniqueness" time="0.001" /><testcase classname="tests.core.execution.test_run_context.TestNewRunId" name="test_hex_suffix_length" time="0.000" /><testcase classname="tests.core.execution.test_errors" name="test_plugin_fatal_error_message" time="0.000" /><testcase classname="tests.core.config.test_config_registry" name="test_config_registry_clear" time="0.000" /><testcase classname="tests.core.config.test_config_registry" name="test_config_registry_copy" time="0.000" /><testcase classname="tests.core.execution.test_run_context.TestNewRunContext" name="test_ingest_kind_prefix" time="0.001" /><testcase classname="tests.core.config.test_accessor" name="test_optional_config_retrieval_polymorphic" time="0.000" /><testcase classname="tests.core.execution.test_run_context.TestNewRunContext" name="test_preserves_snapshot" time="0.001" /><testcase classname="tests.core.execution.test_errors" name="test_plugin_skipped_error_message" time="0.000" /><testcase classname="tests.core.plugins.test_metadata.TestCorePluginMetadata" name="test_minimal_metadata" time="0.000" /><testcase classname="tests.core.config.test_config_registry" name="test_config_not_found_error" time="0.000" /><testcase classname="tests.core.plugins.test_options.TestPluginOptionsResolver" name="test_dynamic_overrides" time="0.001" /><testcase classname="tests.core.execution.test_errors" name="test_plugin_skipped_error_various_reasons" time="0.000" /><testcase classname="tests.core.execution.test_run_context.TestNewRunId" name="test_default_prefix" time="0.000" /><testcase classname="tests.core.plugins.test_metadata.TestCorePluginMetadata" name="test_has_options_without_model" time="0.000" /><testcase classname="tests.core.config.test_config_registry" name="test_config_registry_empty_by_default" time="0.000" /><testcase classname="tests.core.plugins.test_options.TestEmptyConfigSource" name="test_always_returns_none" time="0.000" /><testcase classname="tests.core.config.test_accessor" name="test_config_provider_get_optional_returns_config" time="0.000" /><testcase classname="tests.core.plugins.test_options.TestPluginOptionsResolver" name="test_with_empty_source_uses_defaults" time="0.001" /><testcase classname="tests.core.config.test_accessor" name="test_config_provider_has_returns_true" time="0.000" /><testcase classname="tests.core.execution.test_run_context.TestRunKindValues" name="test_all_run_kinds" time="0.000" /><testcase classname="tests.core.plugins.test_metadata.TestCorePluginMetadata" name="test_all_tables_property" time="0.000" /><testcase classname="tests.core.execution.test_errors" name="test_plugin_catchable_errors_contains_exception_types" time="0.000" /><testcase classname="tests.core.plugins.test_metadata.TestCorePluginMetadata" name="test_empty_version_raises" time="0.001" /><testcase classname="tests.core.execution.test_run_context.TestNewRunContext" name="test_graphs_kind_prefix" time="0.001" /><testcase classname="tests.core.execution.test_run_context.TestNewRunContext" name="test_requested_operation" time="0.000" /><testcase classname="tests.core.config.test_accessor" name="test_config_registry_has_as_accessor" time="0.000" /><testcase classname="tests.core.execution.test_run_context.TestRunContext" name="test_commit_property" time="0.001" /><testcase classname="tests.core.execution.test_run_context.TestRunContext" name="test_frozen" time="0.001" /><testcase classname="tests.core.config.test_accessor" name="test_config_registry_implements_accessor" time="0.000" /><testcase classname="tests.core.execution.test_run_context.TestRunContext" name="test_with_operation" time="0.001" /><testcase classname="tests.core.execution.test_run_context.TestRunContext" name="test_with_datasets" time="0.001" /><testcase classname="tests.core.config.test_config_registry" name="test_config_registry_remove_existing" time="0.000" /><testcase classname="tests.core.execution.test_errors" name="test_plugin_skipped_error_can_be_raised" time="0.000" /><testcase classname="tests.core.config.test_accessor" name="test_function_accepting_accessor_with_provider" time="0.000" /><testcase classname="tests.core.execution.test_errors" name="test_plugin_catchable_errors_can_catch" time="0.000" /><testcase classname="tests.core.plugins.test_options.TestProfiledConfigSource" name="test_profile_overrides_base" time="0.000" /><testcase classname="tests.core.config.test_config_registry" name="test_config_registry_validate_all_raises" time="0.000" /><testcase classname="tests.core.plugins.test_metadata.TestPluginDomain" name="test_domain_values" time="0.000" /><testcase classname="tests.core.execution.test_errors" name="test_plugin_fatal_error_can_be_raised" time="0.000" /><testcase classname="tests.core.config.test_config_registry" name="test_config_registry_get_raises_config_not_found" time="0.001" /><testcase classname="tests.core.plugins.test_options.TestPluginConfigBundle" name="test_get_existing_plugin" time="0.000" /><testcase classname="tests.core.execution.test_errors" name="test_plugin_fatal_error_preserves_record" time="0.000" /><testcase classname="tests.core.plugins.test_profiles.TestExecutionProfile" name="test_plugin_options_override_shared" time="0.000" /><testcase classname="tests.core.config.test_config_registry" name="test_config_registry_validator_raises" time="0.000" /><testcase classname="tests.core.plugins.test_options.TestProfiledConfigSource" name="test_profile_not_applied_without_active_name" time="0.000" /><testcase classname="tests.core.execution.test_errors" name="test_plugin_timeout_error_can_be_raised" time="0.000" /><testcase classname="tests.core.plugins.test_profiles.TestProfileRegistry" name="test_list_profiles_includes_builtins" time="0.000" /><testcase classname="tests.core.config.test_accessor" name="test_config_registry_get_as_accessor" time="0.000" /><testcase classname="tests.core.execution.test_errors" name="test_plugin_timeout_error_message_basic" time="0.000" /><testcase classname="tests.core.plugins.test_options.TestProfiledConfigSource" name="test_implements_protocol" time="0.000" /><testcase classname="tests.core.plugins.test_profiles.TestBuiltinProfiles" name="test_full_profile_enables_all_features" time="0.000" /><testcase classname="tests.core.plugins.test_profiles.TestProfileRegistry" name="test_get_profile_builtin" time="0.000" /><testcase classname="tests.core.plugins.test_profiles.TestProfileRegistry" name="test_register_profile_duplicate_raises" time="0.001" /><testcase classname="tests.core.plugins.test_options.TestPluginConfigBundle" name="test_none_plugin_options" time="0.000" /><testcase classname="tests.core.config.test_config_registry" name="test_config_registry_iter" time="0.000" /><testcase classname="tests.core.plugins.test_profiles.TestExecutionProfile" name="test_get_plugin_options_missing" time="0.000" /><testcase classname="tests.core.execution.test_errors" name="test_plugin_timeout_error_message_with_elapsed" time="0.000" /><testcase classname="tests.core.plugins.test_protocol" name="test_plugin_resource_hints_defaults" time="0.000" /><testcase classname="tests.core.plugins.test_protocol" name="test_plugin_input_spec_optional" time="0.000" /><testcase classname="tests.core.config.test_config_registry" name="test_config_registry_get_optional_returns_config" time="0.000" /><testcase classname="tests.core.plugins.test_protocol" name="test_plugin_capability_construction" time="0.000" /><testcase classname="tests.core.plugins.test_options.TestPluginOptionsResolver" name="test_with_config_overrides_defaults" time="0.000" /><testcase classname="tests.core.execution.test_run_context.TestTriggerKindValues" name="test_all_trigger_kinds" time="0.000" /><testcase classname="tests.core.plugins.test_metadata.TestCorePluginMetadata" name="test_capability_names_property" time="0.000" /><testcase classname="tests.core.plugins.test_protocol" name="test_plugin_metadata_minimal" time="0.000" /><testcase classname="tests.core.plugins.test_options.TestEmptyConfigSource" name="test_implements_protocol" time="0.000" /><testcase classname="tests.core.plugins.test_protocol" name="test_plugin_metadata_all_fields" time="0.000" /><testcase classname="tests.core.config.test_config_registry" name="test_config_validation_error" time="0.000" /><testcase classname="tests.core.plugins.test_protocol" name="test_plugin_output_spec_with_tables" time="0.000" /><testcase classname="tests.core.plugins.test_metadata.TestCorePluginMetadata" name="test_full_metadata" time="0.001" /><testcase classname="tests.core.plugins.test_protocol" name="test_validation_result_success" time="0.000" /><testcase classname="tests.core.config.test_config_registry" name="test_config_registry_multiple_types" time="0.000" /><testcase classname="tests.core.plugins.test_protocol" name="test_plugin_input_spec_is_frozen" time="0.000" /><testcase classname="tests.core.execution.test_run_context.TestNewRunId" name="test_custom_prefix" time="0.000" /><testcase classname="tests.core.plugins.test_protocol" name="test_validation_result_with_warnings" time="0.000" /><testcase classname="tests.core.config.test_accessor" name="test_config_provider_get_registered" time="0.000" /><testcase classname="tests.core.plugins.test_protocol" name="test_plugin_capability_is_frozen" time="0.000" /><testcase classname="tests.core.plugins.test_protocol" name="test_plugin_metadata_post_init_no_change_for_none_isolation" time="0.000" /><testcase classname="tests.core.plugins.test_metadata.TestCorePluginMetadata" name="test_empty_name_raises" time="0.001" /><testcase classname="tests.core.execution.test_run_context.TestRunContext" name="test_repo_property" time="0.001" /><testcase classname="tests.core.plugins.test_options.TestPluginConfigBundle" name="test_get_missing_plugin" time="0.000" /><testcase classname="tests.core.plugins.test_profiles.TestProfileRegistry" name="test_register_profile_custom" time="0.000" /><testcase classname="tests.core.execution.test_run_context.TestNewRunContext" name="test_generates_run_id" time="0.001" /><testcase classname="tests.core.execution.test_run_context.TestNewRunContext" name="test_requested_datasets_from_list" time="0.001" /><testcase classname="tests.core.plugins.test_options.TestProfiledConfigSource" name="test_missing_plugin_returns_none" time="0.000" /><testcase classname="tests.core.execution.test_run_context.TestRunContext" name="test_construction" time="0.001" /><testcase classname="tests.core.plugins.test_metadata.TestCorePluginMetadata" name="test_metadata_is_frozen" time="0.000" /><testcase classname="tests.core.plugins.test_protocol" name="test_validation_result_is_frozen" time="0.001" /><testcase classname="tests.core.plugins.test_metadata.TestPluginDomain" name="test_domain_is_string_enum" time="0.000" /><testcase classname="tests.core.plugins.test_profiles.TestProfileRegistry" name="test_cannot_override_builtin" time="0.001" /><testcase classname="tests.core.plugins.test_options.TestProfiledConfigSource" name="test_base_only" time="0.000" /><testcase classname="tests.core.plugins.test_protocol" name="test_plugin_output_spec_with_artifact" time="0.000" /><testcase classname="tests.core.plugins.test_profiles.TestBuiltinProfiles" name="test_fast_profile_disables_expensive_features" time="0.000" /><testcase classname="tests.core.plugins.test_protocol" name="test_plugin_kind_values[metric]" time="0.001" /><testcase classname="tests.core.plugins.test_protocol" name="test_validation_result_failure" time="0.000" /><testcase classname="tests.core.plugins.test_profiles.TestExecutionProfile" name="test_get_plugin_options_existing" time="0.000" /><testcase classname="tests.core.plugins.test_profiles.TestBuiltinProfiles" name="test_ci_profile_has_balanced_settings" time="0.000" /><testcase classname="tests.core.plugins.test_protocol" name="test_plugin_output_spec_construction" time="0.000" /><testcase classname="tests.core.plugins.test_profiles.TestExecutionProfile" name="test_get_effective_options_merges_shared" time="0.000" /><testcase classname="tests.core.plugins.test_protocol" name="test_plugin_metadata_post_init_isolation_normalization" time="0.000" /><testcase classname="tests.core.plugins.test_protocol" name="test_plugin_stage_values[goid]" time="0.001" /><testcase classname="tests.core.plugins.test_profiles.TestProfileRegistry" name="test_get_profile_unknown_raises" time="0.000" /><testcase classname="tests.core.plugins.test_protocol" name="test_plugin_stage_values[test]" time="0.001" /><testcase classname="tests.core.plugins.test_protocol" name="test_plugin_stage_values[core]" time="0.001" /><testcase classname="tests.core.plugins.test_options.TestProfiledConfigSource" name="test_cli_overrides_profile" time="0.000" /><testcase classname="tests.core.plugins.test_protocol" name="test_plugin_metadata_defaults" time="0.000" /><testcase classname="tests.core.execution.test_run_context.TestNewRunContext" name="test_analytics_kind_prefix" time="0.001" /><testcase classname="tests.core.plugins.test_protocol" name="test_plugin_stage_values[function]" time="0.001" /><testcase classname="tests.core.plugins.test_protocol" name="test_plugin_capability_with_kind" time="0.000" /><testcase classname="tests.core.plugins.test_options.TestPluginOptionsResolver" name="test_config_source_property" time="0.000" /><testcase classname="tests.core.plugins.test_protocol" name="test_plugin_stage_values[history]" time="0.001" /><testcase classname="tests.core.plugins.test_protocol" name="test_plugin_severity_values[fatal]" time="0.000" /><testcase classname="tests.core.plugins.test_protocol" name="test_plugin_stage_values[config]" time="0.001" /><testcase classname="tests.core.plugins.test_protocol" name="test_plugin_stage_values[semantic]" time="0.001" /><testcase classname="tests.core.plugins.test_protocol" name="test_plugin_stage_values[other]" time="0.001" /><testcase classname="tests.core.plugins.test_protocol" name="test_capability_kind_values[graph]" time="0.000" /><testcase classname="tests.core.plugins.test_protocol" name="test_plugin_stage_values[function_history]" time="0.001" /><testcase classname="tests.core.plugins.test_protocol" name="test_input_source_values[config]" time="0.000" /><testcase classname="tests.core.plugins.test_protocol" name="test_plugin_stage_values[entrypoints]" time="0.001" /><testcase classname="tests.core.plugins.test_protocol" name="test_input_source_values[runtime]" time="0.000" /><testcase classname="tests.core.plugins.test_protocol" name="test_plugin_input_spec_runtime_source" time="0.000" /><testcase classname="tests.core.plugins.test_protocol" name="test_plugin_stage_values[risk]" time="0.001" /><testcase classname="tests.core.plugins.test_protocol" name="test_plugin_isolation_values[process]" time="0.000" /><testcase classname="tests.core.plugins.test_protocol" name="test_plugin_stage_values[data_model]" time="0.001" /><testcase classname="tests.core.plugins.test_protocol" name="test_plugin_metadata_is_frozen" time="0.000" /><testcase classname="tests.core.plugins.test_registry" name="test_plugin_skip_common_reasons" time="0.000" /><testcase classname="tests.core.plugins.test_protocol" name="test_plugin_stage_values[profiles]" time="0.001" /><testcase classname="tests.core.plugins.test_protocol" name="test_plugin_stage_values[structure]" time="0.001" /><testcase classname="tests.core.plugins.test_protocol" name="test_plugin_stage_values[edges]" time="0.001" /><testcase classname="tests.core.plugins.test_protocol" name="test_plugin_kind_values[analytics]" time="0.001" /><testcase classname="tests.core.plugins.test_protocol" name="test_plugin_stage_values[validation]" time="0.001" /><testcase classname="tests.core.plugins.test_registry" name="test_plugin_plan_empty" time="0.000" /><testcase classname="tests.core.plugins.test_protocol" name="test_plugin_stage_values[dfg]" time="0.001" /><testcase classname="tests.core.plugins.test_protocol" name="test_plugin_kind_values[validation]" time="0.001" /><testcase classname="tests.core.plugins.test_protocol" name="test_plugin_kind_values[builder]" time="0.001" /><testcase classname="tests.core.plugins.test_protocol" name="test_plugin_stage_values[coverage]" time="0.001" /><testcase classname="tests.core.plugins.test_registry" name="test_plugin_skip_is_frozen" time="0.000" /><testcase classname="tests.core.plugins.test_protocol" name="test_plugin_isolation_values[thread]" time="0.000" /><testcase classname="tests.core.plugins.test_registry" name="test_index_by_kind" time="0.001" /><testcase classname="tests.core.plugins.test_registry" name="test_unregister_nonexistent_no_error" time="0.001" /><testcase classname="tests.core.plugins.test_registry" name="test_index_by_stage" time="0.000" /><testcase classname="tests.core.plugins.test_protocol" name="test_plugin_resource_hints_all_fields" time="0.000" /><testcase classname="tests.core.plugins.test_protocol" name="test_plugin_stage_values[cfg]" time="0.001" /><testcase classname="tests.core.plugins.test_protocol" name="test_plugin_protocol_is_runtime_checkable" time="0.000" /><testcase classname="tests.core.plugins.test_registry" name="test_plugin_plan_unique_ids" time="0.000" /><testcase classname="tests.core.plugins.test_registry" name="test_metadata_for" time="0.000" /><testcase classname="tests.core.plugins.test_protocol" name="test_plugin_stage_values[graph]" time="0.001" /><testcase classname="tests.core.plugins.test_registry" name="test_get_unknown_raises" time="0.001" /><testcase classname="tests.core.plugins.test_protocol" name="test_plugin_severity_values[skip_on_error]" time="0.000" /><testcase classname="tests.core.plugins.test_protocol" name="test_plugin_stage_values[symbol]" time="0.000" /><testcase classname="tests.core.plugins.test_registry" name="test_list_names" time="0.001" /><testcase classname="tests.core.plugins.test_registry" name="test_unregister_removes_plugin" time="0.000" /><testcase classname="tests.core.plugins.test_registry" name="test_contains_true" time="0.001" /><testcase classname="tests.core.plugins.test_registry" name="test_contains_false" time="0.000" /><testcase classname="tests.core.plugins.test_registry" name="test_plugin_plan_with_plugins" time="0.000" /><testcase classname="tests.core.plugins.test_protocol" name="test_plugin_input_spec_construction" time="0.000" /><testcase classname="tests.core.plugins.test_registry" name="test_index_by_table" time="0.001" /><testcase classname="tests.core.plugins.test_registry" name="test_register_plugin" time="0.001" /><testcase classname="tests.core.plugins.test_protocol" name="test_input_source_values[prior_plugin]" time="0.000" /><testcase classname="tests.core.plugins.test_protocol" name="test_capability_kind_values[dataset]" time="0.000" /><testcase classname="tests.core.plugins.test_registry" name="test_index_by_capability" time="0.001" /><testcase classname="tests.core.plugins.test_protocol" name="test_plugin_isolation_values[none]" time="0.001" /><testcase classname="tests.core.plugins.test_protocol" name="test_capability_kind_values[service]" time="0.001" /><testcase classname="tests.core.plugins.test_protocol" name="test_plugin_stage_values[stats]" time="0.001" /><testcase classname="tests.core.plugins.test_registry" name="test_plugin_plan_ordered_names" time="0.001" /><testcase classname="tests.core.plugins.test_protocol" name="test_plugin_stage_values[subsystem]" time="0.000" /><testcase classname="tests.core.plugins.test_registry" name="test_register_duplicate_raises" time="0.001" /><testcase classname="tests.core.plugins.test_registry" name="test_resolve_selection_uses_defaults" time="0.001" /><testcase classname="tests.core.plugins.test_registry" name="test_resolve_selection_missing_plugin" time="0.001" /><testcase classname="tests.core.plugins.test_registry" name="test_list_all" time="0.001" /><testcase classname="tests.core.plugins.test_registry" name="test_resolve_selection_with_disabled" time="0.000" /><testcase classname="tests.core.plugins.test_protocol" name="test_plugin_stage_values[hotspots]" time="0.001" /><testcase classname="tests.core.plugins.test_protocol" name="test_plugin_stage_values[data_model_usage]" time="0.001" /><testcase classname="tests.core.plugins.test_registry" name="test_mock_plugin_implements_registrable" time="0.000" /><testcase classname="tests.core.plugins.test_registry" name="test_topological_sort_cycle_detection" time="0.001" /><testcase classname="tests.core.plugins.test_result.TestBasePluginExecutionRecord" name="test_computed_duration_ms_without_ended_at" time="0.000" /><testcase classname="tests.core.plugins.test_registry" name="test_plugin_plan_with_skipped" time="0.000" /><testcase classname="tests.core.plugins.test_registry" name="test_resolve_dependencies_capability_based" time="0.001" /><testcase classname="tests.core.plugins.test_protocol" name="test_capability_kind_values[artifact]" time="0.000" /><testcase classname="tests.core.plugins.test_registry" name="test_list_providing_empty" time="0.000" /><testcase classname="tests.core.plugins.test_registry" name="test_list_by_stage_empty" time="0.000" /><testcase classname="tests.core.plugins.test_registry" name="test_list_by_kind_empty" time="0.001" /><testcase classname="tests.core.plugins.test_registry" name="test_resolve_dependencies_missing_capability" time="0.001" /><testcase classname="tests.core.plugins.test_registry" name="test_get_returns_plugin" time="0.001" /><testcase classname="tests.core.plugins.test_registry" name="test_dependency_graph" time="0.000" /><testcase classname="tests.core.plugins.test_registry" name="test_resolve_selection_with_enabled" time="0.000" /><testcase classname="tests.core.plugins.test_registry" name="test_plugin_skip_construction" time="0.000" /><testcase classname="tests.core.resources.test_protocol" name="test_provider_base_default_resource_name" time="0.000" /><testcase classname="tests.core.plugins.test_registry_base" name="test_dependency_resolution_uses_requires_provides" time="0.001" /><testcase classname="tests.core.plugins.test_result.TestBasePluginExecutionRecord" name="test_duration_s_with_ended_at" time="0.000" /><testcase classname="tests.core.resources.test_protocol" name="test_lazy_resource_is_loaded_initially_false" time="0.000" /><testcase classname="tests.core.plugins.test_result.TestBasePluginResult" name="test_fail_factory" time="0.000" /><testcase classname="tests.core.plugins.test_registry" name="test_topological_sort_diamond" time="0.001" /><testcase classname="tests.core.resources.test_protocol" name="test_resource_error_can_be_raised" time="0.001" /><testcase classname="tests.core.plugins.test_protocol" name="test_plugin_severity_values[soft_fail]" time="0.000" /><testcase classname="tests.core.resources.test_protocol" name="test_resource_provider_protocol_requires_invalidate" time="0.001" /><testcase classname="tests.core.resources.test_protocol" name="test_lazy_resource_is_loaded_after_get" time="0.000" /><testcase classname="tests.core.plugins.test_result.TestBasePluginResult" name="test_ok_factory" time="0.000" /><testcase classname="tests.core.plugins.test_registry_base" name="test_hooks_load_builtins_and_entrypoints" time="0.000" /><testcase classname="tests.core.resources.test_protocol" name="test_provider_base_resource_name" time="0.000" /><testcase classname="tests.core.plugins.test_registry" name="test_non_conforming_not_registrable" time="0.000" /><testcase classname="tests.core.resources.test_protocol" name="test_resource_not_loaded_error_inheritance" time="0.000" /><testcase classname="tests.core.plugins.test_registry" name="test_resolve_dependencies_explicit" time="0.000" /><testcase classname="tests.core.plugins.test_protocol" name="test_non_conforming_class_fails_protocol_check" time="0.000" /><testcase classname="tests.core.plugins.test_result.TestBasePluginExecutionRecord" name="test_duration_s_without_ended_at" time="0.000" /><testcase classname="tests.core.plugins.test_registry" name="test_topological_sort_linear" time="0.001" /><testcase classname="tests.core.plugins.test_result.TestBasePluginExecutionRecord" name="test_fractional_duration" time="0.000" /><testcase classname="tests.core.plugins.test_result.TestPluginExecutionRecordWithResult" name="test_result_field_none" time="0.000" /><testcase classname="tests.core.plugins.test_registry" name="test_resolve_dependencies_self_provide" time="0.001" /><testcase classname="tests.core.plugins.test_registry" name="test_plugin_plan_dep_graph" time="0.000" /><testcase classname="tests.core.resources.test_protocol" name="test_provider_base_get_caches_value" time="0.000" /><testcase classname="tests.core.resources.test_protocol" name="test_provider_base_invalidate_clears_cache" time="0.000" /><testcase classname="tests.core.plugins.test_result.TestPluginExecutionRecordWithResult" name="test_result_field_access" time="0.000" /><testcase classname="tests.core.plugins.test_result.TestBasePluginExecutionRecord" name="test_computed_duration_ms" time="0.000" /><testcase classname="tests.core.plugins.test_result.TestBasePluginResult" name="test_skip_factory" time="0.000" /><testcase classname="tests.core.plugins.test_registry" name="test_unindex_on_unregister" time="0.001" /><testcase classname="tests.core.resources.test_protocol" name="test_lazy_resource_get" time="0.000" /><testcase classname="tests.core.plugins.test_result.TestPluginResult" name="test_ok_with_artifacts" time="0.000" /><testcase classname="tests.core.plugins.test_result.TestPluginExecutionRecordWithResult" name="test_row_counts_via_result" time="0.000" /><testcase classname="tests.core.resources.test_protocol" name="test_provider_base_get_returns_value" time="0.001" /><testcase classname="tests.core.resources.test_protocol" name="test_lazy_resource_as_provider" time="0.000" /><testcase classname="tests.core.resources.test_protocol" name="test_provider_implements_protocol" time="0.000" /><testcase classname="tests.core.resources.test_protocol" name="test_provider_base_not_implemented_load" time="0.001" /><testcase classname="tests.core.resources.test_registry" name="test_resource_not_found_error_with_type" time="0.000" /><testcase classname="tests.core.resources.test_protocol" name="test_lazy_resource_resource_name_property" time="0.000" /><testcase classname="tests.core.resources.test_registry" name="test_resource_not_found_error_with_string" time="0.000" /><testcase classname="tests.core.resources.test_protocol" name="test_lazy_resource_invalidate_clears_error" time="0.001" /><testcase classname="tests.core.plugins.test_result.TestBasePluginResult" name="test_status_property_failed" time="0.000" /><testcase classname="tests.core.resources.test_protocol" name="test_lazy_resource_set_preloaded_clears_error" time="0.000" /><testcase classname="tests.core.resources.test_protocol" name="test_resource_provider_protocol_requires_get" time="0.001" /><testcase classname="tests.core.plugins.test_result.TestPluginResult" name="test_fail_with_warnings" time="0.000" /><testcase classname="tests.core.resources.test_protocol" name="test_resource_not_loaded_error_message" time="0.001" /><testcase classname="tests.core.resources.test_registry" name="test_registry_register_duplicate_raises" time="0.001" /><testcase classname="tests.core.resources.test_registry" name="test_registry_register_by_name" time="0.000" /><testcase classname="tests.core.resources.test_protocol" name="test_resource_provider_protocol_conformance" time="0.001" /><testcase classname="tests.core.resources.test_protocol" name="test_lazy_resource_set_preloaded" time="0.000" /><testcase classname="tests.core.resources.test_protocol" name="test_resource_not_loaded_error_with_reason" time="0.001" /><testcase classname="tests.core.resources.test_registry" name="test_registry_register_or_replace_returns_none" time="0.001" /><testcase classname="tests.core.plugins.test_result.TestBasePluginResult" name="test_status_property_succeeded" time="0.000" /><testcase classname="tests.core.resources.test_protocol" name="test_lazy_resource_caches_value" time="0.001" /><testcase classname="tests.core.plugins.test_result.TestBasePluginResult" name="test_status_property_skipped" time="0.000" /><testcase classname="tests.core.resources.test_protocol" name="test_lazy_resource_get_or_none_on_failure" time="0.001" /><testcase classname="tests.core.resources.test_protocol" name="test_resource_error_is_exception" time="0.000" /><testcase classname="tests.core.plugins.test_registry" name="test_topological_sort_independent" time="0.000" /><testcase classname="tests.core.resources.test_protocol" name="test_lazy_resource_get_raises_on_repeated_failure" time="0.001" /><testcase classname="tests.core.resources.test_protocol" name="test_lazy_resource_get_raises_on_failure" time="0.001" /><testcase classname="tests.core.resources.test_registry" name="test_registry_get" time="0.000" /><testcase classname="tests.core.resources.test_registry" name="test_registry_register_factory" time="0.000" /><testcase classname="tests.core.resources.test_registry" name="test_registry_register" time="0.001" /><testcase classname="tests.core.resources.test_protocol" name="test_lazy_resource_invalidate" time="0.000" /><testcase classname="tests.core.resources.test_registry" name="test_registry_get_or_none" time="0.001" /><testcase classname="tests.core.resources.test_registry" name="test_registry_register_provider_without_name_raises" time="0.000" /><testcase classname="tests.core.resources.test_registry" name="test_registry_has_by_name_includes_factories" time="0.000" /><testcase classname="tests.core.resources.test_protocol" name="test_lazy_resource_resource_name_fallback" time="0.000" /><testcase classname="tests.core.resources.test_registry" name="test_registry_register_provider" time="0.001" /><testcase classname="tests.core.resources.test_registry" name="test_registry_registered_names" time="0.001" /><testcase classname="tests.core.resources.test_registry" name="test_registry_register_with_custom_name" time="0.000" /><testcase classname="tests.core.resources.test_registry" name="test_registry_get_by_name" time="0.000" /><testcase classname="tests.core.resources.test_registry" name="test_registry_with_lazy_resource" time="0.000" /><testcase classname="tests.core.test_singleton" name="test_singleton_get_creates_instance_via_factory" time="0.000" /><testcase classname="tests.core.resources.test_registry" name="test_registry_has_false" time="0.000" /><testcase classname="tests.core.resources.test_registry" name="test_registry_require" time="0.001" /><testcase classname="tests.core.resources.test_registry" name="test_registry_get_by_name_missing_raises" time="0.001" /><testcase classname="tests.core.resources.test_registry" name="test_registry_cleanup" time="0.000" /><testcase classname="tests.core.resources.test_registry" name="test_registry_clear" time="0.000" /><testcase classname="tests.core.resources.test_registry" name="test_registry_has_by_name_true" time="0.000" /><testcase classname="tests.core.resources.test_registry" name="test_registry_invalidate_single" time="0.000" /><testcase classname="tests.core.resources.test_registry" name="test_registry_has_by_name_false" time="0.000" /><testcase classname="tests.core.resources.test_registry" name="test_registry_invalidate_all" time="0.000" /><testcase classname="tests.core.test_singleton" name="test_singleton_get_or_none_before_initialization" time="0.000" /><testcase classname="tests.core.resources.test_registry" name="test_registry_require_missing_raises" time="0.000" /><testcase classname="tests.core.resources.test_registry" name="test_registry_registered_types" time="0.001" /><testcase classname="tests.core.test_singleton" name="test_singleton_is_initialized_false_initially" time="0.001" /><testcase classname="tests.core.resources.test_registry" name="test_registry_get_missing_raises" time="0.000" /><testcase classname="tests.core.test_singleton" name="test_singleton_get_returns_same_instance" time="0.000" /><testcase classname="tests.core.resources.test_registry" name="test_registry_require_by_name" time="0.000" /><testcase classname="tests.core.test_singleton" name="test_singleton_get_or_none_after_initialization" time="0.000" /><testcase classname="tests.core.resources.test_registry" name="test_registry_require_or_none_missing" time="0.000" /><testcase classname="tests.core.resources.test_registry" name="test_registry_register_or_replace" time="0.001" /><testcase classname="tests.core.resources.test_registry" name="test_registry_full_lifecycle" time="0.000" /><testcase classname="tests.core.resources.test_protocol" name="test_lazy_resource_get_or_none_success" time="0.000" /><testcase classname="tests.core.resources.test_registry" name="test_registry_len" time="0.000" /><testcase classname="tests.core.resources.test_registry" name="test_registry_require_or_none" time="0.000" /><testcase classname="tests.core.test_singleton" name="test_singleton_concurrent_get_single_factory_call" time="0.003" /><testcase classname="tests.core.test_singleton" name="test_singleton_reset_clears_instance" time="0.001" /><testcase classname="tests.core.test_singleton" name="test_singleton_factory_returning_none_raises_error" time="0.001" /><testcase classname="tests.core.test_singleton" name="test_singleton_not_initialized_error_message" time="0.000" /><testcase classname="tests.core.resources.test_registry" name="test_registry_require_non_gettable" time="0.000" /><testcase classname="tests.core.resources.test_registry" name="test_registry_has_true" time="0.000" /><testcase classname="tests.core.test_singleton" name="test_singleton_thread_safe_initialization" time="0.003" /><testcase classname="tests.core.test_singleton" name="test_singleton_reset_only_affects_own_subclass" time="0.000" /><testcase classname="tests.core.resources.test_registry" name="test_registry_get_or_none_missing" time="0.000" /><testcase classname="tests.core.resources.test_registry" name="test_registry_contains" time="0.000" /><testcase classname="tests.core.test_singleton" name="test_singleton_subclasses_are_independent" time="0.001" /><testcase classname="tests.core.test_singleton" name="test_singleton_factory_called_only_once" time="0.001" /><testcase classname="tests.core.resources.test_registry" name="test_registry_invalidate_missing_no_error" time="0.001" /><testcase classname="tests.core.resources.test_registry" name="test_registry_factory_called_once" time="0.001" /><testcase classname="tests.core.test_singleton" name="test_singleton_reset_allows_new_instance" time="0.001" /><testcase classname="tests.core.test_singleton" name="test_singleton_factory_exception_propagates" time="0.001" /><testcase classname="tests.core.test_singleton" name="test_singleton_is_initialized_true_after_get" time="0.001" /></testsuite></testsuites>