<?xml version="1.0" encoding="utf-8"?><testsuites name="pytest tests"><testsuite name="pytest" errors="0" failures="0" skipped="0" tests="148" time="19.801" timestamp="2025-12-10T17:53:19.510819-05:00" hostname="paul-X870-AORUS-ELITE-WIFI7"><testcase classname="tests.cli.handlers.test_context.TestParamTuple" name="test_returns_tuple_when_present" time="0.002" /><testcase classname="tests.cli.handlers.test_context.TestRequireInt" name="test_raises_when_missing" time="0.003" /><testcase classname="tests.cli.handlers.test_context.TestParamStr" name="test_returns_value_when_present" time="0.003" /><testcase classname="tests.cli.handlers.test_context.TestParamInt" name="test_converts_string_to_int" time="0.003" /><testcase classname="tests.cli.handlers.test_context.TestParamInt" name="test_returns_value_when_present" time="0.003" /><testcase classname="tests.cli.handlers.test_context.TestParamPath" name="test_returns_path_when_present" time="0.003" /><testcase classname="tests.cli.handlers.test_context.TestParamBool" name="test_returns_default_when_missing" time="0.003" /><testcase classname="tests.cli.handlers.test_context.TestParamList" name="test_returns_empty_list_when_missing" time="0.003" /><testcase classname="tests.cli.handlers.test_context.TestParamTuple" name="test_returns_empty_tuple_when_missing" time="0.003" /><testcase classname="tests.cli.handlers.test_context.TestParamStr" name="test_returns_none_when_missing_no_default" time="0.003" /><testcase classname="tests.cli.handlers.test_context.TestHandlerContextManager" name="test_creates_context" time="0.003" /><testcase classname="tests.cli.handlers.test_context_integration" name="test_nested_contexts" time="0.002" /><testcase classname="tests.cli.handlers.test_context.TestParamEnum" name="test_returns_default_on_invalid" time="0.003" /><testcase classname="tests.cli.handlers.test_context.TestConvenienceProperties" name="test_color_enabled" time="0.003" /><testcase classname="tests.cli.handlers.test_context.TestParamBool" name="test_handles_string_values[1-True]" time="0.003" /><testcase classname="tests.cli.handlers.test_context.TestParamBool" name="test_handles_string_values[True-True]" time="0.003" /><testcase classname="tests.cli.handlers.test_context.TestParamBool" name="test_handles_string_values[on-True]" time="0.003" /><testcase classname="tests.cli.handlers.test_context.TestParamPath" name="test_returns_default_when_missing" time="0.003" /><testcase classname="tests.cli.handlers.test_context_integration" name="test_context_manager_closes_resources" time="0.002" /><testcase classname="tests.cli.handlers.test_context.TestParamEnum" name="test_returns_enum_when_present" time="0.003" /><testcase classname="tests.cli.handlers.test_context.TestRequireStr" name="test_raises_when_missing" time="0.002" /><testcase classname="tests.cli.handlers.test_context.TestHandlerContextManager" name="test_closes_on_exception" time="0.003" /><testcase classname="tests.cli.handlers.test_context.TestRequirePath" name="test_returns_path_when_present" time="0.003" /><testcase classname="tests.cli.handlers.test_context.TestParamBool" name="test_handles_string_values[no-False]" time="0.003" /><testcase classname="tests.cli.handlers.test_context.TestConvenienceProperties" name="test_db_path_returns_database_path" time="0.003" /><testcase classname="tests.cli.handlers.test_context.TestContextManager" name="test_enter_returns_self" time="0.003" /><testcase classname="tests.cli.handlers.test_context.TestParamBool" name="test_handles_string_values[False-False]" time="0.003" /><testcase classname="tests.cli.handlers.test_context.TestParamInt" name="test_does_not_treat_bool_as_int" time="0.004" /><testcase classname="tests.cli.handlers.test_context.TestParamList" name="test_returns_list_when_present" time="0.003" /><testcase classname="tests.cli.handlers.test_context.TestContextManager" name="test_close_on_exception" time="0.003" /><testcase classname="tests.cli.handlers.test_context_integration" name="test_verbosity_levels" time="0.002" /><testcase classname="tests.cli.handlers.test_context.TestParamStr" name="test_returns_default_when_missing" time="0.001" /><testcase classname="tests.cli.handlers.test_context.TestRequireInt" name="test_raises_when_invalid" time="0.001" /><testcase classname="tests.cli.handlers.test_context_integration" name="test_logger_property" time="0.001" /><testcase classname="tests.cli.handlers.test_context.TestParamBool" name="test_handles_string_values[yes-True]" time="0.001" /><testcase classname="tests.cli.handlers.test_context.TestParamTuple" name="test_converts_list_to_tuple" time="0.001" /><testcase classname="tests.cli.handlers.test_context.TestParamList" name="test_returns_default_when_missing" time="0.001" /><testcase classname="tests.cli.handlers.test_context.TestHandlerContextManager" name="test_closes_on_exit" time="0.001" /><testcase classname="tests.cli.handlers.test_context.TestParamStr" name="test_converts_int_to_string" time="0.001" /><testcase classname="tests.cli.handlers.test_context.TestParamPath" name="test_returns_none_when_missing_no_default" time="0.001" /><testcase classname="tests.cli.handlers.test_context.TestParamBool" name="test_handles_string_values[TRUE-True]" time="0.002" /><testcase classname="tests.cli.handlers.test_context_integration" name="test_full_param_workflow" time="0.001" /><testcase classname="tests.cli.handlers.test_context.TestRequirePath" name="test_raises_when_missing" time="0.002" /><testcase classname="tests.cli.handlers.test_context.TestParamInt" name="test_returns_default_on_invalid" time="0.001" /><testcase classname="tests.cli.handlers.test_context.TestContextManager" name="test_exit_calls_close" time="0.001" /><testcase classname="tests.cli.handlers.test_context.TestRequireStr" name="test_returns_value_when_present" time="0.001" /><testcase classname="tests.cli.handlers.test_context.TestParamBool" name="test_handles_string_values[0-False]" time="0.001" /><testcase classname="tests.cli.handlers.test_context.TestParamBool" name="test_handles_string_values[off-False]" time="0.001" /><testcase classname="tests.cli.handlers.test_context.TestParamInt" name="test_returns_default_when_missing" time="0.001" /><testcase classname="tests.cli.handlers.test_context.TestParamBool" name="test_handles_string_values[false-False]" time="0.002" /><testcase classname="tests.cli.handlers.test_context.TestParamBool" name="test_handles_string_values[true-True]" time="0.001" /><testcase classname="tests.cli.handlers.test_context.TestParamPath" name="test_converts_string_to_path" time="0.001" /><testcase classname="tests.cli.handlers.test_context_integration" name="test_output_format_variations" time="0.001" /><testcase classname="tests.cli.handlers.test_datasets" name="test_dataset_diff_result_to_dict" time="0.001" /><testcase classname="tests.cli.handlers.test_context.TestConvenienceProperties" name="test_db_path_returns_none_without_runtime" time="0.001" /><testcase classname="tests.cli.handlers.test_context.TestParamBool" name="test_returns_value_when_present" time="0.001" /><testcase classname="tests.cli.handlers.test_datasets" name="test_datasets_snapshot_handler_missing_output" time="0.002" /><testcase classname="tests.cli.handlers.test_context.TestParamEnum" name="test_returns_none_when_missing_no_default" time="0.001" /><testcase classname="tests.cli.handlers.test_datasets" name="test_dataset_diff_result_no_differences" time="0.001" /><testcase classname="tests.cli.handlers.test_context.TestParamList" name="test_converts_tuple_to_list" time="0.001" /><testcase classname="tests.cli.handlers.test_docs" name="test_docs_export_result_with_none_datasets" time="0.001" /><testcase classname="tests.cli.handlers.test_context.TestContextManager" name="test_close_idempotent" time="0.001" /><testcase classname="tests.cli.handlers.test_datasets" name="test_dataset_lint_result_with_issues_to_dict" time="0.000" /><testcase classname="tests.cli.handlers.test_datasets" name="test_dataset_snapshot_result_to_dict" time="0.001" /><testcase classname="tests.cli.handlers.test_context.TestConvenienceProperties" name="test_logger_property" time="0.002" /><testcase classname="tests.cli.handlers.test_docs" name="test_docs_validate_result_to_dict" time="0.001" /><testcase classname="tests.cli.handlers.test_context_integration" name="test_database_path_fallback" time="0.001" /><testcase classname="tests.cli.handlers.test_datasets" name="test_datasets_diff_handler_no_differences" time="0.003" /><testcase classname="tests.cli.handlers.test_docs" name="test_docs_validate_result_with_issues" time="0.001" /><testcase classname="tests.cli.handlers.test_context.TestRequireInt" name="test_returns_value_when_present" time="0.001" /><testcase classname="tests.cli.handlers.test_datasets" name="test_datasets_lint_handler_with_issues" time="0.002" /><testcase classname="tests.cli.handlers.test_datasets" name="test_datasets_diff_handler_missing_baseline" time="0.001" /><testcase classname="tests.cli.handlers.test_docs" name="test_docs_export_handler_default_params" time="0.002" /><testcase classname="tests.cli.handlers.test_datasets" name="test_datasets_list_handler_empty" time="0.002" /><testcase classname="tests.cli.handlers.test_deprecation_warnings" name="test_placeholder" time="0.001" /><testcase classname="tests.cli.handlers.test_datasets" name="test_datasets_snapshot_handler_success" time="0.002" /><testcase classname="tests.cli.handlers.test_docs" name="test_docs_export_result_to_dict" time="0.001" /><testcase classname="tests.cli.handlers.test_context.TestParamEnum" name="test_converts_string_to_enum" time="0.001" /><testcase classname="tests.cli.handlers.test_docs" name="test_export_mode_values" time="0.001" /><testcase classname="tests.cli.handlers.test_datasets" name="test_datasets_lint_handler_success" time="0.002" /><testcase classname="tests.cli.handlers.test_datasets" name="test_dataset_lint_result_to_dict" time="0.001" /><testcase classname="tests.cli.handlers.test_graphs" name="test_graph_plugins_result_to_dict" time="0.001" /><testcase classname="tests.cli.handlers.test_datasets" name="test_datasets_list_handler_success" time="0.002" /><testcase classname="tests.cli.handlers.test_graphs" name="test_graph_plan_result_to_dict" time="0.001" /><testcase classname="tests.cli.handlers.test_graphs" name="test_graph_plugins_plan_handler_with_skipped" time="0.002" /><testcase classname="tests.cli.handlers.test_docs" name="test_docs_export_handler_skip_prereqs" time="0.002" /><testcase classname="tests.cli.handlers.test_docs" name="test_docs_validate_handler_project_error" time="0.002" /><testcase classname="tests.cli.handlers.test_docs" name="test_docs_export_handler_project_error" time="0.002" /><testcase classname="tests.cli.handlers.test_docs" name="test_docs_export_handler_custom_validation" time="0.003" /><testcase classname="tests.cli.handlers.test_docs" name="test_docs_export_handler_dry_run_mode" time="0.002" /><testcase classname="tests.cli.handlers.test_graphs" name="test_graph_plan_stage_to_dict" time="0.001" /><testcase classname="tests.cli.handlers.test_graphs" name="test_graph_plugins_list_handler_success" time="0.003" /><testcase classname="tests.cli.handlers.test_graphs" name="test_graph_plugins_plan_handler_success" time="0.003" /><testcase classname="tests.cli.handlers.test_graphs" name="test_graph_plugins_plan_handler_invalid_dependency_policy" time="0.001" /><testcase classname="tests.cli.handlers.test_datasets" name="test_datasets_diff_handler_success" time="0.003" /><testcase classname="tests.cli.handlers.test_docs" name="test_docs_validate_handler_success" time="0.002" /><testcase classname="tests.cli.handlers.test_graphs" name="test_graph_plugins_list_handler_empty" time="0.002" /><testcase classname="tests.cli.handlers.test_graphs" name="test_graph_plugins_list_handler_with_names_filter" time="0.002" /><testcase classname="tests.cli.handlers.test_graphs" name="test_graph_plugins_plan_handler_with_enable_disable" time="0.002" /><testcase classname="tests.cli.handlers.test_graphs" name="test_graph_plugin_info_to_dict" time="0.001" /><testcase classname="tests.cli.handlers.test_docs" name="test_docs_export_handler_with_datasets_filter" time="0.002" /><testcase classname="tests.cli.handlers.test_graphs" name="test_plan_mode_values" time="0.000" /><testcase classname="tests.cli.handlers.test_docs" name="test_docs_export_handler_with_schemas_filter" time="0.002" /><testcase classname="tests.cli.handlers.test_graphs" name="test_graph_plugins_plan_handler_invalid_selection_policy" time="0.001" /><testcase classname="tests.cli.handlers.test_ide" name="test_ide_hints_result_to_dict" time="0.001" /><testcase classname="tests.cli.handlers.test_datasets" name="test_datasets_diff_handler_baseline_not_found" time="0.002" /><testcase classname="tests.cli.handlers.test_graphs" name="test_graph_plugins_list_handler_include_disabled" time="0.002" /><testcase classname="tests.cli.handlers.test_ops" name="test_dataset_verify_result_to_dict" time="0.001" /><testcase classname="tests.cli.handlers.test_ops" name="test_op_list_handler_filters_by_category" time="0.003" /><testcase classname="tests.cli.handlers.test_ops" name="test_dataset_describe_result_to_dict" time="0.001" /><testcase classname="tests.cli.handlers.test_ops" name="test_dataset_list_result_to_dict" time="0.001" /><testcase classname="tests.cli.handlers.test_storage" name="test_profile_storage_handler_fails_when_no_output_dir" time="0.003" /><testcase classname="tests.cli.handlers.test_ops" name="test_op_call_result_to_dict" time="0.001" /><testcase classname="tests.cli.handlers.test_ops" name="test_serve_start_result_to_dict" time="0.001" /><testcase classname="tests.cli.handlers.test_ops" name="test_op_list_result_to_dict" time="0.001" /><testcase classname="tests.cli.handlers.test_storage" name="test_generate_macros_result_to_dict" time="0.001" /><testcase classname="tests.cli.handlers.test_storage" name="test_validate_macros_result_to_dict" time="0.001" /><testcase classname="tests.cli.handlers.test_storage" name="test_profile_storage_handler_returns_ok" time="0.004" /><testcase classname="tests.cli.handlers.test_storage" name="test_validate_macros_handler_returns_ok_when_valid" time="0.006" /><testcase classname="tests.cli.handlers.test_storage" name="test_generate_macros_handler_fails_when_no_tables" time="0.003" /><testcase classname="tests.cli.handlers.test_subsystem" name="test_subsystem_membership_result_to_dict" time="0.001" /><testcase classname="tests.cli.handlers.test_ops" name="test_op_list_handler_returns_ok" time="0.005" /><testcase classname="tests.cli.handlers.test_storage" name="test_profile_storage_result_to_dict" time="0.001" /><testcase classname="tests.storage.test_schema_roundtrip" name="test_test_coverage_round_trip" time="0.569" /><testcase classname="tests.storage.test_schema_roundtrip" name="test_behavioral_coverage_round_trip" time="0.905" /><testcase classname="tests.storage.test_schema_roundtrip" name="test_symbol_use_round_trip" time="0.381" /><testcase classname="tests.cli.handlers.test_storage" name="test_generate_macros_handler_returns_ok_with_tables" time="0.004" /><testcase classname="tests.cli.handlers.test_subsystem" name="test_subsystem_list_result_to_dict" time="0.001" /><testcase classname="tests.cli.handlers.test_subsystem" name="test_subsystem_coverage_result_to_dict" time="0.002" /><testcase classname="tests.storage.test_schema_roundtrip" name="test_generate_export_schemas_writes_files" time="1.786" /><testcase classname="tests.cli.handlers.test_context_integration" name="test_context_with_provisioned_service_backend" time="2.541" /><testcase classname="tests.cli.handlers.test_ide" name="test_ide_hints_handler_returns_ok_when_hints_found" time="2.478" /><testcase classname="tests.cli.handlers.test_ide" name="test_ide_hints_handler_raises_when_rel_path_empty" time="2.022" /><testcase classname="tests.cli.handlers.test_ide" name="test_ide_hints_handler_returns_fail_when_no_hints" time="2.566" /><testcase classname="tests.storage.test_schema_roundtrip" name="test_call_graph_edge_round_trip" time="0.419" /><testcase classname="tests.cli.handlers.test_ide" name="test_ide_hints_handler_raises_when_rel_path_missing" time="2.038" /><testcase classname="tests.cli.handlers.test_subsystem" name="test_subsystem_show_result_to_dict" time="0.001" /><testcase classname="tests.cli.handlers.test_datasets" name="test_datasets_list_result_to_dict" time="0.001" /><testcase classname="tests.cli.handlers.test_subsystem" name="test_subsystem_profiles_result_to_dict" time="0.001" /><testcase classname="tests.cli.handlers.test_subsystem" name="test_subsystem_memberships_handler_returns_ok" time="7.065" /><testcase classname="tests.cli.handlers.test_subsystem" name="test_subsystem_show_handler_returns_fail_when_not_found" time="7.098" /><testcase classname="tests.cli.handlers.test_subsystem" name="test_subsystem_list_handler_passes_filter_params" time="7.104" /><testcase classname="tests.cli.handlers.test_subsystem" name="test_subsystem_coverage_handler_returns_ok" time="7.117" /><testcase classname="tests.cli.handlers.test_subsystem" name="test_subsystem_show_handler_returns_ok_when_found" time="7.109" /><testcase classname="tests.cli.handlers.test_subsystem" name="test_subsystem_profiles_handler_returns_ok" time="7.135" /><testcase classname="tests.cli.handlers.test_subsystem" name="test_subsystem_show_handler_raises_when_id_missing" time="7.134" /><testcase classname="tests.cli.handlers.test_subsystem" name="test_subsystem_list_handler_returns_ok_with_subsystems" time="7.149" /><testcase classname="tests.cli.handlers.test_subsystem" name="test_subsystem_memberships_handler_raises_when_module_missing" time="6.320" /></testsuite></testsuites>