<?xml version="1.0" encoding="utf-8"?><testsuites name="pytest tests"><testsuite name="pytest" errors="0" failures="0" skipped="0" tests="9" time="8.098" timestamp="2025-12-12T14:44:44.128242-05:00" hostname="paul-X870-AORUS-ELITE-WIFI7"><testcase classname="tests.build.test_hashing_plan_targets" name="test_build_run_record_to_dict_handles_none_fields" time="0.001" /><testcase classname="tests.build.test_hashing_plan_targets" name="test_operations_resolve_missing_mapping" time="0.001" /><testcase classname="tests.build.test_hashing_plan_targets" name="test_compute_input_hash_differentiates_dependency_hashes" time="0.001" /><testcase classname="tests.build.test_hashing_plan_targets" name="test_compute_options_hash_json_and_fallback" time="0.001" /><testcase classname="tests.build.test_hashing_plan_targets" name="test_build_plan_summary_and_formatting" time="0.001" /><testcase classname="tests.build.test_hashing_plan_targets" name="test_target_graph_validation_and_topology" time="0.001" /><testcase classname="tests.build.test_hashing_plan_targets" name="test_plan_generator_warns_on_missing_reason" time="0.001" /><testcase classname="tests.build.test_hashing_plan_targets" name="test_target_table_keys_and_execution_duration" time="0.001" /><testcase classname="tests.build.test_hashing_plan_targets" name="test_operations_targets_dataclass_repr" time="0.001" /></testsuite></testsuites>