<?xml version="1.0" encoding="utf-8"?><testsuites name="pytest tests"><testsuite name="pytest" errors="0" failures="2" skipped="1" tests="238" time="165.101" timestamp="2025-12-26T01:13:34.607832-06:00" hostname="MacBookPro.lan"><testcase classname="tests.ingestion.test_ast_utils" name="test_ignores_nodes_without_lineno" time="0.004" /><testcase classname="tests.ingestion.test_ast_utils" name="test_smallest_enclosing_span_preferred" time="0.004" /><testcase classname="tests.ingestion.test_ast_utils" name="test_indexes_requested_kinds[case_kinds0-function defs]" time="0.004" /><testcase classname="tests.ingestion.test_ast_utils" name="test_lookup_cases[none_end_line_uses_start-&lt;lambda&gt;-none_end]" time="0.003" /><testcase classname="tests.ingestion.test_ast_utils" name="test_indexes_requested_kinds[case_kinds2-mixed defs]" time="0.003" /><testcase classname="tests.ingestion.test_ast_utils" name="test_indexes_requested_kinds[case_kinds1-class defs]" time="0.003" /><testcase classname="tests.ingestion.test_ast_utils" name="test_empty_tree_returns_empty_index" time="0.002" /><testcase classname="tests.ingestion.test_ast_utils" name="test_lookup_cases[exact_span_match-&lt;lambda&gt;-exact]" time="0.005" /><testcase classname="tests.ingestion.test_ast_utils" name="test_lookup_cases[no_match_returns_none-&lt;lambda&gt;-missing]" time="0.004" /><testcase classname="tests.ingestion.test_ast_utils" name="test_lookup_cases[enclosing_span_match-&lt;lambda&gt;-enclosing]" time="0.005" /><testcase classname="tests.ingestion.test_ast_utils" name="test_handles_unicode_content" time="0.003" /><testcase classname="tests.ingestion.test_ast_utils" name="test_returns_source_lines" time="0.002" /><testcase classname="tests.ingestion.test_ast_utils" name="test_returns_none_for_missing_file" time="0.002" /><testcase classname="tests.ingestion.test_ast_utils" name="test_returns_none_for_syntax_error" time="0.002" /><testcase classname="tests.ingestion.test_ast_utils" name="test_parses_valid_file" time="0.004" /><testcase classname="tests.ingestion.test_ast_utils" name="test_returns_none_for_binary_file" time="0.003" /><testcase classname="tests.ingestion.test_ast_utils" name="test_returns_lines_tree_and_duration" time="0.002" /><testcase classname="tests.ingestion.test_ast_utils" name="test_timed_parse_returns_none_on_parse_failure" time="0.004" /><testcase classname="tests.ingestion.test_ast_utils" name="test_parses_empty_file" time="0.002" /><testcase classname="tests.ingestion.test_ast_utils" name="test_duration_is_non_negative" time="0.003" /><testcase classname="tests.ingestion.test_db_queries" name="test_query_error_attributes" time="0.001" /><testcase classname="tests.ingestion.test_db_queries" name="test_table_not_found_error" time="0.001" /><testcase classname="tests.ingestion.test_ast_utils" name="test_timed_parse_returns_none_for_missing_file" time="0.002" /><testcase classname="tests.ingestion.test_db_queries" name="test_duckdb_query_errors_is_tuple" time="0.001" /><testcase classname="tests.ingestion.test_ast_utils" name="test_parse_and_index_workflow" time="0.004" /><testcase classname="tests.ingestion.test_db_queries" name="test_column_not_found_error" time="0.001" /><testcase classname="tests.ingestion.test_ast_utils" name="test_multiline_function_span" time="0.003" /><testcase classname="tests.ingestion.test_ast_utils" name="test_ast_visitor_records_decorator_span" time="0.002" /><testcase classname="tests.ingestion.test_db_queries" name="test_safe_count_returns_correct_count" time="14.778" /><testcase classname="tests.ingestion.test_db_queries" name="test_safe_count_with_scope_nonexistent_table" time="14.783" /><testcase classname="tests.ingestion.test_db_queries" name="test_safe_count_invalid_or_missing_table[no-dot-separator]" time="14.935" /><testcase classname="tests.ingestion.test_db_queries" name="test_safe_count_with_scope_no_matches" time="15.686" /><testcase classname="tests.ingestion.test_db_queries" name="test_safe_count_with_scope_filters_by_snapshot" time="15.895" /><testcase classname="tests.ingestion.test_db_queries" name="test_safe_count_existing_table" time="15.989" /><testcase classname="tests.ingestion.test_db_queries" name="test_safe_table_exists_invalid_or_missing[nonexistent.table_xyz]" time="16.259" /><testcase classname="tests.ingestion.test_db_queries" name="test_safe_count_invalid_or_missing_table[]" time="16.324" /><testcase classname="tests.ingestion.test_db_queries" name="test_safe_table_exists_invalid_or_missing[invalid-key]" time="16.435" /><testcase classname="tests.ingestion.test_db_queries" name="test_safe_count_invalid_or_missing_table[nonexistent.table_xyz]" time="16.677" /><testcase classname="tests.ingestion.test_db_queries" name="test_safe_get_columns_nonexistent_or_invalid[nonexistent.table_xyz]" time="16.186" /><testcase classname="tests.ingestion.test_db_queries" name="test_safe_count_nulls_no_nulls" time="15.522" /><testcase classname="tests.ingestion.test_db_queries" name="test_safe_count_nulls_with_nulls" time="16.828" /><testcase classname="tests.ingestion.test_db_queries" name="test_safe_count_with_special_characters" time="16.991" /><testcase classname="tests.ingestion.test_db_queries" name="test_safe_count_with_unicode" time="16.340" /><testcase classname="tests.ingestion.test_db_queries" name="test_safe_table_exists_sql_injection_protection" time="16.137" /><testcase classname="tests.ingestion.test_db_queries" name="test_safe_get_columns_existing_table" time="16.344" /><testcase classname="tests.ingestion.test_db_queries" name="test_safe_get_columns_nonexistent_or_invalid[invalid-key]" time="16.446" /><testcase classname="tests.ingestion.test_db_queries" name="test_safe_count_sql_injection_protection" time="16.370" /><testcase classname="tests.ingestion.test_db_queries" name="test_safe_count_nulls_invalid_inputs[core.modules-nonexistent_col]" time="16.743" /><testcase classname="tests.ingestion.test_db_queries" name="test_safe_count_nulls_invalid_inputs[invalid.table-column]" time="24.329" /><testcase classname="tests.ingestion.test_db_queries" name="test_safe_min_value_with_data" time="24.651" /><testcase classname="tests.ingestion.test_db_queries" name="test_safe_max_value_empty_table" time="25.077" /><testcase classname="tests.ingestion.test_db_queries" name="test_safe_max_value_with_data" time="25.205" /><testcase classname="tests.ingestion.test_db_queries" name="test_safe_min_value_empty_table" time="25.870" /><testcase classname="tests.ingestion.test_db_queries" name="test_safe_min_value_invalid_table" time="25.888" /><testcase classname="tests.ingestion.test_db_queries" name="test_safe_count_non_positive_with_negatives" time="25.641" /><testcase classname="tests.ingestion.test_db_queries" name="test_safe_max_value_invalid_column" time="26.066" /><testcase classname="tests.ingestion.test_db_queries" name="test_safe_count_non_positive_all_positive" time="26.265" /><testcase classname="tests.ingestion.test_db_queries" name="test_safe_count_non_positive_invalid_table" time="26.710" /><testcase classname="tests.ingestion.test_db_queries" name="test_safe_count_duplicates_with_dupes" time="28.385" /><testcase classname="tests.ingestion.test_db_queries" name="test_safe_count_duplicates_invalid_table" time="28.170" /><testcase classname="tests.ingestion.test_db_queries" name="test_safe_count_duplicates_no_dupes" time="28.309" /><testcase classname="tests.ingestion.test_db_queries" name="test_foreign_key_ref_dataclass" time="0.001" /><testcase classname="tests.ingestion.test_runner_plumbing" name="test_repo_scan_honors_scan_profile" time="33.859" /><testcase classname="tests.ingestion.test_db_queries" name="test_safe_not_null_fraction_all_not_null" time="28.199" /><testcase classname="tests.ingestion.test_db_queries" name="test_foreign_key_ref_default_allow_null" time="0.001" /><testcase classname="tests.ingestion.test_runner_plumbing" name="test_tests_ingest_uses_report_file" time="11.218" /><testcase classname="tests.ingestion.test_db_queries" name="test_safe_not_null_fraction_half_null" time="28.708" /><testcase classname="tests.ingestion.test_docstrings_inventory" name="test_docstrings_respects_scan_profile_and_module_inventory" time="10.998" /><testcase classname="tests.ingestion.test_db_queries" name="test_safe_not_null_fraction_all_null" time="28.897" /><testcase classname="tests.ingestion.test_db_queries" name="test_safe_not_null_fraction_empty_table" time="28.592" /><testcase classname="tests.ingestion.test_docstrings_inventory" name="test_docstrings_uses_module_inventory_not_filesystem_scan" time="11.839" /><testcase classname="tests.ingestion.test_db_queries" name="test_safe_not_null_fraction_invalid_table" time="28.269" /><testcase classname="tests.ingestion.test_module_inventory" name="test_scanning_only_used_in_repo_scan_and_config_ingest" time="0.004" /><testcase classname="tests.ingestion.test_scip_incremental" name="test_incremental_batches_changed_modules" time="0.054" /><testcase classname="tests.ingestion.test_scip_incremental" name="test_batch_shard_paths_stable_across_runs" time="0.037" /><testcase classname="tests.ingestion.test_scip_incremental" name="test_full_rebuild_thresholds_trigger_full_rebuild" time="0.018" /><testcase classname="tests.ingestion.test_scip_incremental" name="test_hash_reuse_from_file_state" time="0.017" /><testcase classname="tests.ingestion.test_scip_incremental" name="test_hash_resolver_fallback_to_disk" time="0.020" /><testcase classname="tests.ingestion.test_scip_incremental" name="test_ratio_gate_prevents_small_repo_full_rebuild" time="0.029" /><testcase classname="tests.ingestion.test_scip_incremental" name="test_incremental_plan_summary_logs_counts" time="0.022" /><testcase classname="tests.ingestion.test_scip_incremental" name="test_incremental_falls_back_to_full_rebuild" time="0.041" /><testcase classname="tests.ingestion.test_scip_index_store" name="test_merge_indexes_prefers_more_informative_symbol_info" time="0.011" /><testcase classname="tests.ingestion.test_scip_index_store" name="test_merge_indexes_prefers_newer_symbol_info_when_richer" time="0.009" /><testcase classname="tests.ingestion.test_scip_index_store" name="test_merge_indexes_retains_newer_base_when_shard_is_older" time="0.018" /><testcase classname="tests.ingestion.test_scip_index_store" name="test_merge_indexes_dedupes_external_symbols" time="0.013" /><testcase classname="tests.ingestion.test_db_queries" name="test_safe_count_orphan_refs_with_orphans" time="28.528" /><testcase classname="tests.ingestion.test_module_inventory" name="test_module_inventory_round_trip" time="33.532" /><testcase classname="tests.ingestion.test_db_queries" name="test_safe_count_orphan_refs_no_orphans" time="29.060" /><testcase classname="tests.ingestion.test_no_ad_hoc_changes" name="test_no_ad_hoc_change_detection[path0]" time="0.002" /><testcase classname="tests.ingestion.test_scip_resolver" name="test_resolved_scip_config_create_minimal" time="6.727" /><testcase classname="tests.ingestion.test_harness_ingestion" name="test_modules_target_runs_with_build_harness" time="11.046" /><testcase classname="tests.ingestion.test_scip_ingest" name="test_scip_target_writes_tables" time="11.107"><failure message="AssertionError: target_status: expected 'succeeded', got 'failed'">build_harness = HamiltonBuildHarness(ctx=TestContext(snapshot=SnapshotRef(repo='demo/repo', commit='deadbeef', repo_root=PosixPath('/p...otal_nodes=14, passed_count=13, failed_count=1, skipped_count=0, failed_nodes=['t__scip_proto__run'])), _owns_ctx=True)

    def test_scip_target_writes_tables(build_harness: HamiltonBuildHarness) -&gt; None:
        """Ensure scip target writes scip tables when SCIP binaries are available."""
        result = build_harness.run_targets(["scip"])
        record = build_harness.record("scip", result=result)
&gt;       assert_target_ok(record)

tests/ingestion/test_scip_ingest.py:13: 
_ _ _ _ _ _ _ _ _ _ _ _ _ _ _ _ _ _ _ _ _ _ _ _ _ _ _ _ _ _ _ _ _ _ _ _ _
tests/_helpers/assertions/target_record_assertions.py:28: in assert_target_ok
    expect_equal(record.status, expected_status, label="target_status")
_ _ _ _ _ _ _ _ _ _ _ _ _ _ _ _ _ _ _ _ _ _ _ _ _ _ _ _ _ _ _ _ _ _ _ _ _

actual = 'failed', expected = 'succeeded'

    def expect_equal(actual: object, expected: object, *, label: str | None = None) -&gt; None:
        """Raise AssertionError when two values differ.
    
        Parameters
        ----------
        actual
            Observed value.
        expected
            Expected value to compare against.
        label
            Optional label prefix for the failure message.
    
        Raises
        ------
        AssertionError
            If the values are not equal.
        """
        if actual != expected:
            failure_message = f"{_prefix(label)}expected {expected!r}, got {actual!r}"
&gt;           raise AssertionError(failure_message)
E           AssertionError: target_status: expected 'succeeded', got 'failed'

tests/_helpers/assertions/expectation_assertions.py:75: AssertionError</failure></testcase><testcase classname="tests.ingestion.test_scip_resolver" name="test_resolved_scip_config_create_with_modules" time="7.028" /><testcase classname="tests.ingestion.test_runner_plumbing" name="test_typing_ingest_uses_shared_runner" time="0.001"><skipped type="pytest.skip" message="Schema mismatch: StaticDiagnosticRow (6 cols) vs static_diagnostics table (8 cols)">/Users/paulheyse/CodeIntel/CodeIntel/tests/ingestion/test_runner_plumbing.py:126: Schema mismatch: StaticDiagnosticRow (6 cols) vs static_diagnostics table (8 cols)</skipped></testcase><testcase classname="tests.ingestion.test_scip_resolver" name="test_scip_resolver_input_create_empty" time="0.001" /><testcase classname="tests.ingestion.test_scip_resolver" name="test_scip_resolver_input_create_with_explicit_params" time="7.132" /><testcase classname="tests.ingestion.test_scip_hash_options" name="test_scip_hash_options_changes_with_tool_version" time="44.065" /><testcase classname="tests.ingestion.test_scip_incremental" name="test_incremental_updates_and_deletes_documents" time="0.027" /><testcase classname="tests.ingestion.test_scip_resolver" name="test_resolve_scip_inputs_with_explicit_params" time="6.929" /><testcase classname="tests.ingestion.test_scip_ingest_result" name="test_scip_ingest_skips_when_run_skipped" time="30.454" /><testcase classname="tests.ingestion.test_scip_hash_options" name="test_scip_hash_options_changes_with_ingest_options" time="30.789" /><testcase classname="tests.ingestion.test_scip_resolver" name="test_resolved_scip_config_frozen_dataclass" time="0.008" /><testcase classname="tests.ingestion.test_scip_resolver" name="test_resolve_scip_inputs_missing_repo_raises_value_error" time="0.004" /><testcase classname="tests.ingestion.test_scip_resolver" name="test_resolve_scip_inputs_missing_commit_raises_value_error" time="0.009" /><testcase classname="tests.ingestion.test_scip_resolver" name="test_resolve_scip_inputs_missing_repo_root_raises_value_error" time="0.002" /><testcase classname="tests.ingestion.test_scip_resolver" name="test_resolve_scip_inputs_missing_build_dir_raises_value_error" time="0.002" /><testcase classname="tests.ingestion.test_scip_resolver" name="test_resolve_scip_inputs_missing_document_output_dir_raises_value_error" time="0.002" /><testcase classname="tests.ingestion.test_scip_resolver" name="test_resolve_scip_inputs_uses_inputs_values" time="10.777" /><testcase classname="tests.ingestion.test_scip_resolver" name="test_scip_resolver_input_create_with_modules" time="12.185" /><testcase classname="tests.ingestion.test_scip_resolver" name="test_resolve_scip_inputs_with_scip_resolver_input" time="12.334" /><testcase classname="tests.ingestion.test_scip_resolver" name="test_module_record_create" time="9.013" /><testcase classname="tests.ingestion.test_scip_resolver" name="test_module_record_frozen" time="0.003" /><testcase classname="tests.ingestion.test_subprocess_policy" name="test_no_direct_subprocess_usage_outside_tooling" time="0.393" /><testcase classname="tests.ingestion.test_subprocess_policy" name="test_preset_runner_respects_tool_run_options" time="0.007" /><testcase classname="tests.ingestion.test_tool_runner_registry" name="test_register_unregister_subprocess" time="0.002" /><testcase classname="tests.ingestion.test_tool_runner_registry" name="test_snapshot_subprocesses_respects_limit" time="0.001" /><testcase classname="tests.ingestion.test_tools" name="test_tool_runner_missing_binary_raises_not_found_error" time="0.010" /><testcase classname="tests.ingestion.test_tools" name="test_tool_runner_unknown_tool_raises_value_error" time="0.003" /><testcase classname="tests.ingestion.test_tools" name="test_tool_service_validates_required_kwargs" time="0.006" /><testcase classname="tests.ingestion.test_tools" name="test_tool_runner_emits_heartbeat_logs" time="0.970" /><testcase classname="tests.ingestion.test_db_queries" name="test_safe_count_orphan_refs_with_nulls_allowed" time="33.381" /><testcase classname="tests.ingestion.test_no_ad_hoc_changes" name="test_no_ad_hoc_change_detection[path1]" time="0.004" /><testcase classname="tests.ingestion.test_tools" name="test_pyright_plugin_successful_run_returns_ok_status" time="0.019" /><testcase classname="tests.ingestion.test_tools" name="test_default_registry_contains_expected_plugins" time="0.003" /><testcase classname="tests.ingestion.test_scip_rows" name="test_build_occurrence_rows_filters_references" time="0.003" /><testcase classname="tests.ingestion.test_tools" name="test_pyright_plugin_not_found_downgrades_to_not_found_status" time="0.010" /><testcase classname="tests.ingestion.test_tools" name="test_diagnostic_entry_attributes" time="0.001" /><testcase classname="tests.ingestion.test_tools" name="test_diagnostic_result_errors_by_path" time="0.002" /><testcase classname="tests.ingestion.test_tools" name="test_diagnostic_result_failed_status" time="0.001" /><testcase classname="tests.ingestion.test_tools" name="test_coverage_result_ok_status" time="0.001" /><testcase classname="tests.ingestion.test_tools" name="test_coverage_result_with_files" time="0.001" /><testcase classname="tests.ingestion.test_tools" name="test_scip_symbol_attributes" time="0.001" /><testcase classname="tests.ingestion.test_tools" name="test_scip_symbol_defaults" time="0.001" /><testcase classname="tests.ingestion.test_tools" name="test_port_scip_occurrence_attributes" time="0.001" /><testcase classname="tests.ingestion.test_tools" name="test_port_scip_occurrence_required_fields_only" time="0.001" /><testcase classname="tests.ingestion.test_tools" name="test_port_scip_document_attributes" time="0.001" /><testcase classname="tests.ingestion.test_tools" name="test_port_scip_document_defaults" time="0.002" /><testcase classname="tests.ingestion.test_tools" name="test_scip_result_ok_status" time="0.001" /><testcase classname="tests.ingestion.test_tools" name="test_scip_result_with_documents" time="0.001" /><testcase classname="tests.ingestion.test_tools" name="test_test_case_attributes" time="0.001" /><testcase classname="tests.ingestion.test_tools" name="test_test_case_with_failure" time="0.001" /><testcase classname="tests.ingestion.test_tools" name="test_test_case_defaults" time="0.001" /><testcase classname="tests.ingestion.test_tools" name="test_test_result_ok_status" time="0.002" /><testcase classname="tests.ingestion.test_tools" name="test_test_result_with_tests" time="0.002" /><testcase classname="tests.ingestion.test_tools" name="test_test_result_passed_count" time="0.002" /><testcase classname="tests.ingestion.test_tools" name="test_test_result_failed_count" time="0.002" /><testcase classname="tests.ingestion.test_tools" name="test_tool_result_diagnostic_workflow" time="0.001" /><testcase classname="tests.ingestion.test_tools" name="test_tool_service_get_plugin_returns_registered_plugin" time="0.001" /><testcase classname="tests.ingestion.test_tools" name="test_tool_service_run_plugin_raises_key_error_for_unknown" time="0.002" /><testcase classname="tests.ingestion.test_tools" name="test_tool_service_run_plugin_success" time="0.005" /><testcase classname="tests.ingestion.test_tools" name="test_tool_service_run_pyright_not_found" time="0.004" /><testcase classname="tests.ingestion.test_tools" name="test_tool_service_run_pyright_success" time="0.005" /><testcase classname="tests.ingestion.test_tools" name="test_tool_service_run_pyrefly_not_found" time="0.008" /><testcase classname="tests.ingestion.test_tools" name="test_tool_service_run_ruff_not_found" time="0.008" /><testcase classname="tests.ingestion.test_tools" name="test_tool_service_run_coverage_not_found" time="0.026" /><testcase classname="tests.ingestion.test_tools" name="test_tool_service_run_pytest_raises_not_found" time="0.012" /><testcase classname="tests.ingestion.test_tools" name="test_tool_service_run_pytest_skips_if_exists" time="0.013" /><testcase classname="tests.ingestion.test_db_queries" name="test_safe_count_orphan_refs_invalid_table" time="33.147" /><testcase classname="tests.ingestion.test_tools" name="test_pytest_plugin_skips_without_json_report" time="0.006" /><testcase classname="tests.ingestion.test_row_serialization" name="test_ingestion_row_serializer_matches_schema_order" time="0.001" /><testcase classname="tests.ingestion.test_tools" name="test_tool_service_run_scip_not_found" time="0.019" /><testcase classname="tests.ingestion.test_tools" name="test_tool_service_run_pytest_report_skips_when_missing_json_report" time="0.016" /><testcase classname="tests.ingestion.test_tools" name="test_file_diagnostic_count_attributes" time="0.002" /><testcase classname="tests.ingestion.test_tools" name="test_diagnostic_report_from_error_counts" time="0.001" /><testcase classname="tests.ingestion.test_tools" name="test_diagnostic_report_errors_by_path" time="0.001" /><testcase classname="tests.ingestion.test_tools" name="test_diagnostic_report_empty" time="0.001" /><testcase classname="tests.ingestion.test_tools" name="test_coverage_file_summary_properties" time="0.002" /><testcase classname="tests.ingestion.test_tools" name="test_coverage_report_from_file_reports" time="0.001" /><testcase classname="tests.ingestion.test_tools" name="test_coverage_report_by_path" time="0.004" /><testcase classname="tests.ingestion.test_tools" name="test_parse_test_duration_missing" time="0.001" /><testcase classname="tests.ingestion.test_tools" name="test_parse_test_markers_dict" time="0.002" /><testcase classname="tests.ingestion.test_tools" name="test_parse_test_duration_valid" time="0.001" /><testcase classname="tests.ingestion.test_tools" name="test_parse_test_markers_empty" time="0.001" /><testcase classname="tests.ingestion.test_tools" name="test_parse_test_markers_list" time="0.001" /><testcase classname="tests.ingestion.test_tools" name="test_test_report_from_test_entries" time="0.001" /><testcase classname="tests.ingestion.test_tools" name="test_test_report_from_entries_skips_empty_nodeid" time="0.001" /><testcase classname="tests.ingestion.test_tools" name="test_test_report_empty" time="0.001" /><testcase classname="tests.ingestion.test_tools" name="test_results_scip_occurrence_attributes" time="0.001" /><testcase classname="tests.ingestion.test_tools" name="test_results_scip_document_attributes" time="0.001" /><testcase classname="tests.ingestion.test_tools" name="test_parse_scip_range_three_elements" time="0.012" /><testcase classname="tests.ingestion.test_tools" name="test_parse_scip_range_four_elements" time="0.024" /><testcase classname="tests.ingestion.test_tools" name="test_parse_scip_range_invalid_skips_occurrence" time="0.014" /><testcase classname="tests.ingestion.test_tools" name="test_scip_index_result_from_documents" time="0.001" /><testcase classname="tests.ingestion.test_tools" name="test_parse_scip_metadata_and_diagnostics" time="0.012" /><testcase classname="tests.ingestion.test_tools" name="test_scip_index_result_empty" time="0.001" /><testcase classname="tests.ingestion.test_tools" name="test_scip_plugin_type_error_on_missing_output_scip" time="0.003" /><testcase classname="tests.ingestion.test_tools" name="test_scip_plugin_type_error_on_missing_proto_module_path" time="0.004" /><testcase classname="tests.ingestion.test_tools" name="test_scip_plugin_not_found_during_scip_python" time="0.005" /><testcase classname="tests.ingestion.test_tools" name="test_scip_plugin_type_error_on_invalid_target_dir" time="0.003" /><testcase classname="tests.ingestion.test_tools" name="test_scip_plugin_type_error_on_invalid_rel_paths" time="0.003" /><testcase classname="tests.ingestion.test_tools" name="test_pytest_plugin_not_found" time="0.002" /><testcase classname="tests.ingestion.test_tools" name="test_pytest_plugin_type_error_on_missing_json_report_path" time="0.002" /><testcase classname="tests.ingestion.test_tools" name="test_pytest_plugin_execution_error" time="0.004" /><testcase classname="tests.ingestion.test_tools" name="test_tool_service_run_ruff_execution_error" time="0.003" /><testcase classname="tests.ingestion.test_tools" name="test_tool_service_run_pyright_returns_errors_from_parsed_report" time="0.004" /><testcase classname="tests.ingestion.test_tools" name="test_tool_service_run_pyright_execution_error" time="0.004" /><testcase classname="tests.ingestion.test_tools" name="test_tool_service_run_pyrefly_failure_returns_empty" time="0.007" /><testcase classname="tests.ingestion.test_tools" name="test_tool_service_run_coverage_report_failure_returns_empty" time="0.006" /><testcase classname="tests.ingestion.test_tools" name="test_tool_service_run_pytest_report_execution_error" time="0.019" /><testcase classname="tests.ingestion.test_tools" name="test_tool_service_run_scip_full_not_found_raises" time="0.017" /><testcase classname="tests.ingestion.test_tools" name="test_tool_service_run_scip_full_execution_error" time="0.019" /><testcase classname="tests.ingestion.test_tools" name="test_tool_service_run_pyrefly_success" time="0.020" /><testcase classname="tests.ingestion.test_workers" name="test_worker_config_create_with_defaults" time="0.004" /><testcase classname="tests.ingestion.test_workers" name="test_worker_config_create_with_custom_values" time="0.007" /><testcase classname="tests.ingestion.test_workers" name="test_worker_config_frozen_dataclass" time="0.001" /><testcase classname="tests.ingestion.test_workers" name="test_resolve_worker_count_explicit_count_takes_precedence" time="0.002" /><testcase classname="tests.ingestion.test_workers" name="test_resolve_worker_count_explicit_zero_is_ignored" time="0.001" /><testcase classname="tests.ingestion.test_workers" name="test_resolve_worker_count_negative_explicit_is_ignored" time="0.001" /><testcase classname="tests.ingestion.test_workers" name="test_resolve_worker_count_env_var_takes_precedence_over_default" time="0.001" /><testcase classname="tests.ingestion.test_workers" name="test_resolve_worker_count_invalid_env_var_is_ignored" time="0.002" /><testcase classname="tests.ingestion.test_workers" name="test_resolve_worker_count_zero_env_var_is_ignored" time="0.002" /><testcase classname="tests.ingestion.test_workers" name="test_resolve_worker_count_default_calculation" time="0.002" /><testcase classname="tests.ingestion.test_workers" name="test_resolve_worker_count_custom_max_workers" time="0.006" /><testcase classname="tests.ingestion.test_workers" name="test_resolve_worker_count_custom_min_workers" time="0.006" /><testcase classname="tests.ingestion.test_workers" name="test_create_executor_process_executor" time="0.053" /><testcase classname="tests.ingestion.test_workers" name="test_create_executor_thread_executor" time="0.001" /><testcase classname="tests.ingestion.test_workers" name="test_create_executor_default_is_thread" time="0.001" /><testcase classname="tests.ingestion.test_workers" name="test_worker_pool_process" time="0.002" /><testcase classname="tests.ingestion.test_workers" name="test_worker_pool_thread" time="0.001" /><testcase classname="tests.ingestion.test_workers" name="test_worker_pool_shutdown_on_exit" time="0.006" /><testcase classname="tests.ingestion.test_workers" name="test_executor_factory_returns_callable" time="0.001" /><testcase classname="tests.ingestion.test_workers" name="test_executor_factory_creates_thread_executor" time="0.001" /><testcase classname="tests.ingestion.test_workers" name="test_executor_factory_creates_process_executor" time="0.002" /><testcase classname="tests.ingestion.test_workers" name="test_executor_factory_creates_new_instance_each_call" time="0.001" /><testcase classname="tests.ingestion.test_workers" name="test_default_max_workers" time="0.001" /><testcase classname="tests.ingestion.test_workers" name="test_default_min_workers" time="0.001" /><testcase classname="tests.ingestion.test_runner_plumbing" name="test_coverage_ingest_uses_runner" time="8.830"><failure message="AssertionError: target_status: expected 'succeeded', got 'failed'">tmp_path = PosixPath('/private/var/folders/70/h2nd1qjs1zngp8z6tt27_s9c0000gn/T/pytest-of-paulheyse/pytest-233/popen-gw7/test_coverage_ingest_uses_runn0')
tool_call_log = ToolCallLog(path=PosixPath('/private/var/folders/70/h2nd1qjs1zngp8z6tt27_s9c0000gn/T/pytest-of-paulheyse/pytest-233/popen-gw7/test_coverage_ingest_uses_runn0/tool_calls.jsonl'))

    def test_coverage_ingest_uses_runner(tmp_path: Path, tool_call_log: ToolCallLog) -&gt; None:
        """Verify coverage ingestion prefers the shared runner path."""
        with HamiltonBuildHarness.open(
            tmp_path,
            harness=HarnessConfig(repo="r", commit="c"),
            options=HarnessOpenOptions(
                repo_strategy="writer",
                repo_writer=write_sample_repo,
            ),
        ) as harness:
            generate_coverage_for_function(
                repo_root=harness.ctx.repo_root,
                module_import="pkg.mod",
                function_name="adder",
                test_id="tests/test_mod.py::test_adder",
                coverage_file=harness.ctx.repo_root / ".coverage",
            )
            result = harness.run_targets(["coverage_ingest"])
            record = harness.record("coverage_ingest", result=result)
&gt;           assert_target_ok(record)

tests/ingestion/test_runner_plumbing.py:80: 
_ _ _ _ _ _ _ _ _ _ _ _ _ _ _ _ _ _ _ _ _ _ _ _ _ _ _ _ _ _ _ _ _ _ _ _ _
tests/_helpers/assertions/target_record_assertions.py:28: in assert_target_ok
    expect_equal(record.status, expected_status, label="target_status")
_ _ _ _ _ _ _ _ _ _ _ _ _ _ _ _ _ _ _ _ _ _ _ _ _ _ _ _ _ _ _ _ _ _ _ _ _

actual = 'failed', expected = 'succeeded'

    def expect_equal(actual: object, expected: object, *, label: str | None = None) -&gt; None:
        """Raise AssertionError when two values differ.
    
        Parameters
        ----------
        actual
            Observed value.
        expected
            Expected value to compare against.
        label
            Optional label prefix for the failure message.
    
        Raises
        ------
        AssertionError
            If the values are not equal.
        """
        if actual != expected:
            failure_message = f"{_prefix(label)}expected {expected!r}, got {actual!r}"
&gt;           raise AssertionError(failure_message)
E           AssertionError: target_status: expected 'succeeded', got 'failed'

tests/_helpers/assertions/expectation_assertions.py:75: AssertionError</failure></testcase><testcase classname="tests.ingestion.test_tools" name="test_tool_service_pyright_parses_errors" time="2.195" /><testcase classname="tests.ingestion.test_tools" name="test_tool_service_pyrefly_parses_errors" time="0.003" /><testcase classname="tests.ingestion.test_tools" name="test_tool_service_coverage_reports_normalization" time="2.094" /><testcase classname="tests.ingestion.test_tools" name="test_tool_status_enum_values" time="0.002" /><testcase classname="tests.ingestion.test_scip_ingest_result" name="test_scip_ingest_parses_explicit_index_path" time="15.977" /><testcase classname="tests.ingestion.test_scip_rows" name="test_build_symbol_relationship_rows_filters_options" time="0.002" /><testcase classname="tests.ingestion.test_tools" name="test_tool_service_run_coverage_report_with_data" time="5.570" /><testcase classname="tests.ingestion.test_tools" name="test_tool_service_run_pytest_report_creates_file" time="0.006" /><testcase classname="tests.ingestion.test_scip_resolver" name="test_resolve_scip_inputs_with_modules_sequence" time="3.968" /><testcase classname="tests.ingestion.test_scip_resolver" name="test_resolve_scip_inputs_with_modules_in_input" time="3.872" /><testcase classname="tests.ingestion.test_scip_resolver" name="test_scip_resolver_input_frozen_dataclass" time="0.001" /></testsuite></testsuites>