<?xml version="1.0" encoding="utf-8"?><testsuites name="pytest tests"><testsuite name="pytest" errors="0" failures="0" skipped="0" tests="36" time="11.834" timestamp="2025-12-10T02:52:50.540273-05:00" hostname="paul-X870-AORUS-ELITE-WIFI7"><testcase classname="tests.analytics.compute.test_entrypoints_detection" name="test_entrypoint_candidate_kinds[scheduled_job]" time="0.002" /><testcase classname="tests.analytics.compute.test_entrypoints_detection" name="test_entrypoint_candidate_kinds[websocket]" time="0.002" /><testcase classname="tests.analytics.compute.test_entrypoints_detection" name="test_detector_settings_defaults_and_disable" time="0.001" /><testcase classname="tests.analytics.compute.test_entrypoints_detection" name="test_detects_fastapi_and_flask_routes" time="0.002" /><testcase classname="tests.analytics.compute.test_entrypoints_detection" name="test_detect_entrypoints_basic_behaviors" time="0.002" /><testcase classname="tests.analytics.compute.test_entrypoints_detection" name="test_entrypoint_candidate_kinds[http_handler]" time="0.001" /><testcase classname="tests.analytics.compute.test_entrypoints_detection" name="test_entrypoint_candidate_frameworks[django]" time="0.002" /><testcase classname="tests.analytics.compute.test_entrypoints_detection" name="test_entrypoint_candidate_frameworks[click]" time="0.002" /><testcase classname="tests.analytics.compute.test_entrypoints_detection" name="test_import_context_immutability" time="0.001" /><testcase classname="tests.analytics.compute.test_entrypoints_detection" name="test_entrypoint_candidate_kinds[cli_command]" time="0.001" /><testcase classname="tests.analytics.compute.test_entrypoints_detection" name="test_entrypoint_candidate_frameworks[typer]" time="0.001" /><testcase classname="tests.analytics.compute.test_entrypoints_detection" name="test_detect_entrypoints_emits_snippet_evidence" time="0.002" /><testcase classname="tests.analytics.compute.test_entrypoints_detection" name="test_entrypoint_candidate_frameworks[flask]" time="0.001" /><testcase classname="tests.analytics.compute.test_entrypoints_detection" name="test_entrypoint_candidate_frameworks[fastapi]" time="0.001" /><testcase classname="tests.analytics.compute.test_entrypoints_detection" name="test_entrypoint_candidate_frameworks[airflow]" time="0.002" /><testcase classname="tests.analytics.compute.test_entrypoints_detection" name="test_entrypoint_candidate_kinds[background_job]" time="0.001" /><testcase classname="tests.analytics.compute.test_entrypoints_detection" name="test_entrypoint_candidate_core_metadata" time="0.001" /><testcase classname="tests.analytics.compute.test_entrypoints_detection" name="test_entrypoint_candidate_frameworks[celery]" time="0.001" /><testcase classname="tests.analytics.compute.test_entrypoints_detection" name="test_entrypoint_candidate_optionals_and_schema" time="0.001" /><testcase classname="tests.analytics.compute.test_entrypoints_detection" name="test_entrypoint_candidate_frameworks[None]" time="0.001" /><testcase classname="tests.analytics.compute.test_entrypoints_detection" name="test_detects_celery_airflow_cron_and_django" time="0.003" /><testcase classname="tests.analytics.compute.test_entrypoints_detection" name="test_detects_click_typer_and_generic_routes" time="0.003" /><testcase classname="tests.analytics.compute.test_coverage_aggregation" name="test_class_kind_excluded" time="1.705" /><testcase classname="tests.analytics.compute.test_coverage_aggregation" name="test_method_kind_included" time="1.728" /><testcase classname="tests.analytics.compute.test_coverage_aggregation" name="test_compute_coverage_functions_smoke" time="1.742" /><testcase classname="tests.analytics.compute.test_coverage_aggregation" name="test_function_with_executable_but_no_covered_lines" time="1.767" /><testcase classname="tests.analytics.compute.test_coverage_aggregation" name="test_single_function_fully_covered" time="1.804" /><testcase classname="tests.analytics.compute.test_coverage_aggregation" name="test_function_no_coverage_data" time="1.820" /><testcase classname="tests.analytics.compute.test_coverage_aggregation" name="test_function_with_null_end_line" time="1.824" /><testcase classname="tests.analytics.compute.test_coverage_aggregation" name="test_idempotent_rerun_deletes_old_rows" time="1.846" /><testcase classname="tests.analytics.compute.test_coverage_aggregation" name="test_load_coverage_data_missing_file" time="1.842" /><testcase classname="tests.analytics.compute.test_coverage_aggregation" name="test_multiple_functions_same_file" time="1.869" /><testcase classname="tests.analytics.compute.test_coverage_aggregation" name="test_empty_goids_produces_no_rows" time="1.860" /><testcase classname="tests.analytics.compute.test_coverage_aggregation" name="test_different_repos_isolated" time="1.883" /><testcase classname="tests.analytics.compute.test_coverage_aggregation" name="test_realistic_module_with_mixed_coverage" time="1.899" /><testcase classname="tests.analytics.compute.test_coverage_aggregation" name="test_single_function_partially_covered" time="1.890" /></testsuite></testsuites>