<?xml version="1.0" encoding="utf-8"?><testsuites name="pytest tests"><testsuite name="pytest" errors="0" failures="0" skipped="0" tests="274" time="51.014" timestamp="2025-12-18T00:50:53.355582-05:00" hostname="paul-X870-AORUS-ELITE-WIFI7"><testcase classname="tests.storage.repositories.test_functions" name="test_list_function_summaries_for_file_returns_empty_when_no_match" time="4.851" /><testcase classname="tests.storage.repositories.test_functions" name="test_resolve_function_goid_passthrough" time="4.829" /><testcase classname="tests.storage.repositories.test_functions" name="test_get_function_profile_returns_none_when_not_found" time="5.018" /><testcase classname="tests.storage.repositories.test_dataflow" name="test_list_nodes_returns_nodes" time="4.950" /><testcase classname="tests.storage.repositories.test_functions" name="test_get_function_summary_by_goid_returns_none_when_not_found" time="4.988" /><testcase classname="tests.storage.repositories.test_functions" name="test_resolve_function_goid_returns_none_when_no_identifiers" time="5.011" /><testcase classname="tests.storage.repositories.test_dataflow" name="test_list_edges_returns_empty_when_no_match" time="5.063" /><testcase classname="tests.storage.test_conformance" name="test_conformance_report_not_ok_when_issues_exist" time="0.001" /><testcase classname="tests.storage.repositories.test_modules" name="test_get_module_profile_returns_none_when_not_found" time="5.165" /><testcase classname="tests.storage.repositories.test_subsystems" name="test_list_subsystems_returns_rows" time="5.152" /><testcase classname="tests.storage.repositories.test_functions" name="test_get_function_architecture_returns_none_when_not_found" time="5.256" /><testcase classname="tests.storage.repositories.test_modules" name="test_get_module_architecture_returns_none_when_not_found" time="5.201" /><testcase classname="tests.storage.test_data_models" name="test_data_model_field_row_is_frozen" time="0.001" /><testcase classname="tests.storage.test_data_models" name="test_data_model_row_stores_all_fields" time="0.001" /><testcase classname="tests.storage.repositories.test_dataflow" name="test_list_edges_filtered_by_dst" time="5.291" /><testcase classname="tests.storage.test_conformance" name="test_conformance_issue_allows_none_dataset" time="0.001" /><testcase classname="tests.storage.repositories.test_functions" name="test_list_high_risk_functions_returns_empty_when_no_match" time="5.367" /><testcase classname="tests.storage.test_catalog_describe" name="test_describe_dataset_warns_on_missing_schema" time="0.001" /><testcase classname="tests.storage.test_dataflow_graph" name="test_metadata_dataflow_tables_populated" time="5.602" /><testcase classname="tests.storage.repositories.test_functions" name="test_list_function_goids_returns_empty_when_no_data" time="5.465" /><testcase classname="tests.storage.repositories.test_modules" name="test_get_file_summary_returns_none_when_not_found" time="5.502" /><testcase classname="tests.storage.repositories.test_subsystems" name="test_list_subsystems_respects_limit" time="5.535" /><testcase classname="tests.storage.test_data_models" name="test_data_model_row_is_frozen" time="0.001" /><testcase classname="tests.storage.test_dataset_catalog" name="test_catalog_handles_missing_samples" time="0.002" /><testcase classname="tests.storage.repositories.test_dataflow" name="test_list_edges_returns_edges" time="5.577" /><testcase classname="tests.storage.repositories.test_modules" name="test_list_modules_returns_sorted_list" time="5.641" /><testcase classname="tests.storage.repositories.test_functions" name="test_get_function_profile_returns_row" time="5.864" /><testcase classname="tests.storage.repositories.test_modules" name="test_get_file_profile_returns_none_when_not_found" time="5.794" /><testcase classname="tests.storage.repositories.test_modules" name="test_list_modules_returns_empty_for_no_data" time="5.732" /><testcase classname="tests.storage.test_data_models" name="test_data_model_field_row_stores_all_fields" time="0.001" /><testcase classname="tests.storage.test_datasets" name="test_dataset_registry_resolve_table_key_returns_qualified" time="0.001" /><testcase classname="tests.storage.test_datasets" name="test_dataset_registry_resolve_table_key_raises_on_unknown" time="0.001" /><testcase classname="tests.storage.test_datasets" name="test_dataset_for_name_returns_contract" time="0.001" /><testcase classname="tests.storage.test_datasets" name="test_dataset_for_name_raises_on_unknown" time="0.001" /><testcase classname="tests.storage.test_datasets" name="test_dataset_for_table_returns_contract" time="0.001" /><testcase classname="tests.storage.repositories.test_modules" name="test_get_file_hints_returns_empty_when_not_found" time="5.879" /><testcase classname="tests.storage.test_datasets" name="test_dataset_for_table_raises_on_unknown" time="0.001" /><testcase classname="tests.storage.test_datasets" name="test_describe_dataset_returns_serializable_dict" time="0.001" /><testcase classname="tests.storage.test_datasets" name="test_list_dataset_specs_returns_list" time="0.001" /><testcase classname="tests.storage.test_datasets" name="test_build_dataset_dependency_graph_returns_mapping" time="0.000" /><testcase classname="tests.storage.repositories.test_repositories" name="test_module_repository_reads" time="5.954" /><testcase classname="tests.storage.test_conformance" name="test_conformance_issue_stores_dataset_and_message" time="0.001" /><testcase classname="tests.storage.test_datasets" name="test_dataset_registry_tables_property" time="0.001" /><testcase classname="tests.storage.repositories.test_repositories" name="test_subsystem_repository_reads" time="5.981" /><testcase classname="tests.storage.test_datasets" name="test_dataset_registry_views_property" time="0.001" /><testcase classname="tests.storage.test_datasets" name="test_dataset_registry_meta_property" time="0.001" /><testcase classname="tests.storage.test_datasets" name="test_dataset_registry_jsonl_mapping_property" time="0.001" /><testcase classname="tests.storage.test_data_models" name="test_data_model_relationship_row_is_frozen" time="0.001" /><testcase classname="tests.storage.test_datasets" name="test_dataset_registry_parquet_mapping_property" time="0.001" /><testcase classname="tests.storage.test_datasets" name="test_dataset_registry_table_for_name" time="0.001" /><testcase classname="tests.storage.test_datasets" name="test_dataset_registry_table_for_name_raises_on_unknown" time="0.001" /><testcase classname="tests.storage.test_datasets" name="test_json_schema_ids_attached_to_datasets" time="4.838" /><testcase classname="tests.storage.test_data_models" name="test_normalized_data_model_is_frozen" time="0.001" /><testcase classname="tests.storage.test_datasets" name="test_json_schema_datasets_have_row_bindings" time="4.185" /><testcase classname="tests.storage.repositories.test_dataflow" name="test_list_edges_filtered_by_src" time="6.004" /><testcase classname="tests.storage.test_data_models" name="test_normalized_data_model_stores_nested_data" time="0.001" /><testcase classname="tests.storage.repositories.test_functions" name="test_list_high_risk_functions_with_tested_only_filter" time="6.219" /><testcase classname="tests.storage.repositories.test_functions" name="test_function_repository_with_docs_export" time="6.242" /><testcase classname="tests.storage.repositories.test_dataflow" name="test_list_nodes_includes_expected_columns" time="6.173" /><testcase classname="tests.storage.repositories.test_subsystems" name="test_list_subsystems_filters_by_role" time="6.207" /><testcase classname="tests.storage.repositories.test_dataflow" name="test_list_edges_filtered_by_both" time="6.220" /><testcase classname="tests.storage.test_conformance" name="test_conformance_report_ok_when_no_issues" time="0.001" /><testcase classname="tests.storage.repositories.test_repositories" name="test_function_repository_reads" time="6.889" /><testcase classname="tests.storage.repositories.test_repositories" name="test_data_model_accessors" time="6.780" /><testcase classname="tests.storage.test_data_models" name="test_data_model_relationship_row_stores_all_fields" time="0.004" /><testcase classname="tests.storage.test_data_models" name="test_fetch_fields_without_model_ids_returns_all" time="4.609" /><testcase classname="tests.storage.repositories.test_subsystems" name="test_list_subsystems_for_module_returns_rows" time="4.659" /><testcase classname="tests.storage.test_data_models" name="test_fetch_relationships_filters_by_model_ids" time="4.627" /><testcase classname="tests.storage.repositories.test_subsystems" name="test_list_subsystem_coverage_returns_rows" time="4.877" /><testcase classname="tests.storage.test_conformance" name="test_conformance_passes_with_empty_db" time="5.349" /><testcase classname="tests.storage.repositories.test_subsystems" name="test_list_subsystem_modules_returns_rows" time="4.645" /><testcase classname="tests.storage.repositories.test_subsystems" name="test_list_subsystems_searches_by_query" time="4.998" /><testcase classname="tests.storage.test_dataflow_graph" name="test_composite_edges_align_with_composite_schemas" time="0.003" /><testcase classname="tests.storage.test_conformance" name="test_conformance_skips_missing_schema" time="5.372" /><testcase classname="tests.storage.repositories.test_subsystems" name="test_list_subsystem_coverage_uses_cache_when_present" time="5.261" /><testcase classname="tests.storage.test_db_helpers" name="test_count_rows_for_tables_filters_by_repo_commit" time="4.080" /><testcase classname="tests.storage.test_dataset_catalog" name="test_catalog_sampling_gracefully_falls_back" time="4.547" /><testcase classname="tests.storage.test_data_models" name="test_fetch_models_normalized_filters_by_model_ids" time="4.972" /><testcase classname="tests.storage.test_data_models" name="test_fetch_models_normalized_returns_empty_list" time="5.074" /><testcase classname="tests.storage.repositories.test_subsystems" name="test_list_subsystem_profiles_returns_rows" time="5.497" /><testcase classname="tests.storage.test_dataflow_graph" name="test_contract_dataflow_includes_all_datasets" time="0.002" /><testcase classname="tests.storage.test_file_module_test_behavioral_columns" name="test_module_profile_tuple_length_matches_columns" time="0.001" /><testcase classname="tests.storage.test_file_module_test_behavioral_columns" name="test_test_profile_tuple_length_matches_columns" time="0.003" /><testcase classname="tests.storage.test_file_module_test_behavioral_columns" name="test_behavioral_coverage_tuple_length_matches_columns" time="0.001" /><testcase classname="tests.storage.test_conformance" name="test_conformance_validates_schema_rows" time="5.697" /><testcase classname="tests.storage.test_function_profile_rows" name="test_function_profile_tuple_length_matches_columns" time="0.002" /><testcase classname="tests.storage.repositories.test_subsystems" name="test_get_subsystem_summary_returns_none_for_missing" time="4.782" /><testcase classname="tests.storage.test_datasets" name="test_dataset_registry_datasets_with_json_schema" time="0.001" /><testcase classname="tests.storage.test_datasets" name="test_load_dataset_registry_from_db" time="4.526" /><testcase classname="tests.storage.test_datasets" name="test_dataset_registry_mapping_property" time="0.001" /><testcase classname="tests.storage.test_gateway_factory" name="test_storage_config_creates_with_all_options" time="0.001" /><testcase classname="tests.storage.test_gateway_factory" name="test_storage_config_for_ingest" time="0.001" /><testcase classname="tests.storage.test_gateway_factory" name="test_storage_config_for_ingest_with_history" time="0.001" /><testcase classname="tests.storage.test_gateway_factory" name="test_storage_config_for_readonly" time="0.001" /><testcase classname="tests.storage.test_gateway_factory" name="test_storage_config_is_frozen" time="0.000" /><testcase classname="tests.storage.test_gateway_factory" name="test_open_memory_gateway_returns_gateway" time="1.120" /><testcase classname="tests.storage.test_conformance" name="test_conformance_with_sample_rows_enabled" time="5.600" /><testcase classname="tests.storage.test_data_models" name="test_fetch_models_filters_by_repo_commit" time="5.556" /><testcase classname="tests.storage.repositories.test_subsystems" name="test_list_subsystem_profiles_uses_cache_when_present" time="5.765" /><testcase classname="tests.storage.test_datasets" name="test_describe_dataset_shape_with_json_schema" time="0.001" /><testcase classname="tests.storage.test_gateway_factory" name="test_open_memory_gateway_with_views" time="3.159" /><testcase classname="tests.storage.test_datasets" name="test_describe_all_datasets_returns_serializable_list" time="4.947" /><testcase classname="tests.storage.test_data_models" name="test_fetch_models_parses_all_fields" time="5.317" /><testcase classname="tests.storage.test_dataset_catalog" name="test_catalog_generation_writes_files" time="0.006" /><testcase classname="tests.storage.test_gateway_factory" name="test_open_memory_gateway_exposes_ibis_backend" time="1.158" /><testcase classname="tests.storage.test_datasets" name="test_require_row_binding_behavior" time="0.001" /><testcase classname="tests.storage.test_gateway_factory" name="test_open_memory_gateway_has_dataset_registry" time="1.024" /><testcase classname="tests.storage.test_datasets" name="test_dataset_registry_all_datasets_returns_tuple" time="0.001" /><testcase classname="tests.storage.test_gateway_factory" name="test_open_gateway_creates_tables" time="3.643" /><testcase classname="tests.storage.test_data_models" name="test_fetch_models_parses_base_classes_from_json" time="4.751" /><testcase classname="tests.storage.test_db_helpers" name="test_safe_count_rows_tolerates_none_connection" time="0.000" /><testcase classname="tests.storage.test_gateway_factory" name="test_open_gateway_read_only_mode" time="3.683" /><testcase classname="tests.storage.test_dataflow_graph" name="test_alias_docs_views_have_nodes" time="0.002" /><testcase classname="tests.storage.test_gateway_factory" name="test_snapshot_resolver_raises_for_missing_file" time="0.004" /><testcase classname="tests.storage.test_gateway_factory" name="test_snapshot_resolver_opens_existing_snapshot" time="3.685" /><testcase classname="tests.storage.repositories.test_subsystems" name="test_search_subsystems_is_alias_for_list" time="5.088" /><testcase classname="tests.storage.test_datasets" name="test_dataset_registry_dataset_dependencies" time="0.001" /><testcase classname="tests.storage.test_gateway_factory" name="test_snapshot_resolver_opens_different_commits" time="7.524" /><testcase classname="tests.storage.test_db_helpers" name="test_safe_count_rows_accepts_iterable_tables" time="4.871" /><testcase classname="tests.storage.repositories.test_subsystems" name="test_get_subsystem_summary_returns_row" time="5.022" /><testcase classname="tests.storage.test_datasets" name="test_dataset_registry_docs_dataset_names" time="0.001" /><testcase classname="tests.storage.test_gateway_factory" name="test_open_memory_gateway_with_defaults" time="0.970" /><testcase classname="tests.storage.repositories.test_subsystems" name="test_list_subsystem_memberships_returns_rows" time="5.516" /><testcase classname="tests.storage.test_gateway_factory" name="test_open_gateway_creates_file_database" time="3.764" /><testcase classname="tests.storage.test_gateway_factory" name="test_open_memory_gateway_supports_insert_and_query" time="0.976" /><testcase classname="tests.storage.test_data_models" name="test_fetch_models_returns_empty_list" time="5.304" /><testcase classname="tests.storage.test_gateway_factory" name="test_open_memory_gateway_with_repo_and_commit" time="0.992" /><testcase classname="tests.storage.test_data_models" name="test_fetch_relationships_handles_nullable_fields" time="4.248" /><testcase classname="tests.storage.test_db_helpers" name="test_count_rows_for_tables_returns_none_on_missing_table" time="4.157" /><testcase classname="tests.storage.test_data_models" name="test_fetch_relationships_returns_empty_list" time="4.552" /><testcase classname="tests.storage.test_gateway_accessors" name="test_docs_views_relations_are_queryable" time="4.035" /><testcase classname="tests.storage.test_gateway_accessors" name="test_accessors_are_frozen_dataclasses" time="4.155" /><testcase classname="tests.storage.test_gateway_factory" name="test_storage_config_creates_with_defaults" time="0.001" /><testcase classname="tests.storage.test_dataset_catalog" name="test_catalog_sampling_strict_raises" time="4.452" /><testcase classname="tests.storage.test_gateway_factory" name="test_open_gateway_persists_data" time="3.766" /><testcase classname="tests.storage.test_db_helpers" name="test_count_rows_for_tables_returns_dict" time="4.431" /><testcase classname="tests.storage.test_data_models" name="test_fetch_fields_parses_constraints_json" time="4.975" /><testcase classname="tests.storage.test_file_module_test_behavioral_columns" name="test_file_profile_tuple_length_matches_columns" time="0.001" /><testcase classname="tests.storage.test_data_models" name="test_fetch_fields_filters_by_model_ids" time="4.770" /><testcase classname="tests.storage.test_gateway_factory" name="test_snapshot_resolver_returns_callable" time="0.003" /><testcase classname="tests.storage.test_gateway_factory" name="test_snapshot_resolver_reuses_primary_gateway" time="3.778" /><testcase classname="tests.storage.test_data_models" name="test_fetch_models_returns_multiple" time="4.727" /><testcase classname="tests.storage.test_data_models" name="test_fetch_fields_returns_empty_list" time="5.039" /><testcase classname="tests.storage.test_db_helpers" name="test_safe_count_rows_returns_none_on_table_error" time="4.000" /><testcase classname="tests.storage.test_gateway_factory" name="test_full_gateway_lifecycle" time="4.477" /><testcase classname="tests.storage.test_data_models" name="test_fetch_fields_parses_all_fields" time="4.404" /><testcase classname="tests.storage.test_gateway_factory" name="test_open_memory_gateway_creates_accessors" time="0.897" /><testcase classname="tests.storage.test_data_models" name="test_fetch_models_normalized_joins_data" time="5.051" /><testcase classname="tests.storage.test_db_helpers" name="test_count_rows_for_tables_handles_special_chars_in_repo" time="4.197" /><testcase classname="tests.storage.test_data_models" name="test_fetch_models_handles_goid_as_decimal" time="4.980" /><testcase classname="tests.storage.test_gateway_factory" name="test_gateway_supports_context_manager" time="0.898" /><testcase classname="tests.storage.test_data_models" name="test_fetch_relationships_parses_all_fields" time="4.827" /><testcase classname="tests.storage.test_gateway_factory" name="test_open_memory_gateway_without_views" time="0.894" /><testcase classname="tests.storage.test_db_helpers" name="test_count_rows_for_tables_handles_empty_tables" time="4.439" /><testcase classname="tests.storage.test_gateway_factory" name="test_multiple_memory_gateways_are_independent" time="1.927" /><testcase classname="tests.storage.test_db_helpers" name="test_safe_count_rows_returns_counts_with_valid_connection" time="4.200" /><testcase classname="tests.storage.test_gateway_helpers" name="test_insert_helpers_write_expected_rows" time="4.922" /><testcase classname="tests.storage.test_graphs_repository" name="test_graph_repository_inherits_base_repository" time="3.875" /><testcase classname="tests.storage.test_graphs_repository" name="test_get_incoming_callgraph_neighbors_with_data" time="4.354" /><testcase classname="tests.storage.test_docs_views" name="test_docs_views_expose_capabilities" time="8.922" /><testcase classname="tests.storage.test_gateway_factory" name="test_gateway_close_releases_connection" time="0.987" /><testcase classname="tests.storage.test_gateway_accessors" name="test_core_tables_relations_are_queryable" time="4.323" /><testcase classname="tests.storage.test_docs_views" name="test_call_graph_view_scopes_edges_to_repo_commit" time="8.022" /><testcase classname="tests.storage.test_insert_helpers" name="test_insert_rows_normalizes_mapping" time="4.518" /><testcase classname="tests.storage.test_gateway_accessors" name="test_graph_tables_relations_are_queryable" time="3.861" /><testcase classname="tests.storage.test_graphs_repository" name="test_get_outgoing_callgraph_neighbors_with_data" time="3.804" /><testcase classname="tests.storage.test_gateway_accessors" name="test_analytics_tables_relations_are_queryable" time="4.061" /><testcase classname="tests.storage.test_docs_view_profiling" name="test_explain_table_analyze_returns_plan_text" time="7.515" /><testcase classname="tests.storage.test_docs_view_profiling" name="test_explain_table_returns_plan_text" time="7.962" /><testcase classname="tests.storage.test_graphs_repository" name="test_get_outgoing_callgraph_neighbors_returns_empty_list" time="3.948" /><testcase classname="tests.storage.test_docs_view_profiling" name="test_profile_views_creates_artifacts" time="14.315" /><testcase classname="tests.storage.test_run_registry.TestStartAndFetchRun" name="test_fetch_nonexistent_run" time="4.000" /><testcase classname="tests.storage.test_run_registry.TestStartAndFetchRun" name="test_start_run_creates_record" time="4.378" /><testcase classname="tests.storage.test_run_registry.TestCompleteRun" name="test_complete_run_with_error" time="4.088" /><testcase classname="tests.storage.test_run_registry.TestDataclasses" name="test_pipeline_step_record_frozen" time="0.004" /><testcase classname="tests.storage.test_graphs_repository" name="test_get_outgoing_callgraph_neighbors_respects_limit" time="4.519" /><testcase classname="tests.storage.test_graphs_repository" name="test_graph_repository_is_frozen" time="4.356" /><testcase classname="tests.storage.test_run_registry.TestDataclasses" name="test_pipeline_run_record_frozen" time="0.001" /><testcase classname="tests.storage.test_ibis_write" name="test_write_dataframe_fast_lane_does_not_iterate_rows" time="6.941" /><testcase classname="tests.storage.test_ibis_write" name="test_write_unqualified_table_key_raises" time="7.009" /><testcase classname="tests.storage.test_run_registry.TestRecordStep" name="test_fetch_steps_empty" time="4.228" /><testcase classname="tests.storage.test_docs_views" name="test_docs_views_registered_in_metadata" time="8.437" /><testcase classname="tests.storage.test_ibis_write" name="test_write_dataframe_with_columns" time="7.004" /><testcase classname="tests.storage.test_docs_views" name="test_subsystem_coverage_columns" time="8.758" /><testcase classname="tests.storage.test_docs_views" name="test_subsystems_has_repo_commit_index" time="7.979" /><testcase classname="tests.storage.test_module_index" name="test_load_module_map_filters_by_language" time="4.191" /><testcase classname="tests.storage.test_docs_views" name="test_subsystem_profile_view_prefers_cache" time="8.874" /><testcase classname="tests.storage.test_docs_views" name="test_test_profile_has_primary_subsystem_index" time="8.375" /><testcase classname="tests.storage.test_docs_views" name="test_subsystem_coverage_view_prefers_cache" time="8.798" /><testcase classname="tests.storage.test_docs_views" name="test_subsystem_profile_columns" time="8.680" /><testcase classname="tests.storage.test_docs_views" name="test_docs_view_readable_via_dataset_rows" time="9.108" /><testcase classname="tests.storage.test_run_registry.TestStartAndFetchRun" name="test_start_run_replaces_existing" time="4.237" /><testcase classname="tests.storage.test_run_registry_integration.TestNewRunContextIntegration" name="test_new_run_context_for_analytics" time="4.094" /><testcase classname="tests.storage.test_module_index" name="test_load_module_map_handles_multiple_modules_same_path" time="4.056" /><testcase classname="tests.storage.test_run_tracking" name="test_pipeline_step_record_stores_fields" time="0.001" /><testcase classname="tests.storage.test_schema_roundtrip" name="test_behavioral_coverage_round_trip" time="0.651" /><testcase classname="tests.storage.test_insert_helpers" name="test_insert_rows_raises_on_missing_column" time="4.524" /><testcase classname="tests.storage.test_run_registry.TestCompleteRun" name="test_complete_run_updates_status" time="4.496" /><testcase classname="tests.storage.test_run_tracking" name="test_pipeline_run_record_stores_fields" time="0.000" /><testcase classname="tests.storage.test_storage_architecture_invariants" name="test_ibis_gateway_has_no_sql_escape_hatch" time="0.001" /><testcase classname="tests.storage.test_storage_architecture_invariants" name="test_no_gateway_accessor_inserts_in_src" time="0.020" /><testcase classname="tests.storage.test_run_registry.TestRecordStep" name="test_record_step_creates_record" time="4.318" /><testcase classname="tests.storage.test_run_tracking" name="test_step_completion_params_to_record" time="0.001" /><testcase classname="tests.storage.test_ibis_write" name="test_write_dataframe_basic" time="6.596" /><testcase classname="tests.storage.test_run_registry.TestRecordStep" name="test_record_step_replaces_existing" time="4.065" /><testcase classname="tests.storage.test_graphs_repository" name="test_get_outgoing_callgraph_neighbors_filters_by_repo_commit" time="4.417" /><testcase classname="tests.storage.test_graphs_repository" name="test_get_incoming_callgraph_neighbors_returns_empty_list" time="4.350" /><testcase classname="tests.storage.test_run_registry.TestStartAndCompleteStep" name="test_complete_step_updates_record" time="4.137" /><testcase classname="tests.storage.test_run_registry.TestStartAndCompleteStep" name="test_start_step_creates_running_record" time="4.149" /><testcase classname="tests.storage.test_run_tracking" name="test_fetch_steps_orders_by_module_stage_name" time="4.346" /><testcase classname="tests.storage.test_run_registry.TestMultipleSteps" name="test_run_with_multiple_steps" time="4.234" /><testcase classname="tests.storage.test_run_tracking" name="test_record_step_with_none_row_counts" time="4.221" /><testcase classname="tests.storage.test_ibis_write" name="test_upsert_updates_on_conflict" time="6.917" /><testcase classname="tests.storage.test_ibis_write" name="test_upsert_insert_new_rows" time="7.001" /><testcase classname="tests.storage.test_run_registry_integration.TestGatewayRunsApi" name="test_complete_run_with_gateway" time="4.144" /><testcase classname="tests.storage.test_module_index" name="test_load_module_map_uses_custom_logger" time="4.089" /><testcase classname="tests.storage.test_schema_helpers" name="test_json_schema_from_typeddict_round_trip" time="0.003" /><testcase classname="tests.storage.test_run_registry_integration.TestNewRunContextIntegration" name="test_new_run_context_for_ingest" time="3.829" /><testcase classname="tests.storage.test_run_tracking" name="test_complete_run_updates_status" time="4.047" /><testcase classname="tests.storage.test_sql_compiler_upgrade_gates" name="test_compiler_upgrade_gate_create_table_executes" time="0.017" /><testcase classname="tests.storage.test_run_tracking" name="test_start_run_inserts_record" time="4.157" /><testcase classname="tests.storage.test_sql_compiler_upgrade_gates" name="test_compiler_upgrade_gate_create_table_sql_is_stable" time="0.007" /><testcase classname="tests.storage.tracking.test_build_tracking.TestOutputManifestOperations" name="test_load_nonexistent_manifest" time="4.074" /><testcase classname="tests.storage.test_run_registry_integration.TestFullRunLifecycle" name="test_failed_run_lifecycle" time="4.227" /><testcase classname="tests.storage.test_run_tracking" name="test_fetch_run_returns_none_for_missing" time="4.008" /><testcase classname="tests.storage.test_module_index" name="test_load_module_map_returns_empty_on_no_match" time="4.365" /><testcase classname="tests.storage.test_storage_architecture_invariants" name="test_storage_has_no_build_imports" time="0.010" /><testcase classname="tests.storage.test_module_index" name="test_load_module_map_normalizes_path_with_leading_slash" time="4.396" /><testcase classname="tests.storage.test_storage_architecture_invariants" name="test_storage_legacy_modules_removed" time="0.001" /><testcase classname="tests.storage.test_run_tracking" name="test_fetch_run_returns_record" time="4.032" /><testcase classname="tests.storage.test_run_tracking" name="test_complete_run_with_error_summary" time="4.179" /><testcase classname="tests.storage.test_run_registry_integration.TestGatewayRunsApi" name="test_start_and_fetch_run_with_gateway" time="4.323" /><testcase classname="tests.storage.test_module_index" name="test_load_module_map_returns_normalized_paths" time="4.525" /><testcase classname="tests.storage.test_ibis_write" name="test_upsert_from_ibis_expression_does_not_materialize_to_pandas" time="7.034" /><testcase classname="tests.storage.test_subsystem_view_schema_drift" name="test_subsystem_docs_views_schema_stable" time="4.696" /><testcase classname="tests.storage.test_ibis_write" name="test_write_tuples_without_columns_raises" time="6.936" /><testcase classname="tests.storage.test_schema_roundtrip" name="test_generate_export_schemas_writes_files" time="5.090" /><testcase classname="tests.storage.test_run_tracking" name="test_record_step_inserts_step" time="4.554" /><testcase classname="tests.storage.test_run_tracking" name="test_fetch_steps_returns_list" time="4.386" /><testcase classname="tests.storage.test_run_tracking" name="test_complete_step_updates_step" time="4.282" /><testcase classname="tests.storage.views.test_pr86_no_ibis_view_registry" name="test_view_builders_discoverable_via_tags" time="0.008" /><testcase classname="tests.storage.test_run_registry_integration.TestGatewayRunsApi" name="test_record_steps_with_gateway" time="4.206" /><testcase classname="tests.storage.test_run_tracking" name="test_start_step_returns_timestamp" time="4.527" /><testcase classname="tests.storage.views.test_pr86_no_ibis_view_registry" name="test_ibis_view_registry_module_removed" time="0.001" /><testcase classname="tests.storage.test_schema_alignment" name="test_apply_and_validate_schema_alignment" time="4.797" /><testcase classname="tests.storage.test_ibis_write" name="test_write_ibis_expression_basic" time="7.260" /><testcase classname="tests.storage.test_schema_helpers" name="test_build_validator_accepts_mapping" time="0.001" /><testcase classname="tests.storage.test_ibis_write" name="test_write_tuples_basic" time="7.179" /><testcase classname="tests.storage.test_schema_helpers" name="test_validate_row_with_schema_passes_valid_data" time="0.002" /><testcase classname="tests.storage.test_ibis_write" name="test_write_unsupported_type_raises" time="6.988" /><testcase classname="tests.storage.test_schema_roundtrip" name="test_symbol_use_round_trip" time="0.465" /><testcase classname="tests.storage.test_run_registry_integration.TestNewRunContextIntegration" name="test_new_run_context_for_graphs" time="4.405" /><testcase classname="tests.storage.test_schema_alignment" name="test_create_schemas_creates_all_namespaces" time="4.274" /><testcase classname="tests.storage.test_ibis_write" name="test_write_tuples_empty" time="7.241" /><testcase classname="tests.storage.test_schema_roundtrip" name="test_call_graph_edge_round_trip" time="0.491" /><testcase classname="tests.storage.test_ibis_write" name="test_upsert_selective_update_columns" time="6.882" /><testcase classname="tests.storage.test_schema_roundtrip" name="test_test_coverage_round_trip" time="0.460" /><testcase classname="tests.storage.test_schema_helpers" name="test_apply_all_schemas_creates_function_validation" time="3.865" /><testcase classname="tests.storage.test_run_registry_integration.TestFullRunLifecycle" name="test_multi_engine_run_lifecycle" time="3.967" /><testcase classname="tests.storage.tracking.test_build_tracking.TestOutputManifestOperations" name="test_upsert_manifest" time="3.869" /><testcase classname="tests.storage.test_warehouse_transaction_rollback" name="test_materialize_rows_replace_rolls_back_on_write_failure" time="3.825" /><testcase classname="tests.storage.tracking.test_build_tracking.TestOutputManifestOperations" name="test_list_manifests" time="3.490" /><testcase classname="tests.storage.tracking.test_build_tracking.TestOutputManifestOperations" name="test_delete_manifests" time="3.543" /><testcase classname="tests.storage.tracking.test_build_tracking.TestBuildRunOperations" name="test_start_and_fetch_run" time="3.836" /><testcase classname="tests.storage.tracking.test_build_tracking.TestOutputManifestOperations" name="test_save_and_load_manifest" time="3.447" /><testcase classname="tests.storage.test_schema_alignment" name="test_ensure_schemas_preserve_with_extra_ddl" time="3.670" /><testcase classname="tests.storage.tracking.test_build_tracking.TestBuildRunOperations" name="test_complete_run_succeeded" time="3.681" /><testcase classname="tests.storage.test_schema_alignment" name="test_assert_schema_alignment_detects_drift_nonstrict" time="3.608" /><testcase classname="tests.storage.tracking.test_build_tracking.TestBuildRunOperations" name="test_fetch_nonexistent_run" time="3.798" /><testcase classname="tests.storage.tracking.test_build_tracking.TestBuildRunOperations" name="test_list_runs_with_limit" time="3.212" /><testcase classname="tests.storage.tracking.test_build_tracking.TestBuildRunOperations" name="test_list_runs" time="3.321" /><testcase classname="tests.storage.tracking.test_build_tracking.TestBuildRunOperations" name="test_complete_run_failed" time="3.069" /><testcase classname="tests.storage.test_docs_view_profiling" name="test_profile_views_analyze_mode_creates_artifacts" time="12.274" /><testcase classname="tests.storage.test_schema_alignment" name="test_ensure_schemas_preserve_creates_tables_idempotently" time="2.355" /></testsuite></testsuites>