<?xml version="1.0" encoding="utf-8"?><testsuites name="pytest tests"><testsuite name="pytest" errors="0" failures="0" skipped="0" tests="18" time="9.123" timestamp="2025-12-04T19:05:51.826447-05:00" hostname="paul-X870-AORUS-ELITE-WIFI7"><testcase classname="tests.core.plugins.test_base_executor" name="test_plugin_scratch_declare_and_consume" time="0.001" /><testcase classname="tests.core.plugins.test_base_executor" name="test_base_execution_report_success_count" time="0.001" /><testcase classname="tests.core.plugins.test_base_executor" name="test_plugin_scratch_consume_missing_returns_default" time="0.001" /><testcase classname="tests.core.plugins.test_base_executor" name="test_base_execution_policy_to_retry_policy" time="0.001" /><testcase classname="tests.core.plugins.test_base_executor" name="test_plugin_scratch_cleanup_runs_callbacks" time="0.001" /><testcase classname="tests.core.plugins.test_base_executor" name="test_telemetry_record_run_metrics" time="0.002" /><testcase classname="tests.core.plugins.test_base_executor" name="test_base_execution_report_status_failed" time="0.001" /><testcase classname="tests.core.plugins.test_base_executor" name="test_analytics_executor_uses_base_infrastructure" time="0.002" /><testcase classname="tests.core.plugins.test_base_executor" name="test_base_execution_report_status_failed_with_failures" time="0.001" /><testcase classname="tests.core.plugins.test_base_executor" name="test_graphs_executor_uses_base_infrastructure" time="0.001" /><testcase classname="tests.core.plugins.test_base_executor" name="test_telemetry_span_lifecycle" time="0.002" /><testcase classname="tests.core.plugins.test_base_executor" name="test_base_execution_policy_custom_values" time="0.001" /><testcase classname="tests.core.plugins.test_base_executor" name="test_base_execution_report_status_succeeded" time="0.001" /><testcase classname="tests.core.plugins.test_base_executor" name="test_base_executor_context_effective_run_id_empty_when_no_context" time="0.003" /><testcase classname="tests.core.plugins.test_base_executor" name="test_base_execution_report_status_partial" time="0.001" /><testcase classname="tests.core.plugins.test_base_executor" name="test_base_execution_policy_default_values" time="0.001" /><testcase classname="tests.core.plugins.test_base_executor" name="test_base_execution_policy_to_retry_policy_no_retries" time="0.001" /><testcase classname="tests.core.plugins.test_base_executor" name="test_base_executor_context_effective_run_id_from_run_context" time="0.003" /></testsuite></testsuites>