<?xml version="1.0" encoding="utf-8"?><testsuites name="pytest tests"><testsuite name="pytest" errors="0" failures="0" skipped="0" tests="4" time="52.132" timestamp="2025-12-27T12:25:44.428270-06:00" hostname="Pauls-MacBook-Pro-8.local"><testcase classname="tests.storage.tracking.test_schema_catalog" name="test_override_registry_refresh_populates_registry" time="31.368" /><testcase classname="tests.storage.tracking.test_schema_catalog" name="test_schema_index_prefill_avoids_inference" time="31.374" /><testcase classname="tests.storage.tracking.test_schema_catalog" name="test_override_registry_pin_restores_prior_version" time="31.421" /><testcase classname="tests.storage.tracking.test_schema_catalog" name="test_schema_manifest_roundtrip_from_metadata" time="31.405" /></testsuite></testsuites>