<?xml version="1.0" encoding="utf-8"?><testsuites name="pytest tests"><testsuite name="pytest" errors="0" failures="1" skipped="0" tests="260" time="48.355" timestamp="2025-12-24T00:08:13.083348-06:00" hostname="MacBookPro.lan"><testcase classname="tests.serving.db.test_manager" name="test_manager_export_pool_isolated_from_query_pool[asyncio]" time="0.066" /><testcase classname="tests.serving.db.test_pool" name="test_pool_acquire_release_cycle" time="0.047" /><testcase classname="tests.serving.contracts.test_operation_contracts" name="test_operation_contracts_check_passes" time="0.154" /><testcase classname="tests.serving.db.test_pointer" name="test_pointer_load_requires_published_at" time="0.006" /><testcase classname="tests.serving.db.test_pool" name="test_pool_close_gracefully_closes_available" time="0.034" /><testcase classname="tests.serving.db.test_pool" name="test_pool_creates_configured_size" time="0.032" /><testcase classname="tests.serving.db.test_manager" name="test_manager_initial_load_and_connect[asyncio]" time="0.067" /><testcase classname="tests.serving.db.test_pointer" name="test_pointer_roundtrip" time="0.007" /><testcase classname="tests.serving.db.test_manager" name="test_manager_same_path_no_swap_optimization[asyncio]" time="0.103" /><testcase classname="tests.serving.db.test_manager" name="test_manager_hot_swap_on_pointer_change[asyncio]" time="0.122" /><testcase classname="tests.serving.http.test_export" name="test_export_with_filters" time="4.879" /><testcase classname="tests.serving.http.test_export" name="test_export_jsonl_content_disposition" time="4.920" /><testcase classname="tests.serving.http.test_export" name="test_export_view_not_found" time="4.793" /><testcase classname="tests.serving.http.test_export" name="test_export_with_select_columns" time="4.919" /><testcase classname="tests.serving.http.test_export" name="test_export_with_order_by" time="4.829" /><testcase classname="tests.serving.export.test_formats" name="test_default_export_format_is_registered" time="0.001" /><testcase classname="tests.serving.http.test_export" name="test_export_jsonl_format" time="4.861" /><testcase classname="tests.serving.http.test_mcp_mount" name="test_mcp_ready_at_mcp_path" time="5.041" /><testcase classname="tests.serving.http.test_export" name="test_export_json_format" time="4.983" /><testcase classname="tests.serving.export.test_formats" name="test_export_format_capability_classification" time="0.001" /><testcase classname="tests.serving.http.test_metrics" name="test_log_query_metrics_logs_structured_data" time="0.003" /><testcase classname="tests.serving.http.test_metrics" name="test_log_query_metrics_rounds_duration" time="0.002" /><testcase classname="tests.serving.http.test_metrics" name="test_log_query_metrics_search_endpoint" time="0.002" /><testcase classname="tests.serving.mcp.test_error_catalog" name="test_error_catalog_codes_are_locked_in" time="0.002" /><testcase classname="tests.serving.mcp.test_error_catalog" name="test_error_catalog_has_25_codes" time="0.003" /><testcase classname="tests.serving.export.test_formats" name="test_export_format_choices_are_supported_and_stable" time="0.003" /><testcase classname="tests.serving.mcp.test_error_catalog" name="test_error_catalog_codes_match_keys" time="0.000" /><testcase classname="tests.serving.mcp.test_error_catalog" name="test_error_catalog_all_have_error_codes" time="0.001" /><testcase classname="tests.serving.mcp.test_error_catalog" name="test_error_catalog_all_have_messages" time="0.001" /><testcase classname="tests.serving.mcp.test_error_catalog" name="test_error_kind_has_expected_values" time="0.002" /><testcase classname="tests.serving.mcp.test_error_catalog" name="test_error_info_model_validates" time="0.002" /><testcase classname="tests.serving.mcp.test_error_catalog" name="test_error_response_model_validates" time="0.001" /><testcase classname="tests.serving.mcp.test_error_catalog" name="test_error_from_code_returns_valid_response" time="0.002" /><testcase classname="tests.serving.mcp.test_error_catalog" name="test_error_from_code_with_params" time="0.002" /><testcase classname="tests.serving.mcp.test_error_catalog" name="test_error_from_code_with_context" time="0.001" /><testcase classname="tests.serving.mcp.test_error_catalog" name="test_error_from_code_with_extra_details" time="0.001" /><testcase classname="tests.serving.mcp.test_error_catalog" name="test_error_from_code_unknown_code_falls_back" time="0.001" /><testcase classname="tests.serving.mcp.test_error_catalog" name="test_error_from_code_retryable_preserved" time="0.001" /><testcase classname="tests.serving.mcp.test_error_catalog" name="test_exception_to_error_response_timeout" time="0.001" /><testcase classname="tests.serving.mcp.test_error_catalog" name="test_exception_to_error_response_generic_exception" time="0.001" /><testcase classname="tests.serving.mcp.test_error_catalog" name="test_exception_to_error_response_keyerror_with_view_id" time="0.001" /><testcase classname="tests.serving.mcp.test_error_catalog" name="test_exception_to_error_response_domain_exception" time="0.000" /><testcase classname="tests.serving.mcp.test_error_catalog" name="test_semantic_view_not_found_error" time="0.001" /><testcase classname="tests.serving.mcp.test_error_catalog" name="test_semantic_column_not_found_error" time="0.001" /><testcase classname="tests.serving.mcp.test_error_catalog" name="test_semantic_invalid_filter_error" time="0.000" /><testcase classname="tests.serving.mcp.test_error_catalog" name="test_semantic_limit_exceeded_error" time="0.001" /><testcase classname="tests.serving.mcp.test_error_catalog" name="test_export_not_found_error" time="0.001" /><testcase classname="tests.serving.mcp.test_error_catalog" name="test_export_expired_error" time="0.000" /><testcase classname="tests.serving.mcp.test_error_catalog" name="test_export_corrupt_error" time="0.003" /><testcase classname="tests.serving.mcp.test_error_catalog" name="test_export_too_large_error" time="0.001" /><testcase classname="tests.serving.mcp.test_error_catalog" name="test_serving_db_locked_error" time="0.000" /><testcase classname="tests.serving.mcp.test_error_catalog" name="test_serving_snapshot_not_mounted_error" time="0.000" /><testcase classname="tests.serving.mcp.test_error_catalog" name="test_auth_forbidden_error" time="0.001" /><testcase classname="tests.serving.mcp.test_error_catalog" name="test_domain_exception_to_error_response" time="0.002" /><testcase classname="tests.serving.mcp.test_error_catalog" name="test_template_renders_with_missing_params" time="0.000" /><testcase classname="tests.serving.mcp.test_error_catalog" name="test_template_renders_hint" time="0.001" /><testcase classname="tests.serving.mcp.test_error_catalog" name="test_error_response_json_serialization" time="0.001" /><testcase classname="tests.serving.mcp.test_meta_sql_resources" name="test_mcp_meta_views_sql_rejects_unsafe_sql[asyncio]" time="0.475" /><testcase classname="tests.serving.mcp.test_meta_sql_resources" name="test_mcp_meta_views_sql_resources_round_trip[asyncio]" time="0.321" /><testcase classname="tests.serving.mcp.test_middleware_logging_smoke" name="test_mcp_middleware_logging_smoke[asyncio]" time="0.323" /><testcase classname="tests.serving.mcp.test_prompts" name="test_register_prompts_adds_prompts" time="0.010" /><testcase classname="tests.serving.mcp.test_prompts" name="test_wizard_export_data_prompt_registered" time="0.008" /><testcase classname="tests.serving.mcp.test_prompts" name="test_wizard_query_view_prompt_registered" time="0.005" /><testcase classname="tests.serving.mcp.test_prompts" name="test_what_changed_between_snapshots_prompt_registered" time="0.009" /><testcase classname="tests.serving.mcp.test_prompts" name="test_prompts_have_all_expected_names" time="0.006" /><testcase classname="tests.serving.mcp.test_prompts_advanced" name="test_mcp_list_prompts_includes_tags_and_version_meta[asyncio]" time="0.200" /><testcase classname="tests.serving.mcp.test_prompts" name="test_explore_codebase_prompt_registered" time="0.006" /><testcase classname="tests.serving.mcp.test_resource_store_ttl" name="test_resource_store_cleanup_expired_deletes_artifacts" time="0.005" /><testcase classname="tests.serving.mcp.test_resources" name="test_resource_store_put_and_get_json" time="0.004" /><testcase classname="tests.serving.mcp.test_resources" name="test_resource_store_put_and_get_jsonl" time="0.003" /><testcase classname="tests.serving.mcp.test_resources" name="test_resource_store_jsonl_encoding_is_utf8" time="0.002" /><testcase classname="tests.serving.mcp.test_resources" name="test_resource_store_jsonl_stream_encoding_is_utf8" time="0.004" /><testcase classname="tests.serving.mcp.test_resources" name="test_resource_store_get_unknown_token" time="0.001" /><testcase classname="tests.serving.mcp.test_resources" name="test_resource_store_creates_directory" time="0.002" /><testcase classname="tests.serving.mcp.test_resources" name="test_stored_artifact_is_frozen" time="0.001" /><testcase classname="tests.serving.mcp.test_resources" name="test_resource_store_put_with_metadata" time="0.002" /><testcase classname="tests.serving.mcp.test_resources" name="test_resource_store_get_meta" time="0.004" /><testcase classname="tests.serving.mcp.test_resources" name="test_resource_store_get_meta_not_found" time="0.002" /><testcase classname="tests.serving.mcp.test_resources" name="test_resource_store_get_preview" time="0.004" /><testcase classname="tests.serving.mcp.test_resources" name="test_resource_store_get_preview_small_dataset" time="0.003" /><testcase classname="tests.serving.mcp.test_prompts_advanced" name="test_mcp_get_prompt_wizard_query_view_uses_elicitation[asyncio]" time="0.375" /><testcase classname="tests.serving.mcp.test_resources" name="test_stored_metadata_is_frozen" time="0.001" /><testcase classname="tests.serving.mcp.test_resources" name="test_mcp_semantic_export_json_format[asyncio]" time="0.392" /><testcase classname="tests.serving.mcp.test_resources" name="test_mcp_semantic_export_returns_uri[asyncio]" time="0.348" /><testcase classname="tests.serving.mcp.test_resources" name="test_mcp_semantic_export_with_filters[asyncio]" time="0.340" /><testcase classname="tests.serving.mcp.test_resources" name="test_mcp_semantic_export_error_invalid_view[asyncio]" time="0.347" /><testcase classname="tests.serving.mcp.test_resources" name="test_mcp_static_resources_available[asyncio]" time="0.173" /><testcase classname="tests.serving.mcp.test_resources" name="test_mcp_resource_read_meta_serving[asyncio]" time="0.183" /><testcase classname="tests.serving.mcp.test_resources" name="test_mcp_resource_read_semantic_views[asyncio]" time="0.194" /><testcase classname="tests.serving.mcp.test_resources" name="test_mcp_export_tool_has_annotations[asyncio]" time="0.201" /><testcase classname="tests.serving.mcp.test_resources" name="test_mcp_resource_meta_resources[asyncio]" time="0.198" /><testcase classname="tests.serving.mcp.test_resources" name="test_mcp_resource_meta_environment[asyncio]" time="0.229" /><testcase classname="tests.serving.mcp.test_resources" name="test_mcp_resource_export_meta[asyncio]" time="0.307" /><testcase classname="tests.serving.mcp.test_resources" name="test_mcp_resource_export_preview[asyncio]" time="0.355" /><testcase classname="tests.serving.mcp.test_resources" name="test_mcp_resource_export_lines_chunk[asyncio]" time="0.345" /><testcase classname="tests.serving.mcp.test_resources" name="test_mcp_resource_export_meta_row_count_for_parquet[asyncio]" time="0.297" /><testcase classname="tests.serving.mcp.test_resources" name="test_mcp_resource_export_bytes_chunk_for_arrow[asyncio]" time="0.314" /><testcase classname="tests.serving.mcp.test_resources" name="test_mcp_resource_export_sql[asyncio]" time="0.293" /><testcase classname="tests.serving.mcp.test_response_models" name="test_snapshot_ref_creation" time="0.002" /><testcase classname="tests.serving.mcp.test_response_models" name="test_snapshot_ref_forbids_extra_fields" time="0.001" /><testcase classname="tests.serving.mcp.test_response_models" name="test_resource_template_creation" time="0.001" /><testcase classname="tests.serving.mcp.test_response_models" name="test_resource_template_optional_fields" time="0.002" /><testcase classname="tests.serving.mcp.test_response_models" name="test_semantic_layer_info_creation" time="0.001" /><testcase classname="tests.serving.mcp.test_response_models" name="test_semantic_layer_info_view_count_validation" time="0.001" /><testcase classname="tests.serving.mcp.test_response_models" name="test_buildspec_info_creation" time="0.001" /><testcase classname="tests.serving.mcp.test_response_models" name="test_query_limits_creation" time="0.002" /><testcase classname="tests.serving.mcp.test_response_models" name="test_query_limits_defaults" time="0.000" /><testcase classname="tests.serving.mcp.test_response_models" name="test_query_limits_validation" time="0.001" /><testcase classname="tests.serving.mcp.test_response_models" name="test_snapshot_ref_json_round_trip" time="0.002" /><testcase classname="tests.serving.mcp.test_response_models" name="test_export_snapshot_creation" time="0.001" /><testcase classname="tests.serving.mcp.test_response_models" name="test_export_uris_optional_fields" time="0.001" /><testcase classname="tests.serving.mcp.test_response_models" name="test_export_uris_creation" time="0.000" /><testcase classname="tests.serving.mcp.test_response_models" name="test_export_query_spec_creation" time="0.001" /><testcase classname="tests.serving.mcp.test_response_models" name="test_export_query_spec_defaults" time="0.001" /><testcase classname="tests.serving.mcp.test_response_models" name="test_export_schema_summary_creation" time="0.002" /><testcase classname="tests.serving.mcp.test_response_models" name="test_export_handle_response_creation" time="0.001" /><testcase classname="tests.serving.mcp.test_response_models" name="test_export_meta_response_creation" time="0.001" /><testcase classname="tests.serving.mcp.test_response_models" name="test_export_handle_response_with_optional_fields" time="0.001" /><testcase classname="tests.serving.mcp.test_response_models" name="test_export_meta_response_status_values[ready]" time="0.001" /><testcase classname="tests.serving.mcp.test_response_models" name="test_export_meta_response_status_values[expired]" time="0.002" /><testcase classname="tests.serving.mcp.test_response_models" name="test_export_meta_response_status_values[error]" time="0.001" /><testcase classname="tests.serving.mcp.test_response_models" name="test_export_meta_response_status_values[missing]" time="0.003" /><testcase classname="tests.serving.mcp.test_response_models" name="test_query_preview_defaults" time="0.001" /><testcase classname="tests.serving.mcp.test_response_models" name="test_query_preview_creation" time="0.001" /><testcase classname="tests.serving.mcp.test_response_models" name="test_semantic_query_tool_response_creation" time="0.001" /><testcase classname="tests.serving.mcp.test_response_models" name="test_semantic_query_tool_response_with_export" time="0.001" /><testcase classname="tests.serving.mcp.test_response_models" name="test_serving_meta_response_creation" time="0.001" /><testcase classname="tests.serving.mcp.test_response_models" name="test_resource_templates_response_creation" time="0.001" /><testcase classname="tests.serving.mcp.test_response_models" name="test_serving_meta_response_with_all_fields" time="0.004" /><testcase classname="tests.serving.mcp.test_response_models" name="test_default_resource_templates_count" time="0.001" /><testcase classname="tests.serving.mcp.test_response_models" name="test_default_resource_templates_structure" time="0.001" /><testcase classname="tests.serving.mcp.test_response_models" name="test_resource_templates_response_with_templates" time="0.001" /><testcase classname="tests.serving.mcp.test_response_models" name="test_export_format_values[jsonl]" time="0.001" /><testcase classname="tests.serving.mcp.test_response_models" name="test_default_resource_templates_uris" time="0.001" /><testcase classname="tests.serving.mcp.test_response_models" name="test_export_format_values[json]" time="0.001" /><testcase classname="tests.serving.mcp.test_response_models" name="test_export_format_values[parquet]" time="0.002" /><testcase classname="tests.serving.mcp.test_response_models" name="test_export_format_values[arrow]" time="0.001" /><testcase classname="tests.serving.mcp.test_response_models" name="test_serving_meta_response_json_round_trip" time="0.001" /><testcase classname="tests.serving.mcp.test_response_models" name="test_export_format_rejects_invalid" time="0.001" /><testcase classname="tests.serving.mcp.test_response_models" name="test_export_meta_response_json_round_trip" time="0.001" /><testcase classname="tests.serving.mcp.test_response_models" name="test_snapshot_ref_is_frozen" time="0.001" /><testcase classname="tests.serving.mcp.test_response_models" name="test_query_limits_is_frozen" time="0.001" /><testcase classname="tests.serving.mcp.test_response_models" name="test_resource_template_is_frozen" time="0.001" /><testcase classname="tests.serving.mcp.test_runtime" name="test_query_limiter_max_concurrent" time="0.001" /><testcase classname="tests.serving.mcp.test_runtime" name="test_query_limiter_run_sync_function[asyncio]" time="0.004" /><testcase classname="tests.serving.mcp.test_runtime" name="test_query_limiter_concurrency[asyncio]" time="0.121" /><testcase classname="tests.serving.mcp.test_runtime" name="test_query_limiter_run_async_function[asyncio]" time="0.014" /><testcase classname="tests.serving.mcp.test_runtime" name="test_query_limiter_higher_concurrency[asyncio]" time="0.046" /><testcase classname="tests.serving.mcp.test_sampling" name="test_mcp_sampling_opt_in_adds_summary[asyncio]" time="0.365" /><testcase classname="tests.serving.mcp.test_runtime" name="test_query_limiter_run_async_concurrency[asyncio]" time="0.114" /><testcase classname="tests.serving.mcp.test_server" name="test_create_mcp_server_creates_own_db_manager" time="0.072" /><testcase classname="tests.serving.mcp.test_server" name="test_create_mcp_server_accepts_injected_db_manager" time="0.056" /><testcase classname="tests.serving.mcp.test_server" name="test_create_mcp_server_does_not_start_injected_db_manager" time="0.045" /><testcase classname="tests.serving.mcp.test_server" name="test_create_mcp_server_with_default_settings" time="0.049" /><testcase classname="tests.serving.mcp.test_sampling" name="test_mcp_sampling_disabled_does_not_sample[asyncio]" time="0.351" /><testcase classname="tests.serving.mcp.test_sql_fingerprint" name="test_mcp_sql_fingerprint_is_stable_for_same_request[asyncio]" time="0.575" /><testcase classname="tests.serving.mcp.test_sql_fingerprint" name="test_mcp_sql_fingerprint_changes_when_limit_changes[asyncio]" time="0.619" /><testcase classname="tests.serving.mcp.test_tasks" name="test_mcp_export_task_mode_completes[asyncio]" time="0.657" /><testcase classname="tests.serving.http.test_export" name="test_export_v1_route" time="4.538" /><testcase classname="tests.serving.http.test_mcp_mount" name="test_mcp_health_at_mcp_path" time="4.541" /><testcase classname="tests.serving.http.test_export" name="test_export_invalid_filter_column" time="4.381" /><testcase classname="tests.serving.http.test_mcp_mount" name="test_mcp_not_mounted_when_disabled" time="0.042" /><testcase classname="tests.serving.http.test_export" name="test_export_respects_api_key" time="4.482" /><testcase classname="tests.serving.http.test_export_dispatch" name="test_http_export_dispatch_returns_row_count_for_parquet[asyncio]" time="0.005" /><testcase classname="tests.serving.semantic.test_kernel" name="test_kernel_export_rows_close_releases_export_pool[asyncio]" time="4.576" /><testcase classname="tests.serving.semantic.test_kernel" name="test_kernel_catalog_describe_query_meta[asyncio]" time="4.473" /><testcase classname="tests.serving.mcp.test_tasks" name="test_mcp_export_task_cancellation_cleans_up_artifacts[asyncio]" time="0.824" /><testcase classname="tests.serving.http.test_metrics" name="test_query_metrics_default_engine" time="0.000" /><testcase classname="tests.serving.semantic.test_query_builder" name="test_build_query_filters_orders_and_paginates" time="0.084" /><testcase classname="tests.serving.http.test_metrics" name="test_query_metrics_dataclass_is_frozen" time="0.000" /><testcase classname="tests.serving.semantic.test_query_builder" name="test_build_query_validates_operators" time="0.061" /><testcase classname="tests.serving.semantic.test_query_builder" name="test_build_query_rejects_unknown_column" time="0.010" /><testcase classname="tests.serving.semantic.test_registry" name="test_registry_load_lookup_and_serialize" time="0.002" /><testcase classname="tests.serving.test_auth_enforcement" name="test_fails_without_auth_on_0000" time="0.003" /><testcase classname="tests.serving.semantic.test_registry" name="test_registry_unknown_view_raises" time="0.002" /><testcase classname="tests.serving.test_auth_enforcement" name="test_fails_without_auth_on_ipv6_any" time="0.002" /><testcase classname="tests.serving.test_auth_enforcement" name="test_fails_without_auth_on_empty_host" time="0.002" /><testcase classname="tests.serving.test_auth_enforcement" name="test_error_message_mentions_env_vars" time="0.003" /><testcase classname="tests.serving.test_auth_enforcement" name="test_error_message_mentions_api_key" time="0.002" /><testcase classname="tests.serving.test_auth_enforcement" name="test_error_message_mentions_disable_option" time="0.001" /><testcase classname="tests.serving.test_auth_enforcement" name="test_succeeds_with_api_key_on_0000" time="0.003" /><testcase classname="tests.serving.test_auth_enforcement" name="test_succeeds_with_auth_token_on_0000" time="0.003" /><testcase classname="tests.serving.test_auth_enforcement" name="test_localhost_ipv4_no_auth_required" time="0.003" /><testcase classname="tests.serving.test_auth_enforcement" name="test_succeeds_with_both_auth_methods" time="0.002" /><testcase classname="tests.serving.test_auth_enforcement" name="test_localhost_ipv6_no_auth_required" time="0.001" /><testcase classname="tests.serving.test_auth_enforcement" name="test_localhost_name_no_auth_required" time="0.002" /><testcase classname="tests.serving.test_auth_enforcement" name="test_disabled_via_env_var" time="0.003" /><testcase classname="tests.serving.test_auth_enforcement" name="test_disabled_allows_public_bind_without_auth" time="0.002" /><testcase classname="tests.serving.test_auth_enforcement" name="test_auth_required_for_remote_from_env" time="0.002" /><testcase classname="tests.serving.test_auth_enforcement" name="test_auth_required_for_remote_default_true" time="0.001" /><testcase classname="tests.serving.test_mcp_feature_flags" name="test_default_all_tools_enabled" time="0.002" /><testcase classname="tests.serving.test_mcp_feature_flags" name="test_disable_search_via_env" time="0.004" /><testcase classname="tests.serving.test_mcp_feature_flags" name="test_disable_meta_via_env" time="0.004" /><testcase classname="tests.serving.test_mcp_feature_flags" name="test_disable_export_via_env" time="0.006" /><testcase classname="tests.serving.test_mcp_feature_flags" name="test_disable_multiple_tools_via_env" time="0.002" /><testcase classname="tests.serving.test_mcp_feature_flags" name="test_enable_search_explicitly_via_env" time="0.003" /><testcase classname="tests.serving.test_mcp_feature_flags" name="test_enable_all_explicitly_via_env" time="0.002" /><testcase classname="tests.serving.test_mcp_feature_flags" name="test_disable_all_optional_tools" time="0.002" /><testcase classname="tests.serving.test_mcp_feature_flags" name="test_constructor_override" time="0.001" /><testcase classname="tests.serving.test_mcp_metrics" name="test_query_metrics_dataclass" time="0.001" /><testcase classname="tests.serving.semantic.test_compiler_upgrade_gates" name="test_compiler_upgrade_gate_numeric_filter_sql_is_stable[asyncio]" time="4.602" /><testcase classname="tests.serving.test_mcp_metrics" name="test_query_metrics_with_search_query" time="0.001" /><testcase classname="tests.serving.test_mcp_metrics" name="test_log_query_metrics_emits_info" time="0.001" /><testcase classname="tests.serving.test_mcp_metrics" name="test_log_query_metrics_extra_fields" time="0.001" /><testcase classname="tests.serving.test_mcp_metrics" name="test_metrics_endpoint_naming_mcp_semantic" time="0.000" /><testcase classname="tests.serving.test_mcp_metrics" name="test_metrics_correlation_id_fallback" time="0.001" /><testcase classname="tests.serving.test_mcp_metrics" name="test_metrics_truncated_flag" time="0.000" /><testcase classname="tests.serving.semantic.test_pr88_polars_execution_path" name="test_polars_execution_path_matches_expected_rows[asyncio]" time="4.615" /><testcase classname="tests.serving.semantic.test_inventory" name="test_inventory_summary_counts_docs_views" time="0.002" /><testcase classname="tests.serving.test_semantic_http_routes" name="test_semantic_route_invalid_filter_returns_400" time="0.139" /><testcase classname="tests.serving.semantic.test_compiler_upgrade_gates" name="test_compiler_upgrade_gate_string_contains_sql_is_stable[asyncio]" time="4.433" /><testcase classname="tests.serving.semantic.test_kernel" name="test_kernel_describe_includes_lineage[asyncio]" time="4.219" /><testcase classname="tests.serving.test_semantic_http_routes" name="test_semantic_routes_support_correlation_id" time="0.154" /><testcase classname="tests.serving.semantic.test_inventory" name="test_inventory_load_and_lookup" time="0.003" /><testcase classname="tests.serving.test_semantic_mcp_tools" name="test_mcp_tool_error_handling[asyncio]" time="0.645" /><testcase classname="tests.serving.semantic.test_pr87_allowed_columns_enforced" name="test_warn_mode_intersects_unknown_columns[asyncio]" time="4.272" /><testcase classname="tests.serving.semantic.test_pr87_allowed_columns_enforced" name="test_strict_mode_rejects_unknown_columns[asyncio]" time="4.236" /><testcase classname="tests.serving.test_semantic_mcp_tools" name="test_mcp_tool_annotations_present[asyncio]" time="0.290" /><testcase classname="tests.serving.test_mcp_metrics" name="test_query_metrics_optional_engine" time="0.005" /><testcase classname="tests.serving.test_settings" name="test_settings_overrides" time="0.004" /><testcase classname="tests.serving.test_settings_mcp_worker_guardrails" name="test_create_serving_app_rejects_multi_worker_when_mcp_mounted" time="0.002" /><testcase classname="tests.serving.test_settings_mcp_worker_guardrails" name="test_create_serving_app_allows_multi_worker_when_mcp_not_mounted" time="0.051" /><testcase classname="tests.serving.test_streaming_ndjson" name="test_ndjson_stream_utf8_and_stringifies_types" time="0.001" /><testcase classname="tests.serving.test_uvicorn_config" name="test_uvicorn_workers_default" time="0.002" /><testcase classname="tests.serving.test_uvicorn_config" name="test_uvicorn_loop_default" time="0.002" /><testcase classname="tests.serving.test_uvicorn_config" name="test_uvicorn_http_default" time="0.003" /><testcase classname="tests.serving.test_uvicorn_config" name="test_uvicorn_limit_concurrency_default" time="0.003" /><testcase classname="tests.serving.test_uvicorn_config" name="test_uvicorn_limit_max_requests_default" time="0.002" /><testcase classname="tests.serving.test_uvicorn_config" name="test_uvicorn_timeout_keep_alive_default" time="0.003" /><testcase classname="tests.serving.test_uvicorn_config" name="test_uvicorn_backlog_default" time="0.002" /><testcase classname="tests.serving.test_uvicorn_config" name="test_uvicorn_access_log_default" time="0.004" /><testcase classname="tests.serving.test_uvicorn_config" name="test_uvicorn_server_header_default" time="0.002" /><testcase classname="tests.serving.test_uvicorn_config" name="test_uvicorn_proxy_headers_default" time="0.004" /><testcase classname="tests.serving.test_uvicorn_config" name="test_uvicorn_forwarded_allow_ips_default" time="0.002" /><testcase classname="tests.serving.test_uvicorn_config" name="test_uvicorn_workers_from_env" time="0.010" /><testcase classname="tests.serving.test_uvicorn_config" name="test_uvicorn_loop_from_env" time="0.005" /><testcase classname="tests.serving.test_uvicorn_config" name="test_uvicorn_http_from_env" time="0.003" /><testcase classname="tests.serving.test_uvicorn_config" name="test_uvicorn_limit_concurrency_from_env" time="0.002" /><testcase classname="tests.serving.test_semantic_mcp_tools" name="test_mcp_typed_response_structure[asyncio]" time="0.406" /><testcase classname="tests.serving.test_uvicorn_config" name="test_uvicorn_limit_concurrency_empty_is_none" time="0.004" /><testcase classname="tests.serving.test_uvicorn_config" name="test_uvicorn_timeout_keep_alive_from_env" time="0.002" /><testcase classname="tests.serving.test_uvicorn_config" name="test_uvicorn_backlog_from_env" time="0.007" /><testcase classname="tests.serving.test_uvicorn_config" name="test_uvicorn_access_log_disabled_from_env" time="0.004" /><testcase classname="tests.serving.test_uvicorn_config" name="test_uvicorn_server_header_enabled_from_env" time="0.003" /><testcase classname="tests.serving.test_uvicorn_config" name="test_uvicorn_proxy_headers_enabled_from_env" time="0.003" /><testcase classname="tests.serving.test_uvicorn_config" name="test_uvicorn_forwarded_allow_ips_from_env" time="0.004" /><testcase classname="tests.serving.test_uvicorn_config" name="test_production_config_with_workers" time="0.002" /><testcase classname="tests.serving.test_uvicorn_config" name="test_production_config_with_limits" time="0.002" /><testcase classname="tests.serving.test_http_mcp_integration" name="test_fastapi_app_mounts_mcp" time="17.127" /><testcase classname="tests.serving.test_mcp_middleware_rate_limit" name="test_mcp_rate_limiting_applies_to_list_tools[asyncio]" time="17.083" /><testcase classname="tests.serving.test_semantic_http_routes" name="test_semantic_routes_end_to_end" time="0.277" /><testcase classname="tests.serving.test_uvicorn_config" name="test_uvicorn_limit_max_requests_from_env" time="0.003" /><testcase classname="tests.serving.test_semantic_mcp_tools" name="test_mcp_tools_catalog_describe_and_query[asyncio]" time="0.503" /><testcase classname="tests.serving.test_semantic_mcp_tools" name="test_mcp_query_response_has_result_data[asyncio]" time="0.357" /><testcase classname="tests.serving.test_semantic_mcp_tools" name="test_mcp_serving_meta_typed_response[asyncio]" time="0.318" /><testcase classname="tests.serving.test_semantic_http_routes" name="test_semantic_routes_support_optional_api_key" time="0.127" /><testcase classname="tests.serving.test_serving_meta_tooling_mismatch_warnings" name="test_serving_meta_includes_tool_version_mismatch_warning[asyncio]" time="15.840"><failure message="AssertionError: Expected mismatch warning for sqlglot">serving_target_harness = ServingTargetHarness(harness=HamiltonBuildHarness(ctx=TestContext(snapshot=SnapshotRef(repo='test/repo', commit='deadb...rics', 't__test_profile': 'test_profile', 't__tests_ingest': 'tests_ingest', 't__typing': 'typing'})), _owns_ctx=True))

    @pytest.mark.anyio
    async def test_serving_meta_includes_tool_version_mismatch_warning(
        serving_target_harness: ServingTargetHarness,
    ) -&gt; None:
        """Return mismatch warnings when snapshot tool versions differ from runtime."""
        try:
            runtime_sqlglot = get_package_version("sqlglot")
        except PackageNotFoundError:
            pytest.skip("sqlglot not installed in runtime environment")
    
        pointer_path = _publish_serving_snapshot(serving_target_harness)
        serve_dir = pointer_path.parent
    
        (serve_dir / "environment.json").write_text(
            json.dumps({"tools": {"sqlglot": "0.0.0"}}, indent=2, sort_keys=True),
            encoding="utf-8",
        )
    
        manager = ServingDBManager(
            pointer_path=pointer_path,
            pool_cfg=PoolConfig(size=1),
            poll_interval_s=0.01,
        )
        await manager.start()
        try:
            settings = ServingSettings(
                serve_dir=serve_dir,
                hot_swap=False,
                pool_size=1,
                poll_interval_s=0.01,
            )
            kernel = SemanticQueryKernel(db=manager, settings=settings)
            mcp = build_mcp_app(kernel=kernel, settings=settings)
    
            async with Client(mcp) as client:
                payload = extract_payload(await client.call_tool("serving_meta", {}))
                warnings = payload.get("warnings")
                expected = f"tool-version-mismatch: sqlglot snapshot=0.0.0 runtime={runtime_sqlglot}"
                if not isinstance(warnings, list):
                    pytest.fail("Expected serving_meta.warnings to be a list")
&gt;               expect_true(expected in warnings, message="Expected mismatch warning for sqlglot")

tests/serving/test_serving_meta_tooling_mismatch_warnings.py:75: 
_ _ _ _ _ _ _ _ _ _ _ _ _ _ _ _ _ _ _ _ _ _ _ _ _ _ _ _ _ _ _ _ _ _ _ _ _ _ _ _ _ _

condition = False

    def expect_true(condition: object, *, message: str | None = None) -&gt; None:
        """Raise AssertionError when a boolean condition is not satisfied.
    
        Parameters
        ----------
        condition
            Value that must evaluate to True.
        message
            Optional override for the assertion message.
    
        Raises
        ------
        AssertionError
            If the condition evaluates to False.
        """
        if not condition:
&gt;           raise AssertionError(message or "Expected condition to be True.")
E           AssertionError: Expected mismatch warning for sqlglot

tests/_helpers/assertions/expectation_assertions.py:41: AssertionError</failure></testcase><testcase classname="tests.serving.test_mcp_feature_flags" name="test_disable_explain_via_env" time="0.003" /><testcase classname="tests.serving.test_problem_detail_adapter" name="test_problem_detail_adapter_matches_http_conversion" time="0.001" /><testcase classname="tests.serving.test_settings" name="test_settings_defaults" time="0.003" /></testsuite></testsuites>