<?xml version="1.0" encoding="utf-8"?><testsuites name="pytest tests"><testsuite name="pytest" errors="0" failures="0" skipped="0" tests="8" time="17.963" timestamp="2025-12-17T04:32:30.782444-05:00" hostname="paul-X870-AORUS-ELITE-WIFI7"><testcase classname="tests.build.test_context_contracts_errors" name="test_contract_validation_reports_duplicates" time="0.001" /><testcase classname="tests.build.test_context_contracts_errors" name="test_write_table_requires_contract_schema" time="3.155" /><testcase classname="tests.build.test_context_contracts_errors" name="test_build_error_collection_formats_and_filters" time="0.001" /><testcase classname="tests.build.test_context_contracts_errors" name="test_write_table_validation_and_recording" time="3.140" /><testcase classname="tests.build.test_context_contracts_errors" name="test_write_table_missing_schema_raises" time="3.104" /><testcase classname="tests.build.test_context_contracts_errors" name="test_artifact_path_resolution" time="3.208" /><testcase classname="tests.build.test_context_contracts_errors" name="test_write_table_column_mismatch_raises" time="3.148" /><testcase classname="tests.build.test_context_contracts_errors" name="test_gateway_property_returns_build_ctx_gateway" time="3.154" /></testsuite></testsuites>