<?xml version="1.0" encoding="utf-8"?><testsuites name="pytest tests"><testsuite name="pytest" errors="0" failures="0" skipped="0" tests="14" time="11.875" timestamp="2025-12-10T19:31:58.801678-05:00" hostname="paul-X870-AORUS-ELITE-WIFI7"><testcase classname="tests.cli.commands.test_jobs.TestGetJobStatus" name="test_get_nonexistent_job" time="0.002" /><testcase classname="tests.cli.commands.test_jobs.TestCleanupJobs" name="test_cleanup_custom_age" time="0.002" /><testcase classname="tests.cli.commands.test_jobs.TestCleanupJobs" name="test_cleanup_default_age" time="0.002" /><testcase classname="tests.cli.commands.test_jobs.TestListJobs" name="test_list_filtered_by_status" time="0.002" /><testcase classname="tests.cli.commands.test_jobs.TestGetJobOutput" name="test_get_completed_job_output" time="0.002" /><testcase classname="tests.cli.commands.test_jobs.TestGetJobStatus" name="test_get_existing_job" time="0.002" /><testcase classname="tests.cli.commands.test_jobs.TestListJobs" name="test_list_all_jobs" time="0.002" /><testcase classname="tests.cli.commands.test_jobs.TestGetJobOutput" name="test_get_nonexistent_job_output" time="0.002" /><testcase classname="tests.cli.commands.test_jobs.TestCancelJob" name="test_cancel_running_job" time="0.002" /><testcase classname="tests.cli.commands.test_jobs.TestJobInfoSerialization" name="test_to_dict_omits_none" time="0.002" /><testcase classname="tests.cli.commands.test_jobs.TestCancelJob" name="test_cancel_completed_job" time="0.002" /><testcase classname="tests.cli.commands.test_jobs.TestListJobs" name="test_list_with_limit" time="0.002" /><testcase classname="tests.cli.commands.test_jobs.TestJobInfoSerialization" name="test_to_dict_includes_values" time="0.005" /><testcase classname="tests.cli.commands.test_jobs.TestGetJobOutput" name="test_get_running_job_output" time="0.002" /></testsuite></testsuites>