<?xml version="1.0" encoding="utf-8"?><testsuites name="pytest tests"><testsuite name="pytest" errors="0" failures="0" skipped="0" tests="98" time="27.423" timestamp="2025-12-10T14:47:46.688426-05:00" hostname="paul-X870-AORUS-ELITE-WIFI7"><testcase classname="tests.ingestion.test_db_queries" name="test_duckdb_query_errors_is_tuple" time="0.001" /><testcase classname="tests.ingestion.plugins.test_coverage_plugin" name="test_execute_skips_when_no_coverage_file[asyncio]" time="2.355" /><testcase classname="tests.ingestion.test_db_queries" name="test_table_not_found_error" time="0.001" /><testcase classname="tests.ingestion.plugins.test_coverage_plugin" name="test_resolve_coverage_file_prefers_repo_dot_coverage" time="2.416" /><testcase classname="tests.ingestion.plugins.test_coverage_plugin" name="test_execute_fails_when_collector_missing[asyncio]" time="2.195" /><testcase classname="tests.ingestion.plugins.test_coverage_plugin" name="test_paths_to_modules_builds_metadata" time="0.002" /><testcase classname="tests.ingestion.plugins.test_tests_plugin" name="test_execute_ingests_test_results_and_summary[asyncio]" time="2.502" /><testcase classname="tests.ingestion.plugins.test_scip_plugin" name="test_execute_ingests_symbols_and_occurrences[asyncio]" time="2.487" /><testcase classname="tests.ingestion.plugins.test_tests_plugin" name="test_execute_fails_on_malformed_report[asyncio]" time="2.572" /><testcase classname="tests.ingestion.test_db_queries" name="test_column_not_found_error" time="0.006" /><testcase classname="tests.ingestion.plugins.test_scip_plugin" name="test_module_path_resolution_scenarios[resources]" time="2.117" /><testcase classname="tests.ingestion.plugins.test_coverage_plugin" name="test_execute_fails_when_collector_raises[asyncio]" time="2.139" /><testcase classname="tests.ingestion.plugins.test_docstrings_plugin" name="test_gateway_errors_log_warning[asyncio]" time="2.238" /><testcase classname="tests.ingestion.plugins.test_docstrings_plugin" name="test_execute_logs_step_errors[asyncio]" time="2.120" /><testcase classname="tests.ingestion.test_change_tracker" name="test_compute_changes_tracks_add_modify_delete" time="2.441" /><testcase classname="tests.ingestion.plugins.test_cst_extract_plugin" name="test_cst_extract_wiring_scenarios[asyncio-gateway_failure]" time="2.340" /><testcase classname="tests.ingestion.plugins.test_cst_extract_plugin" name="test_cst_extract_wiring_scenarios[asyncio-resources]" time="2.344" /><testcase classname="tests.ingestion.plugins.test_cst_extract_plugin" name="test_cst_extract_custom_result[asyncio]" time="2.129" /><testcase classname="tests.ingestion.plugins.test_tests_plugin" name="test_module_path_resolution_scenarios[resources]" time="2.367" /><testcase classname="tests.ingestion.plugins.test_coverage_plugin" name="test_execute_ingests_coverage_with_fake_collector[asyncio]" time="2.311" /><testcase classname="tests.ingestion.plugins.test_coverage_plugin" name="test_module_path_resolution_scenarios[resources]" time="2.369" /><testcase classname="tests.ingestion.plugins.test_coverage_plugin" name="test_module_path_resolution_scenarios[db_fallback]" time="2.400" /><testcase classname="tests.ingestion.test_change_tracker" name="test_view_for_dataset_modes[flag_full_rebuild]" time="2.399" /><testcase classname="tests.ingestion.plugins.test_repo_scan_plugin" name="test_row_counts_ignore_absent_tables_without_errors[asyncio]" time="2.560" /><testcase classname="tests.ingestion.plugins.test_scip_plugin" name="test_paths_to_modules_creates_records" time="0.001" /><testcase classname="tests.ingestion.plugins.test_ast_extract_plugin" name="test_ast_extract_wiring_scenarios[asyncio-resources]" time="2.465" /><testcase classname="tests.ingestion.test_db_queries" name="test_query_error_attributes" time="0.001" /><testcase classname="tests.ingestion.test_change_tracker" name="test_view_for_dataset_modes[ratio_full]" time="2.472" /><testcase classname="tests.ingestion.plugins.test_scip_plugin" name="test_execute_fails_when_indexer_returns_error[asyncio]" time="2.202" /><testcase classname="tests.ingestion.plugins.test_repo_scan_plugin" name="test_execute_populates_modules_and_repo_map[asyncio]" time="2.641" /><testcase classname="tests.ingestion.plugins.test_docstrings_plugin" name="test_docstrings_wiring_scenarios[asyncio-db_fallback]" time="2.514" /><testcase classname="tests.ingestion.plugins.test_tests_plugin" name="test_execute_handles_missing_report[asyncio]" time="2.194" /><testcase classname="tests.ingestion.plugins.test_tests_plugin" name="test_module_path_resolution_scenarios[gateway_failure]" time="2.531" /><testcase classname="tests.ingestion.plugins.test_tests_plugin" name="test_resolve_report_file_prefers_build_dir" time="2.125" /><testcase classname="tests.ingestion.test_db_queries" name="test_safe_count_with_scope_filters_by_snapshot" time="2.587" /><testcase classname="tests.ingestion.plugins.test_scip_plugin" name="test_module_path_resolution_scenarios[gateway_failure]" time="2.608" /><testcase classname="tests.ingestion.plugins.test_scip_plugin" name="test_execute_raises_when_indexer_missing[asyncio]" time="2.082" /><testcase classname="tests.ingestion.test_docstrings_inventory" name="test_docstrings_uses_module_inventory_not_filesystem_scan" time="2.746" /><testcase classname="tests.ingestion.plugins.test_ast_extract_plugin" name="test_ast_extract_wiring_scenarios[asyncio-gateway_failure]" time="2.639" /><testcase classname="tests.ingestion.plugins.test_ast_extract_plugin" name="test_execute_custom_result[asyncio]" time="2.089" /><testcase classname="tests.ingestion.plugins.test_scip_plugin" name="test_module_path_resolution_scenarios[db_fallback]" time="2.154" /><testcase classname="tests.ingestion.test_change_tracker" name="test_incremental_ingest_ops_reparse_changed_modules" time="2.221" /><testcase classname="tests.ingestion.plugins.test_cst_extract_plugin" name="test_cst_extract_wiring_scenarios[asyncio-db_fallback]" time="2.145" /><testcase classname="tests.ingestion.plugins.test_tests_plugin" name="test_module_path_resolution_scenarios[db_fallback]" time="2.182" /><testcase classname="tests.ingestion.test_change_tracker" name="test_view_for_dataset_modes[filter_incremental]" time="2.124" /><testcase classname="tests.ingestion.plugins.test_coverage_plugin" name="test_module_path_resolution_scenarios[gateway_failure]" time="2.219" /><testcase classname="tests.ingestion.plugins.test_ast_extract_plugin" name="test_ast_extract_wiring_scenarios[asyncio-db_fallback]" time="2.205" /><testcase classname="tests.ingestion.plugins.test_repo_scan_plugin" name="test_compute_row_counts_handles_missing_table[asyncio]" time="2.104" /><testcase classname="tests.ingestion.test_docstrings_inventory" name="test_docstrings_respects_scan_profile_and_module_inventory" time="2.230" /><testcase classname="tests.ingestion.plugins.test_docstrings_plugin" name="test_docstrings_wiring_scenarios[asyncio-gateway_failure]" time="2.209" /><testcase classname="tests.ingestion.test_db_queries" name="test_foreign_key_ref_dataclass" time="0.001" /><testcase classname="tests.ingestion.plugins.test_docstrings_plugin" name="test_docstrings_wiring_scenarios[asyncio-resources]" time="2.197" /><testcase classname="tests.ingestion.test_change_tracker" name="test_view_for_dataset_modes[incremental]" time="2.031" /><testcase classname="tests.ingestion.test_db_queries" name="test_foreign_key_ref_default_allow_null" time="0.001" /><testcase classname="tests.ingestion.test_db_queries" name="test_safe_count_nulls_no_nulls" time="1.357" /><testcase classname="tests.ingestion.test_db_queries" name="test_safe_table_exists_sql_injection_protection" time="7.525" /><testcase classname="tests.ingestion.test_db_queries" name="test_safe_table_exists_invalid_or_missing[invalid-key]" time="7.636" /><testcase classname="tests.ingestion.test_db_queries" name="test_safe_count_existing_table" time="7.663" /><testcase classname="tests.ingestion.test_db_queries" name="test_safe_get_columns_existing_table" time="7.682" /><testcase classname="tests.ingestion.test_db_queries" name="test_safe_count_with_scope_no_matches" time="7.721" /><testcase classname="tests.ingestion.test_db_queries" name="test_safe_count_invalid_or_missing_table[]" time="7.757" /><testcase classname="tests.ingestion.test_db_queries" name="test_safe_count_invalid_or_missing_table[nonexistent.table_xyz]" time="7.783" /><testcase classname="tests.ingestion.test_db_queries" name="test_safe_count_returns_correct_count" time="1.254" /><testcase classname="tests.ingestion.test_db_queries" name="test_safe_get_columns_nonexistent_or_invalid[nonexistent.table_xyz]" time="7.022" /><testcase classname="tests.ingestion.test_db_queries" name="test_safe_count_non_positive_with_negatives" time="7.048" /><testcase classname="tests.ingestion.test_db_queries" name="test_safe_count_non_positive_invalid_table" time="7.059" /><testcase classname="tests.ingestion.test_db_queries" name="test_safe_count_with_scope_nonexistent_table" time="7.069" /><testcase classname="tests.ingestion.test_db_queries" name="test_safe_count_nulls_invalid_inputs[core.modules-nonexistent_col]" time="6.513" /><testcase classname="tests.ingestion.test_db_queries" name="test_safe_count_nulls_with_nulls" time="6.589" /><testcase classname="tests.ingestion.test_db_queries" name="test_safe_min_value_with_data" time="6.625" /><testcase classname="tests.ingestion.test_db_queries" name="test_safe_count_nulls_invalid_inputs[invalid.table-column]" time="6.647" /><testcase classname="tests.ingestion.test_db_queries" name="test_safe_min_value_empty_table" time="6.646" /><testcase classname="tests.ingestion.test_db_queries" name="test_safe_count_duplicates_invalid_table" time="6.628" /><testcase classname="tests.ingestion.test_db_queries" name="test_safe_max_value_invalid_column" time="6.629" /><testcase classname="tests.ingestion.test_db_queries" name="test_safe_min_value_invalid_table" time="6.630" /><testcase classname="tests.ingestion.test_db_queries" name="test_safe_max_value_with_data" time="6.614" /><testcase classname="tests.ingestion.test_db_queries" name="test_safe_count_duplicates_no_dupes" time="6.657" /><testcase classname="tests.ingestion.test_db_queries" name="test_safe_not_null_fraction_all_not_null" time="6.637" /><testcase classname="tests.ingestion.test_db_queries" name="test_safe_count_orphan_refs_with_nulls_allowed" time="6.656" /><testcase classname="tests.ingestion.test_db_queries" name="test_safe_not_null_fraction_empty_table" time="6.682" /><testcase classname="tests.ingestion.test_db_queries" name="test_safe_count_orphan_refs_invalid_table" time="6.623" /><testcase classname="tests.ingestion.test_db_queries" name="test_safe_not_null_fraction_half_null" time="6.675" /><testcase classname="tests.ingestion.test_db_queries" name="test_safe_not_null_fraction_all_null" time="6.655" /><testcase classname="tests.ingestion.test_db_queries" name="test_safe_count_orphan_refs_no_orphans" time="6.664" /><testcase classname="tests.ingestion.test_db_queries" name="test_safe_not_null_fraction_invalid_table" time="6.619" /><testcase classname="tests.ingestion.test_db_queries" name="test_safe_macro_exists_existing_macro" time="6.446" /><testcase classname="tests.ingestion.test_db_queries" name="test_safe_count_with_special_characters" time="6.777" /><testcase classname="tests.ingestion.test_db_queries" name="test_safe_count_sql_injection_protection" time="6.791" /><testcase classname="tests.ingestion.test_db_queries" name="test_safe_count_with_unicode" time="6.797" /><testcase classname="tests.ingestion.test_db_queries" name="test_safe_get_columns_nonexistent_or_invalid[invalid-key]" time="6.808" /><testcase classname="tests.ingestion.test_db_queries" name="test_safe_table_exists_invalid_or_missing[nonexistent.table_xyz]" time="6.806" /><testcase classname="tests.ingestion.test_db_queries" name="test_safe_count_invalid_or_missing_table[no-dot-separator]" time="6.771" /><testcase classname="tests.ingestion.test_db_queries" name="test_safe_max_value_empty_table" time="6.675" /><testcase classname="tests.ingestion.test_db_queries" name="test_safe_count_non_positive_all_positive" time="6.658" /><testcase classname="tests.ingestion.test_db_queries" name="test_safe_count_duplicates_with_dupes" time="6.676" /><testcase classname="tests.ingestion.test_db_queries" name="test_safe_count_orphan_refs_with_orphans" time="6.632" /><testcase classname="tests.ingestion.test_db_queries" name="test_safe_macro_exists_builtin_function" time="6.638" /><testcase classname="tests.ingestion.test_db_queries" name="test_safe_macro_exists_nonexistent_macro" time="6.623" /></testsuite></testsuites>