<?xml version="1.0" encoding="utf-8"?><testsuites name="pytest tests"><testsuite name="pytest" errors="0" failures="0" skipped="0" tests="5" time="17.039" timestamp="2025-12-10T12:51:09.771981-05:00" hostname="paul-X870-AORUS-ELITE-WIFI7"><testcase classname="tests.storage.test_gateway_helpers" name="test_insert_helpers_write_expected_rows" time="1.575" /><testcase classname="tests.storage.repositories.test_repositories" name="test_subsystem_repository_reads" time="1.584" /><testcase classname="tests.storage.repositories.test_repositories" name="test_data_model_accessors" time="7.627" /><testcase classname="tests.storage.repositories.test_repositories" name="test_function_repository_reads" time="7.927" /><testcase classname="tests.storage.repositories.test_repositories" name="test_module_repository_reads" time="7.924" /></testsuite></testsuites>