<?xml version="1.0" encoding="utf-8"?><testsuites name="pytest tests"><testsuite name="pytest" errors="0" failures="2" skipped="0" tests="194" time="22.882" timestamp="2025-12-02T01:05:17.318047-05:00" hostname="paul-X870-AORUS-ELITE-WIFI7"><testcase classname="tests.analytics.core.test_executor_helpers" name="test_execute_plugin_records_success" time="1.256" /><testcase classname="tests.analytics.core.test_executor_helpers" name="test_execute_plugin_handles_validation_failure" time="1.257" /><testcase classname="tests.analytics.core.test_plugin_protocol" name="test_validation_result[case0]" time="0.002" /><testcase classname="tests.analytics.core.test_plugin_registration" name="test_ensure_plugins_registered_is_idempotent" time="0.008" /><testcase classname="tests.analytics.core.test_contract_helpers" name="test_builds_contracts_from_metadata_outputs" time="0.001" /><testcase classname="tests.analytics.core.test_plugin_protocol" name="test_plugin_output_spec_creation[spec0-expected_tables0-None]" time="0.002" /><testcase classname="tests.analytics.core.test_plugin_protocol" name="test_plugin_result_fail[Something went wrong-warnings0-artifacts0-row_counts0]" time="0.002" /><testcase classname="tests.analytics.core.test_plugin_protocol" name="test_validation_result[case2]" time="0.002" /><testcase classname="tests.analytics.core.test_plugin_protocol" name="test_plugin_input_spec_creation[case0]" time="0.001" /><testcase classname="tests.analytics.core.test_plugin_registration" name="test_plan_multiple_plugins" time="0.011" /><testcase classname="tests.analytics.core.test_plugin_protocol" name="test_plugin_result_ok_variants[row_counts0-artifacts0-meta0]" time="0.002" /><testcase classname="tests.analytics.core.test_plugin_registration" name="test_plan_unknown_plugin_raises" time="0.008" /><testcase classname="tests.analytics.core.test_plugin_protocol" name="test_plugin_metadata_minimal" time="0.001" /><testcase classname="tests.analytics.core.test_plugin_registration" name="test_nonexistent_plugin_raises_keyerror" time="0.008" /><testcase classname="tests.analytics.core.test_plugin_protocol" name="test_plugin_resource_hints[hints0-expected0]" time="0.002" /><testcase classname="tests.analytics.core.test_plugin_registration" name="test_plugins_by_stage" time="0.008" /><testcase classname="tests.analytics.core.test_recipes" name="test_recipe_with_fail_fast_returns_new_instance[case0]" time="0.002" /><testcase classname="tests.analytics.core.test_recipes" name="test_recipe_with_plugins_is_immutable" time="0.001" /><testcase classname="tests.analytics.core.test_recipes" name="test_recipe_function_creates_builder" time="0.001" /><testcase classname="tests.analytics.core.test_recipes" name="test_register_and_get_recipe" time="0.002" /><testcase classname="tests.analytics.core.test_recipes" name="test_recipe_builder_variations[case0]" time="0.001" /><testcase classname="tests.analytics.core.test_executor_contracts" name="test_execute_populates_contract_results_for_metadata_contracts" time="5.492" /><testcase classname="tests.analytics.core.test_plugin_registration" name="test_plugins_have_valid_metadata" time="0.009" /><testcase classname="tests.analytics.core.test_recipes" name="test_recipe_builder_variations[case2]" time="0.001" /><testcase classname="tests.analytics.core.test_plugin_registration" name="test_expected_plugins_are_registered" time="0.008" /><testcase classname="tests.analytics.core.test_registry" name="test_register_plugins[plugins_to_register1]" time="0.007" /><testcase classname="tests.analytics.core.test_recipes" name="test_get_unknown_raises" time="0.002" /><testcase classname="tests.analytics.core.test_contract_helpers" name="test_returns_empty_when_no_contracts_available" time="0.001" /><testcase classname="tests.analytics.core.test_executor_contracts" name="test_contracts_empty_when_no_outputs_or_explicit" time="0.001" /><testcase classname="tests.analytics.core.test_recipes" name="test_list_by_tag_filters_recipes" time="0.001" /><testcase classname="tests.analytics.core.test_recipes" name="test_create_empty_scope" time="0.001" /><testcase classname="tests.analytics.core.test_plugin_protocol" name="test_plugin_capability_kind[test.cap-None-dataset]" time="0.002" /><testcase classname="tests.analytics.core.test_plugin_protocol" name="test_plugin_result_ok_variants[row_counts1-artifacts1-meta1]" time="0.001" /><testcase classname="tests.analytics.core.test_plugin_protocol" name="test_plugin_result_ok" time="0.000" /><testcase classname="tests.analytics.core.test_recipes" name="test_recipe_with_fail_fast_returns_new_instance[case1]" time="0.001" /><testcase classname="tests.analytics.core.test_plugin_protocol" name="test_plugin_result_fail[Fatal error-warnings1-artifacts1-row_counts1]" time="0.001" /><testcase classname="tests.analytics.core.test_plugin_protocol" name="test_plugin_input_spec_creation[case1]" time="0.000" /><testcase classname="tests.analytics.core.test_recipes" name="test_register_duplicate_raises" time="0.001" /><testcase classname="tests.analytics.core.test_recipes" name="test_recipe_with_config_returns_new_instance" time="0.000" /><testcase classname="tests.analytics.core.test_recipes" name="test_get_optional_unknown_returns_none" time="0.000" /><testcase classname="tests.analytics.core.test_recipes" name="test_recipe_builder_variations[case1]" time="0.001" /><testcase classname="tests.analytics.core.test_plugin_protocol" name="test_plugin_output_spec_creation[spec1-expected_tables1-json_report]" time="0.001" /><testcase classname="tests.analytics.core.test_plugin_protocol" name="test_plugin_resource_hints[hints1-expected1]" time="0.001" /><testcase classname="tests.analytics.core.test_recipes" name="test_recipe_builder_variations[case3]" time="0.001" /><testcase classname="tests.analytics.core.test_registry" name="test_register_plugins[plugins_to_register0]" time="0.007" /><testcase classname="tests.analytics.core.test_plugin_protocol" name="test_validation_result[case1]" time="0.000" /><testcase classname="tests.analytics.core.test_executor_contracts" name="test_contracts_not_rebuilt_after_cache_fill" time="0.000" /><testcase classname="tests.analytics.core.test_plugin_protocol" name="test_plugin_metadata_full" time="0.001" /><testcase classname="tests.analytics.core.test_executor_contracts" name="test_contracts_cached_per_plugin_name" time="0.001" /><testcase classname="tests.analytics.core.test_contract_helpers" name="test_prefers_explicit_output_contracts" time="0.001" /><testcase classname="tests.analytics.core.test_registry" name="test_list_all_plugins" time="0.007" /><testcase classname="tests.analytics.core.test_registry" name="test_plan_detects_cycle" time="0.008" /><testcase classname="tests.analytics.core.test_registry" name="test_list_by_stage" time="0.007" /><testcase classname="tests.analytics.core.test_recipes" name="test_compose_recipes_deduplicates_plugins_and_merges_tags" time="0.001" /><testcase classname="tests.analytics.core.test_plugin_registration" name="test_plan_with_disabled_plugin" time="0.001" /><testcase classname="tests.analytics.core.test_plugin_registration" name="test_plan_single_plugin" time="0.003" /><testcase classname="tests.analytics.core.test_registry" name="test_plan_default_enabled_only" time="0.008" /><testcase classname="tests.analytics.core.test_recipes" name="test_create_scope_with_paths_and_modules" time="0.000" /><testcase classname="tests.analytics.core.test_plugin_protocol" name="test_plugin_capability_is_frozen" time="0.000" /><testcase classname="tests.analytics.core.test_registry" name="test_plan_with_disabled" time="0.008" /><testcase classname="tests.analytics.core.test_traits" name="test_filter_by_scope_respects_supported_scopes[case1]" time="0.001" /><testcase classname="tests.analytics.core.test_plugin_registration" name="test_plugins_can_be_retrieved_by_name" time="0.000" /><testcase classname="tests.analytics.core.test_recipes" name="test_create_minimal_recipe" time="0.000" /><testcase classname="tests.analytics.core.test_registry" name="test_plan_respects_dependencies" time="0.009" /><testcase classname="tests.analytics.core.test_traits" name="test_filter_by_scope_respects_supported_scopes[case0]" time="0.001" /><testcase classname="tests.analytics.core.test_registry" name="test_decorated_plugin_executes" time="1.265" /><testcase classname="tests.analytics.core.test_plugin_registration" name="test_no_duplicate_plugin_names" time="0.001" /><testcase classname="tests.analytics.core.test_registry" name="test_register_duplicate_raises" time="0.001" /><testcase classname="tests.analytics.core.test_traits" name="test_filter_by_scope_respects_supported_scopes[case2]" time="0.001" /><testcase classname="tests.analytics.core.test_registry" name="test_get_unknown_plugin_raises" time="0.008" /><testcase classname="tests.analytics.test_analytics_dataset_contracts" name="test_function_metrics_insertion_is_idempotent" time="1.278" /><testcase classname="tests.analytics.core.test_traits" name="test_filter_by_scope_respects_supported_scopes[case3]" time="0.001" /><testcase classname="tests.analytics.core.test_traits" name="test_filter_by_scope_respects_supported_scopes[case4]" time="0.001" /><testcase classname="tests.analytics.test_analytics_dataset_contracts" name="test_graph_metrics_functions_idempotent_and_fk_clean" time="1.285" /><testcase classname="tests.analytics.core.test_registry" name="test_plan_with_explicit_plugins" time="0.008" /><testcase classname="tests.analytics.core.test_registry" name="test_plugin_decorator_simple" time="0.000" /><testcase classname="tests.analytics.core.test_registry" name="test_list_by_capability" time="0.008" /><testcase classname="tests.analytics.test_ast_utils" name="test_literal_value_coercions" time="0.000" /><testcase classname="tests.analytics.core.test_registry" name="test_unregister_plugin" time="0.008" /><testcase classname="tests.analytics.core.test_plugin_registration" name="test_all_plugins_constant_matches_registry" time="0.001" /><testcase classname="tests.analytics.core.test_plugin_registration" name="test_plugins_providing_analytics_tables" time="0.000" /><testcase classname="tests.analytics.test_analytics_rows_contracts" name="test_function_metrics_row_matches_schema" time="0.001" /><testcase classname="tests.analytics.test_analytics_rows_contracts" name="test_graph_metrics_functions_row_matches_schema" time="0.001" /><testcase classname="tests.analytics.test_analytics_rows_contracts" name="test_graph_metrics_modules_row_matches_schema" time="0.001" /><testcase classname="tests.analytics.test_domain_api_exports" name="test_graphs_api_exports_expected_symbols" time="0.000" /><testcase classname="tests.analytics.test_ast_utils" name="test_safe_unparse_survives_invalid_nodes" time="0.000" /><testcase classname="tests.analytics.test_cli_parser" name="test_function_parser_default_none" time="0.008" /><testcase classname="tests.analytics.core.test_registry" name="test_plugin_decorator_with_capabilities" time="0.001" /><testcase classname="tests.analytics.test_analytics_rows_contracts" name="test_graph_metrics_functions_ext_row_matches_schema" time="0.001" /><testcase classname="tests.analytics.test_analytics_rows_contracts" name="test_graph_metrics_modules_ext_row_matches_schema" time="0.001" /><testcase classname="tests.analytics.test_analytics_rows_contracts" name="test_test_profile_row_matches_schema" time="0.001" /><testcase classname="tests.analytics.test_analytics_rows_contracts" name="test_behavioral_coverage_row_matches_schema" time="0.001" /><testcase classname="tests.analytics.test_evidence" name="test_evidence_collector_deduplicates_and_truncates" time="0.001" /><testcase classname="tests.analytics.test_ast_utils" name="test_resolve_call_target_uses_alias_map" time="0.000" /><testcase classname="tests.analytics.test_analytics_rows_contracts" name="test_function_types_row_matches_schema" time="0.001" /><testcase classname="tests.analytics.test_ast_utils" name="test_call_name_resolves_attribute_chain" time="0.000" /><testcase classname="tests.analytics.test_entrypoints_and_dependencies" name="test_entrypoints_and_dependencies_round_trip" time="7.182"><failure message="TypeError: ingest_python_ast() missing 1 required positional argument: 'modules'">tests/analytics/test_entrypoints_and_dependencies.py:310: in test_entrypoints_and_dependencies_round_trip
    ingest_python_ast(tracker)
E   TypeError: ingest_python_ast() missing 1 required positional argument: 'modules'</failure></testcase><testcase classname="tests.analytics.test_ast_utils" name="test_snippet_from_lines_includes_range" time="0.000" /><testcase classname="tests.analytics.test_dependencies_config_values" name="test_load_config_keys_filters_repo" time="7.031" /><testcase classname="tests.analytics.test_cli_parser" name="test_function_parser_invalid_exits" time="0.010" /><testcase classname="tests.analytics.test_domain_api_exports" name="test_functions_api_exports_expected_symbols" time="0.000" /><testcase classname="tests.analytics.test_domain_api_exports" name="test_history_api_exports_expected_symbols" time="0.001" /><testcase classname="tests.analytics.test_function_profile_contract" name="test_module_profile_writer_registry_and_prepared_statements" time="0.001" /><testcase classname="tests.analytics.test_function_profile_contract" name="test_module_profile_tuple_alignment" time="0.001" /><testcase classname="tests.analytics.test_function_profile_contract" name="test_function_profile_writer_registry_and_prepared_statements" time="0.001" /><testcase classname="tests.analytics.test_function_profile_contract" name="test_file_profile_tuple_alignment" time="0.001" /><testcase classname="tests.analytics.test_function_profile_contract" name="test_test_profile_tuple_alignment" time="0.001" /><testcase classname="tests.analytics.test_function_metrics_plugin_runtime" name="test_function_metrics_plugin_executes" time="1.336"><failure message="Failed: Function metrics did not emit rows.">tests/analytics/test_function_metrics_plugin_runtime.py:105: in test_function_metrics_plugin_executes
    pytest.fail(msg)
E   Failed: Function metrics did not emit rows.</failure></testcase><testcase classname="tests.analytics.test_function_profile_contract" name="test_behavioral_coverage_writer_registry_and_prepared_statements" time="0.001" /><testcase classname="tests.analytics.test_function_profile_contract" name="test_test_profile_writer_registry_and_prepared_statements" time="0.001" /><testcase classname="tests.analytics.test_graph_metric_filters" name="test_filter_call_graph_prunes_nodes" time="0.001" /><testcase classname="tests.analytics.test_graph_metric_filters" name="test_filter_import_graph_noop_without_modules" time="0.001" /><testcase classname="tests.analytics.test_function_profile_contract" name="test_behavioral_coverage_tuple_alignment" time="0.001" /><testcase classname="tests.analytics.test_graph_metric_filters_integration" name="test_filters_prune_architecture_metrics" time="7.582" /><testcase classname="tests.analytics.test_graph_metrics_calculations" name="test_graph_metrics_ready_gateway_smoke" time="1.679" /><testcase classname="tests.analytics.test_graph_runtime_cache" name="test_disk_cache_round_trip" time="0.004" /><testcase classname="tests.analytics.test_graph_runtime_cache" name="test_disk_cache_mismatch_falls_back_to_loader" time="0.003" /><testcase classname="tests.analytics.test_graph_metrics_calculations" name="test_compute_module_graph_metrics_with_symbol_coupling" time="1.702" /><testcase classname="tests.analytics.test_graph_service_unit" name="test_neighbor_stats_with_weights" time="0.001" /><testcase classname="tests.analytics.test_graph_service_unit" name="test_global_graph_stats_triangle" time="0.004" /><testcase classname="tests.analytics.test_graph_service_unit" name="test_bounded_simple_path_count_caps_results" time="0.001" /><testcase classname="tests.analytics.test_graph_service_unit" name="test_structural_metrics_triangle_and_core" time="0.075" /><testcase classname="tests.analytics.test_graph_metric_filters" name="test_filter_subsystem_memberships_respects_allowlists" time="0.001" /><testcase classname="tests.analytics.test_graph_service_unit" name="test_projection_metrics_basic" time="0.016" /><testcase classname="tests.analytics.test_model_config_heuristics" name="test_data_models_and_usage_and_config_flow" time="1.401" /><testcase classname="tests.analytics.test_history_timeseries" name="test_history_timeseries_aggregates_functions" time="17.600" /><testcase classname="tests.analytics.test_semantic_roles_signals" name="test_fastapi_role_detected" time="0.003" /><testcase classname="tests.analytics.test_semantic_roles_signals" name="test_typer_cli_detected" time="0.002" /><testcase classname="tests.analytics.test_span_resolver" name="test_resolve_span_missing" time="0.001" /><testcase classname="tests.analytics.test_span_resolver" name="test_resolve_span_success" time="0.002" /><testcase classname="tests.analytics.core.test_plugin_protocol" name="test_plugin_capability_kind[analytics.function_metrics-dataset-dataset]" time="0.001" /><testcase classname="tests.analytics.core.test_executor_helpers" name="test_execute_plugin_handles_execution_error" time="1.298" /><testcase classname="tests.analytics.test_tests_profiles_helpers" name="test_importance_guardrails_and_monotonicity" time="0.000" /><testcase classname="tests.analytics.test_tests_profiles_helpers" name="test_build_behavioral_coverage_rows_normalization" time="0.000" /><testcase classname="tests.analytics.test_tests_profiles_helpers" name="test_build_behavior_rows_mixed_sources" time="0.001" /><testcase classname="tests.analytics.test_tests_profiles_helpers" name="test_write_test_profile_rows_with_stubs" time="0.000" /><testcase classname="tests.analytics.test_tests_profiles_registry_and_snapshots" name="test_test_profile_model_snapshot" time="0.001" /><testcase classname="tests.analytics.test_tests_profiles_registry_and_snapshots" name="test_behavioral_writer_registry_guard" time="0.000" /><testcase classname="tests.analytics.test_tests_profiles_wrappers" name="test_coverage_wrappers_empty" time="0.036" /><testcase classname="tests.analytics.test_tests_profiles_wrappers" name="test_importance_and_flakiness_scoring" time="0.000" /><testcase classname="tests.analytics.test_writer_guard" name="test_writer_guard_happy_path_executes_delete_and_insert" time="0.001" /><testcase classname="tests.analytics.test_entrypoint_evidence" name="test_detect_entrypoints_emits_snippet_evidence" time="0.001" /><testcase classname="tests.analytics.test_writer_guard" name="test_writer_guard_empty_rows[True-1]" time="0.001" /><testcase classname="tests.analytics.test_writer_guard" name="test_writer_guard_empty_rows[False-0]" time="0.001" /><testcase classname="tests.analytics.test_writer_guard" name="test_writer_guard_columns_mismatch_raises" time="0.001" /><testcase classname="tests.analytics.test_writer_guard" name="test_writer_guard_columns_order_drift_raises" time="0.001" /><testcase classname="tests.analytics.test_writer_guard" name="test_writer_guard_nonexistent_table_raises" time="0.000" /><testcase classname="tests.analytics.test_evidence" name="test_validate_evidence_samples_rejects_invalid_payloads" time="0.001" /><testcase classname="tests.analytics.test_span_resolver" name="test_build_span_index_skips_missing_goids" time="0.001" /><testcase classname="tests.analytics.test_graph_metrics_runtime_reuse" name="test_compute_graph_metrics_reuses_runtime_engine" time="2.164" /><testcase classname="tests.analytics.test_profiles" name="test_profile_builders_aggregate_expected_fields" time="2.088" /><testcase classname="tests.analytics.test_graph_stats_validation" name="test_graph_views_exist" time="2.092" /><testcase classname="tests.analytics.test_semantic_roles_signals" name="test_flask_role_detected" time="0.001" /><testcase classname="tests.analytics.test_tests_profiles_coverage_inputs" name="test_aggregate_test_coverage_by_subsystem_in_memory" time="0.039" /><testcase classname="tests.analytics.test_tests_profiles_helpers" name="test_build_test_profile_rows_round_trip" time="0.001" /><testcase classname="tests.analytics.core.test_executor_helpers" name="test_merge_configs_merges_without_mutation" time="0.000" /><testcase classname="tests.analytics.test_catalog_provider_usage" name="test_symbol_uses_respects_catalog_module_map" time="6.845" /><testcase classname="tests.analytics.test_functions_validation" name="test_span_not_found_is_recorded" time="6.876" /><testcase classname="tests.analytics.test_feature_flags_behavior" name="test_community_detection_cap_skips_when_exceeded" time="0.054" /><testcase classname="tests.analytics.test_graph_service_unit" name="test_bipartite_degrees_weight_and_centrality" time="0.001" /><testcase classname="tests.analytics.test_functions_validation" name="test_records_validation_when_parse_fails" time="6.953" /><testcase classname="tests.analytics.test_cfg_dfg_metrics_ext" name="test_cfg_metrics_ext_populates_loop_and_unreachable_counts" time="7.180" /><testcase classname="tests.analytics.test_graph_service_unit" name="test_component_metadata_cycles_and_layers" time="0.002" /><testcase classname="tests.analytics.test_runtime_pool" name="test_pool_expires_runtime_after_ttl" time="7.994" /><testcase classname="tests.analytics.test_graph_metric_filters" name="test_build_filters_safe_when_repos_empty" time="1.032" /><testcase classname="tests.analytics.test_feature_flags_behavior" name="test_eager_hydration_off_defers_graph_loads" time="7.063" /><testcase classname="tests.analytics.test_catalog_provider_usage" name="test_symbol_uses_falls_back_to_modules_when_catalog_partial" time="7.113" /><testcase classname="tests.analytics.test_feature_flags_behavior" name="test_eager_hydration_respects_feature_override" time="7.084" /><testcase classname="tests.analytics.test_runtime_pool" name="test_pool_lru_eviction" time="8.070" /><testcase classname="tests.analytics.test_runtime_pool" name="test_pool_reuses_runtime_within_ttl" time="8.079" /><testcase classname="tests.analytics.test_graph_service_unit" name="test_centrality_directed_weighted_and_seeded" time="0.056" /><testcase classname="tests.analytics.test_function_history" name="test_function_history_respects_min_threshold" time="7.153" /><testcase classname="tests.analytics.test_symbol_config_metrics" name="test_subsystem_agreement_exposed_in_views" time="7.234" /><testcase classname="tests.analytics.test_symbol_config_metrics" name="test_symbol_and_config_metrics_populate_and_views_create" time="7.350" /><testcase classname="tests.analytics.test_catalog_provider_usage" name="test_graph_metrics_uses_catalog_for_symbol_modules" time="7.244" /><testcase classname="tests.analytics.test_graph_metrics_smoke" name="test_compute_graph_metrics_with_small_graph" time="1.153" /><testcase classname="tests.analytics.test_catalog_provider_usage" name="test_profiles_use_catalog_module_map_when_modules_table_empty" time="7.194" /><testcase classname="tests.analytics.test_graph_metrics_calculations" name="test_compute_function_graph_metrics_counts_and_cycles" time="1.299" /><testcase classname="tests.analytics.test_graph_metric_filters" name="test_filter_subsystem_graph_prunes_nodes" time="0.001" /><testcase classname="tests.analytics.test_function_profile_contract" name="test_file_profile_writer_registry_and_prepared_statements" time="0.001" /><testcase classname="tests.analytics.test_function_profile_contract" name="test_function_profile_tuple_alignment" time="0.001" /><testcase classname="tests.analytics.test_tests_profiles_coverage_inputs" name="test_aggregate_test_coverage_by_function_in_memory" time="0.035" /><testcase classname="tests.analytics.test_tests_profile_plugin_runtime" name="test_tests_profile_plugin_runtime" time="1.611" /><testcase classname="tests.analytics.test_graph_stats_smoke" name="test_graph_stats_records_counts_for_basic_graphs" time="1.021" /><testcase classname="tests.analytics.test_cfg_dfg_metrics_ext" name="test_dfg_metrics_ext_counts_use_kinds_and_paths" time="6.637" /><testcase classname="tests.analytics.test_tests_profiles_wrappers" name="test_infer_behavior_tags_basic" time="0.001" /><testcase classname="tests.analytics.test_subsystem_cache_benchmark" name="test_refresh_and_benchmark_returns_timings" time="0.660" /><testcase classname="tests.analytics.test_semantic_roles_signals" name="test_pytest_fixture_vs_test_role" time="0.001" /><testcase classname="tests.analytics.test_graph_stats_validation" name="test_subsystem_agreement_summary_aggregates" time="6.798" /><testcase classname="tests.analytics.test_graph_stats_validation" name="test_graph_stats_include_symbol_and_config_graphs" time="6.695" /><testcase classname="tests.analytics.test_graph_stats_validation" name="test_validation_flags_large_symbol_community_and_config_hubs" time="6.535" /><testcase classname="tests.analytics.test_function_history" name="test_function_history_populates_rows" time="6.447" /><testcase classname="tests.analytics.test_subsystems" name="test_subsystems_cluster_and_risk_aggregation" time="6.412" /><testcase classname="tests.analytics.test_semantic_roles_signals" name="test_service_tag_and_graph_signal" time="0.001" /></testsuite></testsuites>