<?xml version="1.0" encoding="utf-8"?><testsuites name="pytest tests"><testsuite name="pytest" errors="0" failures="0" skipped="0" tests="738" time="29.242" timestamp="2025-12-04T02:26:45.904779-05:00" hostname="paul-X870-AORUS-ELITE-WIFI7"><testcase classname="tests.graphs.test_compute_coupling_extended" name="test_distance_from_main_zone_of_uselessness" time="0.001" /><testcase classname="tests.graphs.test_compute_coupling_extended" name="test_distance_from_main_balanced" time="0.000" /><testcase classname="tests.graphs.test_compute_coupling_extended" name="test_coupling_metrics_attributes" time="0.000" /><testcase classname="tests.graphs.test_compute_coupling_extended" name="test_coupling_metrics_equality" time="0.000" /><testcase classname="tests.graphs.test_compute_layer" name="test_resolve_callee_local_attr" time="0.001" /><testcase classname="tests.graphs.test_compute_layer" name="test_resolve_callee_import_alias" time="0.000" /><testcase classname="tests.graphs.test_compute_layer" name="test_resolve_callee_global_name" time="0.000" /><testcase classname="tests.graphs.test_compute_layer" name="test_resolve_callee_unresolved" time="0.000" /><testcase classname="tests.graphs.test_adapters_duckdb_extended" name="test_duckdb_adapter_create_temp_table" time="1.451" /><testcase classname="tests.graphs.test_compute_centrality_extended" name="test_compute_betweenness_chain" time="0.002" /><testcase classname="tests.graphs.test_compute_centrality_extended" name="test_compute_betweenness_star" time="0.000" /><testcase classname="tests.graphs.test_adapters_libcst_extended" name="test_extract_call_sites_no_ast_returns_empty" time="0.008" /><testcase classname="tests.graphs.test_compute_centrality_extended" name="test_compute_betweenness_diamond" time="0.000" /><testcase classname="tests.graphs.test_compute_centrality_extended" name="test_compute_betweenness_empty_graph" time="0.000" /><testcase classname="tests.graphs.test_compute_imports_extended" name="test_collect_import_edges_multiple" time="0.001" /><testcase classname="tests.graphs.test_compute_imports_extended" name="test_compute_scc_no_cycles" time="0.001" /><testcase classname="tests.graphs.test_compute_imports_extended" name="test_compute_scc_with_cycle" time="0.000" /><testcase classname="tests.graphs.test_compute_imports_extended" name="test_compute_scc_multiple_components" time="0.000" /><testcase classname="tests.graphs.test_compute_layer" name="test_build_evidence_with_scip_candidates" time="0.001" /><testcase classname="tests.graphs.test_compute_layer" name="test_extract_callee_cst_simple_name" time="0.001" /><testcase classname="tests.graphs.test_compute_layer" name="test_extract_callee_cst_attribute" time="0.000" /><testcase classname="tests.graphs.test_adapters_libcst_extended" name="test_parse_result_fail_creates_failure" time="0.001" /><testcase classname="tests.graphs.test_adapters_libcst_extended" name="test_parsed_function_has_parameters" time="0.007" /><testcase classname="tests.graphs.test_adapters_libcst_extended" name="test_parse_module_extracts_functions" time="0.012" /><testcase classname="tests.graphs.test_callgraph_resolution" name="test_resolve_callee_import_alias_global_attr_chain" time="0.001" /><testcase classname="tests.graphs.test_callgraph_resolution" name="test_resolve_callee_unresolved_returns_none" time="0.000" /><testcase classname="tests.graphs.test_callgraph_resolution" name="test_resolve_via_scip_uses_crosswalk_mapping" time="0.001" /><testcase classname="tests.graphs.test_callgraph_resolution" name="test_dedupe_includes_repo_commit_scope" time="0.001" /><testcase classname="tests.graphs.test_adapters_libcst_extended" name="test_parse_module_with_cst_module" time="0.008" /><testcase classname="tests.graphs.test_adapters_libcst_extended" name="test_parse_module_with_ast_module" time="0.004" /><testcase classname="tests.graphs.test_compute_centrality_extended" name="test_compute_all_centralities_simple_chain" time="0.054" /><testcase classname="tests.graphs.test_compute_centrality_extended" name="test_compute_all_centralities_disconnected" time="0.057" /><testcase classname="tests.graphs.test_adapters_libcst_extended" name="test_parse_nested_class_methods" time="0.006" /><testcase classname="tests.graphs.test_adapters_libcst_extended" name="test_extract_imports_simple" time="0.003" /><testcase classname="tests.graphs.test_compute_coupling_extended" name="test_compute_coupling_god" time="0.002" /><testcase classname="tests.graphs.test_compute_coupling_extended" name="test_compute_coupling_bidirectional" time="0.000" /><testcase classname="tests.graphs.test_compute_imports_extended" name="test_import_edge_attributes" time="0.001" /><testcase classname="tests.graphs.test_compute_imports_extended" name="test_import_edge_frozen" time="0.000" /><testcase classname="tests.graphs.test_compute_imports_extended" name="test_import_edge_equality" time="0.000" /><testcase classname="tests.graphs.test_compute_imports_extended" name="test_collect_import_edges_simple" time="0.000" /><testcase classname="tests.graphs.test_compute_layer" name="test_resolve_via_scip_found" time="0.001" /><testcase classname="tests.graphs.test_compute_layer" name="test_resolve_via_scip_not_found" time="0.000" /><testcase classname="tests.graphs.test_compute_layer" name="test_resolve_via_scip_empty_candidates" time="0.000" /><testcase classname="tests.graphs.test_compute_layer" name="test_build_evidence_basic" time="0.000" /><testcase classname="tests.graphs.test_adapters_libcst_extended" name="test_parse_function_finds_function_in_range" time="0.004" /><testcase classname="tests.graphs.test_compute_layer" name="test_extract_callee_cst_nested_attribute" time="0.000" /><testcase classname="tests.graphs.test_adapters_libcst_extended" name="test_extract_imports_nested_modules" time="0.006" /><testcase classname="tests.graphs.test_adapters_libcst_extended" name="test_extract_imports_syntax_error_returns_empty" time="0.001" /><testcase classname="tests.graphs.test_adapters_libcst_extended" name="test_extract_call_sites_basic" time="0.004" /><testcase classname="tests.graphs.test_adapters_libcst_extended" name="test_extract_call_sites_method_calls" time="0.003" /><testcase classname="tests.graphs.test_compute_imports_extended" name="test_import_edge_row_attributes" time="0.001" /><testcase classname="tests.graphs.test_compute_imports_extended" name="test_import_edge_row_frozen" time="0.001" /><testcase classname="tests.graphs.test_compute_imports_extended" name="test_import_analysis_result_attributes" time="0.000" /><testcase classname="tests.graphs.test_compute_imports_extended" name="test_import_analysis_result_frozen" time="0.000" /><testcase classname="tests.graphs.test_compute_coupling_extended" name="test_compute_coupling_empty_graph" time="0.000" /><testcase classname="tests.graphs.test_compute_coupling_extended" name="test_compute_abstractness_no_abstracts" time="0.000" /><testcase classname="tests.graphs.test_compute_components_extended" name="test_find_strongly_connected_node_to_component_mapping" time="0.002" /><testcase classname="tests.graphs.test_adapters_libcst_extended" name="test_parse_module_extracts_imports" time="0.004" /><testcase classname="tests.graphs.test_compute_coupling_extended" name="test_compute_abstractness_partial" time="0.001" /><testcase classname="tests.graphs.test_compute_coupling_extended" name="test_compute_abstractness_empty" time="0.000" /><testcase classname="tests.graphs.test_compute_coupling_extended" name="test_distance_from_main_ideal_stable" time="0.000" /><testcase classname="tests.graphs.test_compute_coupling_extended" name="test_distance_from_main_ideal_unstable" time="0.000" /><testcase classname="tests.graphs.test_backend_selection" name="test_maybe_enable_nx_gpu_fallback" time="0.002" /><testcase classname="tests.graphs.test_backend_selection" name="test_maybe_enable_nx_gpu_strict_raises" time="0.001" /><testcase classname="tests.graphs.test_adapters_duckdb_extended" name="test_duckdb_adapter_init_with_gateway" time="1.511" /><testcase classname="tests.graphs.test_compute_components_extended" name="test_find_strongly_connected_single_cycle" time="0.005" /><testcase classname="tests.graphs.test_compute_components_extended" name="test_find_strongly_connected_two_sccs" time="0.001" /><testcase classname="tests.graphs.test_compute_centrality_extended" name="test_compute_closeness_chain" time="0.002" /><testcase classname="tests.graphs.test_compute_centrality_extended" name="test_compute_closeness_star" time="0.001" /><testcase classname="tests.graphs.test_compute_centrality_extended" name="test_compute_closeness_empty_graph" time="0.000" /><testcase classname="tests.graphs.test_compute_centrality_extended" name="test_compute_closeness_disconnected" time="0.001" /><testcase classname="tests.graphs.test_compute_components_extended" name="test_condensation_layers_two_sccs" time="0.003" /><testcase classname="tests.graphs.test_adapters_libcst_extended" name="test_parse_function_returns_none_for_invalid_source" time="0.000" /><testcase classname="tests.graphs.test_adapters_libcst_extended" name="test_parse_function_returns_none_for_empty_range" time="0.000" /><testcase classname="tests.graphs.test_adapters_duckdb_extended" name="test_duckdb_adapter_list_tables" time="1.585" /><testcase classname="tests.graphs.test_compute_components_extended" name="test_scc_result_attributes" time="0.001" /><testcase classname="tests.graphs.test_compute_imports_extended" name="test_compute_layers_linear" time="0.003" /><testcase classname="tests.graphs.test_compute_imports_extended" name="test_compute_layers_diamond" time="0.001" /><testcase classname="tests.graphs.test_compute_imports_extended" name="test_compute_layers_empty" time="0.000" /><testcase classname="tests.graphs.test_compute_imports_extended" name="test_compute_layers_cycle" time="0.000" /><testcase classname="tests.graphs.test_adapters_libcst_extended" name="test_parse_async_functions_detected" time="0.004" /><testcase classname="tests.graphs.test_adapters_libcst_extended" name="test_parse_decorated_functions" time="0.004" /><testcase classname="tests.graphs.test_compute_components_extended" name="test_find_strongly_connected_complex" time="0.000" /><testcase classname="tests.graphs.test_compute_components_extended" name="test_find_strongly_connected_empty_graph" time="0.000" /><testcase classname="tests.graphs.test_compute_centrality_extended" name="test_compute_in_degree_centrality_reverse_star" time="0.002" /><testcase classname="tests.graphs.test_compute_centrality_extended" name="test_compute_out_degree_centrality_star" time="0.001" /><testcase classname="tests.graphs.test_compute_centrality_extended" name="test_compute_degree_empty_graph" time="0.000" /><testcase classname="tests.graphs.test_compute_centrality_extended" name="test_compute_in_degree_empty_graph" time="0.000" /><testcase classname="tests.graphs.test_compute_components_extended" name="test_condensation_layers_empty_graph" time="0.000" /><testcase classname="tests.graphs.test_compute_components_extended" name="test_condensation_layers_single_node" time="0.000" /><testcase classname="tests.graphs.test_compute_components_extended" name="test_condensation_layers_cycle" time="0.000" /><testcase classname="tests.graphs.test_adapters_libcst_extended" name="test_parsed_function_qualname_top_level" time="0.004" /><testcase classname="tests.graphs.test_adapters_libcst_extended" name="test_libcst_adapter_implements_parsing_port" time="0.000" /><testcase classname="tests.graphs.test_adapters_libcst_extended" name="test_extract_imports_from" time="0.002" /><testcase classname="tests.graphs.test_adapters_libcst_extended" name="test_extract_imports_aliased" time="0.002" /><testcase classname="tests.graphs.test_compute_imports_extended" name="test_analyze_imports_scc_map" time="0.003" /><testcase classname="tests.graphs.test_compute_imports_extended" name="test_analyze_imports_layer_map" time="0.000" /><testcase classname="tests.graphs.test_compute_imports_extended" name="test_analyze_imports_empty" time="0.000" /><testcase classname="tests.graphs.test_compute_imports_extended" name="test_import_module_row_attributes" time="0.000" /><testcase classname="tests.graphs.test_compute_centrality_extended" name="test_compute_pagerank_star_graph" time="0.057" /><testcase classname="tests.graphs.test_compute_components_extended" name="test_find_strongly_connected_with_condensation" time="0.001" /><testcase classname="tests.graphs.test_compute_components_extended" name="test_find_strongly_connected_condensation_is_dag" time="0.001" /><testcase classname="tests.graphs.test_compute_components_extended" name="test_condensation_layers_dag" time="0.001" /><testcase classname="tests.graphs.test_adapters_libcst_extended" name="test_parse_module_preserves_source" time="0.004" /><testcase classname="tests.graphs.test_adapters_libcst_extended" name="test_parse_module_with_syntax_error" time="0.000" /><testcase classname="tests.graphs.test_compute_components_extended" name="test_scc_result_with_condensation" time="0.001" /><testcase classname="tests.graphs.test_compute_coupling_extended" name="test_compute_coupling_independent" time="0.001" /><testcase classname="tests.graphs.test_compute_coupling_extended" name="test_compute_coupling_linear" time="0.000" /><testcase classname="tests.graphs.test_compute_centrality_extended" name="test_compute_pagerank_simple_chain" time="0.054" /><testcase classname="tests.graphs.test_compute_coupling_extended" name="test_compute_abstractness_all_abstract" time="0.000" /><testcase classname="tests.graphs.test_compute_metrics" name="test_connected_empty_graph_returns_empty" time="0.001" /><testcase classname="tests.graphs.test_compute_metrics" name="test_connected_graph_is_one_component" time="0.001" /><testcase classname="tests.graphs.test_compute_centrality_extended" name="test_compute_betweenness_disconnected" time="0.000" /><testcase classname="tests.graphs.test_compute_layer" name="test_compute_layers_chain" time="0.001" /><testcase classname="tests.graphs.test_compute_layer" name="test_analyze_imports_full" time="0.000" /><testcase classname="tests.graphs.test_compute_layer" name="test_build_import_module_rows" time="0.001" /><testcase classname="tests.graphs.test_compute_layer" name="test_build_import_edge_rows" time="0.000" /><testcase classname="tests.graphs.test_compute_imports_extended" name="test_compute_scc_empty" time="0.001" /><testcase classname="tests.graphs.test_compute_layer" name="test_symbol_occurrence_is_reference" time="0.000" /><testcase classname="tests.graphs.test_compute_layer" name="test_symbol_occurrence_combined_roles" time="0.000" /><testcase classname="tests.graphs.test_compute_layer" name="test_resolve_callee_local_name" time="0.000" /><testcase classname="tests.graphs.test_compute_metrics" name="test_scc_node_to_component_mapping" time="0.001" /><testcase classname="tests.graphs.test_compute_metrics" name="test_scc_condensation_graph_computed" time="0.001" /><testcase classname="tests.graphs.test_compute_metrics" name="test_wcc_empty_graph_returns_empty" time="0.000" /><testcase classname="tests.graphs.test_compute_metrics" name="test_wcc_connected_graph_is_one_wcc" time="0.000" /><testcase classname="tests.graphs.test_compute_imports_extended" name="test_collect_import_edges_empty" time="0.000" /><testcase classname="tests.graphs.test_compute_metrics" name="test_pagerank_empty_graph_returns_empty" time="0.001" /><testcase classname="tests.graphs.test_compute_metrics" name="test_pagerank_simple_cycle" time="0.059" /><testcase classname="tests.graphs.test_adapters_libcst_extended" name="test_parse_result_ok_creates_success" time="0.000" /><testcase classname="tests.graphs.test_compute_metrics" name="test_degree_centrality_empty_graph_returns_empty" time="0.001" /><testcase classname="tests.graphs.test_compute_metrics" name="test_in_degree_centrality" time="0.001" /><testcase classname="tests.graphs.test_compute_metrics" name="test_out_degree_centrality" time="0.001" /><testcase classname="tests.graphs.test_compute_metrics" name="test_all_centralities_empty_graph_returns_empty" time="0.000" /><testcase classname="tests.graphs.test_compute_layer" name="test_build_evidence_with_attr_chain" time="0.000" /><testcase classname="tests.graphs.test_compute_metrics" name="test_betweenness_path_graph_middle_node_highest" time="0.001" /><testcase classname="tests.graphs.test_compute_metrics" name="test_betweenness_sampling_parameter" time="0.000" /><testcase classname="tests.graphs.test_compute_metrics" name="test_closeness_empty_graph_returns_empty" time="0.000" /><testcase classname="tests.graphs.test_compute_metrics" name="test_closeness_complete_graph_uniform" time="0.001" /><testcase classname="tests.graphs.test_adapters_libcst_extended" name="test_extract_call_sites_empty_span" time="0.004" /><testcase classname="tests.graphs.test_compute_metrics" name="test_all_centralities_degree_calculation" time="0.056" /><testcase classname="tests.graphs.test_compute_coupling_extended" name="test_distance_from_main_zone_of_pain" time="0.000" /><testcase classname="tests.graphs.test_compute_metrics" name="test_articulation_empty_graph_returns_empty" time="0.001" /><testcase classname="tests.graphs.test_compute_metrics" name="test_articulation_path_graph_middle_nodes" time="0.001" /><testcase classname="tests.graphs.test_compute_metrics" name="test_articulation_complete_graph_no_articulation" time="0.000" /><testcase classname="tests.graphs.test_compute_metrics" name="test_component_stats_empty_returns_zeros" time="0.000" /><testcase classname="tests.graphs.test_compute_imports_extended" name="test_analyze_imports_basic" time="0.001" /><testcase classname="tests.graphs.test_compute_metrics" name="test_topological_layers_chain_graph" time="0.001" /><testcase classname="tests.graphs.test_compute_metrics" name="test_topological_layers_root_nodes_layer_zero" time="0.000" /><testcase classname="tests.graphs.test_compute_metrics" name="test_condensation_layers_no_condensation_returns_empty" time="0.000" /><testcase classname="tests.graphs.test_compute_metrics" name="test_condensation_layers_with_condensation" time="0.000" /><testcase classname="tests.graphs.test_adapters_libcst_extended" name="test_parse_class_methods" time="0.006" /><testcase classname="tests.graphs.test_adapters_libcst_extended" name="test_extract_imports_star" time="0.003" /><testcase classname="tests.graphs.test_compute_layer" name="test_call_edge_frozen" time="0.000" /><testcase classname="tests.graphs.test_compute_layer" name="test_resolution_result_frozen" time="0.000" /><testcase classname="tests.graphs.test_compute_layer" name="test_import_edge_frozen" time="0.000" /><testcase classname="tests.graphs.test_compute_layer" name="test_symbol_occurrence_frozen" time="0.000" /><testcase classname="tests.graphs.test_compute_components_extended" name="test_find_strongly_connected_single_node" time="0.000" /><testcase classname="tests.graphs.test_compute_metrics" name="test_abstractness_zero_total_returns_zero" time="0.000" /><testcase classname="tests.graphs.test_compute_metrics" name="test_abstractness_computes_ratio" time="0.000" /><testcase classname="tests.graphs.test_compute_metrics" name="test_abstractness_all_abstract_returns_one" time="0.000" /><testcase classname="tests.graphs.test_compute_metrics" name="test_distance_main_sequence_on_main_returns_zero" time="0.000" /><testcase classname="tests.graphs.test_backend_selection" name="test_maybe_enable_nx_gpu_success" time="0.000" /><testcase classname="tests.graphs.test_compute_metrics" name="test_average_clustering" time="0.002" /><testcase classname="tests.graphs.test_compute_layer" name="test_build_def_map_basic" time="0.000" /><testcase classname="tests.graphs.test_compute_layer" name="test_build_def_map_first_definition_wins" time="0.000" /><testcase classname="tests.graphs.test_compute_layer" name="test_resolve_callee_priority_local_over_global" time="0.000" /><testcase classname="tests.graphs.test_compute_layer" name="test_collect_import_edges_empty_import" time="0.000" /><testcase classname="tests.graphs.test_compute_layer" name="test_compute_scc_empty" time="0.001" /><testcase classname="tests.graphs.test_compute_layer" name="test_compute_scc_single_node" time="0.000" /><testcase classname="tests.graphs.test_compute_layer" name="test_compute_scc_simple_cycle" time="0.000" /><testcase classname="tests.graphs.test_compute_components_extended" name="test_component_info_attributes" time="0.000" /><testcase classname="tests.graphs.test_compute_metrics" name="test_modularity_empty_graph_returns_zero" time="0.000" /><testcase classname="tests.graphs.test_compute_metrics" name="test_modularity_empty_communities_returns_zero" time="0.001" /><testcase classname="tests.graphs.test_compute_metrics" name="test_modularity_in_valid_range" time="0.001" /><testcase classname="tests.graphs.test_compute_metrics" name="test_clustering_empty_graph_returns_empty" time="0.000" /><testcase classname="tests.graphs.test_compute_centrality_extended" name="test_compute_out_degree_empty_graph" time="0.000" /><testcase classname="tests.graphs.test_compute_metrics" name="test_louvain_empty_graph_returns_empty" time="0.001" /><testcase classname="tests.graphs.test_compute_metrics" name="test_louvain_disconnected_separate_communities" time="0.002" /><testcase classname="tests.graphs.test_compute_metrics" name="test_louvain_returns_community_dataclass" time="0.001" /><testcase classname="tests.graphs.test_compute_metrics" name="test_label_propagation_empty_graph_returns_empty" time="0.000" /><testcase classname="tests.graphs.test_compute_centrality_extended" name="test_compute_degree_centrality_star" time="0.001" /><testcase classname="tests.graphs.test_compute_metrics" name="test_cycles_empty_graph_returns_empty" time="0.000" /><testcase classname="tests.graphs.test_compute_metrics" name="test_cycles_simple_cycle_detected" time="0.002" /><testcase classname="tests.graphs.test_compute_coupling_extended" name="test_coupling_metrics_frozen" time="0.000" /><testcase classname="tests.graphs.test_compute_layer" name="test_extract_callee_ast_attribute" time="0.000" /><testcase classname="tests.graphs.test_compute_layer" name="test_dedupe_edges_empty" time="0.000" /><testcase classname="tests.graphs.test_compute_layer" name="test_dedupe_edges_no_duplicates" time="0.000" /><testcase classname="tests.graphs.test_compute_layer" name="test_dedupe_edges_keeps_highest_confidence" time="0.000" /><testcase classname="tests.graphs.test_compute_layer" name="test_build_callee_map_empty" time="0.000" /><testcase classname="tests.graphs.test_adapters_libcst_extended" name="test_parse_module_empty_source" time="0.001" /><testcase classname="tests.graphs.test_compute_metrics" name="test_realistic_import_layers_computed" time="0.002" /><testcase classname="tests.graphs.test_compute_metrics" name="test_realistic_centrality_metrics" time="0.058" /><testcase classname="tests.graphs.test_compute_metrics" name="test_coupling_computes_afferent_efferent" time="0.001" /><testcase classname="tests.graphs.test_compute_metrics" name="test_coupling_instability_calculation" time="0.000" /><testcase classname="tests.graphs.test_compute_metrics" name="test_average_clustering_empty_graph" time="0.000" /><testcase classname="tests.graphs.test_compute_metrics" name="test_hub_nodes_empty_graph_returns_empty" time="0.000" /><testcase classname="tests.graphs.test_compute_metrics" name="test_hub_nodes_star_graph_center_is_hub" time="0.001" /><testcase classname="tests.graphs.test_compute_imports_extended" name="test_import_module_row_frozen" time="0.001" /><testcase classname="tests.graphs.test_compute_metrics" name="test_boundary_nodes_empty_communities_returns_empty" time="0.001" /><testcase classname="tests.graphs.test_compute_metrics" name="test_boundary_nodes_finds_boundary" time="0.000" /><testcase classname="tests.graphs.test_compute_metrics" name="test_coupling_to_rows_converts_metrics" time="0.000" /><testcase classname="tests.graphs.test_compute_metrics" name="test_centrality_metrics_frozen" time="0.000" /><testcase classname="tests.graphs.test_compute_components_extended" name="test_condensation_layers_diamond_dag" time="0.001" /><testcase classname="tests.graphs.test_compute_metrics" name="test_coupling_metrics_frozen" time="0.001" /><testcase classname="tests.graphs.test_compute_metrics" name="test_community_frozen" time="0.000" /><testcase classname="tests.graphs.test_compute_metrics" name="test_scc_result_frozen" time="0.000" /><testcase classname="tests.graphs.test_compute_metrics" name="test_realistic_pagerank_identifies_hub_functions" time="0.054" /><testcase classname="tests.graphs.test_compute_centrality_extended" name="test_compute_all_centralities_returns_centrality_metrics" time="0.001" /><testcase classname="tests.graphs.test_compute_layer" name="test_extract_callee_ast_simple_name" time="0.001" /><testcase classname="tests.graphs.test_compute_layer" name="test_build_use_edges_basic" time="0.000" /><testcase classname="tests.graphs.test_compute_metrics" name="test_cycles_limit_parameter_respected" time="0.001" /><testcase classname="tests.graphs.test_compute_metrics" name="test_cycles_dag_has_no_cycles" time="0.001" /><testcase classname="tests.graphs.test_compute_centrality_extended" name="test_compute_all_centralities_empty_graph" time="0.000" /><testcase classname="tests.graphs.test_compute_centrality_extended" name="test_compute_all_centralities_single_node" time="0.001" /><testcase classname="tests.graphs.test_compute_metrics" name="test_wcc_component_info_structure" time="0.000" /><testcase classname="tests.graphs.test_compute_symbols_extended" name="test_build_def_map_ignores_references" time="0.000" /><testcase classname="tests.graphs.test_compute_metrics" name="test_bridges_empty_graph_returns_empty" time="0.000" /><testcase classname="tests.graphs.test_compute_metrics" name="test_bridges_path_graph_all_edges_are_bridges" time="0.001" /><testcase classname="tests.graphs.test_compute_centrality_extended" name="test_compute_pagerank_reverse_star" time="0.002" /><testcase classname="tests.graphs.test_compute_centrality_extended" name="test_compute_pagerank_cyclic" time="0.001" /><testcase classname="tests.graphs.test_compute_centrality_extended" name="test_compute_pagerank_empty_graph" time="0.000" /><testcase classname="tests.graphs.test_compute_symbols_extended" name="test_build_def_map_empty" time="0.000" /><testcase classname="tests.graphs.test_compute_symbols_extended" name="test_build_use_edges_simple" time="0.000" /><testcase classname="tests.graphs.test_compute_metrics" name="test_component_stats_computes_correct" time="0.000" /><testcase classname="tests.graphs.test_compute_symbols_extended" name="test_symbol_use_row_frozen" time="0.000" /><testcase classname="tests.graphs.test_core_registry_extended" name="test_register_plugin_basic" time="0.021" /><testcase classname="tests.graphs.test_compute_layer" name="test_symbol_occurrence_is_definition" time="0.000" /><testcase classname="tests.graphs.test_compute_symbols_extended" name="test_symbol_occurrence_combined_roles" time="0.000" /><testcase classname="tests.graphs.test_compute_symbols_extended" name="test_symbol_occurrence_no_roles" time="0.000" /><testcase classname="tests.graphs.test_compute_symbols_extended" name="test_symbol_occurrence_frozen" time="0.000" /><testcase classname="tests.graphs.test_compute_symbols_extended" name="test_build_def_map_simple" time="0.000" /><testcase classname="tests.graphs.test_compute_coupling_extended" name="test_compute_coupling_hub" time="0.001" /><testcase classname="tests.graphs.test_compute_metrics" name="test_realistic_coupling_metrics" time="0.000" /><testcase classname="tests.graphs.test_compute_symbols_extended" name="test_symbol_occurrence_is_definition" time="0.000" /><testcase classname="tests.graphs.test_compute_symbols_extended" name="test_symbol_occurrence_is_reference" time="0.000" /><testcase classname="tests.graphs.test_compute_symbols_extended" name="test_symbol_occurrence_is_call" time="0.000" /><testcase classname="tests.graphs.test_compute_metrics" name="test_coupling_isolated_node_zero_instability" time="0.000" /><testcase classname="tests.graphs.test_compute_metrics" name="test_coupling_sink_node_zero_instability" time="0.000" /><testcase classname="tests.graphs.test_compute_metrics" name="test_closeness_wf_improved_parameter" time="0.001" /><testcase classname="tests.graphs.test_compute_symbols_extended" name="test_symbol_use_edge_attributes" time="0.000" /><testcase classname="tests.graphs.test_compute_symbols_extended" name="test_symbol_use_edge_optional_goids" time="0.000" /><testcase classname="tests.graphs.test_compute_symbols_extended" name="test_symbol_use_edge_frozen" time="0.000" /><testcase classname="tests.graphs.test_compute_layer" name="test_symbol_use_edge_frozen" time="0.000" /><testcase classname="tests.graphs.test_core_registry_extended" name="test_unregister_removes_from_indexes" time="0.016" /><testcase classname="tests.graphs.test_compute_metrics" name="test_label_propagation_returns_communities" time="0.001" /><testcase classname="tests.graphs.test_compute_metrics" name="test_clustering_complete_graph_full" time="0.001" /><testcase classname="tests.graphs.test_compute_layer" name="test_compute_layers_empty" time="0.001" /><testcase classname="tests.graphs.test_core_registry_extended" name="test_resolve_dependencies_missing_raises" time="0.018" /><testcase classname="tests.graphs.test_compute_layer" name="test_build_use_edges_same_file" time="0.000" /><testcase classname="tests.graphs.test_compute_layer" name="test_build_use_edges_same_module" time="0.000" /><testcase classname="tests.graphs.test_compute_layer" name="test_build_use_edges_deduplicates" time="0.000" /><testcase classname="tests.graphs.test_compute_metrics" name="test_all_centralities_returns_dataclass" time="0.056" /><testcase classname="tests.graphs.test_compute_metrics" name="test_coupling_empty_graph_returns_empty" time="0.000" /><testcase classname="tests.graphs.test_core_registry_extended" name="test_register_plugin_indexes_by_kind" time="0.016" /><testcase classname="tests.graphs.test_core_registry_extended" name="test_topological_sort_orders_dependencies" time="0.018" /><testcase classname="tests.graphs.test_compute_metrics" name="test_distance_main_sequence_off_main_returns_distance" time="0.000" /><testcase classname="tests.graphs.test_core_registry_extended" name="test_contains_returns_true_for_registered" time="0.016" /><testcase classname="tests.graphs.test_compute_layer" name="test_collect_import_edges_basic" time="0.001" /><testcase classname="tests.graphs.test_core_registry_extended" name="test_get_graph_registry_returns_singleton" time="0.012" /><testcase classname="tests.graphs.test_compute_metrics" name="test_hub_nodes_threshold_ratio_parameter" time="0.001" /><testcase classname="tests.graphs.test_core_registry_extended" name="test_dependency_graph_returns_deps" time="0.021" /><testcase classname="tests.graphs.test_compute_layer" name="test_build_def_map_ignores_references" time="0.001" /><testcase classname="tests.graphs.test_core_registry_extended" name="test_list_providing_empty_for_unknown_capability" time="0.019" /><testcase classname="tests.graphs.test_compute_metrics" name="test_component_info_frozen" time="0.000" /><testcase classname="tests.graphs.test_engine_factory" name="test_build_graph_engine_uses_backend_flags" time="1.998" /><testcase classname="tests.graphs.test_compute_centrality_extended" name="test_centrality_metrics_all_fields" time="0.000" /><testcase classname="tests.graphs.test_compute_centrality_extended" name="test_centrality_metrics_equality" time="0.000" /><testcase classname="tests.graphs.test_compute_centrality_extended" name="test_centrality_metrics_default_values" time="0.000" /><testcase classname="tests.graphs.test_core_registry_extended" name="test_plan_tracks_skipped_plugins" time="0.022" /><testcase classname="tests.graphs.test_core_registry_extended" name="test_register_plugin_indexes_by_stage" time="0.009" /><testcase classname="tests.graphs.test_compute_metrics" name="test_topological_layers_empty_graph_returns_empty" time="0.001" /><testcase classname="tests.graphs.test_core_registry_extended" name="test_contains_returns_false_for_unknown" time="0.008" /><testcase classname="tests.graphs.test_compute_layer" name="test_edges_to_rows" time="0.000" /><testcase classname="tests.graphs.test_compute_layer" name="test_parse_symbol_roles_int" time="0.000" /><testcase classname="tests.graphs.test_compute_layer" name="test_parse_symbol_roles_string" time="0.000" /><testcase classname="tests.graphs.test_compute_centrality_extended" name="test_compute_pagerank_single_node" time="0.001" /><testcase classname="tests.graphs.test_core_registry_extended" name="test_register_plugin_duplicate_raises" time="0.001" /><testcase classname="tests.graphs.test_core_registry_extended" name="test_unregister_nonexistent_silent" time="0.000" /><testcase classname="tests.graphs.test_core_registry_extended" name="test_get_plugin_returns_registered" time="0.008" /><testcase classname="tests.graphs.test_core_registry_extended" name="test_resolve_dependencies_by_capability" time="0.009" /><testcase classname="tests.graphs.test_compute_metrics" name="test_bridges_cycle_has_no_bridges" time="0.001" /><testcase classname="tests.graphs.test_goid_builder_decorators" name="test_goid_start_line_includes_decorator_span" time="0.002" /><testcase classname="tests.graphs.test_compute_symbols_extended" name="test_build_use_edges_same_file" time="0.000" /><testcase classname="tests.graphs.test_goid_builder_decorators" name="test_goid_build_entries_handles_none_end_line" time="0.002" /><testcase classname="tests.graphs.test_compute_centrality_extended" name="test_compute_all_centralities_diamond" time="0.002" /><testcase classname="tests.graphs.test_goid_builder_decorators" name="test_get_goid_builder_plugin_returns_plugin" time="0.000" /><testcase classname="tests.graphs.test_goid_builder_decorators" name="test_goid_builder_plugin_metadata" time="0.000" /><testcase classname="tests.graphs.test_core_registry_extended" name="test_register_graph_plugin_uses_global" time="0.001" /><testcase classname="tests.graphs.test_core_registry_extended" name="test_unregister_graph_plugin_uses_global" time="0.001" /><testcase classname="tests.graphs.test_goid_builder_decorators" name="test_goid_build_entries_async_function" time="0.002" /><testcase classname="tests.graphs.test_core_registry_extended" name="test_list_by_kind_empty_for_unknown_kind" time="0.010" /><testcase classname="tests.graphs.test_goid_builder_decorators" name="test_goid_builder_plugin_provides_goids" time="0.000" /><testcase classname="tests.graphs.test_goid_builder_decorators" name="test_goid_build_entries_decorator_after_lineno" time="0.001" /><testcase classname="tests.graphs.test_engine_nx" name="test_cache_invalidate_removes_specific_entry" time="0.000" /><testcase classname="tests.graphs.test_engine_nx" name="test_cache_invalidate_with_missing_key_is_noop" time="0.000" /><testcase classname="tests.graphs.test_function_index" name="test_lookup_prefers_exact_span_and_qualname" time="0.001" /><testcase classname="tests.graphs.test_compute_layer" name="test_parse_symbol_roles_invalid_string" time="0.000" /><testcase classname="tests.graphs.test_goid_builder_decorators" name="test_goid_build_entries_method_in_class" time="0.001" /><testcase classname="tests.graphs.test_core_registry_extended" name="test_list_all_returns_registered" time="0.008" /><testcase classname="tests.graphs.test_goid_builder_decorators" name="test_goid_build_entries_zero_decorator" time="0.001" /><testcase classname="tests.graphs.test_core_registry_extended" name="test_register_plugin_indexes_by_table" time="0.007" /><testcase classname="tests.graphs.test_goid_builder_decorators" name="test_goid_build_entries_without_decorator" time="0.001" /><testcase classname="tests.graphs.test_goid_builder_decorators" name="test_goid_build_entries_class_definition" time="0.001" /><testcase classname="tests.graphs.test_goid_builder_decorators" name="test_goid_build_entries_preserves_repo_and_commit" time="0.001" /><testcase classname="tests.graphs.test_core_registry_extended" name="test_topological_sort_cycle_detection" time="0.009" /><testcase classname="tests.graphs.test_compute_metrics" name="test_centrality_to_rows_converts_metrics" time="0.000" /><testcase classname="tests.graphs.test_compute_metrics" name="test_scc_empty_graph_returns_empty" time="0.000" /><testcase classname="tests.graphs.test_compute_metrics" name="test_pagerank_star_graph_center_has_highest" time="0.002" /><testcase classname="tests.graphs.test_compute_metrics" name="test_pagerank_custom_alpha" time="0.002" /><testcase classname="tests.graphs.test_compute_metrics" name="test_scc_simple_cycle_is_one_scc" time="0.001" /><testcase classname="tests.graphs.test_core_registry_extended" name="test_resolve_dependencies_missing_capability_raises" time="0.009" /><testcase classname="tests.graphs.test_core_registry_extended" name="test_graph_plugin_plan_plugins_tuple" time="0.009" /><testcase classname="tests.graphs.test_compute_symbols_extended" name="test_build_def_map_first_definition_wins" time="0.001" /><testcase classname="tests.graphs.test_gpu_backend" name="test_enable_nx_cugraph_backend_missing_module" time="0.002" /><testcase classname="tests.graphs.test_gpu_backend" name="test_enable_nx_cugraph_backend_invokes_setter" time="0.000" /><testcase classname="tests.graphs.test_gpu_backend" name="test_maybe_enable_nx_gpu_falls_back_when_missing" time="0.000" /><testcase classname="tests.graphs.test_core_registry_extended" name="test_list_by_stage_empty_for_unknown_stage" time="0.010" /><testcase classname="tests.graphs.test_compute_symbols_extended" name="test_symbol_occurrence_is_import" time="0.000" /><testcase classname="tests.graphs.test_graph_registry" name="test_register_plugin" time="0.009" /><testcase classname="tests.graphs.test_core_registry_extended" name="test_plan_includes_plan_id" time="0.007" /><testcase classname="tests.graphs.test_compute_layer" name="test_build_use_def_mapping" time="0.001" /><testcase classname="tests.graphs.test_graph_registry" name="test_list_by_table" time="0.007" /><testcase classname="tests.graphs.test_compute_metrics" name="test_coupling_source_node_full_instability" time="0.001" /><testcase classname="tests.graphs.test_graph_registry" name="test_get_plugin" time="0.007" /><testcase classname="tests.graphs.test_core_registry_extended" name="test_plan_skips_unknown_plugins" time="0.008" /><testcase classname="tests.graphs.test_compute_metrics" name="test_realistic_scc_finds_cycles" time="0.000" /><testcase classname="tests.graphs.test_engine_nx" name="test_cache_seed_stores_graph" time="0.000" /><testcase classname="tests.graphs.test_engine_nx" name="test_cache_get_returns_cached_graph" time="0.000" /><testcase classname="tests.graphs.test_engine_nx" name="test_cache_get_calls_loader_when_not_cached" time="0.000" /><testcase classname="tests.graphs.test_compute_symbols_extended" name="test_symbol_use_row_attributes" time="0.000" /><testcase classname="tests.graphs.test_graph_registry" name="test_list_names" time="0.009" /><testcase classname="tests.graphs.test_graph_registry" name="test_register_duplicate_raises" time="0.000" /><testcase classname="tests.graphs.test_graph_registry" name="test_unregister_plugin" time="0.008" /><testcase classname="tests.graphs.test_graph_registry" name="test_get_unknown_raises" time="0.007" /><testcase classname="tests.graphs.test_core_registry_extended" name="test_plan_duplicate_plugin_raises" time="0.007" /><testcase classname="tests.graphs.test_graph_registry" name="test_plan_simple" time="0.007" /><testcase classname="tests.graphs.test_compute_components_extended" name="test_find_strongly_connected_dag" time="0.001" /><testcase classname="tests.graphs.test_graph_registry" name="test_plan_with_disabled_plugins" time="0.009" /><testcase classname="tests.graphs.test_core_registry_extended" name="test_graph_plugin_plan_skipped_tuple" time="0.007" /><testcase classname="tests.graphs.test_core_registry_extended" name="test_register_plugin_indexes_by_capability" time="0.008" /><testcase classname="tests.graphs.test_graph_registry" name="test_plan_ambiguous_capability_raises" time="0.008" /><testcase classname="tests.graphs.test_core_registry_extended" name="test_metadata_for_returns_metadata" time="0.011" /><testcase classname="tests.graphs.test_goid_builder_decorators" name="test_goid_build_entries_module_fallback" time="0.001" /><testcase classname="tests.graphs.test_imports" name="test_build_import_module_rows_empty" time="0.001" /><testcase classname="tests.graphs.test_imports" name="test_build_import_module_rows_single_module" time="0.000" /><testcase classname="tests.graphs.test_compute_symbols_extended" name="test_build_use_edges_same_module" time="0.000" /><testcase classname="tests.graphs.test_compute_symbols_extended" name="test_build_use_edges_no_definition_skipped" time="0.000" /><testcase classname="tests.graphs.test_compute_symbols_extended" name="test_build_use_edges_multiple_uses" time="0.000" /><testcase classname="tests.graphs.test_graph_registry" name="test_contains" time="0.009" /><testcase classname="tests.graphs.test_core_registry_extended" name="test_list_names_returns_names" time="0.009" /><testcase classname="tests.graphs.test_goid_builder_decorators" name="test_goid_builder_plugin_has_no_dependencies" time="0.000" /><testcase classname="tests.graphs.test_imports" name="test_collect_import_edges_deep_relative_and_multi_targets" time="0.003" /><testcase classname="tests.graphs.test_imports" name="test_collect_aliases_handles_from_import_aliases_and_packages" time="0.001" /><testcase classname="tests.graphs.test_imports" name="test_components_and_layers_empty_graph" time="0.001" /><testcase classname="tests.graphs.test_compute_metrics" name="test_betweenness_empty_graph_returns_empty" time="0.000" /><testcase classname="tests.graphs.test_libcst_parsing" name="test_parse_function_instance" time="0.004" /><testcase classname="tests.graphs.test_goid_builder_decorators" name="test_goid_build_entries_generates_urn" time="0.002" /><testcase classname="tests.graphs.test_engine_nx" name="test_cache_clear_removes_all_entries" time="0.000" /><testcase classname="tests.graphs.test_libcst_parsing" name="test_extract_call_sites_no_ast_module" time="0.000" /><testcase classname="tests.graphs.test_libcst_parsing" name="test_parse_module_nested_class" time="0.003" /><testcase classname="tests.graphs.test_gpu_backend" name="test_maybe_enable_nx_gpu_raises_when_strict" time="0.001" /><testcase classname="tests.graphs.test_libcst_parsing" name="test_parse_module_with_decorators" time="0.004" /><testcase classname="tests.graphs.test_graph_registry" name="test_plan_with_dependencies" time="0.009" /><testcase classname="tests.graphs.test_compute_metrics" name="test_scc_disconnected_nodes_are_separate" time="0.001" /><testcase classname="tests.graphs.test_imports" name="test_build_import_module_rows_same_scc" time="0.001" /><testcase classname="tests.graphs.test_imports" name="test_build_import_module_rows_missing_module_in_maps" time="0.000" /><testcase classname="tests.graphs.test_core_registry_extended" name="test_get_plugin_unknown_raises" time="0.008" /><testcase classname="tests.graphs.test_imports" name="test_components_and_layers_simple_chain" time="0.002" /><testcase classname="tests.graphs.test_imports" name="test_components_and_layers_simple_cycle" time="0.000" /><testcase classname="tests.graphs.test_imports" name="test_components_and_layers_diamond" time="0.000" /><testcase classname="tests.graphs.test_compute_layer" name="test_parse_symbol_roles_none" time="0.000" /><testcase classname="tests.graphs.test_graph_registry" name="test_table_index_maintained" time="0.012" /><testcase classname="tests.graphs.test_goid_builder_decorators" name="test_goid_build_entries_sets_language" time="0.001" /><testcase classname="tests.graphs.test_imports" name="test_import_graph_builder_plugin_metadata" time="0.000" /><testcase classname="tests.graphs.test_imports" name="test_import_graph_builder_plugin_tables" time="0.000" /><testcase classname="tests.graphs.test_core_registry_extended" name="test_plan_includes_dep_graph" time="0.010" /><testcase classname="tests.graphs.test_imports" name="test_build_import_module_rows_multiple_modules" time="0.000" /><testcase classname="tests.graphs.test_libcst_parsing" name="test_parse_empty_module" time="0.001" /><testcase classname="tests.graphs.test_core_registry_extended" name="test_resolve_dependencies_ambiguous_capability_raises" time="0.008" /><testcase classname="tests.graphs.test_libcst_parsing" name="test_parse_module_function_parameters" time="0.001" /><testcase classname="tests.graphs.test_compute_symbols_extended" name="test_build_use_edges_empty" time="0.000" /><testcase classname="tests.graphs.test_metrics_plugins" name="test_core_graph_metrics_plugin_produces_tables" time="0.000" /><testcase classname="tests.graphs.test_metrics_plugins" name="test_core_graph_metrics_plugin_requires_graphs" time="0.000" /><testcase classname="tests.graphs.test_libcst_parsing" name="test_parse_module_class_methods" time="0.001" /><testcase classname="tests.graphs.test_core_registry_extended" name="test_resolve_dependencies_explicit" time="0.007" /><testcase classname="tests.graphs.test_libcst_parsing" name="test_parse_module_cst_and_ast_available" time="0.003" /><testcase classname="tests.graphs.test_graph_registry" name="test_list_by_kind" time="0.007" /><testcase classname="tests.graphs.test_graph_registry" name="test_list_by_stage" time="0.008" /><testcase classname="tests.graphs.test_libcst_parsing" name="test_parse_module_preserves_source" time="0.001" /><testcase classname="tests.graphs.test_plugins_import_graph_extended" name="test_build_import_graph_diamond_pattern" time="1.788" /><testcase classname="tests.graphs.test_compute_metrics" name="test_realistic_component_stats" time="0.000" /><testcase classname="tests.graphs.test_compute_metrics" name="test_realistic_community_detection" time="0.002" /><testcase classname="tests.graphs.test_imports" name="test_get_import_graph_builder_plugin_returns_same_instance" time="0.001" /><testcase classname="tests.graphs.test_plugins_import_graph_extended" name="test_build_import_graph_parse_error_skipped" time="1.718" /><testcase classname="tests.graphs.test_libcst_parsing" name="test_import_collector_dotted_imports" time="0.001" /><testcase classname="tests.graphs.test_libcst_parsing" name="test_extract_imports_from_package" time="0.002" /><testcase classname="tests.graphs.test_libcst_parsing" name="test_extract_imports_star" time="0.001" /><testcase classname="tests.graphs.test_core_registry_extended" name="test_plan_with_enabled_overrides_defaults" time="0.010" /><testcase classname="tests.graphs.test_graph_registry" name="test_get_graph_registry_singleton" time="0.000" /><testcase classname="tests.graphs.test_graph_registry" name="test_register_and_unregister_global" time="0.000" /><testcase classname="tests.graphs.test_metrics_plugins" name="test_function_ext_metrics_plugin_metadata" time="0.000" /><testcase classname="tests.graphs.test_plugins_metrics_core" name="test_compute_function_ext_metrics_with_engine" time="1.696" /><testcase classname="tests.graphs.test_metrics_plugins" name="test_core_graph_metrics_plugin_metadata" time="0.000" /><testcase classname="tests.graphs.test_imports" name="test_components_and_layers_cycle_with_outgoing" time="0.002" /><testcase classname="tests.graphs.test_imports" name="test_components_and_layers_with_real_networkx" time="0.000" /><testcase classname="tests.graphs.test_imports" name="test_components_and_layers_large_linear_chain" time="0.000" /><testcase classname="tests.graphs.test_imports" name="test_import_graph_builder_plugin_exists" time="0.000" /><testcase classname="tests.graphs.test_libcst_parsing" name="test_extract_call_sites" time="0.003" /><testcase classname="tests.graphs.test_plugins_metrics_core" name="test_compute_core_graph_metrics_with_engine" time="1.684" /><testcase classname="tests.graphs.test_metrics_plugins" name="test_get_module_ext_metrics_plugin_returns_instance" time="0.000" /><testcase classname="tests.graphs.test_metrics_plugins" name="test_plugins_provide_capabilities" time="0.000" /><testcase classname="tests.graphs.test_graph_registry" name="test_plan_cycle_detection" time="0.007" /><testcase classname="tests.graphs.test_graph_registry" name="test_plan_missing_dependency_raises" time="0.007" /><testcase classname="tests.graphs.test_core_registry_extended" name="test_unregister_plugin_removes" time="0.009" /><testcase classname="tests.graphs.test_libcst_parsing" name="test_parse_module_syntax_error" time="0.001" /><testcase classname="tests.graphs.test_libcst_parsing" name="test_extract_imports_simple" time="0.002" /><testcase classname="tests.graphs.test_graph_registry" name="test_list_providing" time="0.010" /><testcase classname="tests.graphs.test_graph_registry" name="test_plan_capability_based_dependency" time="0.008" /><testcase classname="tests.graphs.test_imports" name="test_components_and_layers_disconnected" time="0.000" /><testcase classname="tests.graphs.test_plugins_import_graph_extended" name="test_build_import_graph_single_module_no_imports" time="1.735" /><testcase classname="tests.graphs.test_function_index" name="test_lookup_falls_back_to_enclosing_and_same_line" time="0.000" /><testcase classname="tests.graphs.test_graph_registry" name="test_dependency_graph" time="0.008" /><testcase classname="tests.graphs.test_graph_registry" name="test_metadata_for" time="0.008" /><testcase classname="tests.graphs.test_graph_registry" name="test_capability_index_updated_on_register" time="0.008" /><testcase classname="tests.graphs.test_libcst_parsing" name="test_parse_module_with_imports" time="0.002" /><testcase classname="tests.graphs.test_plugins_metrics_core" name="test_compute_module_ext_metrics_with_engine" time="1.712" /><testcase classname="tests.graphs.test_compute_metrics" name="test_realistic_hub_detection" time="0.001" /><testcase classname="tests.graphs.test_plugins_metrics_core" name="test_get_function_ext_metrics_plugin_returns_instance" time="0.001" /><testcase classname="tests.graphs.test_graph_registry" name="test_unregister_nonexistent_is_silent" time="0.000" /><testcase classname="tests.graphs.test_metrics_plugins" name="test_function_ext_metrics_plugin_produces_tables" time="0.000" /><testcase classname="tests.graphs.test_metrics_plugins" name="test_module_ext_metrics_plugin_metadata" time="0.000" /><testcase classname="tests.graphs.test_plugins_metrics_core" name="test_module_ext_metrics_plugin_metadata" time="0.000" /><testcase classname="tests.graphs.test_core_registry_extended" name="test_graph_plugin_skip_has_name_and_reason" time="0.001" /><testcase classname="tests.graphs.test_metrics_plugins" name="test_core_graph_metrics_plugin_dependencies" time="0.001" /><testcase classname="tests.graphs.test_graph_registry" name="test_list_graph_plugins" time="0.001" /><testcase classname="tests.graphs.test_plugins_metrics_core" name="test_module_ext_metrics_plugin_output_tables" time="0.000" /><testcase classname="tests.graphs.test_plugins_metrics_core" name="test_core_graph_metrics_plugin_metadata" time="0.001" /><testcase classname="tests.graphs.test_imports" name="test_components_and_layers_single_node" time="0.002" /><testcase classname="tests.graphs.test_metrics_plugins" name="test_module_ext_metrics_plugin_requires_graphs" time="0.000" /><testcase classname="tests.graphs.test_recipe_executor" name="test_stage_execution_result_attributes" time="0.000" /><testcase classname="tests.graphs.test_libcst_parsing" name="test_extract_imports_invalid_source" time="0.001" /><testcase classname="tests.graphs.test_plugins_metrics_core" name="test_core_graph_metrics_plugin_output_tables" time="0.000" /><testcase classname="tests.graphs.test_imports" name="test_components_and_layers_multiple_roots" time="0.001" /><testcase classname="tests.graphs.test_plugins_metrics_core" name="test_function_ext_metrics_requires_call_graph" time="0.000" /><testcase classname="tests.graphs.test_recipe_executor" name="test_recipe_execution_result_counts_mixed_statuses" time="0.000" /><testcase classname="tests.graphs.test_metrics_plugins" name="test_get_core_graph_metrics_plugin_returns_instance" time="0.000" /><testcase classname="tests.graphs.test_graph_registry" name="test_list_all" time="0.011" /><testcase classname="tests.graphs.test_metrics_plugins" name="test_plugins_implement_protocol" time="0.000" /><testcase classname="tests.graphs.test_graph_registry" name="test_plan_missing_capability_raises" time="0.010" /><testcase classname="tests.graphs.test_libcst_parsing" name="test_extract_imports_with_alias" time="0.001" /><testcase classname="tests.graphs.test_graph_registry" name="test_capability_index_updated_on_unregister" time="0.012" /><testcase classname="tests.graphs.test_metrics_plugins" name="test_module_ext_metrics_plugin_produces_tables" time="0.001" /><testcase classname="tests.graphs.test_libcst_parsing" name="test_decorated_function_with_call" time="0.002" /><testcase classname="tests.graphs.test_recipe_executor" name="test_graph_recipe_creation" time="0.001" /><testcase classname="tests.graphs.test_plugins_metrics_core" name="test_get_core_graph_metrics_plugin_returns_instance" time="0.000" /><testcase classname="tests.graphs.test_recipe_executor" name="test_graph_recipe_options_defaults" time="0.000" /><testcase classname="tests.graphs.test_recipe_executor" name="test_recipe_execution_result_all_records" time="0.001" /><testcase classname="tests.graphs.test_plugins_metrics_core" name="test_function_ext_metrics_plugin_metadata" time="0.001" /><testcase classname="tests.graphs.test_resources" name="test_container_register_and_require" time="0.001" /><testcase classname="tests.graphs.test_resources" name="test_container_has_registered" time="0.000" /><testcase classname="tests.graphs.test_plugins_metrics_core" name="test_core_graph_metrics_requires_graphs" time="0.001" /><testcase classname="tests.graphs.test_recipe_executor" name="test_stage_execution_result_frozen" time="0.000" /><testcase classname="tests.graphs.test_plugins_metrics_core" name="test_get_module_ext_metrics_plugin_returns_instance" time="0.001" /><testcase classname="tests.graphs.test_resources" name="test_container_factory_lazy_creation" time="0.001" /><testcase classname="tests.graphs.test_plugins_metrics_core" name="test_function_ext_metrics_plugin_output_tables" time="0.001" /><testcase classname="tests.graphs.test_resources" name="test_container_require_not_found" time="0.001" /><testcase classname="tests.graphs.test_metrics_plugins" name="test_get_function_ext_metrics_plugin_returns_instance" time="0.001" /><testcase classname="tests.graphs.test_resources" name="test_container_registered_names" time="0.000" /><testcase classname="tests.graphs.test_plugins_metrics_core" name="test_module_ext_metrics_requires_import_graph" time="0.000" /><testcase classname="tests.graphs.test_resources" name="test_container_invalidate_all" time="0.000" /><testcase classname="tests.graphs.test_recipe_executor" name="test_graph_stage_frozen" time="0.001" /><testcase classname="tests.graphs.test_resources" name="test_container_require_by_name" time="0.000" /><testcase classname="tests.graphs.test_resources" name="test_container_has_factory" time="0.001" /><testcase classname="tests.graphs.test_recipe_executor" name="test_graph_stage_creation" time="0.001" /><testcase classname="tests.graphs.test_recipe_executor" name="test_graph_recipe_all_plugins" time="0.001" /><testcase classname="tests.graphs.test_resources" name="test_base_provider_create_not_implemented" time="0.001" /><testcase classname="tests.graphs.test_recipe_executor" name="test_recipe_execution_result_frozen" time="0.000" /><testcase classname="tests.graphs.test_recipe_executor" name="test_graph_recipe_with_options" time="0.001" /><testcase classname="tests.graphs.test_resources" name="test_base_provider_recreates_after_invalidate" time="0.001" /><testcase classname="tests.graphs.test_resources" name="test_base_resource_provider_protocol_conformance" time="0.000" /><testcase classname="tests.graphs.test_resources" name="test_container_require_by_name_not_found" time="0.001" /><testcase classname="tests.graphs.test_resources" name="test_container_invalidate_resource" time="0.001" /><testcase classname="tests.graphs.test_resources" name="test_container_overwrite_allows_new_value" time="0.001" /><testcase classname="tests.graphs.test_resources" name="test_container_cleanup" time="0.001" /><testcase classname="tests.graphs.test_recipe_executor" name="test_graph_recipe_frozen" time="0.001" /><testcase classname="tests.graphs.test_recipe_executor" name="test_graph_stage_defaults" time="0.001" /><testcase classname="tests.graphs.test_resources" name="test_base_provider_resource_name" time="0.001" /><testcase classname="tests.graphs.test_resources" name="test_resource_provider_protocol_conformance" time="0.002" /><testcase classname="tests.graphs.test_resources" name="test_resource_not_found_error_is_exception" time="0.002" /><testcase classname="tests.graphs.test_resources_storage_extended" name="test_storage_resource_require_missing_raises" time="0.001" /><testcase classname="tests.graphs.test_resources_storage_extended" name="test_storage_resource_path_absolute" time="1.653" /><testcase classname="tests.graphs.test_adapters_duckdb_extended" name="test_duckdb_adapter_insert_and_select" time="1.544" /><testcase classname="tests.graphs.test_adapters_duckdb_extended" name="test_duckdb_adapter_connection_accessible" time="1.531" /><testcase classname="tests.graphs.test_adapters_duckdb_extended" name="test_duckdb_adapter_table_columns" time="1.502" /><testcase classname="tests.graphs.test_plugins_metrics_core" name="test_compute_core_graph_metrics_no_engine_fails" time="1.581" /><testcase classname="tests.graphs.test_plugins_metrics_core" name="test_compute_function_ext_metrics_no_engine_fails" time="1.590" /><testcase classname="tests.graphs.test_pipeline_scenarios" name="test_graph_engine_with_golden_data" time="1.711" /><testcase classname="tests.graphs.test_resources_storage_extended" name="test_storage_resource_path_is_pathlib" time="1.585" /><testcase classname="tests.graphs.test_plugins_import_graph_extended" name="test_build_import_graph_persists_modules_table" time="1.657" /><testcase classname="tests.graphs.test_plugins_metrics_core" name="test_compute_module_ext_metrics_no_engine_fails" time="1.580" /><testcase classname="tests.graphs.test_plugins_import_graph_extended" name="test_build_import_graph_simple_chain" time="1.659" /><testcase classname="tests.graphs.test_pipeline_scenarios" name="test_error_recovery_continues_other_plugins" time="1.823" /><testcase classname="tests.graphs.test_plugins_import_graph_extended" name="test_build_import_graph_mixed_imports" time="1.645" /><testcase classname="tests.graphs.test_pipeline_scenarios" name="test_full_pipeline_with_golden_data" time="1.898" /><testcase classname="tests.graphs.test_engine_factory" name="test_build_graph_engine_cpu_backend_leaves_env_clean" time="1.494" /><testcase classname="tests.graphs.test_adapters_duckdb_extended" name="test_duckdb_adapter_batch_insert" time="1.516" /><testcase classname="tests.graphs.test_adapters_duckdb_extended" name="test_duckdb_adapter_execute_simple_query" time="1.531" /><testcase classname="tests.graphs.test_adapters_duckdb_extended" name="test_duckdb_adapter_transaction_commit" time="1.457" /><testcase classname="tests.graphs.test_plugins_metrics_core" name="test_compute_core_graph_metrics_empty_graphs" time="1.474" /><testcase classname="tests.graphs.test_resources_storage_extended" name="test_storage_resource_different_paths" time="1.552" /><testcase classname="tests.graphs.test_resources_storage_extended" name="test_storage_resource_connection_usable" time="1.535" /><testcase classname="tests.graphs.test_resources_storage_extended" name="test_storage_resource_multiple_resources_same_gateway" time="1.450" /><testcase classname="tests.graphs.test_plugins_import_graph_extended" name="test_build_import_graph_persists_edges_table" time="1.663" /><testcase classname="tests.graphs.test_pipeline_scenarios" name="test_convenience_execute_function" time="1.682" /><testcase classname="tests.graphs.test_plugins_import_graph_extended" name="test_build_import_graph_cycle_detection" time="1.686" /><testcase classname="tests.graphs.test_plugins_import_graph_extended" name="test_build_import_graph_empty_catalog" time="1.570" /><testcase classname="tests.graphs.test_plugins_import_graph_extended" name="test_build_import_graph_missing_file_skipped" time="1.667" /><testcase classname="tests.graphs.test_pipeline_scenarios" name="test_fatal_error_stops_pipeline" time="1.700" /><testcase classname="tests.graphs.test_pipeline_scenarios" name="test_pipeline_accesses_golden_data" time="1.690" /><testcase classname="tests.graphs.test_adapters_duckdb_extended" name="test_duckdb_adapter_invalid_query_raises" time="1.624" /><testcase classname="tests.graphs.test_adapters_duckdb_extended" name="test_duckdb_adapter_aggregate_query" time="1.628" /><testcase classname="tests.graphs.test_adapters_duckdb_extended" name="test_duckdb_adapter_execute_with_params" time="1.617" /><testcase classname="tests.graphs.test_runtime" name="test_run_graph_plugins_basic_success" time="1.563" /><testcase classname="tests.graphs.test_runtime" name="test_run_graph_plugins_retry_logic" time="1.498" /><testcase classname="tests.graphs.test_runtime" name="test_run_graph_plugins_timeout" time="3.633" /><testcase classname="tests.graphs.test_runtime" name="test_run_graph_plugins_with_failure" time="1.649" /><testcase classname="tests.graphs.test_runtime" name="test_run_graph_plugins_multiple_success" time="1.528" /><testcase classname="tests.graphs.test_engine_nx" name="test_engine_matches_nx_views_for_core_graphs" time="1.679" /><testcase classname="tests.graphs.test_runtime" name="test_run_graph_plugins_fatal_error" time="1.652" /><testcase classname="tests.graphs.test_runtime" name="test_run_graph_plugin_batch_convenience" time="1.603" /><testcase classname="tests.graphs.test_runtime" name="test_run_graph_plugins_includes_timing" time="1.644" /><testcase classname="tests.graphs.test_engine_nx" name="test_cache_seed_with_none_is_noop" time="0.001" /><testcase classname="tests.graphs.test_runtime" name="test_plan_with_run_options" time="0.013" /><testcase classname="tests.graphs.test_runtime" name="test_compute_input_hash_deterministic" time="0.001" /><testcase classname="tests.graphs.test_runtime" name="test_compute_input_hash_varies_with_inputs" time="0.000" /><testcase classname="tests.graphs.test_runtime" name="test_compute_options_hash_with_options" time="0.001" /><testcase classname="tests.graphs.test_runtime" name="test_compute_options_hash_none_returns_none" time="0.000" /><testcase classname="tests.graphs.test_runtime" name="test_is_unchanged_when_hashes_match" time="1.578" /><testcase classname="tests.graphs.test_pipeline_scenarios" name="test_large_dataset_execution" time="2.040" /><testcase classname="tests.graphs.test_pipeline_scenarios" name="test_incremental_update_scenario" time="1.807" /><testcase classname="tests.graphs.test_runtime" name="test_plugin_fatal_error_exception" time="0.001" /><testcase classname="tests.graphs.test_runtime" name="test_is_unchanged_no_prior_manifest" time="1.582" /><testcase classname="tests.graphs.test_runtime" name="test_graph_run_report_attributes" time="0.000" /><testcase classname="tests.graphs.test_runtime" name="test_skip_record" time="0.001" /><testcase classname="tests.graphs.test_runtime" name="test_graph_plugin_manifest_record" time="0.000" /><testcase classname="tests.graphs.test_runtime" name="test_record_params_defaults" time="0.000" /><testcase classname="tests.graphs.test_runtime" name="test_graph_runtime_telemetry_initialization" time="0.000" /><testcase classname="tests.graphs.test_runtime" name="test_start_plugin_creates_span" time="1.593" /><testcase classname="tests.graphs.test_adapters_duckdb_extended" name="test_duckdb_adapter_missing_table_raises" time="1.524" /><testcase classname="tests.graphs.test_adapters_libcst_extended" name="test_parse_module_simple_success" time="0.008" /><testcase classname="tests.graphs.test_runtime" name="test_finish_run_completes_span" time="0.000" /><testcase classname="tests.graphs.test_runtime" name="test_record_metrics_without_otel" time="0.000" /><testcase classname="tests.graphs.test_runtime" name="test_get_graph_telemetry_singleton" time="0.001" /><testcase classname="tests.graphs.test_runtime" name="test_graph_plugin_span_attributes" time="0.000" /><testcase classname="tests.graphs.test_runtime" name="test_telemetry_handles_failed_plugin" time="1.477" /><testcase classname="tests.graphs.test_adapters_duckdb_extended" name="test_duckdb_adapter_execute_fetch_all" time="1.495" /><testcase classname="tests.graphs.test_runtime" name="test_run_graph_plugins_skip_on_error_severity" time="1.427" /><testcase classname="tests.graphs.test_runtime" name="test_run_graph_plugins_manifest_update" time="1.511" /><testcase classname="tests.graphs.test_runtime" name="test_plan_with_dependencies" time="0.001" /><testcase classname="tests.graphs.test_runtime_executor" name="test_run_with_timeout_cancels_on_timeout" time="3.474" /><testcase classname="tests.graphs.test_runtime" name="test_plan_with_custom_policy" time="0.001" /><testcase classname="tests.graphs.test_runtime_executor" name="test_execute_plugin_backoff_applied" time="1.534" /><testcase classname="tests.graphs.test_runtime" name="test_plan_with_explicit_target" time="0.001" /><testcase classname="tests.graphs.test_runtime_executor" name="test_execute_plugin_fatal_raises_plugin_fatal_error" time="1.593" /><testcase classname="tests.graphs.test_runtime" name="test_plugin_execution_settings_hashes" time="0.001" /><testcase classname="tests.graphs.test_runtime_executor" name="test_execute_plugin_returns_plugin_hashes" time="1.503" /><testcase classname="tests.graphs.test_runtime" name="test_is_unchanged_when_hashes_differ" time="1.504" /><testcase classname="tests.graphs.test_runtime" name="test_plan_missing_target_raises" time="0.001" /><testcase classname="tests.graphs.test_runtime_executor" name="test_run_graph_plugins_dry_run_skips_execution" time="1.588" /><testcase classname="tests.graphs.test_backend_selection" name="test_build_graph_runtime_captures_backend_info" time="8.059" /><testcase classname="tests.graphs.test_runtime" name="test_dry_run_record" time="0.001" /><testcase classname="tests.graphs.test_runtime_executor" name="test_run_graph_plugins_builds_manifest" time="1.660" /><testcase classname="tests.graphs.test_runtime" name="test_finish_plugin_records_duration" time="2.103" /><testcase classname="tests.graphs.test_imports" name="test_import_modules_matches_condensation_layers" time="7.375" /><testcase classname="tests.graphs.test_libcst_parsing" name="test_parse_module_simple_function" time="0.003" /><testcase classname="tests.graphs.test_libcst_parsing" name="test_parse_module_async_function" time="0.001" /><testcase classname="tests.graphs.test_runtime_executor" name="test_plugin_fatal_error_preserves_context" time="0.001" /><testcase classname="tests.graphs.test_runtime_executor" name="test_run_graph_plugin_batch_executes_multiple" time="1.929" /><testcase classname="tests.graphs.test_recipe_executor" name="test_executor_fail_fast_stops_on_failure" time="7.454" /><testcase classname="tests.graphs.test_resources" name="test_storage_resource_execute_mutation_multiple_rows" time="7.465" /><testcase classname="tests.graphs.test_recipe_executor" name="test_executor_plugin_failure_handling" time="7.510" /><testcase classname="tests.graphs.test_resources_storage_extended" name="test_storage_resource_require" time="2.204" /><testcase classname="tests.graphs.test_runtime" name="test_start_run_creates_run_span" time="0.001" /><testcase classname="tests.graphs.test_runtime_manifest" name="test_compute_input_hash_deterministic" time="0.001" /><testcase classname="tests.graphs.test_runtime_manifest" name="test_compute_input_hash_varies_with_commit" time="0.000" /><testcase classname="tests.graphs.test_runtime_manifest" name="test_compute_options_hash_with_dict_options" time="0.001" /><testcase classname="tests.graphs.test_recipe_executor" name="test_executor_basic_success" time="7.537" /><testcase classname="tests.graphs.test_runtime_manifest" name="test_compute_options_hash_none_returns_none" time="0.001" /><testcase classname="tests.graphs.test_runtime" name="test_telemetry_handles_skipped_plugin" time="2.072" /><testcase classname="tests.graphs.test_runtime_manifest" name="test_compute_options_hash_deterministic" time="0.001" /><testcase classname="tests.graphs.test_runtime_manifest" name="test_compute_options_hash_varies_with_options" time="0.001" /><testcase classname="tests.graphs.test_runtime_manifest" name="test_is_unchanged_when_hashes_match" time="1.993" /><testcase classname="tests.graphs.test_resources" name="test_storage_resource_execute_query_with_params" time="7.524" /><testcase classname="tests.graphs.test_runtime" name="test_telemetry_with_multiple_attempts" time="1.938" /><testcase classname="tests.graphs.test_resources" name="test_base_provider_lazy_creation" time="0.001" /><testcase classname="tests.graphs.test_resources" name="test_base_provider_invalidate" time="0.000" /><testcase classname="tests.graphs.test_resources_storage_extended" name="test_storage_resource_resource_name" time="0.001" /><testcase classname="tests.graphs.test_runtime_manifest" name="test_is_unchanged_missing_prior_input_hash_returns_false" time="2.193" /><testcase classname="tests.graphs.test_runtime_manifest" name="test_is_unchanged_missing_plugin_in_prior_returns_false" time="2.261" /><testcase classname="tests.graphs.test_resources" name="test_storage_resource_read_source" time="7.584" /><testcase classname="tests.graphs.test_resources" name="test_storage_resource_execute_query_empty_result" time="7.617" /><testcase classname="tests.graphs.test_resources" name="test_storage_resource_protocol_conformance" time="7.669" /><testcase classname="tests.graphs.test_resources" name="test_storage_resource_execute_mutation" time="7.663" /><testcase classname="tests.graphs.test_resources" name="test_storage_resource_execute_query" time="7.671" /><testcase classname="tests.graphs.test_resources_storage_extended" name="test_storage_resource_gateway_access" time="2.208" /><testcase classname="tests.graphs.test_recipe_executor" name="test_executor_multiple_plugins_in_stage" time="7.719" /><testcase classname="tests.graphs.test_graph_validation_catalog" name="test_graph_validation_orphan_uses_catalog_map" time="8.893" /><testcase classname="tests.graphs.test_runtime_executor" name="test_run_with_timeout_executes_plugin_within_timeout" time="2.152" /><testcase classname="tests.graphs.test_recipe_executor" name="test_executor_result_has_timing_info" time="7.724" /><testcase classname="tests.graphs.test_resources" name="test_storage_resource_creation" time="7.697" /><testcase classname="tests.graphs.test_resources" name="test_storage_resource_get_returns_self" time="7.706" /><testcase classname="tests.graphs.test_resources" name="test_storage_resource_execute_mutation_with_params" time="7.707" /><testcase classname="tests.graphs.test_resources_storage_extended" name="test_storage_resource_retrieval" time="2.284" /><testcase classname="tests.graphs.test_resources_storage_extended" name="test_storage_resource_init" time="1.988" /><testcase classname="tests.graphs.test_resources_storage_extended" name="test_storage_resource_not_registered" time="0.001" /><testcase classname="tests.graphs.test_runtime_manifest" name="test_record_params_defaults" time="0.001" /><testcase classname="tests.graphs.test_runtime_manifest" name="test_record_params_custom_values" time="0.001" /><testcase classname="tests.graphs.test_runtime_manifest" name="test_input_hash_payload_frozen" time="0.001" /><testcase classname="tests.graphs.test_runtime_manifest" name="test_input_hash_payload_equality" time="0.001" /><testcase classname="tests.graphs.test_runtime_manifest" name="test_manifest_state_frozen" time="2.119" /><testcase classname="tests.graphs.test_resources" name="test_resource_not_found_error_message" time="0.001" /><testcase classname="tests.graphs.test_runtime_planning" name="test_resolve_plugin_options_map_merges_multiple_plugins" time="0.001" /><testcase classname="tests.graphs.test_runtime_planning" name="test_resolve_plugin_options_map_unknown_plugin_raises" time="0.001" /><testcase classname="tests.graphs.test_runtime_planning" name="test_resolve_plugin_options_map_unknown_runtime_plugin_raises" time="0.000" /><testcase classname="tests.graphs.test_runtime_planning" name="test_effective_severity_uses_policy_default" time="0.000" /><testcase classname="tests.graphs.test_runtime_planning" name="test_effective_timeout_uses_policy_override" time="0.000" /><testcase classname="tests.graphs.test_resources_storage_extended" name="test_storage_resource_registration" time="2.328" /><testcase classname="tests.graphs.test_runtime_planning" name="test_effective_timeout_uses_resource_hints" time="0.000" /><testcase classname="tests.graphs.test_runtime_planning" name="test_resolve_target_from_cfg" time="0.001" /><testcase classname="tests.graphs.test_runtime_planning" name="test_resolve_target_from_explicit_tuple" time="0.003" /><testcase classname="tests.graphs.test_runtime_planning" name="test_resolve_target_from_runtime_snapshot" time="0.000" /><testcase classname="tests.graphs.test_runtime_planning" name="test_resolve_target_missing_raises" time="0.001" /><testcase classname="tests.graphs.test_runtime_planning" name="test_build_plugin_settings_computes_hashes" time="0.001" /><testcase classname="tests.graphs.test_runtime_planning" name="test_build_plugin_settings_includes_policy_values" time="0.001" /><testcase classname="tests.graphs.test_runtime_planning" name="test_build_plugin_settings_includes_version_hash" time="0.000" /><testcase classname="tests.graphs.test_runtime_planning" name="test_plan_graph_plugin_run_basic" time="0.018" /><testcase classname="tests.graphs.test_runtime_planning" name="test_plan_graph_plugin_run_with_scope_override" time="0.001" /><testcase classname="tests.graphs.test_runtime_planning" name="test_plan_graph_plugin_run_with_plugin_options" time="0.001" /><testcase classname="tests.graphs.test_runtime_planning" name="test_plan_graph_plugin_run_with_prior_manifest" time="0.001" /><testcase classname="tests.graphs.test_runtime_planning" name="test_plan_graph_plugin_run_includes_settings" time="0.001" /><testcase classname="tests.graphs.test_runtime_planning" name="test_plan_graph_plugin_run_with_dependencies" time="0.001" /><testcase classname="tests.graphs.test_runtime_executor" name="test_run_with_timeout_no_timeout_executes_directly" time="1.892" /><testcase classname="tests.graphs.test_runtime_planning" name="test_plan_graph_plugin_run_with_telemetry" time="0.001" /><testcase classname="tests.graphs.test_runtime_planning" name="test_graph_plugin_execution_plan_skipped_plugins" time="0.001" /><testcase classname="tests.graphs.test_runtime_planning" name="test_plan_coordinates_frozen" time="0.001" /><testcase classname="tests.graphs.test_runtime_planning" name="test_plan_coordinates_equality" time="0.000" /><testcase classname="tests.graphs.test_runtime_telemetry" name="test_telemetry_init_with_defaults" time="0.000" /><testcase classname="tests.graphs.test_runtime_telemetry" name="test_telemetry_init_with_custom_service_name" time="0.000" /><testcase classname="tests.graphs.test_runtime_telemetry" name="test_telemetry_init_without_otel_disables_features" time="0.000" /><testcase classname="tests.graphs.test_runtime_telemetry" name="test_telemetry_init_with_tracing_disabled" time="0.000" /><testcase classname="tests.graphs.test_runtime_telemetry" name="test_telemetry_init_with_metrics_disabled" time="0.000" /><testcase classname="tests.graphs.test_runtime_telemetry" name="test_start_plugin_captures_all_attributes" time="2.006" /><testcase classname="tests.graphs.test_callgraph_builder" name="test_callgraph_handles_aliases_and_relative_imports" time="2.476" /><testcase classname="tests.graphs.test_runtime_executor" name="test_execute_plugin_skip_on_error_severity" time="1.875" /><testcase classname="tests.graphs.test_runtime_executor" name="test_status_counts_aggregates_correctly" time="0.001" /><testcase classname="tests.graphs.test_runtime_telemetry" name="test_finish_plugin_with_failed_status" time="1.991" /><testcase classname="tests.graphs.test_runtime_executor" name="test_status_counts_empty_records" time="0.001" /><testcase classname="tests.graphs.test_runtime_telemetry" name="test_finish_plugin_with_multiple_attempts" time="2.250" /><testcase classname="tests.graphs.test_runtime_executor" name="test_execute_plugin_timeout_records_error" time="3.983" /><testcase classname="tests.graphs.test_runtime_executor" name="test_run_graph_plugins_skip_on_unchanged" time="2.188" /><testcase classname="tests.graphs.test_runtime" name="test_plan_graph_plugin_run_basic" time="0.005" /><testcase classname="tests.graphs.test_runtime_telemetry" name="test_record_metrics_with_none_scope" time="0.001" /><testcase classname="tests.graphs.test_runtime_telemetry" name="test_start_run_creates_run_level_span" time="0.000" /><testcase classname="tests.graphs.test_runtime_telemetry" name="test_finish_run_records_counts" time="0.001" /><testcase classname="tests.graphs.test_runtime_telemetry" name="test_finish_run_with_all_success" time="0.001" /><testcase classname="tests.graphs.test_runtime_telemetry" name="test_finish_run_with_all_failures" time="0.001" /><testcase classname="tests.graphs.test_runtime_telemetry" name="test_get_graph_telemetry_returns_singleton" time="0.001" /><testcase classname="tests.graphs.test_runtime_telemetry" name="test_get_graph_telemetry_is_valid_instance" time="0.001" /><testcase classname="tests.graphs.test_runtime_telemetry" name="test_graph_plugin_span_stores_attributes" time="0.001" /><testcase classname="tests.graphs.test_runtime_telemetry" name="test_graph_plugin_span_default_empty_dicts" time="0.001" /><testcase classname="tests.graphs.test_runtime_telemetry" name="test_graph_plugin_span_mutable_attributes" time="0.001" /><testcase classname="tests.graphs.test_runtime_telemetry" name="test_telemetry_handles_otel_not_available" time="2.117" /><testcase classname="tests.graphs.test_runtime_executor" name="test_run_graph_plugins_fatal_stops_remaining" time="2.115" /><testcase classname="tests.graphs.test_imports" name="test_collect_aliases_import_and_from_import" time="0.003" /><testcase classname="tests.graphs.test_imports" name="test_collect_import_edges_relative_resolution" time="0.002" /><testcase classname="tests.graphs.test_runtime_telemetry" name="test_telemetry_finish_run_with_otel_span_none" time="0.001" /><testcase classname="tests.graphs.test_runtime_executor" name="test_graph_run_report_captures_all_fields" time="0.002" /><testcase classname="tests.graphs.test_symbol_uses_module_fallback" name="test_no_module_mapping_keeps_same_module_false" time="5.505" /><testcase classname="tests.graphs.test_runtime_executor" name="test_run_graph_plugin_batch_with_mixed_results" time="1.743" /><testcase classname="tests.graphs.test_runtime_manifest" name="test_is_unchanged_missing_input_hash_returns_false" time="1.607" /><testcase classname="tests.graphs.test_runtime_manifest" name="test_is_unchanged_when_input_hash_differs" time="1.632" /><testcase classname="tests.graphs.test_runtime_manifest" name="test_compute_options_hash_serialization_failure_returns_none" time="0.001" /><testcase classname="tests.graphs.test_runtime_manifest" name="test_graph_plugin_manifest_empty" time="0.001" /><testcase classname="tests.graphs.test_validation" name="test_call_graph_findings_with_scc" time="0.001" /><testcase classname="tests.graphs.test_runtime_planning" name="test_graph_plugin_execution_plan_dep_graph" time="0.001" /><testcase classname="tests.graphs.test_validation" name="test_call_graph_findings_with_hub_nodes" time="0.001" /><testcase classname="tests.graphs.test_validation" name="test_call_graph_findings_empty_graph" time="0.001" /><testcase classname="tests.graphs.test_validation" name="test_import_cycle_findings_detects_cross_package_cycles" time="0.001" /><testcase classname="tests.graphs.test_validation" name="test_import_cycle_findings_detects_large_cycles" time="0.001" /><testcase classname="tests.graphs.test_runtime_manifest" name="test_compute_input_hash_scope_modules_included" time="0.001" /><testcase classname="tests.graphs.test_validation" name="test_import_upward_findings_detects_layer_violations" time="0.001" /><testcase classname="tests.graphs.test_validation" name="test_import_upward_findings_ignores_downward" time="0.001" /><testcase classname="tests.graphs.test_validation" name="test_import_hub_findings_detects_hubs" time="0.001" /><testcase classname="tests.graphs.test_validation" name="test_symbol_graph_findings_detects_hubs" time="0.002" /><testcase classname="tests.graphs.test_validation" name="test_import_bridge_findings_detects_bridges" time="0.001" /><testcase classname="tests.graphs.test_validation" name="test_import_graph_findings_combines_checks" time="0.001" /><testcase classname="tests.graphs.test_validation" name="test_config_key_findings_empty_graph" time="0.001" /><testcase classname="tests.graphs.test_validation" name="test_symbol_graph_findings_empty_graph" time="0.001" /><testcase classname="tests.graphs.test_validation" name="test_config_key_findings_detects_broad_usage" time="0.002" /><testcase classname="tests.graphs.test_runtime_manifest" name="test_is_unchanged_no_prior_manifest" time="1.471" /><testcase classname="tests.graphs.test_runtime_manifest" name="test_graph_plugin_manifest_record_and_to_dict" time="0.001" /><testcase classname="tests.graphs.test_runtime_manifest" name="test_dry_run_record_creates_skipped_status" time="0.001" /><testcase classname="tests.graphs.test_runtime_telemetry" name="test_start_plugin_creates_unique_spans" time="1.411" /><testcase classname="tests.graphs.test_runtime_planning" name="test_resolve_plugin_options_map_uses_default" time="0.001" /><testcase classname="tests.graphs.test_runtime_manifest" name="test_skip_record_with_custom_reason" time="0.001" /><testcase classname="tests.graphs.test_runtime_telemetry" name="test_finish_plugin_computes_duration" time="1.427" /><testcase classname="tests.graphs.test_runtime_executor" name="test_execute_plugin_retry_exhausts_attempts" time="1.411" /><testcase classname="tests.graphs.test_runtime_manifest" name="test_graph_plugin_manifest_overwrite_existing" time="0.001" /><testcase classname="tests.graphs.test_runtime_planning" name="test_effective_timeout_none_when_no_hints_or_override" time="0.001" /><testcase classname="tests.graphs.test_runtime_telemetry" name="test_finish_plugin_with_skipped_status" time="1.311" /><testcase classname="tests.graphs.test_callgraph_resolution" name="test_resolve_callee_precedence_local_then_alias" time="0.001" /><testcase classname="tests.graphs.test_runtime_telemetry" name="test_record_metrics_without_metrics_enabled" time="0.001" /><testcase classname="tests.graphs.test_runtime_telemetry" name="test_record_metrics_with_scope_modules" time="0.001" /><testcase classname="tests.graphs.test_runtime_telemetry" name="test_telemetry_start_run_without_otel" time="0.001" /><testcase classname="tests.graphs.test_runtime_telemetry" name="test_telemetry_finish_plugin_with_otel_span_none" time="0.001" /><testcase classname="tests.graphs.test_runtime_telemetry" name="test_record_metrics_with_scope_paths" time="0.000" /><testcase classname="tests.graphs.test_recipe_executor" name="test_executor_missing_plugin_handled" time="6.798" /><testcase classname="tests.graphs.test_runtime_manifest" name="test_compute_input_hash_scope_paths_included" time="0.001" /><testcase classname="tests.graphs.test_recipe_executor" name="test_executor_multi_stage_sequential" time="6.892" /><testcase classname="tests.graphs.test_runtime_manifest" name="test_is_unchanged_when_options_hash_differs" time="0.952" /><testcase classname="tests.graphs.test_resources" name="test_storage_resource_read_source_not_found" time="6.907" /><testcase classname="tests.graphs.test_runtime_manifest" name="test_skip_record_creates_skipped_status_with_reason" time="0.001" /><testcase classname="tests.graphs.test_resources" name="test_storage_resource_invalidate_noop" time="6.858" /><testcase classname="tests.graphs.test_runtime_planning" name="test_resolve_plugin_options_map_runtime_overrides_config" time="0.001" /><testcase classname="tests.graphs.test_symbol_uses_normalization" name="test_load_scip_documents_skips_invalid_entries" time="0.001" /><testcase classname="tests.graphs.test_recipe_executor" name="test_execute_graph_recipe_convenience_function" time="7.095" /><testcase classname="tests.graphs.test_recipe_executor" name="test_executor_result_has_unique_run_id" time="7.111" /><testcase classname="tests.graphs.test_runtime_planning" name="test_resolve_plugin_options_map_config_overrides_default" time="0.001" /><testcase classname="tests.graphs.test_runtime_planning" name="test_effective_severity_uses_override" time="0.000" /><testcase classname="tests.graphs.test_span_consistency_integration" name="test_span_alignment_across_components" time="7.007" /><testcase classname="tests.graphs.test_symbol_uses_module_fallback" name="test_partial_catalog_map_falls_back_to_db" time="4.262" /><testcase classname="tests.graphs.test_validation" name="test_run_graph_validations_caps_findings" time="7.552" /><testcase classname="tests.graphs.test_validation_flags" name="test_validation_strict_escalates_findings" time="6.481" /><testcase classname="tests.graphs.test_validation_flags" name="test_validation_non_strict_allows_warnings" time="6.486" /><testcase classname="tests.graphs.test_validation" name="test_call_graph_findings_with_isolated_nodes" time="0.001" /><testcase classname="tests.graphs.test_validation" name="test_run_graph_validations_emits_warnings" time="7.346" /><testcase classname="tests.graphs.test_validation" name="test_run_graph_validations_snapshot_mismatch_raises" time="7.334" /><testcase classname="tests.graphs.test_validation" name="test_run_graph_validations_hard_fail_on_error" time="7.385" /></testsuite></testsuites>