<?xml version="1.0" encoding="utf-8"?><testsuites name="pytest tests"><testsuite name="pytest" errors="0" failures="3" skipped="0" tests="45" time="28.571" timestamp="2025-12-26T23:43:45.070654-06:00" hostname="MacBookPro.lan"><testcase classname="tests.config.test_dataset_contract_snapshot" name="test_dataset_contracts_count_snapshot" time="0.007" /><testcase classname="tests.config.test_dataset_contract_snapshot" name="test_table_schemas_count_snapshot" time="0.005"><failure message="Failed: Expected 99 TABLE_SCHEMAS, got 101">def test_table_schemas_count_snapshot() -&gt; None:
        """Lock in the current TABLE_SCHEMAS count to detect accidental removal."""
        actual = len(_NON_INFERABLE_TABLE_SCHEMAS)
        if actual != EXPECTED_TABLE_SCHEMAS_COUNT:
&gt;           pytest.fail(f"Expected {EXPECTED_TABLE_SCHEMAS_COUNT} TABLE_SCHEMAS, got {actual}")
E           Failed: Expected 99 TABLE_SCHEMAS, got 101

tests/config/test_dataset_contract_snapshot.py:48: Failed</failure></testcase><testcase classname="tests.config.test_dataset_contract_snapshot" name="test_dataset_contracts_by_table_key_count_snapshot" time="0.009" /><testcase classname="tests.config.test_composite_schemas" name="test_composite_schema_profile_exists[function_profile]" time="0.001" /><testcase classname="tests.config.test_composite_schemas" name="test_composite_schema_profile_exists[module_profile]" time="0.001" /><testcase classname="tests.config.test_composite_schemas" name="test_composite_schema_profile_exists[file_profile]" time="0.002" /><testcase classname="tests.config.test_composite_schemas" name="test_composite_schema_validation_passes[function_profile]" time="0.002" /><testcase classname="tests.config.test_composite_schemas" name="test_composite_schema_profile_exists[test_profile]" time="0.001" /><testcase classname="tests.config.test_composite_schemas" name="test_composite_schema_validation_passes[file_profile]" time="0.002" /><testcase classname="tests.config.test_composite_schemas" name="test_composite_schema_validation_passes[test_profile]" time="0.001" /><testcase classname="tests.config.test_composite_schemas" name="test_get_source_for_column_shared" time="0.000" /><testcase classname="tests.config.test_composite_schemas" name="test_composite_schema_validation_passes[module_profile]" time="0.001" /><testcase classname="tests.config.test_composite_schemas" name="test_get_source_for_column_unique" time="0.001" /><testcase classname="tests.config.test_composite_schemas" name="test_get_source_for_column_mapped" time="0.001" /><testcase classname="tests.config.test_composite_schemas" name="test_get_source_for_column_additional" time="0.001" /><testcase classname="tests.config.test_composite_schemas" name="test_source_column_names_includes_shared" time="0.001" /><testcase classname="tests.config.test_composite_schemas" name="test_source_column_names_excludes_excluded" time="0.001" /><testcase classname="tests.config.test_composite_schemas" name="test_source_column_names_applies_mappings" time="0.001" /><testcase classname="tests.config.test_composite_schemas" name="test_composite_has_sources[function_profile]" time="0.001" /><testcase classname="tests.config.test_composite_schemas" name="test_composite_has_sources[file_profile]" time="0.001" /><testcase classname="tests.config.test_composite_schemas" name="test_composite_has_sources[module_profile]" time="0.001" /><testcase classname="tests.config.test_composite_schemas" name="test_composite_has_sources[test_profile]" time="0.001" /><testcase classname="tests.config.test_composite_schemas" name="test_composite_has_shared_fragments[function_profile]" time="0.001" /><testcase classname="tests.config.test_composite_schemas" name="test_composite_has_shared_fragments[module_profile]" time="0.001" /><testcase classname="tests.config.test_composite_schemas" name="test_composite_has_shared_fragments[file_profile]" time="0.001" /><testcase classname="tests.config.test_composite_schemas" name="test_composite_has_shared_fragments[test_profile]" time="0.001" /><testcase classname="tests.config.test_composite_schemas" name="test_profile_contracts_have_composition" time="0.004" /><testcase classname="tests.config.test_composite_schemas" name="test_all_profiles_have_composite_schemas" time="0.001" /><testcase classname="tests.config.test_composite_schemas" name="test_non_profile_contracts_no_composition" time="0.010" /><testcase classname="tests.config.test_composite_schemas" name="test_composition_matches_composite_schemas" time="0.031" /><testcase classname="tests.storage.test_schema_alignment" name="test_assert_schema_alignment_detects_drift_nonstrict" time="2.211" /><testcase classname="tests.storage.test_schema_alignment" name="test_create_schemas_creates_all_namespaces" time="2.003" /><testcase classname="tests.config.test_composite_schemas" name="test_composite_schema_sources_exist[test_profile]" time="0.001" /><testcase classname="tests.storage.test_schema_alignment" name="test_ensure_schemas_preserve_creates_tables_idempotently" time="2.955" /><testcase classname="tests.storage.test_schema_alignment" name="test_ensure_schemas_preserve_with_extra_ddl" time="2.450" /><testcase classname="tests.storage.tracking.test_schema_catalog" name="test_schema_manifest_roundtrip_from_metadata" time="2.054" /><testcase classname="tests.config.test_ingestion_schema_registry" name="test_ingestion_sql_tables_match_schema" time="2.496"><failure message="Failed: v_validation_summary table is missing">fresh_gateway = DuckDBGateway(config=StorageConfig(db_path=PosixPath(':memory:'), read_only=False, apply_schema=True, ensure_views=Tru...ject at 0x12c712d70&gt;), schemas=&lt;codeintel.storage.tracking.schema_catalog.SchemaCatalogTracking object at 0x12c808e90&gt;)

    def test_ingestion_sql_tables_match_schema(fresh_gateway: StorageGateway) -&gt; None:
        """Ensure registry tables exist with expected columns."""
        con = fresh_gateway.con
        provider = non_inferable_schema_provider()
        registry = {
            schema.table_key: schema.column_names()
            for schema in provider.iter_table_schemas()
        }
        for fq_name, registry_cols in sorted(registry.items()):
            schema_name, table_name = fq_name.split(".", maxsplit=1)
            if not _table_exists(con, schema_name, table_name):
&gt;               pytest.fail(f"{table_name} table is missing")
E               Failed: v_validation_summary table is missing

tests/config/test_ingestion_schema_registry.py:51: Failed</failure></testcase><testcase classname="tests.storage.test_schema_alignment" name="test_apply_and_validate_schema_alignment" time="2.278"><failure message="AssertionError: Schema drift detected: [&quot;docs.v_validation_summary: expected ['repo', 'commit', 'validation_type', 'issue_count', 'affected_files', 'affected_functions'] got []&quot;]">fresh_gateway = DuckDBGateway(config=StorageConfig(db_path=PosixPath(':memory:'), read_only=False, apply_schema=True, ensure_views=Tru...ject at 0x12b6b70f0&gt;), schemas=&lt;codeintel.storage.tracking.schema_catalog.SchemaCatalogTracking object at 0x12b818510&gt;)

    def test_apply_and_validate_schema_alignment(fresh_gateway: StorageGateway) -&gt; None:
        """
        Schema application should create expected columns (incl. decorator spans).
    
        Raises
        ------
        AssertionError
            If schema drift is detected or decorator columns are missing.
        """
        con = fresh_gateway.con
        issues = assert_schema_alignment(con, strict=False)
        if issues:
            message = f"Schema drift detected: {issues}"
&gt;           raise AssertionError(message)
E           AssertionError: Schema drift detected: ["docs.v_validation_summary: expected ['repo', 'commit', 'validation_type', 'issue_count', 'affected_files', 'affected_functions'] got []"]

tests/storage/test_schema_alignment.py:37: AssertionError</failure></testcase><testcase classname="tests.storage.tracking.test_schema_catalog" name="test_schema_index_prefill_avoids_inference" time="2.072" /><testcase classname="tests.config.test_dataset_contract_snapshot" name="test_row_bindings_count_snapshot" time="0.001" /><testcase classname="tests.config.test_dataset_contract_snapshot" name="test_all_tables_have_schemas" time="0.004" /><testcase classname="tests.config.test_composite_schemas" name="test_composite_schema_sources_exist[module_profile]" time="0.001" /><testcase classname="tests.config.test_dataset_contract_snapshot" name="test_row_bindings_have_table_schemas" time="0.002" /><testcase classname="tests.config.test_composite_schemas" name="test_composite_schema_sources_exist[file_profile]" time="0.001" /><testcase classname="tests.config.test_composite_schemas" name="test_composite_schema_sources_exist[function_profile]" time="0.001" /></testsuite></testsuites>