<?xml version="1.0" encoding="utf-8"?><testsuites name="pytest tests"><testsuite name="pytest" errors="0" failures="0" skipped="0" tests="16" time="16.148" timestamp="2025-12-08T05:44:31.846061-05:00" hostname="paul-X870-AORUS-ELITE-WIFI7"><testcase classname="tests.analytics.adapters.test_semantic_roles_adapter" name="test_modules_adapter_persist_empty" time="6.967" /><testcase classname="tests.analytics.adapters.test_semantic_roles_adapter" name="test_functions_adapter_rejects_bad_length" time="7.021" /><testcase classname="tests.analytics.adapters.test_semantic_roles_adapter" name="test_modules_adapter_persist_multiple" time="7.057" /><testcase classname="tests.analytics.adapters.test_semantic_roles_adapter" name="test_modules_adapter_persist_single" time="7.067" /><testcase classname="tests.analytics.adapters.test_semantic_roles_adapter" name="test_functions_adapter_load_raises" time="7.046" /><testcase classname="tests.analytics.adapters.test_semantic_roles_adapter" name="test_modules_adapter_applies_defaults" time="7.088" /><testcase classname="tests.analytics.adapters.test_semantic_roles_adapter" name="test_modules_adapter_load_raises" time="7.086" /><testcase classname="tests.analytics.adapters.test_semantic_roles_adapter" name="test_functions_adapter_persist_empty" time="7.094" /><testcase classname="tests.analytics.adapters.test_semantic_roles_adapter" name="test_functions_adapter_applies_defaults" time="7.125" /><testcase classname="tests.analytics.adapters.test_semantic_roles_adapter" name="test_modules_adapter_persist_verifies_data" time="7.128" /><testcase classname="tests.analytics.adapters.test_semantic_roles_adapter" name="test_modules_adapter_rejects_bad_length" time="7.103" /><testcase classname="tests.analytics.adapters.test_semantic_roles_adapter" name="test_functions_adapter_persist_multiple" time="7.142" /><testcase classname="tests.analytics.adapters.test_semantic_roles_adapter" name="test_functions_adapter_persist_single" time="7.141" /><testcase classname="tests.analytics.adapters.test_semantic_roles_adapter" name="test_functions_adapter_table_name" time="7.117" /><testcase classname="tests.analytics.adapters.test_semantic_roles_adapter" name="test_functions_adapter_persist_verifies_data" time="7.147" /><testcase classname="tests.analytics.adapters.test_semantic_roles_adapter" name="test_modules_adapter_table_name" time="7.143" /></testsuite></testsuites>