<?xml version="1.0" encoding="utf-8"?><testsuites name="pytest tests"><testsuite name="pytest" errors="0" failures="0" skipped="0" tests="58" time="22.563" timestamp="2025-12-08T04:32:01.563345-05:00" hostname="paul-X870-AORUS-ELITE-WIFI7"><testcase classname="tests.storage.test_gateway_accessors" name="test_core_tables_creates_with_connection" time="6.793" /><testcase classname="tests.storage.test_gateway_accessors" name="test_graph_tables_insert_import_graph_edges" time="6.871" /><testcase classname="tests.storage.test_gateway_accessors" name="test_graph_tables_symbol_use_edges_returns_relation" time="6.885" /><testcase classname="tests.storage.test_gateway_accessors" name="test_docs_views_function_summary_returns_relation" time="6.979" /><testcase classname="tests.storage.test_gateway_accessors" name="test_core_tables_repo_map_returns_relation" time="7.101" /><testcase classname="tests.storage.test_gateway_accessors" name="test_graph_tables_is_frozen" time="7.153" /><testcase classname="tests.storage.test_gateway_accessors" name="test_docs_views_call_graph_enriched_returns_relation" time="7.184" /><testcase classname="tests.storage.test_gateway_accessors" name="test_graph_tables_insert_call_graph_edges" time="7.207" /><testcase classname="tests.storage.test_gateway_accessors" name="test_core_tables_is_frozen" time="7.198" /><testcase classname="tests.storage.test_gateway_accessors" name="test_analytics_tables_creates_with_connection" time="7.219" /><testcase classname="tests.storage.test_gateway_accessors" name="test_graph_tables_insert_cfg_edges" time="7.244" /><testcase classname="tests.storage.test_gateway_accessors" name="test_docs_views_function_profile_returns_relation" time="7.230" /><testcase classname="tests.storage.test_gateway_accessors" name="test_docs_views_is_frozen" time="7.244" /><testcase classname="tests.storage.test_gateway_accessors" name="test_core_tables_insert_modules_inserts_rows" time="7.281" /><testcase classname="tests.storage.test_gateway_accessors" name="test_graph_tables_creates_with_connection" time="7.265" /><testcase classname="tests.storage.test_gateway_accessors" name="test_core_tables_modules_returns_relation" time="7.265" /><testcase classname="tests.storage.test_gateway_accessors" name="test_graph_tables_insert_symbol_use_edges_with_5_fields" time="7.306" /><testcase classname="tests.storage.test_gateway_accessors" name="test_core_tables_insert_goids_inserts_rows" time="7.305" /><testcase classname="tests.storage.test_gateway_accessors" name="test_graph_tables_insert_symbol_use_edges_with_7_fields" time="7.307" /><testcase classname="tests.storage.test_gateway_accessors" name="test_core_tables_insert_modules_adds_defaults" time="7.312" /><testcase classname="tests.storage.test_gateway_accessors" name="test_graph_tables_call_graph_nodes_returns_relation" time="7.280" /><testcase classname="tests.storage.test_gateway_accessors" name="test_core_tables_insert_repo_map_inserts_rows" time="7.339" /><testcase classname="tests.storage.test_gateway_accessors" name="test_docs_views_creates_with_connection" time="7.306" /><testcase classname="tests.storage.test_gateway_accessors" name="test_core_tables_insert_scip_occurrences_inserts_rows" time="7.330" /><testcase classname="tests.storage.test_gateway_accessors" name="test_graph_tables_insert_dfg_edges" time="7.335" /><testcase classname="tests.storage.test_gateway_accessors" name="test_graph_tables_import_graph_edges_returns_relation" time="7.305" /><testcase classname="tests.storage.test_gateway_accessors" name="test_core_tables_insert_file_state_inserts_rows" time="7.343" /><testcase classname="tests.storage.test_gateway_accessors" name="test_graph_tables_insert_symbol_use_edges_rejects_invalid_length" time="7.311" /><testcase classname="tests.storage.test_gateway_accessors" name="test_graph_tables_call_graph_edges_returns_relation" time="7.311" /><testcase classname="tests.storage.test_gateway_accessors" name="test_graph_tables_insert_call_graph_nodes" time="7.344" /><testcase classname="tests.storage.test_gateway_accessors" name="test_core_tables_goids_returns_relation" time="7.335" /><testcase classname="tests.storage.test_gateway_accessors" name="test_graph_tables_insert_cfg_blocks" time="7.348" /><testcase classname="tests.storage.test_gateway_accessors" name="test_analytics_tables_function_metrics_returns_relation" time="6.245" /><testcase classname="tests.storage.test_gateway_accessors" name="test_gateway_analytics_accessor_is_analytics_tables" time="6.235" /><testcase classname="tests.storage.test_gateway_accessors" name="test_gateway_core_accessor_is_core_tables" time="6.220" /><testcase classname="tests.storage.test_gateway_accessors" name="test_analytics_tables_coverage_lines_returns_relation" time="6.345" /><testcase classname="tests.storage.test_gateway_helpers" name="test_insert_helpers_write_expected_rows" time="6.918" /><testcase classname="tests.storage.test_gateway_accessors" name="test_gateway_docs_accessor_is_docs_views" time="6.528" /><testcase classname="tests.storage.test_gateway_accessors" name="test_analytics_tables_insert_subsystems" time="6.674" /><testcase classname="tests.storage.test_gateway_accessors" name="test_relations_support_filtering" time="6.729" /><testcase classname="tests.storage.test_gateway_accessors" name="test_analytics_tables_insert_subsystem_modules" time="6.723" /><testcase classname="tests.storage.test_gateway_accessors" name="test_analytics_tables_is_frozen" time="6.715" /><testcase classname="tests.storage.test_gateway_accessors" name="test_analytics_tables_test_catalog_returns_relation" time="6.725" /><testcase classname="tests.storage.test_gateway_accessors" name="test_analytics_tables_insert_test_catalog" time="6.717" /><testcase classname="tests.storage.test_gateway_accessors" name="test_gateway_table_returns_relation" time="6.699" /><testcase classname="tests.storage.test_gateway_accessors" name="test_analytics_tables_insert_static_diagnostics" time="6.718" /><testcase classname="tests.storage.test_gateway_accessors" name="test_insert_and_query_full_flow" time="6.752" /><testcase classname="tests.storage.test_gateway_accessors" name="test_analytics_tables_coverage_functions_returns_relation" time="6.776" /><testcase classname="tests.storage.test_gateway_accessors" name="test_gateway_creates_accessor_instances" time="6.735" /><testcase classname="tests.storage.test_gateway_accessors" name="test_gateway_execute_runs_sql" time="6.738" /><testcase classname="tests.storage.test_gateway_accessors" name="test_gateway_execute_with_params" time="6.734" /><testcase classname="tests.storage.test_gateway_accessors" name="test_analytics_tables_insert_config_values" time="6.763" /><testcase classname="tests.storage.test_gateway_accessors" name="test_analytics_tables_insert_typedness" time="6.731" /><testcase classname="tests.storage.test_gateway_accessors" name="test_analytics_tables_insert_coverage_lines" time="6.737" /><testcase classname="tests.storage.test_gateway_accessors" name="test_gateway_graph_accessor_is_graph_tables" time="6.704" /><testcase classname="tests.storage.test_gateway_accessors" name="test_accessors_share_same_connection" time="6.723" /><testcase classname="tests.storage.test_gateway_accessors" name="test_analytics_tables_test_coverage_edges_returns_relation" time="6.763" /><testcase classname="tests.storage.test_gateway_accessors" name="test_analytics_tables_function_types_returns_relation" time="6.740" /></testsuite></testsuites>