<?xml version="1.0" encoding="utf-8"?><testsuites name="pytest tests"><testsuite name="pytest" errors="0" failures="0" skipped="0" tests="261" time="35.410" timestamp="2025-12-24T13:06:54.548291-06:00" hostname="MacBookPro.lan"><testcase classname="tests.serving.contracts.test_operation_contracts" name="test_operation_contracts_check_passes" time="0.087" /><testcase classname="tests.serving.db.test_pool" name="test_pool_creates_configured_size" time="0.038" /><testcase classname="tests.serving.db.test_pointer" name="test_pointer_load_requires_published_at" time="0.005" /><testcase classname="tests.serving.db.test_pool" name="test_pool_acquire_release_cycle" time="0.046" /><testcase classname="tests.serving.db.test_pool" name="test_pool_close_gracefully_closes_available" time="0.038" /><testcase classname="tests.serving.db.test_manager" name="test_manager_export_pool_isolated_from_query_pool[asyncio]" time="0.059" /><testcase classname="tests.serving.db.test_manager" name="test_manager_same_path_no_swap_optimization[asyncio]" time="0.108" /><testcase classname="tests.serving.db.test_manager" name="test_manager_hot_swap_on_pointer_change[asyncio]" time="0.123" /><testcase classname="tests.serving.db.test_manager" name="test_manager_initial_load_and_connect[asyncio]" time="0.053" /><testcase classname="tests.serving.db.test_pointer" name="test_pointer_roundtrip" time="0.008" /><testcase classname="tests.serving.http.test_export" name="test_export_with_filters" time="4.536" /><testcase classname="tests.serving.http.test_export" name="test_export_jsonl_content_disposition" time="4.460" /><testcase classname="tests.serving.http.test_export" name="test_export_with_select_columns" time="4.462" /><testcase classname="tests.serving.http.test_export" name="test_export_view_not_found" time="4.505" /><testcase classname="tests.serving.http.test_export" name="test_export_with_order_by" time="4.490" /><testcase classname="tests.serving.export.test_formats" name="test_default_export_format_is_registered" time="0.001" /><testcase classname="tests.serving.http.test_export" name="test_export_jsonl_format" time="4.548" /><testcase classname="tests.serving.http.test_mcp_mount" name="test_mcp_not_mounted_when_disabled" time="0.669" /><testcase classname="tests.serving.export.test_formats" name="test_export_format_choices_are_supported_and_stable" time="0.001" /><testcase classname="tests.serving.http.test_metrics" name="test_query_metrics_default_engine" time="0.001" /><testcase classname="tests.serving.http.test_metrics" name="test_log_query_metrics_logs_structured_data" time="0.002" /><testcase classname="tests.serving.http.test_metrics" name="test_log_query_metrics_rounds_duration" time="0.002" /><testcase classname="tests.serving.http.test_metrics" name="test_log_query_metrics_search_endpoint" time="0.003" /><testcase classname="tests.serving.http.test_export" name="test_export_json_format" time="4.466" /><testcase classname="tests.serving.mcp.test_error_catalog" name="test_error_catalog_codes_are_locked_in" time="0.001" /><testcase classname="tests.serving.mcp.test_error_catalog" name="test_error_catalog_codes_match_keys" time="0.001" /><testcase classname="tests.serving.mcp.test_error_catalog" name="test_error_catalog_all_have_messages" time="0.001" /><testcase classname="tests.serving.mcp.test_error_catalog" name="test_error_catalog_all_have_error_codes" time="0.002" /><testcase classname="tests.serving.export.test_formats" name="test_export_format_capability_classification" time="0.001" /><testcase classname="tests.serving.mcp.test_error_catalog" name="test_error_info_model_validates" time="0.001" /><testcase classname="tests.serving.mcp.test_error_catalog" name="test_error_kind_has_expected_values" time="0.002" /><testcase classname="tests.serving.mcp.test_error_catalog" name="test_error_response_model_validates" time="0.000" /><testcase classname="tests.serving.mcp.test_error_catalog" name="test_error_from_code_returns_valid_response" time="0.001" /><testcase classname="tests.serving.mcp.test_error_catalog" name="test_error_from_code_with_params" time="0.001" /><testcase classname="tests.serving.mcp.test_error_catalog" name="test_error_from_code_with_context" time="0.001" /><testcase classname="tests.serving.mcp.test_error_catalog" name="test_error_from_code_with_extra_details" time="0.001" /><testcase classname="tests.serving.mcp.test_error_catalog" name="test_error_from_code_unknown_code_falls_back" time="0.001" /><testcase classname="tests.serving.mcp.test_error_catalog" name="test_exception_to_error_response_timeout" time="0.001" /><testcase classname="tests.serving.mcp.test_error_catalog" name="test_error_from_code_retryable_preserved" time="0.001" /><testcase classname="tests.serving.mcp.test_error_catalog" name="test_exception_to_error_response_generic_exception" time="0.001" /><testcase classname="tests.serving.mcp.test_error_catalog" name="test_exception_to_error_response_keyerror_with_view_id" time="0.001" /><testcase classname="tests.serving.mcp.test_error_catalog" name="test_semantic_view_not_found_error" time="0.001" /><testcase classname="tests.serving.mcp.test_error_catalog" name="test_exception_to_error_response_domain_exception" time="0.001" /><testcase classname="tests.serving.mcp.test_error_catalog" name="test_semantic_invalid_filter_error" time="0.001" /><testcase classname="tests.serving.mcp.test_error_catalog" name="test_semantic_column_not_found_error" time="0.001" /><testcase classname="tests.serving.mcp.test_error_catalog" name="test_semantic_limit_exceeded_error" time="0.000" /><testcase classname="tests.serving.mcp.test_error_catalog" name="test_export_not_found_error" time="0.001" /><testcase classname="tests.serving.mcp.test_error_catalog" name="test_export_corrupt_error" time="0.000" /><testcase classname="tests.serving.mcp.test_error_catalog" name="test_export_too_large_error" time="0.001" /><testcase classname="tests.serving.mcp.test_error_catalog" name="test_export_expired_error" time="0.001" /><testcase classname="tests.serving.mcp.test_error_catalog" name="test_serving_db_locked_error" time="0.000" /><testcase classname="tests.serving.mcp.test_error_catalog" name="test_serving_snapshot_not_mounted_error" time="0.001" /><testcase classname="tests.serving.mcp.test_error_catalog" name="test_auth_forbidden_error" time="0.000" /><testcase classname="tests.serving.mcp.test_error_catalog" name="test_domain_exception_to_error_response" time="0.001" /><testcase classname="tests.serving.mcp.test_error_catalog" name="test_template_renders_with_missing_params" time="0.001" /><testcase classname="tests.serving.mcp.test_error_catalog" name="test_error_response_json_serialization" time="0.001" /><testcase classname="tests.serving.mcp.test_error_catalog" name="test_template_renders_hint" time="0.001" /><testcase classname="tests.serving.mcp.test_meta_sql_resources" name="test_mcp_meta_views_sql_resources_round_trip[asyncio]" time="0.805" /><testcase classname="tests.serving.mcp.test_meta_sql_resources" name="test_mcp_meta_views_sql_rejects_unsafe_sql[asyncio]" time="0.953" /><testcase classname="tests.serving.http.test_metrics" name="test_query_metrics_dataclass_is_frozen" time="0.001" /><testcase classname="tests.serving.mcp.test_prompts" name="test_explore_codebase_prompt_registered" time="0.011" /><testcase classname="tests.serving.mcp.test_prompts" name="test_wizard_export_data_prompt_registered" time="0.011" /><testcase classname="tests.serving.mcp.test_prompts" name="test_wizard_query_view_prompt_registered" time="0.005" /><testcase classname="tests.serving.mcp.test_prompts" name="test_what_changed_between_snapshots_prompt_registered" time="0.012" /><testcase classname="tests.serving.mcp.test_prompts" name="test_prompts_have_all_expected_names" time="0.008" /><testcase classname="tests.serving.mcp.test_prompts_advanced" name="test_mcp_list_prompts_includes_tags_and_version_meta[asyncio]" time="0.831" /><testcase classname="tests.serving.mcp.test_prompts" name="test_register_prompts_adds_prompts" time="0.005" /><testcase classname="tests.serving.mcp.test_resource_store_ttl" name="test_resource_store_cleanup_expired_deletes_artifacts" time="0.004" /><testcase classname="tests.serving.mcp.test_resources" name="test_resource_store_put_and_get_json" time="0.002" /><testcase classname="tests.serving.mcp.test_resources" name="test_resource_store_put_and_get_jsonl" time="0.002" /><testcase classname="tests.serving.mcp.test_resources" name="test_resource_store_jsonl_encoding_is_utf8" time="0.002" /><testcase classname="tests.serving.mcp.test_resources" name="test_resource_store_jsonl_stream_encoding_is_utf8" time="0.003" /><testcase classname="tests.serving.mcp.test_resources" name="test_resource_store_get_unknown_token" time="0.001" /><testcase classname="tests.serving.mcp.test_resources" name="test_resource_store_creates_directory" time="0.002" /><testcase classname="tests.serving.mcp.test_resources" name="test_stored_artifact_is_frozen" time="0.001" /><testcase classname="tests.serving.mcp.test_resources" name="test_resource_store_put_with_metadata" time="0.002" /><testcase classname="tests.serving.mcp.test_resources" name="test_resource_store_get_meta" time="0.002" /><testcase classname="tests.serving.mcp.test_resources" name="test_resource_store_get_meta_not_found" time="0.001" /><testcase classname="tests.serving.mcp.test_resources" name="test_resource_store_get_preview" time="0.011" /><testcase classname="tests.serving.mcp.test_resources" name="test_resource_store_get_preview_small_dataset" time="0.002" /><testcase classname="tests.serving.mcp.test_resources" name="test_stored_metadata_is_frozen" time="0.001" /><testcase classname="tests.serving.mcp.test_resources" name="test_mcp_semantic_export_returns_uri[asyncio]" time="0.886" /><testcase classname="tests.serving.mcp.test_middleware_logging_smoke" name="test_mcp_middleware_logging_smoke[asyncio]" time="0.803" /><testcase classname="tests.serving.mcp.test_prompts_advanced" name="test_mcp_get_prompt_wizard_query_view_uses_elicitation[asyncio]" time="0.807" /><testcase classname="tests.serving.mcp.test_resources" name="test_mcp_semantic_export_with_filters[asyncio]" time="0.883" /><testcase classname="tests.serving.mcp.test_resources" name="test_mcp_semantic_export_json_format[asyncio]" time="0.823" /><testcase classname="tests.serving.mcp.test_resources" name="test_mcp_semantic_export_error_invalid_view[asyncio]" time="0.860" /><testcase classname="tests.serving.mcp.test_resources" name="test_mcp_resource_read_semantic_views[asyncio]" time="0.698" /><testcase classname="tests.serving.mcp.test_resources" name="test_mcp_static_resources_available[asyncio]" time="0.650" /><testcase classname="tests.serving.mcp.test_resources" name="test_mcp_resource_read_meta_serving[asyncio]" time="0.679" /><testcase classname="tests.serving.mcp.test_resources" name="test_mcp_resource_meta_resources[asyncio]" time="0.715" /><testcase classname="tests.serving.mcp.test_resources" name="test_mcp_export_tool_has_annotations[asyncio]" time="0.704" /><testcase classname="tests.serving.mcp.test_resources" name="test_mcp_resource_meta_environment[asyncio]" time="0.722" /><testcase classname="tests.serving.mcp.test_resources" name="test_mcp_resource_export_meta[asyncio]" time="0.795" /><testcase classname="tests.serving.mcp.test_resources" name="test_mcp_resource_export_preview[asyncio]" time="0.807" /><testcase classname="tests.serving.http.test_export" name="test_export_respects_api_key" time="4.252" /><testcase classname="tests.serving.http.test_export" name="test_export_v1_route" time="4.191" /><testcase classname="tests.serving.http.test_mcp_mount" name="test_mcp_health_at_mcp_path" time="0.718" /><testcase classname="tests.serving.http.test_export_dispatch" name="test_http_export_dispatch_returns_row_count_for_parquet[asyncio]" time="0.006" /><testcase classname="tests.serving.mcp.test_response_models" name="test_snapshot_ref_forbids_extra_fields" time="0.001" /><testcase classname="tests.serving.mcp.test_response_models" name="test_resource_template_creation" time="0.001" /><testcase classname="tests.serving.mcp.test_response_models" name="test_resource_template_optional_fields" time="0.001" /><testcase classname="tests.serving.mcp.test_response_models" name="test_semantic_layer_info_creation" time="0.001" /><testcase classname="tests.serving.http.test_export" name="test_export_invalid_filter_column" time="4.158" /><testcase classname="tests.serving.mcp.test_response_models" name="test_semantic_layer_info_view_count_validation" time="0.001" /><testcase classname="tests.serving.mcp.test_response_models" name="test_query_limits_creation" time="0.001" /><testcase classname="tests.serving.mcp.test_error_catalog" name="test_error_catalog_has_25_codes" time="0.001" /><testcase classname="tests.serving.mcp.test_response_models" name="test_query_limits_defaults" time="0.001" /><testcase classname="tests.serving.mcp.test_response_models" name="test_query_limits_validation" time="0.001" /><testcase classname="tests.serving.mcp.test_response_models" name="test_export_snapshot_creation" time="0.001" /><testcase classname="tests.serving.mcp.test_response_models" name="test_export_uris_creation" time="0.001" /><testcase classname="tests.serving.mcp.test_response_models" name="test_export_uris_optional_fields" time="0.001" /><testcase classname="tests.serving.mcp.test_response_models" name="test_export_query_spec_creation" time="0.001" /><testcase classname="tests.serving.mcp.test_response_models" name="test_export_query_spec_defaults" time="0.001" /><testcase classname="tests.serving.mcp.test_response_models" name="test_export_handle_response_creation" time="0.001" /><testcase classname="tests.serving.mcp.test_response_models" name="test_export_schema_summary_creation" time="0.001" /><testcase classname="tests.serving.mcp.test_response_models" name="test_export_handle_response_with_optional_fields" time="0.001" /><testcase classname="tests.serving.mcp.test_response_models" name="test_export_meta_response_creation" time="0.001" /><testcase classname="tests.serving.mcp.test_response_models" name="test_export_meta_response_status_values[ready]" time="0.001" /><testcase classname="tests.serving.mcp.test_response_models" name="test_export_meta_response_status_values[missing]" time="0.001" /><testcase classname="tests.serving.mcp.test_response_models" name="test_export_meta_response_status_values[expired]" time="0.002" /><testcase classname="tests.serving.mcp.test_response_models" name="test_query_preview_creation" time="0.001" /><testcase classname="tests.serving.http.test_mcp_mount" name="test_mcp_ready_at_mcp_path" time="0.706" /><testcase classname="tests.serving.mcp.test_response_models" name="test_export_meta_response_status_values[error]" time="0.001" /><testcase classname="tests.serving.mcp.test_response_models" name="test_semantic_query_tool_response_creation" time="0.001" /><testcase classname="tests.serving.mcp.test_response_models" name="test_serving_meta_response_creation" time="0.001" /><testcase classname="tests.serving.mcp.test_response_models" name="test_semantic_query_tool_response_with_export" time="0.002" /><testcase classname="tests.serving.mcp.test_response_models" name="test_serving_meta_response_with_all_fields" time="0.001" /><testcase classname="tests.serving.mcp.test_response_models" name="test_resource_templates_response_creation" time="0.002" /><testcase classname="tests.serving.mcp.test_response_models" name="test_resource_templates_response_with_templates" time="0.001" /><testcase classname="tests.serving.mcp.test_response_models" name="test_default_resource_templates_count" time="0.001" /><testcase classname="tests.serving.mcp.test_response_models" name="test_default_resource_templates_structure" time="0.000" /><testcase classname="tests.serving.mcp.test_response_models" name="test_default_resource_templates_uris" time="0.001" /><testcase classname="tests.serving.mcp.test_response_models" name="test_export_format_values[jsonl]" time="0.001" /><testcase classname="tests.serving.mcp.test_response_models" name="test_export_format_values[json]" time="0.001" /><testcase classname="tests.serving.mcp.test_response_models" name="test_export_format_values[arrow]" time="0.001" /><testcase classname="tests.serving.mcp.test_response_models" name="test_export_format_values[parquet]" time="0.001" /><testcase classname="tests.serving.mcp.test_response_models" name="test_export_format_rejects_invalid" time="0.004" /><testcase classname="tests.serving.mcp.test_response_models" name="test_serving_meta_response_json_round_trip" time="0.001" /><testcase classname="tests.serving.mcp.test_response_models" name="test_snapshot_ref_is_frozen" time="0.001" /><testcase classname="tests.serving.mcp.test_response_models" name="test_resource_template_is_frozen" time="0.000" /><testcase classname="tests.serving.mcp.test_response_models" name="test_export_meta_response_json_round_trip" time="0.001" /><testcase classname="tests.serving.mcp.test_response_models" name="test_query_limits_is_frozen" time="0.001" /><testcase classname="tests.serving.mcp.test_runtime" name="test_query_limiter_run_sync_function[asyncio]" time="0.006" /><testcase classname="tests.serving.mcp.test_runtime" name="test_query_limiter_max_concurrent" time="0.001" /><testcase classname="tests.serving.mcp.test_runtime" name="test_query_limiter_concurrency[asyncio]" time="0.111" /><testcase classname="tests.serving.mcp.test_runtime" name="test_query_limiter_run_async_function[asyncio]" time="0.015" /><testcase classname="tests.serving.mcp.test_runtime" name="test_query_limiter_higher_concurrency[asyncio]" time="0.047" /><testcase classname="tests.serving.mcp.test_resources" name="test_mcp_resource_export_lines_chunk[asyncio]" time="0.887" /><testcase classname="tests.serving.mcp.test_sampling" name="test_mcp_sampling_opt_in_adds_summary[asyncio]" time="0.894" /><testcase classname="tests.serving.mcp.test_runtime" name="test_query_limiter_run_async_concurrency[asyncio]" time="0.105" /><testcase classname="tests.serving.mcp.test_server" name="test_create_mcp_server_accepts_injected_db_manager" time="0.072" /><testcase classname="tests.serving.mcp.test_server" name="test_create_mcp_server_does_not_start_injected_db_manager" time="0.047" /><testcase classname="tests.serving.mcp.test_server" name="test_create_mcp_server_with_default_settings" time="0.054" /><testcase classname="tests.serving.mcp.test_resources" name="test_mcp_resource_export_meta_row_count_for_parquet[asyncio]" time="0.835" /><testcase classname="tests.serving.mcp.test_resources" name="test_mcp_resource_export_bytes_chunk_for_arrow[asyncio]" time="0.833" /><testcase classname="tests.serving.mcp.test_sql_fingerprint" name="test_mcp_sql_fingerprint_changes_when_limit_changes[asyncio]" time="1.067" /><testcase classname="tests.serving.mcp.test_response_models" name="test_snapshot_ref_json_round_trip" time="0.001" /><testcase classname="tests.serving.semantic.test_compiler_upgrade_gates" name="test_compiler_upgrade_gate_numeric_filter_sql_is_stable[asyncio]" time="4.386" /><testcase classname="tests.serving.mcp.test_response_models" name="test_query_preview_defaults" time="0.001" /><testcase classname="tests.serving.semantic.test_inventory" name="test_inventory_load_and_lookup" time="0.004" /><testcase classname="tests.serving.semantic.test_inventory" name="test_inventory_summary_counts_docs_views" time="0.001" /><testcase classname="tests.serving.semantic.test_kernel" name="test_kernel_catalog_describe_query_meta[asyncio]" time="4.404" /><testcase classname="tests.serving.mcp.test_sampling" name="test_mcp_sampling_disabled_does_not_sample[asyncio]" time="0.809" /><testcase classname="tests.serving.mcp.test_server" name="test_create_mcp_server_creates_own_db_manager" time="0.078" /><testcase classname="tests.serving.semantic.test_pr87_allowed_columns_enforced" name="test_strict_mode_rejects_unknown_columns[asyncio]" time="4.511" /><testcase classname="tests.serving.mcp.test_sql_fingerprint" name="test_mcp_sql_fingerprint_is_stable_for_same_request[asyncio]" time="1.044" /><testcase classname="tests.serving.mcp.test_tasks" name="test_mcp_export_task_mode_completes[asyncio]" time="1.102" /><testcase classname="tests.serving.mcp.test_tasks" name="test_mcp_export_task_cancellation_cleans_up_artifacts[asyncio]" time="1.316" /><testcase classname="tests.serving.semantic.test_kernel" name="test_kernel_export_rows_close_releases_export_pool[asyncio]" time="4.504" /><testcase classname="tests.serving.semantic.test_pr88_polars_execution_path" name="test_polars_execution_path_matches_expected_rows[asyncio]" time="4.908" /><testcase classname="tests.serving.semantic.test_query_builder" name="test_build_query_filters_orders_and_paginates" time="0.527" /><testcase classname="tests.serving.semantic.test_query_builder" name="test_build_query_rejects_unknown_column" time="0.012" /><testcase classname="tests.serving.test_artifact_goldens" name="test_semantic_registry_matches_golden" time="0.609" /><testcase classname="tests.serving.semantic.test_registry" name="test_registry_unknown_view_raises" time="0.002" /><testcase classname="tests.serving.test_auth_enforcement" name="test_fails_without_auth_on_ipv6_any" time="0.002" /><testcase classname="tests.serving.test_auth_enforcement" name="test_fails_without_auth_on_empty_host" time="0.003" /><testcase classname="tests.serving.test_auth_enforcement" name="test_error_message_mentions_env_vars" time="0.002" /><testcase classname="tests.serving.test_auth_enforcement" name="test_error_message_mentions_api_key" time="0.002" /><testcase classname="tests.serving.test_auth_enforcement" name="test_error_message_mentions_disable_option" time="0.002" /><testcase classname="tests.serving.test_auth_enforcement" name="test_succeeds_with_auth_token_on_0000" time="0.002" /><testcase classname="tests.serving.test_auth_enforcement" name="test_succeeds_with_api_key_on_0000" time="0.004" /><testcase classname="tests.serving.test_auth_enforcement" name="test_succeeds_with_both_auth_methods" time="0.003" /><testcase classname="tests.serving.test_auth_enforcement" name="test_localhost_ipv4_no_auth_required" time="0.002" /><testcase classname="tests.serving.test_auth_enforcement" name="test_localhost_name_no_auth_required" time="0.001" /><testcase classname="tests.serving.test_auth_enforcement" name="test_localhost_ipv6_no_auth_required" time="0.002" /><testcase classname="tests.serving.test_auth_enforcement" name="test_disabled_allows_public_bind_without_auth" time="0.002" /><testcase classname="tests.serving.test_auth_enforcement" name="test_disabled_via_env_var" time="0.004" /><testcase classname="tests.serving.test_auth_enforcement" name="test_auth_required_for_remote_default_true" time="0.002" /><testcase classname="tests.serving.test_auth_enforcement" name="test_auth_required_for_remote_from_env" time="0.003" /><testcase classname="tests.serving.test_http_mcp_integration" name="test_fastapi_app_mounts_mcp" time="0.761" /><testcase classname="tests.serving.test_auth_enforcement" name="test_fails_without_auth_on_0000" time="0.001" /><testcase classname="tests.serving.test_mcp_feature_flags" name="test_disable_search_via_env" time="0.003" /><testcase classname="tests.serving.test_mcp_feature_flags" name="test_disable_explain_via_env" time="0.004" /><testcase classname="tests.serving.test_mcp_feature_flags" name="test_disable_meta_via_env" time="0.007" /><testcase classname="tests.serving.test_mcp_feature_flags" name="test_disable_export_via_env" time="0.003" /><testcase classname="tests.serving.test_mcp_feature_flags" name="test_disable_multiple_tools_via_env" time="0.003" /><testcase classname="tests.serving.test_mcp_feature_flags" name="test_enable_search_explicitly_via_env" time="0.004" /><testcase classname="tests.serving.test_mcp_feature_flags" name="test_enable_all_explicitly_via_env" time="0.002" /><testcase classname="tests.serving.test_mcp_feature_flags" name="test_disable_all_optional_tools" time="0.004" /><testcase classname="tests.serving.test_mcp_feature_flags" name="test_constructor_override" time="0.002" /><testcase classname="tests.serving.test_mcp_metrics" name="test_query_metrics_dataclass" time="0.001" /><testcase classname="tests.serving.test_mcp_metrics" name="test_query_metrics_with_search_query" time="0.001" /><testcase classname="tests.serving.test_mcp_metrics" name="test_query_metrics_optional_engine" time="0.001" /><testcase classname="tests.serving.test_mcp_metrics" name="test_log_query_metrics_emits_info" time="0.002" /><testcase classname="tests.serving.test_mcp_metrics" name="test_log_query_metrics_extra_fields" time="0.004" /><testcase classname="tests.serving.test_mcp_metrics" name="test_metrics_endpoint_naming_mcp_semantic" time="0.001" /><testcase classname="tests.serving.test_mcp_metrics" name="test_metrics_correlation_id_fallback" time="0.001" /><testcase classname="tests.serving.test_mcp_metrics" name="test_metrics_truncated_flag" time="0.002" /><testcase classname="tests.serving.test_mcp_middleware_rate_limit" name="test_mcp_rate_limiting_applies_to_list_tools[asyncio]" time="1.063" /><testcase classname="tests.serving.test_mcp_feature_flags" name="test_default_all_tools_enabled" time="0.002" /><testcase classname="tests.serving.test_semantic_http_routes" name="test_semantic_routes_end_to_end" time="1.116" /><testcase classname="tests.serving.mcp.test_response_models" name="test_snapshot_ref_creation" time="0.001" /><testcase classname="tests.serving.test_semantic_http_routes" name="test_semantic_routes_support_correlation_id" time="0.959" /><testcase classname="tests.serving.mcp.test_response_models" name="test_buildspec_info_creation" time="0.001" /><testcase classname="tests.serving.test_semantic_mcp_tools" name="test_mcp_tools_catalog_describe_and_query[asyncio]" time="1.294" /><testcase classname="tests.serving.mcp.test_resources" name="test_mcp_resource_export_sql[asyncio]" time="1.198" /><testcase classname="tests.serving.test_problem_detail_adapter" name="test_problem_detail_adapter_matches_http_conversion" time="0.003" /><testcase classname="tests.serving.test_semantic_mcp_tools" name="test_mcp_typed_response_structure[asyncio]" time="0.910" /><testcase classname="tests.serving.test_semantic_http_routes" name="test_semantic_route_invalid_filter_returns_400" time="0.673" /><testcase classname="tests.serving.semantic.test_compiler_upgrade_gates" name="test_compiler_upgrade_gate_string_contains_sql_is_stable[asyncio]" time="4.591" /><testcase classname="tests.serving.test_semantic_http_routes" name="test_semantic_routes_support_optional_api_key" time="0.725" /><testcase classname="tests.serving.semantic.test_kernel" name="test_kernel_describe_includes_lineage[asyncio]" time="4.858" /><testcase classname="tests.serving.test_semantic_mcp_tools" name="test_mcp_tool_error_handling[asyncio]" time="1.090" /><testcase classname="tests.serving.test_semantic_mcp_tools" name="test_mcp_tool_annotations_present[asyncio]" time="1.052" /><testcase classname="tests.serving.test_semantic_mcp_tools" name="test_mcp_serving_meta_typed_response[asyncio]" time="0.908" /><testcase classname="tests.serving.test_semantic_mcp_tools" name="test_mcp_query_response_has_result_data[asyncio]" time="1.066" /><testcase classname="tests.serving.semantic.test_pr87_allowed_columns_enforced" name="test_warn_mode_intersects_unknown_columns[asyncio]" time="4.135" /><testcase classname="tests.serving.test_settings" name="test_settings_defaults" time="0.003" /><testcase classname="tests.serving.test_uvicorn_config" name="test_uvicorn_http_default" time="0.001" /><testcase classname="tests.serving.test_uvicorn_config" name="test_uvicorn_limit_concurrency_default" time="0.001" /><testcase classname="tests.serving.test_uvicorn_config" name="test_uvicorn_limit_max_requests_default" time="0.003" /><testcase classname="tests.serving.test_uvicorn_config" name="test_uvicorn_timeout_keep_alive_default" time="0.001" /><testcase classname="tests.serving.test_uvicorn_config" name="test_uvicorn_backlog_default" time="0.002" /><testcase classname="tests.serving.test_uvicorn_config" name="test_uvicorn_access_log_default" time="0.001" /><testcase classname="tests.serving.test_uvicorn_config" name="test_uvicorn_server_header_default" time="0.003" /><testcase classname="tests.serving.test_uvicorn_config" name="test_uvicorn_proxy_headers_default" time="0.003" /><testcase classname="tests.serving.test_uvicorn_config" name="test_uvicorn_forwarded_allow_ips_default" time="0.001" /><testcase classname="tests.serving.test_uvicorn_config" name="test_uvicorn_workers_from_env" time="0.004" /><testcase classname="tests.serving.test_uvicorn_config" name="test_uvicorn_loop_from_env" time="0.003" /><testcase classname="tests.serving.test_uvicorn_config" name="test_uvicorn_http_from_env" time="0.002" /><testcase classname="tests.serving.test_uvicorn_config" name="test_uvicorn_limit_concurrency_from_env" time="0.004" /><testcase classname="tests.serving.test_uvicorn_config" name="test_uvicorn_limit_concurrency_empty_is_none" time="0.005" /><testcase classname="tests.serving.test_uvicorn_config" name="test_uvicorn_limit_max_requests_from_env" time="0.007" /><testcase classname="tests.serving.test_uvicorn_config" name="test_uvicorn_timeout_keep_alive_from_env" time="0.003" /><testcase classname="tests.serving.test_uvicorn_config" name="test_uvicorn_backlog_from_env" time="0.004" /><testcase classname="tests.serving.test_uvicorn_config" name="test_uvicorn_access_log_disabled_from_env" time="0.002" /><testcase classname="tests.serving.test_uvicorn_config" name="test_uvicorn_server_header_enabled_from_env" time="0.002" /><testcase classname="tests.serving.test_uvicorn_config" name="test_uvicorn_proxy_headers_enabled_from_env" time="0.005" /><testcase classname="tests.serving.test_uvicorn_config" name="test_uvicorn_forwarded_allow_ips_from_env" time="0.005" /><testcase classname="tests.serving.test_uvicorn_config" name="test_production_config_with_workers" time="0.002" /><testcase classname="tests.serving.test_uvicorn_config" name="test_production_config_with_limits" time="0.003" /><testcase classname="tests.serving.semantic.test_query_builder" name="test_build_query_validates_operators" time="0.744" /><testcase classname="tests.serving.test_settings_mcp_worker_guardrails" name="test_create_serving_app_rejects_multi_worker_when_mcp_mounted" time="0.002" /><testcase classname="tests.serving.test_streaming_ndjson" name="test_ndjson_stream_utf8_and_stringifies_types" time="0.002" /><testcase classname="tests.serving.test_settings_mcp_worker_guardrails" name="test_create_serving_app_allows_multi_worker_when_mcp_not_mounted" time="0.027" /><testcase classname="tests.serving.test_uvicorn_config" name="test_uvicorn_workers_default" time="0.002" /><testcase classname="tests.serving.semantic.test_registry" name="test_registry_load_lookup_and_serialize" time="0.004" /><testcase classname="tests.serving.test_serving_meta_tooling_mismatch_warnings" name="test_serving_meta_includes_tool_version_mismatch_warning[asyncio]" time="0.645" /><testcase classname="tests.serving.test_uvicorn_config" name="test_uvicorn_loop_default" time="0.002" /><testcase classname="tests.serving.test_settings" name="test_settings_overrides" time="0.003" /></testsuite></testsuites>