<?xml version="1.0" encoding="utf-8"?><testsuites name="pytest tests"><testsuite name="pytest" errors="0" failures="0" skipped="0" tests="36" time="12.468" timestamp="2025-12-10T03:29:18.028827-05:00" hostname="paul-X870-AORUS-ELITE-WIFI7"><testcase classname="tests.analytics.test_ast_metrics" name="test_file_churn_multiple_authors" time="0.001" /><testcase classname="tests.analytics.test_ast_metrics" name="test_file_churn_to_summary_keys" time="0.001" /><testcase classname="tests.analytics.test_ast_metrics" name="test_file_churn_line_counts[50-50]" time="0.002" /><testcase classname="tests.analytics.test_ast_metrics" name="test_file_churn_empty_summary" time="0.001" /><testcase classname="tests.analytics.test_ast_metrics" name="test_file_churn_line_counts[100-0]" time="0.002" /><testcase classname="tests.analytics.test_ast_metrics" name="test_file_churn_duplicate_commits" time="0.001" /><testcase classname="tests.analytics.test_ast_metrics" name="test_file_churn_creation" time="0.001" /><testcase classname="tests.analytics.test_ast_metrics" name="test_file_churn_line_counts[1000-500]" time="0.002" /><testcase classname="tests.analytics.test_ast_metrics" name="test_parse_git_log_empty_lines" time="0.001" /><testcase classname="tests.analytics.test_ast_metrics" name="test_file_churn_line_counts[0-100]" time="0.003" /><testcase classname="tests.analytics.test_ast_metrics" name="test_parse_git_log_empty_line_handling" time="0.001" /><testcase classname="tests.analytics.test_ast_metrics" name="test_parse_git_log_binary_file_numstat" time="0.001" /><testcase classname="tests.analytics.test_ast_metrics" name="test_parse_git_log_same_author_multiple_commits" time="0.000" /><testcase classname="tests.analytics.test_ast_metrics" name="test_file_churn_line_counts[0-0]" time="0.002" /><testcase classname="tests.analytics.test_ast_metrics" name="test_parse_git_log_multiple_commits_same_file" time="0.001" /><testcase classname="tests.analytics.test_ast_metrics" name="test_parse_git_log_multiple_files" time="0.001" /><testcase classname="tests.analytics.test_ast_metrics" name="test_parse_git_log_malformed_numstat_line" time="0.001" /><testcase classname="tests.analytics.test_ast_metrics" name="test_parse_git_log_simple_commit" time="0.001" /><testcase classname="tests.analytics.test_ast_metrics" name="test_file_churn_accumulation" time="0.001" /><testcase classname="tests.analytics.test_ast_metrics" name="test_parse_git_log_skip_lines_before_commit" time="0.000" /><testcase classname="tests.analytics.test_ast_metrics" name="test_parse_git_log_normalize_path_separators" time="0.001" /><testcase classname="tests.analytics.test_ast_metrics" name="test_build_hotspots_idempotent" time="1.913" /><testcase classname="tests.analytics.test_ast_metrics" name="test_ast_lookup_matches_canonical_functions[1004-pkg/util.py-1-2]" time="1.909" /><testcase classname="tests.analytics.test_ast_metrics" name="test_build_hotspots_multiple_files" time="1.953" /><testcase classname="tests.analytics.test_ast_metrics" name="test_build_hotspots_score_calculation" time="1.954" /><testcase classname="tests.analytics.test_ast_metrics" name="test_build_hotspots_with_ast_data" time="1.956" /><testcase classname="tests.analytics.test_ast_metrics" name="test_build_hotspots_windows_path_handling" time="1.961" /><testcase classname="tests.analytics.test_ast_metrics" name="test_build_hotspots_from_seeded_ast_metrics" time="2.004" /><testcase classname="tests.analytics.test_ast_metrics" name="test_build_hotspots_zero_complexity" time="2.045" /><testcase classname="tests.analytics.test_ast_metrics" name="test_build_hotspots_negative_complexity" time="2.080" /><testcase classname="tests.analytics.test_ast_metrics" name="test_build_hotspots_logs_git_failure" time="2.095" /><testcase classname="tests.analytics.test_ast_metrics" name="test_ast_lookup_matches_canonical_functions[1001-pkg/mod_a.py-1-3]" time="2.068" /><testcase classname="tests.analytics.test_ast_metrics" name="test_ast_lookup_matches_canonical_functions[1003-pkg/mod_c.py-1-2]" time="2.068" /><testcase classname="tests.analytics.test_ast_metrics" name="test_ast_lookup_matches_canonical_functions[1002-pkg/mod_b.py-1-6]" time="2.097" /><testcase classname="tests.analytics.test_ast_metrics" name="test_build_hotspots_high_complexity" time="2.122" /><testcase classname="tests.analytics.test_ast_metrics" name="test_build_hotspots_empty_ast_metrics" time="2.126" /></testsuite></testsuites>