<?xml version="1.0" encoding="utf-8"?><testsuites name="pytest tests"><testsuite name="pytest" errors="0" failures="1" skipped="4" tests="253" time="122.900" timestamp="2025-12-26T12:00:26.652995-06:00" hostname="MacBookPro.lan"><testcase classname="tests.build.exports.test_export_service_boundary" name="test_build_export_relation_uses_storage_export_service" time="0.417" /><testcase classname="tests.build.exports.test_streaming_defaults" name="test_write_jsonl_records_uses_default_batch_size" time="0.001" /><testcase classname="tests.build.hamilton.adapters.test_parallel.TestExecutionBackend" name="test_values" time="0.001" /><testcase classname="tests.build.hamilton.adapters.test_parallel.TestExecutionBackend" name="test_from_string" time="0.000" /><testcase classname="tests.build.hamilton.adapters.test_parallel.TestParallelConfig" name="test_default_config" time="0.000" /><testcase classname="tests.build.hamilton.adapters.test_parallel.TestParallelConfig" name="test_custom_config" time="0.000" /><testcase classname="tests.build.hamilton.adapters.test_parallel.TestParallelConfig" name="test_from_env" time="0.002" /><testcase classname="tests.build.hamilton.adapters.test_parallel.TestParallelConfig" name="test_from_env_defaults" time="0.002" /><testcase classname="tests.build.hamilton.adapters.test_parallel.TestParallelConfig" name="test_from_env_invalid_backend" time="0.002" /><testcase classname="tests.build.hamilton.adapters.test_parallel.TestParallelConfig" name="test_from_cli_args" time="0.000" /><testcase classname="tests.build.hamilton.adapters.test_parallel.TestParallelConfig" name="test_from_cli_args_none" time="0.002" /><testcase classname="tests.build.hamilton.adapters.test_parallel.TestGetAvailableBackends" name="test_always_includes_basic" time="0.001" /><testcase classname="tests.build.hamilton.adapters.test_parallel.TestThreadPoolAdapter" name="test_creation" time="0.001" /><testcase classname="tests.build.hamilton.adapters.test_parallel.TestThreadPoolAdapter" name="test_implements_remote_execute_and_build_result" time="0.001" /><testcase classname="tests.build.hamilton.adapters.test_parallel.TestCreateParallelAdapter" name="test_sequential_returns_none" time="0.001" /><testcase classname="tests.build.hamilton.adapters.test_parallel.TestCreateParallelAdapter" name="test_threadpool_returns_adapter" time="0.001" /><testcase classname="tests.build.hamilton.adapters.test_parallel.TestCreateParallelAdapter" name="test_auto_selects_threadpool" time="0.001" /><testcase classname="tests.build.hamilton.adapters.test_parallel.TestCreateParallelAdapter" name="test_with_max_workers" time="0.000" /><testcase classname="tests.build.hamilton.adapters.test_parallel.TestCreateParallelAdapter" name="test_invalid_backend_falls_back" time="0.001" /><testcase classname="tests.build.hamilton.adapters.test_parallel.TestCreateParallelAdapter" name="test_with_enum" time="0.001" /><testcase classname="tests.build.hamilton.adapters.test_parallel" name="test_backend_string_normalization[sequential]" time="0.001" /><testcase classname="tests.build.hamilton.adapters.test_parallel" name="test_backend_string_normalization[threadpool]" time="0.001" /><testcase classname="tests.build.hamilton.adapters.test_parallel" name="test_backend_string_normalization[uppercase]" time="0.001" /><testcase classname="tests.build.hamilton.adapters.test_parallel" name="test_backend_string_normalization[mixedcase]" time="0.001" /><testcase classname="tests.build.hamilton.hooks.test_lifecycle.TestNodeTimingRecord" name="test_creation" time="0.001" /><testcase classname="tests.build.hamilton.hooks.test_lifecycle.TestNodeTimingRecord" name="test_creation_with_task_id" time="0.001" /><testcase classname="tests.build.hamilton.hooks.test_lifecycle.TestProgressBarHook" name="test_creation_disabled" time="0.000" /><testcase classname="tests.build.hamilton.hooks.test_lifecycle.TestProgressBarHook" name="test_creation_with_desc" time="0.001" /><testcase classname="tests.build.hamilton.hooks.test_lifecycle.TestProgressBarHook" name="test_run_before_disabled" time="0.001" /><testcase classname="tests.build.hamilton.hooks.test_lifecycle.TestProgressBarHook" name="test_run_after_disabled" time="0.000" /><testcase classname="tests.build.hamilton.hooks.test_lifecycle.TestBuildTimingHook" name="test_creation" time="0.000" /><testcase classname="tests.build.hamilton.hooks.test_lifecycle.TestBuildTimingHook" name="test_records_timing" time="0.013" /><testcase classname="tests.build.hamilton.hooks.test_lifecycle.TestBuildTimingHook" name="test_get_slowest_nodes" time="0.001" /><testcase classname="tests.build.hamilton.hooks.test_lifecycle.TestBuildTimingHook" name="test_total_duration" time="0.001" /><testcase classname="tests.build.hamilton.hooks.test_lifecycle.TestBuildTimingHook" name="test_reset" time="0.001" /><testcase classname="tests.build.hamilton.hooks.test_lifecycle.TestConditionalHook" name="test_enabled_condition" time="0.011" /><testcase classname="tests.build.hamilton.hooks.test_lifecycle.TestConditionalHook" name="test_disabled_condition" time="0.001" /><testcase classname="tests.build.hamilton.hooks.test_lifecycle.TestConditionalHook" name="test_condition_cached" time="0.001" /><testcase classname="tests.build.hamilton.hooks.test_lifecycle.TestCreateProgressHook" name="test_creates_hook" time="0.001" /><testcase classname="tests.build.hamilton.hooks.test_lifecycle.TestCreateProgressHook" name="test_respects_ci_environment" time="0.005" /><testcase classname="tests.build.hamilton.hooks.test_lifecycle.TestCreateProgressHook" name="test_enabled_when_not_ci" time="0.001" /><testcase classname="tests.build.hamilton.hooks.test_lifecycle" name="test_timing_hook_logging_threshold[below_threshold]" time="0.001" /><testcase classname="tests.build.hamilton.hooks.test_lifecycle" name="test_timing_hook_logging_threshold[above_threshold]" time="0.001" /><testcase classname="tests.build.hamilton.hooks.test_lifecycle" name="test_timing_hook_logging_threshold[zero_threshold]" time="0.003" /><testcase classname="tests.build.hamilton.native.test_skip_logic.TestSkipCheckRequest" name="test_skip_check_request_frozen" time="0.006" /><testcase classname="tests.build.hamilton.native.test_skip_logic.TestSkipCheckRequest" name="test_skip_check_with_manifest_index" time="0.001" /><testcase classname="tests.build.hamilton.native.test_skip_logic.TestSkipCheckRequest" name="test_skip_check_no_manifest_returns_false" time="0.000" /><testcase classname="tests.build.hamilton.native.test_skip_logic.TestTargetRunRecord" name="test_target_run_record_success" time="0.001" /><testcase classname="tests.build.hamilton.native.test_skip_logic.TestTargetRunRecord" name="test_target_run_record_skipped" time="0.000" /><testcase classname="tests.build.hamilton.native.test_skip_logic.TestTargetRunRecord" name="test_target_run_record_failed" time="0.000" /><testcase classname="tests.build.hamilton.native.test_skip_logic.TestNativeTargetExecutorSkipLogic" name="test_executor_skip_returns_correct_status" time="0.000" /><testcase classname="tests.build.hamilton.native.test_skip_logic.TestNativeTargetExecutorSkipLogic" name="test_executor_execute_returns_correct_status" time="0.000" /><testcase classname="tests.build.hamilton.native.test_skip_logic.TestNativeTargetExecutorSkipLogic" name="test_executor_fail_returns_correct_status" time="0.000" /><testcase classname="tests.build.hamilton.native.test_skip_logic.TestSkipLogicIntegration" name="test_manifest_persistence_enables_skip" time="0.001"><skipped type="pytest.skip" message="Requires full integration test infrastructure">/Users/paulheyse/CodeIntel/CodeIntel/tests/build/hamilton/native/test_skip_logic.py:251: Requires full integration test infrastructure</skipped></testcase><testcase classname="tests.build.hamilton.native.test_skip_logic.TestSkipLogicIntegration" name="test_force_overrides_skip" time="0.001"><skipped type="pytest.skip" message="Requires full integration test infrastructure">/Users/paulheyse/CodeIntel/CodeIntel/tests/build/hamilton/native/test_skip_logic.py:262: Requires full integration test infrastructure</skipped></testcase><testcase classname="tests.build.hamilton.native.test_skip_logic.TestSkipLogicIntegration" name="test_input_change_triggers_recompute" time="0.001"><skipped type="pytest.skip" message="Requires full integration test infrastructure">/Users/paulheyse/CodeIntel/CodeIntel/tests/build/hamilton/native/test_skip_logic.py:273: Requires full integration test infrastructure</skipped></testcase><testcase classname="tests.build.hamilton.test_artifact_path_templates" name="test_file_artifact_saver_resolves_path_from_template" time="3.355" /><testcase classname="tests.build.hamilton.test_artifact_path_templates" name="test_file_artifact_saver_requires_template" time="3.375" /><testcase classname="tests.build.hamilton.test_build_guardrails" name="test_no_forbidden_any_cast_in_native_targets" time="0.011" /><testcase classname="tests.build.hamilton.test_build_guardrails" name="test_no_compute_result_any_in_build" time="0.026" /><testcase classname="tests.build.hamilton.test_build_native_module_scans" name="test_build_native_modules_do_not_call_gateway_policy_writes" time="0.004" /><testcase classname="tests.build.hamilton.test_build_native_module_scans" name="test_build_native_modules_do_not_use_direct_ibis_table_accessor" time="0.003" /><testcase classname="tests.build.hamilton.test_cli_env_vars" name="test_cli_env_vars_include_command_path" time="0.100" /><testcase classname="tests.build.hamilton.test_cli_snapshots" name="test_cli_snapshot[pr16_plan_function_metrics_contract]" time="0.028" /><testcase classname="tests.build.hamilton.test_cli_snapshots" name="test_cli_snapshot[pr16_plan_risk_factors_contract]" time="0.029" /><testcase classname="tests.build.hamilton.test_cli_snapshots" name="test_cli_snapshot[pr21_plan_coverage_functions_native]" time="0.026" /><testcase classname="tests.build.hamilton.test_cli_snapshots" name="test_cli_snapshot[pr21_plan_hotspots_native]" time="0.027" /><testcase classname="tests.build.hamilton.test_cli_snapshots" name="test_cli_snapshot[pr22_plan_call_graph_views]" time="0.028" /><testcase classname="tests.build.hamilton.test_cli_snapshots" name="test_cli_snapshot[pr23_plan_export_jsonl_native]" time="0.027" /><testcase classname="tests.build.hamilton.test_cli_snapshots" name="test_cli_snapshot[pr23_plan_export_parquet_native]" time="0.027" /><testcase classname="tests.build.hamilton.test_cli_snapshots" name="test_cli_snapshot[pr08_graph_default_mode]" time="0.028" /><testcase classname="tests.build.hamilton.test_cli_snapshots" name="test_cli_snapshot[pr09_plan_help]" time="0.028" /><testcase classname="tests.build.hamilton.test_cli_snapshots" name="test_cli_snapshot[pr14_graph_help]" time="0.027" /><testcase classname="tests.build.hamilton.test_cli_snapshots" name="test_cli_snapshot[pr15_explain_help]" time="0.025" /><testcase classname="tests.build.hamilton.test_cli_snapshots" name="test_cli_snapshot[pr13_history_help]" time="0.021" /><testcase classname="tests.build.hamilton.test_cli_snapshots" name="test_cli_snapshot[build_status_help]" time="0.019" /><testcase classname="tests.build.hamilton.test_cli_snapshots" name="test_cli_snapshot[build_run_help]" time="0.050" /><testcase classname="tests.build.hamilton.test_cli_snapshots" name="test_cli_snapshot[pr28_assets_help]" time="0.025" /><testcase classname="tests.build.hamilton.test_cli_snapshots" name="test_cli_snapshot[pr28_lineage_help]" time="0.027" /><testcase classname="tests.build.hamilton.test_cli_snapshots" name="test_cli_snapshot[pr32_promote_help]" time="0.032" /><testcase classname="tests.build.hamilton.test_cli_snapshots" name="test_cli_snapshot[pr32_resolve_help]" time="0.025" /><testcase classname="tests.build.hamilton.test_cli_snapshots" name="test_cli_snapshot[pr33_diff_help]" time="0.028" /><testcase classname="tests.build.hamilton.test_cli_snapshots" name="test_cli_snapshot[pr59_schema_help]" time="0.006" /><testcase classname="tests.build.hamilton.test_cli_snapshots" name="test_cli_snapshot[pr59_schema_compile_help]" time="0.039" /><testcase classname="tests.build.hamilton.test_cli_snapshots" name="test_cli_snapshot[pr63_schema_manifest_native]" time="0.035" /><testcase classname="tests.build.hamilton.test_cli_snapshots" name="test_cli_snapshot[pr71_schema_diff_help]" time="0.077" /><testcase classname="tests.build.hamilton.test_cli_snapshots" name="test_cli_snapshot[pr71_schema_migrate_help]" time="0.040" /><testcase classname="tests.build.hamilton.test_cli_snapshots" name="test_cli_snapshot[pr72_schema_compile_with_views_artifacts_help]" time="0.038" /><testcase classname="tests.build.hamilton.test_cli_snapshots" name="test_cli_snapshot[pr77_build_spec_help]" time="0.004" /><testcase classname="tests.build.hamilton.test_cli_snapshots" name="test_cli_snapshot[pr77_build_spec_compile_help]" time="0.023" /><testcase classname="tests.build.hamilton.test_cli_snapshots" name="test_cli_snapshot[pr77_build_spec_compile_auto]" time="0.376" /><testcase classname="tests.build.hamilton.test_cli_snapshots" name="test_cli_snapshot[pr78_build_validate_help]" time="0.023" /><testcase classname="tests.build.hamilton.test_cli_snapshots" name="test_cli_snapshot[pr78_build_validate_auto]" time="0.470" /><testcase classname="tests.build.hamilton.test_coverage_targets" name="test_execution_result_success" time="0.000" /><testcase classname="tests.build.hamilton.test_coverage_targets" name="test_execution_result_failure" time="0.000" /><testcase classname="tests.build.hamilton.test_coverage_targets" name="test_coverage_test_edges_materialize_success" time="3.669" /><testcase classname="tests.build.hamilton.test_coverage_targets" name="test_coverage_test_edges_materialize_failure" time="3.370" /><testcase classname="tests.build.hamilton.test_coverage_targets" name="test_behavioral_coverage_materialize_success" time="3.586" /><testcase classname="tests.build.hamilton.test_coverage_targets" name="test_behavioral_coverage_materialize_failure" time="3.443" /><testcase classname="tests.build.hamilton.test_decision_trace" name="test_decision_trace_payload_sorts_dep_hashes" time="0.001" /><testcase classname="tests.build.hamilton.test_decision_trace" name="test_decision_trace_payload_preserves_entry_order" time="0.000" /><testcase classname="tests.build.hamilton.test_graph_targets" name="test_execution_result_success" time="0.001" /><testcase classname="tests.build.hamilton.test_graph_targets" name="test_execution_result_failure" time="0.000" /><testcase classname="tests.build.hamilton.test_graph_targets" name="test_goids_materialize_success" time="3.648" /><testcase classname="tests.build.hamilton.test_graph_targets" name="test_goids_materialize_failure" time="3.374" /><testcase classname="tests.build.hamilton.test_graph_targets" name="test_symbol_uses_materialize_success" time="3.459" /><testcase classname="tests.build.hamilton.test_graph_targets" name="test_symbol_uses_materialize_failure" time="3.424" /><testcase classname="tests.build.hamilton.test_graph_targets" name="test_graph_metrics_materialize_success" time="3.592" /><testcase classname="tests.build.hamilton.test_graph_targets" name="test_graph_metrics_materialize_failure" time="3.361" /><testcase classname="tests.build.hamilton.test_graph_targets" name="test_graph_validation_materialize_success" time="3.418" /><testcase classname="tests.build.hamilton.test_graph_targets" name="test_graph_validation_materialize_failure" time="3.531" /><testcase classname="tests.build.hamilton.test_graphs_end_to_end" name="test_goids_import_graph_end_to_end" time="4.390" /><testcase classname="tests.build.hamilton.test_import_time_schema_safety" name="test_history_helper_does_not_resolve_contracts_on_import" time="0.002" /><testcase classname="tests.build.hamilton.test_import_time_schema_safety" name="test_contract_enumeration_initializes_targets" time="0.328" /><testcase classname="tests.build.hamilton.test_materializer" name="test_materialize_table_uses_policy_and_insert_select" time="3.506" /><testcase classname="tests.build.hamilton.test_materializer" name="test_materialize_table_validates_when_schema_available" time="3.444" /><testcase classname="tests.build.hamilton.test_materializer" name="test_rows_saver_resolves_deferred_columns" time="3.651" /><testcase classname="tests.build.hamilton.test_metrics_targets" name="test_execution_result_success" time="0.001" /><testcase classname="tests.build.hamilton.test_metrics_targets" name="test_execution_result_failure" time="0.000" /><testcase classname="tests.build.hamilton.test_metrics_targets" name="test_subsystem_graph_metrics_materialize_success" time="3.435" /><testcase classname="tests.build.hamilton.test_metrics_targets" name="test_subsystem_graph_metrics_materialize_failure" time="3.429" /><testcase classname="tests.build.hamilton.test_metrics_targets" name="test_symbol_graph_metrics_materialize_success" time="3.355" /><testcase classname="tests.build.hamilton.test_metrics_targets" name="test_symbol_graph_metrics_materialize_failure" time="3.387" /><testcase classname="tests.build.hamilton.test_metrics_targets" name="test_subsystem_agreement_materialize_success" time="3.382" /><testcase classname="tests.build.hamilton.test_metrics_targets" name="test_subsystem_agreement_materialize_failure" time="3.391" /><testcase classname="tests.build.hamilton.test_no_env_gateway_in_compute_nodes" name="test_no_env_gateway_in_compute_nodes" time="0.067" /><testcase classname="tests.build.hamilton.test_phase5_replication_targets" name="test_function_ast_features_target_materializes_schema" time="4.136" /><testcase classname="tests.build.hamilton.test_phase5_replication_targets" name="test_data_models_target_materializes_tables" time="4.144" /><testcase classname="tests.build.hamilton.test_pr08_defaults.TestHamiltonDriverDefaults" name="test_build_driver_constructs_runtime" time="0.373" /><testcase classname="tests.build.hamilton.test_pr08_defaults.TestHamiltonDriverDefaults" name="test_list_available_nodes_includes_target_and_support_nodes" time="0.341" /><testcase classname="tests.build.hamilton.test_pr09_planner.TestPlanEntryStructure" name="test_plan_entry_has_required_fields" time="0.000" /><testcase classname="tests.build.hamilton.test_pr09_planner.TestPlanEntryStructure" name="test_plan_entry_has_dep_hashes_field" time="0.001" /><testcase classname="tests.build.hamilton.test_pr09_planner.TestHamiltonBuildPlanStructure" name="test_plan_has_entries" time="0.000" /><testcase classname="tests.build.hamilton.test_pr09_planner.TestHamiltonBuildPlanStructure" name="test_plan_get_entry_method" time="0.000" /><testcase classname="tests.build.hamilton.test_pr09_planner.TestPlanStatusMatrix" name="test_plan_status_no_manifest_returns_compute" time="0.340" /><testcase classname="tests.build.hamilton.test_pr09_planner.TestPlanStatusMatrix" name="test_plan_status_forced_returns_compute" time="0.333" /><testcase classname="tests.build.hamilton.test_pr09_planner.TestPlanStatusMatrix" name="test_plan_status_upstream_missing_raises_or_blocks" time="0.345" /><testcase classname="tests.build.hamilton.test_pr09_planner.TestPlanClosure" name="test_plan_closure_matches_topological_order" time="0.331" /><testcase classname="tests.build.hamilton.test_pr09_planner.TestPlanClosure" name="test_plan_entry_includes_table_keys" time="0.340" /><testcase classname="tests.build.hamilton.test_pr09_planner.TestDryRunParity" name="test_plan_to_dict_produces_consistent_output" time="0.356" /><testcase classname="tests.build.hamilton.test_pr09_planner.TestDryRunParity" name="test_plan_entries_match_closure_order" time="0.518" /><testcase classname="tests.build.hamilton.test_pr09_planner.TestDryRunParity" name="test_multiple_plan_calls_produce_same_result" time="0.653" /><testcase classname="tests.build.hamilton.test_pr10_manifest_index.TestBuildEnvManifestIndex" name="test_build_env_accepts_manifest_index" time="0.001" /><testcase classname="tests.build.hamilton.test_pr10_manifest_index.TestBuildEnvManifestIndex" name="test_manifest_index_default_is_none" time="0.002" /><testcase classname="tests.build.hamilton.test_pr10_manifest_index.TestHashComputation" name="test_hash_computation_uses_manifest_index" time="0.001" /><testcase classname="tests.build.hamilton.test_pr10_manifest_index.TestHashComputation" name="test_hash_cascade_changes_downstream" time="0.001" /><testcase classname="tests.build.hamilton.test_pr10_manifest_index.TestSkipCheckManifestIndex" name="test_skip_check_uses_manifest_index" time="0.000" /><testcase classname="tests.build.hamilton.test_pr10_manifest_index.TestManifestPrefetch" name="test_manifest_index_eliminates_per_target_loads" time="0.325" /><testcase classname="tests.build.hamilton.test_pr10_manifest_index.TestHashCascadeComplete" name="test_hash_cascade_through_multiple_levels" time="0.001" /><testcase classname="tests.build.hamilton.test_pr10_manifest_index.TestHashCascadeComplete" name="test_options_hash_affects_input_hash" time="0.001" /><testcase classname="tests.build.hamilton.test_pr11_datasetref_v2.TestDatasetRefV2Fields" name="test_datasetref_has_repo_field" time="0.000" /><testcase classname="tests.build.hamilton.test_pr11_datasetref_v2.TestDatasetRefV2Fields" name="test_datasetref_has_commit_field" time="0.001" /><testcase classname="tests.build.hamilton.test_pr11_datasetref_v2.TestDatasetRefV2Fields" name="test_datasetref_defaults_to_empty_strings" time="0.000" /><testcase classname="tests.build.hamilton.test_pr11_datasetref_v2.TestDatasetRefV2Fields" name="test_datasetref_is_frozen" time="0.002" /><testcase classname="tests.build.hamilton.test_pr11_datasetref_v2.TestRefsFromTargetResult" name="test_refs_from_target_result_includes_snapshot" time="0.000" /><testcase classname="tests.build.hamilton.test_pr11_datasetref_v2.TestRefsFromTargetResult" name="test_refs_from_target_result_without_snapshot" time="0.001" /><testcase classname="tests.build.hamilton.test_pr11_datasetref_v2.TestArtifactRef" name="test_artifactref_has_required_fields" time="0.001" /><testcase classname="tests.build.hamilton.test_pr11_datasetref_v2.TestArtifactRef" name="test_artifactref_has_metadata_field" time="0.000" /><testcase classname="tests.build.hamilton.test_pr11_datasetref_v2.TestArtifactRef" name="test_artifactref_is_frozen" time="0.000" /><testcase classname="tests.build.hamilton.test_pr11_datasetref_v2.TestTargetRunRecordArtifacts" name="test_target_run_record_has_artifacts_field" time="0.000" /><testcase classname="tests.build.hamilton.test_pr11_datasetref_v2.TestTargetRunRecordArtifacts" name="test_target_run_record_accepts_artifacts" time="0.001" /><testcase classname="tests.build.hamilton.test_pr11_datasetref_v2.TestSkippedTargetsDatasetRef" name="test_skipped_target_has_datasets_field" time="0.000" /><testcase classname="tests.build.hamilton.test_pr11_datasetref_v2.TestSkippedTargetsDatasetRef" name="test_skipped_target_datasets_have_lineage" time="0.000" /><testcase classname="tests.build.hamilton.test_pr11_datasetref_v2.TestSkippedTargetsDatasetRef" name="test_refs_from_target_result_multiple_tables" time="0.001" /><testcase classname="tests.build.hamilton.test_pr11_datasetref_v2.TestSkippedTargetsDatasetRef" name="test_dataset_ref_fields_accessible" time="0.001" /><testcase classname="tests.build.hamilton.test_pr12_loader_nodes.TestLoaderNodeNaming" name="test_query_node_naming" time="0.001" /><testcase classname="tests.build.hamilton.test_pr12_loader_nodes.TestLoaderNodeNaming" name="test_dataframe_node_naming" time="0.001" /><testcase classname="tests.build.hamilton.test_pr12_loader_nodes.TestLoaderNodeNaming" name="test_query_and_dataframe_names_differ" time="0.000" /><testcase classname="tests.build.hamilton.test_pr12_loader_nodes.TestGeneratedModuleLoaderNodes" name="test_generated_module_has_query_nodes" time="0.209" /><testcase classname="tests.build.hamilton.test_pr12_loader_nodes.TestGeneratedModuleLoaderNodes" name="test_generated_module_has_dataframe_nodes" time="0.166" /><testcase classname="tests.build.hamilton.test_pr12_loader_nodes.TestGeneratedModuleLoaderNodes" name="test_loader_nodes_disabled_by_default" time="0.160" /><testcase classname="tests.build.hamilton.test_pr12_loader_nodes.TestBuildEnvValidateOutputsFlag" name="test_build_env_has_validate_outputs_field" time="0.000" /><testcase classname="tests.build.hamilton.test_pr12_loader_nodes.TestValidateOutputsBehavior" name="test_validate_outputs_flag_exists_in_build_run_command" time="0.000" /><testcase classname="tests.build.hamilton.test_pr12_loader_nodes.TestValidateOutputsBehavior" name="test_validation_result_dataclass_exists" time="0.001"><skipped type="pytest.skip" message="ValidationResult not yet implemented">/Users/paulheyse/CodeIntel/CodeIntel/tests/build/hamilton/test_pr12_loader_nodes.py:139: ValidationResult not yet implemented</skipped></testcase><testcase classname="tests.build.hamilton.test_pr12_loader_nodes.TestValidateOutputsBehavior" name="test_validation_failure_blocks_downstream_conceptually" time="0.001" /><testcase classname="tests.build.hamilton.test_pr12_loader_nodes.TestValidateOutputsBehavior" name="test_target_run_record_has_validation_fields" time="0.001" /><testcase classname="tests.build.hamilton.test_pr13_run_targets.TestRunTargetsSchema" name="test_run_targets_schema_exists" time="0.000" /><testcase classname="tests.build.hamilton.test_pr13_run_targets.TestRunTargetsSchema" name="test_run_targets_schema_has_required_columns" time="0.000" /><testcase classname="tests.build.hamilton.test_pr13_run_targets.TestRunTargetsPersistence" name="test_tracking_has_run_target_methods" time="0.000" /><testcase classname="tests.build.hamilton.test_pr13_run_targets.TestRunTargetsPersistence" name="test_target_run_record_structure" time="0.000" /><testcase classname="tests.build.hamilton.test_pr13_run_targets.TestHistoryWithRunTargets" name="test_history_result_type_has_targets_field" time="0.000" /><testcase classname="tests.build.hamilton.test_pr14_graph_exports.TestMermaidExport" name="test_export_dag_mermaid_returns_string" time="0.338" /><testcase classname="tests.build.hamilton.test_pr14_graph_exports.TestMermaidExport" name="test_mermaid_output_starts_with_graph" time="0.326" /><testcase classname="tests.build.hamilton.test_pr14_graph_exports.TestMermaidExport" name="test_mermaid_output_contains_target_nodes" time="0.327" /><testcase classname="tests.build.hamilton.test_pr14_graph_exports.TestDotExport" name="test_export_dag_dot_returns_string" time="0.332" /><testcase classname="tests.build.hamilton.test_pr14_graph_exports.TestDotExport" name="test_dot_output_is_valid_digraph" time="0.323" /><testcase classname="tests.build.hamilton.test_pr14_graph_exports.TestDotExport" name="test_dot_output_contains_target_nodes" time="0.326" /><testcase classname="tests.build.hamilton.test_pr14_graph_exports.TestGraphExportConsistency" name="test_mermaid_and_dot_have_same_nodes" time="0.328" /><testcase classname="tests.build.hamilton.test_pr15_explain.TestPlanEntryDepHashes" name="test_plan_entry_has_dep_hashes_field" time="0.000" /><testcase classname="tests.build.hamilton.test_pr15_explain.TestPlanEntryDepHashes" name="test_plan_entry_has_prior_dep_hashes_field" time="0.000" /><testcase classname="tests.build.hamilton.test_pr15_explain.TestPlanEntryDepHashes" name="test_plan_entry_dep_hashes_default_empty" time="0.000" /><testcase classname="tests.build.hamilton.test_pr15_explain.TestStalenessExplanation" name="test_staleness_explanation_structure" time="0.001" /><testcase classname="tests.build.hamilton.test_pr15_explain.TestStalenessExplanation" name="test_staleness_explanation_identifies_changed_deps" time="0.000" /><testcase classname="tests.build.hamilton.test_pr15_explain.TestStalenessExplanation" name="test_staleness_explanation_identifies_added_deps" time="0.000" /><testcase classname="tests.build.hamilton.test_pr15_explain.TestStalenessExplanation" name="test_staleness_explanation_identifies_removed_deps" time="0.000" /><testcase classname="tests.build.hamilton.test_pr15_explain.TestPlanEntryExplainStaleness" name="test_explain_staleness_returns_explanation" time="0.000" /><testcase classname="tests.build.hamilton.test_pr15_explain.TestPlanEntryExplainStaleness" name="test_explain_staleness_detects_changed_deps" time="0.000" /><testcase classname="tests.build.hamilton.test_pr15_explain.TestExplainPlan" name="test_explain_plan_exists" time="0.000" /><testcase classname="tests.build.hamilton.test_pr15_explain.TestExplainPlan" name="test_explain_plan_returns_explanations" time="0.000" /><testcase classname="tests.build.hamilton.test_pr17_generated_assets_module" name="test_assets_module_has_dataset_nodes" time="0.168" /><testcase classname="tests.build.hamilton.test_pr17_generated_assets_module" name="test_assets_module_has_loader_nodes" time="0.171" /><testcase classname="tests.build.hamilton.test_pr17_generated_assets_module" name="test_assets_module_has_artifact_nodes" time="0.190" /><testcase classname="tests.build.hamilton.test_pr17_generated_assets_module" name="test_assets_module_no_target_nodes" time="0.169" /><testcase classname="tests.build.hamilton.test_pr17_generated_assets_module" name="test_assets_module_all_node_types_independent" time="0.167" /><testcase classname="tests.build.hamilton.test_pr21_analytics_native_driver" name="test_auto_driver_includes_native_analytics_nodes" time="0.334" /><testcase classname="tests.build.hamilton.test_pr21_analytics_native_driver" name="test_auto_driver_excludes_wrapper_for_native_targets" time="0.339" /><testcase classname="tests.build.hamilton.test_pr21_analytics_native_driver" name="test_risk_factors_native_still_present_in_wave2" time="0.501" /><testcase classname="tests.build.hamilton.test_pr21_analytics_native_impl_kind" name="test_native_analytics_marked_in_plan" time="4.381" /><testcase classname="tests.build.hamilton.test_pr21_analytics_native_impl_kind" name="test_function_metrics_now_native_after_phase4" time="3.687" /><testcase classname="tests.build.hamilton.test_pr21_analytics_native_impl_kind" name="test_risk_factors_still_native_after_wave2" time="3.762" /><testcase classname="tests.build.hamilton.test_pr28_phase4_asset_catalog" name="test_pr28_phase4_asset_catalog_tables_exist" time="0.737" /><testcase classname="tests.build.hamilton.test_pr28_phase4_asset_catalog" name="test_pr28_phase4_asset_catalog_insert_and_resolve" time="0.724" /><testcase classname="tests.build.hamilton.test_pr28_phase4_asset_catalog" name="test_pr28_phase4_asset_catalog_lineage_edges_upsert" time="0.664" /><testcase classname="tests.build.hamilton.test_pr49_no_reexport_modules" name="test_pr49_compat_reexport_modules_removed" time="0.001" /><testcase classname="tests.build.hamilton.test_pr50_architecture_guardrails" name="test_pr50_no_plugin_registry_imports" time="0.199" /><testcase classname="tests.build.hamilton.test_pr50_architecture_guardrails" name="test_pr50_no_analytics_runtime_imports" time="0.040" /><testcase classname="tests.build.hamilton.test_pr50_architecture_guardrails" name="test_pr50_no_ibis_write_outside_build_allowlist" time="1.280" /><testcase classname="tests.build.hamilton.test_pr52_no_legacy_orchestrators" name="test_pr52_no_direct_writes_outside_build" time="1.102" /><testcase classname="tests.build.hamilton.test_pr52_no_legacy_orchestrators" name="test_pr52_no_deprecated_function_calls_in_cli" time="0.007" /><testcase classname="tests.build.hamilton.test_pr52_no_legacy_orchestrators" name="test_pr52_empty_plugin_directories_removed" time="0.001" /><testcase classname="tests.build.hamilton.test_pr52_no_legacy_orchestrators" name="test_pr52_migrated_plugins_exist_as_native_modules" time="0.000" /><testcase classname="tests.build.hamilton.test_pr53_compute_hierarchy.TestComputeHierarchy" name="test_core_compute_has_centrality" time="0.001" /><testcase classname="tests.build.hamilton.test_pr53_compute_hierarchy.TestComputeHierarchy" name="test_analytics_centrality_delegates_to_core" time="0.001" /><testcase classname="tests.build.hamilton.test_pr53_compute_hierarchy.TestComputeHierarchy" name="test_analytics_components_delegates_to_graphs" time="0.001" /><testcase classname="tests.build.hamilton.test_pr53_compute_hierarchy.TestComputeHierarchy" name="test_analytics_structural_delegates_to_graphs" time="0.001" /><testcase classname="tests.build.hamilton.test_pr53_compute_hierarchy.TestComputeHierarchy" name="test_no_circular_imports" time="0.001" /><testcase classname="tests.build.hamilton.test_pr53_compute_hierarchy.TestAnalyticsComputeDelegation" name="test_no_direct_networkx_algorithms_in_analytics_compute" time="0.007" /><testcase classname="tests.build.hamilton.test_pr53_compute_hierarchy.TestComputeExports" name="test_core_compute_exports" time="0.002" /><testcase classname="tests.build.hamilton.test_pr53_compute_hierarchy.TestComputeExports" name="test_graphs_compute_metrics_exports" time="0.000" /><testcase classname="tests.build.hamilton.test_pr54_schema_registry_in_build" name="test_pr54_schema_registry_importable_from_build" time="0.004" /><testcase classname="tests.build.hamilton.test_pr54_schema_registry_in_build" name="test_pr54_no_schema_registry_in_config_datasets" time="0.003" /><testcase classname="tests.build.hamilton.test_pr54_schema_registry_in_build" name="test_pr54_no_imports_from_config_schema_registry" time="0.062" /><testcase classname="tests.build.hamilton.test_pr55_final_sweep.TestSnapshotManifestTaxonomy" name="test_manifest_tags_are_valid" time="0.035" /><testcase classname="tests.build.hamilton.test_pr55_final_sweep.TestSnapshotManifestTaxonomy" name="test_all_snapshots_referenced" time="0.035" /><testcase classname="tests.build.hamilton.test_pr55_final_sweep.TestPublicApiClean" name="test_analytics_no_deprecated_exports" time="0.001" /><testcase classname="tests.build.hamilton.test_pr55_final_sweep.TestPublicApiClean" name="test_build_hamilton_no_legacy_exports" time="0.000" /><testcase classname="tests.build.hamilton.test_pr55_final_sweep.TestNoDeadImports" name="test_no_deleted_module_imports" time="0.050" /><testcase classname="tests.build.hamilton.test_pr56_schema_hashing" name="test_canonical_type_normalizes_timestamp_with_time_zone" time="0.001" /><testcase classname="tests.build.hamilton.test_pr56_schema_hashing" name="test_schema_hash_is_stable_for_identical_schemas" time="0.000" /><testcase classname="tests.build.hamilton.test_pr56_schema_hashing" name="test_schema_hash_changes_when_column_order_changes" time="0.001" /><testcase classname="tests.build.hamilton.test_pr57_duckdb_policy_schema_provider" name="test_ensure_table_creates_table_from_schema_provider" time="0.013" /><testcase classname="tests.build.hamilton.test_pr58_fingerprinting_schema_hash" name="test_compute_table_schema_hash_delegates_to_schema_provider" time="0.001" /><testcase classname="tests.build.hamilton.test_pr58_fingerprinting_schema_hash" name="test_compute_table_schema_hash_returns_none_when_unknown" time="0.000" /><testcase classname="tests.build.hamilton.test_pr59_schema_compile_manifest" name="test_compile_manifest_orders_tables_by_table_key" time="0.000" /><testcase classname="tests.build.hamilton.test_pr59_schema_compile_manifest" name="test_manifest_json_roundtrip_is_valid_json" time="0.000" /><testcase classname="tests.build.hamilton.test_pr60_infer_schema_describe" name="test_pr60_infer_schema_describe_preserves_decimal_and_timestamptz" time="0.415" /><testcase classname="tests.build.hamilton.test_pr60_provider_hamilton_fallback" name="test_pr60_provider_hamilton_prefers_inferred_for_inferable_keys" time="0.001" /><testcase classname="tests.build.hamilton.test_pr61_pandera_generated_from_table_schema" name="test_pr61_pandera_generated_from_table_schema_validates" time="0.004" /><testcase classname="tests.build.hamilton.test_pr61_validate_outputs_uses_provider_schema" name="test_pr61_get_pandera_schema_falls_back_to_schema_provider" time="0.002" /><testcase classname="tests.build.hamilton.test_pr62_row_model_cache_keys_on_schema_hash" name="test_pr62_row_model_cache_keys_on_schema_signature" time="0.002" /><testcase classname="tests.build.hamilton.test_pr62_row_model_generation" name="test_pr62_row_model_generation_has_expected_fields_and_name" time="0.001" /><testcase classname="tests.build.hamilton.test_pr63_schema_manifest_is_stable" name="test_pr63_schema_manifest_is_stable" time="0.017" /><testcase classname="tests.build.hamilton.test_pr64_all_nodes_have_node_type_tag" name="test_pr64_all_nodes_have_node_type_tag" time="0.370"><failure message="Failed: Nodes missing canonical node_type tags: ['call_graph_call_depth_stats__call_graph_views_filter_edges', 'call_graph_call_depth_stats__call_graph_views_finalize_depth_stats', 'call_graph_call_depth_stats__call_graph_views_prepare_depth_tables', 'call_graph_function_call_counts__call_graph_views_build_call_count_stats', 'call_graph_function_call_counts__call_graph_views_filter_edges', 'call_graph_function_call_counts__call_graph_views_finalize_call_counts']">def test_pr64_all_nodes_have_node_type_tag() -&gt; None:
        """All Hamilton nodes should have a canonical node_type tag.
    
        Notes
        -----
        This test skips:
        - User-defined input nodes (node.user_defined = True)
        - Hamilton-generated decorator nodes (e.g., *_validator, *_raw)
        """
        runtime = build_driver()
    
        missing: list[str] = []
        for node_name, node in runtime.dr.graph.nodes.items():
            if node.user_defined:
                continue
            # Skip Hamilton-generated decorator nodes (Phase 1.5 validators, etc.)
            if _is_hamilton_generated_node(node_name):
                continue
            tags = node.tags
            if isinstance(tags, dict) and tags.get("hamilton.data_saver") is True:
                continue
            node_type = tags.get("node_type")
            if not isinstance(node_type, str) or not node_type:
                missing.append(node_name)
            if "node_kind" in tags:
                missing.append(node_name)
    
        if missing:
&gt;           pytest.fail(f"Nodes missing canonical node_type tags: {sorted(set(missing))}")
E           Failed: Nodes missing canonical node_type tags: ['call_graph_call_depth_stats__call_graph_views_filter_edges', 'call_graph_call_depth_stats__call_graph_views_finalize_depth_stats', 'call_graph_call_depth_stats__call_graph_views_prepare_depth_tables', 'call_graph_function_call_counts__call_graph_views_build_call_count_stats', 'call_graph_function_call_counts__call_graph_views_filter_edges', 'call_graph_function_call_counts__call_graph_views_finalize_call_counts']

tests/build/hamilton/test_pr64_all_nodes_have_node_type_tag.py:64: Failed</failure></testcase></testsuite></testsuites>