<?xml version="1.0" encoding="utf-8"?><testsuites name="pytest tests"><testsuite name="pytest" errors="0" failures="0" skipped="0" tests="18" time="61.669" timestamp="2025-12-25T13:53:16.239933-06:00" hostname="MacBookPro.lan"><testcase classname="tests.storage.repositories.test_functions" name="test_list_function_summaries_for_file_returns_empty_when_no_match" time="17.929" /><testcase classname="tests.storage.repositories.test_functions" name="test_get_function_summary_by_goid_returns_none_when_not_found" time="17.910" /><testcase classname="tests.storage.test_gateway_accessors" name="test_docs_views_relations_are_queryable" time="17.972" /><testcase classname="tests.storage.test_gateway_accessors" name="test_analytics_tables_relations_are_queryable" time="18.009" /><testcase classname="tests.storage.test_gateway_accessors" name="test_graph_tables_relations_are_queryable" time="18.082" /><testcase classname="tests.storage.test_gateway_accessors" name="test_core_tables_relations_are_queryable" time="18.215" /><testcase classname="tests.storage.test_gateway_accessors" name="test_accessors_are_frozen_dataclasses" time="18.451" /><testcase classname="tests.storage.repositories.test_functions" name="test_resolve_function_goid_returns_none_when_no_identifiers" time="18.632" /><testcase classname="tests.storage.repositories.test_functions" name="test_resolve_function_goid_passthrough" time="18.802" /><testcase classname="tests.storage.repositories.test_functions" name="test_list_function_validation_filters_by_goid" time="19.653" /><testcase classname="tests.storage.test_search_index" name="test_search_documents_includes_function_metrics" time="15.486" /><testcase classname="tests.storage.repositories.test_functions" name="test_get_function_profile_returns_none_when_not_found" time="15.963" /><testcase classname="tests.storage.repositories.test_functions" name="test_get_function_architecture_returns_none_when_not_found" time="15.918" /><testcase classname="tests.storage.repositories.test_functions" name="test_list_function_goids_returns_empty_when_no_data" time="15.526" /><testcase classname="tests.storage.repositories.test_functions" name="test_list_high_risk_functions_returns_empty_when_no_match" time="16.367" /><testcase classname="tests.storage.repositories.test_functions" name="test_list_high_risk_functions_with_tested_only_filter" time="16.952" /><testcase classname="tests.storage.repositories.test_functions" name="test_get_function_profile_returns_row" time="16.949" /><testcase classname="tests.storage.repositories.test_functions" name="test_function_repository_with_docs_export" time="17.198" /></testsuite></testsuites>