<?xml version="1.0" encoding="utf-8"?><testsuites name="pytest tests"><testsuite name="pytest" errors="0" failures="0" skipped="0" tests="1161" time="26.699" timestamp="2025-12-04T19:50:09.395149-05:00" hostname="paul-X870-AORUS-ELITE-WIFI7"><testcase classname="tests.graphs.test_compute_centrality_extended" name="test_centrality_metrics_all_fields" time="0.001" /><testcase classname="tests.graphs.test_adapters_libcst_extended" name="test_parse_function_finds_function_in_range" time="0.005" /><testcase classname="tests.graphs.test_compute_components_extended" name="test_find_strongly_connected_node_to_component_mapping" time="0.001" /><testcase classname="tests.graphs.test_compute_centrality_extended" name="test_compute_betweenness_empty_graph" time="0.001" /><testcase classname="tests.graphs.test_compute_imports_extended" name="test_compute_scc_no_cycles" time="0.001" /><testcase classname="tests.graphs.test_compute_coupling_extended" name="test_compute_abstractness_no_abstracts" time="0.001" /><testcase classname="tests.graphs.test_compute_coupling_extended" name="test_compute_abstractness_all_abstract" time="0.000" /><testcase classname="tests.graphs.test_compute_metrics" name="test_bridges_cycle_has_no_bridges" time="0.001" /><testcase classname="tests.graphs.test_adapters_libcst_extended" name="test_extract_imports_from" time="0.003" /><testcase classname="tests.graphs.test_compute_layer" name="test_resolve_callee_local_name" time="0.001" /><testcase classname="tests.graphs.test_compute_layer" name="test_resolve_callee_local_attr" time="0.000" /><testcase classname="tests.graphs.test_compute_layer" name="test_compute_layers_chain" time="0.001" /><testcase classname="tests.graphs.test_compute_layer" name="test_analyze_imports_full" time="0.000" /><testcase classname="tests.graphs.test_compute_layer" name="test_build_def_map_ignores_references" time="0.001" /><testcase classname="tests.graphs.test_compute_layer" name="test_build_use_edges_basic" time="0.000" /><testcase classname="tests.graphs.test_compute_layer" name="test_build_use_edges_same_file" time="0.000" /><testcase classname="tests.graphs.test_compute_centrality_extended" name="test_centrality_metrics_equality" time="0.000" /><testcase classname="tests.graphs.test_compute_centrality_extended" name="test_centrality_metrics_default_values" time="0.000" /><testcase classname="tests.graphs.test_compute_metrics" name="test_in_degree_centrality" time="0.001" /><testcase classname="tests.graphs.test_compute_metrics" name="test_out_degree_centrality" time="0.000" /><testcase classname="tests.graphs.test_compute_metrics" name="test_all_centralities_empty_graph_returns_empty" time="0.000" /><testcase classname="tests.graphs.test_compute_metrics" name="test_all_centralities_returns_dataclass" time="0.031" /><testcase classname="tests.graphs.test_adapters_libcst_extended" name="test_parse_module_with_syntax_error" time="0.001" /><testcase classname="tests.graphs.test_adapters_libcst_extended" name="test_parse_module_empty_source" time="0.000" /><testcase classname="tests.graphs.test_adapters_libcst_extended" name="test_parse_module_with_cst_module" time="0.004" /><testcase classname="tests.graphs.test_compute_layer" name="test_build_evidence_basic" time="0.001" /><testcase classname="tests.graphs.test_compute_layer" name="test_resolve_callee_import_alias" time="0.000" /><testcase classname="tests.graphs.test_compute_layer" name="test_resolve_callee_global_name" time="0.000" /><testcase classname="tests.graphs.test_compute_layer" name="test_resolve_callee_unresolved" time="0.000" /><testcase classname="tests.graphs.test_compute_layer" name="test_resolve_callee_priority_local_over_global" time="0.000" /><testcase classname="tests.graphs.test_compute_layer" name="test_resolve_via_scip_found" time="0.000" /><testcase classname="tests.graphs.test_compute_layer" name="test_resolve_via_scip_not_found" time="0.000" /><testcase classname="tests.graphs.test_compute_imports_extended" name="test_compute_scc_with_cycle" time="0.000" /><testcase classname="tests.graphs.test_compute_imports_extended" name="test_compute_scc_multiple_components" time="0.000" /><testcase classname="tests.graphs.test_compute_imports_extended" name="test_compute_scc_empty" time="0.000" /><testcase classname="tests.graphs.test_compute_imports_extended" name="test_compute_layers_linear" time="0.001" /><testcase classname="tests.graphs.test_compute_imports_extended" name="test_compute_layers_diamond" time="0.000" /><testcase classname="tests.graphs.test_compute_metrics" name="test_coupling_isolated_node_zero_instability" time="0.001" /><testcase classname="tests.graphs.test_compute_metrics" name="test_coupling_sink_node_zero_instability" time="0.001" /><testcase classname="tests.graphs.test_compute_metrics" name="test_coupling_source_node_full_instability" time="0.000" /><testcase classname="tests.graphs.test_compute_metrics" name="test_abstractness_zero_total_returns_zero" time="0.000" /><testcase classname="tests.graphs.test_compute_metrics" name="test_abstractness_computes_ratio" time="0.000" /><testcase classname="tests.graphs.test_compute_metrics" name="test_abstractness_all_abstract_returns_one" time="0.000" /><testcase classname="tests.graphs.test_compute_metrics" name="test_distance_main_sequence_on_main_returns_zero" time="0.000" /><testcase classname="tests.graphs.test_compute_metrics" name="test_distance_main_sequence_off_main_returns_distance" time="0.000" /><testcase classname="tests.graphs.test_compute_components_extended" name="test_component_info_attributes" time="0.001" /><testcase classname="tests.graphs.test_compute_components_extended" name="test_scc_result_attributes" time="0.000" /><testcase classname="tests.graphs.test_compute_components_extended" name="test_scc_result_with_condensation" time="0.001" /><testcase classname="tests.graphs.test_compute_coupling_extended" name="test_compute_coupling_independent" time="0.000" /><testcase classname="tests.graphs.test_compute_coupling_extended" name="test_compute_coupling_linear" time="0.000" /><testcase classname="tests.graphs.test_compute_coupling_extended" name="test_compute_coupling_hub" time="0.000" /><testcase classname="tests.graphs.test_compute_coupling_extended" name="test_compute_coupling_god" time="0.000" /><testcase classname="tests.graphs.test_compute_coupling_extended" name="test_compute_coupling_bidirectional" time="0.000" /><testcase classname="tests.graphs.test_compute_layer" name="test_build_evidence_with_attr_chain" time="0.000" /><testcase classname="tests.graphs.test_compute_layer" name="test_build_evidence_with_scip_candidates" time="0.000" /><testcase classname="tests.graphs.test_compute_layer" name="test_extract_callee_cst_simple_name" time="0.001" /><testcase classname="tests.graphs.test_compute_layer" name="test_extract_callee_cst_attribute" time="0.000" /><testcase classname="tests.graphs.test_compute_layer" name="test_extract_callee_cst_nested_attribute" time="0.000" /><testcase classname="tests.graphs.test_compute_layer" name="test_extract_callee_ast_simple_name" time="0.000" /><testcase classname="tests.graphs.test_compute_layer" name="test_extract_callee_ast_attribute" time="0.000" /><testcase classname="tests.graphs.test_compute_layer" name="test_dedupe_edges_no_duplicates" time="0.001" /><testcase classname="tests.graphs.test_compute_layer" name="test_dedupe_edges_keeps_highest_confidence" time="0.000" /><testcase classname="tests.graphs.test_compute_layer" name="test_build_callee_map_empty" time="0.000" /><testcase classname="tests.graphs.test_compute_layer" name="test_collect_import_edges_basic" time="0.000" /><testcase classname="tests.graphs.test_compute_layer" name="test_collect_import_edges_empty_import" time="0.000" /><testcase classname="tests.graphs.test_compute_layer" name="test_compute_scc_empty" time="0.000" /><testcase classname="tests.graphs.test_compute_layer" name="test_compute_scc_single_node" time="0.000" /><testcase classname="tests.graphs.test_compute_layer" name="test_compute_scc_simple_cycle" time="0.000" /><testcase classname="tests.graphs.test_compute_metrics" name="test_component_info_frozen" time="0.000" /><testcase classname="tests.graphs.test_compute_metrics" name="test_coupling_metrics_frozen" time="0.000" /><testcase classname="tests.graphs.test_compute_metrics" name="test_community_frozen" time="0.000" /><testcase classname="tests.graphs.test_compute_metrics" name="test_scc_result_frozen" time="0.000" /><testcase classname="tests.graphs.test_compute_metrics" name="test_realistic_pagerank_identifies_hub_functions" time="0.032" /><testcase classname="tests.graphs.test_compute_components_extended" name="test_find_strongly_connected_dag" time="0.001" /><testcase classname="tests.graphs.test_compute_components_extended" name="test_find_strongly_connected_single_cycle" time="0.000" /><testcase classname="tests.graphs.test_compute_components_extended" name="test_find_strongly_connected_two_sccs" time="0.000" /><testcase classname="tests.graphs.test_compute_components_extended" name="test_find_strongly_connected_complex" time="0.000" /><testcase classname="tests.graphs.test_compute_components_extended" name="test_find_strongly_connected_empty_graph" time="0.000" /><testcase classname="tests.graphs.test_compute_metrics" name="test_cycles_dag_has_no_cycles" time="0.001" /><testcase classname="tests.graphs.test_compute_metrics" name="test_topological_layers_empty_graph_returns_empty" time="0.000" /><testcase classname="tests.graphs.test_compute_metrics" name="test_topological_layers_chain_graph" time="0.000" /><testcase classname="tests.graphs.test_compute_metrics" name="test_topological_layers_root_nodes_layer_zero" time="0.000" /><testcase classname="tests.graphs.test_compute_metrics" name="test_condensation_layers_no_condensation_returns_empty" time="0.000" /><testcase classname="tests.graphs.test_compute_metrics" name="test_condensation_layers_with_condensation" time="0.000" /><testcase classname="tests.graphs.test_compute_metrics" name="test_coupling_empty_graph_returns_empty" time="0.000" /><testcase classname="tests.graphs.test_compute_metrics" name="test_coupling_computes_afferent_efferent" time="0.000" /><testcase classname="tests.graphs.test_compute_coupling_extended" name="test_coupling_metrics_attributes" time="0.001" /><testcase classname="tests.graphs.test_compute_coupling_extended" name="test_coupling_metrics_equality" time="0.000" /><testcase classname="tests.graphs.test_compute_coupling_extended" name="test_coupling_metrics_frozen" time="0.000" /><testcase classname="tests.graphs.test_compute_imports_extended" name="test_import_edge_attributes" time="0.000" /><testcase classname="tests.graphs.test_compute_imports_extended" name="test_import_edge_frozen" time="0.000" /><testcase classname="tests.graphs.test_compute_imports_extended" name="test_import_edge_equality" time="0.000" /><testcase classname="tests.graphs.test_compute_imports_extended" name="test_collect_import_edges_simple" time="0.000" /><testcase classname="tests.graphs.test_compute_imports_extended" name="test_collect_import_edges_empty" time="0.000" /><testcase classname="tests.graphs.test_adapters_libcst_extended" name="test_parse_function_returns_none_for_invalid_source" time="0.000" /><testcase classname="tests.graphs.test_adapters_libcst_extended" name="test_parse_function_returns_none_for_empty_range" time="0.000" /><testcase classname="tests.graphs.test_adapters_libcst_extended" name="test_parse_result_ok_creates_success" time="0.000" /><testcase classname="tests.graphs.test_adapters_libcst_extended" name="test_parse_result_fail_creates_failure" time="0.000" /><testcase classname="tests.graphs.test_adapters_libcst_extended" name="test_parsed_function_has_parameters" time="0.002" /><testcase classname="tests.graphs.test_adapters_libcst_extended" name="test_parsed_function_qualname_top_level" time="0.002" /><testcase classname="tests.graphs.test_adapters_libcst_extended" name="test_libcst_adapter_implements_parsing_port" time="0.000" /><testcase classname="tests.graphs.test_compute_imports_extended" name="test_compute_layers_empty" time="0.000" /><testcase classname="tests.graphs.test_compute_imports_extended" name="test_compute_layers_cycle" time="0.001" /><testcase classname="tests.graphs.test_adapters_libcst_extended" name="test_extract_imports_aliased" time="0.002" /><testcase classname="tests.graphs.test_adapters_libcst_extended" name="test_extract_imports_star" time="0.001" /><testcase classname="tests.graphs.test_adapters_libcst_extended" name="test_extract_imports_nested_modules" time="0.001" /><testcase classname="tests.graphs.test_adapters_libcst_extended" name="test_extract_imports_syntax_error_returns_empty" time="0.000" /><testcase classname="tests.graphs.test_adapters_libcst_extended" name="test_extract_call_sites_basic" time="0.002" /><testcase classname="tests.graphs.test_adapters_libcst_extended" name="test_extract_call_sites_method_calls" time="0.002" /><testcase classname="tests.graphs.test_compute_centrality_extended" name="test_compute_pagerank_simple_chain" time="0.033" /><testcase classname="tests.graphs.test_compute_layer" name="test_build_import_module_rows" time="0.000" /><testcase classname="tests.graphs.test_compute_layer" name="test_build_import_edge_rows" time="0.000" /><testcase classname="tests.graphs.test_compute_layer" name="test_symbol_occurrence_is_definition" time="0.000" /><testcase classname="tests.graphs.test_compute_layer" name="test_symbol_occurrence_is_reference" time="0.000" /><testcase classname="tests.graphs.test_compute_layer" name="test_symbol_occurrence_combined_roles" time="0.000" /><testcase classname="tests.graphs.test_compute_layer" name="test_build_def_map_basic" time="0.000" /><testcase classname="tests.graphs.test_compute_layer" name="test_parse_symbol_roles_invalid_string" time="0.001" /><testcase classname="tests.graphs.test_compute_layer" name="test_parse_symbol_roles_none" time="0.000" /><testcase classname="tests.graphs.test_compute_layer" name="test_call_edge_frozen" time="0.000" /><testcase classname="tests.graphs.test_compute_layer" name="test_resolution_result_frozen" time="0.000" /><testcase classname="tests.graphs.test_compute_layer" name="test_import_edge_frozen" time="0.000" /><testcase classname="tests.graphs.test_compute_layer" name="test_symbol_occurrence_frozen" time="0.000" /><testcase classname="tests.graphs.test_compute_layer" name="test_symbol_use_edge_frozen" time="0.000" /><testcase classname="tests.graphs.test_compute_metrics" name="test_pagerank_empty_graph_returns_empty" time="0.000" /><testcase classname="tests.graphs.test_compute_layer" name="test_build_use_edges_same_module" time="0.000" /><testcase classname="tests.graphs.test_compute_layer" name="test_build_use_edges_deduplicates" time="0.000" /><testcase classname="tests.graphs.test_compute_layer" name="test_build_use_def_mapping" time="0.000" /><testcase classname="tests.graphs.test_compute_layer" name="test_edges_to_rows" time="0.000" /><testcase classname="tests.graphs.test_compute_layer" name="test_parse_symbol_roles_int" time="0.000" /><testcase classname="tests.graphs.test_backend_selection" name="test_maybe_enable_nx_gpu_fallback" time="0.001" /><testcase classname="tests.graphs.test_compute_metrics" name="test_realistic_community_detection" time="0.002" /><testcase classname="tests.graphs.test_compute_metrics" name="test_realistic_hub_detection" time="0.000" /><testcase classname="tests.graphs.test_compute_metrics" name="test_realistic_coupling_metrics" time="0.000" /><testcase classname="tests.graphs.test_compute_metrics_bipartite" name="test_bipartite_degrees_empty_graph" time="0.000" /><testcase classname="tests.graphs.test_compute_metrics_bipartite" name="test_bipartite_degrees_empty_primary_partition" time="0.000" /><testcase classname="tests.graphs.test_compute_metrics_bipartite" name="test_bipartite_degrees_empty_secondary_partition" time="0.000" /><testcase classname="tests.graphs.test_compute_metrics_bipartite" name="test_bipartite_degrees_simple_bipartite" time="0.000" /><testcase classname="tests.graphs.test_compute_metrics_bipartite" name="test_bipartite_degrees_unweighted" time="0.000" /><testcase classname="tests.graphs.test_compute_metrics" name="test_scc_node_to_component_mapping" time="0.001" /><testcase classname="tests.graphs.test_compute_metrics" name="test_scc_condensation_graph_computed" time="0.000" /><testcase classname="tests.graphs.test_compute_metrics" name="test_wcc_empty_graph_returns_empty" time="0.000" /><testcase classname="tests.graphs.test_compute_metrics" name="test_wcc_connected_graph_is_one_wcc" time="0.000" /><testcase classname="tests.graphs.test_compute_metrics" name="test_wcc_component_info_structure" time="0.000" /><testcase classname="tests.graphs.test_compute_metrics" name="test_connected_empty_graph_returns_empty" time="0.000" /><testcase classname="tests.graphs.test_compute_metrics" name="test_connected_graph_is_one_component" time="0.000" /><testcase classname="tests.graphs.test_compute_metrics" name="test_bridges_empty_graph_returns_empty" time="0.000" /><testcase classname="tests.graphs.test_compute_components_extended" name="test_find_strongly_connected_with_condensation" time="0.001" /><testcase classname="tests.graphs.test_compute_components_extended" name="test_find_strongly_connected_condensation_is_dag" time="0.001" /><testcase classname="tests.graphs.test_compute_components_extended" name="test_condensation_layers_dag" time="0.000" /><testcase classname="tests.graphs.test_compute_components_extended" name="test_condensation_layers_diamond_dag" time="0.000" /><testcase classname="tests.graphs.test_compute_components_extended" name="test_condensation_layers_two_sccs" time="0.000" /><testcase classname="tests.graphs.test_compute_components_extended" name="test_condensation_layers_empty_graph" time="0.000" /><testcase classname="tests.graphs.test_compute_components_extended" name="test_condensation_layers_single_node" time="0.000" /><testcase classname="tests.graphs.test_compute_metrics" name="test_average_clustering" time="0.002" /><testcase classname="tests.graphs.test_compute_metrics" name="test_average_clustering_empty_graph" time="0.000" /><testcase classname="tests.graphs.test_compute_metrics" name="test_hub_nodes_empty_graph_returns_empty" time="0.000" /><testcase classname="tests.graphs.test_compute_metrics" name="test_hub_nodes_star_graph_center_is_hub" time="0.000" /><testcase classname="tests.graphs.test_compute_metrics" name="test_hub_nodes_threshold_ratio_parameter" time="0.000" /><testcase classname="tests.graphs.test_compute_metrics" name="test_boundary_nodes_empty_communities_returns_empty" time="0.000" /><testcase classname="tests.graphs.test_compute_metrics" name="test_boundary_nodes_finds_boundary" time="0.000" /><testcase classname="tests.graphs.test_compute_metrics" name="test_coupling_to_rows_converts_metrics" time="0.000" /><testcase classname="tests.graphs.test_backend_selection" name="test_maybe_enable_nx_gpu_strict_raises" time="0.000" /><testcase classname="tests.graphs.test_compute_coupling_extended" name="test_compute_abstractness_partial" time="0.000" /><testcase classname="tests.graphs.test_compute_coupling_extended" name="test_compute_abstractness_empty" time="0.000" /><testcase classname="tests.graphs.test_compute_coupling_extended" name="test_distance_from_main_ideal_stable" time="0.000" /><testcase classname="tests.graphs.test_compute_coupling_extended" name="test_distance_from_main_ideal_unstable" time="0.000" /><testcase classname="tests.graphs.test_compute_coupling_extended" name="test_distance_from_main_zone_of_pain" time="0.000" /><testcase classname="tests.graphs.test_compute_coupling_extended" name="test_distance_from_main_zone_of_uselessness" time="0.000" /><testcase classname="tests.graphs.test_adapters_libcst_extended" name="test_parse_module_with_ast_module" time="0.002" /><testcase classname="tests.graphs.test_adapters_libcst_extended" name="test_parse_async_functions_detected" time="0.002" /><testcase classname="tests.graphs.test_adapters_libcst_extended" name="test_parse_decorated_functions" time="0.002" /><testcase classname="tests.graphs.test_adapters_libcst_extended" name="test_parse_class_methods" time="0.002" /><testcase classname="tests.graphs.test_adapters_libcst_extended" name="test_parse_nested_class_methods" time="0.001" /><testcase classname="tests.graphs.test_adapters_libcst_extended" name="test_extract_call_sites_empty_span" time="0.002" /><testcase classname="tests.graphs.test_compute_metrics" name="test_pagerank_star_graph_center_has_highest" time="0.033" /><testcase classname="tests.graphs.test_compute_centrality_extended" name="test_compute_betweenness_disconnected" time="0.000" /><testcase classname="tests.graphs.test_compute_centrality_extended" name="test_compute_closeness_chain" time="0.001" /><testcase classname="tests.graphs.test_compute_centrality_extended" name="test_compute_closeness_star" time="0.000" /><testcase classname="tests.graphs.test_compute_centrality_extended" name="test_compute_closeness_empty_graph" time="0.000" /><testcase classname="tests.graphs.test_compute_centrality_extended" name="test_compute_closeness_disconnected" time="0.000" /><testcase classname="tests.graphs.test_compute_centrality_extended" name="test_compute_degree_centrality_star" time="0.000" /><testcase classname="tests.graphs.test_compute_centrality_extended" name="test_compute_in_degree_centrality_reverse_star" time="0.000" /><testcase classname="tests.graphs.test_compute_metrics" name="test_articulation_empty_graph_returns_empty" time="0.000" /><testcase classname="tests.graphs.test_compute_metrics" name="test_articulation_path_graph_middle_nodes" time="0.001" /><testcase classname="tests.graphs.test_compute_metrics" name="test_articulation_complete_graph_no_articulation" time="0.000" /><testcase classname="tests.graphs.test_compute_metrics" name="test_component_stats_empty_returns_zeros" time="0.000" /><testcase classname="tests.graphs.test_compute_metrics" name="test_component_stats_computes_correct" time="0.000" /><testcase classname="tests.graphs.test_compute_metrics" name="test_cycles_empty_graph_returns_empty" time="0.000" /><testcase classname="tests.graphs.test_compute_metrics" name="test_cycles_simple_cycle_detected" time="0.001" /><testcase classname="tests.graphs.test_compute_metrics" name="test_louvain_disconnected_separate_communities" time="0.001" /><testcase classname="tests.graphs.test_compute_metrics" name="test_louvain_returns_community_dataclass" time="0.001" /><testcase classname="tests.graphs.test_compute_metrics" name="test_label_propagation_empty_graph_returns_empty" time="0.000" /><testcase classname="tests.graphs.test_compute_metrics" name="test_label_propagation_returns_communities" time="0.001" /><testcase classname="tests.graphs.test_compute_metrics" name="test_modularity_empty_graph_returns_zero" time="0.000" /><testcase classname="tests.graphs.test_compute_metrics" name="test_modularity_empty_communities_returns_zero" time="0.000" /><testcase classname="tests.graphs.test_compute_metrics" name="test_modularity_in_valid_range" time="0.000" /><testcase classname="tests.graphs.test_compute_metrics" name="test_clustering_empty_graph_returns_empty" time="0.000" /><testcase classname="tests.graphs.test_compute_centrality_extended" name="test_compute_degree_empty_graph" time="0.001" /><testcase classname="tests.graphs.test_compute_centrality_extended" name="test_compute_in_degree_empty_graph" time="0.000" /><testcase classname="tests.graphs.test_compute_centrality_extended" name="test_compute_out_degree_empty_graph" time="0.000" /><testcase classname="tests.graphs.test_compute_centrality_extended" name="test_compute_all_centralities_simple_chain" time="0.033" /><testcase classname="tests.graphs.test_compute_imports_extended" name="test_analyze_imports_scc_map" time="0.001" /><testcase classname="tests.graphs.test_compute_imports_extended" name="test_analyze_imports_layer_map" time="0.000" /><testcase classname="tests.graphs.test_compute_imports_extended" name="test_analyze_imports_empty" time="0.000" /><testcase classname="tests.graphs.test_compute_imports_extended" name="test_import_module_row_attributes" time="0.000" /><testcase classname="tests.graphs.test_compute_imports_extended" name="test_import_module_row_frozen" time="0.000" /><testcase classname="tests.graphs.test_compute_imports_extended" name="test_import_edge_row_attributes" time="0.000" /><testcase classname="tests.graphs.test_compute_imports_extended" name="test_import_edge_row_frozen" time="0.000" /><testcase classname="tests.graphs.test_compute_imports_extended" name="test_import_analysis_result_attributes" time="0.000" /><testcase classname="tests.graphs.test_compute_metrics" name="test_louvain_empty_graph_returns_empty" time="0.001" /><testcase classname="tests.graphs.test_compute_imports_extended" name="test_analyze_imports_basic" time="0.000" /><testcase classname="tests.graphs.test_compute_metrics_bipartite" name="test_weighted_projection_complete_bipartite" time="0.000" /><testcase classname="tests.graphs.test_compute_layer" name="test_resolve_via_scip_empty_candidates" time="0.000" /><testcase classname="tests.graphs.test_compute_metrics_bipartite" name="test_bipartite_degrees_degree_centrality" time="0.000" /><testcase classname="tests.graphs.test_compute_metrics_bipartite" name="test_bipartite_degrees_returns_dataclass" time="0.000" /><testcase classname="tests.graphs.test_compute_coupling_extended" name="test_compute_coupling_empty_graph" time="0.000" /><testcase classname="tests.graphs.test_compute_metrics_bipartite" name="test_bipartite_degrees_no_weight_attribute" time="0.000" /><testcase classname="tests.graphs.test_compute_metrics_bipartite" name="test_weighted_projection_empty_nodes" time="0.000" /><testcase classname="tests.graphs.test_compute_metrics_bipartite" name="test_weighted_projection_nodes_not_in_graph" time="0.000" /><testcase classname="tests.graphs.test_compute_metrics_bipartite" name="test_weighted_projection_all_nodes" time="0.000" /><testcase classname="tests.graphs.test_compute_metrics_bipartite" name="test_weighted_projection_simple_bipartite" time="0.000" /><testcase classname="tests.graphs.test_compute_metrics_bipartite" name="test_projection_with_varying_shared_neighbors[2]" time="0.001" /><testcase classname="tests.graphs.test_compute_layer" name="test_compute_layers_empty" time="0.000" /><testcase classname="tests.graphs.test_compute_metrics_cfg" name="test_dominator_depths_chain" time="0.000" /><testcase classname="tests.graphs.test_compute_metrics_cfg" name="test_dominator_depths_tree" time="0.000" /><testcase classname="tests.graphs.test_compute_metrics_cfg" name="test_dominator_depths_from_chain_graph" time="0.000" /><testcase classname="tests.graphs.test_compute_metrics_cfg" name="test_loop_headers_empty_graph_returns_empty" time="0.000" /><testcase classname="tests.graphs.test_compute_metrics_cfg" name="test_loop_headers_entry_not_in_graph_returns_empty" time="0.000" /><testcase classname="tests.graphs.test_compute_metrics_cfg" name="test_loop_headers_dag_has_no_loops" time="0.000" /><testcase classname="tests.graphs.test_compute_metrics_cfg" name="test_loop_headers_simple_cycle" time="0.000" /><testcase classname="tests.graphs.test_compute_metrics_bipartite" name="test_weighted_projection_weights" time="0.000" /><testcase classname="tests.graphs.test_compute_metrics_bipartite" name="test_weighted_projection_partial_overlap" time="0.000" /><testcase classname="tests.graphs.test_compute_metrics_bipartite" name="test_weighted_projection_secondary_partition" time="0.000" /><testcase classname="tests.graphs.test_compute_metrics_bipartite" name="test_weighted_projection_single_node" time="0.000" /><testcase classname="tests.graphs.test_compute_metrics_bipartite" name="test_bipartite_degree_metrics_frozen" time="0.000" /><testcase classname="tests.graphs.test_compute_metrics_bipartite" name="test_projection_matches_shared_neighbors_count" time="0.000" /><testcase classname="tests.graphs.test_compute_layer" name="test_parse_symbol_roles_string" time="0.000" /><testcase classname="tests.graphs.test_compute_metrics_community" name="test_greedy_various_sizes[5]" time="0.001" /><testcase classname="tests.graphs.test_compute_metrics_community" name="test_greedy_various_sizes[10]" time="0.001" /><testcase classname="tests.graphs.test_compute_metrics_community" name="test_greedy_various_sizes[15]" time="0.001" /><testcase classname="tests.graphs.test_compute_metrics_community" name="test_greedy_various_sizes[20]" time="0.003" /><testcase classname="tests.graphs.test_compute_layer" name="test_build_def_map_first_definition_wins" time="0.000" /><testcase classname="tests.graphs.test_compute_metrics_community" name="test_label_propagation_disconnected_components" time="0.001" /><testcase classname="tests.graphs.test_compute_layer" name="test_dedupe_edges_empty" time="0.000" /><testcase classname="tests.graphs.test_compute_metrics_cfg" name="test_dominator_tree_multiple_paths" time="0.001" /><testcase classname="tests.graphs.test_compute_metrics_cfg" name="test_dominance_frontier_empty_graph_returns_empty" time="0.000" /><testcase classname="tests.graphs.test_compute_metrics_cfg" name="test_dominance_frontier_entry_not_in_graph_returns_empty" time="0.001" /><testcase classname="tests.graphs.test_compute_metrics_cfg" name="test_dominance_frontier_chain_graph_empty_frontiers" time="0.000" /><testcase classname="tests.graphs.test_compute_metrics_cfg" name="test_dominance_frontier_diamond_graph" time="0.000" /><testcase classname="tests.graphs.test_compute_metrics_cfg" name="test_dominance_frontier_if_then_else" time="0.000" /><testcase classname="tests.graphs.test_compute_metrics_cfg" name="test_dominator_depths_empty_returns_empty" time="0.000" /><testcase classname="tests.graphs.test_compute_metrics" name="test_pagerank_simple_cycle" time="0.031" /><testcase classname="tests.graphs.test_backend_selection" name="test_maybe_enable_nx_gpu_success" time="0.000" /><testcase classname="tests.graphs.test_compute_metrics_community" name="test_greedy_weighted_edges" time="0.001" /><testcase classname="tests.graphs.test_compute_metrics_community" name="test_greedy_resolution_parameter" time="0.001" /><testcase classname="tests.graphs.test_compute_metrics_community" name="test_louvain_empty_graph_returns_empty" time="0.000" /><testcase classname="tests.graphs.test_compute_metrics_community" name="test_louvain_single_node" time="0.000" /><testcase classname="tests.graphs.test_compute_metrics_community" name="test_louvain_complete_graph" time="0.000" /><testcase classname="tests.graphs.test_compute_metrics_community" name="test_louvain_disconnected_separate_communities" time="0.000" /><testcase classname="tests.graphs.test_compute_components_extended" name="test_condensation_layers_cycle" time="0.000" /><testcase classname="tests.graphs.test_compute_metrics_dfg" name="test_dfg_components_single_node" time="0.000" /><testcase classname="tests.graphs.test_compute_metrics_dfg" name="test_dfg_components_chain_graph" time="0.000" /><testcase classname="tests.graphs.test_compute_metrics_dfg" name="test_dfg_components_cyclic_graph" time="0.000" /><testcase classname="tests.graphs.test_compute_metrics_dfg" name="test_dfg_components_disconnected_graph" time="0.000" /><testcase classname="tests.graphs.test_compute_metrics_dfg" name="test_dfg_components_mixed_graph" time="0.000" /><testcase classname="tests.graphs.test_compute_metrics_dfg" name="test_def_use_chains_empty_graph_returns_empty" time="0.000" /><testcase classname="tests.graphs.test_compute_metrics_bipartite" name="test_complete_bipartite_degrees[2-3]" time="0.001" /><testcase classname="tests.graphs.test_compute_metrics_bipartite" name="test_complete_bipartite_degrees[3-3]" time="0.000" /><testcase classname="tests.graphs.test_compute_metrics_bipartite" name="test_complete_bipartite_degrees[4-2]" time="0.000" /><testcase classname="tests.graphs.test_compute_metrics_bipartite" name="test_complete_bipartite_degrees[5-5]" time="0.000" /><testcase classname="tests.graphs.test_compute_metrics_bipartite" name="test_complete_bipartite_projection_edges[2-1-1]" time="0.000" /><testcase classname="tests.graphs.test_compute_metrics_bipartite" name="test_complete_bipartite_projection_edges[3-1-3]" time="0.000" /><testcase classname="tests.graphs.test_compute_metrics_bipartite" name="test_complete_bipartite_projection_edges[3-2-3]" time="0.000" /><testcase classname="tests.graphs.test_compute_metrics" name="test_pagerank_custom_alpha" time="0.001" /><testcase classname="tests.graphs.test_compute_metrics" name="test_betweenness_empty_graph_returns_empty" time="0.000" /><testcase classname="tests.graphs.test_compute_metrics" name="test_betweenness_path_graph_middle_node_highest" time="0.000" /><testcase classname="tests.graphs.test_compute_metrics" name="test_betweenness_sampling_parameter" time="0.000" /><testcase classname="tests.graphs.test_compute_metrics" name="test_closeness_empty_graph_returns_empty" time="0.000" /><testcase classname="tests.graphs.test_compute_metrics" name="test_closeness_complete_graph_uniform" time="0.001" /><testcase classname="tests.graphs.test_compute_metrics" name="test_closeness_wf_improved_parameter" time="0.000" /><testcase classname="tests.graphs.test_compute_imports_extended" name="test_collect_import_edges_multiple" time="0.000" /><testcase classname="tests.graphs.test_compute_metrics_cfg" name="test_cycle_graphs_have_loop_headers[5]" time="0.001" /><testcase classname="tests.graphs.test_compute_metrics_cfg" name="test_cycle_graphs_have_loop_headers[10]" time="0.000" /><testcase classname="tests.graphs.test_compute_metrics_community" name="test_greedy_empty_graph_returns_empty" time="0.000" /><testcase classname="tests.graphs.test_compute_metrics_community" name="test_greedy_single_node_single_community" time="0.000" /><testcase classname="tests.graphs.test_compute_metrics_community" name="test_greedy_complete_graph" time="0.001" /><testcase classname="tests.graphs.test_compute_metrics_community" name="test_greedy_disconnected_components_separate_communities" time="0.000" /><testcase classname="tests.graphs.test_compute_metrics_community" name="test_louvain_various_sizes[5]" time="0.001" /><testcase classname="tests.graphs.test_compute_metrics_community" name="test_louvain_various_sizes[10]" time="0.000" /><testcase classname="tests.graphs.test_compute_centrality_extended" name="test_compute_pagerank_star_graph" time="0.001" /><testcase classname="tests.graphs.test_compute_centrality_extended" name="test_compute_pagerank_reverse_star" time="0.001" /><testcase classname="tests.graphs.test_compute_centrality_extended" name="test_compute_pagerank_cyclic" time="0.000" /><testcase classname="tests.graphs.test_compute_centrality_extended" name="test_compute_pagerank_empty_graph" time="0.000" /><testcase classname="tests.graphs.test_compute_centrality_extended" name="test_compute_pagerank_single_node" time="0.000" /><testcase classname="tests.graphs.test_compute_centrality_extended" name="test_compute_betweenness_chain" time="0.000" /><testcase classname="tests.graphs.test_compute_centrality_extended" name="test_compute_betweenness_star" time="0.000" /><testcase classname="tests.graphs.test_compute_metrics_community" name="test_label_propagation_directed_graph_converted" time="0.000" /><testcase classname="tests.graphs.test_compute_centrality_extended" name="test_compute_all_centralities_returns_centrality_metrics" time="0.001" /><testcase classname="tests.graphs.test_compute_centrality_extended" name="test_compute_all_centralities_empty_graph" time="0.000" /><testcase classname="tests.graphs.test_compute_centrality_extended" name="test_compute_all_centralities_single_node" time="0.000" /><testcase classname="tests.graphs.test_compute_centrality_extended" name="test_compute_all_centralities_diamond" time="0.001" /><testcase classname="tests.graphs.test_compute_metrics_cfg" name="test_loop_headers_self_loop" time="0.000" /><testcase classname="tests.graphs.test_compute_metrics_paths" name="test_reachable_nodes_empty_graph" time="0.001" /><testcase classname="tests.graphs.test_compute_metrics_paths" name="test_reachable_nodes_single_node" time="0.000" /><testcase classname="tests.graphs.test_compute_metrics_paths" name="test_reachable_nodes_chain_graph" time="0.000" /><testcase classname="tests.graphs.test_compute_metrics_paths" name="test_reachable_nodes_from_middle" time="0.000" /><testcase classname="tests.graphs.test_compute_metrics_paths" name="test_reachable_nodes_from_sink" time="0.000" /><testcase classname="tests.graphs.test_compute_centrality_extended" name="test_compute_out_degree_centrality_star" time="0.000" /><testcase classname="tests.graphs.test_compute_metrics_dfg" name="test_find_cycles_with_dag_part" time="0.001" /><testcase classname="tests.graphs.test_compute_metrics_dfg" name="test_dfg_path_stats_frozen" time="0.000" /><testcase classname="tests.graphs.test_compute_metrics_dfg" name="test_path_lengths_various_chains[2-1]" time="0.000" /><testcase classname="tests.graphs.test_compute_metrics_dfg" name="test_path_lengths_various_chains[3-2]" time="0.000" /><testcase classname="tests.graphs.test_compute_metrics_dfg" name="test_path_lengths_various_chains[5-4]" time="0.000" /><testcase classname="tests.graphs.test_compute_metrics_dfg" name="test_path_lengths_various_chains[10-9]" time="0.000" /><testcase classname="tests.graphs.test_compute_metrics_community" name="test_louvain_directed_graph_converted" time="0.000" /><testcase classname="tests.graphs.test_compute_metrics_paths" name="test_paths_with_various_cutoffs[4-3-1]" time="0.001" /><testcase classname="tests.graphs.test_compute_metrics_statistics" name="test_in_degrees_empty_graph" time="0.000" /><testcase classname="tests.graphs.test_compute_metrics_statistics" name="test_in_degrees_single_node" time="0.000" /><testcase classname="tests.graphs.test_compute_metrics_statistics" name="test_in_degrees_chain_graph" time="0.000" /><testcase classname="tests.graphs.test_compute_metrics_community" name="test_louvain_various_sizes[15]" time="0.001" /><testcase classname="tests.graphs.test_compute_metrics_paths" name="test_integration_avg_path_length_consistency" time="0.001" /><testcase classname="tests.graphs.test_compute_metrics_paths" name="test_reachable_various_chains[2-2]" time="0.001" /><testcase classname="tests.graphs.test_compute_metrics_paths" name="test_reachable_various_chains[3-3]" time="0.000" /><testcase classname="tests.graphs.test_compute_metrics_paths" name="test_reachable_various_chains[5-5]" time="0.000" /><testcase classname="tests.graphs.test_compute_metrics_paths" name="test_reachable_various_chains[10-10]" time="0.000" /><testcase classname="tests.graphs.test_compute_metrics" name="test_realistic_scc_finds_cycles" time="0.000" /><testcase classname="tests.graphs.test_compute_metrics" name="test_realistic_import_layers_computed" time="0.001" /><testcase classname="tests.graphs.test_compute_metrics" name="test_realistic_centrality_metrics" time="0.002" /><testcase classname="tests.graphs.test_compute_metrics" name="test_realistic_component_stats" time="0.000" /><testcase classname="tests.graphs.test_compute_metrics_cfg" name="test_loop_headers_nested_loops" time="0.000" /><testcase classname="tests.graphs.test_compute_metrics_cfg" name="test_loop_headers_while_loop_pattern" time="0.000" /><testcase classname="tests.graphs.test_compute_metrics_cfg" name="test_longest_path_empty_graph_returns_zero" time="0.000" /><testcase classname="tests.graphs.test_compute_metrics_cfg" name="test_longest_path_single_node_returns_zero" time="0.000" /><testcase classname="tests.graphs.test_compute_metrics_cfg" name="test_longest_path_chain_graph" time="0.000" /><testcase classname="tests.graphs.test_compute_metrics_cfg" name="test_longest_path_diamond_graph" time="0.000" /><testcase classname="tests.graphs.test_compute_metrics_community" name="test_greedy_directed_graph_converted" time="0.000" /><testcase classname="tests.graphs.test_compute_metrics_statistics" name="test_avg_path_length_chain_graph" time="0.001" /><testcase classname="tests.graphs.test_compute_metrics_statistics" name="test_avg_path_length_complete_graph" time="0.000" /><testcase classname="tests.graphs.test_compute_metrics_statistics" name="test_avg_path_length_disconnected_uses_largest" time="0.000" /><testcase classname="tests.graphs.test_compute_metrics" name="test_bridges_path_graph_all_edges_are_bridges" time="0.001" /><testcase classname="tests.graphs.test_compute_metrics_dfg" name="test_path_lengths_chain_graph" time="0.000" /><testcase classname="tests.graphs.test_compute_metrics_dfg" name="test_path_lengths_diamond_graph" time="0.000" /><testcase classname="tests.graphs.test_compute_metrics_dfg" name="test_path_lengths_star_graph" time="0.000" /><testcase classname="tests.graphs.test_compute_metrics_dfg" name="test_path_lengths_max_depth_limiting" time="0.000" /><testcase classname="tests.graphs.test_compute_metrics_dfg" name="test_path_lengths_avg_calculation" time="0.000" /><testcase classname="tests.graphs.test_compute_metrics_dfg" name="test_path_lengths_returns_dataclass" time="0.000" /><testcase classname="tests.graphs.test_adapters_libcst_extended" name="test_extract_imports_simple" time="0.001" /><testcase classname="tests.graphs.test_compute_metrics_dfg" name="test_find_cycles_empty_graph_returns_empty" time="0.000" /><testcase classname="tests.graphs.test_compute_metrics_dfg" name="test_find_cycles_dag_returns_empty" time="0.001" /><testcase classname="tests.graphs.test_compute_metrics_dfg" name="test_find_cycles_simple_cycle" time="0.000" /><testcase classname="tests.graphs.test_compute_metrics_dfg" name="test_find_cycles_self_loop" time="0.000" /><testcase classname="tests.graphs.test_compute_metrics_dfg" name="test_find_cycles_multiple_cycles" time="0.000" /><testcase classname="tests.graphs.test_compute_metrics_dfg" name="test_find_cycles_limit_respected" time="0.000" /><testcase classname="tests.graphs.test_compute_metrics_statistics" name="test_in_degrees_star_graph" time="0.000" /><testcase classname="tests.graphs.test_compute_metrics_dfg" name="test_def_use_chains_single_node" time="0.000" /><testcase classname="tests.graphs.test_compute_metrics_statistics" name="test_out_degrees_empty_graph" time="0.000" /><testcase classname="tests.graphs.test_compute_metrics_statistics" name="test_out_degrees_chain_graph" time="0.000" /><testcase classname="tests.graphs.test_compute_metrics_statistics" name="test_out_degrees_star_graph" time="0.000" /><testcase classname="tests.graphs.test_compute_metrics_statistics" name="test_out_degrees_diamond_graph" time="0.000" /><testcase classname="tests.graphs.test_compute_metrics_statistics" name="test_degrees_empty_graph" time="0.000" /><testcase classname="tests.graphs.test_adapters_libcst_extended" name="test_extract_call_sites_no_ast_returns_empty" time="0.003" /><testcase classname="tests.graphs.test_compute_metrics_community" name="test_louvain_seed_reproducibility" time="0.002" /><testcase classname="tests.graphs.test_compute_imports_extended" name="test_import_analysis_result_frozen" time="0.000" /><testcase classname="tests.graphs.test_compute_metrics_paths" name="test_simple_paths_max_paths_limit" time="0.000" /><testcase classname="tests.graphs.test_compute_metrics_paths" name="test_simple_paths_cutoff_limit" time="0.000" /><testcase classname="tests.graphs.test_compute_metrics_paths" name="test_simple_paths_self_loop_handled" time="0.000" /><testcase classname="tests.graphs.test_compute_metrics_paths" name="test_simple_paths_node_not_in_graph" time="0.000" /><testcase classname="tests.graphs.test_compute_metrics_paths" name="test_avg_shortest_path_empty_graph" time="0.000" /><testcase classname="tests.graphs.test_compute_metrics_bipartite" name="test_degree_centrality_sums_correctly" time="0.000" /><testcase classname="tests.graphs.test_compute_metrics_paths" name="test_reachable_nodes_star_spoke" time="0.000" /><testcase classname="tests.graphs.test_compute_metrics_paths" name="test_reachable_nodes_disconnected" time="0.000" /><testcase classname="tests.graphs.test_compute_metrics_paths" name="test_reachable_nodes_diamond" time="0.000" /><testcase classname="tests.graphs.test_compute_metrics_paths" name="test_reachable_nodes_source_not_in_graph" time="0.000" /><testcase classname="tests.graphs.test_compute_metrics_paths" name="test_reachable_nodes_cyclic_graph" time="0.000" /><testcase classname="tests.graphs.test_compute_metrics" name="test_all_centralities_degree_calculation" time="0.002" /><testcase classname="tests.graphs.test_compute_metrics" name="test_centrality_to_rows_converts_metrics" time="0.000" /><testcase classname="tests.graphs.test_compute_metrics" name="test_scc_empty_graph_returns_empty" time="0.000" /><testcase classname="tests.graphs.test_compute_metrics" name="test_scc_simple_cycle_is_one_scc" time="0.000" /><testcase classname="tests.graphs.test_compute_metrics" name="test_degree_centrality_empty_graph_returns_empty" time="0.000" /><testcase classname="tests.graphs.test_compute_metrics_statistics" name="test_diameter_chain_graph" time="0.001" /><testcase classname="tests.graphs.test_compute_metrics_statistics" name="test_diameter_complete_graph" time="0.000" /><testcase classname="tests.graphs.test_compute_metrics_statistics" name="test_diameter_disconnected_uses_largest_component" time="0.000" /><testcase classname="tests.graphs.test_compute_metrics_statistics" name="test_diameter_star_graph" time="0.000" /><testcase classname="tests.graphs.test_compute_metrics_statistics" name="test_avg_path_length_empty_graph" time="0.000" /><testcase classname="tests.graphs.test_compute_metrics" name="test_coupling_instability_calculation" time="0.000" /><testcase classname="tests.graphs.test_compute_metrics_cfg" name="test_dominance_metrics_frozen" time="0.000" /><testcase classname="tests.graphs.test_compute_metrics_cfg" name="test_chain_graph_depths_parametrized[2-1]" time="0.001" /><testcase classname="tests.graphs.test_compute_metrics_cfg" name="test_chain_graph_depths_parametrized[3-2]" time="0.000" /><testcase classname="tests.graphs.test_compute_metrics_cfg" name="test_chain_graph_depths_parametrized[5-4]" time="0.000" /><testcase classname="tests.graphs.test_compute_metrics_cfg" name="test_chain_graph_depths_parametrized[10-9]" time="0.000" /><testcase classname="tests.graphs.test_compute_metrics_cfg" name="test_cycle_graphs_have_loop_headers[2]" time="0.000" /><testcase classname="tests.graphs.test_compute_metrics_community" name="test_label_propagation_chain_graph" time="0.000" /><testcase classname="tests.graphs.test_compute_metrics_community" name="test_modularity_empty_graph_returns_zero" time="0.000" /><testcase classname="tests.graphs.test_compute_metrics_community" name="test_modularity_empty_communities_returns_zero" time="0.001" /><testcase classname="tests.graphs.test_compute_metrics_community" name="test_modularity_single_community" time="0.000" /><testcase classname="tests.graphs.test_compute_metrics_bipartite" name="test_weighted_projection_no_shared_neighbors" time="0.000" /><testcase classname="tests.graphs.test_compute_metrics_paths" name="test_avg_shortest_path_chain_graph" time="0.000" /><testcase classname="tests.graphs.test_compute_metrics_paths" name="test_avg_shortest_path_star_graph" time="0.000" /><testcase classname="tests.graphs.test_compute_metrics_paths" name="test_avg_shortest_path_from_sink" time="0.000" /><testcase classname="tests.graphs.test_compute_metrics_paths" name="test_avg_shortest_path_disconnected_source" time="0.000" /><testcase classname="tests.graphs.test_compute_metrics_paths" name="test_avg_shortest_path_source_not_in_graph" time="0.000" /><testcase classname="tests.graphs.test_compute_components_extended" name="test_find_strongly_connected_single_node" time="0.000" /><testcase classname="tests.graphs.test_compute_metrics_cfg" name="test_longest_path_mixed_dag_and_cycle" time="0.001" /><testcase classname="tests.graphs.test_compute_metrics_cfg" name="test_all_dominance_empty_graph_returns_empty" time="0.000" /><testcase classname="tests.graphs.test_compute_metrics_cfg" name="test_all_dominance_returns_dataclass" time="0.001" /><testcase classname="tests.graphs.test_compute_metrics_cfg" name="test_all_dominance_chain_graph" time="0.000" /><testcase classname="tests.graphs.test_compute_metrics_cfg" name="test_all_dominance_diamond_graph" time="0.000" /><testcase classname="tests.graphs.test_compute_metrics_cfg" name="test_all_dominance_cyclic_graph_identifies_headers" time="0.000" /><testcase classname="tests.graphs.test_compute_metrics_cfg" name="test_dominator_depths_single_root" time="0.000" /><testcase classname="tests.graphs.test_compute_metrics_paths" name="test_reachable_star_graphs[3-4]" time="0.001" /><testcase classname="tests.graphs.test_compute_metrics_paths" name="test_reachable_star_graphs[5-6]" time="0.000" /><testcase classname="tests.graphs.test_compute_metrics_paths" name="test_reachable_star_graphs[10-11]" time="0.000" /><testcase classname="tests.graphs.test_compute_metrics_paths" name="test_paths_with_various_cutoffs[3-1-0]" time="0.000" /><testcase classname="tests.graphs.test_compute_metrics_paths" name="test_paths_with_various_cutoffs[3-2-1]" time="0.000" /><testcase classname="tests.graphs.test_compute_metrics_statistics" name="test_condensation_layers_empty_graph" time="0.000" /><testcase classname="tests.graphs.test_compute_metrics_statistics" name="test_condensation_layers_single_node" time="0.000" /><testcase classname="tests.graphs.test_compute_metrics_paths" name="test_integration_reachable_matches_path_count" time="0.001" /><testcase classname="tests.graphs.test_compute_metrics_structural" name="test_structural_metrics_frozen" time="0.000" /><testcase classname="tests.graphs.test_compute_metrics_structural" name="test_complete_graph_core_numbers[3-2]" time="0.001" /><testcase classname="tests.graphs.test_compute_metrics_statistics" name="test_degrees_chain_undirected" time="0.000" /><testcase classname="tests.graphs.test_compute_metrics_structural" name="test_effective_size_star_graph" time="0.034" /><testcase classname="tests.graphs.test_compute_metrics_dfg" name="test_cycles_detected_various_sizes[2]" time="0.000" /><testcase classname="tests.graphs.test_compute_metrics_statistics" name="test_cycle_single_scc[10]" time="0.001" /><testcase classname="tests.graphs.test_compute_metrics_statistics" name="test_chain_is_dag[3]" time="0.000" /><testcase classname="tests.graphs.test_compute_metrics_statistics" name="test_chain_is_dag[5]" time="0.000" /><testcase classname="tests.graphs.test_compute_metrics_statistics" name="test_complete_edge_counts[3-6]" time="0.001" /><testcase classname="tests.graphs.test_compute_metrics_statistics" name="test_complete_edge_counts[4-12]" time="0.000" /><testcase classname="tests.graphs.test_compute_metrics_dfg" name="test_dfg_components_empty_graph_returns_empty" time="0.000" /><testcase classname="tests.graphs.test_compute_metrics_structural" name="test_core_number_complete_graph" time="0.000" /><testcase classname="tests.graphs.test_compute_metrics_structural" name="test_core_number_star_graph" time="0.000" /><testcase classname="tests.graphs.test_compute_metrics_structural" name="test_core_number_triangle" time="0.000" /><testcase classname="tests.graphs.test_compute_metrics_structural" name="test_core_number_directed_converted" time="0.000" /><testcase classname="tests.graphs.test_compute_metrics_structural" name="test_constraint_empty_graph" time="0.000" /><testcase classname="tests.graphs.test_compute_metrics_statistics" name="test_in_degrees_diamond_graph" time="0.000" /><testcase classname="tests.graphs.test_compute_metrics_structural" name="test_clustering_empty_graph" time="0.000" /><testcase classname="tests.graphs.test_compute_metrics_structural" name="test_clustering_single_node" time="0.001" /><testcase classname="tests.graphs.test_compute_metrics_structural" name="test_clustering_chain_graph" time="0.000" /><testcase classname="tests.graphs.test_compute_metrics_structural" name="test_clustering_complete_graph" time="0.000" /><testcase classname="tests.graphs.test_compute_metrics_structural" name="test_clustering_triangle" time="0.000" /><testcase classname="tests.graphs.test_compute_metrics_dfg" name="test_find_cycles_nested_cycles" time="0.000" /><testcase classname="tests.graphs.test_compute_metrics_structural" name="test_constraint_chain_graph" time="0.031" /><testcase classname="tests.graphs.test_compute_metrics" name="test_clustering_complete_graph_full" time="0.001" /><testcase classname="tests.graphs.test_compute_metrics_paths" name="test_simple_paths_no_sources" time="0.000" /><testcase classname="tests.graphs.test_compute_metrics_paths" name="test_simple_paths_no_targets" time="0.000" /><testcase classname="tests.graphs.test_compute_metrics_paths" name="test_simple_paths_unreachable_target" time="0.000" /><testcase classname="tests.graphs.test_compute_metrics_paths" name="test_simple_paths_chain_graph" time="0.000" /><testcase classname="tests.graphs.test_compute_metrics_paths" name="test_simple_paths_diamond_graph" time="0.000" /><testcase classname="tests.graphs.test_compute_metrics_paths" name="test_simple_paths_multiple_sources" time="0.000" /><testcase classname="tests.graphs.test_compute_metrics_bipartite" name="test_projection_with_varying_shared_neighbors[3]" time="0.000" /><testcase classname="tests.graphs.test_compute_metrics_bipartite" name="test_projection_with_varying_shared_neighbors[5]" time="0.000" /><testcase classname="tests.graphs.test_compute_metrics_cfg" name="test_dominator_tree_empty_graph_returns_empty" time="0.000" /><testcase classname="tests.graphs.test_compute_metrics_cfg" name="test_dominator_tree_entry_not_in_graph_returns_empty" time="0.000" /><testcase classname="tests.graphs.test_compute_metrics_cfg" name="test_dominator_tree_single_node" time="0.000" /><testcase classname="tests.graphs.test_compute_metrics_cfg" name="test_dominator_tree_chain_graph" time="0.000" /><testcase classname="tests.graphs.test_compute_metrics" name="test_centrality_metrics_frozen" time="0.000" /><testcase classname="tests.graphs.test_compute_metrics_dfg" name="test_def_use_chains_chain_graph" time="0.000" /><testcase classname="tests.graphs.test_compute_metrics_dfg" name="test_def_use_chains_star_graph" time="0.000" /><testcase classname="tests.graphs.test_compute_metrics_dfg" name="test_def_use_chains_diamond_graph" time="0.000" /><testcase classname="tests.graphs.test_compute_metrics_dfg" name="test_use_def_chains_empty_graph_returns_empty" time="0.000" /><testcase classname="tests.graphs.test_compute_metrics_dfg" name="test_use_def_chains_single_node" time="0.000" /><testcase classname="tests.graphs.test_compute_metrics_dfg" name="test_use_def_chains_chain_graph" time="0.000" /><testcase classname="tests.graphs.test_compute_metrics_bipartite" name="test_projection_with_varying_shared_neighbors[1]" time="0.000" /><testcase classname="tests.graphs.test_compute_metrics_statistics" name="test_degrees_complete_graph" time="0.000" /><testcase classname="tests.graphs.test_compute_metrics_statistics" name="test_in_degree_values" time="0.000" /><testcase classname="tests.graphs.test_compute_metrics_statistics" name="test_out_degree_values" time="0.000" /><testcase classname="tests.graphs.test_compute_metrics_statistics" name="test_degree_values" time="0.000" /><testcase classname="tests.graphs.test_compute_metrics_statistics" name="test_diameter_empty_graph" time="0.000" /><testcase classname="tests.graphs.test_compute_metrics" name="test_cycles_limit_parameter_respected" time="0.000" /><testcase classname="tests.graphs.test_compute_metrics_dfg" name="test_cycles_detected_various_sizes[3]" time="0.000" /><testcase classname="tests.graphs.test_compute_metrics_dfg" name="test_cycles_detected_various_sizes[5]" time="0.000" /><testcase classname="tests.graphs.test_compute_metrics_dfg" name="test_cycles_detected_various_sizes[10]" time="0.000" /><testcase classname="tests.graphs.test_compute_metrics_dfg" name="test_density_various_graphs[3-2-0.3333333333333333]" time="0.000" /><testcase classname="tests.graphs.test_compute_metrics_dfg" name="test_density_various_graphs[4-6-0.5]" time="0.000" /><testcase classname="tests.graphs.test_compute_metrics_dfg" name="test_density_various_graphs[5-10-0.5]" time="0.000" /><testcase classname="tests.graphs.test_compute_metrics_paths" name="test_avg_shortest_path_single_node" time="0.000" /><testcase classname="tests.graphs.test_compute_metrics_structural" name="test_all_structural_chain_graph" time="0.033" /><testcase classname="tests.graphs.test_compute_metrics_cfg" name="test_longest_path_cyclic_graph_uses_condensation" time="0.000" /><testcase classname="tests.graphs.test_compute_metrics_structural" name="test_triangles_complete_graph" time="0.001" /><testcase classname="tests.graphs.test_compute_metrics_structural" name="test_triangles_star_graph" time="0.000" /><testcase classname="tests.graphs.test_compute_metrics_structural" name="test_triangles_directed_converted" time="0.000" /><testcase classname="tests.graphs.test_compute_metrics_structural" name="test_core_number_empty_graph" time="0.000" /><testcase classname="tests.graphs.test_compute_metrics_structural" name="test_core_number_single_node" time="0.000" /><testcase classname="tests.graphs.test_compute_metrics_structural" name="test_complete_graph_core_numbers[4-3]" time="0.000" /><testcase classname="tests.graphs.test_compute_metrics_structural" name="test_complete_graph_core_numbers[5-4]" time="0.000" /><testcase classname="tests.graphs.test_compute_metrics" name="test_scc_disconnected_nodes_are_separate" time="0.000" /><testcase classname="tests.graphs.test_compute_metrics_structural" name="test_complete_graph_triangles[4-3]" time="0.001" /><testcase classname="tests.graphs.test_compute_metrics_structural" name="test_complete_graph_triangles[5-6]" time="0.000" /><testcase classname="tests.graphs.test_compute_metrics_structural" name="test_star_graph_clustering_zero[3]" time="0.001" /><testcase classname="tests.graphs.test_compute_metrics_structural" name="test_star_graph_clustering_zero[5]" time="0.000" /><testcase classname="tests.graphs.test_compute_metrics_statistics" name="test_avg_path_length_single_node" time="0.000" /><testcase classname="tests.graphs.test_compute_metrics_structural" name="test_chain_core_numbers[3-1]" time="0.001" /><testcase classname="tests.graphs.test_compute_metrics_structural" name="test_chain_core_numbers[5-1]" time="0.000" /><testcase classname="tests.graphs.test_compute_metrics_structural" name="test_chain_core_numbers[10-1]" time="0.000" /><testcase classname="tests.graphs.test_compute_symbols_extended" name="test_symbol_occurrence_is_definition" time="0.000" /><testcase classname="tests.graphs.test_compute_metrics_cfg" name="test_all_dominance_complex_cfg" time="0.000" /><testcase classname="tests.graphs.test_compute_symbols_extended" name="test_symbol_use_edge_attributes" time="0.000" /><testcase classname="tests.graphs.test_compute_symbols_extended" name="test_symbol_use_edge_optional_goids" time="0.000" /><testcase classname="tests.graphs.test_compute_symbols_extended" name="test_symbol_use_edge_frozen" time="0.000" /><testcase classname="tests.graphs.test_compute_symbols_extended" name="test_symbol_use_row_attributes" time="0.000" /><testcase classname="tests.graphs.test_compute_metrics_bipartite" name="test_bipartite_degrees_weighted" time="0.000" /><testcase classname="tests.graphs.test_compute_metrics_community" name="test_louvain_various_sizes[20]" time="0.001" /><testcase classname="tests.graphs.test_compute_metrics_community" name="test_two_cliques_detected_separately[3-3]" time="0.000" /><testcase classname="tests.graphs.test_compute_metrics_community" name="test_two_cliques_detected_separately[5-5]" time="0.000" /><testcase classname="tests.graphs.test_compute_metrics_community" name="test_two_cliques_detected_separately[3-7]" time="0.000" /><testcase classname="tests.graphs.test_compute_metrics_community" name="test_two_cliques_detected_separately[10-10]" time="0.001" /><testcase classname="tests.graphs.test_compute_metrics_dfg" name="test_path_lengths_empty_graph_returns_empty" time="0.000" /><testcase classname="tests.graphs.test_compute_coupling_extended" name="test_distance_from_main_balanced" time="0.000" /><testcase classname="tests.graphs.test_compute_metrics_dfg" name="test_use_def_chains_star_inward" time="0.000" /><testcase classname="tests.graphs.test_compute_metrics_cfg" name="test_cycle_graphs_have_loop_headers[3]" time="0.000" /><testcase classname="tests.graphs.test_compute_symbols_extended" name="test_symbol_occurrence_is_call" time="0.000" /><testcase classname="tests.graphs.test_compute_symbols_extended" name="test_symbol_occurrence_is_import" time="0.000" /><testcase classname="tests.graphs.test_compute_symbols_extended" name="test_symbol_occurrence_combined_roles" time="0.000" /><testcase classname="tests.graphs.test_compute_symbols_extended" name="test_symbol_occurrence_no_roles" time="0.000" /><testcase classname="tests.graphs.test_compute_metrics_structural" name="test_constraint_single_node" time="0.032" /><testcase classname="tests.graphs.test_compute_metrics_structural" name="test_star_graph_clustering_zero[10]" time="0.001" /><testcase classname="tests.graphs.test_goid_builder_decorators" name="test_goid_build_entries_method_in_class" time="0.001" /><testcase classname="tests.graphs.test_compute_metrics_statistics" name="test_condensation_layers_chain_graph" time="0.000" /><testcase classname="tests.graphs.test_core_registry_extended" name="test_register_plugin_indexes_by_table" time="0.008" /><testcase classname="tests.graphs.test_compute_metrics_structural" name="test_clustering_star_graph" time="0.000" /><testcase classname="tests.graphs.test_core_registry_extended" name="test_resolve_dependencies_by_capability" time="0.010" /><testcase classname="tests.graphs.test_compute_metrics_paths" name="test_avg_shortest_path_diamond_graph" time="0.000" /><testcase classname="tests.graphs.test_compute_symbols_extended" name="test_build_use_edges_same_file" time="0.000" /><testcase classname="tests.graphs.test_compute_symbols_extended" name="test_build_use_edges_same_module" time="0.000" /><testcase classname="tests.graphs.test_compute_symbols_extended" name="test_build_use_edges_no_definition_skipped" time="0.000" /><testcase classname="tests.graphs.test_compute_symbols_extended" name="test_build_use_edges_multiple_uses" time="0.000" /><testcase classname="tests.graphs.test_compute_metrics_paths" name="test_reachable_nodes_star_graph" time="0.000" /><testcase classname="tests.graphs.test_compute_metrics_statistics" name="test_graph_statistics_frozen" time="0.000" /><testcase classname="tests.graphs.test_compute_metrics_statistics" name="test_chain_scc_counts[2-2]" time="0.001" /><testcase classname="tests.graphs.test_compute_metrics_statistics" name="test_chain_scc_counts[5-5]" time="0.000" /><testcase classname="tests.graphs.test_compute_metrics_statistics" name="test_chain_scc_counts[10-10]" time="0.000" /><testcase classname="tests.graphs.test_compute_metrics_statistics" name="test_cycle_single_scc[3]" time="0.000" /><testcase classname="tests.graphs.test_compute_metrics_dfg" name="test_path_lengths_single_node" time="0.000" /><testcase classname="tests.graphs.test_imports" name="test_collect_aliases_handles_from_import_aliases_and_packages" time="0.001" /><testcase classname="tests.graphs.test_imports" name="test_components_and_layers_empty_graph" time="0.000" /><testcase classname="tests.graphs.test_compute_metrics_dfg" name="test_use_def_chains_diamond_graph" time="0.000" /><testcase classname="tests.graphs.test_core_registry_extended" name="test_dependency_graph_returns_deps" time="0.007" /><testcase classname="tests.graphs.test_compute_symbols_extended" name="test_symbol_occurrence_is_reference" time="0.000" /><testcase classname="tests.graphs.test_goid_builder_decorators" name="test_goid_build_entries_zero_decorator" time="0.001" /><testcase classname="tests.graphs.test_goid_builder_decorators" name="test_goid_build_entries_sets_language" time="0.001" /><testcase classname="tests.graphs.test_gpu_backend" name="test_enable_nx_cugraph_backend_missing_module" time="0.001" /><testcase classname="tests.graphs.test_goid_builder_decorators" name="test_goid_build_entries_preserves_repo_and_commit" time="0.001" /><testcase classname="tests.graphs.test_goid_builder_decorators" name="test_goid_build_entries_generates_urn" time="0.001" /><testcase classname="tests.graphs.test_compute_symbols_extended" name="test_symbol_use_row_frozen" time="0.000" /><testcase classname="tests.graphs.test_gpu_backend" name="test_maybe_enable_nx_gpu_raises_when_strict" time="0.001" /><testcase classname="tests.graphs.test_compute_metrics_cfg" name="test_dominator_tree_diamond_graph" time="0.000" /><testcase classname="tests.graphs.test_core_registry_extended" name="test_plan_with_enabled_overrides_defaults" time="0.007" /><testcase classname="tests.graphs.test_compute_metrics_community" name="test_modularity_poor_partition" time="0.001" /><testcase classname="tests.graphs.test_compute_metrics_community" name="test_modularity_directed_graph_converted" time="0.000" /><testcase classname="tests.graphs.test_compute_metrics_community" name="test_modularity_resolution_parameter" time="0.001" /><testcase classname="tests.graphs.test_compute_metrics_community" name="test_modularity_weighted_graph" time="0.000" /><testcase classname="tests.graphs.test_compute_metrics_community" name="test_modularity_with_detected_communities" time="0.001" /><testcase classname="tests.graphs.test_compute_metrics_community" name="test_all_algorithms_same_graph" time="0.001" /><testcase classname="tests.graphs.test_imports" name="test_components_and_layers_single_node" time="0.001" /><testcase classname="tests.graphs.test_imports" name="test_components_and_layers_simple_chain" time="0.000" /><testcase classname="tests.graphs.test_compute_metrics_statistics" name="test_diameter_single_node" time="0.001" /><testcase classname="tests.graphs.test_engine_factory" name="test_build_graph_engine_cpu_backend_leaves_env_clean" time="1.423" /><testcase classname="tests.graphs.test_compute_metrics_structural" name="test_complete_graph_triangles[3-1]" time="0.000" /><testcase classname="tests.graphs.test_goid_builder_decorators" name="test_goid_start_line_includes_decorator_span" time="0.001" /><testcase classname="tests.graphs.test_goid_builder_decorators" name="test_goid_build_entries_without_decorator" time="0.000" /><testcase classname="tests.graphs.test_goid_builder_decorators" name="test_goid_build_entries_class_definition" time="0.000" /><testcase classname="tests.graphs.test_goid_builder_decorators" name="test_goid_build_entries_module_fallback" time="0.000" /><testcase classname="tests.graphs.test_goid_builder_decorators" name="test_goid_build_entries_handles_none_end_line" time="0.000" /><testcase classname="tests.graphs.test_compute_metrics_dfg" name="test_dfg_density_empty_graph_returns_zero" time="0.000" /><testcase classname="tests.graphs.test_compute_metrics_dfg" name="test_dfg_density_single_node_returns_zero" time="0.000" /><testcase classname="tests.graphs.test_compute_metrics_dfg" name="test_dfg_density_complete_graph" time="0.000" /><testcase classname="tests.graphs.test_compute_metrics_dfg" name="test_dfg_density_chain_graph" time="0.000" /><testcase classname="tests.graphs.test_compute_metrics_dfg" name="test_dfg_density_star_graph" time="0.000" /><testcase classname="tests.graphs.test_compute_centrality_extended" name="test_compute_betweenness_diamond" time="0.000" /><testcase classname="tests.graphs.test_compute_metrics_statistics" name="test_condensation_layers_cycle_graph" time="0.001" /><testcase classname="tests.graphs.test_compute_metrics_statistics" name="test_condensation_layers_diamond_graph" time="0.000" /><testcase classname="tests.graphs.test_compute_metrics_statistics" name="test_condensation_layers_mixed_graph" time="0.000" /><testcase classname="tests.graphs.test_compute_metrics_statistics" name="test_statistics_empty_graph" time="0.000" /><testcase classname="tests.graphs.test_compute_metrics_statistics" name="test_statistics_single_node" time="0.000" /><testcase classname="tests.graphs.test_compute_metrics_paths" name="test_paths_with_various_cutoffs[4-2-0]" time="0.001" /><testcase classname="tests.graphs.test_core_registry_extended" name="test_register_plugin_basic" time="0.009" /><testcase classname="tests.graphs.test_core_registry_extended" name="test_register_plugin_duplicate_raises" time="0.000" /><testcase classname="tests.graphs.test_compute_metrics_community" name="test_louvain_different_seeds_may_differ" time="0.001" /><testcase classname="tests.graphs.test_core_registry_extended" name="test_graph_plugin_plan_plugins_tuple" time="0.004" /><testcase classname="tests.graphs.test_core_registry_extended" name="test_unregister_plugin_removes" time="0.003" /><testcase classname="tests.graphs.test_compute_metrics_paths" name="test_simple_paths_multiple_targets" time="0.000" /><testcase classname="tests.graphs.test_core_registry_extended" name="test_plan_includes_plan_id" time="0.010" /><testcase classname="tests.graphs.test_compute_centrality_extended" name="test_compute_all_centralities_disconnected" time="0.001" /><testcase classname="tests.graphs.test_compute_metrics_statistics" name="test_statistics_cyclic_graph" time="0.001" /><testcase classname="tests.graphs.test_compute_metrics_statistics" name="test_statistics_complete_graph" time="0.000" /><testcase classname="tests.graphs.test_compute_metrics_statistics" name="test_statistics_disconnected_graph" time="0.000" /><testcase classname="tests.graphs.test_compute_metrics_statistics" name="test_statistics_star_graph" time="0.000" /><testcase classname="tests.graphs.test_compute_metrics_statistics" name="test_statistics_returns_dataclass" time="0.000" /><testcase classname="tests.graphs.test_core_registry_extended" name="test_get_graph_registry_returns_singleton" time="0.000" /><testcase classname="tests.graphs.test_core_registry_extended" name="test_register_graph_plugin_uses_global" time="0.000" /><testcase classname="tests.graphs.test_core_registry_extended" name="test_unregister_graph_plugin_uses_global" time="0.000" /><testcase classname="tests.graphs.test_compute_metrics_statistics" name="test_complete_edge_counts[5-20]" time="0.000" /><testcase classname="tests.graphs.test_core_registry_extended" name="test_get_plugin_unknown_raises" time="0.007" /><testcase classname="tests.graphs.test_core_registry_extended" name="test_contains_returns_true_for_registered" time="0.003" /><testcase classname="tests.graphs.test_core_registry_extended" name="test_contains_returns_false_for_unknown" time="0.003" /><testcase classname="tests.graphs.test_compute_metrics_structural" name="test_core_number_chain_graph" time="0.000" /><testcase classname="tests.graphs.test_function_index" name="test_lookup_falls_back_to_enclosing_and_same_line" time="0.000" /><testcase classname="tests.graphs.test_goid_builder_decorators" name="test_get_goid_builder_plugin_returns_plugin" time="0.000" /><testcase classname="tests.graphs.test_goid_builder_decorators" name="test_goid_builder_plugin_metadata" time="0.000" /><testcase classname="tests.graphs.test_goid_builder_decorators" name="test_goid_builder_plugin_provides_goids" time="0.000" /><testcase classname="tests.graphs.test_compute_metrics_community" name="test_louvain_resolution_parameter" time="0.000" /><testcase classname="tests.graphs.test_compute_metrics_community" name="test_louvain_weighted_edges" time="0.000" /><testcase classname="tests.graphs.test_compute_metrics_community" name="test_label_propagation_empty_graph_returns_empty" time="0.000" /><testcase classname="tests.graphs.test_compute_metrics_community" name="test_label_propagation_single_node" time="0.000" /><testcase classname="tests.graphs.test_compute_metrics_community" name="test_modularity_optimal_partition" time="0.000" /><testcase classname="tests.graphs.test_compute_symbols_extended" name="test_build_def_map_simple" time="0.000" /><testcase classname="tests.graphs.test_compute_symbols_extended" name="test_build_def_map_first_definition_wins" time="0.000" /><testcase classname="tests.graphs.test_compute_symbols_extended" name="test_build_def_map_ignores_references" time="0.000" /><testcase classname="tests.graphs.test_compute_symbols_extended" name="test_build_def_map_empty" time="0.000" /><testcase classname="tests.graphs.test_core_registry_extended" name="test_register_plugin_indexes_by_capability" time="0.004" /><testcase classname="tests.graphs.test_core_registry_extended" name="test_register_plugin_indexes_by_kind" time="0.003" /><testcase classname="tests.graphs.test_compute_metrics_paths" name="test_simple_paths_empty_graph" time="0.000" /><testcase classname="tests.graphs.test_engine_nx" name="test_cache_get_calls_loader_when_not_cached" time="0.000" /><testcase classname="tests.graphs.test_engine_nx" name="test_cache_clear_removes_all_entries" time="0.000" /><testcase classname="tests.graphs.test_engine_nx" name="test_cache_invalidate_removes_specific_entry" time="0.000" /><testcase classname="tests.graphs.test_engine_nx" name="test_cache_invalidate_with_missing_key_is_noop" time="0.000" /><testcase classname="tests.graphs.test_core_registry_extended" name="test_plan_includes_dep_graph" time="0.004" /><testcase classname="tests.graphs.test_core_registry_extended" name="test_unregister_removes_from_indexes" time="0.003" /><testcase classname="tests.graphs.test_core_registry_extended" name="test_unregister_nonexistent_silent" time="0.000" /><testcase classname="tests.graphs.test_core_registry_extended" name="test_plan_tracks_skipped_plugins" time="0.003" /><testcase classname="tests.graphs.test_core_registry_extended" name="test_resolve_dependencies_missing_capability_raises" time="0.004" /><testcase classname="tests.graphs.test_core_registry_extended" name="test_resolve_dependencies_ambiguous_capability_raises" time="0.003" /><testcase classname="tests.graphs.test_compute_metrics_paths" name="test_reachable_star_graphs[1-2]" time="0.000" /><testcase classname="tests.graphs.test_compute_metrics_structural" name="test_clustering_directed_graph_converted" time="0.000" /><testcase classname="tests.graphs.test_compute_metrics_structural" name="test_clustering_diamond_graph" time="0.000" /><testcase classname="tests.graphs.test_compute_metrics_structural" name="test_triangles_empty_graph" time="0.000" /><testcase classname="tests.graphs.test_compute_metrics_structural" name="test_triangles_single_node" time="0.000" /><testcase classname="tests.graphs.test_compute_metrics_structural" name="test_triangles_chain_graph" time="0.000" /><testcase classname="tests.graphs.test_core_registry_extended" name="test_list_all_returns_registered" time="0.003" /><testcase classname="tests.graphs.test_gpu_backend" name="test_enable_nx_cugraph_backend_invokes_setter" time="0.000" /><testcase classname="tests.graphs.test_core_registry_extended" name="test_graph_plugin_plan_skipped_tuple" time="0.004" /><testcase classname="tests.graphs.test_core_registry_extended" name="test_graph_plugin_skip_has_name_and_reason" time="0.000" /><testcase classname="tests.graphs.test_compute_symbols_extended" name="test_symbol_occurrence_frozen" time="0.000" /><testcase classname="tests.graphs.test_imports" name="test_components_and_layers_diamond" time="0.000" /><testcase classname="tests.graphs.test_imports" name="test_components_and_layers_disconnected" time="0.000" /><testcase classname="tests.graphs.test_imports" name="test_components_and_layers_cycle_with_outgoing" time="0.000" /><testcase classname="tests.graphs.test_imports" name="test_components_and_layers_with_real_networkx" time="0.000" /><testcase classname="tests.graphs.test_compute_metrics_structural" name="test_constraint_star_graph" time="0.001" /><testcase classname="tests.graphs.test_compute_metrics_structural" name="test_constraint_complete_graph" time="0.001" /><testcase classname="tests.graphs.test_compute_metrics_structural" name="test_constraint_directed_converted" time="0.001" /><testcase classname="tests.graphs.test_core_registry_extended" name="test_plan_skips_unknown_plugins" time="0.003" /><testcase classname="tests.graphs.test_compute_symbols_extended" name="test_build_use_edges_empty" time="0.000" /><testcase classname="tests.graphs.test_core_registry_extended" name="test_topological_sort_orders_dependencies" time="0.003" /><testcase classname="tests.graphs.test_compute_metrics_structural" name="test_all_structural_complete_graph" time="0.001" /><testcase classname="tests.graphs.test_imports" name="test_components_and_layers_multiple_roots" time="0.001" /><testcase classname="tests.graphs.test_imports" name="test_build_import_module_rows_empty" time="0.000" /><testcase classname="tests.graphs.test_imports" name="test_build_import_module_rows_single_module" time="0.000" /><testcase classname="tests.graphs.test_imports" name="test_build_import_module_rows_multiple_modules" time="0.000" /><testcase classname="tests.graphs.test_compute_metrics_dfg" name="test_dfg_density_two_node_graph" time="0.000" /><testcase classname="tests.graphs.test_libcst_parsing" name="test_extract_call_sites_no_ast_module" time="0.000" /><testcase classname="tests.graphs.test_libcst_parsing" name="test_parse_module_nested_class" time="0.002" /><testcase classname="tests.graphs.test_imports" name="test_components_and_layers_simple_cycle" time="0.000" /><testcase classname="tests.graphs.test_libcst_parsing" name="test_extract_imports_simple" time="0.001" /><testcase classname="tests.graphs.test_libcst_parsing" name="test_extract_imports_with_alias" time="0.001" /><testcase classname="tests.graphs.test_libcst_parsing" name="test_extract_imports_from_package" time="0.001" /><testcase classname="tests.graphs.test_goid_builder_decorators" name="test_goid_build_entries_decorator_after_lineno" time="0.001" /><testcase classname="tests.graphs.test_imports" name="test_get_import_graph_builder_plugin_returns_same_instance" time="0.000" /><testcase classname="tests.graphs.test_compute_metrics_structural" name="test_all_structural_star_graph" time="0.001" /><testcase classname="tests.graphs.test_compute_metrics_structural" name="test_all_structural_triangle" time="0.001" /><testcase classname="tests.graphs.test_goid_builder_decorators" name="test_goid_build_entries_async_function" time="0.001" /><testcase classname="tests.graphs.test_libcst_parsing" name="test_extract_imports_invalid_source" time="0.001" /><testcase classname="tests.graphs.test_libcst_parsing" name="test_parse_function_instance" time="0.001" /><testcase classname="tests.graphs.test_libcst_parsing" name="test_parse_module_function_parameters" time="0.001" /><testcase classname="tests.graphs.test_core_registry_extended" name="test_get_plugin_returns_registered" time="0.005" /><testcase classname="tests.graphs.test_compute_symbols_extended" name="test_build_use_edges_simple" time="0.000" /><testcase classname="tests.graphs.test_engine_factory" name="test_build_graph_engine_uses_backend_flags" time="1.871" /><testcase classname="tests.graphs.test_core_registry_extended" name="test_register_plugin_indexes_by_stage" time="0.004" /><testcase classname="tests.graphs.test_libcst_parsing" nam
[...]
 classname="tests.graphs.test_runtime_executor" name="test_plugin_fatal_error_preserves_context" time="0.000" /><testcase classname="tests.graphs.test_runtime_manifest" name="test_skip_record_creates_skipped_status_with_reason" time="0.000" /><testcase classname="tests.graphs.test_runtime_manifest" name="test_skip_record_with_custom_reason" time="0.000" /><testcase classname="tests.graphs.test_runtime_executor" name="test_graph_run_report_captures_all_fields" time="0.000" /><testcase classname="tests.graphs.test_runtime_manifest" name="test_graph_plugin_manifest_record_and_to_dict" time="0.000" /><testcase classname="tests.graphs.test_runtime_manifest" name="test_graph_plugin_manifest_overwrite_existing" time="0.000" /><testcase classname="tests.graphs.test_runtime_manifest" name="test_graph_plugin_manifest_empty" time="0.000" /><testcase classname="tests.graphs.test_runtime_manifest" name="test_record_params_defaults" time="0.000" /><testcase classname="tests.graphs.test_runtime_manifest" name="test_input_hash_payload_frozen" time="0.000" /><testcase classname="tests.graphs.test_runtime_manifest" name="test_record_params_custom_values" time="0.000" /><testcase classname="tests.graphs.test_runtime_manifest" name="test_input_hash_payload_equality" time="0.000" /><testcase classname="tests.graphs.test_runtime_planning" name="test_resolve_plugin_options_map_config_overrides_default" time="0.000" /><testcase classname="tests.graphs.test_runtime_planning" name="test_resolve_plugin_options_map_runtime_overrides_config" time="0.000" /><testcase classname="tests.graphs.test_runtime_planning" name="test_resolve_plugin_options_map_merges_multiple_plugins" time="0.000" /><testcase classname="tests.graphs.test_runtime_planning" name="test_resolve_plugin_options_map_unknown_plugin_raises" time="0.000" /><testcase classname="tests.graphs.test_runtime_planning" name="test_resolve_plugin_options_map_unknown_runtime_plugin_raises" time="0.000" /><testcase classname="tests.graphs.test_runtime_planning" name="test_effective_severity_uses_policy_default" time="0.000" /><testcase classname="tests.graphs.test_runtime_planning" name="test_effective_severity_uses_override" time="0.000" /><testcase classname="tests.graphs.test_runtime_planning" name="test_effective_timeout_uses_policy_override" time="0.000" /><testcase classname="tests.graphs.test_runtime_planning" name="test_effective_timeout_uses_resource_hints" time="0.000" /><testcase classname="tests.graphs.test_runtime_planning" name="test_effective_timeout_none_when_no_hints_or_override" time="0.000" /><testcase classname="tests.graphs.test_runtime_planning" name="test_resolve_target_from_cfg" time="0.000" /><testcase classname="tests.graphs.test_runtime_planning" name="test_resolve_target_from_explicit_tuple" time="0.000" /><testcase classname="tests.graphs.test_runtime_planning" name="test_resolve_target_from_runtime_snapshot" time="0.000" /><testcase classname="tests.graphs.test_runtime_planning" name="test_resolve_target_missing_raises" time="0.000" /><testcase classname="tests.graphs.test_runtime_planning" name="test_build_plugin_settings_computes_hashes" time="0.000" /><testcase classname="tests.graphs.test_runtime_planning" name="test_build_plugin_settings_includes_policy_values" time="0.000" /><testcase classname="tests.graphs.test_runtime_planning" name="test_build_plugin_settings_includes_version_hash" time="0.000" /><testcase classname="tests.graphs.test_runtime_planning" name="test_plan_graph_plugin_run_basic" time="0.006" /><testcase classname="tests.graphs.test_runtime_planning" name="test_plan_graph_plugin_run_with_scope_override" time="0.000" /><testcase classname="tests.graphs.test_runtime_planning" name="test_plan_graph_plugin_run_with_plugin_options" time="0.000" /><testcase classname="tests.graphs.test_runtime_planning" name="test_plan_graph_plugin_run_with_prior_manifest" time="0.000" /><testcase classname="tests.graphs.test_runtime_planning" name="test_plan_graph_plugin_run_includes_settings" time="0.000" /><testcase classname="tests.graphs.test_runtime_planning" name="test_plan_graph_plugin_run_with_dependencies" time="0.000" /><testcase classname="tests.graphs.test_runtime_executor" name="test_execute_plugin_returns_plugin_hashes" time="1.511" /><testcase classname="tests.graphs.test_runtime_planning" name="test_plan_graph_plugin_run_with_telemetry" time="0.001" /><testcase classname="tests.graphs.test_runtime_planning" name="test_graph_plugin_execution_plan_dep_graph" time="0.000" /><testcase classname="tests.graphs.test_runtime_planning" name="test_plan_coordinates_frozen" time="0.000" /><testcase classname="tests.graphs.test_runtime_planning" name="test_plan_coordinates_equality" time="0.000" /><testcase classname="tests.graphs.test_runtime_telemetry" name="test_telemetry_init_with_defaults" time="0.000" /><testcase classname="tests.graphs.test_runtime_telemetry" name="test_telemetry_init_with_custom_service_name" time="0.000" /><testcase classname="tests.graphs.test_runtime_telemetry" name="test_telemetry_init_without_otel_disables_features" time="0.000" /><testcase classname="tests.graphs.test_runtime_telemetry" name="test_telemetry_init_with_tracing_disabled" time="0.000" /><testcase classname="tests.graphs.test_runtime_telemetry" name="test_telemetry_init_with_metrics_disabled" time="0.000" /><testcase classname="tests.graphs.test_runtime_manifest" name="test_is_unchanged_when_hashes_match" time="1.458" /><testcase classname="tests.graphs.test_backend_selection" name="test_build_graph_runtime_captures_backend_info" time="7.725" /><testcase classname="tests.graphs.test_pipeline_scenarios" name="test_graph_engine_with_golden_data" time="1.606" /><testcase classname="tests.graphs.test_runtime_manifest" name="test_is_unchanged_missing_input_hash_returns_false" time="1.385" /><testcase classname="tests.graphs.test_recipe_executor" name="test_executor_fail_fast_stops_on_failure" time="7.047" /><testcase classname="tests.graphs.test_adapters_duckdb_extended" name="test_duckdb_adapter_execute_fetch_all" time="1.449" /><testcase classname="tests.graphs.test_runtime_executor" name="test_run_graph_plugins_dry_run_skips_execution" time="1.386" /><testcase classname="tests.graphs.test_graph_validation_catalog" name="test_graph_validation_orphan_uses_catalog_map" time="8.336" /><testcase classname="tests.graphs.test_adapters_duckdb_extended" name="test_duckdb_adapter_aggregate_query" time="1.476" /><testcase classname="tests.graphs.test_imports" name="test_import_modules_matches_condensation_layers" time="7.320" /><testcase classname="tests.graphs.test_adapters_libcst_extended" name="test_parse_module_simple_success" time="0.005" /><testcase classname="tests.graphs.test_adapters_libcst_extended" name="test_parse_module_extracts_functions" time="0.002" /><testcase classname="tests.graphs.test_adapters_libcst_extended" name="test_parse_module_extracts_imports" time="0.002" /><testcase classname="tests.graphs.test_adapters_libcst_extended" name="test_parse_module_preserves_source" time="0.002" /><testcase classname="tests.graphs.test_runtime_telemetry" name="test_record_metrics_with_none_scope" time="0.000" /><testcase classname="tests.graphs.test_runtime_telemetry" name="test_start_run_creates_run_level_span" time="0.000" /><testcase classname="tests.graphs.test_runtime_telemetry" name="test_finish_run_records_counts" time="0.000" /><testcase classname="tests.graphs.test_runtime_telemetry" name="test_finish_run_with_all_success" time="0.000" /><testcase classname="tests.graphs.test_runtime_telemetry" name="test_finish_run_with_all_failures" time="0.000" /><testcase classname="tests.graphs.test_runtime_telemetry" name="test_get_graph_telemetry_returns_singleton" time="0.000" /><testcase classname="tests.graphs.test_runtime_telemetry" name="test_get_graph_telemetry_is_valid_instance" time="0.000" /><testcase classname="tests.graphs.test_runtime_telemetry" name="test_graph_plugin_span_stores_attributes" time="0.000" /><testcase classname="tests.graphs.test_runtime_telemetry" name="test_graph_plugin_span_default_empty_dicts" time="0.000" /><testcase classname="tests.graphs.test_runtime_telemetry" name="test_graph_plugin_span_mutable_attributes" time="0.000" /><testcase classname="tests.graphs.test_resources" name="test_storage_resource_execute_mutation_multiple_rows" time="7.284" /><testcase classname="tests.graphs.test_libcst_parsing" name="test_parse_module_simple_function" time="0.002" /><testcase classname="tests.graphs.test_libcst_parsing" name="test_parse_module_async_function" time="0.001" /><testcase classname="tests.graphs.test_runtime_telemetry" name="test_telemetry_finish_plugin_with_otel_span_none" time="0.000" /><testcase classname="tests.graphs.test_runtime_telemetry" name="test_telemetry_finish_run_with_otel_span_none" time="0.000" /><testcase classname="tests.graphs.test_resources" name="test_storage_resource_execute_mutation_with_params" time="7.297" /><testcase classname="tests.graphs.test_resources" name="test_storage_resource_protocol_conformance" time="7.309" /><testcase classname="tests.graphs.test_resources_catalog" name="test_function_spans_returns_span_data" time="0.000" /><testcase classname="tests.graphs.test_recipe_executor" name="test_executor_multiple_plugins_in_stage" time="7.340" /><testcase classname="tests.graphs.test_symbol_uses_module_fallback" name="test_no_module_mapping_keeps_same_module_false" time="5.238" /><testcase classname="tests.graphs.test_resources_catalog" name="test_function_spans_returns_all_spans" time="0.001" /><testcase classname="tests.graphs.test_resources" name="test_storage_resource_execute_query_empty_result" time="7.341" /><testcase classname="tests.graphs.test_resources_catalog" name="test_function_spans_contains_urns" time="0.000" /><testcase classname="tests.graphs.test_runtime_executor" name="test_run_graph_plugins_skip_on_unchanged" time="1.457" /><testcase classname="tests.graphs.test_resources" name="test_storage_resource_execute_query" time="7.367" /><testcase classname="tests.graphs.test_resources" name="test_storage_resource_invalidate_noop" time="7.374" /><testcase classname="tests.graphs.test_resources_catalog" name="test_catalog_resource_implements_catalog_port" time="0.000" /><testcase classname="tests.graphs.test_resources" name="test_storage_resource_read_source_not_found" time="7.379" /><testcase classname="tests.graphs.test_validation" name="test_call_graph_findings_with_scc" time="0.001" /><testcase classname="tests.graphs.test_validation" name="test_call_graph_findings_with_hub_nodes" time="0.000" /><testcase classname="tests.graphs.test_validation" name="test_call_graph_findings_empty_graph" time="0.000" /><testcase classname="tests.graphs.test_validation" name="test_import_cycle_findings_detects_cross_package_cycles" time="0.000" /><testcase classname="tests.graphs.test_validation" name="test_import_hub_findings_detects_hubs" time="0.000" /><testcase classname="tests.graphs.test_validation" name="test_import_upward_findings_detects_layer_violations" time="0.000" /><testcase classname="tests.graphs.test_validation" name="test_import_upward_findings_ignores_downward" time="0.000" /><testcase classname="tests.graphs.test_validation" name="test_import_bridge_findings_detects_bridges" time="0.001" /><testcase classname="tests.graphs.test_validation" name="test_import_graph_findings_combines_checks" time="0.000" /><testcase classname="tests.graphs.test_validation" name="test_symbol_graph_findings_detects_hubs" time="0.001" /><testcase classname="tests.graphs.test_validation" name="test_symbol_graph_findings_empty_graph" time="0.000" /><testcase classname="tests.graphs.test_validation" name="test_config_key_findings_detects_broad_usage" time="0.000" /><testcase classname="tests.graphs.test_validation" name="test_config_key_findings_empty_graph" time="0.000" /><testcase classname="tests.graphs.test_runtime_executor" name="test_run_graph_plugins_builds_manifest" time="1.450" /><testcase classname="tests.graphs.test_recipe_executor" name="test_executor_plugin_failure_handling" time="7.428" /><testcase classname="tests.graphs.test_resources_catalog" name="test_catalog_resource_get_returns_self" time="0.000" /><testcase classname="tests.graphs.test_recipe_executor" name="test_executor_basic_success" time="7.422" /><testcase classname="tests.graphs.test_resources" name="test_resource_not_found_error_message" time="0.000" /><testcase classname="tests.graphs.test_runtime_manifest" name="test_dry_run_record_creates_skipped_status" time="0.000" /><testcase classname="tests.graphs.test_resources" name="test_storage_resource_creation" time="7.453" /><testcase classname="tests.graphs.test_resources" name="test_base_provider_resource_name" time="0.000" /><testcase classname="tests.graphs.test_resources" name="test_storage_resource_execute_query_with_params" time="7.455" /><testcase classname="tests.graphs.test_resources" name="test_base_provider_load_not_implemented" time="0.000" /><testcase classname="tests.graphs.test_resources" name="test_storage_resource_execute_mutation" time="7.453" /><testcase classname="tests.graphs.test_recipe_executor" name="test_executor_result_has_timing_info" time="7.489" /><testcase classname="tests.graphs.test_resources_catalog" name="test_function_spans_contains_expected_goids" time="0.001" /><testcase classname="tests.graphs.test_resources_catalog" name="test_catalog_resource_name_property" time="0.001" /><testcase classname="tests.graphs.test_callgraph_builder" name="test_callgraph_handles_aliases_and_relative_imports" time="1.489" /><testcase classname="tests.graphs.test_runtime_manifest" name="test_manifest_state_frozen" time="1.367" /><testcase classname="tests.graphs.test_runtime_planning" name="test_resolve_plugin_options_map_uses_default" time="0.000" /><testcase classname="tests.graphs.test_runtime_telemetry" name="test_start_plugin_captures_all_attributes" time="1.374" /><testcase classname="tests.graphs.test_runtime_executor" name="test_execute_plugin_retry_exhausts_attempts" time="1.367" /><testcase classname="tests.graphs.test_runtime_executor" name="test_run_graph_plugin_batch_with_mixed_results" time="1.376" /><testcase classname="tests.graphs.test_runtime_executor" name="test_run_graph_plugin_batch_executes_multiple" time="1.395" /><testcase classname="tests.graphs.test_runtime_planning" name="test_graph_plugin_execution_plan_skipped_plugins" time="0.001" /><testcase classname="tests.graphs.test_runtime_manifest" name="test_is_unchanged_when_input_hash_differs" time="1.355" /><testcase classname="tests.graphs.test_runtime_manifest" name="test_is_unchanged_when_options_hash_differs" time="1.386" /><testcase classname="tests.graphs.test_imports" name="test_collect_aliases_import_and_from_import" time="0.002" /><testcase classname="tests.graphs.test_imports" name="test_collect_import_edges_relative_resolution" time="0.001" /><testcase classname="tests.graphs.test_imports" name="test_collect_import_edges_deep_relative_and_multi_targets" time="0.001" /><testcase classname="tests.graphs.test_runtime_manifest" name="test_is_unchanged_missing_prior_input_hash_returns_false" time="1.389" /><testcase classname="tests.graphs.test_runtime_telemetry" name="test_record_metrics_without_metrics_enabled" time="0.000" /><testcase classname="tests.graphs.test_adapters_duckdb_extended" name="test_duckdb_adapter_create_temp_table" time="1.415" /><testcase classname="tests.graphs.test_runtime_manifest" name="test_is_unchanged_missing_plugin_in_prior_returns_false" time="1.386" /><testcase classname="tests.graphs.test_runtime_telemetry" name="test_record_metrics_with_scope_modules" time="0.000" /><testcase classname="tests.graphs.test_runtime_telemetry" name="test_telemetry_handles_otel_not_available" time="1.477" /><testcase classname="tests.graphs.test_runtime_telemetry" name="test_telemetry_start_run_without_otel" time="0.000" /><testcase classname="tests.graphs.test_runtime_manifest" name="test_is_unchanged_no_prior_manifest" time="1.409" /><testcase classname="tests.graphs.test_validation" name="test_import_cycle_findings_detects_large_cycles" time="0.000" /><testcase classname="tests.graphs.test_runtime_telemetry" name="test_start_plugin_creates_unique_spans" time="1.331" /><testcase classname="tests.graphs.test_runtime_telemetry" name="test_finish_plugin_computes_duration" time="1.348" /><testcase classname="tests.graphs.test_runtime_telemetry" name="test_finish_plugin_with_failed_status" time="1.330" /><testcase classname="tests.graphs.test_callgraph_resolution" name="test_resolve_callee_precedence_local_then_alias" time="0.000" /><testcase classname="tests.graphs.test_callgraph_resolution" name="test_resolve_callee_import_alias_global_attr_chain" time="0.000" /><testcase classname="tests.graphs.test_callgraph_resolution" name="test_resolve_callee_unresolved_returns_none" time="0.000" /><testcase classname="tests.graphs.test_callgraph_resolution" name="test_resolve_via_scip_uses_crosswalk_mapping" time="0.000" /><testcase classname="tests.graphs.test_callgraph_resolution" name="test_dedupe_includes_repo_commit_scope" time="0.000" /><testcase classname="tests.graphs.test_runtime_telemetry" name="test_finish_plugin_with_skipped_status" time="1.276" /><testcase classname="tests.graphs.test_runtime_executor" name="test_run_graph_plugins_fatal_stops_remaining" time="1.240" /><testcase classname="tests.graphs.test_runtime_telemetry" name="test_finish_plugin_with_multiple_attempts" time="1.222" /><testcase classname="tests.graphs.test_adapters_duckdb_extended" name="test_duckdb_adapter_insert_and_select" time="1.054" /><testcase classname="tests.graphs.test_adapters_duckdb_extended" name="test_duckdb_adapter_batch_insert" time="0.870" /><testcase classname="tests.graphs.test_adapters_duckdb_extended" name="test_duckdb_adapter_invalid_query_raises" time="0.919" /><testcase classname="tests.graphs.test_symbol_uses_normalization" name="test_load_scip_documents_skips_invalid_entries" time="0.001" /><testcase classname="tests.graphs.test_recipe_executor" name="test_executor_missing_plugin_handled" time="6.217" /><testcase classname="tests.graphs.test_runtime_telemetry" name="test_record_metrics_with_scope_paths" time="0.000" /><testcase classname="tests.graphs.test_validation" name="test_run_graph_validations_emits_warnings" time="7.328" /><testcase classname="tests.graphs.test_span_consistency_integration" name="test_span_alignment_across_components" time="6.502" /><testcase classname="tests.graphs.test_validation" name="test_run_graph_validations_hard_fail_on_error" time="7.339" /><testcase classname="tests.graphs.test_recipe_executor" name="test_execute_graph_recipe_convenience_function" time="6.348" /><testcase classname="tests.graphs.test_validation_flags" name="test_validation_strict_escalates_findings" time="6.316" /><testcase classname="tests.graphs.test_resources" name="test_storage_resource_read_source" time="6.330" /><testcase classname="tests.graphs.test_validation" name="test_call_graph_findings_with_isolated_nodes" time="0.001" /><testcase classname="tests.graphs.test_resources" name="test_storage_resource_get_returns_self" time="6.301" /><testcase classname="tests.graphs.test_recipe_executor" name="test_executor_multi_stage_sequential" time="6.350" /><testcase classname="tests.graphs.test_recipe_executor" name="test_executor_result_has_unique_run_id" time="6.302" /><testcase classname="tests.graphs.test_symbol_uses_module_fallback" name="test_partial_catalog_map_falls_back_to_db" time="6.014" /><testcase classname="tests.graphs.test_validation_flags" name="test_validation_non_strict_allows_warnings" time="7.054" /><testcase classname="tests.graphs.test_validation" name="test_run_graph_validations_snapshot_mismatch_raises" time="8.283" /><testcase classname="tests.graphs.test_validation" name="test_run_graph_validations_caps_findings" time="8.315" /></testsuite></testsuites>